SadA_ref|WP_036299419.1|:1-399	399	k121_290279_3	N/A	28.520	68	277	2.75e-35	134
SadA_ref|WP_036299419.1|:1-399	399	k121_313355_1	N/A	26.471	50	204	1.70e-23	98.2
SadA_ref|WP_036299419.1|:1-399	399	k121_272861_1	N/A	27.778	79	324	3.55e-17	82.0
SadA_ref|WP_036299419.1|:1-399	399	k121_69732_1	N/A	27.119	43	177	5.57e-06	48.1
SadA_ref|WP_036299419.1|:1-399	399	k121_13959_2	N/A	23.446	81	354	2.39e-05	46.6
SadA_ref|WP_036299419.1|:1-399	399	k121_200198_1	N/A	21.530	84	353	5.94e-04	42.0
SadA_ref|WP_036299419.1|:1-399	399	k121_230536_35	N/A	23.789	51	227	0.001	41.2
SadA_ref|WP_036299419.1|:1-399	399	k121_101110_6	N/A	23.618	48	199	0.003	39.7
SadA_ref|WP_036299419.1|:1-399	399	k121_125622_2	N/A	22.704	91	392	0.025	37.0
SadA_ref|WP_036299419.1|:1-399	399	k121_1334_3	N/A	30.303	23	99	0.068	35.4
SadB_ref|WP_100812327.1|:1-423	423	k121_290279_3	N/A	25.203	85	369	2.77e-36	137
SadB_ref|WP_100812327.1|:1-423	423	k121_313355_1	N/A	29.412	42	187	3.32e-19	86.7
SadB_ref|WP_100812327.1|:1-423	423	k121_272861_1	N/A	32.472	60	271	6.79e-17	81.6
SadB_ref|WP_100812327.1|:1-423	423	k121_13959_2	N/A	26.536	76	358	2.61e-14	74.3
SadB_ref|WP_100812327.1|:1-423	423	k121_101110_6	N/A	21.652	80	351	1.48e-06	50.4
SadB_ref|WP_100812327.1|:1-423	423	k121_101110_4	N/A	27.136	45	199	2.40e-06	49.7
SadB_ref|WP_100812327.1|:1-423	423	k121_230536_35	N/A	23.454	81	388	3.89e-06	49.3
SadB_ref|WP_100812327.1|:1-423	423	k121_200198_1	N/A	23.577	79	369	7.73e-05	44.7
SadB_ref|WP_100812327.1|:1-423	423	k121_164956_6	N/A	29.861	31	144	4.53e-04	42.4
SadB_ref|WP_100812327.1|:1-423	423	k121_226453_2	N/A	27.465	28	142	0.003	38.9
SadB_ref|WP_100812327.1|:1-423	423	k121_326084_2	N/A	25.095	59	263	0.046	36.2
SadB_ref|WP_100812327.1|:1-423	423	k121_279290_2	N/A	23.810	48	210	0.061	35.8
SadC_ref|WP_036299413.1|:1-194	194	k121_320234_103	N/A	30.657	69	137	4.29e-12	62.0
SadC_ref|WP_036299413.1|:1-194	194	k121_259574_1	N/A	26.761	70	142	3.10e-09	53.5
SadC_ref|WP_036299413.1|:1-194	194	k121_196578_2	N/A	27.820	68	133	4.20e-09	53.9
SadC_ref|WP_036299413.1|:1-194	194	k121_47217_4	N/A	28.261	68	138	1.08e-07	50.1
SadC_ref|WP_036299413.1|:1-194	194	k121_290279_5	N/A	38.235	35	68	1.67e-06	46.6
SadC_ref|WP_036299413.1|:1-194	194	k121_59439_8	N/A	21.472	82	163	9.41e-05	41.6
SadC_ref|WP_036299413.1|:1-194	194	k121_267205_3	N/A	35.714	29	56	0.001	37.7
WP_000259031.1	279	k121_229895_2	N/A	35.606	94	264	4.64e-42	145
WP_000259031.1	279	k121_317551_12	N/A	37.652	87	247	5.78e-36	129
WP_000259031.1	279	k121_107563_1	N/A	37.903	88	248	7.09e-34	124
WP_000259031.1	279	k121_166003_3	N/A	31.193	78	218	2.95e-29	112
WP_000259031.1	279	k121_59717_6	N/A	31.227	95	269	1.19e-28	110
WP_000259031.1	279	k121_194367_1	N/A	30.924	88	249	4.02e-26	103
WP_000259031.1	279	k121_79461_2	N/A	33.465	88	254	6.28e-26	105
WP_000259031.1	279	k121_83453_2	N/A	33.203	88	256	1.34e-25	102
WP_000259031.1	279	k121_30179_1	N/A	27.313	80	227	3.75e-25	100
WP_000259031.1	279	k121_195888_1	N/A	27.313	78	227	1.72e-14	71.2
WP_000259031.1	279	k121_125506_2	N/A	32.051	28	78	3.36e-08	50.8
WP_000259031.1	279	k121_130353_2	N/A	30.380	28	79	1.55e-04	43.1
WP_000259031.1	279	k121_270762_5	N/A	30.328	41	122	4.27e-04	40.4
WP_001043260.1	271	k121_317551_12	N/A	39.464	96	261	2.50e-50	166
WP_001043260.1	271	k121_107563_1	N/A	41.288	95	264	8.43e-46	155
WP_001043260.1	271	k121_229895_2	N/A	35.521	96	259	1.55e-45	154
WP_001043260.1	271	k121_59717_6	N/A	38.636	97	264	4.94e-44	150
WP_001043260.1	271	k121_166003_3	N/A	36.059	98	269	4.33e-42	145
WP_001043260.1	271	k121_194367_1	N/A	35.249	96	261	7.21e-40	140
WP_001043260.1	271	k121_83453_2	N/A	35.907	95	259	3.48e-32	119
WP_001043260.1	271	k121_30179_1	N/A	27.386	87	241	7.66e-27	105
WP_001043260.1	271	k121_79461_2	N/A	29.323	97	266	7.16e-24	99.0
WP_001043260.1	271	k121_195888_1	N/A	31.111	79	225	5.19e-23	94.4
WP_001043260.1	271	k121_125506_2	N/A	41.667	30	84	3.81e-15	69.7
WP_001043260.1	271	k121_130353_2	N/A	43.056	26	72	6.24e-11	62.4
WP_001043260.1	271	k121_270762_5	N/A	28.082	53	146	0.005	37.0
WP_000034420.1	263	k121_229895_2	N/A	37.452	98	259	2.11e-53	174
WP_000034420.1	263	k121_166003_3	N/A	39.382	97	259	8.24e-52	170
WP_000034420.1	263	k121_107563_1	N/A	38.168	99	262	1.25e-51	170
WP_000034420.1	263	k121_194367_1	N/A	37.500	99	264	1.29e-50	167
WP_000034420.1	263	k121_317551_12	N/A	35.907	98	259	1.02e-48	162
WP_000034420.1	263	k121_59717_6	N/A	36.364	99	264	3.82e-47	158
WP_000034420.1	263	k121_83453_2	N/A	33.977	98	259	7.40e-35	126
WP_000034420.1	263	k121_79461_2	N/A	31.818	99	264	4.31e-33	123
WP_000034420.1	263	k121_30179_1	N/A	32.500	90	240	6.94e-31	115
WP_000034420.1	263	k121_195888_1	N/A	33.043	83	230	1.65e-29	111
WP_000034420.1	263	k121_125506_2	N/A	39.535	32	86	8.44e-15	68.6
WP_000034420.1	263	k121_130353_2	N/A	41.026	29	78	2.31e-11	63.5
WP_000034420.1	263	k121_270762_5	N/A	26.623	56	154	4.66e-05	43.1
WP_000845048.1	337	k121_72738_1	N/A	62.539	94	323	5.39e-141	403
WP_000845048.1	337	k121_290403_2	N/A	52.866	93	314	1.57e-108	320
WP_000845048.1	337	k121_253093_1	N/A	72.821	58	195	7.78e-97	286
WP_000845048.1	337	k121_55135_1	N/A	54.589	61	207	9.08e-71	219
WP_000845048.1	337	k121_114247_3	N/A	60.140	42	143	5.43e-53	172
WP_000845048.1	337	k121_231243_2	N/A	41.475	64	217	1.30e-48	162
WP_000845048.1	337	k121_92286_1	N/A	33.121	93	314	1.92e-41	147
WP_000845048.1	337	k121_241851_2	N/A	32.343	89	303	1.92e-36	134
WP_000845048.1	337	k121_304865_2	N/A	33.226	92	310	3.60e-35	129
WP_000845048.1	337	k121_309817_1	N/A	26.935	94	323	1.81e-28	112
WP_000845048.1	337	k121_275126_2	N/A	30.493	65	223	1.94e-28	109
WP_000845048.1	337	k121_275219_14	N/A	33.574	76	277	3.57e-25	103
WP_000845048.1	337	k121_13048_3	N/A	33.163	58	196	1.11e-23	95.5
WP_000845048.1	337	k121_288308_3	N/A	30.769	85	299	8.30e-23	97.1
WP_000845048.1	337	k121_86698_1	N/A	33.178	62	214	1.14e-22	96.3
WP_000845048.1	337	k121_50460_3	N/A	25.839	82	298	3.67e-19	86.3
WP_000845048.1	337	k121_141272_3	N/A	27.841	52	176	6.99e-18	79.3
WP_000845048.1	337	k121_46768_2	N/A	26.821	88	302	3.34e-17	80.5
WP_000845048.1	337	k121_18086_9	N/A	25.000	74	264	3.81e-17	80.9
WP_000845048.1	337	k121_14260_3	N/A	30.693	58	202	6.05e-17	80.9
WP_000845048.1	337	k121_303464_5	N/A	24.662	82	296	6.90e-17	79.7
WP_000845048.1	337	k121_1215_5	N/A	25.168	83	298	7.28e-17	80.1
WP_000845048.1	337	k121_320602_1	N/A	31.641	72	256	2.16e-16	78.6
WP_000845048.1	337	k121_244446_9	N/A	27.986	83	293	3.05e-14	72.8
WP_000845048.1	337	k121_311272_1	N/A	28.729	53	181	4.43e-14	70.1
WP_000845048.1	337	k121_172052_18	N/A	32.768	53	177	8.94e-14	71.2
WP_000845048.1	337	k121_42116_6	N/A	23.649	82	296	1.57e-13	70.5
WP_000845048.1	337	k121_79212_1	N/A	29.630	60	216	1.13e-12	66.2
WP_000845048.1	337	k121_72836_1	N/A	27.826	61	230	4.50e-12	65.9
WP_000845048.1	337	k121_56561_2	N/A	29.808	61	208	1.55e-11	64.7
WP_000845048.1	337	k121_105136_3	N/A	30.332	60	211	6.07e-11	62.4
WP_000845048.1	337	k121_76551_2	N/A	26.316	61	228	7.07e-11	62.8
WP_000845048.1	337	k121_100549_1	N/A	27.615	64	239	4.48e-10	60.5
WP_000845048.1	337	k121_302657_1	N/A	27.645	82	293	6.41e-09	56.6
WP_000845048.1	337	k121_238402_6	N/A	24.818	76	274	1.34e-08	55.8
WP_000845048.1	337	k121_154536_2	N/A	28.571	60	210	4.58e-08	54.3
WP_000845048.1	337	k121_96736_1	N/A	25.912	77	274	6.18e-08	53.5
WP_000845048.1	337	k121_64729_1	N/A	28.182	60	220	3.22e-07	51.2
WP_000845048.1	337	k121_238402_5	N/A	26.389	38	144	3.62e-07	51.6
WP_000845048.1	337	k121_113900_1	N/A	32.877	21	73	2.12e-06	49.3
WP_000845048.1	337	k121_238402_4	N/A	20.505	89	317	1.21e-05	47.0
WP_000845048.1	337	k121_97867_2	N/A	31.507	21	73	1.46e-05	46.2
WP_000845048.1	337	k121_233522_1	N/A	27.805	56	205	2.42e-05	45.4
WP_000845048.1	337	k121_260572_1	N/A	30.137	21	73	2.74e-05	43.9
WP_000845048.1	337	k121_76098_2	N/A	31.507	39	146	3.33e-05	44.7
WP_000845048.1	337	k121_327462_2	N/A	28.497	54	193	5.01e-05	45.1
WP_000845048.1	337	k121_50460_2	N/A	20.984	86	305	3.15e-04	42.4
WP_000845048.1	337	k121_29691_2	N/A	24.859	52	177	3.20e-04	42.4
WP_000845048.1	337	k121_238867_2	N/A	21.891	59	201	7.13e-04	40.4
WP_000845048.1	337	k121_114872_1	N/A	26.180	68	233	7.60e-04	41.2
WP_000845048.1	337	k121_109729_1	N/A	28.409	52	176	0.007	38.1
WP_000845048.1	337	k121_249212_2	N/A	27.778	26	90	0.037	35.4
