SadA_ref|WP_036299419.1|:1-399	399	k121_709837_1	N/A	29.499	85	339	4.67e-47	167
SadA_ref|WP_036299419.1|:1-399	399	k121_1879348_2	N/A	28.012	83	332	8.16e-45	163
SadA_ref|WP_036299419.1|:1-399	399	k121_1504687_2	N/A	26.098	97	387	3.28e-43	159
SadA_ref|WP_036299419.1|:1-399	399	k121_1353777_2	N/A	28.022	90	364	9.09e-42	155
SadA_ref|WP_036299419.1|:1-399	399	k121_1272488_3	N/A	33.058	61	242	1.50e-41	150
SadA_ref|WP_036299419.1|:1-399	399	k121_221450_2	N/A	26.598	97	391	1.64e-40	152
SadA_ref|WP_036299419.1|:1-399	399	k121_347302_8	N/A	31.799	59	239	2.95e-38	145
SadA_ref|WP_036299419.1|:1-399	399	k121_1784971_1	N/A	29.412	72	289	3.05e-37	141
SadA_ref|WP_036299419.1|:1-399	399	k121_1319104_2	N/A	31.890	63	254	9.31e-35	136
SadA_ref|WP_036299419.1|:1-399	399	k121_1802551_21	N/A	28.520	68	277	5.20e-34	134
SadA_ref|WP_036299419.1|:1-399	399	k121_1647313_1	N/A	31.443	49	194	1.87e-32	124
SadA_ref|WP_036299419.1|:1-399	399	k121_1682379_1	N/A	33.333	46	183	6.72e-32	123
SadA_ref|WP_036299419.1|:1-399	399	k121_1171035_3	N/A	28.814	58	236	2.19e-31	127
SadA_ref|WP_036299419.1|:1-399	399	k121_1643152_21	N/A	24.412	84	340	1.20e-28	119
SadA_ref|WP_036299419.1|:1-399	399	k121_1067758_3	N/A	29.817	53	218	6.62e-25	105
SadA_ref|WP_036299419.1|:1-399	399	k121_1237449_1	N/A	33.775	38	151	2.63e-24	102
SadA_ref|WP_036299419.1|:1-399	399	k121_737759_1	N/A	28.452	59	239	2.99e-23	101
SadA_ref|WP_036299419.1|:1-399	399	k121_54485_1	N/A	30.729	48	192	4.41e-23	99.4
SadA_ref|WP_036299419.1|:1-399	399	k121_450258_1	N/A	26.271	59	236	6.93e-21	94.4
SadA_ref|WP_036299419.1|:1-399	399	k121_1726616_1	N/A	30.460	44	174	1.19e-20	92.8
SadA_ref|WP_036299419.1|:1-399	399	k121_1294338_1	N/A	35.948	38	153	1.22e-20	92.0
SadA_ref|WP_036299419.1|:1-399	399	k121_395673_13	N/A	24.685	98	397	3.50e-20	95.5
SadA_ref|WP_036299419.1|:1-399	399	k121_707058_1	N/A	32.192	36	146	1.74e-19	89.0
SadA_ref|WP_036299419.1|:1-399	399	k121_1035979_1	N/A	30.387	45	181	4.29e-19	88.2
SadA_ref|WP_036299419.1|:1-399	399	k121_1183211_7	N/A	23.219	93	379	2.83e-18	90.1
SadA_ref|WP_036299419.1|:1-399	399	k121_29559_1	N/A	30.047	53	213	3.38e-18	87.0
SadA_ref|WP_036299419.1|:1-399	399	k121_1720915_1	N/A	26.368	50	201	2.90e-17	84.3
SadA_ref|WP_036299419.1|:1-399	399	k121_34969_2	N/A	27.273	46	187	8.88e-15	76.3
SadA_ref|WP_036299419.1|:1-399	399	k121_842753_2	N/A	37.113	24	97	5.18e-14	71.6
SadA_ref|WP_036299419.1|:1-399	399	k121_1178515_1	N/A	35.514	27	107	2.96e-13	71.6
SadA_ref|WP_036299419.1|:1-399	399	k121_629143_34	N/A	23.120	89	359	4.46e-13	74.3
SadA_ref|WP_036299419.1|:1-399	399	k121_1249662_1	N/A	26.389	36	144	3.12e-12	68.2
SadA_ref|WP_036299419.1|:1-399	399	k121_1131386_2	N/A	27.037	64	270	8.08e-12	69.3
SadA_ref|WP_036299419.1|:1-399	399	k121_755741_3	N/A	30.049	51	203	1.33e-09	61.6
SadA_ref|WP_036299419.1|:1-399	399	k121_713896_1	N/A	26.812	33	138	1.08e-08	58.5
SadA_ref|WP_036299419.1|:1-399	399	k121_1253954_2	N/A	26.415	53	212	2.48e-08	58.5
SadA_ref|WP_036299419.1|:1-399	399	k121_1623619_1	N/A	28.431	50	204	1.10e-07	55.8
SadA_ref|WP_036299419.1|:1-399	399	k121_652312_2	N/A	33.628	28	113	5.09e-07	52.8
SadA_ref|WP_036299419.1|:1-399	399	k121_1114165_1	N/A	28.000	54	225	1.14e-06	53.1
SadA_ref|WP_036299419.1|:1-399	399	k121_259860_2	N/A	25.498	59	251	3.58e-06	52.4
SadA_ref|WP_036299419.1|:1-399	399	k121_329902_1	N/A	26.667	48	195	4.19e-06	51.2
SadA_ref|WP_036299419.1|:1-399	399	k121_570175_13	N/A	20.888	88	383	1.07e-05	51.6
SadA_ref|WP_036299419.1|:1-399	399	k121_1016243_1	N/A	25.581	32	129	8.71e-05	46.6
SadA_ref|WP_036299419.1|:1-399	399	k121_320115_1	N/A	28.169	34	142	1.01e-04	48.5
SadA_ref|WP_036299419.1|:1-399	399	k121_713850_1	N/A	32.143	21	84	3.08e-04	44.7
SadA_ref|WP_036299419.1|:1-399	399	k121_223347_4	N/A	23.342	86	377	4.12e-04	46.6
SadA_ref|WP_036299419.1|:1-399	399	k121_287856_2	N/A	25.106	51	235	5.33e-04	45.8
SadA_ref|WP_036299419.1|:1-399	399	k121_1854895_1	N/A	24.545	55	220	0.001	44.3
SadA_ref|WP_036299419.1|:1-399	399	k121_925525_2	N/A	29.897	23	97	0.001	42.7
SadA_ref|WP_036299419.1|:1-399	399	k121_1030190_2	N/A	34.454	29	119	0.002	42.7
SadA_ref|WP_036299419.1|:1-399	399	k121_539541_1	N/A	32.184	22	87	0.008	40.0
SadA_ref|WP_036299419.1|:1-399	399	k121_886889_1	N/A	30.952	21	84	0.009	41.2
SadA_ref|WP_036299419.1|:1-399	399	k121_1621829_1	N/A	30.952	21	84	0.010	41.2
SadA_ref|WP_036299419.1|:1-399	399	k121_1754275_1	N/A	24.691	60	243	0.011	41.6
SadA_ref|WP_036299419.1|:1-399	399	k121_72344_2	N/A	29.762	21	84	0.012	40.0
SadA_ref|WP_036299419.1|:1-399	399	k121_818264_1	N/A	28.472	35	144	0.012	41.6
SadA_ref|WP_036299419.1|:1-399	399	k121_1565035_1	N/A	26.772	32	127	0.013	40.8
SadA_ref|WP_036299419.1|:1-399	399	k121_273608_135	N/A	23.789	51	227	0.019	41.2
SadA_ref|WP_036299419.1|:1-399	399	k121_498433_2	N/A	22.193	86	374	0.037	40.4
SadA_ref|WP_036299419.1|:1-399	399	k121_1864042_2	N/A	27.907	22	86	0.052	40.0
SadA_ref|WP_036299419.1|:1-399	399	k121_1790733_2	N/A	29.762	21	84	0.054	40.0
SadA_ref|WP_036299419.1|:1-399	399	k121_1040693_29	N/A	23.618	48	199	0.057	39.7
SadA_ref|WP_036299419.1|:1-399	399	k121_478329_2	N/A	33.696	23	92	0.068	37.7
SadA_ref|WP_036299419.1|:1-399	399	k121_572359_3	N/A	28.082	36	146	0.087	38.9
SadB_ref|WP_100812327.1|:1-423	423	k121_221450_2	N/A	28.162	97	419	2.52e-47	171
SadB_ref|WP_100812327.1|:1-423	423	k121_1879348_2	N/A	29.315	85	365	2.06e-38	146
SadB_ref|WP_100812327.1|:1-423	423	k121_1504687_2	N/A	24.311	93	399	5.49e-37	142
SadB_ref|WP_100812327.1|:1-423	423	k121_347302_8	N/A	28.389	90	391	6.12e-37	142
SadB_ref|WP_100812327.1|:1-423	423	k121_709837_1	N/A	28.116	80	345	3.30e-36	139
SadB_ref|WP_100812327.1|:1-423	423	k121_1802551_21	N/A	25.203	85	369	5.23e-35	137
SadB_ref|WP_100812327.1|:1-423	423	k121_1353777_2	N/A	27.095	82	358	4.25e-34	135
SadB_ref|WP_100812327.1|:1-423	423	k121_1272488_3	N/A	29.825	67	285	4.26e-34	131
SadB_ref|WP_100812327.1|:1-423	423	k121_1682379_1	N/A	35.263	44	190	9.37e-33	125
SadB_ref|WP_100812327.1|:1-423	423	k121_1319104_2	N/A	25.815	85	368	2.49e-32	130
SadB_ref|WP_100812327.1|:1-423	423	k121_737759_1	N/A	31.687	57	243	7.66e-32	125
SadB_ref|WP_100812327.1|:1-423	423	k121_1784971_1	N/A	27.660	66	282	9.48e-30	121
SadB_ref|WP_100812327.1|:1-423	423	k121_1183211_7	N/A	26.250	90	400	6.59e-28	118
SadB_ref|WP_100812327.1|:1-423	423	k121_395673_13	N/A	26.615	90	387	7.92e-28	117
SadB_ref|WP_100812327.1|:1-423	423	k121_1171035_3	N/A	24.728	85	368	7.36e-27	115
SadB_ref|WP_100812327.1|:1-423	423	k121_1643152_21	N/A	27.893	77	337	1.55e-26	114
SadB_ref|WP_100812327.1|:1-423	423	k121_1647313_1	N/A	30.108	44	186	8.17e-25	104
SadB_ref|WP_100812327.1|:1-423	423	k121_1067758_3	N/A	35.928	39	167	3.15e-24	104
SadB_ref|WP_100812327.1|:1-423	423	k121_1726616_1	N/A	32.258	44	186	1.59e-23	101
SadB_ref|WP_100812327.1|:1-423	423	k121_1237449_1	N/A	28.659	38	164	1.74e-23	100
SadB_ref|WP_100812327.1|:1-423	423	k121_54485_1	N/A	34.694	45	196	1.94e-22	97.8
SadB_ref|WP_100812327.1|:1-423	423	k121_29559_1	N/A	29.767	50	215	6.50e-22	97.4
SadB_ref|WP_100812327.1|:1-423	423	k121_1035979_1	N/A	29.508	43	183	2.16e-19	89.4
SadB_ref|WP_100812327.1|:1-423	423	k121_629143_34	N/A	23.969	91	388	3.72e-18	89.7
SadB_ref|WP_100812327.1|:1-423	423	k121_1294338_1	N/A	31.515	39	165	6.88e-18	84.7
SadB_ref|WP_100812327.1|:1-423	423	k121_34969_2	N/A	29.146	45	199	5.45e-17	82.8
SadB_ref|WP_100812327.1|:1-423	423	k121_1720915_1	N/A	27.638	47	199	6.58e-17	83.6
SadB_ref|WP_100812327.1|:1-423	423	k121_450258_1	N/A	28.631	57	241	2.01e-15	79.3
SadB_ref|WP_100812327.1|:1-423	423	k121_498433_2	N/A	25.661	81	378	4.30e-14	77.8
SadB_ref|WP_100812327.1|:1-423	423	k121_707058_1	N/A	29.032	28	124	1.71e-13	72.4
SadB_ref|WP_100812327.1|:1-423	423	k121_223347_4	N/A	25.974	82	385	4.56e-13	74.3
SadB_ref|WP_100812327.1|:1-423	423	k121_539030_4	N/A	26.271	76	354	4.65e-13	74.7
SadB_ref|WP_100812327.1|:1-423	423	k121_570175_13	N/A	25.284	76	352	6.22e-12	71.2
SadB_ref|WP_100812327.1|:1-423	423	k121_1249662_1	N/A	28.000	35	150	1.27e-11	66.2
SadB_ref|WP_100812327.1|:1-423	423	k121_329902_1	N/A	28.155	47	206	4.22e-11	65.9
SadB_ref|WP_100812327.1|:1-423	423	k121_1754275_1	N/A	29.200	56	250	1.07e-10	65.9
SadB_ref|WP_100812327.1|:1-423	423	k121_1623619_1	N/A	27.586	48	203	1.97e-10	64.3
SadB_ref|WP_100812327.1|:1-423	423	k121_1131386_2	N/A	28.309	60	272	3.97e-10	64.3
SadB_ref|WP_100812327.1|:1-423	423	k121_755741_3	N/A	28.000	47	200	7.89e-10	62.4
SadB_ref|WP_100812327.1|:1-423	423	k121_1178515_1	N/A	30.769	24	104	1.67e-09	61.2
SadB_ref|WP_100812327.1|:1-423	423	k121_842753_2	N/A	25.410	29	122	3.83e-09	58.2
SadB_ref|WP_100812327.1|:1-423	423	k121_1854895_1	N/A	26.840	53	231	1.18e-08	59.7
SadB_ref|WP_100812327.1|:1-423	423	k121_713896_1	N/A	26.573	32	143	2.30e-08	57.8
SadB_ref|WP_100812327.1|:1-423	423	k121_287856_2	N/A	29.694	47	229	3.30e-08	58.9
SadB_ref|WP_100812327.1|:1-423	423	k121_539541_1	N/A	34.940	20	83	1.08e-07	53.9
SadB_ref|WP_100812327.1|:1-423	423	k121_259860_2	N/A	27.876	53	226	5.51e-07	54.7
SadB_ref|WP_100812327.1|:1-423	423	k121_1253954_2	N/A	27.619	49	210	1.78e-06	53.1
SadB_ref|WP_100812327.1|:1-423	423	k121_1016243_1	N/A	29.268	29	123	4.88e-06	50.4
SadB_ref|WP_100812327.1|:1-423	423	k121_1790733_2	N/A	23.545	79	378	5.09e-06	52.8
SadB_ref|WP_100812327.1|:1-423	423	k121_1040693_29	N/A	21.652	80	351	2.79e-05	50.4
SadB_ref|WP_100812327.1|:1-423	423	k121_1770602_1	N/A	27.000	45	200	2.94e-05	48.5
SadB_ref|WP_100812327.1|:1-423	423	k121_1122578_1	N/A	29.091	35	165	3.70e-05	49.7
SadB_ref|WP_100812327.1|:1-423	423	k121_134209_3	N/A	27.612	27	134	4.17e-05	50.1
SadB_ref|WP_100812327.1|:1-423	423	k121_1040693_31	N/A	27.136	45	199	4.53e-05	49.7
SadB_ref|WP_100812327.1|:1-423	423	k121_273608_135	N/A	23.454	81	388	7.35e-05	49.3
SadB_ref|WP_100812327.1|:1-423	423	k121_36839_1	N/A	33.333	21	90	9.49e-05	46.2
SadB_ref|WP_100812327.1|:1-423	423	k121_1581767_2	N/A	26.702	45	191	9.51e-05	47.8
SadB_ref|WP_100812327.1|:1-423	423	k121_1114165_1	N/A	26.991	51	226	1.43e-04	47.0
SadB_ref|WP_100812327.1|:1-423	423	k121_652312_2	N/A	33.735	20	83	1.55e-04	45.4
SadB_ref|WP_100812327.1|:1-423	423	k121_1565035_1	N/A	30.496	32	141	2.53e-04	45.8
SadB_ref|WP_100812327.1|:1-423	423	k121_1722635_2	N/A	32.787	26	122	3.56e-04	45.8
SadB_ref|WP_100812327.1|:1-423	423	k121_478329_2	N/A	34.884	20	86	5.75e-04	43.5
SadB_ref|WP_100812327.1|:1-423	423	k121_713850_1	N/A	31.776	24	107	6.79e-04	43.9
SadB_ref|WP_100812327.1|:1-423	423	k121_1658087_3	N/A	30.709	27	127	7.67e-04	45.8
SadB_ref|WP_100812327.1|:1-423	423	k121_800283_5	N/A	22.892	55	249	0.001	45.4
SadB_ref|WP_100812327.1|:1-423	423	k121_72344_2	N/A	31.193	24	109	0.001	43.5
SadB_ref|WP_100812327.1|:1-423	423	k121_103362_2	N/A	20.339	79	354	0.001	45.1
SadB_ref|WP_100812327.1|:1-423	423	k121_536966_1	N/A	32.812	27	128	0.001	43.9
SadB_ref|WP_100812327.1|:1-423	423	k121_1745546_1	N/A	26.316	22	95	0.002	41.2
SadB_ref|WP_100812327.1|:1-423	423	k121_1864042_2	N/A	21.918	82	365	0.004	43.5
SadB_ref|WP_100812327.1|:1-423	423	k121_91462_3	N/A	27.344	26	128	0.005	43.1
SadB_ref|WP_100812327.1|:1-423	423	k121_1616826_1	N/A	22.069	34	145	0.007	40.8
SadB_ref|WP_100812327.1|:1-423	423	k121_1216576_1	N/A	26.738	40	187	0.008	42.0
SadB_ref|WP_100812327.1|:1-423	423	k121_316992_3	N/A	29.861	31	144	0.009	42.4
SadB_ref|WP_100812327.1|:1-423	423	k121_72838_1	N/A	29.688	26	128	0.010	42.4
SadB_ref|WP_100812327.1|:1-423	423	k121_361152_1	N/A	26.190	25	126	0.011	41.6
SadB_ref|WP_100812327.1|:1-423	423	k121_886889_1	N/A	27.049	26	122	0.012	40.8
SadB_ref|WP_100812327.1|:1-423	423	k121_1898950_1	N/A	25.000	22	92	0.016	39.3
SadB_ref|WP_100812327.1|:1-423	423	k121_934144_1	N/A	26.860	54	242	0.019	41.2
SadB_ref|WP_100812327.1|:1-423	423	k121_370056_1	N/A	23.500	47	200	0.020	40.8
SadB_ref|WP_100812327.1|:1-423	423	k121_1748984_1	N/A	26.744	33	172	0.030	40.4
SadB_ref|WP_100812327.1|:1-423	423	k121_1470908_1	N/A	24.898	54	245	0.045	40.0
SadB_ref|WP_100812327.1|:1-423	423	k121_843656_1	N/A	26.068	53	234	0.048	40.0
SadB_ref|WP_100812327.1|:1-423	423	k121_302928_1	N/A	25.581	36	172	0.050	38.9
SadB_ref|WP_100812327.1|:1-423	423	k121_925525_2	N/A	27.273	26	121	0.050	38.5
SadB_ref|WP_100812327.1|:1-423	423	k121_1493893_1	N/A	28.462	28	130	0.054	38.9
SadB_ref|WP_100812327.1|:1-423	423	k121_1470730_1	N/A	28.125	26	128	0.060	39.7
SadB_ref|WP_100812327.1|:1-423	423	k121_694387_1	N/A	26.429	30	140	0.073	38.5
SadC_ref|WP_036299413.1|:1-194	194	k121_162197_12	N/A	31.343	69	134	2.32e-14	71.6
SadC_ref|WP_036299413.1|:1-194	194	k121_871290_7	N/A	29.762	85	168	5.93e-12	65.1
SadC_ref|WP_036299413.1|:1-194	194	k121_1252057_1	N/A	28.025	81	157	6.83e-12	64.7
SadC_ref|WP_036299413.1|:1-194	194	k121_842212_2	N/A	28.571	70	140	4.27e-11	62.0
SadC_ref|WP_036299413.1|:1-194	194	k121_1492007_103	N/A	30.657	69	137	8.11e-11	62.0
SadC_ref|WP_036299413.1|:1-194	194	k121_1026958_2	N/A	25.904	84	166	1.95e-10	60.8
SadC_ref|WP_036299413.1|:1-194	194	k121_1165176_4	N/A	24.444	70	135	4.48e-10	59.7
SadC_ref|WP_036299413.1|:1-194	194	k121_417458_1	N/A	29.730	76	148	5.70e-10	59.3
SadC_ref|WP_036299413.1|:1-194	194	k121_1879250_1	N/A	27.742	76	155	1.25e-09	60.5
SadC_ref|WP_036299413.1|:1-194	194	k121_705857_2	N/A	34.000	51	100	2.69e-09	56.2
SadC_ref|WP_036299413.1|:1-194	194	k121_596438_2	N/A	26.061	84	165	7.34e-09	57.0
SadC_ref|WP_036299413.1|:1-194	194	k121_1227784_1	N/A	29.078	72	141	8.13e-09	56.6
SadC_ref|WP_036299413.1|:1-194	194	k121_1227788_1	N/A	28.369	72	141	2.17e-08	55.5
SadC_ref|WP_036299413.1|:1-194	194	k121_1105213_2	N/A	29.730	76	148	2.84e-08	56.6
SadC_ref|WP_036299413.1|:1-194	194	k121_1271476_1	N/A	28.378	76	148	3.43e-08	56.2
SadC_ref|WP_036299413.1|:1-194	194	k121_1039786_1	N/A	40.000	38	75	4.24e-08	53.9
SadC_ref|WP_036299413.1|:1-194	194	k121_1299248_2	N/A	28.906	65	128	4.78e-08	54.3
SadC_ref|WP_036299413.1|:1-194	194	k121_1883060_1	N/A	37.931	44	87	5.14e-08	53.9
SadC_ref|WP_036299413.1|:1-194	194	k121_1540071_2	N/A	36.559	47	93	5.28e-08	54.3
SadC_ref|WP_036299413.1|:1-194	194	k121_732174_1	N/A	39.130	47	92	7.50e-08	55.1
SadC_ref|WP_036299413.1|:1-194	194	k121_790125_5	N/A	27.820	68	133	7.94e-08	53.9
SadC_ref|WP_036299413.1|:1-194	194	k121_1497329_1	N/A	26.400	63	125	2.02e-07	52.0
SadC_ref|WP_036299413.1|:1-194	194	k121_1074506_2	N/A	32.558	44	86	6.32e-07	50.1
SadC_ref|WP_036299413.1|:1-194	194	k121_717373_1	N/A	26.667	69	135	9.48e-07	50.4
SadC_ref|WP_036299413.1|:1-194	194	k121_163886_2	N/A	30.435	47	92	1.39e-06	49.3
SadC_ref|WP_036299413.1|:1-194	194	k121_417441_2	N/A	30.534	67	131	1.43e-06	50.4
SadC_ref|WP_036299413.1|:1-194	194	k121_1551519_6	N/A	28.261	68	138	2.03e-06	50.1
SadC_ref|WP_036299413.1|:1-194	194	k121_1171035_1	N/A	31.250	57	112	2.25e-06	48.9
SadC_ref|WP_036299413.1|:1-194	194	k121_1695916_2	N/A	32.051	75	156	2.47e-06	49.7
SadC_ref|WP_036299413.1|:1-194	194	k121_1664531_2	N/A	30.476	52	105	2.98e-06	49.3
SadC_ref|WP_036299413.1|:1-194	194	k121_675880_6	N/A	25.731	88	171	4.70e-06	49.3
SadC_ref|WP_036299413.1|:1-194	194	k121_1183230_2	N/A	26.786	85	168	5.86e-06	48.5
SadC_ref|WP_036299413.1|:1-194	194	k121_1618823_2	N/A	24.615	66	130	9.04e-06	47.4
SadC_ref|WP_036299413.1|:1-194	194	k121_841399_2	N/A	29.412	61	119	1.00e-05	47.4
SadC_ref|WP_036299413.1|:1-194	194	k121_1644685_12	N/A	34.409	47	93	1.14e-05	48.1
SadC_ref|WP_036299413.1|:1-194	194	k121_1374277_2	N/A	23.494	85	166	1.15e-05	47.8
SadC_ref|WP_036299413.1|:1-194	194	k121_771912_2	N/A	25.767	84	163	1.19e-05	48.1
SadC_ref|WP_036299413.1|:1-194	194	k121_1011459_1	N/A	35.714	36	70	2.12e-05	46.6
SadC_ref|WP_036299413.1|:1-194	194	k121_1874021_1	N/A	25.146	88	171	2.30e-05	47.4
SadC_ref|WP_036299413.1|:1-194	194	k121_930785_2	N/A	31.522	47	92	2.85e-05	46.6
SadC_ref|WP_036299413.1|:1-194	194	k121_1353777_3	N/A	27.536	68	138	2.85e-05	47.8
SadC_ref|WP_036299413.1|:1-194	194	k121_1802551_19	N/A	38.235	35	68	3.15e-05	46.6
SadC_ref|WP_036299413.1|:1-194	194	k121_1570921_2	N/A	32.184	44	87	3.22e-05	45.4
SadC_ref|WP_036299413.1|:1-194	194	k121_296177_1	N/A	24.460	71	139	3.37e-05	46.2
SadC_ref|WP_036299413.1|:1-194	194	k121_1675334_2	N/A	33.673	50	98	3.99e-05	47.0
SadC_ref|WP_036299413.1|:1-194	194	k121_84264_24	N/A	23.602	82	161	4.88e-05	45.8
SadC_ref|WP_036299413.1|:1-194	194	k121_1907496_1	N/A	25.926	69	135	5.50e-05	45.8
SadC_ref|WP_036299413.1|:1-194	194	k121_7735_1	N/A	37.313	34	67	6.82e-05	45.4
SadC_ref|WP_036299413.1|:1-194	194	k121_1566526_1	N/A	28.986	36	69	1.37e-04	42.7
SadC_ref|WP_036299413.1|:1-194	194	k121_92299_1	N/A	33.784	38	74	2.06e-04	44.7
SadC_ref|WP_036299413.1|:1-194	194	k121_815459_1	N/A	27.536	70	138	2.26e-04	43.9
SadC_ref|WP_036299413.1|:1-194	194	k121_315931_2	N/A	22.642	82	159	3.03e-04	43.5
SadC_ref|WP_036299413.1|:1-194	194	k121_1728596_1	N/A	28.182	55	110	3.65e-04	42.4
SadC_ref|WP_036299413.1|:1-194	194	k121_347351_2	N/A	35.065	39	77	3.67e-04	43.1
SadC_ref|WP_036299413.1|:1-194	194	k121_245701_2	N/A	34.513	58	113	4.30e-04	43.5
SadC_ref|WP_036299413.1|:1-194	194	k121_1393484_2	N/A	30.000	36	70	5.33e-04	43.1
SadC_ref|WP_036299413.1|:1-194	194	k121_927131_2	N/A	25.439	59	114	6.33e-04	42.4
SadC_ref|WP_036299413.1|:1-194	194	k121_689951_2	N/A	29.231	66	130	6.56e-04	42.4
SadC_ref|WP_036299413.1|:1-194	194	k121_1505093_2	N/A	31.183	46	93	8.44e-04	41.6
SadC_ref|WP_036299413.1|:1-194	194	k121_222132_3	N/A	21.341	84	164	8.70e-04	42.4
SadC_ref|WP_036299413.1|:1-194	194	k121_1865903_2	N/A	25.926	54	108	0.001	41.6
SadC_ref|WP_036299413.1|:1-194	194	k121_193600_30	N/A	27.972	71	143	0.002	41.6
SadC_ref|WP_036299413.1|:1-194	194	k121_1389397_19	N/A	21.472	82	163	0.002	41.6
SadC_ref|WP_036299413.1|:1-194	194	k121_129441_2	N/A	29.231	65	130	0.002	41.2
SadC_ref|WP_036299413.1|:1-194	194	k121_63155_1	N/A	30.303	51	99	0.002	40.8
SadC_ref|WP_036299413.1|:1-194	194	k121_1692068_1	N/A	24.324	74	148	0.004	40.0
SadC_ref|WP_036299413.1|:1-194	194	k121_680838_2	N/A	33.913	54	115	0.007	40.0
SadC_ref|WP_036299413.1|:1-194	194	k121_1836431_4	N/A	28.090	45	89	0.011	39.3
SadC_ref|WP_036299413.1|:1-194	194	k121_223347_1	N/A	26.000	77	150	0.012	38.9
SadC_ref|WP_036299413.1|:1-194	194	k121_730435_1	N/A	25.000	76	152	0.014	38.9
SadC_ref|WP_036299413.1|:1-194	194	k121_1482519_2	N/A	44.898	25	49	0.020	37.0
SadC_ref|WP_036299413.1|:1-194	194	k121_1632474_3	N/A	36.000	38	75	0.022	38.5
SadC_ref|WP_036299413.1|:1-194	194	k121_1219447_2	N/A	35.714	29	56	0.028	37.4
SadC_ref|WP_036299413.1|:1-194	194	k121_962896_1	N/A	27.350	58	117	0.039	38.1
SadC_ref|WP_036299413.1|:1-194	194	k121_1765230_2	N/A	37.255	26	51	0.047	36.2
WP_000259031.1	279	k121_1166925_1	N/A	100.000	100	279	0.0	553
WP_000259031.1	279	k121_1343594_3	N/A	48.780	88	246	3.16e-84	256
WP_000259031.1	279	k121_576131_3	N/A	53.516	92	256	2.79e-74	231
WP_000259031.1	279	k121_597420_19	N/A	34.211	94	266	8.27e-49	166
WP_000259031.1	279	k121_961341_7	N/A	35.606	94	264	8.78e-41	145
WP_000259031.1	279	k121_671909_1	N/A	36.885	87	244	1.88e-39	141
WP_000259031.1	279	k121_728954_3	N/A	35.178	91	253	6.70e-39	140
WP_000259031.1	279	k121_1053040_10	N/A	35.772	87	246	2.31e-37	136
WP_000259031.1	279	k121_1624190_2	N/A	34.733	93	262	6.19e-37	135
WP_000259031.1	279	k121_1680459_2	N/A	33.210	97	271	7.73e-36	132
WP_000259031.1	279	k121_327990_2	N/A	34.317	95	271	7.23e-35	130
WP_000259031.1	279	k121_1900520_143	N/A	37.652	87	247	1.09e-34	129
WP_000259031.1	279	k121_489877_14	N/A	35.955	94	267	3.19e-34	129
WP_000259031.1	279	k121_863849_1	N/A	35.743	88	249	2.65e-33	126
WP_000259031.1	279	k121_1667816_2	N/A	32.129	88	249	9.58e-32	122
WP_000259031.1	279	k121_155946_1	N/A	32.520	88	246	1.31e-31	122
WP_000259031.1	279	k121_399536_17	N/A	32.031	91	256	2.20e-31	121
WP_000259031.1	279	k121_1835841_1	N/A	35.433	89	254	3.20e-31	120
WP_000259031.1	279	k121_1686467_2	N/A	32.830	94	265	3.44e-30	118
WP_000259031.1	279	k121_775848_1	N/A	37.356	62	174	3.65e-30	115
WP_000259031.1	279	k121_1768898_2	N/A	32.867	96	286	7.33e-30	117
WP_000259031.1	279	k121_566859_1	N/A	34.173	96	278	1.53e-29	116
WP_000259031.1	279	k121_1632768_2	N/A	31.801	93	261	4.04e-29	115
WP_000259031.1	279	k121_1745642_3	N/A	31.518	91	257	5.03e-29	115
WP_000259031.1	279	k121_1328771_2	N/A	31.250	88	256	5.47e-29	115
WP_000259031.1	279	k121_1553321_1	N/A	33.600	88	250	7.14e-29	115
WP_000259031.1	279	k121_707265_2	N/A	31.955	93	266	1.01e-28	114
WP_000259031.1	279	k121_53980_4	N/A	36.364	78	220	2.02e-28	114
WP_000259031.1	279	k121_1798494_2	N/A	30.268	91	261	2.20e-28	114
WP_000259031.1	279	k121_639924_6	N/A	29.771	93	262	2.81e-28	113
WP_000259031.1	279	k121_1328110_1	N/A	33.065	88	248	4.09e-28	113
WP_000259031.1	279	k121_496385_14	N/A	34.137	89	249	6.57e-28	113
WP_000259031.1	279	k121_1221740_5	N/A	30.855	95	269	2.13e-27	110
WP_000259031.1	279	k121_411162_7	N/A	31.227	95	269	2.25e-27	110
WP_000259031.1	279	k121_1079995_1	N/A	35.242	81	227	3.02e-27	109
WP_000259031.1	279	k121_1591129_1	N/A	30.114	63	176	3.81e-27	107
WP_000259031.1	279	k121_805567_5	N/A	32.422	88	256	4.49e-27	109
WP_000259031.1	279	k121_203406_1	N/A	32.159	80	227	6.56e-27	108
WP_000259031.1	279	k121_997529_2	N/A	29.478	93	268	8.91e-27	109
WP_000259031.1	279	k121_1921827_2	N/A	32.171	88	258	1.17e-26	108
WP_000259031.1	279	k121_1441054_7	N/A	36.323	80	223	1.26e-26	108
WP_000259031.1	279	k121_416046_16	N/A	33.824	96	272	1.33e-26	108
WP_000259031.1	279	k121_726315_2	N/A	30.924	88	249	1.71e-26	108
WP_000259031.1	279	k121_599176_14	N/A	29.478	94	268	2.64e-26	108
WP_000259031.1	279	k121_1772810_4	N/A	32.721	96	272	3.65e-26	107
WP_000259031.1	279	k121_244429_1	N/A	30.620	91	258	5.15e-26	107
WP_000259031.1	279	k121_177880_4	N/A	31.439	93	264	5.79e-26	108
WP_000259031.1	279	k121_1660532_3	N/A	26.255	91	259	8.89e-26	106
WP_000259031.1	279	k121_20602_4	N/A	33.992	88	253	1.73e-25	105
WP_000259031.1	279	k121_1771598_6	N/A	27.757	93	263	5.46e-25	103
WP_000259031.1	279	k121_1887661_2	N/A	30.682	93	264	6.92e-25	105
WP_000259031.1	279	k121_865507_39	N/A	27.490	88	251	1.03e-24	103
WP_000259031.1	279	k121_350615_1	N/A	30.924	88	249	1.12e-24	103
WP_000259031.1	279	k121_1177042_1	N/A	32.203	62	177	1.15e-24	100
WP_000259031.1	279	k121_1017308_2	N/A	30.249	95	281	2.19e-24	104
WP_000259031.1	279	k121_1665528_2	N/A	35.747	77	221	2.62e-24	103
WP_000259031.1	279	k121_1824819_1	N/A	37.766	67	188	5.99e-24	99.4
WP_000259031.1	279	k121_1013679_9	N/A	28.788	93	264	8.45e-24	101
WP_000259031.1	279	k121_879652_1	N/A	27.711	88	249	8.46e-24	100
WP_000259031.1	279	k121_1931980_2	N/A	30.357	78	224	9.94e-24	100
WP_000259031.1	279	k121_948736_1	N/A	30.418	94	263	3.04e-23	99.8
WP_000259031.1	279	k121_158102_4	N/A	30.472	82	233	5.99e-23	97.8
WP_000259031.1	279	k121_127760_2	N/A	29.741	78	232	1.77e-22	97.1
WP_000259031.1	279	k121_279547_2	N/A	28.016	91	257	2.30e-22	97.1
WP_000259031.1	279	k121_23768_24	N/A	29.151	94	271	2.50e-22	97.8
WP_000259031.1	279	k121_1893055_2	N/A	28.980	86	245	4.09e-22	95.9
WP_000259031.1	279	k121_1144348_20	N/A	34.239	62	184	4.37e-22	94.7
WP_000259031.1	279	k121_881627_1	N/A	28.452	85	239	1.16e-21	94.4
WP_000259031.1	279	k121_1580020_7	N/A	28.968	88	252	4.55e-21	94.0
WP_000259031.1	279	k121_1037197_6	N/A	28.700	77	223	5.70e-21	93.2
WP_000259031.1	279	k121_40138_1	N/A	28.761	78	226	1.29e-20	91.3
WP_000259031.1	279	k121_652727_1	N/A	30.112	91	269	1.62e-20	93.2
WP_000259031.1	279	k121_821043_2	N/A	33.065	88	248	1.85e-20	92.4
WP_000259031.1	279	k121_649960_2	N/A	30.000	76	220	3.85e-20	91.3
WP_000259031.1	279	k121_510445_1	N/A	37.736	38	106	4.24e-20	86.7
WP_000259031.1	279	k121_1572788_2	N/A	30.224	94	268	5.50e-20	90.9
WP_000259031.1	279	k121_1652251_1	N/A	26.190	88	252	8.23e-20	90.1
WP_000259031.1	279	k121_192695_1	N/A	32.432	63	185	8.45e-20	88.6
WP_000259031.1	279	k121_180395_2	N/A	32.857	73	210	1.22e-19	89.0
WP_000259031.1	279	k121_586140_1	N/A	27.897	82	233	2.28e-19	88.6
WP_000259031.1	279	k121_1258650_1	N/A	30.481	63	187	3.05e-19	86.7
WP_000259031.1	279	k121_805171_2	N/A	24.907	92	269	4.48e-19	90.1
WP_000259031.1	279	k121_1136956_2	N/A	26.592	91	267	4.53e-19	88.6
WP_000259031.1	279	k121_1136810_2	N/A	30.114	63	176	1.26e-18	85.5
WP_000259031.1	279	k121_538894_1	N/A	33.028	77	218	1.29e-18	87.0
WP_000259031.1	279	k121_99109_6	N/A	29.588	95	267	1.39e-18	87.0
WP_000259031.1	279	k121_217495_1	N/A	32.547	73	212	1.52e-18	85.9
WP_000259031.1	279	k121_1719058_1	N/A	31.754	74	211	1.58e-18	85.5
WP_000259031.1	279	k121_775203_1	N/A	32.000	76	225	2.71e-18	85.9
WP_000259031.1	279	k121_1912913_1	N/A	32.584	63	178	3.36e-18	84.3
WP_000259031.1	279	k121_1778889_1	N/A	32.022	63	178	4.10e-18	83.6
WP_000259031.1	279	k121_564230_11	N/A	31.325	88	249	5.33e-18	86.7
WP_000259031.1	279	k121_209659_1	N/A	36.752	42	117	5.44e-18	82.0
WP_000259031.1	279	k121_1238596_3	N/A	28.405	88	257	5.87e-18	87.0
WP_000259031.1	279	k121_1199822_1	N/A	29.699	94	266	1.70e-17	84.0
WP_000259031.1	279	k121_871259_1	N/A	26.636	73	214	3.43e-17	82.0
WP_000259031.1	279	k121_1048740_1	N/A	32.836	70	201	6.07e-17	80.9
WP_000259031.1	279	k121_1941375_1	N/A	31.765	60	170	7.13e-17	79.7
WP_000259031.1	279	k121_278237_2	N/A	42.991	38	107	1.94e-16	77.8
WP_000259031.1	279	k121_1176977_1	N/A	29.091	58	165	3.81e-16	78.6
WP_000259031.1	279	k121_1228608_1	N/A	33.784	52	148	5.72e-16	77.4
WP_000259031.1	279	k121_1021291_1	N/A	32.026	54	153	7.12e-16	77.4
WP_000259031.1	279	k121_1071535_1	N/A	26.991	80	226	9.63e-16	78.6
WP_000259031.1	279	k121_84479_1	N/A	28.415	65	183	5.12e-15	75.1
WP_000259031.1	279	k121_331524_1	N/A	31.298	46	131	5.97e-15	74.7
WP_000259031.1	279	k121_778956_1	N/A	28.283	68	198	7.57e-15	75.9
WP_000259031.1	279	k121_1088199_2	N/A	28.977	62	176	1.19e-14	73.9
WP_000259031.1	279	k121_1192405_1	N/A	29.240	61	171	2.83e-14	73.6
WP_000259031.1	279	k121_1069236_2	N/A	30.168	64	179	4.04e-14	73.2
WP_000259031.1	279	k121_717167_1	N/A	36.290	44	124	5.04e-14	72.0
WP_000259031.1	279	k121_89055_8	N/A	29.545	93	264	5.28e-14	75.1
WP_000259031.1	279	k121_1463587_2	N/A	29.592	89	294	7.69e-14	74.7
WP_000259031.1	279	k121_438907_1	N/A	28.426	69	197	8.75e-14	72.0
WP_000259031.1	279	k121_361563_1	N/A	46.269	24	67	9.77e-14	68.6
WP_000259031.1	279	k121_841007_5	N/A	38.365	56	159	9.85e-14	71.6
WP_000259031.1	279	k121_829272_3	N/A	42.991	38	107	1.61e-13	70.1
WP_000259031.1	279	k121_513970_1	N/A	29.839	44	124	1.62e-13	71.2
WP_000259031.1	279	k121_1937527_1	N/A	29.213	61	178	2.06e-13	71.2
WP_000259031.1	279	k121_885468_1	N/A	31.169	55	154	2.11e-13	70.5
WP_000259031.1	279	k121_339275_2	N/A	34.459	51	148	2.30e-13	70.1
WP_000259031.1	279	k121_51026_1	N/A	31.696	78	224	3.59e-13	73.2
WP_000259031.1	279	k121_380489_1	N/A	29.143	61	175	5.05e-13	69.7
WP_000259031.1	279	k121_967902_1	N/A	27.322	64	183	7.20e-13	69.3
WP_000259031.1	279	k121_840485_2	N/A	31.937	66	191	1.14e-12	68.9
WP_000259031.1	279	k121_1830300_1	N/A	44.444	38	108	1.22e-12	67.8
WP_000259031.1	279	k121_106578_1	N/A	38.542	34	96	1.24e-12	67.0
WP_000259031.1	279	k121_1311007_2	N/A	28.112	88	249	1.36e-12	70.1
WP_000259031.1	279	k121_1247008_1	N/A	36.082	35	97	2.04e-12	65.9
WP_000259031.1	279	k121_1065699_2	N/A	30.159	45	126	7.18e-12	65.5
WP_000259031.1	279	k121_1144877_2	N/A	35.514	38	107	8.89e-12	65.5
WP_000259031.1	279	k121_1561094_2	N/A	35.294	36	102	9.02e-12	64.7
WP_000259031.1	279	k121_426848_1	N/A	33.333	37	102	1.19e-11	64.7
WP_000259031.1	279	k121_1614897_2	N/A	32.479	41	117	1.29e-11	65.9
WP_000259031.1	279	k121_928322_2	N/A	41.270	44	126	2.16e-11	64.3
WP_000259031.1	279	k121_1247687_1	N/A	33.333	60	174	2.95e-11	64.7
WP_000259031.1	279	k121_1502045_1	N/A	30.000	44	130	3.12e-11	64.3
WP_000259031.1	279	k121_1710245_1	N/A	30.303	58	165	3.62e-11	64.7
WP_000259031.1	279	k121_1342363_1	N/A	32.308	45	130	4.12e-11	63.5
WP_000259031.1	279	k121_1839625_1	N/A	26.009	76	223	4.38e-11	65.1
WP_000259031.1	279	k121_1256403_1	N/A	28.235	60	170	4.62e-11	63.9
WP_000259031.1	279	k121_786728_2	N/A	33.333	33	93	4.94e-11	62.4
WP_000259031.1	279	k121_525458_2	N/A	23.005	72	213	5.53e-11	65.9
WP_000259031.1	279	k121_1106445_2	N/A	27.811	60	169	5.65e-11	64.3
WP_000259031.1	279	k121_844767_1	N/A	36.190	37	105	7.23e-11	62.4
WP_000259031.1	279	k121_1844123_1	N/A	30.769	44	130	1.05e-10	62.8
WP_000259031.1	279	k121_512883_2	N/A	31.579	47	133	1.08e-10	62.4
WP_000259031.1	279	k121_618929_1	N/A	34.314	36	102	1.53e-10	62.8
WP_000259031.1	279	k121_1554536_1	N/A	30.409	60	171	1.54e-10	62.8
WP_000259031.1	279	k121_682546_1	N/A	31.677	57	161	2.50e-10	62.0
WP_000259031.1	279	k121_345745_25	N/A	25.969	88	258	3.17e-10	63.9
WP_000259031.1	279	k121_358199_3	N/A	33.043	39	115	3.88e-10	60.5
WP_000259031.1	279	k121_1531597_2	N/A	31.731	37	104	4.35e-10	62.0
WP_000259031.1	279	k121_1079920_1	N/A	38.043	33	92	5.41e-10	59.3
WP_000259031.1	279	k121_1082829_1	N/A	40.580	25	69	5.86e-10	58.5
WP_000259031.1	279	k121_128939_1	N/A	27.962	75	211	1.09e-09	60.8
WP_000259031.1	279	k121_830012_2	N/A	38.318	38	107	1.30e-09	58.5
WP_000259031.1	279	k121_601647_1	N/A	34.615	44	130	1.76e-09	59.7
WP_000259031.1	279	k121_192021_1	N/A	29.371	51	143	2.81e-09	58.5
WP_000259031.1	279	k121_526925_1	N/A	25.616	71	203	3.86e-09	59.3
WP_000259031.1	279	k121_1345980_2	N/A	33.071	44	127	4.35e-09	57.8
WP_000259031.1	279	k121_1424254_1	N/A	26.667	73	210	7.23e-09	58.5
WP_000259031.1	279	k121_1896716_1	N/A	30.818	53	159	8.71e-09	57.8
WP_000259031.1	279	k121_1532644_2	N/A	40.206	34	97	8.86e-09	56.2
WP_000259031.1	279	k121_1459726_1	N/A	32.540	44	126	1.15e-08	57.4
WP_000259031.1	279	k121_523037_2	N/A	25.641	55	156	1.52e-08	56.6
WP_000259031.1	279	k121_403804_5	N/A	23.913	63	184	2.24e-08	57.0
WP_000259031.1	279	k121_1198725_1	N/A	35.484	22	62	2.44e-08	53.9
WP_000259031.1	279	k121_54188_1	N/A	34.783	25	69	5.93e-08	53.1
WP_000259031.1	279	k121_245187_1	N/A	30.172	42	116	1.04e-07	53.5
WP_000259031.1	279	k121_849358_1	N/A	27.922	55	154	2.76e-07	53.5
WP_000259031.1	279	k121_1454780_3	N/A	38.235	36	102	3.40e-07	51.6
WP_000259031.1	279	k121_390063_1	N/A	33.333	32	90	4.23e-07	51.6
WP_000259031.1	279	k121_487151_2	N/A	26.056	51	142	5.58e-07	52.0
WP_000259031.1	279	k121_1265081_1	N/A	41.573	32	89	6.28e-07	50.4
WP_000259031.1	279	k121_668659_1	N/A	49.091	20	55	6.66e-07	49.7
WP_000259031.1	279	k121_15084_1	N/A	33.333	35	105	8.66e-07	53.1
WP_000259031.1	279	k121_1028981_1	N/A	37.681	25	69	9.68e-07	50.1
WP_000259031.1	279	k121_1449468_1	N/A	32.407	36	108	1.23e-06	51.6
WP_000259031.1	279	k121_1755409_1	N/A	39.130	25	69	1.59e-06	49.3
WP_000259031.1	279	k121_291846_1	N/A	36.364	24	66	2.08e-06	49.3
WP_000259031.1	279	k121_336299_1	N/A	27.826	41	115	2.21e-06	50.1
WP_000259031.1	279	k121_1602223_2	N/A	36.709	28	79	5.60e-06	48.1
WP_000259031.1	279	k121_387135_1	N/A	29.442	66	197	5.91e-06	50.1
WP_000259031.1	279	k121_960431_2	N/A	33.333	29	81	7.14e-06	47.8
WP_000259031.1	279	k121_931430_1	N/A	25.253	35	99	7.75e-06	49.3
WP_000259031.1	279	k121_1598359_1	N/A	29.801	50	151	1.11e-05	48.9
WP_000259031.1	279	k121_1910255_12	N/A	41.558	28	77	1.19e-05	46.6
WP_000259031.1	279	k121_15685_1	N/A	35.000	43	120	2.75e-05	46.6
WP_000259031.1	279	k121_107284_1	N/A	33.333	25	78	6.80e-05	45.4
WP_000259031.1	279	k121_191032_1	N/A	36.232	25	69	7.76e-05	44.7
WP_000259031.1	279	k121_415261_2	N/A	23.556	79	225	1.14e-04	46.6
WP_000259031.1	279	k121_1037819_2	N/A	39.241	28	79	1.42e-04	44.3
WP_000259031.1	279	k121_216331_2	N/A	33.628	40	113	1.56e-04	44.3
WP_000259031.1	279	k121_1153282_4	N/A	25.170	49	147	2.27e-04	45.4
WP_000259031.1	279	k121_132164_1	N/A	36.667	22	60	2.69e-04	43.1
WP_000259031.1	279	k121_776930_2	N/A	34.146	43	123	3.01e-04	43.9
WP_000259031.1	279	k121_1384058_2	N/A	40.000	23	65	3.89e-04	42.4
WP_000259031.1	279	k121_64421_2	N/A	27.350	42	117	8.25e-04	43.1
WP_000259031.1	279	k121_270103_1	N/A	36.364	24	66	0.001	43.5
WP_000259031.1	279	k121_1802066_1	N/A	42.857	20	56	0.001	40.4
WP_000259031.1	279	k121_218818_1	N/A	27.193	41	114	0.002	42.4
WP_000259031.1	279	k121_243604_2	N/A	43.548	22	62	0.003	40.0
WP_000259031.1	279	k121_1153282_5	N/A	30.380	28	79	0.003	43.1
WP_000259031.1	279	k121_596601_2	N/A	32.710	34	107	0.003	40.8
WP_000259031.1	279	k121_1362334_1	N/A	21.970	47	132	0.004	40.8
WP_000259031.1	279	k121_1858863_1	N/A	39.655	21	58	0.005	39.3
WP_000259031.1	279	k121_1347545_1	N/A	33.333	25	72	0.008	41.6
WP_000259031.1	279	k121_1621557_1	N/A	29.412	35	102	0.011	39.3
WP_000259031.1	279	k121_953065_1	N/A	29.032	22	62	0.017	38.5
WP_001043260.1	271	k121_576131_3	N/A	100.000	100	271	0.0	528
WP_001043260.1	271	k121_1343594_3	N/A	50.769	96	260	7.69e-88	265
WP_001043260.1	271	k121_1166925_1	N/A	53.516	94	256	2.95e-83	254
WP_001043260.1	271	k121_597420_19	N/A	38.828	98	273	2.16e-54	180
WP_001043260.1	271	k121_1680459_2	N/A	39.615	96	260	1.20e-51	173
WP_001043260.1	271	k121_1900520_143	N/A	39.464	96	261	4.72e-49	166
WP_001043260.1	271	k121_1624190_2	N/A	38.846	95	260	1.85e-48	164
WP_001043260.1	271	k121_399536_17	N/A	38.806	97	268	6.55e-48	164
WP_001043260.1	271	k121_1835841_1	N/A	39.759	90	249	1.22e-45	157
WP_001043260.1	271	k121_489877_14	N/A	37.879	96	264	1.50e-44	155
WP_001043260.1	271	k121_961341_7	N/A	35.521	96	259	2.94e-44	154
WP_001043260.1	271	k121_411162_7	N/A	38.636	97	264	9.34e-43	150
WP_001043260.1	271	k121_1053040_10	N/A	36.981	97	265	3.92e-42	148
WP_001043260.1	271	k121_327990_2	N/A	35.424	98	271	4.50e-42	149
WP_001043260.1	271	k121_671909_1	N/A	37.449	90	243	6.39e-42	147
WP_001043260.1	271	k121_155946_1	N/A	36.822	94	258	7.74e-42	148
WP_001043260.1	271	k121_1632768_2	N/A	35.135	96	259	6.76e-41	145
WP_001043260.1	271	k121_728954_3	N/A	37.984	94	258	7.65e-41	145
WP_001043260.1	271	k121_863849_1	N/A	34.328	98	268	5.33e-40	143
WP_001043260.1	271	k121_649960_2	N/A	36.940	97	268	3.91e-39	141
WP_001043260.1	271	k121_1921827_2	N/A	37.838	95	259	4.77e-39	141
WP_001043260.1	271	k121_53980_4	N/A	37.453	96	267	9.06e-39	140
WP_001043260.1	271	k121_566859_1	N/A	35.556	96	270	9.18e-39	140
WP_001043260.1	271	k121_821043_2	N/A	37.687	98	268	3.85e-38	139
WP_001043260.1	271	k121_350615_1	N/A	34.866	96	261	4.11e-38	139
WP_001043260.1	271	k121_1441054_7	N/A	39.768	95	259	4.56e-38	138
WP_001043260.1	271	k121_23768_24	N/A	34.572	95	269	2.84e-37	137
WP_001043260.1	271	k121_997529_2	N/A	31.481	98	270	3.62e-37	136
WP_001043260.1	271	k121_599176_14	N/A	32.061	95	262	2.10e-36	134
WP_001043260.1	271	k121_1017308_2	N/A	33.942	96	274	2.10e-36	136
WP_001043260.1	271	k121_496385_14	N/A	38.492	90	252	2.27e-36	135
WP_001043260.1	271	k121_1591129_1	N/A	37.931	64	174	6.80e-36	129
WP_001043260.1	271	k121_1768898_2	N/A	36.765	96	272	1.16e-35	132
WP_001043260.1	271	k121_1013679_9	N/A	30.916	95	262	3.63e-35	131
WP_001043260.1	271	k121_1665528_2	N/A	36.564	81	227	1.53e-34	130
WP_001043260.1	271	k121_1553321_1	N/A	37.247	90	247	1.57e-34	130
WP_001043260.1	271	k121_948736_1	N/A	38.722	95	266	2.41e-34	129
WP_001043260.1	271	k121_726315_2	N/A	33.597	92	253	3.39e-34	128
WP_001043260.1	271	k121_1221740_5	N/A	34.940	90	249	6.21e-34	127
WP_001043260.1	271	k121_416046_16	N/A	37.548	95	261	7.68e-34	127
WP_001043260.1	271	k121_20602_4	N/A	38.492	90	252	1.43e-33	127
WP_001043260.1	271	k121_805171_2	N/A	30.909	98	275	3.21e-33	129
WP_001043260.1	271	k121_1037197_6	N/A	33.594	92	256	6.88e-33	124
WP_001043260.1	271	k121_1667816_2	N/A	33.577	99	274	3.42e-32	123
WP_001043260.1	271	k121_203406_1	N/A	34.615	85	234	3.44e-32	122
WP_001043260.1	271	k121_1719058_1	N/A	36.765	75	204	5.03e-32	120
WP_001043260.1	271	k121_1328771_2	N/A	33.074	90	257	5.48e-32	122
WP_001043260.1	271	k121_1238596_3	N/A	31.636	97	275	7.45e-32	125
WP_001043260.1	271	k121_1824819_1	N/A	40.000	72	195	2.09e-31	119
WP_001043260.1	271	k121_775848_1	N/A	39.306	63	173	2.39e-31	118
WP_001043260.1	271	k121_1686467_2	N/A	34.646	92	254	2.47e-31	120
WP_001043260.1	271	k121_879652_1	N/A	30.588	93	255	4.55e-31	120
WP_001043260.1	271	k121_1931980_2	N/A	35.294	80	221	5.44e-31	119
WP_001043260.1	271	k121_1772810_4	N/A	33.080	96	263	2.38e-30	118
WP_001043260.1	271	k121_707265_2	N/A	31.698	96	265	3.86e-30	117
WP_001043260.1	271	k121_1778889_1	N/A	36.571	64	175	6.42e-30	114
WP_001043260.1	271	k121_1136810_2	N/A	35.196	64	179	8.12e-30	114
WP_001043260.1	271	k121_1798494_2	N/A	31.203	96	266	8.53e-30	117
WP_001043260.1	271	k121_278237_2	N/A	54.902	38	102	1.23e-29	112
WP_001043260.1	271	k121_1652251_1	N/A	30.469	93	256	4.19e-29	114
WP_001043260.1	271	k121_1580020_7	N/A	30.830	91	253	6.89e-29	114
WP_001043260.1	271	k121_1144348_20	N/A	35.000	62	180	1.22e-28	112
WP_001043260.1	271	k121_1079995_1	N/A	37.264	78	212	1.62e-28	112
WP_001043260.1	271	k121_244429_1	N/A	29.851	97	268	2.49e-28	112
WP_001043260.1	271	k121_805567_5	N/A	29.562	97	274	2.52e-28	112
WP_001043260.1	271	k121_1660532_3	N/A	26.038	96	265	3.20e-28	112
WP_001043260.1	271	k121_438907_1	N/A	34.574	67	188	3.50e-28	110
WP_001043260.1	271	k121_1745642_3	N/A	30.120	91	249	3.79e-28	112
WP_001043260.1	271	k121_1136956_2	N/A	28.846	94	260	4.27e-28	112
WP_001043260.1	271	k121_1177042_1	N/A	37.288	63	177	5.03e-28	109
WP_001043260.1	271	k121_84479_1	N/A	37.500	67	184	6.85e-28	109
WP_001043260.1	271	k121_510445_1	N/A	48.544	38	103	3.56e-27	105
WP_001043260.1	271	k121_1771598_6	N/A	27.547	96	265	3.67e-27	109
WP_001043260.1	271	k121_177880_4	N/A	29.588	97	267	3.71e-27	111
WP_001043260.1	271	k121_1941375_1	N/A	36.905	61	168	4.74e-27	106
WP_001043260.1	271	k121_1887661_2	N/A	29.588	97	267	5.26e-27	111
WP_001043260.1	271	k121_1328110_1	N/A	29.658	95	263	6.63e-27	109
WP_001043260.1	271	k121_865507_39	N/A	28.063	92	253	2.94e-26	107
WP_001043260.1	271	k121_639924_6	N/A	29.482	91	251	4.34e-25	104
WP_001043260.1	271	k121_127760_2	N/A	32.018	77	228	8.87e-25	103
WP_001043260.1	271	k121_564230_11	N/A	33.065	90	248	9.14e-25	105
WP_001043260.1	271	k121_1893055_2	N/A	32.099	86	243	1.24e-24	102
WP_001043260.1	271	k121_538894_1	N/A	35.747	80	221	1.40e-24	103
WP_001043260.1	271	k121_279547_2	N/A	29.719	91	249	1.64e-24	102
WP_001043260.1	271	k121_89055_8	N/A	32.959	97	267	2.33e-24	104
WP_001043260.1	271	k121_775203_1	N/A	34.902	92	255	6.99e-24	100
WP_001043260.1	271	k121_1258650_1	N/A	33.862	64	189	9.45e-24	98.6
WP_001043260.1	271	k121_40138_1	N/A	29.864	80	221	1.23e-23	99.4
WP_001043260.1	271	k121_885468_1	N/A	36.184	56	152	1.74e-23	97.4
WP_001043260.1	271	k121_513970_1	N/A	34.899	55	149	2.96e-23	97.1
WP_001043260.1	271	k121_1342363_1	N/A	36.508	46	126	2.22e-22	94.0
WP_001043260.1	271	k121_881627_1	N/A	28.870	87	239	4.37e-22	95.5
WP_001043260.1	271	k121_361563_1	N/A	63.077	24	65	1.51e-21	89.0
WP_001043260.1	271	k121_1572788_2	N/A	30.800	90	250	2.70e-21	94.4
WP_001043260.1	271	k121_1088199_2	N/A	35.260	63	173	2.80e-21	91.7
WP_001043260.1	271	k121_192695_1	N/A	33.333	64	180	3.32e-21	92.4
WP_001043260.1	271	k121_209659_1	N/A	46.535	37	101	3.93e-21	90.1
WP_001043260.1	271	k121_1065699_2	N/A	36.290	45	124	1.05e-20	89.0
WP_001043260.1	271	k121_717167_1	N/A	37.324	52	142	2.64e-20	88.6
WP_001043260.1	271	k121_523037_2	N/A	37.209	46	129	5.62e-20	87.8
WP_001043260.1	271	k121_1079920_1	N/A	50.575	32	87	6.10e-20	85.9
WP_001043260.1	271	k121_51026_1	N/A	33.735	85	249	6.73e-20	92.8
WP_001043260.1	271	k121_786728_2	N/A	44.086	34	93	7.04e-20	86.3
WP_001043260.1	271	k121_1069236_2	N/A	31.868	67	182	1.01e-19	88.6
WP_001043260.1	271	k121_1199822_1	N/A	30.224	96	268	2.20e-19	89.0
WP_001043260.1	271	k121_1144877_2	N/A	42.308	38	104	3.52e-19	85.1
WP_001043260.1	271	k121_618929_1	N/A	34.416	56	154	3.86e-19	86.3
WP_001043260.1	271	k121_1176977_1	N/A	31.928	60	166	5.79e-19	85.9
WP_001043260.1	271	k121_158102_4	N/A	29.204	82	226	6.94e-19	86.7
WP_001043260.1	271	k121_1071535_1	N/A	27.039	85	233	8.03e-19	86.7
WP_001043260.1	271	k121_1502045_1	N/A	35.606	46	132	8.44e-19	84.7
WP_001043260.1	271	k121_180395_2	N/A	29.646	82	226	2.47e-18	85.1
WP_001043260.1	271	k121_217495_1	N/A	27.556	82	225	4.33e-18	84.3
WP_001043260.1	271	k121_871259_1	N/A	28.959	76	221	6.92e-18	84.0
WP_001043260.1	271	k121_849358_1	N/A	38.400	46	125	7.26e-18	82.8
WP_001043260.1	271	k121_778956_1	N/A	32.710	75	214	7.79e-18	84.0
WP_001043260.1	271	k121_601647_1	N/A	42.105	46	133	1.06e-17	82.0
WP_001043260.1	271	k121_525458_2	N/A	27.941	95	272	2.17e-17	84.0
WP_001043260.1	271	k121_345745_25	N/A	30.469	91	256	2.51e-17	84.0
WP_001043260.1	271	k121_1463587_2	N/A	29.924	80	264	2.57e-17	84.3
WP_001043260.1	271	k121_291846_1	N/A	46.835	29	79	2.91e-17	78.6
WP_001043260.1	271	k121_960431_2	N/A	48.148	30	81	3.96e-17	78.6
WP_001043260.1	271	k121_1021291_1	N/A	30.968	56	155	5.71e-17	80.1
WP_001043260.1	271	k121_1192405_1	N/A	30.233	63	172	6.57e-17	80.5
WP_001043260.1	271	k121_841007_5	N/A	40.000	62	175	7.24e-17	80.1
WP_001043260.1	271	k121_967902_1	N/A	30.387	65	181	7.90e-17	80.1
WP_001043260.1	271	k121_358199_3	N/A	40.541	38	111	9.40e-17	78.6
WP_001043260.1	271	k121_99109_6	N/A	31.225	91	253	1.07e-16	81.6
WP_001043260.1	271	k121_1028981_1	N/A	46.575	27	73	1.94e-16	76.3
WP_001043260.1	271	k121_1844123_1	N/A	33.077	46	130	2.34e-16	78.2
WP_001043260.1	271	k121_1614897_2	N/A	37.864	37	103	2.54e-16	78.6
WP_001043260.1	271	k121_586140_1	N/A	25.561	81	223	2.99e-16	79.7
WP_001043260.1	271	k121_1424254_1	N/A	28.502	75	207	3.02e-16	79.0
WP_001043260.1	271	k121_1912913_1	N/A	31.638	64	177	3.42e-16	78.6
WP_001043260.1	271	k121_1228608_1	N/A	31.902	59	163	4.93e-16	77.4
WP_001043260.1	271	k121_1247008_1	N/A	41.237	36	97	7.11e-16	75.1
WP_001043260.1	271	k121_128939_1	N/A	35.500	71	200	8.77e-16	77.8
WP_001043260.1	271	k121_1531597_2	N/A	40.196	37	102	1.17e-15	77.4
WP_001043260.1	271	k121_390063_1	N/A	41.111	33	90	1.76e-15	74.3
WP_001043260.1	271	k121_1082829_1	N/A	49.296	26	71	2.41e-15	73.2
WP_001043260.1	271	k121_54188_1	N/A	44.156	28	77	3.60e-15	72.8
WP_001043260.1	271	k121_526925_1	N/A	27.692	70	195	9.11e-15	74.7
WP_001043260.1	271	k121_403804_5	N/A	29.609	64	179	1.28e-14	74.3
WP_001043260.1	271	k121_1459726_1	N/A	33.813	49	139	1.58e-14	73.6
WP_001043260.1	271	k121_1554536_1	N/A	33.333	65	177	1.72e-14	73.6
WP_001043260.1	271	k121_1311007_2	N/A	29.344	92	259	3.19e-14	74.7
WP_001043260.1	271	k121_1198725_1	N/A	48.485	24	66	3.38e-14	69.7
WP_001043260.1	271	k121_331524_1	N/A	32.143	62	168	3.79e-14	72.4
WP_001043260.1	271	k121_1755409_1	N/A	44.595	27	74	5.31e-14	69.7
WP_001043260.1	271	k121_652727_1	N/A	28.346	90	254	5.87e-14	74.7
WP_001043260.1	271	k121_1256403_1	N/A	33.793	53	145	1.51e-13	70.9
WP_001043260.1	271	k121_928322_2	N/A	39.024	45	123	1.59e-13	70.1
WP_001043260.1	271	k121_829272_3	N/A	38.843	44	121	1.67e-13	69.7
WP_001043260.1	271	k121_512883_2	N/A	33.803	52	142	2.11e-13	69.7
WP_001043260.1	271	k121_1602223_2	N/A	45.882	31	85	2.34e-13	68.2
WP_001043260.1	271	k121_1896716_1	N/A	28.824	60	170	6.70e-13	68.9
WP_001043260.1	271	k121_380489_1	N/A	27.568	68	185	6.79e-13	69.3
WP_001043260.1	271	k121_1449468_1	N/A	39.815	37	108	7.96e-13	68.6
WP_001043260.1	271	k121_1710245_1	N/A	27.219	61	169	1.14e-12	68.6
WP_001043260.1	271	k121_1858863_1	N/A	52.542	22	59	1.59e-12	65.5
WP_001043260.1	271	k121_106578_1	N/A	36.458	35	96	2.01e-12	66.2
WP_001043260.1	271	k121_191032_1	N/A	43.056	27	72	2.49e-12	65.5
WP_001043260.1	271	k121_1937527_1	N/A	28.415	64	183	3.01e-12	68.2
WP_001043260.1	271	k121_1532644_2	N/A	42.268	35	97	9.54e-12	64.3
WP_001043260.1	271	k121_415261_2	N/A	29.091	80	220	1.75e-11	66.2
WP_001043260.1	271	k121_1048740_1	N/A	29.897	70	194	2.06e-11	65.5
WP_001043260.1	271	k121_1598359_1	N/A	30.488	58	164	3.67e-11	64.3
WP_001043260.1	271	k121_132164_1	N/A	47.170	20	53	1.00e-10	60.8
WP_001043260.1	271	k121_844767_1	N/A	34.286	38	105	1.23e-10	61.6
WP_001043260.1	271	k121_1839625_1	N/A	23.963	79	217	1.27e-10	63.5
WP_001043260.1	271	k121_682546_1	N/A	28.313	61	166	2.44e-10	62.0
WP_001043260.1	271	k121_1561094_2	N/A	32.353	37	102	3.56e-10	60.5
WP_001043260.1	271	k121_336299_1	N/A	33.607	44	122	3.76e-10	60.8
WP_001043260.1	271	k121_107284_1	N/A	41.772	27	79	5.04e-10	59.7
WP_001043260.1	271	k121_1247687_1	N/A	30.573	57	157	6.23e-10	60.8
WP_001043260.1	271	k121_1830300_1	N/A	38.596	42	114	8.91e-10	59.7
WP_001043260.1	271	k121_840485_2	N/A	29.310	63	174	9.59e-10	60.8
WP_001043260.1	271	k121_1153282_5	N/A	43.056	26	72	1.09e-09	62.4
WP_001043260.1	271	k121_1106445_2	N/A	26.486	66	185	1.18e-09	60.5
WP_001043260.1	271	k121_1347545_1	N/A	40.506	29	79	2.52e-09	61.2
WP_001043260.1	271	k121_339275_2	N/A	34.906	39	106	3.94e-09	58.2
WP_001043260.1	271	k121_931430_1	N/A	29.060	43	117	5.00e-09	58.2
WP_001043260.1	271	k121_1345980_2	N/A	34.091	45	132	8.27e-09	57.0
WP_001043260.1	271	k121_15084_1	N/A	32.075	37	106	1.52e-08	58.2
WP_001043260.1	271	k121_387135_1	N/A	29.381	70	194	1.54e-08	57.4
WP_001043260.1	271	k121_270103_1	N/A	43.284	25	67	2.06e-08	57.0
WP_001043260.1	271	k121_953065_1	N/A	40.323	23	62	3.60e-08	54.3
WP_001043260.1	271	k121_830012_2	N/A	39.423	38	104	4.37e-08	53.9
WP_001043260.1	271	k121_1454780_3	N/A	36.538	38	104	1.44e-07	52.8
WP_001043260.1	271	k121_426848_1	N/A	27.826	42	115	2.94e-07	52.4
WP_001043260.1	271	k121_243604_2	N/A	49.231	24	65	3.50e-07	50.8
WP_001043260.1	271	k121_1265081_1	N/A	40.909	32	88	7.07e-07	50.4
WP_001043260.1	271	k121_1802066_1	N/A	48.387	23	62	8.37e-07	49.3
WP_001043260.1	271	k121_192021_1	N/A	29.752	45	121	8.69e-07	51.6
WP_001043260.1	271	k121_64421_2	N/A	27.737	49	137	8.85e-07	51.6
WP_001043260.1	271	k121_1037819_2	N/A	36.145	31	83	2.79e-06	48.9
WP_001043260.1	271	k121_487151_2	N/A	24.460	51	139	1.04e-05	48.5
WP_001043260.1	271	k121_1362334_1	N/A	26.415	39	106	6.97e-05	45.8
WP_001043260.1	271	k121_373527_1	N/A	43.860	21	57	1.27e-04	43.1
WP_001043260.1	271	k121_15685_1	N/A	34.513	42	113	3.97e-04	43.5
WP_001043260.1	271	k121_1153282_4	N/A	21.675	69	203	4.47e-04	44.7
WP_001043260.1	271	k121_1384058_2	N/A	37.143	25	70	0.005	39.3
WP_001043260.1	271	k121_596601_2	N/A	36.364	36	110	0.006	40.0
WP_001043260.1	271	k121_776930_2	N/A	36.885	44	122	0.006	40.0
WP_001043260.1	271	k121_1621557_1	N/A	33.628	38	113	0.006	40.0
WP_001043260.1	271	k121_245187_1	N/A	24.138	43	116	0.008	39.7
WP_001043260.1	271	k121_580220_2	N/A	35.211	26	71	0.008	38.9
WP_001043260.1	271	k121_951116_2	N/A	35.294	25	68	0.016	37.4
WP_001043260.1	271	k121_216331_2	N/A	28.421	35	95	0.027	37.7
WP_001043260.1	271	k121_491119_2	N/A	43.396	20	53	0.034	36.6
WP_000034420.1	263	k121_1343594_3	N/A	60.392	97	255	2.43e-110	322
WP_000034420.1	263	k121_576131_3	N/A	52.124	98	259	3.39e-80	246
WP_000034420.1	263	k121_1166925_1	N/A	43.182	100	264	8.21e-78	240
WP_000034420.1	263	k121_1680459_2	N/A	40.541	98	259	1.19e-59	193
WP_000034420.1	263	k121_597420_19	N/A	42.045	98	264	3.74e-58	189
WP_000034420.1	263	k121_728954_3	N/A	40.927	98	259	4.34e-58	189
WP_000034420.1	263	k121_863849_1	N/A	40.152	98	264	2.82e-56	185
WP_000034420.1	263	k121_1624190_2	N/A	39.313	98	262	2.37e-53	177
WP_000034420.1	263	k121_1053040_10	N/A	38.372	98	258	2.55e-53	177
WP_000034420.1	263	k121_671909_1	N/A	41.224	92	245	1.27e-52	175
WP_000034420.1	263	k121_155946_1	N/A	38.610	97	259	3.64e-52	174
WP_000034420.1	263	k121_961341_7	N/A	37.452	98	259	3.99e-52	174
WP_000034420.1	263	k121_350615_1	N/A	37.786	99	262	2.25e-49	168
WP_000034420.1	263	k121_1632768_2	N/A	36.641	99	262	9.89e-48	163
WP_000034420.1	263	k121_1221740_5	N/A	37.594	99	266	1.24e-47	163
WP_000034420.1	263	k121_1900520_143	N/A	35.907	98	259	1.93e-47	162
WP_000034420.1	263	k121_1921827_2	N/A	34.340	99	265	2.67e-47	162
WP_000034420.1	263	k121_399536_17	N/A	36.803	99	269	8.37e-47	161
WP_000034420.1	263	k121_411162_7	N/A	36.364	99	264	7.22e-46	158
WP_000034420.1	263	k121_1835841_1	N/A	37.302	94	252	9.51e-46	157
WP_000034420.1	263	k121_948736_1	N/A	36.364	99	264	2.29e-45	157
WP_000034420.1	263	k121_1441054_7	N/A	39.163	99	263	1.21e-43	152
WP_000034420.1	263	k121_997529_2	N/A	34.630	96	257	1.52e-43	152
WP_000034420.1	263	k121_23768_24	N/A	35.897	99	273	5.69e-43	152
WP_000034420.1	263	k121_489877_14	N/A	34.848	98	264	3.39e-42	149
WP_000034420.1	263	k121_566859_1	N/A	34.307	99	274	1.45e-41	147
WP_000034420.1	263	k121_821043_2	N/A	35.249	98	261	1.42e-40	145
WP_000034420.1	263	k121_805171_2	N/A	36.194	98	268	3.85e-40	147
WP_000034420.1	263	k121_1591129_1	N/A	42.938	66	177	8.85e-40	139
WP_000034420.1	263	k121_327990_2	N/A	32.584	98	267	9.70e-40	143
WP_000034420.1	263	k121_496385_14	N/A	36.694	94	248	1.49e-39	144
WP_000034420.1	263	k121_416046_16	N/A	36.398	98	261	1.93e-39	141
WP_000034420.1	263	k121_1017308_2	N/A	32.740	99	281	6.59e-39	142
WP_000034420.1	263	k121_53980_4	N/A	32.830	98	265	1.13e-38	140
WP_000034420.1	263	k121_1652251_1	N/A	32.296	97	257	1.28e-38	139
WP_000034420.1	263	k121_879652_1	N/A	33.205	97	259	1.98e-38	139
WP_000034420.1	263	k121_805567_5	N/A	32.342	99	269	5.45e-38	137
WP_000034420.1	263	k121_1037197_6	N/A	36.122	97	263	2.99e-36	133
WP_000034420.1	263	k121_1553321_1	N/A	32.184	98	261	3.19e-36	134
WP_000034420.1	263	k121_1768898_2	N/A	32.721	99	272	4.45e-36	133
WP_000034420.1	263	k121_775848_1	N/A	37.572	66	173	1.61e-35	128
WP_000034420.1	263	k121_649960_2	N/A	34.328	99	268	1.86e-35	131
WP_000034420.1	263	k121_1887661_2	N/A	30.534	99	262	5.36e-35	132
WP_000034420.1	263	k121_1824819_1	N/A	40.500	75	200	7.89e-35	127
WP_000034420.1	263	k121_1745642_3	N/A	33.333	99	264	9.80e-35	129
WP_000034420.1	263	k121_1660532_3	N/A	32.946	97	258	1.16e-34	129
WP_000034420.1	263	k121_1013679_9	N/A	32.075	98	265	1.32e-34	129
WP_000034420.1	263	k121_177880_4	N/A	30.534	99	262	2.57e-34	130
WP_000034420.1	263	k121_20602_4	N/A	34.538	94	249	3.22e-34	128
WP_000034420.1	263	k121_1177042_1	N/A	36.207	65	174	3.43e-34	125
WP_000034420.1	263	k121_1798494_2	N/A	30.682	98	264	1.27e-33	127
WP_000034420.1	263	k121_599176_14	N/A	33.208	98	265	1.54e-33	127
WP_000034420.1	263	k121_1719058_1	N/A	35.185	82	216	1.73e-33	124
WP_000034420.1	263	k121_244429_1	N/A	31.439	99	264	1.80e-33	125
WP_000034420.1	263	k121_1079995_1	N/A	39.234	78	209	4.07e-33	124
WP_000034420.1	263	k121_203406_1	N/A	34.413	92	247	6.63e-33	124
WP_000034420.1	263	k121_1893055_2	N/A	34.137	93	249	2.27e-32	122
WP_000034420.1	263	k121_1772810_4	N/A	32.830	98	265	3.30e-32	123
WP_000034420.1	263	k121_1686467_2	N/A	33.071	95	254	3.57e-32	122
WP_000034420.1	263	k121_1136810_2	N/A	35.795	67	176	9.33e-32	119
WP_000034420.1	263	k121_1328771_2	N/A	30.996	98	271	1.42e-31	121
WP_000034420.1	263	k121_1941375_1	N/A	37.059	63	170	1.55e-30	115
WP_000034420.1	263	k121_707265_2	N/A	30.534	98	262	1.65e-30	118
WP_000034420.1	263	k121_1665528_2	N/A	31.522	99	276	1.79e-30	119
WP_000034420.1	263	k121_1328110_1	N/A	31.061	99	264	5.73e-30	117
WP_000034420.1	263	k121_1238596_3	N/A	31.852	98	270	7.09e-30	120
WP_000034420.1	263	k121_1667816_2	N/A	33.068	94	251	7.25e-30	117
WP_000034420.1	263	k121_564230_11	N/A	31.873	94	251	1.15e-29	118
WP_000034420.1	263	k121_1771598_6	N/A	32.210	99	267	1.29e-29	115
WP_000034420.1	263	k121_726315_2	N/A	31.061	98	264	9.00e-29	114
WP_000034420.1	263	k121_865507_39	N/A	31.076	94	251	9.66e-29	114
WP_000034420.1	263	k121_1572788_2	N/A	29.658	99	263	1.70e-28	113
WP_000034420.1	263	k121_1088199_2	N/A	35.838	66	173	1.94e-28	110
WP_000034420.1	263	k121_510445_1	N/A	50.000	40	106	2.08e-28	108
WP_000034420.1	263	k121_1778889_1	N/A	36.000	66	175	3.78e-28	109
WP_000034420.1	263	k121_89055_8	N/A	29.851	99	268	7.41e-28	113
WP_000034420.1	263	k121_1136956_2	N/A	29.231	97	260	6.90e-27	109
WP_000034420.1	263	k121_438907_1	N/A	32.778	68	180	1.12e-26	106
WP_000034420.1	263	k121_51026_1	N/A	34.454	87	238	1.78e-26	111
WP_000034420.1	263	k121_1580020_7	N/A	28.996	97	269	2.11e-26	107
WP_000034420.1	263	k121_278237_2	N/A	47.170	40	106	2.15e-26	103
WP_000034420.1	263	k121_1931980_2	N/A	30.631	83	222	2.40e-26	106
WP_000034420.1	263	k121_209659_1	N/A	44.444	44	117	3.36e-26	103
WP_000034420.1	263	k121_279547_2	N/A	29.924	99	264	4.09e-26	106
WP_000034420.1	263	k121_192695_1	N/A	33.880	67	183	7.08e-26	104
WP_000034420.1	263	k121_158102_4	N/A	32.203	88	236	8.46e-26	105
WP_000034420.1	263	k121_40138_1	N/A	32.444	83	225	1.11e-25	104
WP_000034420.1	263	k121_1199822_1	N/A	29.924	98	264	1.69e-25	105
WP_000034420.1	263	k121_1258650_1	N/A	33.155	66	187	1.79e-25	102
WP_000034420.1	263	k121_128939_1	N/A	34.123	79	211	2.37e-25	103
WP_000034420.1	263	k121_775203_1	N/A	32.171	94	258	6.41e-25	103
WP_000034420.1	263	k121_717167_1	N/A	40.000	47	125	7.66e-25	100
WP_000034420.1	263	k121_127760_2	N/A	30.837	81	227	8.51e-25	102
WP_000034420.1	263	k121_639924_6	N/A	30.159	94	252	1.00e-24	103
WP_000034420.1	263	k121_84479_1	N/A	32.948	65	173	1.78e-24	100
WP_000034420.1	263	k121_1065699_2	N/A	36.800	47	125	4.09e-24	97.8
WP_000034420.1	263	k121_217495_1	N/A	29.730	83	222	1.09e-23	99.4
WP_000034420.1	263	k121_885468_1	N/A	39.200	47	125	5.55e-23	95.9
WP_000034420.1	263	k121_778956_1	N/A	31.308	78	214	7.95e-23	97.1
WP_000034420.1	263	k121_513970_1	N/A	37.143	53	140	9.73e-23	95.5
WP_000034420.1	263	k121_1069236_2	N/A	33.152	69	184	1.15e-22	95.9
WP_000034420.1	263	k121_180395_2	N/A	27.727	83	220	1.90e-22	95.9
WP_000034420.1	263	k121_331524_1	N/A	36.970	63	165	2.02e-22	94.4
WP_000034420.1	263	k121_841007_5	N/A	35.465	65	172	2.15e-22	94.7
WP_000034420.1	263	k121_881627_1	N/A	28.452	90	239	2.50e-22	95.9
WP_000034420.1	263	k121_1256403_1	N/A	38.298	54	141	2.62e-22	94.0
WP_000034420.1	263	k121_849358_1	N/A	38.095	47	126	3.43e-22	94.0
WP_000034420.1	263	k121_538894_1	N/A	29.167	90	240	9.45e-22	95.1
WP_000034420.1	263	k121_1144877_2	N/A	41.121	41	107	1.12e-21	91.7
WP_000034420.1	263	k121_871259_1	N/A	30.131	83	229	2.24e-21	93.2
WP_000034420.1	263	k121_99109_6	N/A	29.502	98	261	4.15e-21	93.6
WP_000034420.1	263	k121_618929_1	N/A	36.943	59	157	4.68e-21	90.9
WP_000034420.1	263	k121_1071535_1	N/A	30.435	86	230	1.03e-20	91.7
WP_000034420.1	263	k121_1144348_20	N/A	29.670	65	182	1.07e-20	90.9
WP_000034420.1	263	k121_786728_2	N/A	43.478	35	92	1.72e-20	87.4
WP_000034420.1	263	k121_960431_2	N/A	51.220	31	82	4.01e-20	86.3
WP_000034420.1	263	k121_1463587_2	N/A	26.861	98	309	4.06e-20	92.0
WP_000034420.1	263	k121_652727_1	N/A	29.134	94	254	9.54e-20	90.9
WP_000034420.1	263	k121_1342363_1	N/A	34.959	47	123	1.08e-19	86.7
WP_000034420.1	263	k121_1554536_1	N/A	32.370	65	173	1.17e-19	87.0
WP_000034420.1	263	k121_345745_25	N/A	26.966	97	267	2.75e-19	89.0
WP_000034420.1	263	k121_1247008_1	N/A	41.237	37	97	2.86e-19	84.0
WP_000034420.1	263	k121_601647_1	N/A	37.879	48	132	2.99e-19	85.9
WP_000034420.1	263	k121_1079920_1	N/A	46.667	34	90	6.61e-19	82.8
WP_000034420.1	263	k121_106578_1	N/A	41.304	35	92	2.54e-18	82.0
WP_000034420.1	263	k121_390063_1	N/A	41.860	33	86	2.68e-18	81.6
WP_000034420.1	263	k121_1424254_1	N/A	30.622	77	209	1.02e-17	82.8
WP_000034420.1	263	k121_829272_3	N/A	38.525	46	122	1.42e-17	80.5
WP_000034420.1	263	k121_1311007_2	N/A	27.068	97	266	2.01e-17	83.2
WP_000034420.1	263	k121_525458_2	N/A	27.184	77	206	2.23e-17	83.6
WP_000034420.1	263	k121_1839625_1	N/A	30.233	80	215	4.08e-17	81.3
WP_000034420.1	263	k121_361563_1	N/A	56.061	25	66	5.93e-17	77.0
WP_000034420.1	263	k121_1531597_2	N/A	38.318	40	107	6.10e-17	80.9
WP_000034420.1	263	k121_1176977_1	N/A	31.737	62	167	6.63e-17	80.1
WP_000034420.1	263	k121_586140_1	N/A	29.461	89	241	6.86e-17	81.3
WP_000034420.1	263	k121_1844123_1	N/A	34.615	47	130	9.32e-17	79.3
WP_000034420.1	263	k121_1192405_1	N/A	29.834	68	181	3.44e-16	78.2
WP_000034420.1	263	k121_1082829_1	N/A	50.746	25	67	4.17e-16	75.1
WP_000034420.1	263	k121_291846_1	N/A	42.500	30	80	5.35e-16	75.1
WP_000034420.1	263	k121_1502045_1	N/A	34.884	47	129	6.07e-16	76.6
WP_000034420.1	263	k121_1912913_1	N/A	30.508	66	177	7.48e-16	77.4
WP_000034420.1	263	k121_339275_2	N/A	38.835	39	103	9.43e-16	76.3
WP_000034420.1	263	k121_928322_2	N/A	36.667	46	120	9.94e-16	75.9
WP_000034420.1	263	k121_523037_2	N/A	32.624	52	141	1.19e-15	76.3
WP_000034420.1	263	k121_682546_1	N/A	32.530	62	166	1.27e-15	76.3
WP_000034420.1	263	k121_1021291_1	N/A	31.746	47	126	1.43e-15	76.3
WP_000034420.1	263	k121_387135_1	N/A	27.320	71	194	1.49e-15	76.6
WP_000034420.1	263	k121_1937527_1	N/A	29.064	70	203	1.54e-15	77.0
WP_000034420.1	263	k121_1710245_1	N/A	28.022	68	182	2.34e-15	75.9
WP_000034420.1	263	k121_1830300_1	N/A	38.571	53	140	3.89e-15	74.3
WP_000034420.1	263	k121_1896716_1	N/A	31.126	54	151	5.07e-15	74.7
WP_000034420.1	263	k121_526925_1	N/A	27.723	75	202	6.88e-15	75.1
WP_000034420.1	263	k121_1755409_1	N/A	46.575	28	73	9.75e-15	71.6
WP_000034420.1	263	k121_967902_1	N/A	28.022	67	182	1.11e-14	73.9
WP_000034420.1	263	k121_1459726_1	N/A	31.343	50	134	2.17e-14	72.8
WP_000034420.1	263	k121_512883_2	N/A	33.333	54	144	3.37e-14	72.0
WP_000034420.1	263	k121_844767_1	N/A	39.423	39	104	5.91e-14	70.5
WP_000034420.1	263	k121_358199_3	N/A	37.615	39	109	6.39e-14	70.9
WP_000034420.1	263	k121_1198725_1	N/A	48.387	24	62	6.58e-14	68.9
WP_000034420.1	263	k121_380489_1	N/A	29.032	70	186	1.06e-13	71.2
WP_000034420.1	263	k121_54188_1	N/A	42.857	27	70	1.10e-13	68.9
WP_000034420.1	263	k121_426848_1	N/A	34.211	43	114	1.17e-13	70.1
WP_000034420.1	263	k121_1228608_1	N/A	31.288	61	163	1.98e-13	70.5
WP_000034420.1	263	k121_840485_2	N/A	31.016	70	187	2.25e-13	70.9
WP_000034420.1	263	k121_192021_1	N/A	30.667	56	150	2.85e-13	69.3
WP_000034420.1	263	k121_1106445_2	N/A	28.824	62	170	5.74e-13	69.3
WP_000034420.1	263	k121_1028981_1	N/A	42.857	27	70	9.99e-13	66.2
WP_000034420.1	263	k121_1614897_2	N/A	36.190	39	105	1.28e-12	68.6
WP_000034420.1	263	k121_403804_5	N/A	31.844	66	179	1.68e-12	68.6
WP_000034420.1	263	k121_64421_2	N/A	33.607	46	122	1.83e-12	67.4
WP_000034420.1	263	k121_668659_1	N/A	50.909	21	55	4.30e-12	63.5
WP_000034420.1	263	k121_1247687_1	N/A	31.361	63	169	4.37e-12	67.0
WP_000034420.1	263	k121_1345980_2	N/A	32.558	47	129	4.61e-12	65.9
WP_000034420.1	263	k121_1265081_1	N/A	41.860	33	86	7.69e-12	63.9
WP_000034420.1	263	k121_1048740_1	N/A	25.389	72	193	1.34e-11	65.9
WP_000034420.1	263	k121_1347545_1	N/A	43.590	29	78	1.91e-11	67.4
WP_000034420.1	263	k121_1598359_1	N/A	29.448	59	163	2.39e-11	64.7
WP_000034420.1	263	k121_1454780_3	N/A	36.275	38	102	3.42e-11	62.4
WP_000034420.1	263	k121_830012_2	N/A	40.594	38	101	5.00e-11	62.0
WP_000034420.1	263	k121_15685_1	N/A	35.714	43	112	6.75e-11	62.4
WP_000034420.1	263	k121_1858863_1	N/A	50.000	22	58	6.76e-11	60.8
WP_000034420.1	263	k121_487151_2	N/A	31.469	54	143	8.30e-11	62.8
WP_000034420.1	263	k121_1561094_2	N/A	33.010	38	103	1.29e-10	61.6
WP_000034420.1	263	k121_1449468_1	N/A	34.579	37	107	3.51e-10	61.2
WP_000034420.1	263	k121_1153282_5	N/A	41.026	29	78	4.21e-10	63.5
WP_000034420.1	263	k121_336299_1	N/A	38.739	41	111	4.85e-10	60.5
WP_000034420.1	263	k121_1532644_2	N/A	37.234	36	94	5.81e-10	59.3
WP_000034420.1	263	k121_243604_2	N/A	45.070	27	71	3.61e-09	56.2
WP_000034420.1	263	k121_1802066_1	N/A	49.153	22	59	3.90e-09	55.8
WP_000034420.1	263	k121_931430_1	N/A	30.612	37	98	4.89e-09	58.2
WP_000034420.1	263	k121_15084_1	N/A	36.190	37	105	5.78e-09	59.3
WP_000034420.1	263	k121_191032_1	N/A	35.714	27	70	9.31e-09	55.8
WP_000034420.1	263	k121_491119_2	N/A	45.614	22	57	2.47e-08	53.5
WP_000034420.1	263	k121_1602223_2	N/A	39.241	30	79	2.50e-08	54.3
WP_000034420.1	263	k121_218818_1	N/A	27.632	57	152	2.52e-08	55.8
WP_000034420.1	263	k121_373527_1	N/A	50.909	21	55	2.92e-08	53.1
WP_000034420.1	263	k121_107284_1	N/A	35.802	28	81	4.11e-08	54.3
WP_000034420.1	263	k121_415261_2	N/A	26.364	82	220	6.50e-08	55.8
WP_000034420.1	263	k121_1384058_2	N/A	36.250	30	80	6.65e-08	53.1
WP_000034420.1	263	k121_953065_1	N/A	39.394	25	66	7.28e-08	53.5
WP_000034420.1	263	k121_270103_1	N/A	40.909	25	66	1.21e-07	54.7
WP_000034420.1	263	k121_1910255_12	N/A	42.593	21	54	1.38e-07	52.0
WP_000034420.1	263	k121_245187_1	N/A	30.894	46	123	3.93e-07	51.6
WP_000034420.1	263	k121_1621557_1	N/A	31.731	38	104	1.07e-06	50.8
WP_000034420.1	263	k121_1153282_4	N/A	22.886	71	201	2.72e-06	50.8
WP_000034420.1	263	k121_216331_2	N/A	30.556	41	108	1.18e-05	47.4
WP_000034420.1	263	k121_1362334_1	N/A	28.972	41	107	1.60e-05	47.4
WP_000034420.1	263	k121_89142_1	N/A	39.683	23	63	2.32e-05	45.8
WP_000034420.1	263	k121_596601_2	N/A	31.132	36	106	2.69e-05	46.6
WP_000034420.1	263	k121_951116_2	N/A	33.333	22	60	1.32e-04	43.1
WP_000034420.1	263	k121_776930_2	N/A	36.842	36	95	5.32e-04	43.1
WP_000034420.1	263	k121_1678028_5	N/A	38.158	29	76	0.001	41.2
WP_000034420.1	263	k121_1037819_2	N/A	31.250	36	96	0.001	41.6
WP_000034420.1	263	k121_1627651_2	N/A	46.429	21	56	0.002	39.7
WP_000034420.1	263	k121_442195_2	N/A	29.231	25	65	0.011	38.1
WP_000034420.1	263	k121_254297_1	N/A	34.545	21	55	0.016	37.4
WP_000034420.1	263	k121_194127_2	N/A	31.111	34	90	0.056	36.6
WP_000034420.1	263	k121_617784_2	N/A	32.308	24	65	0.072	36.2
WP_000845048.1	337	k121_674094_1	N/A	100.000	71	238	4.08e-173	483
WP_000845048.1	337	k121_1026937_1	N/A	78.175	75	252	2.89e-147	418
WP_000845048.1	337	k121_235030_2	N/A	63.444	96	331	1.71e-144	416
WP_000845048.1	337	k121_351033_1	N/A	70.144	82	278	1.37e-140	403
WP_000845048.1	337	k121_309011_4	N/A	59.810	94	316	9.92e-131	379
WP_000845048.1	337	k121_1481006_1	N/A	59.177	94	316	4.48e-129	375
WP_000845048.1	337	k121_1222462_7	N/A	60.377	94	318	2.26e-128	373
WP_000845048.1	337	k121_1118005_2	N/A	55.963	97	327	1.47e-127	371
WP_000845048.1	337	k121_946856_1	N/A	76.106	67	226	7.33e-124	358
WP_000845048.1	337	k121_966446_1	N/A	58.228	94	316	1.58e-121	356
WP_000845048.1	337	k121_1833299_1	N/A	56.051	93	314	1.01e-116	343
WP_000845048.1	337	k121_923846_6	N/A	55.452	95	321	2.12e-116	344
WP_000845048.1	337	k121_1873047_1	N/A	57.483	85	294	6.32e-115	338
WP_000845048.1	337	k121_308278_18	N/A	54.062	95	320	7.87e-114	338
WP_000845048.1	337	k121_1907985_4	N/A	57.282	91	309	5.99e-112	332
WP_000845048.1	337	k121_1602292_2	N/A	53.231	96	325	7.82e-110	326
WP_000845048.1	337	k121_103225_1	N/A	68.487	71	238	3.50e-109	322
WP_000845048.1	337	k121_1945101_2	N/A	53.994	93	313	2.73e-104	313
WP_000845048.1	337	k121_1437978_1	N/A	50.784	95	319	4.57e-104	312
WP_000845048.1	337	k121_1097183_1	N/A	55.263	90	304	2.33e-103	307
WP_000845048.1	337	k121_944028_1	N/A	73.267	60	202	1.61e-101	300
WP_000845048.1	337	k121_1508983_2	N/A	53.156	89	301	3.57e-101	303
WP_000845048.1	337	k121_1239742_20	N/A	48.438	95	320	2.20e-98	297
WP_000845048.1	337	k121_1751853_1	N/A	52.396	93	313	1.70e-97	298
WP_000845048.1	337	k121_1386666_1	N/A	57.692	77	260	1.29e-96	290
WP_000845048.1	337	k121_1216110_1	N/A	100.000	41	139	3.43e-95	282
WP_000845048.1	337	k121_971613_1	N/A	49.051	94	316	8.94e-95	292
WP_000845048.1	337	k121_398629_1	N/A	57.377	72	244	1.48e-93	282
WP_000845048.1	337	k121_1483662_1	N/A	97.842	41	139	1.81e-93	278
WP_000845048.1	337	k121_1077057_1	N/A	47.302	93	315	2.11e-90	276
WP_000845048.1	337	k121_1400256_1	N/A	61.435	64	223	4.70e-89	270
WP_000845048.1	337	k121_1826335_3	N/A	46.349	93	315	8.16e-88	270
WP_000845048.1	337	k121_331101_7	N/A	60.550	63	218	1.58e-86	263
WP_000845048.1	337	k121_117648_1	N/A	72.881	53	177	2.46e-86	261
WP_000845048.1	337	k121_402855_1	N/A	66.489	56	188	2.95e-86	261
WP_000845048.1	337	k121_43412_1	N/A	47.516	93	322	3.28e-85	263
WP_000845048.1	337	k121_674212_1	N/A	46.732	91	306	4.55e-84	261
WP_000845048.1	337	k121_111132_1	N/A	65.909	52	176	9.95e-78	239
WP_000845048.1	337	k121_1640516_1	N/A	57.500	59	200	1.17e-73	229
WP_000845048.1	337	k121_420587_1	N/A	63.636	52	176	7.59e-73	226
WP_000845048.1	337	k121_1135959_1	N/A	43.662	84	284	6.02e-71	227
WP_000845048.1	337	k121_1140039_2	N/A	46.209	82	277	1.14e-68	220
WP_000845048.1	337	k121_1656772_1	N/A	42.164	79	268	2.27e-66	216
WP_000845048.1	337	k121_701613_1	N/A	53.886	57	193	4.06e-64	206
WP_000845048.1	337	k121_870574_3	N/A	58.434	49	166	6.70e-64	203
WP_000845048.1	337	k121_213191_1	N/A	56.818	52	176	2.00e-63	202
WP_000845048.1	337	k121_1484906_1	N/A	50.476	62	210	2.43e-63	203
WP_000845048.1	337	k121_970794_1	N/A	42.105	79	266	4.33e-63	205
WP_000845048.1	337	k121_1618047_1	N/A	59.659	52	176	1.36e-62	200
WP_000845048.1	337	k121_644727_1	N/A	55.319	56	188	4.52e-62	199
WP_000845048.1	337	k121_551068_1	N/A	56.571	50	175	5.61e-60	193
WP_000845048.1	337	k121_43203_1	N/A	58.434	49	166	4.79e-58	188
WP_000845048.1	337	k121_1224356_2	N/A	47.826	55	184	2.54e-57	187
WP_000845048.1	337	k121_699227_2	N/A	74.561	34	114	4.04e-57	184
WP_000845048.1	337	k121_428702_2	N/A	56.875	47	160	1.83e-55	182
WP_000845048.1	337	k121_1267344_1	N/A	45.749	72	247	1.08e-54	182
WP_000845048.1	337	k121_765287_1	N/A	52.941	50	170	6.31e-54	178
WP_000845048.1	337	k121_1146129_1	N/A	52.071	50	169	1.74e-53	177
WP_000845048.1	337	k121_873833_2	N/A	63.571	42	140	2.44e-53	176
WP_000845048.1	337	k121_734027_1	N/A	64.179	40	134	3.11e-53	177
WP_000845048.1	337	k121_734021_1	N/A	63.433	40	134	5.55e-53	176
WP_000845048.1	337	k121_1080823_1	N/A	45.498	63	211	3.23e-51	172
WP_000845048.1	337	k121_346238_2	N/A	66.393	36	122	2.77e-50	167
WP_000845048.1	337	k121_927295_1	N/A	45.506	53	178	2.86e-49	167
WP_000845048.1	337	k121_1788441_4	N/A	57.343	42	143	3.61e-49	165
WP_000845048.1	337	k121_1249690_1	N/A	62.016	38	129	4.15e-49	164
WP_000845048.1	337	k121_235790_1	N/A	49.730	55	185	7.63e-49	165
WP_000845048.1	337	k121_1655872_2	N/A	55.414	47	157	1.29e-48	164
WP_000845048.1	337	k121_946856_2	N/A	75.728	31	103	7.86e-47	158
WP_000845048.1	337	k121_1615574_1	N/A	79.775	26	89	5.58e-46	154
WP_000845048.1	337	k121_30341_3	N/A	56.173	48	162	7.98e-46	158
WP_000845048.1	337	k121_1516398_1	N/A	48.205	58	195	2.97e-45	156
WP_000845048.1	337	k121_1805756_1	N/A	47.150	57	193	8.10e-45	155
WP_000845048.1	337	k121_748300_5	N/A	35.258	97	329	3.96e-44	156
WP_000845048.1	337	k121_908169_6	N/A	68.571	31	105	4.53e-44	152
WP_000845048.1	337	k121_1364493_8	N/A	34.323	90	303	5.51e-44	160
WP_000845048.1	337	k121_1029539_1	N/A	69.524	31	105	6.65e-44	153
WP_000845048.1	337	k121_132551_1	N/A	71.296	29	108	8.99e-44	151
WP_000845048.1	337	k121_1479561_2	N/A	32.121	98	330	1.15e-43	160
WP_000845048.1	337	k121_403715_1	N/A	48.447	48	161	1.24e-43	151
WP_000845048.1	337	k121_641189_1	N/A	57.447	42	141	1.31e-43	150
WP_000845048.1	337	k121_1140515_1	N/A	86.420	24	81	3.30e-43	147
WP_000845048.1	337	k121_628_2	N/A	63.393	33	112	8.07e-43	148
WP_000845048.1	337	k121_499038_1	N/A	52.349	44	149	1.34e-42	149
WP_000845048.1	337	k121_1852841_1	N/A	50.289	51	173	3.56e-42	149
WP_000845048.1	337	k121_1303969_3	N/A	34.146	96	328	6.12e-42	150
WP_000845048.1	337	k121_603720_2	N/A	67.647	30	102	1.18e-41	144
WP_000845048.1	337	k121_1072480_1	N/A	55.814	38	129	1.45e-41	145
WP_000845048.1	337	k121_898721_1	N/A	76.404	26	89	3.59e-41	144
WP_000845048.1	337	k121_1639042_1	N/A	32.099	94	324	6.39e-41	150
WP_000845048.1	337	k121_908544_3	N/A	35.350	92	314	7.05e-41	147
WP_000845048.1	337	k121_1417433_1	N/A	53.571	41	140	8.90e-41	144
WP_000845048.1	337	k121_1907127_2	N/A	31.847	92	314	1.17e-40	153
WP_000845048.1	337	k121_376201_1	N/A	46.114	55	193	1.35e-40	144
WP_000845048.1	337	k121_1505621_1	N/A	49.398	49	166	2.11e-40	143
WP_000845048.1	337	k121_114864_3	N/A	58.594	38	128	3.53e-40	141
WP_000845048.1	337	k121_851849_2	N/A	33.121	93	314	3.62e-40	147
WP_000845048.1	337	k121_1739456_3	N/A	58.537	36	123	2.70e-39	139
WP_000845048.1	337	k121_213053_2	N/A	55.118	36	127	4.07e-39	140
WP_000845048.1	337	k121_1811995_1	N/A	43.750	47	160	4.12e-39	139
WP_000845048.1	337	k121_1619080_1	N/A	47.445	41	137	1.25e-38	138
WP_000845048.1	337	k121_420435_2	N/A	31.231	97	333	1.99e-38	143
WP_000845048.1	337	k121_311623_1	N/A	49.655	43	145	3.17e-38	137
WP_000845048.1	337	k121_883231_1	N/A	51.515	39	132	7.73e-38	135
WP_000845048.1	337	k121_563431_1	N/A	51.471	39	136	8.63e-38	135
WP_000845048.1	337	k121_63219_1	N/A	46.951	49	164	1.04e-37	136
WP_000845048.1	337	k121_947495_2	N/A	34.030	99	335	5.18e-36	135
WP_000845048.1	337	k121_641318_1	N/A	82.192	22	73	1.53e-35	127
WP_000845048.1	337	k121_369294_1	N/A	58.824	30	102	2.06e-35	128
WP_000845048.1	337	k121_1495644_1	N/A	32.667	88	300	3.01e-35	134
WP_000845048.1	337	k121_1763949_1	N/A	56.364	33	110	3.35e-35	128
WP_000845048.1	337	k121_1214607_2	N/A	30.818	93	318	4.16e-35	135
WP_000845048.1	337	k121_1393771_1	N/A	56.250	33	112	4.87e-35	128
WP_000845048.1	337	k121_1242909_1	N/A	36.134	70	238	1.42e-34	129
WP_000845048.1	337	k121_556204_1	N/A	61.224	29	98	1.65e-34	125
WP_000845048.1	337	k121_1680608_5	N/A	32.013	89	303	1.86e-34	132
WP_000845048.1	337	k121_573698_2	N/A	33.133	98	332	3.61e-34	130
WP_000845048.1	337	k121_673201_9	N/A	33.226	92	310	6.80e-34	129
WP_000845048.1	337	k121_1372773_2	N/A	29.909	96	331	8.52e-34	130
WP_000845048.1	337	k121_575499_1	N/A	33.887	89	301	8.68e-34	129
WP_000845048.1	337	k121_745873_2	N/A	73.171	24	82	9.64e-34	123
WP_000845048.1	337	k121_1384752_3	N/A	29.688	94	320	1.73e-33	128
WP_000845048.1	337	k121_1688601_1	N/A	33.225	90	307	1.92e-33	128
WP_000845048.1	337	k121_200833_1	N/A	28.994	98	338	1.55e-32	129
WP_000845048.1	337	k121_559563_2	N/A	33.882	90	304	2.29e-32	125
WP_000845048.1	337	k121_226385_2	N/A	63.265	29	98	4.69e-32	119
WP_000845048.1	337	k121_1569100_6	N/A	33.028	97	327	7.29e-32	125
WP_000845048.1	337	k121_115672_3	N/A	32.509	84	283	9.60e-32	124
WP_000845048.1	337	k121_403355_2	N/A	46.259	44	147	1.08e-31	120
WP_000845048.1	337	k121_1072183_1	N/A	31.761	93	318	2.13e-31	123
WP_000845048.1	337	k121_692416_2	N/A	32.219	97	329	4.96e-31	122
WP_000845048.1	337	k121_1154219_1	N/A	30.769	80	273	5.02e-31	120
WP_000845048.1	337	k121_1146129_2	N/A	32.390	93	318	5.32e-31	122
WP_000845048.1	337	k121_971947_2	N/A	31.761	93	318	7.17e-31	121
WP_000845048.1	337	k121_216174_17	N/A	65.556	27	90	6.95e-30	114
WP_000845048.1	337	k121_533941_2	N/A	27.778	90	306	8.03e-30	119
WP_000845048.1	337	k121_392354_1	N/A	72.603	22	73	1.15e-29	114
WP_000845048.1	337	k121_740319_1	N/A	31.930	84	285	1.24e-29	117
WP_000845048.1	337	k121_898203_2	N/A	32.733	97	333	1.27e-29	118
WP_000845048.1	337	k121_389983_2	N/A	27.744	95	328	1.58e-29	119
WP_000845048.1	337	k121_489038_1	N/A	30.838	94	334	2.57e-29	117
WP_000845048.1	337	k121_1089517_1	N/A	31.928	98	332	3.19e-29	119
WP_000845048.1	337	k121_300125_1	N/A	33.233	97	331	5.21e-29	117
WP_000845048.1	337	k121_1913455_3	N/A	56.818	26	88	5.71e-29	110
WP_000845048.1	337	k121_1268532_1	N/A	30.568	67	229	7.14e-29	114
WP_000845048.1	337	k121_165255_1	N/A	33.333	83	282	8.05e-29	115
WP_000845048.1	337	k121_568330_1	N/A	29.969	96	327	8.91e-29	117
WP_000845048.1	337	k121_42948_2	N/A	32.362	88	309	1.49e-28	115
WP_000845048.1	337	k121_1181290_1	N/A	32.237	90	304	1.53e-28	117
WP_000845048.1	337	k121_1819286_1	N/A	31.579	83	285	3.96e-28	114
WP_000845048.1	337	k121_491020_4	N/A	31.229	88	301	4.79e-28	114
WP_000845048.1	337	k121_1551455_1	N/A	27.445	93	317	6.15e-28	114
WP_000845048.1	337	k121_461380_2	N/A	32.432	66	222	8.33e-28	111
WP_000845048.1	337	k121_176973_1	N/A	58.586	29	99	9.86e-28	109
WP_000845048.1	337	k121_575012_5	N/A	29.653	93	317	1.28e-27	115
WP_000845048.1	337	k121_153571_1	N/A	31.298	77	262	1.47e-27	111
WP_000845048.1	337	k121_1441010_1	N/A	26.935	94	323	3.43e-27	112
WP_000845048.1	337	k121_1507286_1	N/A	29.022	94	317	6.17e-27	111
WP_000845048.1	337	k121_1306573_1	N/A	32.743	66	226	1.41e-26	107
WP_000845048.1	337	k121_395123_2	N/A	62.651	25	83	2.35e-26	104
WP_000845048.1	337	k121_918098_1	N/A	33.106	84	293	3.29e-26	109
WP_000845048.1	337	k121_643667_1	N/A	38.356	65	219	5.15e-26	107
WP_000845048.1	337	k121_1278279_1	N/A	30.126	67	239	9.35e-26	107
WP_000845048.1	337	k121_1732424_2	N/A	35.897	57	195	1.11e-25	104
WP_000845048.1	337	k121_385243_1	N/A	30.063	88	316	1.25e-25	108
WP_000845048.1	337	k121_990168_1	N/A	30.556	85	288	2.19e-25	106
WP_000845048.1	337	k121_385720_2	N/A	56.471	25	85	2.25e-25	101
WP_000845048.1	337	k121_261939_2	N/A	29.682	81	283	3.51e-25	106
WP_000845048.1	337	k121_53060_1	N/A	35.948	45	153	3.51e-25	104
WP_000845048.1	337	k121_1905359_12	N/A	30.038	75	263	3.61e-25	106
WP_000845048.1	337	k121_1219469_2	N/A	26.140	96	329	4.61e-25	106
WP_000845048.1	337	k121_1175216_1	N/A	59.259	24	81	8.14e-25	100
WP_000845048.1	337	k121_957210_1	N/A	32.812	91	320	8.40e-25	106
WP_000845048.1	337	k121_1122800_1	N/A	35.426	66	223	1.93e-24	102
WP_000845048.1	337	k121_1467915_1	N/A	47.059	30	102	3.49e-24	98.6
WP_000845048.1	337	k121_185958_1	N/A	30.882	77	272	3.54e-24	103
WP_000845048.1	337	k121_1476385_1	N/A	28.475	85	295	3.69e-24	106
WP_000845048.1	337	k121_337934_5	N/A	31.010	81	287	3.74e-24	103
WP_000845048.1	337	k121_602549_1	N/A	55.682	26	88	4.05e-24	100
WP_000845048.1	337	k121_1032661_1	N/A	30.070	85	286	5.74e-24	103
WP_000845048.1	337	k121_1888412_1	N/A	32.367	61	207	5.83e-24	100
WP_000845048.1	337	k121_1723565_33	N/A	33.574	76	277	6.75e-24	103
WP_000845048.1	337	k121_337231_2	N/A	31.441	66	229	7.74e-24	102
WP_000845048.1	337	k121_1802003_3	N/A	48.936	28	94	8.61e-24	97.4
WP_000845048.1	337	k121_346386_1	N/A	36.190	61	210	1.04e-23	100
WP_000845048.1	337	k121_473145_1	N/A	36.199	64	221	1.73e-23	99.8
WP_000845048.1	337	k121_1509023_1	N/A	40.571	52	175	1.73e-23	98.6
WP_000845048.1	337	k121_1946536_1	N/A	60.811	22	74	2.05e-23	95.9
WP_000845048.1	337	k121_1163545_2	N/A	56.962	23	79	3.49e-23	95.5
WP_000845048.1	337	k121_17827_2	N/A	31.438	85	299	6.08e-23	100
WP_000845048.1	337	k121_1024313_2	N/A	56.977	26	86	7.88e-23	95.9
WP_000845048.1	337	k121_108213_5	N/A	32.000	78	275	8.52e-23	100
WP_000845048.1	337	k121_149088_2	N/A	33.203	72	256	1.13e-22	100
WP_000845048.1	337	k121_849434_2	N/A	27.425	85	299	1.50e-22	99.8
WP_000845048.1	337	k121_1694375_1	N/A	33.136	50	169	1.72e-22	99.0
WP_000845048.1	337	k121_276556_1	N/A	30.435	87	299	2.35e-22	98.6
WP_000845048.1	337	k121_224764_3	N/A	28.125	84	288	3.18e-22	98.6
WP_000845048.1	337	k121_1687402_2	N/A	33.498	60	203	6.42e-22	94.7
WP_000845048.1	337	k121_111956_6	N/A	29.097	85	299	6.42e-22	98.2
WP_000845048.1	337	k121_73021_1	N/A	33.668	59	199	1.07e-21	94.4
WP_000845048.1	337	k121_459901_1	N/A	27.090	85	299	1.22e-21	97.4
WP_000845048.1	337	k121_1189117_1	N/A	30.000	84	300	1.45e-21	97.1
WP_000845048.1	337	k121_1555938_2	N/A	34.112	62	214	1.47e-21	97.1
WP_000845048.1	337	k121_1490505_2	N/A	34.104	51	173	1.62e-21	92.4
WP_000845048.1	337	k121_1391012_2	N/A	27.852	84	298	1.71e-21	96.7
WP_000845048.1	337	k121_1052936_1	N/A	38.220	57	191	2.18e-21	92.8
WP_000845048.1	337	k121_1920186_1	N/A	35.789	56	190	2.32e-21	93.2
WP_000845048.1	337	k121_1634495_1	N/A	31.628	62	215	2.82e-21	93.6
WP_000845048.1	337	k121_1336760_2	N/A	28.094	85	299	3.07e-21	96.3
WP_000845048.1	337	k121_1120719_3	N/A	26.812	79	276	3.27e-21	94.7
WP_000845048.1	337	k121_964156_1	N/A	33.178	62	214	3.46e-21	94.7
WP_000845048.1	337	k121_83555_2	N/A	28.659	90	328	4.14e-21	96.3
WP_000845048.1	337	k121_1096971_10	N/A	30.038	73	263	4.61e-21	95.9
WP_000845048.1	337	k121_284318_1	N/A	30.126	67	239	4.67e-21	94.0
WP_000845048.1	337	k121_616749_1	N/A	34.239	55	184	4.83e-21	92.0
WP_000845048.1	337	k121_1222282_25	N/A	30.450	81	289	5.28e-21	95.5
WP_000845048.1	337	k121_1871108_1	N/A	26.255	76	259	6.02e-21	93.2
WP_000845048.1	337	k121_136563_1	N/A	42.038	45	157	7.17e-21	94.4
WP_000845048.1	337	k121_1694284_2	N/A	29.474	81	285	7.20e-21	95.1
WP_000845048.1	337	k121_1845263_3	N/A	34.545	63	220	8.49e-21	94.7
WP_000845048.1	337	k121_1591171_1	N/A	34.783	66	230	8.61e-21	94.0
WP_000845048.1	337	k121_1277022_1	N/A	37.500	55	184	1.27e-20	90.9
WP_000845048.1	337	k121_1319056_3	N/A	28.205	86	312	1.60e-20	94.0
WP_000845048.1	337	k121_1437552_1	N/A	26.766	77	269	1.60e-20	92.8
WP_000845048.1	337	k121_1477858_1	N/A	32.734	80	278	1.74e-20	93.2
WP_000845048.1	337	k121_380122_2	N/A	27.372	78	274	2.32e-20	93.6
WP_000845048.1	337	k121_1519022_2	N/A	27.302	88	315	2.67e-20	93.2
WP_000845048.1	337	k121_730780_1	N/A	31.746	74	252	2.75e-20	91.3
WP_000845048.1	337	k121_1587580_3	N/A	30.526	83	285	3.20e-20	92.0
WP_000845048.1	337	k121_207329_9	N/A	30.392	85	306	3.65e-20	93.6
WP_000845048.1	337	k121_1461104_1	N/A	37.671	42	146	4.07e-20	90.5
WP_000845048.1	337	k121_1554530_1	N/A	30.942	64	223	4.38e-20	91.7
WP_000845048.1	337	k121_1715799_1	N/A	32.547	61	212	4.44e-20	90.5
WP_000845048.1	337	k121_739345_1	N/A	35.193	66	233	4.53e-20	92.4
WP_000845048.1	337	k121_1778997_2	N/A	31.655	82	278	4.63e-20	92.0
WP_000845048.1	337	k121_1653434_1	N/A	32.161	59	199	5.47e-20	89.4
WP_000845048.1	337	k121_908940_6	N/A	27.848	88	316	5.91e-20	92.4
WP_000845048.1	337	k121_732030_2	N/A	35.326	55	184	6.72e-20	92.0
WP_000845048.1	337	k121_230222_1	N/A	34.359	57	195	7.04e-20	89.0
WP_000845048.1	337	k121_976340_4	N/A	30.455	64	220	8.61e-20	92.0
WP_000845048.1	337	k121_1532043_166	N/A	27.007	79	274	9.11e-20	92.0
WP_000845048.1	337	k121_1279583_3	N/A	32.482	76	274	9.29e-20	91.7
WP_000845048.1	337	k121_1394802_1	N/A	33.028	63	218	9.40e-20	92.0
WP_000845048.1	337	k121_1939724_2	N/A	27.575	83	301	1.63e-19	91.3
WP_000845048.1	337	k121_536976_2	N/A	30.942	64	223	1.68e-19	91.7
WP_000845048.1	337	k121_1714653_2	N/A	33.455	78	275	1.79e-19	91.3
WP_000845048.1	337	k121_1450049_4	N/A	26.014	83	296	1.82e-19	90.9
WP_000845048.1	337	k121_1165997_5	N/A	31.944	64	216	2.10e-19	88.2
WP_000845048.1	337	k121_1562843_1	N/A	31.050	65	219	2.25e-19	87.8
WP_000845048.1	337	k121_1156627_1	N/A	34.896	57	192	2.40e-19	87.8
WP_000845048.1	337	k121_1329808_7	N/A	29.000	84	300	2.62e-19	90.5
WP_000845048.1	337	k121_525305_3	N/A	33.889	52	180	4.05e-19	87.8
WP_000845048.1	337	k121_241800_1	N/A	28.763	85	299	4.79e-19	89.7
WP_000845048.1	337	k121_1457922_2	N/A	30.855	76	269	4.83e-19	90.1
WP_000845048.1	337	k121_150842_20	N/A	30.719	85	306	6.42e-19	90.1
WP_000845048.1	337	k121_1329636_2	N/A	33.019	61	212	6.60e-19	89.7
WP_000845048.1	337	k121_449681_4	N/A	34.579	62	214	6.79e-19	89.4
WP_000845048.1	337	k121_1795277_20	N/A	29.655	82	290	7.12e-19	89.4
WP_000845048.1	337	k121_1858718_3	N/A	25.753	85	299	7.39e-19	89.0
WP_000845048.1	337	k121_1749628_3	N/A	30.897	85	301	8.23e-19	89.0
WP_000845048.1	337	k121_410195_5	N/A	25.902	87	305	1.01e-18	89.0
WP_000845048.1	337	k121_5188_1	N/A	27.532	93	316	1.05e-18	88.6
WP_000845048.1	337	k121_1490743_1	N/A	30.055	53	183	1.22e-18	86.3
WP_000845048.1	337	k121_1337942_1	N/A	29.204	64	226	1.30e-18	86.7
WP_000845048.1	337	k121_1947411_1	N/A	32.984	56	191	1.56e-18	85.5
WP_000845048.1	337	k121_1472912_1	N/A	32.547	61	212	1.58e-18	88.2
WP_000845048.1	337	k121_634744_1	N/A	31.604	61	212	1.63e-18	86.3
WP_000845048.1	337	k121_1865275_2	N/A	35.955	53	178	1.64e-18	88.2
WP_000845048.1	337	k121_1330588_1	N/A	27.857	80	280	1.76e-18	88.2
WP_000845048.1	337	k121_354987_1	N/A	50.000	27	92	1.86e-18	85.1
WP_000845048.1	337	k121_453923_1	N/A	52.632	23	76	2.31e-18	82.8
WP_000845048.1	337	k121_553936_1	N/A	30.037	77	273	2.61e-18	87.8
WP_000845048.1	337	k121_834206_2	N/A	34.239	55	184	2.68e-18	87.8
WP_000845048.1	337	k121_1494095_3	N/A	37.912	54	182	3.20e-18	87.4
WP_000845048.1	337	k121_1136488_1	N/A	31.068	61	206	3.26e-18	85.5
WP_000845048.1	337	k121_1111180_1	N/A	31.788	45	151	3.34e-18	84.3
WP_000845048.1	337	k121_224803_2	N/A	29.020	74	255	3.41e-18	86.3
WP_000845048.1	337	k121_148107_1	N/A	33.184	64	223	4.26e-18	86.7
WP_000845048.1	337	k121_568617_2	N/A	30.909	63	220	4.41e-18	87.0
WP_000845048.1	337	k121_1165997_4	N/A	23.529	90	306	5.06e-18	86.7
WP_000845048.1	337	k121_1815343_1	N/A	32.227	62	211	5.26e-18	85.1
WP_000845048.1	337	k121_441420_3	N/A	25.503	82	298	5.41e-18	86.7
WP_000845048.1	337	k121_1339966_1	N/A	30.890	56	191	5.53e-18	83.2
WP_000845048.1	337	k121_1702033_1	N/A	29.694	66	229	6.65e-18	85.1
WP_000845048.1	337	k121_53380_1	N/A	31.050	64	219	7.71e-18	84.3
WP_000845048.1	337	k121_755583_1	N/A	30.000	77	270	7.81e-18	85.9
WP_000845048.1	337	k121_1468302_1	N/A	62.121	20	66	7.90e-18	81.3
WP_000845048.1	337	k121_837918_1	N/A	29.464	64	224	7.95e-18	84.7
WP_000845048.1	337	k121_1155338_18	N/A	25.566	86	309	9.00e-18	86.3
WP_000845048.1	337	k121_575767_1	N/A	35.047	62	214	9.68e-18	84.0
WP_000845048.1	337	k121_1820047_1	N/A	32.203	53	177	1.09e-17	82.8
WP_000845048.1	337	k121_315645_2	N/A	30.804	65	224	1.12e-17	86.3
WP_000845048.1	337	k121_1597161_3	N/A	35.909	63	220	1.25e-17	86.3
WP_000845048.1	337	k121_683864_1	N/A	32.243	62	214	1.43e-17	84.7
WP_000845048.1	337	k121_230745_8	N/A	30.364	71	247	1.55e-17	85.9
WP_000845048.1	337	k121_31568_3	N/A	34.682	51	173	1.58e-17	82.4
WP_000845048.1	337	k121_119981_1	N/A	29.464	64	224	1.73e-17	85.1
WP_000845048.1	337	k121_1448438_2	N/A	28.859	85	298	1.76e-17	85.5
WP_000845048.1	337	k121_216748_2	N/A	38.095	50	168	1.89e-17	81.6
WP_000845048.1	337	k121_661499_1	N/A	30.233	62	215	1.99e-17	83.2
WP_000845048.1	337	k121_1140811_2	N/A	54.667	22	75	2.08e-17	80.5
WP_000845048.1	337	k121_1856434_6	N/A	27.243	85	301	2.14e-17	85.1
WP_000845048.1	337	k121_634410_3	N/A	26.481	82	287	2.47e-17	85.1
WP_000845048.1	337	k121_1168288_1	N/A	31.923	74	260	2.60e-17	84.3
WP_000845048.1	337	k121_1873717_1	N/A	32.787	54	183	2.85e-17	82.4
WP_000845048.1	337	k121_1308452_1	N/A	25.095	74	263	2.91e-17	84.3
WP_000845048.1	337	k121_523701_1	N/A	29.070	51	172	5.64e-17	82.8
WP_000845048.1	337	k121_1813192_1	N/A	56.338	21	71	5.83e-17	80.9
WP_000845048.1	337	k121_602598_2	N/A	32.547	61	212	6.35e-17	82.4
WP_000845048.1	337	k121_1865969_1	N/A	32.685	71	257	6.51e-17	83.2
WP_000845048.1	337	k121_1079300_2	N/A	30.734	62	218	6.79e-17	82.0
WP_000845048.1	337	k121_511231_1	N/A	59.091	20	66	7.53e-17	78.6
WP_000845048.1	337	k121_107797_14	N/A	26.022	77	269	7.60e-17	84.0
WP_000845048.1	337	k121_1313060_1	N/A	32.093	62	215	8.79e-17	81.6
WP_000845048.1	337	k121_876084_2	N/A	34.375	57	192	9.22e-17	80.5
WP_000845048.1	337	k121_588558_14	N/A	31.364	62	220	9.46e-17	83.6
WP_000845048.1	337	k121_1849170_1	N/A	33.516	54	182	9.68e-17	80.5
WP_000845048.1	337	k121_430231_1	N/A	30.864	72	243	1.01e-16	81.3
WP_000845048.1	337	k121_1892594_2	N/A	28.155	90	309	1.02e-16	82.8
WP_000845048.1	337	k121_663928_117	N/A	36.517	53	178	1.13e-16	83.6
WP_000845048.1	337	k121_1702368_4	N/A	32.273	63	220	1.27e-16	83.2
WP_000845048.1	337	k121_1213118_1	N/A	35.714	54	182	1.35e-16	80.5
WP_000845048.1	337	k121_41534_1	N/A	26.959	88	319	1.36e-16	82.8
WP_000845048.1	337	k121_1604475_1	N/A	31.667	53	180	1.41e-16	80.1
WP_000845048.1	337	k121_1644224_3	N/A	31.416	66	226	1.60e-16	81.3
WP_000845048.1	337	k121_1471618_2	N/A	25.641	78	273	1.69e-16	82.8
WP_000845048.1	337	k121_1060086_2	N/A	33.516	53	182	1.79e-16	80.9
WP_000845048.1	337	k121_173402_1	N/A	27.723	85	303	1.79e-16	82.8
WP_000845048.1	337	k121_1876506_3	N/A	49.351	23	77	2.02e-16	77.4
WP_000845048.1	337	k121_868778_1	N/A	33.182	62	220	2.37e-16	80.5
WP_000845048.1	337	k121_1248562_2	N/A	28.146	88	302	2.47e-16	81.6
WP_000845048.1	337	k121_500897_1	N/A	27.273	76	275	2.63e-16	82.0
WP_000845048.1	337	k121_581377_2	N/A	30.488	70	246	2.80e-16	80.9
WP_000845048.1	337	k121_1685169_1	N/A	57.576	20	66	3.02e-16	76.6
WP_000845048.1	337	k121_1893187_2	N/A	31.163	62	215	3.19e-16	82.0
WP_000845048.1	337	k121_789832_1	N/A	28.986	78	276	3.23e-16	81.6
WP_000845048.1	337	k121_206482_5	N/A	29.667	85	300	3.54e-16	81.6
WP_000845048.1	337	k121_1807619_2	N/A	30.000	77	280	4.39e-16	81.6
WP_000845048.1	337	k121_175213_2	N/A	52.055	22	73	4.53e-16	75.9
WP_000845048.1	337	k121_1739108_1	N/A	31.977	51	172	4.62e-16	78.2
WP_000845048.1	337	k121_560651_1	N/A	30.693	58	202	5.35e-16	80.9
WP_000845048.1	337	k121_1356920_1	N/A	29.474	55	190	5.55e-16	81.3
WP_000845048.1	337	k121_1464377_1	N/A	31.183	55	186	6.09e-16	79.0
WP_000845048.1	337	k121_742342_2	N/A	26.821	88	302	6.31e-16	80.5
WP_000845048.1	337	k121_1904410_1	N/A	48.214	33	112	7.26e-16	78.2
WP_000845048.1	337	k121_133921_1	N/A	34.703	63	219	7.35e-16	80.9
WP_000845048.1	337	k121_1488907_2	N/A	31.731	61	208	7.79e-16	79.3
WP_000845048.1	337	k121_457185_1	N/A	24.444	77	270	8.79e-16	80.1
WP_000845048.1	337	k121_1241809_3	N/A	27.647	91	340	8.97e-16	81.3
WP_000845048.1	337	k121_892560_1	N/A	25.000	82	288	1.05e-15	79.7
WP_000845048.1	337	k121_452891_1	N/A	26.909	78	275	1.11e-15	80.5
WP_000845048.1	337	k121_1567857_4	N/A	32.014	77	278	1.24e-15	80.1
WP_000845048.1	337	k121_1429593_2	N/A	24.662	82	296	1.30e-15	79.7
WP_000845048.1	337	k121_1473994_4	N/A	28.372	62	215	1.38e-15	78.2
WP_000845048.1	337	k121_347239_2	N/A	29.775	53	178	1.39e-15	77.4
WP_000845048.1	337	k121_253020_2	N/A	36.628	51	172	1.56e-15	76.6
WP_000845048.1	337	k121_793758_1	N/A	32.812	55	192	1.69e-15	78.2
WP_000845048.1	337	k121_1366050_2	N/A	36.486	44	148	1.82e-15	75.9
WP_000845048.1	337	k121_1086825_1	N/A	29.730	54	185	1.98e-15	77.0
WP_000845048.1	337	k121_977711_4	N/A	29.630	69	243	2.70e-15	79.3
WP_000845048.1	337	k121_1365979_2	N/A	27.564	85	312	2.77e-15	79.0
WP_000845048.1	337	k121_1332255_2	N/A	29.944	53	177	3.30e-15	76.3
WP_000845048.1	337	k121_1239416_1	N/A	26.966	53	178	3.85e-15	75.9
WP_000845048.1	337	k121_1126682_38	N/A	27.841	52	176	3.96e-15	78.6
WP_000845048.1	337	k121_23416_4	N/A	31.159	78	276	4.05e-15	78.6
WP_000845048.1	337	k121_843556_2	N/A	31.641	72	256	4.09e-15	78.6
WP_000845048.1	337	k121_711864_2	N/A	31.148	54	183	4.13e-15	76.6
WP_000845048.1	337	k121_975299_3	N/A	25.778	64	225	4.14e-15	78.6
WP_000845048.1	337	k121_1118534_2	N/A	27.820	76	266	4.17e-15	78.6
WP_000845048.1	337	k121_1604108_3	N/A	32.258	53	186	4.87e-15	75.9
WP_000845048.1	337	k121_38347_5	N/A	37.584	43	149	5.01e-15	74.7
WP_000845048.1	337	k121_1948627_26	N/A	32.184	51	174	6.02e-15	75.5
WP_000845048.1	337	k121_1166158_1	N/A	29.384	60	211	6.10e-15	76.6
WP_000845048.1	337	k121_157815_2	N/A	51.316	23	76	6.15e-15	74.3
WP_000845048.1	337	k121_1098943_4	N/A	33.702	52	181	6.67e-15	75.5
WP_000845048.1	337	k121_543837_1	N/A	31.214	50	173	7.51e-15	75.9
WP_000845048.1	337	k121_719782_1	N/A	30.000	61	210	8.06e-15	77.8
WP_000845048.1	337	k121_1064757_3	N/A	40.449	26	89	8.11e-15	73.9
WP_000845048.1	337	k121_395569_2	N/A	50.667	22	75	8.70e-15	73.6
WP_000845048.1	337	k121_720011_1	N/A	32.189	66	233	9.41e-15	75.9
WP_000845048.1	337	k121_89638_1	N/A	34.831	53	178	1.03e-14	77.8
WP_000845048.1	337	k121_626322_1	N/A	32.778	53	180	1.11e-14	75.1
WP_000845048.1	337	k121_1764082_1	N/A	54.412	20	68	1.13e-14	72.8
WP_000845048.1	337	k121_602282_1	N/A	30.144	61	209	1.14e-14	77.4
WP_000845048.1	337	k121_886414_2	N/A	28.155	89	309	1.20e-14	77.4
WP_000845048.1	337	k121_1711221_5	N/A	25.969	76	258	1.24e-14	77.4
WP_000845048.1	337	k121_1299654_1	N/A	27.897	63	233	1.24e-14	77.0
WP_000845048.1	337	k121_1911970_2	N/A	27.668	73	253	1.51e-14	77.0
WP_000845048.1	337	k121_579937_3	N/A	32.051	67	234	1.59e-14	77.0
WP_000845048.1	337	k121_1398856_1	N/A	55.882	20	68	1.60e-14	73.2
WP_000845048.1	337	k121_564732_2	N/A	25.497	85	302	1.61e-14	77.0
WP_000845048.1	337	k121_150536_1	N/A	32.432	54	185	1.75e-14	74.3
WP_000845048.1	337	k121_1207953_1	N/A	30.808	59	198	1.97e-14	74.3
WP_000845048.1	337	k121_883642_1	N/A	31.068	58	206	2.13e-14	74.7
WP_000845048.1	337	k121_485065_2	N/A	40.777	30	103	2.44e-14	72.4
WP_000845048.1	337	k121_61543_1	N/A	39.362	28	94	2.45e-14	72.0
WP_000845048.1	337	k121_619441_3	N/A	25.402	86	311	2.52e-14	76.6
WP_000845048.1	337	k121_1645764_3	N/A	51.429	21	70	2.66e-14	72.0
WP_000845048.1	337	k121_425993_3	N/A	27.835	82	291	2.91e-14	76.3
WP_000845048.1	337	k121_188929_1	N/A	26.848	72	257	3.30e-14	75.5
WP_000845048.1	337	k121_1121772_3	N/A	28.276	82	290	3.42e-14	76.3
WP_000845048.1	337	k121_1129363_4	N/A	29.218	69	243	3.84e-14	75.9
WP_000845048.1	337	k121_1296161_10	N/A	27.523	63	218	4.33e-14	75.9
WP_000845048.1	337	k121_1041540_9	N/A	30.531	63	226	4.49e-14	75.9
WP_000845048.1	337	k121_792974_1	N/A	29.204	89	339	4.53e-14	76.3
WP_000845048.1	337	k121_1845746_2	N/A	25.767	48	163	4.67e-14	75.5
WP_000845048.1	337	k121_1520794_1	N/A	29.304	77	273	4.72e-14	75.5
WP_000845048.1	337	k121_1091088_1	N/A	28.512	70	242	4.92e-14	73.9
WP_000845048.1	337	k121_1127551_2	N/A	31.250	52	176	5.07e-14	72.8
WP_000845048.1	337	k121_1431713_1	N/A	31.731	60	208	5.50e-14	73.6
WP_000845048.1	337	k121_1887995_2	N/A	24.921	90	317	6.01e-14	75.5
WP_000845048.1	337	k121_602884_1	N/A	53.030	20	66	6.73e-14	70.5
WP_000845048.1	337	k121_637405_1	N/A	44.578	25	83	8.11e-14	70.5
WP_000845048.1	337	k121_1087263_1	N/A	32.571	52	175	8.44e-14	72.4
WP_000845048.1	337	k121_1244966_2	N/A	26.996	74	263	1.06e-13	74.7
WP_000845048.1	337	k121_85302_3	N/A	23.377	88	308	1.12e-13	74.3
WP_000845048.1	337	k121_501830_3	N/A	26.266	88	316	1.16e-13	74.3
WP_000845048.1	337	k121_55884_1	N/A	50.000	21	70	1.23e-13	70.9
WP_000845048.1	337	k121_103455_1	N/A	41.558	23	77	1.39e-13	69.3
WP_000845048.1	337	k121_1271213_2	N/A	31.818	63	220	1.44e-13	73.9
WP_000845048.1	337	k121_214899_3	N/A	29.870	66	231	1.82e-13	73.2
WP_000845048.1	337	k121_1440094_1	N/A	27.523	63	218	1.89e-13	72.8
WP_000845048.1	337	k121_1809172_3	N/A	34.694	42	147	1.96e-13	70.9
WP_000845048.1	337	k121_444529_1	N/A	32.420	62	219	2.02e-13	73.2
WP_000845048.1	337	k121_471723_1	N/A	22.727	88	308	2.46e-13	73.6
WP_000845048.1	337	k121_796693_3	N/A	29.918	71	244	2.62e-13	73.6
WP_000845048.1	337	k121_1238019_1	N/A	42.308	31	104	2.81e-13	69.3
WP_000845048.1	337	k121_1921841_3	N/A	31.737	50	167	2.95e-13	70.9
WP_000845048.1	337	k121_171605_1	N/A	32.301	63	226	3.00e-13	72.0
WP_000845048.1	337	k121_335049_2	N/A	29.699	75	266	3.30e-13	73.6
WP_000845048.1	337	k121_1569920_2	N/A	32.086	54	187	3.77e-13	70.9
WP_000845048.1	337	k121_1742490_1	N/A	29.944	53	177	3.85e-13	70.9
WP_000845048.1	337	k121_323379_1	N/A	31.492	54	181	4.08e-13	70.5
WP_000845048.1	337	k121_1006839_1	N/A	27.675	76	271	4.38e-13	72.4
WP_000845048.1	337	k121_244582_1	N/A	38.655	35	119	5.21e-13	68.2
WP_000845048.1	337	k121_1301616_1	N/A	27.841	52	176	5.71e-13	70.1
WP_000845048.1	337	k121_1741964_132	N/A	27.986	83	293	5.76e-13	72.8
WP_000845048.1	337	k121_1773897_1	N/A	28.729	53	181	6.13e-13	70.1
WP_000845048.1	337	k121_95329_1	N/A	32.222	53	180	6.69e-13	69.7
WP_000845048.1	337	k121_162972_1	N/A	29.412	75	272	7.00e-13	72.4
WP_000845048.1	337	k121_65831_1	N/A	31.395	51	172	7.02e-13	70.1
WP_000845048.1	337	k121_1939505_3	N/A	31.638	53	177	7.34e-13	72.4
WP_000845048.1	337	k121_679700_2	N/A	25.843	77	267	7.47e-13	72.0
WP_000845048.1	337	k121_642076_1	N/A	28.148	40	135	8.01e-13	69.7
WP_000845048.1	337	k121_328099_4	N/A	34.184	58	196	9.68e-13	71.6
WP_000845048.1	337	k121_820622_2	N/A	26.201	63	229	9.77e-13	72.0
WP_000845048.1	337	k121_1190740_2	N/A	51.389	21	72	1.06e-12	67.0
WP_000845048.1	337	k121_1488355_2	N/A	29.293	59	198	1.09e-12	70.1
WP_000845048.1	337	k121_1712580_4	N/A	25.547	76	274	1.13e-12	71.6
WP_000845048.1	337	k121_961617_2	N/A	30.000	56	190	1.27e-12	71.6
WP_000845048.1	337	k121_574859_5	N/A	29.600	69	250	1.30e-12	71.6
WP_000845048.1	337	k121_1576302_3	N/A	29.213	93	356	1.57e-12	72.0
WP_000845048.1	337	k121_1836010_105	N/A	32.768	53	177	1.69e-12	71.2
WP_000845048.1	337	k121_1633758_3	N/A	55.072	20	69	1.73e-12	67.0
WP_000845048.1	337	k121_1587942_1	N/A	28.947	75	266	1.79e-12	71.2
WP_000845048.1	337	k121_1578108_2	N/A	57.576	20	66	1.82e-12	66.6
WP_000845048.1	337	k121_1753922_2	N/A	53.623	20	69	1.91e-12	65.9
WP_000845048.1	337	k121_1382133_1	N/A	26.710	85	307	2.08e-12	70.9
WP_000845048.1	337	k121_261785_1	N/A	29.866	83	298	2.14e-12	70.9
WP_000845048.1	337	k121_1170062_1	N/A	29.801	44	151	2.32e-12	68.2
WP_000845048.1	337	k121_797994_1	N/A	31.694	54	183	2.44e-12	68.2
WP_000845048.1	337	k121_1622884_1	N/A	50.667	22	75	2.70e-12	66.2
WP_000845048.1	337	k121_1558085_2	N/A	27.869	54	183	3.03e-12	68.6
WP_000845048.1	337	k121_952629_3	N/A	25.984	73	254	3.07e-12	70.5
WP_000845048.1	337	k121_560898_3	N/A	30.978	53	184	3.28e-12	67.8
WP_000845048.1	337	k121_1247321_4	N/A	24.670	66	227	3.44e-12	68.9
WP_000845048.1	337	k121_684429_1	N/A	32.432	63	222	4.13e-12	70.1
WP_000845048.1	337	k121_607635_1	N/A	32.044	53	181	4.62e-12	67.8
WP_000845048.1	337	k121_237764_3	N/A	30.859	71	256	4.74e-12	69.7
WP_000845048.1	337	k121_1490068_1	N/A	26.766	75	269	5.19e-12	69.7
WP_000845048.1	337	k121_1474974_1	N/A	27.509	75	269	5.41e-12	69.7
