SadA_ref|WP_036299419.1|:1-399	399	k121_141692_28	N/A	31.092	58	238	9.36e-35	134
SadA_ref|WP_036299419.1|:1-399	399	k121_60438_3	N/A	28.814	58	236	1.11e-32	127
SadA_ref|WP_036299419.1|:1-399	399	k121_539680_18	N/A	24.412	84	340	1.97e-29	119
SadA_ref|WP_036299419.1|:1-399	399	k121_604562_3	N/A	28.571	66	273	4.64e-27	110
SadA_ref|WP_036299419.1|:1-399	399	k121_847905_1	N/A	27.865	93	384	6.05e-23	100
SadA_ref|WP_036299419.1|:1-399	399	k121_402450_1	N/A	25.283	64	265	4.74e-18	85.5
SadA_ref|WP_036299419.1|:1-399	399	k121_83793_1	N/A	27.037	64	270	2.36e-12	68.9
SadA_ref|WP_036299419.1|:1-399	399	k121_751415_7	N/A	28.249	43	177	4.69e-06	50.1
SadA_ref|WP_036299419.1|:1-399	399	k121_180312_2	N/A	23.446	81	354	3.55e-05	47.4
SadA_ref|WP_036299419.1|:1-399	399	k121_700675_2	N/A	22.472	22	89	0.016	36.6
SadA_ref|WP_036299419.1|:1-399	399	k121_789002_1	N/A	26.897	36	145	0.059	37.4
SadB_ref|WP_100812327.1|:1-423	423	k121_141692_28	N/A	25.203	85	369	8.25e-36	137
SadB_ref|WP_100812327.1|:1-423	423	k121_604562_3	N/A	30.827	62	266	1.80e-32	125
SadB_ref|WP_100812327.1|:1-423	423	k121_539680_18	N/A	27.893	77	337	2.55e-27	114
SadB_ref|WP_100812327.1|:1-423	423	k121_60438_3	N/A	26.087	48	207	9.01e-25	105
SadB_ref|WP_100812327.1|:1-423	423	k121_402450_1	N/A	27.211	65	294	6.20e-22	97.1
SadB_ref|WP_100812327.1|:1-423	423	k121_847905_1	N/A	28.342	84	374	2.01e-18	88.2
SadB_ref|WP_100812327.1|:1-423	423	k121_180312_2	N/A	26.536	76	358	3.02e-14	75.9
SadB_ref|WP_100812327.1|:1-423	423	k121_83793_1	N/A	28.676	60	272	5.24e-11	65.1
SadB_ref|WP_100812327.1|:1-423	423	k121_824847_1	N/A	26.599	65	297	2.51e-06	50.8
SadB_ref|WP_100812327.1|:1-423	423	k121_690262_2	N/A	26.538	58	260	1.86e-05	48.1
SadB_ref|WP_100812327.1|:1-423	423	k121_633315_1	N/A	27.344	26	128	5.96e-04	42.7
SadB_ref|WP_100812327.1|:1-423	423	k121_750559_2	N/A	29.677	35	155	0.002	42.4
SadB_ref|WP_100812327.1|:1-423	423	k121_734259_2	N/A	28.571	26	126	0.011	39.7
SadC_ref|WP_036299413.1|:1-194	194	k121_287490_2	N/A	30.657	69	137	1.33e-11	62.0
SadC_ref|WP_036299413.1|:1-194	194	k121_345373_2	N/A	27.742	76	155	8.86e-11	61.2
SadC_ref|WP_036299413.1|:1-194	194	k121_206215_1	N/A	28.387	76	155	1.42e-10	60.8
SadC_ref|WP_036299413.1|:1-194	194	k121_573546_1	N/A	27.742	76	155	2.14e-10	60.5
SadC_ref|WP_036299413.1|:1-194	194	k121_319100_2	N/A	27.143	70	140	6.69e-10	57.4
SadC_ref|WP_036299413.1|:1-194	194	k121_724111_32	N/A	27.820	68	133	1.30e-08	53.9
SadC_ref|WP_036299413.1|:1-194	194	k121_798609_2	N/A	26.761	73	142	3.56e-08	52.8
SadC_ref|WP_036299413.1|:1-194	194	k121_704870_2	N/A	28.261	68	138	3.34e-07	50.1
SadC_ref|WP_036299413.1|:1-194	194	k121_446611_2	N/A	28.030	66	132	2.93e-06	47.4
SadC_ref|WP_036299413.1|:1-194	194	k121_343931_2	N/A	24.516	76	155	3.51e-06	47.0
SadC_ref|WP_036299413.1|:1-194	194	k121_527168_3	N/A	29.661	60	118	4.00e-06	45.8
SadC_ref|WP_036299413.1|:1-194	194	k121_722598_8	N/A	37.805	42	82	4.61e-06	46.6
SadC_ref|WP_036299413.1|:1-194	194	k121_141692_26	N/A	38.235	35	68	5.17e-06	46.6
SadC_ref|WP_036299413.1|:1-194	194	k121_316658_5	N/A	31.818	45	88	9.32e-06	44.3
SadC_ref|WP_036299413.1|:1-194	194	k121_795606_1	N/A	25.984	65	127	2.76e-04	41.2
SadC_ref|WP_036299413.1|:1-194	194	k121_480181_10	N/A	21.472	82	163	2.92e-04	41.6
SadC_ref|WP_036299413.1|:1-194	194	k121_186319_1	N/A	36.000	38	75	0.004	38.5
SadC_ref|WP_036299413.1|:1-194	194	k121_826911_1	N/A	42.857	25	49	0.013	34.7
WP_000259031.1	279	k121_298519_39	N/A	35.606	94	264	1.44e-41	145
WP_000259031.1	279	k121_826942_2	N/A	37.652	87	247	1.79e-35	129
WP_000259031.1	279	k121_379023_2	N/A	32.443	93	262	6.88e-32	120
WP_000259031.1	279	k121_399737_2	N/A	36.620	76	213	1.91e-31	117
WP_000259031.1	279	k121_345113_2	N/A	28.745	88	247	9.97e-31	117
WP_000259031.1	279	k121_590252_1	N/A	31.651	78	218	3.18e-30	115
WP_000259031.1	279	k121_715942_8	N/A	31.227	95	269	3.70e-28	110
WP_000259031.1	279	k121_367153_1	N/A	31.439	93	264	6.29e-27	108
WP_000259031.1	279	k121_347424_5	N/A	33.465	88	254	1.31e-25	105
WP_000259031.1	279	k121_51040_5	N/A	30.924	88	249	1.89e-25	103
WP_000259031.1	279	k121_28696_1	N/A	28.897	89	263	1.41e-24	100
WP_000259031.1	279	k121_573117_2	N/A	27.711	88	249	2.49e-24	100
WP_000259031.1	279	k121_818798_1	N/A	31.301	87	246	4.48e-24	100
WP_000259031.1	279	k121_371523_2	N/A	28.195	93	266	2.12e-21	92.8
WP_000259031.1	279	k121_541458_1	N/A	26.104	88	249	3.13e-20	89.4
WP_000259031.1	279	k121_6215_1	N/A	32.990	68	194	1.02e-19	88.2
WP_000259031.1	279	k121_223622_1	N/A	29.646	79	226	1.02e-19	86.7
WP_000259031.1	279	k121_355321_5	N/A	32.000	76	225	6.28e-19	85.5
WP_000259031.1	279	k121_724389_1	N/A	26.961	71	204	2.98e-16	77.4
WP_000259031.1	279	k121_749042_1	N/A	28.571	44	126	4.33e-13	67.8
WP_000259031.1	279	k121_693452_1	N/A	31.250	44	128	2.14e-11	63.2
WP_000259031.1	279	k121_307409_2	N/A	23.977	59	171	4.55e-09	56.2
WP_000259031.1	279	k121_603957_2	N/A	34.254	59	181	1.49e-07	52.4
WP_000259031.1	279	k121_330005_1	N/A	22.346	60	179	3.49e-07	51.6
WP_000259031.1	279	k121_76100_2	N/A	35.294	24	68	1.75e-06	49.7
WP_000259031.1	279	k121_484135_2	N/A	23.171	57	164	4.87e-05	45.4
WP_000259031.1	279	k121_93203_4	N/A	32.895	27	76	5.26e-05	45.8
WP_000259031.1	279	k121_484135_1	N/A	31.646	28	79	2.68e-04	43.9
WP_001043260.1	271	k121_826942_2	N/A	39.464	96	261	7.76e-50	166
WP_001043260.1	271	k121_298519_39	N/A	35.521	96	259	4.82e-45	154
WP_001043260.1	271	k121_715942_8	N/A	38.636	97	264	1.53e-43	150
WP_001043260.1	271	k121_399737_2	N/A	38.863	77	211	2.97e-42	145
WP_001043260.1	271	k121_590252_1	N/A	36.296	98	270	4.38e-42	146
WP_001043260.1	271	k121_51040_5	N/A	35.249	96	261	5.23e-39	139
WP_001043260.1	271	k121_379023_2	N/A	36.842	96	266	2.05e-36	132
WP_001043260.1	271	k121_28696_1	N/A	32.046	90	259	2.43e-35	129
WP_001043260.1	271	k121_345113_2	N/A	30.798	95	263	2.47e-34	126
WP_001043260.1	271	k121_371523_2	N/A	31.679	95	262	5.40e-34	126
WP_001043260.1	271	k121_573117_2	N/A	30.159	92	252	1.04e-30	117
WP_001043260.1	271	k121_541458_1	N/A	29.365	92	252	1.18e-28	111
WP_001043260.1	271	k121_367153_1	N/A	29.588	97	267	2.99e-28	112
WP_001043260.1	271	k121_818798_1	N/A	30.769	80	221	2.48e-26	106
WP_001043260.1	271	k121_6215_1	N/A	36.508	69	189	2.47e-25	103
WP_001043260.1	271	k121_355321_5	N/A	34.902	92	255	2.18e-24	100
WP_001043260.1	271	k121_347424_5	N/A	29.699	97	266	7.48e-24	100
WP_001043260.1	271	k121_693452_1	N/A	43.089	45	123	3.69e-23	94.7
WP_001043260.1	271	k121_223622_1	N/A	25.110	83	227	2.79e-17	80.1
WP_001043260.1	271	k121_307409_2	N/A	32.283	46	127	7.59e-15	72.0
WP_001043260.1	271	k121_749042_1	N/A	30.469	46	128	2.05e-14	71.2
WP_001043260.1	271	k121_76100_2	N/A	50.000	25	68	3.31e-14	72.0
WP_001043260.1	271	k121_724389_1	N/A	24.500	73	200	7.36e-14	70.5
WP_001043260.1	271	k121_93203_4	N/A	43.056	26	72	1.01e-11	66.2
WP_001043260.1	271	k121_484135_1	N/A	44.444	26	72	1.17e-10	62.8
WP_001043260.1	271	k121_330005_1	N/A	27.273	83	242	1.40e-10	61.2
WP_001043260.1	271	k121_603957_2	N/A	31.522	62	184	3.87e-07	51.2
WP_001043260.1	271	k121_484135_2	N/A	20.398	69	201	8.27e-05	44.7
WP_001043260.1	271	k121_43898_3	N/A	34.177	29	79	0.047	37.0
WP_000034420.1	263	k121_298519_39	N/A	37.452	98	259	6.55e-53	174
WP_000034420.1	263	k121_590252_1	N/A	39.382	97	259	1.49e-52	173
WP_000034420.1	263	k121_51040_5	N/A	37.500	99	264	7.83e-50	167
WP_000034420.1	263	k121_826942_2	N/A	35.907	98	259	3.17e-48	162
WP_000034420.1	263	k121_715942_8	N/A	36.364	99	264	1.19e-46	158
WP_000034420.1	263	k121_345113_2	N/A	32.319	98	263	1.29e-41	145
WP_000034420.1	263	k121_399737_2	N/A	40.187	80	214	1.32e-40	140
WP_000034420.1	263	k121_541458_1	N/A	32.031	97	256	5.56e-39	138
WP_000034420.1	263	k121_573117_2	N/A	32.812	97	256	1.56e-38	137
WP_000034420.1	263	k121_379023_2	N/A	33.585	98	265	1.18e-37	135
WP_000034420.1	263	k121_28696_1	N/A	32.567	95	261	3.92e-36	130
WP_000034420.1	263	k121_367153_1	N/A	30.534	99	262	2.00e-35	130
WP_000034420.1	263	k121_347424_5	N/A	31.818	99	264	1.60e-32	123
WP_000034420.1	263	k121_818798_1	N/A	31.120	91	241	4.16e-32	121
WP_000034420.1	263	k121_371523_2	N/A	29.434	98	265	1.47e-30	116
WP_000034420.1	263	k121_355321_5	N/A	32.946	94	258	9.09e-26	103
WP_000034420.1	263	k121_693452_1	N/A	37.415	53	147	2.11e-25	100
WP_000034420.1	263	k121_6215_1	N/A	33.333	67	177	4.68e-25	102
WP_000034420.1	263	k121_223622_1	N/A	30.837	83	227	6.31e-21	89.7
WP_000034420.1	263	k121_749042_1	N/A	36.508	47	126	1.09e-18	82.4
WP_000034420.1	263	k121_724389_1	N/A	28.641	76	206	3.66e-17	79.3
WP_000034420.1	263	k121_603957_2	N/A	29.897	67	194	1.50e-15	74.3
WP_000034420.1	263	k121_330005_1	N/A	26.744	64	172	4.33e-12	65.5
WP_000034420.1	263	k121_93203_4	N/A	41.667	27	72	6.27e-11	63.5
WP_000034420.1	263	k121_484135_1	N/A	41.026	29	78	7.83e-11	63.2
WP_000034420.1	263	k121_76100_2	N/A	49.231	24	65	1.32e-10	61.6
WP_000034420.1	263	k121_307409_2	N/A	28.070	62	171	4.52e-10	58.9
WP_000034420.1	263	k121_484135_2	N/A	21.717	71	198	1.62e-06	49.7
WP_000034420.1	263	k121_846146_3	N/A	32.836	22	67	0.001	39.3
WP_000034420.1	263	k121_43898_3	N/A	36.508	24	63	0.022	37.7
WP_000034420.1	263	k121_75162_3	N/A	30.000	22	60	0.072	33.5
WP_206434233.1	297	k121_371523_2	N/A	43.972	94	282	1.07e-72	226
WP_206434233.1	297	k121_715942_8	N/A	44.361	90	266	4.14e-66	209
WP_206434233.1	297	k121_379023_2	N/A	44.697	88	264	3.30e-63	202
WP_206434233.1	297	k121_345113_2	N/A	40.590	91	271	5.79e-62	199
WP_206434233.1	297	k121_590252_1	N/A	39.223	93	283	1.30e-60	195
WP_206434233.1	297	k121_51040_5	N/A	41.971	92	274	1.58e-59	193
WP_206434233.1	297	k121_573117_2	N/A	39.847	88	261	4.37e-58	188
WP_206434233.1	297	k121_347424_5	N/A	39.576	95	283	4.47e-58	191
WP_206434233.1	297	k121_541458_1	N/A	39.464	88	261	5.48e-58	188
WP_206434233.1	297	k121_826942_2	N/A	40.078	86	257	1.11e-55	182
WP_206434233.1	297	k121_298519_39	N/A	36.823	93	277	5.84e-52	173
WP_206434233.1	297	k121_367153_1	N/A	36.691	91	278	1.07e-48	166
WP_206434233.1	297	k121_399737_2	N/A	40.000	74	220	3.51e-48	161
WP_206434233.1	297	k121_818798_1	N/A	35.897	90	273	4.70e-45	156
WP_206434233.1	297	k121_223622_1	N/A	37.273	73	220	4.49e-41	143
WP_206434233.1	297	k121_6215_1	N/A	41.038	69	212	1.27e-40	144
WP_206434233.1	297	k121_724389_1	N/A	35.909	73	220	1.44e-38	136
WP_206434233.1	297	k121_28696_1	N/A	35.165	87	273	7.56e-38	136
WP_206434233.1	297	k121_355321_5	N/A	38.376	90	271	1.44e-34	127
WP_206434233.1	297	k121_693452_1	N/A	41.071	55	168	1.56e-31	117
WP_206434233.1	297	k121_749042_1	N/A	42.336	46	137	9.50e-29	109
WP_206434233.1	297	k121_484135_2	N/A	33.645	68	214	1.03e-23	97.8
WP_206434233.1	297	k121_603957_2	N/A	34.211	58	190	1.46e-20	88.6
WP_206434233.1	297	k121_93203_4	N/A	46.429	28	84	1.83e-14	74.7
WP_206434233.1	297	k121_484135_1	N/A	44.828	29	87	3.36e-14	73.9
WP_206434233.1	297	k121_93203_3	N/A	29.545	55	176	1.24e-12	66.6
WP_206434233.1	297	k121_330005_1	N/A	27.801	78	241	2.60e-10	60.8
WP_206434233.1	297	k121_307409_2	N/A	29.630	36	108	2.72e-09	57.0
WP_206434233.1	297	k121_76100_2	N/A	35.714	23	70	9.96e-07	50.8
WP_206434233.1	297	k121_846146_3	N/A	31.461	27	89	2.46e-04	41.6
WP_206434233.1	297	k121_75162_3	N/A	33.898	20	59	0.001	39.3
WP_005414519.1	219	k121_52895_1	N/A	36.453	91	203	9.43e-37	129
WP_005414519.1	219	k121_522927_1	N/A	38.974	88	195	1.44e-34	124
WP_005414519.1	219	k121_62030_51	N/A	35.122	92	205	7.42e-31	114
WP_005414519.1	219	k121_106813_3	N/A	38.202	80	178	2.55e-30	113
WP_005414519.1	219	k121_263609_3	N/A	35.468	91	203	1.13e-28	108
WP_005414519.1	219	k121_162884_66	N/A	32.857	93	210	1.33e-22	92.8
WP_005414519.1	219	k121_59866_4	N/A	37.209	39	86	8.69e-10	58.2
WP_005414519.1	219	k121_287807_3	N/A	33.333	37	81	2.73e-08	53.5
WP_005414519.1	219	k121_176409_1	N/A	47.170	24	53	3.59e-08	53.9
WP_005414519.1	219	k121_351666_2	N/A	34.286	32	70	9.17e-08	52.4
WP_005414519.1	219	k121_319427_2	N/A	43.333	27	60	2.63e-07	51.2
WP_005414519.1	219	k121_629463_4	N/A	25.874	65	143	2.67e-07	51.2
WP_005414519.1	219	k121_800023_2	N/A	37.179	35	78	2.67e-07	51.2
WP_005414519.1	219	k121_278087_2	N/A	25.731	76	171	3.20e-07	50.8
WP_005414519.1	219	k121_435971_2	N/A	33.333	34	75	5.78e-07	50.1
WP_005414519.1	219	k121_287807_2	N/A	35.135	34	74	6.31e-07	50.1
WP_005414519.1	219	k121_624205_1	N/A	24.848	71	165	7.69e-07	49.7
WP_005414519.1	219	k121_93601_15	N/A	47.826	21	46	7.96e-07	49.7
WP_005414519.1	219	k121_800746_1	N/A	24.865	79	185	1.08e-06	49.7
WP_005414519.1	219	k121_237904_2	N/A	30.000	44	100	1.13e-06	49.3
WP_005414519.1	219	k121_10721_76	N/A	25.581	78	172	1.23e-06	49.7
WP_005414519.1	219	k121_135113_2	N/A	35.211	30	71	1.84e-06	46.6
WP_005414519.1	219	k121_419155_3	N/A	37.313	31	67	2.70e-06	45.8
WP_005414519.1	219	k121_232495_10	N/A	35.294	31	68	3.26e-06	47.8
WP_005414519.1	219	k121_78353_2	N/A	27.684	79	177	4.00e-06	47.8
WP_005414519.1	219	k121_519064_7	N/A	25.581	77	172	5.37e-06	47.4
WP_005414519.1	219	k121_233970_2	N/A	31.746	56	126	6.70e-06	47.0
WP_005414519.1	219	k121_312126_2	N/A	26.875	67	160	7.06e-06	47.0
WP_005414519.1	219	k121_126620_3	N/A	34.021	43	97	7.09e-06	47.0
WP_005414519.1	219	k121_648341_2	N/A	30.769	42	91	7.41e-06	47.0
WP_005414519.1	219	k121_534158_2	N/A	39.655	26	58	7.60e-06	47.0
WP_005414519.1	219	k121_288773_1	N/A	25.532	81	188	9.45e-06	46.6
WP_005414519.1	219	k121_413396_3	N/A	35.385	29	65	1.14e-05	45.1
WP_005414519.1	219	k121_159627_2	N/A	35.938	29	64	1.16e-05	46.6
WP_005414519.1	219	k121_90234_2	N/A	26.064	84	188	1.16e-05	46.2
WP_005414519.1	219	k121_232495_9	N/A	34.286	32	70	1.74e-05	45.8
WP_005414519.1	219	k121_307101_2	N/A	33.824	31	68	1.87e-05	45.8
WP_005414519.1	219	k121_178979_10	N/A	37.500	29	64	2.06e-05	45.4
WP_005414519.1	219	k121_415365_2	N/A	26.512	96	215	2.38e-05	45.8
WP_005414519.1	219	k121_570894_2	N/A	33.333	33	72	2.52e-05	45.4
WP_005414519.1	219	k121_667992_2	N/A	34.286	32	70	3.08e-05	43.1
WP_005414519.1	219	k121_573887_10	N/A	26.977	90	215	6.36e-05	44.3
WP_005414519.1	219	k121_785301_1	N/A	29.565	43	115	6.94e-05	43.9
WP_005414519.1	219	k121_518317_2	N/A	32.727	25	55	9.17e-05	42.4
WP_005414519.1	219	k121_838400_2	N/A	32.836	31	67	1.07e-04	43.5
WP_005414519.1	219	k121_466552_2	N/A	24.176	83	182	1.13e-04	43.5
WP_005414519.1	219	k121_336337_2	N/A	36.066	27	61	1.13e-04	43.5
WP_005414519.1	219	k121_119573_4	N/A	35.484	28	62	1.17e-04	43.5
WP_005414519.1	219	k121_183641_5	N/A	25.258	86	194	1.20e-04	43.5
WP_005414519.1	219	k121_571319_3	N/A	32.967	42	91	1.20e-04	43.1
WP_005414519.1	219	k121_631274_2	N/A	22.642	72	159	1.21e-04	43.5
WP_005414519.1	219	k121_212301_1	N/A	35.714	26	56	1.41e-04	43.1
WP_005414519.1	219	k121_700899_1	N/A	27.439	74	164	1.63e-04	43.1
WP_005414519.1	219	k121_130999_1	N/A	26.178	81	191	1.65e-04	43.1
WP_005414519.1	219	k121_354571_2	N/A	29.412	37	85	2.16e-04	42.7
WP_005414519.1	219	k121_310466_4	N/A	32.911	36	79	2.25e-04	42.7
WP_005414519.1	219	k121_401650_2	N/A	35.185	25	54	2.36e-04	42.4
WP_005414519.1	219	k121_143719_22	N/A	27.381	38	84	2.57e-04	42.4
WP_005414519.1	219	k121_380878_4	N/A	36.364	30	66	2.86e-04	42.4
WP_005414519.1	219	k121_67304_3	N/A	29.231	30	65	3.58e-04	41.2
WP_005414519.1	219	k121_100408_1	N/A	26.506	38	83	5.61e-04	41.2
WP_005414519.1	219	k121_745191_1	N/A	38.983	25	59	6.38e-04	41.2
WP_005414519.1	219	k121_244150_2	N/A	36.364	35	77	6.83e-04	41.2
WP_005414519.1	219	k121_469366_4	N/A	33.871	28	62	6.90e-04	41.2
WP_005414519.1	219	k121_817456_55	N/A	23.602	71	161	7.10e-04	41.2
WP_005414519.1	219	k121_325078_28	N/A	29.670	41	91	7.31e-04	41.2
WP_005414519.1	219	k121_439927_1	N/A	24.219	58	128	7.35e-04	40.0
WP_005414519.1	219	k121_129224_10	N/A	40.625	29	64	7.46e-04	40.8
WP_005414519.1	219	k121_171423_2	N/A	32.075	24	53	7.99e-04	41.2
WP_005414519.1	219	k121_590339_2	N/A	40.000	23	50	8.63e-04	40.8
WP_005414519.1	219	k121_449139_8	N/A	24.479	85	192	8.88e-04	40.8
WP_005414519.1	219	k121_297167_1	N/A	34.426	28	61	0.001	40.8
WP_005414519.1	219	k121_451000_2	N/A	22.297	66	148	0.001	40.4
WP_005414519.1	219	k121_562327_8	N/A	32.075	24	53	0.001	40.8
WP_005414519.1	219	k121_663252_4	N/A	39.623	24	53	0.001	40.4
WP_005414519.1	219	k121_289994_5	N/A	29.333	32	75	0.001	40.4
WP_005414519.1	219	k121_299526_2	N/A	30.526	43	95	0.001	40.4
WP_005414519.1	219	k121_835151_2	N/A	32.895	35	76	0.001	40.0
WP_005414519.1	219	k121_29210_2	N/A	33.333	29	66	0.001	40.4
WP_005414519.1	219	k121_798974_3	N/A	39.216	23	51	0.001	40.0
WP_005414519.1	219	k121_588439_2	N/A	33.333	30	66	0.002	39.7
WP_005414519.1	219	k121_333347_9	N/A	34.545	25	55	0.002	40.0
WP_005414519.1	219	k121_545610_4	N/A	24.286	91	210	0.002	40.0
WP_005414519.1	219	k121_108271_4	N/A	27.000	45	100	0.002	40.0
WP_005414519.1	219	k121_537835_2	N/A	27.869	28	61	0.002	39.7
WP_005414519.1	219	k121_231197_2	N/A	28.571	44	98	0.002	39.7
WP_005414519.1	219	k121_135944_1	N/A	26.852	47	108	0.002	38.5
WP_005414519.1	219	k121_787465_11	N/A	25.843	41	89	0.003	39.7
WP_005414519.1	219	k121_204276_2	N/A	27.273	45	99	0.003	39.3
WP_005414519.1	219	k121_612099_2	N/A	31.746	29	63	0.003	39.3
WP_005414519.1	219	k121_734048_2	N/A	25.581	39	86	0.003	39.3
WP_005414519.1	219	k121_49841_2	N/A	33.333	29	63	0.003	39.3
WP_005414519.1	219	k121_139770_1	N/A	33.784	31	74	0.004	39.3
WP_005414519.1	219	k121_427369_54	N/A	28.090	41	89	0.004	38.5
WP_005414519.1	219	k121_30201_2	N/A	35.484	28	62	0.005	38.5
WP_005414519.1	219	k121_448388_12	N/A	25.556	41	90	0.005	38.5
WP_005414519.1	219	k121_585393_3	N/A	27.273	45	99	0.006	38.5
WP_005414519.1	219	k121_595293_2	N/A	32.759	26	58	0.006	37.7
WP_005414519.1	219	k121_746667_2	N/A	30.000	27	60	0.007	38.5
WP_005414519.1	219	k121_729136_13	N/A	32.812	29	64	0.008	38.1
WP_005414519.1	219	k121_746976_2	N/A	25.592	93	211	0.009	38.1
WP_005414519.1	219	k121_533082_2	N/A	33.333	22	48	0.009	37.7
WP_005414519.1	219	k121_781950_2	N/A	29.412	31	68	0.009	37.7
WP_005414519.1	219	k121_579990_2	N/A	26.415	24	53	0.010	37.7
WP_005414519.1	219	k121_317647_1	N/A	33.333	23	51	0.010	37.7
WP_005414519.1	219	k121_712537_3	N/A	37.288	26	59	0.011	38.1
WP_005414519.1	219	k121_120295_8	N/A	31.481	25	54	0.011	37.7
WP_005414519.1	219	k121_295793_2	N/A	36.667	27	60	0.011	37.7
WP_005414519.1	219	k121_816037_2	N/A	32.432	33	74	0.012	37.4
WP_005414519.1	219	k121_541432_2	N/A	34.694	22	49	0.014	37.7
WP_005414519.1	219	k121_138906_4	N/A	25.843	80	178	0.014	37.4
WP_005414519.1	219	k121_70066_1	N/A	30.769	30	65	0.014	37.4
WP_005414519.1	219	k121_242089_10	N/A	34.426	28	61	0.015	37.4
WP_005414519.1	219	k121_245687_1	N/A	33.333	30	69	0.017	35.8
WP_005414519.1	219	k121_307666_5	N/A	39.623	24	53	0.018	37.0
WP_005414519.1	219	k121_592435_2	N/A	35.938	29	64	0.023	37.0
WP_005414519.1	219	k121_521544_2	N/A	33.898	26	59	0.024	36.6
WP_005414519.1	219	k121_747982_2	N/A	32.653	22	49	0.028	36.6
WP_005414519.1	219	k121_805049_2	N/A	26.144	70	153	0.028	36.6
WP_005414519.1	219	k121_679464_2	N/A	32.258	26	62	0.029	35.8
WP_005414519.1	219	k121_706802_13	N/A	36.538	24	52	0.035	36.2
WP_005414519.1	219	k121_335243_1	N/A	39.683	29	63	0.038	35.8
WP_005414519.1	219	k121_780018_4	N/A	29.825	26	57	0.039	36.2
WP_005414519.1	219	k121_756833_2	N/A	23.913	42	92	0.040	35.8
WP_005414519.1	219	k121_281292_2	N/A	40.909	20	44	0.045	35.8
WP_005414519.1	219	k121_466553_2	N/A	29.231	30	65	0.049	35.8
WP_005414519.1	219	k121_637078_2	N/A	37.255	23	51	0.052	35.4
WP_005414519.1	219	k121_5111_4	N/A	32.692	24	52	0.064	35.0
WP_005414519.1	219	k121_434261_2	N/A	28.947	31	76	0.066	35.4
WP_005414519.1	219	k121_559527_3	N/A	32.653	45	98	0.071	35.0
WP_005414519.1	219	k121_497495_1	N/A	23.656	83	186	0.074	35.0
WP_005414519.1	219	k121_129393_2	N/A	31.579	26	57	0.098	34.7
WP_025877280.1	219	k121_52895_1	N/A	37.624	91	202	1.95e-38	133
WP_025877280.1	219	k121_522927_1	N/A	38.462	88	195	7.99e-34	122
WP_025877280.1	219	k121_62030_51	N/A	34.634	92	205	1.49e-30	113
WP_025877280.1	219	k121_263609_3	N/A	36.453	91	203	2.65e-30	112
WP_025877280.1	219	k121_106813_3	N/A	38.764	80	178	4.49e-30	112
WP_025877280.1	219	k121_162884_66	N/A	33.333	96	213	1.92e-22	92.4
WP_025877280.1	219	k121_59866_4	N/A	37.209	39	86	1.19e-09	57.8
WP_025877280.1	219	k121_176409_1	N/A	47.170	24	53	3.66e-08	53.9
WP_025877280.1	219	k121_624205_1	N/A	25.455	71	165	7.17e-08	52.8
WP_025877280.1	219	k121_351666_2	N/A	34.286	32	70	9.08e-08	52.4
WP_025877280.1	219	k121_287807_3	N/A	32.099	37	81	1.47e-07	51.6
WP_025877280.1	219	k121_800023_2	N/A	37.179	35	78	2.41e-07	51.2
WP_025877280.1	219	k121_319427_2	N/A	43.333	27	60	3.57e-07	50.8
WP_025877280.1	219	k121_278087_2	N/A	25.731	76	171	4.62e-07	50.4
WP_025877280.1	219	k121_93601_15	N/A	25.714	74	175	7.02e-07	49.7
WP_025877280.1	219	k121_629463_4	N/A	24.224	71	161	7.08e-07	50.1
WP_025877280.1	219	k121_435971_2	N/A	33.333	34	75	9.01e-07	49.7
WP_025877280.1	219	k121_237904_2	N/A	30.303	43	99	1.45e-06	48.9
WP_025877280.1	219	k121_90234_2	N/A	27.128	84	188	1.76e-06	48.9
WP_025877280.1	219	k121_10721_76	N/A	29.825	52	114	2.19e-06	48.9
WP_025877280.1	219	k121_800746_1	N/A	24.865	79	185	2.82e-06	48.5
WP_025877280.1	219	k121_287807_2	N/A	33.784	34	74	2.96e-06	48.1
WP_025877280.1	219	k121_135113_2	N/A	35.211	30	71	3.68e-06	45.8
WP_025877280.1	219	k121_78353_2	N/A	28.249	79	177	5.54e-06	47.4
WP_025877280.1	219	k121_288773_1	N/A	24.752	87	202	5.69e-06	47.4
WP_025877280.1	219	k121_126620_3	N/A	34.021	43	97	6.32e-06	47.0
WP_025877280.1	219	k121_648341_2	N/A	30.769	42	91	6.61e-06	47.0
WP_025877280.1	219	k121_413396_3	N/A	35.385	29	65	9.29e-06	45.4
WP_025877280.1	219	k121_159627_2	N/A	35.938	29	64	1.03e-05	46.6
WP_025877280.1	219	k121_571319_3	N/A	34.066	42	91	1.35e-05	45.8
WP_025877280.1	219	k121_419155_3	N/A	35.821	31	67	1.66e-05	43.5
WP_025877280.1	219	k121_232495_10	N/A	33.824	31	68	1.87e-05	45.8
WP_025877280.1	219	k121_312126_2	N/A	26.250	67	160	2.14e-05	45.4
WP_025877280.1	219	k121_519064_7	N/A	25.581	77	172	2.26e-05	45.4
WP_025877280.1	219	k121_838400_2	N/A	34.328	31	67	3.04e-05	45.1
WP_025877280.1	219	k121_667992_2	N/A	37.500	29	64	4.07e-05	42.7
WP_025877280.1	219	k121_534158_2	N/A	37.931	26	58	4.68e-05	44.7
WP_025877280.1	219	k121_233970_2	N/A	30.435	51	115	5.27e-05	44.3
WP_025877280.1	219	k121_178979_10	N/A	35.938	29	64	6.33e-05	44.3
WP_025877280.1	219	k121_232495_9	N/A	32.857	32	70	7.16e-05	44.3
WP_025877280.1	219	k121_518317_2	N/A	32.727	25	55	7.91e-05	42.4
WP_025877280.1	219	k121_307101_2	N/A	32.353	31	68	9.17e-05	43.5
WP_025877280.1	219	k121_415365_2	N/A	35.000	27	60	1.03e-04	43.9
WP_025877280.1	219	k121_700899_1	N/A	27.439	74	164	1.08e-04	43.9
WP_025877280.1	219	k121_570894_2	N/A	31.944	33	72	1.09e-04	43.9
WP_025877280.1	219	k121_631274_2	N/A	22.642	72	159	1.28e-04	43.5
WP_025877280.1	219	k121_212301_1	N/A	35.714	26	56	1.33e-04	43.1
WP_025877280.1	219	k121_817456_55	N/A	24.224	71	161	1.56e-04	43.1
WP_025877280.1	219	k121_466552_2	N/A	24.176	83	182	1.76e-04	42.7
WP_025877280.1	219	k121_67304_3	N/A	29.231	30	65	2.50e-04	41.6
WP_025877280.1	219	k121_380878_4	N/A	36.364	30	66	2.68e-04	42.4
WP_025877280.1	219	k121_401650_2	N/A	35.185	25	54	2.77e-04	42.4
WP_025877280.1	219	k121_469366_4	N/A	35.484	28	62	2.93e-04	42.4
WP_025877280.1	219	k121_336337_2	N/A	34.426	27	61	3.13e-04	42.0
WP_025877280.1	219	k121_130999_1	N/A	25.654	81	191	3.59e-04	42.0
WP_025877280.1	219	k121_354571_2	N/A	29.412	37	85	3.79e-04	42.0
WP_025877280.1	219	k121_785301_1	N/A	28.696	43	115	4.66e-04	41.6
WP_025877280.1	219	k121_545610_4	N/A	24.286	91	210	6.08e-04	41.6
WP_025877280.1	219	k121_100408_1	N/A	26.506	38	83	6.10e-04	41.2
WP_025877280.1	219	k121_537835_2	N/A	29.508	28	61	6.19e-04	41.2
WP_025877280.1	219	k121_325078_28	N/A	29.670	41	91	7.18e-04	41.6
WP_025877280.1	219	k121_135944_1	N/A	27.778	47	108	7.42e-04	40.0
WP_025877280.1	219	k121_573887_10	N/A	26.238	86	202	7.52e-04	41.2
WP_025877280.1	219	k121_143719_22	N/A	26.190	38	84	0.001	40.8
WP_025877280.1	219	k121_310466_4	N/A	31.646	36	79	0.001	40.8
WP_025877280.1	219	k121_745191_1	N/A	36.000	23	50	0.001	40.4
WP_025877280.1	219	k121_451000_2	N/A	22.297	66	148	0.001	40.4
WP_025877280.1	219	k121_171423_2	N/A	32.075	24	53	0.001	40.8
WP_025877280.1	219	k121_297167_1	N/A	34.426	28	61	0.001	40.8
WP_025877280.1	219	k121_29210_2	N/A	33.333	29	66	0.001	40.4
WP_025877280.1	219	k121_138906_4	N/A	26.966	80	178	0.001	40.4
WP_025877280.1	219	k121_244150_2	N/A	36.364	35	77	0.001	40.4
WP_025877280.1	219	k121_119573_4	N/A	32.258	28	62	0.001	40.4
WP_025877280.1	219	k121_289994_5	N/A	29.333	32	75	0.001	40.4
WP_025877280.1	219	k121_562327_8	N/A	32.075	24	53	0.002	40.4
WP_025877280.1	219	k121_129224_10	N/A	36.066	28	61	0.002	39.7
WP_025877280.1	219	k121_333347_9	N/A	34.545	25	55	0.002	40.0
WP_025877280.1	219	k121_183641_5	N/A	24.227	86	194	0.002	39.7
WP_025877280.1	219	k121_588439_2	N/A	33.333	30	66	0.003	39.3
WP_025877280.1	219	k121_816037_2	N/A	33.784	33	74	0.003	39.3
WP_025877280.1	219	k121_204276_2	N/A	27.273	45	99	0.003	39.3
WP_025877280.1	219	k121_612099_2	N/A	31.746	29	63	0.003	39.7
WP_025877280.1	219	k121_231197_2	N/A	28.571	44	98	0.003	39.3
WP_025877280.1	219	k121_663252_4	N/A	39.623	24	53	0.003	39.3
WP_025877280.1	219	k121_590339_2	N/A	38.000	23	50	0.003	39.3
WP_025877280.1	219	k121_712537_3	N/A	38.983	26	59	0.003	39.7
WP_025877280.1	219	k121_636555_2	N/A	40.000	27	60	0.003	38.9
WP_025877280.1	219	k121_787465_11	N/A	25.843	41	89	0.004	38.9
WP_025877280.1	219	k121_108271_4	N/A	27.000	45	100	0.004	39.3
WP_025877280.1	219	k121_299526_2	N/A	29.474	43	95	0.004	38.9
WP_025877280.1	219	k121_734048_2	N/A	25.581	39	86	0.004	38.9
WP_025877280.1	219	k121_835151_2	N/A	31.579	35	76	0.004	38.9
WP_025877280.1	219	k121_427369_54	N/A	28.090	41	89	0.004	38.5
WP_025877280.1	219	k121_49841_2	N/A	33.333	29	63	0.005	38.9
WP_025877280.1	219	k121_439927_1	N/A	32.258	28	62	0.006	37.4
WP_025877280.1	219	k121_746667_2	N/A	30.000	27	60	0.007	38.5
WP_025877280.1	219	k121_449139_8	N/A	23.958	85	192	0.008	38.1
WP_025877280.1	219	k121_448388_12	N/A	25.556	41	90	0.008	38.1
WP_025877280.1	219	k121_798974_3	N/A	37.255	23	51	0.008	38.1
WP_025877280.1	219	k121_595293_2	N/A	32.759	26	58	0.009	37.4
WP_025877280.1	219	k121_533082_2	N/A	33.333	22	48	0.010	37.7
WP_025877280.1	219	k121_765581_2	N/A	24.096	73	166	0.010	37.7
WP_025877280.1	219	k121_729136_13	N/A	32.812	29	64	0.011	37.7
WP_025877280.1	219	k121_70066_1	N/A	30.769	30	65	0.012	37.7
WP_025877280.1	219	k121_120295_8	N/A	31.481	25	54	0.013	37.4
WP_025877280.1	219	k121_317647_1	N/A	33.333	23	51	0.014	37.4
WP_025877280.1	219	k121_497495_1	N/A	24.731	83	186	0.017	37.0
WP_025877280.1	219	k121_579990_2	N/A	26.415	24	53	0.017	37.0
WP_025877280.1	219	k121_377021_6	N/A	33.333	27	60	0.018	37.0
WP_025877280.1	219	k121_585393_3	N/A	26.263	45	99	0.020	36.6
WP_025877280.1	219	k121_242089_10	N/A	34.426	28	61	0.021	37.0
WP_025877280.1	219	k121_139770_1	N/A	32.432	31	74	0.021	37.0
WP_025877280.1	219	k121_30201_2	N/A	33.871	28	62	0.022	36.6
WP_025877280.1	219	k121_592435_2	N/A	35.938	29	64	0.022	37.0
WP_025877280.1	219	k121_434261_2	N/A	30.263	31	76	0.024	36.6
WP_025877280.1	219	k121_555375_2	N/A	23.636	74	165	0.026	36.6
WP_025877280.1	219	k121_521544_2	N/A	33.898	26	59	0.035	36.2
WP_025877280.1	219	k121_307666_5	N/A	39.623	24	53	0.035	36.2
WP_025877280.1	219	k121_466553_2	N/A	29.231	30	65	0.040	35.8
WP_025877280.1	219	k121_335243_1	N/A	29.167	54	120	0.041	35.8
WP_025877280.1	219	k121_781950_2	N/A	27.941	31	68	0.042	35.8
WP_025877280.1	219	k121_541432_2	N/A	32.653	25	49	0.042	36.2
WP_025877280.1	219	k121_541432_2	N/A	34.000	25	50	0.050	35.8
WP_025877280.1	219	k121_559527_3	N/A	32.653	45	98	0.054	35.4
WP_025877280.1	219	k121_637078_2	N/A	35.556	21	45	0.056	35.4
WP_025877280.1	219	k121_5111_4	N/A	26.515	54	132	0.059	35.4
WP_025877280.1	219	k121_295793_2	N/A	35.593	27	59	0.059	35.4
WP_025877280.1	219	k121_281292_2	N/A	40.909	20	44	0.072	35.0
WP_025877280.1	219	k121_245687_1	N/A	31.884	30	69	0.086	33.9
WP_089236970.1	219	k121_52895_1	N/A	37.129	91	202	1.31e-37	131
WP_089236970.1	219	k121_522927_1	N/A	38.462	88	195	6.31e-34	122
WP_089236970.1	219	k121_62030_51	N/A	34.634	92	205	1.21e-30	113
WP_089236970.1	219	k121_263609_3	N/A	35.961	91	203	1.27e-29	110
WP_089236970.1	219	k121_106813_3	N/A	38.202	80	178	2.04e-29	110
WP_089236970.1	219	k121_162884_66	N/A	33.333	96	213	1.34e-22	92.8
WP_089236970.1	219	k121_59866_4	N/A	37.209	39	86	1.09e-09	57.8
WP_089236970.1	219	k121_624205_1	N/A	26.061	71	165	3.32e-08	53.5
WP_089236970.1	219	k121_176409_1	N/A	47.170	24	53	3.66e-08	53.9
WP_089236970.1	219	k121_351666_2	N/A	28.492	81	179	7.47e-08	52.4
WP_089236970.1	219	k121_287807_3	N/A	32.099	37	81	1.42e-07	51.6
WP_089236970.1	219	k121_800023_2	N/A	37.179	35	78	2.25e-07	51.2
WP_089236970.1	219	k121_319427_2	N/A	43.333	27	60	3.53e-07	50.8
WP_089236970.1	219	k121_93601_15	N/A	25.714	74	175	6.50e-07	49.7
WP_089236970.1	219	k121_278087_2	N/A	25.731	76	171	7.34e-07	49.7
WP_089236970.1	219	k121_629463_4	N/A	24.224	71	161	8.56e-07	50.1
WP_089236970.1	219	k121_435971_2	N/A	33.333	34	75	8.59e-07	49.7
WP_089236970.1	219	k121_90234_2	N/A	27.128	84	188	1.27e-06	49.3
WP_089236970.1	219	k121_237904_2	N/A	30.000	44	100	1.48e-06	48.9
WP_089236970.1	219	k121_800746_1	N/A	24.865	79	185	2.45e-06	48.5
WP_089236970.1	219	k121_10721_76	N/A	29.825	52	114	2.52e-06	48.5
WP_089236970.1	219	k121_287807_2	N/A	33.784	34	74	3.10e-06	48.1
WP_089236970.1	219	k121_135113_2	N/A	35.211	30	71	3.72e-06	45.8
WP_089236970.1	219	k121_288773_1	N/A	24.752	87	202	5.58e-06	47.4
WP_089236970.1	219	k121_126620_3	N/A	34.021	43	97	6.20e-06	47.0
WP_089236970.1	219	k121_648341_2	N/A	30.769	42	91	6.67e-06	47.0
WP_089236970.1	219	k121_78353_2	N/A	28.249	79	177	7.54e-06	47.0
WP_089236970.1	219	k121_413396_3	N/A	35.385	29	65	9.02e-06	45.4
WP_089236970.1	219	k121_159627_2	N/A	35.938	29	64	1.01e-05	46.6
WP_089236970.1	219	k121_519064_7	N/A	26.163	77	172	1.05e-05	46.6
WP_089236970.1	219	k121_571319_3	N/A	34.066	42	91	1.31e-05	45.8
WP_089236970.1	219	k121_419155_3	N/A	35.821	31	67	1.70e-05	43.5
WP_089236970.1	219	k121_232495_10	N/A	33.824	31	68	1.83e-05	45.8
WP_089236970.1	219	k121_312126_2	N/A	26.250	67	160	2.22e-05	45.4
WP_089236970.1	219	k121_838400_2	N/A	34.328	31	67	3.01e-05	45.1
WP_089236970.1	219	k121_667992_2	N/A	37.500	29	64	3.87e-05	42.7
WP_089236970.1	219	k121_534158_2	N/A	37.931	26	58	4.87e-05	44.7
WP_089236970.1	219	k121_415365_2	N/A	26.047	96	215	5.09e-05	44.7
WP_089236970.1	219	k121_817456_55	N/A	24.845	71	161	5.14e-05	44.3
WP_089236970.1	219	k121_233970_2	N/A	30.435	51	115	5.42e-05	44.3
WP_089236970.1	219	k121_178979_10	N/A	35.938	29	64	6.04e-05	44.3
WP_089236970.1	219	k121_466552_2	N/A	24.725	83	182	7.21e-05	43.9
WP_089236970.1	219	k121_518317_2	N/A	32.727	25	55	7.23e-05	42.4
WP_089236970.1	219	k121_232495_9	N/A	32.857	32	70	7.65e-05	44.3
WP_089236970.1	219	k121_631274_2	N/A	22.642	72	159	8.40e-05	44.3
WP_089236970.1	219	k121_307101_2	N/A	32.353	31	68	8.92e-05	43.5
WP_089236970.1	219	k121_700899_1	N/A	27.439	74	164	1.06e-04	43.9
WP_089236970.1	219	k121_570894_2	N/A	31.944	33	72	1.14e-04	43.5
WP_089236970.1	219	k121_212301_1	N/A	35.714	26	56	1.26e-04	43.1
WP_089236970.1	219	k121_67304_3	N/A	29.231	30	65	2.41e-04	42.0
WP_089236970.1	219	k121_380878_4	N/A	36.364	30	66	2.60e-04	42.4
WP_089236970.1	219	k121_401650_2	N/A	35.185	25	54	2.72e-04	42.4
WP_089236970.1	219	k121_130999_1	N/A	25.654	81	191	2.81e-04	42.4
WP_089236970.1	219	k121_469366_4	N/A	35.484	28	62	2.98e-04	42.4
WP_089236970.1	219	k121_336337_2	N/A	34.426	27	61	3.01e-04	42.0
WP_089236970.1	219	k121_354571_2	N/A	29.412	37	85	4.29e-04	42.0
WP_089236970.1	219	k121_785301_1	N/A	28.696	43	115	4.57e-04	41.6
WP_089236970.1	219	k121_537835_2	N/A	29.508	28	61	5.85e-04	41.2
WP_089236970.1	219	k121_100408_1	N/A	26.506	38	83	6.34e-04	41.2
WP_089236970.1	219	k121_545610_4	N/A	24.286	91	210	6.37e-04	41.6
WP_089236970.1	219	k121_325078_28	N/A	29.670	41	91	7.05e-04	41.6
WP_089236970.1	219	k121_135944_1	N/A	27.778	47	108	7.21e-04	40.0
WP_089236970.1	219	k121_143719_22	N/A	26.190	38	84	8.37e-04	40.8
WP_089236970.1	219	k121_745191_1	N/A	36.000	23	50	0.001	40.8
WP_089236970.1	219	k121_310466_4	N/A	31.646	36	79	0.001	40.8
WP_089236970.1	219	k121_297167_1	N/A	34.426	28	61	0.001	40.4
WP_089236970.1	219	k121_29210_2	N/A	33.333	29	66	0.001	40.8
WP_089236970.1	219	k121_171423_2	N/A	32.075	24	53	0.001	40.8
WP_089236970.1	219	k121_573887_10	N/A	26.108	86	203	0.001	40.8
WP_089236970.1	219	k121_289994_5	N/A	29.333	32	75	0.001	40.4
WP_089236970.1	219	k121_244150_2	N/A	36.364	35	77	0.001	40.0
WP_089236970.1	219	k121_119573_4	N/A	32.258	28	62	0.001	40.4
WP_089236970.1	219	k121_562327_8	N/A	32.075	24	53	0.002	40.4
WP_089236970.1	219	k121_183641_5	N/A	24.227	86	194	0.002	40.0
WP_089236970.1	219	k121_129224_10	N/A	36.066	28	61	0.002	40.0
WP_089236970.1	219	k121_333347_9	N/A	34.545	25	55	0.002	40.0
WP_089236970.1	219	k121_588439_2	N/A	33.333	30	66	0.003	38.9
WP_089236970.1	219	k121_816037_2	N/A	33.784	33	74	0.003	39.3
WP_089236970.1	219	k121_204276_2	N/A	27.273	45	99	0.003	39.3
WP_089236970.1	219	k121_712537_3	N/A	38.983	26	59	0.003	40.0
WP_089236970.1	219	k121_612099_2	N/A	31.746	29	63	0.003	39.7
WP_089236970.1	219	k121_231197_2	N/A	28.571	44	98	0.003	39.3
WP_089236970.1	219	k121_590339_2	N/A	38.000	23	50	0.003	39.3
WP_089236970.1	219	k121_663252_4	N/A	39.623	24	53	0.003	39.3
WP_089236970.1	219	k121_636555_2	N/A	40.000	27	60	0.003	39.3
WP_089236970.1	219	k121_787465_11	N/A	25.843	41	89	0.004	38.9
WP_089236970.1	219	k121_734048_2	N/A	25.581	39	86	0.004	38.9
WP_089236970.1	219	k121_835151_2	N/A	31.579	35	76	0.004	38.9
WP_089236970.1	219	k121_299526_2	N/A	29.474	43	95	0.004	38.9
WP_089236970.1	219	k121_108271_4	N/A	27.000	45	100	0.005	38.9
WP_089236970.1	219	k121_427369_54	N/A	28.090	41	89	0.005	38.5
WP_089236970.1	219	k121_138906_4	N/A	26.404	80	178	0.005	38.5
WP_089236970.1	219	k121_49841_2	N/A	33.333	29	63	0.005	38.9
WP_089236970.1	219	k121_451000_2	N/A	21.622	66	148	0.005	38.5
WP_089236970.1	219	k121_449139_8	N/A	23.958	85	192	0.006	38.1
WP_089236970.1	219	k121_439927_1	N/A	32.258	28	62	0.006	37.4
WP_089236970.1	219	k121_746667_2	N/A	30.000	27	60	0.007	38.5
WP_089236970.1	219	k121_448388_12	N/A	25.556	41	90	0.008	38.1
WP_089236970.1	219	k121_798974_3	N/A	37.255	23	51	0.008	38.1
WP_089236970.1	219	k121_533082_2	N/A	33.333	22	48	0.009	37.7
WP_089236970.1	219	k121_595293_2	N/A	32.759	26	58	0.009	37.4
WP_089236970.1	219	k121_729136_13	N/A	32.812	29	64	0.011	37.7
WP_089236970.1	219	k121_70066_1	N/A	30.769	30	65	0.013	37.7
WP_089236970.1	219	k121_120295_8	N/A	31.481	25	54	0.013	37.4
WP_089236970.1	219	k121_317647_1	N/A	33.333	23	51	0.014	37.4
WP_089236970.1	219	k121_579990_2	N/A	26.415	24	53	0.015	37.4
WP_089236970.1	219	k121_377021_6	N/A	33.333	27	60	0.019	37.0
WP_089236970.1	219	k121_585393_3	N/A	26.263	45	99	0.019	36.6
WP_089236970.1	219	k121_139770_1	N/A	32.432	31	74	0.021	37.0
WP_089236970.1	219	k121_242089_10	N/A	34.426	28	61	0.021	37.0
WP_089236970.1	219	k121_592435_2	N/A	35.938	29	64	0.021	37.0
WP_089236970.1	219	k121_30201_2	N/A	33.871	28	62	0.023	36.6
WP_089236970.1	219	k121_434261_2	N/A	30.263	31	76	0.024	36.6
WP_089236970.1	219	k121_555375_2	N/A	23.636	74	165	0.026	36.6
WP_089236970.1	219	k121_521544_2	N/A	33.898	26	59	0.036	36.2
WP_089236970.1	219	k121_307666_5	N/A	39.623	24	53	0.037	36.2
WP_089236970.1	219	k121_765581_2	N/A	23.494	73	166	0.041	35.8
WP_089236970.1	219	k121_466553_2	N/A	29.231	30	65	0.042	35.8
WP_089236970.1	219	k121_541432_2	N/A	32.653	25	49	0.042	36.2
WP_089236970.1	219	k121_541432_2	N/A	34.000	25	50	0.049	36.2
WP_089236970.1	219	k121_781950_2	N/A	27.941	31	68	0.043	35.4
WP_089236970.1	219	k121_335243_1	N/A	30.303	60	132	0.044	35.8
WP_089236970.1	219	k121_559527_3	N/A	32.653	45	98	0.052	35.4
WP_089236970.1	219	k121_637078_2	N/A	35.556	21	45	0.053	35.4
WP_089236970.1	219	k121_295793_2	N/A	35.593	27	59	0.060	35.4
WP_089236970.1	219	k121_737797_2	N/A	23.494	73	166	0.061	35.4
WP_089236970.1	219	k121_5111_4	N/A	26.515	54	132	0.061	35.4
WP_089236970.1	219	k121_497495_1	N/A	25.269	83	186	0.067	35.0
WP_089236970.1	219	k121_281292_2	N/A	40.909	20	44	0.070	35.4
WP_089236970.1	219	k121_245687_1	N/A	31.884	30	69	0.082	33.9
WP_000845048.1	337	k121_444095_2	N/A	63.444	96	331	7.23e-145	417
WP_000845048.1	337	k121_194144_1	N/A	62.229	94	323	2.53e-139	402
WP_000845048.1	337	k121_427462_1	N/A	52.960	95	321	2.90e-112	330
WP_000845048.1	337	k121_152728_3	N/A	52.548	93	314	1.45e-107	319
WP_000845048.1	337	k121_498974_1	N/A	48.408	93	314	9.53e-94	283
WP_000845048.1	337	k121_572603_2	N/A	61.261	64	222	1.80e-87	264
WP_000845048.1	337	k121_523492_1	N/A	58.659	53	179	5.61e-67	210
WP_000845048.1	337	k121_723310_1	N/A	41.026	81	273	5.72e-63	202
WP_000845048.1	337	k121_417824_2	N/A	35.258	97	329	6.51e-45	156
WP_000845048.1	337	k121_247623_1	N/A	46.316	56	190	8.05e-44	150
WP_000845048.1	337	k121_288750_2	N/A	33.121	93	314	5.95e-41	147
WP_000845048.1	337	k121_658923_2	N/A	32.343	89	303	1.72e-36	134
WP_000845048.1	337	k121_676437_5	N/A	62.000	28	100	8.56e-36	127
WP_000845048.1	337	k121_647374_16	N/A	33.226	92	310	1.12e-34	129
WP_000845048.1	337	k121_302643_2	N/A	67.816	26	87	1.59e-34	123
WP_000845048.1	337	k121_56180_1	N/A	29.618	93	314	1.11e-33	127
WP_000845048.1	337	k121_169790_1	N/A	28.383	90	303	1.84e-32	125
WP_000845048.1	337	k121_543293_1	N/A	26.935	94	323	5.63e-28	112
WP_000845048.1	337	k121_362190_1	N/A	32.035	67	231	2.22e-27	107
WP_000845048.1	337	k121_535713_4	N/A	33.574	76	277	1.11e-24	103
WP_000845048.1	337	k121_611871_1	N/A	34.568	69	243	1.34e-23	100
WP_000845048.1	337	k121_249969_39	N/A	30.769	85	299	2.58e-22	97.1
WP_000845048.1	337	k121_782462_1	N/A	30.686	81	277	7.96e-22	94.7
WP_000845048.1	337	k121_361657_1	N/A	28.099	71	242	8.24e-21	90.9
WP_000845048.1	337	k121_522938_1	N/A	35.556	53	180	9.12e-21	89.7
WP_000845048.1	337	k121_269662_2	N/A	33.476	66	233	1.17e-20	92.4
WP_000845048.1	337	k121_296846_1	N/A	28.782	79	271	3.85e-20	89.7
WP_000845048.1	337	k121_560250_3	N/A	29.000	84	300	4.93e-20	90.5
WP_000845048.1	337	k121_306636_2	N/A	32.961	53	179	5.99e-20	87.0
WP_000845048.1	337	k121_559337_6	N/A	25.839	82	298	1.14e-18	86.3
WP_000845048.1	337	k121_263735_1	N/A	32.558	62	215	1.86e-18	84.3
WP_000845048.1	337	k121_677472_2	N/A	31.250	65	224	1.86e-18	86.3
WP_000845048.1	337	k121_546818_2	N/A	28.859	85	298	2.89e-18	85.5
WP_000845048.1	337	k121_143911_1	N/A	32.353	68	238	6.50e-18	83.6
WP_000845048.1	337	k121_4016_2	N/A	31.618	77	272	2.03e-17	82.8
WP_000845048.1	337	k121_798809_2	N/A	25.180	78	278	3.54e-17	82.4
WP_000845048.1	337	k121_796653_2	N/A	31.050	63	219	9.40e-17	81.6
WP_000845048.1	337	k121_684004_1	N/A	30.085	63	236	1.25e-16	80.1
WP_000845048.1	337	k121_724111_18	N/A	30.693	58	202	1.88e-16	80.9
WP_000845048.1	337	k121_320049_5	N/A	25.455	78	275	1.99e-16	80.1
WP_000845048.1	337	k121_847172_7	N/A	24.662	82	296	2.14e-16	79.7
WP_000845048.1	337	k121_339185_3	N/A	25.168	83	298	2.26e-16	80.1
WP_000845048.1	337	k121_815971_2	N/A	32.065	54	184	2.66e-16	80.5
WP_000845048.1	337	k121_37202_3	N/A	27.570	62	214	3.82e-16	79.3
WP_000845048.1	337	k121_480176_1	N/A	27.684	53	177	6.40e-16	78.6
WP_000845048.1	337	k121_131446_2	N/A	31.641	72	256	6.71e-16	78.6
WP_000845048.1	337	k121_8819_1	N/A	27.547	75	265	7.99e-16	78.2
WP_000845048.1	337	k121_332423_1	N/A	28.276	82	290	5.90e-15	76.3
WP_000845048.1	337	k121_692249_4	N/A	29.218	69	243	6.30e-15	75.9
WP_000845048.1	337	k121_107742_3	N/A	25.573	74	262	1.17e-14	74.7
WP_000845048.1	337	k121_138078_1	N/A	28.328	82	293	1.29e-14	75.1
WP_000845048.1	337	k121_760430_12	N/A	30.088	64	226	3.74e-14	72.8
WP_000845048.1	337	k121_396420_1	N/A	29.677	87	310	7.70e-14	72.8
WP_000845048.1	337	k121_666242_1	N/A	26.442	61	208	1.40e-13	70.1
WP_000845048.1	337	k121_115099_1	N/A	30.804	62	224	1.79e-13	71.6
WP_000845048.1	337	k121_377677_2	N/A	27.152	45	151	2.06e-13	69.3
WP_000845048.1	337	k121_735505_2	N/A	53.623	20	69	2.11e-13	66.2
WP_000845048.1	337	k121_508955_61	N/A	32.768	53	177	2.78e-13	71.2
WP_000845048.1	337	k121_24828_2	N/A	28.175	69	252	5.22e-13	70.5
WP_000845048.1	337	k121_23902_4	N/A	23.649	82	296	5.56e-13	70.5
WP_000845048.1	337	k121_581378_4	N/A	30.357	62	224	5.92e-13	70.1
WP_000845048.1	337	k121_424134_2	N/A	32.571	52	175	7.25e-13	69.7
WP_000845048.1	337	k121_565261_3	N/A	30.000	84	300	1.07e-12	69.7
WP_000845048.1	337	k121_14901_1	N/A	30.942	62	223	1.38e-12	67.8
WP_000845048.1	337	k121_268502_1	N/A	27.508	85	309	1.52e-12	69.3
WP_000845048.1	337	k121_18900_1	N/A	30.168	53	179	2.12e-12	66.6
WP_000845048.1	337	k121_761886_4	N/A	27.184	85	309	5.15e-12	67.4
WP_000845048.1	337	k121_437319_2	N/A	37.241	43	145	2.05e-11	62.8
WP_000845048.1	337	k121_141469_1	N/A	27.063	82	303	3.23e-11	65.1
WP_000845048.1	337	k121_7400_1	N/A	29.944	53	177	3.31e-11	62.8
WP_000845048.1	337	k121_314591_2	N/A	24.519	61	208	1.54e-10	62.4
WP_000845048.1	337	k121_111227_1	N/A	26.978	77	278	1.70e-10	63.5
WP_000845048.1	337	k121_804851_5	N/A	28.395	71	243	2.10e-10	62.4
WP_000845048.1	337	k121_831590_24	N/A	26.316	61	228	2.20e-10	62.8
WP_000845048.1	337	k121_700883_1	N/A	27.667	83	300	6.02e-10	61.6
WP_000845048.1	337	k121_334008_2	N/A	24.719	74	267	6.89e-10	61.2
WP_000845048.1	337	k121_193368_1	N/A	27.037	75	270	1.97e-09	59.7
WP_000845048.1	337	k121_304557_1	N/A	23.656	55	186	2.51e-09	57.4
WP_000845048.1	337	k121_146870_4	N/A	24.818	76	274	4.17e-08	55.8
WP_000845048.1	337	k121_392316_1	N/A	31.111	53	180	7.80e-08	53.5
WP_000845048.1	337	k121_596776_2	N/A	29.775	53	178	1.25e-07	54.7
WP_000845048.1	337	k121_34795_1	N/A	26.549	61	226	2.47e-07	53.5
WP_000845048.1	337	k121_405482_1	N/A	26.296	75	270	3.98e-07	52.8
WP_000845048.1	337	k121_652272_3	N/A	24.057	62	212	5.55e-07	51.6
WP_000845048.1	337	k121_146870_3	N/A	26.389	38	144	1.12e-06	51.6
WP_000845048.1	337	k121_176657_1	N/A	32.877	21	73	2.48e-06	47.8
WP_000845048.1	337	k121_45228_2	N/A	29.189	52	185	4.29e-06	48.9
WP_000845048.1	337	k121_723815_3	N/A	25.589	83	297	9.33e-06	48.5
WP_000845048.1	337	k121_405175_3	N/A	28.638	58	213	1.08e-05	47.4
WP_000845048.1	337	k121_673325_1	N/A	28.019	53	207	1.08e-05	48.1
WP_000845048.1	337	k121_405175_2	N/A	25.083	84	303	1.20e-05	48.1
WP_000845048.1	337	k121_408138_1	N/A	26.818	64	220	1.69e-05	47.4
WP_000845048.1	337	k121_545288_1	N/A	26.000	84	300	1.79e-05	47.8
WP_000845048.1	337	k121_701045_2	N/A	26.370	74	292	2.02e-05	47.8
WP_000845048.1	337	k121_486133_2	N/A	28.125	54	192	2.28e-05	47.4
WP_000845048.1	337	k121_515052_2	N/A	31.507	21	73	2.57e-05	45.8
WP_000845048.1	337	k121_520466_1	N/A	24.667	42	150	2.87e-05	46.2
WP_000845048.1	337	k121_146870_2	N/A	20.505	89	317	3.75e-05	47.0
WP_000845048.1	337	k121_74149_2	N/A	30.137	21	73	1.34e-04	44.3
WP_000845048.1	337	k121_651487_2	N/A	24.390	49	164	1.47e-04	43.5
WP_000845048.1	337	k121_33606_2	N/A	27.805	56	205	2.96e-04	44.3
WP_000845048.1	337	k121_494373_1	N/A	23.729	52	177	0.001	42.4
WP_000845048.1	337	k121_175142_1	N/A	32.895	22	76	0.002	39.3
WP_000845048.1	337	k121_689116_1	N/A	26.180	68	233	0.003	40.8
WP_000845048.1	337	k121_79950_1	N/A	22.599	48	177	0.005	39.7
WP_000845048.1	337	k121_406388_1	N/A	31.522	24	92	0.006	39.3
WP_000845048.1	337	k121_728646_1	N/A	28.767	20	73	0.009	38.5
WP_000845048.1	337	k121_163485_2	N/A	24.766	63	214	0.016	38.1
WP_000845048.1	337	k121_652790_2	N/A	29.213	24	89	0.025	38.1
WP_000845048.1	337	k121_67688_1	N/A	31.068	29	103	0.028	37.4
WP_000845048.1	337	k121_35497_1	N/A	27.329	44	161	0.032	37.0
WP_000845048.1	337	k121_292494_2	N/A	39.189	21	74	0.047	37.0
WP_000845048.1	337	k121_591138_1	N/A	24.171	56	211	0.050	37.0
WP_000845048.1	337	k121_652790_3	N/A	26.804	48	194	0.080	36.2
