SadA_ref|WP_036299419.1|:1-399	399	k121_141692_28	N/A	31.092	58	238	9.36e-35	134
SadA_ref|WP_036299419.1|:1-399	399	k121_60438_3	N/A	28.814	58	236	1.11e-32	127
SadA_ref|WP_036299419.1|:1-399	399	k121_539680_18	N/A	24.412	84	340	1.97e-29	119
SadA_ref|WP_036299419.1|:1-399	399	k121_604562_3	N/A	28.571	66	273	4.64e-27	110
SadA_ref|WP_036299419.1|:1-399	399	k121_847905_1	N/A	27.865	93	384	6.05e-23	100
SadA_ref|WP_036299419.1|:1-399	399	k121_402450_1	N/A	25.283	64	265	4.74e-18	85.5
SadA_ref|WP_036299419.1|:1-399	399	k121_83793_1	N/A	27.037	64	270	2.36e-12	68.9
SadA_ref|WP_036299419.1|:1-399	399	k121_751415_7	N/A	28.249	43	177	4.69e-06	50.1
SadA_ref|WP_036299419.1|:1-399	399	k121_180312_2	N/A	23.446	81	354	3.55e-05	47.4
SadA_ref|WP_036299419.1|:1-399	399	k121_700675_2	N/A	22.472	22	89	0.016	36.6
SadA_ref|WP_036299419.1|:1-399	399	k121_789002_1	N/A	26.897	36	145	0.059	37.4
SadB_ref|WP_100812327.1|:1-423	423	k121_141692_28	N/A	25.203	85	369	8.25e-36	137
SadB_ref|WP_100812327.1|:1-423	423	k121_604562_3	N/A	30.827	62	266	1.80e-32	125
SadB_ref|WP_100812327.1|:1-423	423	k121_539680_18	N/A	27.893	77	337	2.55e-27	114
SadB_ref|WP_100812327.1|:1-423	423	k121_60438_3	N/A	26.087	48	207	9.01e-25	105
SadB_ref|WP_100812327.1|:1-423	423	k121_402450_1	N/A	27.211	65	294	6.20e-22	97.1
SadB_ref|WP_100812327.1|:1-423	423	k121_847905_1	N/A	28.342	84	374	2.01e-18	88.2
SadB_ref|WP_100812327.1|:1-423	423	k121_180312_2	N/A	26.536	76	358	3.02e-14	75.9
SadB_ref|WP_100812327.1|:1-423	423	k121_83793_1	N/A	28.676	60	272	5.24e-11	65.1
SadB_ref|WP_100812327.1|:1-423	423	k121_824847_1	N/A	26.599	65	297	2.51e-06	50.8
SadB_ref|WP_100812327.1|:1-423	423	k121_690262_2	N/A	26.538	58	260	1.86e-05	48.1
SadB_ref|WP_100812327.1|:1-423	423	k121_633315_1	N/A	27.344	26	128	5.96e-04	42.7
SadB_ref|WP_100812327.1|:1-423	423	k121_750559_2	N/A	29.677	35	155	0.002	42.4
SadB_ref|WP_100812327.1|:1-423	423	k121_734259_2	N/A	28.571	26	126	0.011	39.7
SadC_ref|WP_036299413.1|:1-194	194	k121_287490_2	N/A	30.657	69	137	1.33e-11	62.0
SadC_ref|WP_036299413.1|:1-194	194	k121_345373_2	N/A	27.742	76	155	8.86e-11	61.2
SadC_ref|WP_036299413.1|:1-194	194	k121_206215_1	N/A	28.387	76	155	1.42e-10	60.8
SadC_ref|WP_036299413.1|:1-194	194	k121_573546_1	N/A	27.742	76	155	2.14e-10	60.5
SadC_ref|WP_036299413.1|:1-194	194	k121_319100_2	N/A	27.143	70	140	6.69e-10	57.4
SadC_ref|WP_036299413.1|:1-194	194	k121_724111_32	N/A	27.820	68	133	1.30e-08	53.9
SadC_ref|WP_036299413.1|:1-194	194	k121_798609_2	N/A	26.761	73	142	3.56e-08	52.8
SadC_ref|WP_036299413.1|:1-194	194	k121_704870_2	N/A	28.261	68	138	3.34e-07	50.1
SadC_ref|WP_036299413.1|:1-194	194	k121_446611_2	N/A	28.030	66	132	2.93e-06	47.4
SadC_ref|WP_036299413.1|:1-194	194	k121_343931_2	N/A	24.516	76	155	3.51e-06	47.0
SadC_ref|WP_036299413.1|:1-194	194	k121_527168_3	N/A	29.661	60	118	4.00e-06	45.8
SadC_ref|WP_036299413.1|:1-194	194	k121_722598_8	N/A	37.805	42	82	4.61e-06	46.6
SadC_ref|WP_036299413.1|:1-194	194	k121_141692_26	N/A	38.235	35	68	5.17e-06	46.6
SadC_ref|WP_036299413.1|:1-194	194	k121_316658_5	N/A	31.818	45	88	9.32e-06	44.3
SadC_ref|WP_036299413.1|:1-194	194	k121_795606_1	N/A	25.984	65	127	2.76e-04	41.2
SadC_ref|WP_036299413.1|:1-194	194	k121_480181_10	N/A	21.472	82	163	2.92e-04	41.6
SadC_ref|WP_036299413.1|:1-194	194	k121_186319_1	N/A	36.000	38	75	0.004	38.5
SadC_ref|WP_036299413.1|:1-194	194	k121_826911_1	N/A	42.857	25	49	0.013	34.7
WP_000259031.1	279	k121_298519_39	N/A	35.606	94	264	1.44e-41	145
WP_000259031.1	279	k121_826942_2	N/A	37.652	87	247	1.79e-35	129
WP_000259031.1	279	k121_379023_2	N/A	32.443	93	262	6.88e-32	120
WP_000259031.1	279	k121_399737_2	N/A	36.620	76	213	1.91e-31	117
WP_000259031.1	279	k121_345113_2	N/A	28.745	88	247	9.97e-31	117
WP_000259031.1	279	k121_590252_1	N/A	31.651	78	218	3.18e-30	115
WP_000259031.1	279	k121_715942_8	N/A	31.227	95	269	3.70e-28	110
WP_000259031.1	279	k121_367153_1	N/A	31.439	93	264	6.29e-27	108
WP_000259031.1	279	k121_347424_5	N/A	33.465	88	254	1.31e-25	105
WP_000259031.1	279	k121_51040_5	N/A	30.924	88	249	1.89e-25	103
WP_000259031.1	279	k121_28696_1	N/A	28.897	89	263	1.41e-24	100
WP_000259031.1	279	k121_573117_2	N/A	27.711	88	249	2.49e-24	100
WP_000259031.1	279	k121_818798_1	N/A	31.301	87	246	4.48e-24	100
WP_000259031.1	279	k121_371523_2	N/A	28.195	93	266	2.12e-21	92.8
WP_000259031.1	279	k121_541458_1	N/A	26.104	88	249	3.13e-20	89.4
WP_000259031.1	279	k121_6215_1	N/A	32.990	68	194	1.02e-19	88.2
WP_000259031.1	279	k121_223622_1	N/A	29.646	79	226	1.02e-19	86.7
WP_000259031.1	279	k121_355321_5	N/A	32.000	76	225	6.28e-19	85.5
WP_000259031.1	279	k121_724389_1	N/A	26.961	71	204	2.98e-16	77.4
WP_000259031.1	279	k121_749042_1	N/A	28.571	44	126	4.33e-13	67.8
WP_000259031.1	279	k121_693452_1	N/A	31.250	44	128	2.14e-11	63.2
WP_000259031.1	279	k121_307409_2	N/A	23.977	59	171	4.55e-09	56.2
WP_000259031.1	279	k121_603957_2	N/A	34.254	59	181	1.49e-07	52.4
WP_000259031.1	279	k121_330005_1	N/A	22.346	60	179	3.49e-07	51.6
WP_000259031.1	279	k121_76100_2	N/A	35.294	24	68	1.75e-06	49.7
WP_000259031.1	279	k121_484135_2	N/A	23.171	57	164	4.87e-05	45.4
WP_000259031.1	279	k121_93203_4	N/A	32.895	27	76	5.26e-05	45.8
WP_000259031.1	279	k121_484135_1	N/A	31.646	28	79	2.68e-04	43.9
WP_001043260.1	271	k121_826942_2	N/A	39.464	96	261	7.76e-50	166
WP_001043260.1	271	k121_298519_39	N/A	35.521	96	259	4.82e-45	154
WP_001043260.1	271	k121_715942_8	N/A	38.636	97	264	1.53e-43	150
WP_001043260.1	271	k121_399737_2	N/A	38.863	77	211	2.97e-42	145
WP_001043260.1	271	k121_590252_1	N/A	36.296	98	270	4.38e-42	146
WP_001043260.1	271	k121_51040_5	N/A	35.249	96	261	5.23e-39	139
WP_001043260.1	271	k121_379023_2	N/A	36.842	96	266	2.05e-36	132
WP_001043260.1	271	k121_28696_1	N/A	32.046	90	259	2.43e-35	129
WP_001043260.1	271	k121_345113_2	N/A	30.798	95	263	2.47e-34	126
WP_001043260.1	271	k121_371523_2	N/A	31.679	95	262	5.40e-34	126
WP_001043260.1	271	k121_573117_2	N/A	30.159	92	252	1.04e-30	117
WP_001043260.1	271	k121_541458_1	N/A	29.365	92	252	1.18e-28	111
WP_001043260.1	271	k121_367153_1	N/A	29.588	97	267	2.99e-28	112
WP_001043260.1	271	k121_818798_1	N/A	30.769	80	221	2.48e-26	106
WP_001043260.1	271	k121_6215_1	N/A	36.508	69	189	2.47e-25	103
WP_001043260.1	271	k121_355321_5	N/A	34.902	92	255	2.18e-24	100
WP_001043260.1	271	k121_347424_5	N/A	29.699	97	266	7.48e-24	100
WP_001043260.1	271	k121_693452_1	N/A	43.089	45	123	3.69e-23	94.7
WP_001043260.1	271	k121_223622_1	N/A	25.110	83	227	2.79e-17	80.1
WP_001043260.1	271	k121_307409_2	N/A	32.283	46	127	7.59e-15	72.0
WP_001043260.1	271	k121_749042_1	N/A	30.469	46	128	2.05e-14	71.2
WP_001043260.1	271	k121_76100_2	N/A	50.000	25	68	3.31e-14	72.0
WP_001043260.1	271	k121_724389_1	N/A	24.500	73	200	7.36e-14	70.5
WP_001043260.1	271	k121_93203_4	N/A	43.056	26	72	1.01e-11	66.2
WP_001043260.1	271	k121_484135_1	N/A	44.444	26	72	1.17e-10	62.8
WP_001043260.1	271	k121_330005_1	N/A	27.273	83	242	1.40e-10	61.2
WP_001043260.1	271	k121_603957_2	N/A	31.522	62	184	3.87e-07	51.2
WP_001043260.1	271	k121_484135_2	N/A	20.398	69	201	8.27e-05	44.7
WP_001043260.1	271	k121_43898_3	N/A	34.177	29	79	0.047	37.0
WP_000034420.1	263	k121_298519_39	N/A	37.452	98	259	6.55e-53	174
WP_000034420.1	263	k121_590252_1	N/A	39.382	97	259	1.49e-52	173
WP_000034420.1	263	k121_51040_5	N/A	37.500	99	264	7.83e-50	167
WP_000034420.1	263	k121_826942_2	N/A	35.907	98	259	3.17e-48	162
WP_000034420.1	263	k121_715942_8	N/A	36.364	99	264	1.19e-46	158
WP_000034420.1	263	k121_345113_2	N/A	32.319	98	263	1.29e-41	145
WP_000034420.1	263	k121_399737_2	N/A	40.187	80	214	1.32e-40	140
WP_000034420.1	263	k121_541458_1	N/A	32.031	97	256	5.56e-39	138
WP_000034420.1	263	k121_573117_2	N/A	32.812	97	256	1.56e-38	137
WP_000034420.1	263	k121_379023_2	N/A	33.585	98	265	1.18e-37	135
WP_000034420.1	263	k121_28696_1	N/A	32.567	95	261	3.92e-36	130
WP_000034420.1	263	k121_367153_1	N/A	30.534	99	262	2.00e-35	130
WP_000034420.1	263	k121_347424_5	N/A	31.818	99	264	1.60e-32	123
WP_000034420.1	263	k121_818798_1	N/A	31.120	91	241	4.16e-32	121
WP_000034420.1	263	k121_371523_2	N/A	29.434	98	265	1.47e-30	116
WP_000034420.1	263	k121_355321_5	N/A	32.946	94	258	9.09e-26	103
WP_000034420.1	263	k121_693452_1	N/A	37.415	53	147	2.11e-25	100
WP_000034420.1	263	k121_6215_1	N/A	33.333	67	177	4.68e-25	102
WP_000034420.1	263	k121_223622_1	N/A	30.837	83	227	6.31e-21	89.7
WP_000034420.1	263	k121_749042_1	N/A	36.508	47	126	1.09e-18	82.4
WP_000034420.1	263	k121_724389_1	N/A	28.641	76	206	3.66e-17	79.3
WP_000034420.1	263	k121_603957_2	N/A	29.897	67	194	1.50e-15	74.3
WP_000034420.1	263	k121_330005_1	N/A	26.744	64	172	4.33e-12	65.5
WP_000034420.1	263	k121_93203_4	N/A	41.667	27	72	6.27e-11	63.5
WP_000034420.1	263	k121_484135_1	N/A	41.026	29	78	7.83e-11	63.2
WP_000034420.1	263	k121_76100_2	N/A	49.231	24	65	1.32e-10	61.6
WP_000034420.1	263	k121_307409_2	N/A	28.070	62	171	4.52e-10	58.9
WP_000034420.1	263	k121_484135_2	N/A	21.717	71	198	1.62e-06	49.7
WP_000034420.1	263	k121_846146_3	N/A	32.836	22	67	0.001	39.3
WP_000034420.1	263	k121_43898_3	N/A	36.508	24	63	0.022	37.7
WP_000034420.1	263	k121_75162_3	N/A	30.000	22	60	0.072	33.5
WP_000845048.1	337	k121_444095_2	N/A	63.444	96	331	7.23e-145	417
WP_000845048.1	337	k121_194144_1	N/A	62.229	94	323	2.53e-139	402
WP_000845048.1	337	k121_427462_1	N/A	52.960	95	321	2.90e-112	330
WP_000845048.1	337	k121_152728_3	N/A	52.548	93	314	1.45e-107	319
WP_000845048.1	337	k121_498974_1	N/A	48.408	93	314	9.53e-94	283
WP_000845048.1	337	k121_572603_2	N/A	61.261	64	222	1.80e-87	264
WP_000845048.1	337	k121_523492_1	N/A	58.659	53	179	5.61e-67	210
WP_000845048.1	337	k121_723310_1	N/A	41.026	81	273	5.72e-63	202
WP_000845048.1	337	k121_417824_2	N/A	35.258	97	329	6.51e-45	156
WP_000845048.1	337	k121_247623_1	N/A	46.316	56	190	8.05e-44	150
WP_000845048.1	337	k121_288750_2	N/A	33.121	93	314	5.95e-41	147
WP_000845048.1	337	k121_658923_2	N/A	32.343	89	303	1.72e-36	134
WP_000845048.1	337	k121_676437_5	N/A	62.000	28	100	8.56e-36	127
WP_000845048.1	337	k121_647374_16	N/A	33.226	92	310	1.12e-34	129
WP_000845048.1	337	k121_302643_2	N/A	67.816	26	87	1.59e-34	123
WP_000845048.1	337	k121_56180_1	N/A	29.618	93	314	1.11e-33	127
WP_000845048.1	337	k121_169790_1	N/A	28.383	90	303	1.84e-32	125
WP_000845048.1	337	k121_543293_1	N/A	26.935	94	323	5.63e-28	112
WP_000845048.1	337	k121_362190_1	N/A	32.035	67	231	2.22e-27	107
WP_000845048.1	337	k121_535713_4	N/A	33.574	76	277	1.11e-24	103
WP_000845048.1	337	k121_611871_1	N/A	34.568	69	243	1.34e-23	100
WP_000845048.1	337	k121_249969_39	N/A	30.769	85	299	2.58e-22	97.1
WP_000845048.1	337	k121_782462_1	N/A	30.686	81	277	7.96e-22	94.7
WP_000845048.1	337	k121_361657_1	N/A	28.099	71	242	8.24e-21	90.9
WP_000845048.1	337	k121_522938_1	N/A	35.556	53	180	9.12e-21	89.7
WP_000845048.1	337	k121_269662_2	N/A	33.476	66	233	1.17e-20	92.4
WP_000845048.1	337	k121_296846_1	N/A	28.782	79	271	3.85e-20	89.7
WP_000845048.1	337	k121_560250_3	N/A	29.000	84	300	4.93e-20	90.5
WP_000845048.1	337	k121_306636_2	N/A	32.961	53	179	5.99e-20	87.0
WP_000845048.1	337	k121_559337_6	N/A	25.839	82	298	1.14e-18	86.3
WP_000845048.1	337	k121_263735_1	N/A	32.558	62	215	1.86e-18	84.3
WP_000845048.1	337	k121_677472_2	N/A	31.250	65	224	1.86e-18	86.3
WP_000845048.1	337	k121_546818_2	N/A	28.859	85	298	2.89e-18	85.5
WP_000845048.1	337	k121_143911_1	N/A	32.353	68	238	6.50e-18	83.6
WP_000845048.1	337	k121_4016_2	N/A	31.618	77	272	2.03e-17	82.8
WP_000845048.1	337	k121_798809_2	N/A	25.180	78	278	3.54e-17	82.4
WP_000845048.1	337	k121_796653_2	N/A	31.050	63	219	9.40e-17	81.6
WP_000845048.1	337	k121_684004_1	N/A	30.085	63	236	1.25e-16	80.1
WP_000845048.1	337	k121_724111_18	N/A	30.693	58	202	1.88e-16	80.9
WP_000845048.1	337	k121_320049_5	N/A	25.455	78	275	1.99e-16	80.1
WP_000845048.1	337	k121_847172_7	N/A	24.662	82	296	2.14e-16	79.7
WP_000845048.1	337	k121_339185_3	N/A	25.168	83	298	2.26e-16	80.1
WP_000845048.1	337	k121_815971_2	N/A	32.065	54	184	2.66e-16	80.5
WP_000845048.1	337	k121_37202_3	N/A	27.570	62	214	3.82e-16	79.3
WP_000845048.1	337	k121_480176_1	N/A	27.684	53	177	6.40e-16	78.6
WP_000845048.1	337	k121_131446_2	N/A	31.641	72	256	6.71e-16	78.6
WP_000845048.1	337	k121_8819_1	N/A	27.547	75	265	7.99e-16	78.2
WP_000845048.1	337	k121_332423_1	N/A	28.276	82	290	5.90e-15	76.3
WP_000845048.1	337	k121_692249_4	N/A	29.218	69	243	6.30e-15	75.9
WP_000845048.1	337	k121_107742_3	N/A	25.573	74	262	1.17e-14	74.7
WP_000845048.1	337	k121_138078_1	N/A	28.328	82	293	1.29e-14	75.1
WP_000845048.1	337	k121_760430_12	N/A	30.088	64	226	3.74e-14	72.8
WP_000845048.1	337	k121_396420_1	N/A	29.677	87	310	7.70e-14	72.8
WP_000845048.1	337	k121_666242_1	N/A	26.442	61	208	1.40e-13	70.1
WP_000845048.1	337	k121_115099_1	N/A	30.804	62	224	1.79e-13	71.6
WP_000845048.1	337	k121_377677_2	N/A	27.152	45	151	2.06e-13	69.3
WP_000845048.1	337	k121_735505_2	N/A	53.623	20	69	2.11e-13	66.2
WP_000845048.1	337	k121_508955_61	N/A	32.768	53	177	2.78e-13	71.2
WP_000845048.1	337	k121_24828_2	N/A	28.175	69	252	5.22e-13	70.5
WP_000845048.1	337	k121_23902_4	N/A	23.649	82	296	5.56e-13	70.5
WP_000845048.1	337	k121_581378_4	N/A	30.357	62	224	5.92e-13	70.1
WP_000845048.1	337	k121_424134_2	N/A	32.571	52	175	7.25e-13	69.7
WP_000845048.1	337	k121_565261_3	N/A	30.000	84	300	1.07e-12	69.7
WP_000845048.1	337	k121_14901_1	N/A	30.942	62	223	1.38e-12	67.8
WP_000845048.1	337	k121_268502_1	N/A	27.508	85	309	1.52e-12	69.3
WP_000845048.1	337	k121_18900_1	N/A	30.168	53	179	2.12e-12	66.6
WP_000845048.1	337	k121_761886_4	N/A	27.184	85	309	5.15e-12	67.4
WP_000845048.1	337	k121_437319_2	N/A	37.241	43	145	2.05e-11	62.8
WP_000845048.1	337	k121_141469_1	N/A	27.063	82	303	3.23e-11	65.1
WP_000845048.1	337	k121_7400_1	N/A	29.944	53	177	3.31e-11	62.8
WP_000845048.1	337	k121_314591_2	N/A	24.519	61	208	1.54e-10	62.4
WP_000845048.1	337	k121_111227_1	N/A	26.978	77	278	1.70e-10	63.5
WP_000845048.1	337	k121_804851_5	N/A	28.395	71	243	2.10e-10	62.4
WP_000845048.1	337	k121_831590_24	N/A	26.316	61	228	2.20e-10	62.8
WP_000845048.1	337	k121_700883_1	N/A	27.667	83	300	6.02e-10	61.6
WP_000845048.1	337	k121_334008_2	N/A	24.719	74	267	6.89e-10	61.2
WP_000845048.1	337	k121_193368_1	N/A	27.037	75	270	1.97e-09	59.7
WP_000845048.1	337	k121_304557_1	N/A	23.656	55	186	2.51e-09	57.4
WP_000845048.1	337	k121_146870_4	N/A	24.818	76	274	4.17e-08	55.8
WP_000845048.1	337	k121_392316_1	N/A	31.111	53	180	7.80e-08	53.5
WP_000845048.1	337	k121_596776_2	N/A	29.775	53	178	1.25e-07	54.7
WP_000845048.1	337	k121_34795_1	N/A	26.549	61	226	2.47e-07	53.5
WP_000845048.1	337	k121_405482_1	N/A	26.296	75	270	3.98e-07	52.8
WP_000845048.1	337	k121_652272_3	N/A	24.057	62	212	5.55e-07	51.6
WP_000845048.1	337	k121_146870_3	N/A	26.389	38	144	1.12e-06	51.6
WP_000845048.1	337	k121_176657_1	N/A	32.877	21	73	2.48e-06	47.8
WP_000845048.1	337	k121_45228_2	N/A	29.189	52	185	4.29e-06	48.9
WP_000845048.1	337	k121_723815_3	N/A	25.589	83	297	9.33e-06	48.5
WP_000845048.1	337	k121_405175_3	N/A	28.638	58	213	1.08e-05	47.4
WP_000845048.1	337	k121_673325_1	N/A	28.019	53	207	1.08e-05	48.1
WP_000845048.1	337	k121_405175_2	N/A	25.083	84	303	1.20e-05	48.1
WP_000845048.1	337	k121_408138_1	N/A	26.818	64	220	1.69e-05	47.4
WP_000845048.1	337	k121_545288_1	N/A	26.000	84	300	1.79e-05	47.8
WP_000845048.1	337	k121_701045_2	N/A	26.370	74	292	2.02e-05	47.8
WP_000845048.1	337	k121_486133_2	N/A	28.125	54	192	2.28e-05	47.4
WP_000845048.1	337	k121_515052_2	N/A	31.507	21	73	2.57e-05	45.8
WP_000845048.1	337	k121_520466_1	N/A	24.667	42	150	2.87e-05	46.2
WP_000845048.1	337	k121_146870_2	N/A	20.505	89	317	3.75e-05	47.0
WP_000845048.1	337	k121_74149_2	N/A	30.137	21	73	1.34e-04	44.3
WP_000845048.1	337	k121_651487_2	N/A	24.390	49	164	1.47e-04	43.5
WP_000845048.1	337	k121_33606_2	N/A	27.805	56	205	2.96e-04	44.3
WP_000845048.1	337	k121_494373_1	N/A	23.729	52	177	0.001	42.4
WP_000845048.1	337	k121_175142_1	N/A	32.895	22	76	0.002	39.3
WP_000845048.1	337	k121_689116_1	N/A	26.180	68	233	0.003	40.8
WP_000845048.1	337	k121_79950_1	N/A	22.599	48	177	0.005	39.7
WP_000845048.1	337	k121_406388_1	N/A	31.522	24	92	0.006	39.3
WP_000845048.1	337	k121_728646_1	N/A	28.767	20	73	0.009	38.5
WP_000845048.1	337	k121_163485_2	N/A	24.766	63	214	0.016	38.1
WP_000845048.1	337	k121_652790_2	N/A	29.213	24	89	0.025	38.1
WP_000845048.1	337	k121_67688_1	N/A	31.068	29	103	0.028	37.4
WP_000845048.1	337	k121_35497_1	N/A	27.329	44	161	0.032	37.0
WP_000845048.1	337	k121_292494_2	N/A	39.189	21	74	0.047	37.0
WP_000845048.1	337	k121_591138_1	N/A	24.171	56	211	0.050	37.0
WP_000845048.1	337	k121_652790_3	N/A	26.804	48	194	0.080	36.2
