SadA_ref|WP_036299419.1|:1-399	399	k121_617_3	N/A	27.273	91	374	8.59e-40	149
SadA_ref|WP_036299419.1|:1-399	399	k121_785631_22	N/A	28.520	68	277	2.85e-34	134
SadA_ref|WP_036299419.1|:1-399	399	k121_831485_6	N/A	27.541	75	305	7.70e-34	133
SadA_ref|WP_036299419.1|:1-399	399	k121_522398_18	N/A	24.412	84	340	6.57e-29	119
SadA_ref|WP_036299419.1|:1-399	399	k121_527937_1	N/A	28.517	64	263	1.88e-24	104
SadA_ref|WP_036299419.1|:1-399	399	k121_730000_1	N/A	32.984	48	191	1.37e-23	100
SadA_ref|WP_036299419.1|:1-399	399	k121_883604_1	N/A	25.098	63	255	6.81e-23	102
SadA_ref|WP_036299419.1|:1-399	399	k121_394064_2	N/A	28.125	93	384	7.69e-23	102
SadA_ref|WP_036299419.1|:1-399	399	k121_1018596_1	N/A	25.581	65	258	3.83e-20	92.4
SadA_ref|WP_036299419.1|:1-399	399	k121_1127554_1	N/A	31.724	35	145	2.98e-19	88.6
SadA_ref|WP_036299419.1|:1-399	399	k121_366142_1	N/A	27.225	48	191	9.02e-18	84.3
SadA_ref|WP_036299419.1|:1-399	399	k121_1313568_1	N/A	26.519	44	181	2.68e-13	70.9
SadA_ref|WP_036299419.1|:1-399	399	k121_699452_1	N/A	25.967	44	181	3.10e-13	72.0
SadA_ref|WP_036299419.1|:1-399	399	k121_837683_1	N/A	26.866	63	268	7.06e-11	65.5
SadA_ref|WP_036299419.1|:1-399	399	k121_636550_1	N/A	40.404	24	99	7.91e-11	62.0
SadA_ref|WP_036299419.1|:1-399	399	k121_555137_1	N/A	25.681	62	257	3.00e-10	63.5
SadA_ref|WP_036299419.1|:1-399	399	k121_445845_2	N/A	22.414	55	232	2.16e-08	58.9
SadA_ref|WP_036299419.1|:1-399	399	k121_1124594_1	N/A	24.627	34	134	1.52e-05	48.1
SadA_ref|WP_036299419.1|:1-399	399	k121_50470_1	N/A	29.245	25	106	1.69e-05	48.9
SadA_ref|WP_036299419.1|:1-399	399	k121_283554_5	N/A	28.169	34	142	5.59e-05	48.5
SadA_ref|WP_036299419.1|:1-399	399	k121_1249561_2	N/A	23.446	81	354	2.69e-04	46.2
SadA_ref|WP_036299419.1|:1-399	399	k121_1256575_1	N/A	26.582	20	79	4.00e-04	42.7
SadA_ref|WP_036299419.1|:1-399	399	k121_721264_1	N/A	25.000	55	224	7.24e-04	44.3
SadA_ref|WP_036299419.1|:1-399	399	k121_951861_1	N/A	22.314	59	242	0.002	42.7
SadA_ref|WP_036299419.1|:1-399	399	k121_263943_1	N/A	30.233	21	86	0.004	42.0
SadA_ref|WP_036299419.1|:1-399	399	k121_741901_1	N/A	24.468	47	188	0.007	41.2
SadA_ref|WP_036299419.1|:1-399	399	k121_264874_3	N/A	23.789	51	227	0.010	41.2
SadA_ref|WP_036299419.1|:1-399	399	k121_374278_1	N/A	24.111	62	253	0.026	40.0
SadA_ref|WP_036299419.1|:1-399	399	k121_402647_4	N/A	23.618	48	199	0.031	39.7
SadA_ref|WP_036299419.1|:1-399	399	k121_115829_1	N/A	24.103	42	195	0.043	38.9
SadA_ref|WP_036299419.1|:1-399	399	k121_1262874_1	N/A	22.814	64	263	0.066	38.5
SadA_ref|WP_036299419.1|:1-399	399	k121_1133151_2	N/A	27.059	21	85	0.086	36.2
SadB_ref|WP_100812327.1|:1-423	423	k121_617_3	N/A	28.272	89	382	2.16e-42	156
SadB_ref|WP_100812327.1|:1-423	423	k121_785631_22	N/A	25.203	85	369	2.87e-35	137
SadB_ref|WP_100812327.1|:1-423	423	k121_831485_6	N/A	26.287	85	369	1.34e-31	127
SadB_ref|WP_100812327.1|:1-423	423	k121_522398_18	N/A	27.893	77	337	8.51e-27	114
SadB_ref|WP_100812327.1|:1-423	423	k121_730000_1	N/A	33.684	45	190	5.58e-26	107
SadB_ref|WP_100812327.1|:1-423	423	k121_527937_1	N/A	29.817	50	218	3.30e-21	95.9
SadB_ref|WP_100812327.1|:1-423	423	k121_883604_1	N/A	22.727	86	374	8.62e-21	97.1
SadB_ref|WP_100812327.1|:1-423	423	k121_1018596_1	N/A	26.894	61	264	4.63e-18	86.7
SadB_ref|WP_100812327.1|:1-423	423	k121_394064_2	N/A	27.621	88	391	8.16e-18	87.8
SadB_ref|WP_100812327.1|:1-423	423	k121_366142_1	N/A	30.476	49	210	2.61e-15	77.4
SadB_ref|WP_100812327.1|:1-423	423	k121_1249561_2	N/A	26.536	76	358	2.71e-13	74.3
SadB_ref|WP_100812327.1|:1-423	423	k121_699452_1	N/A	27.895	43	190	3.70e-13	72.0
SadB_ref|WP_100812327.1|:1-423	423	k121_1313568_1	N/A	26.882	42	186	2.05e-12	68.6
SadB_ref|WP_100812327.1|:1-423	423	k121_1127554_1	N/A	30.435	26	115	1.58e-11	66.6
SadB_ref|WP_100812327.1|:1-423	423	k121_555137_1	N/A	25.954	59	262	4.13e-11	66.2
SadB_ref|WP_100812327.1|:1-423	423	k121_115829_1	N/A	28.279	52	244	2.31e-10	64.3
SadB_ref|WP_100812327.1|:1-423	423	k121_837683_1	N/A	28.253	59	269	1.56e-09	61.6
SadB_ref|WP_100812327.1|:1-423	423	k121_721264_1	N/A	26.840	53	231	5.17e-09	60.1
SadB_ref|WP_100812327.1|:1-423	423	k121_445845_2	N/A	22.492	74	329	6.26e-08	57.8
SadB_ref|WP_100812327.1|:1-423	423	k121_1124594_1	N/A	34.074	31	135	7.61e-08	55.1
SadB_ref|WP_100812327.1|:1-423	423	k121_50470_1	N/A	29.252	32	147	3.29e-06	50.8
SadB_ref|WP_100812327.1|:1-423	423	k121_1218181_2	N/A	25.543	80	368	4.38e-06	52.0
SadB_ref|WP_100812327.1|:1-423	423	k121_599956_1	N/A	25.833	54	240	6.66e-06	50.1
SadB_ref|WP_100812327.1|:1-423	423	k121_237622_1	N/A	23.545	79	378	1.18e-05	50.8
SadB_ref|WP_100812327.1|:1-423	423	k121_402647_4	N/A	21.652	80	351	1.53e-05	50.4
SadB_ref|WP_100812327.1|:1-423	423	k121_257551_2	N/A	27.136	45	199	2.48e-05	49.7
SadB_ref|WP_100812327.1|:1-423	423	k121_264874_3	N/A	23.454	81	388	4.03e-05	49.3
SadB_ref|WP_100812327.1|:1-423	423	k121_741901_1	N/A	25.258	45	194	6.74e-05	47.0
SadB_ref|WP_100812327.1|:1-423	423	k121_1256575_1	N/A	21.429	20	84	4.32e-04	42.7
SadB_ref|WP_100812327.1|:1-423	423	k121_1025711_1	N/A	27.624	40	181	5.93e-04	44.7
SadB_ref|WP_100812327.1|:1-423	423	k121_4096_2	N/A	28.125	26	128	7.21e-04	45.1
SadB_ref|WP_100812327.1|:1-423	423	k121_687205_1	N/A	30.534	27	131	7.89e-04	43.9
SadB_ref|WP_100812327.1|:1-423	423	k121_951861_1	N/A	25.703	57	249	0.004	42.0
SadB_ref|WP_100812327.1|:1-423	423	k121_211408_3	N/A	29.861	31	144	0.005	42.4
SadB_ref|WP_100812327.1|:1-423	423	k121_473002_1	N/A	25.000	45	192	0.007	41.2
SadB_ref|WP_100812327.1|:1-423	423	k121_723593_2	N/A	26.744	33	172	0.013	41.2
SadB_ref|WP_100812327.1|:1-423	423	k121_744286_1	N/A	26.891	28	119	0.056	37.7
SadB_ref|WP_100812327.1|:1-423	423	k121_1045897_2	N/A	29.008	28	131	0.070	38.5
SadB_ref|WP_100812327.1|:1-423	423	k121_1309087_1	N/A	28.049	38	164	0.071	38.1
SadB_ref|WP_100812327.1|:1-423	423	k121_478036_2	N/A	25.658	31	152	0.072	38.1
SadC_ref|WP_036299413.1|:1-194	194	k121_1234212_2	N/A	27.922	79	154	2.35e-12	65.1
SadC_ref|WP_036299413.1|:1-194	194	k121_1180013_81	N/A	30.657	69	137	4.45e-11	62.0
SadC_ref|WP_036299413.1|:1-194	194	k121_409269_2	N/A	24.444	70	135	2.26e-10	59.7
SadC_ref|WP_036299413.1|:1-194	194	k121_622942_2	N/A	27.857	70	140	2.49e-10	59.7
SadC_ref|WP_036299413.1|:1-194	194	k121_538967_3	N/A	28.387	76	155	4.72e-10	61.2
SadC_ref|WP_036299413.1|:1-194	194	k121_984063_1	N/A	29.730	76	148	8.12e-10	59.3
SadC_ref|WP_036299413.1|:1-194	194	k121_1033968_2	N/A	41.463	42	82	4.15e-08	55.1
SadC_ref|WP_036299413.1|:1-194	194	k121_330162_32	N/A	27.820	68	133	4.35e-08	53.9
SadC_ref|WP_036299413.1|:1-194	194	k121_902303_2	N/A	37.931	44	87	4.86e-08	53.5
SadC_ref|WP_036299413.1|:1-194	194	k121_309984_1	N/A	26.056	70	142	5.34e-08	52.8
SadC_ref|WP_036299413.1|:1-194	194	k121_628031_2	N/A	38.462	40	78	1.20e-07	52.0
SadC_ref|WP_036299413.1|:1-194	194	k121_829057_2	N/A	34.783	47	92	1.61e-07	51.6
SadC_ref|WP_036299413.1|:1-194	194	k121_734363_2	N/A	46.552	30	58	3.00e-07	49.3
SadC_ref|WP_036299413.1|:1-194	194	k121_431471_6	N/A	28.261	68	138	1.11e-06	50.1
SadC_ref|WP_036299413.1|:1-194	194	k121_535486_2	N/A	31.034	44	87	1.14e-06	49.7
SadC_ref|WP_036299413.1|:1-194	194	k121_196502_2	N/A	35.443	41	79	1.45e-06	48.1
SadC_ref|WP_036299413.1|:1-194	194	k121_1103087_1	N/A	32.967	46	91	1.60e-06	48.1
SadC_ref|WP_036299413.1|:1-194	194	k121_831485_8	N/A	32.143	57	112	1.84e-06	48.1
SadC_ref|WP_036299413.1|:1-194	194	k121_1249437_2	N/A	25.000	65	128	6.63e-06	48.1
SadC_ref|WP_036299413.1|:1-194	194	k121_795364_1	N/A	27.559	65	127	1.31e-05	47.0
SadC_ref|WP_036299413.1|:1-194	194	k121_666439_8	N/A	37.805	42	82	1.54e-05	46.6
SadC_ref|WP_036299413.1|:1-194	194	k121_785631_20	N/A	38.235	35	68	1.73e-05	46.6
SadC_ref|WP_036299413.1|:1-194	194	k121_207454_2	N/A	25.926	69	135	2.99e-05	45.8
SadC_ref|WP_036299413.1|:1-194	194	k121_360073_2	N/A	25.444	87	169	3.90e-05	45.4
SadC_ref|WP_036299413.1|:1-194	194	k121_1307119_1	N/A	37.313	34	67	4.80e-05	45.4
SadC_ref|WP_036299413.1|:1-194	194	k121_567188_1	N/A	34.940	42	83	5.76e-05	44.7
SadC_ref|WP_036299413.1|:1-194	194	k121_919087_1	N/A	44.681	24	47	1.27e-04	44.3
SadC_ref|WP_036299413.1|:1-194	194	k121_76967_2	N/A	35.065	39	77	1.97e-04	43.1
SadC_ref|WP_036299413.1|:1-194	194	k121_66709_2	N/A	28.814	60	118	2.11e-04	43.5
SadC_ref|WP_036299413.1|:1-194	194	k121_618517_1	N/A	28.090	46	89	5.45e-04	41.2
SadC_ref|WP_036299413.1|:1-194	194	k121_508237_87	N/A	21.472	82	163	0.001	41.6
SadC_ref|WP_036299413.1|:1-194	194	k121_331119_2	N/A	29.703	49	101	0.001	40.4
SadC_ref|WP_036299413.1|:1-194	194	k121_356789_1	N/A	39.286	29	56	0.003	38.1
SadC_ref|WP_036299413.1|:1-194	194	k121_353831_1	N/A	47.619	21	42	0.003	41.2
SadC_ref|WP_036299413.1|:1-194	194	k121_1233425_1	N/A	28.866	49	97	0.003	40.4
SadC_ref|WP_036299413.1|:1-194	194	k121_1150768_1	N/A	34.568	41	81	0.005	38.5
SadC_ref|WP_036299413.1|:1-194	194	k121_777497_2	N/A	25.333	38	75	0.008	38.9
SadC_ref|WP_036299413.1|:1-194	194	k121_807106_2	N/A	38.889	28	54	0.046	36.6
SadC_ref|WP_036299413.1|:1-194	194	k121_636901_2	N/A	35.294	26	51	0.091	35.4
WP_000259031.1	279	k121_55375_1	N/A	100.000	100	279	0.0	554
WP_000259031.1	279	k121_892538_1	N/A	48.780	88	246	1.57e-84	256
WP_000259031.1	279	k121_140631_1	N/A	53.807	71	197	1.76e-64	203
WP_000259031.1	279	k121_374242_3	N/A	52.880	68	191	1.57e-55	180
WP_000259031.1	279	k121_1007484_2	N/A	40.408	88	245	7.83e-43	150
WP_000259031.1	279	k121_721821_39	N/A	35.606	94	264	4.81e-41	145
WP_000259031.1	279	k121_191319_2	N/A	34.733	93	262	3.39e-37	135
WP_000259031.1	279	k121_1126083_10	N/A	37.652	87	247	5.98e-35	129
WP_000259031.1	279	k121_24118_6	N/A	31.852	96	270	3.98e-32	122
WP_000259031.1	279	k121_448098_1	N/A	35.849	75	212	1.17e-29	114
WP_000259031.1	279	k121_630536_3	N/A	31.193	78	218	1.70e-28	112
WP_000259031.1	279	k121_211222_3	N/A	28.519	96	270	8.85e-28	110
WP_000259031.1	279	k121_21784_61	N/A	31.227	95	269	1.23e-27	110
WP_000259031.1	279	k121_52643_1	N/A	38.068	63	176	1.38e-27	108
WP_000259031.1	279	k121_987576_1	N/A	28.409	93	264	1.44e-27	110
WP_000259031.1	279	k121_540149_1	N/A	28.897	93	263	3.10e-27	109
WP_000259031.1	279	k121_613057_1	N/A	29.183	91	257	3.51e-27	109
WP_000259031.1	279	k121_424515_1	N/A	33.333	88	249	5.03e-27	110
WP_000259031.1	279	k121_786249_1	N/A	28.571	92	259	1.18e-26	108
WP_000259031.1	279	k121_496690_2	N/A	31.439	93	264	3.17e-26	108
WP_000259031.1	279	k121_823996_3	N/A	26.255	91	259	4.87e-26	106
WP_000259031.1	279	k121_694278_1	N/A	28.796	68	191	1.04e-25	103
WP_000259031.1	279	k121_312967_2	N/A	34.553	88	246	1.26e-25	105
WP_000259031.1	279	k121_1179467_4	N/A	33.465	88	254	4.38e-25	105
WP_000259031.1	279	k121_494281_1	N/A	27.948	81	229	4.60e-25	103
WP_000259031.1	279	k121_985536_2	N/A	27.490	88	251	5.63e-25	103
WP_000259031.1	279	k121_831084_4	N/A	30.924	88	249	6.32e-25	103
WP_000259031.1	279	k121_1169572_5	N/A	27.953	89	254	9.31e-25	102
WP_000259031.1	279	k121_214497_1	N/A	31.855	88	248	1.11e-24	103
WP_000259031.1	279	k121_228813_1	N/A	30.698	76	215	1.14e-24	101
WP_000259031.1	279	k121_148629_2	N/A	27.341	94	267	1.43e-24	102
WP_000259031.1	279	k121_968453_2	N/A	28.897	89	263	4.72e-24	100
WP_000259031.1	279	k121_1206063_2	N/A	30.364	88	247	2.36e-23	99.4
WP_000259031.1	279	k121_281778_1	N/A	29.845	91	258	1.57e-22	96.7
WP_000259031.1	279	k121_814096_1	N/A	27.236	87	246	3.60e-22	95.5
WP_000259031.1	279	k121_898423_2	N/A	33.962	56	159	3.63e-22	94.0
WP_000259031.1	279	k121_572924_1	N/A	30.198	70	202	5.91e-22	94.0
WP_000259031.1	279	k121_1095765_2	N/A	29.600	88	250	1.26e-21	94.7
WP_000259031.1	279	k121_400365_5	N/A	28.968	88	252	2.49e-21	94.0
WP_000259031.1	279	k121_1199447_2	N/A	28.700	77	223	3.12e-21	93.2
WP_000259031.1	279	k121_885445_2	N/A	25.806	88	248	2.09e-20	90.9
WP_000259031.1	279	k121_520758_2	N/A	28.044	95	271	6.50e-20	90.1
WP_000259031.1	279	k121_583990_2	N/A	26.104	88	249	1.86e-19	88.6
WP_000259031.1	279	k121_1310880_2	N/A	23.789	80	227	8.18e-19	85.9
WP_000259031.1	279	k121_1229120_1	N/A	30.851	66	188	9.89e-19	85.5
WP_000259031.1	279	k121_1268498_2	N/A	32.444	76	225	9.90e-19	86.3
WP_000259031.1	279	k121_694075_1	N/A	27.313	78	227	7.64e-18	84.7
WP_000259031.1	279	k121_54755_1	N/A	27.500	78	240	1.00e-17	85.9
WP_000259031.1	279	k121_482262_3	N/A	28.571	73	210	1.10e-17	82.4
WP_000259031.1	279	k121_1078444_2	N/A	27.626	88	257	4.48e-17	84.0
WP_000259031.1	279	k121_42905_2	N/A	23.938	92	259	6.44e-17	81.6
WP_000259031.1	279	k121_684198_1	N/A	29.775	63	178	8.48e-17	80.1
WP_000259031.1	279	k121_633473_1	N/A	35.484	44	124	8.82e-17	78.6
WP_000259031.1	279	k121_700698_1	N/A	26.966	63	178	1.17e-16	79.3
WP_000259031.1	279	k121_263496_2	N/A	32.800	44	125	5.45e-16	75.9
WP_000259031.1	279	k121_133527_2	N/A	39.375	56	160	1.06e-15	76.6
WP_000259031.1	279	k121_4747_1	N/A	36.607	39	112	1.37e-15	75.1
WP_000259031.1	279	k121_28557_2	N/A	33.537	58	164	3.09e-15	76.3
WP_000259031.1	279	k121_973537_1	N/A	30.899	63	178	7.39e-15	75.1
WP_000259031.1	279	k121_563446_1	N/A	35.965	40	114	9.36e-15	72.4
WP_000259031.1	279	k121_605933_1	N/A	37.615	39	109	1.54e-14	71.6
WP_000259031.1	279	k121_274631_1	N/A	33.871	44	124	2.35e-14	71.6
WP_000259031.1	279	k121_870213_2	N/A	31.250	75	224	4.04e-14	73.2
WP_000259031.1	279	k121_563416_1	N/A	40.741	38	108	3.20e-13	68.6
WP_000259031.1	279	k121_1135389_1	N/A	29.282	64	181	3.66e-13	69.3
WP_000259031.1	279	k121_499441_1	N/A	34.921	44	126	5.19e-13	68.6
WP_000259031.1	279	k121_107052_1	N/A	27.273	57	165	8.20e-13	68.6
WP_000259031.1	279	k121_112889_1	N/A	39.568	48	139	1.90e-12	67.0
WP_000259031.1	279	k121_1177036_1	N/A	31.200	43	125	7.59e-12	64.7
WP_000259031.1	279	k121_431435_1	N/A	29.193	56	161	8.09e-12	65.5
WP_000259031.1	279	k121_780475_1	N/A	32.039	37	103	2.75e-11	63.5
WP_000259031.1	279	k121_213724_4	N/A	23.005	72	213	3.03e-11	65.9
WP_000259031.1	279	k121_1259948_1	N/A	34.409	33	93	3.11e-11	62.4
WP_000259031.1	279	k121_30906_1	N/A	26.761	74	213	4.94e-11	63.9
WP_000259031.1	279	k121_1058206_2	N/A	33.010	37	103	6.17e-11	62.0
WP_000259031.1	279	k121_947612_1	N/A	33.684	33	95	8.15e-11	61.2
WP_000259031.1	279	k121_449329_2	N/A	33.684	33	95	1.35e-10	60.5
WP_000259031.1	279	k121_683973_2	N/A	33.645	36	107	2.21e-10	60.5
WP_000259031.1	279	k121_1085810_2	N/A	31.746	44	126	2.63e-10	60.8
WP_000259031.1	279	k121_729215_1	N/A	30.409	61	171	3.63e-10	61.2
WP_000259031.1	279	k121_1286_2	N/A	31.452	43	124	1.20e-09	58.2
WP_000259031.1	279	k121_157416_1	N/A	29.600	45	125	2.55e-09	57.4
WP_000259031.1	279	k121_692464_2	N/A	31.959	34	97	4.58e-09	56.6
WP_000259031.1	279	k121_75210_1	N/A	31.579	45	133	1.17e-08	56.2
WP_000259031.1	279	k121_433930_1	N/A	34.746	41	118	1.45e-08	56.2
WP_000259031.1	279	k121_603276_1	N/A	29.560	56	159	3.38e-08	55.1
WP_000259031.1	279	k121_1218604_1	N/A	30.488	58	164	4.02e-08	55.1
WP_000259031.1	279	k121_173645_2	N/A	33.645	38	107	5.94e-08	54.7
WP_000259031.1	279	k121_1772_1	N/A	31.200	42	125	1.16e-07	53.5
WP_000259031.1	279	k121_41122_2	N/A	33.962	38	106	1.67e-07	53.5
WP_000259031.1	279	k121_1319207_1	N/A	26.984	45	126	2.03e-07	52.0
WP_000259031.1	279	k121_590044_3	N/A	31.707	29	82	3.85e-07	50.1
WP_000259031.1	279	k121_1186296_2	N/A	29.078	51	141	4.05e-07	52.0
WP_000259031.1	279	k121_860934_1	N/A	36.986	26	73	5.38e-07	49.7
WP_000259031.1	279	k121_113906_1	N/A	31.373	36	102	5.87e-07	50.4
WP_000259031.1	279	k121_990969_3	N/A	24.390	44	123	6.00e-07	52.0
WP_000259031.1	279	k121_716376_1	N/A	29.787	51	141	6.14e-07	51.6
WP_000259031.1	279	k121_358080_1	N/A	28.571	44	126	7.84e-07	52.4
WP_000259031.1	279	k121_260489_1	N/A	37.500	23	64	1.04e-06	48.5
WP_000259031.1	279	k121_1107511_2	N/A	30.000	25	70	3.68e-06	47.8
WP_000259031.1	279	k121_550103_1	N/A	42.697	30	89	4.59e-06	48.9
WP_000259031.1	279	k121_856165_1	N/A	31.325	54	166	6.94e-06	48.5
WP_000259031.1	279	k121_306708_1	N/A	27.928	40	111	1.44e-05	46.2
WP_000259031.1	279	k121_280679_1	N/A	26.829	29	82	1.65e-05	45.8
WP_000259031.1	279	k121_1209007_1	N/A	26.190	44	126	3.35e-05	46.6
WP_000259031.1	279	k121_1261260_2	N/A	31.313	35	99	8.59e-05	43.9
WP_000259031.1	279	k121_504902_1	N/A	31.313	35	99	9.04e-05	44.7
WP_000259031.1	279	k121_760986_2	N/A	37.879	23	66	9.33e-05	43.1
WP_000259031.1	279	k121_925379_1	N/A	25.170	49	147	1.74e-04	45.1
WP_000259031.1	279	k121_861388_2	N/A	35.227	32	88	2.87e-04	42.4
WP_000259031.1	279	k121_700542_1	N/A	33.766	27	77	3.55e-04	45.1
WP_000259031.1	279	k121_217614_4	N/A	31.646	28	79	7.01e-04	43.9
WP_000259031.1	279	k121_682930_2	N/A	33.036	39	112	8.89e-04	41.6
WP_000259031.1	279	k121_1182773_2	N/A	42.857	25	70	0.001	42.4
WP_000259031.1	279	k121_295611_2	N/A	28.440	38	109	0.001	41.6
WP_000259031.1	279	k121_1200639_2	N/A	28.571	31	91	0.020	37.0
WP_000259031.1	279	k121_1199658_1	N/A	32.258	22	62	0.061	35.4
WP_001043260.1	271	k121_140631_1	N/A	100.000	75	204	3.08e-143	402
WP_001043260.1	271	k121_892538_1	N/A	50.996	92	251	1.13e-85	259
WP_001043260.1	271	k121_55375_1	N/A	53.516	94	256	1.76e-83	254
WP_001043260.1	271	k121_374242_3	N/A	56.316	69	190	8.26e-62	196
WP_001043260.1	271	k121_1126083_10	N/A	39.464	96	261	2.59e-49	166
WP_001043260.1	271	k121_191319_2	N/A	38.846	95	260	1.01e-48	164
WP_001043260.1	271	k121_721821_39	N/A	35.521	96	259	1.61e-44	154
WP_001043260.1	271	k121_21784_61	N/A	38.636	97	264	5.12e-43	150
WP_001043260.1	271	k121_1007484_2	N/A	36.047	95	258	2.57e-41	146
WP_001043260.1	271	k121_630536_3	N/A	36.296	98	270	8.07e-41	144
WP_001043260.1	271	k121_987576_1	N/A	31.734	98	271	1.12e-39	142
WP_001043260.1	271	k121_1095765_2	N/A	34.211	96	266	1.67e-39	142
WP_001043260.1	271	k121_831084_4	N/A	35.249	96	261	1.74e-38	139
WP_001043260.1	271	k121_448098_1	N/A	38.942	76	208	2.48e-38	136
WP_001043260.1	271	k121_694278_1	N/A	36.702	69	188	1.21e-37	134
WP_001043260.1	271	k121_312967_2	N/A	37.452	95	259	2.99e-35	130
WP_001043260.1	271	k121_968453_2	N/A	32.046	90	259	8.12e-35	129
WP_001043260.1	271	k121_214497_1	N/A	34.100	95	261	1.56e-34	129
WP_001043260.1	271	k121_1206063_2	N/A	33.077	95	260	3.87e-34	127
WP_001043260.1	271	k121_52643_1	N/A	37.566	69	189	6.95e-34	124
WP_001043260.1	271	k121_1199447_2	N/A	33.594	92	256	3.77e-33	124
WP_001043260.1	271	k121_694075_1	N/A	31.799	85	239	8.91e-33	124
WP_001043260.1	271	k121_786249_1	N/A	29.323	97	266	1.27e-31	120
WP_001043260.1	271	k121_583990_2	N/A	30.268	96	261	3.08e-31	120
WP_001043260.1	271	k121_540149_1	N/A	29.658	96	263	4.96e-31	119
WP_001043260.1	271	k121_613057_1	N/A	30.279	91	251	7.25e-31	119
WP_001043260.1	271	k121_424515_1	N/A	34.677	90	248	1.55e-30	119
WP_001043260.1	271	k121_1078444_2	N/A	30.797	98	276	2.41e-30	122
WP_001043260.1	271	k121_228813_1	N/A	35.047	77	214	4.48e-30	115
WP_001043260.1	271	k121_148629_2	N/A	27.757	96	263	5.43e-30	116
WP_001043260.1	271	k121_24118_6	N/A	30.279	91	251	1.38e-29	115
WP_001043260.1	271	k121_898423_2	N/A	35.897	58	156	1.59e-29	112
WP_001043260.1	271	k121_400365_5	N/A	30.830	91	253	3.77e-29	114
WP_001043260.1	271	k121_823996_3	N/A	26.038	96	265	1.75e-28	112
WP_001043260.1	271	k121_814096_1	N/A	30.864	89	243	8.84e-28	110
WP_001043260.1	271	k121_572924_1	N/A	31.707	73	205	1.79e-27	108
WP_001043260.1	271	k121_496690_2	N/A	29.588	97	267	2.04e-27	111
WP_001043260.1	271	k121_1169572_5	N/A	27.969	95	261	1.14e-26	107
WP_001043260.1	271	k121_985536_2	N/A	28.063	92	253	1.61e-26	107
WP_001043260.1	271	k121_211222_3	N/A	28.897	95	263	2.52e-26	107
WP_001043260.1	271	k121_870213_2	N/A	35.455	76	220	5.46e-26	105
WP_001043260.1	271	k121_54755_1	N/A	29.605	97	304	2.25e-25	108
WP_001043260.1	271	k121_281778_1	N/A	29.119	94	261	6.23e-25	102
WP_001043260.1	271	k121_494281_1	N/A	28.049	89	246	2.03e-24	101
WP_001043260.1	271	k121_684198_1	N/A	33.333	72	198	2.35e-24	100
WP_001043260.1	271	k121_274631_1	N/A	40.000	51	140	6.54e-24	97.1
WP_001043260.1	271	k121_1268498_2	N/A	34.538	90	249	1.72e-23	99.0
WP_001043260.1	271	k121_1179467_4	N/A	29.699	97	266	2.50e-23	100
WP_001043260.1	271	k121_780475_1	N/A	45.000	37	100	3.49e-23	95.1
WP_001043260.1	271	k121_520758_2	N/A	26.894	96	264	1.74e-22	96.7
WP_001043260.1	271	k121_263496_2	N/A	38.400	45	125	8.86e-22	90.9
WP_001043260.1	271	k121_1259948_1	N/A	44.086	34	93	3.45e-21	89.0
WP_001043260.1	271	k121_633473_1	N/A	37.903	45	124	1.72e-20	88.6
WP_001043260.1	271	k121_42905_2	N/A	27.170	96	265	1.73e-20	91.3
WP_001043260.1	271	k121_885445_2	N/A	27.092	91	251	1.76e-20	90.9
WP_001043260.1	271	k121_1058206_2	N/A	42.308	38	104	1.43e-19	85.5
WP_001043260.1	271	k121_563446_1	N/A	42.609	41	115	4.62e-19	84.0
WP_001043260.1	271	k121_482262_3	N/A	32.184	63	174	2.22e-18	84.0
WP_001043260.1	271	k121_433930_1	N/A	42.500	43	120	2.72e-18	82.8
WP_001043260.1	271	k121_499441_1	N/A	37.209	46	129	7.20e-18	81.6
WP_001043260.1	271	k121_107052_1	N/A	29.448	59	163	7.94e-18	82.4
WP_001043260.1	271	k121_133527_2	N/A	39.773	62	176	9.13e-18	82.0
WP_001043260.1	271	k121_213724_4	N/A	27.941	95	272	1.19e-17	84.0
WP_001043260.1	271	k121_4747_1	N/A	36.792	38	106	2.51e-17	79.3
WP_001043260.1	271	k121_1310880_2	N/A	23.581	83	229	2.57e-17	81.6
WP_001043260.1	271	k121_973537_1	N/A	28.333	64	180	2.93e-17	81.6
WP_001043260.1	271	k121_700698_1	N/A	27.684	64	177	8.17e-17	79.7
WP_001043260.1	271	k121_30906_1	N/A	28.293	74	205	2.31e-16	78.6
WP_001043260.1	271	k121_358080_1	N/A	35.433	46	127	3.19e-16	79.0
WP_001043260.1	271	k121_431435_1	N/A	31.013	57	158	5.39e-16	77.0
WP_001043260.1	271	k121_605933_1	N/A	36.585	45	123	4.43e-15	73.2
WP_001043260.1	271	k121_1085810_2	N/A	33.333	45	126	7.61e-15	73.2
WP_001043260.1	271	k121_692464_2	N/A	44.928	25	69	1.37e-14	71.6
WP_001043260.1	271	k121_1229120_1	N/A	29.493	79	217	3.27e-14	72.8
WP_001043260.1	271	k121_990969_3	N/A	37.755	36	98	3.34e-14	72.4
WP_001043260.1	271	k121_112889_1	N/A	39.041	54	146	3.40e-14	71.6
WP_001043260.1	271	k121_947612_1	N/A	35.000	36	100	7.12e-14	69.3
WP_001043260.1	271	k121_1286_2	N/A	31.683	37	101	2.40e-12	65.5
WP_001043260.1	271	k121_1135389_1	N/A	26.257	65	179	3.24e-12	66.6
WP_001043260.1	271	k121_1177036_1	N/A	29.839	44	124	3.62e-12	65.5
WP_001043260.1	271	k121_75210_1	N/A	29.530	52	149	3.78e-12	65.9
WP_001043260.1	271	k121_860934_1	N/A	46.053	28	76	5.49e-12	63.2
WP_001043260.1	271	k121_729215_1	N/A	29.885	63	174	8.06e-12	65.5
WP_001043260.1	271	k121_683973_2	N/A	33.654	37	104	1.01e-11	63.9
WP_001043260.1	271	k121_28557_2	N/A	32.624	52	141	1.09e-11	66.2
WP_001043260.1	271	k121_700542_1	N/A	43.056	26	72	2.98e-11	66.2
WP_001043260.1	271	k121_1186296_2	N/A	29.861	53	144	5.30e-11	62.8
WP_001043260.1	271	k121_563416_1	N/A	30.667	54	150	5.39e-11	62.4
WP_001043260.1	271	k121_157416_1	N/A	33.884	45	121	6.63e-11	61.6
WP_001043260.1	271	k121_856165_1	N/A	32.895	53	152	1.36e-10	61.6
WP_001043260.1	271	k121_449329_2	N/A	34.021	35	97	1.64e-10	60.1
WP_001043260.1	271	k121_217614_4	N/A	44.444	26	72	2.50e-10	63.5
WP_001043260.1	271	k121_716376_1	N/A	30.556	53	144	4.70e-10	60.1
WP_001043260.1	271	k121_113906_1	N/A	35.965	42	114	8.42e-10	58.5
WP_001043260.1	271	k121_1107511_2	N/A	37.313	24	67	5.66e-09	55.5
WP_001043260.1	271	k121_1261260_2	N/A	34.000	37	100	7.28e-09	55.5
WP_001043260.1	271	k121_280679_1	N/A	32.927	30	82	1.14e-08	54.7
WP_001043260.1	271	k121_1772_1	N/A	31.928	55	166	2.78e-08	55.5
WP_001043260.1	271	k121_41122_2	N/A	30.857	63	175	6.90e-08	54.7
WP_001043260.1	271	k121_682930_2	N/A	39.252	38	107	7.02e-08	53.1
WP_001043260.1	271	k121_590044_3	N/A	38.806	25	67	9.77e-08	51.6
WP_001043260.1	271	k121_173645_2	N/A	29.677	56	155	1.05e-07	53.9
WP_001043260.1	271	k121_260489_1	N/A	36.923	24	65	1.27e-07	50.8
WP_001043260.1	271	k121_1209007_1	N/A	27.465	51	142	1.94e-07	52.8
WP_001043260.1	271	k121_550103_1	N/A	37.778	48	135	3.18e-07	52.4
WP_001043260.1	271	k121_1218604_1	N/A	26.061	59	165	4.21e-07	52.0
WP_001043260.1	271	k121_295611_2	N/A	28.455	45	123	1.02e-06	50.4
WP_001043260.1	271	k121_1319207_1	N/A	26.496	43	117	1.16e-06	49.7
WP_001043260.1	271	k121_760986_2	N/A	42.623	22	61	2.02e-06	47.8
WP_001043260.1	271	k121_603276_1	N/A	22.013	59	159	2.15e-06	49.7
WP_001043260.1	271	k121_306708_1	N/A	28.571	41	112	7.40e-06	47.0
WP_001043260.1	271	k121_1182773_2	N/A	47.143	25	70	2.35e-05	47.0
WP_001043260.1	271	k121_925379_1	N/A	21.569	69	204	1.63e-04	45.1
WP_001043260.1	271	k121_861388_2	N/A	28.125	35	96	3.74e-04	42.0
WP_001043260.1	271	k121_504902_1	N/A	33.333	31	84	0.004	40.0
WP_001043260.1	271	k121_440610_1	N/A	39.062	24	64	0.004	38.5
WP_001043260.1	271	k121_1200639_2	N/A	26.087	34	92	0.024	37.0
WP_000034420.1	263	k121_892538_1	N/A	60.159	95	251	2.14e-108	316
WP_000034420.1	263	k121_55375_1	N/A	43.182	100	264	4.66e-78	240
WP_000034420.1	263	k121_140631_1	N/A	53.769	76	199	6.33e-70	216
WP_000034420.1	263	k121_374242_3	N/A	50.521	72	192	2.37e-62	197
WP_000034420.1	263	k121_1007484_2	N/A	40.000	97	255	6.10e-57	186
WP_000034420.1	263	k121_191319_2	N/A	39.313	98	262	1.30e-53	177
WP_000034420.1	263	k121_721821_39	N/A	37.452	98	259	2.18e-52	174
WP_000034420.1	263	k121_630536_3	N/A	39.382	97	259	1.81e-51	172
WP_000034420.1	263	k121_831084_4	N/A	37.500	99	264	2.61e-49	167
WP_000034420.1	263	k121_1126083_10	N/A	35.907	98	259	1.06e-47	162
WP_000034420.1	263	k121_987576_1	N/A	36.576	96	257	5.11e-47	160
WP_000034420.1	263	k121_21784_61	N/A	36.364	99	264	3.96e-46	158
WP_000034420.1	263	k121_1206063_2	N/A	35.361	99	263	2.37e-44	154
WP_000034420.1	263	k121_1095765_2	N/A	35.271	97	258	2.74e-44	154
WP_000034420.1	263	k121_448098_1	N/A	37.143	79	210	1.18e-39	139
WP_000034420.1	263	k121_583990_2	N/A	32.443	99	262	1.47e-39	141
WP_000034420.1	263	k121_694278_1	N/A	41.808	66	177	5.86e-39	137
WP_000034420.1	263	k121_52643_1	N/A	38.860	72	193	3.38e-38	135
WP_000034420.1	263	k121_1199447_2	N/A	36.122	97	263	1.64e-36	133
WP_000034420.1	263	k121_968453_2	N/A	32.567	95	261	1.31e-35	130
WP_000034420.1	263	k121_823996_3	N/A	32.946	97	258	6.33e-35	129
WP_000034420.1	263	k121_312967_2	N/A	33.582	98	268	1.30e-34	129
WP_000034420.1	263	k121_496690_2	N/A	30.534	99	262	1.41e-34	130
WP_000034420.1	263	k121_540149_1	N/A	35.385	97	260	3.80e-34	127
WP_000034420.1	263	k121_54755_1	N/A	32.890	98	301	4.25e-34	132
WP_000034420.1	263	k121_898423_2	N/A	41.026	59	156	9.86e-34	123
WP_000034420.1	263	k121_281778_1	N/A	30.196	96	255	8.42e-33	123
WP_000034420.1	263	k121_214497_1	N/A	32.955	99	264	8.94e-33	124
WP_000034420.1	263	k121_814096_1	N/A	31.579	92	247	1.59e-32	122
WP_000034420.1	263	k121_148629_2	N/A	30.566	99	265	1.84e-32	122
WP_000034420.1	263	k121_1179467_4	N/A	31.818	99	264	5.32e-32	123
WP_000034420.1	263	k121_494281_1	N/A	29.675	92	246	9.90e-32	120
WP_000034420.1	263	k121_613057_1	N/A	32.090	99	268	1.66e-31	120
WP_000034420.1	263	k121_424515_1	N/A	29.921	94	254	2.03e-31	122
WP_000034420.1	263	k121_24118_6	N/A	30.534	98	262	1.28e-30	118
WP_000034420.1	263	k121_786249_1	N/A	33.077	97	260	1.94e-30	117
WP_000034420.1	263	k121_1078444_2	N/A	32.222	98	270	6.45e-30	120
WP_000034420.1	263	k121_572924_1	N/A	32.850	76	207	1.04e-29	113
WP_000034420.1	263	k121_985536_2	N/A	31.076	94	251	5.30e-29	114
WP_000034420.1	263	k121_694075_1	N/A	33.032	83	221	3.88e-28	112
WP_000034420.1	263	k121_211222_3	N/A	31.801	97	261	7.59e-28	110
WP_000034420.1	263	k121_885445_2	N/A	30.000	94	250	2.14e-27	109
WP_000034420.1	263	k121_1169572_5	N/A	30.859	95	256	7.85e-27	107
WP_000034420.1	263	k121_482262_3	N/A	35.749	78	207	1.08e-26	105
WP_000034420.1	263	k121_400365_5	N/A	28.996	97	269	1.16e-26	107
WP_000034420.1	263	k121_870213_2	N/A	34.031	67	191	1.38e-26	106
WP_000034420.1	263	k121_520758_2	N/A	32.463	98	268	1.51e-25	104
WP_000034420.1	263	k121_228813_1	N/A	33.028	82	218	1.65e-25	103
WP_000034420.1	263	k121_780475_1	N/A	37.405	47	131	1.98e-25	100
WP_000034420.1	263	k121_1268498_2	N/A	33.077	94	260	6.63e-25	102
WP_000034420.1	263	k121_1310880_2	N/A	32.895	85	228	9.12e-25	101
WP_000034420.1	263	k121_133527_2	N/A	36.416	65	173	8.58e-24	97.8
WP_000034420.1	263	k121_274631_1	N/A	41.129	46	124	7.15e-23	94.0
WP_000034420.1	263	k121_563416_1	N/A	34.694	55	147	2.25e-22	92.8
WP_000034420.1	263	k121_42905_2	N/A	30.303	98	264	1.15e-21	94.4
WP_000034420.1	263	k121_263496_2	N/A	41.129	46	124	1.43e-21	90.1
WP_000034420.1	263	k121_499441_1	N/A	35.938	48	128	8.58e-21	89.4
WP_000034420.1	263	k121_1259948_1	N/A	41.304	35	92	9.38e-21	87.4
WP_000034420.1	263	k121_684198_1	N/A	31.285	66	179	3.84e-20	89.0
WP_000034420.1	263	k121_605933_1	N/A	42.149	46	121	3.99e-20	86.3
WP_000034420.1	263	k121_700698_1	N/A	28.814	66	177	2.36e-19	86.3
WP_000034420.1	263	k121_633473_1	N/A	33.600	47	125	5.97e-19	84.3
WP_000034420.1	263	k121_1229120_1	N/A	29.954	81	217	1.07e-18	84.7
WP_000034420.1	263	k121_112889_1	N/A	37.333	56	150	1.28e-18	83.6
WP_000034420.1	263	k121_358080_1	N/A	38.889	47	126	3.19e-18	84.3
WP_000034420.1	263	k121_213724_4	N/A	27.184	77	206	1.22e-17	83.6
WP_000034420.1	263	k121_107052_1	N/A	29.878	60	164	1.46e-17	81.3
WP_000034420.1	263	k121_1058206_2	N/A	37.864	39	103	4.17e-17	78.6
WP_000034420.1	263	k121_433930_1	N/A	40.678	44	118	4.82e-17	79.3
WP_000034420.1	263	k121_973537_1	N/A	32.768	66	177	8.33e-17	80.1
WP_000034420.1	263	k121_30906_1	N/A	27.885	77	208	6.05e-16	77.4
WP_000034420.1	263	k121_4747_1	N/A	36.190	39	105	7.05e-16	75.5
WP_000034420.1	263	k121_41122_2	N/A	26.943	71	193	4.21e-15	74.7
WP_000034420.1	263	k121_990969_3	N/A	30.081	47	123	6.24e-15	73.9
WP_000034420.1	263	k121_1135389_1	N/A	29.508	68	183	1.58e-14	72.8
WP_000034420.1	263	k121_75210_1	N/A	32.812	46	128	4.05e-14	70.9
WP_000034420.1	263	k121_449329_2	N/A	38.710	35	93	7.04e-14	69.3
WP_000034420.1	263	k121_28557_2	N/A	28.846	59	156	9.72e-14	71.6
WP_000034420.1	263	k121_1085810_2	N/A	36.190	39	105	1.60e-13	69.7
WP_000034420.1	263	k121_729215_1	N/A	29.412	70	187	1.77e-13	70.1
WP_000034420.1	263	k121_682930_2	N/A	35.135	42	111	1.84e-12	65.5
WP_000034420.1	263	k121_1177036_1	N/A	33.065	46	124	2.57e-12	65.9
WP_000034420.1	263	k121_113906_1	N/A	33.333	43	117	3.16e-12	65.1
WP_000034420.1	263	k121_173645_2	N/A	25.882	62	170	3.48e-12	66.2
WP_000034420.1	263	k121_947612_1	N/A	42.000	37	100	3.65e-12	64.7
WP_000034420.1	263	k121_157416_1	N/A	31.008	48	129	4.00e-12	65.1
WP_000034420.1	263	k121_716376_1	N/A	30.519	58	154	4.62e-12	65.5
WP_000034420.1	263	k121_1186296_2	N/A	30.519	58	154	5.37e-12	65.5
WP_000034420.1	263	k121_563446_1	N/A	34.314	38	102	7.24e-12	64.3
WP_000034420.1	263	k121_1286_2	N/A	33.981	38	103	9.49e-12	63.9
WP_000034420.1	263	k121_700542_1	N/A	41.667	27	72	2.08e-10	63.5
WP_000034420.1	263	k121_1218604_1	N/A	27.879	62	165	2.08e-10	61.2
WP_000034420.1	263	k121_217614_4	N/A	41.026	29	78	2.65e-10	63.2
WP_000034420.1	263	k121_856165_1	N/A	28.758	55	153	2.97e-10	60.8
WP_000034420.1	263	k121_590044_3	N/A	41.667	31	84	7.17e-10	57.8
WP_000034420.1	263	k121_860934_1	N/A	41.429	27	70	9.37e-10	57.0
WP_000034420.1	263	k121_683973_2	N/A	31.731	39	104	1.35e-09	57.8
WP_000034420.1	263	k121_431435_1	N/A	26.115	59	157	1.95e-09	58.5
WP_000034420.1	263	k121_280679_1	N/A	31.111	34	90	4.31e-09	55.8
WP_000034420.1	263	k121_1319207_1	N/A	30.769	44	117	9.40e-09	55.5
WP_000034420.1	263	k121_692464_2	N/A	35.821	25	67	1.71e-08	54.7
WP_000034420.1	263	k121_295611_2	N/A	31.452	47	124	2.57e-08	54.7
WP_000034420.1	263	k121_1772_1	N/A	28.994	58	169	4.56e-08	54.7
WP_000034420.1	263	k121_440610_1	N/A	45.455	21	55	1.61e-07	50.8
WP_000034420.1	263	k121_1200639_2	N/A	34.783	35	92	1.91e-07	51.2
WP_000034420.1	263	k121_603276_1	N/A	31.624	44	117	2.50e-07	52.4
WP_000034420.1	263	k121_1209007_1	N/A	36.145	31	83	3.20e-07	52.0
WP_000034420.1	263	k121_189598_2	N/A	46.296	20	54	3.70e-07	49.7
WP_000034420.1	263	k121_1261260_2	N/A	26.471	39	102	4.68e-07	50.4
WP_000034420.1	263	k121_760986_2	N/A	46.667	22	60	6.72e-07	48.9
WP_000034420.1	263	k121_1107511_2	N/A	35.484	24	62	9.43e-07	49.3
WP_000034420.1	263	k121_925379_1	N/A	22.772	71	202	1.01e-06	51.6
WP_000034420.1	263	k121_260489_1	N/A	39.062	24	64	1.96e-06	47.4
WP_000034420.1	263	k121_306708_1	N/A	36.275	38	102	4.14e-06	47.8
WP_000034420.1	263	k121_861388_2	N/A	32.979	36	94	4.26e-06	47.4
WP_000034420.1	263	k121_210100_1	N/A	33.333	36	96	4.41e-04	42.0
WP_000034420.1	263	k121_90600_1	N/A	44.828	22	58	4.57e-04	41.6
WP_000034420.1	263	k121_663769_1	N/A	30.159	24	63	5.18e-04	41.2
WP_000034420.1	263	k121_504902_1	N/A	27.451	39	102	5.20e-04	42.4
WP_000034420.1	263	k121_1199658_1	N/A	36.765	25	68	5.55e-04	41.2
WP_000034420.1	263	k121_1182773_2	N/A	40.845	27	71	0.001	42.0
WP_000034420.1	263	k121_559026_1	N/A	30.882	26	68	0.002	40.0
WP_000034420.1	263	k121_550103_1	N/A	30.986	53	142	0.003	40.8
WP_000034420.1	263	k121_1121993_2	N/A	34.545	21	55	0.008	37.4
WP_000034420.1	263	k121_1158390_1	N/A	35.938	24	64	0.060	38.1
WP_000034420.1	263	k121_151858_2	N/A	25.000	43	116	0.097	35.8
WP_000845048.1	337	k121_1243096_1	N/A	99.703	100	337	0.0	681
WP_000845048.1	337	k121_1103974_1	N/A	75.152	98	330	0.0	507
WP_000845048.1	337	k121_410419_1	N/A	61.493	97	335	3.64e-139	403
WP_000845048.1	337	k121_1113020_1	N/A	56.213	99	338	1.61e-124	362
WP_000845048.1	337	k121_1101620_1	N/A	55.625	95	320	9.85e-117	344
WP_000845048.1	337	k121_425738_1	N/A	52.229	93	314	1.67e-106	317
WP_000845048.1	337	k121_1078000_1	N/A	51.447	92	311	9.24e-103	307
WP_000845048.1	337	k121_134317_1	N/A	49.498	89	299	7.46e-93	281
WP_000845048.1	337	k121_303802_2	N/A	56.863	76	255	6.66e-92	278
WP_000845048.1	337	k121_789323_1	N/A	56.846	70	241	3.56e-89	271
WP_000845048.1	337	k121_673261_1	N/A	45.714	93	315	6.79e-86	265
WP_000845048.1	337	k121_700305_1	N/A	61.215	61	214	9.10e-86	260
WP_000845048.1	337	k121_697437_1	N/A	58.854	57	192	2.01e-68	215
WP_000845048.1	337	k121_1124592_1	N/A	57.865	53	178	4.83e-65	206
WP_000845048.1	337	k121_1102775_1	N/A	51.961	61	204	3.39e-62	199
WP_000845048.1	337	k121_347521_1	N/A	62.667	45	150	3.40e-60	192
WP_000845048.1	337	k121_145178_1	N/A	54.098	54	183	1.12e-58	190
WP_000845048.1	337	k121_649069_1	N/A	48.744	59	199	4.59e-57	187
WP_000845048.1	337	k121_863746_1	N/A	57.692	45	156	5.67e-55	179
WP_000845048.1	337	k121_474724_1	N/A	53.529	50	170	1.25e-52	174
WP_000845048.1	337	k121_1017631_1	N/A	44.279	60	201	2.90e-50	169
WP_000845048.1	337	k121_965591_1	N/A	44.545	65	220	1.96e-49	167
WP_000845048.1	337	k121_629223_1	N/A	54.118	50	170	3.22e-48	164
WP_000845048.1	337	k121_720932_1	N/A	55.944	41	143	1.68e-47	160
WP_000845048.1	337	k121_756552_1	N/A	64.167	36	120	2.32e-47	160
WP_000845048.1	337	k121_1229239_2	N/A	64.815	32	108	2.53e-47	159
WP_000845048.1	337	k121_43431_2	N/A	35.258	97	329	2.17e-44	156
WP_000845048.1	337	k121_319241_1	N/A	62.393	35	117	5.72e-43	147
WP_000845048.1	337	k121_378736_1	N/A	40.175	67	229	1.91e-42	149
WP_000845048.1	337	k121_712446_2	N/A	57.480	38	127	2.22e-42	146
WP_000845048.1	337	k121_388234_1	N/A	67.647	30	102	1.35e-41	143
WP_000845048.1	337	k121_1014693_1	N/A	31.757	88	296	6.18e-41	146
WP_000845048.1	337	k121_772522_2	N/A	33.121	93	314	1.99e-40	147
WP_000845048.1	337	k121_586979_4	N/A	57.143	36	126	1.02e-39	139
WP_000845048.1	337	k121_671593_1	N/A	46.358	45	151	1.93e-39	139
WP_000845048.1	337	k121_967514_1	N/A	71.591	26	88	4.23e-39	136
WP_000845048.1	337	k121_1280948_1	N/A	32.087	95	321	1.20e-36	136
WP_000845048.1	337	k121_896207_1	N/A	41.753	58	194	2.56e-36	132
WP_000845048.1	337	k121_1151386_2	N/A	32.343	89	303	5.75e-36	134
WP_000845048.1	337	k121_360544_1	N/A	63.000	28	100	2.44e-35	127
WP_000845048.1	337	k121_623031_1	N/A	35.217	67	230	3.87e-35	130
WP_000845048.1	337	k121_355080_2	N/A	60.215	28	93	1.87e-34	124
WP_000845048.1	337	k121_337100_1	N/A	29.180	90	305	2.73e-34	130
WP_000845048.1	337	k121_633327_2	N/A	68.605	26	86	3.24e-34	124
WP_000845048.1	337	k121_1280370_16	N/A	33.226	92	310	3.73e-34	129
WP_000845048.1	337	k121_415303_1	N/A	67.816	26	87	6.85e-34	122
WP_000845048.1	337	k121_390048_3	N/A	29.688	94	320	9.49e-34	128
WP_000845048.1	337	k121_358629_1	N/A	75.641	23	78	6.02e-33	120
WP_000845048.1	337	k121_69791_1	N/A	32.581	92	310	2.03e-32	125
WP_000845048.1	337	k121_768748_1	N/A	50.000	40	134	2.47e-32	122
WP_000845048.1	337	k121_170540_2	N/A	30.000	96	330	7.85e-32	125
WP_000845048.1	337	k121_893378_3	N/A	57.000	28	100	2.45e-31	116
WP_000845048.1	337	k121_1163415_1	N/A	29.739	90	306	3.20e-31	121
WP_000845048.1	337	k121_1877_2	N/A	32.219	97	329	6.09e-31	121
WP_000845048.1	337	k121_1017071_1	N/A	32.950	77	261	9.10e-31	119
WP_000845048.1	337	k121_1096259_1	N/A	78.873	21	71	9.72e-31	114
WP_000845048.1	337	k121_878087_1	N/A	33.333	76	258	1.19e-30	119
WP_000845048.1	337	k121_1022409_1	N/A	77.465	21	71	4.36e-30	112
WP_000845048.1	337	k121_65318_1	N/A	36.889	66	225	1.38e-29	115
WP_000845048.1	337	k121_1287864_1	N/A	31.698	77	265	2.32e-29	115
WP_000845048.1	337	k121_350168_2	N/A	46.825	37	126	3.80e-29	112
WP_000845048.1	337	k121_1102124_1	N/A	30.000	93	320	1.05e-28	115
WP_000845048.1	337	k121_373789_1	N/A	71.212	20	66	1.10e-28	109
WP_000845048.1	337	k121_1022472_1	N/A	33.745	72	243	2.67e-28	112
WP_000845048.1	337	k121_351828_1	N/A	28.912	85	294	3.52e-28	115
WP_000845048.1	337	k121_1217537_3	N/A	27.445	93	317	5.63e-28	113
WP_000845048.1	337	k121_1295538_1	N/A	26.935	94	323	1.88e-27	112
WP_000845048.1	337	k121_208219_1	N/A	27.673	93	318	7.71e-27	110
WP_000845048.1	337	k121_948849_2	N/A	61.728	23	81	1.20e-26	103
WP_000845048.1	337	k121_721802_2	N/A	59.756	23	82	1.61e-26	103
WP_000845048.1	337	k121_735723_1	N/A	36.957	78	276	4.21e-26	108
WP_000845048.1	337	k121_25243_2	N/A	28.821	68	229	7.99e-26	105
WP_000845048.1	337	k121_1293901_1	N/A	38.608	34	158	2.75e-25	102
WP_000845048.1	337	k121_532872_1	N/A	32.500	82	280	2.91e-25	105
WP_000845048.1	337	k121_891175_4	N/A	31.532	65	222	8.63e-25	103
WP_000845048.1	337	k121_1014448_1	N/A	31.481	64	216	1.86e-24	101
WP_000845048.1	337	k121_181808_1	N/A	43.511	38	131	2.27e-24	99.4
WP_000845048.1	337	k121_693651_1	N/A	32.589	63	224	3.55e-24	101
WP_000845048.1	337	k121_1291815_65	N/A	33.574	76	277	3.70e-24	103
WP_000845048.1	337	k121_421633_1	N/A	34.568	69	243	4.49e-23	100
WP_000845048.1	337	k121_474192_1	N/A	29.967	90	307	6.18e-23	100
WP_000845048.1	337	k121_150512_7	N/A	28.832	78	274	2.43e-22	98.2
WP_000845048.1	337	k121_546748_1	N/A	48.000	30	100	8.58e-22	91.3
WP_000845048.1	337	k121_778832_39	N/A	30.769	85	299	8.60e-22	97.1
WP_000845048.1	337	k121_321097_2	N/A	30.164	85	305	1.48e-21	96.3
WP_000845048.1	337	k121_475128_1	N/A	30.252	67	238	3.23e-21	93.2
WP_000845048.1	337	k121_1324024_2	N/A	32.222	53	180	3.49e-21	91.7
WP_000845048.1	337	k121_461664_1	N/A	32.292	57	192	4.47e-21	91.3
WP_000845048.1	337	k121_354575_2	N/A	32.432	55	185	5.32e-21	90.5
WP_000845048.1	337	k121_917443_1	N/A	35.165	54	182	1.26e-20	90.9
WP_000845048.1	337	k121_411924_2	N/A	33.133	49	166	1.40e-20	91.3
WP_000845048.1	337	k121_376671_10	N/A	27.302	88	315	1.46e-20	93.2
WP_000845048.1	337	k121_973423_1	N/A	27.219	92	338	1.59e-20	93.6
WP_000845048.1	337	k121_882655_1	N/A	33.491	61	212	1.70e-20	92.4
WP_000845048.1	337	k121_1264062_1	N/A	27.007	79	274	2.29e-20	92.8
WP_000845048.1	337	k121_523736_1	N/A	33.516	54	182	4.38e-20	89.0
WP_000845048.1	337	k121_821561_2	N/A	35.165	54	182	4.70e-20	89.4
WP_000845048.1	337	k121_1148855_3	N/A	27.007	79	274	4.99e-20	92.0
WP_000845048.1	337	k121_867690_3	N/A	35.870	55	184	5.88e-20	91.7
WP_000845048.1	337	k121_297390_1	N/A	28.115	85	313	6.99e-20	91.7
WP_000845048.1	337	k121_589387_1	N/A	31.720	53	186	9.57e-20	89.4
WP_000845048.1	337	k121_446597_1	N/A	29.000	84	300	1.64e-19	90.5
WP_000845048.1	337	k121_317313_1	N/A	26.692	78	266	1.76e-19	89.0
WP_000845048.1	337	k121_687132_1	N/A	33.155	55	187	2.01e-19	86.7
WP_000845048.1	337	k121_510654_2	N/A	31.839	64	223	2.08e-19	90.5
WP_000845048.1	337	k121_425716_1	N/A	28.276	85	290	5.00e-19	88.6
WP_000845048.1	337	k121_191776_4	N/A	35.955	53	178	9.00e-19	88.2
WP_000845048.1	337	k121_329428_2	N/A	32.110	62	218	1.02e-18	88.2
WP_000845048.1	337	k121_899784_1	N/A	23.529	90	306	2.77e-18	86.7
WP_000845048.1	337	k121_921104_2	N/A	30.263	66	228	3.64e-18	85.1
WP_000845048.1	337	k121_85008_6	N/A	25.839	82	298	3.80e-18	86.3
WP_000845048.1	337	k121_1162051_1	N/A	36.095	50	169	4.86e-18	82.8
WP_000845048.1	337	k121_247080_2	N/A	25.566	86	309	4.93e-18	86.3
WP_000845048.1	337	k121_766038_1	N/A	30.453	69	243	5.31e-18	86.3
WP_000845048.1	337	k121_973239_1	N/A	51.899	23	79	6.74e-18	81.3
WP_000845048.1	337	k121_1151317_2	N/A	27.759	88	299	7.53e-18	85.5
WP_000845048.1	337	k121_674157_3	N/A	28.859	85	298	1.04e-17	85.5
WP_000845048.1	337	k121_576265_2	N/A	26.190	83	294	1.15e-17	85.1
WP_000845048.1	337	k121_734178_1	N/A	33.475	68	236	1.81e-17	84.7
WP_000845048.1	337	k121_1206010_1	N/A	32.828	58	198	2.01e-17	82.4
WP_000845048.1	337	k121_1253931_1	N/A	31.250	56	192	2.08e-17	81.3
WP_000845048.1	337	k121_1168153_1	N/A	30.085	63	236	4.99e-17	82.8
WP_000845048.1	337	k121_1090741_8	N/A	25.540	78	278	9.50e-17	82.4
WP_000845048.1	337	k121_1302043_1	N/A	30.337	53	178	1.05e-16	79.7
WP_000845048.1	337	k121_132515_3	N/A	30.357	50	168	1.12e-16	79.3
WP_000845048.1	337	k121_1235301_2	N/A	33.333	47	159	1.43e-16	78.6
WP_000845048.1	337	k121_569059_1	N/A	33.663	58	202	1.72e-16	80.1
WP_000845048.1	337	k121_993749_1	N/A	25.773	83	291	2.05e-16	81.6
WP_000845048.1	337	k121_455350_1	N/A	30.556	62	216	2.14e-16	79.7
WP_000845048.1	337	k121_583958_1	N/A	27.473	54	182	2.56e-16	78.6
WP_000845048.1	337	k121_1009421_1	N/A	33.149	53	181	2.79e-16	78.2
WP_000845048.1	337	k121_167170_1	N/A	27.473	53	182	2.80e-16	82.8
WP_000845048.1	337	k121_1073782_2	N/A	26.821	88	302	3.46e-16	80.5
WP_000845048.1	337	k121_1196129_2	N/A	51.899	23	79	3.49e-16	76.3
WP_000845048.1	337	k121_172465_1	N/A	36.090	38	133	3.92e-16	77.0
WP_000845048.1	337	k121_77942_1	N/A	27.869	54	183	3.93e-16	79.0
WP_000845048.1	337	k121_479023_1	N/A	37.719	28	114	4.00e-16	77.0
WP_000845048.1	337	k121_1279266_3	N/A	25.784	82	287	4.26e-16	80.9
WP_000845048.1	337	k121_1068427_5	N/A	25.095	75	263	4.67e-16	80.5
WP_000845048.1	337	k121_885302_1	N/A	42.391	27	92	4.69e-16	76.3
WP_000845048.1	337	k121_319283_1	N/A	31.977	51	172	5.53e-16	77.0
WP_000845048.1	337	k121_1252401_3	N/A	28.980	69	245	6.06e-16	79.0
WP_000845048.1	337	k121_18020_5	N/A	26.909	78	275	6.10e-16	80.5
WP_000845048.1	337	k121_330162_18	N/A	30.693	58	202	6.26e-16	80.9
WP_000845048.1	337	k121_424595_4	N/A	24.662	82	296	7.14e-16	79.7
WP_000845048.1	337	k121_877516_1	N/A	29.478	76	268	8.63e-16	79.0
WP_000845048.1	337	k121_408034_1	N/A	29.775	53	178	9.43e-16	77.0
WP_000845048.1	337	k121_464327_4	N/A	27.570	62	214	1.67e-15	79.3
WP_000845048.1	337	k121_616516_3	N/A	27.841	52	176	2.17e-15	78.6
WP_000845048.1	337	k121_1112700_1	N/A	33.516	54	182	2.24e-15	76.6
WP_000845048.1	337	k121_488950_1	N/A	56.061	20	66	3.12e-15	73.6
WP_000845048.1	337	k121_155277_7	N/A	27.547	75	265	3.30e-15	78.2
WP_000845048.1	337	k121_227522_1	N/A	29.545	52	176	3.39e-15	77.0
WP_000845048.1	337	k121_8890_2	N/A	31.915	67	235	3.43e-15	78.2
WP_000845048.1	337	k121_1157953_1	N/A	28.415	54	183	3.65e-15	75.5
WP_000845048.1	337	k121_905130_1	N/A	32.222	53	180	4.00e-15	75.5
WP_000845048.1	337	k121_1132363_1	N/A	51.316	23	76	4.53e-15	72.8
WP_000845048.1	337	k121_455099_1	N/A	30.481	55	187	4.82e-15	75.5
WP_000845048.1	337	k121_676997_2	N/A	50.746	20	67	5.18e-15	72.8
WP_000845048.1	337	k121_811181_1	N/A	39.815	32	108	5.27e-15	73.6
WP_000845048.1	337	k121_1169272_1	N/A	26.923	53	182	5.42e-15	75.9
WP_000845048.1	337	k121_49847_4	N/A	29.218	69	243	5.81e-15	77.4
WP_000845048.1	337	k121_151559_2	N/A	28.669	82	293	6.10e-15	77.4
WP_000845048.1	337	k121_698469_2	N/A	47.368	23	76	7.16e-15	72.8
WP_000845048.1	337	k121_1247978_1	N/A	32.877	62	219	7.23e-15	75.9
WP_000845048.1	337	k121_331365_1	N/A	29.108	63	213	7.90e-15	75.5
WP_000845048.1	337	k121_38440_2	N/A	25.753	85	299	8.38e-15	77.0
WP_000845048.1	337	k121_713696_1	N/A	45.455	23	77	1.03e-14	72.8
WP_000845048.1	337	k121_575587_1	N/A	25.767	48	163	1.64e-14	75.9
WP_000845048.1	337	k121_1108034_1	N/A	25.926	60	216	1.87e-14	75.9
WP_000845048.1	337	k121_352724_1	N/A	29.130	67	230	2.12e-14	73.9
WP_000845048.1	337	k121_1194247_1	N/A	28.723	56	188	2.27e-14	73.9
WP_000845048.1	337	k121_331325_2	N/A	26.814	89	317	2.76e-14	75.9
WP_000845048.1	337	k121_967795_6	N/A	26.165	77	279	2.84e-14	75.5
WP_000845048.1	337	k121_779682_3	N/A	26.838	75	272	3.04e-14	75.9
WP_000845048.1	337	k121_302740_1	N/A	31.638	53	177	4.47e-14	72.8
WP_000845048.1	337	k121_717493_3	N/A	31.638	53	177	5.90e-14	72.4
WP_000845048.1	337	k121_711040_1	N/A	28.182	63	220	1.09e-13	72.0
WP_000845048.1	337	k121_493430_3	N/A	31.214	50	173	1.12e-13	72.8
WP_000845048.1	337	k121_909793_1	N/A	32.203	53	177	1.18e-13	72.4
WP_000845048.1	337	k121_285866_1	N/A	29.444	53	180	1.32e-13	70.9
WP_000845048.1	337	k121_942514_3	N/A	22.727	88	308	1.35e-13	73.6
WP_000845048.1	337	k121_1029235_2	N/A	29.918	71	244	1.44e-13	73.6
WP_000845048.1	337	k121_1086587_9	N/A	29.204	64	226	1.86e-13	73.2
WP_000845048.1	337	k121_835565_1	N/A	30.233	51	172	1.91e-13	70.5
WP_000845048.1	337	k121_86282_1	N/A	27.391	64	230	2.19e-13	72.0
WP_000845048.1	337	k121_753980_1	N/A	32.215	44	149	2.42e-13	70.9
WP_000845048.1	337	k121_230282_1	N/A	25.463	63	216	2.72e-13	70.5
WP_000845048.1	337	k121_1201113_1	N/A	46.053	23	76	2.73e-13	68.2
WP_000845048.1	337	k121_1136713_13	N/A	27.986	83	293	3.15e-13	72.8
WP_000845048.1	337	k121_660187_2	N/A	30.804	62	224	3.38e-13	71.2
WP_000845048.1	337	k121_26296_3	N/A	28.571	55	189	4.10e-13	69.7
WP_000845048.1	337	k121_1067392_1	N/A	55.882	20	68	5.28e-13	67.8
WP_000845048.1	337	k121_28640_1	N/A	28.571	77	273	5.80e-13	72.0
WP_000845048.1	337	k121_581243_1	N/A	49.254	20	67	6.25e-13	66.6
WP_000845048.1	337	k121_85400_3	N/A	29.600	69	250	7.62e-13	71.6
WP_000845048.1	337	k121_496143_2	N/A	27.473	54	182	7.66e-13	68.9
WP_000845048.1	337	k121_770969_2	N/A	27.333	44	150	7.80e-13	71.6
WP_000845048.1	337	k121_1055353_1	N/A	25.564	78	266	8.17e-13	70.1
WP_000845048.1	337	k121_443337_1	N/A	30.247	48	162	8.66e-13	69.7
WP_000845048.1	337	k121_230904_105	N/A	32.768	53	177	9.26e-13	71.2
WP_000845048.1	337	k121_577664_1	N/A	28.182	62	220	1.20e-12	69.3
WP_000845048.1	337	k121_921624_1	N/A	35.000	47	160	1.22e-12	68.9
WP_000845048.1	337	k121_218493_4	N/A	27.053	61	207	1.47e-12	69.3
WP_000845048.1	337	k121_1160441_2	N/A	29.866	83	298	1.50e-12	70.9
WP_000845048.1	337	k121_588749_1	N/A	29.801	42	151	1.55e-12	69.7
WP_000845048.1	337	k121_1300750_5	N/A	23.649	82	296	1.63e-12	70.5
WP_000845048.1	337	k121_1322529_1	N/A	39.326	26	89	1.75e-12	68.2
WP_000845048.1	337	k121_810419_1	N/A	31.868	54	182	1.84e-12	68.9
WP_000845048.1	337	k121_674992_1	N/A	27.322	54	183	1.85e-12	68.2
WP_000845048.1	337	k121_1222533_2	N/A	29.208	60	202	2.14e-12	69.3
WP_000845048.1	337	k121_1201816_1	N/A	30.859	71	256	3.07e-12	69.7
WP_000845048.1	337	k121_675897_9	N/A	30.000	84	300	3.55e-12	69.7
WP_000845048.1	337	k121_1217505_1	N/A	28.415	54	183	4.08e-12	66.6
WP_000845048.1	337	k121_1120665_3	N/A	27.508	85	309	5.69e-12	68.9
WP_000845048.1	337	k121_175878_3	N/A	38.372	26	86	6.44e-12	64.7
WP_000845048.1	337	k121_60697_3	N/A	29.333	84	300	7.15e-12	68.9
WP_000845048.1	337	k121_1298235_1	N/A	46.835	23	79	7.48e-12	63.5
WP_000845048.1	337	k121_873809_1	N/A	26.923	54	182	1.01e-11	66.2
WP_000845048.1	337	k121_818023_1	N/A	26.872	65	227	1.17e-11	66.6
WP_000845048.1	337	k121_108339_1	N/A	27.138	75	269	1.32e-11	67.8
WP_000845048.1	337	k121_1290538_1	N/A	40.698	25	86	2.45e-11	63.5
WP_000845048.1	337	k121_524961_4	N/A	24.648	81	284	3.85e-11	66.2
WP_000845048.1	337	k121_221673_2	N/A	31.019	62	216	3.87e-11	66.6
WP_000845048.1	337	k121_460830_4	N/A	27.826	61	230	6.19e-11	65.9
WP_000845048.1	337	k121_377288_1	N/A	27.234	66	235	6.97e-11	64.7
WP_000845048.1	337	k121_854746_1	N/A	29.282	54	181	7.07e-11	63.9
WP_000845048.1	337	k121_1080697_1	N/A	29.697	49	165	7.81e-11	64.7
WP_000845048.1	337	k121_587375_1	N/A	31.250	38	128	1.05e-10	62.4
WP_000845048.1	337	k121_403590_1	N/A	33.708	53	178	1.20e-10	62.8
WP_000845048.1	337	k121_204731_1	N/A	26.129	84	310	1.30e-10	64.7
WP_000845048.1	337	k121_1063390_1	N/A	30.726	52	179	1.67e-10	62.8
WP_000845048.1	337	k121_57091_2	N/A	41.667	24	84	3.70e-10	59.3
WP_000845048.1	337	k121_1035707_2	N/A	25.847	63	236	3.94e-10	63.5
WP_000845048.1	337	k121_282243_3	N/A	22.222	60	207	4.09e-10	62.4
WP_000845048.1	337	k121_1012433_1	N/A	28.230	59	209	5.73e-10	61.6
WP_000845048.1	337	k121_579910_1	N/A	28.421	56	190	5.78e-10	60.8
WP_000845048.1	337	k121_1034661_24	N/A	26.316	61	228	7.32e-10	62.8
WP_000845048.1	337	k121_548332_1	N/A	29.189	55	185	8.45e-10	61.6
WP_000845048.1	337	k121_1306388_1	N/A	22.830	85	311	8.95e-10	62.4
WP_000845048.1	337	k121_340537_2	N/A	31.461	53	178	1.27e-09	59.7
WP_000845048.1	337	k121_285279_1	N/A	30.108	54	186	1.34e-09	60.1
WP_000845048.1	337	k121_780709_6	N/A	23.549	83	293	1.36e-09	61.6
WP_000845048.1	337	k121_1095924_1	N/A	23.415	60	205	1.61e-09	59.7
WP_000845048.1	337	k121_587802_1	N/A	23.333	61	210	1.62e-09	60.5
WP_000845048.1	337	k121_350672_1	N/A	38.806	20	67	1.82e-09	57.4
WP_000845048.1	337	k121_496309_2	N/A	25.188	76	266	2.29e-09	61.2
WP_000845048.1	337	k121_196553_1	N/A	30.263	45	152	2.37e-09	58.5
WP_000845048.1	337	k121_340529_2	N/A	30.337	53	178	2.79e-09	58.5
WP_000845048.1	337	k121_1168374_1	N/A	27.753	64	227	2.98e-09	60.5
WP_000845048.1	337	k121_162492_1	N/A	25.767	47	163	3.29e-09	60.1
WP_000845048.1	337	k121_1271766_2	N/A	33.333	36	120	3.95e-09	59.7
WP_000845048.1	337	k121_856852_1	N/A	26.543	44	162	4.58e-09	59.7
WP_000845048.1	337	k121_644462_2	N/A	26.217	75	267	5.03e-09	60.5
WP_000845048.1	337	k121_620433_1	N/A	27.931	80	290	5.77e-09	59.3
WP_000845048.1	337	k121_1122654_1	N/A	28.099	69	242	6.24e-09	58.5
WP_000845048.1	337	k121_760989_1	N/A	27.950	48	161	6.94e-09	57.0
WP_000845048.1	337	k121_714094_5	N/A	24.422	85	303	7.49e-09	59.3
WP_000845048.1	337	k121_902460_1	N/A	27.742	42	155	1.04e-08	58.2
WP_000845048.1	337	k121_25572_2	N/A	37.500	23	80	1.25e-08	55.1
WP_000845048.1	337	k121_106764_1	N/A	24.719	74	267	1.53e-08	58.5
WP_000845048.1	337	k121_92911_1	N/A	30.000	47	160	1.99e-08	56.2
WP_000845048.1	337	k121_258266_2	N/A	39.286	25	84	7.13e-08	52.4
WP_000845048.1	337	k121_407009_2	N/A	23.113	62	212	1.18e-07	55.5
WP_000845048.1	337	k121_292564_2	N/A	32.692	31	104	1.34e-07	52.4
WP_000845048.1	337	k121_912409_1	N/A	24.818	76	274	1.39e-07	55.8
WP_000845048.1	337	k121_1286746_1	N/A	30.000	42	150	1.52e-07	54.7
WP_000845048.1	337	k121_258523_2	N/A	22.222	65	234	2.31e-07	54.3
WP_000845048.1	337	k121_781784_1	N/A	28.000	44	150	2.72e-07	53.5
WP_000845048.1	337	k121_755475_2	N/A	30.270	54	185	2.96e-07	53.5
WP_000845048.1	337	k121_570388_5	N/A	29.348	54	184	3.30e-07	53.5
WP_000845048.1	337	k121_823297_3	N/A	22.072	62	222	3.54e-07	53.9
WP_000845048.1	337	k121_359022_1	N/A	23.695	69	249	3.58e-07	54.3
WP_000845048.1	337	k121_808009_1	N/A	29.851	37	134	3.83e-07	53.1
WP_000845048.1	337	k121_1224037_2	N/A	29.775	53	178	4.16e-07	54.7
WP_000845048.1	337	k121_270146_1	N/A	35.593	34	118	5.70e-07	52.0
WP_000845048.1	337	k121_645870_1	N/A	29.375	45	160	6.04e-07	52.4
WP_000845048.1	337	k121_1248242_1	N/A	25.854	58	205	6.08e-07	52.8
WP_000845048.1	337	k121_1283497_1	N/A	29.091	60	220	9.84e-07	53.1
WP_000845048.1	337	k121_339475_1	N/A	23.889	49	180	1.04e-06	52.4
WP_000845048.1	337	k121_91503_2	N/A	32.877	21	73	1.68e-06	48.9
WP_000845048.1	337	k121_951674_1	N/A	36.458	28	96	1.75e-06	50.8
WP_000845048.1	337	k121_427807_1	N/A	22.857	62	210	1.86e-06	51.6
WP_000845048.1	337	k121_664895_3	N/A	25.253	83	297	1.91e-06	52.4
WP_000845048.1	337	k121_793806_1	N/A	23.256	51	172	2.81e-06	49.7
WP_000845048.1	337	k121_1023365_1	N/A	34.667	22	75	2.93e-06	49.7
WP_000845048.1	337	k121_409246_1	N/A	22.727	56	198	3.17e-06	51.2
WP_000845048.1	337	k121_334022_1	N/A	28.492	51	179	3.25e-06	51.2
WP_000845048.1	337	k121_736451_1	N/A	36.111	21	72	3.33e-06	49.7
WP_000845048.1	337	k121_912409_2	N/A	26.389	38	144	3.75e-06	51.6
WP_000845048.1	337	k121_336964_2	N/A	27.607	43	163	4.49e-06	50.4
WP_000845048.1	337	k121_278324_1	N/A	27.068	37	133	4.73e-06	50.1
WP_000845048.1	337	k121_462691_2	N/A	25.466	48	161	4.92e-06	48.9
WP_000845048.1	337	k121_1021952_2	N/A	22.857	52	175	7.05e-06	49.7
WP_000845048.1	337	k121_1310161_1	N/A	22.785	66	237	9.27e-06	49.7
WP_000845048.1	337	k121_188388_1	N/A	38.961	22	77	1.00e-05	48.5
WP_000845048.1	337	k121_1314555_2	N/A	27.473	49	182	1.09e-05	49.7
WP_000845048.1	337	k121_810352_1	N/A	29.189	52	185	1.65e-05	48.5
WP_000845048.1	337	k121_902475_14	N/A	26.333	84	300	1.72e-05	49.3
WP_000845048.1	337	k121_148411_1	N/A	26.570	61	207	2.22e-05	48.5
WP_000845048.1	337	k121_445729_1	N/A	28.968	70	252	2.53e-05	48.1
WP_000845048.1	337	k121_626040_1	N/A	36.441	31	118	2.93e-05	47.4
WP_000845048.1	337	k121_500673_1	N/A	37.143	20	70	3.73e-05	44.7
WP_000845048.1	337	k121_692951_1	N/A	30.899	49	178	4.17e-05	47.4
WP_000845048.1	337	k121_910548_1	N/A	26.230	34	122	4.19e-05	46.6
WP_000845048.1	337	k121_779682_1	N/A	22.143	81	280	4.69e-05	48.1
WP_000845048.1	337	k121_564941_1	N/A	28.019	53	207	5.05e-05	47.8
WP_000845048.1	337	k121_137714_1	N/A	27.536	53	207	6.08e-05	47.4
WP_000845048.1	337	k121_756817_1	N/A	25.899	37	139	6.61e-05	45.8
WP_000845048.1	337	k121_204158_1	N/A	26.460	74	291	6.62e-05	47.8
WP_000845048.1	337	k121_462686_4	N/A	22.699	48	163	8.07e-05	45.1
WP_000845048.1	337	k121_859642_1	N/A	26.818	64	220	8.67e-05	47.4
WP_000845048.1	337	k121_912409_3	N/A	20.505	89	317	1.25e-04	47.0
WP_000845048.1	337	k121_345097_2	N/A	29.927	37	137	1.65e-04	45.4
WP_000845048.1	337	k121_494802_1	N/A	26.455	56	189	2.08e-04	45.1
WP_000845048.1	337	k121_643864_1	N/A	35.714	21	70	2.08e-04	44.7
WP_000845048.1	337	k121_614026_1	N/A	33.803	21	71	2.45e-04	43.1
WP_000845048.1	337	k121_683313_2	N/A	25.294	50	170	2.49e-04	45.1
WP_000845048.1	337	k121_424032_1	N/A	35.366	22	82	2.89e-04	43.9
WP_000845048.1	337	k121_594711_2	N/A	31.507	21	73	2.94e-04	45.8
WP_000845048.1	337	k121_200987_2	N/A	24.468	55	188	3.04e-04	44.3
WP_000845048.1	337	k121_561783_1	N/A	28.736	48	174	3.05e-04	44.7
WP_000845048.1	337	k121_460118_4	N/A	35.366	24	82	4.03e-04	44.7
WP_000845048.1	337	k121_735569_1	N/A	34.021	27	97	4.80e-04	43.9
WP_000845048.1	337	k121_1046476_1	N/A	28.713	27	101	4.83e-04	42.4
WP_000845048.1	337	k121_1085157_1	N/A	29.630	44	162	4.95e-04	44.3
WP_000845048.1	337	k121_494335_1	N/A	30.400	37	125	6.05e-04	42.4
WP_000845048.1	337	k121_464115_8	N/A	30.137	21	73	6.36e-04	44.3
WP_000845048.1	337	k121_1266520_1	N/A	28.191	55	188	7.50e-04	43.9
WP_000845048.1	337	k121_1148608_1	N/A	32.632	28	95	8.69e-04	42.0
WP_000845048.1	337	k121_463057_1	N/A	24.378	58	201	8.82e-04	42.7
WP_000845048.1	337	k121_656660_3	N/A	27.805	56	205	0.001	44.7
WP_000845048.1	337	k121_200876_2	N/A	33.766	23	77	0.001	44.3
WP_000845048.1	337	k121_1283497_2	N/A	25.000	92	332	0.001	43.9
WP_000845048.1	337	k121_617102_1	N/A	27.957	52	186	0.002	42.4
WP_000845048.1	337	k121_1010762_1	N/A	26.087	34	115	0.002	42.4
WP_000845048.1	337	k121_881706_2	N/A	23.711	56	194	0.002	43.1
WP_000845048.1	337	k121_505647_2	N/A	34.177	23	79	0.002	39.7
WP_000845048.1	337	k121_148028_2	N/A	23.980	54	196	0.002	42.4
WP_000845048.1	337	k121_72825_1	N/A	22.561	44	164	0.003	41.2
WP_000845048.1	337	k121_1165630_2	N/A	24.359	42	156	0.003	41.6
WP_000845048.1	337	k121_571645_1	N/A	26.712	39	146	0.004	41.2
WP_000845048.1	337	k121_649822_2	N/A	31.765	24	85	0.004	39.7
WP_000845048.1	337	k121_898300_1	N/A	31.818	25	88	0.004	42.0
WP_000845048.1	337	k121_1315851_3	N/A	25.926	62	216	0.004	42.0
WP_000845048.1	337	k121_805511_2	N/A	31.624	33	117	0.005	41.2
WP_000845048.1	337	k121_223660_1	N/A	27.778	45	162	0.006	40.8
WP_000845048.1	337	k121_84031_3	N/A	33.803	21	71	0.006	41.6
WP_000845048.1	337	k121_277205_3	N/A	25.828	83	302	0.009	40.8
WP_000845048.1	337	k121_1090890_3	N/A	34.940	24	83	0.010	41.2
WP_000845048.1	337	k121_921781_2	N/A	26.180	68	233	0.010	40.8
WP_000845048.1	337	k121_756518_1	N/A	25.503	39	149	0.012	39.7
WP_000845048.1	337	k121_848964_1	N/A	31.429	21	70	0.012	40.0
WP_000845048.1	337	k121_869896_1	N/A	28.571	25	84	0.013	38.1
WP_000845048.1	337	k121_1084152_1	N/A	30.370	37	135	0.013	40.0
WP_000845048.1	337	k121_351811_3	N/A	32.857	20	70	0.014	40.0
WP_000845048.1	337	k121_65025_2	N/A	26.374	24	91	0.015	38.1
WP_000845048.1	337	k121_1282186_1	N/A	29.167	32	120	0.015	39.3
WP_000845048.1	337	k121_358706_1	N/A	27.273	52	187	0.016	39.7
WP_000845048.1	337	k121_1306972_1	N/A	29.412	48	187	0.017	39.3
WP_000845048.1	337	k121_148468_1	N/A	25.962	28	104	0.017	39.3
WP_000845048.1	337	k121_265230_1	N/A	27.485	50	171	0.022	38.5
WP_000845048.1	337	k121_1234273_1	N/A	31.844	48	179	0.027	38.9
