SadA_ref|WP_036299419.1|:1-399	399	k121_88211_2	N/A	31.092	59	238	2.02e-38	140
SadA_ref|WP_036299419.1|:1-399	399	k121_7301_27	N/A	28.520	68	277	5.27e-35	134
SadA_ref|WP_036299419.1|:1-399	399	k121_292886_2	N/A	24.412	84	340	1.22e-29	119
SadA_ref|WP_036299419.1|:1-399	399	k121_20510_2	N/A	26.974	74	304	6.12e-29	115
SadA_ref|WP_036299419.1|:1-399	399	k121_434498_2	N/A	29.358	53	218	2.92e-25	104
SadA_ref|WP_036299419.1|:1-399	399	k121_405457_2	N/A	28.125	93	384	1.89e-23	101
SadA_ref|WP_036299419.1|:1-399	399	k121_264318_1	N/A	25.507	81	345	3.41e-16	80.5
SadA_ref|WP_036299419.1|:1-399	399	k121_8801_2	N/A	27.119	43	177	1.03e-05	48.5
SadA_ref|WP_036299419.1|:1-399	399	k121_143894_1	N/A	24.904	57	261	4.87e-04	43.1
SadA_ref|WP_036299419.1|:1-399	399	k121_249308_2	N/A	25.822	45	213	0.002	40.8
SadA_ref|WP_036299419.1|:1-399	399	k121_146278_2	N/A	23.789	51	227	0.002	40.8
SadA_ref|WP_036299419.1|:1-399	399	k121_132602_1	N/A	23.618	48	199	0.004	40.0
SadA_ref|WP_036299419.1|:1-399	399	k121_206669_1	N/A	23.108	60	251	0.005	40.0
SadA_ref|WP_036299419.1|:1-399	399	k121_435946_2	N/A	26.446	60	242	0.071	36.2
SadB_ref|WP_100812327.1|:1-423	423	k121_7301_27	N/A	25.203	85	369	5.30e-36	137
SadB_ref|WP_100812327.1|:1-423	423	k121_88211_2	N/A	31.441	53	229	9.08e-36	133
SadB_ref|WP_100812327.1|:1-423	423	k121_20510_2	N/A	30.375	68	293	5.33e-34	129
SadB_ref|WP_100812327.1|:1-423	423	k121_292886_2	N/A	27.893	77	337	1.57e-27	114
SadB_ref|WP_100812327.1|:1-423	423	k121_434498_2	N/A	35.928	39	167	5.58e-25	103
SadB_ref|WP_100812327.1|:1-423	423	k121_405457_2	N/A	27.621	88	391	9.02e-19	88.6
SadB_ref|WP_100812327.1|:1-423	423	k121_389372_2	N/A	27.500	77	360	1.72e-13	72.8
SadB_ref|WP_100812327.1|:1-423	423	k121_264318_1	N/A	24.633	77	341	5.19e-13	70.9
SadB_ref|WP_100812327.1|:1-423	423	k121_249308_2	N/A	27.946	62	297	1.79e-11	65.9
SadB_ref|WP_100812327.1|:1-423	423	k121_143894_1	N/A	25.926	69	324	8.77e-09	57.8
SadB_ref|WP_100812327.1|:1-423	423	k121_206669_1	N/A	28.897	57	263	4.72e-08	55.5
SadB_ref|WP_100812327.1|:1-423	423	k121_133452_2	N/A	27.136	45	199	4.59e-06	49.7
SadB_ref|WP_100812327.1|:1-423	423	k121_366480_5	N/A	29.861	31	144	8.68e-04	42.4
SadB_ref|WP_100812327.1|:1-423	423	k121_132602_1	N/A	23.423	51	222	0.001	41.6
SadB_ref|WP_100812327.1|:1-423	423	k121_146278_2	N/A	25.728	42	206	0.004	40.4
SadB_ref|WP_100812327.1|:1-423	423	k121_412284_3	N/A	28.571	26	126	0.005	38.9
SadB_ref|WP_100812327.1|:1-423	423	k121_326321_1	N/A	26.163	33	172	0.009	39.3
SadC_ref|WP_036299413.1|:1-194	194	k121_481233_2	N/A	31.343	69	134	2.35e-15	71.6
SadC_ref|WP_036299413.1|:1-194	194	k121_275866_9	N/A	30.657	69	137	8.23e-12	62.0
SadC_ref|WP_036299413.1|:1-194	194	k121_35619_2	N/A	27.857	70	140	4.60e-11	59.7
SadC_ref|WP_036299413.1|:1-194	194	k121_402243_1	N/A	36.170	48	94	1.47e-09	55.8
SadC_ref|WP_036299413.1|:1-194	194	k121_567433_2	N/A	27.273	73	143	2.94e-09	55.1
SadC_ref|WP_036299413.1|:1-194	194	k121_570625_2	N/A	37.931	44	87	5.21e-09	53.9
SadC_ref|WP_036299413.1|:1-194	194	k121_424441_4	N/A	36.559	47	93	5.35e-09	54.3
SadC_ref|WP_036299413.1|:1-194	194	k121_321293_4	N/A	34.783	47	92	5.45e-08	51.6
SadC_ref|WP_036299413.1|:1-194	194	k121_153913_2	N/A	28.261	68	138	2.06e-07	50.1
SadC_ref|WP_036299413.1|:1-194	194	k121_538254_3	N/A	32.051	75	156	2.50e-07	49.7
SadC_ref|WP_036299413.1|:1-194	194	k121_83856_2	N/A	35.443	41	79	8.12e-07	48.1
SadC_ref|WP_036299413.1|:1-194	194	k121_93194_9	N/A	37.805	42	82	2.85e-06	46.6
SadC_ref|WP_036299413.1|:1-194	194	k121_7301_29	N/A	38.235	35	68	3.19e-06	46.6
SadC_ref|WP_036299413.1|:1-194	194	k121_88211_1	N/A	32.479	59	117	8.84e-06	45.1
SadC_ref|WP_036299413.1|:1-194	194	k121_529312_3	N/A	24.260	87	169	1.60e-04	41.6
SadC_ref|WP_036299413.1|:1-194	194	k121_572467_1	N/A	31.183	47	93	2.07e-04	41.2
SadC_ref|WP_036299413.1|:1-194	194	k121_470063_1	N/A	36.000	38	75	7.99e-04	38.5
WP_000259031.1	279	k121_448321_2	N/A	35.606	94	264	8.90e-42	145
WP_000259031.1	279	k121_409258_1	N/A	28.745	88	247	1.01e-30	117
WP_000259031.1	279	k121_478417_5	N/A	31.227	95	269	2.28e-28	110
WP_000259031.1	279	k121_14224_3	N/A	26.459	90	257	4.24e-27	106
WP_000259031.1	279	k121_97455_2	N/A	31.439	93	264	6.57e-27	108
WP_000259031.1	279	k121_524465_2	N/A	34.553	88	246	2.20e-26	105
WP_000259031.1	279	k121_218468_2	N/A	30.924	88	249	1.95e-25	103
WP_000259031.1	279	k121_322973_2	N/A	33.032	78	221	1.37e-22	93.6
WP_000259031.1	279	k121_477040_5	N/A	33.465	88	254	1.55e-22	96.3
WP_000259031.1	279	k121_216732_3	N/A	28.195	93	266	1.31e-21	92.8
WP_000259031.1	279	k121_434390_1	N/A	26.506	88	249	1.70e-21	92.0
WP_000259031.1	279	k121_124554_2	N/A	26.792	91	265	1.84e-21	91.7
WP_000259031.1	279	k121_280462_2	N/A	32.719	76	217	7.55e-19	84.7
WP_000259031.1	279	k121_38737_1	N/A	28.099	83	242	9.67e-19	84.3
WP_000259031.1	279	k121_555787_2	N/A	29.817	74	218	4.33e-17	79.0
WP_000259031.1	279	k121_264186_2	N/A	32.692	37	104	2.48e-15	72.0
WP_000259031.1	279	k121_27288_2	N/A	28.846	73	208	5.12e-14	71.2
WP_000259031.1	279	k121_299074_3	N/A	31.250	44	128	1.24e-12	65.1
WP_000259031.1	279	k121_1313_2	N/A	40.000	29	80	1.24e-11	60.8
WP_000259031.1	279	k121_31502_1	N/A	25.292	88	257	3.37e-11	63.9
WP_000259031.1	279	k121_387727_2	N/A	34.043	51	141	3.16e-09	56.2
WP_000259031.1	279	k121_348017_2	N/A	34.921	44	126	1.52e-08	55.5
WP_001043260.1	271	k121_448321_2	N/A	35.521	96	259	2.98e-45	154
WP_001043260.1	271	k121_478417_5	N/A	38.636	97	264	9.47e-44	150
WP_001043260.1	271	k121_218468_2	N/A	34.483	96	261	1.13e-38	138
WP_001043260.1	271	k121_524465_2	N/A	37.452	95	259	6.35e-36	130
WP_001043260.1	271	k121_409258_1	N/A	30.798	95	263	1.97e-34	127
WP_001043260.1	271	k121_216732_3	N/A	31.679	95	262	3.33e-34	126
WP_001043260.1	271	k121_38737_1	N/A	32.653	86	245	1.29e-29	113
WP_001043260.1	271	k121_434390_1	N/A	29.412	93	255	2.09e-29	112
WP_001043260.1	271	k121_14224_3	N/A	26.336	95	262	2.96e-29	112
WP_001043260.1	271	k121_97455_2	N/A	29.588	97	267	4.09e-28	111
WP_001043260.1	271	k121_264186_2	N/A	44.231	38	104	1.22e-25	99.4
WP_001043260.1	271	k121_555787_2	N/A	34.536	71	194	2.36e-25	100
WP_001043260.1	271	k121_280462_2	N/A	35.039	92	254	3.29e-25	101
WP_001043260.1	271	k121_124554_2	N/A	27.413	94	259	8.84e-25	100
WP_001043260.1	271	k121_299074_3	N/A	43.411	45	129	5.19e-24	95.5
WP_001043260.1	271	k121_322973_2	N/A	31.925	76	213	3.70e-23	95.1
WP_001043260.1	271	k121_27288_2	N/A	33.654	75	208	8.26e-22	92.4
WP_001043260.1	271	k121_477040_5	N/A	29.699	97	266	8.52e-21	91.3
WP_001043260.1	271	k121_31502_1	N/A	30.469	91	256	4.27e-18	83.6
WP_001043260.1	271	k121_1313_2	N/A	46.988	31	83	1.87e-16	73.9
WP_001043260.1	271	k121_387727_2	N/A	34.694	54	147	2.76e-14	70.1
WP_001043260.1	271	k121_348017_2	N/A	40.476	45	126	2.26e-13	69.3
WP_001043260.1	271	k121_547095_1	N/A	46.774	23	62	0.007	35.8
WP_001043260.1	271	k121_263741_1	N/A	34.177	29	79	0.028	36.2
WP_000034420.1	263	k121_448321_2	N/A	37.452	98	259	4.04e-53	174
WP_000034420.1	263	k121_218468_2	N/A	37.786	99	262	2.51e-50	168
WP_000034420.1	263	k121_478417_5	N/A	36.364	99	264	7.32e-47	158
WP_000034420.1	263	k121_409258_1	N/A	32.319	98	263	1.58e-41	145
WP_000034420.1	263	k121_434390_1	N/A	32.296	97	257	6.52e-41	142
WP_000034420.1	263	k121_38737_1	N/A	34.274	89	248	3.13e-36	130
WP_000034420.1	263	k121_14224_3	N/A	33.203	96	256	7.99e-36	129
WP_000034420.1	263	k121_524465_2	N/A	33.582	98	268	2.51e-35	129
WP_000034420.1	263	k121_97455_2	N/A	30.534	99	262	2.61e-35	130
WP_000034420.1	263	k121_124554_2	N/A	32.819	97	259	7.51e-31	116
WP_000034420.1	263	k121_216732_3	N/A	29.434	98	265	9.06e-31	116
WP_000034420.1	263	k121_322973_2	N/A	32.353	77	204	1.03e-29	112
WP_000034420.1	263	k121_477040_5	N/A	31.559	98	263	5.90e-28	110
WP_000034420.1	263	k121_280462_2	N/A	33.333	94	258	2.75e-27	107
WP_000034420.1	263	k121_264186_2	N/A	45.714	40	105	4.58e-27	102
WP_000034420.1	263	k121_299074_3	N/A	39.695	47	131	3.48e-26	100
WP_000034420.1	263	k121_555787_2	N/A	33.143	66	175	5.84e-24	97.1
WP_000034420.1	263	k121_27288_2	N/A	34.450	77	209	1.39e-23	97.1
WP_000034420.1	263	k121_31502_1	N/A	26.966	97	267	5.10e-20	88.6
WP_000034420.1	263	k121_1313_2	N/A	41.176	32	85	1.74e-16	73.9
WP_000034420.1	263	k121_387727_2	N/A	31.013	59	158	1.72e-14	70.5
WP_000034420.1	263	k121_348017_2	N/A	35.714	47	126	5.07e-12	65.5
WP_000034420.1	263	k121_547095_1	N/A	41.667	23	60	1.64e-04	40.4
WP_000034420.1	263	k121_13475_1	N/A	49.057	20	53	4.71e-04	38.9
WP_000034420.1	263	k121_263741_1	N/A	36.508	24	63	0.008	37.7
WP_000034420.1	263	k121_3233_2	N/A	26.923	49	130	0.025	36.6
WP_000034420.1	263	k121_229197_2	N/A	27.160	30	81	0.095	33.1
WP_206434233.1	297	k121_216732_3	N/A	43.972	94	282	6.63e-73	226
WP_206434233.1	297	k121_478417_5	N/A	44.361	90	266	2.55e-66	209
WP_206434233.1	297	k121_409258_1	N/A	40.590	91	271	8.45e-62	199
WP_206434233.1	297	k121_218468_2	N/A	41.971	92	274	3.14e-60	194
WP_206434233.1	297	k121_434390_1	N/A	39.464	88	261	1.94e-59	191
WP_206434233.1	297	k121_14224_3	N/A	37.891	86	256	5.13e-56	182
WP_206434233.1	297	k121_477040_5	N/A	39.929	95	283	8.45e-54	179
WP_206434233.1	297	k121_524465_2	N/A	40.441	91	272	3.86e-53	176
WP_206434233.1	297	k121_448321_2	N/A	36.823	93	277	3.61e-52	173
WP_206434233.1	297	k121_97455_2	N/A	36.691	91	278	2.13e-48	166
WP_206434233.1	297	k121_124554_2	N/A	36.434	86	258	3.20e-45	154
WP_206434233.1	297	k121_555787_2	N/A	42.466	73	219	4.89e-45	153
WP_206434233.1	297	k121_38737_1	N/A	35.409	83	257	4.17e-41	144
WP_206434233.1	297	k121_322973_2	N/A	39.713	70	209	1.66e-38	135
WP_206434233.1	297	k121_27288_2	N/A	42.795	76	229	5.13e-38	135
WP_206434233.1	297	k121_280462_2	N/A	38.868	88	265	2.89e-35	129
WP_206434233.1	297	k121_387727_2	N/A	38.750	54	160	9.09e-35	125
WP_206434233.1	297	k121_299074_3	N/A	49.254	43	134	8.59e-31	113
WP_206434233.1	297	k121_264186_2	N/A	45.968	40	124	1.21e-29	110
WP_206434233.1	297	k121_348017_2	N/A	38.764	58	178	2.43e-23	97.4
WP_206434233.1	297	k121_1313_2	N/A	51.613	31	93	8.79e-23	91.3
WP_206434233.1	297	k121_31502_1	N/A	28.163	76	245	1.11e-18	85.5
WP_206434233.1	297	k121_555801_1	N/A	30.769	36	117	0.026	37.4
WP_005414519.1	219	k121_284406_1	N/A	36.453	91	203	5.82e-37	129
WP_005414519.1	219	k121_327884_2	N/A	38.974	88	195	8.87e-35	124
WP_005414519.1	219	k121_243807_2	N/A	32.683	92	205	9.11e-32	115
WP_005414519.1	219	k121_126702_5	N/A	35.122	92	205	4.58e-31	114
WP_005414519.1	219	k121_312485_3	N/A	35.468	91	203	6.99e-29	108
WP_005414519.1	219	k121_510334_1	N/A	36.893	90	206	6.20e-28	106
WP_005414519.1	219	k121_333838_6	N/A	32.857	93	210	8.20e-23	92.8
WP_005414519.1	219	k121_53736_2	N/A	38.356	33	73	1.36e-09	57.4
WP_005414519.1	219	k121_105327_1	N/A	33.333	37	81	2.69e-08	53.1
WP_005414519.1	219	k121_182321_1	N/A	38.462	35	78	6.56e-08	52.0
WP_005414519.1	219	k121_377117_11	N/A	25.874	65	143	1.65e-07	51.2
WP_005414519.1	219	k121_569283_2	N/A	47.826	21	46	2.95e-07	49.7
WP_005414519.1	219	k121_467651_1	N/A	24.865	79	185	4.78e-07	50.1
WP_005414519.1	219	k121_169287_1	N/A	39.706	31	68	6.02e-07	49.3
WP_005414519.1	219	k121_133111_2	N/A	30.000	44	100	1.24e-06	48.5
WP_005414519.1	219	k121_432404_5	N/A	35.294	31	68	2.11e-06	47.8
WP_005414519.1	219	k121_564545_1	N/A	23.913	84	184	2.28e-06	47.8
WP_005414519.1	219	k121_107265_2	N/A	29.000	44	100	2.60e-06	47.8
WP_005414519.1	219	k121_115232_2	N/A	26.554	78	177	3.82e-06	47.4
WP_005414519.1	219	k121_481859_3	N/A	29.670	42	91	6.16e-06	46.6
WP_005414519.1	219	k121_48366_4	N/A	34.021	43	97	6.73e-06	46.6
WP_005414519.1	219	k121_571683_6	N/A	30.952	56	126	9.06e-06	45.8
WP_005414519.1	219	k121_432404_4	N/A	34.286	32	70	1.07e-05	45.8
WP_005414519.1	219	k121_306874_3	N/A	23.333	76	180	1.08e-05	45.8
WP_005414519.1	219	k121_425444_3	N/A	27.742	66	155	1.21e-05	46.2
WP_005414519.1	219	k121_80911_1	N/A	33.824	31	68	1.21e-05	45.4
WP_005414519.1	219	k121_570955_4	N/A	37.500	29	64	1.27e-05	45.4
WP_005414519.1	219	k121_80911_2	N/A	33.333	33	72	1.46e-05	45.4
WP_005414519.1	219	k121_284894_2	N/A	37.931	26	58	1.49e-05	45.4
WP_005414519.1	219	k121_294256_3	N/A	27.442	90	215	1.63e-05	45.4
WP_005414519.1	219	k121_568722_2	N/A	29.000	46	100	3.13e-05	44.7
WP_005414519.1	219	k121_433039_3	N/A	39.216	23	51	4.51e-05	41.2
WP_005414519.1	219	k121_313132_4	N/A	36.066	27	61	7.28e-05	43.5
WP_005414519.1	219	k121_61695_6	N/A	32.967	42	91	7.41e-05	43.1
WP_005414519.1	219	k121_139139_2	N/A	35.714	26	56	7.69e-05	43.1
WP_005414519.1	219	k121_210526_2	N/A	37.500	26	56	1.03e-04	43.5
WP_005414519.1	219	k121_384102_3	N/A	23.899	72	159	1.24e-04	42.7
WP_005414519.1	219	k121_381953_1	N/A	35.938	29	64	1.27e-04	42.7
WP_005414519.1	219	k121_394232_4	N/A	32.911	36	79	1.39e-04	42.7
WP_005414519.1	219	k121_499771_2	N/A	27.381	38	84	1.59e-04	42.4
WP_005414519.1	219	k121_527957_2	N/A	36.364	30	66	1.76e-04	42.4
WP_005414519.1	219	k121_478353_1	N/A	24.227	86	194	1.83e-04	42.4
WP_005414519.1	219	k121_398891_1	N/A	30.556	48	108	2.33e-04	41.6
WP_005414519.1	219	k121_517210_1	N/A	27.451	23	51	3.44e-04	41.2
WP_005414519.1	219	k121_275794_1	N/A	29.333	32	75	3.92e-04	40.8
WP_005414519.1	219	k121_141723_2	N/A	33.871	28	62	4.26e-04	41.2
WP_005414519.1	219	k121_480175_5	N/A	34.694	22	49	4.28e-04	39.7
WP_005414519.1	219	k121_211937_5	N/A	23.602	71	161	4.38e-04	41.2
WP_005414519.1	219	k121_61328_2	N/A	29.670	41	91	4.51e-04	41.2
WP_005414519.1	219	k121_566097_4	N/A	40.625	29	64	4.61e-04	40.8
WP_005414519.1	219	k121_564420_2	N/A	32.075	24	53	5.43e-04	40.8
WP_005414519.1	219	k121_183013_2	N/A	24.479	85	192	5.48e-04	40.8
WP_005414519.1	219	k121_349956_2	N/A	22.297	66	148	6.57e-04	40.4
WP_005414519.1	219	k121_7301_4	N/A	39.623	24	53	7.01e-04	40.4
WP_005414519.1	219	k121_119197_1	N/A	33.333	25	54	7.76e-04	40.4
WP_005414519.1	219	k121_374573_2	N/A	27.723	42	101	8.02e-04	40.4
WP_005414519.1	219	k121_352379_1	N/A	30.000	27	60	8.82e-04	40.4
WP_005414519.1	219	k121_475173_1	N/A	33.333	29	66	8.95e-04	40.4
WP_005414519.1	219	k121_466990_2	N/A	30.000	27	60	0.001	40.0
WP_005414519.1	219	k121_503342_2	N/A	34.545	25	55	0.001	40.0
WP_005414519.1	219	k121_412398_6	N/A	27.000	45	100	0.001	40.0
WP_005414519.1	219	k121_265791_3	N/A	23.684	51	114	0.001	39.7
WP_005414519.1	219	k121_245681_2	N/A	31.034	26	58	0.002	39.7
WP_005414519.1	219	k121_141642_6	N/A	25.843	41	89	0.002	39.7
WP_005414519.1	219	k121_362406_1	N/A	33.333	22	48	0.002	38.5
WP_005414519.1	219	k121_114346_1	N/A	29.167	43	96	0.002	39.3
WP_005414519.1	219	k121_417236_2	N/A	25.581	39	86	0.002	39.3
WP_005414519.1	219	k121_12150_16	N/A	33.784	31	74	0.002	39.3
WP_005414519.1	219	k121_227910_2	N/A	32.099	37	81	0.002	38.9
WP_005414519.1	219	k121_224452_2	N/A	28.090	41	89	0.003	38.5
WP_005414519.1	219	k121_219299_2	N/A	31.667	27	60	0.003	37.7
WP_005414519.1	219	k121_458986_1	N/A	25.556	41	90	0.003	38.5
WP_005414519.1	219	k121_435092_4	N/A	27.273	45	99	0.003	38.5
WP_005414519.1	219	k121_541447_2	N/A	30.000	41	90	0.004	38.5
WP_005414519.1	219	k121_461851_1	N/A	29.762	38	84	0.004	38.1
WP_005414519.1	219	k121_256310_1	N/A	35.849	24	53	0.005	37.0
WP_005414519.1	219	k121_342721_4	N/A	32.812	29	64	0.005	38.1
WP_005414519.1	219	k121_311757_1	N/A	29.231	30	65	0.006	36.6
WP_005414519.1	219	k121_472486_2	N/A	27.723	45	101	0.007	37.7
WP_005414519.1	219	k121_301639_12	N/A	31.481	25	54	0.007	37.7
WP_005414519.1	219	k121_277352_2	N/A	32.432	33	74	0.007	37.4
WP_005414519.1	219	k121_116114_2	N/A	25.581	78	172	0.007	37.7
WP_005414519.1	219	k121_172568_2	N/A	26.415	24	53	0.008	37.4
WP_005414519.1	219	k121_23288_4	N/A	34.426	28	61	0.009	37.4
WP_005414519.1	219	k121_3277_1	N/A	27.000	46	100	0.010	37.0
WP_005414519.1	219	k121_504404_1	N/A	39.623	24	53	0.011	37.0
WP_005414519.1	219	k121_545527_1	N/A	33.898	27	59	0.012	37.0
WP_005414519.1	219	k121_109178_3	N/A	29.032	28	62	0.012	37.0
WP_005414519.1	219	k121_441793_1	N/A	22.872	79	188	0.016	36.6
WP_005414519.1	219	k121_388644_2	N/A	23.494	73	166	0.016	36.6
WP_005414519.1	219	k121_289377_1	N/A	35.938	29	64	0.017	36.6
WP_005414519.1	219	k121_303034_2	N/A	36.538	24	52	0.021	36.2
WP_005414519.1	219	k121_22508_2	N/A	26.733	43	101	0.022	36.2
WP_005414519.1	219	k121_493559_1	N/A	29.825	26	57	0.023	36.2
WP_005414519.1	219	k121_329917_1	N/A	24.516	67	155	0.024	36.2
WP_005414519.1	219	k121_437351_1	N/A	25.146	76	171	0.027	35.8
WP_005414519.1	219	k121_494005_2	N/A	28.788	30	66	0.033	35.4
WP_005414519.1	219	k121_436270_2	N/A	32.692	24	52	0.038	35.4
WP_005414519.1	219	k121_18879_1	N/A	31.034	26	58	0.043	35.0
WP_005414519.1	219	k121_387957_2	N/A	23.656	83	186	0.043	35.4
WP_005414519.1	219	k121_158697_4	N/A	30.137	33	73	0.043	35.0
WP_005414519.1	219	k121_376737_3	N/A	32.653	45	98	0.044	35.0
WP_005414519.1	219	k121_236084_2	N/A	24.138	87	203	0.047	35.0
WP_005414519.1	219	k121_310817_2	N/A	22.807	77	171	0.047	35.0
WP_005414519.1	219	k121_94698_3	N/A	29.032	28	62	0.049	35.0
WP_005414519.1	219	k121_34694_1	N/A	32.692	24	52	0.057	33.1
WP_005414519.1	219	k121_571426_2	N/A	32.353	44	102	0.068	34.7
WP_005414519.1	219	k121_15965_1	N/A	26.190	37	84	0.069	34.7
WP_005414519.1	219	k121_204154_2	N/A	26.667	44	105	0.071	34.7
WP_005414519.1	219	k121_66477_2	N/A	25.954	58	131	0.073	34.7
WP_005414519.1	219	k121_477014_4	N/A	38.636	20	44	0.074	34.7
WP_005414519.1	219	k121_460043_1	N/A	27.273	25	55	0.097	32.7
WP_025877280.1	219	k121_284406_1	N/A	37.624	91	202	1.20e-38	133
WP_025877280.1	219	k121_327884_2	N/A	38.462	88	195	4.93e-34	122
WP_025877280.1	219	k121_243807_2	N/A	32.683	92	205	5.94e-32	116
WP_025877280.1	219	k121_126702_5	N/A	34.634	92	205	9.18e-31	113
WP_025877280.1	219	k121_312485_3	N/A	36.453	91	203	1.63e-30	112
WP_025877280.1	219	k121_510334_1	N/A	37.379	90	206	1.38e-27	105
WP_025877280.1	219	k121_333838_6	N/A	33.333	96	213	1.18e-22	92.4
WP_025877280.1	219	k121_53736_2	N/A	38.356	33	73	3.36e-09	56.2
WP_025877280.1	219	k121_105327_1	N/A	29.050	81	179	1.52e-08	53.9
WP_025877280.1	219	k121_182321_1	N/A	38.462	35	78	5.89e-08	52.4
WP_025877280.1	219	k121_569283_2	N/A	26.452	69	155	2.19e-07	50.1
WP_025877280.1	219	k121_377117_11	N/A	24.224	71	161	4.37e-07	50.1
WP_025877280.1	219	k121_169287_1	N/A	39.706	31	68	7.03e-07	49.3
WP_025877280.1	219	k121_467651_1	N/A	24.865	79	185	1.04e-06	48.9
WP_025877280.1	219	k121_133111_2	N/A	30.000	44	100	1.67e-06	48.1
WP_025877280.1	219	k121_115232_2	N/A	25.543	80	184	1.89e-06	48.1
WP_025877280.1	219	k121_107265_2	N/A	29.000	44	100	3.49e-06	47.4
WP_025877280.1	219	k121_481859_3	N/A	29.670	42	91	5.38e-06	46.6
WP_025877280.1	219	k121_48366_4	N/A	34.021	43	97	6.17e-06	46.6
WP_025877280.1	219	k121_564545_1	N/A	23.913	84	184	7.03e-06	46.2
WP_025877280.1	219	k121_425444_3	N/A	28.750	67	160	8.08e-06	46.6
WP_025877280.1	219	k121_61695_6	N/A	34.066	42	91	8.35e-06	45.8
WP_025877280.1	219	k121_432404_5	N/A	33.824	31	68	1.18e-05	45.8
WP_025877280.1	219	k121_568722_2	N/A	29.000	46	100	3.10e-05	44.7
WP_025877280.1	219	k121_570955_4	N/A	35.938	29	64	3.91e-05	44.3
WP_025877280.1	219	k121_432404_4	N/A	32.857	32	70	4.42e-05	44.3
WP_025877280.1	219	k121_80911_2	N/A	31.944	33	72	6.18e-05	43.9
WP_025877280.1	219	k121_80911_1	N/A	32.353	31	68	6.23e-05	43.5
WP_025877280.1	219	k121_306874_3	N/A	22.778	76	180	6.47e-05	43.5
WP_025877280.1	219	k121_139139_2	N/A	27.429	78	175	7.27e-05	43.5
WP_025877280.1	219	k121_571683_6	N/A	29.565	51	115	8.64e-05	43.1
WP_025877280.1	219	k121_211937_5	N/A	24.224	71	161	9.61e-05	43.1
WP_025877280.1	219	k121_284894_2	N/A	36.207	26	58	9.62e-05	43.1
WP_025877280.1	219	k121_210526_2	N/A	37.500	26	56	1.13e-04	43.1
WP_025877280.1	219	k121_384102_3	N/A	23.750	72	160	1.29e-04	42.7
WP_025877280.1	219	k121_381953_1	N/A	35.938	29	64	1.50e-04	42.4
WP_025877280.1	219	k121_527957_2	N/A	36.364	30	66	1.65e-04	42.4
WP_025877280.1	219	k121_141723_2	N/A	35.484	28	62	1.81e-04	42.4
WP_025877280.1	219	k121_313132_4	N/A	34.426	27	61	2.00e-04	42.0
WP_025877280.1	219	k121_398891_1	N/A	34.921	29	63	2.12e-04	42.0
WP_025877280.1	219	k121_433039_3	N/A	37.255	23	51	2.41e-04	39.3
WP_025877280.1	219	k121_480175_5	N/A	34.694	22	49	2.94e-04	40.0
WP_025877280.1	219	k121_419498_2	N/A	26.056	58	142	3.57e-04	41.6
WP_025877280.1	219	k121_275794_1	N/A	29.333	32	75	4.40e-04	40.4
WP_025877280.1	219	k121_61328_2	N/A	29.670	41	91	4.43e-04	41.6
WP_025877280.1	219	k121_499771_2	N/A	26.190	38	84	5.67e-04	40.8
WP_025877280.1	219	k121_394232_4	N/A	31.646	36	79	6.03e-04	40.8
WP_025877280.1	219	k121_374573_2	N/A	25.121	89	207	6.05e-04	40.8
WP_025877280.1	219	k121_349956_2	N/A	22.297	66	148	6.33e-04	40.4
WP_025877280.1	219	k121_475173_1	N/A	33.333	29	66	6.95e-04	40.4
WP_025877280.1	219	k121_294256_3	N/A	26.238	86	202	7.32e-04	40.4
WP_025877280.1	219	k121_564420_2	N/A	32.075	24	53	7.40e-04	40.4
WP_025877280.1	219	k121_517210_1	N/A	27.451	23	51	8.36e-04	40.0
WP_025877280.1	219	k121_119197_1	N/A	33.333	25	54	8.44e-04	40.4
WP_025877280.1	219	k121_466990_2	N/A	30.000	27	60	0.001	40.0
WP_025877280.1	219	k121_265791_3	N/A	25.000	81	188	0.001	40.0
WP_025877280.1	219	k121_566097_4	N/A	36.066	28	61	0.001	39.7
WP_025877280.1	219	k121_352379_1	N/A	30.000	27	60	0.001	40.0
WP_025877280.1	219	k121_362406_1	N/A	33.333	22	48	0.001	38.9
WP_025877280.1	219	k121_503342_2	N/A	34.545	25	55	0.001	39.7
WP_025877280.1	219	k121_114346_1	N/A	29.167	43	96	0.002	39.7
WP_025877280.1	219	k121_245681_2	N/A	31.034	26	58	0.002	39.7
WP_025877280.1	219	k121_478353_1	N/A	23.711	86	194	0.002	39.3
WP_025877280.1	219	k121_277352_2	N/A	33.784	33	74	0.002	39.3
WP_025877280.1	219	k121_7301_4	N/A	39.623	24	53	0.002	39.3
WP_025877280.1	219	k121_141642_6	N/A	25.843	41	89	0.002	38.9
WP_025877280.1	219	k121_412398_6	N/A	27.000	45	100	0.002	39.3
WP_025877280.1	219	k121_219299_2	N/A	31.667	27	60	0.003	38.1
WP_025877280.1	219	k121_417236_2	N/A	25.581	39	86	0.003	38.9
WP_025877280.1	219	k121_545527_1	N/A	35.593	27	59	0.003	38.9
WP_025877280.1	219	k121_224452_2	N/A	28.090	41	89	0.003	38.5
WP_025877280.1	219	k121_441793_1	N/A	24.000	79	175	0.003	38.9
WP_025877280.1	219	k121_437351_1	N/A	25.146	76	171	0.004	38.5
WP_025877280.1	219	k121_183013_2	N/A	23.958	85	192	0.005	38.1
WP_025877280.1	219	k121_311757_1	N/A	29.231	30	65	0.005	36.6
WP_025877280.1	219	k121_541447_2	N/A	30.337	40	89	0.005	38.1
WP_025877280.1	219	k121_458986_1	N/A	25.556	41	90	0.005	38.1
WP_025877280.1	219	k121_256310_1	N/A	35.849	24	53	0.006	36.6
WP_025877280.1	219	k121_342721_4	N/A	32.812	29	64	0.007	37.7
WP_025877280.1	219	k121_388644_2	N/A	24.096	73	166	0.007	37.4
WP_025877280.1	219	k121_310817_2	N/A	23.392	77	171	0.008	37.4
WP_025877280.1	219	k121_301639_12	N/A	31.481	25	54	0.008	37.4
WP_025877280.1	219	k121_387957_2	N/A	24.731	83	186	0.010	37.0
WP_025877280.1	219	k121_227910_2	N/A	30.864	37	81	0.011	37.0
WP_025877280.1	219	k121_237639_3	N/A	33.333	27	60	0.011	37.0
WP_025877280.1	219	k121_435092_4	N/A	26.263	45	99	0.012	36.6
WP_025877280.1	219	k121_172568_2	N/A	26.415	24	53	0.012	37.0
WP_025877280.1	219	k121_23288_4	N/A	34.426	28	61	0.013	37.0
WP_025877280.1	219	k121_12150_16	N/A	32.432	31	74	0.013	37.0
WP_025877280.1	219	k121_472486_2	N/A	27.723	45	101	0.015	36.6
WP_025877280.1	219	k121_109178_3	N/A	29.032	28	62	0.017	36.6
WP_025877280.1	219	k121_289377_1	N/A	35.938	29	64	0.017	36.6
WP_025877280.1	219	k121_504404_1	N/A	39.623	24	53	0.021	36.2
WP_025877280.1	219	k121_22508_2	N/A	26.733	43	101	0.021	36.2
WP_025877280.1	219	k121_461851_1	N/A	28.571	38	84	0.024	36.2
WP_025877280.1	219	k121_376737_3	N/A	32.653	45	98	0.033	35.4
WP_025877280.1	219	k121_236084_2	N/A	24.631	87	203	0.036	35.4
WP_025877280.1	219	k121_3277_1	N/A	26.000	46	100	0.039	35.4
WP_025877280.1	219	k121_536089_2	N/A	25.500	88	200	0.046	35.4
WP_025877280.1	219	k121_305828_4	N/A	28.111	95	217	0.054	35.0
WP_025877280.1	219	k121_329917_1	N/A	33.846	30	65	0.054	35.0
WP_025877280.1	219	k121_15965_1	N/A	26.190	37	84	0.058	34.7
WP_025877280.1	219	k121_436270_2	N/A	32.692	24	52	0.059	34.7
WP_025877280.1	219	k121_94698_3	N/A	29.032	28	62	0.062	34.7
WP_025877280.1	219	k121_26107_2	N/A	23.871	70	155	0.067	34.7
WP_025877280.1	219	k121_66477_2	N/A	25.954	58	131	0.071	34.7
WP_025877280.1	219	k121_460043_1	N/A	27.273	25	55	0.085	32.7
WP_025877280.1	219	k121_571426_2	N/A	31.193	47	109	0.100	34.3
WP_089236970.1	219	k121_284406_1	N/A	37.129	91	202	8.11e-38	131
WP_089236970.1	219	k121_327884_2	N/A	38.462	88	195	3.89e-34	122
WP_089236970.1	219	k121_243807_2	N/A	33.171	92	205	1.97e-32	117
WP_089236970.1	219	k121_126702_5	N/A	34.634	92	205	7.49e-31	113
WP_089236970.1	219	k121_312485_3	N/A	35.961	91	203	7.85e-30	110
WP_089236970.1	219	k121_510334_1	N/A	37.864	90	206	3.42e-28	107
WP_089236970.1	219	k121_333838_6	N/A	33.333	96	213	8.28e-23	92.8
WP_089236970.1	219	k121_53736_2	N/A	38.356	33	73	3.43e-09	56.2
WP_089236970.1	219	k121_105327_1	N/A	29.050	81	179	9.40e-09	54.3
WP_089236970.1	219	k121_182321_1	N/A	38.462	35	78	5.66e-08	52.4
WP_089236970.1	219	k121_569283_2	N/A	26.452	69	155	2.03e-07	50.1
WP_089236970.1	219	k121_377117_11	N/A	24.224	71	161	5.29e-07	50.1
WP_089236970.1	219	k121_169287_1	N/A	39.706	31	68	7.38e-07	48.9
WP_089236970.1	219	k121_467651_1	N/A	24.865	79	185	9.57e-07	49.3
WP_089236970.1	219	k121_133111_2	N/A	30.000	44	100	1.75e-06	48.1
WP_089236970.1	219	k121_564545_1	N/A	24.457	84	184	2.66e-06	47.4
WP_089236970.1	219	k121_107265_2	N/A	29.000	44	100	3.77e-06	47.4
WP_089236970.1	219	k121_481859_3	N/A	29.670	42	91	5.33e-06	46.6
WP_089236970.1	219	k121_48366_4	N/A	34.021	43	97	5.61e-06	46.6
WP_089236970.1	219	k121_61695_6	N/A	34.066	42	91	8.11e-06	45.8
WP_089236970.1	219	k121_115232_2	N/A	26.241	61	141	8.32e-06	46.2
WP_089236970.1	219	k121_432404_5	N/A	33.824	31	68	1.13e-05	45.8
WP_089236970.1	219	k121_211937_5	N/A	24.845	71	161	3.17e-05	44.3
WP_089236970.1	219	k121_568722_2	N/A	29.000	46	100	3.22e-05	44.7
WP_089236970.1	219	k121_139139_2	N/A	26.857	78	175	3.43e-05	44.3
WP_089236970.1	219	k121_425444_3	N/A	28.125	67	160	3.64e-05	44.7
WP_089236970.1	219	k121_570955_4	N/A	35.938	29	64	3.73e-05	44.3
WP_089236970.1	219	k121_432404_4	N/A	32.857	32	70	4.72e-05	44.3
WP_089236970.1	219	k121_306874_3	N/A	22.778	76	180	5.16e-05	43.9
WP_089236970.1	219	k121_80911_1	N/A	32.353	31	68	5.94e-05	43.5
WP_089236970.1	219	k121_80911_2	N/A	31.944	33	72	6.72e-05	43.5
WP_089236970.1	219	k121_384102_3	N/A	23.750	72	160	7.40e-05	43.5
WP_089236970.1	219	k121_571683_6	N/A	29.565	51	115	8.24e-05	43.1
WP_089236970.1	219	k121_284894_2	N/A	36.207	26	58	9.99e-05	43.1
WP_089236970.1	219	k121_210526_2	N/A	37.500	26	56	1.09e-04	43.1
WP_089236970.1	219	k121_381953_1	N/A	35.938	29	64	1.44e-04	42.4
WP_089236970.1	219	k121_527957_2	N/A	36.364	30	66	1.61e-04	42.4
WP_089236970.1	219	k121_141723_2	N/A	35.484	28	62	1.84e-04	42.4
WP_089236970.1	219	k121_313132_4	N/A	34.426	27	61	1.91e-04	42.0
WP_089236970.1	219	k121_398891_1	N/A	34.921	29	63	2.08e-04	42.0
WP_089236970.1	219	k121_433039_3	N/A	37.255	23	51	2.34e-04	39.3
WP_089236970.1	219	k121_480175_5	N/A	34.694	22	49	2.80e-04	40.0
WP_089236970.1	219	k121_419498_2	N/A	26.056	58	142	3.44e-04	41.6
WP_089236970.1	219	k121_275794_1	N/A	29.333	32	75	3.92e-04	40.8
WP_089236970.1	219	k121_61328_2	N/A	29.670	41	91	4.35e-04	41.6
WP_089236970.1	219	k121_499771_2	N/A	26.190	38	84	5.16e-04	40.8
WP_089236970.1	219	k121_394232_4	N/A	31.646	36	79	5.86e-04	40.8
WP_089236970.1	219	k121_475173_1	N/A	33.333	29	66	6.76e-04	40.8
WP_089236970.1	219	k121_564420_2	N/A	32.075	24	53	7.19e-04	40.4
WP_089236970.1	219	k121_517210_1	N/A	27.451	23	51	7.68e-04	40.4
WP_089236970.1	219	k121_119197_1	N/A	33.333	25	54	8.37e-04	40.4
WP_089236970.1	219	k121_374573_2	N/A	25.962	89	208	8.41e-04	40.0
WP_089236970.1	219	k121_466990_2	N/A	30.000	27	60	0.001	40.0
WP_089236970.1	219	k121_265791_3	N/A	25.000	81	188	0.001	40.4
WP_089236970.1	219	k121_294256_3	N/A	26.108	86	203	0.001	40.0
WP_089236970.1	219	k121_566097_4	N/A	36.066	28	61	0.001	40.0
WP_089236970.1	219	k121_352379_1	N/A	30.000	27	60	0.001	40.0
WP_089236970.1	219	k121_478353_1	N/A	23.711	86	194	0.001	39.7
WP_089236970.1	219	k121_503342_2	N/A	34.545	25	55	0.001	39.7
WP_089236970.1	219	k121_362406_1	N/A	33.333	22	48	0.001	38.9
WP_089236970.1	219	k121_114346_1	N/A	29.167	43	96	0.001	39.7
WP_089236970.1	219	k121_245681_2	N/A	31.034	26	58	0.002	39.7
WP_089236970.1	219	k121_277352_2	N/A	33.784	33	74	0.002	39.3
WP_089236970.1	219	k121_7301_4	N/A	39.623	24	53	0.002	39.3
WP_089236970.1	219	k121_219299_2	N/A	31.667	27	60	0.002	38.1
WP_089236970.1	219	k121_141642_6	N/A	25.843	41	89	0.002	38.9
WP_089236970.1	219	k121_417236_2	N/A	25.581	39	86	0.002	38.9
WP_089236970.1	219	k121_441793_1	N/A	24.000	79	175	0.003	38.9
WP_089236970.1	219	k121_545527_1	N/A	35.593	27	59	0.003	38.9
WP_089236970.1	219	k121_412398_6	N/A	27.000	45	100	0.003	38.9
WP_089236970.1	219	k121_224452_2	N/A	28.090	41	89	0.003	38.5
WP_089236970.1	219	k121_437351_1	N/A	25.146	76	171	0.003	38.9
WP_089236970.1	219	k121_349956_2	N/A	21.622	66	148	0.003	38.5
WP_089236970.1	219	k121_388644_2	N/A	24.096	73	166	0.004	38.5
WP_089236970.1	219	k121_183013_2	N/A	23.958	85	192	0.004	38.1
WP_089236970.1	219	k121_311757_1	N/A	29.231	30	65	0.005	36.6
WP_089236970.1	219	k121_458986_1	N/A	25.556	41	90	0.005	38.1
WP_089236970.1	219	k121_541447_2	N/A	30.337	40	89	0.005	38.1
WP_089236970.1	219	k121_256310_1	N/A	35.849	24	53	0.006	37.0
WP_089236970.1	219	k121_310817_2	N/A	23.392	77	171	0.006	37.7
WP_089236970.1	219	k121_342721_4	N/A	32.812	29	64	0.007	37.7
WP_089236970.1	219	k121_301639_12	N/A	31.481	25	54	0.008	37.4
WP_089236970.1	219	k121_227910_2	N/A	30.864	37	81	0.010	37.0
WP_089236970.1	219	k121_172568_2	N/A	26.415	24	53	0.011	37.0
WP_089236970.1	219	k121_237639_3	N/A	33.333	27	60	0.012	37.0
WP_089236970.1	219	k121_435092_4	N/A	26.263	45	99	0.012	36.6
WP_089236970.1	219	k121_12150_16	N/A	32.432	31	74	0.013	37.0
WP_089236970.1	219	k121_23288_4	N/A	34.426	28	61	0.013	37.0
WP_089236970.1	219	k121_472486_2	N/A	27.723	45	101	0.015	36.6
WP_089236970.1	219	k121_289377_1	N/A	35.938	29	64	0.017	36.6
WP_089236970.1	219	k121_109178_3	N/A	29.032	28	62	0.017	36.6
WP_089236970.1	219	k121_22508_2	N/A	26.733	43	101	0.021	36.2
WP_089236970.1	219	k121_504404_1	N/A	39.623	24	53	0.022	36.2
WP_089236970.1	219	k121_461851_1	N/A	28.571	38	84	0.024	36.2
WP_089236970.1	219	k121_305828_4	N/A	28.111	95	217	0.032	35.4
WP_089236970.1	219	k121_376737_3	N/A	32.653	45	98	0.032	35.4
WP_089236970.1	219	k121_3277_1	N/A	26.000	46	100	0.036	35.4
WP_089236970.1	219	k121_236084_2	N/A	24.631	87	203	0.039	35.4
WP_089236970.1	219	k121_536089_2	N/A	25.500	88	200	0.048	35.4
WP_089236970.1	219	k121_387957_2	N/A	24.194	83	186	0.048	35.0
WP_089236970.1	219	k121_15965_1	N/A	26.190	37	84	0.054	35.0
WP_089236970.1	219	k121_329917_1	N/A	33.846	30	65	0.058	35.0
WP_089236970.1	219	k121_436270_2	N/A	32.692	24	52	0.062	34.7
WP_089236970.1	219	k121_94698_3	N/A	29.032	28	62	0.063	34.7
WP_089236970.1	219	k121_26107_2	N/A	23.871	70	155	0.079	34.3
WP_089236970.1	219	k121_460043_1	N/A	27.273	25	55	0.087	32.7
WP_089236970.1	219	k121_66477_2	N/A	25.439	51	114	0.094	34.3
WP_000845048.1	337	k121_8313_2	N/A	61.424	97	337	2.27e-141	407
WP_000845048.1	337	k121_43376_1	N/A	60.123	96	326	1.25e-135	389
WP_000845048.1	337	k121_160106_2	N/A	62.698	75	252	2.87e-110	322
WP_000845048.1	337	k121_311606_2	N/A	52.229	93	314	6.57e-107	317
WP_000845048.1	337	k121_500085_1	N/A	42.125	81	273	2.03e-65	208
WP_000845048.1	337	k121_388350_1	N/A	59.509	48	163	1.35e-61	196
WP_000845048.1	337	k121_567435_1	N/A	54.494	53	178	5.67e-60	191
WP_000845048.1	337	k121_143016_1	N/A	94.937	23	79	1.11e-47	156
WP_000845048.1	337	k121_550414_2	N/A	35.258	97	329	4.02e-45	156
WP_000845048.1	337	k121_551154_1	N/A	32.710	95	321	2.68e-41	147
WP_000845048.1	337	k121_3969_3	N/A	32.343	89	303	1.06e-36	134
WP_000845048.1	337	k121_339170_9	N/A	33.226	92	310	6.90e-35	129
WP_000845048.1	337	k121_403102_3	N/A	29.688	94	320	1.76e-34	128
WP_000845048.1	337	k121_335715_1	N/A	35.849	78	265	4.32e-32	121
WP_000845048.1	337	k121_210125_1	N/A	32.635	98	334	2.51e-30	117
WP_000845048.1	337	k121_463578_2	N/A	31.271	85	291	8.07e-30	116
WP_000845048.1	337	k121_100240_2	N/A	27.445	93	317	6.23e-29	114
WP_000845048.1	337	k121_426090_1	N/A	28.912	85	294	6.51e-29	115
WP_000845048.1	337	k121_432488_1	N/A	26.935	94	323	3.48e-28	112
WP_000845048.1	337	k121_571512_1	N/A	33.457	77	269	4.35e-27	109
WP_000845048.1	337	k121_431352_3	N/A	33.574	76	277	6.84e-25	103
WP_000845048.1	337	k121_72365_7	N/A	30.769	85	299	1.59e-22	97.1
WP_000845048.1	337	k121_300098_6	N/A	33.476	66	233	1.16e-20	91.7
WP_000845048.1	337	k121_147232_3	N/A	29.000	84	300	3.04e-20	90.5
WP_000845048.1	337	k121_59896_2	N/A	25.606	85	289	8.03e-20	88.6
WP_000845048.1	337	k121_19600_1	N/A	25.902	87	305	1.10e-19	88.6
WP_000845048.1	337	k121_189526_1	N/A	60.606	20	66	6.81e-19	82.4
WP_000845048.1	337	k121_50673_2	N/A	25.839	82	298	7.03e-19	86.3
WP_000845048.1	337	k121_566347_2	N/A	36.095	50	169	8.63e-19	82.8
WP_000845048.1	337	k121_543117_2	N/A	38.095	50	168	1.91e-18	81.6
WP_000845048.1	337	k121_83648_4	N/A	28.859	85	298	1.93e-18	85.5
WP_000845048.1	337	k121_423203_4	N/A	31.618	77	272	5.33e-17	81.3
WP_000845048.1	337	k121_549035_1	N/A	32.065	54	184	6.02e-17	79.0
WP_000845048.1	337	k121_319536_3	N/A	25.455	78	275	6.99e-17	80.1
WP_000845048.1	337	k121_450254_4	N/A	25.000	74	264	7.31e-17	80.9
WP_000845048.1	337	k121_69191_3	N/A	26.364	88	330	8.11e-17	80.9
WP_000845048.1	337	k121_446612_4	N/A	24.662	82	296	1.32e-16	79.7
WP_000845048.1	337	k121_548190_4	N/A	25.168	83	298	1.40e-16	80.1
WP_000845048.1	337	k121_70980_2	N/A	26.821	88	302	2.68e-16	79.0
WP_000845048.1	337	k121_503359_6	N/A	27.841	52	176	4.01e-16	78.6
WP_000845048.1	337	k121_425436_1	N/A	32.245	69	245	1.68e-15	76.3
WP_000845048.1	337	k121_307603_2	N/A	56.061	20	66	1.72e-15	72.8
WP_000845048.1	337	k121_359170_3	N/A	55.224	20	67	2.36e-15	72.4
WP_000845048.1	337	k121_149200_1	N/A	27.458	82	295	4.11e-15	75.9
WP_000845048.1	337	k121_371459_1	N/A	51.316	23	76	1.26e-14	69.3
WP_000845048.1	337	k121_123217_7	N/A	29.204	64	226	2.31e-14	72.4
WP_000845048.1	337	k121_560162_3	N/A	27.986	83	293	5.84e-14	72.8
WP_000845048.1	337	k121_296386_2	N/A	29.677	87	310	1.08e-13	71.6
WP_000845048.1	337	k121_341707_1	N/A	27.014	61	211	1.16e-13	69.7
WP_000845048.1	337	k121_291957_5	N/A	29.600	69	250	1.25e-13	71.6
WP_000845048.1	337	k121_342941_10	N/A	32.768	53	177	1.71e-13	71.2
WP_000845048.1	337	k121_562750_1	N/A	24.670	66	227	3.66e-13	69.3
WP_000845048.1	337	k121_254732_3	N/A	29.630	60	216	1.28e-12	67.0
WP_000845048.1	337	k121_9618_1	N/A	29.515	64	227	3.24e-12	66.6
WP_000845048.1	337	k121_565095_4	N/A	27.451	84	306	4.16e-12	67.0
WP_000845048.1	337	k121_236750_2	N/A	27.826	61	230	1.14e-11	65.9
WP_000845048.1	337	k121_240130_3	N/A	26.950	80	282	1.47e-11	65.1
WP_000845048.1	337	k121_61750_2	N/A	29.858	61	211	2.15e-11	65.1
WP_000845048.1	337	k121_130506_4	N/A	26.480	86	321	1.16e-10	63.2
WP_000845048.1	337	k121_527392_1	N/A	26.688	84	311	2.60e-10	61.6
WP_000845048.1	337	k121_69798_1	N/A	24.719	74	267	4.32e-10	60.8
WP_000845048.1	337	k121_329788_6	N/A	26.217	75	267	8.73e-10	60.5
WP_000845048.1	337	k121_554869_3	N/A	30.270	53	185	2.07e-09	58.9
WP_000845048.1	337	k121_332762_1	N/A	28.938	76	273	5.47e-09	57.8
WP_000845048.1	337	k121_572797_2	N/A	27.645	82	293	1.01e-08	57.0
WP_000845048.1	337	k121_117520_4	N/A	24.818	76	274	2.57e-08	55.8
WP_000845048.1	337	k121_461531_2	N/A	29.048	60	210	4.48e-08	55.5
WP_000845048.1	337	k121_568543_2	N/A	25.581	58	215	1.97e-07	52.8
WP_000845048.1	337	k121_562270_2	N/A	29.091	60	220	2.13e-07	52.8
WP_000845048.1	337	k121_555246_2	N/A	36.508	34	126	2.13e-07	52.0
WP_000845048.1	337	k121_110222_2	N/A	28.512	68	242	6.19e-07	51.2
WP_000845048.1	337	k121_117520_3	N/A	26.389	38	144	6.94e-07	51.6
WP_000845048.1	337	k121_65772_1	N/A	27.152	83	302	6.95e-07	51.6
WP_000845048.1	337	k121_322357_1	N/A	26.333	84	300	1.45e-06	50.4
WP_000845048.1	337	k121_1592_2	N/A	32.877	21	73	1.55e-06	48.5
WP_000845048.1	337	k121_329788_8	N/A	26.818	64	220	6.49e-06	47.8
WP_000845048.1	337	k121_117520_2	N/A	20.505	89	317	2.31e-05	47.0
WP_000845048.1	337	k121_22339_1	N/A	31.507	21	73	2.97e-05	46.2
WP_000845048.1	337	k121_572797_3	N/A	36.232	20	69	3.25e-05	47.0
WP_000845048.1	337	k121_262819_1	N/A	28.342	52	187	4.83e-05	44.7
WP_000845048.1	337	k121_562270_1	N/A	24.342	84	304	4.83e-05	45.8
WP_000845048.1	337	k121_258029_1	N/A	29.474	55	190	6.13e-05	45.1
WP_000845048.1	337	k121_435020_8	N/A	30.137	21	73	7.76e-05	44.3
WP_000845048.1	337	k121_34648_4	N/A	27.805	56	205	1.67e-04	44.7
WP_000845048.1	337	k121_46223_1	N/A	30.732	56	205	2.46e-04	43.1
WP_000845048.1	337	k121_414027_2	N/A	23.711	56	194	3.44e-04	43.1
WP_000845048.1	337	k121_86207_1	N/A	26.180	68	233	0.002	40.8
WP_000845048.1	337	k121_49953_3	N/A	27.950	44	161	0.004	38.9
WP_000845048.1	337	k121_68300_2	N/A	24.458	89	323	0.005	39.7
WP_000845048.1	337	k121_474998_1	N/A	28.409	52	176	0.009	38.5
WP_000845048.1	337	k121_299515_2	N/A	24.906	62	265	0.011	38.1
WP_000845048.1	337	k121_425367_2	N/A	22.917	25	96	0.011	38.5
WP_000845048.1	337	k121_130506_3	N/A	29.213	24	89	0.015	38.1
WP_000845048.1	337	k121_373539_1	N/A	24.171	56	211	0.029	37.4
WP_000845048.1	337	k121_102674_2	N/A	32.558	23	86	0.029	36.2
WP_000845048.1	337	k121_263742_2	N/A	28.369	37	141	0.030	36.2
WP_000845048.1	337	k121_408619_3	N/A	20.106	56	189	0.052	36.2
WP_000845048.1	337	k121_65772_3	N/A	33.333	20	69	0.082	35.8
WP_000845048.1	337	k121_114697_3	N/A	32.184	23	87	0.085	34.7
