SadA_ref|WP_036299419.1|:1-399	399	k121_88211_2	N/A	31.092	59	238	2.02e-38	140
SadA_ref|WP_036299419.1|:1-399	399	k121_7301_27	N/A	28.520	68	277	5.27e-35	134
SadA_ref|WP_036299419.1|:1-399	399	k121_292886_2	N/A	24.412	84	340	1.22e-29	119
SadA_ref|WP_036299419.1|:1-399	399	k121_20510_2	N/A	26.974	74	304	6.12e-29	115
SadA_ref|WP_036299419.1|:1-399	399	k121_434498_2	N/A	29.358	53	218	2.92e-25	104
SadA_ref|WP_036299419.1|:1-399	399	k121_405457_2	N/A	28.125	93	384	1.89e-23	101
SadA_ref|WP_036299419.1|:1-399	399	k121_264318_1	N/A	25.507	81	345	3.41e-16	80.5
SadA_ref|WP_036299419.1|:1-399	399	k121_8801_2	N/A	27.119	43	177	1.03e-05	48.5
SadA_ref|WP_036299419.1|:1-399	399	k121_143894_1	N/A	24.904	57	261	4.87e-04	43.1
SadA_ref|WP_036299419.1|:1-399	399	k121_249308_2	N/A	25.822	45	213	0.002	40.8
SadA_ref|WP_036299419.1|:1-399	399	k121_146278_2	N/A	23.789	51	227	0.002	40.8
SadA_ref|WP_036299419.1|:1-399	399	k121_132602_1	N/A	23.618	48	199	0.004	40.0
SadA_ref|WP_036299419.1|:1-399	399	k121_206669_1	N/A	23.108	60	251	0.005	40.0
SadA_ref|WP_036299419.1|:1-399	399	k121_435946_2	N/A	26.446	60	242	0.071	36.2
SadB_ref|WP_100812327.1|:1-423	423	k121_7301_27	N/A	25.203	85	369	5.30e-36	137
SadB_ref|WP_100812327.1|:1-423	423	k121_88211_2	N/A	31.441	53	229	9.08e-36	133
SadB_ref|WP_100812327.1|:1-423	423	k121_20510_2	N/A	30.375	68	293	5.33e-34	129
SadB_ref|WP_100812327.1|:1-423	423	k121_292886_2	N/A	27.893	77	337	1.57e-27	114
SadB_ref|WP_100812327.1|:1-423	423	k121_434498_2	N/A	35.928	39	167	5.58e-25	103
SadB_ref|WP_100812327.1|:1-423	423	k121_405457_2	N/A	27.621	88	391	9.02e-19	88.6
SadB_ref|WP_100812327.1|:1-423	423	k121_389372_2	N/A	27.500	77	360	1.72e-13	72.8
SadB_ref|WP_100812327.1|:1-423	423	k121_264318_1	N/A	24.633	77	341	5.19e-13	70.9
SadB_ref|WP_100812327.1|:1-423	423	k121_249308_2	N/A	27.946	62	297	1.79e-11	65.9
SadB_ref|WP_100812327.1|:1-423	423	k121_143894_1	N/A	25.926	69	324	8.77e-09	57.8
SadB_ref|WP_100812327.1|:1-423	423	k121_206669_1	N/A	28.897	57	263	4.72e-08	55.5
SadB_ref|WP_100812327.1|:1-423	423	k121_133452_2	N/A	27.136	45	199	4.59e-06	49.7
SadB_ref|WP_100812327.1|:1-423	423	k121_366480_5	N/A	29.861	31	144	8.68e-04	42.4
SadB_ref|WP_100812327.1|:1-423	423	k121_132602_1	N/A	23.423	51	222	0.001	41.6
SadB_ref|WP_100812327.1|:1-423	423	k121_146278_2	N/A	25.728	42	206	0.004	40.4
SadB_ref|WP_100812327.1|:1-423	423	k121_412284_3	N/A	28.571	26	126	0.005	38.9
SadB_ref|WP_100812327.1|:1-423	423	k121_326321_1	N/A	26.163	33	172	0.009	39.3
SadC_ref|WP_036299413.1|:1-194	194	k121_481233_2	N/A	31.343	69	134	2.35e-15	71.6
SadC_ref|WP_036299413.1|:1-194	194	k121_275866_9	N/A	30.657	69	137	8.23e-12	62.0
SadC_ref|WP_036299413.1|:1-194	194	k121_35619_2	N/A	27.857	70	140	4.60e-11	59.7
SadC_ref|WP_036299413.1|:1-194	194	k121_402243_1	N/A	36.170	48	94	1.47e-09	55.8
SadC_ref|WP_036299413.1|:1-194	194	k121_567433_2	N/A	27.273	73	143	2.94e-09	55.1
SadC_ref|WP_036299413.1|:1-194	194	k121_570625_2	N/A	37.931	44	87	5.21e-09	53.9
SadC_ref|WP_036299413.1|:1-194	194	k121_424441_4	N/A	36.559	47	93	5.35e-09	54.3
SadC_ref|WP_036299413.1|:1-194	194	k121_321293_4	N/A	34.783	47	92	5.45e-08	51.6
SadC_ref|WP_036299413.1|:1-194	194	k121_153913_2	N/A	28.261	68	138	2.06e-07	50.1
SadC_ref|WP_036299413.1|:1-194	194	k121_538254_3	N/A	32.051	75	156	2.50e-07	49.7
SadC_ref|WP_036299413.1|:1-194	194	k121_83856_2	N/A	35.443	41	79	8.12e-07	48.1
SadC_ref|WP_036299413.1|:1-194	194	k121_93194_9	N/A	37.805	42	82	2.85e-06	46.6
SadC_ref|WP_036299413.1|:1-194	194	k121_7301_29	N/A	38.235	35	68	3.19e-06	46.6
SadC_ref|WP_036299413.1|:1-194	194	k121_88211_1	N/A	32.479	59	117	8.84e-06	45.1
SadC_ref|WP_036299413.1|:1-194	194	k121_529312_3	N/A	24.260	87	169	1.60e-04	41.6
SadC_ref|WP_036299413.1|:1-194	194	k121_572467_1	N/A	31.183	47	93	2.07e-04	41.2
SadC_ref|WP_036299413.1|:1-194	194	k121_470063_1	N/A	36.000	38	75	7.99e-04	38.5
WP_000259031.1	279	k121_448321_2	N/A	35.606	94	264	8.90e-42	145
WP_000259031.1	279	k121_409258_1	N/A	28.745	88	247	1.01e-30	117
WP_000259031.1	279	k121_478417_5	N/A	31.227	95	269	2.28e-28	110
WP_000259031.1	279	k121_14224_3	N/A	26.459	90	257	4.24e-27	106
WP_000259031.1	279	k121_97455_2	N/A	31.439	93	264	6.57e-27	108
WP_000259031.1	279	k121_524465_2	N/A	34.553	88	246	2.20e-26	105
WP_000259031.1	279	k121_218468_2	N/A	30.924	88	249	1.95e-25	103
WP_000259031.1	279	k121_322973_2	N/A	33.032	78	221	1.37e-22	93.6
WP_000259031.1	279	k121_477040_5	N/A	33.465	88	254	1.55e-22	96.3
WP_000259031.1	279	k121_216732_3	N/A	28.195	93	266	1.31e-21	92.8
WP_000259031.1	279	k121_434390_1	N/A	26.506	88	249	1.70e-21	92.0
WP_000259031.1	279	k121_124554_2	N/A	26.792	91	265	1.84e-21	91.7
WP_000259031.1	279	k121_280462_2	N/A	32.719	76	217	7.55e-19	84.7
WP_000259031.1	279	k121_38737_1	N/A	28.099	83	242	9.67e-19	84.3
WP_000259031.1	279	k121_555787_2	N/A	29.817	74	218	4.33e-17	79.0
WP_000259031.1	279	k121_264186_2	N/A	32.692	37	104	2.48e-15	72.0
WP_000259031.1	279	k121_27288_2	N/A	28.846	73	208	5.12e-14	71.2
WP_000259031.1	279	k121_299074_3	N/A	31.250	44	128	1.24e-12	65.1
WP_000259031.1	279	k121_1313_2	N/A	40.000	29	80	1.24e-11	60.8
WP_000259031.1	279	k121_31502_1	N/A	25.292	88	257	3.37e-11	63.9
WP_000259031.1	279	k121_387727_2	N/A	34.043	51	141	3.16e-09	56.2
WP_000259031.1	279	k121_348017_2	N/A	34.921	44	126	1.52e-08	55.5
WP_001043260.1	271	k121_448321_2	N/A	35.521	96	259	2.98e-45	154
WP_001043260.1	271	k121_478417_5	N/A	38.636	97	264	9.47e-44	150
WP_001043260.1	271	k121_218468_2	N/A	34.483	96	261	1.13e-38	138
WP_001043260.1	271	k121_524465_2	N/A	37.452	95	259	6.35e-36	130
WP_001043260.1	271	k121_409258_1	N/A	30.798	95	263	1.97e-34	127
WP_001043260.1	271	k121_216732_3	N/A	31.679	95	262	3.33e-34	126
WP_001043260.1	271	k121_38737_1	N/A	32.653	86	245	1.29e-29	113
WP_001043260.1	271	k121_434390_1	N/A	29.412	93	255	2.09e-29	112
WP_001043260.1	271	k121_14224_3	N/A	26.336	95	262	2.96e-29	112
WP_001043260.1	271	k121_97455_2	N/A	29.588	97	267	4.09e-28	111
WP_001043260.1	271	k121_264186_2	N/A	44.231	38	104	1.22e-25	99.4
WP_001043260.1	271	k121_555787_2	N/A	34.536	71	194	2.36e-25	100
WP_001043260.1	271	k121_280462_2	N/A	35.039	92	254	3.29e-25	101
WP_001043260.1	271	k121_124554_2	N/A	27.413	94	259	8.84e-25	100
WP_001043260.1	271	k121_299074_3	N/A	43.411	45	129	5.19e-24	95.5
WP_001043260.1	271	k121_322973_2	N/A	31.925	76	213	3.70e-23	95.1
WP_001043260.1	271	k121_27288_2	N/A	33.654	75	208	8.26e-22	92.4
WP_001043260.1	271	k121_477040_5	N/A	29.699	97	266	8.52e-21	91.3
WP_001043260.1	271	k121_31502_1	N/A	30.469	91	256	4.27e-18	83.6
WP_001043260.1	271	k121_1313_2	N/A	46.988	31	83	1.87e-16	73.9
WP_001043260.1	271	k121_387727_2	N/A	34.694	54	147	2.76e-14	70.1
WP_001043260.1	271	k121_348017_2	N/A	40.476	45	126	2.26e-13	69.3
WP_001043260.1	271	k121_547095_1	N/A	46.774	23	62	0.007	35.8
WP_001043260.1	271	k121_263741_1	N/A	34.177	29	79	0.028	36.2
WP_000034420.1	263	k121_448321_2	N/A	37.452	98	259	4.04e-53	174
WP_000034420.1	263	k121_218468_2	N/A	37.786	99	262	2.51e-50	168
WP_000034420.1	263	k121_478417_5	N/A	36.364	99	264	7.32e-47	158
WP_000034420.1	263	k121_409258_1	N/A	32.319	98	263	1.58e-41	145
WP_000034420.1	263	k121_434390_1	N/A	32.296	97	257	6.52e-41	142
WP_000034420.1	263	k121_38737_1	N/A	34.274	89	248	3.13e-36	130
WP_000034420.1	263	k121_14224_3	N/A	33.203	96	256	7.99e-36	129
WP_000034420.1	263	k121_524465_2	N/A	33.582	98	268	2.51e-35	129
WP_000034420.1	263	k121_97455_2	N/A	30.534	99	262	2.61e-35	130
WP_000034420.1	263	k121_124554_2	N/A	32.819	97	259	7.51e-31	116
WP_000034420.1	263	k121_216732_3	N/A	29.434	98	265	9.06e-31	116
WP_000034420.1	263	k121_322973_2	N/A	32.353	77	204	1.03e-29	112
WP_000034420.1	263	k121_477040_5	N/A	31.559	98	263	5.90e-28	110
WP_000034420.1	263	k121_280462_2	N/A	33.333	94	258	2.75e-27	107
WP_000034420.1	263	k121_264186_2	N/A	45.714	40	105	4.58e-27	102
WP_000034420.1	263	k121_299074_3	N/A	39.695	47	131	3.48e-26	100
WP_000034420.1	263	k121_555787_2	N/A	33.143	66	175	5.84e-24	97.1
WP_000034420.1	263	k121_27288_2	N/A	34.450	77	209	1.39e-23	97.1
WP_000034420.1	263	k121_31502_1	N/A	26.966	97	267	5.10e-20	88.6
WP_000034420.1	263	k121_1313_2	N/A	41.176	32	85	1.74e-16	73.9
WP_000034420.1	263	k121_387727_2	N/A	31.013	59	158	1.72e-14	70.5
WP_000034420.1	263	k121_348017_2	N/A	35.714	47	126	5.07e-12	65.5
WP_000034420.1	263	k121_547095_1	N/A	41.667	23	60	1.64e-04	40.4
WP_000034420.1	263	k121_13475_1	N/A	49.057	20	53	4.71e-04	38.9
WP_000034420.1	263	k121_263741_1	N/A	36.508	24	63	0.008	37.7
WP_000034420.1	263	k121_3233_2	N/A	26.923	49	130	0.025	36.6
WP_000034420.1	263	k121_229197_2	N/A	27.160	30	81	0.095	33.1
WP_000845048.1	337	k121_8313_2	N/A	61.424	97	337	2.27e-141	407
WP_000845048.1	337	k121_43376_1	N/A	60.123	96	326	1.25e-135	389
WP_000845048.1	337	k121_160106_2	N/A	62.698	75	252	2.87e-110	322
WP_000845048.1	337	k121_311606_2	N/A	52.229	93	314	6.57e-107	317
WP_000845048.1	337	k121_500085_1	N/A	42.125	81	273	2.03e-65	208
WP_000845048.1	337	k121_388350_1	N/A	59.509	48	163	1.35e-61	196
WP_000845048.1	337	k121_567435_1	N/A	54.494	53	178	5.67e-60	191
WP_000845048.1	337	k121_143016_1	N/A	94.937	23	79	1.11e-47	156
WP_000845048.1	337	k121_550414_2	N/A	35.258	97	329	4.02e-45	156
WP_000845048.1	337	k121_551154_1	N/A	32.710	95	321	2.68e-41	147
WP_000845048.1	337	k121_3969_3	N/A	32.343	89	303	1.06e-36	134
WP_000845048.1	337	k121_339170_9	N/A	33.226	92	310	6.90e-35	129
WP_000845048.1	337	k121_403102_3	N/A	29.688	94	320	1.76e-34	128
WP_000845048.1	337	k121_335715_1	N/A	35.849	78	265	4.32e-32	121
WP_000845048.1	337	k121_210125_1	N/A	32.635	98	334	2.51e-30	117
WP_000845048.1	337	k121_463578_2	N/A	31.271	85	291	8.07e-30	116
WP_000845048.1	337	k121_100240_2	N/A	27.445	93	317	6.23e-29	114
WP_000845048.1	337	k121_426090_1	N/A	28.912	85	294	6.51e-29	115
WP_000845048.1	337	k121_432488_1	N/A	26.935	94	323	3.48e-28	112
WP_000845048.1	337	k121_571512_1	N/A	33.457	77	269	4.35e-27	109
WP_000845048.1	337	k121_431352_3	N/A	33.574	76	277	6.84e-25	103
WP_000845048.1	337	k121_72365_7	N/A	30.769	85	299	1.59e-22	97.1
WP_000845048.1	337	k121_300098_6	N/A	33.476	66	233	1.16e-20	91.7
WP_000845048.1	337	k121_147232_3	N/A	29.000	84	300	3.04e-20	90.5
WP_000845048.1	337	k121_59896_2	N/A	25.606	85	289	8.03e-20	88.6
WP_000845048.1	337	k121_19600_1	N/A	25.902	87	305	1.10e-19	88.6
WP_000845048.1	337	k121_189526_1	N/A	60.606	20	66	6.81e-19	82.4
WP_000845048.1	337	k121_50673_2	N/A	25.839	82	298	7.03e-19	86.3
WP_000845048.1	337	k121_566347_2	N/A	36.095	50	169	8.63e-19	82.8
WP_000845048.1	337	k121_543117_2	N/A	38.095	50	168	1.91e-18	81.6
WP_000845048.1	337	k121_83648_4	N/A	28.859	85	298	1.93e-18	85.5
WP_000845048.1	337	k121_423203_4	N/A	31.618	77	272	5.33e-17	81.3
WP_000845048.1	337	k121_549035_1	N/A	32.065	54	184	6.02e-17	79.0
WP_000845048.1	337	k121_319536_3	N/A	25.455	78	275	6.99e-17	80.1
WP_000845048.1	337	k121_450254_4	N/A	25.000	74	264	7.31e-17	80.9
WP_000845048.1	337	k121_69191_3	N/A	26.364	88	330	8.11e-17	80.9
WP_000845048.1	337	k121_446612_4	N/A	24.662	82	296	1.32e-16	79.7
WP_000845048.1	337	k121_548190_4	N/A	25.168	83	298	1.40e-16	80.1
WP_000845048.1	337	k121_70980_2	N/A	26.821	88	302	2.68e-16	79.0
WP_000845048.1	337	k121_503359_6	N/A	27.841	52	176	4.01e-16	78.6
WP_000845048.1	337	k121_425436_1	N/A	32.245	69	245	1.68e-15	76.3
WP_000845048.1	337	k121_307603_2	N/A	56.061	20	66	1.72e-15	72.8
WP_000845048.1	337	k121_359170_3	N/A	55.224	20	67	2.36e-15	72.4
WP_000845048.1	337	k121_149200_1	N/A	27.458	82	295	4.11e-15	75.9
WP_000845048.1	337	k121_371459_1	N/A	51.316	23	76	1.26e-14	69.3
WP_000845048.1	337	k121_123217_7	N/A	29.204	64	226	2.31e-14	72.4
WP_000845048.1	337	k121_560162_3	N/A	27.986	83	293	5.84e-14	72.8
WP_000845048.1	337	k121_296386_2	N/A	29.677	87	310	1.08e-13	71.6
WP_000845048.1	337	k121_341707_1	N/A	27.014	61	211	1.16e-13	69.7
WP_000845048.1	337	k121_291957_5	N/A	29.600	69	250	1.25e-13	71.6
WP_000845048.1	337	k121_342941_10	N/A	32.768	53	177	1.71e-13	71.2
WP_000845048.1	337	k121_562750_1	N/A	24.670	66	227	3.66e-13	69.3
WP_000845048.1	337	k121_254732_3	N/A	29.630	60	216	1.28e-12	67.0
WP_000845048.1	337	k121_9618_1	N/A	29.515	64	227	3.24e-12	66.6
WP_000845048.1	337	k121_565095_4	N/A	27.451	84	306	4.16e-12	67.0
WP_000845048.1	337	k121_236750_2	N/A	27.826	61	230	1.14e-11	65.9
WP_000845048.1	337	k121_240130_3	N/A	26.950	80	282	1.47e-11	65.1
WP_000845048.1	337	k121_61750_2	N/A	29.858	61	211	2.15e-11	65.1
WP_000845048.1	337	k121_130506_4	N/A	26.480	86	321	1.16e-10	63.2
WP_000845048.1	337	k121_527392_1	N/A	26.688	84	311	2.60e-10	61.6
WP_000845048.1	337	k121_69798_1	N/A	24.719	74	267	4.32e-10	60.8
WP_000845048.1	337	k121_329788_6	N/A	26.217	75	267	8.73e-10	60.5
WP_000845048.1	337	k121_554869_3	N/A	30.270	53	185	2.07e-09	58.9
WP_000845048.1	337	k121_332762_1	N/A	28.938	76	273	5.47e-09	57.8
WP_000845048.1	337	k121_572797_2	N/A	27.645	82	293	1.01e-08	57.0
WP_000845048.1	337	k121_117520_4	N/A	24.818	76	274	2.57e-08	55.8
WP_000845048.1	337	k121_461531_2	N/A	29.048	60	210	4.48e-08	55.5
WP_000845048.1	337	k121_568543_2	N/A	25.581	58	215	1.97e-07	52.8
WP_000845048.1	337	k121_562270_2	N/A	29.091	60	220	2.13e-07	52.8
WP_000845048.1	337	k121_555246_2	N/A	36.508	34	126	2.13e-07	52.0
WP_000845048.1	337	k121_110222_2	N/A	28.512	68	242	6.19e-07	51.2
WP_000845048.1	337	k121_117520_3	N/A	26.389	38	144	6.94e-07	51.6
WP_000845048.1	337	k121_65772_1	N/A	27.152	83	302	6.95e-07	51.6
WP_000845048.1	337	k121_322357_1	N/A	26.333	84	300	1.45e-06	50.4
WP_000845048.1	337	k121_1592_2	N/A	32.877	21	73	1.55e-06	48.5
WP_000845048.1	337	k121_329788_8	N/A	26.818	64	220	6.49e-06	47.8
WP_000845048.1	337	k121_117520_2	N/A	20.505	89	317	2.31e-05	47.0
WP_000845048.1	337	k121_22339_1	N/A	31.507	21	73	2.97e-05	46.2
WP_000845048.1	337	k121_572797_3	N/A	36.232	20	69	3.25e-05	47.0
WP_000845048.1	337	k121_262819_1	N/A	28.342	52	187	4.83e-05	44.7
WP_000845048.1	337	k121_562270_1	N/A	24.342	84	304	4.83e-05	45.8
WP_000845048.1	337	k121_258029_1	N/A	29.474	55	190	6.13e-05	45.1
WP_000845048.1	337	k121_435020_8	N/A	30.137	21	73	7.76e-05	44.3
WP_000845048.1	337	k121_34648_4	N/A	27.805	56	205	1.67e-04	44.7
WP_000845048.1	337	k121_46223_1	N/A	30.732	56	205	2.46e-04	43.1
WP_000845048.1	337	k121_414027_2	N/A	23.711	56	194	3.44e-04	43.1
WP_000845048.1	337	k121_86207_1	N/A	26.180	68	233	0.002	40.8
WP_000845048.1	337	k121_49953_3	N/A	27.950	44	161	0.004	38.9
WP_000845048.1	337	k121_68300_2	N/A	24.458	89	323	0.005	39.7
WP_000845048.1	337	k121_474998_1	N/A	28.409	52	176	0.009	38.5
WP_000845048.1	337	k121_299515_2	N/A	24.906	62	265	0.011	38.1
WP_000845048.1	337	k121_425367_2	N/A	22.917	25	96	0.011	38.5
WP_000845048.1	337	k121_130506_3	N/A	29.213	24	89	0.015	38.1
WP_000845048.1	337	k121_373539_1	N/A	24.171	56	211	0.029	37.4
WP_000845048.1	337	k121_102674_2	N/A	32.558	23	86	0.029	36.2
WP_000845048.1	337	k121_263742_2	N/A	28.369	37	141	0.030	36.2
WP_000845048.1	337	k121_408619_3	N/A	20.106	56	189	0.052	36.2
WP_000845048.1	337	k121_65772_3	N/A	33.333	20	69	0.082	35.8
WP_000845048.1	337	k121_114697_3	N/A	32.184	23	87	0.085	34.7
