SadA_ref|WP_036299419.1|:1-399	399	k121_588755_3	N/A	35.135	55	222	1.00e-45	161
SadA_ref|WP_036299419.1|:1-399	399	k121_1286554_2	N/A	28.012	83	332	2.53e-44	161
SadA_ref|WP_036299419.1|:1-399	399	k121_1645557_4	N/A	27.525	98	396	1.75e-43	159
SadA_ref|WP_036299419.1|:1-399	399	k121_276322_1	N/A	32.143	63	252	2.33e-43	155
SadA_ref|WP_036299419.1|:1-399	399	k121_641245_12	N/A	28.022	90	364	5.66e-42	155
SadA_ref|WP_036299419.1|:1-399	399	k121_1681654_7	N/A	26.598	97	391	1.02e-40	152
SadA_ref|WP_036299419.1|:1-399	399	k121_678170_1	N/A	33.333	55	222	8.90e-39	142
SadA_ref|WP_036299419.1|:1-399	399	k121_358936_2	N/A	27.749	94	382	9.42e-39	146
SadA_ref|WP_036299419.1|:1-399	399	k121_1252931_1	N/A	30.403	66	273	1.15e-38	144
SadA_ref|WP_036299419.1|:1-399	399	k121_1868175_1	N/A	32.203	59	236	6.67e-38	141
SadA_ref|WP_036299419.1|:1-399	399	k121_306907_2	N/A	28.455	92	369	3.91e-37	142
SadA_ref|WP_036299419.1|:1-399	399	k121_78764_2	N/A	28.493	91	365	6.89e-35	136
SadA_ref|WP_036299419.1|:1-399	399	k121_743812_17	N/A	28.520	68	277	3.24e-34	134
SadA_ref|WP_036299419.1|:1-399	399	k121_562575_3	N/A	26.273	92	373	6.42e-34	133
SadA_ref|WP_036299419.1|:1-399	399	k121_516080_1	N/A	31.624	58	234	2.43e-33	130
SadA_ref|WP_036299419.1|:1-399	399	k121_28876_1	N/A	31.304	55	230	1.04e-31	126
SadA_ref|WP_036299419.1|:1-399	399	k121_545615_5	N/A	28.814	58	236	1.35e-31	127
SadA_ref|WP_036299419.1|:1-399	399	k121_175079_1	N/A	27.682	72	289	3.86e-27	112
SadA_ref|WP_036299419.1|:1-399	399	k121_238448_1	N/A	28.000	50	200	1.21e-26	109
SadA_ref|WP_036299419.1|:1-399	399	k121_911852_51	N/A	27.551	97	392	5.14e-26	111
SadA_ref|WP_036299419.1|:1-399	399	k121_756268_1	N/A	27.835	73	291	1.52e-25	108
SadA_ref|WP_036299419.1|:1-399	399	k121_1425413_2	N/A	23.944	89	355	1.83e-25	108
SadA_ref|WP_036299419.1|:1-399	399	k121_1884455_1	N/A	26.611	87	357	6.95e-22	100
SadA_ref|WP_036299419.1|:1-399	399	k121_922400_2	N/A	26.942	96	412	5.45e-21	97.1
SadA_ref|WP_036299419.1|:1-399	399	k121_1920687_3	N/A	24.685	98	397	2.18e-20	95.5
SadA_ref|WP_036299419.1|:1-399	399	k121_516571_13	N/A	23.219	93	379	1.76e-18	90.1
SadA_ref|WP_036299419.1|:1-399	399	k121_883231_3	N/A	37.000	25	100	4.08e-18	82.8
SadA_ref|WP_036299419.1|:1-399	399	k121_1134519_1	N/A	29.493	54	217	5.71e-18	85.9
SadA_ref|WP_036299419.1|:1-399	399	k121_776297_1	N/A	27.650	54	217	3.24e-17	84.0
SadA_ref|WP_036299419.1|:1-399	399	k121_766164_2	N/A	24.439	94	401	8.92e-16	82.0
SadA_ref|WP_036299419.1|:1-399	399	k121_677521_1	N/A	25.481	50	208	6.75e-15	77.8
SadA_ref|WP_036299419.1|:1-399	399	k121_1037838_4	N/A	23.120	89	359	2.78e-13	74.3
SadA_ref|WP_036299419.1|:1-399	399	k121_104786_1	N/A	23.588	72	301	1.61e-12	71.6
SadA_ref|WP_036299419.1|:1-399	399	k121_576674_2	N/A	23.664	93	393	5.73e-11	67.0
SadA_ref|WP_036299419.1|:1-399	399	k121_34664_1	N/A	24.667	38	150	2.19e-07	53.9
SadA_ref|WP_036299419.1|:1-399	399	k121_548820_2	N/A	24.093	87	386	1.11e-06	53.9
SadA_ref|WP_036299419.1|:1-399	399	k121_899726_12	N/A	20.888	88	383	6.69e-06	51.6
SadA_ref|WP_036299419.1|:1-399	399	k121_3986_3	N/A	22.400	62	250	1.45e-05	49.7
SadA_ref|WP_036299419.1|:1-399	399	k121_410426_3	N/A	29.907	27	107	1.78e-05	47.8
SadA_ref|WP_036299419.1|:1-399	399	k121_976747_1	N/A	28.873	34	142	2.75e-05	48.9
SadA_ref|WP_036299419.1|:1-399	399	k121_726220_4	N/A	26.190	61	252	2.91e-05	49.7
SadA_ref|WP_036299419.1|:1-399	399	k121_467640_1	N/A	25.188	66	266	5.14e-04	45.1
SadA_ref|WP_036299419.1|:1-399	399	k121_1856021_3	N/A	21.788	85	358	5.51e-04	45.4
SadA_ref|WP_036299419.1|:1-399	399	k121_227766_2	N/A	22.849	88	372	0.003	43.1
SadA_ref|WP_036299419.1|:1-399	399	k121_1075757_1	N/A	22.957	60	257	0.005	42.0
SadA_ref|WP_036299419.1|:1-399	399	k121_1210938_1	N/A	31.250	20	80	0.006	39.7
SadA_ref|WP_036299419.1|:1-399	399	k121_1322937_2	N/A	24.868	44	189	0.007	42.0
SadA_ref|WP_036299419.1|:1-399	399	k121_80820_2	N/A	34.375	23	96	0.007	42.0
SadA_ref|WP_036299419.1|:1-399	399	k121_260567_4	N/A	23.325	89	403	0.007	42.0
SadA_ref|WP_036299419.1|:1-399	399	k121_566047_1	N/A	27.536	52	207	0.011	40.4
SadA_ref|WP_036299419.1|:1-399	399	k121_856606_135	N/A	23.789	51	227	0.012	41.2
SadA_ref|WP_036299419.1|:1-399	399	k121_363699_1	N/A	28.042	40	189	0.020	40.4
SadA_ref|WP_036299419.1|:1-399	399	k121_183719_3	N/A	22.193	86	374	0.023	40.4
SadA_ref|WP_036299419.1|:1-399	399	k121_750528_2	N/A	27.907	22	86	0.025	40.0
SadA_ref|WP_036299419.1|:1-399	399	k121_1450794_1	N/A	24.609	62	256	0.033	40.0
SadA_ref|WP_036299419.1|:1-399	399	k121_1789081_1	N/A	23.108	60	251	0.034	39.7
SadA_ref|WP_036299419.1|:1-399	399	k121_1303649_29	N/A	23.618	48	199	0.035	39.7
SadA_ref|WP_036299419.1|:1-399	399	k121_159579_4	N/A	28.082	36	146	0.055	39.3
SadA_ref|WP_036299419.1|:1-399	399	k121_1571745_1	N/A	20.816	61	245	0.064	38.9
SadB_ref|WP_100812327.1|:1-423	423	k121_358936_2	N/A	32.902	90	386	3.74e-50	177
SadB_ref|WP_100812327.1|:1-423	423	k121_1681654_7	N/A	28.162	97	419	1.57e-47	171
SadB_ref|WP_100812327.1|:1-423	423	k121_306907_2	N/A	30.053	88	376	2.99e-46	167
SadB_ref|WP_100812327.1|:1-423	423	k121_1645557_4	N/A	27.132	90	387	5.31e-40	150
SadB_ref|WP_100812327.1|:1-423	423	k121_1286554_2	N/A	29.589	85	365	3.68e-39	148
SadB_ref|WP_100812327.1|:1-423	423	k121_1868175_1	N/A	30.515	63	272	4.69e-39	145
SadB_ref|WP_100812327.1|:1-423	423	k121_743812_17	N/A	25.203	85	369	3.26e-35	137
SadB_ref|WP_100812327.1|:1-423	423	k121_1252931_1	N/A	29.836	70	305	6.04e-35	135
SadB_ref|WP_100812327.1|:1-423	423	k121_641245_12	N/A	27.095	82	358	2.64e-34	135
SadB_ref|WP_100812327.1|:1-423	423	k121_276322_1	N/A	29.231	61	260	4.50e-34	131
SadB_ref|WP_100812327.1|:1-423	423	k121_78764_2	N/A	28.312	90	385	1.37e-33	133
SadB_ref|WP_100812327.1|:1-423	423	k121_28876_1	N/A	28.399	76	331	2.45e-33	131
SadB_ref|WP_100812327.1|:1-423	423	k121_562575_3	N/A	28.451	83	355	9.15e-33	130
SadB_ref|WP_100812327.1|:1-423	423	k121_1884455_1	N/A	28.219	85	365	1.32e-32	130
SadB_ref|WP_100812327.1|:1-423	423	k121_678170_1	N/A	33.333	48	207	2.59e-31	122
SadB_ref|WP_100812327.1|:1-423	423	k121_588755_3	N/A	29.464	51	224	5.21e-31	122
SadB_ref|WP_100812327.1|:1-423	423	k121_516080_1	N/A	27.333	70	300	1.16e-28	117
SadB_ref|WP_100812327.1|:1-423	423	k121_516571_13	N/A	26.250	90	400	4.10e-28	118
SadB_ref|WP_100812327.1|:1-423	423	k121_1920687_3	N/A	26.615	90	387	4.93e-28	117
SadB_ref|WP_100812327.1|:1-423	423	k121_911852_51	N/A	27.411	91	394	2.06e-27	115
SadB_ref|WP_100812327.1|:1-423	423	k121_756268_1	N/A	27.609	70	297	2.86e-27	114
SadB_ref|WP_100812327.1|:1-423	423	k121_545615_5	N/A	24.728	85	368	4.86e-27	115
SadB_ref|WP_100812327.1|:1-423	423	k121_1425413_2	N/A	23.743	84	358	1.12e-25	109
SadB_ref|WP_100812327.1|:1-423	423	k121_175079_1	N/A	29.915	54	234	1.35e-25	108
SadB_ref|WP_100812327.1|:1-423	423	k121_238448_1	N/A	28.000	46	200	1.10e-24	104
SadB_ref|WP_100812327.1|:1-423	423	k121_922400_2	N/A	27.896	92	423	2.55e-22	101
SadB_ref|WP_100812327.1|:1-423	423	k121_766164_2	N/A	23.716	90	409	7.43e-19	91.3
SadB_ref|WP_100812327.1|:1-423	423	k121_1037838_4	N/A	23.969	91	388	2.31e-18	89.7
SadB_ref|WP_100812327.1|:1-423	423	k121_883231_3	N/A	34.314	24	102	3.99e-18	82.8
SadB_ref|WP_100812327.1|:1-423	423	k121_677521_1	N/A	27.642	56	246	1.02e-17	86.3
SadB_ref|WP_100812327.1|:1-423	423	k121_104786_1	N/A	26.301	77	346	5.91e-17	84.7
SadB_ref|WP_100812327.1|:1-423	423	k121_1134519_1	N/A	29.630	55	243	1.17e-16	82.4
SadB_ref|WP_100812327.1|:1-423	423	k121_183719_3	N/A	25.661	81	378	2.68e-14	77.8
SadB_ref|WP_100812327.1|:1-423	423	k121_776297_1	N/A	28.431	48	204	1.19e-13	73.9
SadB_ref|WP_100812327.1|:1-423	423	k121_34664_1	N/A	30.556	34	144	2.68e-13	71.2
SadB_ref|WP_100812327.1|:1-423	423	k121_260567_4	N/A	26.685	77	371	4.34e-13	73.9
SadB_ref|WP_100812327.1|:1-423	423	k121_442742_1	N/A	26.667	61	270	6.63e-13	72.4
SadB_ref|WP_100812327.1|:1-423	423	k121_548820_2	N/A	26.558	78	369	7.56e-13	73.2
SadB_ref|WP_100812327.1|:1-423	423	k121_576674_2	N/A	24.069	88	403	1.92e-12	72.0
SadB_ref|WP_100812327.1|:1-423	423	k121_899726_12	N/A	25.284	76	352	3.87e-12	71.2
SadB_ref|WP_100812327.1|:1-423	423	k121_178889_2	N/A	26.984	57	252	2.68e-11	67.4
SadB_ref|WP_100812327.1|:1-423	423	k121_3986_3	N/A	24.800	58	250	1.63e-10	64.7
SadB_ref|WP_100812327.1|:1-423	423	k121_1720611_1	N/A	26.122	52	245	9.68e-10	63.2
SadB_ref|WP_100812327.1|:1-423	423	k121_363699_1	N/A	27.530	52	247	4.21e-09	61.2
SadB_ref|WP_100812327.1|:1-423	423	k121_467640_1	N/A	25.843	61	267	2.68e-08	58.5
SadB_ref|WP_100812327.1|:1-423	423	k121_410426_3	N/A	29.861	34	144	7.49e-08	54.7
SadB_ref|WP_100812327.1|:1-423	423	k121_1789081_1	N/A	28.897	57	263	2.56e-07	55.8
SadB_ref|WP_100812327.1|:1-423	423	k121_1303649_29	N/A	21.652	80	351	1.74e-05	50.4
SadB_ref|WP_100812327.1|:1-423	423	k121_726220_4	N/A	24.000	85	375	2.05e-05	50.1
SadB_ref|WP_100812327.1|:1-423	423	k121_1303649_31	N/A	27.136	45	199	2.82e-05	49.7
SadB_ref|WP_100812327.1|:1-423	423	k121_566047_1	N/A	26.442	49	208	3.03e-05	48.1
SadB_ref|WP_100812327.1|:1-423	423	k121_856606_135	N/A	23.454	81	388	4.58e-05	49.3
SadB_ref|WP_100812327.1|:1-423	423	k121_1142343_1	N/A	28.302	32	159	6.73e-05	47.8
SadB_ref|WP_100812327.1|:1-423	423	k121_755310_6	N/A	32.812	27	128	1.78e-04	47.0
SadB_ref|WP_100812327.1|:1-423	423	k121_1336853_1	N/A	29.139	35	151	3.18e-04	45.1
SadB_ref|WP_100812327.1|:1-423	423	k121_1887087_3	N/A	30.709	27	127	4.78e-04	45.8
SadB_ref|WP_100812327.1|:1-423	423	k121_1571745_1	N/A	23.904	57	251	4.86e-04	45.4
SadB_ref|WP_100812327.1|:1-423	423	k121_166376_2	N/A	20.339	79	354	7.40e-04	45.1
SadB_ref|WP_100812327.1|:1-423	423	k121_1856021_3	N/A	30.894	26	123	0.001	44.3
SadB_ref|WP_100812327.1|:1-423	423	k121_1741747_33	N/A	29.861	31	144	0.005	42.4
SadB_ref|WP_100812327.1|:1-423	423	k121_1640209_2	N/A	29.921	26	127	0.009	42.0
SadB_ref|WP_100812327.1|:1-423	423	k121_8735_6	N/A	23.204	81	362	0.010	41.6
SadB_ref|WP_100812327.1|:1-423	423	k121_710869_1	N/A	28.125	26	128	0.028	40.4
SadB_ref|WP_100812327.1|:1-423	423	k121_1356246_3	N/A	25.397	68	315	0.050	39.7
SadB_ref|WP_100812327.1|:1-423	423	k121_8433_2	N/A	25.000	57	264	0.058	39.3
SadB_ref|WP_100812327.1|:1-423	423	k121_1322937_2	N/A	29.365	27	126	0.077	38.9
SadB_ref|WP_100812327.1|:1-423	423	k121_739442_2	N/A	24.561	51	228	0.083	38.5
SadB_ref|WP_100812327.1|:1-423	423	k121_1075757_1	N/A	24.855	38	173	0.087	38.1
SadB_ref|WP_100812327.1|:1-423	423	k121_299961_3	N/A	24.860	80	358	0.091	38.5
SadB_ref|WP_100812327.1|:1-423	423	k121_1492343_3	N/A	26.389	31	144	0.096	38.5
SadC_ref|WP_036299413.1|:1-194	194	k121_1667052_12	N/A	31.343	69	134	1.44e-14	71.6
SadC_ref|WP_036299413.1|:1-194	194	k121_1078491_3	N/A	29.762	85	168	3.69e-12	65.1
SadC_ref|WP_036299413.1|:1-194	194	k121_1097168_1	N/A	39.326	45	89	4.78e-11	61.6
SadC_ref|WP_036299413.1|:1-194	194	k121_511280_103	N/A	30.657	69	137	5.05e-11	62.0
SadC_ref|WP_036299413.1|:1-194	194	k121_1944961_2	N/A	33.088	69	136	5.60e-11	62.0
SadC_ref|WP_036299413.1|:1-194	194	k121_1840392_2	N/A	28.395	82	162	8.77e-11	61.2
SadC_ref|WP_036299413.1|:1-194	194	k121_1559280_2	N/A	28.387	76	155	1.27e-10	61.6
SadC_ref|WP_036299413.1|:1-194	194	k121_480893_5	N/A	26.946	84	167	2.50e-10	59.7
SadC_ref|WP_036299413.1|:1-194	194	k121_344327_1	N/A	27.857	70	140	2.82e-10	59.7
SadC_ref|WP_036299413.1|:1-194	194	k121_1747234_5	N/A	24.444	70	135	7.11e-10	58.5
SadC_ref|WP_036299413.1|:1-194	194	k121_1233309_1	N/A	27.922	75	154	9.88e-10	60.5
SadC_ref|WP_036299413.1|:1-194	194	k121_256110_3	N/A	37.634	47	93	1.22e-09	58.2
SadC_ref|WP_036299413.1|:1-194	194	k121_142803_1	N/A	38.043	47	92	2.25e-09	56.2
SadC_ref|WP_036299413.1|:1-194	194	k121_1659257_1	N/A	28.358	68	134	2.95e-09	57.4
SadC_ref|WP_036299413.1|:1-194	194	k121_3950_3	N/A	27.703	76	148	6.64e-09	57.8
SadC_ref|WP_036299413.1|:1-194	194	k121_1831138_2	N/A	36.170	48	94	9.01e-09	55.8
SadC_ref|WP_036299413.1|:1-194	194	k121_1127175_2	N/A	25.000	79	156	1.01e-08	55.5
SadC_ref|WP_036299413.1|:1-194	194	k121_1377715_4	N/A	41.463	42	82	1.29e-08	55.8
SadC_ref|WP_036299413.1|:1-194	194	k121_84133_1	N/A	28.378	76	148	2.06e-08	56.2
SadC_ref|WP_036299413.1|:1-194	194	k121_1931940_2	N/A	28.369	72	141	2.65e-08	54.7
SadC_ref|WP_036299413.1|:1-194	194	k121_1609657_2	N/A	36.559	47	93	3.29e-08	54.3
SadC_ref|WP_036299413.1|:1-194	194	k121_620619_1	N/A	29.167	61	120	4.72e-08	55.1
SadC_ref|WP_036299413.1|:1-194	194	k121_469463_3	N/A	25.000	81	160	6.70e-08	53.1
SadC_ref|WP_036299413.1|:1-194	194	k121_1632740_2	N/A	34.783	47	92	2.39e-07	51.6
SadC_ref|WP_036299413.1|:1-194	194	k121_1354467_2	N/A	25.175	73	143	6.40e-07	50.4
SadC_ref|WP_036299413.1|:1-194	194	k121_1337832_4	N/A	35.632	44	87	6.55e-07	49.7
SadC_ref|WP_036299413.1|:1-194	194	k121_686178_2	N/A	42.857	39	77	8.06e-07	51.6
SadC_ref|WP_036299413.1|:1-194	194	k121_1078448_6	N/A	28.261	68	138	1.27e-06	50.1
SadC_ref|WP_036299413.1|:1-194	194	k121_1892502_3	N/A	34.375	49	96	1.29e-06	48.9
SadC_ref|WP_036299413.1|:1-194	194	k121_1758025_2	N/A	37.363	46	91	1.35e-06	50.1
SadC_ref|WP_036299413.1|:1-194	194	k121_975494_1	N/A	38.384	51	99	2.30e-06	50.4
SadC_ref|WP_036299413.1|:1-194	194	k121_810275_14	N/A	25.146	88	171	3.56e-06	48.9
SadC_ref|WP_036299413.1|:1-194	194	k121_307463_8	N/A	34.483	57	116	5.02e-06	48.1
SadC_ref|WP_036299413.1|:1-194	194	k121_1405059_1	N/A	34.409	47	93	7.20e-06	48.1
SadC_ref|WP_036299413.1|:1-194	194	k121_110366_2	N/A	29.661	60	118	9.87e-06	47.4
SadC_ref|WP_036299413.1|:1-194	194	k121_1541856_3	N/A	25.309	81	162	1.11e-05	47.4
SadC_ref|WP_036299413.1|:1-194	194	k121_1448336_10	N/A	23.602	82	161	1.73e-05	46.6
SadC_ref|WP_036299413.1|:1-194	194	k121_641245_13	N/A	27.536	68	138	1.77e-05	47.8
SadC_ref|WP_036299413.1|:1-194	194	k121_743812_19	N/A	38.235	35	68	1.96e-05	46.6
SadC_ref|WP_036299413.1|:1-194	194	k121_588712_4	N/A	24.460	71	139	2.33e-05	46.6
SadC_ref|WP_036299413.1|:1-194	194	k121_1356268_5	N/A	25.309	81	162	2.35e-05	46.6
SadC_ref|WP_036299413.1|:1-194	194	k121_545615_3	N/A	26.154	66	130	2.62e-05	45.8
SadC_ref|WP_036299413.1|:1-194	194	k121_437307_2	N/A	34.259	55	108	3.22e-05	47.0
SadC_ref|WP_036299413.1|:1-194	194	k121_1150305_2	N/A	24.242	81	165	3.69e-05	47.0
SadC_ref|WP_036299413.1|:1-194	194	k121_31873_1	N/A	27.381	85	168	4.39e-05	45.4
SadC_ref|WP_036299413.1|:1-194	194	k121_1162932_2	N/A	25.294	85	170	7.52e-05	44.7
SadC_ref|WP_036299413.1|:1-194	194	k121_1340602_2	N/A	23.571	71	140	1.17e-04	44.7
SadC_ref|WP_036299413.1|:1-194	194	k121_1645557_5	N/A	32.955	45	88	1.26e-04	45.1
SadC_ref|WP_036299413.1|:1-194	194	k121_777931_4	N/A	27.941	70	136	1.40e-04	44.3
SadC_ref|WP_036299413.1|:1-194	194	k121_1681654_6	N/A	32.479	59	117	1.55e-04	45.1
SadC_ref|WP_036299413.1|:1-194	194	k121_1169289_2	N/A	31.169	39	77	1.74e-04	43.9
SadC_ref|WP_036299413.1|:1-194	194	k121_977499_2	N/A	21.341	84	164	5.41e-04	42.4
SadC_ref|WP_036299413.1|:1-194	194	k121_72511_75	N/A	27.972	71	143	0.001	41.6
SadC_ref|WP_036299413.1|:1-194	194	k121_69894_151	N/A	21.472	82	163	0.001	41.6
SadC_ref|WP_036299413.1|:1-194	194	k121_963740_2	N/A	30.303	51	99	0.001	41.2
SadC_ref|WP_036299413.1|:1-194	194	k121_877035_1	N/A	27.957	47	93	0.001	40.4
SadC_ref|WP_036299413.1|:1-194	194	k121_183719_6	N/A	29.213	45	89	0.002	40.8
SadC_ref|WP_036299413.1|:1-194	194	k121_850815_2	N/A	31.034	44	87	0.002	40.8
SadC_ref|WP_036299413.1|:1-194	194	k121_1835186_1	N/A	44.898	25	49	0.005	40.4
SadC_ref|WP_036299413.1|:1-194	194	k121_1477021_3	N/A	22.981	82	161	0.010	39.7
SadC_ref|WP_036299413.1|:1-194	194	k121_788000_4	N/A	24.260	85	169	0.011	38.5
SadC_ref|WP_036299413.1|:1-194	194	k121_1273472_21	N/A	36.000	38	75	0.013	38.5
SadC_ref|WP_036299413.1|:1-194	194	k121_121022_1	N/A	34.328	34	67	0.027	36.2
SadC_ref|WP_036299413.1|:1-194	194	k121_745832_2	N/A	46.809	24	47	0.073	34.3
WP_000259031.1	279	k121_109004_3	N/A	100.000	100	279	0.0	553
WP_000259031.1	279	k121_550354_1	N/A	48.780	88	246	1.97e-84	256
WP_000259031.1	279	k121_571933_30	N/A	53.516	92	256	1.74e-74	231
WP_000259031.1	279	k121_931887_1	N/A	50.000	82	230	1.91e-66	209
WP_000259031.1	279	k121_1185778_2	N/A	39.163	92	263	1.22e-52	176
WP_000259031.1	279	k121_1037828_4	N/A	34.211	94	266	5.15e-49	166
WP_000259031.1	279	k121_1805385_1	N/A	36.641	94	262	8.65e-41	145
WP_000259031.1	279	k121_1742884_6	N/A	35.178	91	253	4.17e-39	140
WP_000259031.1	279	k121_1929744_143	N/A	37.652	87	247	6.80e-35	129
WP_000259031.1	279	k121_34340_55	N/A	35.955	94	267	1.99e-34	129
WP_000259031.1	279	k121_1385451_2	N/A	36.154	93	260	9.19e-34	126
WP_000259031.1	279	k121_566820_3	N/A	35.338	93	266	1.20e-33	126
WP_000259031.1	279	k121_1306417_18	N/A	32.616	94	279	4.78e-32	123
WP_000259031.1	279	k121_374983_2	N/A	32.129	88	249	5.97e-32	122
WP_000259031.1	279	k121_990740_14	N/A	32.031	91	256	7.61e-32	122
WP_000259031.1	279	k121_44744_14	N/A	32.841	96	271	2.08e-31	120
WP_000259031.1	279	k121_1402590_43	N/A	33.218	97	289	3.46e-31	120
WP_000259031.1	279	k121_649310_3	N/A	31.835	96	267	4.24e-31	120
WP_000259031.1	279	k121_1278969_1	N/A	37.121	94	264	5.94e-31	119
WP_000259031.1	279	k121_912971_2	N/A	36.866	77	217	6.31e-31	118
WP_000259031.1	279	k121_1342056_1	N/A	32.800	88	250	3.48e-30	117
WP_000259031.1	279	k121_957182_1	N/A	32.824	94	262	3.59e-30	117
WP_000259031.1	279	k121_598457_2	N/A	32.941	88	255	1.34e-29	115
WP_000259031.1	279	k121_124302_2	N/A	31.939	94	263	1.41e-29	115
WP_000259031.1	279	k121_1326958_2	N/A	31.801	93	261	2.51e-29	115
WP_000259031.1	279	k121_1599262_5	N/A	29.771	93	262	2.88e-29	115
WP_000259031.1	279	k121_401643_3	N/A	31.518	91	257	3.13e-29	115
WP_000259031.1	279	k121_1309043_2	N/A	30.830	88	253	4.34e-29	114
WP_000259031.1	279	k121_965057_39	N/A	36.364	78	220	1.26e-28	114
WP_000259031.1	279	k121_1856741_2	N/A	30.268	91	261	1.37e-28	114
WP_000259031.1	279	k121_1261362_1	N/A	35.055	94	271	1.39e-28	114
WP_000259031.1	279	k121_1156913_48	N/A	34.137	89	249	4.09e-28	113
WP_000259031.1	279	k121_1661527_3	N/A	32.422	88	256	5.00e-28	111
WP_000259031.1	279	k121_272426_2	N/A	30.855	95	269	1.33e-27	110
WP_000259031.1	279	k121_69894_204	N/A	31.227	95	269	1.40e-27	110
WP_000259031.1	279	k121_1149440_2	N/A	29.200	88	250	2.33e-27	111
WP_000259031.1	279	k121_916504_10	N/A	30.588	91	255	3.75e-27	110
WP_000259031.1	279	k121_1342273_1	N/A	35.814	76	215	8.90e-27	107
WP_000259031.1	279	k121_1621745_15	N/A	29.600	88	250	1.15e-26	108
WP_000259031.1	279	k121_1816822_5	N/A	35.874	80	223	1.45e-26	107
WP_000259031.1	279	k121_340412_8	N/A	29.478	94	268	1.64e-26	108
WP_000259031.1	279	k121_1615567_3	N/A	26.459	91	257	2.59e-26	107
WP_000259031.1	279	k121_251020_4	N/A	31.439	93	264	3.61e-26	108
WP_000259031.1	279	k121_1220259_2	N/A	31.855	88	248	4.30e-26	106
WP_000259031.1	279	k121_1856213_2	N/A	29.528	88	254	5.37e-26	107
WP_000259031.1	279	k121_1930967_1	N/A	31.301	88	246	1.08e-25	105
WP_000259031.1	279	k121_1286000_4	N/A	29.066	94	289	1.19e-25	105
WP_000259031.1	279	k121_1166891_1	N/A	28.846	92	260	2.41e-25	105
WP_000259031.1	279	k121_326000_2	N/A	30.682	93	264	4.26e-25	105
WP_000259031.1	279	k121_1097702_1	N/A	27.757	93	263	4.31e-25	103
WP_000259031.1	279	k121_666056_6	N/A	29.104	94	268	5.31e-25	104
WP_000259031.1	279	k121_523104_39	N/A	27.490	88	251	6.40e-25	103
WP_000259031.1	279	k121_1061407_2	N/A	32.800	89	250	1.01e-24	103
WP_000259031.1	279	k121_519817_1	N/A	31.128	90	257	1.27e-24	102
WP_000259031.1	279	k121_111336_2	N/A	35.747	77	221	1.63e-24	103
WP_000259031.1	279	k121_1292119_2	N/A	32.472	96	271	1.98e-24	102
WP_000259031.1	279	k121_1906716_2	N/A	28.958	92	259	3.62e-24	101
WP_000259031.1	279	k121_169062_50	N/A	28.788	93	264	5.26e-24	101
WP_000259031.1	279	k121_1750343_6	N/A	32.661	88	248	8.82e-24	100
WP_000259031.1	279	k121_907821_2	N/A	30.924	88	249	1.10e-23	100
WP_000259031.1	279	k121_355671_2	N/A	29.699	94	266	1.44e-23	99.8
WP_000259031.1	279	k121_1928488_2	N/A	30.620	91	258	1.55e-23	101
WP_000259031.1	279	k121_1859517_2	N/A	35.849	76	212	5.31e-23	97.8
WP_000259031.1	279	k121_994949_2	N/A	32.852	95	277	7.08e-23	98.6
WP_000259031.1	279	k121_359263_2	N/A	31.513	84	238	7.47e-23	97.1
WP_000259031.1	279	k121_247785_13	N/A	28.846	92	260	1.15e-22	97.4
WP_000259031.1	279	k121_1549023_2	N/A	28.016	91	257	1.43e-22	97.1
WP_000259031.1	279	k121_1585239_12	N/A	29.151	94	271	1.55e-22	97.8
WP_000259031.1	279	k121_20682_2	N/A	34.959	88	246	2.67e-22	96.7
WP_000259031.1	279	k121_1309388_1	N/A	40.800	44	125	8.58e-22	92.0
WP_000259031.1	279	k121_1309383_1	N/A	40.800	44	125	1.29e-21	91.3
WP_000259031.1	279	k121_1224806_2	N/A	27.586	81	232	1.90e-21	93.6
WP_000259031.1	279	k121_675776_22	N/A	28.571	78	224	2.02e-21	94.0
WP_000259031.1	279	k121_582487_6	N/A	28.968	88	252	2.83e-21	94.0
WP_000259031.1	279	k121_1386631_1	N/A	30.897	98	301	4.18e-21	94.0
WP_000259031.1	279	k121_432101_2	N/A	26.423	87	246	5.35e-21	92.8
WP_000259031.1	279	k121_1047376_18	N/A	28.195	93	266	8.04e-21	92.8
WP_000259031.1	279	k121_1516884_1	N/A	30.112	91	269	1.01e-20	93.2
WP_000259031.1	279	k121_989850_2	N/A	26.792	91	265	1.13e-20	91.7
WP_000259031.1	279	k121_1530661_1	N/A	32.843	72	204	1.54e-20	90.1
WP_000259031.1	279	k121_817655_2	N/A	29.555	88	247	1.58e-20	92.8
WP_000259031.1	279	k121_1528978_2	N/A	30.000	76	220	2.40e-20	91.3
WP_000259031.1	279	k121_321068_2	N/A	39.306	61	173	7.53e-20	88.2
WP_000259031.1	279	k121_1577305_1	N/A	31.364	77	220	7.91e-20	88.6
WP_000259031.1	279	k121_1818189_2	N/A	29.851	94	268	2.39e-19	88.6
WP_000259031.1	279	k121_1565074_4	N/A	26.592	91	267	2.82e-19	88.6
WP_000259031.1	279	k121_1616195_2	N/A	34.375	78	224	6.93e-19	86.3
WP_000259031.1	279	k121_1429528_1	N/A	31.579	94	266	6.96e-19	88.2
WP_000259031.1	279	k121_396732_4	N/A	29.213	95	267	1.20e-18	86.7
WP_000259031.1	279	k121_1757269_1	N/A	28.405	88	257	2.66e-18	87.0
WP_000259031.1	279	k121_1206095_2	N/A	23.596	94	267	8.65e-18	84.3
WP_000259031.1	279	k121_1589465_9	N/A	31.452	88	248	9.64e-18	85.5
WP_000259031.1	279	k121_501620_7	N/A	35.294	43	119	1.02e-17	80.1
WP_000259031.1	279	k121_1097663_2	N/A	29.811	93	265	1.54e-17	83.6
WP_000259031.1	279	k121_1965276_1	N/A	32.627	82	236	2.55e-17	82.4
WP_000259031.1	279	k121_652687_1	N/A	32.174	76	230	3.64e-17	83.2
WP_000259031.1	279	k121_1031484_2	N/A	29.658	93	263	9.51e-17	82.4
WP_000259031.1	279	k121_1544916_2	N/A	29.924	93	264	2.88e-15	78.2
WP_000259031.1	279	k121_895501_2	N/A	31.985	95	272	5.84e-15	76.3
WP_000259031.1	279	k121_1313622_1	N/A	29.897	67	194	3.06e-14	72.8
WP_000259031.1	279	k121_792561_2	N/A	29.592	89	294	4.79e-14	74.7
WP_000259031.1	279	k121_549072_3	N/A	30.594	75	219	1.15e-13	71.6
WP_000259031.1	279	k121_1611486_1	N/A	34.653	36	101	1.38e-12	67.4
WP_000259031.1	279	k121_1501698_1	N/A	31.351	64	185	1.49e-12	67.8
WP_000259031.1	279	k121_1128428_1	N/A	25.483	92	259	1.27e-11	66.6
WP_000259031.1	279	k121_1148066_2	N/A	29.843	68	191	1.44e-11	65.5
WP_000259031.1	279	k121_509383_1	N/A	33.858	44	127	1.91e-11	65.5
WP_000259031.1	279	k121_873433_2	N/A	23.005	72	213	3.44e-11	65.9
WP_000259031.1	279	k121_328590_1	N/A	34.783	41	115	4.98e-11	62.4
WP_000259031.1	279	k121_998904_2	N/A	41.667	38	108	5.37e-11	63.5
WP_000259031.1	279	k121_1807303_2	N/A	36.893	36	103	1.04e-10	60.8
WP_000259031.1	279	k121_1679656_1	N/A	29.032	44	124	1.29e-10	62.0
WP_000259031.1	279	k121_1760062_25	N/A	25.969	88	258	1.98e-10	63.9
WP_000259031.1	279	k121_1609019_89	N/A	33.333	55	156	2.09e-10	61.6
WP_000259031.1	279	k121_704065_1	N/A	34.545	39	110	2.90e-10	60.5
WP_000259031.1	279	k121_1851864_1	N/A	27.907	44	129	4.12e-10	62.8
WP_000259031.1	279	k121_1800776_1	N/A	29.907	38	107	6.35e-10	60.5
WP_000259031.1	279	k121_1419254_7	N/A	42.056	38	107	3.99e-09	57.8
WP_000259031.1	279	k121_992148_1	N/A	26.425	66	193	4.66e-09	58.9
WP_000259031.1	279	k121_570775_3	N/A	30.189	38	106	1.72e-08	55.1
WP_000259031.1	279	k121_71296_1	N/A	39.437	25	71	3.09e-08	53.5
WP_000259031.1	279	k121_1342821_1	N/A	31.492	61	181	6.00e-06	49.3
WP_000259031.1	279	k121_1618004_2	N/A	36.364	24	66	8.88e-06	46.6
WP_000259031.1	279	k121_266313_8	N/A	32.143	59	168	1.80e-05	47.4
WP_000259031.1	279	k121_749332_5	N/A	40.299	24	67	3.92e-05	45.4
WP_000259031.1	279	k121_647747_7	N/A	26.190	44	126	6.53e-05	46.2
WP_000259031.1	279	k121_1403892_4	N/A	37.500	20	56	2.38e-04	42.0
WP_000259031.1	279	k121_204093_1	N/A	41.463	29	82	0.001	41.2
WP_001043260.1	271	k121_571933_30	N/A	100.000	100	271	0.0	528
WP_001043260.1	271	k121_550354_1	N/A	50.769	96	260	4.79e-88	265
WP_001043260.1	271	k121_109004_3	N/A	53.516	94	256	1.84e-83	254
WP_001043260.1	271	k121_931887_1	N/A	55.411	85	231	2.33e-80	244
WP_001043260.1	271	k121_1037828_4	N/A	38.828	98	273	1.34e-54	180
WP_001043260.1	271	k121_1185778_2	N/A	39.552	96	268	2.34e-52	174
WP_001043260.1	271	k121_566820_3	N/A	40.000	96	265	6.14e-50	168
WP_001043260.1	271	k121_1929744_143	N/A	39.464	96	261	2.94e-49	166
WP_001043260.1	271	k121_990740_14	N/A	38.806	97	268	1.92e-48	165
WP_001043260.1	271	k121_1805385_1	N/A	37.692	96	260	4.45e-46	158
WP_001043260.1	271	k121_957182_1	N/A	38.636	97	264	3.00e-45	157
WP_001043260.1	271	k121_34340_55	N/A	37.879	96	264	9.34e-45	155
WP_001043260.1	271	k121_124302_2	N/A	38.697	96	261	1.00e-43	152
WP_001043260.1	271	k121_916504_10	N/A	36.719	94	256	1.23e-43	153
WP_001043260.1	271	k121_1385451_2	N/A	40.996	96	261	4.88e-43	150
WP_001043260.1	271	k121_69894_204	N/A	38.636	97	264	5.81e-43	150
WP_001043260.1	271	k121_1061407_2	N/A	40.385	95	260	9.67e-43	150
WP_001043260.1	271	k121_1750343_6	N/A	37.313	98	268	2.81e-42	149
WP_001043260.1	271	k121_1278969_1	N/A	41.085	95	258	4.19e-41	145
WP_001043260.1	271	k121_1326958_2	N/A	35.135	96	259	4.21e-41	145
WP_001043260.1	271	k121_1742884_6	N/A	37.984	94	258	4.76e-41	145
WP_001043260.1	271	k121_1286000_4	N/A	33.451	96	284	1.28e-40	144
WP_001043260.1	271	k121_649310_3	N/A	35.714	98	266	2.15e-39	141
WP_001043260.1	271	k121_1528978_2	N/A	36.940	97	268	2.43e-39	141
WP_001043260.1	271	k121_912971_2	N/A	40.639	78	219	2.59e-39	139
WP_001043260.1	271	k121_965057_39	N/A	37.453	96	267	5.64e-39	140
WP_001043260.1	271	k121_1166891_1	N/A	33.591	95	259	9.45e-39	141
WP_001043260.1	271	k121_1309043_2	N/A	33.333	90	249	2.00e-38	138
WP_001043260.1	271	k121_44744_14	N/A	33.962	96	265	3.02e-38	138
WP_001043260.1	271	k121_1816822_5	N/A	39.382	95	259	4.58e-38	137
WP_001043260.1	271	k121_907821_2	N/A	35.000	95	260	1.12e-37	137
WP_001043260.1	271	k121_1585239_12	N/A	34.572	95	269	1.77e-37	137
WP_001043260.1	271	k121_1856213_2	N/A	36.431	95	269	3.34e-37	136
WP_001043260.1	271	k121_1306417_18	N/A	34.276	97	283	3.93e-37	136
WP_001043260.1	271	k121_1220259_2	N/A	34.940	90	249	7.24e-37	134
WP_001043260.1	271	k121_1930967_1	N/A	36.694	90	248	7.43e-37	134
WP_001043260.1	271	k121_340412_8	N/A	32.061	95	262	1.31e-36	134
WP_001043260.1	271	k121_1156913_48	N/A	38.492	90	252	1.41e-36	135
WP_001043260.1	271	k121_355671_2	N/A	35.741	96	263	5.63e-36	132
WP_001043260.1	271	k121_169062_50	N/A	30.916	95	262	2.26e-35	131
WP_001043260.1	271	k121_666056_6	N/A	33.588	95	262	2.45e-35	131
WP_001043260.1	271	k121_111336_2	N/A	36.564	81	227	9.50e-35	130
WP_001043260.1	271	k121_272426_2	N/A	34.940	90	249	3.87e-34	127
WP_001043260.1	271	k121_20682_2	N/A	37.109	94	256	4.58e-34	127
WP_001043260.1	271	k121_1621745_15	N/A	33.210	96	271	1.65e-33	126
WP_001043260.1	271	k121_675776_22	N/A	33.852	92	257	1.99e-33	125
WP_001043260.1	271	k121_1047376_18	N/A	31.679	95	262	2.05e-33	126
WP_001043260.1	271	k121_1292119_2	N/A	34.866	96	261	2.81e-33	125
WP_001043260.1	271	k121_359263_2	N/A	35.745	86	235	5.37e-33	123
WP_001043260.1	271	k121_1342056_1	N/A	32.258	90	248	5.73e-33	124
WP_001043260.1	271	k121_432101_2	N/A	31.008	94	258	9.38e-33	123
WP_001043260.1	271	k121_1757269_1	N/A	31.636	97	275	9.82e-33	125
WP_001043260.1	271	k121_1386631_1	N/A	33.333	98	282	1.43e-32	124
WP_001043260.1	271	k121_374983_2	N/A	33.577	99	274	2.13e-32	123
WP_001043260.1	271	k121_817655_2	N/A	38.889	90	252	3.94e-32	124
WP_001043260.1	271	k121_1615567_3	N/A	26.792	97	265	6.39e-32	122
WP_001043260.1	271	k121_1261362_1	N/A	35.294	98	272	7.96e-32	122
WP_001043260.1	271	k121_1402590_43	N/A	32.482	97	274	1.05e-31	122
WP_001043260.1	271	k121_994949_2	N/A	37.900	80	219	2.77e-31	120
WP_001043260.1	271	k121_895501_2	N/A	38.258	95	264	3.89e-31	119
WP_001043260.1	271	k121_1856741_2	N/A	31.203	96	266	5.31e-30	117
WP_001043260.1	271	k121_1661527_3	N/A	29.927	97	274	1.17e-29	115
WP_001043260.1	271	k121_582487_6	N/A	30.830	91	253	4.29e-29	114
WP_001043260.1	271	k121_401643_3	N/A	30.120	91	249	2.36e-28	112
WP_001043260.1	271	k121_1565074_4	N/A	28.846	94	260	2.66e-28	112
WP_001043260.1	271	k121_1928488_2	N/A	29.851	97	268	9.81e-28	112
WP_001043260.1	271	k121_1342273_1	N/A	37.383	77	214	1.54e-27	109
WP_001043260.1	271	k121_1097702_1	N/A	28.464	96	267	1.78e-27	109
WP_001043260.1	271	k121_251020_4	N/A	29.588	97	267	2.31e-27	111
WP_001043260.1	271	k121_1149440_2	N/A	30.800	90	250	2.63e-27	111
WP_001043260.1	271	k121_598457_2	N/A	31.873	90	251	2.86e-27	109
WP_001043260.1	271	k121_326000_2	N/A	29.588	97	267	3.18e-27	111
WP_001043260.1	271	k121_1530661_1	N/A	35.821	73	201	6.47e-27	106
WP_001043260.1	271	k121_523104_39	N/A	28.063	92	253	1.83e-26	107
WP_001043260.1	271	k121_519817_1	N/A	31.939	94	263	2.30e-26	107
WP_001043260.1	271	k121_1599262_5	N/A	29.084	91	251	6.95e-26	106
WP_001043260.1	271	k121_1544916_2	N/A	33.333	97	267	9.92e-26	107
WP_001043260.1	271	k121_1859517_2	N/A	34.934	84	229	1.84e-25	103
WP_001043260.1	271	k121_1577305_1	N/A	35.185	79	216	5.17e-25	102
WP_001043260.1	271	k121_1128428_1	N/A	31.225	92	253	6.75e-25	102
WP_001043260.1	271	k121_1549023_2	N/A	29.719	91	249	1.02e-24	102
WP_001043260.1	271	k121_247785_13	N/A	27.586	95	261	1.33e-24	102
WP_001043260.1	271	k121_1589465_9	N/A	33.065	90	248	2.79e-24	103
WP_001043260.1	271	k121_989850_2	N/A	27.413	94	259	5.43e-24	100
WP_001043260.1	271	k121_1031484_2	N/A	32.584	97	267	1.36e-23	101
WP_001043260.1	271	k121_1965276_1	N/A	34.298	86	242	1.66e-23	99.0
WP_001043260.1	271	k121_1206095_2	N/A	27.778	91	252	1.78e-23	99.8
WP_001043260.1	271	k121_1309388_1	N/A	38.519	49	135	3.21e-23	95.5
WP_001043260.1	271	k121_1224806_2	N/A	29.615	92	260	4.12e-23	98.2
WP_001043260.1	271	k121_1906716_2	N/A	28.958	94	259	1.29e-22	97.1
WP_001043260.1	271	k121_1309383_1	N/A	39.231	47	130	1.51e-22	93.6
WP_001043260.1	271	k121_321068_2	N/A	39.791	68	191	2.14e-22	94.7
WP_001043260.1	271	k121_1429528_1	N/A	36.723	64	177	1.13e-21	95.9
WP_001043260.1	271	k121_1807303_2	N/A	44.118	37	102	2.34e-21	89.4
WP_001043260.1	271	k121_1679656_1	N/A	33.987	54	153	2.90e-21	90.9
WP_001043260.1	271	k121_1818189_2	N/A	30.400	90	250	2.04e-20	91.3
WP_001043260.1	271	k121_652687_1	N/A	30.712	90	267	6.94e-20	90.5
WP_001043260.1	271	k121_1097663_2	N/A	29.851	96	268	2.84e-19	88.2
WP_001043260.1	271	k121_1611486_1	N/A	36.290	45	124	5.53e-19	84.3
WP_001043260.1	271	k121_1313622_1	N/A	34.831	65	178	7.15e-19	85.1
WP_001043260.1	271	k121_1616195_2	N/A	31.489	84	235	8.36e-19	85.9
WP_001043260.1	271	k121_501620_7	N/A	44.231	38	104	1.18e-18	82.4
WP_001043260.1	271	k121_570775_3	N/A	41.346	38	104	2.03e-18	82.0
WP_001043260.1	271	k121_1851864_1	N/A	35.507	48	138	3.41e-18	85.5
WP_001043260.1	271	k121_873433_2	N/A	27.941	95	272	1.35e-17	84.0
WP_001043260.1	271	k121_1760062_25	N/A	30.469	91	256	1.56e-17	84.0
WP_001043260.1	271	k121_792561_2	N/A	29.924	80	264	1.60e-17	84.3
WP_001043260.1	271	k121_328590_1	N/A	37.719	42	114	4.32e-17	78.6
WP_001043260.1	271	k121_1800776_1	N/A	34.400	45	125	1.11e-16	79.0
WP_001043260.1	271	k121_396732_4	N/A	30.830	91	253	1.19e-16	80.9
WP_001043260.1	271	k121_549072_3	N/A	32.243	75	214	1.72e-16	79.3
WP_001043260.1	271	k121_1618004_2	N/A	42.667	28	75	2.66e-15	72.8
WP_001043260.1	271	k121_1516884_1	N/A	28.346	90	254	3.66e-14	74.7
WP_001043260.1	271	k121_1609019_89	N/A	31.361	62	169	6.08e-14	71.2
WP_001043260.1	271	k121_509383_1	N/A	34.646	46	127	6.43e-14	72.4
WP_001043260.1	271	k121_1501698_1	N/A	30.814	63	172	1.24e-13	70.9
WP_001043260.1	271	k121_998904_2	N/A	31.169	56	154	3.68e-11	63.9
WP_001043260.1	271	k121_1419254_7	N/A	38.462	52	143	4.04e-11	63.2
WP_001043260.1	271	k121_1148066_2	N/A	27.957	68	186	1.41e-10	62.4
WP_001043260.1	271	k121_1403892_4	N/A	50.943	20	53	2.55e-10	58.5
WP_001043260.1	271	k121_1342821_1	N/A	35.294	54	153	7.04e-10	60.5
WP_001043260.1	271	k121_647747_7	N/A	26.994	59	163	1.22e-09	59.7
WP_001043260.1	271	k121_71296_1	N/A	39.130	25	69	1.74e-09	57.0
WP_001043260.1	271	k121_704065_1	N/A	33.607	45	122	2.27e-09	57.8
WP_001043260.1	271	k121_992148_1	N/A	30.213	83	235	1.22e-08	57.8
WP_001043260.1	271	k121_266313_8	N/A	35.333	54	150	3.38e-08	55.1
WP_001043260.1	271	k121_749332_5	N/A	44.554	37	101	4.09e-08	53.9
WP_001043260.1	271	k121_1235426_1	N/A	23.567	58	157	2.70e-07	52.8
WP_001043260.1	271	k121_1058117_1	N/A	26.415	39	106	2.35e-04	43.1
WP_001043260.1	271	k121_953634_2	N/A	32.530	31	83	2.63e-04	42.7
WP_001043260.1	271	k121_528974_1	N/A	45.312	24	64	0.030	36.6
WP_001043260.1	271	k121_204093_1	N/A	42.683	30	82	0.047	36.6
WP_000034420.1	263	k121_550354_1	N/A	60.392	97	255	1.51e-110	322
WP_000034420.1	263	k121_571933_30	N/A	52.124	98	259	2.11e-80	246
WP_000034420.1	263	k121_109004_3	N/A	43.182	100	264	5.11e-78	240
WP_000034420.1	263	k121_931887_1	N/A	46.018	86	226	1.44e-66	209
WP_000034420.1	263	k121_1185778_2	N/A	42.264	98	265	1.11e-60	196
WP_000034420.1	263	k121_1037828_4	N/A	42.045	98	264	2.33e-58	189
WP_000034420.1	263	k121_1742884_6	N/A	40.927	98	259	2.70e-58	189
WP_000034420.1	263	k121_1805385_1	N/A	41.538	98	260	3.35e-58	189
WP_000034420.1	263	k121_916504_10	N/A	38.224	97	259	3.20e-50	169
WP_000034420.1	263	k121_1385451_2	N/A	40.230	98	261	9.18e-50	167
WP_000034420.1	263	k121_566820_3	N/A	37.262	98	263	3.46e-49	166
WP_000034420.1	263	k121_20682_2	N/A	39.015	99	264	1.03e-48	165
WP_000034420.1	263	k121_907821_2	N/A	37.879	99	264	1.97e-48	164
WP_000034420.1	263	k121_1930967_1	N/A	38.889	95	252	5.39e-48	163
WP_000034420.1	263	k121_1278969_1	N/A	41.923	98	260	5.62e-48	163
WP_000034420.1	263	k121_1326958_2	N/A	36.641	99	262	6.15e-48	163
WP_000034420.1	263	k121_272426_2	N/A	37.594	99	266	7.72e-48	163
WP_000034420.1	263	k121_649310_3	N/A	36.782	98	261	1.15e-47	162
WP_000034420.1	263	k121_1929744_143	N/A	35.907	98	259	1.20e-47	162
WP_000034420.1	263	k121_44744_14	N/A	34.483	99	261	2.42e-47	161
WP_000034420.1	263	k121_990740_14	N/A	36.431	99	269	3.25e-47	162
WP_000034420.1	263	k121_124302_2	N/A	38.697	98	261	8.29e-47	160
WP_000034420.1	263	k121_1856213_2	N/A	35.294	99	272	9.01e-47	160
WP_000034420.1	263	k121_1220259_2	N/A	35.366	93	246	2.83e-46	158
WP_000034420.1	263	k121_69894_204	N/A	36.364	99	264	4.49e-46	158
WP_000034420.1	263	k121_957182_1	N/A	36.260	98	262	7.54e-46	158
WP_000034420.1	263	k121_1750343_6	N/A	35.249	98	261	2.17e-45	157
WP_000034420.1	263	k121_817655_2	N/A	37.500	99	264	1.03e-44	157
WP_000034420.1	263	k121_1309043_2	N/A	35.743	93	249	2.45e-44	153
WP_000034420.1	263	k121_1286000_4	N/A	33.452	97	281	5.30e-44	153
WP_000034420.1	263	k121_1816822_5	N/A	38.783	99	263	1.37e-43	152
WP_000034420.1	263	k121_1061407_2	N/A	35.985	99	264	2.04e-43	151
WP_000034420.1	263	k121_1292119_2	N/A	34.866	99	261	3.03e-43	151
WP_000034420.1	263	k121_1585239_12	N/A	35.897	99	273	3.54e-43	152
WP_000034420.1	263	k121_34340_55	N/A	34.848	98	264	2.11e-42	149
WP_000034420.1	263	k121_912971_2	N/A	37.850	81	214	4.93e-42	146
WP_000034420.1	263	k121_355671_2	N/A	33.462	98	260	9.74e-42	146
WP_000034420.1	263	k121_598457_2	N/A	32.576	97	264	3.07e-41	145
WP_000034420.1	263	k121_1156913_48	N/A	36.694	94	248	9.25e-40	144
WP_000034420.1	263	k121_432101_2	N/A	33.074	97	257	2.39e-39	140
WP_000034420.1	263	k121_965057_39	N/A	32.830	98	265	7.05e-39	140
WP_000034420.1	263	k121_1661527_3	N/A	32.342	99	269	8.13e-39	139
WP_000034420.1	263	k121_1342056_1	N/A	35.458	94	251	3.07e-38	137
WP_000034420.1	263	k121_519817_1	N/A	31.250	95	256	7.05e-38	136
WP_000034420.1	263	k121_1402590_43	N/A	32.472	99	271	2.57e-37	136
WP_000034420.1	263	k121_675776_22	N/A	36.364	97	264	6.58e-37	134
WP_000034420.1	263	k121_1859517_2	N/A	34.199	87	231	3.70e-36	131
WP_000034420.1	263	k121_1528978_2	N/A	34.328	99	268	1.16e-35	131
WP_000034420.1	263	k121_359263_2	N/A	33.475	89	236	2.52e-35	129
WP_000034420.1	263	k121_1149440_2	N/A	29.811	98	265	2.86e-35	132
WP_000034420.1	263	k121_326000_2	N/A	30.534	99	262	3.44e-35	132
WP_000034420.1	263	k121_666056_6	N/A	32.830	98	265	4.32e-35	130
WP_000034420.1	263	k121_401643_3	N/A	33.333	99	264	6.10e-35	129
WP_000034420.1	263	k121_169062_50	N/A	32.075	98	265	8.21e-35	129
WP_000034420.1	263	k121_251020_4	N/A	30.534	99	262	1.60e-34	130
WP_000034420.1	263	k121_895501_2	N/A	33.582	98	268	3.30e-34	127
WP_000034420.1	263	k121_1928488_2	N/A	32.197	99	264	3.51e-34	129
WP_000034420.1	263	k121_1261362_1	N/A	32.197	98	264	4.84e-34	128
WP_000034420.1	263	k121_1856741_2	N/A	30.682	98	264	7.92e-34	127
WP_000034420.1	263	k121_340412_8	N/A	33.208	98	265	9.57e-34	127
WP_000034420.1	263	k121_1166891_1	N/A	27.925	100	265	1.02e-33	127
WP_000034420.1	263	k121_1386631_1	N/A	30.072	99	276	1.04e-33	127
WP_000034420.1	263	k121_652687_1	N/A	31.273	97	275	1.05e-32	124
WP_000034420.1	263	k121_1306417_18	N/A	29.348	99	276	3.46e-32	123
WP_000034420.1	263	k121_1621745_15	N/A	30.303	98	264	3.96e-32	122
WP_000034420.1	263	k121_1206095_2	N/A	31.321	98	265	2.72e-31	120
WP_000034420.1	263	k121_1757269_1	N/A	32.222	98	270	3.84e-31	121
WP_000034420.1	263	k121_1577305_1	N/A	35.160	82	219	4.30e-31	117
WP_000034420.1	263	k121_1031484_2	N/A	29.851	99	268	4.35e-31	121
WP_000034420.1	263	k121_111336_2	N/A	31.522	99	276	1.11e-30	119
WP_000034420.1	263	k121_1309388_1	N/A	44.882	48	127	1.55e-30	114
WP_000034420.1	263	k121_1589465_9	N/A	31.061	99	264	1.76e-30	119
WP_000034420.1	263	k121_1616195_2	N/A	30.837	84	227	4.10e-30	115
WP_000034420.1	263	k121_374983_2	N/A	33.068	94	251	4.51e-30	117
WP_000034420.1	263	k121_989850_2	N/A	32.819	97	259	4.61e-30	116
WP_000034420.1	263	k121_1047376_18	N/A	29.434	98	265	5.57e-30	116
WP_000034420.1	263	k121_1097702_1	N/A	32.210	99	267	6.52e-30	115
WP_000034420.1	263	k121_1309383_1	N/A	44.094	48	127	2.25e-29	111
WP_000034420.1	263	k121_1615567_3	N/A	29.924	98	264	2.52e-29	115
WP_000034420.1	263	k121_1544916_2	N/A	30.224	99	268	3.17e-29	116
WP_000034420.1	263	k121_321068_2	N/A	37.097	70	186	4.56e-29	112
WP_000034420.1	263	k121_1818189_2	N/A	30.038	99	263	5.84e-29	114
WP_000034420.1	263	k121_523104_39	N/A	31.076	94	251	6.02e-29	114
WP_000034420.1	263	k121_1530661_1	N/A	35.294	76	204	1.27e-28	110
WP_000034420.1	263	k121_994949_2	N/A	35.829	70	187	2.66e-28	112
WP_000034420.1	263	k121_501620_7	N/A	45.378	45	119	3.24e-27	104
WP_000034420.1	263	k121_1429528_1	N/A	29.699	99	266	4.25e-27	110
WP_000034420.1	263	k121_1565074_4	N/A	29.231	97	260	4.29e-27	109
WP_000034420.1	263	k121_582487_6	N/A	28.996	97	269	1.31e-26	107
WP_000034420.1	263	k121_1224806_2	N/A	29.528	95	254	1.91e-26	106
WP_000034420.1	263	k121_1549023_2	N/A	29.924	99	264	2.55e-26	106
WP_000034420.1	263	k121_1679656_1	N/A	39.200	47	125	3.55e-26	103
WP_000034420.1	263	k121_247785_13	N/A	30.418	98	263	5.10e-26	106
WP_000034420.1	263	k121_1097663_2	N/A	29.924	98	264	8.01e-26	105
WP_000034420.1	263	k121_1342273_1	N/A	32.877	81	219	3.46e-25	102
WP_000034420.1	263	k121_1599262_5	N/A	29.762	94	252	5.11e-25	103
WP_000034420.1	263	k121_1851864_1	N/A	41.985	48	131	1.52e-24	102
WP_000034420.1	263	k121_1807303_2	N/A	42.308	39	104	4.87e-24	96.3
WP_000034420.1	263	k121_1965276_1	N/A	28.205	88	234	1.19e-23	99.0
WP_000034420.1	263	k121_1906716_2	N/A	29.070	97	258	1.24e-23	99.8
WP_000034420.1	263	k121_1611486_1	N/A	38.400	47	125	2.23e-23	95.9
WP_000034420.1	263	k121_1609019_89	N/A	36.686	63	169	2.87e-23	96.3
WP_000034420.1	263	k121_1313622_1	N/A	32.967	68	182	3.21e-23	96.7
WP_000034420.1	263	k121_1501698_1	N/A	33.333	65	174	4.42e-21	90.5
WP_000034420.1	263	k121_396732_4	N/A	29.119	98	261	1.14e-20	91.7
WP_000034420.1	263	k121_792561_2	N/A	26.861	98	309	2.53e-20	92.0
WP_000034420.1	263	k121_1516884_1	N/A	29.134	94	254	5.94e-20	90.9
WP_000034420.1	263	k121_1760062_25	N/A	26.966	97	267	1.71e-19	89.0
WP_000034420.1	263	k121_570775_3	N/A	38.679	40	106	7.14e-19	83.2
WP_000034420.1	263	k121_1128428_1	N/A	29.020	95	255	8.51e-19	86.3
WP_000034420.1	263	k121_1800776_1	N/A	30.723	62	166	2.06e-18	83.6
WP_000034420.1	263	k121_509383_1	N/A	35.714	48	126	2.45e-18	84.3
WP_000034420.1	263	k121_549072_3	N/A	30.189	77	212	3.01e-18	84.0
WP_000034420.1	263	k121_328590_1	N/A	39.623	40	106	4.09e-18	81.3
WP_000034420.1	263	k121_873433_2	N/A	27.184	77	206	1.39e-17	83.6
WP_000034420.1	263	k121_704065_1	N/A	32.331	50	133	5.46e-17	78.6
WP_000034420.1	263	k121_266313_8	N/A	34.395	59	157	4.84e-15	73.9
WP_000034420.1	263	k121_1419254_7	N/A	35.714	53	140	8.55e-14	70.5
WP_000034420.1	263	k121_998904_2	N/A	29.730	55	148	4.64e-13	68.9
WP_000034420.1	263	k121_1618004_2	N/A	36.364	29	77	1.91e-12	65.1
WP_000034420.1	263	k121_992148_1	N/A	29.004	86	231	2.62e-12	68.2
WP_000034420.1	263	k121_1235426_1	N/A	27.451	58	153	4.18e-11	63.2
WP_000034420.1	263	k121_749332_5	N/A	42.574	38	101	6.64e-11	61.2
WP_000034420.1	263	k121_1342821_1	N/A	27.811	62	169	1.49e-10	62.0
WP_000034420.1	263	k121_1403892_4	N/A	49.091	21	55	2.18e-10	58.5
WP_000034420.1	263	k121_1148066_2	N/A	27.174	70	184	2.52e-10	61.6
WP_000034420.1	263	k121_71296_1	N/A	37.500	27	72	1.89e-09	56.6
WP_000034420.1	263	k121_953634_2	N/A	33.000	38	100	1.39e-07	52.0
WP_000034420.1	263	k121_647747_7	N/A	29.747	58	158	1.96e-07	53.1
WP_000034420.1	263	k121_1058117_1	N/A	32.673	38	101	3.44e-05	45.4
WP_000034420.1	263	k121_204093_1	N/A	36.471	32	85	8.30e-05	44.3
WP_000034420.1	263	k121_1289098_3	N/A	37.500	24	64	8.65e-05	43.5
WP_000034420.1	263	k121_109388_10	N/A	39.394	25	66	9.85e-05	43.1
WP_000034420.1	263	k121_528974_1	N/A	45.000	23	60	1.06e-04	43.1
WP_000034420.1	263	k121_1060784_2	N/A	32.051	29	78	4.21e-04	41.6
WP_000845048.1	337	k121_5586_1	N/A	99.703	100	337	0.0	681
WP_000845048.1	337	k121_1691842_4	N/A	77.341	98	331	0.0	543
WP_000845048.1	337	k121_1723044_3	N/A	75.455	98	330	0.0	508
WP_000845048.1	337	k121_1592043_2	N/A	72.783	97	327	5.27e-177	497
WP_000845048.1	337	k121_180290_1	N/A	73.163	93	313	7.33e-168	472
WP_000845048.1	337	k121_378658_2	N/A	69.620	94	316	1.42e-163	462
WP_000845048.1	337	k121_714257_2	N/A	70.062	96	324	2.76e-163	462
WP_000845048.1	337	k121_1823116_2	N/A	63.050	95	341	2.15e-146	422
WP_000845048.1	337	k121_1258716_3	N/A	60.597	97	335	3.22e-142	411
WP_000845048.1	337	k121_781139_1	N/A	62.229	94	323	8.78e-139	402
WP_000845048.1	337	k121_1446907_1	N/A	62.776	91	317	1.23e-135	393
WP_000845048.1	337	k121_1453018_3	N/A	61.250	95	320	3.16e-135	390
WP_000845048.1	337	k121_1653408_1	N/A	59.810	94	316	1.78e-133	385
WP_000845048.1	337	k121_126120_3	N/A	59.574	98	329	2.78e-133	387
WP_000845048.1	337	k121_1294082_1	N/A	97.872	56	188	1.89e-130	372
WP_000845048.1	337	k121_483916_1	N/A	60.870	96	322	1.10e-129	377
WP_000845048.1	337	k121_94380_1	N/A	59.177	94	316	2.79e-129	375
WP_000845048.1	337	k121_953452_4	N/A	58.228	94	316	9.86e-122	356
WP_000845048.1	337	k121_1650293_2	N/A	56.402	97	328	1.02e-119	351
WP_000845048.1	337	k121_971370_1	N/A	60.068	85	293	8.41e-117	344
WP_000845048.1	337	k121_260490_94	N/A	55.452	95	321	1.32e-116	344
WP_000845048.1	337	k121_530279_19	N/A	53.750	95	320	1.80e-113	336
WP_000845048.1	337	k121_378574_2	N/A	53.231	96	325	4.87e-110	326
WP_000845048.1	337	k121_114021_1	N/A	62.400	74	250	3.76e-105	311
WP_000845048.1	337	k121_1531956_1	N/A	50.784	95	319	3.87e-104	313
WP_000845048.1	337	k121_1093_7	N/A	48.438	95	320	1.37e-98	297
WP_000845048.1	337	k121_77305_2	N/A	52.396	93	313	1.06e-97	298
WP_000845048.1	337	k121_40571_8	N/A	49.527	94	317	2.91e-97	294
WP_000845048.1	337	k121_482520_2	N/A	50.000	93	314	1.97e-91	279
WP_000845048.1	337	k121_133309_2	N/A	47.603	87	292	1.15e-88	270
WP_000845048.1	337	k121_1532773_2	N/A	63.107	61	206	9.05e-88	265
WP_000845048.1	337	k121_291079_1	N/A	60.538	64	223	1.34e-86	263
WP_000845048.1	337	k121_1061214_1	N/A	47.516	93	322	2.04e-85	263
WP_000845048.1	337	k121_1244966_2	N/A	63.636	59	198	3.48e-84	258
WP_000845048.1	337	k121_997837_2	N/A	47.386	91	306	4.92e-81	255
WP_000845048.1	337	k121_1918307_1	N/A	57.277	62	213	1.60e-76	237
WP_000845048.1	337	k121_57894_2	N/A	53.750	71	240	2.49e-76	238
WP_000845048.1	337	k121_1443342_2	N/A	58.730	56	189	9.52e-74	229
WP_000845048.1	337	k121_215832_1	N/A	50.000	74	250	1.50e-69	220
WP_000845048.1	337	k121_1246518_1	N/A	44.358	76	257	6.30e-64	209
WP_000845048.1	337	k121_1253561_1	N/A	57.377	54	183	1.92e-62	200
WP_000845048.1	337	k121_1499499_2	N/A	59.770	49	174	2.01e-62	200
WP_000845048.1	337	k121_78360_1	N/A	74.590	36	122	6.38e-62	196
WP_000845048.1	337	k121_40571_7	N/A	45.487	81	277	2.00e-61	200
WP_000845048.1	337	k121_1664884_2	N/A	47.826	55	184	1.69e-57	187
WP_000845048.1	337	k121_541909_2	N/A	63.636	42	143	2.94e-57	185
WP_000845048.1	337	k121_627190_20	N/A	57.500	47	160	1.15e-56	184
WP_000845048.1	337	k121_773013_2	N/A	54.651	49	172	2.46e-55	181
WP_000845048.1	337	k121_395234_3	N/A	47.248	64	218	3.34e-55	182
WP_000845048.1	337	k121_894724_2	N/A	57.407	47	162	3.99e-54	178
WP_000845048.1	337	k121_1833308_1	N/A	50.568	52	176	1.30e-52	174
WP_000845048.1	337	k121_793001_3	N/A	69.106	36	123	4.74e-51	169
WP_000845048.1	337	k121_1233951_1	N/A	46.119	65	219	9.08e-51	171
WP_000845048.1	337	k121_159070_1	N/A	34.323	90	303	7.56e-46	161
WP_000845048.1	337	k121_623513_2	N/A	35.258	97	329	2.47e-44	156
WP_000845048.1	337	k121_1738034_2	N/A	69.524	31	105	3.17e-44	153
WP_000845048.1	337	k121_1876533_1	N/A	47.120	56	191	3.90e-44	153
WP_000845048.1	337	k121_292415_1	N/A	46.512	51	172	5.00e-43	151
WP_000845048.1	337	k121_886230_1	N/A	33.681	85	288	6.11e-43	152
WP_000845048.1	337	k121_1527409_2	N/A	50.000	45	152	2.04e-42	147
WP_000845048.1	337	k121_1190554_1	N/A	47.115	61	208	9.59e-42	147
WP_000845048.1	337	k121_1634167_1	N/A	31.847	92	314	7.28e-41	153
WP_000845048.1	337	k121_111858_2	N/A	33.121	93	314	2.26e-40	147
WP_000845048.1	337	k121_962923_2	N/A	31.210	92	314	2.43e-40	145
WP_000845048.1	337	k121_435179_2	N/A	31.231	97	333	1.24e-38	143
WP_000845048.1	337	k121_1903191_2	N/A	67.347	29	98	6.86e-38	134
WP_000845048.1	337	k121_456562_1	N/A	30.218	95	321	2.50e-36	135
WP_000845048.1	337	k121_1473725_4	N/A	34.030	99	335	3.23e-36	135
WP_000845048.1	337	k121_98753_2	N/A	32.343	89	303	6.54e-36	134
WP_000845048.1	337	k121_280499_4	N/A	34.125	99	337	1.17e-35	134
WP_000845048.1	337	k121_1524991_2	N/A	32.667	88	300	1.88e-35	134
WP_000845048.1	337	k121_1837034_1	N/A	31.707	97	328	2.22e-35	137
WP_000845048.1	337	k121_1882086_3	N/A	30.435	95	322	2.25e-35	134
WP_000845048.1	337	k121_846972_1	N/A	30.818	93	318	2.59e-35	135
WP_000845048.1	337	k121_460267_2	N/A	30.000	97	330	3.82e-35	135
WP_000845048.1	337	k121_737466_1	N/A	32.831	98	332	1.40e-34	131
WP_000845048.1	337	k121_1828654_2	N/A	33.133	98	332	2.25e-34	130
WP_000845048.1	337	k121_199862_1	N/A	32.036	98	334	1.05e-33	129
WP_000845048.1	337	k121_244517_1	N/A	29.688	94	320	1.08e-33	128
WP_000845048.1	337	k121_1532773_3	N/A	63.158	27	95	1.34e-33	122
WP_000845048.1	337	k121_1703579_2	N/A	32.895	89	304	1.49e-33	129
WP_000845048.1	337	k121_1781800_3	N/A	55.963	32	109	5.10e-33	122
WP_000845048.1	337	k121_1077511_1	N/A	28.994	98	338	6.51e-33	129
WP_000845048.1	337	k121_1210014_2	N/A	33.115	90	305	1.42e-32	125
WP_000845048.1	337	k121_1547659_4	N/A	71.605	24	81	1.43e-32	119
WP_000845048.1	337	k121_1932644_1	N/A	30.952	85	294	5.55e-32	123
WP_000845048.1	337	k121_1476454_1	N/A	30.233	88	301	5.69e-32	123
WP_000845048.1	337	k121_321056_3	N/A	32.509	84	283	5.98e-32	124
WP_000845048.1	337	k121_1250616_6	N/A	27.632	90	304	1.39e-31	124
WP_000845048.1	337	k121_292475_10	N/A	32.278	93	316	1.69e-31	124
WP_000845048.1	337	k121_1800864_34	N/A	34.764	67	233	2.19e-31	123
WP_000845048.1	337	k121_1229596_3	N/A	32.390	93	318	3.31e-31	122
WP_000845048.1	337	k121_1219336_1	N/A	33.858	75	254	7.60e-31	119
WP_000845048.1	337	k121_200149_1	N/A	33.224	90	304	8.47e-31	120
WP_000845048.1	337	k121_1903462_3	N/A	27.778	90	306	5.00e-30	119
WP_000845048.1	337	k121_1052659_2	N/A	44.898	44	147	5.21e-30	119
WP_000845048.1	337	k121_1471234_1	N/A	32.733	97	333	7.88e-30	118
WP_000845048.1	337	k121_1490192_2	N/A	27.744	95	328	9.61e-30	119
WP_000845048.1	337	k121_1920141_13	N/A	31.928	98	332	1.98e-29	119
WP_000845048.1	337	k121_783935_2	N/A	33.548	90	310	2.63e-29	117
WP_000845048.1	337	k121_1776645_2	N/A	28.615	94	325	3.30e-29	117
WP_000845048.1	337	k121_162741_1	N/A	32.673	90	303	3.86e-29	116
WP_000845048.1	337	k121_161603_2	N/A	32.362	88	309	5.64e-29	117
WP_000845048.1	337	k121_1154181_1	N/A	33.134	99	335	9.20e-29	115
WP_000845048.1	337	k121_514752_1	N/A	29.607	97	331	1.11e-28	117
WP_000845048.1	337	k121_1655729_1	N/A	32.237	90	304	1.48e-28	116
WP_000845048.1	337	k121_1887273_2	N/A	31.343	99	335	2.23e-28	114
WP_000845048.1	337	k121_1434280_2	N/A	31.229	88	301	2.98e-28	114
WP_000845048.1	337	k121_528078_1	N/A	30.539	94	334	3.21e-28	114
WP_000845048.1	337	k121_1797618_2	N/A	27.445	93	317	3.83e-28	114
WP_000845048.1	337	k121_1774982_7	N/A	29.653	93	317	7.20e-28	115
WP_000845048.1	337	k121_1122215_1	N/A	53.846	31	104	1.35e-27	108
WP_000845048.1	337	k121_1872792_2	N/A	26.935	94	323	2.14e-27	112
WP_000845048.1	337	k121_1955266_2	N/A	38.565	66	223	2.80e-27	109
WP_000845048.1	337	k121_1781800_2	N/A	31.173	96	324	4.96e-27	111
WP_000845048.1	337	k121_988715_2	N/A	50.394	36	127	1.32e-26	105
WP_000845048.1	337	k121_1599887_1	N/A	30.035	82	283	1.33e-26	109
WP_000845048.1	337	k121_318350_1	N/A	33.333	64	219	4.24e-26	106
WP_000845048.1	337	k121_420863_4	N/A	28.660	95	321	1.13e-25	108
WP_000845048.1	337	k121_1086392_2	N/A	29.682	81	283	1.46e-25	107
WP_000845048.1	337	k121_1955231_11	N/A	30.038	75	263	2.25e-25	106
WP_000845048.1	337	k121_1165636_2	N/A	32.114	69	246	2.75e-25	107
WP_000845048.1	337	k121_1084274_1	N/A	31.325	97	332	3.49e-25	105
WP_000845048.1	337	k121_162478_1	N/A	29.338	93	317	3.66e-25	105
WP_000845048.1	337	k121_966448_1	N/A	28.364	77	275	4.11e-25	106
WP_000845048.1	337	k121_18551_3	N/A	34.562	63	217	4.16e-25	105
WP_000845048.1	337	k121_1078976_2	N/A	33.088	77	272	4.55e-25	105
WP_000845048.1	337	k121_586861_2	N/A	34.091	64	220	7.18e-25	103
WP_000845048.1	337	k121_912680_1	N/A	32.812	91	320	8.76e-25	105
WP_000845048.1	337	k121_847979_2	N/A	31.102	73	254	2.24e-24	103
WP_000845048.1	337	k121_911447_122	N/A	31.010	81	287	2.33e-24	103
WP_000845048.1	337	k121_635092_10	N/A	33.574	76	277	3.34e-24	103
WP_000845048.1	337	k121_101197_2	N/A	27.211	83	294	4.18e-24	103
WP_000845048.1	337	k121_1033401_1	N/A	37.383	63	214	4.21e-24	101
WP_000845048.1	337	k121_399548_4	N/A	37.615	63	218	4.72e-24	103
WP_000845048.1	337	k121_220681_5	N/A	30.882	77	272	4.83e-24	103
WP_000845048.1	337	k121_1927684_11	N/A	35.433	72	254	1.02e-23	102
WP_000845048.1	337	k121_1176112_1	N/A	34.694	57	196	1.87e-23	97.8
WP_000845048.1	337	k121_733317_1	N/A	35.160	63	219	3.32e-23	98.6
WP_000845048.1	337	k121_718388_39	N/A	31.438	85	299	3.79e-23	100
WP_000845048.1	337	k121_89053_1	N/A	32.258	73	248	3.97e-23	99.0
WP_000845048.1	337	k121_622806_3	N/A	31.208	85	298	5.59e-23	100
WP_000845048.1	337	k121_776628_1	N/A	28.197	89	305	5.95e-23	100
WP_000845048.1	337	k121_1882110_2	N/A	33.641	64	217	1.34e-22	96.3
WP_000845048.1	337	k121_74164_1	N/A	27.425	85	299	1.56e-22	99.4
WP_000845048.1	337	k121_547940_2	N/A	32.364	78	275	2.63e-22	98.6
WP_000845048.1	337	k121_733060_136	N/A	35.909	64	220	3.73e-22	98.6
WP_000845048.1	337	k121_987793_2	N/A	36.413	55	184	5.74e-22	96.3
WP_000845048.1	337	k121_66768_2	N/A	32.569	62	218	9.10e-22	96.3
WP_000845048.1	337	k121_1455488_2	N/A	34.061	66	229	9.39e-22	96.7
WP_000845048.1	337	k121_1564710_2	N/A	34.545	64	220	9.68e-22	94.7
WP_000845048.1	337	k121_838323_4	N/A	33.945	63	218	9.71e-22	96.7
WP_000845048.1	337	k121_633624_1	N/A	30.877	81	285	1.13e-21	96.3
WP_000845048.1	337	k121_1207568_2	N/A	30.164	85	305	1.70e-21	95.9
WP_000845048.1	337	k121_165899_2	N/A	58.824	20	85	1.93e-21	90.1
WP_000845048.1	337	k121_436325_1	N/A	35.088	66	228	2.15e-21	93.6
WP_000845048.1	337	k121_614477_1	N/A	29.644	74	253	2.17e-21	94.0
WP_000845048.1	337	k121_1649908_21	N/A	30.038	73	263	2.87e-21	95.9
WP_000845048.1	337	k121_72511_160	N/A	30.450	81	289	3.29e-21	95.5
WP_000845048.1	337	k121_823668_1	N/A	36.957	55	184	3.57e-21	92.4
WP_000845048.1	337	k121_1426709_2	N/A	33.178	62	214	3.75e-21	94.4
WP_000845048.1	337	k121_834544_4	N/A	29.474	81	285	4.48e-21	95.1
WP_000845048.1	337	k121_302112_5	N/A	37.500	55	184	4.59e-21	95.1
WP_000845048.1	337	k121_658166_2	N/A	33.708	75	267	6.07e-21	94.7
WP_000845048.1	337	k121_516229_2	N/A	32.210	76	267	6.22e-21	95.1
WP_000845048.1	337	k121_818544_1	N/A	30.822	79	292	8.94e-21	94.4
WP_000845048.1	337	k121_1792172_2	N/A	30.909	65	220	9.28e-21	94.4
WP_000845048.1	337	k121_1963209_3	N/A	26.087	85	299	9.89e-21	94.0
WP_000845048.1	337	k121_1961082_2	N/A	34.434	61	212	1.21e-20	93.6
WP_000845048.1	337	k121_1518813_4	N/A	27.372	78	274	1.45e-20	93.6
WP_000845048.1	337	k121_1258096_2	N/A	29.455	78	275	1.50e-20	92.8
WP_000845048.1	337	k121_1533543_19	N/A	27.302	88	315	1.66e-20	93.2
WP_000845048.1	337	k121_1783506_2	N/A	29.703	85	303	1.84e-20	93.2
WP_000845048.1	337	k121_1939490_2	N/A	30.392	85	306	2.27e-20	93.6
WP_000845048.1	337	k121_472138_4	N/A	27.848	88	316	3.68e-20	92.4
WP_000845048.1	337	k121_607712_1	N/A	31.687	69	243	3.80e-20	92.4
WP_000845048.1	337	k121_1285422_1	N/A	38.043	55	184	4.84e-20	92.4
WP_000845048.1	337	k121_858506_2	N/A	33.091	76	275	5.21e-20	92.4
WP_000845048.1	337	k121_347568_5	N/A	30.455	64	220	5.36e-20	92.0
WP_000845048.1	337	k121_1539995_119	N/A	27.007	79	274	5.67e-20	92.0
WP_000845048.1	337	k121_1606457_1	N/A	52.874	24	87	6.97e-20	85.9
WP_000845048.1	337	k121_1356419_4	N/A	35.111	64	225	7.08e-20	91.7
WP_000845048.1	337	k121_363623_3	N/A	27.575	83	301	1.01e-19	91.3
WP_000845048.1	337	k121_1175505_2	N/A	30.942	64	223	1.05e-19	91.7
WP_000845048.1	337	k121_1547962_21	N/A	28.235	72	255	1.09e-19	91.3
WP_000845048.1	337	k121_1878371_3	N/A	34.759	55	187	1.47e-19	90.5
WP_000845048.1	337	k121_691801_1	N/A	34.529	64	223	1.69e-19	91.3
WP_000845048.1	337	k121_582616_1	N/A	29.000	84	300	1.87e-19	90.5
WP_000845048.1	337	k121_231408_2	N/A	28.763	85	299	2.98e-19	89.7
WP_000845048.1	337	k121_1017562_7	N/A	30.855	76	269	3.01e-19	90.1
WP_000845048.1	337	k121_593402_2	N/A	34.298	70	242	3.30e-19	88.6
WP_000845048.1	337	k121_1686431_2	N/A	28.772	79	285	3.97e-19	90.1
WP_000845048.1	337	k121_1235521_52	N/A	30.719	85	306	3.99e-19	90.1
WP_000845048.1	337	k121_1074553_5	N/A	34.579	62	214	4.23e-19	89.4
WP_000845048.1	337	k121_100497_21	N/A	29.655	82	290	4.43e-19	89.4
WP_000845048.1	337	k121_276817_6	N/A	31.418	77	261	4.74e-19	88.2
WP_000845048.1	337	k121_366273_1	N/A	43.689	31	103	4.74e-19	84.7
WP_000845048.1	337	k121_270434_1	N/A	30.897	85	301	5.12e-19	89.0
WP_000845048.1	337	k121_1181923_65	N/A	25.902	87	305	6.28e-19	89.0
WP_000845048.1	337	k121_415337_2	N/A	34.783	55	184	6.41e-19	89.0
WP_000845048.1	337	k121_1912262_4	N/A	27.857	80	280	1.09e-18	88.2
WP_000845048.1	337	k121_402192_1	N/A	36.842	50	171	1.26e-18	85.9
WP_000845048.1	337	k121_1134175_2	N/A	33.023	62	215	1.29e-18	88.2
WP_000845048.1	337	k121_395234_2	N/A	59.722	21	72	1.73e-18	84.7
WP_000845048.1	337	k121_1188628_2	N/A	34.783	55	184	2.22e-18	87.4
WP_000845048.1	337	k121_799256_3	N/A	29.630	77	270	2.29e-18	87.8
WP_000845048.1	337	k121_837498_2	N/A	30.833	71	240	2.44e-18	86.3
WP_000845048.1	337	k121_231744_2	N/A	23.826	85	298	2.55e-18	87.4
WP_000845048.1	337	k121_1482702_1	N/A	34.759	55	187	2.76e-18	87.0
WP_000845048.1	337	k121_1142539_3	N/A	35.326	55	184	2.85e-18	87.0
WP_000845048.1	337	k121_149900_1	N/A	23.529	90	306	3.15e-18	86.7
WP_000845048.1	337	k121_807823_2	N/A	32.961	53	179	4.03e-18	87.0
WP_000845048.1	337	k121_378515_2	N/A	31.502	77	273	4.05e-18	86.7
WP_000845048.1	337	k121_411149_5	N/A	25.839	82	298	4.32e-18	86.3
WP_000845048.1	337	k121_1452657_3	N/A	35.931	64	231	4.40e-18	86.7
WP_000845048.1	337	k121_684463_1	N/A	29.720	84	286	4.45e-18	87.4
WP_000845048.1	337	k121_8002_10	N/A	25.566	86	309	5.60e-18	86.3
WP_000845048.1	337	k121_1854564_1	N/A	35.047	62	214	6.02e-18	84.0
WP_000845048.1	337	k121_678898_4	N/A	35.909	63	220	7.76e-18	86.3
WP_000845048.1	337	k121_576390_1	N/A	25.784	82	287	7.84e-18	85.9
WP_000845048.1	337	k121_340445_1	N/A	51.765	25	85	1.07e-17	80.5
WP_000845048.1	337	k121_1740092_6	N/A	27.243	85	301	1.33e-17	85.1
WP_000845048.1	337	k121_1276993_6	N/A	31.050	64	219	1.45e-17	85.1
WP_000845048.1	337	k121_915628_3	N/A	31.636	78	275	1.49e-17	84.3
WP_000845048.1	337	k121_7771_2	N/A	29.197	78	274	1.71e-17	85.1
WP_000845048.1	337	k121_1170562_4	N/A	31.923	74	260	2.22e-17	84.7
WP_000845048.1	337	k121_1204148_1	N/A	30.734	62	218	2.31e-17	83.6
WP_000845048.1	337	k121_72128_3	N/A	29.595	89	321	2.52e-17	84.3
WP_000845048.1	337	k121_931693_2	N/A	31.604	61	212	2.92e-17	84.3
WP_000845048.1	337	k121_1060377_2	N/A	27.241	81	290	3.79e-17	84.3
WP_000845048.1	337	k121_1483290_1	N/A	28.022	53	182	3.97e-17	85.1
WP_000845048.1	337	k121_165811_3	N/A	32.558	62	215	4.30e-17	84.0
WP_000845048.1	337	k121_824184_55	N/A	26.022	77	269	4.73e-17	84.0
WP_000845048.1	337	k121_1534961_16	N/A	31.364	62	220	5.89e-17	83.6
WP_000845048.1	337	k121_1269396_1	N/A	58.904	22	73	5.98e-17	79.3
WP_000845048.1	337	k121_1485927_4	N/A	27.982	63	218	6.57e-17	83.6
WP_000845048.1	337	k121_245477_28	N/A	36.517	53	178	7.06e-17	83.6
WP_000845048.1	337	k121_758481_17	N/A	32.273	63	220	7.08e-17	83.2
WP_000845048.1	337	k121_1344813_5	N/A	29.603	77	277	7.16e-17	82.8
WP_000845048.1	337	k121_501164_3	N/A	34.615	54	182	7.68e-17	83.2
WP_000845048.1	337	k121_753488_3	N/A	31.250	83	304	8.19e-17	82.4
WP_000845048.1	337	k121_724373_1	N/A	31.618	77	272	1.04e-16	82.8
WP_000845048.1	337	k121_124854_2	N/A	28.146	88	302	1.54e-16	81.6
WP_000845048.1	337	k121_1612492_3	N/A	23.920	85	301	1.67e-16	82.0
WP_000845048.1	337	k121_312007_2	N/A	31.132	61	212	1.80e-16	82.0
WP_000845048.1	337	k121_866312_2	N/A	31.163	62	215	1.91e-16	82.0
WP_000845048.1	337	k121_1260944_3	N/A	29.667	85	300	2.20e-16	81.6
WP_000845048.1	337	k121_1810607_13	N/A	30.928	82	291	2.21e-16	81.6
WP_000845048.1	337	k121_727985_2	N/A	30.000	77	280	2.73e-16	81.6
WP_000845048.1	337	k121_438296_2	N/A	25.879	85	313	2.75e-16	81.6
WP_000845048.1	337	k121_1730656_5	N/A	29.911	63	224	3.22e-16	81.3
WP_000845048.1	337	k121_1416955_2	N/A	27.463	93	335	3.47e-16	81.6
WP_000845048.1	337	k121_1532911_2	N/A	31.963	62	219	3.75e-16	80.9
WP_000845048.1	337	k121_1480841_1	N/A	25.000	74	264	4.49e-16	80.9
WP_000845048.1	337	k121_1132817_1	N/A	34.703	63	219	4.58e-16	80.9
WP_000845048.1	337	k121_743420_3	N/A	27.647	91	340	5.58e-16	81.3
WP_000845048.1	337	k121_948967_2	N/A	30.072	77	276	6.98e-16	80.5
WP_000845048.1	337	k121_524763_20	N/A	32.014	77	278	7.73e-16	80.1
WP_000845048.1	337	k121_1050643_2	N/A	31.522	78	276	7.81e-16	80.1
WP_000845048.1	337	k121_1417049_8	N/A	24.662	82	296	8.12e-16	79.7
WP_000845048.1	337	k121_1751683_3	N/A	25.168	83	298	8.57e-16	80.1
WP_000845048.1	337	k121_1920736_2	N/A	28.391	88	317	8.84e-16	80.1
WP_000845048.1	337	k121_1153221_3	N/A	29.412	64	221	9.17e-16	79.0
WP_000845048.1	337	k121_1790047_1	N/A	26.821	88	302	1.38e-15	79.0
WP_000845048.1	337	k121_893344_1	N/A	56.716	20	67	1.55e-15	75.5
WP_000845048.1	337	k121_872936_3	N/A	35.593	53	177	1.70e-15	76.3
WP_000845048.1	337	k121_1306091_27	N/A	27.841	52	176	2.46e-15	78.6
WP_000845048.1	337	k121_1715709_3	N/A	25.778	64	225	2.58e-15	78.6
WP_000845048.1	337	k121_368851_16	N/A	27.820	76	266	2.59e-15	78.6
WP_000845048.1	337	k121_1734555_2	N/A	45.570	23	79	3.01e-15	74.7
WP_000845048.1	337	k121_155939_15	N/A	32.184	51	174	3.75e-15	75.5
WP_000845048.1	337	k121_1620235_16	N/A	25.402	88	311	3.77e-15	78.2
WP_000845048.1	337	k121_755139_3	N/A	33.908	52	174	3.90e-15	75.1
WP_000845048.1	337	k121_1478907_2	N/A	28.837	62	215	4.69e-15	78.2
WP_000845048.1	337	k121_2067_1	N/A	25.497	85	302	5.21e-15	77.8
WP_000845048.1	337	k121_1525143_3	N/A	30.769	62	221	5.88e-15	77.8
WP_000845048.1	337	k121_59083_2	N/A	34.831	53	178	6.30e-15	77.8
WP_000845048.1	337	k121_64493_15	N/A	26.183	89	317	6.33e-15	77.8
WP_000845048.1	337	k121_1480720_1	N/A	35.870	54	184	7.47e-15	74.7
WP_000845048.1	337	k121_1951916_3	N/A	29.299	86	314	7.62e-15	77.4
WP_000845048.1	337	k121_269404_2	N/A	30.144	61	209	9.49e-15	77.4
WP_000845048.1	337	k121_568481_2	N/A	29.218	69	243	1.22e-14	77.0
WP_000845048.1	337	k121_621515_3	N/A	28.016	74	257	1.36e-14	75.5
WP_000845048.1	337	k121_263303_1	N/A	29.605	84	304	1.50e-14	76.3
WP_000845048.1	337	k121_1497242_2	N/A	25.402	86	311	1.57e-14	76.6
WP_000845048.1	337	k121_1770086_1	N/A	27.897	63	233	1.69e-14	76.6
WP_000845048.1	337	k121_1402590_56	N/A	31.982	63	222	2.32e-14	76.3
WP_000845048.1	337	k121_82407_8	N/A	27.835	82	291	2.39e-14	75.9
WP_000845048.1	337	k121_587868_10	N/A	27.523	63	218	2.69e-14	75.9
WP_000845048.1	337	k121_1305223_1	N/A	27.119	63	236	2.71e-14	75.9
WP_000845048.1	337	k121_1383962_9	N/A	30.531	63	226	2.80e-14	75.9
WP_000845048.1	337	k121_1196276_5	N/A	29.204	89	339	2.82e-14	76.3
WP_000845048.1	337	k121_1782901_1	N/A	35.404	47	161	3.54e-14	74.3
WP_000845048.1	337	k121_739172_2	N/A	27.692	72	260	3.62e-14	75.5
WP_000845048.1	337	k121_1714680_2	N/A	29.358	63	218	4.38e-14	75.1
WP_000845048.1	337	k121_953174_1	N/A	30.493	63	223	5.65e-14	75.1
WP_000845048.1	337	k121_175359_12	N/A	32.768	53	177	5.75e-14	75.1
WP_000845048.1	337	k121_127646_1	N/A	31.373	59	204	6.42e-14	74.3
WP_000845048.1	337	k121_1268337_1	N/A	31.638	53	177	6.80e-14	72.0
WP_000845048.1	337	k121_1772693_2	N/A	23.377	88	308	6.99e-14	74.3
WP_000845048.1	337	k121_1245215_2	N/A	46.575	22	73	7.99e-14	70.5
WP_000845048.1	337	k121_656099_1	N/A	29.870	66	231	1.12e-13	73.2
WP_000845048.1	337	k121_1827849_4	N/A	25.591	73	254	1.38e-13	73.6
WP_000845048.1	337	k121_663934_2	N/A	27.742	85	310	1.43e-13	73.9
WP_000845048.1	337	k121_1625565_13	N/A	22.727	88	308	1.53e-13	73.6
WP_000845048.1	337	k121_1474275_3	N/A	29.918	71	244	1.63e-13	73.6
WP_000845048.1	337	k121_2269_6	N/A	31.395	51	172	1.81e-13	70.9
WP_000845048.1	337	k121_634335_2	N/A	31.579	60	209	1.82e-13	73.2
WP_000845048.1	337	k121_98277_1	N/A	32.065	55	184	2.14e-13	72.8
WP_000845048.1	337	k121_376103_2	N/A	31.628	62	215	2.26e-13	71.6
WP_000845048.1	337	k121_1256634_3	N/A	27.523	63	218	2.48e-13	72.8
WP_000845048.1	337	k121_571521_2	N/A	29.699	75	266	2.63e-13	73.6
WP_000845048.1	337	k121_63631_10	N/A	27.986	83	293	3.58e-13	72.8
WP_000845048.1	337	k121_1407940_1	N/A	32.735	62	223	3.74e-13	71.6
WP_000845048.1	337	k121_600233_2	N/A	30.804	62	224	5.11e-13	72.0
WP_000845048.1	337	k121_872049_2	N/A	30.233	61	215	6.38e-13	72.0
WP_000845048.1	337	k121_1506168_5	N/A	29.600	69	250	6.70e-13	71.6
WP_000845048.1	337	k121_594538_3	N/A	30.000	56	190	8.62e-13	71.6
WP_000845048.1	337	k121_765457_2	N/A	28.896	85	308	9.86e-13	71.2
WP_000845048.1	337	k121_153944_105	N/A	32.768	53	177	1.05e-12	71.2
WP_000845048.1	337	k121_994378_3	N/A	30.841	62	214	1.19e-12	71.2
WP_000845048.1	337	k121_1245330_4	N/A	25.547	76	274	1.51e-12	70.9
WP_000845048.1	337	k121_896849_2	N/A	29.333	63	225	1.53e-12	70.9
WP_000845048.1	337	k121_930314_2	N/A	28.205	64	234	1.60e-12	70.9
WP_000845048.1	337	k121_607149_1	N/A	28.364	78	275	1.70e-12	70.1
WP_000845048.1	337	k121_1606457_2	N/A	32.000	44	150	1.73e-12	68.2
WP_000845048.1	337	k121_719957_1	N/A	30.631	63	222	1.89e-12	69.3
WP_000845048.1	337	k121_832376_1	N/A	23.649	82	296	2.11e-12	70.5
WP_000845048.1	337	k121_1002469_5	N/A	33.673	58	196	2.20e-12	70.1
WP_000845048.1	337	k121_1952854_2	N/A	22.727	88	308	2.23e-12	70.1
WP_000845048.1	337	k121_1910575_17	N/A	32.432	63	222	3.09e-12	70.1
WP_000845048.1	337	k121_811396_2	N/A	28.125	86	320	3.24e-12	70.1
WP_000845048.1	337	k121_696463_2	N/A	30.357	63	224	4.55e-12	69.3
WP_000845048.1	337	k121_1607282_1	N/A	30.859	71	256	5.72e-12	69.3
WP_000845048.1	337	k121_974600_3	N/A	32.584	53	178	6.26e-12	67.4
WP_000845048.1	337	k121_1141853_4	N/A	27.508	85	309	6.46e-12	68.9
WP_000845048.1	337	k121_1673429_2	N/A	45.122	24	82	6.97e-12	65.5
WP_000845048.1	337	k121_1757498_5	N/A	27.090	84	299	7.74e-12	68.6
WP_000845048.1	337	k121_128950_3	N/A	29.333	63	225	8.12e-12	68.6
WP_000845048.1	337	k121_742799_2	N/A	33.898	53	177	9.17e-12	67.8
WP_000845048.1	337	k121_272146_2	N/A	27.509	75	269	9.64e-12	68.6
WP_000845048.1	337	k121_329787_2	N/A	30.045	62	223	1.07e-11	68.6
WP_000845048.1	337	k121_1158934_3	N/A	31.050	63	219	1.37e-11	68.2
WP_000845048.1	337	k121_800123_2	N/A	30.583	61	206	2.19e-11	65.9
WP_000845048.1	337	k121_1036623_2	N/A	29.717	62	212	2.34e-11	66.2
WP_000845048.1	337	k121_543937_70	N/A	29.487	45	156	2.37e-11	66.6
WP_000845048.1	337	k121_1734721_2	N/A	32.515	48	163	2.73e-11	63.9
WP_000845048.1	337	k121_826869_6	N/A	26.953	71	256	2.99e-11	67.0
WP_000845048.1	337	k121_963422_3	N/A	31.081	61	222	3.57e-11	65.1
WP_000845048.1	337	k121_885888_7	N/A	29.880	72	251	4.00e-11	66.6
WP_000845048.1	337	k121_1451118_2	N/A	27.243	83	301	4.05e-11	66.6
WP_000845048.1	337	k121_261765_1	N/A	29.730	62	222	4.15e-11	65.9
WP_000845048.1	337	k121_331516_1	N/A	28.253	76	269	4.32e-11	66.2
WP_000845048.1	337	k121_1194707_2	N/A	25.271	77	277	5.22e-11	66.6
WP_000845048.1	337	k121_1413727_2	N/A	24.188	80	277	6.74e-11	65.1
WP_000845048.1	337	k121_701509_149	N/A	27.826	61	230	7.03e-11	65.9
WP_000845048.1	337	k121_131279_3	N/A	24.204	85	314	7.22e-11	65.9
WP_000845048.1	337	k121_29954_2	N/A	26.866	93	335	8.74e-11	65.9
WP_000845048.1	337	k121_132451_3	N/A	24.765	87	319	1.08e-10	65.1
WP_000845048.1	337	k121_274215_2	N/A	31.073	53	177	1.16e-10	65.1
WP_000845048.1	337	k121_1597812_1	N/A	29.231	39	130	1.46e-10	65.5
WP_000845048.1	337	k121_1021482_2	N/A	28.000	83	300	1.74e-10	64.7
WP_000845048.1	337	k121_1294248_2	N/A	27.010	84	311	1.94e-10	64.7
WP_000845048.1	337	k121_354500_2	N/A	34.043	41	141	2.04e-10	63.5
WP_000845048.1	337	k121_1010181_2	N/A	29.302	62	215	3.13e-10	63.9
WP_000845048.1	337	k121_1502866_2	N/A	28.938	77	273	4.27e-10	63.5
WP_000845048.1	337	k121_1645231_1	N/A	26.567	93	335	4.30e-10	63.5
WP_000845048.1	337	k121_1687502_4	N/A	25.000	81	280	4.70e-10	63.2
WP_000845048.1	337	k121_113941_1	N/A	26.316	88	323	4.70e-10	63.5
WP_000845048.1	337	k121_886585_2	N/A	20.940	66	234	4.94e-10	62.4
WP_000845048.1	337	k121_22271_3	N/A	32.812	38	128	4.94e-10	60.8
WP_000845048.1	337	k121_947577_1	N/A	27.311	64	238	5.08e-10	62.4
WP_000845048.1	337	k121_1023134_2	N/A	28.777	77	278	5.51e-10	63.5
WP_000845048.1	337	k121_1969865_1	N/A	30.556	53	180	5.91e-10	61.2
WP_000845048.1	337	k121_58925_3	N/A	26.480	86	321	7.13e-10	63.2
WP_000845048.1	337	k121_581848_2	N/A	29.213	75	267	7.19e-10	63.2
WP_000845048.1	337	k121_1147451_1	N/A	29.208	59	202	7.31e-10	62.4
WP_000845048.1	337	k121_1147458_1	N/A	28.395	71	243	7.95e-10	62.4
WP_000845048.1	337	k121_1466219_3	N/A	31.387	40	137	1.05e-09	61.6
WP_000845048.1	337	k121_221578_2	N/A	27.099	76	262	1.27e-09	61.2
WP_000845048.1	337	k121_1539995_72	N/A	23.549	83	293	1.55e-09	61.6
WP_000845048.1	337	k121_1546639_3	N/A	28.788	75	264	1.93e-09	61.6
WP_000845048.1	337	k121_933789_2	N/A	29.771	74	262	2.11e-09	60.8
WP_000845048.1	337	k121_771178_3	N/A	21.630	89	319	2.21e-09	61.6
WP_000845048.1	337	k121_727731_4	N/A	26.367	84	311	2.75e-09	61.2
WP_000845048.1	337	k121_1081211_36	N/A	26.540	63	211	3.23e-09	61.2
WP_000845048.1	337	k121_1051495_2	N/A	23.333	61	210	3.23e-09	60.1
WP_000845048.1	337	k121_590109_3	N/A	23.913	55	184	4.71e-09	59.7
WP_000845048.1	337	k121_785020_1	N/A	26.619	77	278	5.40e-09	60.1
WP_000845048.1	337	k121_1940573_1	N/A	29.570	55	186	6.22e-09	58.2
WP_000845048.1	337	k121_1595205_4	N/A	27.097	84	310	6.90e-09	60.1
WP_000845048.1	337	k121_1133659_2	N/A	26.280	85	293	7.16e-09	60.1
WP_000845048.1	337	k121_1409570_7	N/A	23.669	50	169	8.75e-09	57.4
WP_000845048.1	337	k121_292936_6	N/A	27.273	61	220	9.08e-09	59.3
WP_000845048.1	337	k121_1899545_39	N/A	27.753	64	227	9.95e-09	59.7
WP_000845048.1	337	k121_191183_1	N/A	24.064	55	187	1.12e-08	59.3
WP_000845048.1	337	k121_823030_2	N/A	27.746	51	173	1.18e-08	59.7
WP_000845048.1	337	k121_4149_2	N/A	22.768	63	224	1.38e-08	58.2
WP_000845048.1	337	k121_1487299_6	N/A	27.451	59	204	1.43e-08	58.5
WP_000845048.1	337	k121_1170554_8	N/A	27.692	56	195	1.86e-08	58.5
WP_000845048.1	337	k121_884113_3	N/A	22.903	85	310	1.91e-08	58.5
WP_000845048.1	337	k121_1747857_1	N/A	39.362	26	94	2.17e-08	57.4
WP_000845048.1	337	k121_501147_3	N/A	25.128	57	195	2.17e-08	57.0
WP_000845048.1	337	k121_483710_2	N/A	29.730	53	185	2.57e-08	58.2
WP_000845048.1	337	k121_1898643_1	N/A	33.913	33	115	2.63e-08	57.0
WP_000845048.1	337	k121_388747_4	N/A	29.097	84	299	2.91e-08	58.2
WP_000845048.1	337	k121_467608_121	N/A	25.606	82	289	3.03e-08	58.5
WP_000845048.1	337	k121_660267_2	N/A	28.125	62	224	3.22e-08	57.8
WP_000845048.1	337	k121_1519866_1	N/A	28.938	76	273	3.36e-08	57.8
WP_000845048.1	337	k121_1285736_2	N/A	29.310	52	174	3.93e-08	57.0
WP_000845048.1	337	k121_125658_2	N/A	26.370	85	292	4.17e-08	57.8
WP_000845048.1	337	k121_1314620_1	N/A	26.974	84	304	5.63e-08	57.4
WP_000845048.1	337	k121_640427_15	N/A	27.645	82	293	6.21e-08	57.0
WP_000845048.1	337	k121_371246_1	N/A	25.359	60	209	1.03e-07	56.6
WP_000845048.1	337	k121_898355_1	N/A	32.374	38	139	1.21e-07	54.7
WP_000845048.1	337	k121_1892564_1	N/A	28.161	52	174	1.48e-07	55.1
WP_000845048.1	337	k121_1644835_13	N/A	31.169	45	154	1.63e-07	53.5
WP_000845048.1	337	k121_177159_1	N/A	26.630	53	184	1.72e-07	54.3
WP_000845048.1	337	k121_850288_37	N/A	44.118	20	68	1.92e-07	55.8
WP_000845048.1	337	k121_1847177_1	N/A	25.735	78	272	2.07e-07	55.8
WP_000845048.1	337	k121_116962_2	N/A	27.615	66	239	2.32e-07	55.5
WP_000845048.1	337	k121_902516_2	N/A	36.250	23	80	2.37e-07	52.4
WP_000845048.1	337	k121_359912_2	N/A	30.000	41	160	2.73e-07	53.5
WP_000845048.1	337	k121_543304_6	N/A	38.462	23	78	3.07e-07	50.8
WP_000845048.1	337	k121_220568_2	N/A	27.014	60	211	3.26e-07	54.7
WP_000845048.1	337	k121_663547_2	N/A	35.000	23	80	3.31e-07	52.4
WP_000845048.1	337	k121_1222406_3	N/A	25.862	82	290	4.14e-07	55.1
WP_000845048.1	337	k121_344117_1	N/A	28.571	53	203	4.70e-07	54.7
WP_000845048.1	337	k121_1478907_3	N/A	25.610	67	246	5.22e-07	53.9
WP_000845048.1	337	k121_1133659_4	N/A	24.719	53	178	5.66e-07	52.0
WP_000845048.1	337	k121_1846245_2	N/A	26.481	81	287	5.98e-07	54.3
WP_000845048.1	337	k121_963948_4	N/A	29.231	56	195	6.13e-07	53.5
WP_000845048.1	337	k121_1767282_2	N/A	29.825	50	171	6.78e-07	53.1
WP_000845048.1	337	k121_1560023_11	N/A	28.342	54	187	6.84e-07	52.4
WP_000845048.1	337	k121_1761584_2	N/A	28.235	50	170	7.41e-07	53.9
WP_000845048.1	337	k121_1322736_2	N/A	26.667	60	210	8.57e-07	53.9
WP_000845048.1	337	k121_1031479_1	N/A	27.684	51	177	8.92e-07	52.0
WP_000845048.1	337	k121_169232_3	N/A	34.066	27	91	1.03e-06	50.4
WP_000845048.1	337	k121_530197_1	N/A	31.111	53	180	1.08e-06	52.0
WP_000845048.1	337	k121_833093_1	N/A	25.090	77	279	1.17e-06	52.8
WP_000845048.1	337	k121_987718_8	N/A	27.315	63	216	1.29e-06	53.1
WP_000845048.1	337	k121_1451118_3	N/A	27.632	61	228	1.36e-06	52.8
WP_000845048.1	337	k121_941545_1	N/A	27.957	54	186	1.38e-06	51.6
WP_000845048.1	337	k121_479254_1	N/A	27.193	61	228	1.52e-06	52.4
WP_000845048.1	337	k121_1447666_2	N/A	24.850	91	334	1.54e-06	52.8
WP_000845048.1	337	k121_262781_2	N/A	27.374	52	179	1.70e-06	51.6
WP_000845048.1	337	k121_1546639_1	N/A	23.171	92	328	1.97e-06	52.8
WP_000845048.1	337	k121_973394_1	N/A	26.846	74	298	2.27e-06	52.8
WP_000845048.1	337	k121_1244214_2	N/A	30.693	27	101	2.48e-06	50.1
WP_000845048.1	337	k121_587244_1	N/A	33.333	26	96	2.51e-06	51.6
