SadA_ref|WP_036299419.1|:1-399	399	k121_1324301_1	N/A	30.319	91	376	7.67e-51	178
SadA_ref|WP_036299419.1|:1-399	399	k121_396815_1	N/A	31.392	77	309	2.15e-48	170
SadA_ref|WP_036299419.1|:1-399	399	k121_1197219_2	N/A	28.012	83	332	1.08e-44	162
SadA_ref|WP_036299419.1|:1-399	399	k121_45648_2	N/A	28.889	89	360	4.54e-41	152
SadA_ref|WP_036299419.1|:1-399	399	k121_270402_4	N/A	26.598	97	391	9.56e-41	152
SadA_ref|WP_036299419.1|:1-399	399	k121_203170_3	N/A	27.042	87	355	6.57e-40	149
SadA_ref|WP_036299419.1|:1-399	399	k121_1657297_2	N/A	28.425	73	292	1.37e-38	144
SadA_ref|WP_036299419.1|:1-399	399	k121_156303_2	N/A	33.491	53	212	1.93e-38	142
SadA_ref|WP_036299419.1|:1-399	399	k121_763675_25	N/A	31.381	59	239	5.11e-38	144
SadA_ref|WP_036299419.1|:1-399	399	k121_1614828_1	N/A	28.455	92	369	2.86e-37	142
SadA_ref|WP_036299419.1|:1-399	399	k121_71465_6	N/A	28.493	91	365	6.46e-35	136
SadA_ref|WP_036299419.1|:1-399	399	k121_466170_27	N/A	28.520	68	277	3.04e-34	134
SadA_ref|WP_036299419.1|:1-399	399	k121_787350_3	N/A	27.052	81	329	5.19e-33	130
SadA_ref|WP_036299419.1|:1-399	399	k121_1570219_2	N/A	29.236	74	301	5.28e-33	129
SadA_ref|WP_036299419.1|:1-399	399	k121_1067202_26	N/A	28.814	58	236	1.26e-31	127
SadA_ref|WP_036299419.1|:1-399	399	k121_1638057_2	N/A	28.629	62	248	3.28e-31	122
SadA_ref|WP_036299419.1|:1-399	399	k121_581747_2	N/A	27.941	85	340	3.68e-31	124
SadA_ref|WP_036299419.1|:1-399	399	k121_901876_2	N/A	32.394	53	213	1.84e-28	118
SadA_ref|WP_036299419.1|:1-399	399	k121_358098_38	N/A	27.551	97	392	4.82e-26	111
SadA_ref|WP_036299419.1|:1-399	399	k121_263991_3	N/A	24.685	98	397	2.04e-20	95.5
SadA_ref|WP_036299419.1|:1-399	399	k121_1382329_2	N/A	28.061	49	196	1.42e-19	91.3
SadA_ref|WP_036299419.1|:1-399	399	k121_172849_1	N/A	35.345	29	116	1.78e-19	86.7
SadA_ref|WP_036299419.1|:1-399	399	k121_803398_1	N/A	26.433	77	314	1.50e-17	85.9
SadA_ref|WP_036299419.1|:1-399	399	k121_1371335_1	N/A	26.667	47	195	2.02e-16	82.0
SadA_ref|WP_036299419.1|:1-399	399	k121_32233_31	N/A	23.120	89	359	2.61e-13	74.3
SadA_ref|WP_036299419.1|:1-399	399	k121_1565117_1	N/A	26.699	49	206	1.31e-12	70.9
SadA_ref|WP_036299419.1|:1-399	399	k121_1445801_2	N/A	27.545	39	167	1.44e-08	57.4
SadA_ref|WP_036299419.1|:1-399	399	k121_1396482_1	N/A	24.542	63	273	1.19e-07	56.6
SadA_ref|WP_036299419.1|:1-399	399	k121_1588727_1	N/A	36.559	21	93	7.33e-07	53.9
SadA_ref|WP_036299419.1|:1-399	399	k121_801290_12	N/A	20.888	88	383	6.27e-06	51.6
SadA_ref|WP_036299419.1|:1-399	399	k121_1538382_4	N/A	25.191	33	131	1.40e-05	48.5
SadA_ref|WP_036299419.1|:1-399	399	k121_244811_7	N/A	28.873	34	142	2.04e-05	50.1
SadA_ref|WP_036299419.1|:1-399	399	k121_708738_4	N/A	26.190	61	252	4.77e-05	48.9
SadA_ref|WP_036299419.1|:1-399	399	k121_1535025_3	N/A	29.932	36	147	1.42e-04	45.1
SadA_ref|WP_036299419.1|:1-399	399	k121_1018335_1	N/A	23.342	86	377	2.76e-04	46.2
SadA_ref|WP_036299419.1|:1-399	399	k121_919885_1	N/A	21.667	45	180	7.13e-04	43.9
SadA_ref|WP_036299419.1|:1-399	399	k121_1508846_1	N/A	21.788	85	358	0.001	44.7
SadA_ref|WP_036299419.1|:1-399	399	k121_471064_1	N/A	25.000	64	268	0.002	43.1
SadA_ref|WP_036299419.1|:1-399	399	k121_117921_4	N/A	23.325	89	403	0.003	43.1
SadA_ref|WP_036299419.1|:1-399	399	k121_604137_3	N/A	24.868	44	189	0.003	42.4
SadA_ref|WP_036299419.1|:1-399	399	k121_275937_1	N/A	26.829	21	82	0.003	40.4
SadA_ref|WP_036299419.1|:1-399	399	k121_295188_3	N/A	21.354	87	384	0.010	41.6
SadA_ref|WP_036299419.1|:1-399	399	k121_527299_135	N/A	23.789	51	227	0.011	41.2
SadA_ref|WP_036299419.1|:1-399	399	k121_1350384_1	N/A	26.136	61	264	0.015	40.8
SadA_ref|WP_036299419.1|:1-399	399	k121_665873_9	N/A	22.193	86	374	0.022	40.4
SadA_ref|WP_036299419.1|:1-399	399	k121_373585_2	N/A	27.907	22	86	0.031	40.0
SadA_ref|WP_036299419.1|:1-399	399	k121_1317118_29	N/A	23.618	48	199	0.033	39.7
SadA_ref|WP_036299419.1|:1-399	399	k121_491647_9	N/A	28.082	36	146	0.050	39.3
SadB_ref|WP_100812327.1|:1-423	423	k121_270402_4	N/A	28.162	97	419	1.47e-47	171
SadB_ref|WP_100812327.1|:1-423	423	k121_1614828_1	N/A	30.239	88	377	1.96e-46	167
SadB_ref|WP_100812327.1|:1-423	423	k121_1324301_1	N/A	29.504	87	383	8.91e-46	165
SadB_ref|WP_100812327.1|:1-423	423	k121_45648_2	N/A	30.749	89	387	4.22e-45	164
SadB_ref|WP_100812327.1|:1-423	423	k121_1570219_2	N/A	34.680	69	297	5.67e-40	148
SadB_ref|WP_100812327.1|:1-423	423	k121_901876_2	N/A	29.752	84	363	1.49e-39	148
SadB_ref|WP_100812327.1|:1-423	423	k121_1197219_2	N/A	29.589	85	365	1.67e-39	149
SadB_ref|WP_100812327.1|:1-423	423	k121_763675_25	N/A	27.877	90	391	5.65e-37	142
SadB_ref|WP_100812327.1|:1-423	423	k121_1657297_2	N/A	29.102	75	323	2.03e-35	135
SadB_ref|WP_100812327.1|:1-423	423	k121_466170_27	N/A	25.203	85	369	3.05e-35	137
SadB_ref|WP_100812327.1|:1-423	423	k121_203170_3	N/A	26.263	91	396	1.26e-34	135
SadB_ref|WP_100812327.1|:1-423	423	k121_581747_2	N/A	28.614	79	339	7.94e-34	132
SadB_ref|WP_100812327.1|:1-423	423	k121_71465_6	N/A	28.312	90	385	1.28e-33	133
SadB_ref|WP_100812327.1|:1-423	423	k121_787350_3	N/A	28.451	83	355	6.74e-33	130
SadB_ref|WP_100812327.1|:1-423	423	k121_396815_1	N/A	27.402	65	281	2.99e-32	127
SadB_ref|WP_100812327.1|:1-423	423	k121_803398_1	N/A	28.939	73	311	1.87e-28	117
SadB_ref|WP_100812327.1|:1-423	423	k121_263991_3	N/A	26.615	90	387	4.63e-28	117
SadB_ref|WP_100812327.1|:1-423	423	k121_1638057_2	N/A	27.519	60	258	1.53e-27	113
SadB_ref|WP_100812327.1|:1-423	423	k121_358098_38	N/A	27.411	91	394	1.93e-27	115
SadB_ref|WP_100812327.1|:1-423	423	k121_1067202_26	N/A	24.728	85	368	4.55e-27	115
SadB_ref|WP_100812327.1|:1-423	423	k121_156303_2	N/A	29.557	47	203	4.82e-26	109
SadB_ref|WP_100812327.1|:1-423	423	k121_1371335_1	N/A	28.352	59	261	8.12e-21	94.7
SadB_ref|WP_100812327.1|:1-423	423	k121_172849_1	N/A	34.821	26	112	4.16e-20	89.0
SadB_ref|WP_100812327.1|:1-423	423	k121_1565117_1	N/A	30.769	46	208	1.44e-18	88.2
SadB_ref|WP_100812327.1|:1-423	423	k121_32233_31	N/A	23.969	91	388	2.17e-18	89.7
SadB_ref|WP_100812327.1|:1-423	423	k121_581343_1	N/A	25.469	80	373	2.89e-17	86.7
SadB_ref|WP_100812327.1|:1-423	423	k121_1382329_2	N/A	27.919	46	197	2.16e-15	79.3
SadB_ref|WP_100812327.1|:1-423	423	k121_665873_9	N/A	25.661	81	378	2.51e-14	77.8
SadB_ref|WP_100812327.1|:1-423	423	k121_1018335_1	N/A	26.446	77	363	2.47e-13	74.3
SadB_ref|WP_100812327.1|:1-423	423	k121_117921_4	N/A	26.685	77	371	3.89e-13	74.3
SadB_ref|WP_100812327.1|:1-423	423	k121_1445801_2	N/A	31.034	39	174	1.22e-12	69.3
SadB_ref|WP_100812327.1|:1-423	423	k121_801290_12	N/A	25.284	76	352	3.63e-12	71.2
SadB_ref|WP_100812327.1|:1-423	423	k121_1168270_1	N/A	26.862	81	376	1.91e-11	68.6
SadB_ref|WP_100812327.1|:1-423	423	k121_1588727_1	N/A	30.325	61	277	1.11e-10	65.9
SadB_ref|WP_100812327.1|:1-423	423	k121_1396482_1	N/A	23.747	83	379	5.41e-10	63.9
SadB_ref|WP_100812327.1|:1-423	423	k121_774701_3	N/A	28.328	60	293	8.47e-10	63.2
SadB_ref|WP_100812327.1|:1-423	423	k121_1538382_4	N/A	29.268	29	123	1.74e-06	51.2
SadB_ref|WP_100812327.1|:1-423	423	k121_1348210_3	N/A	29.032	22	93	3.84e-06	49.3
SadB_ref|WP_100812327.1|:1-423	423	k121_295188_3	N/A	24.518	78	363	9.27e-06	51.2
SadB_ref|WP_100812327.1|:1-423	423	k121_708738_4	N/A	24.129	85	373	1.48e-05	50.4
SadB_ref|WP_100812327.1|:1-423	423	k121_1317118_29	N/A	21.652	80	351	1.63e-05	50.4
SadB_ref|WP_100812327.1|:1-423	423	k121_1018455_1	N/A	27.612	27	134	2.47e-05	50.1
SadB_ref|WP_100812327.1|:1-423	423	k121_1317118_31	N/A	27.136	45	199	2.64e-05	49.7
SadB_ref|WP_100812327.1|:1-423	423	k121_527299_135	N/A	23.454	81	388	4.29e-05	49.3
SadB_ref|WP_100812327.1|:1-423	423	k121_726767_1	N/A	27.673	32	159	8.52e-05	47.0
SadB_ref|WP_100812327.1|:1-423	423	k121_919885_1	N/A	27.513	43	189	2.95e-04	45.4
SadB_ref|WP_100812327.1|:1-423	423	k121_1588108_3	N/A	30.709	27	127	4.48e-04	45.8
SadB_ref|WP_100812327.1|:1-423	423	k121_1535025_3	N/A	30.088	27	113	5.29e-04	43.5
SadB_ref|WP_100812327.1|:1-423	423	k121_97854_43	N/A	20.339	79	354	6.94e-04	45.1
SadB_ref|WP_100812327.1|:1-423	423	k121_1508846_1	N/A	30.894	26	123	0.001	44.3
SadB_ref|WP_100812327.1|:1-423	423	k121_1320320_2	N/A	24.167	76	360	0.002	43.5
SadB_ref|WP_100812327.1|:1-423	423	k121_373585_2	N/A	21.918	82	365	0.002	43.5
SadB_ref|WP_100812327.1|:1-423	423	k121_219912_3	N/A	29.861	31	144	0.005	42.4
SadB_ref|WP_100812327.1|:1-423	423	k121_1374693_2	N/A	28.226	26	124	0.006	42.4
SadB_ref|WP_100812327.1|:1-423	423	k121_978549_1	N/A	25.414	78	362	0.006	42.4
SadB_ref|WP_100812327.1|:1-423	423	k121_847510_2	N/A	29.921	26	127	0.009	42.0
SadB_ref|WP_100812327.1|:1-423	423	k121_1674197_2	N/A	24.611	85	386	0.010	41.6
SadB_ref|WP_100812327.1|:1-423	423	k121_1574196_2	N/A	26.744	33	172	0.012	41.2
SadB_ref|WP_100812327.1|:1-423	423	k121_313045_2	N/A	28.659	36	164	0.015	40.4
SadB_ref|WP_100812327.1|:1-423	423	k121_604137_3	N/A	29.365	27	126	0.040	38.9
SadB_ref|WP_100812327.1|:1-423	423	k121_1499168_2	N/A	27.692	28	130	0.041	38.5
SadB_ref|WP_100812327.1|:1-423	423	k121_77316_4	N/A	25.397	68	315	0.047	39.7
SadB_ref|WP_100812327.1|:1-423	423	k121_836128_4	N/A	26.389	31	144	0.066	38.5
SadB_ref|WP_100812327.1|:1-423	423	k121_1372494_1	N/A	24.490	52	245	0.071	38.5
SadB_ref|WP_100812327.1|:1-423	423	k121_1279876_2	N/A	28.182	25	110	0.074	37.4
SadB_ref|WP_100812327.1|:1-423	423	k121_1600003_3	N/A	26.429	30	140	0.077	38.5
SadB_ref|WP_100812327.1|:1-423	423	k121_1099934_1	N/A	30.233	20	86	0.099	36.2
SadC_ref|WP_036299413.1|:1-194	194	k121_1429116_12	N/A	31.343	69	134	1.35e-14	71.6
SadC_ref|WP_036299413.1|:1-194	194	k121_1149907_188	N/A	30.657	69	137	4.74e-11	62.0
SadC_ref|WP_036299413.1|:1-194	194	k121_857402_4	N/A	28.571	70	140	4.87e-11	62.0
SadC_ref|WP_036299413.1|:1-194	194	k121_676432_3	N/A	27.742	76	155	5.51e-11	61.6
SadC_ref|WP_036299413.1|:1-194	194	k121_1355486_2	N/A	39.326	45	89	9.62e-11	60.8
SadC_ref|WP_036299413.1|:1-194	194	k121_1165118_1	N/A	27.742	76	155	5.32e-10	60.8
SadC_ref|WP_036299413.1|:1-194	194	k121_1655815_4	N/A	24.444	70	135	6.20e-10	58.5
SadC_ref|WP_036299413.1|:1-194	194	k121_1680517_4	N/A	37.634	47	93	1.43e-09	57.8
SadC_ref|WP_036299413.1|:1-194	194	k121_483152_4	N/A	30.065	76	153	1.71e-09	57.8
SadC_ref|WP_036299413.1|:1-194	194	k121_1684119_8	N/A	27.703	76	148	6.22e-09	57.8
SadC_ref|WP_036299413.1|:1-194	194	k121_30727_16	N/A	36.170	48	94	8.45e-09	55.8
SadC_ref|WP_036299413.1|:1-194	194	k121_67159_1	N/A	28.378	76	148	1.93e-08	56.2
SadC_ref|WP_036299413.1|:1-194	194	k121_735006_1	N/A	39.130	47	92	2.08e-08	56.2
SadC_ref|WP_036299413.1|:1-194	194	k121_1049516_4	N/A	28.369	72	141	2.16e-08	54.7
SadC_ref|WP_036299413.1|:1-194	194	k121_912320_5	N/A	28.462	66	130	2.87e-08	55.8
SadC_ref|WP_036299413.1|:1-194	194	k121_1018762_2	N/A	37.931	44	87	3.00e-08	53.9
SadC_ref|WP_036299413.1|:1-194	194	k121_104322_6	N/A	36.559	47	93	3.08e-08	54.3
SadC_ref|WP_036299413.1|:1-194	194	k121_1139883_2	N/A	39.130	47	92	4.02e-08	55.5
SadC_ref|WP_036299413.1|:1-194	194	k121_1549370_2	N/A	30.612	75	147	5.90e-08	53.1
SadC_ref|WP_036299413.1|:1-194	194	k121_1497747_3	N/A	30.864	41	81	3.84e-07	50.8
SadC_ref|WP_036299413.1|:1-194	194	k121_1334122_6	N/A	28.261	68	138	1.19e-06	50.1
SadC_ref|WP_036299413.1|:1-194	194	k121_543375_8	N/A	32.051	75	156	1.44e-06	49.7
SadC_ref|WP_036299413.1|:1-194	194	k121_1597417_2	N/A	25.731	88	171	2.74e-06	49.3
SadC_ref|WP_036299413.1|:1-194	194	k121_908463_25	N/A	24.224	82	161	3.28e-06	48.5
SadC_ref|WP_036299413.1|:1-194	194	k121_635471_4	N/A	34.409	47	93	5.75e-06	48.1
SadC_ref|WP_036299413.1|:1-194	194	k121_1293332_2	N/A	24.224	82	161	7.39e-06	47.8
SadC_ref|WP_036299413.1|:1-194	194	k121_1577723_2	N/A	31.522	47	92	1.48e-05	47.0
SadC_ref|WP_036299413.1|:1-194	194	k121_1226341_2	N/A	27.536	68	138	1.66e-05	47.8
SadC_ref|WP_036299413.1|:1-194	194	k121_466170_29	N/A	38.235	35	68	1.84e-05	46.6
SadC_ref|WP_036299413.1|:1-194	194	k121_293532_4	N/A	24.460	71	139	2.18e-05	46.6
SadC_ref|WP_036299413.1|:1-194	194	k121_4947_5	N/A	25.309	81	162	2.21e-05	46.6
SadC_ref|WP_036299413.1|:1-194	194	k121_1067202_24	N/A	26.154	66	130	2.45e-05	45.8
SadC_ref|WP_036299413.1|:1-194	194	k121_1311680_2	N/A	32.184	44	87	5.06e-05	45.4
SadC_ref|WP_036299413.1|:1-194	194	k121_199377_2	N/A	23.571	71	140	1.10e-04	44.7
SadC_ref|WP_036299413.1|:1-194	194	k121_156303_1	N/A	32.955	45	88	1.30e-04	45.1
SadC_ref|WP_036299413.1|:1-194	194	k121_270402_3	N/A	32.479	59	117	1.45e-04	45.1
SadC_ref|WP_036299413.1|:1-194	194	k121_1538850_1	N/A	42.424	34	66	1.90e-04	44.3
SadC_ref|WP_036299413.1|:1-194	194	k121_466707_3	N/A	31.169	39	77	2.10e-04	43.5
SadC_ref|WP_036299413.1|:1-194	194	k121_140972_2	N/A	26.347	84	167	2.14e-04	43.5
SadC_ref|WP_036299413.1|:1-194	194	k121_339972_2	N/A	25.625	82	160	4.78e-04	42.4
SadC_ref|WP_036299413.1|:1-194	194	k121_968688_2	N/A	35.789	48	95	4.83e-04	42.4
SadC_ref|WP_036299413.1|:1-194	194	k121_1530421_13	N/A	21.341	84	164	5.08e-04	42.4
SadC_ref|WP_036299413.1|:1-194	194	k121_1405382_15	N/A	27.972	71	143	0.001	41.6
SadC_ref|WP_036299413.1|:1-194	194	k121_1648515_151	N/A	21.472	82	163	0.001	41.6
SadC_ref|WP_036299413.1|:1-194	194	k121_170353_2	N/A	31.034	44	87	0.001	41.6
SadC_ref|WP_036299413.1|:1-194	194	k121_637850_1	N/A	29.703	52	101	0.001	41.6
SadC_ref|WP_036299413.1|:1-194	194	k121_665873_6	N/A	29.213	45	89	0.002	40.8
SadC_ref|WP_036299413.1|:1-194	194	k121_1008844_2	N/A	24.211	95	190	0.004	40.0
SadC_ref|WP_036299413.1|:1-194	194	k121_195358_2	N/A	36.000	38	75	0.013	38.5
WP_000259031.1	279	k121_1326819_3	N/A	100.000	100	279	0.0	553
WP_000259031.1	279	k121_1290508_1	N/A	48.780	88	246	1.84e-84	256
WP_000259031.1	279	k121_866068_2	N/A	48.120	95	266	7.48e-75	232
WP_000259031.1	279	k121_1052604_3	N/A	53.516	92	256	1.63e-74	231
WP_000259031.1	279	k121_538015_1	N/A	44.314	90	255	6.52e-48	162
WP_000259031.1	279	k121_1551778_3	N/A	33.333	90	255	3.93e-44	153
WP_000259031.1	279	k121_288411_4	N/A	36.641	94	262	9.72e-41	145
WP_000259031.1	279	k121_1019973_21	N/A	36.066	87	244	9.66e-40	142
WP_000259031.1	279	k121_514973_2	N/A	34.375	91	256	9.19e-37	134
WP_000259031.1	279	k121_551501_1	N/A	37.838	79	222	3.25e-36	132
WP_000259031.1	279	k121_26530_144	N/A	37.652	87	247	6.38e-35	129
WP_000259031.1	279	k121_983900_8	N/A	35.955	94	267	1.86e-34	129
WP_000259031.1	279	k121_1527776_1	N/A	34.400	88	250	6.29e-34	130
WP_000259031.1	279	k121_883736_2	N/A	35.338	93	266	6.86e-34	127
WP_000259031.1	279	k121_579604_2	N/A	38.710	88	248	1.60e-33	126
WP_000259031.1	279	k121_1629341_10	N/A	35.743	88	249	1.73e-33	126
WP_000259031.1	279	k121_1515219_2	N/A	36.255	88	251	2.30e-33	125
WP_000259031.1	279	k121_71524_2	N/A	32.129	88	249	5.59e-32	122
WP_000259031.1	279	k121_283096_2	N/A	36.607	80	224	6.52e-32	120
WP_000259031.1	279	k121_348559_7	N/A	32.031	91	256	1.11e-31	122
WP_000259031.1	279	k121_1568994_8	N/A	32.841	96	271	1.56e-31	120
WP_000259031.1	279	k121_929895_6	N/A	32.258	94	279	2.81e-31	121
WP_000259031.1	279	k121_1471686_16	N/A	33.218	97	289	3.25e-31	120
WP_000259031.1	279	k121_664757_1	N/A	33.333	76	213	7.28e-31	117
WP_000259031.1	279	k121_1251151_1	N/A	33.080	93	263	1.48e-30	118
WP_000259031.1	279	k121_976568_2	N/A	32.653	88	245	4.27e-30	116
WP_000259031.1	279	k121_483562_2	N/A	31.801	93	261	2.36e-29	115
WP_000259031.1	279	k121_1142031_1	N/A	31.086	95	267	3.58e-29	115
WP_000259031.1	279	k121_1426923_3	N/A	31.518	91	257	4.23e-29	114
WP_000259031.1	279	k121_1323444_13	N/A	36.364	78	220	1.18e-28	114
WP_000259031.1	279	k121_1695293_1	N/A	35.156	91	256	1.96e-28	113
WP_000259031.1	279	k121_890664_14	N/A	34.137	89	249	3.84e-28	113
WP_000259031.1	279	k121_1612811_3	N/A	30.855	95	269	6.39e-28	111
WP_000259031.1	279	k121_1692758_1	N/A	35.366	88	246	6.85e-28	111
WP_000259031.1	279	k121_1648515_204	N/A	31.227	95	269	1.31e-27	110
WP_000259031.1	279	k121_861533_2	N/A	29.961	91	257	2.03e-27	110
WP_000259031.1	279	k121_739504_1	N/A	30.588	91	255	3.51e-27	110
WP_000259031.1	279	k121_998070_2	N/A	29.452	95	292	3.71e-27	110
WP_000259031.1	279	k121_217936_7	N/A	36.323	80	223	7.35e-27	108
WP_000259031.1	279	k121_1018806_6	N/A	33.824	96	272	7.76e-27	108
WP_000259031.1	279	k121_1312359_77	N/A	29.600	88	250	1.08e-26	108
WP_000259031.1	279	k121_298973_8	N/A	29.478	94	268	1.54e-26	108
WP_000259031.1	279	k121_1310989_9	N/A	31.439	93	264	3.38e-26	108
WP_000259031.1	279	k121_1713169_6	N/A	32.472	96	271	3.86e-26	106
WP_000259031.1	279	k121_884046_3	N/A	26.255	91	259	5.19e-26	106
WP_000259031.1	279	k121_1036837_2	N/A	29.365	87	252	1.25e-25	105
WP_000259031.1	279	k121_565446_2	N/A	29.730	92	259	2.59e-25	104
WP_000259031.1	279	k121_1663201_1	N/A	30.682	93	264	2.66e-25	106
WP_000259031.1	279	k121_1058288_6	N/A	29.317	88	249	2.88e-25	103
WP_000259031.1	279	k121_206171_2	N/A	30.682	93	264	4.00e-25	105
WP_000259031.1	279	k121_527076_39	N/A	27.490	88	251	6.00e-25	103
WP_000259031.1	279	k121_98292_1	N/A	28.731	94	268	7.99e-25	103
WP_000259031.1	279	k121_951292_2	N/A	32.800	89	250	9.49e-25	103
WP_000259031.1	279	k121_836199_1	N/A	31.250	86	240	1.44e-24	102
WP_000259031.1	279	k121_1578015_2	N/A	32.103	96	271	1.85e-24	102
WP_000259031.1	279	k121_31192_7	N/A	34.400	88	250	4.78e-24	101
WP_000259031.1	279	k121_973521_38	N/A	28.788	93	264	4.93e-24	101
WP_000259031.1	279	k121_1159344_3	N/A	35.747	77	221	7.54e-24	101
WP_000259031.1	279	k121_722902_5	N/A	30.798	88	263	7.91e-24	101
WP_000259031.1	279	k121_1392006_2	N/A	30.677	88	251	1.24e-23	100
WP_000259031.1	279	k121_339570_2	N/A	25.547	97	274	1.52e-23	99.8
WP_000259031.1	279	k121_1014148_1	N/A	31.441	80	229	1.96e-23	98.6
WP_000259031.1	279	k121_1480447_2	N/A	27.203	92	261	2.16e-23	99.8
WP_000259031.1	279	k121_1711614_2	N/A	29.699	93	266	5.97e-23	98.6
WP_000259031.1	279	k121_835598_2	N/A	30.472	82	233	6.87e-23	97.1
WP_000259031.1	279	k121_1465705_2	N/A	30.357	80	224	1.11e-22	97.4
WP_000259031.1	279	k121_979636_9	N/A	29.151	94	271	1.46e-22	97.8
WP_000259031.1	279	k121_709311_4	N/A	28.700	77	223	3.33e-21	93.2
WP_000259031.1	279	k121_1187942_1	N/A	26.022	92	269	4.96e-21	95.1
WP_000259031.1	279	k121_1634079_1	N/A	31.925	75	213	6.54e-21	92.4
WP_000259031.1	279	k121_1207398_3	N/A	28.195	93	266	7.53e-21	92.8
WP_000259031.1	279	k121_937924_10	N/A	33.065	88	248	1.08e-20	92.4
WP_000259031.1	279	k121_1413519_1	N/A	47.368	48	133	1.15e-20	89.4
WP_000259031.1	279	k121_418200_2	N/A	29.555	88	247	1.48e-20	92.8
WP_000259031.1	279	k121_1594793_17	N/A	29.740	91	269	1.54e-20	92.8
WP_000259031.1	279	k121_1122454_1	N/A	26.506	88	249	3.25e-20	90.9
WP_000259031.1	279	k121_799664_3	N/A	47.664	38	107	3.45e-20	86.7
WP_000259031.1	279	k121_271238_1	N/A	29.268	72	205	4.48e-20	89.4
WP_000259031.1	279	k121_1177397_1	N/A	36.885	44	122	6.06e-20	86.7
WP_000259031.1	279	k121_715904_3	N/A	28.571	88	252	6.48e-20	90.1
WP_000259031.1	279	k121_793425_6	N/A	31.868	95	273	7.10e-20	89.7
WP_000259031.1	279	k121_1105757_4	N/A	26.592	91	267	2.65e-19	88.6
WP_000259031.1	279	k121_1216088_2	N/A	32.258	88	248	3.16e-19	89.4
WP_000259031.1	279	k121_76218_10	N/A	32.620	67	187	7.78e-19	85.1
WP_000259031.1	279	k121_1253502_2	N/A	29.213	95	267	1.27e-18	86.3
WP_000259031.1	279	k121_17554_2	N/A	31.621	88	253	2.42e-18	85.5
WP_000259031.1	279	k121_1697306_7	N/A	26.778	82	239	1.01e-17	83.2
WP_000259031.1	279	k121_1557904_1	N/A	32.287	78	223	1.12e-17	84.0
WP_000259031.1	279	k121_70762_2	N/A	31.429	62	175	2.67e-17	80.9
WP_000259031.1	279	k121_1178161_2	N/A	32.174	76	230	3.48e-17	83.2
WP_000259031.1	279	k121_1087120_1	N/A	24.046	92	262	7.77e-17	81.3
WP_000259031.1	279	k121_993882_3	N/A	31.579	93	266	1.10e-16	81.3
WP_000259031.1	279	k121_765135_2	N/A	34.677	44	124	1.06e-15	75.5
WP_000259031.1	279	k121_1095395_4	N/A	29.545	93	264	1.06e-15	79.3
WP_000259031.1	279	k121_1342506_8	N/A	29.924	93	264	2.70e-15	78.2
WP_000259031.1	279	k121_110068_2	N/A	32.093	77	215	1.09e-14	76.3
WP_000259031.1	279	k121_778263_1	N/A	28.571	44	126	2.12e-14	72.0
WP_000259031.1	279	k121_1487500_2	N/A	29.592	89	294	4.49e-14	74.7
WP_000259031.1	279	k121_447768_1	N/A	23.954	91	263	1.30e-13	72.4
WP_000259031.1	279	k121_545623_1	N/A	30.709	44	127	6.80e-13	68.2
WP_000259031.1	279	k121_1577072_3	N/A	23.005	72	213	3.23e-11	65.9
WP_000259031.1	279	k121_1408322_1	N/A	33.871	44	124	3.75e-11	63.5
WP_000259031.1	279	k121_580088_2	N/A	31.336	77	217	9.42e-11	65.1
WP_000259031.1	279	k121_325913_2	N/A	32.039	37	103	1.10e-10	61.2
WP_000259031.1	279	k121_1187949_2	N/A	30.657	48	137	1.19e-10	62.0
WP_000259031.1	279	k121_673373_25	N/A	25.969	88	258	1.85e-10	63.9
WP_000259031.1	279	k121_1120947_1	N/A	26.797	55	153	4.26e-10	60.8
WP_000259031.1	279	k121_1506893_1	N/A	30.088	41	113	6.52e-10	59.7
WP_000259031.1	279	k121_1489282_1	N/A	27.407	48	135	6.72e-09	57.0
WP_000259031.1	279	k121_696985_1	N/A	27.108	58	166	9.84e-09	57.4
WP_000259031.1	279	k121_304087_1	N/A	40.952	38	105	2.05e-08	55.8
WP_000259031.1	279	k121_1122534_1	N/A	31.915	33	94	4.76e-08	54.7
WP_000259031.1	279	k121_1123474_1	N/A	36.957	30	92	1.05e-07	53.1
WP_000259031.1	279	k121_1686428_2	N/A	31.868	33	91	4.13e-07	50.8
WP_000259031.1	279	k121_1367482_3	N/A	37.681	25	69	1.32e-05	46.2
WP_000259031.1	279	k121_52838_3	N/A	25.170	49	147	1.92e-04	45.1
WP_000259031.1	279	k121_1824_2	N/A	31.618	45	136	2.17e-04	43.9
WP_000259031.1	279	k121_52838_2	N/A	30.380	28	79	0.002	43.1
WP_000259031.1	279	k121_205569_1	N/A	34.921	23	63	0.024	36.6
WP_000259031.1	279	k121_1212538_3	N/A	27.350	42	117	0.024	37.7
WP_001043260.1	271	k121_1052604_3	N/A	100.000	100	271	0.0	528
WP_001043260.1	271	k121_866068_2	N/A	56.981	97	265	5.24e-99	293
WP_001043260.1	271	k121_1290508_1	N/A	50.769	96	260	4.49e-88	265
WP_001043260.1	271	k121_1326819_3	N/A	53.516	94	256	1.72e-83	254
WP_001043260.1	271	k121_538015_1	N/A	50.388	90	258	2.16e-66	210
WP_001043260.1	271	k121_883736_2	N/A	40.000	96	265	2.54e-50	169
WP_001043260.1	271	k121_26530_144	N/A	39.464	96	261	2.76e-49	166
WP_001043260.1	271	k121_348559_7	N/A	38.433	97	268	7.04e-48	164
WP_001043260.1	271	k121_514973_2	N/A	36.923	96	260	8.47e-48	162
WP_001043260.1	271	k121_1551778_3	N/A	37.838	93	259	1.81e-47	161
WP_001043260.1	271	k121_288411_4	N/A	37.692	96	260	3.91e-46	158
WP_001043260.1	271	k121_983900_8	N/A	37.879	96	264	8.75e-45	155
WP_001043260.1	271	k121_1515219_2	N/A	37.931	95	261	1.15e-44	154
WP_001043260.1	271	k121_739504_1	N/A	36.719	94	256	1.00e-43	153
WP_001043260.1	271	k121_1648515_204	N/A	38.636	97	264	5.45e-43	150
WP_001043260.1	271	k121_951292_2	N/A	40.385	95	260	9.07e-43	150
WP_001043260.1	271	k121_579604_2	N/A	40.530	95	264	1.60e-42	150
WP_001043260.1	271	k121_998070_2	N/A	33.449	97	287	4.57e-42	149
WP_001043260.1	271	k121_551501_1	N/A	39.631	80	217	6.81e-42	146
WP_001043260.1	271	k121_483562_2	N/A	35.135	96	259	3.95e-41	145
WP_001043260.1	271	k121_1019973_21	N/A	38.403	94	263	4.01e-41	145
WP_001043260.1	271	k121_1629341_10	N/A	34.328	98	268	3.68e-40	143
WP_001043260.1	271	k121_1251151_1	N/A	36.122	96	263	5.11e-39	140
WP_001043260.1	271	k121_1323444_13	N/A	37.453	96	267	5.29e-39	140
WP_001043260.1	271	k121_1392006_2	N/A	35.249	96	261	1.46e-38	139
WP_001043260.1	271	k121_1568994_8	N/A	33.962	96	265	1.95e-38	139
WP_001043260.1	271	k121_937924_10	N/A	37.687	98	268	2.25e-38	139
WP_001043260.1	271	k121_217936_7	N/A	39.768	95	259	2.66e-38	138
WP_001043260.1	271	k121_979636_9	N/A	34.572	95	269	1.66e-37	137
WP_001043260.1	271	k121_929895_6	N/A	34.276	97	283	4.65e-37	136
WP_001043260.1	271	k121_793425_6	N/A	37.970	96	266	5.42e-37	134
WP_001043260.1	271	k121_1036837_2	N/A	36.704	94	267	8.50e-37	134
WP_001043260.1	271	k121_298973_8	N/A	32.061	95	262	1.22e-36	134
WP_001043260.1	271	k121_890664_14	N/A	38.492	90	252	1.33e-36	135
WP_001043260.1	271	k121_1465705_2	N/A	37.452	95	259	2.86e-36	133
WP_001043260.1	271	k121_836199_1	N/A	36.652	79	221	3.21e-36	132
WP_001043260.1	271	k121_976568_2	N/A	35.178	93	253	3.79e-36	132
WP_001043260.1	271	k121_31192_7	N/A	37.879	96	264	5.94e-36	132
WP_001043260.1	271	k121_98292_1	N/A	34.351	95	262	1.31e-35	132
WP_001043260.1	271	k121_664757_1	N/A	37.788	80	217	2.12e-35	129
WP_001043260.1	271	k121_973521_38	N/A	30.916	95	262	2.12e-35	131
WP_001043260.1	271	k121_1692758_1	N/A	36.154	95	260	6.06e-35	130
WP_001043260.1	271	k121_283096_2	N/A	39.171	80	217	6.48e-35	128
WP_001043260.1	271	k121_1711614_2	N/A	32.061	95	262	3.36e-34	128
WP_001043260.1	271	k121_1612811_3	N/A	34.940	90	249	3.78e-34	127
WP_001043260.1	271	k121_1159344_3	N/A	36.564	81	227	3.81e-34	128
WP_001043260.1	271	k121_1018806_6	N/A	37.548	95	261	4.48e-34	127
WP_001043260.1	271	k121_1527776_1	N/A	34.263	91	251	1.24e-33	129
WP_001043260.1	271	k121_1312359_77	N/A	33.210	96	271	1.54e-33	126
WP_001043260.1	271	k121_1207398_3	N/A	31.679	95	262	1.92e-33	126
WP_001043260.1	271	k121_1578015_2	N/A	34.483	96	261	2.63e-33	125
WP_001043260.1	271	k121_1634079_1	N/A	33.591	94	259	2.71e-33	125
WP_001043260.1	271	k121_709311_4	N/A	33.594	92	256	4.02e-33	124
WP_001043260.1	271	k121_1187942_1	N/A	29.963	96	267	4.18e-33	128
WP_001043260.1	271	k121_71524_2	N/A	33.577	99	274	1.99e-32	123
WP_001043260.1	271	k121_418200_2	N/A	38.889	90	252	3.70e-32	124
WP_001043260.1	271	k121_1471686_16	N/A	32.482	97	274	9.85e-32	122
WP_001043260.1	271	k121_1122454_1	N/A	30.268	96	261	1.39e-31	120
WP_001043260.1	271	k121_1142031_1	N/A	32.669	91	251	2.23e-31	120
WP_001043260.1	271	k121_1713169_6	N/A	33.333	95	261	4.69e-30	116
WP_001043260.1	271	k121_884046_3	N/A	26.038	96	265	1.87e-28	112
WP_001043260.1	271	k121_1105757_4	N/A	28.846	94	260	2.49e-28	112
WP_001043260.1	271	k121_1426923_3	N/A	30.120	91	249	2.50e-28	112
WP_001043260.1	271	k121_715904_3	N/A	30.435	91	253	1.02e-27	110
WP_001043260.1	271	k121_1310989_9	N/A	29.588	97	267	2.17e-27	111
WP_001043260.1	271	k121_1663201_1	N/A	29.213	97	267	2.63e-27	111
WP_001043260.1	271	k121_206171_2	N/A	29.588	97	267	2.98e-27	111
WP_001043260.1	271	k121_271238_1	N/A	35.025	71	197	3.17e-27	107
WP_001043260.1	271	k121_70762_2	N/A	37.572	63	173	3.49e-27	107
WP_001043260.1	271	k121_861533_2	N/A	28.517	95	263	1.09e-26	108
WP_001043260.1	271	k121_527076_39	N/A	28.063	92	253	1.72e-26	107
WP_001043260.1	271	k121_339570_2	N/A	26.894	96	264	5.43e-26	106
WP_001043260.1	271	k121_1216088_2	N/A	33.468	90	248	6.58e-26	107
WP_001043260.1	271	k121_1342506_8	N/A	33.333	97	267	9.30e-26	107
WP_001043260.1	271	k121_1695293_1	N/A	32.685	91	257	2.21e-25	105
WP_001043260.1	271	k121_1480447_2	N/A	25.954	95	262	8.55e-25	103
WP_001043260.1	271	k121_1408322_1	N/A	47.573	38	103	2.17e-24	99.0
WP_001043260.1	271	k121_17554_2	N/A	34.646	92	254	3.18e-24	101
WP_001043260.1	271	k121_1058288_6	N/A	27.823	90	248	3.40e-24	100
WP_001043260.1	271	k121_1014148_1	N/A	30.165	88	242	3.95e-24	100
WP_001043260.1	271	k121_1413519_1	N/A	46.897	53	145	1.43e-23	96.7
WP_001043260.1	271	k121_76218_10	N/A	35.484	68	186	2.24e-23	97.1
WP_001043260.1	271	k121_1506893_1	N/A	43.269	38	104	7.56e-23	94.4
WP_001043260.1	271	k121_565446_2	N/A	28.958	94	259	8.12e-23	97.8
WP_001043260.1	271	k121_447768_1	N/A	26.592	97	267	9.48e-23	97.4
WP_001043260.1	271	k121_722902_5	N/A	32.075	90	265	9.48e-23	98.2
WP_001043260.1	271	k121_993882_3	N/A	34.328	95	268	9.88e-23	97.8
WP_001043260.1	271	k121_325913_2	N/A	43.689	38	103	1.21e-22	93.2
WP_001043260.1	271	k121_1087120_1	N/A	27.755	89	245	1.08e-21	94.0
WP_001043260.1	271	k121_1095395_4	N/A	31.835	97	267	4.89e-21	94.4
WP_001043260.1	271	k121_1177397_1	N/A	38.571	51	140	6.91e-21	89.0
WP_001043260.1	271	k121_1178161_2	N/A	30.337	90	267	1.67e-19	89.4
WP_001043260.1	271	k121_835598_2	N/A	29.204	82	226	8.13e-19	85.9
WP_001043260.1	271	k121_1557904_1	N/A	30.738	88	244	1.09e-18	86.7
WP_001043260.1	271	k121_110068_2	N/A	33.182	78	220	2.73e-18	85.9
WP_001043260.1	271	k121_1123474_1	N/A	41.441	38	111	5.53e-18	81.3
WP_001043260.1	271	k121_1577072_3	N/A	27.941	95	272	1.27e-17	84.0
WP_001043260.1	271	k121_673373_25	N/A	30.469	91	256	1.46e-17	84.0
WP_001043260.1	271	k121_1487500_2	N/A	29.924	80	264	1.50e-17	84.3
WP_001043260.1	271	k121_778263_1	N/A	34.127	45	126	2.25e-17	79.7
WP_001043260.1	271	k121_1697306_7	N/A	25.974	84	231	4.13e-17	81.3
WP_001043260.1	271	k121_1253502_2	N/A	30.830	91	253	9.86e-17	80.9
WP_001043260.1	271	k121_696985_1	N/A	30.864	59	162	2.06e-16	78.6
WP_001043260.1	271	k121_1122534_1	N/A	41.489	34	94	5.78e-16	76.3
WP_001043260.1	271	k121_799664_3	N/A	40.336	44	119	9.07e-16	74.7
WP_001043260.1	271	k121_1686428_2	N/A	42.857	34	91	9.58e-16	74.3
WP_001043260.1	271	k121_580088_2	N/A	29.719	90	249	1.72e-15	78.6
WP_001043260.1	271	k121_765135_2	N/A	35.922	37	103	9.27e-15	72.8
WP_001043260.1	271	k121_1594793_17	N/A	27.953	90	254	5.72e-14	73.9
WP_001043260.1	271	k121_1120947_1	N/A	28.402	61	169	2.55e-12	66.6
WP_001043260.1	271	k121_545623_1	N/A	32.031	46	128	3.35e-12	66.2
WP_001043260.1	271	k121_205569_1	N/A	44.444	23	63	4.43e-11	60.8
WP_001043260.1	271	k121_1367482_3	N/A	42.029	25	69	2.68e-10	59.3
WP_001043260.1	271	k121_52838_2	N/A	43.056	26	72	6.89e-10	62.4
WP_001043260.1	271	k121_1489282_1	N/A	25.828	54	151	1.04e-08	56.2
WP_001043260.1	271	k121_1187949_2	N/A	25.564	49	133	3.25e-06	49.3
WP_001043260.1	271	k121_1638871_1	N/A	49.180	23	61	4.28e-06	48.5
WP_001043260.1	271	k121_545873_2	N/A	46.429	21	56	3.34e-05	44.7
WP_001043260.1	271	k121_304087_1	N/A	37.815	44	119	3.80e-05	46.6
WP_001043260.1	271	k121_1824_2	N/A	41.026	28	78	2.72e-04	43.5
WP_001043260.1	271	k121_52838_3	N/A	21.675	69	203	3.52e-04	44.3
WP_001043260.1	271	k121_245637_8	N/A	43.636	20	55	0.006	37.7
WP_000034420.1	263	k121_1290508_1	N/A	60.392	97	255	1.42e-110	322
WP_000034420.1	263	k121_866068_2	N/A	47.893	99	261	2.71e-82	250
WP_000034420.1	263	k121_1052604_3	N/A	52.124	98	259	1.98e-80	246
WP_000034420.1	263	k121_1326819_3	N/A	43.182	100	264	4.79e-78	240
WP_000034420.1	263	k121_538015_1	N/A	42.460	95	252	4.09e-62	199
WP_000034420.1	263	k121_288411_4	N/A	41.538	98	260	2.32e-58	189
WP_000034420.1	263	k121_1019973_21	N/A	40.541	98	259	3.96e-57	186
WP_000034420.1	263	k121_1629341_10	N/A	40.152	98	264	1.60e-56	185
WP_000034420.1	263	k121_514973_2	N/A	37.931	98	261	2.53e-54	179
WP_000034420.1	263	k121_1551778_3	N/A	41.569	95	255	1.80e-53	176
WP_000034420.1	263	k121_1515219_2	N/A	37.358	99	265	7.33e-53	175
WP_000034420.1	263	k121_579604_2	N/A	38.168	99	262	6.76e-51	171
WP_000034420.1	263	k121_883736_2	N/A	37.643	98	263	1.89e-50	169
WP_000034420.1	263	k121_739504_1	N/A	38.224	97	259	2.47e-50	170
WP_000034420.1	263	k121_1392006_2	N/A	38.258	99	264	2.87e-49	167
WP_000034420.1	263	k121_1612811_3	N/A	37.970	99	266	2.64e-48	164
WP_000034420.1	263	k121_1692758_1	N/A	36.398	99	261	3.05e-48	164
WP_000034420.1	263	k121_483562_2	N/A	36.641	99	262	5.77e-48	163
WP_000034420.1	263	k121_26530_144	N/A	35.907	98	259	1.12e-47	162
WP_000034420.1	263	k121_1568994_8	N/A	34.483	99	261	1.48e-47	162
WP_000034420.1	263	k121_1251151_1	N/A	36.364	98	264	1.58e-47	162
WP_000034420.1	263	k121_348559_7	N/A	36.803	99	269	5.86e-47	161
WP_000034420.1	263	k121_551501_1	N/A	41.629	83	221	5.88e-47	159
WP_000034420.1	263	k121_998070_2	N/A	33.684	99	285	3.70e-46	159
WP_000034420.1	263	k121_1036837_2	N/A	35.955	98	267	3.99e-46	158
WP_000034420.1	263	k121_1648515_204	N/A	36.364	99	264	4.21e-46	158
WP_000034420.1	263	k121_418200_2	N/A	37.500	99	264	9.68e-45	157
WP_000034420.1	263	k121_217936_7	N/A	39.163	99	263	7.04e-44	152
WP_000034420.1	263	k121_951292_2	N/A	35.985	99	264	1.91e-43	151
WP_000034420.1	263	k121_976568_2	N/A	36.000	94	250	1.99e-43	150
WP_000034420.1	263	k121_1578015_2	N/A	34.483	99	261	2.84e-43	151
WP_000034420.1	263	k121_979636_9	N/A	35.897	99	273	3.32e-43	152
WP_000034420.1	263	k121_836199_1	N/A	34.583	91	240	9.83e-43	149
WP_000034420.1	263	k121_1465705_2	N/A	36.502	99	263	1.49e-42	149
WP_000034420.1	263	k121_983900_8	N/A	34.848	98	264	1.98e-42	149
WP_000034420.1	263	k121_1527776_1	N/A	36.260	97	262	3.11e-41	149
WP_000034420.1	263	k121_937924_10	N/A	35.249	98	261	8.28e-41	145
WP_000034420.1	263	k121_31192_7	N/A	35.907	98	259	8.63e-41	144
WP_000034420.1	263	k121_283096_2	N/A	40.625	84	224	2.87e-40	142
WP_000034420.1	263	k121_1122454_1	N/A	32.824	99	262	2.92e-40	143
WP_000034420.1	263	k121_890664_14	N/A	36.694	94	248	8.67e-40	144
WP_000034420.1	263	k121_1018806_6	N/A	36.398	98	261	1.13e-39	141
WP_000034420.1	263	k121_1187942_1	N/A	35.075	98	268	2.76e-39	144
WP_000034420.1	263	k121_1323444_13	N/A	32.830	98	265	6.61e-39	140
WP_000034420.1	263	k121_793425_6	N/A	32.331	99	266	2.94e-38	137
WP_000034420.1	263	k121_1471686_16	N/A	32.472	99	271	2.41e-37	136
WP_000034420.1	263	k121_1142031_1	N/A	34.496	97	258	6.68e-37	134
WP_000034420.1	263	k121_709311_4	N/A	36.122	97	263	1.75e-36	133
WP_000034420.1	263	k121_98292_1	N/A	33.585	98	265	3.70e-36	133
WP_000034420.1	263	k121_206171_2	N/A	30.534	99	262	3.23e-35	132
WP_000034420.1	263	k121_884046_3	N/A	32.946	97	258	6.75e-35	129
WP_000034420.1	263	k121_973521_38	N/A	32.075	98	265	7.70e-35	129
WP_000034420.1	263	k121_1634079_1	N/A	31.801	97	261	8.95e-35	128
WP_000034420.1	263	k121_1426923_3	N/A	33.333	99	264	9.72e-35	129
WP_000034420.1	263	k121_1663201_1	N/A	30.534	99	262	1.06e-34	130
WP_000034420.1	263	k121_1310989_9	N/A	30.534	99	262	1.50e-34	130
WP_000034420.1	263	k121_664757_1	N/A	36.620	81	213	2.15e-34	126
WP_000034420.1	263	k121_298973_8	N/A	33.208	98	265	8.97e-34	127
WP_000034420.1	263	k121_1178161_2	N/A	31.071	99	280	7.94e-33	125
WP_000034420.1	263	k121_1713169_6	N/A	32.955	98	264	3.10e-32	122
WP_000034420.1	263	k121_1312359_77	N/A	30.303	98	264	3.72e-32	122
WP_000034420.1	263	k121_722902_5	N/A	32.342	97	269	1.18e-31	121
WP_000034420.1	263	k121_929895_6	N/A	28.986	99	276	1.50e-31	121
WP_000034420.1	263	k121_1711614_2	N/A	31.321	98	265	1.87e-31	120
WP_000034420.1	263	k121_271238_1	N/A	34.343	74	198	2.54e-31	118
WP_000034420.1	263	k121_1216088_2	N/A	31.439	99	264	8.97e-31	120
WP_000034420.1	263	k121_1095395_4	N/A	31.343	99	268	1.30e-30	120
WP_000034420.1	263	k121_1087120_1	N/A	31.274	97	259	2.64e-30	116
WP_000034420.1	263	k121_71524_2	N/A	33.068	94	251	4.23e-30	117
WP_000034420.1	263	k121_1207398_3	N/A	29.434	98	265	5.22e-30	116
WP_000034420.1	263	k121_1159344_3	N/A	31.522	99	276	8.00e-30	117
WP_000034420.1	263	k121_1014148_1	N/A	32.780	90	241	9.35e-30	114
WP_000034420.1	263	k121_1342506_8	N/A	30.224	99	268	2.97e-29	116
WP_000034420.1	263	k121_1177397_1	N/A	41.844	54	141	3.34e-29	110
WP_000034420.1	263	k121_527076_39	N/A	31.076	94	251	5.64e-29	114
WP_000034420.1	263	k121_861533_2	N/A	29.008	98	262	6.48e-29	113
WP_000034420.1	263	k121_70762_2	N/A	36.932	66	176	2.25e-28	109
WP_000034420.1	263	k121_1480447_2	N/A	29.699	98	266	1.29e-27	110
WP_000034420.1	263	k121_1105757_4	N/A	29.231	97	260	4.03e-27	109
WP_000034420.1	263	k121_993882_3	N/A	29.811	99	265	4.91e-27	108
WP_000034420.1	263	k121_835598_2	N/A	32.479	88	234	7.61e-27	107
WP_000034420.1	263	k121_1058288_6	N/A	30.800	93	250	4.32e-26	105
WP_000034420.1	263	k121_17554_2	N/A	32.692	94	260	5.26e-26	105
WP_000034420.1	263	k121_715904_3	N/A	28.996	97	269	7.01e-26	105
WP_000034420.1	263	k121_1557904_1	N/A	30.469	96	256	1.12e-25	105
WP_000034420.1	263	k121_76218_10	N/A	34.759	70	187	1.42e-25	102
WP_000034420.1	263	k121_325913_2	N/A	44.860	41	107	1.90e-25	100
WP_000034420.1	263	k121_339570_2	N/A	28.996	99	269	9.30e-25	102
WP_000034420.1	263	k121_1697306_7	N/A	32.314	85	229	1.23e-24	101
WP_000034420.1	263	k121_1413519_1	N/A	39.437	54	142	1.31e-24	99.4
WP_000034420.1	263	k121_1408322_1	N/A	40.800	47	125	1.36e-24	99.4
WP_000034420.1	263	k121_1695293_1	N/A	29.213	99	267	3.31e-24	101
WP_000034420.1	263	k121_565446_2	N/A	29.070	97	258	6.58e-24	100
WP_000034420.1	263	k121_110068_2	N/A	31.364	81	220	1.93e-23	100
WP_000034420.1	263	k121_765135_2	N/A	37.097	47	124	1.26e-22	93.6
WP_000034420.1	263	k121_580088_2	N/A	29.924	99	264	1.34e-21	95.5
WP_000034420.1	263	k121_447768_1	N/A	30.418	98	263	1.98e-21	93.6
WP_000034420.1	263	k121_1253502_2	N/A	29.119	98	261	1.35e-20	91.3
WP_000034420.1	263	k121_1487500_2	N/A	26.861	98	309	2.37e-20	92.0
WP_000034420.1	263	k121_1594793_17	N/A	28.740	94	254	1.09e-19	89.7
WP_000034420.1	263	k121_673373_25	N/A	26.966	97	267	1.60e-19	89.0
WP_000034420.1	263	k121_1506893_1	N/A	37.097	47	124	1.72e-19	85.5
WP_000034420.1	263	k121_1123474_1	N/A	42.453	38	106	2.56e-18	81.6
WP_000034420.1	263	k121_1577072_3	N/A	27.184	77	206	1.30e-17	83.6
WP_000034420.1	263	k121_799664_3	N/A	40.367	41	109	1.74e-17	79.3
WP_000034420.1	263	k121_696985_1	N/A	32.704	59	159	1.05e-16	79.0
WP_000034420.1	263	k121_778263_1	N/A	34.646	47	127	2.33e-14	71.6
WP_000034420.1	263	k121_1686428_2	N/A	42.500	30	80	1.25e-13	68.6
WP_000034420.1	263	k121_1122534_1	N/A	34.737	36	95	1.92e-13	69.3
WP_000034420.1	263	k121_1120947_1	N/A	27.273	63	165	5.93e-13	68.6
WP_000034420.1	263	k121_1489282_1	N/A	27.152	56	151	2.39e-12	66.2
WP_000034420.1	263	k121_545623_1	N/A	31.496	47	127	1.21e-11	64.3
WP_000034420.1	263	k121_205569_1	N/A	43.548	24	62	5.52e-11	60.5
WP_000034420.1	263	k121_304087_1	N/A	37.190	44	121	6.18e-11	62.8
WP_000034420.1	263	k121_52838_2	N/A	41.026	29	78	2.67e-10	63.2
WP_000034420.1	263	k121_1367482_3	N/A	44.286	27	70	2.35e-09	56.6
WP_000034420.1	263	k121_545873_2	N/A	45.763	22	59	9.29e-09	54.3
WP_000034420.1	263	k121_1187949_2	N/A	26.119	51	134	1.97e-08	55.5
WP_000034420.1	263	k121_1638871_1	N/A	42.188	24	64	2.32e-07	52.0
WP_000034420.1	263	k121_52838_3	N/A	22.886	71	201	2.04e-06	50.4
WP_000034420.1	263	k121_1212538_3	N/A	28.000	48	125	7.86e-06	47.4
WP_000034420.1	263	k121_245637_8	N/A	43.636	21	55	1.76e-05	44.7
WP_000845048.1	337	k121_929549_2	N/A	76.490	90	302	1.46e-174	489
WP_000845048.1	337	k121_778032_1	N/A	69.113	97	327	1.30e-160	455
WP_000845048.1	337	k121_333986_2	N/A	65.455	96	330	2.62e-148	426
WP_000845048.1	337	k121_764411_2	N/A	71.429	85	287	6.36e-148	421
WP_000845048.1	337	k121_718242_2	N/A	63.050	95	341	3.02e-146	421
WP_000845048.1	337	k121_677722_2	N/A	63.444	96	331	1.71e-144	417
WP_000845048.1	337	k121_838924_5	N/A	60.597	97	335	3.97e-142	410
WP_000845048.1	337	k121_966564_1	N/A	61.493	97	335	1.20e-139	405
WP_000845048.1	337	k121_952081_2	N/A	72.243	78	263	3.09e-137	393
WP_000845048.1	337	k121_303125_1	N/A	61.562	95	320	3.21e-136	394
WP_000845048.1	337	k121_1719750_4	N/A	58.160	99	337	1.38e-133	387
WP_000845048.1	337	k121_303111_3	N/A	59.574	98	329	2.60e-133	387
WP_000845048.1	337	k121_1561936_2	N/A	59.347	100	337	2.51e-131	382
WP_000845048.1	337	k121_85457_1	N/A	59.177	94	316	2.61e-129	375
WP_000845048.1	337	k121_1201624_1	N/A	59.425	93	313	2.13e-128	372
WP_000845048.1	337	k121_484729_2	N/A	58.824	91	306	2.20e-127	370
WP_000845048.1	337	k121_1181532_2	N/A	76.444	67	225	1.92e-124	359
WP_000845048.1	337	k121_1208615_2	N/A	60.261	91	307	1.37e-121	355
WP_000845048.1	337	k121_1721039_1	N/A	68.163	73	245	3.30e-118	345
WP_000845048.1	337	k121_1386209_38	N/A	55.452	95	321	1.24e-116	344
WP_000845048.1	337	k121_649616_3	N/A	54.062	95	320	3.02e-114	338
WP_000845048.1	337	k121_1275173_3	N/A	52.866	93	314	1.75e-107	320
WP_000845048.1	337	k121_1503788_1	N/A	51.118	93	313	7.09e-101	303
WP_000845048.1	337	k121_219971_6	N/A	50.799	93	313	7.72e-99	298
WP_000845048.1	337	k121_874177_11	N/A	48.438	95	320	1.28e-98	297
WP_000845048.1	337	k121_210261_10	N/A	52.396	93	313	9.92e-98	298
WP_000845048.1	337	k121_1059972_1	N/A	49.621	78	264	6.05e-82	253
WP_000845048.1	337	k121_1570184_2	N/A	63.043	55	184	1.74e-81	249
WP_000845048.1	337	k121_1343871_1	N/A	58.065	64	217	3.38e-78	241
WP_000845048.1	337	k121_1464503_1	N/A	47.931	86	290	9.73e-74	233
WP_000845048.1	337	k121_884821_2	N/A	49.254	78	268	2.87e-72	228
WP_000845048.1	337	k121_415798_1	N/A	43.972	83	282	3.81e-70	223
WP_000845048.1	337	k121_243269_3	N/A	46.403	82	278	7.04e-67	218
WP_000845048.1	337	k121_1104352_2	N/A	50.000	67	232	1.97e-65	209
WP_000845048.1	337	k121_1526878_2	N/A	55.233	51	172	1.05e-61	197
WP_000845048.1	337	k121_1049979_3	N/A	78.151	35	119	1.46e-61	195
WP_000845048.1	337	k121_219971_5	N/A	45.487	81	277	1.87e-61	200
WP_000845048.1	337	k121_619827_1	N/A	48.624	65	218	9.27e-61	197
WP_000845048.1	337	k121_1642856_4	N/A	62.987	44	154	8.72e-60	193
WP_000845048.1	337	k121_1106120_1	N/A	62.500	45	152	1.02e-58	191
WP_000845048.1	337	k121_1072706_3	N/A	47.826	55	184	1.48e-57	187
WP_000845048.1	337	k121_555803_2	N/A	57.500	47	160	1.08e-56	184
WP_000845048.1	337	k121_453546_1	N/A	100.000	26	89	3.05e-56	180
WP_000845048.1	337	k121_788314_1	N/A	49.735	56	189	4.22e-54	181
WP_000845048.1	337	k121_421011_1	N/A	35.276	96	326	8.36e-53	180
WP_000845048.1	337	k121_938886_1	N/A	74.561	34	114	1.23e-51	171
WP_000845048.1	337	k121_1046795_1	N/A	48.438	57	192	5.18e-46	157
WP_000845048.1	337	k121_1531217_2	N/A	46.569	58	204	5.98e-46	158
WP_000845048.1	337	k121_1527956_2	N/A	52.632	44	152	3.13e-45	154
WP_000845048.1	337	k121_1207918_4	N/A	35.258	97	329	2.31e-44	156
WP_000845048.1	337	k121_40805_2	N/A	69.524	31	105	2.97e-44	153
WP_000845048.1	337	k121_1561847_1	N/A	34.323	90	303	3.22e-44	160
WP_000845048.1	337	k121_1449684_1	N/A	34.146	96	328	5.69e-42	150
WP_000845048.1	337	k121_964867_1	N/A	67.308	31	104	1.04e-41	144
WP_000845048.1	337	k121_788106_1	N/A	35.350	92	314	3.82e-41	147
WP_000845048.1	337	k121_1631651_2	N/A	31.847	92	314	5.20e-41	154
WP_000845048.1	337	k121_313330_2	N/A	33.121	93	314	2.12e-40	147
WP_000845048.1	337	k121_54352_1	N/A	61.818	33	110	2.96e-39	137
WP_000845048.1	337	k121_95699_5	N/A	31.231	97	333	1.23e-38	143
WP_000845048.1	337	k121_947948_1	N/A	70.103	29	97	2.54e-38	135
WP_000845048.1	337	k121_1662502_1	N/A	35.548	89	301	3.61e-38	139
WP_000845048.1	337	k121_1289983_1	N/A	30.218	95	321	2.35e-36	135
WP_000845048.1	337	k121_816025_3	N/A	34.030	99	335	3.03e-36	135
WP_000845048.1	337	k121_1378645_1	N/A	35.647	92	317	3.88e-36	135
WP_000845048.1	337	k121_459524_2	N/A	32.343	89	303	6.13e-36	134
WP_000845048.1	337	k121_1203557_1	N/A	34.125	99	337	1.10e-35	134
WP_000845048.1	337	k121_1483489_1	N/A	56.757	33	111	1.90e-35	128
WP_000845048.1	337	k121_51263_5	N/A	30.818	93	318	2.43e-35	135
WP_000845048.1	337	k121_779116_1	N/A	30.000	97	330	2.50e-35	135
WP_000845048.1	337	k121_1401341_2	N/A	48.921	41	139	1.32e-34	126
WP_000845048.1	337	k121_1403601_2	N/A	33.133	98	332	2.11e-34	130
WP_000845048.1	337	k121_644553_1	N/A	61.000	30	100	3.67e-34	124
WP_000845048.1	337	k121_966200_2	N/A	63.158	27	95	4.25e-34	124
WP_000845048.1	337	k121_1155200_4	N/A	29.909	96	331	1.01e-33	130
WP_000845048.1	337	k121_1188601_6	N/A	29.688	94	320	1.01e-33	128
WP_000845048.1	337	k121_982539_3	N/A	33.225	90	307	1.12e-33	128
WP_000845048.1	337	k121_771633_3	N/A	51.181	38	127	2.00e-33	124
WP_000845048.1	337	k121_378120_2	N/A	29.290	98	338	5.19e-33	130
WP_000845048.1	337	k121_546073_1	N/A	28.777	82	278	1.70e-32	126
WP_000845048.1	337	k121_489722_4	N/A	32.416	96	327	2.70e-32	125
WP_000845048.1	337	k121_1599301_3	N/A	33.028	97	327	4.26e-32	125
WP_000845048.1	337	k121_986470_2	N/A	32.416	96	327	4.91e-32	124
WP_000845048.1	337	k121_374828_2	N/A	30.769	91	312	5.45e-32	127
WP_000845048.1	337	k121_646065_2	N/A	27.632	90	304	1.30e-31	124
WP_000845048.1	337	k121_406162_2	N/A	55.556	35	117	1.68e-31	118
WP_000845048.1	337	k121_108266_18	N/A	34.764	67	233	2.05e-31	123
WP_000845048.1	337	k121_671330_1	N/A	30.627	80	271	2.13e-31	122
WP_000845048.1	337	k121_643458_8	N/A	32.219	97	329	2.98e-31	122
WP_000845048.1	337	k121_1243678_3	N/A	32.390	93	318	3.52e-31	122
WP_000845048.1	337	k121_972877_1	N/A	32.515	96	326	6.10e-31	121
WP_000845048.1	337	k121_855792_2	N/A	33.224	90	304	7.94e-31	120
WP_000845048.1	337	k121_1433866_2	N/A	32.982	84	285	8.95e-31	119
WP_000845048.1	337	k121_1265033_2	N/A	33.663	89	303	2.33e-30	119
WP_000845048.1	337	k121_1541060_2	N/A	32.836	99	335	2.82e-30	119
WP_000845048.1	337	k121_1460584_2	N/A	32.653	86	294	4.00e-30	118
WP_000845048.1	337	k121_71868_2	N/A	63.750	24	80	4.11e-30	112
WP_000845048.1	337	k121_335533_1	N/A	44.898	44	147	4.18e-30	119
WP_000845048.1	337	k121_1431401_3	N/A	27.778	90	306	4.69e-30	119
WP_000845048.1	337	k121_707222_1	N/A	29.341	98	334	5.39e-30	119
WP_000845048.1	337	k121_119321_2	N/A	27.744	95	328	9.10e-30	119
WP_000845048.1	337	k121_844561_1	N/A	32.722	96	327	1.05e-29	118
WP_000845048.1	337	k121_832413_2	N/A	35.417	57	192	1.25e-29	114
WP_000845048.1	337	k121_314624_6	N/A	31.928	98	332	1.86e-29	119
WP_000845048.1	337	k121_1016910_1	N/A	36.889	66	225	1.92e-29	115
WP_000845048.1	337	k121_352137_1	N/A	63.218	26	87	3.35e-29	110
WP_000845048.1	337	k121_329608_2	N/A	30.838	94	334	6.13e-29	115
WP_000845048.1	337	k121_947695_1	N/A	29.969	96	327	1.69e-28	117
WP_000845048.1	337	k121_1600033_1	N/A	29.316	89	307	2.50e-28	114
WP_000845048.1	337	k121_118561_2	N/A	27.445	93	317	5.28e-28	114
WP_000845048.1	337	k121_697979_4	N/A	29.653	93	317	7.61e-28	115
WP_000845048.1	337	k121_659677_2	N/A	30.864	96	324	1.04e-27	113
WP_000845048.1	337	k121_370943_3	N/A	31.343	58	201	1.11e-27	111
WP_000845048.1	337	k121_1627174_1	N/A	26.935	94	323	2.00e-27	112
WP_000845048.1	337	k121_845006_2	N/A	37.004	67	227	5.90e-27	108
WP_000845048.1	337	k121_702139_3	N/A	31.250	75	256	1.06e-26	108
WP_000845048.1	337	k121_1552345_2	N/A	30.565	88	301	1.21e-26	109
WP_000845048.1	337	k121_966200_1	N/A	55.789	28	95	1.30e-26	104
WP_000845048.1	337	k121_1184864_2	N/A	35.294	74	255	1.39e-26	108
WP_000845048.1	337	k121_1197343_2	N/A	31.935	91	310	1.80e-26	109
WP_000845048.1	337	k121_1461424_3	N/A	35.678	59	199	2.33e-26	105
WP_000845048.1	337	k121_495896_1	N/A	31.940	99	335	4.14e-26	108
WP_000845048.1	337	k121_1584936_4	N/A	28.660	95	321	5.90e-26	109
WP_000845048.1	337	k121_800717_1	N/A	52.000	30	100	9.74e-26	102
WP_000845048.1	337	k121_1413934_2	N/A	35.616	65	219	1.57e-25	104
WP_000845048.1	337	k121_1017134_1	N/A	30.038	75	263	2.04e-25	106
WP_000845048.1	337	k121_971144_3	N/A	34.562	63	217	2.15e-25	106
WP_000845048.1	337	k121_1631801_3	N/A	40.458	37	131	2.27e-25	102
WP_000845048.1	337	k121_835964_1	N/A	26.140	96	329	2.69e-25	106
WP_000845048.1	337	k121_596058_1	N/A	30.795	89	302	8.83e-25	103
WP_000845048.1	337	k121_659677_1	N/A	57.143	25	84	2.11e-24	98.6
WP_000845048.1	337	k121_985928_38	N/A	31.010	81	287	2.18e-24	103
WP_000845048.1	337	k121_1505450_35	N/A	33.574	76	277	3.94e-24	103
WP_000845048.1	337	k121_1473990_2	N/A	30.882	77	272	4.53e-24	103
WP_000845048.1	337	k121_621520_1	N/A	29.617	85	287	4.75e-24	102
WP_000845048.1	337	k121_1273883_1	N/A	32.222	53	180	5.64e-24	103
WP_000845048.1	337	k121_1616703_1	N/A	30.619	91	307	1.45e-23	100
WP_000845048.1	337	k121_1441545_5	N/A	31.438	85	299	3.55e-23	100
WP_000845048.1	337	k121_753001_1	N/A	33.333	72	255	7.92e-23	99.8
WP_000845048.1	337	k121_471152_1	N/A	28.523	83	298	1.44e-22	99.0
WP_000845048.1	337	k121_729964_2	N/A	31.000	85	300	1.75e-22	98.6
WP_000845048.1	337	k121_258315_2	N/A	28.125	84	288	1.86e-22	98.6
WP_000845048.1	337	k121_1399514_1	N/A	35.979	56	189	2.47e-22	94.7
WP_000845048.1	337	k121_1107574_18	N/A	35.909	64	220	3.50e-22	98.6
WP_000845048.1	337	k121_1502660_2	N/A	30.164	87	305	6.15e-22	97.1
WP_000845048.1	337	k121_380491_1	N/A	38.043	55	184	6.28e-22	97.1
WP_000845048.1	337	k121_976630_1	N/A	33.136	50	169	6.46e-22	98.6
WP_000845048.1	337	k121_1559288_1	N/A	30.769	85	299	9.16e-22	97.1
WP_000845048.1	337	k121_74420_3	N/A	30.503	86	318	2.38e-21	95.9
WP_000845048.1	337	k121_1305264_1	N/A	35.088	66	228	2.59e-21	93.6
WP_000845048.1	337	k121_355360_37	N/A	30.038	73	263	2.69e-21	95.9
WP_000845048.1	337	k121_1111764_2	N/A	30.450	81	289	3.08e-21	95.5
WP_000845048.1	337	k121_936457_2	N/A	29.474	81	285	4.20e-21	95.1
WP_000845048.1	337	k121_1227543_2	N/A	37.500	55	184	4.31e-21	95.1
WP_000845048.1	337	k121_473797_2	N/A	33.929	64	224	5.12e-21	94.7
WP_000845048.1	337	k121_341461_2	N/A	30.909	65	220	8.70e-21	94.4
WP_000845048.1	337	k121_73478_2	N/A	31.228	81	285	8.92e-21	94.0
WP_000845048.1	337	k121_1242256_8	N/A	27.372	78	274	1.36e-20	93.6
WP_000845048.1	337	k121_734736_2	N/A	31.847	86	314	1.47e-20	93.6
WP_000845048.1	337	k121_278304_22	N/A	27.302	88	315	1.56e-20	93.2
WP_000845048.1	337	k121_1496328_3	N/A	29.703	85	303	1.73e-20	93.2
WP_000845048.1	337	k121_1120360_2	N/A	30.392	85	306	2.13e-20	93.6
WP_000845048.1	337	k121_544443_2	N/A	29.151	77	271	2.97e-20	93.2
WP_000845048.1	337	k121_462292_4	N/A	27.848	88	316	3.45e-20	92.4
WP_000845048.1	337	k121_77537_2	N/A	32.870	62	216	3.73e-20	90.5
WP_000845048.1	337	k121_540204_18	N/A	30.455	64	220	5.02e-20	92.0
WP_000845048.1	337	k121_738350_34	N/A	27.007	79	274	5.32e-20	92.0
WP_000845048.1	337	k121_886978_1	N/A	27.885	86	312	8.65e-20	91.3
WP_000845048.1	337	k121_652025_2	N/A	28.235	72	255	1.02e-19	91.3
WP_000845048.1	337	k121_1598901_2	N/A	38.462	54	182	1.07e-19	90.9
WP_000845048.1	337	k121_1351811_2	N/A	34.759	55	187	1.38e-19	90.5
WP_000845048.1	337	k121_11141_2	N/A	29.000	84	300	1.75e-19	90.5
WP_000845048.1	337	k121_140498_11	N/A	30.855	76	269	2.82e-19	90.1
WP_000845048.1	337	k121_1505166_2	N/A	33.484	63	221	3.15e-19	88.2
WP_000845048.1	337	k121_779294_4	N/A	25.088	80	283	3.55e-19	89.0
WP_000845048.1	337	k121_283590_45	N/A	30.719	85	306	3.75e-19	90.1
WP_000845048.1	337	k121_403979_42	N/A	29.655	82	290	4.15e-19	89.4
WP_000845048.1	337	k121_1323416_2	N/A	31.068	61	206	4.34e-19	88.6
WP_000845048.1	337	k121_241311_1	N/A	30.897	85	301	4.80e-19	89.0
WP_000845048.1	337	k121_1543218_48	N/A	25.902	87	305	5.89e-19	89.0
WP_000845048.1	337	k121_485317_2	N/A	34.783	55	184	6.01e-19	89.0
WP_000845048.1	337	k121_626844_3	N/A	35.795	52	176	7.32e-19	89.0
WP_000845048.1	337	k121_1361893_1	N/A	27.027	82	296	8.63e-19	89.0
WP_000845048.1	337	k121_1631801_2	N/A	52.439	24	82	8.86e-19	84.0
WP_000845048.1	337	k121_667502_2	N/A	30.153	75	262	9.55e-19	87.4
WP_000845048.1	337	k121_1287239_1	N/A	27.857	80	280	1.03e-18	88.2
WP_000845048.1	337	k121_1308853_2	N/A	32.524	60	206	1.05e-18	85.9
WP_000845048.1	337	k121_1579474_1	N/A	27.303	85	304	1.09e-18	88.2
WP_000845048.1	337	k121_290390_1	N/A	30.055	53	183	1.38e-18	85.9
WP_000845048.1	337	k121_1279955_2	N/A	31.803	84	305	2.39e-18	87.0
WP_000845048.1	337	k121_1337520_2	N/A	44.944	26	89	2.55e-18	83.6
WP_000845048.1	337	k121_913867_1	N/A	32.569	62	218	2.64e-18	87.0
WP_000845048.1	337	k121_1048938_2	N/A	35.326	55	184	2.67e-18	87.0
WP_000845048.1	337	k121_852698_2	N/A	30.804	65	224	2.79e-18	85.5
WP_000845048.1	337	k121_1641684_3	N/A	23.529	90	306	2.95e-18	86.7
WP_000845048.1	337	k121_1345031_17	N/A	35.931	64	231	3.02e-18	87.0
WP_000845048.1	337	k121_154832_15	N/A	32.961	53	179	3.78e-18	87.0
WP_000845048.1	337	k121_1315292_5	N/A	25.839	82	298	4.05e-18	86.3
WP_000845048.1	337	k121_1080185_2	N/A	31.674	64	221	4.85e-18	84.7
WP_000845048.1	337	k121_97854_27	N/A	25.566	86	309	5.25e-18	86.3
WP_000845048.1	337	k121_423415_3	N/A	30.323	83	310	5.43e-18	86.3
WP_000845048.1	337	k121_1695517_1	N/A	35.047	62	214	5.65e-18	84.0
WP_000845048.1	337	k121_158576_2	N/A	29.210	84	291	6.58e-18	86.3
WP_000845048.1	337	k121_1451113_7	N/A	35.909	63	220	7.27e-18	86.3
WP_000845048.1	337	k121_371834_1	N/A	25.091	79	275	1.20e-17	85.1
WP_000845048.1	337	k121_1105220_6	N/A	27.243	85	301	1.25e-17	85.1
WP_000845048.1	337	k121_1608346_2	N/A	31.050	64	219	1.36e-17	85.1
WP_000845048.1	337	k121_791435_2	N/A	27.491	82	291	1.36e-17	85.5
WP_000845048.1	337	k121_448121_2	N/A	31.923	74	260	2.08e-17	84.7
WP_000845048.1	337	k121_935583_3	N/A	57.576	20	66	2.12e-17	79.7
WP_000845048.1	337	k121_1496604_3	N/A	29.595	89	321	2.37e-17	84.3
WP_000845048.1	337	k121_1567296_6	N/A	26.481	82	287	2.75e-17	84.3
WP_000845048.1	337	k121_1215263_2	N/A	34.234	64	222	3.02e-17	84.3
WP_000845048.1	337	k121_230027_3	N/A	34.615	54	182	3.37e-17	83.2
WP_000845048.1	337	k121_1541303_32	N/A	26.022	77	269	4.44e-17	84.0
WP_000845048.1	337	k121_548954_1	N/A	27.241	81	290	5.14e-17	84.0
WP_000845048.1	337	k121_1583176_6	N/A	26.071	81	280	5.16e-17	83.6
WP_000845048.1	337	k121_586719_17	N/A	31.364	62	220	5.52e-17	83.6
WP_000845048.1	337	k121_745506_44	N/A	36.517	53	178	6.62e-17	83.6
WP_000845048.1	337	k121_293072_10	N/A	32.273	63	220	6.64e-17	83.2
WP_000845048.1	337	k121_991852_1	N/A	30.137	62	219	9.38e-17	80.9
WP_000845048.1	337	k121_1360465_3	N/A	30.325	77	277	9.78e-17	82.8
WP_000845048.1	337	k121_786669_5	N/A	30.147	77	272	1.04e-16	82.8
WP_000845048.1	337	k121_551580_2	N/A	27.723	85	303	1.04e-16	82.8
WP_000845048.1	337	k121_690957_1	N/A	28.632	69	234	1.31e-16	80.9
WP_000845048.1	337	k121_1675336_1	N/A	30.088	63	226	1.60e-16	81.6
WP_000845048.1	337	k121_940727_1	N/A	30.516	62	213	1.76e-16	82.0
WP_000845048.1	337	k121_97666_1	N/A	32.308	73	260	1.86e-16	81.6
WP_000845048.1	337	k121_1233324_6	N/A	30.928	82	291	2.07e-16	81.6
WP_000845048.1	337	k121_1572783_3	N/A	30.000	77	280	2.56e-16	81.6
WP_000845048.1	337	k121_1118809_1	N/A	28.025	85	314	2.79e-16	82.0
WP_000845048.1	337	k121_1166673_1	N/A	25.879	85	313	2.92e-16	81.6
WP_000845048.1	337	k121_618711_1	N/A	51.282	23	78	3.02e-16	78.2
WP_000845048.1	337	k121_371799_1	N/A	30.693	58	202	3.07e-16	80.9
WP_000845048.1	337	k121_1423836_5	N/A	27.463	93	335	3.25e-16	81.6
WP_000845048.1	337	k121_922142_2	N/A	31.963	62	219	3.42e-16	81.3
WP_000845048.1	337	k121_1134178_1	N/A	34.872	57	195	3.53e-16	79.0
WP_000845048.1	337	k121_1327392_8	N/A	26.766	77	269	3.54e-16	80.9
WP_000845048.1	337	k121_1150944_8	N/A	25.000	74	264	4.21e-16	80.9
WP_000845048.1	337	k121_922886_1	N/A	34.703	63	219	4.29e-16	80.9
WP_000845048.1	337	k121_426712_6	N/A	29.876	67	241	4.69e-16	81.3
WP_000845048.1	337	k121_484379_37	N/A	32.014	77	278	7.24e-16	80.1
WP_000845048.1	337	k121_1180479_9	N/A	24.662	82	296	7.61e-16	79.7
WP_000845048.1	337	k121_1425734_7	N/A	25.168	83	298	8.04e-16	80.1
WP_000845048.1	337	k121_978194_3	N/A	29.412	64	221	8.60e-16	79.0
WP_000845048.1	337	k121_1530036_1	N/A	29.218	69	243	9.18e-16	79.7
WP_000845048.1	337	k121_694185_2	N/A	31.222	62	221	9.19e-16	80.1
WP_000845048.1	337	k121_1166287_3	N/A	26.821	88	302	1.30e-15	79.0
WP_000845048.1	337	k121_506937_1	N/A	25.660	76	265	1.41e-15	78.6
WP_000845048.1	337	k121_416731_2	N/A	32.000	59	200	1.91e-15	78.2
WP_000845048.1	337	k121_1338363_2	N/A	34.483	51	174	2.11e-15	75.9
WP_000845048.1	337	k121_1331751_4	N/A	27.841	52	176	2.31e-15	78.6
WP_000845048.1	337	k121_1727931_1	N/A	34.286	52	175	2.39e-15	75.5
WP_000845048.1	337	k121_1611955_11	N/A	25.778	64	225	2.42e-15	78.6
WP_000845048.1	337	k121_1187022_1	N/A	27.273	88	308	2.42e-15	78.6
WP_000845048.1	337	k121_1637722_18	N/A	27.820	76	266	2.43e-15	78.6
WP_000845048.1	337	k121_854745_2	N/A	29.524	61	210	2.56e-15	76.6
WP_000845048.1	337	k121_1530512_1	N/A	27.027	82	296	3.36e-15	78.6
WP_000845048.1	337	k121_997245_7	N/A	25.402	88	311	3.54e-15	78.2
WP_000845048.1	337	k121_1410063_3	N/A	34.831	53	178	3.90e-15	77.8
WP_000845048.1	337	k121_1544979_1	N/A	30.594	63	219	4.20e-15	78.2
WP_000845048.1	337	k121_877356_2	N/A	28.837	62	215	4.39e-15	78.2
WP_000845048.1	337	k121_176541_11	N/A	26.183	89	317	5.94e-15	77.8
WP_000845048.1	337	k121_486003_2	N/A	29.373	84	303	6.17e-15	77.8
WP_000845048.1	337	k121_818775_1	N/A	33.333	62	219	6.73e-15	76.3
WP_000845048.1	337	k121_386090_6	N/A	27.897	63	233	9.58e-15	77.0
WP_000845048.1	337	k121_1680929_1	N/A	27.668	73	253	1.03e-14	77.0
WP_000845048.1	337	k121_1132905_1	N/A	30.075	75	266	1.05e-14	77.4
WP_000845048.1	337	k121_332882_1	N/A	32.489	68	237	1.05e-14	75.9
WP_000845048.1	337	k121_1494650_1	N/A	27.586	82	290	1.13e-14	76.3
WP_000845048.1	337	k121_160852_2	N/A	30.182	77	275	1.23e-14	76.6
WP_000845048.1	337	k121_241190_1	N/A	29.694	63	229	1.44e-14	76.6
WP_000845048.1	337	k121_1527360_3	N/A	33.333	51	171	1.51e-14	72.8
WP_000845048.1	337	k121_1350025_15	N/A	27.835	82	291	1.70e-14	76.3
WP_000845048.1	337	k121_1345435_5	N/A	28.870	68	239	1.80e-14	76.3
WP_000845048.1	337	k121_738314_1	N/A	28.421	83	285	1.91e-14	75.1
WP_000845048.1	337	k121_779051_2	N/A	29.218	69	243	2.24e-14	75.9
WP_000845048.1	337	k121_1305051_1	N/A	34.463	52	177	2.60e-14	73.2
WP_000845048.1	337	k121_771534_11	N/A	30.531	63	226	2.62e-14	75.9
WP_000845048.1	337	k121_1576532_3	N/A	29.204	89	339	2.64e-14	76.3
WP_000845048.1	337	k121_684905_8	N/A	31.982	63	222	2.71e-14	75.9
WP_000845048.1	337	k121_466477_2	N/A	32.432	54	185	2.87e-14	75.5
WP_000845048.1	337	k121_1375070_2	N/A	26.814	89	317	2.95e-14	75.9
WP_000845048.1	337	k121_818566_6	N/A	32.768	53	177	5.18e-14	75.1
WP_000845048.1	337	k121_354399_2	N/A	29.661	64	236	5.65e-14	75.1
WP_000845048.1	337	k121_1616790_2	N/A	23.701	88	308	9.99e-14	73.9
WP_000845048.1	337	k121_379966_2	N/A	29.870	66	231	1.06e-13	73.2
WP_000845048.1	337	k121_1412605_2	N/A	25.591	73	254	1.29e-13	73.6
WP_000845048.1	337	k121_422454_1	N/A	22.727	88	308	1.43e-13	73.6
WP_000845048.1	337	k121_485478_8	N/A	29.918	71	244	1.53e-13	73.6
WP_000845048.1	337	k121_454874_2	N/A	31.579	60	209	1.68e-13	73.2
WP_000845048.1	337	k121_1398125_5	N/A	50.000	20	68	1.87e-13	68.9
WP_000845048.1	337	k121_806396_1	N/A	32.065	55	184	2.01e-13	72.8
WP_000845048.1	337	k121_299017_1	N/A	31.638	53	177	2.22e-13	70.1
WP_000845048.1	337	k121_1352019_2	N/A	27.523	63	218	2.31e-13	72.8
WP_000845048.1	337	k121_798680_1	N/A	52.239	20	67	3.08e-13	69.3
WP_000845048.1	337	k121_971775_131	N/A	27.986	83	293	3.36e-13	72.8
WP_000845048.1	337	k121_1669935_2	N/A	28.364	78	275	6.25e-13	71.6
WP_000845048.1	337	k121_1476062_4	N/A	30.804	62	224	6.35e-13	71.6
WP_000845048.1	337	k121_893015_2	N/A	29.496	77	278	7.06e-13	71.6
WP_000845048.1	337	k121_708817_1	N/A	30.000	56	190	7.42e-13	71.6
WP_000845048.1	337	k121_852744_1	N/A	28.636	62	220	7.54e-13	70.5
WP_000845048.1	337	k121_505961_4	N/A	29.600	69	250	7.59e-13	71.6
WP_000845048.1	337	k121_136081_105	N/A	32.768	53	177	9.86e-13	71.2
WP_000845048.1	337	k121_1663589_2	N/A	25.547	76	274	1.31e-12	71.2
WP_000845048.1	337	k121_697763_3	N/A	28.371	93	356	1.35e-12	71.2
WP_000845048.1	337	k121_1527956_1	N/A	32.000	44	150	1.39e-12	68.2
WP_000845048.1	337	k121_6693_1	N/A	26.822	93	343	1.73e-12	70.5
WP_000845048.1	337	k121_1677012_6	N/A	23.649	82	296	1.74e-12	70.5
WP_000845048.1	337	k121_1606178_3	N/A	26.710	85	307	1.81e-12	70.5
WP_000845048.1	337	k121_322488_17	N/A	33.673	58	196	2.06e-12	70.1
WP_000845048.1	337	k121_925324_5	N/A	32.420	63	219	2.39e-12	70.1
WP_000845048.1	337	k121_1372643_1	N/A	26.087	82	299	2.45e-12	69.7
WP_000845048.1	337	k121_872614_1	N/A	31.319	54	182	3.35e-12	70.1
WP_000845048.1	337	k121_1448510_11	N/A	30.000	84	300	3.79e-12	69.7
WP_000845048.1	337	k121_1160706_3	N/A	43.011	28	93	4.16e-12	69.3
WP_000845048.1	337	k121_759377_1	N/A	28.090	53	178	4.82e-12	67.0
WP_000845048.1	337	k121_621915_1	N/A	30.052	55	193	5.70e-12	67.8
WP_000845048.1	337	k121_296934_5	N/A	27.508	85	309	6.06e-12	68.9
WP_000845048.1	337	k121_1423805_4	N/A	29.333	63	225	7.61e-12	68.6
WP_000845048.1	337	k121_820728_8	N/A	24.841	85	314	7.72e-12	68.6
WP_000845048.1	337	k121_565204_4	N/A	26.690	78	281	8.49e-12	68.6
WP_000845048.1	337	k121_540132_7	N/A	30.055	53	183	8.85e-12	66.2
WP_000845048.1	337	k121_895053_4	N/A	44.444	21	72	1.33e-11	63.2
WP_000845048.1	337	k121_157975_1	N/A	35.028	53	177	1.66e-11	66.6
WP_000845048.1	337	k121_1197150_1	N/A	28.947	74	266	2.08e-11	66.6
WP_000845048.1	337	k121_2076_2	N/A	33.333	53	180	2.11e-11	65.9
WP_000845048.1	337	k121_450387_70	N/A	29.487	45	156	2.22e-11	66.6
WP_000845048.1	337	k121_1357234_3	N/A	26.953	71	256	2.80e-11	67.0
WP_000845048.1	337	k121_70506_1	N/A	29.658	74	263	2.98e-11	66.2
WP_000845048.1	337	k121_1551417_10	N/A	29.880	72	251	3.76e-11	66.6
WP_000845048.1	337	k121_37651_2	N/A	32.086	55	187	5.28e-11	64.3
WP_000845048.1	337	k121_1430644_1	N/A	25.271	78	277	6.20e-11	65.5
WP_000845048.1	337	k121_1527818_60	N/A	27.826	61	230	6.59e-11	65.9
WP_000845048.1	337	k121_63574_10	N/A	28.000	83	300	1.64e-10	64.7
WP_000845048.1	337	k121_320220_2	N/A	27.660	77	282	1.69e-10	64.7
WP_000845048.1	337	k121_1004002_2	N/A	23.502	61	217	1.77e-10	63.5
WP_000845048.1	337	k121_254060_1	N/A	29.851	75	268	1.87e-10	64.3
WP_000845048.1	337	k121_1220534_2	N/A	29.534	55	193	1.90e-10	63.9
WP_000845048.1	337	k121_960072_40	N/A	29.075	64	227	1.91e-10	64.7
WP_000845048.1	337	k121_429750_2	N/A	34.043	41	141	1.91e-10	63.5
WP_000845048.1	337	k121_28549_1	N/A	29.688	55	192	2.43e-10	63.5
WP_000845048.1	337	k121_320734_1	N/A	29.482	71	251	2.77e-10	63.5
WP_000845048.1	337	k121_87600_1	N/A	27.407	75	270	3.50e-10	63.5
WP_000845048.1	337	k121_1662408_3	N/A	29.193	47	161	3.61e-10	62.8
WP_000845048.1	337	k121_1366518_1	N/A	28.938	77	273	4.00e-10	63.5
WP_000845048.1	337	k121_1411329_2	N/A	29.787	64	235	4.33e-10	63.5
WP_000845048.1	337	k121_1181260_2	N/A	25.000	81	280	4.41e-10	63.2
WP_000845048.1	337	k121_154238_1	N/A	30.189	60	212	4.70e-10	62.0
WP_000845048.1	337	k121_173154_2	N/A	19.667	88	300	5.50e-10	62.8
WP_000845048.1	337	k121_650399_1	N/A	46.575	22	73	5.69e-10	58.2
WP_000845048.1	337	k121_717157_2	N/A	30.734	60	218	5.96e-10	62.8
WP_000845048.1	337	k121_485445_2	N/A	27.984	71	243	6.48e-10	62.8
WP_000845048.1	337	k121_210294_9	N/A	26.480	86	321	6.68e-10	63.2
WP_000845048.1	337	k121_1125055_5	N/A	29.208	59	202	6.85e-10	62.4
WP_000845048.1	337	k121_284503_1	N/A	46.377	20	69	7.76e-10	59.7
WP_000845048.1	337	k121_977005_3	N/A	25.333	83	300	8.51e-10	62.8
WP_000845048.1	337	k121_1162110_1	N/A	26.131	59	199	8.73e-10	60.8
WP_000845048.1	337	k121_1292049_1	N/A	28.875	89	329	9.16e-10	62.0
WP_000845048.1	337	k121_499622_4	N/A	31.387	40	137	9.87e-10	61.6
WP_000845048.1	337	k121_1673133_1	N/A	36.458	27	96	1.43e-09	58.5
WP_000845048.1	337	k121_738350_81	N/A	23.549	83	293	1.45e-09	61.6
WP_000845048.1	337	k121_546931_1	N/A	28.788	75	264	1.81e-09	61.6
WP_000845048.1	337	k121_1680497_1	N/A	25.382	91	327	2.15e-09	61.6
WP_000845048.1	337	k121_167078_24	N/A	26.540	63	211	3.02e-09	61.2
WP_000845048.1	337	k121_424209_2	N/A	23.333	61	210	3.03e-09	60.1
WP_000845048.1	337	k121_635733_2	N/A	30.270	53	185	5.06e-09	60.1
WP_000845048.1	337	k121_638058_3	N/A	30.168	53	179	5.47e-09	58.9
WP_000845048.1	337	k121_767215_1	N/A	26.217	75	267	5.61e-09	60.1
WP_000845048.1	337	k121_157255_2	N/A	27.372	74	274	7.15e-09	59.7
WP_000845048.1	337	k121_199351_3	N/A	28.324	51	173	7.95e-09	59.7
WP_000845048.1	337	k121_1649417_1	N/A	27.899	77	276	8.70e-09	59.7
WP_000845048.1	337	k121_993202_2	N/A	26.621	85	293	8.73e-09	59.7
WP_000845048.1	337	k121_1202575_58	N/A	27.753	64	227	9.33e-09	59.7
WP_000845048.1	337	k121_1361381_3	N/A	28.079	59	203	9.45e-09	59.3
WP_000845048.1	337	k121_960978_2	N/A	23.714	97	350	1.26e-08	58.9
WP_000845048.1	337	k121_1140524_2	N/A	22.768	63	224	1.31e-08	58.2
WP_000845048.1	337	k121_1153899_1	N/A	33.548	45	155	1.33e-08	57.4
WP_000845048.1	337	k121_1625173_1	N/A	27.746	51	173	1.49e-08	59.3
WP_000845048.1	337	k121_20833_1	N/A	22.903	85	310	1.91e-08	58.2
WP_000845048.1	337	k121_798538_3	N/A	25.128	57	195	2.04e-08	57.0
WP_000845048.1	337	k121_1205915_3	N/A	25.606	82	289	2.84e-08	58.5
WP_000845048.1	337	k121_645578_1	N/A	26.460	84	291	3.09e-08	57.8
WP_000845048.1	337	k121_1379482_1	N/A	28.938	76	273	3.15e-08	57.8
WP_000845048.1	337	k121_659144_2	N/A	26.974	84	304	3.39e-08	57.8
WP_000845048.1	337	k121_634255_1	N/A	28.796	51	191	3.47e-08	58.2
WP_000845048.1	337	k121_495938_2	N/A	28.736	52	174	3.92e-08	56.6
WP_000845048.1	337	k121_707181_5	N/A	31.250	55	192	5.03e-08	56.6
WP_000845048.1	337	k121_1308807_1	N/A	31.667	53	180	5.12e-08	55.5
WP_000845048.1	337	k121_761219_2	N/A	27.365	84	296	5.17e-08	57.4
WP_000845048.1	337	k121_1609280_14	N/A	27.645	82	293	5.82e-08	57.0
WP_000845048.1	337	k121_1411513_1	N/A	27.619	60	210	6.96e-08	55.8
WP_000845048.1	337	k121_78299_2	N/A	26.667	60	210	1.13e-07	56.6
WP_000845048.1	337	k121_565985_1	N/A	26.923	81	286	1.18e-07	56.2
WP_000845048.1	337	k121_32761_1	N/A	34.921	34	126	1.20e-07	54.7
WP_000845048.1	337	k121_1161142_2	N/A	24.818	76	274	1.48e-07	55.8
WP_000845048.1	337	k121_739598_9	N/A	44.118	20	68	1.80e-07	55.8
WP_000845048.1	337	k121_1319319_1	N/A	25.735	78	272	1.94e-07	55.8
WP_000845048.1	337	k121_1599579_2	N/A	29.048	60	210	2.02e-07	55.8
WP_000845048.1	337	k121_701396_2	N/A	26.132	82	287	2.80e-07	55.1
WP_000845048.1	337	k121_449798_6	N/A	38.462	23	78	2.88e-07	50.8
WP_000845048.1	337	k121_1078877_2	N/A	27.014	60	211	3.06e-07	54.7
WP_000845048.1	337	k121_1304371_1	N/A	22.159	51	176	4.49e-07	52.8
WP_000845048.1	337	k121_685677_1	N/A	25.606	82	289	4.57e-07	54.7
WP_000845048.1	337	k121_105842_1	N/A	26.807	93	332	4.79e-07	54.7
WP_000845048.1	337	k121_877356_3	N/A	25.610	67	246	4.80e-07	53.9
WP_000845048.1	337	k121_33032_3	N/A	26.481	81	287	5.60e-07	54.3
WP_000845048.1	337	k121_1086140_16	N/A	28.342	54	187	6.42e-07	52.4
WP_000845048.1	337	k121_600911_2	N/A	28.125	47	160	8.09e-07	51.2
WP_000845048.1	337	k121_972078_8	N/A	27.315	63	216	1.21e-06	53.1
WP_000845048.1	337	k121_546931_3	N/A	23.171	92	328	1.84e-06	52.8
WP_000845048.1	337	k121_799133_3	N/A	27.619	58	210	2.37e-06	51.2
WP_000845048.1	337	k121_1615558_29	N/A	34.091	26	88	2.65e-06	52.4
WP_000845048.1	337	k121_977005_2	N/A	27.193	61	228	2.97e-06	51.6
WP_000845048.1	337	k121_1379482_3	N/A	29.213	53	178	3.31e-06	52.0
WP_000845048.1	337	k121_767225_3	N/A	33.051	35	118	3.35e-06	49.3
WP_000845048.1	337	k121_624457_1	N/A	29.167	54	192	3.38e-06	51.6
WP_000845048.1	337	k121_1585078_5	N/A	28.155	58	206	3.63e-06	51.6
WP_000845048.1	337	k121_1161142_3	N/A	26.389	38	144	3.99e-06	51.6
WP_000845048.1	337	k121_930941_10	N/A	27.152	83	302	4.00e-06	51.6
WP_000845048.1	337	k121_1656204_2	N/A	29.213	43	178	5.02e-06	50.1
WP_000845048.1	337	k121_1428780_2	N/A	26.108	58	203	5.02e-06	50.1
WP_000845048.1	337	k121_1605453_3	N/A	34.667	22	75	5.07e-06	48.5
WP_000845048.1	337	k121_1523220_2	N/A	25.962	59	208	5.65e-06	49.7
WP_000845048.1	337	k121_1457221_2	N/A	29.651	50	172	6.07e-06	49.3
WP_000845048.1	337	k121_279448_1	N/A	27.374	51	179	6.11e-06	50.8
WP_000845048.1	337	k121_1309929_2	N/A	30.693	30	101	7.75e-06	50.8
WP_000845048.1	337	k121_569733_1	N/A	38.667	22	75	8.69e-06	47.8
WP_000845048.1	337	k121_1537940_1	N/A	27.933	53	179	8.91e-06	49.3
WP_000845048.1	337	k121_8954_1	N/A	27.273	74	297	9.55e-06	50.4
WP_000845048.1	337	k121_153171_2	N/A	34.862	30	109	1.01e-05	49.7
WP_000845048.1	337	k121_1192236_19	N/A	25.091	79	275	1.02e-05	50.4
WP_000845048.1	337	k121_387928_3	N/A	23.795	93	332	1.10e-05	50.1
WP_000845048.1	337	k121_265821_1	N/A	26.471	77	272	1.13e-05	50.1
WP_000845048.1	337	k121_1561267_2	N/A	23.308	75	266	1.53e-05	49.7
WP_000845048.1	337	k121_359162_2	N/A	25.843	51	178	1.61e-05	48.9
WP_000845048.1	337	k121_1634528_2	N/A	27.320	56	194	1.68e-05	49.3
WP_000845048.1	337	k121_1114624_3	N/A	28.049	44	164	1.82e-05	48.9
WP_000845048.1	337	k121_752585_4	N/A	42.029	20	69	1.85e-05	49.7
WP_000845048.1	337	k121_1561178_1	N/A	27.358	61	212	1.95e-05	48.5
WP_000845048.1	337	k121_971503_6	N/A	28.415	53	183	1.99e-05	49.7
