SadA_ref|WP_036299419.1|:1-399	399	k121_645111_1	N/A	45.724	76	304	2.87e-87	270
SadA_ref|WP_036299419.1|:1-399	399	k121_946241_1	N/A	29.444	89	360	1.16e-42	157
SadA_ref|WP_036299419.1|:1-399	399	k121_28602_2	N/A	27.342	97	395	1.23e-42	157
SadA_ref|WP_036299419.1|:1-399	399	k121_736409_9	N/A	27.865	95	384	1.55e-39	149
SadA_ref|WP_036299419.1|:1-399	399	k121_303030_3	N/A	27.005	91	374	2.54e-39	147
SadA_ref|WP_036299419.1|:1-399	399	k121_1348985_3	N/A	31.092	59	238	4.08e-37	140
SadA_ref|WP_036299419.1|:1-399	399	k121_542840_4	N/A	30.268	65	261	5.35e-36	136
SadA_ref|WP_036299419.1|:1-399	399	k121_2044173_16	N/A	28.520	68	277	2.82e-34	134
SadA_ref|WP_036299419.1|:1-399	399	k121_196469_2	N/A	26.273	92	373	1.10e-33	132
SadA_ref|WP_036299419.1|:1-399	399	k121_657248_1	N/A	31.068	51	206	8.04e-33	125
SadA_ref|WP_036299419.1|:1-399	399	k121_1021739_1	N/A	29.461	60	241	2.37e-32	125
SadA_ref|WP_036299419.1|:1-399	399	k121_2290551_2	N/A	29.279	55	222	5.42e-31	125
SadA_ref|WP_036299419.1|:1-399	399	k121_1514590_1	N/A	28.863	83	343	3.37e-29	119
SadA_ref|WP_036299419.1|:1-399	399	k121_1328983_34	N/A	24.412	84	340	6.51e-29	119
SadA_ref|WP_036299419.1|:1-399	399	k121_2046796_2	N/A	27.551	97	392	4.48e-26	111
SadA_ref|WP_036299419.1|:1-399	399	k121_1483791_1	N/A	31.313	49	198	1.50e-24	103
SadA_ref|WP_036299419.1|:1-399	399	k121_1852141_1	N/A	25.905	84	359	1.35e-23	103
SadA_ref|WP_036299419.1|:1-399	399	k121_1628081_5	N/A	24.274	94	379	8.50e-23	102
SadA_ref|WP_036299419.1|:1-399	399	k121_2042751_8	N/A	28.125	93	384	1.01e-22	101
SadA_ref|WP_036299419.1|:1-399	399	k121_1086397_2	N/A	24.750	99	400	3.33e-22	100
SadA_ref|WP_036299419.1|:1-399	399	k121_693883_1	N/A	24.658	88	365	7.09e-21	96.7
SadA_ref|WP_036299419.1|:1-399	399	k121_1378445_19	N/A	24.685	98	397	1.90e-20	95.5
SadA_ref|WP_036299419.1|:1-399	399	k121_650533_8	N/A	26.923	87	364	7.79e-20	93.6
SadA_ref|WP_036299419.1|:1-399	399	k121_370949_1	N/A	24.810	94	395	1.58e-19	92.8
SadA_ref|WP_036299419.1|:1-399	399	k121_1376952_1	N/A	26.296	68	270	6.42e-19	89.4
SadA_ref|WP_036299419.1|:1-399	399	k121_216673_3	N/A	24.190	97	401	1.94e-17	86.7
SadA_ref|WP_036299419.1|:1-399	399	k121_160269_2	N/A	24.679	94	389	6.37e-17	85.1
SadA_ref|WP_036299419.1|:1-399	399	k121_1917635_2	N/A	28.365	49	208	4.45e-16	82.4
SadA_ref|WP_036299419.1|:1-399	399	k121_738674_1	N/A	29.101	45	189	9.16e-15	77.4
SadA_ref|WP_036299419.1|:1-399	399	k121_1767991_2	N/A	25.481	50	208	1.14e-14	77.4
SadA_ref|WP_036299419.1|:1-399	399	k121_1703897_2	N/A	40.426	24	94	5.17e-14	74.7
SadA_ref|WP_036299419.1|:1-399	399	k121_1810941_1	N/A	23.057	94	386	7.99e-14	75.9
SadA_ref|WP_036299419.1|:1-399	399	k121_458059_1	N/A	26.354	63	277	6.89e-13	72.8
SadA_ref|WP_036299419.1|:1-399	399	k121_345969_2	N/A	23.342	91	377	5.24e-11	67.0
SadA_ref|WP_036299419.1|:1-399	399	k121_1140699_2	N/A	28.696	29	115	7.70e-10	61.2
SadA_ref|WP_036299419.1|:1-399	399	k121_1788366_2	N/A	22.589	92	394	8.05e-10	63.5
SadA_ref|WP_036299419.1|:1-399	399	k121_320837_1	N/A	23.362	85	351	7.67e-09	60.5
SadA_ref|WP_036299419.1|:1-399	399	k121_707212_5	N/A	29.333	54	225	1.06e-08	58.5
SadA_ref|WP_036299419.1|:1-399	399	k121_738158_1	N/A	25.298	79	336	3.52e-08	58.2
SadA_ref|WP_036299419.1|:1-399	399	k121_1373422_1	N/A	23.562	87	365	2.39e-07	55.8
SadA_ref|WP_036299419.1|:1-399	399	k121_562603_2	N/A	22.439	49	205	6.24e-07	53.1
SadA_ref|WP_036299419.1|:1-399	399	k121_2300418_1	N/A	29.114	20	79	7.83e-07	50.4
SadA_ref|WP_036299419.1|:1-399	399	k121_1829873_6	N/A	25.660	65	265	9.48e-07	53.9
SadA_ref|WP_036299419.1|:1-399	399	k121_2067_2	N/A	27.972	36	143	9.04e-06	48.9
SadA_ref|WP_036299419.1|:1-399	399	k121_1523733_3	N/A	22.750	92	400	3.02e-05	49.3
SadA_ref|WP_036299419.1|:1-399	399	k121_90709_7	N/A	27.119	43	177	5.25e-05	48.5
SadA_ref|WP_036299419.1|:1-399	399	k121_1434487_2	N/A	24.432	40	176	7.12e-05	47.0
SadA_ref|WP_036299419.1|:1-399	399	k121_893027_2	N/A	23.385	71	325	1.24e-04	47.4
SadA_ref|WP_036299419.1|:1-399	399	k121_437621_2	N/A	25.820	60	244	1.30e-04	47.0
SadA_ref|WP_036299419.1|:1-399	399	k121_646686_3	N/A	22.067	85	358	1.41e-04	47.0
SadA_ref|WP_036299419.1|:1-399	399	k121_1920105_4	N/A	23.446	81	354	2.25e-04	46.6
SadA_ref|WP_036299419.1|:1-399	399	k121_1560588_1	N/A	29.907	27	107	3.36e-04	43.5
SadA_ref|WP_036299419.1|:1-399	399	k121_1560175_1	N/A	24.231	57	260	5.93e-04	45.1
SadA_ref|WP_036299419.1|:1-399	399	k121_1060268_1	N/A	20.703	64	256	7.00e-04	44.7
SadA_ref|WP_036299419.1|:1-399	399	k121_1243610_1	N/A	22.835	62	254	0.001	44.3
SadA_ref|WP_036299419.1|:1-399	399	k121_95292_4	N/A	22.493	85	369	0.001	43.9
SadA_ref|WP_036299419.1|:1-399	399	k121_884708_4	N/A	25.000	64	268	0.003	43.1
SadA_ref|WP_036299419.1|:1-399	399	k121_1283022_2	N/A	22.174	50	230	0.008	41.6
SadA_ref|WP_036299419.1|:1-399	399	k121_1936770_1	N/A	22.284	84	359	0.010	41.2
SadA_ref|WP_036299419.1|:1-399	399	k121_1135553_135	N/A	23.789	51	227	0.010	41.2
SadA_ref|WP_036299419.1|:1-399	399	k121_453317_2	N/A	22.775	87	382	0.011	41.2
SadA_ref|WP_036299419.1|:1-399	399	k121_571449_1	N/A	25.188	61	266	0.021	40.0
SadA_ref|WP_036299419.1|:1-399	399	k121_437364_4	N/A	29.762	21	84	0.025	40.0
SadA_ref|WP_036299419.1|:1-399	399	k121_24965_3	N/A	30.275	27	109	0.025	38.9
SadA_ref|WP_036299419.1|:1-399	399	k121_440052_29	N/A	23.618	48	199	0.031	39.7
SadA_ref|WP_036299419.1|:1-399	399	k121_1542889_2	N/A	24.870	42	193	0.038	39.7
SadA_ref|WP_036299419.1|:1-399	399	k121_793335_1	N/A	23.009	28	113	0.043	37.4
SadA_ref|WP_036299419.1|:1-399	399	k121_2192182_2	N/A	25.101	60	247	0.045	39.3
SadA_ref|WP_036299419.1|:1-399	399	k121_1114238_2	N/A	21.925	86	374	0.077	38.5
SadA_ref|WP_036299419.1|:1-399	399	k121_855695_6	N/A	28.571	21	84	0.091	37.7
SadA_ref|WP_036299419.1|:1-399	399	k121_1487978_3	N/A	21.111	81	360	0.097	38.1
SadB_ref|WP_100812327.1|:1-423	423	k121_645111_1	N/A	43.408	73	311	1.47e-83	261
SadB_ref|WP_100812327.1|:1-423	423	k121_736409_9	N/A	32.987	90	385	1.02e-49	176
SadB_ref|WP_100812327.1|:1-423	423	k121_946241_1	N/A	30.334	90	389	1.56e-44	162
SadB_ref|WP_100812327.1|:1-423	423	k121_303030_3	N/A	28.534	89	382	3.21e-43	158
SadB_ref|WP_100812327.1|:1-423	423	k121_1348985_3	N/A	29.375	74	320	4.85e-39	146
SadB_ref|WP_100812327.1|:1-423	423	k121_28602_2	N/A	26.531	91	392	3.16e-38	146
SadB_ref|WP_100812327.1|:1-423	423	k121_2044173_16	N/A	25.203	85	369	2.84e-35	137
SadB_ref|WP_100812327.1|:1-423	423	k121_196469_2	N/A	28.169	83	355	3.94e-32	129
SadB_ref|WP_100812327.1|:1-423	423	k121_542840_4	N/A	31.559	61	263	8.55e-32	125
SadB_ref|WP_100812327.1|:1-423	423	k121_1852141_1	N/A	28.161	81	348	8.91e-31	124
SadB_ref|WP_100812327.1|:1-423	423	k121_1021739_1	N/A	29.130	54	230	3.32e-28	115
SadB_ref|WP_100812327.1|:1-423	423	k121_1378445_19	N/A	26.615	90	387	4.30e-28	117
SadB_ref|WP_100812327.1|:1-423	423	k121_1086397_2	N/A	27.157	92	394	4.70e-28	117
SadB_ref|WP_100812327.1|:1-423	423	k121_657248_1	N/A	30.387	42	181	9.40e-28	112
SadB_ref|WP_100812327.1|:1-423	423	k121_2046796_2	N/A	27.411	91	394	1.79e-27	115
SadB_ref|WP_100812327.1|:1-423	423	k121_1328983_34	N/A	27.893	77	337	8.42e-27	114
SadB_ref|WP_100812327.1|:1-423	423	k121_2290551_2	N/A	24.725	84	364	2.06e-26	112
SadB_ref|WP_100812327.1|:1-423	423	k121_1628081_5	N/A	25.956	85	366	6.44e-26	112
SadB_ref|WP_100812327.1|:1-423	423	k121_1483791_1	N/A	31.795	46	195	1.36e-24	104
SadB_ref|WP_100812327.1|:1-423	423	k121_693883_1	N/A	25.935	90	401	1.71e-24	107
SadB_ref|WP_100812327.1|:1-423	423	k121_1514590_1	N/A	28.488	79	344	1.08e-22	101
SadB_ref|WP_100812327.1|:1-423	423	k121_738674_1	N/A	33.178	47	214	1.76e-21	97.1
SadB_ref|WP_100812327.1|:1-423	423	k121_1703897_2	N/A	30.258	61	271	8.70e-21	94.4
SadB_ref|WP_100812327.1|:1-423	423	k121_1917635_2	N/A	28.180	90	401	2.82e-20	95.1
SadB_ref|WP_100812327.1|:1-423	423	k121_458059_1	N/A	31.132	47	212	3.87e-19	91.7
SadB_ref|WP_100812327.1|:1-423	423	k121_650533_8	N/A	27.763	84	371	5.30e-19	91.3
SadB_ref|WP_100812327.1|:1-423	423	k121_2042751_8	N/A	27.621	88	391	4.82e-18	88.6
SadB_ref|WP_100812327.1|:1-423	423	k121_345969_2	N/A	27.461	89	386	1.25e-17	87.4
SadB_ref|WP_100812327.1|:1-423	423	k121_1767991_2	N/A	27.935	56	247	1.54e-17	86.3
SadB_ref|WP_100812327.1|:1-423	423	k121_738158_1	N/A	27.052	74	329	6.07e-17	84.7
SadB_ref|WP_100812327.1|:1-423	423	k121_1788366_2	N/A	24.872	87	390	1.92e-16	84.0
SadB_ref|WP_100812327.1|:1-423	423	k121_370949_1	N/A	25.410	84	366	4.46e-16	82.8
SadB_ref|WP_100812327.1|:1-423	423	k121_1810941_1	N/A	23.650	89	389	6.95e-15	79.3
SadB_ref|WP_100812327.1|:1-423	423	k121_1819957_1	N/A	26.554	76	354	1.57e-14	78.2
SadB_ref|WP_100812327.1|:1-423	423	k121_1114238_2	N/A	26.064	81	376	1.87e-14	78.2
SadB_ref|WP_100812327.1|:1-423	423	k121_453317_2	N/A	26.685	77	356	4.06e-14	76.6
SadB_ref|WP_100812327.1|:1-423	423	k121_1376952_1	N/A	28.431	48	204	1.15e-13	74.3
SadB_ref|WP_100812327.1|:1-423	423	k121_1140699_2	N/A	29.487	37	156	1.46e-13	72.0
SadB_ref|WP_100812327.1|:1-423	423	k121_1920105_4	N/A	26.536	76	358	2.63e-13	74.3
SadB_ref|WP_100812327.1|:1-423	423	k121_320837_1	N/A	22.701	80	348	2.98e-13	73.9
SadB_ref|WP_100812327.1|:1-423	423	k121_2034353_2	N/A	26.810	81	373	6.74e-13	73.2
SadB_ref|WP_100812327.1|:1-423	423	k121_160269_2	N/A	24.176	82	364	2.68e-12	71.2
SadB_ref|WP_100812327.1|:1-423	423	k121_216673_3	N/A	23.587	89	407	2.90e-12	71.2
SadB_ref|WP_100812327.1|:1-423	423	k121_353867_2	N/A	26.273	81	373	2.80e-11	68.2
SadB_ref|WP_100812327.1|:1-423	423	k121_2285839_1	N/A	26.791	67	321	4.12e-11	67.4
SadB_ref|WP_100812327.1|:1-423	423	k121_650009_3	N/A	25.532	80	376	7.73e-11	67.0
SadB_ref|WP_100812327.1|:1-423	423	k121_1829873_6	N/A	27.068	62	266	2.07e-10	65.5
SadB_ref|WP_100812327.1|:1-423	423	k121_1523733_3	N/A	24.808	85	391	5.01e-10	64.3
SadB_ref|WP_100812327.1|:1-423	423	k121_2192182_2	N/A	27.419	57	248	1.01e-08	59.7
SadB_ref|WP_100812327.1|:1-423	423	k121_1373422_1	N/A	29.480	39	173	1.07e-08	60.1
SadB_ref|WP_100812327.1|:1-423	423	k121_437621_2	N/A	28.629	57	248	1.57e-07	56.2
SadB_ref|WP_100812327.1|:1-423	423	k121_1060268_1	N/A	24.405	72	336	1.66e-07	56.2
SadB_ref|WP_100812327.1|:1-423	423	k121_562603_2	N/A	25.714	39	175	3.01e-07	54.3
SadB_ref|WP_100812327.1|:1-423	423	k121_707212_5	N/A	27.193	52	228	3.45e-07	53.9
SadB_ref|WP_100812327.1|:1-423	423	k121_1487978_3	N/A	25.598	88	418	4.84e-07	55.1
SadB_ref|WP_100812327.1|:1-423	423	k121_1934201_3	N/A	31.515	36	165	1.47e-06	51.6
SadB_ref|WP_100812327.1|:1-423	423	k121_2300418_1	N/A	21.839	21	87	4.96e-06	48.1
SadB_ref|WP_100812327.1|:1-423	423	k121_440052_29	N/A	21.652	80	351	1.51e-05	50.4
SadB_ref|WP_100812327.1|:1-423	423	k121_95292_4	N/A	23.989	80	371	1.79e-05	50.1
SadB_ref|WP_100812327.1|:1-423	423	k121_1291204_1	N/A	27.612	27	134	1.94e-05	49.7
SadB_ref|WP_100812327.1|:1-423	423	k121_440052_31	N/A	27.136	45	199	2.46e-05	49.7
SadB_ref|WP_100812327.1|:1-423	423	k121_437364_4	N/A	23.467	80	375	2.73e-05	49.7
SadB_ref|WP_100812327.1|:1-423	423	k121_646686_3	N/A	33.333	26	123	3.27e-05	49.3
SadB_ref|WP_100812327.1|:1-423	423	k121_1135553_135	N/A	23.454	81	388	3.99e-05	49.3
SadB_ref|WP_100812327.1|:1-423	423	k121_2067_2	N/A	26.667	35	150	4.06e-05	47.0
SadB_ref|WP_100812327.1|:1-423	423	k121_918736_1	N/A	25.143	35	175	9.49e-05	47.0
SadB_ref|WP_100812327.1|:1-423	423	k121_855695_6	N/A	31.250	27	128	1.50e-04	46.2
SadB_ref|WP_100812327.1|:1-423	423	k121_2280516_3	N/A	22.108	83	389	3.97e-04	45.8
SadB_ref|WP_100812327.1|:1-423	423	k121_65576_4	N/A	30.709	27	127	4.16e-04	45.8
SadB_ref|WP_100812327.1|:1-423	423	k121_48760_3	N/A	22.892	55	249	5.51e-04	45.4
SadB_ref|WP_100812327.1|:1-423	423	k121_1599219_1	N/A	20.776	79	361	5.67e-04	45.4
SadB_ref|WP_100812327.1|:1-423	423	k121_1560588_1	N/A	27.928	26	111	6.49e-04	42.7
SadB_ref|WP_100812327.1|:1-423	423	k121_232511_3	N/A	27.344	26	128	0.003	43.1
SadB_ref|WP_100812327.1|:1-423	423	k121_207118_1	N/A	26.415	36	159	0.003	41.6
SadB_ref|WP_100812327.1|:1-423	423	k121_1300113_380	N/A	29.861	31	144	0.005	42.4
SadB_ref|WP_100812327.1|:1-423	423	k121_893027_2	N/A	24.615	42	195	0.005	42.4
SadB_ref|WP_100812327.1|:1-423	423	k121_2047124_5	N/A	24.311	89	399	0.012	41.2
SadB_ref|WP_100812327.1|:1-423	423	k121_87107_1	N/A	26.471	27	136	0.013	40.4
SadB_ref|WP_100812327.1|:1-423	423	k121_2304503_2	N/A	30.159	27	126	0.019	40.4
SadB_ref|WP_100812327.1|:1-423	423	k121_793335_1	N/A	23.423	26	111	0.020	38.5
SadB_ref|WP_100812327.1|:1-423	423	k121_2269826_2	N/A	24.373	63	279	0.029	40.0
SadB_ref|WP_100812327.1|:1-423	423	k121_1568286_4	N/A	24.359	85	390	0.035	39.7
SadB_ref|WP_100812327.1|:1-423	423	k121_1434487_2	N/A	24.845	35	161	0.069	38.1
SadB_ref|WP_100812327.1|:1-423	423	k121_399877_1	N/A	28.244	28	131	0.073	38.1
SadB_ref|WP_100812327.1|:1-423	423	k121_1103696_2	N/A	27.604	42	192	0.083	38.1
SadC_ref|WP_036299413.1|:1-194	194	k121_1608580_2	N/A	31.343	69	134	1.26e-14	71.6
SadC_ref|WP_036299413.1|:1-194	194	k121_102973_2	N/A	27.922	79	154	2.33e-12	65.1
SadC_ref|WP_036299413.1|:1-194	194	k121_946040_2	N/A	28.472	74	144	2.62e-11	62.4
SadC_ref|WP_036299413.1|:1-194	194	k121_2278487_3	N/A	29.518	85	166	3.37e-11	62.4
SadC_ref|WP_036299413.1|:1-194	194	k121_1906840_103	N/A	30.657	69	137	4.40e-11	62.0
SadC_ref|WP_036299413.1|:1-194	194	k121_1697435_1	N/A	28.387	76	155	1.00e-10	61.6
SadC_ref|WP_036299413.1|:1-194	194	k121_1057204_2	N/A	27.857	70	140	2.46e-10	59.7
SadC_ref|WP_036299413.1|:1-194	194	k121_1055261_4	N/A	27.742	76	155	7.58e-10	60.5
SadC_ref|WP_036299413.1|:1-194	194	k121_855840_2	N/A	37.634	47	93	2.20e-09	57.4
SadC_ref|WP_036299413.1|:1-194	194	k121_948847_3	N/A	28.358	68	134	2.39e-09	57.4
SadC_ref|WP_036299413.1|:1-194	194	k121_1042526_2	N/A	34.066	46	91	1.64e-08	54.7
SadC_ref|WP_036299413.1|:1-194	194	k121_46719_10	N/A	35.106	48	94	1.99e-08	54.7
SadC_ref|WP_036299413.1|:1-194	194	k121_292831_4	N/A	36.559	47	93	2.86e-08	54.3
SadC_ref|WP_036299413.1|:1-194	194	k121_1861881_4	N/A	34.815	61	135	3.43e-08	54.3
SadC_ref|WP_036299413.1|:1-194	194	k121_1029910_2	N/A	39.130	47	92	3.73e-08	55.5
SadC_ref|WP_036299413.1|:1-194	194	k121_2100356_32	N/A	27.820	68	133	4.30e-08	53.9
SadC_ref|WP_036299413.1|:1-194	194	k121_210536_2	N/A	37.931	44	87	6.66e-08	53.1
SadC_ref|WP_036299413.1|:1-194	194	k121_1203632_1	N/A	34.343	51	99	1.00e-07	51.6
SadC_ref|WP_036299413.1|:1-194	194	k121_1232671_6	N/A	27.891	75	147	1.49e-07	52.0
SadC_ref|WP_036299413.1|:1-194	194	k121_28602_1	N/A	27.972	71	143	2.67e-07	52.4
SadC_ref|WP_036299413.1|:1-194	194	k121_1066265_1	N/A	38.750	41	80	5.53e-07	50.8
SadC_ref|WP_036299413.1|:1-194	194	k121_1631794_3	N/A	28.571	54	105	9.41e-07	51.2
SadC_ref|WP_036299413.1|:1-194	194	k121_458515_6	N/A	28.261	68	138	1.10e-06	50.1
SadC_ref|WP_036299413.1|:1-194	194	k121_1484961_3	N/A	32.051	75	156	1.34e-06	49.7
SadC_ref|WP_036299413.1|:1-194	194	k121_1628081_8	N/A	31.765	44	85	2.41e-06	50.1
SadC_ref|WP_036299413.1|:1-194	194	k121_313398_14	N/A	24.224	82	161	3.98e-06	48.1
SadC_ref|WP_036299413.1|:1-194	194	k121_68817_3	N/A	35.443	41	79	4.35e-06	48.1
SadC_ref|WP_036299413.1|:1-194	194	k121_1911698_2	N/A	17.683	85	164	8.85e-06	47.4
SadC_ref|WP_036299413.1|:1-194	194	k121_2225562_2	N/A	35.000	41	80	1.18e-05	46.6
SadC_ref|WP_036299413.1|:1-194	194	k121_344453_9	N/A	37.805	42	82	1.52e-05	46.6
SadC_ref|WP_036299413.1|:1-194	194	k121_1277679_2	N/A	26.718	67	131	1.67e-05	47.4
SadC_ref|WP_036299413.1|:1-194	194	k121_2044173_18	N/A	38.235	35	68	1.71e-05	46.6
SadC_ref|WP_036299413.1|:1-194	194	k121_353867_5	N/A	35.211	37	71	2.79e-05	45.4
SadC_ref|WP_036299413.1|:1-194	194	k121_1673066_8	N/A	26.282	79	156	2.87e-05	45.8
SadC_ref|WP_036299413.1|:1-194	194	k121_349133_2	N/A	31.522	47	92	3.09e-05	45.8
SadC_ref|WP_036299413.1|:1-194	194	k121_1175257_2	N/A	24.242	81	165	3.50e-05	46.6
SadC_ref|WP_036299413.1|:1-194	194	k121_2263618_4	N/A	30.612	50	98	7.22e-05	44.7
SadC_ref|WP_036299413.1|:1-194	194	k121_1346496_4	N/A	27.344	65	128	7.93e-05	45.4
SadC_ref|WP_036299413.1|:1-194	194	k121_1790736_4	N/A	29.661	60	118	1.09e-04	44.3
SadC_ref|WP_036299413.1|:1-194	194	k121_1348985_2	N/A	32.479	59	117	1.35e-04	45.1
SadC_ref|WP_036299413.1|:1-194	194	k121_1162541_5	N/A	37.313	34	67	2.81e-04	41.2
SadC_ref|WP_036299413.1|:1-194	194	k121_1313504_2	N/A	24.510	53	102	3.03e-04	42.4
SadC_ref|WP_036299413.1|:1-194	194	k121_2161263_151	N/A	21.472	82	163	0.001	41.6
SadC_ref|WP_036299413.1|:1-194	194	k121_1636679_4	N/A	29.213	45	89	0.002	40.8
SadC_ref|WP_036299413.1|:1-194	194	k121_1714786_2	N/A	30.159	32	63	0.002	41.2
SadC_ref|WP_036299413.1|:1-194	194	k121_681321_1	N/A	41.176	26	51	0.003	38.1
SadC_ref|WP_036299413.1|:1-194	194	k121_595271_1	N/A	32.584	46	89	0.003	39.3
SadC_ref|WP_036299413.1|:1-194	194	k121_1598705_9	N/A	24.211	95	190	0.004	40.0
SadC_ref|WP_036299413.1|:1-194	194	k121_1798045_2	N/A	20.000	73	145	0.011	38.5
SadC_ref|WP_036299413.1|:1-194	194	k121_541338_6	N/A	36.000	38	75	0.012	38.5
SadC_ref|WP_036299413.1|:1-194	194	k121_877260_2	N/A	38.889	28	54	0.044	36.6
WP_000259031.1	279	k121_1188620_2	N/A	100.000	100	279	0.0	553
WP_000259031.1	279	k121_2020222_3	N/A	48.780	88	246	1.71e-84	256
WP_000259031.1	279	k121_1553865_1	N/A	54.274	84	234	2.86e-76	234
WP_000259031.1	279	k121_1350557_39	N/A	35.606	94	264	4.76e-41	145
WP_000259031.1	279	k121_608253_4	N/A	34.733	93	262	3.36e-37	135
WP_000259031.1	279	k121_2098970_2	N/A	31.579	88	247	3.61e-37	135
WP_000259031.1	279	k121_976831_2	N/A	40.323	88	248	1.84e-36	134
WP_000259031.1	279	k121_1275434_2	N/A	34.944	94	269	1.69e-35	131
WP_000259031.1	279	k121_26016_116	N/A	37.652	87	247	5.92e-35	129
WP_000259031.1	279	k121_629503_2	N/A	34.559	96	272	9.39e-35	129
WP_000259031.1	279	k121_2134756_2	N/A	35.955	94	267	1.73e-34	129
WP_000259031.1	279	k121_1103102_1	N/A	35.079	67	191	9.70e-34	124
WP_000259031.1	279	k121_2127724_3	N/A	35.338	93	266	1.04e-33	126
WP_000259031.1	279	k121_1739017_3	N/A	35.714	97	280	8.73e-33	124
WP_000259031.1	279	k121_2240816_2	N/A	32.031	91	256	4.27e-32	122
WP_000259031.1	279	k121_1612464_2	N/A	34.921	88	252	4.89e-32	122
WP_000259031.1	279	k121_1234616_3	N/A	32.443	93	262	2.69e-31	120
WP_000259031.1	279	k121_1635199_2	N/A	33.218	97	289	3.02e-31	120
WP_000259031.1	279	k121_1546_2	N/A	32.472	96	271	5.69e-31	119
WP_000259031.1	279	k121_898794_2	N/A	37.549	87	253	6.09e-31	119
WP_000259031.1	279	k121_2193872_3	N/A	31.193	78	218	1.68e-28	112
WP_000259031.1	279	k121_1456739_1	N/A	30.712	95	267	2.37e-28	112
WP_000259031.1	279	k121_752440_2	N/A	37.557	78	221	2.99e-28	112
WP_000259031.1	279	k121_2292921_6	N/A	34.137	89	249	3.57e-28	113
WP_000259031.1	279	k121_2161263_204	N/A	31.227	95	269	1.22e-27	110
WP_000259031.1	279	k121_2171641_1	N/A	55.882	37	102	1.46e-27	105
WP_000259031.1	279	k121_2105612_1	N/A	33.061	86	245	1.50e-27	109
WP_000259031.1	279	k121_1214915_2	N/A	31.250	97	272	2.69e-27	110
WP_000259031.1	279	k121_2140925_2	N/A	29.452	95	292	3.45e-27	110
WP_000259031.1	279	k121_1133102_2	N/A	34.815	94	270	6.43e-27	108
WP_000259031.1	279	k121_1968200_6	N/A	33.824	96	272	7.21e-27	108
WP_000259031.1	279	k121_743270_1	N/A	33.333	88	249	9.77e-27	109
WP_000259031.1	279	k121_977368_2	N/A	29.478	94	268	1.43e-26	108
WP_000259031.1	279	k121_26943_7	N/A	31.439	93	264	4.09e-26	108
WP_000259031.1	279	k121_1831133_3	N/A	29.104	94	268	2.41e-25	105
WP_000259031.1	279	k121_1365615_2	N/A	30.682	93	264	2.47e-25	106
WP_000259031.1	279	k121_1374376_4	N/A	31.179	91	263	2.81e-25	104
WP_000259031.1	279	k121_1179920_1	N/A	33.465	88	254	5.51e-25	104
WP_000259031.1	279	k121_50042_3	N/A	27.490	88	251	5.57e-25	103
WP_000259031.1	279	k121_2097911_1	N/A	30.924	88	249	5.88e-25	103
WP_000259031.1	279	k121_6090_1	N/A	30.973	80	226	6.36e-25	103
WP_000259031.1	279	k121_659834_4	N/A	32.558	88	258	1.12e-24	102
WP_000259031.1	279	k121_1980303_2	N/A	32.800	89	250	1.24e-24	103
WP_000259031.1	279	k121_269790_13	N/A	34.400	88	250	4.44e-24	101
WP_000259031.1	279	k121_148459_3	N/A	28.788	93	264	4.58e-24	101
WP_000259031.1	279	k121_1692918_1	N/A	27.711	88	249	4.59e-24	100
WP_000259031.1	279	k121_231916_2	N/A	31.203	93	266	8.15e-24	101
WP_000259031.1	279	k121_1053610_4	N/A	30.620	91	258	1.78e-23	101
WP_000259031.1	279	k121_474377_1	N/A	29.119	88	261	4.21e-23	99.0
WP_000259031.1	279	k121_1026964_2	N/A	34.101	76	217	4.75e-23	98.2
WP_000259031.1	279	k121_1068566_3	N/A	33.206	93	262	9.61e-23	97.4
WP_000259031.1	279	k121_1278616_4	N/A	33.577	88	274	9.83e-23	97.4
WP_000259031.1	279	k121_1298505_7	N/A	32.258	77	217	1.13e-22	97.4
WP_000259031.1	279	k121_1237596_2	N/A	29.151	94	271	1.35e-22	97.8
WP_000259031.1	279	k121_1039569_2	N/A	32.701	75	211	1.45e-22	95.5
WP_000259031.1	279	k121_222946_3	N/A	32.975	91	279	4.66e-22	95.9
WP_000259031.1	279	k121_1508178_9	N/A	34.703	78	219	7.00e-22	95.5
WP_000259031.1	279	k121_1815832_2	N/A	33.206	88	262	1.50e-21	94.7
WP_000259031.1	279	k121_2196505_2	N/A	34.470	92	264	1.54e-21	94.0
WP_000259031.1	279	k121_656436_5	N/A	28.571	78	224	1.76e-21	94.0
WP_000259031.1	279	k121_1685588_1	N/A	35.377	76	212	1.80e-21	93.6
WP_000259031.1	279	k121_1578955_6	N/A	28.968	88	252	2.21e-21	94.0
WP_000259031.1	279	k121_891023_3	N/A	28.195	93	266	7.00e-21	92.8
WP_000259031.1	279	k121_2216530_2	N/A	32.444	80	225	8.40e-21	91.7
WP_000259031.1	279	k121_402450_1	N/A	29.555	88	247	1.27e-20	92.8
WP_000259031.1	279	k121_1252088_1	N/A	26.104	88	249	1.44e-19	89.0
WP_000259031.1	279	k121_382365_2	N/A	29.213	95	267	1.05e-18	86.7
WP_000259031.1	279	k121_1240428_1	N/A	33.180	77	217	1.63e-18	87.0
WP_000259031.1	279	k121_114054_1	N/A	28.017	77	232	2.43e-18	85.5
WP_000259031.1	279	k121_315162_2	N/A	30.263	78	228	4.47e-17	82.8
WP_000259031.1	279	k121_1965232_1	N/A	30.962	76	239	4.58e-17	84.0
WP_000259031.1	279	k121_1983117_1	N/A	30.769	60	169	1.77e-16	78.2
WP_000259031.1	279	k121_1050756_1	N/A	38.776	35	98	2.10e-16	76.3
WP_000259031.1	279	k121_1998220_2	N/A	34.842	76	221	2.71e-16	80.1
WP_000259031.1	279	k121_1091537_1	N/A	33.871	44	124	1.40e-15	76.6
WP_000259031.1	279	k121_70968_2	N/A	34.270	63	178	1.06e-14	74.3
WP_000259031.1	279	k121_1802864_1	N/A	37.427	61	171	1.68e-14	73.6
WP_000259031.1	279	k121_1754674_2	N/A	30.769	88	247	1.83e-14	75.5
WP_000259031.1	279	k121_1996503_1	N/A	33.908	61	174	6.75e-14	71.6
WP_000259031.1	279	k121_83009_4	N/A	27.108	58	166	9.59e-14	71.2
WP_000259031.1	279	k121_2025879_2	N/A	25.904	58	166	3.53e-13	69.7
WP_000259031.1	279	k121_918532_1	N/A	29.864	74	221	4.23e-13	71.6
WP_000259031.1	279	k121_963013_1	N/A	29.365	44	126	4.54e-13	68.6
WP_000259031.1	279	k121_419856_1	N/A	34.375	44	128	6.11e-13	67.8
WP_000259031.1	279	k121_1441985_1	N/A	28.571	44	126	1.22e-12	67.8
WP_000259031.1	279	k121_817359_3	N/A	32.540	44	126	1.56e-12	67.0
WP_000259031.1	279	k121_815251_3	N/A	24.291	89	247	3.18e-12	68.6
WP_000259031.1	279	k121_2219382_2	N/A	33.544	56	158	3.95e-12	66.6
WP_000259031.1	279	k121_833136_1	N/A	32.308	44	130	6.07e-12	65.5
WP_000259031.1	279	k121_1614282_2	N/A	35.537	43	121	2.96e-11	63.5
WP_000259031.1	279	k121_1863745_3	N/A	23.005	72	213	3.00e-11	65.9
WP_000259031.1	279	k121_819194_7	N/A	25.969	88	258	1.72e-10	63.9
WP_000259031.1	279	k121_1501783_1	N/A	28.000	76	250	4.51e-10	62.4
WP_000259031.1	279	k121_1331167_1	N/A	32.716	56	162	7.80e-10	60.1
WP_000259031.1	279	k121_375952_1	N/A	31.683	36	101	1.61e-09	57.8
WP_000259031.1	279	k121_1628467_2	N/A	36.111	26	72	5.74e-09	55.1
WP_000259031.1	279	k121_2156496_3	N/A	30.435	32	92	1.61e-08	54.7
WP_000259031.1	279	k121_1634344_1	N/A	42.857	28	77	2.69e-08	55.5
WP_000259031.1	279	k121_2138230_2	N/A	27.219	57	169	3.09e-08	55.8
WP_000259031.1	279	k121_129595_1	N/A	38.095	44	126	5.10e-08	53.5
WP_000259031.1	279	k121_2275656_2	N/A	32.143	39	112	8.23e-08	53.5
WP_000259031.1	279	k121_1864468_1	N/A	32.298	57	161	1.16e-07	54.7
WP_000259031.1	279	k121_671804_1	N/A	22.727	68	198	1.79e-07	53.5
WP_000259031.1	279	k121_2017001_2	N/A	32.759	41	116	1.96e-07	52.4
WP_000259031.1	279	k121_309567_2	N/A	36.000	44	125	2.68e-07	53.9
WP_000259031.1	279	k121_189848_1	N/A	43.421	25	76	4.13e-07	50.4
WP_000259031.1	279	k121_969221_1	N/A	32.407	36	108	9.04e-07	51.2
WP_000259031.1	279	k121_1996154_3	N/A	29.448	58	163	9.82e-07	50.8
WP_000259031.1	279	k121_191944_2	N/A	31.008	46	129	1.42e-06	50.4
WP_000259031.1	279	k121_1205536_1	N/A	34.615	36	104	2.20e-06	48.9
WP_000259031.1	279	k121_1432412_1	N/A	31.683	36	101	6.60e-06	47.0
WP_000259031.1	279	k121_594773_2	N/A	29.193	56	161	1.28e-05	47.8
WP_000259031.1	279	k121_1095255_2	N/A	25.170	49	147	1.23e-04	45.4
WP_000259031.1	279	k121_2241827_3	N/A	32.895	27	76	2.96e-04	44.7
WP_000259031.1	279	k121_1967812_3	N/A	37.097	22	62	3.87e-04	41.6
WP_000259031.1	279	k121_2177265_3	N/A	43.636	20	55	5.13e-04	43.1
WP_000259031.1	279	k121_1713282_1	N/A	28.800	44	125	8.20e-04	43.5
WP_000259031.1	279	k121_1095255_3	N/A	30.380	28	79	0.002	43.1
WP_001043260.1	271	k121_1553865_1	N/A	100.000	87	237	1.14e-166	463
WP_001043260.1	271	k121_2020222_3	N/A	50.769	96	260	4.17e-88	265
WP_001043260.1	271	k121_1188620_2	N/A	53.516	94	256	1.60e-83	254
WP_001043260.1	271	k121_2127724_3	N/A	40.000	96	265	4.00e-50	169
WP_001043260.1	271	k121_26016_116	N/A	39.464	96	261	2.56e-49	166
WP_001043260.1	271	k121_608253_4	N/A	38.846	95	260	1.00e-48	164
WP_001043260.1	271	k121_2240816_2	N/A	38.433	97	268	1.93e-47	162
WP_001043260.1	271	k121_2134756_2	N/A	37.879	96	264	8.13e-45	155
WP_001043260.1	271	k121_1350557_39	N/A	35.521	96	259	1.59e-44	154
WP_001043260.1	271	k121_976831_2	N/A	40.310	95	258	9.08e-44	153
WP_001043260.1	271	k121_2098970_2	N/A	34.137	91	249	1.13e-43	151
WP_001043260.1	271	k121_2161263_204	N/A	38.636	97	264	5.06e-43	150
WP_001043260.1	271	k121_1275434_2	N/A	35.688	97	269	4.06e-42	148
WP_001043260.1	271	k121_2140925_2	N/A	33.449	97	287	4.25e-42	149
WP_001043260.1	271	k121_1374376_4	N/A	35.821	96	268	2.52e-41	146
WP_001043260.1	271	k121_1980303_2	N/A	40.000	95	260	2.69e-41	147
WP_001043260.1	271	k121_1214915_2	N/A	34.831	96	267	7.51e-41	145
WP_001043260.1	271	k121_2193872_3	N/A	36.296	98	270	7.99e-41	144
WP_001043260.1	271	k121_629503_2	N/A	36.047	95	258	7.85e-40	142
WP_001043260.1	271	k121_1068566_3	N/A	39.098	96	266	1.31e-39	141
WP_001043260.1	271	k121_1739017_3	N/A	35.316	96	269	1.76e-39	142
WP_001043260.1	271	k121_2097911_1	N/A	35.249	96	261	1.27e-38	139
WP_001043260.1	271	k121_1546_2	N/A	33.962	96	265	1.99e-38	138
WP_001043260.1	271	k121_1237596_2	N/A	34.572	95	269	1.54e-37	137
WP_001043260.1	271	k121_977368_2	N/A	32.061	95	262	1.14e-36	134
WP_001043260.1	271	k121_2292921_6	N/A	38.492	90	252	1.23e-36	135
WP_001043260.1	271	k121_1831133_3	N/A	34.733	95	262	3.49e-36	133
WP_001043260.1	271	k121_752440_2	N/A	38.247	91	251	5.38e-36	132
WP_001043260.1	271	k121_269790_13	N/A	37.879	96	264	5.52e-36	132
WP_001043260.1	271	k121_898794_2	N/A	37.121	95	264	6.84e-36	132
WP_001043260.1	271	k121_1234616_3	N/A	36.842	96	266	7.27e-36	132
WP_001043260.1	271	k121_222946_3	N/A	35.870	93	276	1.22e-35	131
WP_001043260.1	271	k121_2216530_2	N/A	38.565	81	223	1.42e-35	130
WP_001043260.1	271	k121_148459_3	N/A	30.916	95	262	1.97e-35	131
WP_001043260.1	271	k121_1298505_7	N/A	33.333	96	264	2.98e-35	130
WP_001043260.1	271	k121_1278616_4	N/A	35.581	90	267	1.21e-34	129
WP_001043260.1	271	k121_1815832_2	N/A	36.264	95	273	4.02e-34	127
WP_001043260.1	271	k121_1968200_6	N/A	37.548	95	261	4.17e-34	127
WP_001043260.1	271	k121_231916_2	N/A	37.818	97	275	8.14e-34	128
WP_001043260.1	271	k121_656436_5	N/A	33.852	92	257	1.73e-33	125
WP_001043260.1	271	k121_891023_3	N/A	31.679	95	262	1.78e-33	126
WP_001043260.1	271	k121_1133102_2	N/A	37.308	93	260	3.28e-33	124
WP_001043260.1	271	k121_2105612_1	N/A	32.422	93	256	4.28e-33	124
WP_001043260.1	271	k121_1612464_2	N/A	34.263	92	251	5.08e-33	124
WP_001043260.1	271	k121_6090_1	N/A	33.191	86	235	1.31e-32	124
WP_001043260.1	271	k121_402450_1	N/A	38.889	90	252	3.60e-32	124
WP_001043260.1	271	k121_2196505_2	N/A	35.115	95	262	5.01e-32	121
WP_001043260.1	271	k121_1026964_2	N/A	34.400	91	250	5.09e-32	121
WP_001043260.1	271	k121_1635199_2	N/A	32.482	97	274	9.15e-32	122
WP_001043260.1	271	k121_659834_4	N/A	35.907	95	259	1.29e-31	120
WP_001043260.1	271	k121_1692918_1	N/A	30.588	93	255	2.47e-31	120
WP_001043260.1	271	k121_1456739_1	N/A	31.873	91	251	7.63e-31	119
WP_001043260.1	271	k121_1103102_1	N/A	37.186	70	199	9.98e-31	116
WP_001043260.1	271	k121_1508178_9	N/A	39.726	79	219	1.29e-30	118
WP_001043260.1	271	k121_743270_1	N/A	34.677	90	248	1.45e-30	119
WP_001043260.1	271	k121_1578955_6	N/A	30.830	91	253	2.06e-29	115
WP_001043260.1	271	k121_1252088_1	N/A	29.804	93	255	2.92e-29	114
WP_001043260.1	271	k121_1998220_2	N/A	37.500	90	256	2.89e-28	112
WP_001043260.1	271	k121_1053610_4	N/A	29.851	97	268	1.04e-27	112
WP_001043260.1	271	k121_315162_2	N/A	34.074	95	270	1.22e-27	111
WP_001043260.1	271	k121_26943_7	N/A	29.588	97	267	1.88e-27	112
WP_001043260.1	271	k121_1365615_2	N/A	29.213	97	267	2.45e-27	111
WP_001043260.1	271	k121_50042_3	N/A	28.063	92	253	1.60e-26	107
WP_001043260.1	271	k121_474377_1	N/A	30.072	96	276	3.02e-26	107
WP_001043260.1	271	k121_1685588_1	N/A	34.286	90	245	9.38e-26	105
WP_001043260.1	271	k121_114054_1	N/A	32.558	89	258	2.87e-25	103
WP_001043260.1	271	k121_1240428_1	N/A	35.747	80	221	3.18e-24	102
WP_001043260.1	271	k121_1983117_1	N/A	37.278	61	169	1.71e-23	96.7
WP_001043260.1	271	k121_1179920_1	N/A	29.323	97	266	2.47e-23	100
WP_001043260.1	271	k121_375952_1	N/A	44.118	38	102	3.73e-23	94.4
WP_001043260.1	271	k121_2171641_1	N/A	59.770	32	87	2.08e-22	92.0
WP_001043260.1	271	k121_1050756_1	N/A	41.414	37	99	1.15e-21	90.1
WP_001043260.1	271	k121_1091537_1	N/A	41.935	45	124	1.22e-20	90.1
WP_001043260.1	271	k121_70968_2	N/A	36.986	79	219	4.11e-20	89.0
WP_001043260.1	271	k121_1965232_1	N/A	27.891	96	294	8.73e-20	91.7
WP_001043260.1	271	k121_815251_3	N/A	29.084	91	251	4.12e-19	87.8
WP_001043260.1	271	k121_83009_4	N/A	30.120	60	166	4.49e-19	85.9
WP_001043260.1	271	k121_1754674_2	N/A	31.579	90	247	7.25e-19	87.4
WP_001043260.1	271	k121_2275656_2	N/A	37.736	39	106	1.11e-18	83.2
WP_001043260.1	271	k121_963013_1	N/A	35.433	45	127	3.45e-18	82.0
WP_001043260.1	271	k121_817359_3	N/A	39.370	45	127	3.92e-18	82.0
WP_001043260.1	271	k121_1863745_3	N/A	27.941	95	272	1.18e-17	84.0
WP_001043260.1	271	k121_819194_7	N/A	30.469	91	256	1.36e-17	84.0
WP_001043260.1	271	k121_419856_1	N/A	41.085	46	129	2.39e-17	79.3
WP_001043260.1	271	k121_2025879_2	N/A	28.485	60	165	7.99e-17	79.3
WP_001043260.1	271	k121_382365_2	N/A	30.830	91	253	1.03e-16	80.9
WP_001043260.1	271	k121_189848_1	N/A	50.000	26	78	3.96e-16	75.1
WP_001043260.1	271	k121_1628467_2	N/A	50.000	25	68	7.15e-16	73.6
WP_001043260.1	271	k121_1039569_2	N/A	31.746	69	189	7.71e-16	77.0
WP_001043260.1	271	k121_1996503_1	N/A	29.787	69	188	1.23e-15	76.3
WP_001043260.1	271	k121_1441985_1	N/A	30.469	46	128	6.76e-14	70.9
WP_001043260.1	271	k121_2138230_2	N/A	28.108	65	185	1.59e-13	70.5
WP_001043260.1	271	k121_1614282_2	N/A	34.437	56	151	1.99e-13	69.7
WP_001043260.1	271	k121_671804_1	N/A	27.041	69	196	2.24e-13	70.1
WP_001043260.1	271	k121_969221_1	N/A	39.815	37	108	4.02e-13	68.9
WP_001043260.1	271	k121_1996154_3	N/A	35.119	62	168	1.03e-12	67.8
WP_001043260.1	271	k121_833136_1	N/A	31.746	45	126	8.02e-12	65.1
WP_001043260.1	271	k121_2017001_2	N/A	36.585	45	123	8.97e-12	64.3
WP_001043260.1	271	k121_2241827_3	N/A	43.056	26	72	2.16e-11	65.1
WP_001043260.1	271	k121_2219382_2	N/A	33.125	56	160	9.80e-11	62.4
WP_001043260.1	271	k121_1802864_1	N/A	33.871	68	186	1.18e-10	62.8
WP_001043260.1	271	k121_309567_2	N/A	37.600	46	125	1.18e-10	63.5
WP_001043260.1	271	k121_1501783_1	N/A	27.273	71	242	1.86e-10	63.2
WP_001043260.1	271	k121_2156496_3	N/A	34.118	31	85	3.17e-10	59.3
WP_001043260.1	271	k121_1095255_3	N/A	43.056	26	72	6.00e-10	62.4
WP_001043260.1	271	k121_1634344_1	N/A	36.552	54	145	6.28e-10	60.1
WP_001043260.1	271	k121_1713282_1	N/A	34.615	48	130	7.24e-10	61.2
WP_001043260.1	271	k121_1331167_1	N/A	32.919	58	161	1.38e-09	59.3
WP_001043260.1	271	k121_191944_2	N/A	33.600	44	125	2.73e-07	52.4
WP_001043260.1	271	k121_129595_1	N/A	37.963	39	108	5.36e-06	47.8
WP_001043260.1	271	k121_1432412_1	N/A	30.120	31	83	1.12e-05	46.6
WP_001043260.1	271	k121_918532_1	N/A	26.733	71	202	5.71e-05	47.4
WP_001043260.1	271	k121_1864468_1	N/A	26.943	70	193	7.17e-05	46.2
WP_001043260.1	271	k121_594773_2	N/A	30.968	55	155	1.05e-04	45.1
WP_001043260.1	271	k121_2177265_3	N/A	30.000	37	100	1.11e-04	45.1
WP_001043260.1	271	k121_1095255_2	N/A	21.675	69	203	2.42e-04	44.7
WP_001043260.1	271	k121_992580_1	N/A	52.830	20	53	0.009	38.9
WP_001043260.1	271	k121_1205536_1	N/A	31.776	37	107	0.010	38.5
WP_001043260.1	271	k121_1440544_1	N/A	41.935	23	62	0.050	38.1
WP_000034420.1	263	k121_2020222_3	N/A	60.392	97	255	1.32e-110	322
WP_000034420.1	263	k121_1553865_1	N/A	53.247	88	231	2.11e-79	242
WP_000034420.1	263	k121_1188620_2	N/A	43.182	100	264	4.45e-78	240
WP_000034420.1	263	k121_608253_4	N/A	39.313	98	262	1.28e-53	177
WP_000034420.1	263	k121_2098970_2	N/A	38.521	96	257	4.69e-53	175
WP_000034420.1	263	k121_1350557_39	N/A	37.452	98	259	2.16e-52	174
WP_000034420.1	263	k121_2193872_3	N/A	39.382	97	259	1.79e-51	172
WP_000034420.1	263	k121_976831_2	N/A	39.394	99	264	2.69e-51	172
WP_000034420.1	263	k121_2127724_3	N/A	37.262	98	263	8.45e-50	167
WP_000034420.1	263	k121_1612464_2	N/A	38.636	98	264	1.20e-49	167
WP_000034420.1	263	k121_752440_2	N/A	37.500	99	264	4.86e-49	166
WP_000034420.1	263	k121_2097911_1	N/A	37.405	99	262	4.87e-49	166
WP_000034420.1	263	k121_629503_2	N/A	37.692	98	260	8.23e-49	164
WP_000034420.1	263	k121_1068566_3	N/A	37.879	99	264	1.99e-48	164
WP_000034420.1	263	k121_26016_116	N/A	35.907	98	259	1.05e-47	162
WP_000034420.1	263	k121_1546_2	N/A	34.483	99	261	1.46e-47	162
WP_000034420.1	263	k121_1214915_2	N/A	34.483	99	261	1.56e-47	162
WP_000034420.1	263	k121_2240816_2	N/A	36.803	99	269	9.41e-47	160
WP_000034420.1	263	k121_1374376_4	N/A	34.944	99	269	2.90e-46	159
WP_000034420.1	263	k121_2140925_2	N/A	33.684	99	285	3.44e-46	159
WP_000034420.1	263	k121_2161263_204	N/A	36.364	99	264	3.92e-46	158
WP_000034420.1	263	k121_1026964_2	N/A	36.641	97	262	7.54e-45	154
WP_000034420.1	263	k121_402450_1	N/A	37.121	99	264	8.41e-45	157
WP_000034420.1	263	k121_2105612_1	N/A	34.749	96	259	3.92e-44	152
WP_000034420.1	263	k121_1739017_3	N/A	35.036	99	274	5.22e-44	153
WP_000034420.1	263	k121_1237596_2	N/A	35.897	99	273	3.09e-43	152
WP_000034420.1	263	k121_1815832_2	N/A	34.420	98	276	4.16e-43	150
WP_000034420.1	263	k121_2134756_2	N/A	34.848	98	264	1.84e-42	149
WP_000034420.1	263	k121_1980303_2	N/A	35.985	99	264	2.63e-42	149
WP_000034420.1	263	k121_269790_13	N/A	35.907	98	259	8.02e-41	144
WP_000034420.1	263	k121_1133102_2	N/A	35.985	98	264	2.09e-40	143
WP_000034420.1	263	k121_1275434_2	N/A	32.707	98	266	3.28e-40	142
WP_000034420.1	263	k121_898794_2	N/A	34.340	98	265	5.05e-40	142
WP_000034420.1	263	k121_2292921_6	N/A	36.694	94	248	8.05e-40	144
WP_000034420.1	263	k121_1968200_6	N/A	36.398	98	261	1.05e-39	141
WP_000034420.1	263	k121_1685588_1	N/A	34.413	94	247	1.10e-39	141
WP_000034420.1	263	k121_222946_3	N/A	33.692	97	279	1.98e-39	140
WP_000034420.1	263	k121_1252088_1	N/A	32.296	97	257	6.36e-39	139
WP_000034420.1	263	k121_1692918_1	N/A	33.205	97	259	1.07e-38	139
WP_000034420.1	263	k121_1278616_4	N/A	34.559	94	272	1.20e-38	139
WP_000034420.1	263	k121_231916_2	N/A	32.707	99	266	6.04e-38	139
WP_000034420.1	263	k121_1103102_1	N/A	41.709	74	199	1.73e-37	133
WP_000034420.1	263	k121_1635199_2	N/A	32.472	99	271	2.24e-37	136
WP_000034420.1	263	k121_1234616_3	N/A	33.585	98	265	3.40e-37	135
WP_000034420.1	263	k121_656436_5	N/A	36.364	97	264	5.74e-37	134
WP_000034420.1	263	k121_1831133_3	N/A	33.962	98	265	8.86e-37	134
WP_000034420.1	263	k121_1456739_1	N/A	34.109	97	258	9.00e-37	134
WP_000034420.1	263	k121_1298505_7	N/A	31.698	98	265	1.43e-36	133
WP_000034420.1	263	k121_148459_3	N/A	32.075	98	265	7.15e-35	129
WP_000034420.1	263	k121_1365615_2	N/A	30.534	99	262	9.88e-35	130
WP_000034420.1	263	k121_26943_7	N/A	30.534	99	262	1.41e-34	130
WP_000034420.1	263	k121_2216530_2	N/A	33.186	85	226	5.14e-34	126
WP_000034420.1	263	k121_1053610_4	N/A	31.818	99	264	7.91e-34	128
WP_000034420.1	263	k121_977368_2	N/A	33.208	98	265	8.33e-34	127
WP_000034420.1	263	k121_659834_4	N/A	33.591	98	259	1.61e-33	125
WP_000034420.1	263	k121_1508178_9	N/A	36.364	99	264	2.43e-33	125
WP_000034420.1	263	k121_2196505_2	N/A	33.582	99	268	4.07e-33	124
WP_000034420.1	263	k121_743270_1	N/A	29.588	99	267	6.74e-33	125
WP_000034420.1	263	k121_1179920_1	N/A	31.939	98	263	1.15e-32	124
WP_000034420.1	263	k121_1965232_1	N/A	31.034	99	290	2.85e-32	126
WP_000034420.1	263	k121_1998220_2	N/A	36.822	94	258	8.65e-32	121
WP_000034420.1	263	k121_1754674_2	N/A	31.818	99	264	4.20e-30	117
WP_000034420.1	263	k121_891023_3	N/A	29.434	98	265	4.85e-30	116
WP_000034420.1	263	k121_315162_2	N/A	33.210	98	271	1.02e-29	116
WP_000034420.1	263	k121_50042_3	N/A	31.076	94	251	5.24e-29	114
WP_000034420.1	263	k121_6090_1	N/A	28.390	89	236	8.02e-29	113
WP_000034420.1	263	k121_474377_1	N/A	31.408	98	277	1.29e-28	113
WP_000034420.1	263	k121_1996503_1	N/A	35.176	74	199	5.89e-28	108
WP_000034420.1	263	k121_1578955_6	N/A	28.996	97	269	1.09e-26	107
WP_000034420.1	263	k121_114054_1	N/A	30.072	98	276	1.41e-25	104
WP_000034420.1	263	k121_2171641_1	N/A	45.000	38	100	3.93e-25	99.0
WP_000034420.1	263	k121_70968_2	N/A	35.484	81	217	1.12e-23	98.2
WP_000034420.1	263	k121_1050756_1	N/A	43.878	37	98	9.98e-23	92.8
WP_000034420.1	263	k121_1983117_1	N/A	34.118	63	170	3.49e-22	92.8
WP_000034420.1	263	k121_1091537_1	N/A	38.095	48	126	1.15e-21	92.4
WP_000034420.1	263	k121_815251_3	N/A	28.155	77	206	2.78e-21	93.6
WP_000034420.1	263	k121_1240428_1	N/A	30.263	86	228	4.59e-21	93.6
WP_000034420.1	263	k121_1039569_2	N/A	31.401	77	207	6.98e-21	90.5
WP_000034420.1	263	k121_382365_2	N/A	29.119	98	261	9.93e-21	91.7
WP_000034420.1	263	k121_83009_4	N/A	31.138	62	167	1.18e-19	87.0
WP_000034420.1	263	k121_819194_7	N/A	26.966	97	267	1.49e-19	89.0
WP_000034420.1	263	k121_375952_1	N/A	40.594	38	101	2.78e-18	81.3
WP_000034420.1	263	k121_1441985_1	N/A	36.508	47	126	3.28e-18	82.4
WP_000034420.1	263	k121_2219382_2	N/A	29.677	59	155	3.76e-18	82.8
WP_000034420.1	263	k121_419856_1	N/A	39.231	48	130	8.95e-18	80.5
WP_000034420.1	263	k121_1863745_3	N/A	27.184	77	206	1.21e-17	83.6
WP_000034420.1	263	k121_2275656_2	N/A	37.500	39	104	6.24e-17	78.2
WP_000034420.1	263	k121_963013_1	N/A	40.310	48	129	1.94e-16	77.4
WP_000034420.1	263	k121_309567_2	N/A	37.302	48	126	6.63e-16	78.2
WP_000034420.1	263	k121_817359_3	N/A	36.220	47	127	9.02e-16	75.5
WP_000034420.1	263	k121_1802864_1	N/A	31.122	71	196	1.50e-15	75.9
WP_000034420.1	263	k121_1628467_2	N/A	49.296	27	71	2.45e-15	72.0
WP_000034420.1	263	k121_1996154_3	N/A	33.133	62	166	5.17e-15	73.9
WP_000034420.1	263	k121_1614282_2	N/A	33.784	56	148	1.42e-14	72.4
WP_000034420.1	263	k121_1864468_1	N/A	28.019	77	207	1.78e-14	73.6
WP_000034420.1	263	k121_671804_1	N/A	26.804	71	194	2.49e-14	72.8
WP_000034420.1	263	k121_189848_1	N/A	40.260	27	77	6.94e-13	66.2
WP_000034420.1	263	k121_2025879_2	N/A	27.219	62	169	1.39e-12	67.8
WP_000034420.1	263	k121_1713282_1	N/A	33.333	48	126	4.25e-12	67.4
WP_000034420.1	263	k121_2017001_2	N/A	33.884	46	121	4.52e-12	65.1
WP_000034420.1	263	k121_594773_2	N/A	27.742	59	155	1.74e-11	64.3
WP_000034420.1	263	k121_191944_2	N/A	30.000	46	120	2.38e-11	63.9
WP_000034420.1	263	k121_918532_1	N/A	27.919	73	197	2.88e-11	65.9
WP_000034420.1	263	k121_833136_1	N/A	30.952	47	126	3.61e-11	63.2
WP_000034420.1	263	k121_1331167_1	N/A	27.647	63	170	4.82e-11	63.2
WP_000034420.1	263	k121_2156496_3	N/A	36.957	34	92	5.17e-11	61.6
WP_000034420.1	263	k121_969221_1	N/A	38.043	32	92	1.12e-10	62.0
WP_000034420.1	263	k121_2241827_3	N/A	41.667	27	72	1.53e-10	62.8
WP_000034420.1	263	k121_1095255_3	N/A	41.026	29	78	2.53e-10	63.2
WP_000034420.1	263	k121_1634344_1	N/A	33.129	62	163	4.07e-10	60.5
WP_000034420.1	263	k121_2138230_2	N/A	26.816	65	179	5.43e-10	60.5
WP_000034420.1	263	k121_1501783_1	N/A	34.375	57	96	1.28e-08	57.8
WP_000034420.1	263	k121_1501783_1	N/A	35.714	57	56	0.014	39.7
WP_000034420.1	263	k121_129595_1	N/A	32.231	46	121	1.42e-08	55.1
WP_000034420.1	263	k121_1205536_1	N/A	32.039	38	103	4.63e-08	53.5
WP_000034420.1	263	k121_1095255_2	N/A	22.886	71	201	1.48e-06	50.8
WP_000034420.1	263	k121_2177265_3	N/A	30.894	44	123	1.85e-05	47.0
WP_000034420.1	263	k121_311459_1	N/A	34.177	28	79	2.47e-05	45.8
WP_000034420.1	263	k121_1432412_1	N/A	33.333	35	93	5.63e-05	44.3
WP_000034420.1	263	k121_322419_1	N/A	30.137	28	73	0.009	37.7
WP_000034420.1	263	k121_992580_1	N/A	46.296	21	54	0.010	38.5
WP_000034420.1	263	k121_1757177_2	N/A	39.344	22	61	0.030	36.2
WP_000034420.1	263	k121_2012806_2	N/A	28.155	35	103	0.057	38.1
WP_000034420.1	263	k121_1833543_1	N/A	36.508	24	63	0.071	37.7
WP_000845048.1	337	k121_609679_1	N/A	73.125	95	320	2.29e-172	484
WP_000845048.1	337	k121_1171457_1	N/A	70.066	90	304	1.07e-156	444
WP_000845048.1	337	k121_715214_2	N/A	63.664	99	333	1.98e-150	429
WP_000845048.1	337	k121_1292788_2	N/A	64.048	96	331	1.55e-147	422
WP_000845048.1	337	k121_988126_4	N/A	63.444	96	331	1.59e-144	417
WP_000845048.1	337	k121_916470_2	N/A	64.939	96	328	2.83e-144	417
WP_000845048.1	337	k121_135023_2	N/A	60.597	97	335	3.69e-142	410
WP_000845048.1	337	k121_1049841_2	N/A	60.241	97	332	2.44e-137	395
WP_000845048.1	337	k121_2277427_1	N/A	59.878	98	329	4.28e-131	380
WP_000845048.1	337	k121_2187566_1	N/A	59.177	94	316	2.43e-129	375
WP_000845048.1	337	k121_127080_2	N/A	76.549	67	226	1.20e-124	359
WP_000845048.1	337	k121_1301343_3	N/A	58.514	96	323	6.30e-120	355
WP_000845048.1	337	k121_2038573_2	N/A	55.763	95	321	2.99e-119	350
WP_000845048.1	337	k121_20378_2	N/A	60.976	83	287	3.67e-119	350
WP_000845048.1	337	k121_1463999_5	N/A	55.452	95	321	1.15e-116	344
WP_000845048.1	337	k121_1998408_2	N/A	54.430	94	316	3.71e-115	339
WP_000845048.1	337	k121_1759603_1	N/A	53.750	95	320	9.41e-114	336
WP_000845048.1	337	k121_1457269_2	N/A	52.548	93	314	4.79e-107	319
WP_000845048.1	337	k121_2189507_2	N/A	51.505	89	299	2.03e-101	303
WP_000845048.1	337	k121_1293391_1	N/A	55.357	83	280	4.93e-101	301
WP_000845048.1	337	k121_2226013_3	N/A	53.710	84	283	2.42e-91	277
WP_000845048.1	337	k121_2068710_1	N/A	51.957	83	281	5.61e-90	274
WP_000845048.1	337	k121_1885196_2	N/A	48.571	93	315	1.19e-89	274
WP_000845048.1	337	k121_1528043_1	N/A	67.172	59	198	2.58e-87	267
WP_000845048.1	337	k121_534020_2	N/A	64.486	59	214	2.73e-87	268
WP_000845048.1	337	k121_1941008_1	N/A	49.158	88	297	5.31e-83	258
WP_000845048.1	337	k121_1504065_3	N/A	58.252	60	206	1.47e-79	244
WP_000845048.1	337	k121_1021646_1	N/A	62.644	52	174	1.21e-71	225
WP_000845048.1	337	k121_2247101_1	N/A	63.277	51	177	5.29e-70	219
WP_000845048.1	337	k121_127094_1	N/A	63.158	48	171	7.83e-67	212
WP_000845048.1	337	k121_715753_3	N/A	47.032	65	219	5.97e-62	200
WP_000845048.1	337	k121_1193651_1	N/A	48.515	60	202	5.93e-56	186
WP_000845048.1	337	k121_1451810_1	N/A	52.601	51	173	5.75e-55	180
WP_000845048.1	337	k121_1566679_3	N/A	55.429	52	175	4.17e-54	178
WP_000845048.1	337	k121_1622901_8	N/A	58.940	45	151	3.80e-53	174
WP_000845048.1	337	k121_1039200_2	N/A	69.565	34	115	5.63e-51	169
WP_000845048.1	337	k121_954567_1	N/A	60.993	42	141	2.03e-50	168
WP_000845048.1	337	k121_1732191_1	N/A	68.750	33	112	8.71e-49	164
WP_000845048.1	337	k121_1396957_1	N/A	49.123	51	171	6.46e-48	162
WP_000845048.1	337	k121_127080_3	N/A	74.757	31	103	2.65e-46	156
WP_000845048.1	337	k121_1978389_1	N/A	65.789	34	114	1.17e-44	151
WP_000845048.1	337	k121_718035_3	N/A	35.258	97	329	2.15e-44	156
WP_000845048.1	337	k121_2291467_1	N/A	40.639	65	219	5.72e-44	153
WP_000845048.1	337	k121_468757_5	N/A	33.121	93	314	1.97e-40	147
WP_000845048.1	337	k121_520952_1	N/A	35.974	90	303	8.84e-40	144
WP_000845048.1	337	k121_7417_1	N/A	30.744	91	309	3.67e-39	144
WP_000845048.1	337	k121_93213_2	N/A	32.343	89	303	5.69e-36	134
WP_000845048.1	337	k121_1736541_1	N/A	33.828	99	337	9.29e-36	134
WP_000845048.1	337	k121_1512314_2	N/A	60.952	31	105	9.37e-36	128
WP_000845048.1	337	k121_839528_1	N/A	32.667	88	300	1.63e-35	134
WP_000845048.1	337	k121_1504065_2	N/A	62.000	28	100	3.22e-35	127
WP_000845048.1	337	k121_1273406_1	N/A	67.391	27	92	3.59e-35	127
WP_000845048.1	337	k121_856635_2	N/A	34.653	86	303	3.66e-35	134
WP_000845048.1	337	k121_1280318_2	N/A	68.132	27	91	4.29e-35	128
WP_000845048.1	337	k121_2188011_1	N/A	31.457	89	302	2.27e-34	130
WP_000845048.1	337	k121_754000_3	N/A	33.133	98	332	2.86e-34	130
WP_000845048.1	337	k121_2122853_3	N/A	33.226	92	310	3.69e-34	129
WP_000845048.1	337	k121_1920844_2	N/A	29.909	96	331	9.36e-34	130
WP_000845048.1	337	k121_1306943_1	N/A	29.688	94	320	9.39e-34	128
WP_000845048.1	337	k121_370602_3	N/A	32.927	97	328	1.05e-33	129
WP_000845048.1	337	k121_2239305_2	N/A	60.000	27	95	3.06e-33	121
WP_000845048.1	337	k121_1245689_2	N/A	33.333	97	327	2.08e-32	125
WP_000845048.1	337	k121_1673335_1	N/A	32.523	97	329	2.45e-32	125
WP_000845048.1	337	k121_1121410_2	N/A	32.416	96	327	4.57e-32	124
WP_000845048.1	337	k121_900880_1	N/A	32.258	92	310	8.51e-32	124
WP_000845048.1	337	k121_1045663_1	N/A	65.169	26	89	2.59e-30	114
WP_000845048.1	337	k121_1981061_1	N/A	30.292	81	274	3.21e-30	121
WP_000845048.1	337	k121_1072706_1	N/A	27.778	90	306	4.36e-30	119
WP_000845048.1	337	k121_1110537_2	N/A	46.853	40	143	6.67e-30	114
WP_000845048.1	337	k121_1957075_2	N/A	55.000	30	100	1.11e-29	112
WP_000845048.1	337	k121_539814_2	N/A	31.615	85	291	2.01e-29	117
WP_000845048.1	337	k121_1439970_4	N/A	70.667	22	75	2.13e-29	111
WP_000845048.1	337	k121_715753_2	N/A	65.000	24	80	1.69e-28	108
WP_000845048.1	337	k121_471204_1	N/A	31.627	98	332	1.83e-28	117
WP_000845048.1	337	k121_538325_1	N/A	27.445	93	317	3.33e-28	114
WP_000845048.1	337	k121_2176810_2	N/A	30.435	88	299	8.24e-28	112
WP_000845048.1	337	k121_1389228_2	N/A	31.304	68	230	1.14e-27	111
WP_000845048.1	337	k121_36786_1	N/A	26.935	94	323	1.86e-27	112
WP_000845048.1	337	k121_2245508_2	N/A	44.138	43	145	2.10e-27	110
WP_000845048.1	337	k121_1301343_2	N/A	31.173	96	324	3.78e-27	111
WP_000845048.1	337	k121_1901636_2	N/A	37.387	66	222	7.41e-26	105
WP_000845048.1	337	k121_1248862_3	N/A	30.211	97	331	8.14e-26	107
WP_000845048.1	337	k121_2156260_1	N/A	31.077	91	325	1.60e-25	107
WP_000845048.1	337	k121_719194_2	N/A	32.707	76	266	2.01e-25	106
WP_000845048.1	337	k121_539814_1	N/A	57.143	24	84	2.28e-25	100
WP_000845048.1	337	k121_68377_1	N/A	35.545	62	211	5.44e-25	102
WP_000845048.1	337	k121_1651674_2	N/A	58.427	26	89	9.08e-25	99.4
WP_000845048.1	337	k121_990032_2	N/A	30.882	77	272	2.53e-24	103
WP_000845048.1	337	k121_1711336_4	N/A	33.574	76	277	2.91e-24	103
WP_000845048.1	337	k121_626445_1	N/A	32.975	82	279	5.67e-24	101
WP_000845048.1	337	k121_927079_1	N/A	31.438	85	299	3.12e-23	100
WP_000845048.1	337	k121_1679476_4	N/A	31.438	85	299	3.30e-23	100
WP_000845048.1	337	k121_1566419_1	N/A	29.967	90	307	4.47e-23	100
WP_000845048.1	337	k121_742251_2	N/A	36.279	62	215	5.42e-23	100
WP_000845048.1	337	k121_522829_2	N/A	33.540	86	322	1.71e-22	99.0
WP_000845048.1	337	k121_779006_2	N/A	28.881	80	277	1.72e-22	97.8
WP_000845048.1	337	k121_119333_2	N/A	31.868	78	273	1.74e-22	99.4
WP_000845048.1	337	k121_223673_1	N/A	33.178	62	214	2.32e-22	96.3
WP_000845048.1	337	k121_586193_2	N/A	29.779	77	272	3.68e-22	98.2
WP_000845048.1	337	k121_479409_8	N/A	35.484	63	217	6.19e-22	97.1
WP_000845048.1	337	k121_118215_8	N/A	34.061	66	229	8.10e-22	96.7
WP_000845048.1	337	k121_1534751_39	N/A	30.769	85	299	8.51e-22	97.1
WP_000845048.1	337	k121_635919_1	N/A	31.959	57	194	1.88e-21	92.8
WP_000845048.1	337	k121_309239_1	N/A	35.217	66	230	2.31e-21	94.0
WP_000845048.1	337	k121_52640_3	N/A	30.038	73	263	2.50e-21	95.9
WP_000845048.1	337	k121_2271624_2	N/A	29.474	81	285	3.11e-21	95.1
WP_000845048.1	337	k121_1376832_4	N/A	37.500	55	184	4.00e-21	95.1
WP_000845048.1	337	k121_1059633_2	N/A	35.455	63	220	4.98e-21	94.7
WP_000845048.1	337	k121_344466_2	N/A	32.210	76	267	5.42e-21	95.1
WP_000845048.1	337	k121_1230847_5	N/A	34.296	78	277	9.14e-21	94.0
WP_000845048.1	337	k121_333348_2	N/A	35.849	61	212	1.24e-20	92.0
WP_000845048.1	337	k121_727745_3	N/A	30.392	85	306	1.98e-20	93.6
WP_000845048.1	337	k121_394757_1	N/A	32.331	77	266	3.22e-20	90.9
WP_000845048.1	337	k121_1052822_2	N/A	25.994	91	327	4.03e-20	92.4
WP_000845048.1	337	k121_1621197_1	N/A	29.323	76	266	4.12e-20	91.3
WP_000845048.1	337	k121_519714_3	N/A	28.205	86	312	4.30e-20	92.0
WP_000845048.1	337	k121_1183183_1	N/A	36.216	54	185	4.72e-20	89.4
WP_000845048.1	337	k121_1093579_16	N/A	27.007	79	274	4.94e-20	92.0
WP_000845048.1	337	k121_2084078_3	N/A	32.161	59	199	6.79e-20	88.6
WP_000845048.1	337	k121_1374561_2	N/A	28.000	79	275	7.65e-20	91.3
WP_000845048.1	337	k121_1160572_3	N/A	29.333	84	300	7.65e-20	91.3
WP_000845048.1	337	k121_1999229_2	N/A	30.942	64	223	8.42e-20	91.7
WP_000845048.1	337	k121_805197_3	N/A	29.870	88	308	1.17e-19	90.5
WP_000845048.1	337	k121_1197828_2	N/A	34.759	55	187	1.28e-19	90.5
WP_000845048.1	337	k121_1433470_1	N/A	28.782	79	271	1.36e-19	89.7
WP_000845048.1	337	k121_689976_11	N/A	27.632	85	304	1.63e-19	90.5
WP_000845048.1	337	k121_826765_2	N/A	30.112	77	269	1.68e-19	90.1
WP_000845048.1	337	k121_2162042_9	N/A	30.292	78	274	1.69e-19	90.1
WP_000845048.1	337	k121_808165_2	N/A	32.870	62	216	2.30e-19	90.1
WP_000845048.1	337	k121_1833771_2	N/A	29.073	87	313	2.87e-19	89.7
WP_000845048.1	337	k121_133151_2	N/A	29.368	77	269	3.01e-19	89.7
WP_000845048.1	337	k121_328871_20	N/A	29.655	82	290	3.86e-19	89.4
WP_000845048.1	337	k121_1559713_12	N/A	34.783	55	184	5.58e-19	89.0
WP_000845048.1	337	k121_1352573_1	N/A	32.870	62	216	6.99e-19	88.6
WP_000845048.1	337	k121_710563_2	N/A	27.027	82	296	8.01e-19	89.0
WP_000845048.1	337	k121_1815193_3	N/A	31.022	78	274	1.06e-18	88.2
WP_000845048.1	337	k121_1492423_2	N/A	30.719	85	306	2.21e-18	87.0
WP_000845048.1	337	k121_280056_1	N/A	31.803	84	305	2.22e-18	87.0
WP_000845048.1	337	k121_683394_2	N/A	29.431	84	299	2.35e-18	87.0
WP_000845048.1	337	k121_2066677_2	N/A	23.529	90	306	2.39e-18	86.7
WP_000845048.1	337	k121_80455_1	N/A	32.569	62	218	2.50e-18	87.4
WP_000845048.1	337	k121_2289978_2	N/A	33.023	62	215	2.83e-18	86.7
WP_000845048.1	337	k121_1563349_8	N/A	32.963	78	270	2.95e-18	86.3
WP_000845048.1	337	k121_361784_2	N/A	37.931	65	232	3.19e-18	87.0
WP_000845048.1	337	k121_717872_3	N/A	32.961	53	179	3.51e-18	87.0
WP_000845048.1	337	k121_322449_2	N/A	35.931	64	231	3.83e-18	86.7
WP_000845048.1	337	k121_985929_3	N/A	32.524	61	206	4.06e-18	84.7
WP_000845048.1	337	k121_97918_3	N/A	25.566	86	309	4.88e-18	86.3
WP_000845048.1	337	k121_2101399_1	N/A	33.880	54	183	6.82e-18	82.8
WP_000845048.1	337	k121_2071167_1	N/A	39.130	40	138	7.11e-18	84.3
WP_000845048.1	337	k121_1287440_1	N/A	33.871	55	186	9.63e-18	85.5
WP_000845048.1	337	k121_126217_2	N/A	32.597	53	181	1.20e-17	85.5
WP_000845048.1	337	k121_2152730_1	N/A	33.333	56	192	1.38e-17	82.8
WP_000845048.1	337	k121_302604_7	N/A	32.432	55	185	1.55e-17	85.1
WP_000845048.1	337	k121_1839541_7	N/A	30.841	62	214	1.92e-17	84.7
WP_000845048.1	337	k121_2275763_1	N/A	28.788	58	198	1.96e-17	82.0
WP_000845048.1	337	k121_1329724_2	N/A	32.022	53	178	2.01e-17	81.6
WP_000845048.1	337	k121_1543613_2	N/A	29.197	78	274	2.48e-17	84.3
WP_000845048.1	337	k121_2134755_2	N/A	33.333	63	228	3.29e-17	82.4
WP_000845048.1	337	k121_1442212_3	N/A	26.022	77	269	4.12e-17	84.0
WP_000845048.1	337	k121_2012237_4	N/A	31.752	77	274	4.32e-17	83.6
WP_000845048.1	337	k121_52406_4	N/A	31.364	62	220	5.13e-17	83.6
WP_000845048.1	337	k121_1287622_3	N/A	31.646	68	237	5.93e-17	83.6
WP_000845048.1	337	k121_2001979_4	N/A	25.087	82	287	6.85e-17	83.2
WP_000845048.1	337	k121_2094981_1	N/A	29.825	81	285	7.56e-17	82.8
WP_000845048.1	337	k121_1164248_1	N/A	32.273	63	220	9.18e-17	83.2
WP_000845048.1	337	k121_602505_1	N/A	39.355	45	155	9.64e-17	81.6
WP_000845048.1	337	k121_688430_2	N/A	25.000	60	208	1.01e-16	82.0
WP_000845048.1	337	k121_1566230_1	N/A	57.576	20	66	2.10e-16	76.3
WP_000845048.1	337	k121_1557515_2	N/A	26.766	77	269	3.29e-16	80.9
WP_000845048.1	337	k121_2240413_1	N/A	28.372	62	215	3.35e-16	79.3
WP_000845048.1	337	k121_1431225_4	N/A	26.909	78	275	6.03e-16	80.5
WP_000845048.1	337	k121_2100356_18	N/A	30.693	58	202	6.20e-16	80.9
WP_000845048.1	337	k121_1807109_2	N/A	32.014	77	278	7.06e-16	80.1
WP_000845048.1	337	k121_2308428_3	N/A	32.065	54	184	8.79e-16	80.5
WP_000845048.1	337	k121_398600_1	N/A	30.508	53	177	9.16e-16	76.6
WP_000845048.1	337	k121_1744884_2	N/A	26.821	88	302	1.35e-15	79.0
WP_000845048.1	337	k121_1186335_1	N/A	27.742	85	310	1.39e-15	79.0
WP_000845048.1	337	k121_1965559_2	N/A	48.000	22	75	1.46e-15	75.1
WP_000845048.1	337	k121_219831_2	N/A	29.630	69	243	1.46e-15	79.3
WP_000845048.1	337	k121_1182273_1	N/A	28.899	63	218	1.82e-15	77.4
WP_000845048.1	337	k121_342943_4	N/A	30.000	63	230	1.84e-15	79.0
WP_000845048.1	337	k121_380998_2	N/A	30.070	79	286	1.90e-15	78.6
WP_000845048.1	337	k121_1498164_3	N/A	27.841	52	176	2.15e-15	78.6
WP_000845048.1	337	k121_1560469_1	N/A	24.514	76	257	2.19e-15	79.0
WP_000845048.1	337	k121_7439_8	N/A	31.641	72	256	2.22e-15	78.6
WP_000845048.1	337	k121_1394464_3	N/A	25.778	64	225	2.25e-15	78.6
WP_000845048.1	337	k121_932474_1	N/A	56.716	20	67	4.08e-15	72.8
WP_000845048.1	337	k121_1300145_3	N/A	56.716	20	67	4.20e-15	73.2
WP_000845048.1	337	k121_2143483_2	N/A	28.758	84	306	4.21e-15	78.2
WP_000845048.1	337	k121_188582_3	N/A	29.767	62	215	6.56e-15	77.4
WP_000845048.1	337	k121_2154513_2	N/A	35.870	54	184	6.68e-15	74.7
WP_000845048.1	337	k121_1919958_1	N/A	33.516	53	182	7.37e-15	74.7
WP_000845048.1	337	k121_1675343_1	N/A	29.032	63	217	7.53e-15	77.4
WP_000845048.1	337	k121_985946_2	N/A	28.870	68	239	7.64e-15	76.3
WP_000845048.1	337	k121_1118555_5	N/A	32.051	67	234	8.64e-15	77.0
WP_000845048.1	337	k121_55845_1	N/A	28.328	82	293	9.67e-15	77.0
WP_000845048.1	337	k121_2115407_2	N/A	28.846	89	312	1.02e-14	76.6
WP_000845048.1	337	k121_1466336_4	N/A	27.897	63	233	1.21e-14	76.6
WP_000845048.1	337	k121_1574365_2	N/A	29.694	63	229	1.41e-14	76.6
WP_000845048.1	337	k121_937044_2	N/A	50.633	23	79	1.42e-14	72.4
WP_000845048.1	337	k121_358251_9	N/A	30.531	63	226	2.44e-14	75.9
WP_000845048.1	337	k121_1603409_3	N/A	29.204	89	339	2.65e-14	75.9
WP_000845048.1	337	k121_1072076_3	N/A	29.714	52	175	4.67e-14	72.0
WP_000845048.1	337	k121_304236_1	N/A	28.328	82	293	5.45e-14	74.7
WP_000845048.1	337	k121_856432_1	N/A	30.000	87	310	8.50e-14	73.9
WP_000845048.1	337	k121_1953739_2	N/A	28.431	58	204	8.66e-14	72.8
WP_000845048.1	337	k121_1143427_1	N/A	36.478	47	159	1.06e-13	70.1
WP_000845048.1	337	k121_1453007_2	N/A	28.390	64	236	1.38e-13	73.9
WP_000845048.1	337	k121_375238_9	N/A	29.918	71	244	1.42e-13	73.6
WP_000845048.1	337	k121_881487_12	N/A	29.204	64	226	1.64e-13	73.2
WP_000845048.1	337	k121_583656_131	N/A	27.986	83	293	3.12e-13	72.8
WP_000845048.1	337	k121_2168513_2	N/A	28.889	63	225	3.25e-13	72.4
WP_000845048.1	337	k121_894943_2	N/A	32.000	52	175	3.84e-13	70.1
WP_000845048.1	337	k121_2113694_1	N/A	34.940	49	166	4.07e-13	72.0
WP_000845048.1	337	k121_2203684_3	N/A	23.864	75	264	4.13e-13	72.0
WP_000845048.1	337	k121_220735_3	N/A	37.692	38	130	4.60e-13	68.6
WP_000845048.1	337	k121_1391435_1	N/A	26.442	61	208	4.63e-13	70.1
WP_000845048.1	337	k121_157483_3	N/A	24.906	74	265	7.21e-13	71.6
WP_000845048.1	337	k121_1825909_2	N/A	33.186	62	226	7.37e-13	71.6
WP_000845048.1	337	k121_2179703_2	N/A	29.600	69	250	7.54e-13	71.6
WP_000845048.1	337	k121_239993_105	N/A	32.768	53	177	9.16e-13	71.2
WP_000845048.1	337	k121_678740_2	N/A	28.371	93	356	1.00e-12	71.6
WP_000845048.1	337	k121_1274231_5	N/A	27.213	85	305	1.32e-12	70.9
WP_000845048.1	337	k121_2087356_5	N/A	34.463	53	177	1.51e-12	70.5
WP_000845048.1	337	k121_207892_3	N/A	25.776	90	322	1.60e-12	70.9
WP_000845048.1	337	k121_86062_2	N/A	23.649	82	296	1.83e-12	70.5
WP_000845048.1	337	k121_908029_3	N/A	39.583	28	96	2.73e-12	66.2
WP_000845048.1	337	k121_1663012_2	N/A	31.319	54	182	3.12e-12	70.1
WP_000845048.1	337	k121_2298006_2	N/A	30.859	71	256	5.13e-12	68.9
WP_000845048.1	337	k121_625020_1	N/A	27.508	85	309	5.63e-12	68.9
WP_000845048.1	337	k121_1756276_8	N/A	29.333	63	225	7.07e-12	68.6
WP_000845048.1	337	k121_967063_1	N/A	26.855	80	283	9.06e-12	67.8
WP_000845048.1	337	k121_769529_2	N/A	31.217	55	189	2.44e-11	65.5
WP_000845048.1	337	k121_2056393_18	N/A	26.953	71	256	2.61e-11	67.0
WP_000845048.1	337	k121_1431466_1	N/A	30.732	59	205	3.00e-11	65.9
WP_000845048.1	337	k121_926995_6	N/A	34.463	53	177	5.31e-11	65.9
WP_000845048.1	337	k121_1750243_1	N/A	28.261	54	184	5.35e-11	63.9
WP_000845048.1	337	k121_54707_2	N/A	26.027	80	292	5.68e-11	65.9
WP_000845048.1	337	k121_1554589_2	N/A	27.599	77	279	6.01e-11	65.9
WP_000845048.1	337	k121_1300113_201	N/A	27.826	61	230	6.13e-11	65.9
WP_000845048.1	337	k121_1555228_2	N/A	27.778	75	270	6.19e-11	65.9
WP_000845048.1	337	k121_2132126_3	N/A	24.204	85	314	6.65e-11	65.9
WP_000845048.1	337	k121_556671_2	N/A	29.075	64	227	9.54e-11	65.9
WP_000845048.1	337	k121_671330_1	N/A	31.073	53	177	1.01e-10	65.1
WP_000845048.1	337	k121_1779436_2	N/A	29.148	61	223	1.12e-10	65.1
WP_000845048.1	337	k121_324514_4	N/A	31.004	64	229	1.90e-10	64.3
WP_000845048.1	337	k121_649733_12	N/A	28.261	77	276	1.90e-10	64.3
WP_000845048.1	337	k121_967788_1	N/A	29.858	61	211	2.04e-10	64.3
WP_000845048.1	337	k121_1791326_2	N/A	31.250	61	224	2.17e-10	64.3
WP_000845048.1	337	k121_597295_6	N/A	33.146	53	178	2.43e-10	63.9
WP_000845048.1	337	k121_988054_13	N/A	28.155	86	309	2.65e-10	63.9
WP_000845048.1	337	k121_1064224_1	N/A	28.938	77	273	3.72e-10	63.5
WP_000845048.1	337	k121_1071691_1	N/A	31.461	53	178	4.70e-10	62.8
WP_000845048.1	337	k121_962583_1	N/A	28.195	75	266	4.75e-10	62.8
WP_000845048.1	337	k121_1871820_2	N/A	22.222	60	207	5.63e-10	62.0
WP_000845048.1	337	k121_783478_3	N/A	26.480	86	321	6.21e-10	63.2
WP_000845048.1	337	k121_886407_5	N/A	29.208	59	202	6.37e-10	62.4
WP_000845048.1	337	k121_1889713_2	N/A	26.766	78	269	6.55e-10	62.8
WP_000845048.1	337	k121_2087111_24	N/A	26.316	61	228	7.25e-10	62.8
WP_000845048.1	337	k121_197015_1	N/A	28.750	88	320	8.42e-10	62.8
WP_000845048.1	337	k121_657920_2	N/A	28.497	55	193	1.05e-09	61.2
WP_000845048.1	337	k121_1294284_6	N/A	23.549	83	293	1.35e-09	61.6
WP_000845048.1	337	k121_928260_1	N/A	28.788	75	264	1.68e-09	61.6
WP_000845048.1	337	k121_948495_1	N/A	28.649	55	185	1.78e-09	60.1
WP_000845048.1	337	k121_1483721_4	N/A	27.397	81	292	1.98e-09	60.8
WP_000845048.1	337	k121_143762_13	N/A	26.540	63	211	2.81e-09	61.2
WP_000845048.1	337	k121_2245437_2	N/A	30.270	53	185	3.47e-09	60.5
WP_000845048.1	337	k121_430149_2	N/A	26.217	75	267	4.98e-09	60.5
WP_000845048.1	337	k121_1490428_2	N/A	26.280	85	293	6.23e-09	60.1
WP_000845048.1	337	k121_1775949_2	N/A	27.753	64	227	8.67e-09	59.7
WP_000845048.1	337	k121_33485_1	N/A	26.364	64	220	1.03e-08	58.2
WP_000845048.1	337	k121_264649_2	N/A	39.080	24	87	1.33e-08	58.2
WP_000845048.1	337	k121_2088006_5	N/A	24.719	74	267	1.66e-08	58.5
WP_000845048.1	337	k121_2219964_1	N/A	29.557	59	203	2.02e-08	57.8
WP_000845048.1	337	k121_743857_6	N/A	30.270	53	185	2.17e-08	58.5
WP_000845048.1	337	k121_185997_9	N/A	29.097	84	299	2.53e-08	58.2
WP_000845048.1	337	k121_1603771_2	N/A	27.372	74	274	2.55e-08	57.8
WP_000845048.1	337	k121_1926868_2	N/A	26.460	84	291	2.87e-08	57.8
WP_000845048.1	337	k121_1092726_2	N/A	28.938	76	273	2.93e-08	57.8
WP_000845048.1	337	k121_163024_2	N/A	27.365	84	296	4.81e-08	57.4
WP_000845048.1	337	k121_1083470_1	N/A	44.118	20	68	5.12e-08	55.1
WP_000845048.1	337	k121_1885694_1	N/A	27.645	82	293	5.41e-08	57.0
WP_000845048.1	337	k121_1924222_2	N/A	32.877	38	146	5.54e-08	56.2
WP_000845048.1	337	k121_911641_3	N/A	39.535	25	86	8.63e-08	54.3
WP_000845048.1	337	k121_967326_1	N/A	29.614	59	233	8.85e-08	56.2
WP_000845048.1	337	k121_1828694_2	N/A	24.776	92	335	9.76e-08	56.2
WP_000845048.1	337	k121_1504397_1	N/A	26.667	60	210	1.24e-07	55.1
WP_000845048.1	337	k121_970620_1	N/A	27.982	58	218	1.33e-07	55.8
WP_000845048.1	337	k121_1379891_3	N/A	24.818	76	274	1.38e-07	55.8
WP_000845048.1	337	k121_231672_3	N/A	26.740	77	273	1.57e-07	55.8
WP_000845048.1	337	k121_811269_2	N/A	24.057	62	212	2.02e-07	54.7
WP_000845048.1	337	k121_367770_1	N/A	36.538	30	104	2.03e-07	54.7
WP_000845048.1	337	k121_1632598_3	N/A	26.132	82	287	2.60e-07	55.1
WP_000845048.1	337	k121_957040_3	N/A	21.875	63	224	3.37e-07	53.9
WP_000845048.1	337	k121_82513_3	N/A	25.862	82	290	4.25e-07	54.7
WP_000845048.1	337	k121_83217_5	N/A	26.282	43	156	4.64e-07	53.1
WP_000845048.1	337	k121_1767818_4	N/A	26.481	81	287	5.21e-07	54.3
WP_000845048.1	337	k121_297312_1	N/A	26.792	75	265	5.42e-07	53.9
WP_000845048.1	337	k121_986166_1	N/A	27.962	61	211	6.43e-07	53.1
WP_000845048.1	337	k121_2267216_3	N/A	27.315	63	216	1.12e-06	53.1
WP_000845048.1	337	k121_928260_3	N/A	23.171	92	328	1.71e-06	52.8
WP_000845048.1	337	k121_1446729_1	N/A	27.751	59	209	2.37e-06	52.4
WP_000845048.1	337	k121_1302692_2	N/A	34.091	26	88	2.47e-06	52.4
WP_000845048.1	337	k121_2057373_2	N/A	25.368	78	272	2.63e-06	52.4
WP_000845048.1	337	k121_1853678_2	N/A	28.492	51	179	2.69e-06	51.2
WP_000845048.1	337	k121_79381_3	N/A	22.535	81	284	2.93e-06	51.2
WP_000845048.1	337	k121_653068_2	N/A	26.961	55	204	3.01e-06	50.8
WP_000845048.1	337	k121_1092726_4	N/A	29.213	53	178	3.07e-06	52.0
WP_000845048.1	337	k121_132141_2	N/A	29.167	54	192	3.17e-06	51.6
WP_000845048.1	337	k121_1379891_4	N/A	26.389	38	144	3.42e-06	51.2
WP_000845048.1	337	k121_1294293_5	N/A	27.152	83	302	3.72e-06	51.6
WP_000845048.1	337	k121_1479890_1	N/A	26.203	54	187	4.74e-06	50.1
WP_000845048.1	337	k121_2263421_1	N/A	25.830	75	271	4.82e-06	50.8
WP_000845048.1	337	k121_391592_1	N/A	25.926	83	297	6.23e-06	50.8
WP_000845048.1	337	k121_1301926_1	N/A	28.249	51	177	6.58e-06	48.5
WP_000845048.1	337	k121_1445868_1	N/A	36.047	25	86	6.74e-06	48.9
WP_000845048.1	337	k121_153094_1	N/A	30.392	59	204	9.84e-06	50.4
WP_000845048.1	337	k121_469053_1	N/A	21.053	71	247	1.08e-05	49.7
WP_000845048.1	337	k121_949263_2	N/A	28.378	60	222	1.11e-05	50.1
WP_000845048.1	337	k121_259159_2	N/A	26.437	51	174	1.24e-05	48.1
WP_000845048.1	337	k121_5118_3	N/A	23.308	75	266	1.42e-05	49.7
WP_000845048.1	337	k121_1378373_1	N/A	26.531	74	294	1.47e-05	49.3
WP_000845048.1	337	k121_1988550_1	N/A	32.877	21	73	1.48e-05	49.3
WP_000845048.1	337	k121_1452773_2	N/A	27.090	74	299	1.65e-05	50.1
WP_000845048.1	337	k121_1893857_2	N/A	27.568	47	185	1.84e-05	48.5
WP_000845048.1	337	k121_510634_2	N/A	26.531	70	245	1.97e-05	48.9
WP_000845048.1	337	k121_614821_1	N/A	25.862	74	290	2.17e-05	49.7
WP_000845048.1	337	k121_299760_9	N/A	26.644	77	289	2.37e-05	48.9
WP_000845048.1	337	k121_1086350_1	N/A	25.405	55	185	2.66e-05	48.5
WP_000845048.1	337	k121_902276_1	N/A	26.103	77	272	2.77e-05	48.9
WP_000845048.1	337	k121_809513_1	N/A	30.939	47	181	2.77e-05	48.5
WP_000845048.1	337	k121_761944_4	N/A	20.500	59	200	4.01e-05	47.0
WP_000845048.1	337	k121_959237_2	N/A	24.444	76	270	4.13e-05	48.1
WP_000845048.1	337	k121_1509677_2	N/A	33.588	36	131	4.20e-05	47.0
WP_000845048.1	337	k121_1908215_2	N/A	25.424	66	236	4.28e-05	47.8
WP_000845048.1	337	k121_1737880_1	N/A	26.962	74	293	4.46e-05	48.1
WP_000845048.1	337	k121_1897003_4	N/A	26.148	79	283	4.73e-05	48.1
WP_000845048.1	337	k121_182776_1	N/A	26.263	82	297	5.27e-05	47.8
WP_000845048.1	337	k121_1843277_1	N/A	24.916	82	297	5.42e-05	47.8
WP_000845048.1	337	k121_1398185_1	N/A	32.710	27	107	5.53e-05	48.1
WP_000845048.1	337	k121_1675324_2	N/A	41.176	20	68	5.64e-05	47.8
WP_000845048.1	337	k121_2117758_1	N/A	23.715	72	253	6.21e-05	47.8
WP_000845048.1	337	k121_1423749_2	N/A	34.454	32	119	6.22e-05	47.0
WP_000845048.1	337	k121_1182443_1	N/A	29.197	37	137	6.44e-05	46.2
WP_000845048.1	337	k121_5118_2	N/A	25.228	86	329	6.81e-05	47.4
WP_000845048.1	337	k121_2293391_1	N/A	28.796	54	191	7.53e-05	47.8
WP_000845048.1	337	k121_866772_2	N/A	25.118	59	211	7.55e-05	47.4
WP_000845048.1	337	k121_2130899_1	N/A	24.545	64	220	7.96e-05	47.0
WP_000845048.1	337	k121_866772_3	N/A	22.500	78	280	8.98e-05	47.4
WP_000845048.1	337	k121_1125187_1	N/A	24.044	53	183	1.22e-04	47.0
WP_000845048.1	337	k121_1071555_2	N/A	27.041	54	196	1.25e-04	47.4
WP_000845048.1	337	k121_742975_3	N/A	27.604	51	192	1.37e-04	47.0
WP_000845048.1	337	k121_123638_1	N/A	25.685	80	292	1.41e-04	46.6
WP_000845048.1	337	k121_766628_3	N/A	38.806	20	67	1.72e-04	46.6
WP_000845048.1	337	k121_1885694_2	N/A	36.232	20	69	1.74e-04	47.0
WP_000845048.1	337	k121_429550_1	N/A	35.616	21	73	1.76e-04	44.3
WP_000845048.1	337	k121_366456_2	N/A	31.507	21	73	1.80e-04	46.2
WP_000845048.1	337	k121_448443_2	N/A	25.926	55	189	1.86e-04	46.2
WP_000845048.1	337	k121_1513910_3	N/A	35.135	20	74	1.87e-04	44.3
WP_000845048.1	337	k121_1767818_2	N/A	30.070	39	143	2.00e-04	46.2
WP_000845048.1	337	k121_1283434_1	N/A	26.738	55	187	3.01e-04	43.5
WP_000845048.1	337	k121_1856477_2	N/A	26.271	65	236	3.86e-04	45.1
WP_000845048.1	337	k121_690099_2	N/A	29.008	33	131	3.95e-04	44.7
WP_000845048.1	337	k121_967905_1	N/A	27.805	56	205	3.98e-04	45.4
WP_000845048.1	337	k121_366469_2	N/A	30.137	21	73	5.90e-04	44.3
WP_000845048.1	337	k121_206254_2	N/A	32.558	24	86	6.09e-04	42.7
WP_000845048.1	337	k121_375346_2	N/A	24.662	82	296	6.62e-04	44.7
WP_000845048.1	337	k121_2255509_2	N/A	25.839	85	298	6.78e-04	44.3
WP_000845048.1	337	k121_1513910_1	N/A	28.205	43	156	7.03e-04	43.9
WP_000845048.1	337	k121_235600_2	N/A	26.573	40	143	7.06e-04	43.5
WP_000845048.1	337	k121_1039104_1	N/A	26.486	54	185	7.36e-04	43.5
WP_000845048.1	337	k121_1508353_1	N/A	32.298	43	161	7.52e-04	43.5
WP_000845048.1	337	k121_1511705_3	N/A	31.792	46	173	7.55e-04	43.9
WP_000845048.1	337	k121_556530_1	N/A	23.923	59	209	7.78e-04	44.3
WP_000845048.1	337	k121_1249323_1	N/A	27.604	54	192	8.08e-04	43.5
WP_000845048.1	337	k121_1558485_2	N/A	33.766	23	77	0.001	44.3
WP_000845048.1	337	k121_1652358_4	N/A	26.705	52	176	0.001	43.5
WP_000845048.1	337	k121_1225936_11	N/A	23.295	52	176	0.002	43.5
WP_000845048.1	337	k121_1379938_3	N/A	30.216	35	139	0.002	42.4
WP_000845048.1	337	k121_1815293_1	N/A	39.759	21	83	0.002	42.4
WP_000845048.1	337	k121_1101922_1	N/A	27.074	62	229	0.002	43.1
WP_000845048.1	337	k121_358251_3	N/A	32.292	27	96	0.002	40.8
WP_000845048.1	337	k121_747353_1	N/A	25.683	49	183	0.002	42.7
WP_000845048.1	337	k121_1722078_1	N/A	24.432	52	176	0.002	43.1
WP_000845048.1	337	k121_1817609_1	N/A	23.392	51	171	0.002	40.8
WP_000845048.1	337	k121_2005060_4	N/A	25.000	52	176	0.002	43.1
WP_000845048.1	337	k121_2240753_3	N/A	34.615	30	104	0.003	41.6
WP_000845048.1	337	k121_1465937_3	N/A	34.821	30	112	0.003	42.4
WP_000845048.1	337	k121_1931409_2	N/A	25.316	43	158	0.003	42.4
WP_000845048.1	337	k121_2039388_12	N/A	26.180	68	233	0.003	42.7
WP_000845048.1	337	k121_2245521_2	N/A	23.774	75	265	0.003	42.4
WP_000845048.1	337	k121_2059556_21	N/A	24.859	52	177	0.003	42.4
WP_000845048.1	337	k121_710010_1	N/A	36.842	20	76	0.004	42.4
WP_000845048.1	337	k121_427029_1	N/A	34.615	28	104	0.004	41.2
WP_000845048.1	337	k121_822488_1	N/A	31.429	45	175	0.004	41.2
WP_000845048.1	337	k121_1019652_2	N/A	27.711	42	166	0.004	41.2
WP_000845048.1	337	k121_179435_3	N/A	24.528	88	318	0.005	42.0
WP_000845048.1	337	k121_179435_1	N/A	27.711	48	166	0.005	42.0
WP_000845048.1	337	k121_1664484_1	N/A	35.294	20	68	0.005	41.6
WP_000845048.1	337	k121_2226403_2	N/A	27.972	37	143	0.005	42.0
WP_000845048.1	337	k121_831535_1	N/A	28.977	52	176	0.005	42.0
WP_000845048.1	337	k121_1925597_4	N/A	32.609	24	92	0.006	39.7
WP_000845048.1	337	k121_19177_2	N/A	31.707	23	82	0.006	40.8
WP_000845048.1	337	k121_609828_6	N/A	34.722	21	72	0.007	41.6
WP_000845048.1	337	k121_1775457_4	N/A	26.214	29	103	0.007	40.8
WP_000845048.1	337	k121_2159717_2	N/A	25.664	31	113	0.007	40.4
WP_000845048.1	337	k121_1490428_3	N/A	29.808	28	104	0.007	41.2
WP_000845048.1	337	k121_179435_2	N/A	34.259	29	108	0.008	40.8
WP_000845048.1	337	k121_71479_2	N/A	29.054	37	148	0.009	40.8
WP_000845048.1	337	k121_779370_1	N/A	30.519	43	154	0.010	40.8
WP_000845048.1	337	k121_670702_16	N/A	34.940	24	83	0.011	40.8
WP_000845048.1	337	k121_1843275_1	N/A	28.049	44	164	0.012	39.3
