SadA_ref|WP_036299419.1|:1-399	399	k121_46739_1	N/A	43.689	52	206	4.38e-56	187
SadA_ref|WP_036299419.1|:1-399	399	k121_14894_2	N/A	30.026	95	383	1.01e-51	181
SadA_ref|WP_036299419.1|:1-399	399	k121_728031_2	N/A	31.271	73	291	1.37e-44	159
SadA_ref|WP_036299419.1|:1-399	399	k121_1097379_2	N/A	28.012	83	332	4.11e-44	161
SadA_ref|WP_036299419.1|:1-399	399	k121_1254037_8	N/A	28.022	90	364	8.36e-42	155
SadA_ref|WP_036299419.1|:1-399	399	k121_1646314_14	N/A	26.598	97	391	1.51e-40	152
SadA_ref|WP_036299419.1|:1-399	399	k121_1071777_2	N/A	27.273	91	374	2.19e-40	150
SadA_ref|WP_036299419.1|:1-399	399	k121_787857_2	N/A	30.769	66	273	2.31e-39	147
SadA_ref|WP_036299419.1|:1-399	399	k121_958665_3	N/A	27.528	88	356	7.41e-38	143
SadA_ref|WP_036299419.1|:1-399	399	k121_665798_1	N/A	34.286	53	210	1.82e-37	139
SadA_ref|WP_036299419.1|:1-399	399	k121_1474016_2	N/A	32.203	59	236	9.14e-37	141
SadA_ref|WP_036299419.1|:1-399	399	k121_1549079_21	N/A	28.520	68	277	4.79e-34	134
SadA_ref|WP_036299419.1|:1-399	399	k121_1449534_1	N/A	34.483	51	203	2.25e-33	127
SadA_ref|WP_036299419.1|:1-399	399	k121_537526_3	N/A	26.005	92	373	8.46e-33	130
SadA_ref|WP_036299419.1|:1-399	399	k121_960927_1	N/A	31.169	56	231	1.23e-32	127
SadA_ref|WP_036299419.1|:1-399	399	k121_1559309_22	N/A	28.814	58	236	1.99e-31	127
SadA_ref|WP_036299419.1|:1-399	399	k121_1217293_1	N/A	32.558	54	215	4.25e-31	121
SadA_ref|WP_036299419.1|:1-399	399	k121_1400842_1	N/A	31.795	49	195	7.89e-30	118
SadA_ref|WP_036299419.1|:1-399	399	k121_720449_2	N/A	29.961	63	257	3.38e-29	118
SadA_ref|WP_036299419.1|:1-399	399	k121_1406313_1	N/A	29.302	54	215	2.04e-27	112
SadA_ref|WP_036299419.1|:1-399	399	k121_282226_1	N/A	31.609	43	174	2.73e-27	110
SadA_ref|WP_036299419.1|:1-399	399	k121_366760_2	N/A	44.800	31	125	2.52e-26	106
SadA_ref|WP_036299419.1|:1-399	399	k121_366015_27	N/A	27.551	97	392	7.60e-26	111
SadA_ref|WP_036299419.1|:1-399	399	k121_1596600_1	N/A	34.028	36	144	2.26e-24	102
SadA_ref|WP_036299419.1|:1-399	399	k121_992680_1	N/A	29.091	68	275	2.57e-24	105
SadA_ref|WP_036299419.1|:1-399	399	k121_957276_1	N/A	33.333	44	177	3.43e-24	102
SadA_ref|WP_036299419.1|:1-399	399	k121_180646_3	N/A	34.028	36	144	3.68e-24	101
SadA_ref|WP_036299419.1|:1-399	399	k121_1016075_1	N/A	24.791	89	359	8.34e-24	105
SadA_ref|WP_036299419.1|:1-399	399	k121_219277_1	N/A	34.969	41	163	4.04e-23	98.6
SadA_ref|WP_036299419.1|:1-399	399	k121_59626_1	N/A	34.043	35	141	9.21e-23	99.0
SadA_ref|WP_036299419.1|:1-399	399	k121_1050796_1	N/A	32.192	37	146	1.92e-21	94.0
SadA_ref|WP_036299419.1|:1-399	399	k121_682220_1	N/A	33.939	41	165	2.07e-21	94.0
SadA_ref|WP_036299419.1|:1-399	399	k121_917956_1	N/A	25.797	85	345	3.87e-21	97.4
SadA_ref|WP_036299419.1|:1-399	399	k121_967084_11	N/A	24.685	98	397	3.22e-20	95.5
SadA_ref|WP_036299419.1|:1-399	399	k121_1610571_2	N/A	33.537	41	164	3.81e-20	94.0
SadA_ref|WP_036299419.1|:1-399	399	k121_950015_1	N/A	35.652	29	115	4.44e-19	86.3
SadA_ref|WP_036299419.1|:1-399	399	k121_637470_1	N/A	27.869	46	183	7.31e-19	88.2
SadA_ref|WP_036299419.1|:1-399	399	k121_649610_11	N/A	23.219	93	379	2.60e-18	90.1
SadA_ref|WP_036299419.1|:1-399	399	k121_235880_1	N/A	26.368	50	201	2.22e-17	84.3
SadA_ref|WP_036299419.1|:1-399	399	k121_36204_1	N/A	32.800	31	125	1.92e-15	77.4
SadA_ref|WP_036299419.1|:1-399	399	k121_600231_1	N/A	27.650	50	217	2.95e-15	78.6
SadA_ref|WP_036299419.1|:1-399	399	k121_429871_4	N/A	31.447	39	159	4.30e-15	76.6
SadA_ref|WP_036299419.1|:1-399	399	k121_1547426_3	N/A	24.311	93	399	2.00e-14	78.6
SadA_ref|WP_036299419.1|:1-399	399	k121_1080708_1	N/A	25.935	94	401	3.76e-13	74.7
SadA_ref|WP_036299419.1|:1-399	399	k121_97944_36	N/A	23.120	89	359	4.11e-13	74.3
SadA_ref|WP_036299419.1|:1-399	399	k121_382424_1	N/A	33.065	31	124	5.79e-13	70.1
SadA_ref|WP_036299419.1|:1-399	399	k121_761946_1	N/A	27.957	44	186	5.94e-13	70.5
SadA_ref|WP_036299419.1|:1-399	399	k121_779789_2	N/A	23.248	76	314	2.43e-12	71.2
SadA_ref|WP_036299419.1|:1-399	399	k121_684672_1	N/A	25.974	58	231	5.67e-11	66.2
SadA_ref|WP_036299419.1|:1-399	399	k121_724466_1	N/A	24.535	64	269	6.79e-11	67.0
SadA_ref|WP_036299419.1|:1-399	399	k121_1087747_1	N/A	25.381	49	197	1.05e-09	62.4
SadA_ref|WP_036299419.1|:1-399	399	k121_587112_1	N/A	26.289	46	194	1.52e-09	61.2
SadA_ref|WP_036299419.1|:1-399	399	k121_472818_2	N/A	25.862	29	116	2.09e-09	59.3
SadA_ref|WP_036299419.1|:1-399	399	k121_1663714_2	N/A	25.974	39	154	2.33e-09	59.7
SadA_ref|WP_036299419.1|:1-399	399	k121_1433510_1	N/A	28.910	51	211	8.59e-09	59.3
SadA_ref|WP_036299419.1|:1-399	399	k121_941319_1	N/A	32.673	25	101	3.88e-08	55.5
SadA_ref|WP_036299419.1|:1-399	399	k121_1085793_1	N/A	24.000	91	400	7.87e-08	58.2
SadA_ref|WP_036299419.1|:1-399	399	k121_603129_1	N/A	22.353	43	170	1.19e-07	55.1
SadA_ref|WP_036299419.1|:1-399	399	k121_1581585_1	N/A	24.862	43	181	6.26e-07	53.1
SadA_ref|WP_036299419.1|:1-399	399	k121_1417062_1	N/A	23.958	46	192	1.64e-06	52.8
SadA_ref|WP_036299419.1|:1-399	399	k121_1398070_1	N/A	26.400	30	125	2.70e-06	51.2
SadA_ref|WP_036299419.1|:1-399	399	k121_680445_3	N/A	20.888	88	383	8.21e-06	51.6
SadA_ref|WP_036299419.1|:1-399	399	k121_1241281_1	N/A	26.792	64	265	2.10e-05	50.1
SadA_ref|WP_036299419.1|:1-399	399	k121_1603796_1	N/A	25.191	33	131	2.41e-05	48.5
SadA_ref|WP_036299419.1|:1-399	399	k121_1390445_1	N/A	30.657	34	137	2.60e-05	47.8
SadA_ref|WP_036299419.1|:1-399	399	k121_1027637_1	N/A	27.119	43	177	9.07e-05	48.5
SadA_ref|WP_036299419.1|:1-399	399	k121_1537073_3	N/A	31.034	29	116	1.48e-04	45.4
SadA_ref|WP_036299419.1|:1-399	399	k121_71799_1	N/A	22.222	43	171	2.15e-04	45.8
SadA_ref|WP_036299419.1|:1-399	399	k121_1208308_2	N/A	24.044	83	366	7.82e-04	45.4
SadA_ref|WP_036299419.1|:1-399	399	k121_1138788_1	N/A	23.944	52	213	8.45e-04	44.7
SadA_ref|WP_036299419.1|:1-399	399	k121_1627843_1	N/A	27.805	47	205	0.001	43.9
SadA_ref|WP_036299419.1|:1-399	399	k121_876042_3	N/A	21.788	85	358	0.001	44.7
SadA_ref|WP_036299419.1|:1-399	399	k121_1392638_1	N/A	29.762	21	84	0.002	42.0
SadA_ref|WP_036299419.1|:1-399	399	k121_818004_1	N/A	25.581	30	129	0.002	42.0
SadA_ref|WP_036299419.1|:1-399	399	k121_141458_1	N/A	28.931	33	159	0.002	42.7
SadA_ref|WP_036299419.1|:1-399	399	k121_1360497_2	N/A	25.366	51	205	0.002	43.5
SadA_ref|WP_036299419.1|:1-399	399	k121_61125_1	N/A	26.772	32	127	0.003	42.4
SadA_ref|WP_036299419.1|:1-399	399	k121_1283705_2	N/A	30.952	21	84	0.004	42.0
SadA_ref|WP_036299419.1|:1-399	399	k121_1367365_1	N/A	23.361	60	244	0.005	42.7
SadA_ref|WP_036299419.1|:1-399	399	k121_255899_1	N/A	29.762	21	84	0.005	40.4
SadA_ref|WP_036299419.1|:1-399	399	k121_1374130_3	N/A	21.340	92	403	0.009	42.4
SadA_ref|WP_036299419.1|:1-399	399	k121_1271673_1	N/A	24.121	47	199	0.012	41.2
SadA_ref|WP_036299419.1|:1-399	399	k121_1451913_1	N/A	32.632	23	95	0.012	40.8
SadA_ref|WP_036299419.1|:1-399	399	k121_406727_135	N/A	23.789	51	227	0.018	41.2
SadA_ref|WP_036299419.1|:1-399	399	k121_455010_1	N/A	23.626	45	182	0.023	40.4
SadA_ref|WP_036299419.1|:1-399	399	k121_759144_1	N/A	25.000	38	156	0.031	39.3
SadA_ref|WP_036299419.1|:1-399	399	k121_605694_2	N/A	22.193	86	374	0.034	40.4
SadA_ref|WP_036299419.1|:1-399	399	k121_1333916_1	N/A	27.907	22	86	0.037	40.0
SadA_ref|WP_036299419.1|:1-399	399	k121_357567_1	N/A	33.696	23	92	0.047	37.7
SadA_ref|WP_036299419.1|:1-399	399	k121_425123_29	N/A	23.618	48	199	0.052	39.7
SadA_ref|WP_036299419.1|:1-399	399	k121_155709_1	N/A	24.859	41	177	0.059	38.9
SadA_ref|WP_036299419.1|:1-399	399	k121_624511_2	N/A	24.731	23	93	0.071	37.4
SadB_ref|WP_100812327.1|:1-423	423	k121_46739_1	N/A	44.608	48	204	3.73e-55	185
SadB_ref|WP_100812327.1|:1-423	423	k121_1646314_14	N/A	28.162	97	419	2.31e-47	171
SadB_ref|WP_100812327.1|:1-423	423	k121_1071777_2	N/A	28.534	89	382	1.23e-43	160
SadB_ref|WP_100812327.1|:1-423	423	k121_1474016_2	N/A	27.248	85	367	5.62e-40	150
SadB_ref|WP_100812327.1|:1-423	423	k121_958665_3	N/A	27.577	83	359	3.38e-39	147
SadB_ref|WP_100812327.1|:1-423	423	k121_1097379_2	N/A	29.589	85	365	5.39e-39	148
SadB_ref|WP_100812327.1|:1-423	423	k121_14894_2	N/A	27.047	92	403	1.30e-38	147
SadB_ref|WP_100812327.1|:1-423	423	k121_728031_2	N/A	29.392	69	296	2.24e-35	135
SadB_ref|WP_100812327.1|:1-423	423	k121_957276_1	N/A	39.344	43	183	2.38e-35	133
SadB_ref|WP_100812327.1|:1-423	423	k121_1549079_21	N/A	25.203	85	369	4.81e-35	137
SadB_ref|WP_100812327.1|:1-423	423	k121_787857_2	N/A	29.836	70	305	7.98e-35	135
SadB_ref|WP_100812327.1|:1-423	423	k121_1254037_8	N/A	27.095	82	358	3.91e-34	135
SadB_ref|WP_100812327.1|:1-423	423	k121_917956_1	N/A	28.653	81	349	3.98e-33	131
SadB_ref|WP_100812327.1|:1-423	423	k121_537526_3	N/A	28.169	83	355	9.88e-32	128
SadB_ref|WP_100812327.1|:1-423	423	k121_1400842_1	N/A	35.025	46	197	1.26e-31	124
SadB_ref|WP_100812327.1|:1-423	423	k121_960927_1	N/A	30.000	58	250	2.22e-31	124
SadB_ref|WP_100812327.1|:1-423	423	k121_992680_1	N/A	33.981	49	206	9.83e-31	123
SadB_ref|WP_100812327.1|:1-423	423	k121_665798_1	N/A	32.178	47	202	4.14e-30	119
SadB_ref|WP_100812327.1|:1-423	423	k121_1449534_1	N/A	33.862	45	189	1.47e-29	117
SadB_ref|WP_100812327.1|:1-423	423	k121_1217293_1	N/A	31.651	51	218	1.32e-28	115
SadB_ref|WP_100812327.1|:1-423	423	k121_720449_2	N/A	28.340	58	247	2.82e-28	116
SadB_ref|WP_100812327.1|:1-423	423	k121_649610_11	N/A	26.250	90	400	6.06e-28	118
SadB_ref|WP_100812327.1|:1-423	423	k121_967084_11	N/A	26.615	90	387	7.29e-28	117
SadB_ref|WP_100812327.1|:1-423	423	k121_282226_1	N/A	34.270	41	178	1.02e-27	111
SadB_ref|WP_100812327.1|:1-423	423	k121_366015_27	N/A	27.411	91	394	3.04e-27	115
SadB_ref|WP_100812327.1|:1-423	423	k121_1559309_22	N/A	24.728	85	368	7.18e-27	115
SadB_ref|WP_100812327.1|:1-423	423	k121_682220_1	N/A	38.922	39	167	1.68e-26	108
SadB_ref|WP_100812327.1|:1-423	423	k121_1016075_1	N/A	28.313	76	332	7.68e-26	111
SadB_ref|WP_100812327.1|:1-423	423	k121_1406313_1	N/A	34.052	54	232	8.27e-25	105
SadB_ref|WP_100812327.1|:1-423	423	k121_59626_1	N/A	33.173	48	208	4.73e-24	102
SadB_ref|WP_100812327.1|:1-423	423	k121_366760_2	N/A	39.695	31	131	2.68e-23	98.6
SadB_ref|WP_100812327.1|:1-423	423	k121_180646_3	N/A	32.237	36	152	2.29e-22	96.7
SadB_ref|WP_100812327.1|:1-423	423	k121_429871_4	N/A	37.086	36	151	1.48e-21	95.1
SadB_ref|WP_100812327.1|:1-423	423	k121_382424_1	N/A	35.659	30	129	1.50e-21	94.4
SadB_ref|WP_100812327.1|:1-423	423	k121_950015_1	N/A	34.821	26	112	3.26e-21	92.4
SadB_ref|WP_100812327.1|:1-423	423	k121_1596600_1	N/A	32.484	37	157	5.56e-21	93.2
SadB_ref|WP_100812327.1|:1-423	423	k121_1610571_2	N/A	26.389	66	288	7.41e-20	93.2
SadB_ref|WP_100812327.1|:1-423	423	k121_1050796_1	N/A	30.247	38	162	1.16e-19	89.4
SadB_ref|WP_100812327.1|:1-423	423	k121_1547426_3	N/A	23.833	90	407	2.71e-19	93.2
SadB_ref|WP_100812327.1|:1-423	423	k121_600231_1	N/A	30.472	51	233	2.30e-18	87.8
SadB_ref|WP_100812327.1|:1-423	423	k121_36204_1	N/A	34.395	36	157	3.39e-18	85.5
SadB_ref|WP_100812327.1|:1-423	423	k121_97944_36	N/A	23.969	91	388	3.42e-18	89.7
SadB_ref|WP_100812327.1|:1-423	423	k121_1080708_1	N/A	26.329	90	414	3.93e-17	87.0
SadB_ref|WP_100812327.1|:1-423	423	k121_65643_4	N/A	25.132	82	378	5.13e-17	86.7
SadB_ref|WP_100812327.1|:1-423	423	k121_235880_1	N/A	27.638	47	199	7.07e-17	82.8
SadB_ref|WP_100812327.1|:1-423	423	k121_219277_1	N/A	32.738	39	168	2.71e-16	80.1
SadB_ref|WP_100812327.1|:1-423	423	k121_1085793_1	N/A	28.671	91	429	6.10e-16	83.2
SadB_ref|WP_100812327.1|:1-423	423	k121_637470_1	N/A	29.189	43	185	7.39e-16	79.7
SadB_ref|WP_100812327.1|:1-423	423	k121_1462895_2	N/A	26.741	77	359	1.48e-14	79.0
SadB_ref|WP_100812327.1|:1-423	423	k121_761946_1	N/A	28.962	41	183	1.92e-14	75.1
SadB_ref|WP_100812327.1|:1-423	423	k121_941319_1	N/A	34.000	24	100	1.93e-14	73.6
SadB_ref|WP_100812327.1|:1-423	423	k121_605694_2	N/A	25.661	81	378	3.96e-14	77.8
SadB_ref|WP_100812327.1|:1-423	423	k121_779789_2	N/A	22.403	71	308	3.49e-13	73.9
SadB_ref|WP_100812327.1|:1-423	423	k121_587112_1	N/A	31.724	31	145	6.10e-13	71.2
SadB_ref|WP_100812327.1|:1-423	423	k121_603129_1	N/A	28.902	41	173	3.59e-12	68.2
SadB_ref|WP_100812327.1|:1-423	423	k121_680445_3	N/A	25.284	76	352	5.57e-12	70.9
SadB_ref|WP_100812327.1|:1-423	423	k121_684672_1	N/A	29.437	54	231	3.60e-11	67.0
SadB_ref|WP_100812327.1|:1-423	423	k121_724466_1	N/A	25.817	67	306	3.67e-11	67.8
SadB_ref|WP_100812327.1|:1-423	423	k121_1663714_2	N/A	28.571	38	161	3.96e-11	65.1
SadB_ref|WP_100812327.1|:1-423	423	k121_759144_1	N/A	28.302	37	159	4.54e-11	65.1
SadB_ref|WP_100812327.1|:1-423	423	k121_1318558_1	N/A	27.891	60	294	6.89e-11	67.8
SadB_ref|WP_100812327.1|:1-423	423	k121_1581585_1	N/A	27.174	41	184	7.00e-11	65.1
SadB_ref|WP_100812327.1|:1-423	423	k121_1241281_1	N/A	26.866	60	268	1.06e-10	65.9
SadB_ref|WP_100812327.1|:1-423	423	k121_100455_1	N/A	28.475	60	295	4.32e-10	65.1
SadB_ref|WP_100812327.1|:1-423	423	k121_71799_1	N/A	29.143	41	175	1.79e-09	60.8
SadB_ref|WP_100812327.1|:1-423	423	k121_1087747_1	N/A	25.778	52	225	3.17e-09	60.8
SadB_ref|WP_100812327.1|:1-423	423	k121_472818_2	N/A	28.846	25	104	6.54e-09	58.2
SadB_ref|WP_100812327.1|:1-423	423	k121_1537073_3	N/A	28.030	31	132	4.77e-08	55.8
SadB_ref|WP_100812327.1|:1-423	423	k121_1208308_2	N/A	24.234	77	359	8.68e-08	57.8
SadB_ref|WP_100812327.1|:1-423	423	k121_1367365_1	N/A	26.613	57	248	1.11e-07	57.0
SadB_ref|WP_100812327.1|:1-423	423	k121_1398070_1	N/A	32.609	20	92	1.52e-07	55.1
SadB_ref|WP_100812327.1|:1-423	423	k121_818004_1	N/A	33.835	29	133	2.00e-07	53.5
SadB_ref|WP_100812327.1|:1-423	423	k121_1417062_1	N/A	24.272	47	206	4.33e-07	54.7
SadB_ref|WP_100812327.1|:1-423	423	k121_1603796_1	N/A	28.481	35	158	7.94e-07	53.1
SadB_ref|WP_100812327.1|:1-423	423	k121_667945_1	N/A	32.000	23	100	4.28e-06	49.3
SadB_ref|WP_100812327.1|:1-423	423	k121_1433510_1	N/A	26.512	49	215	5.06e-06	51.2
SadB_ref|WP_100812327.1|:1-423	423	k121_61125_1	N/A	27.517	34	149	5.38e-06	50.4
SadB_ref|WP_100812327.1|:1-423	423	k121_1627843_1	N/A	26.829	44	205	1.89e-05	49.7
SadB_ref|WP_100812327.1|:1-423	423	k121_1330929_1	N/A	30.000	36	170	2.02e-05	50.1
SadB_ref|WP_100812327.1|:1-423	423	k121_425123_29	N/A	21.652	80	351	2.57e-05	50.4
SadB_ref|WP_100812327.1|:1-423	423	k121_1374130_3	N/A	24.242	78	363	3.93e-05	49.7
SadB_ref|WP_100812327.1|:1-423	423	k121_425123_31	N/A	27.136	45	199	4.17e-05	49.7
SadB_ref|WP_100812327.1|:1-423	423	k121_1283705_2	N/A	31.967	26	122	4.82e-05	47.8
SadB_ref|WP_100812327.1|:1-423	423	k121_1000766_2	N/A	27.315	43	216	5.40e-05	48.5
SadB_ref|WP_100812327.1|:1-423	423	k121_232646_2	N/A	29.730	29	148	5.47e-05	47.8
SadB_ref|WP_100812327.1|:1-423	423	k121_1493868_2	N/A	27.500	45	200	6.14e-05	48.1
SadB_ref|WP_100812327.1|:1-423	423	k121_406727_135	N/A	23.454	81	388	6.76e-05	49.3
SadB_ref|WP_100812327.1|:1-423	423	k121_1360497_2	N/A	26.238	47	202	7.25e-05	48.1
SadB_ref|WP_100812327.1|:1-423	423	k121_147834_3	N/A	31.250	27	128	2.24e-04	46.2
SadB_ref|WP_100812327.1|:1-423	423	k121_357567_1	N/A	34.884	20	86	3.76e-04	43.9
SadB_ref|WP_100812327.1|:1-423	423	k121_114395_3	N/A	30.709	27	127	7.06e-04	45.8
SadB_ref|WP_100812327.1|:1-423	423	k121_1200005_2	N/A	26.087	48	207	7.87e-04	44.7
SadB_ref|WP_100812327.1|:1-423	423	k121_592734_1	N/A	31.667	28	120	0.001	43.9
SadB_ref|WP_100812327.1|:1-423	423	k121_733508_5	N/A	20.339	79	354	0.001	45.1
SadB_ref|WP_100812327.1|:1-423	423	k121_71896_2	N/A	32.812	27	128	0.001	43.9
SadB_ref|WP_100812327.1|:1-423	423	k121_876042_3	N/A	30.894	26	123	0.002	44.3
SadB_ref|WP_100812327.1|:1-423	423	k121_1399637_2	N/A	21.711	35	152	0.002	42.7
SadB_ref|WP_100812327.1|:1-423	423	k121_477739_1	N/A	30.894	26	123	0.003	42.7
SadB_ref|WP_100812327.1|:1-423	423	k121_1584108_1	N/A	23.504	51	234	0.003	43.5
SadB_ref|WP_100812327.1|:1-423	423	k121_624511_2	N/A	25.455	26	110	0.003	41.2
SadB_ref|WP_100812327.1|:1-423	423	k121_165076_1	N/A	31.148	26	122	0.004	43.1
SadB_ref|WP_100812327.1|:1-423	423	k121_1601207_1	N/A	25.683	42	183	0.005	42.4
SadB_ref|WP_100812327.1|:1-423	423	k121_1361060_1	N/A	24.138	47	203	0.005	42.4
SadB_ref|WP_100812327.1|:1-423	423	k121_829134_1	N/A	32.990	21	97	0.005	42.4
SadB_ref|WP_100812327.1|:1-423	423	k121_368959_2	N/A	26.738	40	187	0.006	42.0
SadB_ref|WP_100812327.1|:1-423	423	k121_483174_3	N/A	29.861	31	144	0.008	42.4
SadB_ref|WP_100812327.1|:1-423	423	k121_553023_1	N/A	24.603	25	126	0.009	41.2
SadB_ref|WP_100812327.1|:1-423	423	k121_1335635_1	N/A	28.659	36	164	0.010	42.4
SadB_ref|WP_100812327.1|:1-423	423	k121_514548_4	N/A	23.204	81	362	0.016	41.6
SadB_ref|WP_100812327.1|:1-423	423	k121_996321_1	N/A	29.921	26	127	0.017	41.6
SadB_ref|WP_100812327.1|:1-423	423	k121_59710_2	N/A	28.169	30	142	0.028	39.3
SadB_ref|WP_100812327.1|:1-423	423	k121_1159811_1	N/A	28.125	26	128	0.029	40.4
SadB_ref|WP_100812327.1|:1-423	423	k121_855017_3	N/A	23.175	69	315	0.032	40.4
SadB_ref|WP_100812327.1|:1-423	423	k121_487519_1	N/A	27.737	28	137	0.037	40.4
SadB_ref|WP_100812327.1|:1-423	423	k121_1453979_1	N/A	34.545	23	110	0.042	39.7
SadB_ref|WP_100812327.1|:1-423	423	k121_1467019_1	N/A	25.098	57	255	0.059	39.7
SadB_ref|WP_100812327.1|:1-423	423	k121_1271673_1	N/A	24.855	38	173	0.067	38.9
SadB_ref|WP_100812327.1|:1-423	423	k121_1390445_1	N/A	26.667	32	135	0.070	37.7
SadB_ref|WP_100812327.1|:1-423	423	k121_447045_1	N/A	25.397	68	315	0.083	39.3
SadB_ref|WP_100812327.1|:1-423	423	k121_1163033_1	N/A	26.866	47	201	0.090	38.9
SadC_ref|WP_036299413.1|:1-194	194	k121_522120_12	N/A	31.343	69	134	2.13e-14	71.6
SadC_ref|WP_036299413.1|:1-194	194	k121_720233_4	N/A	29.762	85	168	5.46e-12	65.1
SadC_ref|WP_036299413.1|:1-194	194	k121_933418_1	N/A	28.387	76	155	5.57e-11	62.0
SadC_ref|WP_036299413.1|:1-194	194	k121_1346992_2	N/A	25.185	70	135	7.08e-11	61.6
SadC_ref|WP_036299413.1|:1-194	194	k121_1469840_6	N/A	39.326	45	89	7.36e-11	61.6
SadC_ref|WP_036299413.1|:1-194	194	k121_1344684_21	N/A	30.657	69	137	7.47e-11	62.0
SadC_ref|WP_036299413.1|:1-194	194	k121_97371_2	N/A	27.857	70	140	4.17e-10	59.7
SadC_ref|WP_036299413.1|:1-194	194	k121_140657_2	N/A	27.742	76	155	1.06e-09	60.8
SadC_ref|WP_036299413.1|:1-194	194	k121_431844_2	N/A	26.250	81	160	1.79e-09	57.8
SadC_ref|WP_036299413.1|:1-194	194	k121_56803_2	N/A	37.634	47	93	3.00e-09	56.6
SadC_ref|WP_036299413.1|:1-194	194	k121_782229_1	N/A	45.238	43	84	3.80e-09	57.4
SadC_ref|WP_036299413.1|:1-194	194	k121_758250_1	N/A	29.078	72	141	5.27e-09	56.6
SadC_ref|WP_036299413.1|:1-194	194	k121_1470880_1	N/A	26.061	84	165	9.90e-09	55.8
SadC_ref|WP_036299413.1|:1-194	194	k121_1251272_1	N/A	30.065	76	153	1.18e-08	57.4
SadC_ref|WP_036299413.1|:1-194	194	k121_467275_1	N/A	26.515	68	132	1.22e-08	55.1
SadC_ref|WP_036299413.1|:1-194	194	k121_1213941_1	N/A	29.091	55	110	1.91e-08	55.1
SadC_ref|WP_036299413.1|:1-194	194	k121_758064_2	N/A	27.607	84	163	2.28e-08	55.1
SadC_ref|WP_036299413.1|:1-194	194	k121_1178386_1	N/A	39.130	47	92	2.51e-08	56.2
SadC_ref|WP_036299413.1|:1-194	194	k121_320863_1	N/A	28.378	76	148	3.04e-08	56.2
SadC_ref|WP_036299413.1|:1-194	194	k121_468871_2	N/A	40.580	36	69	3.21e-08	53.5
SadC_ref|WP_036299413.1|:1-194	194	k121_815431_6	N/A	35.106	48	94	3.38e-08	54.7
SadC_ref|WP_036299413.1|:1-194	194	k121_1043276_1	N/A	39.024	42	82	3.72e-08	55.8
SadC_ref|WP_036299413.1|:1-194	194	k121_696653_2	N/A	25.466	82	161	4.63e-08	53.9
SadC_ref|WP_036299413.1|:1-194	194	k121_739799_4	N/A	36.559	47	93	4.86e-08	54.3
SadC_ref|WP_036299413.1|:1-194	194	k121_990035_2	N/A	39.130	47	92	6.74e-08	55.1
SadC_ref|WP_036299413.1|:1-194	194	k121_172008_1	N/A	29.167	61	120	7.39e-08	55.1
SadC_ref|WP_036299413.1|:1-194	194	k121_1527107_1	N/A	34.615	59	130	1.19e-07	53.5
SadC_ref|WP_036299413.1|:1-194	194	k121_1398789_1	N/A	36.782	44	87	1.20e-07	52.8
SadC_ref|WP_036299413.1|:1-194	194	k121_1630670_2	N/A	28.873	73	142	1.68e-07	52.8
SadC_ref|WP_036299413.1|:1-194	194	k121_167271_1	N/A	28.205	60	117	2.13e-07	52.8
SadC_ref|WP_036299413.1|:1-194	194	k121_1239261_1	N/A	34.783	47	92	2.14e-07	52.4
SadC_ref|WP_036299413.1|:1-194	194	k121_690711_1	N/A	35.870	47	92	2.30e-07	52.0
SadC_ref|WP_036299413.1|:1-194	194	k121_363850_1	N/A	35.052	49	97	3.20e-07	53.1
SadC_ref|WP_036299413.1|:1-194	194	k121_1294490_1	N/A	34.783	47	92	5.20e-07	51.6
SadC_ref|WP_036299413.1|:1-194	194	k121_478175_2	N/A	33.333	46	90	5.26e-07	50.1
SadC_ref|WP_036299413.1|:1-194	194	k121_147763_2	N/A	25.175	74	143	1.11e-06	49.7
SadC_ref|WP_036299413.1|:1-194	194	k121_1468125_4	N/A	36.782	44	87	1.26e-06	51.6
SadC_ref|WP_036299413.1|:1-194	194	k121_1253351_6	N/A	28.261	68	138	1.87e-06	50.1
SadC_ref|WP_036299413.1|:1-194	194	k121_514205_3	N/A	32.051	75	156	2.01e-06	49.7
SadC_ref|WP_036299413.1|:1-194	194	k121_135008_1	N/A	25.806	76	155	2.80e-06	49.7
SadC_ref|WP_036299413.1|:1-194	194	k121_1673166_1	N/A	41.026	40	78	3.16e-06	49.7
SadC_ref|WP_036299413.1|:1-194	194	k121_557574_2	N/A	29.787	48	94	3.70e-06	48.5
SadC_ref|WP_036299413.1|:1-194	194	k121_768823_3	N/A	24.224	82	161	5.17e-06	48.5
SadC_ref|WP_036299413.1|:1-194	194	k121_1073719_2	N/A	25.146	88	171	5.26e-06	48.9
SadC_ref|WP_036299413.1|:1-194	194	k121_26116_1	N/A	36.145	42	83	7.33e-06	47.8
SadC_ref|WP_036299413.1|:1-194	194	k121_743166_2	N/A	30.081	62	123	8.12e-06	48.1
SadC_ref|WP_036299413.1|:1-194	194	k121_335986_1	N/A	31.522	47	92	8.60e-06	46.6
SadC_ref|WP_036299413.1|:1-194	194	k121_544926_4	N/A	24.224	82	161	9.10e-06	47.8
SadC_ref|WP_036299413.1|:1-194	194	k121_1003643_2	N/A	27.329	82	161	1.06e-05	48.9
SadC_ref|WP_036299413.1|:1-194	194	k121_1564697_2	N/A	32.609	47	92	2.34e-05	46.6
SadC_ref|WP_036299413.1|:1-194	194	k121_1254037_9	N/A	27.536	68	138	2.62e-05	47.8
SadC_ref|WP_036299413.1|:1-194	194	k121_1549079_19	N/A	38.235	35	68	2.90e-05	46.6
SadC_ref|WP_036299413.1|:1-194	194	k121_996691_5	N/A	25.309	81	162	3.48e-05	46.6
SadC_ref|WP_036299413.1|:1-194	194	k121_1559309_24	N/A	26.154	66	130	3.87e-05	45.8
SadC_ref|WP_036299413.1|:1-194	194	k121_323252_1	N/A	25.767	84	163	5.35e-05	45.8
SadC_ref|WP_036299413.1|:1-194	194	k121_65643_7	N/A	24.806	66	129	5.55e-05	45.8
SadC_ref|WP_036299413.1|:1-194	194	k121_487308_1	N/A	34.783	47	92	5.71e-05	46.6
SadC_ref|WP_036299413.1|:1-194	194	k121_1100052_2	N/A	28.571	59	119	6.19e-05	45.1
SadC_ref|WP_036299413.1|:1-194	194	k121_569559_1	N/A	31.522	47	92	6.47e-05	45.4
SadC_ref|WP_036299413.1|:1-194	194	k121_8901_1	N/A	32.184	44	87	7.98e-05	45.4
SadC_ref|WP_036299413.1|:1-194	194	k121_292328_1	N/A	32.000	38	75	1.38e-04	42.7
SadC_ref|WP_036299413.1|:1-194	194	k121_137260_1	N/A	37.333	37	75	1.44e-04	44.7
SadC_ref|WP_036299413.1|:1-194	194	k121_443297_3	N/A	23.571	71	140	1.80e-04	44.3
SadC_ref|WP_036299413.1|:1-194	194	k121_448622_1	N/A	36.486	38	74	2.04e-04	42.4
SadC_ref|WP_036299413.1|:1-194	194	k121_1646314_13	N/A	32.479	59	117	2.29e-04	45.1
SadC_ref|WP_036299413.1|:1-194	194	k121_839520_2	N/A	22.642	82	159	2.78e-04	43.5
SadC_ref|WP_036299413.1|:1-194	194	k121_706603_1	N/A	27.966	60	118	2.82e-04	43.5
SadC_ref|WP_036299413.1|:1-194	194	k121_1408976_2	N/A	25.926	68	135	3.69e-04	43.1
SadC_ref|WP_036299413.1|:1-194	194	k121_1355276_2	N/A	30.851	48	94	4.90e-04	42.7
SadC_ref|WP_036299413.1|:1-194	194	k121_268767_1	N/A	26.667	61	120	5.67e-04	42.4
SadC_ref|WP_036299413.1|:1-194	194	k121_885035_1	N/A	29.670	47	91	6.31e-04	42.4
SadC_ref|WP_036299413.1|:1-194	194	k121_577875_2	N/A	28.814	60	118	6.91e-04	42.7
SadC_ref|WP_036299413.1|:1-194	194	k121_1611307_2	N/A	25.625	82	160	7.53e-04	42.4
SadC_ref|WP_036299413.1|:1-194	194	k121_30763_1	N/A	35.789	48	95	0.001	42.7
SadC_ref|WP_036299413.1|:1-194	194	k121_1146981_2	N/A	24.390	83	164	0.001	41.6
SadC_ref|WP_036299413.1|:1-194	194	k121_263916_3	N/A	27.972	71	143	0.002	41.6
SadC_ref|WP_036299413.1|:1-194	194	k121_1232909_1	N/A	23.077	54	104	0.002	42.0
SadC_ref|WP_036299413.1|:1-194	194	k121_837807_151	N/A	21.472	82	163	0.002	41.6
SadC_ref|WP_036299413.1|:1-194	194	k121_745476_1	N/A	28.302	53	106	0.002	40.4
SadC_ref|WP_036299413.1|:1-194	194	k121_605694_5	N/A	29.213	45	89	0.003	40.8
SadC_ref|WP_036299413.1|:1-194	194	k121_593866_2	N/A	31.034	44	87	0.004	40.4
SadC_ref|WP_036299413.1|:1-194	194	k121_642891_2	N/A	23.125	82	160	0.008	40.0
SadC_ref|WP_036299413.1|:1-194	194	k121_22815_1	N/A	43.396	27	53	0.008	40.4
SadC_ref|WP_036299413.1|:1-194	194	k121_1016647_7	N/A	24.260	85	169	0.016	38.5
SadC_ref|WP_036299413.1|:1-194	194	k121_181002_15	N/A	36.000	38	75	0.020	38.5
SadC_ref|WP_036299413.1|:1-194	194	k121_1412357_1	N/A	31.325	42	83	0.022	37.4
SadC_ref|WP_036299413.1|:1-194	194	k121_424025_2	N/A	24.167	61	120	0.030	37.4
SadC_ref|WP_036299413.1|:1-194	194	k121_547633_2	N/A	27.451	53	102	0.041	36.6
WP_000259031.1	279	k121_500579_3	N/A	100.000	100	279	0.0	553
WP_000259031.1	279	k121_1155611_8	N/A	48.780	88	246	2.90e-84	256
WP_000259031.1	279	k121_986203_2	N/A	53.516	92	256	2.57e-74	231
WP_000259031.1	279	k121_1145648_2	N/A	44.726	84	237	3.23e-54	179
WP_000259031.1	279	k121_1626783_1	N/A	44.569	95	267	2.74e-52	175
WP_000259031.1	279	k121_1604666_1	N/A	38.397	81	237	3.48e-44	153
WP_000259031.1	279	k121_728249_3	N/A	38.636	94	264	1.07e-43	153
WP_000259031.1	279	k121_1476984_1	N/A	32.489	84	237	8.15e-40	142
WP_000259031.1	279	k121_769965_7	N/A	35.178	91	253	6.23e-39	140
WP_000259031.1	279	k121_220033_2	N/A	35.772	87	246	1.93e-37	136
WP_000259031.1	279	k121_260609_19	N/A	37.023	94	262	2.21e-37	137
WP_000259031.1	279	k121_1190059_2	N/A	35.385	93	260	1.96e-36	134
WP_000259031.1	279	k121_982480_143	N/A	37.652	87	247	1.00e-34	129
WP_000259031.1	279	k121_1464559_1	N/A	35.227	93	264	2.65e-33	125
WP_000259031.1	279	k121_851401_80	N/A	35.743	88	249	2.72e-33	126
WP_000259031.1	279	k121_1371567_2	N/A	36.255	88	251	3.62e-33	125
WP_000259031.1	279	k121_1423030_4	N/A	35.581	94	267	1.50e-32	124
WP_000259031.1	279	k121_905803_3	N/A	32.129	88	249	6.61e-32	122
WP_000259031.1	279	k121_671885_8	N/A	32.616	94	279	7.06e-32	123
WP_000259031.1	279	k121_1012916_14	N/A	32.031	91	256	1.75e-31	122
WP_000259031.1	279	k121_824491_1	N/A	32.520	88	246	2.34e-31	121
WP_000259031.1	279	k121_1086439_24	N/A	33.218	97	289	5.12e-31	120
WP_000259031.1	279	k121_969385_1	N/A	36.719	89	256	1.26e-30	120
WP_000259031.1	279	k121_530980_2	N/A	32.819	91	259	3.63e-30	118
WP_000259031.1	279	k121_72027_1	N/A	30.196	91	255	8.41e-30	117
WP_000259031.1	279	k121_825644_4	N/A	32.463	95	268	8.84e-30	117
WP_000259031.1	279	k121_1105290_1	N/A	34.722	76	216	9.12e-30	117
WP_000259031.1	279	k121_192357_5	N/A	29.771	93	262	2.98e-29	115
WP_000259031.1	279	k121_400277_4	N/A	31.518	91	257	4.63e-29	115
WP_000259031.1	279	k121_1630036_6	N/A	36.364	78	220	1.86e-28	114
WP_000259031.1	279	k121_1629163_2	N/A	30.268	91	261	1.88e-28	114
WP_000259031.1	279	k121_1441531_48	N/A	34.137	89	249	6.05e-28	113
WP_000259031.1	279	k121_1562483_2	N/A	34.866	88	261	1.29e-27	113
WP_000259031.1	279	k121_837807_204	N/A	31.227	95	269	2.07e-27	110
WP_000259031.1	279	k121_1048948_1	N/A	28.972	76	214	2.50e-27	109
WP_000259031.1	279	k121_940107_2	N/A	34.783	88	253	4.03e-27	110
WP_000259031.1	279	k121_509556_2	N/A	30.588	91	255	5.54e-27	110
WP_000259031.1	279	k121_580714_2	N/A	29.452	95	292	5.85e-27	110
WP_000259031.1	279	k121_1494221_6	N/A	30.855	95	269	7.13e-27	109
WP_000259031.1	279	k121_66394_23	N/A	33.824	96	272	1.22e-26	108
WP_000259031.1	279	k121_934951_1	N/A	31.660	91	259	1.55e-26	107
WP_000259031.1	279	k121_1211963_78	N/A	29.600	88	250	1.71e-26	108
WP_000259031.1	279	k121_396411_8	N/A	35.874	80	223	2.14e-26	107
WP_000259031.1	279	k121_27218_1	N/A	30.078	88	256	2.27e-26	109
WP_000259031.1	279	k121_243167_27	N/A	29.478	94	268	2.43e-26	108
WP_000259031.1	279	k121_459195_2	N/A	30.924	88	249	2.44e-26	107
WP_000259031.1	279	k121_518006_1	N/A	33.197	87	244	2.52e-26	107
WP_000259031.1	279	k121_1017911_11	N/A	31.439	93	264	5.33e-26	108
WP_000259031.1	279	k121_1471024_1	N/A	28.400	88	250	4.09e-25	104
WP_000259031.1	279	k121_612430_2	N/A	35.593	63	177	5.89e-25	102
WP_000259031.1	279	k121_632030_1	N/A	34.211	67	190	6.94e-25	102
WP_000259031.1	279	k121_1021934_39	N/A	27.490	88	251	9.45e-25	103
WP_000259031.1	279	k121_1097375_2	N/A	32.800	89	250	1.50e-24	103
WP_000259031.1	279	k121_760507_2	N/A	34.661	88	251	2.41e-24	103
WP_000259031.1	279	k121_483524_1	N/A	33.333	56	156	3.03e-24	99.4
WP_000259031.1	279	k121_1927_3	N/A	35.747	77	221	3.09e-24	103
WP_000259031.1	279	k121_819716_2	N/A	30.035	95	283	3.21e-24	102
WP_000259031.1	279	k121_481566_1	N/A	33.730	88	252	3.25e-24	103
WP_000259031.1	279	k121_76349_3	N/A	27.757	93	263	3.56e-24	101
WP_000259031.1	279	k121_1573019_5	N/A	28.958	92	259	5.36e-24	101
WP_000259031.1	279	k121_420892_13	N/A	34.400	88	250	7.53e-24	101
WP_000259031.1	279	k121_774752_9	N/A	28.788	93	264	7.78e-24	101
WP_000259031.1	279	k121_1142038_1	N/A	32.812	88	256	9.56e-24	100
WP_000259031.1	279	k121_821202_1	N/A	30.798	88	263	9.64e-24	100
WP_000259031.1	279	k121_570707_1	N/A	34.928	73	209	1.76e-23	98.2
WP_000259031.1	279	k121_1498511_1	N/A	29.609	62	179	1.79e-23	97.4
WP_000259031.1	279	k121_1262086_1	N/A	30.688	67	189	1.86e-23	99.0
WP_000259031.1	279	k121_875929_1	N/A	31.301	87	246	3.16e-23	100
WP_000259031.1	279	k121_230993_1	N/A	30.472	83	233	1.08e-22	97.1
WP_000259031.1	279	k121_1559484_2	N/A	30.472	82	233	1.25e-22	97.1
WP_000259031.1	279	k121_973780_4	N/A	28.016	91	257	2.12e-22	97.1
WP_000259031.1	279	k121_568764_4	N/A	28.846	92	260	2.21e-22	97.4
WP_000259031.1	279	k121_1260226_13	N/A	29.151	94	271	2.30e-22	97.8
WP_000259031.1	279	k121_1017504_1	N/A	28.365	73	208	3.74e-22	95.1
WP_000259031.1	279	k121_685798_2	N/A	34.959	88	246	3.94e-22	96.7
WP_000259031.1	279	k121_827118_2	N/A	46.739	33	92	2.72e-21	89.4
WP_000259031.1	279	k121_823456_20	N/A	28.571	78	224	2.99e-21	94.0
WP_000259031.1	279	k121_1138736_1	N/A	33.333	72	201	3.28e-21	92.4
WP_000259031.1	279	k121_1452796_1	N/A	31.034	87	261	7.69e-21	92.4
WP_000259031.1	279	k121_632836_6	N/A	33.065	88	248	1.70e-20	92.4
WP_000259031.1	279	k121_1334520_2	N/A	28.302	93	265	1.73e-20	92.0
WP_000259031.1	279	k121_504870_2	N/A	29.555	88	247	2.33e-20	92.8
WP_000259031.1	279	k121_885281_2	N/A	30.000	76	220	3.54e-20	91.3
WP_000259031.1	279	k121_1481796_1	N/A	36.181	71	199	3.62e-20	89.4
WP_000259031.1	279	k121_222381_1	N/A	35.060	88	251	4.04e-20	92.4
WP_000259031.1	279	k121_1641550_3	N/A	28.571	88	252	1.02e-19	90.1
WP_000259031.1	279	k121_676909_2	N/A	26.210	87	248	2.00e-19	89.0
WP_000259031.1	279	k121_713623_1	N/A	31.818	63	176	2.10e-19	87.8
WP_000259031.1	279	k121_1458259_1	N/A	24.719	94	267	2.36e-19	89.0
WP_000259031.1	279	k121_1459938_1	N/A	31.455	75	213	2.80e-19	87.8
WP_000259031.1	279	k121_866202_3	N/A	29.583	84	240	8.26e-19	86.7
WP_000259031.1	279	k121_583037_1	N/A	30.204	82	245	8.52e-19	87.4
WP_000259031.1	279	k121_1557801_3	N/A	27.273	81	231	1.42e-18	86.3
WP_000259031.1	279	k121_203235_2	N/A	36.872	63	179	2.36e-18	84.7
WP_000259031.1	279	k121_892906_9	N/A	31.325	88	249	3.52e-18	86.7
WP_000259031.1	279	k121_604362_2	N/A	30.677	88	251	4.39e-18	85.1
WP_000259031.1	279	k121_940266_1	N/A	26.222	80	225	6.30e-18	84.0
WP_000259031.1	279	k121_743421_1	N/A	30.418	93	263	9.64e-18	85.9
WP_000259031.1	279	k121_61416_2	N/A	30.939	63	181	1.34e-17	82.0
WP_000259031.1	279	k121_556364_1	N/A	32.000	62	175	1.44e-17	82.0
WP_000259031.1	279	k121_938078_1	N/A	27.928	75	222	1.44e-17	83.2
WP_000259031.1	279	k121_1345530_2	N/A	25.738	81	237	3.03e-17	82.4
WP_000259031.1	279	k121_1014970_1	N/A	36.893	37	103	3.22e-17	79.3
WP_000259031.1	279	k121_484860_1	N/A	31.492	61	181	3.42e-17	81.3
WP_000259031.1	279	k121_1083316_1	N/A	39.231	44	130	5.56e-17	79.7
WP_000259031.1	279	k121_151283_2	N/A	28.910	74	211	6.86e-17	80.9
WP_000259031.1	279	k121_463550_1	N/A	25.847	83	236	7.06e-17	81.3
WP_000259031.1	279	k121_167624_2	N/A	30.460	62	174	8.00e-17	81.6
WP_000259031.1	279	k121_1039211_1	N/A	29.545	61	176	1.41e-16	79.7
WP_000259031.1	279	k121_355653_5	N/A	31.579	93	266	1.73e-16	81.3
WP_000259031.1	279	k121_676121_1	N/A	37.383	38	107	2.18e-16	77.4
WP_000259031.1	279	k121_1210188_1	N/A	34.146	43	123	4.09e-16	77.0
WP_000259031.1	279	k121_1085528_2	N/A	30.144	75	209	5.84e-16	78.2
WP_000259031.1	279	k121_745158_1	N/A	29.577	75	213	9.06e-16	78.2
WP_000259031.1	279	k121_884179_1	N/A	32.967	65	182	1.20e-15	76.6
WP_000259031.1	279	k121_176700_1	N/A	31.414	66	191	1.60e-15	76.6
WP_000259031.1	279	k121_744168_1	N/A	36.441	42	118	1.93e-15	75.5
WP_000259031.1	279	k121_1195940_1	N/A	30.899	62	178	3.07e-15	75.5
WP_000259031.1	279	k121_799294_3	N/A	29.924	93	264	4.25e-15	78.2
WP_000259031.1	279	k121_531459_1	N/A	33.505	62	194	7.48e-15	75.1
WP_000259031.1	279	k121_593045_3	N/A	31.985	95	272	8.64e-15	76.3
WP_000259031.1	279	k121_110218_2	N/A	29.825	60	171	3.86e-14	74.3
WP_000259031.1	279	k121_1235461_5	N/A	29.592	89	294	7.08e-14	74.7
WP_000259031.1	279	k121_324280_1	N/A	31.217	66	189	7.14e-14	72.4
WP_000259031.1	279	k121_1167726_1	N/A	30.723	59	166	7.48e-14	72.4
WP_000259031.1	279	k121_826023_1	N/A	35.294	36	102	8.39e-14	70.1
WP_000259031.1	279	k121_77770_1	N/A	28.191	65	188	1.99e-13	71.2
WP_000259031.1	279	k121_49447_14	N/A	23.954	91	263	2.00e-13	72.4
WP_000259031.1	279	k121_1011045_1	N/A	30.342	79	234	2.01e-13	71.6
WP_000259031.1	279	k121_994682_1	N/A	28.824	60	170	3.78e-13	70.1
WP_000259031.1	279	k121_573886_2	N/A	36.111	38	108	4.21e-13	68.6
WP_000259031.1	279	k121_952998_1	N/A	31.579	53	152	7.63e-13	69.3
WP_000259031.1	279	k121_1339349_2	N/A	28.571	44	126	1.41e-12	67.8
WP_000259031.1	279	k121_300443_1	N/A	32.215	53	149	1.88e-12	68.2
WP_000259031.1	279	k121_750814_1	N/A	35.965	41	114	1.93e-12	67.4
WP_000259031.1	279	k121_909119_1	N/A	30.114	61	176	2.53e-12	67.8
WP_000259031.1	279	k121_1393704_1	N/A	33.540	57	161	2.72e-12	67.8
WP_000259031.1	279	k121_484624_2	N/A	24.638	72	207	3.09e-12	68.9
WP_000259031.1	279	k121_532336_2	N/A	36.800	44	125	3.16e-12	67.0
WP_000259031.1	279	k121_1229513_2	N/A	40.741	38	108	6.47e-12	65.9
WP_000259031.1	279	k121_1317138_1	N/A	26.946	59	167	8.72e-12	66.2
WP_000259031.1	279	k121_1366546_2	N/A	29.843	68	191	9.48e-12	66.2
WP_000259031.1	279	k121_1255961_1	N/A	31.132	38	106	1.43e-11	64.3
WP_000259031.1	279	k121_1432406_1	N/A	26.984	67	189	1.55e-11	65.9
WP_000259031.1	279	k121_1474132_1	N/A	33.987	54	153	2.31e-11	65.5
WP_000259031.1	279	k121_434724_1	N/A	29.655	52	145	2.34e-11	64.7
WP_000259031.1	279	k121_224746_2	N/A	23.005	72	213	5.09e-11	65.9
WP_000259031.1	279	k121_1401387_2	N/A	33.333	44	126	5.66e-11	63.2
WP_000259031.1	279	k121_145435_2	N/A	42.647	24	68	5.89e-11	61.2
WP_000259031.1	279	k121_48758_1	N/A	29.126	37	103	6.56e-11	62.8
WP_000259031.1	279	k121_633095_1	N/A	28.485	58	165	9.89e-11	63.2
WP_000259031.1	279	k121_1064465_1	N/A	26.374	62	182	1.00e-10	63.2
WP_000259031.1	279	k121_251837_1	N/A	33.010	37	103	1.14e-10	62.0
WP_000259031.1	279	k121_832757_3	N/A	27.778	44	126	1.23e-10	62.4
WP_000259031.1	279	k121_1565640_2	N/A	34.615	44	130	1.36e-10	62.8
WP_000259031.1	279	k121_235839_2	N/A	34.940	29	83	1.52e-10	60.8
WP_000259031.1	279	k121_1315274_1	N/A	43.810	38	105	2.15e-10	61.6
WP_000259031.1	279	k121_66145_25	N/A	25.969	88	258	2.92e-10	63.9
WP_000259031.1	279	k121_727606_1	N/A	27.225	64	191	3.87e-10	62.0
WP_000259031.1	279	k121_1620182_2	N/A	27.200	44	125	5.64e-10	60.8
WP_000259031.1	279	k121_537065_1	N/A	31.683	36	101	6.60e-10	59.3
WP_000259031.1	279	k121_643662_2	N/A	35.625	56	160	7.91e-10	61.6
WP_000259031.1	279	k121_714163_1	N/A	34.653	36	101	8.68e-10	58.9
WP_000259031.1	279	k121_624459_1	N/A	37.736	38	106	9.38e-10	59.3
WP_000259031.1	279	k121_893289_1	N/A	36.792	38	106	1.15e-09	58.9
WP_000259031.1	279	k121_1495479_1	N/A	37.864	37	103	1.52e-09	58.5
WP_000259031.1	279	k121_858418_2	N/A	34.375	46	128	1.76e-09	58.5
WP_000259031.1	279	k121_263108_1	N/A	34.247	50	146	2.07e-09	58.9
WP_000259031.1	279	k121_727696_1	N/A	26.316	64	190	2.74e-09	59.3
WP_000259031.1	279	k121_222503_1	N/A	32.000	36	100	2.87e-09	57.8
WP_000259031.1	279	k121_1561670_1	N/A	28.947	41	114	5.05e-09	57.4
WP_000259031.1	279	k121_1006114_5	N/A	28.324	62	173	5.58e-09	58.2
WP_000259031.1	279	k121_1418129_2	N/A	36.697	39	109	1.09e-08	56.2
WP_000259031.1	279	k121_285170_1	N/A	31.405	38	121	1.19e-08	57.4
WP_000259031.1	279	k121_1015275_2	N/A	34.737	34	95	2.14e-08	55.1
WP_000259031.1	279	k121_1207655_1	N/A	30.588	60	170	3.28e-08	57.4
WP_000259031.1	279	k121_325037_1	N/A	35.000	29	80	5.86e-08	55.8
WP_000259031.1	279	k121_931454_1	N/A	38.393	38	112	5.95e-08	53.9
WP_000259031.1	279	k121_206863_1	N/A	30.328	43	122	7.83e-08	54.3
WP_000259031.1	279	k121_497870_2	N/A	41.176	30	85	2.00e-07	52.0
WP_000259031.1	279	k121_1128438_1	N/A	36.957	30	92	2.34e-07	52.8
WP_000259031.1	279	k121_678641_2	N/A	33.645	38	107	2.56e-07	53.1
WP_000259031.1	279	k121_916136_2	N/A	31.915	33	94	2.64e-07	52.8
WP_000259031.1	279	k121_1519960_1	N/A	33.594	46	128	4.00e-07	52.0
WP_000259031.1	279	k121_1135982_2	N/A	35.294	36	102	4.23e-07	52.0
WP_000259031.1	279	k121_1125777_2	N/A	35.185	38	108	4.55e-07	51.2
WP_000259031.1	279	k121_869767_1	N/A	42.373	21	59	5.65e-07	49.7
WP_000259031.1	279	k121_505814_2	N/A	40.000	33	95	6.00e-07	51.2
WP_000259031.1	279	k121_896683_1	N/A	28.492	61	179	9.90e-07	51.6
WP_000259031.1	279	k121_946758_2	N/A	30.556	37	108	1.02e-06	50.8
WP_000259031.1	279	k121_1246344_1	N/A	26.000	35	100	1.04e-06	50.1
WP_000259031.1	279	k121_1278352_1	N/A	35.200	44	125	1.11e-06	52.8
WP_000259031.1	279	k121_476793_2	N/A	37.415	52	147	1.34e-06	50.8
WP_000259031.1	279	k121_459579_1	N/A	31.884	25	69	1.47e-06	49.3
WP_000259031.1	279	k121_1412444_1	N/A	26.627	60	169	1.77e-06	50.8
WP_000259031.1	279	k121_1467690_2	N/A	31.731	35	104	6.46e-06	48.5
WP_000259031.1	279	k121_1621227_1	N/A	27.326	61	172	6.76e-06	49.3
WP_000259031.1	279	k121_1526451_1	N/A	33.333	35	99	8.27e-06	48.5
WP_000259031.1	279	k121_199369_3	N/A	35.106	33	94	1.03e-05	47.8
WP_000259031.1	279	k121_306217_2	N/A	33.333	24	66	2.20e-05	46.2
WP_000259031.1	279	k121_1564254_1	N/A	28.655	60	171	2.87e-05	47.8
WP_000259031.1	279	k121_110705_1	N/A	31.818	24	66	3.33e-05	45.4
WP_000259031.1	279	k121_878521_1	N/A	26.016	44	123	3.89e-05	45.8
WP_000259031.1	279	k121_1220375_26	N/A	29.032	33	93	4.36e-05	46.2
WP_000259031.1	279	k121_1108882_2	N/A	38.356	26	73	4.80e-05	46.2
WP_000259031.1	279	k121_1456716_1	N/A	34.043	32	94	6.48e-05	44.7
WP_000259031.1	279	k121_541178_1	N/A	25.000	43	128	7.75e-05	45.4
WP_000259031.1	279	k121_898104_1	N/A	37.500	25	72	8.09e-05	44.7
WP_000259031.1	279	k121_159985_2	N/A	32.632	34	95	9.76e-05	44.3
WP_000259031.1	279	k121_1426093_4	N/A	32.174	37	115	1.01e-04	45.8
WP_000259031.1	279	k121_1334579_3	N/A	38.542	34	96	1.03e-04	44.3
WP_000259031.1	279	k121_448224_1	N/A	34.848	24	66	1.32e-04	43.1
WP_000259031.1	279	k121_222079_2	N/A	27.731	43	119	1.43e-04	45.4
WP_000259031.1	279	k121_971404_1	N/A	27.119	41	118	1.60e-04	44.3
WP_000259031.1	279	k121_251513_1	N/A	31.313	33	99	2.09e-04	44.3
WP_000259031.1	279	k121_1136100_1	N/A	29.530	47	149	3.15e-04	44.7
WP_000259031.1	279	k121_517139_2	N/A	26.923	54	156	5.00e-04	43.9
WP_000259031.1	279	k121_985152_1	N/A	39.655	21	58	5.54e-04	41.6
WP_000259031.1	279	k121_1100648_1	N/A	28.926	43	121	5.56e-04	43.1
WP_000259031.1	279	k121_453885_2	N/A	35.000	29	80	0.001	43.1
WP_000259031.1	279	k121_569821_2	N/A	34.862	36	109	0.001	41.6
WP_000259031.1	279	k121_1607262_1	N/A	34.066	32	91	0.002	41.2
WP_000259031.1	279	k121_1378273_2	N/A	31.405	42	121	0.004	40.4
WP_000259031.1	279	k121_665780_2	N/A	31.884	25	69	0.004	39.7
WP_000259031.1	279	k121_847984_2	N/A	36.697	38	109	0.004	40.0
WP_000259031.1	279	k121_1073620_3	N/A	34.483	21	58	0.009	38.5
WP_000259031.1	279	k121_13945_1	N/A	28.000	27	75	0.012	38.1
WP_000259031.1	279	k121_201925_1	N/A	28.369	50	141	0.015	39.3
WP_000259031.1	279	k121_590010_1	N/A	33.333	23	63	0.029	39.3
WP_001043260.1	271	k121_986203_2	N/A	100.000	100	271	0.0	528
WP_001043260.1	271	k121_1155611_8	N/A	50.769	96	260	7.07e-88	265
WP_001043260.1	271	k121_500579_3	N/A	53.516	94	256	2.95e-83	255
WP_001043260.1	271	k121_1626783_1	N/A	51.128	93	266	2.71e-72	226
WP_001043260.1	271	k121_1145648_2	N/A	44.828	85	232	1.96e-56	184
WP_001043260.1	271	k121_1464559_1	N/A	39.623	96	265	2.93e-49	167
WP_001043260.1	271	k121_982480_143	N/A	39.464	96	261	4.35e-49	166
WP_001043260.1	271	k121_728249_3	N/A	39.231	96	260	2.10e-48	165
WP_001043260.1	271	k121_1012916_14	N/A	38.433	97	268	1.11e-47	164
WP_001043260.1	271	k121_1190059_2	N/A	42.085	96	259	6.86e-46	158
WP_001043260.1	271	k121_1604666_1	N/A	40.179	80	224	1.21e-44	154
WP_001043260.1	271	k121_1371567_2	N/A	37.931	95	261	1.82e-44	154
WP_001043260.1	271	k121_509556_2	N/A	36.719	94	256	1.82e-43	153
WP_001043260.1	271	k121_837807_204	N/A	38.636	97	264	8.59e-43	150
WP_001043260.1	271	k121_1097375_2	N/A	40.385	95	260	1.43e-42	150
WP_001043260.1	271	k121_1423030_4	N/A	37.121	96	264	2.53e-42	149
WP_001043260.1	271	k121_580714_2	N/A	33.449	97	287	7.20e-42	149
WP_001043260.1	271	k121_824491_1	N/A	37.066	94	259	9.48e-42	148
WP_001043260.1	271	k121_220033_2	N/A	36.604	97	265	1.05e-41	147
WP_001043260.1	271	k121_260609_19	N/A	38.462	96	260	1.35e-41	147
WP_001043260.1	271	k121_769965_7	N/A	37.984	94	258	4.44e-41	145
WP_001043260.1	271	k121_934951_1	N/A	37.647	93	255	1.12e-40	144
WP_001043260.1	271	k121_1476984_1	N/A	36.975	85	238	2.63e-40	143
WP_001043260.1	271	k121_851401_80	N/A	34.328	98	268	5.79e-40	143
WP_001043260.1	271	k121_518006_1	N/A	38.017	89	242	6.07e-40	143
WP_001043260.1	271	k121_819716_2	N/A	33.813	97	278	1.41e-39	142
WP_001043260.1	271	k121_885281_2	N/A	36.940	97	268	3.60e-39	141
WP_001043260.1	271	k121_1630036_6	N/A	37.453	96	267	8.33e-39	140
WP_001043260.1	271	k121_632836_6	N/A	37.687	98	268	3.54e-38	139
WP_001043260.1	271	k121_396411_8	N/A	39.382	95	259	6.78e-38	137
WP_001043260.1	271	k121_969385_1	N/A	35.316	96	269	8.46e-38	139
WP_001043260.1	271	k121_940107_2	N/A	36.434	95	258	1.02e-37	137
WP_001043260.1	271	k121_1562483_2	N/A	37.828	91	267	1.04e-37	140
WP_001043260.1	271	k121_825644_4	N/A	33.962	96	265	1.93e-37	136
WP_001043260.1	271	k121_1260226_13	N/A	34.572	95	269	2.61e-37	137
WP_001043260.1	271	k121_671885_8	N/A	34.276	97	283	5.81e-37	136
WP_001043260.1	271	k121_713623_1	N/A	39.896	71	193	7.73e-37	133
WP_001043260.1	271	k121_230993_1	N/A	37.209	79	215	1.35e-36	133
WP_001043260.1	271	k121_243167_27	N/A	32.061	95	262	1.93e-36	134
WP_001043260.1	271	k121_1441531_48	N/A	38.492	90	252	2.09e-36	135
WP_001043260.1	271	k121_420892_13	N/A	37.879	96	264	9.36e-36	132
WP_001043260.1	271	k121_72027_1	N/A	32.661	91	248	2.44e-35	131
WP_001043260.1	271	k121_774752_9	N/A	30.916	95	262	3.34e-35	131
WP_001043260.1	271	k121_1927_3	N/A	36.564	81	227	1.00e-34	130
WP_001043260.1	271	k121_530980_2	N/A	31.698	97	265	1.08e-34	129
WP_001043260.1	271	k121_570707_1	N/A	38.144	71	194	1.45e-34	127
WP_001043260.1	271	k121_685798_2	N/A	37.109	94	256	6.76e-34	127
WP_001043260.1	271	k121_66394_23	N/A	37.548	95	261	7.07e-34	127
WP_001043260.1	271	k121_459195_2	N/A	33.597	92	253	7.26e-34	127
WP_001043260.1	271	k121_1494221_6	N/A	34.940	90	249	1.81e-33	126
WP_001043260.1	271	k121_1211963_78	N/A	33.210	96	271	2.43e-33	126
WP_001043260.1	271	k121_823456_20	N/A	33.852	92	257	2.94e-33	125
WP_001043260.1	271	k121_1334520_2	N/A	30.682	96	264	2.25e-32	123
WP_001043260.1	271	k121_905803_3	N/A	34.118	92	255	3.67e-32	122
WP_001043260.1	271	k121_504870_2	N/A	38.889	90	252	5.83e-32	124
WP_001043260.1	271	k121_1017504_1	N/A	34.359	72	195	7.62e-32	120
WP_001043260.1	271	k121_1086439_24	N/A	32.482	97	274	1.55e-31	122
WP_001043260.1	271	k121_1048948_1	N/A	33.028	79	218	2.25e-31	119
WP_001043260.1	271	k121_1105290_1	N/A	34.562	80	217	4.40e-31	120
WP_001043260.1	271	k121_593045_3	N/A	38.258	95	264	5.75e-31	119
WP_001043260.1	271	k121_676909_2	N/A	30.385	95	260	7.08e-31	119
WP_001043260.1	271	k121_612430_2	N/A	39.205	64	176	1.27e-30	116
WP_001043260.1	271	k121_1142038_1	N/A	35.907	95	259	2.61e-30	118
WP_001043260.1	271	k121_1629163_2	N/A	31.203	96	266	7.37e-30	117
WP_001043260.1	271	k121_1262086_1	N/A	34.440	87	241	1.80e-29	114
WP_001043260.1	271	k121_827118_2	N/A	57.143	34	91	3.94e-29	109
WP_001043260.1	271	k121_1498511_1	N/A	33.333	63	171	4.62e-29	112
WP_001043260.1	271	k121_400277_4	N/A	30.120	91	249	3.49e-28	112
WP_001043260.1	271	k121_1471024_1	N/A	30.627	96	271	5.41e-28	112
WP_001043260.1	271	k121_1641550_3	N/A	30.435	91	253	1.60e-27	110
WP_001043260.1	271	k121_1017911_11	N/A	29.588	97	267	3.42e-27	111
WP_001043260.1	271	k121_192357_5	N/A	29.482	91	251	4.90e-27	109
WP_001043260.1	271	k121_76349_3	N/A	27.547	96	265	1.99e-26	107
WP_001043260.1	271	k121_1021934_39	N/A	28.063	92	253	2.71e-26	107
WP_001043260.1	271	k121_1459938_1	N/A	34.529	81	223	4.50e-26	105
WP_001043260.1	271	k121_1317138_1	N/A	36.066	65	183	7.69e-26	103
WP_001043260.1	271	k121_743421_1	N/A	32.959	97	267	8.13e-26	108
WP_001043260.1	271	k121_1138736_1	N/A	36.022	68	186	8.60e-26	104
WP_001043260.1	271	k121_1039211_1	N/A	35.673	62	171	1.23e-25	103
WP_001043260.1	271	k121_481566_1	N/A	31.343	97	268	1.24e-25	106
WP_001043260.1	271	k121_27218_1	N/A	28.968	90	252	1.38e-25	107
WP_001043260.1	271	k121_799294_3	N/A	33.333	97	267	1.47e-25	107
WP_001043260.1	271	k121_1557801_3	N/A	30.901	83	233	1.97e-25	104
WP_001043260.1	271	k121_875929_1	N/A	30.769	80	221	2.44e-25	105
WP_001043260.1	271	k121_892906_9	N/A	33.065	90	248	4.21e-25	105
WP_001043260.1	271	k121_167624_2	N/A	40.000	63	175	6.04e-25	103
WP_001043260.1	271	k121_61416_2	N/A	38.202	64	178	7.32e-25	101
WP_001043260.1	271	k121_866202_3	N/A	35.043	85	234	7.94e-25	102
WP_001043260.1	271	k121_632030_1	N/A	33.163	72	196	1.28e-24	101
WP_001043260.1	271	k121_973780_4	N/A	29.719	91	249	1.51e-24	102
WP_001043260.1	271	k121_760507_2	N/A	33.955	97	268	2.33e-24	103
WP_001043260.1	271	k121_568764_4	N/A	27.586	95	261	3.62e-24	101
WP_001043260.1	271	k121_1452796_1	N/A	34.274	87	248	8.69e-24	100
WP_001043260.1	271	k121_1481796_1	N/A	37.949	72	195	1.01e-23	98.6
WP_001043260.1	271	k121_604362_2	N/A	34.902	92	255	1.04e-23	100
WP_001043260.1	271	k121_1458259_1	N/A	28.571	91	252	1.55e-23	100
WP_001043260.1	271	k121_1432406_1	N/A	32.292	70	192	2.88e-23	97.4
WP_001043260.1	271	k121_203235_2	N/A	36.517	64	178	3.15e-23	97.8
WP_001043260.1	271	k121_744168_1	N/A	44.118	38	102	3.76e-23	95.9
WP_001043260.1	271	k121_994682_1	N/A	33.735	61	166	5.89e-23	96.3
WP_001043260.1	271	k121_938078_1	N/A	33.632	76	223	7.25e-23	97.4
WP_001043260.1	271	k121_1014970_1	N/A	40.385	38	104	1.41e-22	93.6
WP_001043260.1	271	k121_676121_1	N/A	45.192	38	104	1.55e-22	93.6
WP_001043260.1	271	k121_355653_5	N/A	34.328	95	268	1.56e-22	97.8
WP_001043260.1	271	k121_821202_1	N/A	32.075	90	265	1.57e-22	97.4
WP_001043260.1	271	k121_49447_14	N/A	26.592	97	267	1.67e-22	97.4
WP_001043260.1	271	k121_483524_1	N/A	32.530	61	166	1.69e-22	94.7
WP_001043260.1	271	k121_1573019_5	N/A	28.958	94	259	1.91e-22	97.1
WP_001043260.1	271	k121_633095_1	N/A	37.725	61	167	3.53e-22	94.0
WP_001043260.1	271	k121_151283_2	N/A	30.000	77	210	4.70e-22	94.7
WP_001043260.1	271	k121_532336_2	N/A	43.651	45	126	1.05e-21	92.4
WP_001043260.1	271	k121_1167726_1	N/A	36.420	59	162	2.15e-21	92.4
WP_001043260.1	271	k121_1255961_1	N/A	39.806	38	103	2.63e-21	90.1
WP_001043260.1	271	k121_1085528_2	N/A	31.553	76	206	5.32e-21	91.7
WP_001043260.1	271	k121_537065_1	N/A	41.584	37	101	8.58e-21	88.6
WP_001043260.1	271	k121_222381_1	N/A	34.263	90	251	1.31e-20	93.6
WP_001043260.1	271	k121_1210188_1	N/A	39.167	44	120	1.70e-20	88.6
WP_001043260.1	271	k121_531459_1	N/A	38.860	63	193	1.86e-20	90.1
WP_001043260.1	271	k121_48758_1	N/A	40.000	37	100	3.17e-20	87.8
WP_001043260.1	271	k121_573886_2	N/A	42.857	38	105	4.68e-20	87.0
WP_001043260.1	271	k121_1401387_2	N/A	39.370	46	127	5.53e-20	87.0
WP_001043260.1	271	k121_251837_1	N/A	39.200	45	125	8.81e-20	86.7
WP_001043260.1	271	k121_1345530_2	N/A	26.180	84	233	1.23e-19	88.6
WP_001043260.1	271	k121_1412444_1	N/A	36.527	61	167	1.28e-19	87.0
WP_001043260.1	271	k121_556364_1	N/A	34.857	63	175	1.60e-19	87.0
WP_001043260.1	271	k121_110218_2	N/A	30.769	61	169	7.59e-19	87.0
WP_001043260.1	271	k121_484860_1	N/A	32.386	62	176	1.35e-18	85.1
WP_001043260.1	271	k121_222503_1	N/A	41.000	37	100	1.38e-18	82.8
WP_001043260.1	271	k121_714163_1	N/A	43.564	37	101	1.54e-18	82.4
WP_001043260.1	271	k121_1559484_2	N/A	29.204	82	226	1.85e-18	85.5
WP_001043260.1	271	k121_940266_1	N/A	27.556	81	225	2.06e-18	85.1
WP_001043260.1	271	k121_909119_1	N/A	33.880	67	183	5.15e-18	83.2
WP_001043260.1	271	k121_1083316_1	N/A	37.143	50	140	5.19e-18	82.4
WP_001043260.1	271	k121_176700_1	N/A	33.155	68	187	5.61e-18	83.2
WP_001043260.1	271	k121_145435_2	N/A	48.101	29	79	6.89e-18	79.7
WP_001043260.1	271	k121_77770_1	N/A	31.633	72	196	9.92e-18	82.8
WP_001043260.1	271	k121_1015275_2	N/A	37.374	37	99	1.16e-17	80.1
WP_001043260.1	271	k121_1128438_1	N/A	41.441	38	111	1.22e-17	80.9
WP_001043260.1	271	k121_1195940_1	N/A	33.898	63	177	1.63e-17	81.6
WP_001043260.1	271	k121_224746_2	N/A	27.941	95	272	1.99e-17	84.0
WP_001043260.1	271	k121_66145_25	N/A	30.469	91	256	2.31e-17	84.0
WP_001043260.1	271	k121_1235461_5	N/A	29.924	80	264	2.36e-17	84.3
WP_001043260.1	271	k121_285170_1	N/A	38.571	46	140	2.66e-17	80.9
WP_001043260.1	271	k121_300443_1	N/A	36.413	68	184	9.04e-17	79.7
WP_001043260.1	271	k121_1620182_2	N/A	34.400	45	125	9.24e-17	79.3
WP_001043260.1	271	k121_235839_2	N/A	44.828	32	87	1.73e-16	77.0
WP_001043260.1	271	k121_745158_1	N/A	26.577	80	222	3.68e-16	79.0
WP_001043260.1	271	k121_434724_1	N/A	34.815	50	135	8.87e-16	76.6
WP_001043260.1	271	k121_832757_3	N/A	30.709	46	127	1.16e-15	75.9
WP_001043260.1	271	k121_1011045_1	N/A	33.929	80	224	1.55e-15	77.4
WP_001043260.1	271	k121_884179_1	N/A	31.667	66	180	1.76e-15	76.3
WP_001043260.1	271	k121_916136_2	N/A	42.553	34	94	2.52e-15	74.7
WP_001043260.1	271	k121_484624_2	N/A	29.231	70	195	2.59e-15	77.4
WP_001043260.1	271	k121_1207655_1	N/A	35.714	61	168	4.73e-15	77.0
WP_001043260.1	271	k121_1393704_1	N/A	34.532	50	139	7.80e-15	74.7
WP_001043260.1	271	k121_826023_1	N/A	36.538	37	104	8.18e-15	72.8
WP_001043260.1	271	k121_1339349_2	N/A	30.469	46	128	5.31e-14	71.6
WP_001043260.1	271	k121_476793_2	N/A	40.000	55	150	8.06e-14	70.9
WP_001043260.1	271	k121_1621227_1	N/A	28.235	62	170	9.46e-14	71.2
WP_001043260.1	271	k121_750814_1	N/A	36.364	49	132	1.31e-13	70.5
WP_001043260.1	271	k121_1495479_1	N/A	40.000	39	105	2.06e-13	68.9
WP_001043260.1	271	k121_463550_1	N/A	26.794	75	209	2.51e-13	71.2
WP_001043260.1	271	k121_583037_1	N/A	28.636	77	220	2.91e-13	72.0
WP_001043260.1	271	k121_459579_1	N/A	46.479	26	71	4.62e-13	67.0
WP_001043260.1	271	k121_1418129_2	N/A	39.048	39	105	9.90e-13	67.0
WP_001043260.1	271	k121_110705_1	N/A	45.455	24	66	1.54e-12	65.9
WP_001043260.1	271	k121_251513_1	N/A	46.053	26	76	3.94e-12	66.2
WP_001043260.1	271	k121_1229513_2	N/A	36.508	44	126	7.27e-12	65.5
WP_001043260.1	271	k121_952998_1	N/A	31.447	56	159	1.05e-11	66.2
WP_001043260.1	271	k121_1366546_2	N/A	28.495	68	186	2.55e-11	65.1
WP_001043260.1	271	k121_1220375_26	N/A	36.471	31	85	2.77e-11	63.2
WP_001043260.1	271	k121_1565640_2	N/A	32.143	51	140	4.88e-11	63.9
WP_001043260.1	271	k121_325037_1	N/A	40.000	30	80	1.03e-10	63.5
WP_001043260.1	271	k121_727696_1	N/A	25.824	66	182	1.99e-10	62.4
WP_001043260.1	271	k121_1135982_2	N/A	35.537	44	121	3.09e-10	60.5
WP_001043260.1	271	k121_727606_1	N/A	24.510	74	204	4.35e-10	62.0
WP_001043260.1	271	k121_643662_2	N/A	33.333	56	159	4.73e-10	62.0
WP_001043260.1	271	k121_1278352_1	N/A	36.800	46	125	8.53e-10	61.6
WP_001043260.1	271	k121_898104_1	N/A	42.466	26	73	1.11e-09	58.2
WP_001043260.1	271	k121_869767_1	N/A	49.153	22	59	2.59e-09	56.2
WP_001043260.1	271	k121_858418_2	N/A	35.537	45	121	2.85e-09	57.8
WP_001043260.1	271	k121_1526451_1	N/A	36.842	42	114	3.76e-09	57.8
WP_001043260.1	271	k121_1064465_1	N/A	29.240	59	171	3.80e-09	58.9
WP_001043260.1	271	k121_1474132_1	N/A	34.906	39	106	4.46e-09	58.9
WP_001043260.1	271	k121_505814_2	N/A	40.196	37	102	5.37e-09	56.6
WP_001043260.1	271	k121_1246344_1	N/A	33.673	35	98	6.25e-09	56.2
WP_001043260.1	271	k121_1315274_1	N/A	37.500	44	120	8.00e-09	57.0
WP_001043260.1	271	k121_1100648_1	N/A	33.333	46	126	1.41e-08	55.8
WP_001043260.1	271	k121_665780_2	N/A	34.286	26	70	2.20e-08	54.3
WP_001043260.1	271	k121_1564254_1	N/A	34.746	43	118	3.11e-08	56.2
WP_001043260.1	271	k121_1467690_2	N/A	38.017	41	121	3.17e-08	55.1
WP_001043260.1	271	k121_517139_2	N/A	28.472	52	144	4.52e-08	55.5
WP_001043260.1	271	k121_306217_2	N/A	39.130	25	69	4.61e-08	53.5
WP_001043260.1	271	k121_1561670_1	N/A	23.846	48	130	4.95e-08	54.7
WP_001043260.1	271	k121_324280_1	N/A	25.806	68	186	5.34e-08	55.8
WP_001043260.1	271	k121_1073620_3	N/A	43.103	21	58	6.36e-08	52.8
WP_001043260.1	271	k121_263108_1	N/A	31.447	56	159	6.44e-08	54.7
WP_001043260.1	271	k121_159985_2	N/A	37.234	35	94	7.27e-08	53.1
WP_001043260.1	271	k121_541178_1	N/A	29.134	44	127	7.42e-08	53.9
WP_001043260.1	271	k121_624459_1	N/A	36.522	42	115	1.22e-07	53.5
WP_001043260.1	271	k121_569821_2	N/A	36.697	37	109	1.41e-07	52.8
WP_001043260.1	271	k121_201925_1	N/A	24.138	54	145	4.47e-07	52.0
WP_001043260.1	271	k121_1334579_3	N/A	39.175	35	97	5.45e-07	50.8
WP_001043260.1	271	k121_931454_1	N/A	35.455	40	110	6.00e-07	50.8
WP_001043260.1	271	k121_985152_1	N/A	53.448	21	58	6.12e-07	50.1
WP_001043260.1	271	k121_1519960_1	N/A	32.787	45	122	9.50e-07	50.8
WP_001043260.1	271	k121_206863_1	N/A	25.342	53	146	1.02e-06	51.2
WP_001043260.1	271	k121_896683_1	N/A	27.879	56	165	1.13e-06	51.6
WP_001043260.1	271	k121_946758_2	N/A	35.780	38	109	1.45e-06	50.1
WP_001043260.1	271	k121_1136100_1	N/A	28.369	48	141	1.56e-06	51.2
WP_001043260.1	271	k121_678641_2	N/A	29.851	49	134	1.56e-06	50.8
WP_001043260.1	271	k121_453885_2	N/A	38.824	31	85	1.82e-06	51.2
WP_001043260.1	271	k121_1006114_5	N/A	30.573	57	157	3.61e-06	50.1
WP_001043260.1	271	k121_1456716_1	N/A	31.765	29	85	3.94e-06	48.1
WP_001043260.1	271	k121_1108882_2	N/A	30.909	40	110	5.22e-06	48.9
WP_001043260.1	271	k121_1426093_4	N/A	36.975	39	119	9.03e-06	48.5
WP_001043260.1	271	k121_893289_1	N/A	28.346	46	127	9.06e-06	48.1
WP_001043260.1	271	k121_497870_2	N/A	34.314	38	102	5.40e-05	45.1
WP_001043260.1	271	k121_1378273_2	N/A	30.275	40	109	8.71e-05	45.1
WP_001043260.1	271	k121_199369_3	N/A	25.000	44	120	1.06e-04	45.1
WP_001043260.1	271	k121_448224_1	N/A	40.299	24	67	1.38e-04	43.1
WP_001043260.1	271	k121_658881_2	N/A	36.364	20	55	1.50e-04	43.1
WP_001043260.1	271	k121_971404_1	N/A	25.217	42	115	3.01e-04	43.5
WP_001043260.1	271	k121_87792_3	N/A	21.622	63	185	0.003	42.0
WP_001043260.1	271	k121_590010_1	N/A	29.762	31	84	0.003	42.0
WP_001043260.1	271	k121_715903_1	N/A	23.958	35	96	0.007	39.3
WP_001043260.1	271	k121_19545_2	N/A	26.374	34	91	0.008	38.9
WP_001043260.1	271	k121_904790_2	N/A	43.590	29	78	0.011	38.5
WP_001043260.1	271	k121_222079_2	N/A	27.083	52	144	0.031	38.5
WP_000034420.1	263	k121_1155611_8	N/A	60.392	97	255	2.24e-110	322
WP_000034420.1	263	k121_986203_2	N/A	52.124	98	259	3.12e-80	246
WP_000034420.1	263	k121_500579_3	N/A	43.182	100	264	1.31e-77	240
WP_000034420.1	263	k121_1626783_1	N/A	43.182	99	264	1.64e-68	216
WP_000034420.1	263	k121_1145648_2	N/A	44.068	89	236	1.77e-64	204
WP_000034420.1	263	k121_728249_3	N/A	41.923	98	260	1.84e-59	193
WP_000034420.1	263	k121_769965_7	N/A	40.927	98	259	3.74e-58	189
WP_000034420.1	263	k121_851401_80	N/A	40.152	98	264	2.52e-56	185
WP_000034420.1	263	k121_220033_2	N/A	38.372	98	258	2.42e-53	177
WP_000034420.1	263	k121_1604666_1	N/A	42.920	84	226	5.36e-53	175
WP_000034420.1	263	k121_1371567_2	N/A	37.358	99	265	1.16e-52	175
WP_000034420.1	263	k121_824491_1	N/A	38.610	97	259	6.17e-52	174
WP_000034420.1	263	k121_260609_19	N/A	41.923	98	260	7.30e-52	173
WP_000034420.1	263	k121_1190059_2	N/A	37.692	99	260	2.05e-51	172
WP_000034420.1	263	k121_509556_2	N/A	38.224	97	259	4.73e-50	169
WP_000034420.1	263	k121_1464559_1	N/A	37.262	98	263	1.72e-49	167
WP_000034420.1	263	k121_685798_2	N/A	39.015	99	264	1.53e-48	165
WP_000034420.1	263	k121_982480_143	N/A	35.907	98	259	1.77e-47	162
WP_000034420.1	263	k121_825644_4	N/A	34.866	99	261	3.18e-47	161
WP_000034420.1	263	k121_1494221_6	N/A	37.594	99	266	3.23e-47	162
WP_000034420.1	263	k121_1012916_14	N/A	36.803	99	269	9.24e-47	161
WP_000034420.1	263	k121_580714_2	N/A	33.684	99	285	5.84e-46	159
WP_000034420.1	263	k121_837807_204	N/A	36.364	99	264	6.64e-46	158
WP_000034420.1	263	k121_934951_1	N/A	36.822	97	258	8.92e-46	157
WP_000034420.1	263	k121_1476984_1	N/A	39.749	89	239	9.34e-46	157
WP_000034420.1	263	k121_819716_2	N/A	34.182	99	275	1.71e-45	157
WP_000034420.1	263	k121_72027_1	N/A	34.109	98	258	6.99e-45	155
WP_000034420.1	263	k121_940107_2	N/A	37.358	99	265	7.46e-45	155
WP_000034420.1	263	k121_504870_2	N/A	37.500	99	264	1.53e-44	157
WP_000034420.1	263	k121_1105290_1	N/A	37.079	98	267	5.46e-44	153
WP_000034420.1	263	k121_396411_8	N/A	38.783	99	263	2.02e-43	152
WP_000034420.1	263	k121_1097375_2	N/A	35.985	99	264	3.01e-43	151
WP_000034420.1	263	k121_1260226_13	N/A	35.897	99	273	5.23e-43	152
WP_000034420.1	263	k121_969385_1	N/A	35.165	99	273	2.10e-42	151
WP_000034420.1	263	k121_1562483_2	N/A	34.173	99	278	1.74e-41	150
WP_000034420.1	263	k121_632836_6	N/A	35.249	98	261	1.30e-40	145
WP_000034420.1	263	k121_420892_13	N/A	35.907	98	259	1.36e-40	144
WP_000034420.1	263	k121_1423030_4	N/A	34.091	98	264	5.20e-40	143
WP_000034420.1	263	k121_1441531_48	N/A	36.694	94	248	1.37e-39	144
WP_000034420.1	263	k121_66394_23	N/A	36.398	98	261	1.78e-39	141
WP_000034420.1	263	k121_530980_2	N/A	34.091	98	264	3.50e-39	141
WP_000034420.1	263	k121_1630036_6	N/A	32.830	98	265	1.04e-38	140
WP_000034420.1	263	k121_676909_2	N/A	32.432	98	259	1.72e-38	139
WP_000034420.1	263	k121_518006_1	N/A	34.553	92	246	5.75e-38	137
WP_000034420.1	263	k121_1086439_24	N/A	32.472	99	271	3.80e-37	136
WP_000034420.1	263	k121_823456_20	N/A	36.364	97	264	9.73e-37	134
WP_000034420.1	263	k121_1262086_1	N/A	35.965	86	228	1.46e-36	132
WP_000034420.1	263	k121_230993_1	N/A	34.043	86	235	4.71e-36	131
WP_000034420.1	263	k121_27218_1	N/A	34.252	94	254	5.64e-36	135
WP_000034420.1	263	k121_885281_2	N/A	34.328	99	268	1.71e-35	131
WP_000034420.1	263	k121_400277_4	N/A	33.333	99	264	9.01e-35	129
WP_000034420.1	263	k121_774752_9	N/A	32.075	98	265	1.21e-34	129
WP_000034420.1	263	k121_570707_1	N/A	37.255	76	204	1.22e-34	127
WP_000034420.1	263	k121_1017911_11	N/A	30.534	99	262	2.37e-34	130
WP_000034420.1	263	k121_1048948_1	N/A	33.486	82	218	3.08e-34	126
WP_000034420.1	263	k121_760507_2	N/A	30.153	99	262	3.77e-34	130
WP_000034420.1	263	k121_593045_3	N/A	33.582	98	268	4.88e-34	127
WP_000034420.1	263	k121_1142038_1	N/A	33.977	98	259	1.03e-33	127
WP_000034420.1	263	k121_1017504_1	N/A	35.266	78	207	1.25e-33	124
WP_000034420.1	263	k121_1629163_2	N/A	30.682	98	264	1.29e-33	127
WP_000034420.1	263	k121_243167_27	N/A	33.208	98	265	1.41e-33	127
WP_000034420.1	263	k121_612430_2	N/A	38.764	66	178	4.54e-33	122
WP_000034420.1	263	k121_713623_1	N/A	36.041	74	197	1.54e-32	122
WP_000034420.1	263	k121_671885_8	N/A	29.348	99	276	5.12e-32	123
WP_000034420.1	263	k121_1211963_78	N/A	30.303	98	264	5.86e-32	122
WP_000034420.1	263	k121_821202_1	N/A	32.342	97	269	1.26e-31	121
WP_000034420.1	263	k121_1498511_1	N/A	35.429	65	175	2.05e-31	117
WP_000034420.1	263	k121_875929_1	N/A	31.120	91	241	2.96e-31	121
WP_000034420.1	263	k121_743421_1	N/A	29.851	99	268	5.22e-31	122
WP_000034420.1	263	k121_1471024_1	N/A	30.682	98	264	5.34e-31	119
WP_000034420.1	263	k121_1927_3	N/A	31.522	99	276	1.95e-30	119
WP_000034420.1	263	k121_1458259_1	N/A	31.321	98	265	2.19e-30	118
WP_000034420.1	263	k121_483524_1	N/A	36.416	65	173	2.90e-30	114
WP_000034420.1	263	k121_1039211_1	N/A	37.209	65	172	2.99e-30	115
WP_000034420.1	263	k121_481566_1	N/A	29.278	99	263	3.81e-30	118
WP_000034420.1	263	k121_892906_9	N/A	31.061	99	264	3.95e-30	118
WP_000034420.1	263	k121_632030_1	N/A	36.139	75	202	6.65e-30	114
WP_000034420.1	263	k121_1317138_1	N/A	36.970	63	165	1.34e-29	113
WP_000034420.1	263	k121_866202_3	N/A	31.064	89	235	1.94e-29	114
WP_000034420.1	263	k121_76349_3	N/A	33.209	99	268	2.43e-29	115
WP_000034420.1	263	k121_905803_3	N/A	32.932	93	249	2.74e-29	114
WP_000034420.1	263	k121_799294_3	N/A	30.224	99	268	4.68e-29	116
WP_000034420.1	263	k121_459195_2	N/A	30.682	98	264	5.62e-29	114
WP_000034420.1	263	k121_994682_1	N/A	38.235	63	170	7.84e-29	111
WP_000034420.1	263	k121_1021934_39	N/A	31.076	94	251	8.89e-29	114
WP_000034420.1	263	k121_167624_2	N/A	36.207	66	174	1.54e-28	112
WP_000034420.1	263	k121_633095_1	N/A	38.554	62	166	2.11e-28	110
WP_000034420.1	263	k121_1481796_1	N/A	36.869	75	198	2.61e-28	110
WP_000034420.1	263	k121_1334520_2	N/A	29.389	97	262	3.81e-28	112
WP_000034420.1	263	k121_1138736_1	N/A	34.158	76	202	4.78e-28	109
WP_000034420.1	263	k121_222381_1	N/A	31.203	99	266	5.67e-28	113
WP_000034420.1	263	k121_1085528_2	N/A	33.649	79	211	1.74e-27	108
WP_000034420.1	263	k121_355653_5	N/A	29.811	99	265	7.74e-27	108
WP_000034420.1	263	k121_1345530_2	N/A	32.618	85	233	1.14e-26	107
WP_000034420.1	263	k121_1559484_2	N/A	32.627	88	236	1.39e-26	107
WP_000034420.1	263	k121_676121_1	N/A	47.170	40	106	2.92e-26	103
WP_000034420.1	263	k121_827118_2	N/A	52.747	35	91	3.14e-26	101
WP_000034420.1	263	k121_973780_4	N/A	29.924	99	264	3.76e-26	106
WP_000034420.1	263	k121_1432406_1	N/A	32.642	73	193	5.79e-26	103
WP_000034420.1	263	k121_568764_4	N/A	30.418	98	263	1.04e-25	105
WP_000034420.1	263	k121_1641550_3	N/A	28.996	97	269	1.10e-25	105
WP_000034420.1	263	k121_251837_1	N/A	42.373	44	118	2.86e-25	100
WP_000034420.1	263	k121_192357_5	N/A	29.762	94	252	2.94e-25	104
WP_000034420.1	263	k121_604362_2	N/A	32.946	94	258	3.54e-25	103
WP_000034420.1	263	k121_176700_1	N/A	33.862	71	189	6.55e-25	101
WP_000034420.1	263	k121_1210188_1	N/A	40.984	46	122	9.03e-25	99.8
WP_000034420.1	263	k121_1452796_1	N/A	30.120	90	249	2.16e-24	101
WP_000034420.1	263	k121_1014970_1	N/A	43.689	39	103	5.50e-24	97.1
WP_000034420.1	263	k121_222503_1	N/A	43.564	38	101	6.60e-24	96.7
WP_000034420.1	263	k121_1255961_1	N/A	40.367	41	109	9.72e-24	96.3
WP_000034420.1	263	k121_744168_1	N/A	38.835	39	103	1.03e-23	97.1
WP_000034420.1	263	k121_1557801_3	N/A	30.531	84	226	1.46e-23	99.0
WP_000034420.1	263	k121_484860_1	N/A	32.961	65	179	1.72e-23	97.8
WP_000034420.1	263	k121_1573019_5	N/A	29.070	97	258	1.83e-23	99.8
WP_000034420.1	263	k121_909119_1	N/A	31.429	65	175	2.42e-23	97.1
WP_000034420.1	263	k121_48758_1	N/A	42.308	40	104	1.02e-22	94.0
WP_000034420.1	263	k121_203235_2	N/A	35.556	66	180	1.11e-22	95.9
WP_000034420.1	263	k121_916136_2	N/A	48.485	37	99	1.12e-22	94.0
WP_000034420.1	263	k121_110218_2	N/A	32.544	64	169	1.35e-22	97.1
WP_000034420.1	263	k121_61416_2	N/A	34.444	66	180	1.76e-22	94.7
WP_000034420.1	263	k121_1459938_1	N/A	31.963	82	219	1.90e-22	95.9
WP_000034420.1	263	k121_537065_1	N/A	41.584	38	101	2.44e-22	92.4
WP_000034420.1	263	k121_1195940_1	N/A	31.461	66	178	5.57e-22	93.2
WP_000034420.1	263	k121_745158_1	N/A	29.358	82	218	7.53e-22	94.4
WP_000034420.1	263	k121_573886_2	N/A	42.056	40	107	2.95e-21	90.1
WP_000034420.1	263	k121_459579_1	N/A	55.714	27	70	3.07e-21	88.6
WP_000034420.1	263	k121_49447_14	N/A	30.418	98	263	3.69e-21	93.6
WP_000034420.1	263	k121_463550_1	N/A	26.872	83	227	4.00e-21	92.4
WP_000034420.1	263	k121_556364_1	N/A	33.908	65	174	4.30e-21	90.9
WP_000034420.1	263	k121_1011045_1	N/A	31.390	82	223	6.39e-21	91.7
WP_000034420.1	263	k121_77770_1	N/A	31.683	74	202	1.44e-20	90.1
WP_000034420.1	263	k121_235839_2	N/A	51.163	32	86	1.59e-20	87.4
WP_000034420.1	263	k121_952998_1	N/A	30.357	62	168	3.73e-20	89.0
WP_000034420.1	263	k121_1235461_5	N/A	26.861	98	309	3.74e-20	92.0
WP_000034420.1	263	k121_884179_1	N/A	33.333	68	180	6.53e-20	87.8
WP_000034420.1	263	k121_940266_1	N/A	31.278	84	227	7.93e-20	88.6
WP_000034420.1	263	k121_66145_25	N/A	26.966	97	267	2.53e-19	89.0
WP_000034420.1	263	k121_714163_1	N/A	42.157	38	102	2.61e-19	84.3
WP_000034420.1	263	k121_532336_2	N/A	37.795	48	127	3.67e-19	85.5
WP_000034420.1	263	k121_145435_2	N/A	52.564	29	78	5.52e-19	82.4
WP_000034420.1	263	k121_484624_2	N/A	29.064	77	203	6.99e-19	87.4
WP_000034420.1	263	k121_151283_2	N/A	25.243	78	206	1.14e-18	85.5
WP_000034420.1	263	k121_1167726_1	N/A	31.481	61	162	2.58e-18	84.0
WP_000034420.1	263	k121_1621227_1	N/A	34.706	63	170	2.72e-18	83.6
WP_000034420.1	263	k121_1401387_2	N/A	34.921	47	126	3.05e-18	82.4
WP_000034420.1	263	k121_1339349_2	N/A	36.508	47	126	3.98e-18	82.8
WP_000034420.1	263	k121_1620182_2	N/A	30.769	58	156	4.03e-18	82.8
WP_000034420.1	263	k121_1083316_1	N/A	35.714	47	126	5.08e-18	82.0
WP_000034420.1	263	k121_1128438_1	N/A	42.453	38	106	5.21e-18	81.6
WP_000034420.1	263	k121_300443_1	N/A	34.054	69	185	7.08e-18	82.4
WP_000034420.1	263	k121_938078_1	N/A	29.204	79	226	8.18e-18	83.6
WP_000034420.1	263	k121_224746_2	N/A	27.184	77	206	2.05e-17	83.6
WP_000034420.1	263	k121_1315274_1	N/A	39.669	46	121	2.60e-17	80.1
WP_000034420.1	263	k121_476793_2	N/A	37.162	56	148	3.99e-17	79.7
WP_000034420.1	263	k121_583037_1	N/A	28.511	87	235	2.61e-16	80.5
WP_000034420.1	263	k121_858418_2	N/A	36.154	49	130	3.73e-16	76.6
WP_000034420.1	263	k121_832757_3	N/A	34.921	47	126	6.25e-16	76.6
WP_000034420.1	263	k121_1229513_2	N/A	35.211	54	142	1.34e-15	75.5
WP_000034420.1	263	k121_263108_1	N/A	29.530	55	149	1.43e-15	75.9
WP_000034420.1	263	k121_1015275_2	N/A	36.082	37	97	2.74e-15	73.6
WP_000034420.1	263	k121_1135982_2	N/A	36.283	43	113	3.01e-15	73.9
WP_000034420.1	263	k121_1278352_1	N/A	36.508	48	126	3.06e-15	76.6
WP_000034420.1	263	k121_1412444_1	N/A	31.169	59	154	6.20e-15	74.3
WP_000034420.1	263	k121_1526451_1	N/A	35.345	44	116	8.63e-15	73.2
WP_000034420.1	263	k121_531459_1	N/A	31.771	65	192	8.73e-15	74.7
WP_000034420.1	263	k121_624459_1	N/A	35.088	43	114	2.05e-14	72.0
WP_000034420.1	263	k121_1207655_1	N/A	31.953	63	169	2.96e-14	74.3
WP_000034420.1	263	k121_1474132_1	N/A	32.237	57	152	3.28e-14	72.8
WP_000034420.1	263	k121_750814_1	N/A	30.827	51	133	3.36e-14	72.0
WP_000034420.1	263	k121_1393704_1	N/A	29.448	61	163	3.39e-14	72.8
WP_000034420.1	263	k121_826023_1	N/A	37.255	38	102	4.84e-14	70.5
WP_000034420.1	263	k121_110705_1	N/A	42.647	26	68	8.73e-14	68.9
WP_000034420.1	263	k121_1064465_1	N/A	29.474	65	190	1.79e-13	70.5
WP_000034420.1	263	k121_727606_1	N/A	26.601	75	203	2.13e-13	70.9
WP_000034420.1	263	k121_643662_2	N/A	31.731	77	208	2.77e-13	70.9
WP_000034420.1	263	k121_324280_1	N/A	28.108	70	185	7.68e-13	69.3
WP_000034420.1	263	k121_325037_1	N/A	38.272	31	81	8.70e-13	69.3
WP_000034420.1	263	k121_1418129_2	N/A	37.838	41	111	1.16e-12	66.6
WP_000034420.1	263	k121_285170_1	N/A	31.818	47	132	1.25e-12	68.2
WP_000034420.1	263	k121_1456716_1	N/A	37.778	32	90	1.82e-12	65.5
WP_000034420.1	263	k121_931454_1	N/A	36.111	41	108	2.84e-12	65.5
WP_000034420.1	263	k121_1246344_1	N/A	38.000	37	100	3.03e-12	65.1
WP_000034420.1	263	k121_434724_1	N/A	27.703	56	148	4.77e-12	66.2
WP_000034420.1	263	k121_678641_2	N/A	26.797	56	153	7.08e-12	65.9
WP_000034420.1	263	k121_727696_1	N/A	26.776	68	183	7.70e-12	66.2
WP_000034420.1	263	k121_497870_2	N/A	35.000	38	100	1.09e-11	63.5
WP_000034420.1	263	k121_505814_2	N/A	35.135	42	111	1.36e-11	63.5
WP_000034420.1	263	k121_893289_1	N/A	30.579	46	121	1.60e-11	63.9
WP_000034420.1	263	k121_1366546_2	N/A	27.717	70	184	2.11e-11	65.1
WP_000034420.1	263	k121_159985_2	N/A	39.130	35	92	2.26e-11	62.4
WP_000034420.1	263	k121_1467690_2	N/A	31.092	43	119	2.66e-11	63.5
WP_000034420.1	263	k121_1564254_1	N/A	26.744	62	172	4.11e-11	64.3
WP_000034420.1	263	k121_206863_1	N/A	27.465	54	142	6.25e-11	62.8
WP_000034420.1	263	k121_1519960_1	N/A	33.333	46	120	7.62e-11	62.4
WP_000034420.1	263	k121_1334579_3	N/A	35.052	37	97	7.96e-11	61.2
WP_000034420.1	263	k121_1220375_26	N/A	32.979	35	94	1.21e-10	61.6
WP_000034420.1	263	k121_251513_1	N/A	38.043	32	92	2.23e-10	61.2
WP_000034420.1	263	k121_1565640_2	N/A	30.952	47	126	3.61e-10	61.2
WP_000034420.1	263	k121_946758_2	N/A	37.037	39	108	4.45e-10	60.1
WP_000034420.1	263	k121_869767_1	N/A	45.763	22	59	5.74e-10	57.8
WP_000034420.1	263	k121_453885_2	N/A	40.698	33	86	6.76e-10	61.2
WP_000034420.1	263	k121_517139_2	N/A	28.571	57	161	9.10e-10	60.1
WP_000034420.1	263	k121_1100648_1	N/A	29.752	46	121	2.36e-09	58.2
WP_000034420.1	263	k121_222079_2	N/A	28.169	53	142	3.00e-09	58.5
WP_000034420.1	263	k121_1125777_2	N/A	33.684	36	95	3.07e-09	57.0
WP_000034420.1	263	k121_541178_1	N/A	31.250	46	128	9.12e-09	56.6
WP_000034420.1	263	k121_1495479_1	N/A	31.132	40	106	1.12e-08	55.8
WP_000034420.1	263	k121_1426093_4	N/A	32.759	40	116	1.95e-08	56.2
WP_000034420.1	263	k121_1108882_2	N/A	33.333	44	117	2.52e-08	55.5
WP_000034420.1	263	k121_1378273_2	N/A	31.624	44	117	3.54e-08	54.3
WP_000034420.1	263	k121_201925_1	N/A	26.712	56	146	3.70e-08	55.1
WP_000034420.1	263	k121_1561670_1	N/A	28.696	44	115	4.19e-08	54.7
WP_000034420.1	263	k121_878521_1	N/A	31.304	43	115	4.23e-08	54.3
WP_000034420.1	263	k121_896683_1	N/A	21.250	58	160	9.02e-08	54.7
WP_000034420.1	263	k121_898104_1	N/A	37.838	27	74	1.00e-07	52.8
WP_000034420.1	263	k121_1006114_5	N/A	26.627	64	169	1.33e-07	53.9
WP_000034420.1	263	k121_569821_2	N/A	34.259	38	108	1.93e-07	52.4
WP_000034420.1	263	k121_199369_3	N/A	30.645	46	124	3.22e-07	52.0
WP_000034420.1	263	k121_847984_2	N/A	28.866	37	97	4.43e-07	51.2
WP_000034420.1	263	k121_1136100_1	N/A	30.769	58	169	2.66e-06	50.4
WP_000034420.1	263	k121_448224_1	N/A	42.424	25	66	2.76e-06	47.8
WP_000034420.1	263	k121_658881_2	N/A	39.623	20	53	3.15e-06	47.8
WP_000034420.1	263	k121_306217_2	N/A	34.286	27	70	4.19e-06	48.1
WP_000034420.1	263	k121_217474_1	N/A	29.310	65	174	7.93e-06	49.3
WP_000034420.1	263	k121_19545_2	N/A	33.696	35	92	2.39e-05	45.8
WP_000034420.1	263	k121_1073620_3	N/A	36.207	22	58	2.49e-05	45.4
WP_000034420.1	263	k121_1607262_1	N/A	28.125	36	96	4.13e-05	45.4
WP_000034420.1	263	k121_715903_1	N/A	29.348	35	92	8.89e-05	44.7
WP_000034420.1	263	k121_985152_1	N/A	45.763	22	59	9.53e-05	43.9
WP_000034420.1	263	k121_665780_2	N/A	28.986	26	69	6.21e-04	41.6
WP_000034420.1	263	k121_971404_1	N/A	26.316	43	114	0.001	41.2
WP_000034420.1	263	k121_904790_2	N/A	41.667	23	60	0.002	40.4
WP_000034420.1	263	k121_590010_1	N/A	28.358	25	67	0.004	41.6
WP_000034420.1	263	k121_356002_2	N/A	30.588	32	85	0.011	38.5
WP_000034420.1	263	k121_1145234_2	N/A	36.066	22	61	0.019	37.0
WP_000034420.1	263	k121_464053_2	N/A	41.667	23	60	0.020	37.4
WP_000034420.1	263	k121_13945_1	N/A	28.378	28	74	0.020	37.4
WP_000845048.1	337	k121_703375_1	N/A	75.570	91	307	1.33e-175	494
WP_000845048.1	337	k121_291399_2	N/A	100.000	71	238	3.75e-173	483
WP_000845048.1	337	k121_1180446_2	N/A	73.734	94	316	7.16e-172	483
WP_000845048.1	337	k121_199372_4	N/A	69.753	96	324	9.45e-163	461
WP_000845048.1	337	k121_101829_3	N/A	64.438	98	329	4.10e-152	435
WP_000845048.1	337	k121_311843_1	N/A	72.822	85	287	1.11e-151	431
WP_000845048.1	337	k121_1130317_1	N/A	69.799	88	298	1.66e-151	431
WP_000845048.1	337	k121_47081_9	N/A	63.050	95	341	4.77e-146	421
WP_000845048.1	337	k121_727610_2	N/A	62.080	97	327	1.32e-144	416
WP_000845048.1	337	k121_924895_4	N/A	71.127	84	284	2.61e-142	407
WP_000845048.1	337	k121_66823_2	N/A	60.597	97	335	4.76e-142	411
WP_000845048.1	337	k121_1495560_2	N/A	64.286	98	336	2.96e-140	407
WP_000845048.1	337	k121_45281_2	N/A	62.848	94	323	1.87e-139	405
WP_000845048.1	337	k121_482642_2	N/A	59.816	97	326	3.67e-136	393
WP_000845048.1	337	k121_761993_3	N/A	59.574	98	329	4.10e-133	387
WP_000845048.1	337	k121_922929_1	N/A	59.050	100	337	2.76e-130	379
WP_000845048.1	337	k121_1563599_1	N/A	59.177	94	316	4.12e-129	375
WP_000845048.1	337	k121_1434969_2	N/A	56.627	97	332	7.90e-124	361
WP_000845048.1	337	k121_1674455_3	N/A	59.136	89	301	2.62e-121	354
WP_000845048.1	337	k121_667624_1	N/A	56.209	91	306	5.78e-121	353
WP_000845048.1	337	k121_570516_1	N/A	57.756	89	303	3.46e-120	352
WP_000845048.1	337	k121_1080551_1	N/A	58.514	96	323	1.11e-119	354
WP_000845048.1	337	k121_109699_1	N/A	56.231	98	329	3.66e-119	350
WP_000845048.1	337	k121_432316_9	N/A	55.452	95	321	1.95e-116	344
WP_000845048.1	337	k121_1530628_1	N/A	59.929	84	282	2.02e-116	341
WP_000845048.1	337	k121_1284316_1	N/A	75.598	62	209	7.51e-114	332
WP_000845048.1	337	k121_1592096_4	N/A	53.750	95	320	2.67e-113	336
WP_000845048.1	337	k121_666276_2	N/A	62.921	79	267	1.01e-112	331
WP_000845048.1	337	k121_940296_1	N/A	55.287	96	331	5.50e-112	332
WP_000845048.1	337	k121_313911_2	N/A	52.548	93	314	8.03e-107	319
WP_000845048.1	337	k121_438792_1	N/A	74.372	59	199	4.74e-104	307
WP_000845048.1	337	k121_178777_1	N/A	54.098	91	305	4.10e-102	306
WP_000845048.1	337	k121_774157_1	N/A	58.113	79	265	1.08e-99	298
WP_000845048.1	337	k121_48393_20	N/A	48.438	95	320	2.02e-98	297
WP_000845048.1	337	k121_526719_1	N/A	60.081	72	248	2.54e-98	296
WP_000845048.1	337	k121_805789_9	N/A	52.396	93	313	1.56e-97	298
WP_000845048.1	337	k121_1057136_1	N/A	97.842	41	139	1.66e-93	278
WP_000845048.1	337	k121_281409_1	N/A	60.369	64	217	4.94e-90	272
WP_000845048.1	337	k121_1404557_2	N/A	50.173	85	289	1.55e-89	273
WP_000845048.1	337	k121_1495106_1	N/A	74.566	51	173	8.91e-88	264
WP_000845048.1	337	k121_1345335_1	N/A	61.395	64	215	2.63e-86	262
WP_000845048.1	337	k121_1571753_3	N/A	49.416	76	257	1.90e-79	247
WP_000845048.1	337	k121_1306100_1	N/A	49.110	83	281	1.87e-77	242
WP_000845048.1	337	k121_1640966_1	N/A	46.844	89	301	4.44e-77	242
WP_000845048.1	337	k121_251141_2	N/A	51.341	77	261	5.27e-76	238
WP_000845048.1	337	k121_789484_1	N/A	52.018	66	223	2.03e-73	229
WP_000845048.1	337	k121_417701_1	N/A	54.808	60	208	5.21e-73	228
WP_000845048.1	337	k121_872473_1	N/A	58.333	55	192	9.32e-73	227
WP_000845048.1	337	k121_96166_1	N/A	60.870	55	184	3.03e-72	225
WP_000845048.1	337	k121_670780_2	N/A	52.968	65	219	1.36e-67	214
WP_000845048.1	337	k121_710793_1	N/A	53.140	61	207	2.82e-67	213
WP_000845048.1	337	k121_396531_1	N/A	51.101	67	227	2.30e-66	212
WP_000845048.1	337	k121_776309_2	N/A	45.703	76	256	1.06e-65	211
WP_000845048.1	337	k121_1143327_1	N/A	44.238	80	269	1.07e-65	214
WP_000845048.1	337	k121_1031959_1	N/A	53.398	61	206	1.59e-65	209
WP_000845048.1	337	k121_84781_2	N/A	61.446	47	166	2.39e-63	202
WP_000845048.1	337	k121_1635240_1	N/A	52.683	61	205	8.41e-63	202
WP_000845048.1	337	k121_877108_1	N/A	44.583	71	240	1.17e-62	204
WP_000845048.1	337	k121_1499438_1	N/A	50.000	65	218	2.49e-62	203
WP_000845048.1	337	k121_738380_1	N/A	72.951	36	122	9.57e-61	194
WP_000845048.1	337	k121_26755_1	N/A	47.273	65	220	1.13e-60	199
WP_000845048.1	337	k121_245856_1	N/A	45.136	76	257	9.99e-60	197
WP_000845048.1	337	k121_834423_1	N/A	44.488	75	254	5.85e-59	193
WP_000845048.1	337	k121_852472_4	N/A	55.738	54	183	6.08e-58	189
WP_000845048.1	337	k121_1603085_3	N/A	76.316	34	114	9.83e-58	186
WP_000845048.1	337	k121_2695_11	N/A	58.599	47	157	8.90e-57	187
WP_000845048.1	337	k121_1607515_2	N/A	53.757	51	173	3.70e-56	184
WP_000845048.1	337	k121_244211_1	N/A	51.724	52	174	4.35e-56	184
WP_000845048.1	337	k121_1524804_2	N/A	47.248	64	218	7.61e-55	182
WP_000845048.1	337	k121_189061_1	N/A	51.807	49	166	1.12e-54	180
WP_000845048.1	337	k121_1527805_1	N/A	72.727	36	121	5.38e-53	174
WP_000845048.1	337	k121_307209_1	N/A	52.410	49	166	9.21e-53	174
WP_000845048.1	337	k121_1368516_1	N/A	66.142	38	127	2.44e-52	172
WP_000845048.1	337	k121_1090801_1	N/A	49.468	56	188	2.86e-52	174
WP_000845048.1	337	k121_372879_1	N/A	50.549	54	182	5.10e-52	174
WP_000845048.1	337	k121_1546916_3	N/A	69.828	34	116	6.29e-52	171
WP_000845048.1	337	k121_1078278_2	N/A	78.125	28	96	4.45e-48	160
WP_000845048.1	337	k121_514552_2	N/A	46.667	53	180	5.36e-46	159
WP_000845048.1	337	k121_821863_2	N/A	50.000	50	174	3.21e-45	155
WP_000845048.1	337	k121_1138289_1	N/A	53.289	45	152	7.40e-45	154
WP_000845048.1	337	k121_1668904_2	N/A	35.258	97	329	3.65e-44	156
WP_000845048.1	337	k121_1378809_1	N/A	57.746	42	142	4.66e-44	152
WP_000845048.1	337	k121_147071_2	N/A	69.524	31	105	4.68e-44	153
WP_000845048.1	337	k121_1451195_1	N/A	54.088	47	159	1.50e-43	151
WP_000845048.1	337	k121_1328078_2	N/A	70.192	31	104	2.12e-43	148
WP_000845048.1	337	k121_377895_1	N/A	32.673	90	303	2.38e-43	154
WP_000845048.1	337	k121_1174437_2	N/A	46.000	45	150	2.61e-42	147
WP_000845048.1	337	k121_1199315_2	N/A	65.138	32	109	1.49e-41	144
WP_000845048.1	337	k121_423651_1	N/A	75.000	27	92	7.43e-41	144
WP_000845048.1	337	k121_373793_3	N/A	35.032	92	314	9.80e-41	147
WP_000845048.1	337	k121_132533_5	N/A	31.847	92	314	1.08e-40	153
WP_000845048.1	337	k121_398861_1	N/A	59.350	36	123	1.45e-40	142
WP_000845048.1	337	k121_1676280_1	N/A	32.087	93	321	1.49e-40	149
WP_000845048.1	337	k121_925765_1	N/A	49.405	49	168	1.71e-40	145
WP_000845048.1	337	k121_1414655_2	N/A	33.121	93	314	3.33e-40	147
WP_000845048.1	337	k121_1429588_1	N/A	32.534	86	292	5.37e-40	145
WP_000845048.1	337	k121_1054053_1	N/A	59.633	32	109	1.50e-39	139
WP_000845048.1	337	k121_863244_2	N/A	36.860	87	293	1.77e-39	144
WP_000845048.1	337	k121_528707_1	N/A	33.657	90	309	2.51e-39	144
WP_000845048.1	337	k121_1107770_1	N/A	33.086	80	269	7.53e-39	141
WP_000845048.1	337	k121_447197_1	N/A	64.356	30	101	2.42e-38	135
WP_000845048.1	337	k121_1185373_1	N/A	70.652	27	92	1.03e-37	133
WP_000845048.1	337	k121_1496379_1	N/A	43.590	46	156	1.34e-37	135
WP_000845048.1	337	k121_136620_1	N/A	32.841	80	271	2.76e-37	138
WP_000845048.1	337	k121_91533_1	N/A	49.383	47	162	1.16e-36	133
WP_000845048.1	337	k121_556545_1	N/A	76.543	24	81	1.43e-36	131
WP_000845048.1	337	k121_358108_1	N/A	42.945	47	163	1.74e-36	134
WP_000845048.1	337	k121_46238_2	N/A	34.030	99	335	4.77e-36	135
WP_000845048.1	337	k121_1150485_2	N/A	66.667	28	93	6.50e-36	129
WP_000845048.1	337	k121_883162_1	N/A	34.395	92	314	9.02e-36	134
WP_000845048.1	337	k121_386981_1	N/A	34.125	99	337	1.73e-35	134
WP_000845048.1	337	k121_154887_1	N/A	32.667	88	300	1.73e-35	134
WP_000845048.1	337	k121_684291_1	N/A	32.343	89	303	2.19e-35	134
WP_000845048.1	337	k121_371466_1	N/A	30.818	93	318	3.83e-35	135
WP_000845048.1	337	k121_733872_2	N/A	30.065	90	306	6.28e-35	136
WP_000845048.1	337	k121_1461934_1	N/A	47.097	46	155	1.82e-34	128
WP_000845048.1	337	k121_1327023_1	N/A	32.831	98	332	2.07e-34	131
WP_000845048.1	337	k121_541394_2	N/A	29.697	97	330	2.53e-34	133
WP_000845048.1	337	k121_1129080_1	N/A	33.133	98	332	3.32e-34	130
WP_000845048.1	337	k121_9077_1	N/A	36.111	64	216	1.56e-33	125
WP_000845048.1	337	k121_1436599_2	N/A	65.556	27	90	1.57e-33	122
WP_000845048.1	337	k121_795054_1	N/A	29.909	96	331	1.59e-33	130
WP_000845048.1	337	k121_1297950_3	N/A	29.688	94	320	1.59e-33	128
WP_000845048.1	337	k121_385581_1	N/A	33.225	90	307	1.77e-33	128
WP_000845048.1	337	k121_1361711_1	N/A	64.835	27	91	2.20e-33	122
WP_000845048.1	337	k121_849898_1	N/A	47.826	48	161	3.33e-33	125
WP_000845048.1	337	k121_851743_1	N/A	46.591	52	176	7.53e-33	124
WP_000845048.1	337	k121_503448_2	N/A	31.940	99	335	7.93e-33	127
WP_000845048.1	337	k121_880400_3	N/A	29.430	93	316	8.20e-33	128
WP_000845048.1	337	k121_1350277_1	N/A	64.444	27	90	8.99e-33	121
WP_000845048.1	337	k121_1054053_2	N/A	62.105	27	95	1.12e-32	120
WP_000845048.1	337	k121_907181_2	N/A	29.882	98	338	2.35e-32	129
WP_000845048.1	337	k121_803418_2	N/A	32.862	84	283	2.67e-32	125
WP_000845048.1	337	k121_1046344_1	N/A	36.957	68	230	3.03e-32	122
WP_000845048.1	337	k121_1380254_2	N/A	29.667	89	300	4.37e-32	124
WP_000845048.1	337	k121_1644449_2	N/A	27.063	90	303	5.70e-32	125
WP_000845048.1	337	k121_30846_3	N/A	33.028	97	327	5.92e-32	125
WP_000845048.1	337	k121_239808_2	N/A	45.562	48	169	7.17e-32	120
WP_000845048.1	337	k121_482366_1	N/A	33.434	98	332	1.21e-31	124
WP_000845048.1	337	k121_915313_7	N/A	27.632	90	304	2.06e-31	124
WP_000845048.1	337	k121_670780_1	N/A	43.023	51	172	2.15e-31	119
WP_000845048.1	337	k121_771185_6	N/A	34.764	67	233	3.23e-31	123
WP_000845048.1	337	k121_361920_1	N/A	33.229	93	319	4.27e-31	122
WP_000845048.1	337	k121_1034455_2	N/A	32.390	93	318	4.90e-31	122
WP_000845048.1	337	k121_504609_1	N/A	48.551	41	138	9.20e-31	119
WP_000845048.1	337	k121_775513_3	N/A	29.373	90	303	1.16e-30	122
WP_000845048.1	337	k121_1394783_1	N/A	33.224	90	304	1.25e-30	120
WP_000845048.1	337	k121_1278623_2	N/A	58.716	32	109	2.78e-30	115
WP_000845048.1	337	k121_901498_1	N/A	54.639	29	97	2.81e-30	114
WP_000845048.1	337	k121_1210577_3	N/A	27.778	90	306	7.39e-30	119
WP_000845048.1	337	k121_539662_1	N/A	31.274	77	259	8.34e-30	117
WP_000845048.1	337	k121_1228390_1	N/A	35.870	78	276	9.43e-30	120
WP_000845048.1	337	k121_306286_2	N/A	32.733	97	333	1.16e-29	118
WP_000845048.1	337	k121_1674511_1	N/A	34.843	84	287	3.32e-29	116
WP_000845048.1	337	k121_214873_1	N/A	30.208	85	288	5.01e-29	116
WP_000845048.1	337	k121_364264_6	N/A	31.627	98	332	5.60e-29	119
WP_000845048.1	337	k121_1050335_36	N/A	33.333	83	282	7.41e-29	115
WP_000845048.1	337	k121_1093451_2	N/A	33.134	99	335	1.39e-28	115
WP_000845048.1	337	k121_817768_1	N/A	33.484	65	221	1.85e-28	112
WP_000845048.1	337	k121_1087238_4	N/A	66.667	24	81	2.31e-28	108
WP_000845048.1	337	k121_1586487_1	N/A	45.299	35	117	2.41e-28	110
WP_000845048.1	337	k121_1379146_1	N/A	29.969	96	327	2.67e-28	117
WP_000845048.1	337	k121_800441_2	N/A	31.229	88	301	4.41e-28	114
WP_000845048.1	337	k121_734245_2	N/A	27.445	93	317	5.65e-28	114
WP_000845048.1	337	k121_1080551_2	N/A	31.481	96	324	7.85e-28	113
WP_000845048.1	337	k121_1467195_1	N/A	58.586	29	99	9.77e-28	109
WP_000845048.1	337	k121_1378745_3	N/A	29.653	93	317	1.20e-27	115
WP_000845048.1	337	k121_703507_2	N/A	53.846	31	104	1.99e-27	108
WP_000845048.1	337	k121_539284_1	N/A	36.986	65	219	3.13e-27	110
WP_000845048.1	337	k121_1405912_2	N/A	26.935	94	323	3.16e-27	112
WP_000845048.1	337	k121_842143_1	N/A	48.696	34	115	4.12e-27	107
WP_000845048.1	337	k121_736905_1	N/A	63.158	23	76	7.16e-27	105
WP_000845048.1	337	k121_363394_1	N/A	29.022	94	317	8.54e-27	112
WP_000845048.1	337	k121_367699_4	N/A	36.283	67	226	8.65e-27	108
WP_000845048.1	337	k121_1469437_1	N/A	29.932	86	294	1.22e-26	109
WP_000845048.1	337	k121_606785_1	N/A	62.195	24	82	1.58e-26	112
WP_000845048.1	337	k121_477568_1	N/A	45.370	32	108	1.81e-26	104
WP_000845048.1	337	k121_65579_1	N/A	30.035	82	283	1.96e-26	109
WP_000845048.1	337	k121_460990_2	N/A	31.416	67	226	3.03e-26	107
WP_000845048.1	337	k121_1011107_2	N/A	33.106	84	293	4.75e-26	108
WP_000845048.1	337	k121_661612_1	N/A	37.000	59	200	6.31e-26	105
WP_000845048.1	337	k121_483241_2	N/A	37.824	57	193	9.06e-26	104
WP_000845048.1	337	k121_1682435_1	N/A	32.302	85	291	9.55e-26	107
WP_000845048.1	337	k121_815531_1	N/A	32.333	85	300	1.03e-25	107
WP_000845048.1	337	k121_945728_1	N/A	36.986	62	219	2.94e-25	104
WP_000845048.1	337	k121_651587_1	N/A	31.000	89	300	3.14e-25	106
WP_000845048.1	337	k121_592447_6	N/A	30.038	75	263	3.32e-25	106
WP_000845048.1	337	k121_236079_11	N/A	28.676	76	272	3.44e-25	107
WP_000845048.1	337	k121_751289_2	N/A	31.325	97	332	5.16e-25	105
WP_000845048.1	337	k121_1435730_1	N/A	29.338	93	317	5.68e-25	105
WP_000845048.1	337	k121_896591_2	N/A	27.551	83	294	9.10e-25	105
WP_000845048.1	337	k121_1322259_1	N/A	34.529	66	223	1.82e-24	102
WP_000845048.1	337	k121_7329_1	N/A	32.721	77	272	1.91e-24	104
WP_000845048.1	337	k121_545585_2	N/A	57.647	25	85	2.09e-24	99.0
WP_000845048.1	337	k121_1685613_38	N/A	31.010	81	287	3.44e-24	103
WP_000845048.1	337	k121_1335919_1	N/A	30.605	80	281	3.52e-24	103
WP_000845048.1	337	k121_952594_1	N/A	49.153	35	118	5.22e-24	98.6
WP_000845048.1	337	k121_1551908_3	N/A	30.921	89	304	5.95e-24	103
WP_000845048.1	337	k121_664734_65	N/A	33.574	76	277	6.21e-24	103
WP_000845048.1	337	k121_367704_1	N/A	33.649	62	211	1.05e-23	100
WP_000845048.1	337	k121_69338_1	N/A	31.200	74	250	2.52e-23	99.8
WP_000845048.1	337	k121_1283342_2	N/A	35.294	45	153	3.29e-23	97.4
WP_000845048.1	337	k121_183406_1	N/A	26.032	91	315	4.34e-23	100
WP_000845048.1	337	k121_377466_1	N/A	37.500	55	184	5.37e-23	97.8
WP_000845048.1	337	k121_44376_1	N/A	31.438	85	299	5.60e-23	100
WP_000845048.1	337	k121_1267270_1	N/A	34.826	59	201	8.90e-23	96.7
WP_000845048.1	337	k121_1041884_1	N/A	35.326	55	184	8.96e-23	97.1
WP_000845048.1	337	k121_1296793_2	N/A	33.990	60	203	9.33e-23	97.8
WP_000845048.1	337	k121_156679_1	N/A	35.814	62	215	1.23e-22	97.8
WP_000845048.1	337	k121_723329_1	N/A	35.377	63	212	1.38e-22	97.1
WP_000845048.1	337	k121_679328_1	N/A	33.838	58	198	1.81e-22	95.5
WP_000845048.1	337	k121_88329_1	N/A	28.364	78	275	1.99e-22	98.2
WP_000845048.1	337	k121_700162_1	N/A	34.703	62	219	2.44e-22	97.1
WP_000845048.1	337	k121_1345908_1	N/A	32.103	80	271	2.81e-22	97.4
WP_000845048.1	337	k121_1062557_1	N/A	32.474	56	194	2.89e-22	96.3
WP_000845048.1	337	k121_1282541_3	N/A	28.125	84	288	2.92e-22	98.6
WP_000845048.1	337	k121_14677_1	N/A	36.842	56	190	3.54e-22	95.1
WP_000845048.1	337	k121_925666_1	N/A	33.468	73	248	5.24e-22	95.9
WP_000845048.1	337	k121_214777_12	N/A	35.909	64	220	5.51e-22	98.6
WP_000845048.1	337	k121_1386399_1	N/A	43.382	40	136	7.25e-22	91.7
WP_000845048.1	337	k121_938683_2	N/A	30.164	87	305	9.69e-22	97.1
WP_000845048.1	337	k121_1386485_1	N/A	34.826	60	201	1.64e-21	93.6
WP_000845048.1	337	k121_501868_1	N/A	38.278	62	209	1.84e-21	93.6
WP_000845048.1	337	k121_1407255_2	N/A	31.071	78	280	1.98e-21	95.9
WP_000845048.1	337	k121_1488710_1	N/A	37.222	53	180	2.20e-21	94.4
WP_000845048.1	337	k121_497572_1	N/A	33.333	64	225	2.40e-21	94.7
WP_000845048.1	337	k121_1332933_1	N/A	27.667	88	300	2.60e-21	97.1
WP_000845048.1	337	k121_1459967_2	N/A	29.474	81	285	4.11e-21	95.5
WP_000845048.1	337	k121_900891_11	N/A	30.038	73	263	4.24e-21	95.9
WP_000845048.1	337	k121_407478_1	N/A	31.481	62	216	4.69e-21	92.8
WP_000845048.1	337	k121_540942_3	N/A	30.450	81	289	4.86e-21	95.5
WP_000845048.1	337	k121_1279396_1	N/A	35.870	55	184	5.89e-21	94.7
WP_000845048.1	337	k121_796571_2	N/A	37.500	55	184	6.79e-21	95.1
WP_000845048.1	337	k121_942464_3	N/A	31.818	81	286	9.45e-21	94.4
WP_000845048.1	337	k121_1338075_1	N/A	30.612	83	294	9.91e-21	94.4
WP_000845048.1	337	k121_605133_1	N/A	35.165	54	182	1.04e-20	91.7
WP_000845048.1	337	k121_174581_2	N/A	32.270	82	282	1.08e-20	94.0
WP_000845048.1	337	k121_1214650_2	N/A	36.574	62	216	1.36e-20	94.0
WP_000845048.1	337	k121_1106682_1	N/A	34.921	56	189	1.45e-20	90.1
WP_000845048.1	337	k121_1185474_2	N/A	27.759	85	299	1.49e-20	94.0
WP_000845048.1	337	k121_1382339_1	N/A	34.921	56	189	1.49e-20	90.9
WP_000845048.1	337	k121_388061_2	N/A	31.293	83	294	1.69e-20	94.0
WP_000845048.1	337	k121_89687_3	N/A	30.033	85	303	2.02e-20	93.6
WP_000845048.1	337	k121_1175339_1	N/A	31.847	86	314	2.31e-20	93.6
WP_000845048.1	337	k121_1474564_1	N/A	33.166	59	199	2.40e-20	90.1
WP_000845048.1	337	k121_1630638_17	N/A	27.302	88	315	2.45e-20	93.2
WP_000845048.1	337	k121_1618664_1	N/A	31.088	57	193	2.53e-20	89.7
WP_000845048.1	337	k121_1428038_2	N/A	30.526	83	285	2.95e-20	92.0
WP_000845048.1	337	k121_676545_2	N/A	32.547	61	212	3.19e-20	90.9
WP_000845048.1	337	k121_1404230_2	N/A	30.392	85	306	3.36e-20	93.6
WP_000845048.1	337	k121_1142623_1	N/A	30.120	49	166	4.51e-20	89.7
WP_000845048.1	337	k121_1019265_2	N/A	32.877	63	219	4.55e-20	91.3
WP_000845048.1	337	k121_595845_1	N/A	30.455	64	220	5.47e-20	90.5
WP_000845048.1	337	k121_505532_1	N/A	36.199	63	221	5.62e-20	90.5
WP_000845048.1	337	k121_59007_1	N/A	31.687	69	243	5.62e-20	90.9
WP_000845048.1	337	k121_1286432_4	N/A	29.151	77	271	7.22e-20	93.2
WP_000845048.1	337	k121_1063018_9	N/A	25.753	85	299	7.40e-20	92.0
WP_000845048.1	337	k121_251931_119	N/A	27.007	79	274	8.38e-20	92.0
WP_000845048.1	337	k121_307174_1	N/A	34.066	54	182	9.71e-20	89.0
WP_000845048.1	337	k121_1015140_4	N/A	27.575	83	301	1.29e-19	91.3
WP_000845048.1	337	k121_295937_4	N/A	28.235	72	255	1.40e-19	91.3
WP_000845048.1	337	k121_747787_5	N/A	30.556	62	216	1.53e-19	89.4
WP_000845048.1	337	k121_1235721_2	N/A	30.942	64	223	1.55e-19	91.7
WP_000845048.1	337	k121_2865_2	N/A	34.239	55	184	1.57e-19	88.2
WP_000845048.1	337	k121_479848_2	N/A	34.759	55	187	1.60e-19	90.9
WP_000845048.1	337	k121_663577_1	N/A	26.014	83	296	1.94e-19	90.9
WP_000845048.1	337	k121_1644999_3	N/A	29.000	84	300	2.01e-19	90.9
WP_000845048.1	337	k121_262447_2	N/A	32.870	62	216	2.26e-19	90.5
WP_000845048.1	337	k121_396199_1	N/A	31.727	73	249	2.43e-19	89.0
WP_000845048.1	337	k121_1432705_1	N/A	36.264	53	182	2.50e-19	88.2
WP_000845048.1	337	k121_100265_1	N/A	53.846	23	78	2.52e-19	85.1
WP_000845048.1	337	k121_1669097_1	N/A	48.315	26	89	2.79e-19	85.1
WP_000845048.1	337	k121_466883_1	N/A	32.877	63	219	3.23e-19	89.0
WP_000845048.1	337	k121_1179986_1	N/A	32.258	62	217	3.71e-19	89.4
WP_000845048.1	337	k121_861720_1	N/A	53.247	23	77	3.72e-19	84.3
WP_000845048.1	337	k121_912556_2	N/A	35.747	63	221	5.68e-19	87.8
WP_000845048.1	337	k121_799938_8	N/A	30.719	85	306	5.90e-19	90.1
WP_000845048.1	337	k121_47285_2	N/A	47.500	24	80	5.98e-19	84.3
WP_000845048.1	337	k121_735248_3	N/A	34.579	62	214	6.25e-19	89.4
WP_000845048.1	337	k121_943805_21	N/A	29.655	82	290	6.55e-19	89.4
WP_000845048.1	337	k121_1363845_1	N/A	43.689	31	103	7.01e-19	84.7
WP_000845048.1	337	k121_1496924_2	N/A	34.783	55	184	9.19e-19	89.0
WP_000845048.1	337	k121_1066951_168	N/A	25.902	87	305	9.29e-19	89.0
WP_000845048.1	337	k121_249972_1	N/A	32.599	66	227	9.53e-19	86.7
WP_000845048.1	337	k121_875110_2	N/A	36.842	50	171	1.23e-18	85.9
WP_000845048.1	337	k121_954163_1	N/A	42.446	41	139	1.25e-18	88.2
WP_000845048.1	337	k121_120151_2	N/A	27.027	82	296	1.36e-18	89.0
WP_000845048.1	337	k121_913599_3	N/A	31.022	78	274	1.56e-18	88.2
WP_000845048.1	337	k121_1281189_2	N/A	29.779	77	272	1.64e-18	88.2
WP_000845048.1	337	k121_1650201_2	N/A	34.759	55	187	1.67e-18	87.4
WP_000845048.1	337	k121_1487709_2	N/A	27.857	80	280	1.77e-18	88.2
WP_000845048.1	337	k121_1221589_1	N/A	30.142	83	282	2.11e-18	87.0
WP_000845048.1	337	k121_998770_2	N/A	33.484	63	221	2.18e-18	87.8
WP_000845048.1	337	k121_1670357_1	N/A	34.225	55	187	3.17e-18	84.7
WP_000845048.1	337	k121_138649_1	N/A	40.833	35	120	3.34e-18	83.6
WP_000845048.1	337	k121_1227727_1	N/A	31.548	49	168	3.67e-18	84.3
WP_000845048.1	337	k121_729809_2	N/A	32.967	54	182	3.73e-18	85.5
WP_000845048.1	337	k121_833381_1	N/A	31.481	62	216	3.85e-18	85.9
WP_000845048.1	337	k121_503826_2	N/A	23.529	90	306	4.05e-18	86.7
WP_000845048.1	337	k121_1623458_11	N/A	30.909	63	220	4.06e-18	87.0
WP_000845048.1	337	k121_870943_1	N/A	30.890	56	191	5.09e-18	83.2
WP_000845048.1	337	k121_926184_2	N/A	31.604	61	212	5.69e-18	86.7
WP_000845048.1	337	k121_322198_2	N/A	30.000	77	270	5.73e-18	86.7
WP_000845048.1	337	k121_18360_2	N/A	62.121	20	66	6.15e-18	81.3
WP_000845048.1	337	k121_484558_2	N/A	25.839	82	298	6.38e-18	86.3
WP_000845048.1	337	k121_635272_5	N/A	35.931	64	231	6.51e-18	86.7
WP_000845048.1	337	k121_1188468_2	N/A	30.037	77	273	6.61e-18	86.7
WP_000845048.1	337	k121_1218187_3	N/A	32.692	60	208	6.82e-18	86.3
WP_000845048.1	337	k121_826816_2	N/A	29.197	78	274	7.99e-18	86.3
WP_000845048.1	337	k121_1302609_1	N/A	28.664	86	307	8.04e-18	86.3
WP_000845048.1	337	k121_877009_2	N/A	35.429	52	175	8.08e-18	82.8
WP_000845048.1	337	k121_1417975_4	N/A	25.566	86	309	8.28e-18	86.3
WP_000845048.1	337	k121_505603_35	N/A	35.047	62	214	8.90e-18	84.0
WP_000845048.1	337	k121_1063710_2	N/A	30.622	61	209	9.04e-18	84.3
WP_000845048.1	337	k121_1256071_2	N/A	35.556	53	180	9.62e-18	85.9
WP_000845048.1	337	k121_907086_1	N/A	28.455	72	246	1.10e-17	84.7
WP_000845048.1	337	k121_1509700_1	N/A	33.516	54	182	1.12e-17	83.2
WP_000845048.1	337	k121_320138_1	N/A	26.728	63	217	1.13e-17	85.1
WP_000845048.1	337	k121_1111451_5	N/A	35.909	63	220	1.15e-17	86.3
WP_000845048.1	337	k121_1490623_2	N/A	34.911	50	169	1.48e-17	82.0
WP_000845048.1	337	k121_370440_1	N/A	27.835	83	291	1.81e-17	85.5
WP_000845048.1	337	k121_1023567_1	N/A	33.032	64	221	1.86e-17	83.6
WP_000845048.1	337	k121_1632953_2	N/A	26.481	82	287	1.95e-17	85.1
WP_000845048.1	337	k121_513986_5	N/A	27.243	85	301	1.97e-17	85.1
WP_000845048.1	337	k121_1187085_2	N/A	28.378	63	222	1.98e-17	83.6
WP_000845048.1	337	k121_621588_2	N/A	31.050	64	219	2.14e-17	85.1
WP_000845048.1	337	k121_253435_1	N/A	32.558	62	215	2.17e-17	83.6
WP_000845048.1	337	k121_109830_2	N/A	32.093	62	215	2.45e-17	84.7
WP_000845048.1	337	k121_396406_1	N/A	44.706	25	85	2.45e-17	79.7
WP_000845048.1	337	k121_743864_1	N/A	34.667	64	225	2.95e-17	82.8
WP_000845048.1	337	k121_1261923_3	N/A	31.923	74	260	3.29e-17	84.7
WP_000845048.1	337	k121_202174_1	N/A	28.016	72	257	4.09e-17	82.8
WP_000845048.1	337	k121_1367938_1	N/A	31.214	51	173	4.44e-17	80.1
WP_000845048.1	337	k121_802893_2	N/A	36.111	53	180	4.57e-17	81.6
WP_000845048.1	337	k121_646843_2	N/A	26.296	78	270	5.12e-17	83.2
WP_000845048.1	337	k121_1214867_15	N/A	27.241	81	290	5.60e-17	84.3
WP_000845048.1	337	k121_1339792_1	N/A	50.649	23	77	5.62e-17	79.0
WP_000845048.1	337	k121_494034_5	N/A	26.022	77	269	6.99e-17	84.0
WP_000845048.1	337	k121_1156600_1	N/A	59.091	20	66	8.33e-17	79.0
WP_000845048.1	337	k121_753376_16	N/A	31.364	62	220	8.70e-17	83.6
WP_000845048.1	337	k121_812791_1	N/A	28.155	90	309	9.43e-17	82.8
WP_000845048.1	337	k121_114724_1	N/A	31.963	62	219	9.71e-17	81.3
WP_000845048.1	337	k121_777759_1	N/A	31.618	77	272	1.04e-16	82.4
WP_000845048.1	337	k121_1602350_116	N/A	36.517	53	178	1.04e-16	83.6
WP_000845048.1	337	k121_904240_1	N/A	29.536	68	237	1.05e-16	81.6
WP_000845048.1	337	k121_398939_1	N/A	30.769	54	182	1.21e-16	80.5
WP_000845048.1	337	k121_23165_3	N/A	30.147	77	272	1.64e-16	82.8
WP_000845048.1	337	k121_153593_3	N/A	42.857	27	91	1.70e-16	79.3
WP_000845048.1	337	k121_777762_1	N/A	31.618	77	272	1.71e-16	82.4
WP_000845048.1	337	k121_376219_2	N/A	30.072	77	276	1.75e-16	82.8
WP_000845048.1	337	k121_883565_1	N/A	30.693	58	202	1.92e-16	80.5
WP_000845048.1	337	k121_1236709_3	N/A	24.422	85	303	2.26e-16	82.0
WP_000845048.1	337	k121_755899_1	N/A	29.108	61	213	2.68e-16	79.7
WP_000845048.1	337	k121_1468585_2	N/A	31.472	57	197	3.00e-16	80.5
WP_000845048.1	337	k121_107502_2	N/A	32.212	61	208	3.16e-16	79.7
WP_000845048.1	337	k121_577844_4	N/A	32.273	63	220	3.25e-16	82.0
WP_000845048.1	337	k121_499180_9	N/A	30.928	82	291	3.26e-16	81.6
WP_000845048.1	337	k121_1395996_1	N/A	25.879	85	313	3.28e-16	82.0
WP_000845048.1	337	k121_1652654_3	N/A	60.606	20	66	3.29e-16	79.0
WP_000845048.1	337	k121_1009544_1	N/A	33.143	52	175	3.83e-16	78.2
WP_000845048.1	337	k121_567254_3	N/A	30.000	77	280	4.04e-16	81.6
WP_000845048.1	337	k121_1550220_6	N/A	29.911	63	224	4.75e-16	81.3
WP_000845048.1	337	k121_913803_1	N/A	29.412	64	221	4.83e-16	79.7
WP_000845048.1	337	k121_593453_1	N/A	29.756	59	205	6.26e-16	78.6
WP_000845048.1	337	k121_907591_2	N/A	32.967	54	182	6.50e-16	78.6
WP_000845048.1	337	k121_53941_3	N/A	34.703	63	219	6.76e-16	80.9
WP_000845048.1	337	k121_367869_1	N/A	29.091	63	220	6.95e-16	79.3
WP_000845048.1	337	k121_253246_2	N/A	31.325	49	166	7.22e-16	77.4
WP_000845048.1	337	k121_1083525_1	N/A	52.055	22	73	7.78e-16	75.9
WP_000845048.1	337	k121_944422_1	N/A	27.647	91	340	8.25e-16	81.3
WP_000845048.1	337	k121_1407584_1	N/A	31.148	53	183	8.46e-16	78.2
WP_000845048.1	337	k121_307915_1	N/A	29.577	63	213	8.73e-16	78.6
WP_000845048.1	337	k121_1304617_1	N/A	53.521	21	71	9.45e-16	75.5
WP_000845048.1	337	k121_1043798_1	N/A	30.594	63	219	9.79e-16	78.6
WP_000845048.1	337	k121_94803_1	N/A	28.415	54	183	1.03e-15	77.4
WP_000845048.1	337	k121_1183261_4	N/A	30.072	77	276	1.05e-15	80.5
WP_000845048.1	337	k121_1066951_43	N/A	32.014	77	278	1.14e-15	80.1
WP_000845048.1	337	k121_1111064_1	N/A	30.000	63	220	1.18e-15	79.3
WP_000845048.1	337	k121_1528689_2	N/A	24.662	82	296	1.20e-15	79.7
WP_000845048.1	337	k121_940329_1	N/A	33.180	62	217	1.21e-15	79.0
WP_000845048.1	337	k121_992840_1	N/A	41.346	31	104	1.26e-15	79.0
WP_000845048.1	337	k121_1380203_1	N/A	33.663	58	202	1.32e-15	77.4
WP_000845048.1	337	k121_59252_3	N/A	29.412	64	221	1.36e-15	79.0
WP_000845048.1	337	k121_1206029_1	N/A	31.868	52	182	1.71e-15	77.0
WP_000845048.1	337	k121_998464_3	N/A	26.821	88	302	2.04e-15	79.0
WP_000845048.1	337	k121_1296400_1	N/A	29.032	63	217	2.98e-15	77.4
WP_000845048.1	337	k121_832509_1	N/A	30.769	62	221	3.18e-15	78.2
WP_000845048.1	337	k121_1427079_1	N/A	31.390	66	223	3.22e-15	77.0
WP_000845048.1	337	k121_1429320_1	N/A	33.696	54	184	3.45e-15	77.0
WP_000845048.1	337	k121_1520129_1	N/A	54.286	21	70	3.52e-15	75.1
WP_000845048.1	337	k121_301868_4	N/A	27.841	52	176	3.64e-15	78.6
WP_000845048.1	337	k121_1244568_19	N/A	25.778	64	225	3.81e-15	78.6
WP_000845048.1	337	k121_445693_2	N/A	27.820	76	266	3.83e-15	78.6
WP_000845048.1	337	k121_1099723_2	N/A	25.333	85	300	3.92e-15	78.6
WP_000845048.1	337	k121_538480_1	N/A	29.814	47	161	4.26e-15	75.9
WP_000845048.1	337	k121_371161_1	N/A	37.241	42	145	4.43e-15	75.9
WP_000845048.1	337	k121_333490_3	N/A	35.294	58	204	5.28e-15	76.3
WP_000845048.1	337	k121_524394_1	N/A	27.668	73	253	5.40e-15	78.2
WP_000845048.1	337	k121_1227505_9	N/A	32.184	51	174	5.54e-15	75.5
WP_000845048.1	337	k121_701907_6	N/A	25.402	88	311	5.57e-15	78.2
WP_000845048.1	337	k121_1150485_1	N/A	56.716	20	67	5.82e-15	73.6
WP_000845048.1	337	k121_827878_2	N/A	32.174	64	230	5.97e-15	76.6
WP_000845048.1	337	k121_852872_1	N/A	30.978	55	184	6.61e-15	76.3
WP_000845048.1	337	k121_43987_2	N/A	29.242	77	277	6.64e-15	78.2
WP_000845048.1	337	k121_1278729_1	N/A	29.694	63	229	7.37e-15	76.3
WP_000845048.1	337	k121_406698_1	N/A	32.222	53	180	7.86e-15	75.5
WP_000845048.1	337	k121_1338070_1	N/A	30.270	54	185	8.05e-15	75.5
WP_000845048.1	337	k121_1445481_2	N/A	26.183	89	317	9.36e-15	77.8
WP_000845048.1	337	k121_678498_3	N/A	28.837	62	215	9.50e-15	75.9
WP_000845048.1	337	k121_1175808_1	N/A	30.189	61	212	1.06e-14	75.1
WP_000845048.1	337	k121_843406_1	N/A	26.115	86	314	1.10e-14	77.4
WP_000845048.1	337	k121_56992_2	N/A	27.542	63	236	1.10e-14	77.4
WP_000845048.1	337	k121_1086491_1	N/A	27.897	63	233	1.21e-14	76.3
WP_000845048.1	337	k121_271906_2	N/A	28.155	89	309	1.34e-14	77.0
WP_000845048.1	337	k121_230253_4	N/A	30.144	61	209	1.40e-14	77.4
WP_000845048.1	337	k121_709158_1	N/A	28.571	45	154	1.46e-14	77.4
WP_000845048.1	337	k121_709881_1	N/A	28.082	43	146	1.54e-14	74.3
WP_000845048.1	337	k121_700793_2	N/A	25.497	85	302	1.54e-14	77.0
WP_000845048.1	337	k121_49691_1	N/A	30.075	75	266	1.63e-14	77.4
WP_000845048.1	337	k121_1622039_2	N/A	26.977	62	215	1.70e-14	75.5
WP_000845048.1	337	k121_1228362_2	N/A	33.333	53	177	1.75e-14	77.0
WP_000845048.1	337	k121_558701_2	N/A	35.165	53	182	2.03e-14	73.9
WP_000845048.1	337	k121_24235_1	N/A	33.333	62	216	2.18e-14	76.6
WP_000845048.1	337	k121_1039854_2	N/A	29.119	75	261	2.24e-14	75.1
WP_000845048.1	337	k121_1159449_1	N/A	25.402	86	311	2.32e-14	76.6
WP_000845048.1	337	k121_1318358_10	N/A	27.835	82	291	2.68e-14	76.3
WP_000845048.1	337	k121_24323_2	N/A	26.814	89	317	3.36e-14	76.3
WP_000845048.1	337	k121_1535296_3	N/A	29.218	69	243	3.53e-14	75.9
WP_000845048.1	337	k121_786181_24	N/A	30.531	63	226	4.13e-14	75.9
WP_000845048.1	337	k121_397441_1	N/A	31.613	45	155	4.14e-14	73.2
WP_000845048.1	337	k121_1673817_1	N/A	29.204	89	339	4.16e-14	76.3
WP_000845048.1	337	k121_1655905_7	N/A	31.982	63	222	4.27e-14	75.9
WP_000845048.1	337	k121_1572180_2	N/A	27.692	72	260	5.34e-14	75.5
WP_000845048.1	337	k121_328800_2	N/A	29.358	63	218	6.47e-14	75.1
WP_000845048.1	337	k121_1554053_1	N/A	26.437	74	261	6.77e-14	74.7
WP_000845048.1	337	k121_910240_1	N/A	28.986	61	207	7.80e-14	72.4
WP_000845048.1	337	k121_513993_5	N/A	32.768	53	177	8.49e-14	75.1
WP_000845048.1	337	k121_1499300_1	N/A	31.760	67	233	9.04e-14	73.2
WP_000845048.1	337	k121_607770_1	N/A	27.523	63	218	9.32e-14	74.7
WP_000845048.1	337	k121_863245_2	N/A	30.060	91	336	9.92e-14	75.1
WP_000845048.1	337	k121_1019946_1	N/A	29.954	59	217	1.28e-13	72.4
WP_000845048.1	337	k121_460534_2	N/A	27.931	82	290	1.29e-13	74.3
WP_000845048.1	337	k121_1080856_1	N/A	25.591	73	254	1.54e-13	73.9
WP_000845048.1	337	k121_28460_1	N/A	36.232	41	138	1.65e-13	73.2
WP_000845048.1	337	k121_1259586_3	N/A	29.870	66	231	1.68e-13	73.2
WP_000845048.1	337	k121_965281_6	N/A	22.727	88	308	2.26e-13	73.6
WP_000845048.1	337	k121_701409_2	N/A	29.918	71	244	2.41e-13	73.6
WP_000845048.1	337	k121_174307_1	N/A	25.843	77	267	2.85e-13	72.4
WP_000845048.1	337	k121_1301625_2	N/A	26.537	89	309	3.34e-13	73.2
WP_000845048.1	337	k121_133634_1	N/A	27.541	85	305	3.40e-13	73.2
WP_000845048.1	337	k121_944788_3	N/A	27.523	63	218	3.89e-13	72.8
WP_000845048.1	337	k121_895549_1	N/A	31.395	51	172	3.90e-13	71.2
WP_000845048.1	337	k121_1223751_1	N/A	32.571	52	175	4.00e-13	70.5
WP_000845048.1	337	k121_1300080_1	N/A	52.239	20	67	4.86e-13	69.3
WP_000845048.1	337	k121_1242978_2	N/A	31.319	54	182	4.95e-13	70.1
WP_000845048.1	337	k121_1224681_110	N/A	27.986	83	293	5.30e-13	72.8
WP_000845048.1	337	k121_58856_1	N/A	28.177	54	181	5.79e-13	70.1
WP_000845048.1	337	k121_1217447_1	N/A	28.767	62	219	6.17e-13	70.5
WP_000845048.1	337	k121_1124063_1	N/A	29.302	62	215	6.42e-13	70.5
WP_000845048.1	337	k121_179064_1	N/A	32.065	54	184	6.52e-13	70.9
WP_000845048.1	337	k121_614582_1	N/A	46.575	22	73	6.57e-13	67.4
WP_000845048.1	337	k121_255141_7	N/A	31.638	53	177	6.75e-13	72.4
WP_000845048.1	337	k121_742655_2	N/A	29.333	63	225	7.14e-13	70.9
WP_000845048.1	337	k121_1085746_2	N/A	30.841	62	214	7.18e-13	70.5
WP_000845048.1	337	k121_165116_2	N/A	28.896	85	308	7.68e-13	72.0
WP_000845048.1	337	k121_1553634_2	N/A	32.418	53	182	8.59e-13	69.3
WP_000845048.1	337	k121_130766_1	N/A	27.049	69	244	8.85e-13	70.9
WP_000845048.1	337	k121_1137259_2	N/A	30.804	62	224	8.88e-13	72.0
WP_000845048.1	337	k121_824810_2	N/A	53.030	20	66	9.73e-13	68.2
WP_000845048.1	337	k121_271810_2	N/A	30.000	56	190	1.17e-12	71.6
WP_000845048.1	337	k121_493086_1	N/A	32.768	53	177	1.21e-12	69.7
WP_000845048.1	337	k121_341979_2	N/A	30.769	49	182	1.40e-12	68.9
