SadA_ref|WP_036299419.1|:1-399	399	k121_611611_3	N/A	27.005	91	374	3.35e-39	147
SadA_ref|WP_036299419.1|:1-399	399	k121_1156047_2	N/A	44.253	44	174	2.95e-38	139
SadA_ref|WP_036299419.1|:1-399	399	k121_963273_2	N/A	27.273	90	363	5.94e-38	143
SadA_ref|WP_036299419.1|:1-399	399	k121_45081_2	N/A	29.315	91	365	1.25e-37	144
SadA_ref|WP_036299419.1|:1-399	399	k121_1195248_1	N/A	29.391	68	279	6.40e-37	139
SadA_ref|WP_036299419.1|:1-399	399	k121_572003_18	N/A	28.520	68	277	3.71e-34	134
SadA_ref|WP_036299419.1|:1-399	399	k121_761136_4	N/A	27.541	75	305	1.00e-33	133
SadA_ref|WP_036299419.1|:1-399	399	k121_463546_1	N/A	33.486	54	218	4.17e-33	127
SadA_ref|WP_036299419.1|:1-399	399	k121_771094_1	N/A	29.885	65	261	4.29e-31	123
SadA_ref|WP_036299419.1|:1-399	399	k121_141297_2	N/A	29.952	51	207	8.32e-30	121
SadA_ref|WP_036299419.1|:1-399	399	k121_1383640_18	N/A	24.412	84	340	8.57e-29	119
SadA_ref|WP_036299419.1|:1-399	399	k121_966059_2	N/A	29.167	65	264	1.88e-28	116
SadA_ref|WP_036299419.1|:1-399	399	k121_1419153_1	N/A	31.034	80	319	1.63e-26	111
SadA_ref|WP_036299419.1|:1-399	399	k121_1540585_2	N/A	30.126	59	239	3.74e-24	103
SadA_ref|WP_036299419.1|:1-399	399	k121_1265181_2	N/A	27.041	95	392	1.29e-23	104
SadA_ref|WP_036299419.1|:1-399	399	k121_405195_1	N/A	25.781	63	256	9.98e-23	100
SadA_ref|WP_036299419.1|:1-399	399	k121_768593_5	N/A	28.125	93	384	1.33e-22	101
SadA_ref|WP_036299419.1|:1-399	399	k121_27876_2	N/A	28.364	67	275	2.14e-22	99.8
SadA_ref|WP_036299419.1|:1-399	399	k121_738602_2	N/A	29.615	65	260	2.62e-22	99.4
SadA_ref|WP_036299419.1|:1-399	399	k121_1366988_1	N/A	32.579	54	221	4.11e-22	97.4
SadA_ref|WP_036299419.1|:1-399	399	k121_1583931_3	N/A	25.634	88	355	1.45e-21	98.6
SadA_ref|WP_036299419.1|:1-399	399	k121_946450_3	N/A	24.384	88	365	3.65e-20	95.1
SadA_ref|WP_036299419.1|:1-399	399	k121_325709_1	N/A	25.630	58	238	4.00e-20	93.6
SadA_ref|WP_036299419.1|:1-399	399	k121_359161_1	N/A	33.099	36	142	3.21e-19	87.4
SadA_ref|WP_036299419.1|:1-399	399	k121_1505410_1	N/A	34.532	35	139	5.81e-19	86.7
SadA_ref|WP_036299419.1|:1-399	399	k121_62921_1	N/A	23.810	88	357	8.70e-19	90.5
SadA_ref|WP_036299419.1|:1-399	399	k121_46630_1	N/A	26.814	73	317	1.41e-17	86.3
SadA_ref|WP_036299419.1|:1-399	399	k121_926461_2	N/A	26.374	87	364	1.97e-17	86.7
SadA_ref|WP_036299419.1|:1-399	399	k121_1512666_1	N/A	24.419	65	258	1.82e-16	83.6
SadA_ref|WP_036299419.1|:1-399	399	k121_999556_1	N/A	36.029	33	136	2.08e-15	76.3
SadA_ref|WP_036299419.1|:1-399	399	k121_1231796_1	N/A	26.126	56	222	2.43e-15	79.0
SadA_ref|WP_036299419.1|:1-399	399	k121_1320659_1	N/A	24.346	92	382	2.71e-15	80.5
SadA_ref|WP_036299419.1|:1-399	399	k121_225692_1	N/A	27.976	41	168	3.25e-15	79.3
SadA_ref|WP_036299419.1|:1-399	399	k121_1348504_4	N/A	25.123	49	203	3.81e-15	77.4
SadA_ref|WP_036299419.1|:1-399	399	k121_1230791_3	N/A	29.545	33	132	5.17e-15	75.9
SadA_ref|WP_036299419.1|:1-399	399	k121_41443_1	N/A	27.586	42	174	2.07e-14	74.7
SadA_ref|WP_036299419.1|:1-399	399	k121_398134_1	N/A	23.881	50	201	3.65e-14	74.7
SadA_ref|WP_036299419.1|:1-399	399	k121_1435266_1	N/A	23.985	66	271	1.09e-13	74.3
SadA_ref|WP_036299419.1|:1-399	399	k121_848369_2	N/A	25.481	50	208	1.20e-13	74.7
SadA_ref|WP_036299419.1|:1-399	399	k121_1521844_1	N/A	31.214	43	173	7.09e-13	70.5
SadA_ref|WP_036299419.1|:1-399	399	k121_168331_1	N/A	27.675	64	271	1.35e-12	71.2
SadA_ref|WP_036299419.1|:1-399	399	k121_1386409_3	N/A	25.635	95	394	3.65e-12	71.2
SadA_ref|WP_036299419.1|:1-399	399	k121_175470_1	N/A	25.392	76	319	2.88e-11	67.8
SadA_ref|WP_036299419.1|:1-399	399	k121_276165_1	N/A	25.490	48	204	3.88e-11	67.8
SadA_ref|WP_036299419.1|:1-399	399	k121_1374741_1	N/A	38.824	21	85	6.58e-11	62.0
SadA_ref|WP_036299419.1|:1-399	399	k121_50442_1	N/A	25.532	69	282	7.22e-11	66.2
SadA_ref|WP_036299419.1|:1-399	399	k121_457351_5	N/A	24.074	67	270	6.51e-10	63.2
SadA_ref|WP_036299419.1|:1-399	399	k121_261408_1	N/A	27.917	58	240	1.20e-09	62.0
SadA_ref|WP_036299419.1|:1-399	399	k121_810137_1	N/A	25.292	64	257	3.21e-09	61.2
SadA_ref|WP_036299419.1|:1-399	399	k121_681055_1	N/A	32.673	25	101	3.94e-08	55.5
SadA_ref|WP_036299419.1|:1-399	399	k121_431020_1	N/A	26.804	24	97	1.05e-07	53.1
SadA_ref|WP_036299419.1|:1-399	399	k121_1376349_1	N/A	24.615	90	390	1.69e-07	56.6
SadA_ref|WP_036299419.1|:1-399	399	k121_1554935_1	N/A	29.474	44	190	3.65e-07	53.9
SadA_ref|WP_036299419.1|:1-399	399	k121_1421030_1	N/A	24.667	38	150	1.20e-06	52.0
SadA_ref|WP_036299419.1|:1-399	399	k121_1232003_1	N/A	26.882	23	93	2.50e-06	49.7
SadA_ref|WP_036299419.1|:1-399	399	k121_1112914_1	N/A	24.691	60	243	4.72e-06	51.2
SadA_ref|WP_036299419.1|:1-399	399	k121_516525_1	N/A	21.134	46	194	6.23e-06	50.4
SadA_ref|WP_036299419.1|:1-399	399	k121_286640_3	N/A	23.000	92	400	6.33e-06	52.0
SadA_ref|WP_036299419.1|:1-399	399	k121_1058652_1	N/A	26.071	67	280	1.39e-05	50.1
SadA_ref|WP_036299419.1|:1-399	399	k121_1012319_1	N/A	25.907	45	193	1.39e-05	50.1
SadA_ref|WP_036299419.1|:1-399	399	k121_551063_7	N/A	27.684	43	177	2.48e-05	50.1
SadA_ref|WP_036299419.1|:1-399	399	k121_573015_2	N/A	26.786	55	224	5.88e-05	48.1
SadA_ref|WP_036299419.1|:1-399	399	k121_710696_2	N/A	23.184	85	358	9.72e-05	48.1
SadA_ref|WP_036299419.1|:1-399	399	k121_619418_1	N/A	33.333	21	84	1.34e-04	46.6
SadA_ref|WP_036299419.1|:1-399	399	k121_1387120_2	N/A	23.446	81	354	2.96e-04	46.6
SadA_ref|WP_036299419.1|:1-399	399	k121_1027182_1	N/A	23.759	67	282	7.52e-04	45.1
SadA_ref|WP_036299419.1|:1-399	399	k121_307037_2	N/A	24.038	26	104	8.21e-04	42.4
SadA_ref|WP_036299419.1|:1-399	399	k121_1063664_1	N/A	27.143	47	210	8.35e-04	44.3
SadA_ref|WP_036299419.1|:1-399	399	k121_1241412_1	N/A	24.231	57	260	8.45e-04	44.7
SadA_ref|WP_036299419.1|:1-399	399	k121_919534_1	N/A	30.952	21	84	0.001	42.7
SadA_ref|WP_036299419.1|:1-399	399	k121_1039644_1	N/A	25.984	62	254	0.002	44.3
SadA_ref|WP_036299419.1|:1-399	399	k121_261195_1	N/A	25.862	29	116	0.002	42.0
SadA_ref|WP_036299419.1|:1-399	399	k121_530856_1	N/A	26.271	29	118	0.002	42.0
SadA_ref|WP_036299419.1|:1-399	399	k121_354787_2	N/A	25.714	34	140	0.003	42.0
SadA_ref|WP_036299419.1|:1-399	399	k121_690460_1	N/A	23.830	51	235	0.003	42.7
SadA_ref|WP_036299419.1|:1-399	399	k121_1199250_2	N/A	28.829	27	111	0.004	41.6
SadA_ref|WP_036299419.1|:1-399	399	k121_707182_1	N/A	32.051	20	78	0.005	39.7
SadA_ref|WP_036299419.1|:1-399	399	k121_826956_2	N/A	29.897	23	97	0.005	42.7
SadA_ref|WP_036299419.1|:1-399	399	k121_346368_3	N/A	23.325	89	403	0.008	42.0
SadA_ref|WP_036299419.1|:1-399	399	k121_882839_1	N/A	27.835	23	97	0.009	40.8
SadA_ref|WP_036299419.1|:1-399	399	k121_6380_2	N/A	29.762	21	84	0.012	40.0
SadA_ref|WP_036299419.1|:1-399	399	k121_1548640_1	N/A	23.188	46	207	0.013	41.2
SadA_ref|WP_036299419.1|:1-399	399	k121_329042_31	N/A	23.789	51	227	0.014	41.2
SadA_ref|WP_036299419.1|:1-399	399	k121_1356408_1	N/A	23.967	60	242	0.015	40.8
SadA_ref|WP_036299419.1|:1-399	399	k121_790924_1	N/A	27.835	23	97	0.023	40.4
SadA_ref|WP_036299419.1|:1-399	399	k121_481159_1	N/A	25.283	61	265	0.027	40.0
SadA_ref|WP_036299419.1|:1-399	399	k121_163473_1	N/A	22.422	55	223	0.028	39.7
SadA_ref|WP_036299419.1|:1-399	399	k121_974099_5	N/A	24.609	62	256	0.038	40.0
SadA_ref|WP_036299419.1|:1-399	399	k121_95018_29	N/A	23.618	48	199	0.040	39.7
SadA_ref|WP_036299419.1|:1-399	399	k121_1090311_1	N/A	22.814	64	263	0.060	38.9
SadA_ref|WP_036299419.1|:1-399	399	k121_133104_1	N/A	25.962	43	208	0.060	38.9
SadA_ref|WP_036299419.1|:1-399	399	k121_535905_1	N/A	33.696	23	92	0.062	37.7
SadA_ref|WP_036299419.1|:1-399	399	k121_1442986_1	N/A	23.776	35	143	0.077	37.7
SadA_ref|WP_036299419.1|:1-399	399	k121_1455204_2	N/A	25.882	21	85	0.091	36.6
SadB_ref|WP_100812327.1|:1-423	423	k121_45081_2	N/A	30.811	87	370	3.89e-46	167
SadB_ref|WP_100812327.1|:1-423	423	k121_963273_2	N/A	28.610	86	374	7.99e-44	160
SadB_ref|WP_100812327.1|:1-423	423	k121_611611_3	N/A	28.534	89	382	4.23e-43	158
SadB_ref|WP_100812327.1|:1-423	423	k121_572003_18	N/A	25.203	85	369	3.73e-35	137
SadB_ref|WP_100812327.1|:1-423	423	k121_1419153_1	N/A	30.312	75	320	4.46e-33	130
SadB_ref|WP_100812327.1|:1-423	423	k121_1156047_2	N/A	39.205	42	176	4.52e-33	126
SadB_ref|WP_100812327.1|:1-423	423	k121_738602_2	N/A	33.086	63	269	5.79e-33	128
SadB_ref|WP_100812327.1|:1-423	423	k121_966059_2	N/A	32.963	63	270	6.77e-33	129
SadB_ref|WP_100812327.1|:1-423	423	k121_761136_4	N/A	26.287	85	369	1.75e-31	127
SadB_ref|WP_100812327.1|:1-423	423	k121_1540585_2	N/A	33.981	49	206	1.46e-30	122
SadB_ref|WP_100812327.1|:1-423	423	k121_1583931_3	N/A	27.322	85	366	5.64e-28	117
SadB_ref|WP_100812327.1|:1-423	423	k121_463546_1	N/A	34.857	41	175	2.36e-27	112
SadB_ref|WP_100812327.1|:1-423	423	k121_1383640_18	N/A	27.893	77	337	1.11e-26	114
SadB_ref|WP_100812327.1|:1-423	423	k121_1195248_1	N/A	31.225	58	253	2.38e-26	110
SadB_ref|WP_100812327.1|:1-423	423	k121_325709_1	N/A	29.482	58	251	2.70e-26	111
SadB_ref|WP_100812327.1|:1-423	423	k121_27876_2	N/A	29.304	63	273	5.48e-26	109
SadB_ref|WP_100812327.1|:1-423	423	k121_141297_2	N/A	25.073	79	343	3.21e-25	109
SadB_ref|WP_100812327.1|:1-423	423	k121_946450_3	N/A	25.686	90	401	9.70e-24	105
SadB_ref|WP_100812327.1|:1-423	423	k121_1320659_1	N/A	28.792	89	389	1.17e-23	105
SadB_ref|WP_100812327.1|:1-423	423	k121_771094_1	N/A	26.423	57	246	2.55e-23	102
SadB_ref|WP_100812327.1|:1-423	423	k121_1366988_1	N/A	31.356	55	236	3.47e-23	100
SadB_ref|WP_100812327.1|:1-423	423	k121_62921_1	N/A	25.661	88	378	1.27e-22	102
SadB_ref|WP_100812327.1|:1-423	423	k121_1265181_2	N/A	26.884	90	398	1.27e-22	102
SadB_ref|WP_100812327.1|:1-423	423	k121_405195_1	N/A	30.256	46	195	4.29e-22	99.0
SadB_ref|WP_100812327.1|:1-423	423	k121_46630_1	N/A	30.472	51	233	1.48e-18	89.4
SadB_ref|WP_100812327.1|:1-423	423	k121_1230791_3	N/A	32.609	33	138	2.30e-18	85.5
SadB_ref|WP_100812327.1|:1-423	423	k121_768593_5	N/A	27.621	88	391	6.35e-18	88.6
SadB_ref|WP_100812327.1|:1-423	423	k121_1348504_4	N/A	27.962	48	211	6.58e-18	85.5
SadB_ref|WP_100812327.1|:1-423	423	k121_926461_2	N/A	27.493	84	371	1.07e-17	87.8
SadB_ref|WP_100812327.1|:1-423	423	k121_1512666_1	N/A	25.850	68	294	3.08e-17	85.9
SadB_ref|WP_100812327.1|:1-423	423	k121_398134_1	N/A	29.870	53	231	9.18e-17	82.4
SadB_ref|WP_100812327.1|:1-423	423	k121_1435266_1	N/A	25.830	62	271	1.10e-16	83.2
SadB_ref|WP_100812327.1|:1-423	423	k121_276165_1	N/A	24.092	70	303	1.38e-16	84.3
SadB_ref|WP_100812327.1|:1-423	423	k121_848369_2	N/A	26.423	56	246	1.79e-16	83.2
SadB_ref|WP_100812327.1|:1-423	423	k121_457351_5	N/A	29.044	63	272	1.94e-16	82.8
SadB_ref|WP_100812327.1|:1-423	423	k121_225692_1	N/A	25.623	64	281	1.02e-15	80.9
SadB_ref|WP_100812327.1|:1-423	423	k121_1538571_2	N/A	26.184	77	359	1.33e-14	79.0
SadB_ref|WP_100812327.1|:1-423	423	k121_681055_1	N/A	34.000	24	100	1.94e-14	73.2
SadB_ref|WP_100812327.1|:1-423	423	k121_359161_1	N/A	26.761	34	142	2.55e-14	73.9
SadB_ref|WP_100812327.1|:1-423	423	k121_1231796_1	N/A	28.333	56	240	2.71e-14	75.9
SadB_ref|WP_100812327.1|:1-423	423	k121_810137_1	N/A	27.907	60	258	6.35e-14	75.5
SadB_ref|WP_100812327.1|:1-423	423	k121_1386409_3	N/A	24.390	85	369	2.31e-13	75.1
SadB_ref|WP_100812327.1|:1-423	423	k121_1387120_2	N/A	26.536	76	358	3.46e-13	74.3
SadB_ref|WP_100812327.1|:1-423	423	k121_346368_3	N/A	26.685	77	371	4.97e-13	73.9
SadB_ref|WP_100812327.1|:1-423	423	k121_41443_1	N/A	31.361	39	169	6.61e-13	70.5
SadB_ref|WP_100812327.1|:1-423	423	k121_1062997_2	N/A	26.667	61	270	7.32e-13	72.0
SadB_ref|WP_100812327.1|:1-423	423	k121_1376349_1	N/A	26.966	78	356	7.82e-13	73.6
SadB_ref|WP_100812327.1|:1-423	423	k121_1505410_1	N/A	28.472	34	144	9.65e-13	69.3
SadB_ref|WP_100812327.1|:1-423	423	k121_1421030_1	N/A	30.556	34	144	1.49e-12	69.3
SadB_ref|WP_100812327.1|:1-423	423	k121_1554935_1	N/A	29.534	43	193	2.00e-12	69.3
SadB_ref|WP_100812327.1|:1-423	423	k121_999556_1	N/A	32.558	30	129	2.36e-12	67.8
SadB_ref|WP_100812327.1|:1-423	423	k121_133104_1	N/A	29.688	52	256	2.88e-12	70.1
SadB_ref|WP_100812327.1|:1-423	423	k121_1456807_1	N/A	26.331	77	357	4.21e-12	70.9
SadB_ref|WP_100812327.1|:1-423	423	k121_175470_1	N/A	27.301	73	326	5.49e-12	70.1
SadB_ref|WP_100812327.1|:1-423	423	k121_400338_2	N/A	29.430	66	316	1.30e-11	69.3
SadB_ref|WP_100812327.1|:1-423	423	k121_1460915_2	N/A	28.094	62	299	1.54e-11	68.6
SadB_ref|WP_100812327.1|:1-423	423	k121_50442_1	N/A	26.642	62	274	1.71e-11	68.6
SadB_ref|WP_100812327.1|:1-423	423	k121_1112914_1	N/A	27.039	53	233	2.60e-11	67.0
SadB_ref|WP_100812327.1|:1-423	423	k121_1063664_1	N/A	29.592	46	196	2.70e-11	66.6
SadB_ref|WP_100812327.1|:1-423	423	k121_32940_2	N/A	26.273	81	373	3.69e-11	68.2
SadB_ref|WP_100812327.1|:1-423	423	k121_168331_1	N/A	28.676	60	272	4.94e-11	66.6
SadB_ref|WP_100812327.1|:1-423	423	k121_1027182_1	N/A	28.522	66	291	2.44e-10	64.7
SadB_ref|WP_100812327.1|:1-423	423	k121_261408_1	N/A	26.360	55	239	1.75e-09	61.6
SadB_ref|WP_100812327.1|:1-423	423	k121_286640_3	N/A	24.552	85	391	4.90e-09	61.6
SadB_ref|WP_100812327.1|:1-423	423	k121_1356408_1	N/A	28.340	57	247	5.19e-09	60.8
SadB_ref|WP_100812327.1|:1-423	423	k121_1571990_1	N/A	25.789	39	190	1.47e-08	58.9
SadB_ref|WP_100812327.1|:1-423	423	k121_690460_1	N/A	26.829	49	246	1.00e-07	56.6
SadB_ref|WP_100812327.1|:1-423	423	k121_1521844_1	N/A	34.074	31	135	1.02e-07	55.5
SadB_ref|WP_100812327.1|:1-423	423	k121_1012319_1	N/A	26.087	52	230	2.10e-07	55.5
SadB_ref|WP_100812327.1|:1-423	423	k121_1039644_1	N/A	24.865	80	370	2.31e-07	56.6
SadB_ref|WP_100812327.1|:1-423	423	k121_13260_3	N/A	25.815	80	368	8.15e-07	54.7
SadB_ref|WP_100812327.1|:1-423	423	k121_516525_1	N/A	24.878	48	205	9.51e-07	53.1
SadB_ref|WP_100812327.1|:1-423	423	k121_573015_2	N/A	29.487	54	234	9.54e-07	53.5
SadB_ref|WP_100812327.1|:1-423	423	k121_942253_1	N/A	28.421	39	190	1.59e-06	53.1
SadB_ref|WP_100812327.1|:1-423	423	k121_1268371_6	N/A	25.728	42	206	1.12e-05	50.4
SadB_ref|WP_100812327.1|:1-423	423	k121_790924_1	N/A	29.091	35	165	1.32e-05	50.8
SadB_ref|WP_100812327.1|:1-423	423	k121_919534_1	N/A	33.333	25	111	1.44e-05	48.1
SadB_ref|WP_100812327.1|:1-423	423	k121_882839_1	N/A	30.709	26	127	1.46e-05	48.9
SadB_ref|WP_100812327.1|:1-423	423	k121_95018_29	N/A	21.652	80	351	1.99e-05	50.4
SadB_ref|WP_100812327.1|:1-423	423	k121_95018_31	N/A	27.136	45	199	3.24e-05	49.7
SadB_ref|WP_100812327.1|:1-423	423	k121_710696_2	N/A	24.129	79	373	3.37e-05	49.7
SadB_ref|WP_100812327.1|:1-423	423	k121_307037_2	N/A	26.374	22	91	4.26e-05	46.2
SadB_ref|WP_100812327.1|:1-423	423	k121_288916_1	N/A	27.488	47	211	4.85e-05	48.5
SadB_ref|WP_100812327.1|:1-423	423	k121_329042_31	N/A	23.454	81	388	5.25e-05	49.3
SadB_ref|WP_100812327.1|:1-423	423	k121_778959_1	N/A	26.377	77	345	5.68e-05	48.9
SadB_ref|WP_100812327.1|:1-423	423	k121_1006077_1	N/A	28.436	49	211	5.85e-05	47.8
SadB_ref|WP_100812327.1|:1-423	423	k121_477592_1	N/A	26.506	34	166	6.47e-05	47.4
SadB_ref|WP_100812327.1|:1-423	423	k121_1548640_1	N/A	32.812	27	128	8.39e-05	47.8
SadB_ref|WP_100812327.1|:1-423	423	k121_354787_2	N/A	26.087	32	138	8.47e-05	46.2
SadB_ref|WP_100812327.1|:1-423	423	k121_584412_2	N/A	29.878	35	164	1.19e-04	47.4
SadB_ref|WP_100812327.1|:1-423	423	k121_1232003_1	N/A	23.404	22	94	1.66e-04	44.7
SadB_ref|WP_100812327.1|:1-423	423	k121_6380_2	N/A	32.520	26	123	1.84e-04	45.8
SadB_ref|WP_100812327.1|:1-423	423	k121_794704_1	N/A	26.866	44	201	1.91e-04	46.2
SadB_ref|WP_100812327.1|:1-423	423	k121_630842_2	N/A	28.926	23	121	6.22e-04	44.3
SadB_ref|WP_100812327.1|:1-423	423	k121_535905_1	N/A	34.884	20	86	6.44e-04	43.9
SadB_ref|WP_100812327.1|:1-423	423	k121_601276_1	N/A	27.692	44	195	0.001	43.9
SadB_ref|WP_100812327.1|:1-423	423	k121_759387_1	N/A	27.344	26	128	0.003	42.4
SadB_ref|WP_100812327.1|:1-423	423	k121_527899_2	N/A	30.534	27	131	0.003	42.7
SadB_ref|WP_100812327.1|:1-423	423	k121_1010283_2	N/A	34.234	23	111	0.004	43.1
SadB_ref|WP_100812327.1|:1-423	423	k121_316447_1	N/A	25.806	53	248	0.004	42.7
SadB_ref|WP_100812327.1|:1-423	423	k121_530856_1	N/A	28.994	39	169	0.004	41.6
SadB_ref|WP_100812327.1|:1-423	423	k121_826956_2	N/A	26.316	38	171	0.004	43.1
SadB_ref|WP_100812327.1|:1-423	423	k121_1441379_1	N/A	34.146	26	123	0.004	42.0
SadB_ref|WP_100812327.1|:1-423	423	k121_363664_3	N/A	26.619	28	139	0.006	41.6
SadB_ref|WP_100812327.1|:1-423	423	k121_1087107_3	N/A	29.861	31	144	0.006	42.4
SadB_ref|WP_100812327.1|:1-423	423	k121_921502_3	N/A	23.478	53	230	0.009	41.2
SadB_ref|WP_100812327.1|:1-423	423	k121_261195_1	N/A	26.596	22	94	0.010	39.7
SadB_ref|WP_100812327.1|:1-423	423	k121_1386791_1	N/A	26.744	33	172	0.015	41.2
SadB_ref|WP_100812327.1|:1-423	423	k121_284581_1	N/A	25.510	45	196	0.018	40.0
SadB_ref|WP_100812327.1|:1-423	423	k121_118965_1	N/A	25.000	32	160	0.024	40.0
SadB_ref|WP_100812327.1|:1-423	423	k121_1448599_4	N/A	28.689	26	122	0.029	39.3
SadB_ref|WP_100812327.1|:1-423	423	k121_873328_1	N/A	25.843	41	178	0.036	38.9
SadB_ref|WP_100812327.1|:1-423	423	k121_1486592_1	N/A	28.571	31	140	0.040	38.5
SadB_ref|WP_100812327.1|:1-423	423	k121_1533587_2	N/A	24.373	63	279	0.047	39.3
SadB_ref|WP_100812327.1|:1-423	423	k121_1051046_2	N/A	27.551	22	98	0.053	38.1
SadB_ref|WP_100812327.1|:1-423	423	k121_761325_1	N/A	28.462	28	130	0.053	38.9
SadB_ref|WP_100812327.1|:1-423	423	k121_11431_5	N/A	25.397	68	315	0.055	39.3
SadB_ref|WP_100812327.1|:1-423	423	k121_634134_1	N/A	28.571	20	84	0.061	37.4
SadB_ref|WP_100812327.1|:1-423	423	k121_20692_1	N/A	23.954	60	263	0.062	39.3
SadB_ref|WP_100812327.1|:1-423	423	k121_1580299_1	N/A	26.344	44	186	0.068	38.5
SadB_ref|WP_100812327.1|:1-423	423	k121_163473_1	N/A	24.479	45	192	0.073	38.5
SadB_ref|WP_100812327.1|:1-423	423	k121_707359_8	N/A	28.099	26	121	0.074	38.9
SadB_ref|WP_100812327.1|:1-423	423	k121_391104_1	N/A	26.042	43	192	0.083	37.7
SadB_ref|WP_100812327.1|:1-423	423	k121_20019_1	N/A	28.926	26	121	0.086	38.5
SadB_ref|WP_100812327.1|:1-423	423	k121_492185_2	N/A	22.727	48	220	0.094	38.5
SadC_ref|WP_036299413.1|:1-194	194	k121_176780_1	N/A	32.258	63	124	6.68e-15	72.0
SadC_ref|WP_036299413.1|:1-194	194	k121_226025_2	N/A	41.053	48	95	1.28e-11	63.5
SadC_ref|WP_036299413.1|:1-194	194	k121_1128076_103	N/A	30.657	69	137	5.79e-11	62.0
SadC_ref|WP_036299413.1|:1-194	194	k121_375399_4	N/A	27.857	70	140	3.24e-10	59.7
SadC_ref|WP_036299413.1|:1-194	194	k121_1123954_3	N/A	24.699	84	166	7.73e-10	58.5
SadC_ref|WP_036299413.1|:1-194	194	k121_75821_2	N/A	37.634	47	93	1.53e-09	58.2
SadC_ref|WP_036299413.1|:1-194	194	k121_368972_1	N/A	29.078	72	141	1.59e-09	58.2
SadC_ref|WP_036299413.1|:1-194	194	k121_536171_1	N/A	40.217	47	92	1.74e-09	57.8
SadC_ref|WP_036299413.1|:1-194	194	k121_1590842_2	N/A	30.973	58	113	2.56e-09	56.2
SadC_ref|WP_036299413.1|:1-194	194	k121_1464532_3	N/A	28.750	82	160	3.84e-09	57.4
SadC_ref|WP_036299413.1|:1-194	194	k121_81311_1	N/A	34.409	47	93	6.51e-09	55.5
SadC_ref|WP_036299413.1|:1-194	194	k121_1118460_2	N/A	36.170	48	94	1.03e-08	55.8
SadC_ref|WP_036299413.1|:1-194	194	k121_1178346_1	N/A	27.500	62	120	1.30e-08	55.1
SadC_ref|WP_036299413.1|:1-194	194	k121_1444940_5	N/A	39.024	42	82	3.31e-08	55.8
SadC_ref|WP_036299413.1|:1-194	194	k121_194675_3	N/A	37.931	44	87	3.67e-08	53.9
SadC_ref|WP_036299413.1|:1-194	194	k121_787043_4	N/A	36.559	47	93	3.77e-08	54.3
SadC_ref|WP_036299413.1|:1-194	194	k121_990678_3	N/A	39.130	47	92	4.91e-08	55.5
SadC_ref|WP_036299413.1|:1-194	194	k121_331593_32	N/A	27.820	68	133	5.67e-08	53.9
SadC_ref|WP_036299413.1|:1-194	194	k121_207937_1	N/A	34.815	61	135	6.03e-08	53.9
SadC_ref|WP_036299413.1|:1-194	194	k121_1105789_2	N/A	34.066	46	91	8.16e-08	54.7
SadC_ref|WP_036299413.1|:1-194	194	k121_169320_3	N/A	30.000	66	130	8.42e-08	53.1
SadC_ref|WP_036299413.1|:1-194	194	k121_761136_2	N/A	30.345	73	145	1.76e-07	52.4
SadC_ref|WP_036299413.1|:1-194	194	k121_545818_3	N/A	34.783	47	92	2.45e-07	51.2
SadC_ref|WP_036299413.1|:1-194	194	k121_79232_2	N/A	34.783	47	92	2.59e-07	52.4
SadC_ref|WP_036299413.1|:1-194	194	k121_1376349_2	N/A	35.238	52	105	3.74e-07	51.2
SadC_ref|WP_036299413.1|:1-194	194	k121_862787_2	N/A	38.750	41	80	6.86e-07	50.8
SadC_ref|WP_036299413.1|:1-194	194	k121_1210927_369	N/A	28.261	68	138	1.45e-06	50.1
SadC_ref|WP_036299413.1|:1-194	194	k121_684028_2	N/A	28.571	54	105	1.50e-06	50.8
SadC_ref|WP_036299413.1|:1-194	194	k121_484607_3	N/A	31.034	44	87	1.53e-06	49.7
SadC_ref|WP_036299413.1|:1-194	194	k121_463031_4	N/A	32.051	75	156	1.76e-06	49.7
SadC_ref|WP_036299413.1|:1-194	194	k121_68483_2	N/A	30.597	68	134	2.24e-06	49.7
SadC_ref|WP_036299413.1|:1-194	194	k121_457351_2	N/A	31.765	44	85	3.45e-06	50.1
SadC_ref|WP_036299413.1|:1-194	194	k121_209256_1	N/A	36.364	39	77	4.72e-06	48.1
SadC_ref|WP_036299413.1|:1-194	194	k121_828086_1	N/A	25.472	55	106	5.48e-06	47.4
SadC_ref|WP_036299413.1|:1-194	194	k121_375095_3	N/A	35.443	41	79	5.90e-06	48.1
SadC_ref|WP_036299413.1|:1-194	194	k121_211476_3	N/A	38.356	37	73	6.29e-06	46.2
SadC_ref|WP_036299413.1|:1-194	194	k121_1155378_2	N/A	33.333	43	84	7.59e-06	47.8
SadC_ref|WP_036299413.1|:1-194	194	k121_1424089_2	N/A	17.683	85	164	1.17e-05	47.4
SadC_ref|WP_036299413.1|:1-194	194	k121_1421269_1	N/A	27.344	65	128	1.40e-05	47.8
SadC_ref|WP_036299413.1|:1-194	194	k121_1241412_4	N/A	31.522	47	92	1.93e-05	47.0
SadC_ref|WP_036299413.1|:1-194	194	k121_963601_12	N/A	37.805	42	82	2.00e-05	46.6
SadC_ref|WP_036299413.1|:1-194	194	k121_825701_2	N/A	23.022	71	139	2.05e-05	47.0
SadC_ref|WP_036299413.1|:1-194	194	k121_1217229_1	N/A	40.351	29	57	2.05e-05	47.8
SadC_ref|WP_036299413.1|:1-194	194	k121_1015468_2	N/A	23.567	80	157	2.11e-05	46.6
SadC_ref|WP_036299413.1|:1-194	194	k121_572003_16	N/A	38.235	35	68	2.25e-05	46.6
SadC_ref|WP_036299413.1|:1-194	194	k121_519084_1	N/A	32.184	44	87	2.30e-05	45.4
SadC_ref|WP_036299413.1|:1-194	194	k121_1154860_1	N/A	34.783	47	92	2.47e-05	47.4
SadC_ref|WP_036299413.1|:1-194	194	k121_1427933_1	N/A	26.923	79	156	3.04e-05	46.2
SadC_ref|WP_036299413.1|:1-194	194	k121_254187_2	N/A	32.967	46	91	3.35e-05	47.0
SadC_ref|WP_036299413.1|:1-194	194	k121_397916_4	N/A	25.926	69	135	3.90e-05	45.8
SadC_ref|WP_036299413.1|:1-194	194	k121_949021_2	N/A	32.468	39	77	4.58e-05	45.4
SadC_ref|WP_036299413.1|:1-194	194	k121_494164_10	N/A	24.242	81	165	4.74e-05	46.6
SadC_ref|WP_036299413.1|:1-194	194	k121_1387120_5	N/A	25.625	82	160	6.11e-05	45.1
SadC_ref|WP_036299413.1|:1-194	194	k121_326671_2	N/A	26.000	77	150	6.37e-05	45.4
SadC_ref|WP_036299413.1|:1-194	194	k121_68149_2	N/A	32.184	44	87	7.52e-05	45.1
SadC_ref|WP_036299413.1|:1-194	194	k121_1537196_2	N/A	29.592	50	98	8.80e-05	44.7
SadC_ref|WP_036299413.1|:1-194	194	k121_873303_2	N/A	32.479	59	117	9.30e-05	45.8
SadC_ref|WP_036299413.1|:1-194	194	k121_417408_1	N/A	32.308	34	65	1.48e-04	43.1
SadC_ref|WP_036299413.1|:1-194	194	k121_1136330_1	N/A	32.857	36	70	1.92e-04	42.0
SadC_ref|WP_036299413.1|:1-194	194	k121_1517098_2	N/A	35.366	42	82	2.26e-04	43.5
SadC_ref|WP_036299413.1|:1-194	194	k121_1000742_1	N/A	24.219	62	128	3.30e-04	42.4
SadC_ref|WP_036299413.1|:1-194	194	k121_833904_1	N/A	40.000	28	55	3.38e-04	43.5
SadC_ref|WP_036299413.1|:1-194	194	k121_527772_1	N/A	24.786	60	117	4.07e-04	42.7
SadC_ref|WP_036299413.1|:1-194	194	k121_313270_1	N/A	29.213	45	89	6.00e-04	41.6
SadC_ref|WP_036299413.1|:1-194	194	k121_1112881_1	N/A	31.395	44	86	6.68e-04	41.2
SadC_ref|WP_036299413.1|:1-194	194	k121_1484460_1	N/A	25.000	56	108	7.31e-04	42.4
SadC_ref|WP_036299413.1|:1-194	194	k121_374662_2	N/A	33.333	40	78	8.32e-04	42.0
SadC_ref|WP_036299413.1|:1-194	194	k121_840288_151	N/A	21.472	82	163	0.001	41.6
SadC_ref|WP_036299413.1|:1-194	194	k121_519373_1	N/A	35.789	48	95	0.002	41.6
SadC_ref|WP_036299413.1|:1-194	194	k121_198580_1	N/A	25.893	57	112	0.002	40.8
SadC_ref|WP_036299413.1|:1-194	194	k121_1338456_2	N/A	34.568	41	81	0.003	39.3
SadC_ref|WP_036299413.1|:1-194	194	k121_1453690_1	N/A	28.205	40	78	0.007	37.7
SadC_ref|WP_036299413.1|:1-194	194	k121_38379_2	N/A	27.273	45	88	0.007	39.3
SadC_ref|WP_036299413.1|:1-194	194	k121_1546278_2	N/A	23.125	82	160	0.009	39.7
SadC_ref|WP_036299413.1|:1-194	194	k121_1069087_1	N/A	26.351	73	148	0.010	38.9
SadC_ref|WP_036299413.1|:1-194	194	k121_112679_1	N/A	23.762	52	101	0.016	38.9
SadC_ref|WP_036299413.1|:1-194	194	k121_516520_1	N/A	31.481	53	108	0.026	37.4
SadC_ref|WP_036299413.1|:1-194	194	k121_565745_5	N/A	38.889	28	54	0.060	36.6
SadC_ref|WP_036299413.1|:1-194	194	k121_664759_1	N/A	35.714	28	56	0.066	34.7
WP_000259031.1	279	k121_705864_1	N/A	100.000	85	238	7.02e-170	472
WP_000259031.1	279	k121_1438581_2	N/A	41.573	95	267	2.07e-53	177
WP_000259031.1	279	k121_1284938_1	N/A	43.379	78	219	3.99e-49	166
WP_000259031.1	279	k121_180192_5	N/A	35.606	94	264	6.27e-41	145
WP_000259031.1	279	k121_1198305_1	N/A	33.852	91	257	5.16e-39	141
WP_000259031.1	279	k121_1570916_2	N/A	34.733	93	262	4.42e-37	135
WP_000259031.1	279	k121_353574_1	N/A	29.811	94	265	5.28e-37	135
WP_000259031.1	279	k121_428462_1	N/A	39.556	80	225	9.18e-36	132
WP_000259031.1	279	k121_762321_142	N/A	37.652	87	247	7.80e-35	129
WP_000259031.1	279	k121_358269_2	N/A	35.338	93	266	7.71e-34	127
WP_000259031.1	279	k121_143606_1	N/A	37.097	88	248	1.85e-33	126
WP_000259031.1	279	k121_825359_2	N/A	37.652	87	247	3.80e-33	125
WP_000259031.1	279	k121_1112465_2	N/A	35.714	97	280	2.05e-32	124
WP_000259031.1	279	k121_772158_2	N/A	32.990	69	194	6.76e-32	121
WP_000259031.1	279	k121_1192322_1	N/A	32.932	87	249	1.22e-31	120
WP_000259031.1	279	k121_1460183_9	N/A	32.443	93	262	2.99e-31	120
WP_000259031.1	279	k121_1211901_2	N/A	32.472	96	271	3.99e-31	120
WP_000259031.1	279	k121_184006_3	N/A	37.549	87	253	8.02e-31	119
WP_000259031.1	279	k121_1375076_2	N/A	32.824	94	262	3.31e-30	117
WP_000259031.1	279	k121_387073_2	N/A	33.591	91	259	5.04e-30	117
WP_000259031.1	279	k121_1317424_2	N/A	35.887	88	248	2.62e-29	115
WP_000259031.1	279	k121_105356_2	N/A	33.088	96	272	3.27e-29	114
WP_000259031.1	279	k121_191027_3	N/A	33.333	97	279	9.19e-29	114
WP_000259031.1	279	k121_1109003_1	N/A	32.530	88	249	1.51e-28	113
WP_000259031.1	279	k121_1097605_2	N/A	33.186	78	226	1.32e-27	110
WP_000259031.1	279	k121_840288_204	N/A	31.227	95	269	1.61e-27	110
WP_000259031.1	279	k121_236552_1	N/A	34.247	77	219	4.31e-27	108
WP_000259031.1	279	k121_1422842_2	N/A	34.317	94	271	9.24e-27	108
WP_000259031.1	279	k121_1207934_3	N/A	33.333	88	249	2.22e-26	109
WP_000259031.1	279	k121_726068_11	N/A	31.783	91	258	5.17e-26	108
WP_000259031.1	279	k121_444777_2	N/A	27.376	93	263	5.84e-26	106
WP_000259031.1	279	k121_872676_1	N/A	28.916	87	249	9.21e-26	105
WP_000259031.1	279	k121_1009690_3	N/A	29.565	78	230	1.48e-25	105
WP_000259031.1	279	k121_524729_2	N/A	31.048	88	248	1.72e-25	105
WP_000259031.1	279	k121_1596772_2	N/A	31.179	91	263	3.78e-25	104
WP_000259031.1	279	k121_241608_2	N/A	30.682	93	264	4.20e-25	105
WP_000259031.1	279	k121_81965_1	N/A	27.490	88	251	4.78e-25	103
WP_000259031.1	279	k121_628173_1	N/A	35.196	63	179	5.86e-25	101
WP_000259031.1	279	k121_486146_2	N/A	33.203	88	256	1.03e-24	103
WP_000259031.1	279	k121_205810_1	N/A	27.711	88	249	7.66e-24	100
WP_000259031.1	279	k121_770802_1	N/A	30.502	91	259	1.26e-23	99.8
WP_000259031.1	279	k121_1560386_2	N/A	31.203	93	266	1.52e-23	101
WP_000259031.1	279	k121_13988_1	N/A	39.161	51	143	2.97e-23	97.1
WP_000259031.1	279	k121_290407_1	N/A	32.258	77	217	3.28e-23	99.0
WP_000259031.1	279	k121_515971_4	N/A	35.249	91	261	5.19e-23	100
WP_000259031.1	279	k121_33514_4	N/A	30.233	91	258	7.28e-23	99.8
WP_000259031.1	279	k121_1112583_6	N/A	30.877	95	285	2.01e-22	97.4
WP_000259031.1	279	k121_439998_1	N/A	34.979	78	243	3.53e-22	97.1
WP_000259031.1	279	k121_1239183_11	N/A	28.497	69	193	6.16e-22	94.0
WP_000259031.1	279	k121_1032136_1	N/A	38.710	66	186	6.40e-22	94.0
WP_000259031.1	279	k121_861380_3	N/A	29.600	88	250	2.40e-21	94.4
WP_000259031.1	279	k121_954494_1	N/A	26.423	87	246	3.05e-21	93.2
WP_000259031.1	279	k121_1100069_2	N/A	32.530	88	249	3.33e-21	95.1
WP_000259031.1	279	k121_1298101_2	N/A	38.281	46	128	5.88e-21	90.1
WP_000259031.1	279	k121_654956_2	N/A	34.247	78	219	7.64e-21	92.8
WP_000259031.1	279	k121_459009_3	N/A	28.195	93	266	9.22e-21	92.8
WP_000259031.1	279	k121_608698_1	N/A	31.148	63	183	2.90e-20	89.0
WP_000259031.1	279	k121_461931_4	N/A	34.906	76	212	9.97e-20	89.4
WP_000259031.1	279	k121_204726_1	N/A	28.755	81	233	8.10e-19	86.3
WP_000259031.1	279	k121_513937_1	N/A	34.034	82	238	8.74e-19	87.4
WP_000259031.1	279	k121_72476_2	N/A	32.000	76	225	1.93e-18	85.9
WP_000259031.1	279	k121_838626_1	N/A	30.890	65	191	2.61e-18	84.0
WP_000259031.1	279	k121_1501549_1	N/A	29.444	63	180	2.99e-18	83.6
WP_000259031.1	279	k121_1589923_1	N/A	30.337	63	178	3.45e-18	84.0
WP_000259031.1	279	k121_1216563_1	N/A	26.946	59	167	4.43e-18	82.8
WP_000259031.1	279	k121_959179_2	N/A	29.911	78	224	5.41e-18	84.3
WP_000259031.1	279	k121_503243_1	N/A	32.927	58	164	7.24e-18	82.4
WP_000259031.1	279	k121_543797_7	N/A	32.735	78	223	8.69e-18	85.1
WP_000259031.1	279	k121_420160_1	N/A	31.148	63	183	9.82e-18	82.4
WP_000259031.1	279	k121_1008983_1	N/A	34.586	47	133	1.11e-17	81.3
WP_000259031.1	279	k121_1246505_1	N/A	30.000	64	180	2.79e-17	81.3
WP_000259031.1	279	k121_486477_1	N/A	32.500	56	160	3.20e-17	82.0
WP_000259031.1	279	k121_332498_2	N/A	31.481	77	216	3.95e-17	81.3
WP_000259031.1	279	k121_400657_1	N/A	28.571	62	175	1.27e-16	79.3
WP_000259031.1	279	k121_1435562_1	N/A	28.652	63	178	1.49e-16	79.3
WP_000259031.1	279	k121_468373_1	N/A	32.597	63	181	2.39e-16	78.6
WP_000259031.1	279	k121_157542_2	N/A	26.882	61	186	2.69e-16	78.6
WP_000259031.1	279	k121_261901_2	N/A	30.165	86	242	4.90e-16	79.0
WP_000259031.1	279	k121_562364_1	N/A	29.255	66	188	8.02e-16	77.0
WP_000259031.1	279	k121_1000044_1	N/A	33.520	64	179	2.05e-15	75.9
WP_000259031.1	279	k121_938182_1	N/A	32.558	61	172	2.10e-15	77.0
WP_000259031.1	279	k121_1541373_1	N/A	30.112	93	269	2.30e-15	77.8
WP_000259031.1	279	k121_226231_1	N/A	33.537	58	164	2.41e-15	76.3
WP_000259031.1	279	k121_1329014_2	N/A	35.922	37	103	6.44e-15	72.8
WP_000259031.1	279	k121_1571503_2	N/A	38.235	37	102	1.10e-14	71.6
WP_000259031.1	279	k121_744253_1	N/A	37.097	44	124	1.15e-14	73.2
WP_000259031.1	279	k121_1131325_1	N/A	36.290	44	124	1.31e-14	73.6
WP_000259031.1	279	k121_33287_1	N/A	38.462	55	156	3.27e-14	72.8
WP_000259031.1	279	k121_1503746_1	N/A	37.143	37	105	3.87e-14	70.5
WP_000259031.1	279	k121_198045_1	N/A	27.513	67	189	4.20e-14	72.4
WP_000259031.1	279	k121_534289_1	N/A	30.178	59	169	6.71e-14	71.6
WP_000259031.1	279	k121_45244_1	N/A	28.488	61	172	7.80e-14	71.6
WP_000259031.1	279	k121_15442_1	N/A	28.090	63	178	7.94e-14	72.4
WP_000259031.1	279	k121_1522402_2	N/A	33.981	37	103	8.41e-14	70.1
WP_000259031.1	279	k121_1424296_2	N/A	30.769	88	247	5.67e-13	71.2
WP_000259031.1	279	k121_1057985_2	N/A	40.964	29	83	8.75e-13	66.6
WP_000259031.1	279	k121_1371083_3	N/A	30.366	63	191	2.50e-12	68.2
WP_000259031.1	279	k121_621267_2	N/A	36.220	45	127	3.71e-12	65.9
WP_000259031.1	279	k121_632423_1	N/A	24.291	89	247	5.07e-12	68.6
WP_000259031.1	279	k121_1168137_2	N/A	30.317	76	221	1.07e-11	66.6
WP_000259031.1	279	k121_1037400_2	N/A	36.792	38	106	1.68e-11	64.7
WP_000259031.1	279	k121_557122_1	N/A	31.579	64	190	1.75e-11	65.5
WP_000259031.1	279	k121_818918_1	N/A	28.713	71	202	1.87e-11	65.9
WP_000259031.1	279	k121_183707_2	N/A	37.363	33	91	2.51e-11	62.8
WP_000259031.1	279	k121_129221_1	N/A	35.246	43	122	3.79e-11	62.8
WP_000259031.1	279	k121_732246_3	N/A	23.005	72	213	3.95e-11	65.9
WP_000259031.1	279	k121_492139_1	N/A	38.760	46	129	4.29e-11	63.9
WP_000259031.1	279	k121_1355873_1	N/A	30.070	51	143	1.03e-10	62.8
WP_000259031.1	279	k121_668704_4	N/A	36.634	36	101	1.17e-10	61.2
WP_000259031.1	279	k121_924399_2	N/A	30.876	77	217	1.92e-10	64.3
WP_000259031.1	279	k121_702135_2	N/A	33.043	41	115	2.15e-10	61.6
WP_000259031.1	279	k121_933767_1	N/A	34.653	35	101	2.32e-10	60.1
WP_000259031.1	279	k121_986851_1	N/A	40.952	37	105	3.61e-10	60.1
WP_000259031.1	279	k121_356675_1	N/A	29.319	66	191	4.70e-10	61.6
WP_000259031.1	279	k121_95055_2	N/A	30.088	41	113	5.98e-10	60.1
WP_000259031.1	279	k121_1447044_2	N/A	27.848	56	158	6.20e-10	60.1
WP_000259031.1	279	k121_80498_1	N/A	32.800	44	125	7.48e-10	59.7
WP_000259031.1	279	k121_1579249_1	N/A	31.061	47	132	8.34e-10	60.1
WP_000259031.1	279	k121_1063800_1	N/A	32.075	38	106	8.99e-10	58.9
WP_000259031.1	279	k121_935946_1	N/A	27.419	44	124	9.10e-10	60.1
WP_000259031.1	279	k121_177555_2	N/A	38.462	32	91	1.72e-09	58.9
WP_000259031.1	279	k121_1203105_1	N/A	42.056	38	107	2.09e-09	58.2
WP_000259031.1	279	k121_697162_1	N/A	25.600	44	125	2.45e-09	58.2
WP_000259031.1	279	k121_1519454_1	N/A	27.826	41	115	3.16e-09	58.2
WP_000259031.1	279	k121_839361_1	N/A	35.897	41	117	8.72e-09	57.4
WP_000259031.1	279	k121_263323_2	N/A	28.155	37	103	1.30e-08	55.8
WP_000259031.1	279	k121_187020_1	N/A	31.579	45	133	1.51e-08	55.8
WP_000259031.1	279	k121_1280209_1	N/A	34.524	29	84	1.59e-08	54.7
WP_000259031.1	279	k121_1320658_1	N/A	32.520	44	123	2.38e-08	55.1
WP_000259031.1	279	k121_187004_2	N/A	36.686	57	169	3.30e-08	55.8
WP_000259031.1	279	k121_1350651_1	N/A	26.724	42	116	8.06e-08	53.9
WP_000259031.1	279	k121_1064300_2	N/A	29.204	41	113	1.03e-07	53.5
WP_000259031.1	279	k121_302063_1	N/A	32.667	52	150	1.31e-07	53.9
WP_000259031.1	279	k121_1511367_1	N/A	30.952	29	84	2.09e-07	52.0
WP_000259031.1	279	k121_548739_1	N/A	35.714	29	84	2.20e-07	51.6
WP_000259031.1	279	k121_1158538_1	N/A	37.838	39	111	8.04e-07	52.4
WP_000259031.1	279	k121_1267781_1	N/A	33.036	39	112	1.10e-06	50.1
WP_000259031.1	279	k121_597660_1	N/A	26.786	60	168	1.57e-06	51.6
WP_000259031.1	279	k121_347899_1	N/A	36.364	24	66	1.60e-06	48.9
WP_000259031.1	279	k121_803243_2	N/A	33.019	38	106	1.79e-06	50.1
WP_000259031.1	279	k121_391665_2	N/A	35.106	33	94	2.21e-06	49.3
WP_000259031.1	279	k121_703971_1	N/A	21.774	44	124	2.41e-06	50.4
WP_000259031.1	279	k121_645080_1	N/A	25.926	48	135	3.30e-06	49.3
WP_000259031.1	279	k121_642702_1	N/A	43.210	29	81	5.70e-06	49.3
WP_000259031.1	279	k121_317138_1	N/A	26.897	51	145	6.67e-06	49.3
WP_000259031.1	279	k121_374921_2	N/A	39.048	34	105	7.29e-06	47.8
WP_000259031.1	279	k121_872469_1	N/A	33.871	22	62	8.12e-06	46.2
WP_000259031.1	279	k121_16045_3	N/A	31.193	38	109	2.84e-05	46.6
WP_000259031.1	279	k121_748733_2	N/A	32.743	38	113	3.04e-05	47.0
WP_000259031.1	279	k121_1222143_2	N/A	41.791	24	67	3.27e-05	45.1
WP_000259031.1	279	k121_1225820_1	N/A	31.646	28	79	6.91e-05	44.7
WP_000259031.1	279	k121_343070_1	N/A	34.959	42	123	7.08e-05	46.2
WP_000259031.1	279	k121_870135_1	N/A	30.851	34	94	7.33e-05	45.1
WP_000259031.1	279	k121_1015741_1	N/A	30.380	28	79	1.27e-04	43.9
WP_000259031.1	279	k121_1111182_1	N/A	39.130	25	69	1.75e-04	44.3
WP_000259031.1	279	k121_1225820_2	N/A	25.170	49	147	2.08e-04	45.1
WP_000259031.1	279	k121_661702_2	N/A	30.864	29	81	3.18e-04	42.7
WP_000259031.1	279	k121_937357_1	N/A	40.000	29	80	3.27e-04	44.7
WP_000259031.1	279	k121_1246151_3	N/A	33.766	27	77	6.04e-04	44.3
WP_000259031.1	279	k121_653221_1	N/A	27.835	35	97	8.12e-04	42.0
WP_000259031.1	279	k121_998641_1	N/A	27.193	34	114	0.004	40.0
WP_000259031.1	279	k121_1492956_2	N/A	26.515	47	132	0.004	40.0
WP_000259031.1	279	k121_1251798_1	N/A	33.000	36	100	0.004	39.7
WP_000259031.1	279	k121_125439_1	N/A	34.483	21	58	0.013	37.7
WP_000259031.1	279	k121_99033_1	N/A	34.091	31	88	0.039	36.6
WP_001043260.1	271	k121_705864_1	N/A	54.430	87	237	5.32e-77	236
WP_001043260.1	271	k121_1438581_2	N/A	47.308	95	260	7.21e-63	201
WP_001043260.1	271	k121_358269_2	N/A	39.623	96	265	1.72e-49	167
WP_001043260.1	271	k121_762321_142	N/A	39.464	96	261	3.37e-49	166
WP_001043260.1	271	k121_1284938_1	N/A	42.922	80	219	3.74e-49	165
WP_001043260.1	271	k121_1570916_2	N/A	38.846	95	260	1.32e-48	164
WP_001043260.1	271	k121_1198305_1	N/A	37.643	95	263	8.28e-46	159
WP_001043260.1	271	k121_825359_2	N/A	42.586	94	263	2.17e-45	157
WP_001043260.1	271	k121_353574_1	N/A	33.716	96	261	1.36e-44	154
WP_001043260.1	271	k121_180192_5	N/A	35.521	96	259	2.10e-44	154
WP_001043260.1	271	k121_1375076_2	N/A	38.258	97	264	2.40e-44	154
WP_001043260.1	271	k121_143606_1	N/A	40.816	90	245	3.35e-44	154
WP_001043260.1	271	k121_840288_204	N/A	38.636	97	264	6.67e-43	150
WP_001043260.1	271	k121_428462_1	N/A	40.724	81	221	1.89e-42	149
WP_001043260.1	271	k121_236552_1	N/A	38.393	81	224	1.35e-40	143
WP_001043260.1	271	k121_1192322_1	N/A	36.694	90	248	1.55e-40	143
WP_001043260.1	271	k121_861380_3	N/A	34.586	96	266	6.27e-40	143
WP_001043260.1	271	k121_1317424_2	N/A	39.453	94	256	8.48e-40	142
WP_001043260.1	271	k121_1112583_6	N/A	35.766	96	274	1.08e-39	142
WP_001043260.1	271	k121_1596772_2	N/A	37.313	95	268	1.49e-39	142
WP_001043260.1	271	k121_1112465_2	N/A	34.944	96	269	1.35e-38	140
WP_001043260.1	271	k121_1211901_2	N/A	33.962	96	265	1.52e-38	139
WP_001043260.1	271	k121_191027_3	N/A	35.055	96	271	1.28e-37	137
WP_001043260.1	271	k121_105356_2	N/A	36.782	95	261	2.43e-37	135
WP_001043260.1	271	k121_387073_2	N/A	34.363	93	259	1.38e-36	134
WP_001043260.1	271	k121_1097605_2	N/A	36.406	79	217	4.33e-36	132
WP_001043260.1	271	k121_1239183_11	N/A	36.458	70	192	5.67e-36	130
WP_001043260.1	271	k121_1460183_9	N/A	36.842	96	266	8.89e-36	132
WP_001043260.1	271	k121_184006_3	N/A	37.121	95	264	9.00e-36	132
WP_001043260.1	271	k121_524729_2	N/A	34.100	95	261	2.16e-35	131
WP_001043260.1	271	k121_1298101_2	N/A	45.390	52	141	3.70e-35	127
WP_001043260.1	271	k121_1109003_1	N/A	34.127	92	252	4.36e-35	130
WP_001043260.1	271	k121_1560386_2	N/A	37.363	97	273	6.67e-35	131
WP_001043260.1	271	k121_439998_1	N/A	37.500	84	256	7.01e-34	127
WP_001043260.1	271	k121_459009_3	N/A	31.679	95	262	2.35e-33	126
WP_001043260.1	271	k121_1422842_2	N/A	37.154	90	253	5.45e-33	125
WP_001043260.1	271	k121_444777_2	N/A	30.038	95	263	1.25e-32	124
WP_001043260.1	271	k121_770802_1	N/A	34.981	93	263	1.88e-32	122
WP_001043260.1	271	k121_772158_2	N/A	32.447	69	188	2.14e-32	122
WP_001043260.1	271	k121_205810_1	N/A	30.588	93	255	5.11e-31	119
WP_001043260.1	271	k121_654956_2	N/A	39.269	79	219	5.94e-31	119
WP_001043260.1	271	k121_1246505_1	N/A	39.773	64	176	1.35e-30	116
WP_001043260.1	271	k121_1009690_3	N/A	32.143	88	252	1.53e-30	118
WP_001043260.1	271	k121_486146_2	N/A	35.521	95	259	2.01e-30	118
WP_001043260.1	271	k121_1207934_3	N/A	34.677	90	248	3.14e-30	119
WP_001043260.1	271	k121_400657_1	N/A	34.831	63	178	1.45e-29	113
WP_001043260.1	271	k121_954494_1	N/A	30.159	92	252	4.00e-29	114
WP_001043260.1	271	k121_1435562_1	N/A	31.771	70	192	5.29e-29	112
WP_001043260.1	271	k121_1589923_1	N/A	35.632	64	174	2.96e-28	110
WP_001043260.1	271	k121_241608_2	N/A	29.588	97	267	2.23e-27	111
WP_001043260.1	271	k121_726068_11	N/A	29.588	97	267	2.77e-27	111
WP_001043260.1	271	k121_872676_1	N/A	28.352	95	261	3.19e-27	109
WP_001043260.1	271	k121_33514_4	N/A	29.851	97	268	3.62e-27	111
WP_001043260.1	271	k121_81965_1	N/A	28.063	92	253	1.34e-26	107
WP_001043260.1	271	k121_628173_1	N/A	34.807	66	181	3.00e-26	105
WP_001043260.1	271	k121_420160_1	N/A	32.961	64	179	7.08e-26	103
WP_001043260.1	271	k121_1100069_2	N/A	34.677	90	248	9.06e-26	107
WP_001043260.1	271	k121_290407_1	N/A	30.317	80	221	1.34e-25	105
WP_001043260.1	271	k121_1371083_3	N/A	36.058	71	208	2.61e-25	103
WP_001043260.1	271	k121_1329014_2	N/A	45.192	38	104	3.32e-25	99.8
WP_001043260.1	271	k121_515971_4	N/A	33.824	98	272	4.14e-25	105
WP_001043260.1	271	k121_543797_7	N/A	38.009	79	221	1.38e-24	103
WP_001043260.1	271	k121_45244_1	N/A	33.529	62	170	4.15e-24	99.4
WP_001043260.1	271	k121_72476_2	N/A	34.902	92	255	4.99e-24	100
WP_001043260.1	271	k121_461931_4	N/A	35.146	88	239	5.89e-24	100
WP_001043260.1	271	k121_1037400_2	N/A	49.515	38	103	9.87e-24	97.4
WP_001043260.1	271	k121_1522402_2	N/A	44.660	38	103	1.87e-23	95.9
WP_001043260.1	271	k121_204726_1	N/A	30.531	82	226	3.63e-23	97.8
WP_001043260.1	271	k121_562364_1	N/A	33.155	67	187	3.84e-23	96.7
WP_001043260.1	271	k121_1000044_1	N/A	37.368	69	190	4.97e-23	96.3
WP_001043260.1	271	k121_95055_2	N/A	43.269	38	104	5.21e-23	95.1
WP_001043260.1	271	k121_157542_2	N/A	33.152	62	184	5.78e-23	96.3
WP_001043260.1	271	k121_486477_1	N/A	38.125	58	160	1.10e-22	96.7
WP_001043260.1	271	k121_332498_2	N/A	32.683	75	205	1.34e-22	95.5
WP_001043260.1	271	k121_468373_1	N/A	33.898	64	177	1.68e-22	95.1
WP_001043260.1	271	k121_1571503_2	N/A	44.118	38	102	7.03e-22	90.5
WP_001043260.1	271	k121_1216563_1	N/A	30.909	61	165	9.51e-22	92.4
WP_001043260.1	271	k121_183707_2	N/A	47.253	34	91	1.43e-21	90.1
WP_001043260.1	271	k121_198045_1	N/A	29.730	67	185	3.56e-21	91.3
WP_001043260.1	271	k121_1503746_1	N/A	42.718	38	103	5.36e-21	88.6
WP_001043260.1	271	k121_1131325_1	N/A	41.860	45	129	7.68e-21	90.1
WP_001043260.1	271	k121_1541373_1	N/A	33.585	96	265	8.66e-21	92.8
WP_001043260.1	271	k121_838626_1	N/A	30.811	68	185	1.39e-20	90.1
WP_001043260.1	271	k121_1501549_1	N/A	31.285	64	179	1.92e-20	89.4
WP_001043260.1	271	k121_744253_1	N/A	41.085	45	129	2.20e-20	88.2
WP_001043260.1	271	k121_959179_2	N/A	29.224	79	219	3.15e-20	90.1
WP_001043260.1	271	k121_1032136_1	N/A	34.158	74	202	6.89e-20	88.2
WP_001043260.1	271	k121_263323_2	N/A	40.000	37	100	1.37e-19	85.5
WP_001043260.1	271	k121_1008983_1	N/A	38.281	46	128	1.81e-19	85.9
WP_001043260.1	271	k121_1579249_1	N/A	37.255	55	153	1.83e-19	86.3
WP_001043260.1	271	k121_935946_1	N/A	41.000	37	100	2.02e-19	86.3
WP_001043260.1	271	k121_870135_1	N/A	46.809	35	94	2.54e-19	84.3
WP_001043260.1	271	k121_938182_1	N/A	32.143	62	168	6.45e-19	86.3
WP_001043260.1	271	k121_632423_1	N/A	29.084	91	251	7.26e-19	87.4
WP_001043260.1	271	k121_702135_2	N/A	44.118	38	102	9.77e-19	84.3
WP_001043260.1	271	k121_80498_1	N/A	38.889	45	126	1.20e-18	83.2
WP_001043260.1	271	k121_668704_4	N/A	42.157	37	102	1.63e-18	82.4
WP_001043260.1	271	k121_534289_1	N/A	32.335	61	167	3.09e-18	83.2
WP_001043260.1	271	k121_732246_3	N/A	27.941	95	272	1.55e-17	84.0
WP_001043260.1	271	k121_513937_1	N/A	30.594	80	219	2.59e-17	83.2
WP_001043260.1	271	k121_33287_1	N/A	39.535	61	172	3.68e-17	80.5
WP_001043260.1	271	k121_608698_1	N/A	31.319	64	182	8.14e-17	79.7
WP_001043260.1	271	k121_1064300_2	N/A	37.864	38	103	8.61e-17	78.2
WP_001043260.1	271	k121_697162_1	N/A	32.000	45	125	2.18e-16	77.4
WP_001043260.1	271	k121_1424296_2	N/A	32.389	90	247	2.65e-16	80.5
WP_001043260.1	271	k121_1057985_2	N/A	42.857	31	84	4.68e-16	75.5
WP_001043260.1	271	k121_13988_1	N/A	32.117	51	137	5.52e-16	77.4
WP_001043260.1	271	k121_557122_1	N/A	31.579	74	209	1.18e-15	77.0
WP_001043260.1	271	k121_503243_1	N/A	28.488	63	172	2.06e-15	75.5
WP_001043260.1	271	k121_924399_2	N/A	29.317	90	249	3.54e-15	78.2
WP_001043260.1	271	k121_1355873_1	N/A	32.143	52	140	4.72e-15	74.7
WP_001043260.1	271	k121_261901_2	N/A	31.148	88	244	1.10e-14	75.1
WP_001043260.1	271	k121_548739_1	N/A	48.571	26	70	1.10e-14	71.6
WP_001043260.1	271	k121_177555_2	N/A	41.758	33	91	2.34e-14	72.4
WP_001043260.1	271	k121_986851_1	N/A	36.800	46	125	3.27e-14	70.9
WP_001043260.1	271	k121_1168137_2	N/A	31.982	78	222	6.21e-14	72.4
WP_001043260.1	271	k121_933767_1	N/A	37.624	37	101	7.17e-14	69.7
WP_001043260.1	271	k121_1111182_1	N/A	50.000	26	70	2.06e-13	69.3
WP_001043260.1	271	k121_15442_1	N/A	30.000	64	180	2.85e-13	70.5
WP_001043260.1	271	k121_1280209_1	N/A	38.824	30	85	4.11e-13	67.4
WP_001043260.1	271	k121_1519454_1	N/A	29.197	51	137	6.95e-13	68.2
WP_001043260.1	271	k121_818918_1	N/A	28.283	72	198	2.83e-12	67.8
WP_001043260.1	271	k121_226231_1	N/A	32.624	52	141	6.63e-12	66.6
WP_001043260.1	271	k121_1225820_1	N/A	44.444	26	72	1.16e-11	63.2
WP_001043260.1	271	k121_1015741_1	N/A	43.056	26	72	2.66e-11	62.4
WP_001043260.1	271	k121_1246151_3	N/A	43.056	26	72	3.18e-11	65.5
WP_001043260.1	271	k121_356675_1	N/A	31.068	72	206	3.84e-11	64.7
WP_001043260.1	271	k121_803243_2	N/A	36.585	44	123	7.45e-11	62.0
WP_001043260.1	271	k121_317138_1	N/A	28.351	69	194	8.09e-11	63.5
WP_001043260.1	271	k121_1203105_1	N/A	40.000	44	120	8.85e-11	61.6
WP_001043260.1	271	k121_872469_1	N/A	45.161	23	62	8.92e-11	59.7
WP_001043260.1	271	k121_187020_1	N/A	29.851	46	134	1.06e-10	61.6
WP_001043260.1	271	k121_1267781_1	N/A	38.136	43	118	1.27e-10	61.2
WP_001043260.1	271	k121_1222143_2	N/A	47.761	25	67	5.72e-10	58.2
WP_001043260.1	271	k121_621267_2	N/A	32.231	44	121	5.82e-10	59.7
WP_001043260.1	271	k121_16045_3	N/A	35.246	45	122	8.57e-10	59.3
WP_001043260.1	271	k121_129221_1	N/A	36.290	45	124	9.17e-10	58.9
WP_001043260.1	271	k121_703971_1	N/A	27.642	45	123	9.30e-10	60.1
WP_001043260.1	271	k121_347899_1	N/A	44.776	25	67	1.06e-09	57.8
WP_001043260.1	271	k121_302063_1	N/A	34.356	58	163	1.84e-09	58.9
WP_001043260.1	271	k121_839361_1	N/A	29.139	54	151	7.72e-09	57.4
WP_001043260.1	271	k121_1511367_1	N/A	35.443	29	79	7.77e-09	56.2
WP_001043260.1	271	k121_343070_1	N/A	33.702	63	181	1.31e-08	57.0
WP_001043260.1	271	k121_1063800_1	N/A	30.159	45	126	2.20e-08	55.1
WP_001043260.1	271	k121_748733_2	N/A	28.859	52	149	8.89e-08	53.9
WP_001043260.1	271	k121_492139_1	N/A	33.962	38	106	1.46e-07	53.9
WP_001043260.1	271	k121_374921_2	N/A	36.364	38	110	3.06e-07	51.6
WP_001043260.1	271	k121_937357_1	N/A	39.796	36	98	3.53e-07	53.1
WP_001043260.1	271	k121_645080_1	N/A	25.984	47	127	1.54e-06	50.1
WP_001043260.1	271	k121_1276773_1	N/A	45.763	20	59	2.48e-06	47.4
WP_001043260.1	271	k121_1320658_1	N/A	31.707	30	82	2.95e-06	48.9
WP_001043260.1	271	k121_1447044_2	N/A	24.074	59	162	5.26e-06	48.9
WP_001043260.1	271	k121_1158538_1	N/A	38.614	37	101	1.18e-05	48.9
WP_001043260.1	271	k121_1281596_1	N/A	29.747	54	158	2.05e-05	47.8
WP_001043260.1	271	k121_391665_2	N/A	34.694	35	98	1.67e-04	43.9
WP_001043260.1	271	k121_1225820_2	N/A	21.000	69	200	8.93e-04	43.1
WP_001043260.1	271	k121_1251798_1	N/A	36.458	34	96	0.001	41.6
WP_001043260.1	271	k121_533616_1	N/A	34.409	34	93	0.001	40.8
WP_001043260.1	271	k121_661702_2	N/A	27.273	37	99	0.003	40.0
WP_001043260.1	271	k121_1428745_1	N/A	36.620	25	71	0.004	41.6
WP_001043260.1	271	k121_642702_1	N/A	41.509	20	53	0.005	40.8
WP_001043260.1	271	k121_653221_1	N/A	31.707	30	82	0.008	38.9
WP_001043260.1	271	k121_1400834_1	N/A	43.077	23	65	0.009	40.0
WP_001043260.1	271	k121_597660_1	N/A	25.767	59	163	0.011	40.0
WP_001043260.1	271	k121_187004_2	N/A	29.310	58	174	0.024	38.9
WP_001043260.1	271	k121_125439_1	N/A	29.487	29	78	0.036	36.6
WP_000034420.1	263	k121_705864_1	N/A	44.068	89	236	1.30e-71	222
WP_000034420.1	263	k121_1438581_2	N/A	42.045	99	264	1.14e-66	211
WP_000034420.1	263	k121_1284938_1	N/A	47.534	84	223	4.18e-64	203
WP_000034420.1	263	k121_353574_1	N/A	38.023	98	263	6.92e-54	178
WP_000034420.1	263	k121_1570916_2	N/A	39.313	98	262	1.69e-53	177
WP_000034420.1	263	k121_180192_5	N/A	37.452	98	259	2.85e-52	174
WP_000034420.1	263	k121_1198305_1	N/A	35.769	97	260	2.97e-50	170
WP_000034420.1	263	k121_358269_2	N/A	37.262	98	263	8.14e-50	168
WP_000034420.1	263	k121_143606_1	N/A	37.743	97	257	9.60e-50	168
WP_000034420.1	263	k121_825359_2	N/A	38.077	98	260	1.08e-48	165
WP_000034420.1	263	k121_1375076_2	N/A	37.023	98	262	4.00e-48	164
WP_000034420.1	263	k121_1211901_2	N/A	34.483	99	261	1.31e-47	162
WP_000034420.1	263	k121_762321_142	N/A	35.907	98	259	1.38e-47	162
WP_000034420.1	263	k121_1596772_2	N/A	35.185	99	270	1.93e-47	162
WP_000034420.1	263	k121_840288_204	N/A	36.364	99	264	5.15e-46	158
WP_000034420.1	263	k121_1112465_2	N/A	35.897	99	273	5.50e-45	156
WP_000034420.1	263	k121_428462_1	N/A	38.938	85	226	2.40e-44	154
WP_000034420.1	263	k121_861380_3	N/A	35.271	97	258	3.21e-44	154
WP_000034420.1	263	k121_191027_3	N/A	31.835	98	267	2.90e-42	149
WP_000034420.1	263	k121_772158_2	N/A	39.301	87	229	5.66e-42	146
WP_000034420.1	263	k121_1112583_6	N/A	32.246	99	276	2.35e-41	146
WP_000034420.1	263	k121_105356_2	N/A	34.615	98	260	2.45e-41	145
WP_000034420.1	263	k121_1192322_1	N/A	36.434	97	258	6.09e-41	144
WP_000034420.1	263	k121_1422842_2	N/A	35.849	98	265	6.79e-41	145
WP_000034420.1	263	k121_236552_1	N/A	38.393	84	224	3.78e-40	141
WP_000034420.1	263	k121_184006_3	N/A	34.340	98	265	6.64e-40	142
WP_000034420.1	263	k121_1317424_2	N/A	35.115	98	262	3.69e-39	140
WP_000034420.1	263	k121_205810_1	N/A	33.205	97	259	1.54e-38	139
WP_000034420.1	263	k121_1560386_2	N/A	32.707	99	266	6.65e-38	139
WP_000034420.1	263	k121_954494_1	N/A	32.540	95	252	1.12e-37	135
WP_000034420.1	263	k121_770802_1	N/A	31.538	97	260	1.96e-37	135
WP_000034420.1	263	k121_1460183_9	N/A	33.585	98	265	5.14e-37	135
WP_000034420.1	263	k121_515971_4	N/A	32.830	98	265	5.51e-37	137
WP_000034420.1	263	k121_1239183_11	N/A	38.144	73	194	1.22e-36	132
WP_000034420.1	263	k121_241608_2	N/A	30.534	99	262	3.10e-35	132
WP_000034420.1	263	k121_1097605_2	N/A	35.498	85	231	5.82e-35	129
WP_000034420.1	263	k121_726068_11	N/A	30.534	99	262	2.10e-34	130
WP_000034420.1	263	k121_387073_2	N/A	30.859	94	256	2.77e-34	127
WP_000034420.1	263	k121_439998_1	N/A	33.977	89	259	5.56e-34	127
WP_000034420.1	263	k121_1589923_1	N/A	39.326	67	178	8.28e-34	124
WP_000034420.1	263	k121_654956_2	N/A	37.121	99	264	1.53e-33	125
WP_000034420.1	263	k121_486146_2	N/A	33.591	98	259	1.64e-33	125
WP_000034420.1	263	k121_33514_4	N/A	31.439	99	264	4.86e-33	126
WP_000034420.1	263	k121_524729_2	N/A	32.955	99	264	7.25e-33	124
WP_000034420.1	263	k121_628173_1	N/A	37.640	66	178	1.02e-32	121
WP_000034420.1	263	k121_543797_7	N/A	34.470	99	264	1.24e-32	125
WP_000034420.1	263	k121_1207934_3	N/A	29.588	99	267	1.35e-32	125
WP_000034420.1	263	k121_1032136_1	N/A	34.328	76	201	1.45e-31	119
WP_000034420.1	263	k121_1298101_2	N/A	44.882	48	127	1.67e-31	117
WP_000034420.1	263	k121_400657_1	N/A	34.857	66	175	1.72e-31	118
WP_000034420.1	263	k121_1109003_1	N/A	31.818	98	264	2.50e-31	120
WP_000034420.1	263	k121_1009690_3	N/A	32.143	91	252	6.53e-31	119
WP_000034420.1	263	k121_444777_2	N/A	32.090	99	268	1.78e-30	117
WP_000034420.1	263	k121_459009_3	N/A	29.434	98	265	6.38e-30	116
WP_000034420.1	263	k121_420160_1	N/A	36.517	66	178	1.18e-29	113
WP_000034420.1	263	k121_1246505_1	N/A	34.444	67	180	2.81e-29	112
WP_000034420.1	263	k121_81965_1	N/A	31.076	94	251	3.79e-29	114
WP_000034420.1	263	k121_468373_1	N/A	36.517	66	178	8.81e-29	111
WP_000034420.1	263	k121_290407_1	N/A	30.876	82	217	2.54e-28	112
WP_000034420.1	263	k121_557122_1	N/A	34.615	76	208	3.23e-28	110
WP_000034420.1	263	k121_1541373_1	N/A	32.576	99	264	4.03e-28	112
WP_000034420.1	263	k121_1100069_2	N/A	30.038	99	263	4.38e-28	113
WP_000034420.1	263	k121_13988_1	N/A	37.500	67	176	7.48e-28	108
WP_000034420.1	263	k121_332498_2	N/A	31.373	77	204	9.74e-28	108
WP_000034420.1	263	k121_938182_1	N/A	34.706	64	170	1.87e-27	108
WP_000034420.1	263	k121_872676_1	N/A	31.373	94	255	1.87e-27	109
WP_000034420.1	263	k121_1371083_3	N/A	34.031	67	191	2.33e-26	105
WP_000034420.1	263	k121_1435562_1	N/A	34.270	66	178	2.66e-26	105
WP_000034420.1	263	k121_461931_4	N/A	31.837	89	245	4.14e-26	105
WP_000034420.1	263	k121_1329014_2	N/A	44.660	39	103	4.68e-26	101
WP_000034420.1	263	k121_1131325_1	N/A	40.000	47	125	6.69e-26	103
WP_000034420.1	263	k121_45244_1	N/A	33.908	65	174	1.71e-25	102
WP_000034420.1	263	k121_744253_1	N/A	40.000	47	125	1.78e-25	101
WP_000034420.1	263	k121_1424296_2	N/A	31.818	99	264	1.95e-25	105
WP_000034420.1	263	k121_1000044_1	N/A	34.426	69	183	1.98e-25	102
WP_000034420.1	263	k121_263323_2	N/A	41.509	40	106	4.19e-25	99.8
WP_000034420.1	263	k121_72476_2	N/A	32.171	94	258	4.57e-25	103
WP_000034420.1	263	k121_1522402_2	N/A	43.396	40	106	7.98e-25	99.4
WP_000034420.1	263	k121_959179_2	N/A	32.365	89	241	3.44e-24	100
WP_000034420.1	263	k121_935946_1	N/A	38.400	47	125	3.60e-24	98.6
WP_000034420.1	263	k121_1216563_1	N/A	33.333	63	168	7.35e-24	97.8
WP_000034420.1	263	k121_608698_1	N/A	31.351	67	185	1.19e-23	97.8
WP_000034420.1	263	k121_33287_1	N/A	37.500	63	168	1.61e-23	97.1
WP_000034420.1	263	k121_1064300_2	N/A	36.842	43	114	2.02e-23	95.5
WP_000034420.1	263	k121_1168137_2	N/A	31.651	81	218	3.18e-23	97.4
WP_000034420.1	263	k121_1057985_2	N/A	51.163	32	86	3.95e-23	94.0
WP_000034420.1	263	k121_204726_1	N/A	31.004	85	229	5.44e-23	97.1
WP_000034420.1	263	k121_503243_1	N/A	33.889	67	180	7.76e-23	95.1
WP_000034420.1	263	k121_1579249_1	N/A	37.903	47	124	1.05e-22	94.7
WP_000034420.1	263	k121_702135_2	N/A	37.008	48	127	1.08e-22	94.7
WP_000034420.1	263	k121_486477_1	N/A	34.783	60	161	1.75e-22	95.9
WP_000034420.1	263	k121_198045_1	N/A	31.579	70	190	8.49e-22	92.8
WP_000034420.1	263	k121_1037400_2	N/A	33.562	52	146	9.25e-22	92.0
WP_000034420.1	263	k121_1501549_1	N/A	32.402	66	179	1.23e-21	92.4
WP_000034420.1	263	k121_924399_2	N/A	29.924	99	264	2.40e-21	95.1
WP_000034420.1	263	k121_513937_1	N/A	31.897	87	232	3.46e-21	93.6
WP_000034420.1	263	k121_838626_1	N/A	31.016	70	187	6.17e-21	90.9
WP_000034420.1	263	k121_870135_1	N/A	45.055	35	91	1.03e-20	87.8
WP_000034420.1	263	k121_1503746_1	N/A	43.689	39	103	1.26e-20	87.4
WP_000034420.1	263	k121_1571503_2	N/A	40.196	39	102	1.61e-20	87.0
WP_000034420.1	263	k121_632423_1	N/A	27.670	77	206	2.66e-20	91.3
WP_000034420.1	263	k121_356675_1	N/A	29.000	75	200	4.55e-20	88.6
WP_000034420.1	263	k121_183707_2	N/A	42.391	35	92	7.42e-20	85.5
WP_000034420.1	263	k121_1519454_1	N/A	35.000	52	140	1.95e-19	85.5
WP_000034420.1	263	k121_668704_4	N/A	41.584	38	101	2.16e-19	84.7
WP_000034420.1	263	k121_95055_2	N/A	37.097	47	124	2.51e-19	85.1
WP_000034420.1	263	k121_697162_1	N/A	33.858	48	127	3.21e-19	84.7
WP_000034420.1	263	k121_803243_2	N/A	36.066	46	122	9.97e-19	83.2
WP_000034420.1	263	k121_157542_2	N/A	31.522	64	184	1.53e-18	84.3
WP_000034420.1	263	k121_562364_1	N/A	28.962	68	183	1.82e-18	84.0
WP_000034420.1	263	k121_986851_1	N/A	40.336	45	119	1.49e-17	79.7
WP_000034420.1	263	k121_732246_3	N/A	27.184	77	206	1.59e-17	83.6
WP_000034420.1	263	k121_80498_1	N/A	34.400	46	125	5.77e-17	78.6
WP_000034420.1	263	k121_492139_1	N/A	34.437	56	151	1.42e-16	78.6
WP_000034420.1	263	k121_177555_2	N/A	40.217	35	92	5.40e-16	76.6
WP_000034420.1	263	k121_16045_3	N/A	35.246	46	122	1.02e-15	75.5
WP_000034420.1	263	k121_15442_1	N/A	27.528	67	178	1.03e-15	77.0
WP_000034420.1	263	k121_818918_1	N/A	29.778	84	225	5.69e-15	75.1
WP_000034420.1	263	k121_621267_2	N/A	31.967	46	122	8.18e-15	72.8
WP_000034420.1	263	k121_261901_2	N/A	27.801	90	241	8.89e-15	75.5
WP_000034420.1	263	k121_534289_1	N/A	29.762	63	168	1.39e-14	73.2
WP_000034420.1	263	k121_1355873_1	N/A	27.684	62	177	1.79e-14	73.2
WP_000034420.1	263	k121_317138_1	N/A	31.841	73	201	2.77e-14	72.8
WP_000034420.1	263	k121_187020_1	N/A	32.812	46	128	4.48e-14	70.9
WP_000034420.1	263	k121_226231_1	N/A	28.846	59	156	4.90e-14	72.4
WP_000034420.1	263	k121_1111182_1	N/A	46.479	27	71	1.26e-13	69.7
WP_000034420.1	263	k121_1203105_1	N/A	38.655	45	119	1.47e-13	69.3
WP_000034420.1	263	k121_302063_1	N/A	31.169	56	154	1.80e-13	69.7
WP_000034420.1	263	k121_548739_1	N/A	43.373	31	83	4.36e-13	67.4
WP_000034420.1	263	k121_343070_1	N/A	33.702	65	181	9.37e-13	68.2
WP_000034420.1	263	k121_597660_1	N/A	30.802	80	237	9.78e-13	69.3
WP_000034420.1	263	k121_187004_2	N/A	30.168	62	179	2.04e-12	67.8
WP_000034420.1	263	k121_748733_2	N/A	29.333	54	150	4.13e-12	65.9
WP_000034420.1	263	k121_1280209_1	N/A	41.176	32	85	4.90e-12	64.3
WP_000034420.1	263	k121_129221_1	N/A	33.607	46	122	5.05e-12	65.1
WP_000034420.1	263	k121_1008983_1	N/A	31.746	47	126	5.22e-12	65.9
WP_000034420.1	263	k121_1015741_1	N/A	41.667	27	72	1.28e-11	63.2
WP_000034420.1	263	k121_391665_2	N/A	31.818	41	110	1.43e-11	63.5
WP_000034420.1	263	k121_1267781_1	N/A	34.483	44	116	1.94e-11	63.2
WP_000034420.1	263	k121_1225820_1	N/A	41.667	27	72	2.39e-11	62.4
WP_000034420.1	263	k121_933767_1	N/A	35.644	38	101	4.18e-11	62.0
WP_000034420.1	263	k121_839361_1	N/A	34.513	43	113	6.54e-11	63.2
WP_000034420.1	263	k121_1246151_3	N/A	41.667	27	72	3.00e-10	62.8
WP_000034420.1	263	k121_1063800_1	N/A	27.273	46	121	3.92e-10	59.7
WP_000034420.1	263	k121_374921_2	N/A	35.780	38	109	6.12e-10	58.9
WP_000034420.1	263	k121_1350651_1	N/A	34.211	43	114	7.73e-10	59.3
WP_000034420.1	263	k121_937357_1	N/A	40.964	32	83	8.02e-10	60.8
WP_000034420.1	263	k121_1511367_1	N/A	36.957	34	92	9.15e-10	58.5
WP_000034420.1	263	k121_703971_1	N/A	27.642	47	123	1.19e-09	59.7
WP_000034420.1	263	k121_347899_1	N/A	43.662	27	71	3.77e-09	55.8
WP_000034420.1	263	k121_642702_1	N/A	34.375	37	96	3.88e-09	58.2
WP_000034420.1	263	k121_1281596_1	N/A	32.450	52	151	2.84e-08	55.8
WP_000034420.1	263	k121_645080_1	N/A	28.689	46	122	4.49e-08	54.3
WP_000034420.1	263	k121_1251798_1	N/A	31.868	35	91	6.75e-08	53.1
WP_000034420.1	263	k121_1222143_2	N/A	44.118	26	68	7.07e-08	52.4
WP_000034420.1	263	k121_1447044_2	N/A	25.714	53	140	8.51e-08	53.9
WP_000034420.1	263	k121_653221_1	N/A	34.444	34	90	8.87e-08	52.8
WP_000034420.1	263	k121_1198034_4	N/A	49.153	22	59	9.38e-08	52.0
WP_000034420.1	263	k121_99033_1	N/A	34.831	34	89	1.92e-07	51.6
WP_000034420.1	263	k121_1492956_2	N/A	29.032	47	124	7.47e-07	50.8
WP_000034420.1	263	k121_367548_3	N/A	45.763	22	59	8.67e-07	48.9
WP_000034420.1	263	k121_1320658_1	N/A	32.967	35	91	2.44e-06	49.3
WP_000034420.1	263	k121_872469_1	N/A	40.323	24	62	2.80e-06	47.4
WP_000034420.1	263	k121_661702_2	N/A	28.866	37	97	3.59e-06	48.1
WP_000034420.1	263	k121_1158538_1	N/A	35.238	40	105	7.66e-06	49.3
WP_000034420.1	263	k121_1225820_2	N/A	22.388	71	201	9.01e-06	48.9
WP_000034420.1	263	k121_1310787_1	N/A	36.667	23	60	1.92e-05	45.1
WP_000034420.1	263	k121_595387_1	N/A	37.931	22	58	4.47e-05	44.7
WP_000034420.1	263	k121_1276773_1	N/A	40.678	20	59	5.66e-05	43.5
WP_000034420.1	263	k121_924918_2	N/A	46.552	22	58	2.03e-04	42.4
WP_000034420.1	263	k121_125439_1	N/A	32.394	27	71	4.74e-04	41.6
WP_000034420.1	263	k121_533616_1	N/A	31.183	35	93	0.001	40.8
WP_000034420.1	263	k121_653655_1	N/A	30.000	34	90	0.002	40.4
WP_000034420.1	263	k121_272295_2	N/A	32.308	25	65	0.002	39.7
WP_000034420.1	263	k121_1606395_2	N/A	37.778	34	90	0.003	40.0
WP_000034420.1	263	k121_1400834_1	N/A	38.095	24	63	0.052	37.7
WP_000034420.1	263	k121_1077161_1	N/A	36.538	20	52	0.052	35.4
WP_000034420.1	263	k121_314572_2	N/A	37.500	24	64	0.076	38.1
WP_000034420.1	263	k121_1542518_1	N/A	39.286	21	56	0.080	37.0
WP_000034420.1	263	k121_525198_2	N/A	36.508	24	63	0.097	37.7
WP_000845048.1	337	k121_930581_2	N/A	99.110	100	337	0.0	678
WP_000845048.1	337	k121_920612_1	N/A	71.622	88	296	9.24e-156	442
WP_000845048.1	337	k121_1170994_2	N/A	63.664	99	333	2.60e-150	429
WP_000845048.1	337	k121_647642_3	N/A	64.048	96	331	2.56e-146	422
WP_000845048.1	337	k121_1485459_1	N/A	64.634	94	328	3.33e-145	417
WP_000845048.1	337	k121_1426553_1	N/A	65.152	96	330	4.29e-145	420
WP_000845048.1	337	k121_1331726_5	N/A	63.444	96	331	1.91e-144	417
WP_000845048.1	337	k121_1407568_3	N/A	62.539	94	323	1.92e-139	404
WP_000845048.1	337	k121_138717_1	N/A	61.043	95	326	4.15e-137	397
WP_000845048.1	337	k121_259779_1	N/A	61.056	89	303	7.13e-133	384
WP_000845048.1	337	k121_1175358_1	N/A	61.371	87	321	1.64e-131	383
WP_000845048.1	337	k121_1395012_1	N/A	60.000	86	295	4.82e-123	358
WP_000845048.1	337	k121_820217_1	N/A	58.224	89	304	5.66e-122	357
WP_000845048.1	337	k121_512857_1	N/A	77.778	61	207	9.51e-117	339
WP_000845048.1	337	k121_19920_1	N/A	64.184	82	282	1.76e-113	337
WP_000845048.1	337	k121_1311004_3	N/A	52.424	98	330	6.32e-112	331
WP_000845048.1	337	k121_219422_1	N/A	65.248	82	282	7.38e-112	333
WP_000845048.1	337	k121_926597_1	N/A	52.548	93	314	1.21e-106	318
WP_000845048.1	337	k121_959915_12	N/A	56.436	90	303	7.84e-105	314
WP_000845048.1	337	k121_775500_1	N/A	65.639	67	227	4.88e-101	300
WP_000845048.1	337	k121_195290_1	N/A	57.249	80	269	2.28e-94	285
WP_000845048.1	337	k121_905649_1	N/A	72.396	57	192	5.40e-94	281
WP_000845048.1	337	k121_1535470_1	N/A	54.580	78	262	6.61e-92	278
WP_000845048.1	337	k121_1248571_3	N/A	48.408	93	314	1.87e-91	283
WP_000845048.1	337	k121_459946_1	N/A	72.254	51	173	6.38e-87	262
WP_000845048.1	337	k121_1491317_2	N/A	67.760	54	183	1.03e-86	262
WP_000845048.1	337	k121_93874_1	N/A	50.896	82	279	1.13e-86	265
WP_000845048.1	337	k121_768085_2	N/A	51.673	79	269	1.53e-86	263
WP_000845048.1	337	k121_704560_1	N/A	71.429	52	175	1.80e-86	262
WP_000845048.1	337	k121_1136277_1	N/A	54.615	77	260	8.78e-86	262
WP_000845048.1	337	k121_1273307_1	N/A	47.774	94	337	1.55e-85	264
WP_000845048.1	337	k121_1128474_1	N/A	57.269	67	227	3.90e-82	252
WP_000845048.1	337	k121_1092221_2	N/A	59.223	60	206	1.80e-81	249
WP_000845048.1	337	k121_642964_1	N/A	67.027	55	185	8.89e-81	247
WP_000845048.1	337	k121_259171_3	N/A	57.522	67	226	8.58e-80	246
WP_000845048.1	337	k121_554858_1	N/A	45.804	85	286	1.15e-79	251
WP_000845048.1	337	k121_337900_2	N/A	64.088	54	181	3.29e-76	237
WP_000845048.1	337	k121_878417_1	N/A	52.917	71	240	1.87e-75	235
WP_000845048.1	337	k121_691802_2	N/A	44.371	89	302	8.09e-75	238
WP_000845048.1	337	k121_775998_1	N/A	55.814	64	215	2.38e-74	231
WP_000845048.1	337	k121_1048415_1	N/A	56.098	59	205	3.43e-74	231
WP_000845048.1	337	k121_1562282_7	N/A	58.000	58	200	2.94e-73	228
WP_000845048.1	337	k121_484068_1	N/A	72.903	46	155	1.24e-72	226
WP_000845048.1	337	k121_486517_1	N/A	57.732	58	194	2.03e-71	223
WP_000845048.1	337	k121_1117005_2	N/A	80.952	37	126	2.20e-71	221
WP_000845048.1	337	k121_1254918_1	N/A	58.291	57	199	2.82e-71	223
WP_000845048.1	337	k121_220671_1	N/A	56.039	61	207	9.60e-71	222
WP_000845048.1	337	k121_1526666_1	N/A	61.078	50	167	1.29e-70	220
WP_000845048.1	337	k121_609471_1	N/A	59.259	55	189	1.14e-69	218
WP_000845048.1	337	k121_565982_2	N/A	58.763	57	194	6.12e-69	217
WP_000845048.1	337	k121_610477_1	N/A	55.789	55	190	1.17e-68	216
WP_000845048.1	337	k121_123533_2	N/A	67.296	47	159	1.18e-67	215
WP_000845048.1	337	k121_537362_1	N/A	42.164	79	268	1.74e-67	216
WP_000845048.1	337	k121_15347_2	N/A	64.815	48	162	1.94e-67	212
WP_000845048.1	337	k121_595319_1	N/A	52.020	59	198	2.27e-63	202
WP_000845048.1	337	k121_1453224_1	N/A	43.657	80	268	1.65e-62	207
WP_000845048.1	337	k121_1420600_2	N/A	59.259	48	162	6.11e-60	193
WP_000845048.1	337	k121_171738_2	N/A	53.158	55	190	7.11e-60	196
WP_000845048.1	337	k121_1267738_1	N/A	40.684	78	263	2.73e-59	194
WP_000845048.1	337	k121_484813_1	N/A	47.162	68	229	1.76e-58	191
WP_000845048.1	337	k121_139841_2	N/A	56.250	52	176	1.71e-57	187
WP_000845048.1	337	k121_16583_1	N/A	61.146	45	157	1.77e-57	186
WP_000845048.1	337	k121_308135_2	N/A	72.800	37	125	2.20e-57	187
WP_000845048.1	337	k121_32130_1	N/A	50.802	55	187	4.41e-57	186
WP_000845048.1	337	k121_348520_1	N/A	42.917	71	240	1.71e-55	184
WP_000845048.1	337	k121_1503458_1	N/A	54.070	51	172	1.90e-55	181
WP_000845048.1	337	k121_345037_1	N/A	57.325	45	157	8.91e-55	179
WP_000845048.1	337	k121_694797_1	N/A	55.294	47	170	1.47e-54	179
WP_000845048.1	337	k121_1420887_1	N/A	80.583	31	103	4.01e-53	173
WP_000845048.1	337	k121_1384424_1	N/A	54.255	56	188	4.47e-52	173
WP_000845048.1	337	k121_626801_1	N/A	54.795	43	146	6.80e-48	162
WP_000845048.1	337	k121_665579_1	N/A	65.138	32	109	8.46e-48	160
WP_000845048.1	337	k121_1551234_1	N/A	60.317	37	126	1.42e-46	159
WP_000845048.1	337	k121_929911_1	N/A	46.448	54	183	2.09e-45	156
WP_000845048.1	337	k121_65766_1	N/A	48.588	53	177	2.78e-45	155
WP_000845048.1	337	k121_1381001_1	N/A	50.307	48	163	3.19e-45	155
WP_000845048.1	337	k121_377784_1	N/A	57.937	36	126	1.04e-44	152
WP_000845048.1	337	k121_527943_1	N/A	52.667	45	150	1.10e-44	153
WP_000845048.1	337	k121_151574_2	N/A	35.258	97	329	2.83e-44	156
WP_000845048.1	337	k121_1413489_1	N/A	59.200	37	125	1.65e-43	149
WP_000845048.1	337	k121_1462842_1	N/A	37.712	69	236	1.92e-43	153
WP_000845048.1	337	k121_237471_1	N/A	44.262	54	183	1.33e-42	149
WP_000845048.1	337	k121_905310_1	N/A	60.833	36	120	1.42e-42	147
WP_000845048.1	337	k121_1593658_1	N/A	47.475	59	198	1.44e-42	149
WP_000845048.1	337	k121_554869_1	N/A	42.035	64	226	2.15e-41	147
WP_000845048.1	337	k121_396708_2	N/A	62.617	31	107	9.94e-41	141
WP_000845048.1	337	k121_1500032_2	N/A	55.147	39	136	2.14e-40	142
WP_000845048.1	337	k121_1082328_1	N/A	31.776	95	321	4.08e-38	140
WP_000845048.1	337	k121_1072207_2	N/A	28.012	97	332	4.17e-37	139
WP_000845048.1	337	k121_542536_1	N/A	34.653	90	303	8.36e-36	134
WP_000845048.1	337	k121_1092221_3	N/A	63.000	28	100	1.03e-35	129
WP_000845048.1	337	k121_1189039_1	N/A	33.133	98	332	2.32e-35	133
WP_000845048.1	337	k121_999993_1	N/A	42.683	48	164	2.75e-35	129
WP_000845048.1	337	k121_1357781_1	N/A	38.767	66	227	3.95e-35	130
WP_000845048.1	337	k121_71762_3	N/A	68.132	27	91	5.06e-35	127
WP_000845048.1	337	k121_451799_2	N/A	34.868	88	304	6.75e-35	131
WP_000845048.1	337	k121_550231_2	N/A	84.286	21	70	1.67e-34	124
WP_000845048.1	337	k121_422128_1	N/A	42.439	60	205	4.74e-34	127
WP_000845048.1	337	k121_1200877_9	N/A	33.226	92	310	4.86e-34	129
WP_000845048.1	337	k121_610833_3	N/A	29.688	94	320	1.24e-33	128
WP_000845048.1	337	k121_1102204_1	N/A	32.927	97	328	1.38e-33	129
WP_000845048.1	337	k121_642764_1	N/A	69.048	25	84	1.47e-33	122
WP_000845048.1	337	k121_1051392_1	N/A	43.195	49	169	3.07e-33	127
WP_000845048.1	337	k121_1519372_4	N/A	65.882	25	85	4.94e-33	121
WP_000845048.1	337	k121_1400947_2	N/A	31.940	99	335	6.16e-33	127
WP_000845048.1	337	k121_138416_2	N/A	74.026	23	77	8.29e-33	122
WP_000845048.1	337	k121_749476_1	N/A	40.361	48	166	8.39e-33	122
WP_000845048.1	337	k121_641796_1	N/A	67.045	26	88	1.03e-32	120
WP_000845048.1	337	k121_1075137_1	N/A	58.824	30	102	1.20e-32	120
WP_000845048.1	337	k121_103514_2	N/A	32.308	96	325	4.10e-32	125
WP_000845048.1	337	k121_729824_1	N/A	32.198	94	323	8.19e-31	121
WP_000845048.1	337	k121_1392226_3	N/A	35.409	75	257	1.40e-30	119
WP_000845048.1	337	k121_1263806_1	N/A	35.874	66	223	2.16e-30	117
WP_000845048.1	337	k121_1053080_2	N/A	43.195	50	169	2.17e-30	117
WP_000845048.1	337	k121_664737_1	N/A	33.457	80	269	6.17e-30	117
WP_000845048.1	337	k121_512248_1	N/A	32.534	83	292	1.22e-29	117
WP_000845048.1	337	k121_301967_1	N/A	31.615	85	291	2.65e-29	117
WP_000845048.1	337	k121_1006750_2	N/A	37.220	66	223	4.74e-28	111
WP_000845048.1	337	k121_6977_2	N/A	55.319	28	94	6.96e-28	107
WP_000845048.1	337	k121_109193_3	N/A	33.333	66	222	8.03e-28	111
WP_000845048.1	337	k121_1154235_2	N/A	36.771	66	223	1.35e-27	110
WP_000845048.1	337	k121_1150790_3	N/A	71.233	22	73	1.98e-27	107
WP_000845048.1	337	k121_783248_1	N/A	26.935	94	323	2.14e-27	112
WP_000845048.1	337	k121_413451_1	N/A	40.373	48	161	5.63e-27	107
WP_000845048.1	337	k121_1292922_2	N/A	39.086	58	197	6.01e-27	107
WP_000845048.1	337	k121_147584_1	N/A	67.532	23	77	6.46e-27	104
WP_000845048.1	337	k121_861079_1	N/A	60.000	27	90	2.67e-26	103
WP_000845048.1	337	k121_1005111_4	N/A	36.957	78	276	5.48e-26	108
WP_000845048.1	337	k121_1351200_3	N/A	29.492	85	295	1.01e-25	107
WP_000845048.1	337	k121_870106_1	N/A	29.967	90	307	1.16e-25	106
WP_000845048.1	337	k121_1048261_2	N/A	30.211	97	331	1.26e-25	107
WP_000845048.1	337	k121_370607_2	N/A	31.077	91	325	2.20e-25	107
WP_000845048.1	337	k121_122448_2	N/A	64.474	23	76	2.69e-25	100
WP_000845048.1	337	k121_840280_2	N/A	71.429	21	70	4.38e-25	100
WP_000845048.1	337	k121_782980_2	N/A	37.000	59	200	5.44e-25	102
WP_000845048.1	337	k121_1051153_1	N/A	30.851	83	282	6.58e-25	104
WP_000845048.1	337	k121_49981_1	N/A	28.125	85	288	3.00e-24	102
WP_000845048.1	337	k121_43618_2	N/A	50.000	30	102	4.19e-24	98.2
WP_000845048.1	337	k121_1266976_65	N/A	33.574	76	277	4.82e-24	103
WP_000845048.1	337	k121_1226124_2	N/A	30.882	77	272	5.54e-24	103
WP_000845048.1	337	k121_1535910_1	N/A	34.197	57	193	1.31e-23	98.2
WP_000845048.1	337	k121_186767_1	N/A	56.410	23	78	1.52e-23	96.3
WP_000845048.1	337	k121_1188328_1	N/A	60.976	24	82	2.67e-23	95.9
WP_000845048.1	337	k121_1421395_1	N/A	30.038	76	263	3.09e-23	99.8
WP_000845048.1	337	k121_296452_2	N/A	50.000	27	92	3.74e-23	96.3
WP_000845048.1	337	k121_577548_1	N/A	36.413	55	184	3.97e-23	97.4
WP_000845048.1	337	k121_922677_3	N/A	31.438	85	299	4.30e-23	100
WP_000845048.1	337	k121_1287660_1	N/A	48.913	27	92	4.72e-23	95.9
WP_000845048.1	337	k121_1272354_1	N/A	29.967	90	307	5.66e-23	100
WP_000845048.1	337	k121_914513_1	N/A	33.484	64	221	6.47e-23	97.8
WP_000845048.1	337	k121_1564646_1	N/A	34.363	76	259	7.19e-23	98.6
WP_000845048.1	337	k121_1327848_1	N/A	43.137	45	153	8.40e-23	97.4
WP_000845048.1	337	k121_401694_1	N/A	46.237	28	93	2.38e-22	93.2
WP_000845048.1	337	k121_1277384_3	N/A	31.169	67	231	2.86e-22	96.3
WP_000845048.1	337	k121_110968_1	N/A	49.000	30	100	3.76e-22	92.8
WP_000845048.1	337	k121_776576_1	N/A	36.548	58	197	4.35e-22	95.1
WP_000845048.1	337	k121_685172_1	N/A	32.407	62	216	4.77e-22	96.7
WP_000845048.1	337	k121_776571_2	N/A	36.548	58	197	4.82e-22	95.1
WP_000845048.1	337	k121_228253_6	N/A	30.769	85	299	1.12e-21	97.1
WP_000845048.1	337	k121_1146141_1	N/A	33.645	62	214	1.23e-21	94.4
WP_000845048.1	337	k121_1277367_2	N/A	30.736	67	231	1.86e-21	94.0
WP_000845048.1	337	k121_1220305_2	N/A	34.112	62	214	5.17e-21	94.4
WP_000845048.1	337	k121_668332_1	N/A	32.579	64	221	8.22e-21	92.4
WP_000845048.1	337	k121_542089_7	N/A	31.293	83	294	9.07e-21	94.4
WP_000845048.1	337	k121_279324_2	N/A	33.333	66	231	9.38e-21	94.4
WP_000845048.1	337	k121_816619_4	N/A	30.000	83	290	1.36e-20	94.0
WP_000845048.1	337	k121_230688_1	N/A	33.333	61	210	1.38e-20	92.4
WP_000845048.1	337	k121_887836_1	N/A	37.363	54	182	1.46e-20	90.9
WP_000845048.1	337	k121_552578_2	N/A	29.293	82	297	1.52e-20	93.2
WP_000845048.1	337	k121_1471960_1	N/A	58.333	21	72	2.60e-20	87.0
WP_000845048.1	337	k121_1503885_1	N/A	27.372	78	274	2.78e-20	92.8
WP_000845048.1	337	k121_1585597_1	N/A	30.942	64	223	2.84e-20	91.7
WP_000845048.1	337	k121_160279_2	N/A	35.556	53	180	3.24e-20	90.1
WP_000845048.1	337	k121_1570791_1	N/A	34.434	61	212	4.03e-20	92.0
WP_000845048.1	337	k121_521331_4	N/A	33.491	61	212	4.53e-20	92.4
WP_000845048.1	337	k121_53265_1	N/A	35.349	62	215	6.54e-20	90.5
WP_000845048.1	337	k121_231049_2	N/A	50.000	25	84	9.65e-20	86.7
WP_000845048.1	337	k121_1220451_2	N/A	28.000	79	275	1.08e-19	91.3
WP_000845048.1	337	k121_1042345_1	N/A	30.175	83	285	1.09e-19	90.1
WP_000845048.1	337	k121_178122_2	N/A	32.407	62	216	1.18e-19	91.3
WP_000845048.1	337	k121_861811_1	N/A	35.000	53	180	1.51e-19	88.2
WP_000845048.1	337	k121_1335905_2	N/A	34.759	55	187	1.69e-19	90.5
WP_000845048.1	337	k121_727404_1	N/A	29.000	84	300	2.14e-19	90.5
WP_000845048.1	337	k121_525304_6	N/A	30.292	78	274	2.23e-19	90.1
WP_000845048.1	337	k121_1137682_1	N/A	30.601	53	183	2.61e-19	87.0
WP_000845048.1	337	k121_497154_1	N/A	36.986	43	146	2.74e-19	88.6
WP_000845048.1	337	k121_1199872_2	N/A	32.258	62	217	5.27e-19	89.4
WP_000845048.1	337	k121_993438_1	N/A	32.961	53	179	6.48e-19	87.8
WP_000845048.1	337	k121_213805_1	N/A	33.333	61	210	6.81e-19	87.0
WP_000845048.1	337	k121_185188_2	N/A	35.326	55	184	7.13e-19	85.9
WP_000845048.1	337	k121_532978_3	N/A	35.955	53	178	1.17e-18	88.2
WP_000845048.1	337	k121_1166649_2	N/A	33.019	61	212	1.39e-18	88.2
WP_000845048.1	337	k121_1496216_1	N/A	31.752	78	274	1.85e-18	88.2
WP_000845048.1	337	k121_649683_2	N/A	37.931	65	232	1.89e-18	87.8
WP_000845048.1	337	k121_660751_2	N/A	38.889	53	180	2.32e-18	85.1
WP_000845048.1	337	k121_1459533_1	N/A	31.707	48	164	2.41e-18	88.2
WP_000845048.1	337	k121_530722_2	N/A	34.762	60	210	3.18e-18	85.1
WP_000845048.1	337	k121_1288588_1	N/A	28.188	84	298	4.13e-18	86.3
WP_000845048.1	337	k121_321751_2	N/A	29.557	59	203	4.20e-18	83.6
WP_000845048.1	337	k121_131416_2	N/A	34.054	55	185	5.03e-18	84.3
WP_000845048.1	337	k121_1313564_2	N/A	26.073	85	303	5.55e-18	86.7
WP_000845048.1	337	k121_58557_2	N/A	33.514	55	185	6.00e-18	83.6
WP_000845048.1	337	k121_651474_1	N/A	47.368	28	95	6.74e-18	82.8
WP_000845048.1	337	k121_1400185_1	N/A	32.787	54	183	7.66e-18	84.0
WP_000845048.1	337	k121_17027_1	N/A	30.000	77	270	9.54e-18	85.9
WP_000845048.1	337	k121_1090094_1	N/A	31.863	59	204	1.16e-17	83.2
WP_000845048.1	337	k121_1089486_1	N/A	34.483	52	174	1.22e-17	82.8
WP_000845048.1	337	k121_659331_2	N/A	33.149	53	181	1.27e-17	85.5
WP_000845048.1	337	k121_367588_1	N/A	37.017	54	181	1.32e-17	82.4
WP_000845048.1	337	k121_13404_1	N/A	33.816	61	207	1.41e-17	83.2
WP_000845048.1	337	k121_604814_1	N/A	32.740	80	281	1.42e-17	84.7
WP_000845048.1	337	k121_647973_1	N/A	31.746	71	252	1.74e-17	84.3
WP_000845048.1	337	k121_839050_2	N/A	35.465	51	172	1.76e-17	81.6
WP_000845048.1	337	k121_655533_1	N/A	33.129	48	163	1.80e-17	80.9
WP_000845048.1	337	k121_38789_1	N/A	31.868	54	182	1.86e-17	82.4
WP_000845048.1	337	k121_334703_1	N/A	30.769	61	208	1.94e-17	82.8
WP_000845048.1	337	k121_1077766_1	N/A	28.926	71	242	2.36e-17	82.8
WP_000845048.1	337	k121_193066_1	N/A	32.227	61	211	2.58e-17	82.8
WP_000845048.1	337	k121_650192_1	N/A	30.258	77	271	2.99e-17	84.3
WP_000845048.1	337	k121_634454_1	N/A	29.286	77	280	3.67e-17	84.0
WP_000845048.1	337	k121_605375_2	N/A	32.558	62	215	4.06e-17	84.0
WP_000845048.1	337	k121_31059_1	N/A	34.225	55	187	4.79e-17	80.9
WP_000845048.1	337	k121_1091818_1	N/A	33.333	64	222	5.36e-17	82.0
WP_000845048.1	337	k121_1537573_1	N/A	27.306	77	271	5.80e-17	82.4
WP_000845048.1	337	k121_750528_2	N/A	33.478	64	230	6.03e-17	84.0
WP_000845048.1	337	k121_1012056_1	N/A	31.694	54	183	6.46e-17	80.5
WP_000845048.1	337	k121_1426004_2	N/A	29.148	63	223	6.56e-17	83.6
WP_000845048.1	337	k121_926340_14	N/A	31.646	68	237	7.81e-17	83.6
WP_000845048.1	337	k121_561379_1	N/A	30.627	79	271	9.26e-17	82.4
WP_000845048.1	337	k121_158753_1	N/A	27.037	77	270	9.97e-17	82.0
WP_000845048.1	337	k121_394499_1	N/A	27.982	63	218	1.17e-16	80.9
WP_000845048.1	337	k121_742000_1	N/A	29.391	82	279	1.21e-16	81.6
WP_000845048.1	337	k121_986263_2	N/A	31.754	61	211	1.27e-16	82.0
WP_000845048.1	337	k121_1530830_2	N/A	35.714	60	210	1.36e-16	80.5
WP_000845048.1	337	k121_1147603_2	N/A	51.316	23	76	1.56e-16	79.0
WP_000845048.1	337	k121_148830_1	N/A	31.183	77	279	2.57e-16	81.6
WP_000845048.1	337	k121_1050816_2	N/A	29.373	84	303	2.71e-16	82.0
WP_000845048.1	337	k121_1418831_1	N/A	33.040	63	227	3.03e-16	81.6
WP_000845048.1	337	k121_535328_2	N/A	53.165	23	79	3.20e-16	77.4
WP_000845048.1	337	k121_335574_2	N/A	31.429	60	210	3.60e-16	80.1
WP_000845048.1	337	k121_533050_2	N/A	34.731	50	167	4.14e-16	77.4
WP_000845048.1	337	k121_1503065_2	N/A	31.050	63	219	5.44e-16	81.3
WP_000845048.1	337	k121_1163619_1	N/A	32.967	54	182	6.82e-16	79.7
WP_000845048.1	337	k121_773259_7	N/A	26.909	78	275	7.94e-16	80.5
WP_000845048.1	337	k121_331593_18	N/A	30.693	58	202	8.16e-16	80.9
WP_000845048.1	337	k121_226201_1	N/A	25.279	76	269	1.10e-15	78.6
WP_000845048.1	337	k121_1276088_1	N/A	56.061	20	66	1.13e-15	75.5
WP_000845048.1	337	k121_240140_5	N/A	32.065	54	184	1.16e-15	80.5
WP_000845048.1	337	k121_82023_1	N/A	42.857	25	84	1.35e-15	75.9
WP_000845048.1	337	k121_26792_1	N/A	46.067	23	89	1.45e-15	75.1
WP_000845048.1	337	k121_490071_2	N/A	32.778	53	180	1.70e-15	77.0
WP_000845048.1	337	k121_644763_2	N/A	54.545	20	66	2.22e-15	74.3
WP_000845048.1	337	k121_271171_1	N/A	31.868	54	182	2.28e-15	77.0
WP_000845048.1	337	k121_159235_1	N/A	35.366	49	164	2.36e-15	75.9
WP_000845048.1	337	k121_1467962_1	N/A	33.333	61	219	2.57e-15	77.0
WP_000845048.1	337	k121_524705_2	N/A	50.667	22	75	2.77e-15	73.6
WP_000845048.1	337	k121_794274_5	N/A	27.841	52	176	2.83e-15	78.6
WP_000845048.1	337	k121_957314_6	N/A	27.570	62	214	3.52e-15	78.6
WP_000845048.1	337	k121_1046339_1	N/A	39.007	42	141	3.59e-15	74.3
WP_000845048.1	337	k121_187950_3	N/A	31.250	63	224	3.75e-15	78.6
WP_000845048.1	337	k121_321713_4	N/A	31.967	69	244	3.82e-15	78.2
WP_000845048.1	337	k121_1384077_1	N/A	32.386	52	176	4.56e-15	75.5
WP_000845048.1	337	k121_591863_6	N/A	30.088	63	226	5.87e-15	77.8
WP_000845048.1	337	k121_319799_2	N/A	51.316	23	76	6.33e-15	72.8
WP_000845048.1	337	k121_468349_2	N/A	43.519	31	108	6.44e-15	73.6
WP_000845048.1	337	k121_1206931_1	N/A	35.878	39	131	6.63e-15	76.6
WP_000845048.1	337	k121_336462_1	N/A	28.904	84	301	6.82e-15	77.4
WP_000845048.1	337	k121_935342_1	N/A	30.220	54	182	7.13e-15	75.5
WP_000845048.1	337	k121_110134_2	N/A	54.545	20	66	7.21e-15	73.6
WP_000845048.1	337	k121_1090621_1	N/A	56.061	20	66	7.39e-15	73.2
WP_000845048.1	337	k121_1534359_1	N/A	27.574	75	272	8.33e-15	76.6
WP_000845048.1	337	k121_194773_1	N/A	56.061	20	66	8.35e-15	74.3
WP_000845048.1	337	k121_725287_8	N/A	27.542	63	236	8.86e-15	77.8
WP_000845048.1	337	k121_728255_1	N/A	29.630	69	243	9.25e-15	77.0
WP_000845048.1	337	k121_1578608_1	N/A	34.270	53	178	9.44e-15	74.3
WP_000845048.1	337	k121_817771_1	N/A	56.061	20	66	1.12e-14	73.6
WP_000845048.1	337	k121_446461_1	N/A	28.276	82	290	1.38e-14	76.3
WP_000845048.1	337	k121_1404113_2	N/A	29.121	54	182	1.57e-14	73.9
WP_000845048.1	337	k121_17156_2	N/A	53.030	20	66	1.72e-14	72.4
WP_000845048.1	337	k121_757311_1	N/A	30.688	55	189	1.97e-14	74.7
WP_000845048.1	337	k121_192406_1	N/A	31.447	47	159	2.26e-14	73.9
WP_000845048.1	337	k121_89158_2	N/A	27.835	82	291	2.74e-14	75.9
WP_000845048.1	337	k121_358831_1	N/A	38.824	50	170	2.96e-14	72.8
WP_000845048.1	337	k121_480707_1	N/A	31.429	52	175	3.01e-14	75.9
WP_000845048.1	337	k121_1165582_2	N/A	29.365	69	252	3.03e-14	75.5
WP_000845048.1	337	k121_137012_1	N/A	29.213	53	178	3.11e-14	73.2
WP_000845048.1	337	k121_845909_1	N/A	31.783	38	129	3.33e-14	72.8
WP_000845048.1	337	k121_1575157_1	N/A	30.000	53	180	3.49e-14	72.8
WP_000845048.1	337	k121_1273516_1	N/A	31.694	54	183	3.59e-14	74.3
WP_000845048.1	337	k121_563695_1	N/A	27.477	63	222	3.96e-14	74.3
WP_000845048.1	337	k121_804043_4	N/A	30.864	69	243	4.29e-14	75.5
WP_000845048.1	337	k121_119624_1	N/A	28.571	77	273	4.84e-14	75.5
WP_000845048.1	337	k121_100480_1	N/A	29.032	55	186	5.02e-14	72.8
WP_000845048.1	337	k121_28112_2	N/A	25.954	74	262	5.65e-14	75.1
WP_000845048.1	337	k121_263619_2	N/A	46.250	23	80	6.56e-14	70.9
WP_000845048.1	337	k121_392393_1	N/A	30.455	62	220	7.27e-14	73.6
WP_000845048.1	337	k121_1056316_1	N/A	36.047	51	172	7.41e-14	74.3
WP_000845048.1	337	k121_615966_2	N/A	31.282	58	195	8.41e-14	72.4
WP_000845048.1	337	k121_1540041_1	N/A	26.522	63	230	8.76e-14	73.6
WP_000845048.1	337	k121_1427883_1	N/A	32.370	51	173	9.57e-14	72.4
WP_000845048.1	337	k121_282275_1	N/A	25.769	74	260	9.66e-14	73.9
WP_000845048.1	337	k121_413518_2	N/A	26.543	48	162	1.17e-13	73.9
WP_000845048.1	337	k121_1539670_1	N/A	29.412	61	221	1.34e-13	72.4
WP_000845048.1	337	k121_542516_3	N/A	28.972	62	214	1.77e-13	72.0
WP_000845048.1	337	k121_1124352_1	N/A	50.667	22	75	2.08e-13	69.3
WP_000845048.1	337	k121_1325767_2	N/A	28.042	54	189	2.26e-13	70.9
WP_000845048.1	337	k121_952078_11	N/A	29.204	64	226	2.43e-13	73.2
WP_000845048.1	337	k121_1019606_1	N/A	30.303	48	165	2.49e-13	70.5
WP_000845048.1	337	k121_645937_2	N/A	52.857	21	70	2.63e-13	67.8
WP_000845048.1	337	k121_731850_1	N/A	34.031	54	191	2.74e-13	70.9
WP_000845048.1	337	k121_853279_1	N/A	30.876	62	217	3.11e-13	72.4
WP_000845048.1	337	k121_565715_2	N/A	26.059	85	307	3.52e-13	72.8
WP_000845048.1	337	k121_754907_131	N/A	27.986	83	293	4.11e-13	72.8
WP_000845048.1	337	k121_623720_5	N/A	29.167	88	312	4.45e-13	72.4
WP_000845048.1	337	k121_395932_2	N/A	34.896	54	192	6.18e-13	70.1
WP_000845048.1	337	k121_801395_1	N/A	28.571	62	217	6.34e-13	72.0
WP_000845048.1	337	k121_522861_1	N/A	33.146	53	178	6.63e-13	70.5
WP_000845048.1	337	k121_1057155_1	N/A	30.804	62	224	7.06e-13	72.0
WP_000845048.1	337	k121_1317907_2	N/A	30.804	62	224	7.22e-13	71.6
WP_000845048.1	337	k121_905366_1	N/A	35.593	53	177	7.56e-13	68.9
WP_000845048.1	337	k121_84850_4	N/A	35.028	53	177	7.69e-13	71.6
WP_000845048.1	337	k121_519699_2	N/A	28.364	78	275	7.72e-13	71.6
WP_000845048.1	337	k121_1055922_1	N/A	29.714	52	175	9.31e-13	68.6
WP_000845048.1	337	k121_1577948_105	N/A	32.768	53	177	1.21e-12	71.2
WP_000845048.1	337	k121_65461_1	N/A	37.975	23	79	1.46e-12	66.6
WP_000845048.1	337	k121_917621_1	N/A	36.424	44	151	1.54e-12	69.7
WP_000845048.1	337	k121_577453_1	N/A	35.669	47	157	2.31e-12	67.0
WP_000845048.1	337	k121_764368_4	N/A	30.357	62	224	2.75e-12	70.1
WP_000845048.1	337	k121_1419288_2	N/A	32.571	52	175	3.55e-12	69.7
WP_000845048.1	337	k121_424774_2	N/A	47.500	24	80	3.55e-12	67.4
WP_000845048.1	337	k121_235705_2	N/A	30.045	62	223	3.94e-12	69.3
WP_000845048.1	337	k121_1306589_3	N/A	28.571	69	252	4.27e-12	69.3
WP_000845048.1	337	k121_1282485_1	N/A	31.737	48	167	4.47e-12	66.2
WP_000845048.1	337	k121_270765_1	N/A	30.000	84	300	4.63e-12	69.7
WP_000845048.1	337	k121_821750_1	N/A	25.000	59	200	4.89e-12	67.0
WP_000845048.1	337	k121_1305725_2	N/A	27.124	84	306	5.69e-12	68.9
WP_000845048.1	337	k121_1551708_1	N/A	29.771	71	262	6.84e-12	68.6
WP_000845048.1	337	k121_1104420_1	N/A	32.642	53	193	6.89e-12	68.2
WP_000845048.1	337	k121_167875_1	N/A	29.500	59	200	7.82e-12	67.4
WP_000845048.1	337	k121_704074_1	N/A	30.612	58	196	7.83e-12	66.6
WP_000845048.1	337	k121_170466_1	N/A	30.625	47	160	8.37e-12	68.6
WP_000845048.1	337	k121_144977_2	N/A	28.293	59	205	8.81e-12	67.4
WP_000845048.1	337	k121_280439_1	N/A	29.213	53	178	9.06e-12	66.2
WP_000845048.1	337	k121_1282074_1	N/A	28.415	54	183	9.44e-12	66.2
WP_000845048.1	337	k121_769081_1	N/A	51.852	24	81	9.89e-12	65.5
WP_000845048.1	337	k121_919937_1	N/A	32.461	55	191	1.07e-11	66.2
WP_000845048.1	337	k121_613119_1	N/A	25.723	87	311	1.07e-11	68.2
WP_000845048.1	337	k121_1119308_1	N/A	33.333	53	177	1.29e-11	66.2
WP_000845048.1	337	k121_1334668_1	N/A	32.308	56	195	1.54e-11	67.0
WP_000845048.1	337	k121_195087_1	N/A	29.187	60	209	1.67e-11	66.2
WP_000845048.1	337	k121_356187_1	N/A	28.188	44	149	1.74e-11	67.0
WP_000845048.1	337	k121_790228_1	N/A	28.947	45	152	1.74e-11	64.7
WP_000845048.1	337	k121_554616_1	N/A	26.066	61	211	1.90e-11	66.6
WP_000845048.1	337	k121_145215_1	N/A	33.721	51	172	2.11e-11	65.1
WP_000845048.1	337	k121_1400718_1	N/A	30.526	53	190	2.18e-11	65.5
WP_000845048.1	337	k121_846149_3	N/A	30.000	63	230	2.20e-11	67.8
WP_000845048.1	337	k121_709294_1	N/A	27.219	50	169	2.51e-11	65.5
WP_000845048.1	337	k121_1376367_1	N/A	34.463	53	177	2.73e-11	67.4
WP_000845048.1	337	k121_321656_1	N/A	30.412	55	194	3.31e-11	65.1
WP_000845048.1	337	k121_1322342_1	N/A	30.387	51	181	3.35e-11	65.5
WP_000845048.1	337	k121_1482737_1	N/A	31.746	54	189	4.06e-11	64.7
WP_000845048.1	337	k121_247387_1	N/A	28.492	51	179	5.55e-11	65.1
WP_000845048.1	337	k121_80014_1	N/A	41.176	30	102	7.02e-11	62.4
WP_000845048.1	337	k121_217959_2	N/A	30.928	55	194	7.29e-11	63.9
WP_000845048.1	337	k121_537647_1	N/A	28.522	80	291	7.65e-11	66.2
WP_000845048.1	337	k121_1087107_182	N/A	27.826	61	230	8.06e-11	65.9
WP_000845048.1	337	k121_602864_1	N/A	31.122	56	196	8.33e-11	64.3
WP_000845048.1	337	k121_281479_1	N/A	26.804	82	291	1.29e-10	64.7
WP_000845048.1	337	k121_755673_1	N/A	29.808	61	208	1.64e-10	63.5
WP_000845048.1	337	k121_1261375_3	N/A	30.508	53	177	1.88e-10	64.7
WP_000845048.1	337	k121_727284_1	N/A	27.948	64	229	2.16e-10	63.5
WP_000845048.1	337	k121_76145_2	N/A	29.457	71	258	2.28e-10	64.3
WP_000845048.1	337	k121_215156_1	N/A	29.851	75	268	2.95e-10	64.3
WP_000845048.1	337	k121_146617_1	N/A	27.615	64	239	3.02e-10	63.2
WP_000845048.1	337	k121_266220_2	N/A	26.432	62	227	3.80e-10	63.9
WP_000845048.1	337	k121_240410_1	N/A	33.333	53	180	3.94e-10	61.6
WP_000845048.1	337	k121_1472278_1	N/A	34.118	50	170	4.14e-10	61.6
WP_000845048.1	337	k121_484789_1	N/A	28.511	67	235	4.94e-10	63.2
WP_000845048.1	337	k121_1464721_1	N/A	28.755	63	233	5.57e-10	63.2
WP_000845048.1	337	k121_820878_2	N/A	34.375	38	128	6.36e-10	60.5
WP_000845048.1	337	k121_188057_2	N/A	26.480	86	321	8.17e-10	63.2
WP_000845048.1	337	k121_260138_5	N/A	29.208	59	202	8.38e-10	62.4
WP_000845048.1	337	k121_873388_10	N/A	27.273	77	275	9.53e-10	62.4
WP_000845048.1	337	k121_898838_24	N/A	26.316	61	228	9.54e-10	62.8
WP_000845048.1	337	k121_1417076_2	N/A	27.010	84	311	1.22e-09	62.4
WP_000845048.1	337	k121_288450_1	N/A	27.184	60	206	1.33e-09	60.1
WP_000845048.1	337	k121_1604573_3	N/A	41.096	22	73	1.74e-09	60.1
WP_000845048.1	337	k121_1147987_1	N/A	29.766	84	299	2.03e-09	61.6
WP_000845048.1	337	k121_530956_1	N/A	27.895	56	190	2.20e-09	60.5
WP_000845048.1	337	k121_1510557_3	N/A	23.333	61	210	2.75e-09	60.5
WP_000845048.1	337	k121_1317554_2	N/A	26.761	61	213	4.68e-09	59.3
WP_000845048.1	337	k121_1387982_1	N/A	27.619	60	210	4.75e-09	59.7
WP_000845048.1	337	k121_1334361_1	N/A	29.189	55	185	5.57e-09	60.5
WP_000845048.1	337	k121_170001_1	N/A	26.217	75	267	6.56e-09	60.5
WP_000845048.1	337	k121_1252229_2	N/A	26.087	48	184	0.008	41.2
WP_000845048.1	337	k121_799575_2	N/A	25.484	88	310	7.39e-09	59.7
WP_000845048.1	337	k121_30760_2	N/A	25.468	74	267	8.39e-09	59.7
WP_000845048.1	337	k121_1532186_1	N/A	43.056	21	72	8.70e-09	55.5
WP_000845048.1	337	k121_9057_2	N/A	29.310	52	174	8.96e-09	58.5
WP_000845048.1	337	k121_1219498_1	N/A	25.229	63	218	1.28e-08	58.2
WP_000845048.1	337	k121_1230924_1	N/A	26.178	56	191	1.39e-08	57.4
WP_000845048.1	337	k121_484874_2	N/A	28.182	62	220	1.41e-08	59.3
WP_000845048.1	337	k121_309219_2	N/A	29.936	46	157	2.00e-08	56.2
WP_000845048.1	337	k121_901803_2	N/A	27.984	71	243	2.25e-08	58.2
WP_000845048.1	337	k121_486511_1	N/A	27.113	79	284	2.76e-08	57.8
WP_000845048.1	337	k121_681408_1	N/A	29.480	51	173	2.92e-08	56.2
WP_000845048.1	337	k121_776529_3	N/A	29.730	53	185	3.03e-08	58.2
WP_000845048.1	337	k121_686215_1	N/A	36.441	34	118	3.14e-08	56.2
WP_000845048.1	337	k121_1344393_1	N/A	27.556	61	225	3.31e-08	56.6
WP_000845048.1	337	k121_1529334_1	N/A	26.087	72	253	3.86e-08	57.0
WP_000845048.1	337	k121_688144_2	N/A	26.449	76	276	4.06e-08	57.8
WP_000845048.1	337	k121_1536647_1	N/A	29.670	54	182	4.45e-08	56.2
WP_000845048.1	337	k121_470649_1	N/A	29.560	47	159	4.90e-08	56.6
WP_000845048.1	337	k121_556376_1	N/A	32.090	39	134	4.98e-08	55.8
WP_000845048.1	337	k121_507547_1	N/A	35.484	27	93	5.66e-08	53.9
WP_000845048.1	337	k121_1327804_1	N/A	27.365	84	296	6.33e-08	57.4
WP_000845048.1	337	k121_924858_1	N/A	25.896	68	251	6.95e-08	56.2
