SadA_ref|WP_036299419.1|:1-399	399	k121_773_3	N/A	30.795	75	302	1.51e-46	164
SadA_ref|WP_036299419.1|:1-399	399	k121_791722_2	N/A	26.667	89	360	3.82e-36	138
SadA_ref|WP_036299419.1|:1-399	399	k121_43132_1	N/A	30.400	62	250	1.18e-30	121
SadA_ref|WP_036299419.1|:1-399	399	k121_34308_54	N/A	25.779	85	353	9.33e-27	112
SadA_ref|WP_036299419.1|:1-399	399	k121_1329486_2	N/A	25.501	87	349	2.29e-23	102
SadA_ref|WP_036299419.1|:1-399	399	k121_8995_16	N/A	26.500	95	400	1.22e-22	100
SadA_ref|WP_036299419.1|:1-399	399	k121_812289_3	N/A	29.070	64	258	5.27e-19	87.8
SadA_ref|WP_036299419.1|:1-399	399	k121_1055208_2	N/A	23.529	95	391	4.98e-16	81.3
SadA_ref|WP_036299419.1|:1-399	399	k121_1859389_2	N/A	25.000	95	392	2.23e-14	76.3
SadA_ref|WP_036299419.1|:1-399	399	k121_553844_1	N/A	33.673	25	98	1.76e-11	63.5
SadA_ref|WP_036299419.1|:1-399	399	k121_1865937_4	N/A	23.715	62	253	0.006	40.4
SadA_ref|WP_036299419.1|:1-399	399	k121_1311990_8	N/A	29.762	21	84	0.012	40.0
SadA_ref|WP_036299419.1|:1-399	399	k121_530309_3	N/A	27.381	21	84	0.062	37.7
SadB_ref|WP_100812327.1|:1-423	423	k121_791722_2	N/A	29.178	82	353	3.97e-43	157
SadB_ref|WP_100812327.1|:1-423	423	k121_773_3	N/A	29.450	72	309	8.51e-37	138
SadB_ref|WP_100812327.1|:1-423	423	k121_43132_1	N/A	32.530	58	249	4.02e-35	133
SadB_ref|WP_100812327.1|:1-423	423	k121_34308_54	N/A	27.394	87	376	1.57e-31	126
SadB_ref|WP_100812327.1|:1-423	423	k121_1329486_2	N/A	25.634	83	355	2.15e-26	110
SadB_ref|WP_100812327.1|:1-423	423	k121_812289_3	N/A	29.134	59	254	3.45e-23	100
SadB_ref|WP_100812327.1|:1-423	423	k121_1055208_2	N/A	26.329	90	395	7.84e-23	101
SadB_ref|WP_100812327.1|:1-423	423	k121_8995_16	N/A	26.396	90	394	2.67e-22	100
SadB_ref|WP_100812327.1|:1-423	423	k121_1859389_2	N/A	23.848	85	369	2.47e-14	76.3
SadB_ref|WP_100812327.1|:1-423	423	k121_301228_1	N/A	24.581	77	358	3.28e-14	76.3
SadB_ref|WP_100812327.1|:1-423	423	k121_553844_1	N/A	26.263	23	99	6.77e-08	53.5
SadB_ref|WP_100812327.1|:1-423	423	k121_530309_3	N/A	30.723	36	166	1.11e-06	52.8
SadB_ref|WP_100812327.1|:1-423	423	k121_1311990_8	N/A	23.545	79	378	1.36e-06	52.4
SadB_ref|WP_100812327.1|:1-423	423	k121_1314922_3	N/A	27.488	47	211	5.38e-06	49.7
SadB_ref|WP_100812327.1|:1-423	423	k121_284119_2	N/A	23.387	80	372	4.01e-04	44.7
SadB_ref|WP_100812327.1|:1-423	423	k121_537182_3	N/A	30.818	34	159	5.66e-04	42.7
SadB_ref|WP_100812327.1|:1-423	423	k121_1053269_2	N/A	29.752	26	121	8.75e-04	43.5
SadB_ref|WP_100812327.1|:1-423	423	k121_1865937_4	N/A	25.728	48	206	0.001	43.1
SadB_ref|WP_100812327.1|:1-423	423	k121_817751_2	N/A	23.333	82	390	0.002	42.7
SadB_ref|WP_100812327.1|:1-423	423	k121_30947_39	N/A	28.659	36	164	0.003	42.0
SadB_ref|WP_100812327.1|:1-423	423	k121_1317804_1	N/A	21.612	62	273	0.014	39.7
SadB_ref|WP_100812327.1|:1-423	423	k121_1835789_1	N/A	26.389	31	144	0.020	38.9
SadB_ref|WP_100812327.1|:1-423	423	k121_17727_1	N/A	26.866	47	201	0.024	38.9
SadB_ref|WP_100812327.1|:1-423	423	k121_1320511_17	N/A	23.780	69	328	0.055	37.7
SadC_ref|WP_036299413.1|:1-194	194	k121_1589300_3	N/A	37.209	44	86	1.39e-09	54.7
SadC_ref|WP_036299413.1|:1-194	194	k121_1870027_1	N/A	26.667	84	165	1.77e-09	58.2
SadC_ref|WP_036299413.1|:1-194	194	k121_311672_1	N/A	36.667	46	90	4.83e-09	54.3
SadC_ref|WP_036299413.1|:1-194	194	k121_547694_3	N/A	37.662	39	77	1.06e-08	53.9
SadC_ref|WP_036299413.1|:1-194	194	k121_546289_3	N/A	27.559	65	127	1.45e-08	53.9
SadC_ref|WP_036299413.1|:1-194	194	k121_1594412_9	N/A	30.612	75	147	2.24e-08	53.1
SadC_ref|WP_036299413.1|:1-194	194	k121_44457_4	N/A	28.873	73	142	4.04e-08	52.8
SadC_ref|WP_036299413.1|:1-194	194	k121_1837338_3	N/A	37.500	45	88	4.81e-08	52.4
SadC_ref|WP_036299413.1|:1-194	194	k121_1831264_3	N/A	25.828	77	151	1.47e-07	51.2
SadC_ref|WP_036299413.1|:1-194	194	k121_1078139_3	N/A	25.904	84	166	2.84e-07	50.4
SadC_ref|WP_036299413.1|:1-194	194	k121_1865733_3	N/A	30.851	48	94	9.18e-07	48.9
SadC_ref|WP_036299413.1|:1-194	194	k121_22067_1	N/A	26.380	84	163	1.44e-06	48.5
SadC_ref|WP_036299413.1|:1-194	194	k121_1595932_12	N/A	30.081	62	123	1.96e-06	48.1
SadC_ref|WP_036299413.1|:1-194	194	k121_1586609_3	N/A	27.407	68	135	2.40e-06	47.8
SadC_ref|WP_036299413.1|:1-194	194	k121_818433_1	N/A	33.333	37	72	3.86e-06	45.4
SadC_ref|WP_036299413.1|:1-194	194	k121_1578533_1	N/A	28.571	54	105	4.06e-06	48.1
SadC_ref|WP_036299413.1|:1-194	194	k121_9421_45	N/A	27.972	71	143	3.69e-04	41.6
SadC_ref|WP_036299413.1|:1-194	194	k121_1317155_2	N/A	38.983	30	59	0.004	37.0
SadC_ref|WP_036299413.1|:1-194	194	k121_546939_2	N/A	24.812	67	133	0.030	35.8
SadC_ref|WP_036299413.1|:1-194	194	k121_795079_6	N/A	26.087	47	92	0.093	34.7
WP_000259031.1	279	k121_279414_2	N/A	47.308	93	260	5.16e-85	257
WP_000259031.1	279	k121_1600485_1	N/A	48.780	88	246	7.01e-85	256
WP_000259031.1	279	k121_1353218_5	N/A	35.178	91	253	1.50e-39	140
WP_000259031.1	279	k121_524215_1	N/A	38.760	91	258	5.16e-39	139
WP_000259031.1	279	k121_1087607_21	N/A	35.772	87	246	4.66e-38	136
WP_000259031.1	279	k121_1321222_81	N/A	32.210	96	267	1.94e-37	135
WP_000259031.1	279	k121_1339618_9	N/A	33.200	88	250	8.93e-36	131
WP_000259031.1	279	k121_1872157_2	N/A	37.879	93	264	3.36e-32	122
WP_000259031.1	279	k121_833687_2	N/A	33.840	93	263	6.99e-32	120
WP_000259031.1	279	k121_43223_1	N/A	29.658	91	263	1.11e-31	122
WP_000259031.1	279	k121_567274_1	N/A	32.157	90	255	2.45e-30	116
WP_000259031.1	279	k121_1354821_43	N/A	32.331	94	266	5.01e-30	115
WP_000259031.1	279	k121_1867026_25	N/A	30.924	88	249	4.51e-29	113
WP_000259031.1	279	k121_303004_19	N/A	31.955	93	266	5.52e-29	113
WP_000259031.1	279	k121_18562_2	N/A	35.366	88	246	3.79e-28	111
WP_000259031.1	279	k121_1831446_7	N/A	31.227	95	269	5.00e-28	110
WP_000259031.1	279	k121_17383_3	N/A	29.317	88	249	3.21e-27	108
WP_000259031.1	279	k121_1848428_4	N/A	26.459	91	257	6.64e-27	107
WP_000259031.1	279	k121_1835723_23	N/A	33.574	95	277	3.35e-26	106
WP_000259031.1	279	k121_281841_2	N/A	28.627	88	255	3.78e-26	105
WP_000259031.1	279	k121_1314073_2	N/A	28.205	80	234	2.22e-25	103
WP_000259031.1	279	k121_832617_14	N/A	32.558	76	215	2.44e-25	103
WP_000259031.1	279	k121_788421_2	N/A	35.751	69	193	3.56e-25	100
WP_000259031.1	279	k121_1065352_10	N/A	26.182	97	275	3.99e-25	102
WP_000259031.1	279	k121_1318917_78	N/A	28.400	88	250	6.07e-25	105
WP_000259031.1	279	k121_287187_2	N/A	31.734	96	271	2.13e-24	101
WP_000259031.1	279	k121_1351787_1	N/A	27.799	91	259	2.16e-24	100
WP_000259031.1	279	k121_26920_4	N/A	28.777	94	278	3.68e-24	100
WP_000259031.1	279	k121_1093895_2	N/A	27.600	88	250	8.41e-24	99.4
WP_000259031.1	279	k121_1583723_2	N/A	31.718	80	227	1.65e-22	95.9
WP_000259031.1	279	k121_541095_2	N/A	31.923	88	260	2.14e-22	95.9
WP_000259031.1	279	k121_1334221_13	N/A	26.866	95	268	5.40e-22	94.4
WP_000259031.1	279	k121_543560_5	N/A	27.778	94	270	9.83e-22	93.6
WP_000259031.1	279	k121_1053291_1	N/A	28.509	81	228	1.63e-21	92.4
WP_000259031.1	279	k121_1873224_2	N/A	37.600	45	125	9.14e-21	88.2
WP_000259031.1	279	k121_1586389_86	N/A	26.592	94	267	2.06e-20	90.1
WP_000259031.1	279	k121_1342230_20	N/A	31.923	89	260	3.44e-19	87.0
WP_000259031.1	279	k121_22000_16	N/A	33.333	94	273	1.22e-18	85.1
WP_000259031.1	279	k121_3196_2	N/A	31.461	63	178	1.36e-18	84.0
WP_000259031.1	279	k121_294228_2	N/A	30.366	68	191	8.79e-18	81.6
WP_000259031.1	279	k121_1050255_1	N/A	26.549	80	226	1.53e-16	78.6
WP_000259031.1	279	k121_523028_1	N/A	33.333	44	126	2.74e-16	76.6
WP_000259031.1	279	k121_28610_10	N/A	26.515	94	264	5.97e-16	77.8
WP_000259031.1	279	k121_1324980_3	N/A	29.189	66	185	2.48e-15	74.3
WP_000259031.1	279	k121_1092547_9	N/A	26.667	58	165	1.19e-14	72.4
WP_000259031.1	279	k121_35963_1	N/A	31.538	44	130	2.02e-11	63.5
WP_000259031.1	279	k121_788398_2	N/A	30.645	44	124	5.50e-11	63.2
WP_000259031.1	279	k121_530146_1	N/A	32.692	37	104	5.73e-10	58.2
WP_000259031.1	279	k121_32456_2	N/A	37.500	25	80	5.52e-07	49.7
WP_000259031.1	279	k121_276930_1	N/A	33.333	31	87	6.25e-04	40.8
WP_001043260.1	271	k121_1600485_1	N/A	50.769	96	260	1.71e-88	265
WP_001043260.1	271	k121_279414_2	N/A	49.615	96	260	1.14e-84	256
WP_001043260.1	271	k121_524215_1	N/A	40.840	96	262	7.51e-49	164
WP_001043260.1	271	k121_1321222_81	N/A	36.940	99	268	6.36e-44	152
WP_001043260.1	271	k121_1831446_7	N/A	38.636	97	264	2.07e-43	150
WP_001043260.1	271	k121_1354821_43	N/A	37.308	95	260	3.78e-43	149
WP_001043260.1	271	k121_1339618_9	N/A	35.878	96	262	6.89e-43	149
WP_001043260.1	271	k121_1087607_21	N/A	36.604	97	265	2.54e-42	147
WP_001043260.1	271	k121_1353218_5	N/A	37.984	94	258	1.07e-41	145
WP_001043260.1	271	k121_833687_2	N/A	36.260	96	262	3.70e-41	145
WP_001043260.1	271	k121_18562_2	N/A	36.154	95	260	2.62e-35	129
WP_001043260.1	271	k121_1318917_78	N/A	33.955	97	268	8.62e-35	132
WP_001043260.1	271	k121_1835723_23	N/A	39.269	80	219	1.37e-34	128
WP_001043260.1	271	k121_43223_1	N/A	31.179	94	263	1.78e-34	129
WP_001043260.1	271	k121_1872157_2	N/A	40.304	96	263	9.67e-34	125
WP_001043260.1	271	k121_281841_2	N/A	32.692	92	260	1.40e-33	125
WP_001043260.1	271	k121_287187_2	N/A	34.866	96	261	1.21e-32	122
WP_001043260.1	271	k121_1583723_2	N/A	36.641	96	262	1.44e-32	122
WP_001043260.1	271	k121_832617_14	N/A	30.534	95	262	2.48e-32	121
WP_001043260.1	271	k121_1867026_25	N/A	31.102	92	254	2.80e-32	121
WP_001043260.1	271	k121_1848428_4	N/A	26.415	97	265	5.63e-32	120
WP_001043260.1	271	k121_1342230_20	N/A	36.154	91	260	5.01e-31	118
WP_001043260.1	271	k121_1093895_2	N/A	30.800	90	250	6.01e-31	118
WP_001043260.1	271	k121_3196_2	N/A	35.233	70	193	6.99e-31	116
WP_001043260.1	271	k121_303004_19	N/A	31.698	96	265	1.59e-30	117
WP_001043260.1	271	k121_22000_16	N/A	35.606	96	264	2.75e-30	116
WP_001043260.1	271	k121_1586389_86	N/A	28.244	96	262	8.95e-30	115
WP_001043260.1	271	k121_567274_1	N/A	31.727	90	249	1.36e-29	114
WP_001043260.1	271	k121_543560_5	N/A	29.323	96	266	1.43e-29	114
WP_001043260.1	271	k121_1873224_2	N/A	44.094	47	127	2.46e-28	107
WP_001043260.1	271	k121_1314073_2	N/A	31.799	83	239	3.01e-28	110
WP_001043260.1	271	k121_1334221_13	N/A	31.452	90	248	3.79e-28	110
WP_001043260.1	271	k121_1065352_10	N/A	26.515	96	264	3.49e-27	108
WP_001043260.1	271	k121_17383_3	N/A	29.412	91	255	4.36e-27	108
WP_001043260.1	271	k121_1351787_1	N/A	26.693	91	251	1.38e-26	106
WP_001043260.1	271	k121_26920_4	N/A	28.302	96	265	1.99e-26	106
WP_001043260.1	271	k121_788421_2	N/A	34.375	71	192	6.14e-26	102
WP_001043260.1	271	k121_541095_2	N/A	34.733	90	262	3.90e-25	103
WP_001043260.1	271	k121_1053291_1	N/A	31.390	81	223	1.04e-23	97.8
WP_001043260.1	271	k121_294228_2	N/A	32.524	75	206	4.77e-21	90.5
WP_001043260.1	271	k121_28610_10	N/A	25.954	96	262	3.18e-20	89.7
WP_001043260.1	271	k121_788398_2	N/A	43.651	45	126	2.11e-18	83.6
WP_001043260.1	271	k121_1092547_9	N/A	29.518	60	166	2.30e-18	82.0
WP_001043260.1	271	k121_1050255_1	N/A	24.893	85	233	1.40e-15	75.9
WP_001043260.1	271	k121_35963_1	N/A	34.328	46	134	5.72e-14	70.5
WP_001043260.1	271	k121_530146_1	N/A	37.500	38	104	8.42e-14	68.9
WP_001043260.1	271	k121_523028_1	N/A	31.250	46	128	2.16e-13	68.6
WP_001043260.1	271	k121_1324980_3	N/A	28.070	62	171	1.26e-09	58.5
WP_001043260.1	271	k121_1326748_3	N/A	49.180	23	61	1.27e-09	56.2
WP_001043260.1	271	k121_32456_2	N/A	35.714	42	126	5.12e-09	55.5
WP_001043260.1	271	k121_276930_1	N/A	35.165	33	91	8.06e-04	40.4
WP_000034420.1	263	k121_1600485_1	N/A	60.392	97	255	5.40e-111	322
WP_000034420.1	263	k121_279414_2	N/A	58.621	99	261	7.64e-110	319
WP_000034420.1	263	k121_1353218_5	N/A	40.927	98	259	9.04e-59	189
WP_000034420.1	263	k121_1087607_21	N/A	38.372	98	258	5.84e-54	177
WP_000034420.1	263	k121_833687_2	N/A	37.121	98	264	3.77e-51	170
WP_000034420.1	263	k121_524215_1	N/A	36.293	98	259	2.93e-50	167
WP_000034420.1	263	k121_1321222_81	N/A	38.224	98	259	8.08e-49	164
WP_000034420.1	263	k121_18562_2	N/A	36.398	99	261	1.63e-48	164
WP_000034420.1	263	k121_1354821_43	N/A	36.364	99	264	1.88e-48	163
WP_000034420.1	263	k121_1872157_2	N/A	39.313	99	262	1.96e-48	163
WP_000034420.1	263	k121_1831446_7	N/A	36.364	99	264	1.60e-46	158
WP_000034420.1	263	k121_1867026_25	N/A	37.643	99	263	4.55e-45	154
WP_000034420.1	263	k121_1339618_9	N/A	35.632	98	261	1.41e-44	153
WP_000034420.1	263	k121_287187_2	N/A	34.100	99	261	3.53e-44	152
WP_000034420.1	263	k121_1583723_2	N/A	35.361	99	263	5.49e-44	152
WP_000034420.1	263	k121_1318917_78	N/A	32.576	98	264	1.59e-39	144
WP_000034420.1	263	k121_281841_2	N/A	33.088	99	272	8.15e-39	138
WP_000034420.1	263	k121_43223_1	N/A	34.902	94	255	2.78e-38	139
WP_000034420.1	263	k121_788421_2	N/A	40.415	73	193	2.62e-36	129
WP_000034420.1	263	k121_1334221_13	N/A	32.411	94	253	9.58e-36	130
WP_000034420.1	263	k121_543560_5	N/A	33.086	99	269	3.28e-35	129
WP_000034420.1	263	k121_17383_3	N/A	31.418	98	261	2.81e-34	127
WP_000034420.1	263	k121_22000_16	N/A	34.586	99	266	1.95e-33	124
WP_000034420.1	263	k121_1586389_86	N/A	29.771	98	262	4.93e-33	123
WP_000034420.1	263	k121_3196_2	N/A	34.555	72	191	1.37e-32	120
WP_000034420.1	263	k121_567274_1	N/A	31.907	97	257	2.89e-32	120
WP_000034420.1	263	k121_1093895_2	N/A	30.769	97	260	1.42e-31	119
WP_000034420.1	263	k121_303004_19	N/A	30.534	98	262	7.17e-31	117
WP_000034420.1	263	k121_26920_4	N/A	31.679	98	262	8.30e-31	117
WP_000034420.1	263	k121_1848428_4	N/A	30.303	98	264	9.83e-31	117
WP_000034420.1	263	k121_1835723_23	N/A	35.514	80	214	1.21e-30	117
WP_000034420.1	263	k121_1314073_2	N/A	30.403	95	273	1.14e-28	111
WP_000034420.1	263	k121_832617_14	N/A	31.907	96	257	1.83e-28	110
WP_000034420.1	263	k121_1351787_1	N/A	30.855	98	269	1.16e-27	108
WP_000034420.1	263	k121_1342230_20	N/A	30.403	98	273	1.73e-27	108
WP_000034420.1	263	k121_541095_2	N/A	31.047	98	277	5.13e-26	105
WP_000034420.1	263	k121_1065352_10	N/A	28.996	99	269	1.17e-25	103
WP_000034420.1	263	k121_1873224_2	N/A	38.710	47	124	3.84e-25	99.4
WP_000034420.1	263	k121_788398_2	N/A	44.000	47	125	4.09e-25	101
WP_000034420.1	263	k121_1053291_1	N/A	32.889	84	225	5.14e-25	101
WP_000034420.1	263	k121_28610_10	N/A	28.839	98	267	1.22e-23	98.6
WP_000034420.1	263	k121_294228_2	N/A	29.756	77	205	2.44e-22	93.6
WP_000034420.1	263	k121_1050255_1	N/A	30.901	87	233	4.09e-22	93.2
WP_000034420.1	263	k121_523028_1	N/A	38.095	47	126	5.37e-21	89.0
WP_000034420.1	263	k121_530146_1	N/A	43.396	40	106	2.36e-17	78.2
WP_000034420.1	263	k121_1324980_3	N/A	33.333	70	192	3.16e-17	79.3
WP_000034420.1	263	k121_1092547_9	N/A	31.548	62	168	5.79e-16	75.5
WP_000034420.1	263	k121_35963_1	N/A	34.615	47	130	2.56e-15	73.9
WP_000034420.1	263	k121_32456_2	N/A	36.000	43	125	3.04e-12	64.3
WP_000034420.1	263	k121_276930_1	N/A	31.373	38	102	5.09e-05	43.5
WP_000034420.1	263	k121_1355037_3	N/A	35.000	23	60	0.073	36.2
WP_206434233.1	297	k121_1314073_2	N/A	60.687	88	262	3.86e-117	339
WP_206434233.1	297	k121_541095_2	N/A	50.699	94	286	1.09e-80	248
WP_206434233.1	297	k121_281841_2	N/A	40.288	93	278	2.56e-71	223
WP_206434233.1	297	k121_35963_1	N/A	55.882	57	170	2.69e-68	212
WP_206434233.1	297	k121_1831446_7	N/A	44.361	90	266	5.60e-66	209
WP_206434233.1	297	k121_1835723_23	N/A	46.209	92	277	8.15e-64	204
WP_206434233.1	297	k121_1065352_10	N/A	37.226	92	274	2.60e-60	195
WP_206434233.1	297	k121_1353218_5	N/A	40.392	86	255	1.70e-59	192
WP_206434233.1	297	k121_1354821_43	N/A	38.182	92	275	2.98e-59	192
WP_206434233.1	297	k121_833687_2	N/A	42.545	92	275	3.72e-59	192
WP_206434233.1	297	k121_1351787_1	N/A	38.202	90	267	2.18e-58	189
WP_206434233.1	297	k121_17383_3	N/A	37.037	91	270	3.95e-57	187
WP_206434233.1	297	k121_1334221_13	N/A	36.806	96	288	4.87e-57	186
WP_206434233.1	297	k121_1586389_86	N/A	37.786	88	262	5.22e-57	186
WP_206434233.1	297	k121_1087607_21	N/A	37.354	87	257	4.51e-56	183
WP_206434233.1	297	k121_303004_19	N/A	40.530	89	264	7.57e-56	184
WP_206434233.1	297	k121_1848428_4	N/A	36.496	92	274	5.22e-55	181
WP_206434233.1	297	k121_43223_1	N/A	37.023	88	262	1.49e-53	180
WP_206434233.1	297	k121_287187_2	N/A	40.000	89	265	1.67e-53	177
WP_206434233.1	297	k121_1318917_78	N/A	38.931	88	262	2.01e-53	182
WP_206434233.1	297	k121_1339618_9	N/A	38.224	87	259	2.41e-53	177
WP_206434233.1	297	k121_567274_1	N/A	35.955	90	267	5.03e-53	176
WP_206434233.1	297	k121_26920_4	N/A	37.066	87	259	8.58e-53	176
WP_206434233.1	297	k121_1867026_25	N/A	38.828	91	273	2.00e-52	174
WP_206434233.1	297	k121_524215_1	N/A	39.231	88	260	4.08e-52	174
WP_206434233.1	297	k121_1872157_2	N/A	39.502	92	281	1.93e-51	172
WP_206434233.1	297	k121_22000_16	N/A	41.304	92	276	9.53e-51	170
WP_206434233.1	297	k121_1583723_2	N/A	41.176	92	272	2.68e-50	169
WP_206434233.1	297	k121_832617_14	N/A	35.019	86	257	5.19e-50	167
WP_206434233.1	297	k121_1321222_81	N/A	37.050	94	278	3.16e-49	166
WP_206434233.1	297	k121_1093895_2	N/A	32.707	89	266	5.98e-49	166
WP_206434233.1	297	k121_543560_5	N/A	40.146	91	274	1.94e-47	161
WP_206434233.1	297	k121_18562_2	N/A	40.684	88	263	3.69e-47	161
WP_206434233.1	297	k121_1342230_20	N/A	39.560	88	273	3.45e-45	156
WP_206434233.1	297	k121_1053291_1	N/A	31.915	79	235	6.85e-45	154
WP_206434233.1	297	k121_1324980_3	N/A	42.222	61	180	7.83e-42	144
WP_206434233.1	297	k121_294228_2	N/A	38.308	67	201	2.12e-41	144
WP_206434233.1	297	k121_1050255_1	N/A	34.483	78	232	1.76e-40	142
WP_206434233.1	297	k121_3196_2	N/A	40.394	68	203	9.32e-39	137
WP_206434233.1	297	k121_28610_10	N/A	32.117	92	274	9.56e-39	139
WP_206434233.1	297	k121_279414_2	N/A	33.083	87	266	2.89e-37	135
WP_206434233.1	297	k121_788421_2	N/A	36.313	60	179	5.62e-33	122
WP_206434233.1	297	k121_1600485_1	N/A	31.086	87	267	1.73e-32	122
WP_206434233.1	297	k121_523028_1	N/A	40.625	54	160	6.55e-32	118
WP_206434233.1	297	k121_1873224_2	N/A	43.571	47	140	1.15e-28	109
WP_206434233.1	297	k121_1092547_9	N/A	37.107	53	159	2.72e-27	106
WP_206434233.1	297	k121_788398_2	N/A	47.445	46	137	9.45e-25	100
WP_206434233.1	297	k121_276930_1	N/A	41.935	31	93	5.67e-17	77.0
WP_206434233.1	297	k121_530146_1	N/A	34.783	38	115	1.84e-15	73.6
WP_206434233.1	297	k121_32456_2	N/A	36.937	33	111	4.81e-11	61.2
WP_206434233.1	297	k121_1326748_3	N/A	47.619	21	63	4.82e-08	52.0
WP_005414519.1	219	k121_1046588_1	N/A	39.037	85	187	2.46e-34	122
WP_005414519.1	219	k121_1088125_2	N/A	37.255	90	204	3.98e-31	115
WP_005414519.1	219	k121_1094005_2	N/A	38.333	80	180	2.97e-29	110
WP_005414519.1	219	k121_7082_5	N/A	38.333	80	180	1.03e-28	108
WP_005414519.1	219	k121_1604207_1	N/A	36.932	79	176	1.36e-28	108
WP_005414519.1	219	k121_1349652_1	N/A	32.323	90	198	9.91e-27	103
WP_005414519.1	219	k121_298118_2	N/A	33.493	95	209	4.14e-21	89.4
WP_005414519.1	219	k121_1834585_4	N/A	25.683	83	183	3.10e-12	65.5
WP_005414519.1	219	k121_1582374_3	N/A	34.444	79	180	3.19e-11	62.4
WP_005414519.1	219	k121_1592171_1	N/A	44.828	26	58	1.81e-10	60.8
WP_005414519.1	219	k121_555149_4	N/A	31.858	49	113	4.04e-10	60.1
WP_005414519.1	219	k121_1306850_17	N/A	31.902	74	163	2.21e-09	57.4
WP_005414519.1	219	k121_1851306_1	N/A	24.731	84	186	3.35e-09	56.6
WP_005414519.1	219	k121_1351090_18	N/A	27.174	82	184	5.48e-09	56.2
WP_005414519.1	219	k121_805195_34	N/A	28.649	83	185	1.16e-08	55.5
WP_005414519.1	219	k121_1049187_3	N/A	22.286	78	175	4.55e-08	53.5
WP_005414519.1	219	k121_1610802_1	N/A	27.861	88	201	2.16e-07	51.6
WP_005414519.1	219	k121_280267_2	N/A	34.118	39	85	3.21e-07	51.6
WP_005414519.1	219	k121_1086388_2	N/A	26.455	85	189	5.32e-07	50.8
WP_005414519.1	219	k121_1872686_4	N/A	27.907	76	172	6.20e-07	50.4
WP_005414519.1	219	k121_9062_3	N/A	29.310	74	174	1.91e-06	48.9
WP_005414519.1	219	k121_1331333_5	N/A	26.190	95	210	2.29e-06	48.9
WP_005414519.1	219	k121_1321222_41	N/A	29.054	66	148	2.30e-06	49.3
WP_005414519.1	219	k121_302736_3	N/A	41.176	23	51	3.37e-06	48.1
WP_005414519.1	219	k121_1048047_2	N/A	34.940	36	83	3.42e-06	48.1
WP_005414519.1	219	k121_540541_2	N/A	22.124	52	113	3.63e-06	48.1
WP_005414519.1	219	k121_1854729_1	N/A	33.333	47	105	3.94e-06	47.4
WP_005414519.1	219	k121_786601_23	N/A	35.294	31	68	4.63e-06	47.8
WP_005414519.1	219	k121_815424_2	N/A	31.858	44	113	5.47e-06	47.8
WP_005414519.1	219	k121_567166_2	N/A	36.923	30	65	5.71e-06	47.4
WP_005414519.1	219	k121_540142_1	N/A	37.097	28	62	5.78e-06	47.0
WP_005414519.1	219	k121_1091277_1	N/A	28.641	86	206	7.17e-06	47.8
WP_005414519.1	219	k121_570060_6	N/A	25.521	86	192	7.69e-06	47.4
WP_005414519.1	219	k121_1605523_13	N/A	32.000	34	75	1.06e-05	47.0
WP_005414519.1	219	k121_276106_2	N/A	27.011	76	174	1.09e-05	46.6
WP_005414519.1	219	k121_1575873_2	N/A	46.296	25	54	1.37e-05	46.6
WP_005414519.1	219	k121_788563_2	N/A	38.462	36	78	1.38e-05	46.2
WP_005414519.1	219	k121_1834181_2	N/A	37.097	28	62	1.51e-05	46.6
WP_005414519.1	219	k121_298610_44	N/A	25.926	73	162	1.67e-05	46.6
WP_005414519.1	219	k121_1046572_37	N/A	30.233	39	86	2.27e-05	45.8
WP_005414519.1	219	k121_786601_24	N/A	34.286	32	70	2.35e-05	45.8
WP_005414519.1	219	k121_292396_72	N/A	23.333	76	180	2.36e-05	45.8
WP_005414519.1	219	k121_802417_1	N/A	40.741	25	54	2.42e-05	45.8
WP_005414519.1	219	k121_533113_2	N/A	23.370	84	184	2.93e-05	45.8
WP_005414519.1	219	k121_800530_12	N/A	38.462	36	78	3.42e-05	45.4
WP_005414519.1	219	k121_18603_2	N/A	33.333	26	57	3.68e-05	45.4
WP_005414519.1	219	k121_1079565_13	N/A	38.182	25	55	3.79e-05	45.1
WP_005414519.1	219	k121_1839818_13	N/A	23.596	81	178	3.84e-05	45.4
WP_005414519.1	219	k121_1076725_4	N/A	28.829	46	111	4.00e-05	45.1
WP_005414519.1	219	k121_528084_6	N/A	32.558	39	86	4.03e-05	45.1
WP_005414519.1	219	k121_540056_2	N/A	37.879	30	66	5.39e-05	45.1
WP_005414519.1	219	k121_784971_2	N/A	31.746	29	63	5.78e-05	42.4
WP_005414519.1	219	k121_301229_2	N/A	31.429	47	105	6.42e-05	44.7
WP_005414519.1	219	k121_549360_2	N/A	37.931	26	58	6.66e-05	44.7
WP_005414519.1	219	k121_1869301_8	N/A	28.571	38	84	6.96e-05	44.7
WP_005414519.1	219	k121_35697_3	N/A	26.415	73	159	8.34e-05	44.3
WP_005414519.1	219	k121_1069639_1	N/A	24.516	69	155	8.94e-05	44.3
WP_005414519.1	219	k121_1333492_1	N/A	41.818	25	55	9.98e-05	41.2
WP_005414519.1	219	k121_1870294_6	N/A	38.462	24	52	1.06e-04	42.7
WP_005414519.1	219	k121_280312_1	N/A	28.125	29	64	1.06e-04	43.9
WP_005414519.1	219	k121_308595_2	N/A	34.783	32	69	1.08e-04	43.9
WP_005414519.1	219	k121_1052445_40	N/A	35.714	26	56	1.09e-04	43.9
WP_005414519.1	219	k121_1575002_1	N/A	27.215	72	158	1.11e-04	43.9
WP_005414519.1	219	k121_1055850_3	N/A	32.000	45	100	1.21e-04	43.5
WP_005414519.1	219	k121_823634_2	N/A	29.333	34	75	1.23e-04	43.5
WP_005414519.1	219	k121_1585000_4	N/A	24.725	78	182	1.31e-04	44.3
WP_005414519.1	219	k121_1348702_2	N/A	35.185	25	54	1.46e-04	43.5
WP_005414519.1	219	k121_1842528_1	N/A	38.889	25	54	1.48e-04	43.9
WP_005414519.1	219	k121_1313149_4	N/A	35.065	35	77	1.48e-04	43.5
WP_005414519.1	219	k121_1578531_11	N/A	23.737	89	198	1.53e-04	43.5
WP_005414519.1	219	k121_299074_4	N/A	27.451	23	51	1.73e-04	43.1
WP_005414519.1	219	k121_300250_1	N/A	32.727	25	55	2.32e-04	43.1
WP_005414519.1	219	k121_22498_4	N/A	26.667	84	195	2.33e-04	43.1
WP_005414519.1	219	k121_524608_2	N/A	20.202	90	198	2.41e-04	42.7
WP_005414519.1	219	k121_1069274_2	N/A	41.667	22	48	2.42e-04	43.1
WP_005414519.1	219	k121_814049_2	N/A	35.556	40	90	2.61e-04	42.7
WP_005414519.1	219	k121_1340741_2	N/A	37.037	25	54	3.16e-04	42.7
WP_005414519.1	219	k121_572148_57	N/A	35.185	25	54	3.19e-04	42.4
WP_005414519.1	219	k121_35731_3	N/A	38.596	26	57	3.55e-04	42.7
WP_005414519.1	219	k121_1596346_2	N/A	30.769	34	78	4.06e-04	42.4
WP_005414519.1	219	k121_1313985_9	N/A	35.714	26	56	6.26e-04	42.0
WP_005414519.1	219	k121_261121_6	N/A	38.889	25	54	6.39e-04	41.6
WP_005414519.1	219	k121_276699_2	N/A	22.642	72	159	6.71e-04	41.6
WP_005414519.1	219	k121_1074141_2	N/A	29.167	33	72	6.98e-04	42.0
WP_005414519.1	219	k121_1080385_3	N/A	34.483	26	58	7.34e-04	41.6
WP_005414519.1	219	k121_553810_4	N/A	27.451	23	51	7.61e-04	41.2
WP_005414519.1	219	k121_1351058_2	N/A	19.632	74	163	8.28e-04	41.2
WP_005414519.1	219	k121_1829054_3	N/A	25.874	58	143	8.54e-04	41.2
WP_005414519.1	219	k121_1335648_9	N/A	31.959	44	97	0.001	40.8
WP_005414519.1	219	k121_1305392_2	N/A	32.099	37	81	0.001	41.2
WP_005414519.1	219	k121_1049336_2	N/A	40.741	25	54	0.001	38.9
WP_005414519.1	219	k121_534911_9	N/A	26.316	43	95	0.001	41.2
WP_005414519.1	219	k121_1317885_7	N/A	47.059	23	51	0.001	41.2
WP_005414519.1	219	k121_23274_35	N/A	24.479	85	192	0.001	40.8
WP_005414519.1	219	k121_1082290_3	N/A	27.419	28	62	0.001	40.8
WP_005414519.1	219	k121_1330220_2	N/A	25.989	79	177	0.001	40.4
WP_005414519.1	219	k121_1577561_2	N/A	21.348	80	178	0.001	40.4
WP_005414519.1	219	k121_301229_4	N/A	30.159	29	63	0.001	40.8
WP_005414519.1	219	k121_1044323_3	N/A	32.500	36	80	0.001	40.8
WP_005414519.1	219	k121_308157_2	N/A	34.921	29	63	0.001	40.8
WP_005414519.1	219	k121_1351819_2	N/A	34.483	26	58	0.001	38.5
WP_005414519.1	219	k121_294515_2	N/A	40.000	23	50	0.001	39.7
WP_005414519.1	219	k121_1216_4	N/A	34.545	25	55	0.002	40.4
WP_005414519.1	219	k121_300548_4	N/A	25.641	36	78	0.002	40.4
WP_005414519.1	219	k121_1328631_15	N/A	35.849	24	53	0.002	40.4
WP_005414519.1	219	k121_1310087_1	N/A	31.481	25	54	0.002	38.1
WP_005414519.1	219	k121_1320284_1	N/A	28.571	38	84	0.002	40.4
WP_005414519.1	219	k121_1092526_2	N/A	28.571	35	77	0.002	40.0
WP_005414519.1	219	k121_1615506_1	N/A	31.250	29	64	0.002	40.0
WP_005414519.1	219	k121_1064899_2	N/A	36.538	24	52	0.003	39.7
WP_005414519.1	219	k121_1578640_1	N/A	22.857	75	175	0.003	39.7
WP_005414519.1	219	k121_1581329_2	N/A	35.185	25	54	0.003	39.7
WP_005414519.1	219	k121_1315019_1	N/A	28.571	45	98	0.003	39.3
WP_005414519.1	219	k121_1090317_1	N/A	35.938	28	64	0.003	38.5
WP_005414519.1	219	k121_1093901_1	N/A	27.500	36	80	0.003	39.3
WP_005414519.1	219	k121_570297_2	N/A	23.810	65	147	0.003	39.7
WP_005414519.1	219	k121_11546_2	N/A	31.250	29	64	0.003	39.7
WP_005414519.1	219	k121_807538_6	N/A	24.468	83	188	0.003	39.7
WP_005414519.1	219	k121_544089_9	N/A	31.507	33	73	0.003	39.3
WP_005414519.1	219	k121_830827_1	N/A	33.333	26	57	0.004	39.3
WP_005414519.1	219	k121_267497_3	N/A	32.812	29	64	0.005	38.9
WP_005414519.1	219	k121_303807_4	N/A	29.167	43	96	0.005	38.9
WP_005414519.1	219	k121_782839_2	N/A	38.889	25	54	0.005	39.3
WP_005414519.1	219	k121_827184_1	N/A	22.772	45	101	0.005	38.1
WP_005414519.1	219	k121_1350642_1	N/A	29.091	25	55	0.006	38.9
WP_005414519.1	219	k121_1348527_6	N/A	23.034	81	178	0.006	38.9
WP_005414519.1	219	k121_12406_2	N/A	35.185	25	54	0.006	38.9
WP_005414519.1	219	k121_1350454_2	N/A	32.787	28	61	0.006	38.5
WP_005414519.1	219	k121_848_2	N/A	23.596	41	89	0.007	38.5
WP_005414519.1	219	k121_1874748_4	N/A	34.375	29	64	0.007	38.5
WP_005414519.1	219	k121_20934_2	N/A	30.508	27	59	0.007	38.1
WP_005414519.1	219	k121_1069221_2	N/A	19.780	83	182	0.008	38.5
WP_005414519.1	219	k121_1866445_3	N/A	33.898	27	59	0.008	36.6
WP_005414519.1	219	k121_2146_3	N/A	26.752	68	157	0.008	38.5
WP_005414519.1	219	k121_1319099_2	N/A	24.855	74	173	0.008	38.1
WP_005414519.1	219	k121_1068783_2	N/A	33.871	28	62	0.009	38.1
WP_005414519.1	219	k121_285934_7	N/A	22.472	81	178	0.009	38.1
WP_005414519.1	219	k121_273918_5	N/A	27.011	75	174	0.009	38.1
WP_005414519.1	219	k121_35293_2	N/A	32.692	24	52	0.010	38.1
WP_005414519.1	219	k121_266866_2	N/A	33.824	31	68	0.010	38.1
WP_005414519.1	219	k121_1353257_1	N/A	30.508	27	59	0.011	36.6
WP_005414519.1	219	k121_1338255_2	N/A	20.930	77	172	0.011	37.7
WP_005414519.1	219	k121_1610935_1	N/A	33.846	30	65	0.012	35.8
WP_005414519.1	219	k121_16585_2	N/A	31.579	35	76	0.012	37.7
WP_005414519.1	219	k121_1346208_10	N/A	37.255	23	51	0.012	38.1
WP_005414519.1	219	k121_564063_1	N/A	33.333	22	48	0.012	37.7
WP_005414519.1	219	k121_1827808_2	N/A	29.592	44	98	0.012	37.7
WP_005414519.1	219	k121_547768_4	N/A	25.843	80	178	0.013	37.7
WP_005414519.1	219	k121_28769_1	N/A	31.343	31	67	0.013	37.7
WP_005414519.1	219	k121_1346123_2	N/A	33.333	30	66	0.016	37.0
WP_005414519.1	219	k121_786603_6	N/A	30.645	28	62	0.016	37.7
WP_005414519.1	219	k121_790981_5	N/A	23.164	77	177	0.016	37.4
WP_005414519.1	219	k121_1058310_2	N/A	34.000	23	50	0.016	37.4
WP_005414519.1	219	k121_1346119_1	N/A	35.417	22	48	0.016	37.7
WP_005414519.1	219	k121_18653_2	N/A	36.735	22	49	0.016	37.7
WP_005414519.1	219	k121_278420_6	N/A	30.000	42	100	0.017	37.4
WP_005414519.1	219	k121_1579002_3	N/A	32.759	26	58	0.017	37.4
WP_005414519.1	219	k121_289692_1	N/A	35.484	28	62	0.017	36.6
WP_005414519.1	219	k121_261023_4	N/A	28.571	29	63	0.017	37.4
WP_005414519.1	219	k121_287806_1	N/A	33.333	29	63	0.017	35.4
WP_005414519.1	219	k121_1581235_2	N/A	23.780	74	164	0.018	37.4
WP_005414519.1	219	k121_278114_1	N/A	29.577	32	71	0.018	35.4
WP_005414519.1	219	k121_1345433_17	N/A	30.303	30	66	0.020	37.4
WP_005414519.1	219	k121_830960_1	N/A	27.632	35	76	0.021	37.0
WP_005414519.1	219	k121_1343583_3	N/A	32.857	32	70	0.023	37.4
WP_005414519.1	219	k121_1597397_2	N/A	25.000	42	96	0.023	37.0
WP_005414519.1	219	k121_816669_2	N/A	37.500	22	48	0.023	37.0
WP_005414519.1	219	k121_1079057_1	N/A	35.185	24	54	0.024	35.0
WP_005414519.1	219	k121_1595825_3	N/A	32.530	36	83	0.027	37.0
WP_005414519.1	219	k121_1057207_2	N/A	32.143	26	56	0.028	36.6
WP_005414519.1	219	k121_13667_2	N/A	25.258	83	194	0.029	36.6
WP_005414519.1	219	k121_1828172_5	N/A	39.623	24	53	0.031	36.6
WP_005414519.1	219	k121_549360_3	N/A	28.333	27	60	0.032	36.6
WP_005414519.1	219	k121_1310330_22	N/A	28.302	24	53	0.034	36.6
WP_005414519.1	219	k121_782809_6	N/A	34.375	28	64	0.034	36.6
WP_005414519.1	219	k121_299443_17	N/A	21.547	82	181	0.034	36.6
WP_005414519.1	219	k121_272987_23	N/A	23.077	58	130	0.035	36.6
WP_005414519.1	219	k121_276073_1	N/A	28.440	50	109	0.035	36.2
WP_005414519.1	219	k121_1069155_3	N/A	34.545	25	55	0.036	34.3
WP_005414519.1	219	k121_1053283_2	N/A	36.232	32	69	0.037	36.2
WP_005414519.1	219	k121_1308795_1	N/A	36.538	23	52	0.037	36.2
WP_005414519.1	219	k121_1859827_6	N/A	25.000	30	80	0.041	36.2
WP_005414519.1	219	k121_775_32	N/A	23.871	70	155	0.041	36.2
WP_005414519.1	219	k121_26409_2	N/A	23.602	72	161	0.045	36.2
WP_005414519.1	219	k121_1332034_1	N/A	28.070	26	57	0.045	36.2
WP_005414519.1	219	k121_1586873_2	N/A	22.222	62	135	0.047	35.8
WP_005414519.1	219	k121_1607323_2	N/A	34.545	25	55	0.049	35.8
WP_005414519.1	219	k121_41781_3	N/A	28.125	29	64	0.049	36.2
WP_005414519.1	219	k121_1568843_1	N/A	24.691	37	81	0.052	36.2
WP_005414519.1	219	k121_1080403_4	N/A	37.255	23	51	0.053	35.4
WP_005414519.1	219	k121_32721_3	N/A	35.593	26	59	0.053	36.2
WP_005414519.1	219	k121_1065897_37	N/A	28.767	32	73	0.054	35.8
WP_005414519.1	219	k121_528137_2	N/A	32.692	24	52	0.057	35.8
WP_005414519.1	219	k121_307323_6	N/A	23.704	58	135	0.058	35.8
WP_005414519.1	219	k121_1853565_3	N/A	38.596	26	57	0.061	34.7
WP_005414519.1	219	k121_38678_2	N/A	27.143	32	70	0.062	35.8
WP_005414519.1	219	k121_542443_3	N/A	38.000	23	50	0.063	34.7
WP_005414519.1	219	k121_11346_5	N/A	27.273	40	88	0.064	35.8
WP_005414519.1	219	k121_14847_4	N/A	28.571	22	49	0.065	34.7
WP_005414519.1	219	k121_523908_4	N/A	33.846	30	65	0.065	35.8
WP_005414519.1	219	k121_308624_1	N/A	28.750	36	80	0.066	35.4
WP_005414519.1	219	k121_51643_3	N/A	30.769	29	65	0.066	35.8
WP_005414519.1	219	k121_1877678_5	N/A	31.034	26	58	0.070	35.8
WP_005414519.1	219	k121_801029_36	N/A	25.342	66	146	0.070	35.4
WP_005414519.1	219	k121_827912_3	N/A	33.962	24	53	0.073	35.4
WP_005414519.1	219	k121_1316676_3	N/A	32.143	26	56	0.075	35.4
WP_005414519.1	219	k121_797476_2	N/A	24.599	85	187	0.076	35.4
WP_005414519.1	219	k121_23381_3	N/A	32.653	45	98	0.077	35.4
WP_005414519.1	219	k121_1345774_2	N/A	30.769	28	65	0.078	35.4
WP_005414519.1	219	k121_4083_11	N/A	27.586	26	58	0.078	35.4
WP_005414519.1	219	k121_1353108_2	N/A	32.692	24	52	0.080	35.4
WP_005414519.1	219	k121_1067177_3	N/A	34.545	25	55	0.084	35.4
WP_005414519.1	219	k121_1865253_1	N/A	32.143	26	56	0.099	34.7
WP_025877280.1	219	k121_1046588_1	N/A	38.503	85	187	1.30e-33	121
WP_025877280.1	219	k121_1088125_2	N/A	36.683	90	199	1.27e-31	116
WP_025877280.1	219	k121_1094005_2	N/A	37.778	80	180	5.57e-29	109
WP_025877280.1	219	k121_7082_5	N/A	38.333	80	180	1.27e-28	108
WP_025877280.1	219	k121_1604207_1	N/A	36.364	79	176	5.18e-28	107
WP_025877280.1	219	k121_1349652_1	N/A	32.828	90	198	1.20e-27	106
WP_025877280.1	219	k121_298118_2	N/A	34.314	93	204	9.15e-22	90.9
WP_025877280.1	219	k121_1834585_4	N/A	43.548	28	62	1.31e-11	63.5
WP_025877280.1	219	k121_1592171_1	N/A	27.717	81	184	1.04e-10	61.2
WP_025877280.1	219	k121_1582374_3	N/A	38.384	45	99	1.28e-10	60.8
WP_025877280.1	219	k121_555149_4	N/A	31.858	49	113	3.53e-10	60.1
WP_025877280.1	219	k121_1851306_1	N/A	25.269	84	186	3.77e-10	59.3
WP_025877280.1	219	k121_1351090_18	N/A	27.174	82	184	4.16e-09	56.6
WP_025877280.1	219	k121_1306850_17	N/A	31.902	74	163	1.35e-08	55.5
WP_025877280.1	219	k121_1049187_3	N/A	22.857	78	175	6.74e-08	52.8
WP_025877280.1	219	k121_805195_34	N/A	27.568	83	185	9.23e-08	52.8
WP_025877280.1	219	k121_1872686_4	N/A	28.488	76	172	1.25e-07	52.8
WP_025877280.1	219	k121_1610802_1	N/A	27.861	88	201	3.59e-07	50.8
WP_025877280.1	219	k121_280267_2	N/A	34.118	39	85	4.94e-07	50.8
WP_025877280.1	219	k121_276106_2	N/A	28.161	76	174	1.40e-06	49.3
WP_025877280.1	219	k121_1321222_41	N/A	29.054	66	148	1.73e-06	49.7
WP_025877280.1	219	k121_9062_3	N/A	29.310	74	174	2.83e-06	48.5
WP_025877280.1	219	k121_540541_2	N/A	22.321	51	112	3.36e-06	48.1
WP_025877280.1	219	k121_1046572_37	N/A	31.395	39	86	4.23e-06	48.1
WP_025877280.1	219	k121_302736_3	N/A	41.176	23	51	4.41e-06	47.8
WP_025877280.1	219	k121_1331333_5	N/A	42.105	26	57	5.60e-06	47.8
WP_025877280.1	219	k121_1091277_1	N/A	29.469	87	207	5.88e-06	47.8
WP_025877280.1	219	k121_1048047_2	N/A	34.940	36	83	5.92e-06	47.4
WP_025877280.1	219	k121_815424_2	N/A	31.858	44	113	9.93e-06	47.4
WP_025877280.1	219	k121_1076725_4	N/A	26.923	89	208	1.11e-05	46.6
WP_025877280.1	219	k121_788563_2	N/A	38.462	36	78	1.38e-05	46.2
WP_025877280.1	219	k121_1605523_13	N/A	32.000	34	75	1.62e-05	46.2
WP_025877280.1	219	k121_1086388_2	N/A	24.868	85	189	1.91e-05	46.2
WP_025877280.1	219	k121_540142_1	N/A	37.097	28	62	1.96e-05	45.4
WP_025877280.1	219	k121_1575873_2	N/A	46.296	25	54	1.98e-05	46.2
WP_025877280.1	219	k121_567166_2	N/A	35.385	30	65	2.03e-05	45.8
WP_025877280.1	219	k121_298610_44	N/A	25.926	73	162	2.22e-05	46.2
WP_025877280.1	219	k121_786601_23	N/A	33.824	31	68	2.50e-05	45.8
WP_025877280.1	219	k121_1854729_1	N/A	32.381	47	105	2.54e-05	45.1
WP_025877280.1	219	k121_570060_6	N/A	25.000	86	192	2.75e-05	45.4
WP_025877280.1	219	k121_35697_3	N/A	26.415	73	159	2.97e-05	45.8
WP_025877280.1	219	k121_1079565_13	N/A	38.182	25	55	3.38e-05	45.4
WP_025877280.1	219	k121_800530_12	N/A	38.462	36	78	3.69e-05	45.4
WP_025877280.1	219	k121_802417_1	N/A	40.741	25	54	3.80e-05	45.1
WP_025877280.1	219	k121_18603_2	N/A	33.333	26	57	3.93e-05	45.4
WP_025877280.1	219	k121_1348702_2	N/A	37.037	25	54	6.52e-05	44.7
WP_025877280.1	219	k121_1834181_2	N/A	35.484	28	62	6.86e-05	44.7
WP_025877280.1	219	k121_784971_2	N/A	31.746	29	63	6.92e-05	42.0
WP_025877280.1	219	k121_1870294_6	N/A	38.462	24	52	7.34e-05	43.1
WP_025877280.1	219	k121_1069639_1	N/A	25.000	62	136	7.41e-05	44.7
WP_025877280.1	219	k121_549360_2	N/A	37.931	26	58	7.45e-05	44.7
WP_025877280.1	219	k121_300250_1	N/A	34.545	25	55	7.76e-05	44.3
WP_025877280.1	219	k121_301229_2	N/A	31.429	47	105	8.28e-05	44.3
WP_025877280.1	219	k121_528084_6	N/A	32.558	39	86	8.45e-05	44.3
WP_025877280.1	219	k121_533113_2	N/A	23.370	84	184	9.02e-05	44.3
WP_025877280.1	219	k121_786601_24	N/A	32.857	32	70	9.68e-05	44.3
WP_025877280.1	219	k121_1869301_8	N/A	28.571	38	84	1.07e-04	43.9
WP_025877280.1	219	k121_1333492_1	N/A	41.818	25	55	1.21e-04	40.8
WP_025877280.1	219	k121_1575002_1	N/A	27.215	72	158	1.25e-04	43.9
WP_025877280.1	219	k121_1052445_40	N/A	35.714	26	56	1.31e-04	43.9
WP_025877280.1	219	k121_292396_72	N/A	22.778	76	180	1.42e-04	43.5
WP_025877280.1	219	k121_1055850_3	N/A	32.000	45	100	1.50e-04	43.5
WP_025877280.1	219	k121_1842528_1	N/A	38.889	25	54	1.58e-04	43.5
WP_025877280.1	219	k121_308595_2	N/A	34.783	32	69	1.76e-04	43.1
WP_025877280.1	219	k121_280312_1	N/A	28.125	29	64	1.91e-04	43.1
WP_025877280.1	219	k121_1313149_4	N/A	35.065	35	77	2.02e-04	43.1
WP_025877280.1	219	k121_35731_3	N/A	25.749	76	167	2.05e-04	43.1
WP_025877280.1	219	k121_1320284_1	N/A	26.752	67	157	2.52e-04	43.1
WP_025877280.1	219	k121_299074_4	N/A	27.451	23	51	2.60e-04	42.7
WP_025877280.1	219	k121_572148_57	N/A	35.185	25	54	3.75e-04	42.4
WP_025877280.1	219	k121_1069274_2	N/A	41.667	22	48	3.76e-04	42.4
WP_025877280.1	219	k121_1577561_2	N/A	21.910	80	178	3.93e-04	42.4
WP_025877280.1	219	k121_1585000_4	N/A	24.725	78	182	4.50e-04	42.7
WP_025877280.1	219	k121_1093901_1	N/A	28.750	36	80	4.67e-04	41.2
WP_025877280.1	219	k121_301229_4	N/A	31.746	29	63	4.92e-04	42.0
WP_025877280.1	219	k121_1839818_13	N/A	22.472	81	178	5.97e-04	42.0
WP_025877280.1	219	k121_540056_2	N/A	34.848	30	66	5.99e-04	42.0
WP_025877280.1	219	k121_1340741_2	N/A	37.037	25	54	6.03e-04	42.0
WP_025877280.1	219	k121_1596346_2	N/A	30.769	34	78	6.26e-04	41.6
WP_025877280.1	219	k121_22498_4	N/A	26.667	84	195	6.59e-04	41.6
WP_025877280.1	219	k121_1578531_11	N/A	23.881	90	201	6.94e-04	41.6
WP_025877280.1	219	k121_276699_2	N/A	22.500	72	160	7.51e-04	41.2
WP_025877280.1	219	k121_823634_2	N/A	28.000	34	75	7.65e-04	41.2
WP_025877280.1	219	k121_1080385_3	N/A	34.483	26	58	7.69e-04	41.6
WP_025877280.1	219	k121_1074141_2	N/A	29.167	33	72	7.80e-04	41.6
WP_025877280.1	219	k121_1313985_9	N/A	35.714	26	56	8.05e-04	41.6
WP_025877280.1	219	k121_1330220_2	N/A	25.989	79	177	0.001	40.8
WP_025877280.1	219	k121_1335648_9	N/A	31.959	44	97	0.001	41.2
WP_025877280.1	219	k121_524608_2	N/A	20.202	90	198	0.001	41.2
WP_025877280.1	219	k121_547768_4	N/A	26.966	80	178	0.001	40.8
WP_025877280.1	219	k121_261121_6	N/A	38.889	25	54	0.001	41.2
WP_025877280.1	219	k121_570297_2	N/A	24.490	65	147	0.001	41.2
WP_025877280.1	219	k121_814049_2	N/A	34.444	40	90	0.001	41.2
WP_025877280.1	219	k121_1351058_2	N/A	19.632	74	163	0.001	40.8
WP_025877280.1	219	k121_308157_2	N/A	34.921	29	63	0.001	40.8
WP_025877280.1	219	k121_294515_2	N/A	40.000	23	50	0.001	40.0
WP_025877280.1	219	k121_1305392_2	N/A	32.099	37	81	0.001	40.8
WP_025877280.1	219	k121_1216_4	N/A	34.545	25	55	0.001	40.8
WP_025877280.1	219	k121_1049336_2	N/A	40.741	25	54	0.002	38.5
WP_025877280.1	219	k121_534911_9	N/A	24.365	89	197	0.002	40.4
WP_025877280.1	219	k121_1082290_3	N/A	27.419	28	62	0.002	40.4
WP_025877280.1	219	k121_1317885_7	N/A	45.098	23	51	0.002	40.8
WP_025877280.1	219	k121_553810_4	N/A	27.451	23	51	0.002	40.0
WP_025877280.1	219	k121_1351819_2	N/A	34.483	26	58	0.002	38.5
WP_025877280.1	219	k121_300548_4	N/A	25.641	36	78	0.002	40.0
WP_025877280.1	219	k121_1328631_15	N/A	40.909	20	44	0.002	40.4
WP_025877280.1	219	k121_1310087_1	N/A	31.481	25	54	0.002	38.1
WP_025877280.1	219	k121_1044323_3	N/A	32.500	36	80	0.002	40.0
WP_025877280.1	219	k121_1092526_2	N/A	28.571	35	77	0.003	39.7
WP_025877280.1	219	k121_1615506_1	N/A	31.250	29	64	0.003	39.7
WP_025877280.1	219	k121_1578640_1	N/A	23.429	75	175	0.003	39.3
WP_025877280.1	219	k121_1581329_2	N/A	36.066	28	61	0.003	39.7
WP_025877280.1	219	k121_1315019_1	N/A	28.866	44	97	0.003	38.9
WP_025877280.1	219	k121_273918_5	N/A	27.841	76	176	0.004	39.3
WP_025877280.1	219	k121_544089_9	N/A	31.507	33	73	0.004	39.3
WP_025877280.1	219	k121_303807_4	N/A	29.167	43	96	0.004	39.3
WP_025877280.1	219	k121_1064899_2	N/A	36.538	24	52	0.005	38.9
WP_025877280.1	219	k121_11546_2	N/A	31.250	29	64	0.005	39.3
WP_025877280.1	219	k121_1348527_6	N/A	23.034	81	178	0.005	39.3
WP_025877280.1	219	k121_830827_1	N/A	33.333	26	57	0.006	38.9
WP_025877280.1	219	k121_278420_6	N/A	26.601	89	203	0.006	38.9
WP_025877280.1	219	k121_775_32	N/A	25.161	70	155	0.006	38.5
WP_025877280.1	219	k121_12406_2	N/A	35.185	25	54	0.006	38.9
WP_025877280.1	219	k121_267497_3	N/A	32.812	29	64	0.007	38.5
WP_025877280.1	219	k121_1350454_2	N/A	32.787	28	61	0.007	38.1
WP_025877280.1	219	k121_790981_5	N/A	24.294	77	177	0.007	38.5
WP_025877280.1	219	k121_782839_2	N/A	38.889	25	54	0.008	38.9
WP_025877280.1	219	k121_848_2	N/A	23.596	41	89	0.008	38.5
WP_025877280.1	219	k121_1350642_1	N/A	29.091	25	55	0.008	38.5
WP_025877280.1	219	k121_20934_2	N/A	29.114	34	79	0.008	38.1
WP_025877280.1	219	k121_827184_1	N/A	22.772	45	101	0.008	37.7
WP_025877280.1	219	k121_1090317_1	N/A	34.375	28	64	0.010	37.0
WP_025877280.1	219	k121_1866445_3	N/A	33.898	27	59	0.010	36.6
WP_025877280.1	219	k121_1353257_1	N/A	30.508	27	59	0.010	36.6
WP_025877280.1	219	k121_23274_35	N/A	23.958	85	192	0.011	38.1
WP_025877280.1	219	k121_797476_2	N/A	25.668	85	187	0.011	38.1
WP_025877280.1	219	k121_1332034_1	N/A	29.825	26	57	0.011	37.7
WP_025877280.1	219	k121_35293_2	N/A	32.692	24	52	0.014	37.7
WP_025877280.1	219	k121_564063_1	N/A	33.333	22	48	0.014	37.7
WP_025877280.1	219	k121_1058310_2	N/A	34.000	23	50	0.015	37.7
WP_025877280.1	219	k121_28769_1	N/A	31.343	31	67	0.016	37.4
WP_025877280.1	219	k121_1069221_2	N/A	19.780	83	182	0.017	37.4
WP_025877280.1	219	k121_266866_2	N/A	33.824	31	68	0.017	37.4
WP_025877280.1	219	k121_1579002_3	N/A	32.759	26	58	0.018	37.4
WP_025877280.1	219	k121_830960_1	N/A	27.632	35	76	0.018	37.4
WP_025877280.1	219	k121_1346119_1	N/A	35.417	22	48	0.018	37.4
WP_025877280.1	219	k121_26409_2	N/A	24.845	72	161	0.019	37.4
WP_025877280.1	219	k121_272987_23	N/A	23.846	58	130	0.019	37.4
WP_025877280.1	219	k121_1346123_2	N/A	33.333	30	66	0.020	36.6
WP_025877280.1	219	k121_278114_1	N/A	29.577	32	71	0.020	35.4
WP_025877280.1	219	k121_786603_6	N/A	30.645	28	62	0.020	37.4
WP_025877280.1	219	k121_1079057_1	N/A	35.185	24	54	0.020	35.0
WP_025877280.1	219	k121_2146_3	N/A	24.862	79	181	0.021	37.0
WP_025877280.1	219	k121_289692_1	N/A	35.484	28	62	0.022	36.6
WP_025877280.1	219	k121_1568843_1	N/A	25.926	37	81	0.023	37.0
WP_025877280.1	219	k121_1586873_2	N/A	22.963	62	135	0.024	36.6
WP_025877280.1	219	k121_1610935_1	N/A	33.846	30	65	0.025	34.7
WP_025877280.1	219	k121_18653_2	N/A	33.962	24	53	0.025	37.0
WP_025877280.1	219	k121_276073_1	N/A	28.440	50	109	0.026	36.6
WP_025877280.1	219	k121_261023_4	N/A	28.571	29	63	0.028	37.0
WP_025877280.1	219	k121_287806_1	N/A	33.333	29	63	0.028	34.7
WP_025877280.1	219	k121_1346208_10	N/A	37.255	23	51	0.028	37.0
WP_025877280.1	219	k121_1345433_17	N/A	30.303	30	66	0.032	36.6
WP_025877280.1	219	k121_1597397_2	N/A	25.000	42	96	0.032	36.6
WP_025877280.1	219	k121_782809_6	N/A	34.375	28	64	0.033	36.6
WP_025877280.1	219	k121_1581235_2	N/A	29.231	30	65	0.034	36.6
WP_025877280.1	219	k121_1319099_2	N/A	24.277	74	173	0.035	36.6
WP_025877280.1	219	k121_549360_3	N/A	28.333	27	60	0.035	36.6
WP_025877280.1	219	k121_1343583_3	N/A	32.857	32	70	0.041	36.6
WP_025877280.1	219	k121_1310330_22	N/A	28.302	24	53	0.041	36.2
WP_025877280.1	219	k121_13667_2	N/A	25.258	83	194	0.042	36.2
WP_025877280.1	219	k121_816669_2	N/A	37.500	22	48	0.042	36.2
WP_025877280.1	219	k121_1607323_2	N/A	34.545	25	55	0.043	36.2
WP_025877280.1	219	k121_1828172_5	N/A	39.623	24	53	0.045	36.2
WP_025877280.1	219	k121_1069155_3	N/A	34.545	25	55	0.046	34.3
WP_025877280.1	219	k121_299443_17	N/A	21.547	82	181	0.049	36.2
WP_025877280.1	219	k121_1053283_2	N/A	36.232	32	69	0.054	35.4
WP_025877280.1	219	k121_807538_6	N/A	23.370	83	184	0.056	35.8
WP_025877280.1	219	k121_1080403_4	N/A	37.255	23	51	0.056	35.4
WP_025877280.1	219	k121_528137_2	N/A	32.692	24	52	0.057	35.8
WP_025877280.1	219	k121_1065897_37	N/A	28.767	32	73	0.058	35.8
WP_025877280.1	219	k121_542443_3	N/A	38.000	23	50	0.058	35.0
WP_025877280.1	219	k121_23381_3	N/A	32.653	45	98	0.060	35.8
WP_025877280.1	219	k121_1308795_1	N/A	34.000	23	50	0.063	35.8
WP_025877280.1	219	k121_14847_4	N/A	28.571	22	49	0.064	34.7
WP_025877280.1	219	k121_1827808_2	N/A	28.571	44	98	0.065	35.8
WP_025877280.1	219	k121_1067177_3	N/A	34.545	25	55	0.066	35.4
WP_025877280.1	219	k121_51643_3	N/A	30.769	29	65	0.067	35.8
WP_025877280.1	219	k121_38678_2	N/A	23.649	66	148	0.068	35.8
WP_025877280.1	219	k121_32721_3	N/A	35.593	26	59	0.072	35.8
WP_025877280.1	219	k121_1874748_4	N/A	31.250	29	64	0.078	35.4
WP_025877280.1	219	k121_1595825_3	N/A	32.530	36	83	0.079	35.4
WP_025877280.1	219	k121_4083_11	N/A	27.586	26	58	0.085	35.4
WP_025877280.1	219	k121_1598839_2	N/A	35.849	24	53	0.095	35.0
WP_089236970.1	219	k121_1046588_1	N/A	38.503	85	187	9.54e-34	121
WP_089236970.1	219	k121_1088125_2	N/A	36.683	90	199	1.03e-31	116
WP_089236970.1	219	k121_1094005_2	N/A	37.778	80	180	8.09e-29	108
WP_089236970.1	219	k121_7082_5	N/A	38.333	80	180	9.50e-29	108
WP_089236970.1	219	k121_1604207_1	N/A	36.364	79	176	5.41e-28	107
WP_089236970.1	219	k121_1349652_1	N/A	32.828	90	198	9.33e-28	106
WP_089236970.1	219	k121_298118_2	N/A	34.314	93	204	8.15e-22	91.3
WP_089236970.1	219	k121_1834585_4	N/A	43.548	28	62	1.37e-11	63.5
WP_089236970.1	219	k121_1592171_1	N/A	27.717	81	184	7.80e-11	61.6
WP_089236970.1	219	k121_1582374_3	N/A	33.889	79	180	1.09e-10	60.8
WP_089236970.1	219	k121_1851306_1	N/A	25.806	84	186	1.39e-10	60.5
WP_089236970.1	219	k121_555149_4	N/A	31.858	49	113	3.46e-10	60.1
WP_089236970.1	219	k121_1306850_17	N/A	31.902	74	163	8.30e-09	55.8
WP_089236970.1	219	k121_1351090_18	N/A	26.630	82	184	1.67e-08	54.7
WP_089236970.1	219	k121_1049187_3	N/A	22.857	78	175	6.61e-08	53.1
WP_089236970.1	219	k121_805195_34	N/A	27.568	83	185	8.37e-08	53.1
WP_089236970.1	219	k121_1872686_4	N/A	28.488	76	172	1.46e-07	52.4
WP_089236970.1	219	k121_1610802_1	N/A	27.861	88	201	2.62e-07	51.2
WP_089236970.1	219	k121_280267_2	N/A	34.118	39	85	4.66e-07	51.2
WP_089236970.1	219	k121_1321222_41	N/A	29.054	66	148	1.19e-06	50.1
WP_089236970.1	219	k121_1091277_1	N/A	28.910	89	211	2.46e-06	48.9
WP_089236970.1	219	k121_540541_2	N/A	22.321	51	112	3.40e-06	48.1
WP_089236970.1	219	k121_1076725_4	N/A	27.404	89	208	3.89e-06	47.8
WP_089236970.1	219	k121_1046572_37	N/A	31.395	39	86	4.23e-06	48.1
WP_089236970.1	219	k121_302736_3	N/A	41.176	23	51	4.49e-06	47.8
WP_089236970.1	219	k121_1331333_5	N/A	42.105	26	57	5.34e-06	47.8
WP_089236970.1	219	k121_276106_2	N/A	27.586	76	174	6.17e-06	47.4
WP_089236970.1	219	k121_1048047_2	N/A	34.940	36	83	6.33e-06	47.4
WP_089236970.1	219	k121_570060_6	N/A	25.521	86	192	1.02e-05	47.0
WP_089236970.1	219	k121_815424_2	N/A	31.858	44	113	1.09e-05	47.0
WP_089236970.1	219	k121_9062_3	N/A	28.736	74	174	1.25e-05	46.6
WP_089236970.1	219	k121_788563_2	N/A	38.462	36	78	1.36e-05	46.2
WP_089236970.1	219	k121_1605523_13	N/A	32.000	34	75	1.73e-05	46.2
WP_089236970.1	219	k121_540142_1	N/A	37.097	28	62	1.96e-05	45.4
WP_089236970.1	219	k121_1575873_2	N/A	46.296	25	54	1.97e-05	46.2
WP_089236970.1	219	k121_567166_2	N/A	35.385	30	65	1.99e-05	45.8
WP_089236970.1	219	k121_35697_3	N/A	26.415	73	159	2.16e-05	46.2
WP_089236970.1	219	k121_786601_23	N/A	33.824	31	68	2.46e-05	45.8
WP_089236970.1	219	k121_1854729_1	N/A	32.381	47	105	2.59e-05	45.1
WP_089236970.1	219	k121_298610_44	N/A	25.926	73	162	3.03e-05	45.8
WP_089236970.1	219	k121_1079565_13	N/A	38.182	25	55	3.16e-05	45.4
WP_089236970.1	219	k121_533113_2	N/A	23.913	84	184	3.48e-05	45.4
WP_089236970.1	219	k121_800530_12	N/A	38.462	36	78	3.65e-05	45.4
WP_089236970.1	219	k121_802417_1	N/A	40.741	25	54	3.95e-05	45.1
WP_089236970.1	219	k121_18603_2	N/A	33.333	26	57	4.05e-05	45.4
WP_089236970.1	219	k121_1348702_2	N/A	37.037	25	54	5.99e-05	44.7
WP_089236970.1	219	k121_1834181_2	N/A	35.484	28	62	6.01e-05	44.7
WP_089236970.1	219	k121_1870294_6	N/A	38.462	24	52	6.72e-05	43.1
WP_089236970.1	219	k121_784971_2	N/A	31.746	29	63	7.13e-05	42.0
WP_089236970.1	219	k121_549360_2	N/A	37.931	26	58	7.59e-05	44.7
WP_089236970.1	219	k121_300250_1	N/A	34.545	25	55	7.62e-05	44.3
WP_089236970.1	219	k121_1086388_2	N/A	24.339	85	189	8.13e-05	44.3
WP_089236970.1	219	k121_528084_6	N/A	32.558	39	86	8.14e-05	44.3
WP_089236970.1	219	k121_301229_2	N/A	31.429	47	105	8.52e-05	44.3
WP_089236970.1	219	k121_786601_24	N/A	32.857	32	70	1.03e-04	44.3
WP_089236970.1	219	k121_1869301_8	N/A	28.571	38	84	1.06e-04	43.9
WP_089236970.1	219	k121_292396_72	N/A	22.778	76	180	1.13e-04	43.9
WP_089236970.1	219	k121_1052445_40	N/A	35.714	26	56	1.19e-04	43.9
WP_089236970.1	219	k121_1575002_1	N/A	27.215	72	158	1.28e-04	43.5
WP_089236970.1	219	k121_1069639_1	N/A	25.000	62	136	1.30e-04	43.9
WP_089236970.1	219	k121_35731_3	N/A	25.749	76	167	1.32e-04	43.9
WP_089236970.1	219	k121_1333492_1	N/A	41.818	25	55	1.46e-04	40.8
WP_089236970.1	219	k121_1055850_3	N/A	32.000	45	100	1.47e-04	43.5
WP_089236970.1	219	k121_1842528_1	N/A	38.889	25	54	1.51e-04	43.9
WP_089236970.1	219	k121_308595_2	N/A	34.783	32	69	1.67e-04	43.1
WP_089236970.1	219	k121_1313149_4	N/A	35.065	35	77	2.00e-04	43.1
WP_089236970.1	219	k121_280312_1	N/A	28.125	29	64	2.09e-04	43.1
WP_089236970.1	219	k121_1839818_13	N/A	23.034	81	178	2.35e-04	43.1
WP_089236970.1	219	k121_299074_4	N/A	27.451	23	51	2.43e-04	42.7
WP_089236970.1	219	k121_1320284_1	N/A	26.752	67	157	2.57e-04	43.1
WP_089236970.1	219	k121_1577561_2	N/A	21.910	80	178	2.72e-04	42.7
WP_089236970.1	219	k121_1585000_4	N/A	24.725	78	182	2.76e-04	43.1
WP_089236970.1	219	k121_276699_2	N/A	23.125	72	160	3.28e-04	42.4
WP_089236970.1	219	k121_572148_57	N/A	35.185	25	54	3.68e-04	42.4
WP_089236970.1	219	k121_524608_2	N/A	20.707	90	198	3.76e-04	42.4
WP_089236970.1	219	k121_1069274_2	N/A	41.667	22	48	3.94e-04	42.4
WP_089236970.1	219	k121_1578531_11	N/A	23.881	90	201	4.37e-04	42.0
WP_089236970.1	219	k121_301229_4	N/A	31.746	29	63	4.88e-04	42.0
WP_089236970.1	219	k121_1093901_1	N/A	28.750	36	80	5.19e-04	41.2
WP_089236970.1	219	k121_1596346_2	N/A	30.769	34	78	5.44e-04	42.0
WP_089236970.1	219	k121_534911_9	N/A	24.873	89	197	6.05e-04	42.0
WP_089236970.1	219	k121_540056_2	N/A	34.848	30	66	6.16e-04	42.0
WP_089236970.1	219	k121_570297_2	N/A	24.490	65	147	6.46e-04	41.6
WP_089236970.1	219	k121_1340741_2	N/A	37.037	25	54	6.68e-04	41.6
WP_089236970.1	219	k121_1074141_2	N/A	29.167	33	72	7.94e-04	41.6
WP_089236970.1	219	k121_1313985_9	N/A	35.714	26	56	8.05e-04	41.6
WP_089236970.1	219	k121_1080385_3	N/A	35.088	26	57	8.22e-04	41.2
WP_089236970.1	219	k121_823634_2	N/A	28.000	34	75	8.25e-04	41.2
WP_089236970.1	219	k121_1335648_9	N/A	31.959	44	97	8.89e-04	41.2
WP_089236970.1	219	k121_22498_4	N/A	26.667	84	195	0.001	41.2
WP_089236970.1	219	k121_261121_6	N/A	38.889	25	54	0.001	41.2
WP_089236970.1	219	k121_814049_2	N/A	34.444	40	90	0.001	40.8
WP_089236970.1	219	k121_294515_2	N/A	40.000	23	50	0.001	40.0
WP_089236970.1	219	k121_308157_2	N/A	34.921	29	63	0.001	40.8
WP_089236970.1	219	k121_1305392_2	N/A	32.099	37	81	0.001	40.8
WP_089236970.1	219	k121_1216_4	N/A	34.545	25	55	0.001	40.8
WP_089236970.1	219	k121_553810_4	N/A	27.451	23	51	0.002	40.4
WP_089236970.1	219	k121_1049336_2	N/A	40.741	25	54	0.002	38.5
WP_089236970.1	219	k121_1082290_3	N/A	27.419	28	62	0.002	40.4
WP_089236970.1	219	k121_1317885_7	N/A	45.098	23	51	0.002	40.8
WP_089236970.1	219	k121_1351819_2	N/A	34.483	26	58	0.002	38.5
WP_089236970.1	219	k121_300548_4	N/A	25.641	36	78	0.002	40.0
WP_089236970.1	219	k121_1328631_15	N/A	40.909	20	44	0.002	40.4
WP_089236970.1	219	k121_1310087_1	N/A	31.481	25	54	0.002	38.1
WP_089236970.1	219	k121_1044323_3	N/A	32.500	36	80	0.002	40.0
WP_089236970.1	219	k121_1351058_2	N/A	19.632	74	163	0.002	40.0
WP_089236970.1	219	k121_1092526_2	N/A	28.571	35	77	0.003	39.7
WP_089236970.1	219	k121_273918_5	N/A	27.841	76	176	0.003	39.7
WP_089236970.1	219	k121_1615506_1	N/A	31.250	29	64	0.003	39.7
WP_089236970.1	219	k121_1348527_6	N/A	23.034	81	178	0.003	39.7
WP_089236970.1	219	k121_1315019_1	N/A	28.866	44	97	0.003	38.9
WP_089236970.1	219	k121_1581329_2	N/A	36.066	28	61	0.004	39.7
WP_089236970.1	219	k121_544089_9	N/A	31.507	33	73	0.004	39.3
WP_089236970.1	219	k121_303807_4	N/A	29.167	43	96	0.004	39.3
WP_089236970.1	219	k121_1578640_1	N/A	23.429	75	175	0.004	39.3
WP_089236970.1	219	k121_1330220_2	N/A	25.424	79	177	0.004	38.9
WP_089236970.1	219	k121_775_32	N/A	25.161	70	155	0.005	38.9
WP_089236970.1	219	k121_547768_4	N/A	26.404	80	178	0.005	38.9
WP_089236970.1	219	k121_11546_2	N/A	31.250	29	64	0.005	39.3
WP_089236970.1	219	k121_1064899_2	N/A	36.538	24	52	0.005	38.9
WP_089236970.1	219	k121_830827_1	N/A	33.333	26	57	0.005	38.9
WP_089236970.1	219	k121_12406_2	N/A	35.185	25	54	0.006	38.9
WP_089236970.1	219	k121_267497_3	N/A	32.812	29	64	0.007	38.5
WP_089236970.1	219	k121_1350454_2	N/A	32.787	28	61	0.007	38.1
WP_089236970.1	219	k121_26409_2	N/A	25.466	72	161	0.007	38.5
WP_089236970.1	219	k121_790981_5	N/A	24.294	77	177	0.008	38.5
WP_089236970.1	219	k121_782839_2	N/A	38.889	25	54	0.008	38.5
WP_089236970.1	219	k121_848_2	N/A	23.596	41	89	0.008	38.5
WP_089236970.1	219	k121_1350642_1	N/A	29.091	25	55	0.008	38.5
WP_089236970.1	219	k121_23274_35	N/A	23.958	85	192	0.008	38.1
WP_089236970.1	219	k121_827184_1	N/A	22.772	45	101	0.009	37.7
WP_089236970.1	219	k121_20934_2	N/A	30.000	30	70	0.009	38.1
WP_089236970.1	219	k121_1090317_1	N/A	34.375	28	64	0.009	37.0
WP_089236970.1	219	k121_1586873_2	N/A	23.704	62	135	0.009	38.1
WP_089236970.1	219	k121_1353257_1	N/A	30.508	27	59	0.010	36.6
WP_089236970.1	219	k121_1866445_3	N/A	33.898	27	59	0.010	36.6
WP_089236970.1	219	k121_1332034_1	N/A	29.825	26	57	0.010	38.1
WP_089236970.1	219	k121_797476_2	N/A	25.668	85	187	0.011	38.1
WP_089236970.1	219	k121_1069221_2	N/A	19.780	83	182	0.011	38.1
WP_089236970.1	219	k121_278420_6	N/A	30.000	42	100	0.012	37.7
WP_089236970.1	219	k121_35293_2	N/A	32.692	24	52	0.013	37.7
WP_089236970.1	219	k121_1058310_2	N/A	34.000	23	50	0.014	37.7
WP_089236970.1	219	k121_564063_1	N/A	33.333	22	48	0.015	37.4
WP_089236970.1	219	k121_28769_1	N/A	31.343	31	67	0.015	37.7
WP_089236970.1	219	k121_1579002_3	N/A	32.759	26	58	0.017	37.4
WP_089236970.1	219	k121_272987_23	N/A	23.846	58	130	0.018	37.4
WP_089236970.1	219	k121_278114_1	N/A	29.577	32	71	0.018	35.4
WP_089236970.1	219	k121_299443_17	N/A	22.099	82	181	0.018	37.4
WP_089236970.1	219	k121_1319099_2	N/A	24.277	74	173	0.018	37.4
WP_089236970.1	219	k121_1346123_2	N/A	33.333	30	66	0.018	36.6
WP_089236970.1	219	k121_830960_1	N/A	27.632	35	76	0.019	37.4
WP_089236970.1	219	k121_1346119_1	N/A	35.417	22	48	0.019	37.4
WP_089236970.1	219	k121_266866_2	N/A	33.824	31	68	0.019	37.4
WP_089236970.1	219	k121_786603_6	N/A	31.148	28	61	0.021	37.4
WP_089236970.1	219	k121_1581235_2	N/A	23.780	74	164	0.022	37.0
WP_089236970.1	219	k121_289692_1	N/A	35.484	28	62	0.022	36.6
WP_089236970.1	219	k121_1079057_1	N/A	35.185	24	54	0.023	35.0
WP_089236970.1	219	k121_38678_2	N/A	24.324	66	148	0.023	37.0
WP_089236970.1	219	k121_2146_3	N/A	24.862	79	181	0.024	37.0
WP_089236970.1	219	k121_1610935_1	N/A	33.846	30	65	0.025	34.7
WP_089236970.1	219	k121_18653_2	N/A	33.962	24	53	0.025	37.0
WP_089236970.1	219	k121_276073_1	N/A	28.440	50	109	0.025	36.6
WP_089236970.1	219	k121_1568843_1	N/A	25.926	37	81	0.025	37.0
WP_089236970.1	219	k121_287806_1	N/A	33.333	29	63	0.026	34.7
WP_089236970.1	219	k121_1346208_10	N/A	37.255	23	51	0.028	37.0
WP_089236970.1	219	k121_261023_4	N/A	28.571	29	63	0.030	36.6
WP_089236970.1	219	k121_782809_6	N/A	34.375	28	64	0.031	36.6
WP_089236970.1	219	k121_1345433_17	N/A	30.303	30	66	0.033	36.6
WP_089236970.1	219	k121_1597397_2	N/A	25.000	42	96	0.033	36.6
WP_089236970.1	219	k121_549360_3	N/A	28.333	27	60	0.035	36.6
WP_089236970.1	219	k121_13667_2	N/A	25.258	83	194	0.036	36.6
WP_089236970.1	219	k121_1343583_3	N/A	32.857	32	70	0.037	36.6
WP_089236970.1	219	k121_1310330_22	N/A	28.302	24	53	0.041	36.2
WP_089236970.1	219	k121_816669_2	N/A	37.500	22	48	0.044	36.2
WP_089236970.1	219	k121_1607323_2	N/A	34.545	25	55	0.044	36.2
WP_089236970.1	219	k121_1069155_3	N/A	34.545	25	55	0.044	34.3
WP_089236970.1	219	k121_1828172_5	N/A	39.623	24	53	0.047	36.2
WP_089236970.1	219	k121_1053283_2	N/A	36.232	32	69	0.053	35.4
WP_089236970.1	219	k121_1080403_4	N/A	37.255	23	51	0.054	35.4
WP_089236970.1	219	k121_807538_6	N/A	23.370	83	184	0.054	35.8
WP_089236970.1	219	k121_23381_3	N/A	32.653	45	98	0.057	35.8
WP_089236970.1	219	k121_528137_2	N/A	32.692	24	52	0.058	35.8
WP_089236970.1	219	k121_1595825_3	N/A	27.811	75	169	0.059	35.8
WP_089236970.1	219	k121_542443_3	N/A	38.000	23	50	0.059	34.7
WP_089236970.1	219	k121_1065897_37	N/A	28.767	32	73	0.060	35.8
WP_089236970.1	219	k121_1308795_1	N/A	34.000	23	50	0.061	35.8
WP_089236970.1	219	k121_1827808_2	N/A	28.571	44	98	0.064	35.8
WP_089236970.1	219	k121_1067177_3	N/A	34.545	25	55	0.068	35.4
WP_089236970.1	219	k121_51643_3	N/A	30.769	29	65	0.068	35.8
WP_089236970.1	219	k121_14847_4	N/A	28.571	22	49	0.069	34.3
WP_089236970.1	219	k121_1874748_4	N/A	31.250	29	64	0.075	35.4
WP_089236970.1	219	k121_285934_7	N/A	21.348	81	178	0.075	35.4
WP_089236970.1	219	k121_32721_3	N/A	35.593	26	59	0.076	35.4
WP_089236970.1	219	k121_4083_11	N/A	27.586	26	58	0.084	35.4
WP_089236970.1	219	k121_1837433_2	N/A	22.727	76	176	0.089	35.4
WP_089236970.1	219	k121_1345774_2	N/A	24.731	80	186	0.090	35.4
WP_089236970.1	219	k121_1598839_2	N/A	35.849	24	53	0.098	35.0
WP_000845048.1	337	k121_1348001_5	N/A	61.043	95	326	5.40e-138	397
WP_000845048.1	337	k121_1076220_3	N/A	67.466	87	292	9.74e-138	395
WP_000845048.1	337	k121_1590997_74	N/A	58.485	98	330	3.06e-133	384
WP_000845048.1	337	k121_1862769_1	N/A	59.347	100	337	9.55e-132	382
WP_000845048.1	337	k121_553027_14	N/A	55.793	96	328	3.21e-124	362
WP_000845048.1	337	k121_313073_1	N/A	56.061	96	330	3.10e-121	354
WP_000845048.1	337	k121_306450_6	N/A	56.151	94	317	4.46e-118	345
WP_000845048.1	337	k121_1833788_1	N/A	59.431	83	281	1.63e-114	335
WP_000845048.1	337	k121_807446_5	N/A	53.185	93	314	2.39e-114	336
WP_000845048.1	337	k121_1044224_3	N/A	55.090	97	334	3.78e-114	336
WP_000845048.1	337	k121_829119_12	N/A	53.750	95	320	6.43e-114	336
WP_000845048.1	337	k121_1060397_2	N/A	54.242	98	330	3.31e-113	341
WP_000845048.1	337	k121_1589549_1	N/A	62.362	77	271	9.04e-111	327
WP_000845048.1	337	k121_1087931_10	N/A	53.231	96	325	1.74e-110	326
WP_000845048.1	337	k121_1049971_1	N/A	53.994	93	313	7.92e-99	297
WP_000845048.1	337	k121_270702_1	N/A	100.000	41	139	7.62e-96	282
WP_000845048.1	337	k121_1345787_4	N/A	51.393	96	323	5.18e-94	285
WP_000845048.1	337	k121_271046_2	N/A	51.822	73	247	1.45e-83	255
WP_000845048.1	337	k121_33751_4	N/A	46.951	96	328	9.44e-82	254
WP_000845048.1	337	k121_36453_2	N/A	50.996	74	251	5.47e-81	249
WP_000845048.1	337	k121_1060021_3	N/A	52.381	81	273	1.51e-80	248
WP_000845048.1	337	k121_1352859_2	N/A	48.400	74	250	3.80e-76	236
WP_000845048.1	337	k121_1576889_1	N/A	66.013	45	153	1.77e-67	211
WP_000845048.1	337	k121_1851120_1	N/A	35.258	97	329	8.80e-45	156
WP_000845048.1	337	k121_562360_7	N/A	34.323	90	303	1.22e-44	160
WP_000845048.1	337	k121_1838872_1	N/A	31.515	98	330	1.23e-44	159
WP_000845048.1	337	k121_804602_1	N/A	34.409	82	279	6.43e-44	153
WP_000845048.1	337	k121_40883_1	N/A	34.397	83	282	3.04e-42	148
WP_000845048.1	337	k121_801009_1	N/A	40.625	57	192	3.12e-42	147
WP_000845048.1	337	k121_1572187_4	N/A	31.847	92	314	2.60e-41	153
WP_000845048.1	337	k121_1318632_2	N/A	28.527	94	319	1.24e-39	142
WP_000845048.1	337	k121_1314872_1	N/A	31.231	97	333	4.99e-39	143
WP_000845048.1	337	k121_1084402_3	N/A	32.107	88	299	7.14e-39	146
WP_000845048.1	337	k121_30605_14	N/A	28.438	94	320	2.13e-37	139
WP_000845048.1	337	k121_818704_6	N/A	33.016	92	315	3.83e-37	138
WP_000845048.1	337	k121_1871929_3	N/A	34.030	99	335	1.15e-36	135
WP_000845048.1	337	k121_524672_1	N/A	57.273	31	110	2.61e-36	129
WP_000845048.1	337	k121_1847046_4	N/A	28.395	96	324	8.62e-36	134
WP_000845048.1	337	k121_1591255_2	N/A	35.241	98	332	3.43e-35	131
WP_000845048.1	337	k121_1084306_2	N/A	29.276	90	304	1.46e-34	131
WP_000845048.1	337	k121_819410_2	N/A	32.831	98	332	2.38e-34	129
WP_000845048.1	337	k121_1075837_3	N/A	29.688	94	320	3.85e-34	128
WP_000845048.1	337	k121_1330562_3	N/A	29.290	98	338	1.97e-33	130
WP_000845048.1	337	k121_1305289_1	N/A	34.627	99	335	2.73e-33	126
WP_000845048.1	337	k121_1854631_2	N/A	65.556	27	90	9.52e-33	119
WP_000845048.1	337	k121_1585024_21	N/A	28.777	82	278	1.20e-32	126
WP_000845048.1	337	k121_1056749_3	N/A	27.063	90	303	1.38e-32	125
WP_000845048.1	337	k121_280127_2	N/A	35.069	85	288	1.71e-32	125
WP_000845048.1	337	k121_1311967_3	N/A	29.091	98	330	2.04e-32	127
WP_000845048.1	337	k121_1868585_2	N/A	34.564	87	298	2.36e-32	124
WP_000845048.1	337	k121_26756_8	N/A	27.632	90	304	4.96e-32	124
WP_000845048.1	337	k121_290495_2	N/A	33.230	93	322	8.30e-32	122
WP_000845048.1	337	k121_1595059_3	N/A	32.390	93	318	1.18e-31	122
WP_000845048.1	337	k121_1929_2	N/A	30.392	89	306	1.50e-31	122
WP_000845048.1	337	k121_1065352_56	N/A	30.435	82	276	8.26e-31	122
WP_000845048.1	337	k121_300210_1	N/A	27.778	90	306	1.78e-30	119
WP_000845048.1	337	k121_557166_2	N/A	45.378	35	119	9.10e-29	110
WP_000845048.1	337	k121_39539_9	N/A	29.739	89	306	1.45e-28	113
WP_000845048.1	337	k121_48596_1	N/A	29.653	93	317	2.39e-28	115
WP_000845048.1	337	k121_290383_4	N/A	31.475	85	305	4.46e-27	110
WP_000845048.1	337	k121_807001_2	N/A	30.094	94	319	4.73e-27	109
WP_000845048.1	337	k121_1353481_2	N/A	29.831	85	295	1.01e-26	108
WP_000845048.1	337	k121_784726_1	N/A	28.660	95	321	1.16e-26	108
WP_000845048.1	337	k121_1331128_2	N/A	29.682	81	283	8.19e-26	106
WP_000845048.1	337	k121_1608015_2	N/A	26.140	96	329	1.02e-25	106
WP_000845048.1	337	k121_28420_1	N/A	28.364	81	275	1.04e-25	108
WP_000845048.1	337	k121_35397_3	N/A	30.100	85	299	1.64e-25	105
WP_000845048.1	337	k121_795130_3	N/A	60.000	24	80	1.91e-25	99.8
WP_000845048.1	337	k121_1323770_1	N/A	28.231	87	294	2.03e-25	108
WP_000845048.1	337	k121_555307_1	N/A	30.564	98	337	2.26e-25	108
WP_000845048.1	337	k121_280774_3	N/A	34.529	66	223	7.02e-24	99.0
WP_000845048.1	337	k121_548752_1	N/A	26.821	89	302	1.05e-23	100
WP_000845048.1	337	k121_10569_3	N/A	34.545	64	220	1.28e-23	100
WP_000845048.1	337	k121_12395_2	N/A	29.642	85	307	1.75e-23	100
WP_000845048.1	337	k121_1062830_1	N/A	31.126	84	302	1.78e-23	100
WP_000845048.1	337	k121_1093906_3	N/A	28.571	84	301	4.63e-23	99.0
WP_000845048.1	337	k121_824172_1	N/A	33.913	66	230	1.48e-22	97.8
WP_000845048.1	337	k121_1572105_19	N/A	34.112	62	214	3.60e-22	96.7
WP_000845048.1	337	k121_1044089_28	N/A	36.413	55	184	5.28e-22	96.3
WP_000845048.1	337	k121_1313554_2	N/A	30.175	81	285	5.39e-22	96.3
WP_000845048.1	337	k121_1054182_7	N/A	26.780	83	295	1.45e-21	95.1
WP_000845048.1	337	k121_1088770_1	N/A	28.309	80	272	1.87e-21	93.2
WP_000845048.1	337	k121_555524_2	N/A	25.753	85	299	1.94e-21	94.7
WP_000845048.1	337	k121_1306680_2	N/A	34.389	63	221	2.02e-21	94.7
WP_000845048.1	337	k121_804522_7	N/A	35.455	63	220	2.04e-21	94.7
WP_000845048.1	337	k121_1834123_3	N/A	31.000	85	300	2.12e-21	94.7
WP_000845048.1	337	k121_1579558_2	N/A	32.044	53	181	4.06e-21	90.5
WP_000845048.1	337	k121_821386_3	N/A	33.146	53	178	4.67e-21	90.5
WP_000845048.1	337	k121_524878_8	N/A	26.398	88	322	5.28e-21	94.0
WP_000845048.1	337	k121_1573104_9	N/A	30.392	85	306	8.11e-21	93.6
WP_000845048.1	337	k121_1307404_5	N/A	26.910	85	301	1.12e-20	92.4
WP_000845048.1	337	k121_1067455_5	N/A	26.214	85	309	1.50e-20	92.8
WP_000845048.1	337	k121_1606638_4	N/A	30.627	77	271	2.14e-20	91.7
WP_000845048.1	337	k121_805774_2	N/A	36.047	51	172	2.77e-20	88.2
WP_000845048.1	337	k121_8397_1	N/A	28.205	78	273	3.68e-20	90.9
WP_000845048.1	337	k121_289710_1	N/A	34.201	75	269	3.71e-20	91.3
WP_000845048.1	337	k121_1867280_8	N/A	34.597	61	211	3.91e-20	91.3
WP_000845048.1	337	k121_1586389_10	N/A	26.014	83	296	4.05e-20	90.9
WP_000845048.1	337	k121_534539_21	N/A	29.225	82	284	6.47e-20	90.5
WP_000845048.1	337	k121_548361_2	N/A	29.630	76	270	1.08e-19	90.1
WP_000845048.1	337	k121_1317987_1	N/A	31.308	62	214	2.63e-19	89.4
WP_000845048.1	337	k121_1050165_1	N/A	27.187	93	320	4.32e-19	89.0
WP_000845048.1	337	k121_282487_1	N/A	30.208	84	288	7.25e-19	87.0
WP_000845048.1	337	k121_535396_2	N/A	33.484	63	221	8.38e-19	87.8
WP_000845048.1	337	k121_1312447_7	N/A	26.596	81	282	8.78e-19	87.4
WP_000845048.1	337	k121_295980_5	N/A	31.674	63	221	1.31e-18	87.4
WP_000845048.1	337	k121_1605660_9	N/A	32.963	78	270	1.34e-18	86.7
WP_000845048.1	337	k121_539076_6	N/A	33.486	62	218	1.95e-18	86.3
WP_000845048.1	337	k121_1073773_54	N/A	25.091	79	275	2.00e-18	86.3
WP_000845048.1	337	k121_1044747_4	N/A	25.566	86	309	2.00e-18	86.3
WP_000845048.1	337	k121_1592641_1	N/A	25.786	91	318	2.03e-18	86.3
WP_000845048.1	337	k121_523040_6	N/A	31.507	63	219	2.45e-18	85.9
WP_000845048.1	337	k121_1072122_4	N/A	54.217	25	83	3.02e-18	82.0
WP_000845048.1	337	k121_300262_1	N/A	32.273	63	220	4.00e-18	85.1
WP_000845048.1	337	k121_1061454_5	N/A	25.784	82	287	5.38e-18	85.1
WP_000845048.1	337	k121_279121_58	N/A	23.003	93	313	5.70e-18	85.1
WP_000845048.1	337	k121_1324907_1	N/A	27.798	79	277	8.89e-18	84.0
WP_000845048.1	337	k121_1064918_1	N/A	55.882	20	68	2.65e-17	77.8
WP_000845048.1	337	k121_799131_4	N/A	35.484	55	186	3.83e-17	82.8
WP_000845048.1	337	k121_825396_3	N/A	31.104	85	299	9.37e-17	82.0
WP_000845048.1	337	k121_1867026_53	N/A	27.948	64	229	1.53e-16	80.9
WP_000845048.1	337	k121_1835034_2	N/A	30.928	82	291	1.84e-16	80.5
WP_000845048.1	337	k121_1314734_1	N/A	23.355	84	304	1.97e-16	80.9
WP_000845048.1	337	k121_561158_3	N/A	28.936	67	235	2.43e-16	79.3
WP_000845048.1	337	k121_1311730_2	N/A	29.310	64	232	3.52e-16	80.5
WP_000845048.1	337	k121_266099_2	N/A	27.523	93	327	3.52e-16	80.5
WP_000845048.1	337	k121_546761_3	N/A	31.222	62	221	4.04e-16	79.7
WP_000845048.1	337	k121_1317835_2	N/A	26.821	88	302	4.93e-16	79.0
WP_000845048.1	337	k121_1583308_4	N/A	27.841	52	176	8.79e-16	78.6
WP_000845048.1	337	k121_1045950_3	N/A	25.778	64	225	9.20e-16	78.6
WP_000845048.1	337	k121_560338_1	N/A	27.536	77	276	2.05e-15	78.2
WP_000845048.1	337	k121_1833589_44	N/A	26.621	83	293	2.42e-15	77.8
WP_000845048.1	337	k121_810018_2	N/A	29.762	50	168	4.08e-15	76.6
WP_000845048.1	337	k121_563549_1	N/A	56.061	20	66	7.74e-15	72.8
WP_000845048.1	337	k121_1352571_2	N/A	28.682	74	258	9.70e-15	76.3
WP_000845048.1	337	k121_1867944_2	N/A	52.000	22	75	3.38e-14	69.3
WP_000845048.1	337	k121_1839144_3	N/A	30.556	53	180	3.73e-14	72.8
WP_000845048.1	337	k121_285475_38	N/A	29.870	66	231	4.05e-14	73.2
WP_000845048.1	337	k121_541059_1	N/A	22.727	88	308	5.46e-14	73.6
WP_000845048.1	337	k121_563507_3	N/A	26.000	85	300	6.06e-14	73.6
WP_000845048.1	337	k121_1354929_1	N/A	32.995	58	197	7.21e-14	71.6
WP_000845048.1	337	k121_18065_9	N/A	27.541	85	305	9.38e-14	72.8
WP_000845048.1	337	k121_51978_4	N/A	24.887	63	221	1.31e-13	72.4
WP_000845048.1	337	k121_282279_2	N/A	26.471	76	272	1.37e-13	72.4
WP_000845048.1	337	k121_562751_2	N/A	29.412	75	272	1.77e-13	72.4
WP_000845048.1	337	k121_573540_1	N/A	27.675	75	271	2.04e-13	71.6
WP_000845048.1	337	k121_535674_8	N/A	30.000	56	190	2.82e-13	71.6
WP_000845048.1	337	k121_1595077_1	N/A	30.682	52	176	4.04e-13	69.7
WP_000845048.1	337	k121_796762_3	N/A	28.241	62	216	8.41e-13	70.1
WP_000845048.1	337	k121_267650_2	N/A	32.420	63	219	9.11e-13	70.1
WP_000845048.1	337	k121_1612050_12	N/A	32.432	63	222	1.10e-12	70.1
WP_000845048.1	337	k121_564398_63	N/A	27.687	85	307	1.27e-12	69.7
WP_000845048.1	337	k121_828673_2	N/A	29.126	85	309	1.49e-12	69.7
WP_000845048.1	337	k121_11200_9	N/A	25.837	61	209	1.76e-12	68.2
WP_000845048.1	337	k121_798885_24	N/A	44.156	21	77	7.15e-12	67.8
WP_000845048.1	337	k121_556029_1	N/A	25.773	82	291	7.76e-12	67.0
WP_000845048.1	337	k121_1065932_3	N/A	25.484	85	310	9.23e-12	67.0
WP_000845048.1	337	k121_1585403_10	N/A	32.584	53	178	1.26e-11	66.6
WP_000845048.1	337	k121_275871_9	N/A	23.420	75	269	1.31e-11	66.6
WP_000845048.1	337	k121_264093_1	N/A	29.130	66	230	2.24e-11	65.9
WP_000845048.1	337	k121_1833515_2	N/A	28.114	77	281	2.39e-11	66.2
WP_000845048.1	337	k121_1335526_2	N/A	27.826	61	230	2.51e-11	65.9
WP_000845048.1	337	k121_542652_1	N/A	30.216	76	278	2.61e-11	65.9
WP_000845048.1	337	k121_1850212_2	N/A	24.204	85	314	2.77e-11	65.9
WP_000845048.1	337	k121_1327378_15	N/A	28.674	77	279	6.28e-11	64.7
WP_000845048.1	337	k121_270991_3	N/A	28.959	62	221	8.49e-11	64.3
WP_000845048.1	337	k121_299722_8	N/A	27.184	59	206	8.54e-11	64.7
WP_000845048.1	337	k121_21273_2	N/A	24.188	78	277	8.65e-11	64.3
WP_000845048.1	337	k121_48916_2	N/A	27.602	63	221	9.08e-11	63.9
WP_000845048.1	337	k121_1589099_5	N/A	28.182	62	220	9.96e-11	63.9
WP_000845048.1	337	k121_11314_23	N/A	26.818	62	220	9.98e-11	63.9
WP_000845048.1	337	k121_1313290_3	N/A	27.190	90	331	1.15e-10	63.9
WP_000845048.1	337	k121_266604_3	N/A	28.837	62	215	1.58e-10	62.8
WP_000845048.1	337	k121_1051479_1	N/A	30.288	60	208	2.60e-10	62.4
WP_000845048.1	337	k121_266588_1	N/A	28.837	62	215	2.95e-10	62.0
WP_000845048.1	337	k121_1350518_3	N/A	30.198	58	202	3.07e-10	60.8
WP_000845048.1	337	k121_41472_11	N/A	28.729	54	181	3.54e-10	62.4
WP_000845048.1	337	k121_299722_6	N/A	28.852	83	305	3.67e-10	62.4
WP_000845048.1	337	k121_807326_1	N/A	31.387	40	137	3.75e-10	61.6
WP_000845048.1	337	k121_795373_8	N/A	30.769	56	195	6.18e-10	62.0
WP_000845048.1	337	k121_1579212_3	N/A	28.788	75	264	6.87e-10	61.6
WP_000845048.1	337	k121_261728_4	N/A	27.103	87	321	8.42e-10	61.6
WP_000845048.1	337	k121_1347696_1	N/A	25.382	91	327	1.40e-09	60.8
WP_000845048.1	337	k121_1054724_1	N/A	35.714	36	126	2.15e-09	58.5
WP_000845048.1	337	k121_1083638_2	N/A	25.714	75	280	4.00e-09	60.1
WP_000845048.1	337	k121_1333980_3	N/A	26.818	61	220	4.47e-09	58.9
WP_000845048.1	337	k121_564486_2	N/A	26.178	57	191	4.62e-09	59.3
WP_000845048.1	337	k121_1830320_2	N/A	23.714	97	350	4.79e-09	58.9
WP_000845048.1	337	k121_550506_1	N/A	26.117	79	291	4.84e-09	58.9
WP_000845048.1	337	k121_1616471_2	N/A	42.647	20	68	7.72e-09	58.9
WP_000845048.1	337	k121_12902_1	N/A	29.189	54	185	8.04e-09	58.5
WP_000845048.1	337	k121_285731_3	N/A	25.240	83	313	1.07e-08	58.2
WP_000845048.1	337	k121_805337_3	N/A	27.381	49	168	1.16e-08	55.8
WP_000845048.1	337	k121_1853114_2	N/A	26.316	60	209	1.41e-08	58.2
WP_000845048.1	337	k121_1092848_2	N/A	26.797	83	306	1.67e-08	57.4
WP_000845048.1	337	k121_1058478_1	N/A	27.645	82	293	2.21e-08	57.0
WP_000845048.1	337	k121_792305_2	N/A	25.796	87	314	4.02e-08	56.6
WP_000845048.1	337	k121_27000_1	N/A	27.481	74	262	4.11e-08	55.8
WP_000845048.1	337	k121_1313290_5	N/A	27.528	53	178	4.33e-08	55.8
WP_000845048.1	337	k121_560399_5	N/A	26.923	81	286	4.50e-08	56.2
WP_000845048.1	337	k121_792633_1	N/A	26.316	80	285	5.11e-08	55.8
WP_000845048.1	337	k121_1599690_1	N/A	25.455	79	275	6.97e-08	55.8
WP_000845048.1	337	k121_29417_14	N/A	22.300	81	287	8.05e-08	55.5
WP_000845048.1	337	k121_562751_3	N/A	27.000	80	300	8.13e-08	55.5
WP_000845048.1	337	k121_1306_1	N/A	36.752	32	117	9.25e-08	54.7
WP_000845048.1	337	k121_820161_2	N/A	30.688	53	189	1.72e-07	54.3
WP_000845048.1	337	k121_1321069_16	N/A	28.342	54	187	2.44e-07	52.4
WP_000845048.1	337	k121_1048097_6	N/A	28.235	50	170	2.64e-07	53.9
WP_000845048.1	337	k121_298556_1	N/A	31.447	44	159	2.79e-07	52.4
WP_000845048.1	337	k121_1333695_4	N/A	26.364	63	220	3.85e-07	52.8
WP_000845048.1	337	k121_804363_2	N/A	29.004	61	231	5.68e-07	52.8
WP_000845048.1	337	k121_1579212_1	N/A	23.171	92	328	7.01e-07	52.8
WP_000845048.1	337	k121_792474_5	N/A	24.818	39	137	1.64e-06	50.4
WP_000845048.1	337	k121_1076755_1	N/A	34.615	39	130	1.78e-06	48.5
WP_000845048.1	337	k121_810952_1	N/A	24.567	74	289	2.57e-06	51.2
WP_000845048.1	337	k121_1585034_1	N/A	29.630	51	189	3.56e-06	49.3
WP_000845048.1	337	k121_1306671_16	N/A	25.182	79	274	4.03e-06	50.4
WP_000845048.1	337	k121_1064610_1	N/A	36.709	21	79	4.39e-06	49.7
WP_000845048.1	337	k121_807840_3	N/A	29.714	52	175	4.44e-06	49.3
WP_000845048.1	337	k121_828622_6	N/A	31.892	51	185	5.75e-06	48.9
WP_000845048.1	337	k121_1597218_9	N/A	41.791	20	67	6.05e-06	50.1
WP_000845048.1	337	k121_571941_2	N/A	26.437	51	174	6.70e-06	47.8
WP_000845048.1	337	k121_307215_2	N/A	24.314	75	255	6.87e-06	49.3
WP_000845048.1	337	k121_1874685_1	N/A	40.580	20	69	6.99e-06	49.7
WP_000845048.1	337	k121_1056127_1	N/A	32.283	33	127	7.37e-06	48.1
WP_000845048.1	337	k121_820161_3	N/A	23.510	87	302	9.29e-06	49.3
WP_000845048.1	337	k121_1833515_1	N/A	24.012	89	329	1.02e-05	49.3
WP_000845048.1	337	k121_1314974_6	N/A	25.728	60	206	1.14e-05	47.4
WP_000845048.1	337	k121_815195_9	N/A	27.393	84	303	1.68e-05	48.1
WP_000845048.1	337	k121_1071611_3	N/A	41.429	21	70	1.84e-05	46.2
WP_000845048.1	337	k121_1055177_30	N/A	26.148	79	283	1.93e-05	48.1
WP_000845048.1	337	k121_1345919_3	N/A	27.962	61	211	2.48e-05	47.8
WP_000845048.1	337	k121_1313290_4	N/A	26.596	52	188	3.17e-05	47.4
WP_000845048.1	337	k121_1083638_1	N/A	33.803	21	71	3.48e-05	44.7
WP_000845048.1	337	k121_827712_7	N/A	27.152	84	302	3.52e-05	47.4
WP_000845048.1	337	k121_1837262_6	N/A	26.809	66	235	5.17e-05	46.6
WP_000845048.1	337	k121_1845999_9	N/A	29.412	25	85	6.17e-05	46.6
WP_000845048.1	337	k121_542652_2	N/A	25.543	52	184	6.29e-05	46.2
WP_000845048.1	337	k121_567052_1	N/A	25.658	88	304	6.46e-05	46.6
WP_000845048.1	337	k121_1058478_2	N/A	36.232	20	69	7.11e-05	47.0
WP_000845048.1	337	k121_560399_1	N/A	25.778	64	225	9.64e-05	45.4
WP_000845048.1	337	k121_562751_4	N/A	23.509	80	285	1.16e-04	45.8
WP_000845048.1	337	k121_308706_16	N/A	26.042	53	192	1.18e-04	45.8
WP_000845048.1	337	k121_1078613_1	N/A	26.522	65	230	1.43e-04	45.4
WP_000845048.1	337	k121_261728_3	N/A	28.070	61	228	1.61e-04	45.1
WP_000845048.1	337	k121_1613369_9	N/A	28.249	51	177	1.83e-04	45.1
WP_000845048.1	337	k121_542011_28	N/A	32.110	31	109	1.86e-04	45.1
WP_000845048.1	337	k121_1347696_2	N/A	29.282	49	181	1.88e-04	45.1
WP_000845048.1	337	k121_21273_1	N/A	32.353	27	102	2.56e-04	43.5
WP_000845048.1	337	k121_528230_2	N/A	24.314	71	255	3.21e-04	43.9
WP_000845048.1	337	k121_1574602_5	N/A	33.766	23	77	3.70e-04	44.3
WP_000845048.1	337	k121_532281_5	N/A	31.868	27	91	5.07e-04	43.5
WP_000845048.1	337	k121_1344283_5	N/A	28.139	66	231	7.49e-04	43.1
WP_000845048.1	337	k121_269315_1	N/A	29.565	61	230	8.50e-04	43.1
WP_000845048.1	337	k121_16788_2	N/A	26.126	27	111	0.001	42.7
WP_000845048.1	337	k121_299722_7	N/A	31.683	27	101	0.001	42.4
WP_000845048.1	337	k121_1568630_1	N/A	31.690	38	142	0.001	42.0
WP_000845048.1	337	k121_1839906_1	N/A	21.354	52	192	0.001	42.0
WP_000845048.1	337	k121_1088558_3	N/A	33.333	23	81	0.002	42.4
WP_000845048.1	337	k121_560399_4	N/A	28.319	61	226	0.002	42.0
WP_000845048.1	337	k121_262846_2	N/A	24.138	88	319	0.002	41.6
WP_000845048.1	337	k121_559366_256	N/A	34.615	30	104	0.003	41.6
WP_000845048.1	337	k121_23022_1	N/A	26.633	57	199	0.003	40.8
WP_000845048.1	337	k121_1309095_2	N/A	22.727	77	286	0.003	41.2
WP_000845048.1	337	k121_1345919_4	N/A	28.125	34	128	0.004	40.0
WP_000845048.1	337	k121_790589_2	N/A	29.054	37	148	0.004	40.8
WP_000845048.1	337	k121_1600175_2	N/A	26.163	51	172	0.005	40.4
WP_000845048.1	337	k121_794717_8	N/A	25.600	66	250	0.006	40.4
WP_000845048.1	337	k121_1068598_1	N/A	26.396	53	197	0.006	40.8
WP_000845048.1	337	k121_1853642_2	N/A	30.872	43	149	0.006	39.3
WP_000845048.1	337	k121_561213_3	N/A	25.000	85	304	0.007	40.0
WP_000845048.1	337	k121_1853114_1	N/A	30.833	33	120	0.007	40.0
WP_000845048.1	337	k121_31531_10	N/A	25.301	25	83	0.007	40.0
WP_000845048.1	337	k121_1066466_1	N/A	27.556	48	225	0.008	40.0
WP_000845048.1	337	k121_829200_1	N/A	24.742	52	194	0.008	39.3
WP_000845048.1	337	k121_1583927_1	N/A	31.193	29	109	0.008	39.7
WP_000845048.1	337	k121_1065880_1	N/A	27.957	27	93	0.008	39.3
WP_000845048.1	337	k121_3056_1	N/A	27.933	50	179	0.008	40.0
WP_000845048.1	337	k121_1071576_1	N/A	25.676	62	222	0.010	39.7
WP_000845048.1	337	k121_38165_2	N/A	24.514	72	257	0.011	39.7
WP_000845048.1	337	k121_556533_4	N/A	25.328	53	229	0.015	39.3
WP_000845048.1	337	k121_788497_3	N/A	28.049	44	164	0.017	38.1
WP_000845048.1	337	k121_284008_1	N/A	24.766	63	214	0.017	38.5
WP_000845048.1	337	k121_4945_197	N/A	34.146	24	82	0.018	39.3
WP_000845048.1	337	k121_1309933_1	N/A	24.064	55	187	0.025	38.5
WP_000845048.1	337	k121_1317669_1	N/A	29.474	26	95	0.027	37.7
WP_000845048.1	337	k121_568653_11	N/A	24.631	60	203	0.027	38.5
WP_000845048.1	337	k121_1578095_1	N/A	32.632	26	95	0.041	37.7
WP_000845048.1	337	k121_787820_4	N/A	34.783	20	69	0.042	37.7
WP_000845048.1	337	k121_13024_1	N/A	27.439	44	164	0.055	36.2
WP_000845048.1	337	k121_1054498_1	N/A	29.524	28	105	0.084	36.6
WP_000845048.1	337	k121_1582064_1	N/A	23.741	34	139	0.091	36.2
