SadA_ref|WP_036299419.1|:1-399	399	k121_194016_4	N/A	29.306	97	389	8.36e-52	181
SadA_ref|WP_036299419.1|:1-399	399	k121_533660_33	N/A	27.525	98	396	2.43e-43	159
SadA_ref|WP_036299419.1|:1-399	399	k121_1838758_1	N/A	31.010	72	287	8.33e-43	156
SadA_ref|WP_036299419.1|:1-399	399	k121_211170_2	N/A	26.702	96	382	1.96e-42	156
SadA_ref|WP_036299419.1|:1-399	399	k121_1354711_15	N/A	26.478	97	389	2.94e-42	156
SadA_ref|WP_036299419.1|:1-399	399	k121_610308_16	N/A	28.022	90	364	7.85e-42	155
SadA_ref|WP_036299419.1|:1-399	399	k121_1113958_6	N/A	29.086	90	361	3.03e-41	153
SadA_ref|WP_036299419.1|:1-399	399	k121_1476937_5	N/A	26.110	96	383	1.02e-40	152
SadA_ref|WP_036299419.1|:1-399	399	k121_1822035_1	N/A	28.779	86	344	6.50e-39	146
SadA_ref|WP_036299419.1|:1-399	399	k121_1515808_19	N/A	32.479	58	234	1.90e-37	143
SadA_ref|WP_036299419.1|:1-399	399	k121_1184783_3	N/A	27.604	96	384	4.08e-37	142
SadA_ref|WP_036299419.1|:1-399	399	k121_934555_1	N/A	32.314	57	229	2.63e-36	135
SadA_ref|WP_036299419.1|:1-399	399	k121_1106933_7	N/A	27.979	96	386	7.02e-35	136
SadA_ref|WP_036299419.1|:1-399	399	k121_706502_2	N/A	31.102	63	254	9.19e-34	130
SadA_ref|WP_036299419.1|:1-399	399	k121_1012453_1	N/A	31.602	57	231	3.11e-27	113
SadA_ref|WP_036299419.1|:1-399	399	k121_395794_16	N/A	26.632	94	383	3.49e-27	115
SadA_ref|WP_036299419.1|:1-399	399	k121_297219_20	N/A	25.779	85	353	3.63e-26	112
SadA_ref|WP_036299419.1|:1-399	399	k121_1117491_2	N/A	24.675	95	385	3.84e-26	112
SadA_ref|WP_036299419.1|:1-399	399	k121_720422_5	N/A	24.802	94	379	6.36e-26	111
SadA_ref|WP_036299419.1|:1-399	399	k121_1676577_273	N/A	27.551	97	392	7.14e-26	111
SadA_ref|WP_036299419.1|:1-399	399	k121_1978942_1	N/A	33.333	46	183	1.39e-25	107
SadA_ref|WP_036299419.1|:1-399	399	k121_1657486_1	N/A	32.044	45	181	5.02e-25	108
SadA_ref|WP_036299419.1|:1-399	399	k121_788372_2	N/A	26.873	95	387	5.39e-25	108
SadA_ref|WP_036299419.1|:1-399	399	k121_1920857_1	N/A	26.750	95	400	1.07e-22	102
SadA_ref|WP_036299419.1|:1-399	399	k121_1541596_10	N/A	24.685	98	397	3.02e-20	95.5
SadA_ref|WP_036299419.1|:1-399	399	k121_1915896_2	N/A	25.313	97	399	2.13e-19	93.2
SadA_ref|WP_036299419.1|:1-399	399	k121_200609_2	N/A	38.095	26	105	2.03e-18	84.0
SadA_ref|WP_036299419.1|:1-399	399	k121_1675889_1	N/A	25.581	54	215	4.97e-17	83.2
SadA_ref|WP_036299419.1|:1-399	399	k121_1216531_1	N/A	27.660	59	235	1.26e-15	79.7
SadA_ref|WP_036299419.1|:1-399	399	k121_1900326_3	N/A	23.958	94	384	3.29e-12	71.6
SadA_ref|WP_036299419.1|:1-399	399	k121_1354702_1	N/A	24.365	47	197	6.39e-09	59.7
SadA_ref|WP_036299419.1|:1-399	399	k121_1159943_2	N/A	23.432	73	303	9.80e-09	60.1
SadA_ref|WP_036299419.1|:1-399	399	k121_1279338_1	N/A	25.856	64	263	1.07e-08	59.7
SadA_ref|WP_036299419.1|:1-399	399	k121_541921_2	N/A	22.289	39	166	2.18e-05	50.1
SadA_ref|WP_036299419.1|:1-399	399	k121_1268619_3	N/A	23.750	93	400	2.19e-05	50.4
SadA_ref|WP_036299419.1|:1-399	399	k121_436600_3	N/A	24.454	56	229	8.01e-05	47.8
SadA_ref|WP_036299419.1|:1-399	399	k121_1437807_2	N/A	26.230	60	244	1.42e-04	47.8
SadA_ref|WP_036299419.1|:1-399	399	k121_518446_1	N/A	29.592	24	98	2.65e-04	46.2
SadA_ref|WP_036299419.1|:1-399	399	k121_522099_1	N/A	23.005	53	213	3.58e-04	45.4
SadA_ref|WP_036299419.1|:1-399	399	k121_1759496_3	N/A	24.224	39	161	4.65e-04	44.7
SadA_ref|WP_036299419.1|:1-399	399	k121_942365_6	N/A	24.870	45	193	6.69e-04	45.4
SadA_ref|WP_036299419.1|:1-399	399	k121_1350342_4	N/A	21.932	88	383	0.001	44.7
SadA_ref|WP_036299419.1|:1-399	399	k121_250396_3	N/A	30.952	21	84	0.002	41.6
SadA_ref|WP_036299419.1|:1-399	399	k121_515203_4	N/A	30.137	36	146	0.004	43.1
SadA_ref|WP_036299419.1|:1-399	399	k121_1696002_3	N/A	24.121	47	199	0.005	42.7
SadA_ref|WP_036299419.1|:1-399	399	k121_290441_1	N/A	24.324	45	185	0.010	41.2
SadA_ref|WP_036299419.1|:1-399	399	k121_647285_4	N/A	25.000	43	184	0.019	41.2
SadA_ref|WP_036299419.1|:1-399	399	k121_1318455_1	N/A	29.762	21	84	0.027	40.4
SadA_ref|WP_036299419.1|:1-399	399	k121_506208_1	N/A	29.032	23	93	0.044	40.0
SadA_ref|WP_036299419.1|:1-399	399	k121_924622_2	N/A	29.762	21	84	0.049	39.7
SadA_ref|WP_036299419.1|:1-399	399	k121_70744_2	N/A	26.027	50	219	0.079	39.3
SadB_ref|WP_100812327.1|:1-423	423	k121_1354711_15	N/A	28.974	91	390	3.06e-45	164
SadB_ref|WP_100812327.1|:1-423	423	k121_1476937_5	N/A	28.796	89	382	1.06e-43	160
SadB_ref|WP_100812327.1|:1-423	423	k121_211170_2	N/A	26.812	96	414	2.62e-41	154
SadB_ref|WP_100812327.1|:1-423	423	k121_1838758_1	N/A	29.111	87	371	3.26e-41	152
SadB_ref|WP_100812327.1|:1-423	423	k121_194016_4	N/A	27.436	91	390	2.22e-40	151
SadB_ref|WP_100812327.1|:1-423	423	k121_533660_33	N/A	27.132	90	387	7.37e-40	150
SadB_ref|WP_100812327.1|:1-423	423	k121_1113958_6	N/A	30.137	85	365	1.95e-39	149
SadB_ref|WP_100812327.1|:1-423	423	k121_1184783_3	N/A	28.125	90	384	3.28e-38	145
SadB_ref|WP_100812327.1|:1-423	423	k121_1106933_7	N/A	28.093	91	388	5.84e-37	142
SadB_ref|WP_100812327.1|:1-423	423	k121_610308_16	N/A	27.095	82	358	3.67e-34	135
SadB_ref|WP_100812327.1|:1-423	423	k121_395794_16	N/A	28.278	90	389	6.67e-33	131
SadB_ref|WP_100812327.1|:1-423	423	k121_934555_1	N/A	29.224	51	219	1.16e-31	124
SadB_ref|WP_100812327.1|:1-423	423	k121_1822035_1	N/A	29.358	77	327	2.38e-31	126
SadB_ref|WP_100812327.1|:1-423	423	k121_1515808_19	N/A	26.431	85	367	5.86e-31	126
SadB_ref|WP_100812327.1|:1-423	423	k121_297219_20	N/A	27.394	87	376	6.10e-31	126
SadB_ref|WP_100812327.1|:1-423	423	k121_1978942_1	N/A	35.519	43	183	5.94e-30	119
SadB_ref|WP_100812327.1|:1-423	423	k121_706502_2	N/A	27.239	62	268	1.94e-29	119
SadB_ref|WP_100812327.1|:1-423	423	k121_1657486_1	N/A	27.044	74	318	2.31e-29	120
SadB_ref|WP_100812327.1|:1-423	423	k121_720422_5	N/A	26.963	87	382	1.28e-28	119
SadB_ref|WP_100812327.1|:1-423	423	k121_1541596_10	N/A	26.615	90	387	6.85e-28	117
SadB_ref|WP_100812327.1|:1-423	423	k121_1676577_273	N/A	27.411	91	394	2.86e-27	115
SadB_ref|WP_100812327.1|:1-423	423	k121_1012453_1	N/A	29.665	49	209	1.40e-23	103
SadB_ref|WP_100812327.1|:1-423	423	k121_1920857_1	N/A	26.650	90	394	2.69e-22	101
SadB_ref|WP_100812327.1|:1-423	423	k121_788372_2	N/A	26.494	90	385	2.78e-20	95.5
SadB_ref|WP_100812327.1|:1-423	423	k121_1915896_2	N/A	22.829	93	403	3.90e-20	95.5
SadB_ref|WP_100812327.1|:1-423	423	k121_1675889_1	N/A	30.516	50	213	7.31e-19	89.0
SadB_ref|WP_100812327.1|:1-423	423	k121_1900326_3	N/A	28.832	63	274	3.14e-18	90.1
SadB_ref|WP_100812327.1|:1-423	423	k121_1117491_2	N/A	24.397	83	373	8.07e-16	82.4
SadB_ref|WP_100812327.1|:1-423	423	k121_1216531_1	N/A	26.496	55	234	1.15e-15	80.1
SadB_ref|WP_100812327.1|:1-423	423	k121_200609_2	N/A	37.113	23	97	2.26e-15	75.9
SadB_ref|WP_100812327.1|:1-423	423	k121_1354702_1	N/A	26.442	47	208	1.58e-13	73.2
SadB_ref|WP_100812327.1|:1-423	423	k121_44525_1	N/A	26.148	60	283	1.60e-13	75.5
SadB_ref|WP_100812327.1|:1-423	423	k121_1268619_3	N/A	24.934	82	377	8.57e-13	73.6
SadB_ref|WP_100812327.1|:1-423	423	k121_1159943_2	N/A	28.947	68	304	3.60e-12	70.5
SadB_ref|WP_100812327.1|:1-423	423	k121_1437807_2	N/A	28.045	76	353	4.69e-12	70.9
SadB_ref|WP_100812327.1|:1-423	423	k121_1279338_1	N/A	26.894	60	264	2.68e-11	67.8
SadB_ref|WP_100812327.1|:1-423	423	k121_942365_6	N/A	30.460	39	174	5.97e-10	64.3
SadB_ref|WP_100812327.1|:1-423	423	k121_541921_2	N/A	31.818	33	154	1.22e-09	63.5
SadB_ref|WP_100812327.1|:1-423	423	k121_82375_11	N/A	32.558	30	129	4.71e-08	57.8
SadB_ref|WP_100812327.1|:1-423	423	k121_1350342_4	N/A	25.728	86	412	4.93e-08	58.9
SadB_ref|WP_100812327.1|:1-423	423	k121_1681519_5	N/A	27.511	47	229	1.39e-07	56.6
SadB_ref|WP_100812327.1|:1-423	423	k121_196642_2	N/A	29.808	25	104	1.91e-07	53.1
SadB_ref|WP_100812327.1|:1-423	423	k121_1346068_2	N/A	24.044	79	366	3.41e-07	55.8
SadB_ref|WP_100812327.1|:1-423	423	k121_827474_2	N/A	24.474	80	380	5.91e-07	55.5
SadB_ref|WP_100812327.1|:1-423	423	k121_967083_2	N/A	27.136	45	199	2.96e-06	52.0
SadB_ref|WP_100812327.1|:1-423	423	k121_506208_1	N/A	23.560	80	382	4.24e-06	52.8
SadB_ref|WP_100812327.1|:1-423	423	k121_1844364_2	N/A	24.722	77	360	4.74e-06	52.8
SadB_ref|WP_100812327.1|:1-423	423	k121_207899_3	N/A	32.540	27	126	5.53e-06	49.7
SadB_ref|WP_100812327.1|:1-423	423	k121_924622_2	N/A	23.545	79	378	6.56e-06	52.0
SadB_ref|WP_100812327.1|:1-423	423	k121_522099_1	N/A	24.868	44	189	3.69e-05	48.5
SadB_ref|WP_100812327.1|:1-423	423	k121_1582335_1	N/A	27.488	47	211	4.66e-05	48.5
SadB_ref|WP_100812327.1|:1-423	423	k121_1776495_1	N/A	31.250	27	128	8.35e-05	48.1
SadB_ref|WP_100812327.1|:1-423	423	k121_956161_7	N/A	30.579	26	121	1.01e-04	46.2
SadB_ref|WP_100812327.1|:1-423	423	k121_1158165_2	N/A	32.520	26	123	3.65e-04	45.8
SadB_ref|WP_100812327.1|:1-423	423	k121_1247515_1	N/A	29.134	26	127	3.88e-04	44.7
SadB_ref|WP_100812327.1|:1-423	423	k121_1081691_6	N/A	23.656	80	372	4.46e-04	46.2
SadB_ref|WP_100812327.1|:1-423	423	k121_1662008_3	N/A	30.709	27	127	6.63e-04	45.8
SadB_ref|WP_100812327.1|:1-423	423	k121_1318455_1	N/A	28.346	26	127	7.18e-04	45.4
SadB_ref|WP_100812327.1|:1-423	423	k121_1023854_9	N/A	20.339	79	354	0.001	45.1
SadB_ref|WP_100812327.1|:1-423	423	k121_290441_1	N/A	23.438	43	192	0.001	43.9
SadB_ref|WP_100812327.1|:1-423	423	k121_975075_1	N/A	24.650	75	357	0.001	44.7
SadB_ref|WP_100812327.1|:1-423	423	k121_1909595_2	N/A	30.818	34	159	0.002	42.7
SadB_ref|WP_100812327.1|:1-423	423	k121_1540132_1	N/A	22.000	35	150	0.002	42.4
SadB_ref|WP_100812327.1|:1-423	423	k121_1943221_2	N/A	25.069	80	363	0.003	43.9
SadB_ref|WP_100812327.1|:1-423	423	k121_1423588_1	N/A	23.599	75	339	0.003	43.9
SadB_ref|WP_100812327.1|:1-423	423	k121_1970187_2	N/A	22.105	22	95	0.006	40.4
SadB_ref|WP_100812327.1|:1-423	423	k121_1602693_5	N/A	23.333	82	390	0.006	43.1
SadB_ref|WP_100812327.1|:1-423	423	k121_218513_1	N/A	22.727	42	198	0.007	42.4
SadB_ref|WP_100812327.1|:1-423	423	k121_1778017_4	N/A	23.824	69	319	0.007	42.7
SadB_ref|WP_100812327.1|:1-423	423	k121_1248854_1	N/A	29.688	26	128	0.008	42.4
SadB_ref|WP_100812327.1|:1-423	423	k121_1816300_1	N/A	28.226	26	124	0.010	42.0
SadB_ref|WP_100812327.1|:1-423	423	k121_499148_2	N/A	28.659	36	164	0.011	42.0
SadB_ref|WP_100812327.1|:1-423	423	k121_307318_1	N/A	31.395	20	86	0.012	40.8
SadB_ref|WP_100812327.1|:1-423	423	k121_1565959_2	N/A	25.478	35	157	0.012	40.8
SadB_ref|WP_100812327.1|:1-423	423	k121_1377750_5	N/A	26.235	69	324	0.012	42.0
SadB_ref|WP_100812327.1|:1-423	423	k121_272307_1	N/A	22.727	42	198	0.015	41.2
SadB_ref|WP_100812327.1|:1-423	423	k121_1223298_4	N/A	23.724	71	333	0.017	41.2
SadB_ref|WP_100812327.1|:1-423	423	k121_1429287_2	N/A	22.124	49	226	0.022	41.2
SadB_ref|WP_100812327.1|:1-423	423	k121_87010_2	N/A	28.261	28	138	0.030	40.8
SadB_ref|WP_100812327.1|:1-423	423	k121_1449350_2	N/A	28.125	26	128	0.041	40.4
SadB_ref|WP_100812327.1|:1-423	423	k121_177594_4	N/A	28.906	30	128	0.053	38.9
SadB_ref|WP_100812327.1|:1-423	423	k121_768120_3	N/A	25.197	57	254	0.064	39.7
SadB_ref|WP_100812327.1|:1-423	423	k121_916741_2	N/A	25.000	57	264	0.068	39.3
SadB_ref|WP_100812327.1|:1-423	423	k121_1513714_1	N/A	22.554	80	368	0.070	39.3
SadB_ref|WP_100812327.1|:1-423	423	k121_1696002_3	N/A	24.855	38	173	0.076	39.3
SadB_ref|WP_100812327.1|:1-423	423	k121_936074_2	N/A	25.581	25	129	0.092	38.1
SadB_ref|WP_100812327.1|:1-423	423	k121_1390708_2	N/A	26.866	47	201	0.097	38.9
SadC_ref|WP_036299413.1|:1-194	194	k121_231258_12	N/A	31.343	69	134	2.00e-14	71.6
SadC_ref|WP_036299413.1|:1-194	194	k121_131101_3	N/A	26.667	85	165	3.39e-12	65.1
SadC_ref|WP_036299413.1|:1-194	194	k121_1080474_2	N/A	27.545	86	167	5.95e-12	64.7
SadC_ref|WP_036299413.1|:1-194	194	k121_1385414_26	N/A	30.657	69	137	7.01e-11	62.0
SadC_ref|WP_036299413.1|:1-194	194	k121_1035711_3	N/A	39.326	45	89	8.77e-11	61.2
SadC_ref|WP_036299413.1|:1-194	194	k121_1439946_2	N/A	26.627	82	169	4.75e-10	59.7
SadC_ref|WP_036299413.1|:1-194	194	k121_1641179_4	N/A	24.444	70	135	8.04e-10	58.9
SadC_ref|WP_036299413.1|:1-194	194	k121_192984_2	N/A	30.323	79	155	1.01e-09	59.3
SadC_ref|WP_036299413.1|:1-194	194	k121_141630_4	N/A	27.742	76	155	1.06e-09	60.5
SadC_ref|WP_036299413.1|:1-194	194	k121_1624971_15	N/A	28.070	84	171	1.20e-09	58.5
SadC_ref|WP_036299413.1|:1-194	194	k121_107864_10	N/A	27.068	68	133	2.12e-09	57.8
SadC_ref|WP_036299413.1|:1-194	194	k121_1943910_5	N/A	28.125	82	160	2.47e-09	57.4
SadC_ref|WP_036299413.1|:1-194	194	k121_1293814_2	N/A	29.078	72	141	7.03e-09	56.6
SadC_ref|WP_036299413.1|:1-194	194	k121_848506_9	N/A	27.607	84	163	1.24e-08	55.5
SadC_ref|WP_036299413.1|:1-194	194	k121_859318_2	N/A	26.061	84	165	1.46e-08	57.4
SadC_ref|WP_036299413.1|:1-194	194	k121_301315_2	N/A	27.108	85	166	4.03e-08	54.3
SadC_ref|WP_036299413.1|:1-194	194	k121_584193_1	N/A	25.466	82	161	4.35e-08	53.9
SadC_ref|WP_036299413.1|:1-194	194	k121_727911_1	N/A	35.484	47	93	4.67e-08	53.5
SadC_ref|WP_036299413.1|:1-194	194	k121_1371107_3	N/A	30.612	75	147	8.73e-08	53.1
SadC_ref|WP_036299413.1|:1-194	194	k121_1492108_5	N/A	28.873	73	142	1.56e-07	52.8
SadC_ref|WP_036299413.1|:1-194	194	k121_1646751_2	N/A	34.783	47	92	1.67e-07	52.8
SadC_ref|WP_036299413.1|:1-194	194	k121_1055242_3	N/A	37.500	45	88	1.87e-07	52.4
SadC_ref|WP_036299413.1|:1-194	194	k121_1020584_9	N/A	35.484	47	93	1.98e-07	52.4
SadC_ref|WP_036299413.1|:1-194	194	k121_21836_3	N/A	35.052	49	97	2.76e-07	52.0
SadC_ref|WP_036299413.1|:1-194	194	k121_218511_1	N/A	25.333	76	150	3.24e-07	51.2
SadC_ref|WP_036299413.1|:1-194	194	k121_1348465_1	N/A	33.019	54	106	3.41e-07	50.8
SadC_ref|WP_036299413.1|:1-194	194	k121_1318575_1	N/A	35.000	51	100	3.92e-07	50.8
SadC_ref|WP_036299413.1|:1-194	194	k121_1968891_4	N/A	28.571	68	133	4.20e-07	50.8
SadC_ref|WP_036299413.1|:1-194	194	k121_64522_2	N/A	25.904	84	166	9.52e-07	50.4
SadC_ref|WP_036299413.1|:1-194	194	k121_1862104_5	N/A	36.364	39	77	1.05e-06	50.1
SadC_ref|WP_036299413.1|:1-194	194	k121_943030_5	N/A	26.144	77	153	1.05e-06	50.4
SadC_ref|WP_036299413.1|:1-194	194	k121_1573565_2	N/A	25.806	80	155	1.08e-06	50.8
SadC_ref|WP_036299413.1|:1-194	194	k121_1268619_5	N/A	34.483	44	87	1.34e-06	50.1
SadC_ref|WP_036299413.1|:1-194	194	k121_1450688_3	N/A	30.534	67	131	1.60e-06	50.4
SadC_ref|WP_036299413.1|:1-194	194	k121_1223922_2	N/A	28.261	68	138	1.76e-06	50.1
SadC_ref|WP_036299413.1|:1-194	194	k121_741463_2	N/A	25.904	84	166	2.85e-06	49.3
SadC_ref|WP_036299413.1|:1-194	194	k121_1844364_3	N/A	34.409	47	93	2.85e-06	49.3
SadC_ref|WP_036299413.1|:1-194	194	k121_1311393_3	N/A	25.904	84	166	3.14e-06	48.9
SadC_ref|WP_036299413.1|:1-194	194	k121_1749955_4	N/A	30.851	48	94	3.57e-06	48.9
SadC_ref|WP_036299413.1|:1-194	194	k121_1270304_9	N/A	25.731	88	171	4.06e-06	49.3
SadC_ref|WP_036299413.1|:1-194	194	k121_748778_3	N/A	25.301	84	166	6.84e-06	48.1
SadC_ref|WP_036299413.1|:1-194	194	k121_1235496_1	N/A	27.381	82	168	6.89e-06	49.3
SadC_ref|WP_036299413.1|:1-194	194	k121_1897732_15	N/A	30.081	62	123	7.63e-06	48.1
SadC_ref|WP_036299413.1|:1-194	194	k121_1234263_2	N/A	28.571	54	105	8.10e-06	48.9
SadC_ref|WP_036299413.1|:1-194	194	k121_1186091_2	N/A	29.167	49	96	8.15e-06	48.9
SadC_ref|WP_036299413.1|:1-194	194	k121_1681519_2	N/A	25.610	84	164	8.21e-06	48.1
SadC_ref|WP_036299413.1|:1-194	194	k121_1450709_3	N/A	34.409	47	93	9.89e-06	48.1
SadC_ref|WP_036299413.1|:1-194	194	k121_1723386_3	N/A	27.338	70	139	1.15e-05	47.4
SadC_ref|WP_036299413.1|:1-194	194	k121_1746078_2	N/A	35.802	40	81	1.19e-05	47.4
SadC_ref|WP_036299413.1|:1-194	194	k121_767760_2	N/A	29.365	64	126	1.41e-05	47.4
SadC_ref|WP_036299413.1|:1-194	194	k121_1395403_2	N/A	27.966	59	118	1.97e-05	47.0
SadC_ref|WP_036299413.1|:1-194	194	k121_779286_7	N/A	25.899	71	139	2.10e-05	46.6
SadC_ref|WP_036299413.1|:1-194	194	k121_1475095_3	N/A	32.609	47	92	2.39e-05	47.0
SadC_ref|WP_036299413.1|:1-194	194	k121_610308_17	N/A	27.536	68	138	2.46e-05	47.8
SadC_ref|WP_036299413.1|:1-194	194	k121_402822_12	N/A	36.364	49	99	2.85e-05	46.6
SadC_ref|WP_036299413.1|:1-194	194	k121_768942_3	N/A	26.190	85	168	2.94e-05	46.2
SadC_ref|WP_036299413.1|:1-194	194	k121_730387_2	N/A	35.065	39	77	3.48e-05	46.2
SadC_ref|WP_036299413.1|:1-194	194	k121_1771399_2	N/A	31.818	45	88	3.86e-05	45.8
SadC_ref|WP_036299413.1|:1-194	194	k121_1451871_1	N/A	24.204	81	157	4.27e-05	45.8
SadC_ref|WP_036299413.1|:1-194	194	k121_361628_3	N/A	26.786	85	168	5.01e-05	45.8
SadC_ref|WP_036299413.1|:1-194	194	k121_162989_2	N/A	25.517	73	145	6.79e-05	45.4
SadC_ref|WP_036299413.1|:1-194	194	k121_318369_2	N/A	36.842	39	76	7.64e-05	45.1
SadC_ref|WP_036299413.1|:1-194	194	k121_1934127_2	N/A	31.183	47	93	9.32e-05	45.1
SadC_ref|WP_036299413.1|:1-194	194	k121_1597606_3	N/A	25.294	85	170	1.04e-04	44.7
SadC_ref|WP_036299413.1|:1-194	194	k121_61060_1	N/A	23.602	82	161	1.54e-04	44.3
SadC_ref|WP_036299413.1|:1-194	194	k121_533660_34	N/A	32.955	45	88	1.74e-04	45.1
SadC_ref|WP_036299413.1|:1-194	194	k121_1538331_2	N/A	32.479	59	117	2.15e-04	45.1
SadC_ref|WP_036299413.1|:1-194	194	k121_1046213_2	N/A	32.558	44	86	3.11e-04	44.3
SadC_ref|WP_036299413.1|:1-194	194	k121_170960_1	N/A	31.461	45	89	3.36e-04	42.4
SadC_ref|WP_036299413.1|:1-194	194	k121_611279_2	N/A	29.464	57	112	4.35e-04	43.1
SadC_ref|WP_036299413.1|:1-194	194	k121_177594_2	N/A	44.000	26	50	4.64e-04	43.1
SadC_ref|WP_036299413.1|:1-194	194	k121_1439752_1	N/A	38.356	37	73	4.75e-04	42.0
SadC_ref|WP_036299413.1|:1-194	194	k121_79450_3	N/A	24.405	85	168	6.03e-04	42.7
SadC_ref|WP_036299413.1|:1-194	194	k121_1146724_2	N/A	35.789	48	95	7.58e-04	42.4
SadC_ref|WP_036299413.1|:1-194	194	k121_93999_3	N/A	23.636	84	165	7.65e-04	42.4
SadC_ref|WP_036299413.1|:1-194	194	k121_1523515_2	N/A	29.670	47	91	7.67e-04	42.4
SadC_ref|WP_036299413.1|:1-194	194	k121_412356_2	N/A	29.114	39	79	0.001	41.2
SadC_ref|WP_036299413.1|:1-194	194	k121_1868407_158	N/A	27.972	71	143	0.001	41.6
SadC_ref|WP_036299413.1|:1-194	194	k121_1225356_10	N/A	21.472	82	163	0.002	41.6
SadC_ref|WP_036299413.1|:1-194	194	k121_1603319_27	N/A	29.703	52	101	0.002	41.6
SadC_ref|WP_036299413.1|:1-194	194	k121_1024388_3	N/A	24.390	82	164	0.003	40.8
SadC_ref|WP_036299413.1|:1-194	194	k121_1111528_2	N/A	24.211	95	190	0.007	40.0
SadC_ref|WP_036299413.1|:1-194	194	k121_372099_19	N/A	36.000	38	75	0.019	38.5
SadC_ref|WP_036299413.1|:1-194	194	k121_1290079_2	N/A	26.389	37	72	0.028	38.1
SadC_ref|WP_036299413.1|:1-194	194	k121_602013_2	N/A	38.983	30	59	0.056	35.8
SadC_ref|WP_036299413.1|:1-194	194	k121_705495_1	N/A	33.846	33	65	0.075	35.0
WP_000259031.1	279	k121_52443_11	N/A	100.000	100	279	0.0	553
WP_000259031.1	279	k121_1547582_6	N/A	48.780	88	246	2.73e-84	256
WP_000259031.1	279	k121_1672145_2	N/A	53.516	92	256	2.41e-74	231
WP_000259031.1	279	k121_523558_3	N/A	48.485	94	264	2.71e-73	228
WP_000259031.1	279	k121_1783619_19	N/A	34.586	94	266	1.77e-49	167
WP_000259031.1	279	k121_1547872_3	N/A	36.260	94	262	2.05e-40	144
WP_000259031.1	279	k121_639460_33	N/A	35.907	93	259	4.68e-40	143
WP_000259031.1	279	k121_1906441_2	N/A	36.066	87	244	1.43e-39	142
WP_000259031.1	279	k121_1815546_3	N/A	34.317	96	271	5.60e-39	140
WP_000259031.1	279	k121_53268_2	N/A	31.984	88	247	2.18e-38	138
WP_000259031.1	279	k121_56321_7	N/A	38.760	91	258	4.05e-38	139
WP_000259031.1	279	k121_1663616_5	N/A	37.500	91	256	4.87e-38	138
WP_000259031.1	279	k121_538875_17	N/A	34.981	94	263	1.04e-37	137
WP_000259031.1	279	k121_1789087_21	N/A	35.772	87	246	1.81e-37	136
WP_000259031.1	279	k121_1191097_6	N/A	32.210	96	267	3.95e-37	136
WP_000259031.1	279	k121_1118782_14	N/A	33.205	88	259	1.41e-36	135
WP_000259031.1	279	k121_763734_12	N/A	35.294	91	255	3.91e-36	133
WP_000259031.1	279	k121_1278813_8	N/A	37.692	93	260	5.16e-36	133
WP_000259031.1	279	k121_560248_1	N/A	47.500	57	160	3.32e-35	127
WP_000259031.1	279	k121_1369755_11	N/A	33.200	88	250	3.48e-35	131
WP_000259031.1	279	k121_1486961_2	N/A	35.526	78	228	4.73e-35	130
WP_000259031.1	279	k121_824689_1	N/A	35.526	78	228	9.22e-35	130
WP_000259031.1	279	k121_1658717_2	N/A	37.652	87	247	9.44e-35	129
WP_000259031.1	279	k121_902312_4	N/A	37.615	76	218	1.35e-34	129
WP_000259031.1	279	k121_906116_2	N/A	36.015	94	261	2.60e-34	128
WP_000259031.1	279	k121_712617_55	N/A	35.955	94	267	2.76e-34	129
WP_000259031.1	279	k121_1602105_1	N/A	33.203	91	256	3.44e-34	129
WP_000259031.1	279	k121_1541956_2	N/A	35.849	76	212	6.07e-34	125
WP_000259031.1	279	k121_239038_6	N/A	31.559	94	263	6.25e-34	127
WP_000259031.1	279	k121_1841199_2	N/A	34.400	88	250	8.16e-34	130
WP_000259031.1	279	k121_309542_2	N/A	34.328	95	268	8.66e-34	127
WP_000259031.1	279	k121_1818939_11	N/A	31.837	87	245	3.14e-33	125
WP_000259031.1	279	k121_328544_2	N/A	33.574	99	277	4.10e-33	126
WP_000259031.1	279	k121_1919968_2	N/A	34.646	91	254	8.70e-33	125
WP_000259031.1	279	k121_58430_5	N/A	33.206	93	262	9.90e-32	122
WP_000259031.1	279	k121_997643_14	N/A	32.031	91	256	1.90e-31	121
WP_000259031.1	279	k121_1382873_4	N/A	32.296	91	257	3.52e-31	120
WP_000259031.1	279	k121_249826_34	N/A	35.135	88	259	4.30e-31	120
WP_000259031.1	279	k121_1455515_37	N/A	33.218	97	289	4.81e-31	120
WP_000259031.1	279	k121_549169_2	N/A	33.205	91	259	1.22e-30	119
WP_000259031.1	279	k121_1463830_2	N/A	29.167	93	264	1.99e-30	120
WP_000259031.1	279	k121_530695_1	N/A	33.080	93	263	2.20e-30	118
WP_000259031.1	279	k121_109522_2	N/A	31.461	96	267	2.79e-30	118
WP_000259031.1	279	k121_631607_36	N/A	32.331	94	266	1.95e-29	115
WP_000259031.1	279	k121_916789_2	N/A	31.939	94	263	1.96e-29	115
WP_000259031.1	279	k121_1597981_3	N/A	30.682	92	264	3.88e-29	114
WP_000259031.1	279	k121_1642002_11	N/A	35.600	88	250	7.34e-29	114
WP_000259031.1	279	k121_756954_87	N/A	36.364	78	220	1.74e-28	114
WP_000259031.1	279	k121_188009_1	N/A	37.121	94	264	2.94e-28	112
WP_000259031.1	279	k121_283640_91	N/A	34.137	89	249	5.68e-28	113
WP_000259031.1	279	k121_497754_7	N/A	31.955	93	266	5.73e-28	112
WP_000259031.1	279	k121_1120670_2	N/A	35.366	88	246	9.17e-28	111
WP_000259031.1	279	k121_163209_2	N/A	32.061	93	262	1.26e-27	111
WP_000259031.1	279	k121_549668_2	N/A	31.621	88	253	1.49e-27	110
WP_000259031.1	279	k121_227195_15	N/A	31.227	95	269	1.95e-27	110
WP_000259031.1	279	k121_1937259_1	N/A	29.811	94	265	2.28e-27	110
WP_000259031.1	279	k121_923278_2	N/A	30.651	92	261	2.37e-27	110
WP_000259031.1	279	k121_933915_3	N/A	31.985	96	272	2.40e-27	110
WP_000259031.1	279	k121_1561456_8	N/A	30.556	88	252	2.95e-27	110
WP_000259031.1	279	k121_958860_2	N/A	28.464	94	267	3.17e-27	109
WP_000259031.1	279	k121_938963_2	N/A	34.783	88	253	3.79e-27	110
WP_000259031.1	279	k121_1049557_2	N/A	32.171	88	258	1.01e-26	108
WP_000259031.1	279	k121_1269340_7	N/A	36.323	80	223	1.13e-26	108
WP_000259031.1	279	k121_788700_2	N/A	35.484	87	248	1.57e-26	107
WP_000259031.1	279	k121_657593_2	N/A	30.483	94	269	1.61e-26	108
WP_000259031.1	279	k121_285319_15	N/A	29.851	95	268	1.80e-26	107
WP_000259031.1	279	k121_208545_6	N/A	32.129	88	249	2.14e-26	108
WP_000259031.1	279	k121_1548817_5	N/A	28.682	88	258	2.25e-26	108
WP_000259031.1	279	k121_1036662_9	N/A	26.459	91	257	2.58e-26	107
WP_000259031.1	279	k121_934960_3	N/A	31.579	95	266	2.80e-26	107
WP_000259031.1	279	k121_64371_40	N/A	32.721	96	272	3.15e-26	107
WP_000259031.1	279	k121_894563_2	N/A	32.955	94	264	3.59e-26	107
WP_000259031.1	279	k121_542092_16	N/A	35.317	88	252	3.64e-26	107
WP_000259031.1	279	k121_1842278_1	N/A	32.420	77	219	4.99e-26	106
WP_000259031.1	279	k121_176702_18	N/A	31.439	93	264	5.01e-26	108
WP_000259031.1	279	k121_1094069_26	N/A	36.449	76	214	1.10e-25	107
WP_000259031.1	279	k121_1608857_12	N/A	33.574	95	277	1.30e-25	106
WP_000259031.1	279	k121_1683098_1	N/A	27.899	97	276	1.32e-25	105
WP_000259031.1	279	k121_132653_14	N/A	33.992	88	253	1.49e-25	105
WP_000259031.1	279	k121_907250_10	N/A	30.961	95	281	1.61e-25	105
WP_000259031.1	279	k121_987244_1	N/A	28.400	88	250	2.57e-25	106
WP_000259031.1	279	k121_759598_4	N/A	34.483	88	261	2.68e-25	107
WP_000259031.1	279	k121_1212961_2	N/A	37.143	86	245	4.05e-25	103
WP_000259031.1	279	k121_386820_2	N/A	27.757	93	263	4.72e-25	103
WP_000259031.1	279	k121_580781_2	N/A	29.961	88	257	4.97e-25	104
WP_000259031.1	279	k121_1799676_2	N/A	30.605	95	281	7.00e-25	104
WP_000259031.1	279	k121_42160_2	N/A	30.888	91	259	7.23e-25	103
WP_000259031.1	279	k121_563600_39	N/A	27.490	88	251	8.88e-25	103
WP_000259031.1	279	k121_1884592_3	N/A	32.558	76	215	9.50e-25	103
WP_000259031.1	279	k121_916892_3	N/A	33.459	88	266	1.27e-24	103
WP_000259031.1	279	k121_1861574_1	N/A	26.182	97	275	1.44e-24	102
WP_000259031.1	279	k121_996837_2	N/A	30.804	79	224	1.45e-24	101
WP_000259031.1	279	k121_340185_2	N/A	32.669	89	251	1.68e-24	102
WP_000259031.1	279	k121_26871_2	N/A	31.660	91	259	1.98e-24	102
WP_000259031.1	279	k121_1836871_2	N/A	28.731	95	268	2.22e-24	102
WP_000259031.1	279	k121_1436112_15	N/A	35.747	77	221	2.26e-24	103
WP_000259031.1	279	k121_1836810_5	N/A	32.472	96	271	2.37e-24	102
WP_000259031.1	279	k121_1687916_2	N/A	31.159	96	276	7.05e-24	101
WP_000259031.1	279	k121_1719727_2	N/A	28.846	88	260	7.24e-24	101
WP_000259031.1	279	k121_1032618_1	N/A	32.110	77	218	8.41e-24	100
WP_000259031.1	279	k121_126072_2	N/A	32.068	83	237	1.22e-23	99.8
WP_000259031.1	279	k121_1139669_8	N/A	27.413	91	259	1.33e-23	100
WP_000259031.1	279	k121_432728_16	N/A	28.777	94	278	1.43e-23	100
WP_000259031.1	279	k121_1069194_6	N/A	30.804	80	224	1.99e-23	99.8
WP_000259031.1	279	k121_1393511_2	N/A	30.418	94	263	2.71e-23	99.8
WP_000259031.1	279	k121_547337_1	N/A	33.333	70	204	4.07e-23	100
WP_000259031.1	279	k121_718825_4	N/A	33.937	77	221	1.79e-22	97.8
WP_000259031.1	279	k121_1010180_4	N/A	28.016	91	257	1.99e-22	97.1
WP_000259031.1	279	k121_1513030_13	N/A	29.151	94	271	2.16e-22	97.8
WP_000259031.1	279	k121_965020_1	N/A	27.530	87	247	2.48e-22	96.7
WP_000259031.1	279	k121_1906584_3	N/A	31.923	88	260	2.56e-22	97.4
WP_000259031.1	279	k121_775626_2	N/A	34.959	88	246	3.70e-22	96.7
WP_000259031.1	279	k121_1430881_3	N/A	30.078	88	256	2.11e-21	94.7
WP_000259031.1	279	k121_35937_4	N/A	28.125	89	256	3.04e-21	93.6
WP_000259031.1	279	k121_796313_7	N/A	28.968	88	252	3.52e-21	94.0
WP_000259031.1	279	k121_1767936_2	N/A	28.782	88	271	5.64e-21	93.6
WP_000259031.1	279	k121_1029501_3	N/A	33.916	96	286	1.35e-20	92.8
WP_000259031.1	279	k121_1786985_29	N/A	30.112	91	269	1.40e-20	93.2
WP_000259031.1	279	k121_1945232_2	N/A	29.524	74	210	1.49e-20	90.9
WP_000259031.1	279	k121_338398_2	N/A	33.065	88	248	1.82e-20	92.0
WP_000259031.1	279	k121_1801388_1	N/A	38.372	61	172	1.94e-20	89.4
WP_000259031.1	279	k121_772337_3	N/A	30.175	95	285	2.15e-20	92.4
WP_000259031.1	279	k121_1715508_1	N/A	33.047	83	233	2.67e-20	90.5
WP_000259031.1	279	k121_1753078_9	N/A	32.283	88	254	2.79e-20	92.8
WP_000259031.1	279	k121_1263172_65	N/A	26.592	94	267	8.02e-20	90.1
WP_000259031.1	279	k121_479609_3	N/A	28.652	63	178	3.59e-19	86.7
WP_000259031.1	279	k121_1941592_1	N/A	31.200	83	250	3.73e-19	87.4
WP_000259031.1	279	k121_1969393_20	N/A	27.037	95	270	4.83e-19	88.6
WP_000259031.1	279	k121_1669503_2	N/A	29.717	75	212	7.52e-19	86.3
WP_000259031.1	279	k121_1249653_2	N/A	29.596	80	223	8.82e-19	87.4
WP_000259031.1	279	k121_603007_3	N/A	26.432	80	227	1.06e-18	86.3
WP_000259031.1	279	k121_1407070_3	N/A	31.923	89	260	1.34e-18	87.0
WP_000259031.1	279	k121_1593313_1	N/A	30.942	80	223	1.68e-18	86.7
WP_000259031.1	279	k121_1754265_5	N/A	29.242	94	277	9.20e-18	85.9
WP_000259031.1	279	k121_61729_1	N/A	30.909	78	220	1.23e-17	84.3
WP_000259031.1	279	k121_207341_3	N/A	27.607	58	163	1.56e-17	82.0
WP_000259031.1	279	k121_1792742_11	N/A	29.032	98	279	1.78e-17	84.0
WP_000259031.1	279	k121_855578_1	N/A	28.185	85	259	2.41e-17	82.8
WP_000259031.1	279	k121_1134809_2	N/A	27.391	80	230	3.07e-17	82.4
WP_000259031.1	279	k121_1867513_1	N/A	23.221	94	267	5.53e-17	82.4
WP_000259031.1	279	k121_745156_1	N/A	37.398	44	123	9.00e-17	79.0
WP_000259031.1	279	k121_739831_3	N/A	26.493	95	268	5.61e-16	79.7
WP_000259031.1	279	k121_813414_1	N/A	34.463	61	177	5.94e-16	78.2
WP_000259031.1	279	k121_801039_3	N/A	31.225	88	253	8.94e-16	79.3
WP_000259031.1	279	k121_1393657_1	N/A	28.372	75	215	2.02e-15	77.0
WP_000259031.1	279	k121_678636_14	N/A	26.515	94	264	2.32e-15	77.8
WP_000259031.1	279	k121_1213741_1	N/A	27.189	73	217	2.42e-15	77.0
WP_000259031.1	279	k121_151719_1	N/A	30.114	63	176	2.77e-15	77.8
WP_000259031.1	279	k121_460158_16	N/A	29.016	68	193	4.97e-15	75.5
WP_000259031.1	279	k121_1931208_3	N/A	31.452	88	248	8.81e-15	76.6
WP_000259031.1	279	k121_142317_2	N/A	32.381	74	210	2.32e-14	75.5
WP_000259031.1	279	k121_1400165_1	N/A	31.977	62	172	5.99e-14	72.0
WP_000259031.1	279	k121_1054478_3	N/A	28.090	61	178	6.31e-14	72.8
WP_000259031.1	279	k121_1700557_2	N/A	29.592	89	294	6.65e-14	74.7
WP_000259031.1	279	k121_1384215_2	N/A	30.645	66	186	1.02e-13	71.6
WP_000259031.1	279	k121_1085599_1	N/A	26.872	78	227	1.54e-13	73.2
WP_000259031.1	279	k121_1511298_35	N/A	23.954	91	263	1.88e-13	72.4
WP_000259031.1	279	k121_38631_1	N/A	27.027	61	185	3.47e-13	70.5
WP_000259031.1	279	k121_1685939_2	N/A	30.047	73	213	1.67e-12	68.9
WP_000259031.1	279	k121_273857_2	N/A	39.316	42	117	2.22e-12	66.2
WP_000259031.1	279	k121_741992_4	N/A	44.444	26	72	6.98e-12	63.5
WP_000259031.1	279	k121_49878_2	N/A	31.064	78	235	2.01e-11	67.0
WP_000259031.1	279	k121_1497531_8	N/A	23.005	72	213	4.78e-11	65.9
WP_000259031.1	279	k121_633258_1	N/A	31.034	60	174	5.12e-11	63.9
WP_000259031.1	279	k121_466775_1	N/A	29.268	44	123	6.29e-11	63.2
WP_000259031.1	279	k121_1764203_4	N/A	29.365	44	126	8.10e-11	63.2
WP_000259031.1	279	k121_1016606_30	N/A	25.969	88	258	2.74e-10	63.9
WP_000259031.1	279	k121_539243_2	N/A	35.714	55	154	4.98e-10	63.2
WP_000259031.1	279	k121_1676478_2	N/A	28.638	74	213	7.48e-10	61.2
WP_000259031.1	279	k121_927466_3	N/A	28.846	37	104	1.03e-09	58.9
WP_000259031.1	279	k121_1469982_1	N/A	30.899	62	178	2.30e-09	59.3
WP_000259031.1	279	k121_981555_3	N/A	35.514	38	107	3.24e-09	57.8
WP_000259031.1	279	k121_902170_2	N/A	43.750	28	80	8.24e-09	55.8
WP_000259031.1	279	k121_871650_2	N/A	28.293	72	205	3.55e-08	56.2
WP_000259031.1	279	k121_277985_2	N/A	30.172	41	116	4.53e-08	54.7
WP_000259031.1	279	k121_1383361_1	N/A	32.039	35	103	9.51e-08	53.5
WP_000259031.1	279	k121_1019416_1	N/A	34.694	33	98	1.38e-07	53.1
WP_000259031.1	279	k121_1161236_1	N/A	35.938	23	64	2.24e-07	50.8
WP_000259031.1	279	k121_1358373_3	N/A	31.429	38	105	2.31e-07	52.0
WP_000259031.1	279	k121_1280644_2	N/A	27.684	61	177	2.37e-07	53.5
WP_000259031.1	279	k121_190218_3	N/A	34.821	38	112	3.64e-07	52.8
WP_000259031.1	279	k121_18348_1	N/A	28.931	57	159	3.80e-07	52.8
WP_000259031.1	279	k121_1247606_1	N/A	31.618	48	136	4.76e-07	53.1
WP_000259031.1	279	k121_1962747_1	N/A	24.603	44	126	9.64e-07	51.6
WP_000259031.1	279	k121_1141522_1	N/A	25.410	44	122	1.10e-06	50.4
WP_000259031.1	279	k121_1825735_1	N/A	38.028	25	71	1.53e-06	49.7
WP_000259031.1	279	k121_1169565_2	N/A	26.923	56	156	4.22e-06	49.7
WP_000259031.1	279	k121_254584_6	N/A	26.897	51	145	7.22e-06	49.7
WP_000259031.1	279	k121_188604_4	N/A	29.444	60	180	9.73e-06	48.9
WP_000259031.1	279	k121_1611406_1	N/A	32.394	25	71	2.19e-05	46.2
WP_000259031.1	279	k121_1871741_1	N/A	28.636	72	220	2.96e-05	48.1
WP_000259031.1	279	k121_764072_2	N/A	32.743	41	113	4.08e-05	45.8
WP_000259031.1	279	k121_1801765_1	N/A	39.506	29	81	4.49e-05	45.4
WP_000259031.1	279	k121_381518_1	N/A	33.333	24	66	6.42e-05	44.7
WP_000259031.1	279	k121_802193_1	N/A	29.167	42	120	9.66e-05	46.2
WP_000259031.1	279	k121_1882863_2	N/A	35.366	29	82	2.12e-04	44.7
WP_000259031.1	279	k121_1280182_2	N/A	37.097	22	62	6.92e-04	41.6
WP_000259031.1	279	k121_1867221_1	N/A	40.845	25	71	0.002	41.6
WP_001043260.1	271	k121_1672145_2	N/A	100.000	100	271	0.0	528
WP_001043260.1	271	k121_523558_3	N/A	57.955	97	264	2.23e-99	295
WP_001043260.1	271	k121_1547582_6	N/A	50.769	96	260	6.64e-88	265
WP_001043260.1	271	k121_52443_11	N/A	53.516	94	256	2.55e-83	254
WP_001043260.1	271	k121_1783619_19	N/A	39.194	98	273	6.33e-55	181
WP_001043260.1	271	k121_1919968_2	N/A	39.163	94	263	1.30e-49	169
WP_001043260.1	271	k121_1815546_3	N/A	40.000	96	260	1.91e-49	167
WP_001043260.1	271	k121_1658717_2	N/A	39.464	96	261	4.08e-49	166
WP_001043260.1	271	k121_538875_17	N/A	38.550	96	262	4.12e-49	166
WP_001043260.1	271	k121_1818939_11	N/A	36.293	95	259	5.93e-49	166
WP_001043260.1	271	k121_997643_14	N/A	38.806	97	268	5.66e-48	164
WP_001043260.1	271	k121_56321_7	N/A	40.840	96	262	5.81e-48	164
WP_001043260.1	271	k121_824689_1	N/A	39.033	95	269	5.45e-47	162
WP_001043260.1	271	k121_1486961_2	N/A	38.290	95	269	1.40e-46	160
WP_001043260.1	271	k121_1547872_3	N/A	38.077	96	260	2.89e-46	159
WP_001043260.1	271	k121_53268_2	N/A	34.538	91	249	6.86e-46	157
WP_001043260.1	271	k121_712617_55	N/A	37.879	96	264	1.30e-44	155
WP_001043260.1	271	k121_239038_6	N/A	37.786	96	262	2.16e-44	154
WP_001043260.1	271	k121_639460_33	N/A	39.231	96	260	3.06e-44	154
WP_001043260.1	271	k121_1937259_1	N/A	38.697	96	261	4.24e-44	154
WP_001043260.1	271	k121_916789_2	N/A	38.697	96	261	1.39e-43	152
WP_001043260.1	271	k121_1191097_6	N/A	36.940	99	268	1.78e-43	152
WP_001043260.1	271	k121_1118782_14	N/A	33.948	96	271	2.10e-43	152
WP_001043260.1	271	k121_1663616_5	N/A	39.326	97	267	5.77e-43	151
WP_001043260.1	271	k121_227195_15	N/A	38.636	97	264	8.07e-43	150
WP_001043260.1	271	k121_631607_36	N/A	37.308	95	260	1.47e-42	149
WP_001043260.1	271	k121_906116_2	N/A	41.313	95	259	1.75e-42	149
WP_001043260.1	271	k121_1369755_11	N/A	35.878	96	262	2.68e-42	149
WP_001043260.1	271	k121_1789087_21	N/A	36.604	97	265	9.89e-42	147
WP_001043260.1	271	k121_328544_2	N/A	36.122	97	263	1.29e-41	148
WP_001043260.1	271	k121_763734_12	N/A	38.846	96	260	2.53e-41	146
WP_001043260.1	271	k121_1278813_8	N/A	40.385	96	260	2.76e-41	146
WP_001043260.1	271	k121_907250_10	N/A	34.532	97	278	4.12e-41	146
WP_001043260.1	271	k121_1906441_2	N/A	38.403	94	263	5.94e-41	145
WP_001043260.1	271	k121_894563_2	N/A	38.314	96	261	2.77e-40	144
WP_001043260.1	271	k121_309542_2	N/A	37.891	94	256	9.96e-40	142
WP_001043260.1	271	k121_188009_1	N/A	41.860	95	258	1.98e-39	141
WP_001043260.1	271	k121_1687916_2	N/A	35.955	95	267	3.28e-39	141
WP_001043260.1	271	k121_1049557_2	N/A	37.838	95	259	4.12e-39	141
WP_001043260.1	271	k121_530695_1	N/A	36.122	96	263	7.56e-39	140
WP_001043260.1	271	k121_756954_87	N/A	37.453	96	267	7.83e-39	140
WP_001043260.1	271	k121_1597981_3	N/A	33.468	90	248	9.40e-39	139
WP_001043260.1	271	k121_109522_2	N/A	35.714	98	266	1.03e-38	140
WP_001043260.1	271	k121_1799676_2	N/A	35.636	96	275	1.85e-38	139
WP_001043260.1	271	k121_1269340_7	N/A	39.768	95	259	3.58e-38	138
WP_001043260.1	271	k121_338398_2	N/A	37.687	98	268	4.18e-38	138
WP_001043260.1	271	k121_58430_5	N/A	36.032	90	247	7.61e-38	137
WP_001043260.1	271	k121_938963_2	N/A	36.434	95	258	9.55e-38	137
WP_001043260.1	271	k121_934960_3	N/A	34.483	96	261	2.19e-37	136
WP_001043260.1	271	k121_1513030_13	N/A	34.572	95	269	2.45e-37	137
WP_001043260.1	271	k121_1069194_6	N/A	37.838	95	259	4.72e-37	135
WP_001043260.1	271	k121_542092_16	N/A	37.209	95	258	5.72e-37	135
WP_001043260.1	271	k121_249826_34	N/A	33.459	96	266	6.92e-37	135
WP_001043260.1	271	k121_163209_2	N/A	38.113	97	265	7.42e-37	135
WP_001043260.1	271	k121_283640_91	N/A	38.492	90	252	1.96e-36	135
WP_001043260.1	271	k121_580781_2	N/A	35.249	91	261	2.66e-36	134
WP_001043260.1	271	k121_1683098_1	N/A	31.179	96	263	4.37e-36	133
WP_001043260.1	271	k121_1541956_2	N/A	38.710	79	217	5.70e-36	130
WP_001043260.1	271	k121_1602105_1	N/A	33.725	93	255	8.50e-36	133
WP_001043260.1	271	k121_1029501_3	N/A	36.232	97	276	2.23e-35	132
WP_001043260.1	271	k121_987244_1	N/A	33.955	97	268	3.07e-35	132
WP_001043260.1	271	k121_759598_4	N/A	37.500	91	264	4.68e-35	134
WP_001043260.1	271	k121_549169_2	N/A	32.075	97	265	4.82e-35	130
WP_001043260.1	271	k121_1120670_2	N/A	36.154	95	260	1.12e-34	129
WP_001043260.1	271	k121_1436112_15	N/A	36.564	81	227	1.32e-34	130
WP_001043260.1	271	k121_1561456_8	N/A	32.342	97	269	1.37e-34	129
WP_001043260.1	271	k121_340185_2	N/A	34.100	96	261	2.56e-34	128
WP_001043260.1	271	k121_1393511_2	N/A	38.722	95	266	2.79e-34	128
WP_001043260.1	271	k121_1608857_12	N/A	39.269	80	219	5.34e-34	128
WP_001043260.1	271	k121_775626_2	N/A	37.109	94	256	6.36e-34	127
WP_001043260.1	271	k121_933915_3	N/A	34.426	90	244	6.98e-34	127
WP_001043260.1	271	k121_958860_2	N/A	30.502	94	259	9.04e-34	126
WP_001043260.1	271	k121_1249653_2	N/A	36.882	95	263	9.19e-34	127
WP_001043260.1	271	k121_132653_14	N/A	38.492	90	252	1.23e-33	127
WP_001043260.1	271	k121_1767936_2	N/A	31.884	96	276	2.16e-33	126
WP_001043260.1	271	k121_788700_2	N/A	37.308	94	260	2.25e-33	125
WP_001043260.1	271	k121_1841199_2	N/A	34.263	91	251	2.46e-33	129
WP_001043260.1	271	k121_126072_2	N/A	36.910	85	233	2.50e-33	125
WP_001043260.1	271	k121_61729_1	N/A	34.201	97	269	2.88e-33	126
WP_001043260.1	271	k121_1836810_5	N/A	34.100	96	261	3.47e-33	125
WP_001043260.1	271	k121_1642002_11	N/A	36.486	81	222	1.53e-32	124
WP_001043260.1	271	k121_772337_3	N/A	33.333	98	282	1.70e-32	124
WP_001043260.1	271	k121_902312_4	N/A	34.800	90	250	3.72e-32	123
WP_001043260.1	271	k121_1884592_3	N/A	30.534	95	262	9.64e-32	121
WP_001043260.1	271	k121_549668_2	N/A	33.462	92	260	1.25e-31	120
WP_001043260.1	271	k121_1455515_37	N/A	32.482	97	274	1.46e-31	122
WP_001043260.1	271	k121_1036662_9	N/A	26.415	97	265	2.19e-31	120
WP_001043260.1	271	k121_547337_1	N/A	38.500	71	200	6.82e-31	121
WP_001043260.1	271	k121_560248_1	N/A	41.916	61	167	8.58e-31	116
WP_001043260.1	271	k121_1548817_5	N/A	32.197	92	264	1.74e-30	119
WP_001043260.1	271	k121_1407070_3	N/A	36.154	91	260	1.95e-30	118
WP_001043260.1	271	k121_64371_40	N/A	33.080	96	263	2.06e-30	118
WP_001043260.1	271	k121_497754_7	N/A	31.698	96	265	1.33e-29	116
WP_001043260.1	271	k121_965020_1	N/A	32.083	87	240	1.64e-29	115
WP_001043260.1	271	k121_1382873_4	N/A	31.474	91	251	2.17e-29	115
WP_001043260.1	271	k121_1463830_2	N/A	28.731	96	268	2.53e-29	117
WP_001043260.1	271	k121_1263172_65	N/A	28.244	96	262	3.49e-29	115
WP_001043260.1	271	k121_739831_3	N/A	32.955	96	264	8.76e-29	114
WP_001043260.1	271	k121_796313_7	N/A	30.435	91	253	1.59e-28	113
WP_001043260.1	271	k121_1715508_1	N/A	37.500	85	232	2.99e-28	111
WP_001043260.1	271	k121_1719727_2	N/A	30.566	92	265	3.74e-28	112
WP_001043260.1	271	k121_718825_4	N/A	35.841	81	226	7.38e-28	112
WP_001043260.1	271	k121_916892_3	N/A	35.231	96	281	1.53e-27	111
WP_001043260.1	271	k121_657593_2	N/A	27.925	96	265	2.36e-27	110
WP_001043260.1	271	k121_1212961_2	N/A	38.655	87	238	2.52e-27	109
WP_001043260.1	271	k121_386820_2	N/A	27.547	96	265	3.17e-27	109
WP_001043260.1	271	k121_176702_18	N/A	29.588	97	267	3.21e-27	111
WP_001043260.1	271	k121_1945232_2	N/A	35.238	76	210	6.46e-27	107
WP_001043260.1	271	k121_42160_2	N/A	31.698	95	265	9.70e-27	108
WP_001043260.1	271	k121_1861574_1	N/A	26.515	96	264	1.23e-26	108
WP_001043260.1	271	k121_563600_39	N/A	28.063	92	253	2.54e-26	107
WP_001043260.1	271	k121_432728_16	N/A	28.302	96	265	7.76e-26	106
WP_001043260.1	271	k121_1139669_8	N/A	25.600	91	250	7.89e-26	106
WP_001043260.1	271	k121_35937_4	N/A	29.365	91	252	8.41e-26	105
WP_001043260.1	271	k121_1094069_26	N/A	33.456	98	272	1.14e-25	106
WP_001043260.1	271	k121_1593313_1	N/A	33.462	96	260	2.73e-25	105
WP_001043260.1	271	k121_151719_1	N/A	40.816	70	196	4.16e-25	104
WP_001043260.1	271	k121_1753078_9	N/A	32.707	97	266	8.32e-25	105
WP_001043260.1	271	k121_1842278_1	N/A	28.395	89	243	1.06e-24	102
WP_001043260.1	271	k121_1010180_4	N/A	29.719	91	249	1.42e-24	102
WP_001043260.1	271	k121_1906584_3	N/A	34.733	90	262	4.43e-24	102
WP_001043260.1	271	k121_1969393_20	N/A	31.076	90	251	9.19e-24	101
WP_001043260.1	271	k121_855578_1	N/A	30.435	86	253	1.30e-23	99.8
WP_001043260.1	271	k121_1032618_1	N/A	33.488	78	215	1.86e-23	99.0
WP_001043260.1	271	k121_1867513_1	N/A	27.016	90	248	3.97e-23	99.4
WP_001043260.1	271	k121_1836871_2	N/A	27.888	91	251	1.28e-22	97.4
WP_001043260.1	271	k121_1511298_35	N/A	26.592	97	267	1.57e-22	97.4
WP_001043260.1	271	k121_923278_2	N/A	27.068	96	266	2.65e-22	96.7
WP_001043260.1	271	k121_208545_6	N/A	28.685	90	251	3.29e-22	96.7
WP_001043260.1	271	k121_603007_3	N/A	29.150	87	247	4.45e-22	95.5
WP_001043260.1	271	k121_1430881_3	N/A	28.295	93	258	6.89e-22	95.5
WP_001043260.1	271	k121_1393657_1	N/A	30.047	77	213	8.05e-22	94.4
WP_001043260.1	271	k121_1931208_3	N/A	32.661	90	248	8.49e-22	95.9
WP_001043260.1	271	k121_1941592_1	N/A	34.310	84	239	1.42e-21	94.0
WP_001043260.1	271	k121_1754265_5	N/A	31.298	90	262	1.52e-21	96.3
WP_001043260.1	271	k121_285319_15	N/A	27.925	95	265	2.69e-21	93.6
WP_001043260.1	271	k121_479609_3	N/A	29.944	64	177	3.04e-21	92.0
WP_001043260.1	271	k121_996837_2	N/A	29.048	76	210	3.61e-21	92.4
WP_001043260.1	271	k121_801039_3	N/A	33.457	97	269	9.26e-21	92.8
WP_001043260.1	271	k121_26871_2	N/A	29.804	91	255	9.66e-21	92.4
WP_001043260.1	271	k121_1801388_1	N/A	35.329	62	167	2.98e-20	88.6
WP_001043260.1	271	k121_741992_4	N/A	57.746	26	71	4.71e-20	85.1
WP_001043260.1	271	k121_678636_14	N/A	25.954	96	262	1.24e-19	89.7
WP_001043260.1	271	k121_207341_3	N/A	33.333	51	141	2.51e-19	86.7
WP_001043260.1	271	k121_1213741_1	N/A	32.110	75	218	4.85e-19	87.0
WP_001043260.1	271	k121_1134809_2	N/A	26.471	87	238	5.16e-19	87.0
WP_001043260.1	271	k121_49878_2	N/A	33.778	80	225	1.37e-18	87.0
WP_001043260.1	271	k121_466775_1	N/A	38.384	37	99	1.52e-18	83.6
WP_001043260.1	271	k121_745156_1	N/A	43.089	45	123	3.94e-18	82.4
WP_001043260.1	271	k121_142317_2	N/A	33.143	64	175	1.47e-17	84.3
WP_001043260.1	271	k121_1497531_8	N/A	27.941	95	272	1.87e-17	84.0
WP_001043260.1	271	k121_1016606_30	N/A	30.469	91	256	2.17e-17	84.0
WP_001043260.1	271	k121_1700557_2	N/A	29.924	80	264	2.22e-17	84.3
WP_001043260.1	271	k121_1792742_11	N/A	30.189	96	265	3.17e-17	83.2
WP_001043260.1	271	k121_38631_1	N/A	32.065	62	184	4.01e-17	80.9
WP_001043260.1	271	k121_1384215_2	N/A	30.270	68	185	2.98e-16	78.6
WP_001043260.1	271	k121_1669503_2	N/A	29.064	73	203	5.71e-16	78.2
WP_001043260.1	271	k121_1611406_1	N/A	44.444	30	81	1.03e-15	74.3
WP_001043260.1	271	k121_1085599_1	N/A	31.481	96	270	1.68e-15	78.6
WP_001043260.1	271	k121_381518_1	N/A	44.444	30	81	1.93e-15	73.6
WP_001043260.1	271	k121_813414_1	N/A	32.474	71	194	2.08e-15	76.3
WP_001043260.1	271	k121_1764203_4	N/A	32.283	46	127	3.62e-15	75.1
WP_001043260.1	271	k121_1882863_2	N/A	41.935	34	93	1.57e-14	73.2
WP_001043260.1	271	k121_460158_16	N/A	28.497	69	193	2.74e-14	73.6
WP_001043260.1	271	k121_1786985_29	N/A	28.346	90	254	5.08e-14	74.7
WP_001043260.1	271	k121_1161236_1	N/A	50.000	24	64	6.86e-14	68.6
WP_001043260.1	271	k121_927466_3	N/A	33.019	38	106	3.22e-13	68.6
WP_001043260.1	271	k121_190218_3	N/A	43.119	38	109	2.66e-12	67.0
WP_001043260.1	271	k121_1871741_1	N/A	31.481	75	216	8.82e-12	67.0
WP_001043260.1	271	k121_1054478_3	N/A	27.957	64	186	1.51e-11	65.9
WP_001043260.1	271	k121_273857_2	N/A	40.777	38	103	7.94e-11	61.6
WP_001043260.1	271	k121_1962747_1	N/A	29.688	46	128	1.09e-10	62.8
WP_001043260.1	271	k121_1383361_1	N/A	34.951	36	103	1.10e-10	61.6
WP_001043260.1	271	k121_1400165_1	N/A	32.749	63	171	1.18e-10	62.8
WP_001043260.1	271	k121_1019416_1	N/A	37.374	34	99	1.86e-10	60.8
WP_001043260.1	271	k121_1280182_2	N/A	48.333	22	60	2.17e-10	59.3
WP_001043260.1	271	k121_277985_2	N/A	30.579	44	121	5.96e-10	60.1
WP_001043260.1	271	k121_1469982_1	N/A	30.769	64	182	1.19e-09	60.1
WP_001043260.1	271	k121_254584_6	N/A	29.121	65	182	1.31e-09	60.1
WP_001043260.1	271	k121_902170_2	N/A	41.304	34	92	1.38e-09	58.2
WP_001043260.1	271	k121_1867221_1	N/A	48.649	27	74	1.83e-09	58.9
WP_001043260.1	271	k121_1825735_1	N/A	39.130	25	69	6.15e-08	53.5
WP_001043260.1	271	k121_871650_2	N/A	26.946	61	167	7.52e-08	55.1
WP_001043260.1	271	k121_981555_3	N/A	34.127	45	126	9.65e-08	53.5
WP_001043260.1	271	k121_1952313_1	N/A	47.458	20	59	1.51e-07	54.7
WP_001043260.1	271	k121_633258_1	N/A	30.994	62	171	1.85e-07	53.9
WP_001043260.1	271	k121_1685939_2	N/A	26.633	72	199	2.27e-07	53.9
WP_001043260.1	271	k121_18348_1	N/A	27.439	60	164	3.97e-07	52.8
WP_001043260.1	271	k121_539243_2	N/A	32.237	56	152	7.68e-07	53.5
WP_001043260.1	271	k121_1676478_2	N/A	29.384	74	211	9.47e-07	52.4
WP_001043260.1	271	k121_1169565_2	N/A	29.371	52	143	1.70e-06	50.4
WP_001043260.1	271	k121_581902_1	N/A	49.057	20	53	2.50e-06	47.8
WP_001043260.1	271	k121_1247606_1	N/A	27.778	46	126	3.70e-06	50.4
WP_001043260.1	271	k121_1358373_3	N/A	36.264	34	91	3.81e-06	48.5
WP_001043260.1	271	k121_1141522_1	N/A	29.630	40	108	7.45e-06	48.1
WP_001043260.1	271	k121_188604_4	N/A	33.529	60	170	1.30e-05	48.5
WP_001043260.1	271	k121_1280644_2	N/A	26.875	56	160	1.26e-04	45.4
WP_001043260.1	271	k121_802193_1	N/A	26.984	68	189	0.001	43.1
WP_001043260.1	271	k121_764072_2	N/A	31.325	31	83	0.011	38.9
WP_001043260.1	271	k121_1474279_2	N/A	32.258	33	93	0.036	38.9
WP_001043260.1	271	k121_1801765_1	N/A	32.927	30	82	0.071	36.2
WP_000034420.1	263	k121_1547582_6	N/A	60.392	97	255	2.10e-110	322
WP_000034420.1	263	k121_523558_3	N/A	46.693	97	257	5.99e-81	247
WP_000034420.1	263	k121_1672145_2	N/A	52.124	98	259	2.93e-80	246
WP_000034420.1	263	k121_52443_11	N/A	43.182	100	264	7.10e-78	240
WP_000034420.1	263	k121_1547872_3	N/A	41.923	98	260	2.82e-58	190
WP_000034420.1	263	k121_1783619_19	N/A	42.045	98	264	3.03e-58	189
WP_000034420.1	263	k121_1815546_3	N/A	39.695	99	262	4.01e-58	189
WP_000034420.1	263	k121_1906441_2	N/A	40.541	98	259	5.87e-57	186
WP_000034420.1	263	k121_1818939_11	N/A	39.464	98	261	9.82e-57	185
WP_000034420.1	263	k121_538875_17	N/A	39.163	98	263	8.57e-54	178
WP_000034420.1	263	k121_1919968_2	N/A	38.314	98	261	1.21e-53	179
WP_000034420.1	263	k121_1789087_21	N/A	38.372	98	258	2.27e-53	177
WP_000034420.1	263	k121_53268_2	N/A	39.442	94	251	1.20e-52	174
WP_000034420.1	263	k121_902312_4	N/A	37.879	99	264	1.72e-51	173
WP_000034420.1	263	k121_639460_33	N/A	40.840	98	262	2.50e-51	172
WP_000034420.1	263	k121_763734_12	N/A	39.231	98	260	1.78e-50	169
WP_000034420.1	263	k121_239038_6	N/A	38.610	98	259	3.50e-50	169
WP_000034420.1	263	k121_56321_7	N/A	36.293	98	259	1.89e-49	168
WP_000034420.1	263	k121_906116_2	N/A	40.000	98	260	4.63e-49	166
WP_000034420.1	263	k121_188009_1	N/A	42.692	98	260	5.99e-49	166
WP_000034420.1	263	k121_1278813_8	N/A	39.847	98	261	8.60e-49	166
WP_000034420.1	263	k121_1663616_5	N/A	37.931	98	261	1.21e-48	165
WP_000034420.1	263	k121_163209_2	N/A	42.146	98	261	1.23e-48	165
WP_000034420.1	263	k121_775626_2	N/A	39.015	99	264	1.43e-48	165
WP_000034420.1	263	k121_1191097_6	N/A	38.224	98	259	2.98e-48	164
WP_000034420.1	263	k121_1120670_2	N/A	36.398	99	261	6.00e-48	164
WP_000034420.1	263	k121_631607_36	N/A	36.364	99	264	7.33e-48	163
WP_000034420.1	263	k121_1658717_2	N/A	35.907	98	259	1.67e-47	162
WP_000034420.1	263	k121_1049557_2	N/A	34.340	99	265	2.31e-47	162
WP_000034420.1	263	k121_530695_1	N/A	36.364	98	264	2.34e-47	162
WP_000034420.1	263	k121_309542_2	N/A	35.000	99	260	6.01e-47	161
WP_000034420.1	263	k121_1118782_14	N/A	34.201	98	269	6.32e-47	161
WP_000034420.1	263	k121_997643_14	N/A	36.803	99	269	7.24e-47	161
WP_000034420.1	263	k121_916789_2	N/A	38.697	98	261	1.15e-46	160
WP_000034420.1	263	k121_109522_2	N/A	36.398	98	261	3.42e-46	159
WP_000034420.1	263	k121_328544_2	N/A	35.361	99	263	5.77e-46	159
WP_000034420.1	263	k121_227195_15	N/A	36.364	99	264	6.24e-46	158
WP_000034420.1	263	k121_907250_10	N/A	34.182	99	275	9.22e-46	158
WP_000034420.1	263	k121_580781_2	N/A	33.071	94	254	1.69e-45	157
WP_000034420.1	263	k121_1393511_2	N/A	35.985	99	264	2.29e-45	157
WP_000034420.1	263	k121_938963_2	N/A	37.358	99	265	7.01e-45	155
WP_000034420.1	263	k121_1937259_1	N/A	36.015	98	261	8.98e-45	155
WP_000034420.1	263	k121_1486961_2	N/A	34.307	99	274	3.86e-44	154
WP_000034420.1	263	k121_1369755_11	N/A	35.632	98	261	5.49e-44	153
WP_000034420.1	263	k121_1687916_2	N/A	34.944	99	269	6.40e-44	153
WP_000034420.1	263	k121_1602105_1	N/A	33.071	96	254	6.88e-44	154
WP_000034420.1	263	k121_1269340_7	N/A	39.163	99	263	9.36e-44	152
WP_000034420.1	263	k121_824689_1	N/A	35.401	99	274	9.49e-44	153
WP_000034420.1	263	k121_1069194_6	N/A	36.502	99	263	4.64e-43	150
WP_000034420.1	263	k121_1513030_13	N/A	35.897	99	273	4.92e-43	152
WP_000034420.1	263	k121_340185_2	N/A	34.483	99	261	2.22e-42	149
WP_000034420.1	263	k121_712617_55	N/A	34.848	98	264	2.93e-42	149
WP_000034420.1	263	k121_1249653_2	N/A	36.122	100	263	3.07e-42	149
WP_000034420.1	263	k121_1836810_5	N/A	34.100	99	261	4.37e-42	149
WP_000034420.1	263	k121_1683098_1	N/A	32.331	99	266	5.01e-42	148
WP_000034420.1	263	k121_1597981_3	N/A	34.981	98	263	5.29e-42	147
WP_000034420.1	263	k121_934960_3	N/A	33.835	99	266	6.13e-42	148
WP_000034420.1	263	k121_933915_3	N/A	33.716	98	261	1.35e-41	146
WP_000034420.1	263	k121_1841199_2	N/A	36.260	97	262	5.03e-41	149
WP_000034420.1	263	k121_126072_2	N/A	34.468	88	235	1.27e-40	144
WP_000034420.1	263	k121_338398_2	N/A	35.249	98	261	1.42e-40	144
WP_000034420.1	263	k121_1212961_2	N/A	37.805	93	246	1.48e-40	143
WP_000034420.1	263	k121_1642002_11	N/A	35.361	98	263	1.89e-40	144
WP_000034420.1	263	k121_1541956_2	N/A	37.383	81	214	4.64e-40	141
WP_000034420.1	263	k121_249826_34	N/A	32.463	98	268	5.07e-40	143
WP_000034420.1	263	k121_987244_1	N/A	32.576	98	264	5.20e-40	144
WP_000034420.1	263	k121_1561456_8	N/A	32.959	98	267	1.11e-39	142
WP_000034420.1	263	k121_283640_91	N/A	36.694	94	248	1.28e-39	144
WP_000034420.1	263	k121_549169_2	N/A	34.091	98	264	2.44e-39	141
WP_000034420.1	263	k121_1799676_2	N/A	33.096	99	281	2.94e-39	141
WP_000034420.1	263	k121_759598_4	N/A	33.813	99	278	3.65e-39	145
WP_000034420.1	263	k121_61729_1	N/A	34.231	98	260	6.18e-39	140
WP_000034420.1	263	k121_542092_16	N/A	32.824	98	262	6.25e-39	140
WP_000034420.1	263	k121_756954_87	N/A	32.830	98	265	9.79e-39	140
WP_000034420.1	263	k121_42160_2	N/A	31.395	96	258	3.02e-38	138
WP_000034420.1	263	k121_788700_2	N/A	35.907	98	259	4.76e-38	137
WP_000034420.1	263	k121_1767936_2	N/A	34.657	99	277	9.24e-38	137
WP_000034420.1	263	k121_1463830_2	N/A	31.835	99	267	1.41e-37	138
WP_000034420.1	263	k121_1455515_37	N/A	32.472	99	271	3.57e-37	136
WP_000034420.1	263	k121_58430_5	N/A	31.418	98	261	1.06e-36	134
WP_000034420.1	263	k121_1029501_3	N/A	33.088	98	272	1.32e-36	135
WP_000034420.1	263	k121_560248_1	N/A	39.157	62	166	1.40e-36	130
WP_000034420.1	263	k121_1593313_1	N/A	33.840	99	263	1.79e-36	134
WP_000034420.1	263	k121_549668_2	N/A	36.398	96	261	5.45e-36	132
WP_000034420.1	263	k121_894563_2	N/A	31.818	99	264	6.33e-36	133
WP_000034420.1	263	k121_1382873_4	N/A	33.846	97	260	1.56e-35	131
WP_000034420.1	263	k121_151719_1	N/A	40.206	73	194	1.99e-34	128
WP_000034420.1	263	k121_176702_18	N/A	30.534	99	262	2.22e-34	130
WP_000034420.1	263	k121_132653_14	N/A	34.538	94	249	2.78e-34	128
WP_000034420.1	263	k121_35937_4	N/A	34.241	94	257	6.86e-34	126
WP_000034420.1	263	k121_772337_3	N/A	30.072	99	276	1.32e-33	127
WP_000034420.1	263	k121_1263172_65	N/A	29.771	98	262	1.92e-32	123
WP_000034420.1	263	k121_1945232_2	N/A	36.000	75	200	1.96e-32	122
WP_000034420.1	263	k121_64371_40	N/A	32.830	98	265	2.85e-32	123
WP_000034420.1	263	k121_1548817_5	N/A	31.095	98	283	3.13e-32	123
WP_000034420.1	263	k121_26871_2	N/A	31.698	98	265	1.23e-31	121
WP_000034420.1	263	k121_1719727_2	N/A	30.769	98	273	3.63e-31	120
WP_000034420.1	263	k121_1969393_20	N/A	32.197	98	264	6.02e-31	120
WP_000034420.1	263	k121_1094069_26	N/A	32.959	99	267	6.63e-31	120
WP_000034420.1	263	k121_718825_4	N/A	31.599	97	269	1.07e-30	119
WP_000034420.1	263	k121_1436112_15	N/A	31.522	99	276	1.54e-30	119
WP_000034420.1	263	k121_432728_16	N/A	31.679	98	262	3.23e-30	117
WP_000034420.1	263	k121_497754_7	N/A	30.534	98	262	3.71e-30	117
WP_000034420.1	263	k121_1036662_9	N/A	30.303	98	264	3.83e-30	117
WP_000034420.1	263	k121_1608857_12	N/A	35.514	80	214	4.71e-30	117
WP_000034420.1	263	k121_958860_2	N/A	32.830	98	265	7.97e-30	115
WP_000034420.1	263	k121_386820_2	N/A	32.210	99	267	1.12e-29	115
WP_000034420.1	263	k121_657593_2	N/A	31.203	99	266	1.58e-29	115
WP_000034420.1	263	k121_801039_3	N/A	33.209	99	268	2.16e-29	115
WP_000034420.1	263	k121_285319_15	N/A	32.432	97	259	6.78e-29	113
WP_000034420.1	263	k121_1715508_1	N/A	34.483	87	232	7.11e-29	112
WP_000034420.1	263	k121_563600_39	N/A	31.076	94	251	8.35e-29	114
WP_000034420.1	263	k121_208545_6	N/A	30.116	97	259	1.95e-28	113
WP_000034420.1	263	k121_855578_1	N/A	30.081	87	246	2.99e-28	111
WP_000034420.1	263	k121_1801388_1	N/A	40.000	62	165	4.86e-28	108
WP_000034420.1	263	k121_1884592_3	N/A	31.907	96	257	7.14e-28	110
WP_000034420.1	263	k121_965020_1	N/A	32.258	93	248	7.18e-28	110
WP_000034420.1	263	k121_923278_2	N/A	29.389	97	262	2.64e-27	110
WP_000034420.1	263	k121_1134809_2	N/A	34.934	85	229	5.60e-27	108
WP_000034420.1	263	k121_1407070_3	N/A	30.403	98	273	6.75e-27	108
WP_000034420.1	263	k121_916892_3	N/A	31.560	99	282	8.21e-27	109
WP_000034420.1	263	k121_1139669_8	N/A	29.389	98	262	1.15e-26	108
WP_000034420.1	263	k121_1836871_2	N/A	28.295	97	258	1.28e-26	108
WP_000034420.1	263	k121_1010180_4	N/A	29.924	99	264	3.53e-26	106
WP_000034420.1	263	k121_1753078_9	N/A	28.517	99	263	3.78e-26	108
WP_000034420.1	263	k121_796313_7	N/A	28.625	97	269	5.85e-26	106
WP_000034420.1	263	k121_1867513_1	N/A	33.465	94	254	7.17e-26	106
WP_000034420.1	263	k121_1906584_3	N/A	31.047	98	277	1.22e-25	105
WP_000034420.1	263	k121_547337_1	N/A	32.308	72	195	1.55e-25	107
WP_000034420.1	263	k121_1861574_1	N/A	28.302	99	265	3.31e-25	103
WP_000034420.1	263	k121_466775_1	N/A	39.200	47	125	5.31e-25	100
WP_000034420.1	263	k121_603007_3	N/A	29.185	87	233	5.49e-25	102
WP_000034420.1	263	k121_142317_2	N/A	35.754	67	179	5.96e-25	104
WP_000034420.1	263	k121_1842278_1	N/A	31.174	92	247	8.27e-25	102
WP_000034420.1	263	k121_460158_16	N/A	34.951	77	206	1.46e-24	100
WP_000034420.1	263	k121_1792742_11	N/A	29.961	97	257	1.61e-24	102
WP_000034420.1	263	k121_1931208_3	N/A	31.061	99	264	1.70e-24	102
WP_000034420.1	263	k121_1032618_1	N/A	31.944	81	216	9.90e-24	99.4
WP_000034420.1	263	k121_1384215_2	N/A	33.862	71	189	1.26e-23	97.8
WP_000034420.1	263	k121_1754265_5	N/A	26.568	95	271	2.62e-23	100
WP_000034420.1	263	k121_739831_3	N/A	29.924	98	264	3.01e-23	99.0
WP_000034420.1	263	k121_813414_1	N/A	33.005	75	203	4.72e-23	96.7
WP_000034420.1	263	k121_678636_14	N/A	28.839	98	267	4.75e-23	98.6
WP_000034420.1	263	k121_745156_1	N/A	44.355	47	124	6.38e-23	94.7
WP_000034420.1	263	k121_49878_2	N/A	33.486	82	218	1.95e-22	97.4
WP_000034420.1	263	k121_1430881_3	N/A	27.778	97	270	1.15e-21	94.7
WP_000034420.1	263	k121_1511298_35	N/A	30.418	98	263	3.47e-21	93.6
WP_000034420.1	263	k121_1700557_2	N/A	26.861	98	309	3.51e-20	92.0
WP_000034420.1	263	k121_996837_2	N/A	32.719	81	217	4.68e-20	89.4
WP_000034420.1	263	k121_207341_3	N/A	35.200	47	125	5.26e-20	88.2
WP_000034420.1	263	k121_1786985_29	N/A	29.134	94	254	8.24e-20	90.9
WP_000034420.1	263	k121_479609_3	N/A	30.508	66	177	9.75e-20	87.8
WP_000034420.1	263	k121_741992_4	N/A	54.167	27	72	1.16e-19	84.0
WP_000034420.1	263	k121_1016606_30	N/A	26.966	97	267	2.38e-19	89.0
WP_000034420.1	263	k121_1941592_1	N/A	29.412	86	238	5.73e-19	86.7
WP_000034420.1	263	k121_1085599_1	N/A	31.203	98	266	9.38e-19	87.4
WP_000034420.1	263	k121_277985_2	N/A	39.831	44	118	4.62e-18	81.6
WP_000034420.1	263	k121_1054478_3	N/A	29.381	70	194	8.11e-18	82.8
WP_000034420.1	263	k121_1497531_8	N/A	27.184	77	206	1.93e-17	83.6
WP_000034420.1	263	k121_1400165_1	N/A	31.977	65	172	8.01e-17	79.3
WP_000034420.1	263	k121_1669503_2	N/A	30.542	76	203	1.74e-16	79.3
WP_000034420.1	263	k121_1764203_4	N/A	33.333	47	126	3.15e-16	77.8
WP_000034420.1	263	k121_1685939_2	N/A	29.493	80	217	9.17e-16	77.4
WP_000034420.1	263	k121_1213741_1	N/A	28.638	74	213	1.30e-15	77.4
WP_000034420.1	263	k121_1393657_1	N/A	26.244	79	221	1.60e-15	77.0
WP_000034420.1	263	k121_38631_1	N/A	30.055	64	183	2.02e-15	76.3
WP_000034420.1	263	k121_927466_3	N/A	38.462	39	104	2.07e-15	74.3
WP_000034420.1	263	k121_381518_1	N/A	41.975	31	81	2.24e-15	73.2
WP_000034420.1	263	k121_871650_2	N/A	30.270	70	185	3.53e-15	75.5
WP_000034420.1	263	k121_1611406_1	N/A	42.500	30	80	1.83e-14	70.9
WP_000034420.1	263	k121_1676478_2	N/A	28.218	75	202	2.36e-14	73.6
WP_000034420.1	263	k121_1247606_1	N/A	29.134	48	127	3.35e-14	72.8
WP_000034420.1	263	k121_273857_2	N/A	38.053	43	113	3.68e-14	70.9
WP_000034420.1	263	k121_1882863_2	N/A	41.935	35	93	5.93e-14	71.6
WP_000034420.1	263	k121_1161236_1	N/A	48.438	24	64	1.37e-13	67.8
WP_000034420.1	263	k121_902170_2	N/A	39.216	38	102	1.62e-13	68.6
WP_000034420.1	263	k121_1469982_1	N/A	27.976	62	168	2.15e-13	70.5
WP_000034420.1	263	k121_1141522_1	N/A	35.000	46	120	2.57e-13	68.6
WP_000034420.1	263	k121_254584_6	N/A	32.804	69	189	9.29e-13	68.9
WP_000034420.1	263	k121_1867221_1	N/A	42.857	29	77	4.72e-12	65.9
WP_000034420.1	263	k121_188604_4	N/A	30.723	62	166	5.24e-12	66.2
WP_000034420.1	263	k121_633258_1	N/A	25.731	64	171	7.26e-12	65.9
WP_000034420.1	263	k121_802193_1	N/A	27.273	70	187	7.31e-12	66.2
WP_000034420.1	263	k121_18348_1	N/A	29.518	62	166	9.80e-11	62.8
WP_000034420.1	263	k121_190218_3	N/A	32.743	41	113	5.33e-10	60.5
WP_000034420.1	263	k121_1358373_3	N/A	35.294	39	102	5.72e-10	58.9
WP_000034420.1	263	k121_1383361_1	N/A	33.010	37	103	7.87e-10	59.3
WP_000034420.1	263	k121_1019416_1	N/A	36.458	35	96	1.51e-09	58.2
WP_000034420.1	263	k121_1871741_1	N/A	30.275	77	218	2.17e-09	60.1
WP_000034420.1	263	k121_1962747_1	N/A	28.873	52	142	2.21e-09	58.9
WP_000034420.1	263	k121_1825735_1	N/A	33.333	27	72	1.01e-08	55.5
WP_000034420.1	263	k121_981555_3	N/A	34.545	41	110	7.95e-08	53.5
WP_000034420.1	263	k121_1280182_2	N/A	38.710	24	62	2.51e-07	50.8
WP_000034420.1	263	k121_539243_2	N/A	31.373	58	153	3.02e-07	54.7
WP_000034420.1	263	k121_1280644_2	N/A	23.669	58	169	4.19e-07	52.8
WP_000034420.1	263	k121_1169565_2	N/A	25.974	59	154	2.74e-06	50.1
WP_000034420.1	263	k121_764072_2	N/A	33.696	34	92	2.67e-05	46.2
WP_000034420.1	263	k121_337125_3	N/A	35.000	21	60	0.007	38.5
WP_000845048.1	337	k121_1247751_1	N/A	100.000	100	337	0.0	683
WP_000845048.1	337	k121_46583_2	N/A	76.562	95	320	0.0	512
WP_000845048.1	337	k121_1184266_3	N/A	69.725	97	327	1.78e-164	466
WP_000845048.1	337	k121_1521364_1	N/A	70.062	96	324	3.83e-163	462
WP_000845048.1	337	k121_177633_1	N/A	66.055	97	327	4.25e-154	439
WP_000845048.1	337	k121_809343_3	N/A	63.804	96	326	1.85e-148	424
WP_000845048.1	337	k121_1003236_2	N/A	65.839	96	322	4.94e-148	426
WP_000845048.1	337	k121_1330386_8	N/A	63.050	95	341	4.48e-146	421
WP_000845048.1	337	k121_1766925_2	N/A	61.774	97	327	3.09e-143	412
WP_000845048.1	337	k121_1057310_2	N/A	64.583	98	336	4.45e-141	409
WP_000845048.1	337	k121_933398_3	N/A	62.975	94	316	1.11e-140	405
WP_000845048.1	337	k121_819578_3	N/A	61.631	96	331	9.58e-140	404
WP_000845048.1	337	k121_399376_7	N/A	61.180	96	322	9.25e-138	397
WP_000845048.1	337	k121_1684934_10	N/A	61.920	94	323	1.21e-136	397
WP_000845048.1	337	k121_1922305_1	N/A	59.810	94	316	2.48e-133	385
WP_000845048.1	337	k121_1106986_1	N/A	59.574	98	329	3.85e-133	387
WP_000845048.1	337	k121_946324_11	N/A	59.561	95	319	7.97e-133	385
WP_000845048.1	337	k121_923608_6	N/A	57.576	98	330	1.57e-131	381
WP_000845048.1	337	k121_1623551_1	N/A	59.394	98	330	4.02e-130	378
WP_000845048.1	337	k121_1553019_1	N/A	59.177	94	316	3.87e-129	375
WP_000845048.1	337	k121_1145524_9	N/A	60.377	94	318	1.50e-128	374
WP_000845048.1	337	k121_288329_3	N/A	55.963	97	327	2.64e-127	370
WP_000845048.1	337	k121_618889_2	N/A	69.478	74	249	2.47e-124	361
WP_000845048.1	337	k121_960860_2	N/A	60.510	93	314	4.25e-124	363
WP_000845048.1	337	k121_142425_1	N/A	58.521	91	311	4.60e-124	362
WP_000845048.1	337	k121_312519_1	N/A	58.385	96	322	3.76e-123	362
WP_000845048.1	337	k121_274711_1	N/A	56.289	94	318	1.27e-121	356
WP_000845048.1	337	k121_1626128_2	N/A	55.422	97	332	1.74e-120	353
WP_000845048.1	337	k121_1602583_1	N/A	55.836	94	317	1.09e-116	343
WP_000845048.1	337	k121_1132347_2	N/A	70.168	71	238	1.01e-114	336
WP_000845048.1	337	k121_1909252_1	N/A	55.696	94	316	3.24e-114	338
WP_000845048.1	337	k121_1033153_4	N/A	54.062	95	320	4.48e-114	338
WP_000845048.1	337	k121_1342179_5	N/A	53.185	93	314	9.32e-114	336
WP_000845048.1	337	k121_781448_2	N/A	56.211	94	322	3.74e-113	335
WP_000845048.1	337	k121_1577026_1	N/A	57.093	85	289	5.89e-113	333
WP_000845048.1	337	k121_473159_1	N/A	53.231	96	325	3.35e-110	327
WP_000845048.1	337	k121_356130_1	N/A	60.153	77	261	7.31e-110	324
WP_000845048.1	337	k121_566710_3	N/A	53.968	93	315	1.08e-109	326
WP_000845048.1	337	k121_572329_6	N/A	50.155	96	323	2.96e-108	322
WP_000845048.1	337	k121_1567466_1	N/A	67.421	66	221	1.44e-106	314
WP_000845048.1	337	k121_1168038_2	N/A	51.899	94	316	2.53e-106	317
WP_000845048.1	337	k121_779112_2	N/A	51.713	95	321	2.62e-105	314
WP_000845048.1	337	k121_1616676_1	N/A	67.568	66	222	1.99e-103	306
WP_000845048.1	337	k121_1251542_3	N/A	46.519	93	316	1.32e-102	308
WP_000845048.1	337	k121_1137452_1	N/A	56.098	85	287	2.24e-102	306
WP_000845048.1	337	k121_69018_2	N/A	47.188	95	320	4.17e-102	306
WP_000845048.1	337	k121_771492_6	N/A	51.118	93	313	1.05e-100	303
WP_000845048.1	337	k121_1881044_2	N/A	56.115	82	278	1.71e-99	298
WP_000845048.1	337	k121_517616_1	N/A	50.799	93	313	1.14e-98	298
WP_000845048.1	337	k121_1948771_1	N/A	62.447	69	237	3.51e-97	296
WP_000845048.1	337	k121_310001_1	N/A	59.127	75	252	3.78e-96	288
WP_000845048.1	337	k121_474880_1	N/A	56.929	79	267	1.44e-95	288
WP_000845048.1	337	k121_1634615_2	N/A	47.664	94	321	2.80e-95	290
WP_000845048.1	337	k121_1086152_1	N/A	54.152	82	277	3.31e-95	288
WP_000845048.1	337	k121_413522_1	N/A	97.842	41	139	1.56e-93	278
WP_000845048.1	337	k121_748446_2	N/A	55.859	76	256	4.03e-93	281
WP_000845048.1	337	k121_1313691_1	N/A	51.084	96	323	9.32e-93	283
WP_000845048.1	337	k121_506649_1	N/A	60.090	66	223	1.41e-92	278
WP_000845048.1	337	k121_511559_2	N/A	50.955	93	314	2.25e-92	281
WP_000845048.1	337	k121_152911_2	N/A	55.691	73	246	6.15e-92	278
WP_000845048.1	337	k121_1349423_95	N/A	50.000	93	314	2.74e-91	279
WP_000845048.1	337	k121_645986_2	N/A	53.929	83	280	3.18e-90	276
WP_000845048.1	337	k121_1749333_2	N/A	48.148	95	324	3.72e-90	279
WP_000845048.1	337	k121_219695_1	N/A	56.846	72	241	1.53e-82	254
WP_000845048.1	337	k121_1172344_1	N/A	48.188	82	276	3.05e-81	253
WP_000845048.1	337	k121_1180163_8	N/A	46.708	94	319	3.93e-81	253
WP_000845048.1	337	k121_1849981_2	N/A	46.951	96	328	4.23e-81	254
WP_000845048.1	337	k121_1093955_4	N/A	47.386	91	306	6.83e-81	255
WP_000845048.1	337	k121_160010_3	N/A	45.928	90	307	5.18e-80	254
WP_000845048.1	337	k121_751839_11	N/A	71.250	47	160	1.63e-77	238
WP_000845048.1	337	k121_1044800_1	N/A	47.508	88	301	2.86e-76	243
WP_000845048.1	337	k121_1077077_2	N/A	58.791	54	182	5.41e-72	224
WP_000845048.1	337	k121_293778_5	N/A	56.633	58	196	2.77e-68	216
WP_000845048.1	337	k121_721102_5	N/A	46.640	75	253	3.39e-63	205
WP_000845048.1	337	k121_517616_2	N/A	45.487	81	277	2.77e-61	200
WP_000845048.1	337	k121_18075_1	N/A	56.571	52	175	3.50e-60	194
WP_000845048.1	337	k121_1723276_2	N/A	47.568	55	185	1.04e-57	188
WP_000845048.1	337	k121_1558677_1	N/A	64.384	43	146	2.63e-57	186
WP_000845048.1	337	k121_437392_1	N/A	47.085	66	223	4.42e-57	188
WP_000845048.1	337	k121_392209_3	N/A	57.500	47	160	1.60e-56	184
WP_000845048.1	337	k121_390752_2	N/A	67.153	41	137	7.12e-55	179
WP_000845048.1	337	k121_1132584_1	N/A	60.000	45	150	1.15e-53	177
WP_000845048.1	337	k121_19472_3	N/A	49.189	55	185	5.72e-53	176
WP_000845048.1	337	k121_963739_2	N/A	43.891	66	221	1.32e-52	176
WP_000845048.1	337	k121_40536_1	N/A	58.278	44	151	3.96e-52	174
WP_000845048.1	337	k121_1015528_1	N/A	37.024	77	289	5.23e-52	180
WP_000845048.1	337	k121_1240930_1	N/A	52.071	50	169	1.70e-51	171
WP_000845048.1	337	k121_249826_1	N/A	66.929	38	127	1.92e-51	170
WP_000845048.1	337	k121_1175103_1	N/A	47.573	61	206	6.02e-48	164
WP_000845048.1	337	k121_523977_2	N/A	35.625	94	320	1.32e-47	165
WP_000845048.1	337	k121_1291230_5	N/A	56.028	42	141	2.73e-46	157
WP_000845048.1	337	k121_1878050_6	N/A	71.154	31	104	3.32e-46	155
WP_000845048.1	337	k121_1019353_9	N/A	32.622	96	328	2.30e-44	159
WP_000845048.1	337	k121_1470935_1	N/A	35.350	92	314	3.85e-44	156
WP_000845048.1	337	k121_1132039_1	N/A	82.558	26	86	4.27e-44	149
WP_000845048.1	337	k121_1767281_74	N/A	34.323	90	303	4.76e-44	160
WP_000845048.1	337	k121_1419300_1	N/A	44.379	50	169	1.73e-43	151
WP_000845048.1	337	k121_530247_1	N/A	33.119	91	311	2.66e-43	154
WP_000845048.1	337	k121_272268_1	N/A	32.121	98	330	5.44e-43	160
WP_000845048.1	337	k121_30199_1	N/A	59.542	37	131	2.78e-42	146
WP_000845048.1	337	k121_1364291_1	N/A	32.931	98	331	5.71e-42	151
WP_000845048.1	337	k121_1089979_33	N/A	34.713	92	314	8.62e-42	150
WP_000845048.1	337	k121_1478089_2	N/A	31.348	93	319	4.10e-41	148
WP_000845048.1	337	k121_1940455_2	N/A	35.350	92	314	4.30e-41	148
WP_000845048.1	337	k121_272581_1	N/A	32.399	93	321	8.14e-41	150
WP_000845048.1	337	k121_1550611_7	N/A	31.847	92	314	1.01e-40	153
WP_000845048.1	337	k121_338220_2	N/A	32.698	93	315	1.20e-40	147
WP_000845048.1	337	k121_1657062_8	N/A	31.579	95	323	2.83e-40	151
WP_000845048.1	337	k121_293074_3	N/A	33.121	93	314	3.13e-40	147
WP_000845048.1	337	k121_406956_2	N/A	33.443	90	305	4.02e-40	146
WP_000845048.1	337	k121_275780_2	N/A	35.390	91	308	1.18e-39	145
WP_000845048.1	337	k121_335161_3	N/A	53.793	38	145	1.21e-39	140
WP_000845048.1	337	k121_693117_2	N/A	36.071	82	280	2.04e-39	143
WP_000845048.1	337	k121_806351_2	N/A	34.884	89	301	2.35e-39	144
WP_000845048.1	337	k121_381751_1	N/A	33.657	90	309	2.36e-39	144
WP_000845048.1	337	k121_1736242_9	N/A	32.372	91	312	3.22e-39	149
WP_000845048.1	337	k121_1065164_3	N/A	53.416	48	161	9.70e-39	139
WP_000845048.1	337	k121_1861854_4	N/A	31.231	97	333	1.72e-38	143
WP_000845048.1	337	k121_502120_1	N/A	31.757	88	296	2.08e-38	143
WP_000845048.1	337	k121_1805806_8	N/A	66.327	29	98	4.23e-38	138
WP_000845048.1	337	k121_1908134_2	N/A	33.225	91	307	9.10e-38	140
WP_000845048.1	337	k121_1389664_1	N/A	34.641	90	306	1.31e-37	139
WP_000845048.1	337	k121_1756796_6	N/A	52.308	37	130	1.46e-37	135
WP_000845048.1	337	k121_1257512_1	N/A	33.016	92	315	1.86e-37	139
WP_000845048.1	337	k121_1261472_2	N/A	32.024	98	331	5.27e-37	142
WP_000845048.1	337	k121_346454_21	N/A	28.438	94	320	8.29e-37	139
WP_000845048.1	337	k121_1274507_1	N/A	35.030	98	334	1.52e-36	136
WP_000845048.1	337	k121_1184875_3	N/A	42.945	47	163	1.64e-36	134
WP_000845048.1	337	k121_1090673_2	N/A	28.395	96	324	4.06e-36	137
WP_000845048.1	337	k121_185913_2	N/A	34.030	99	335	4.48e-36	135
WP_000845048.1	337	k121_1848914_2	N/A	33.007	90	306	7.72e-36	134
WP_000845048.1	337	k121_1393109_34	N/A	32.343	89	303	9.07e-36	134
WP_000845048.1	337	k121_1028397_5	N/A	32.667	88	300	2.61e-35	134
WP_000845048.1	337	k121_756634_1	N/A	30.818	93	318	3.59e-35	135
WP_000845048.1	337	k121_1236631_1	N/A	72.093	26	86	5.65e-35	126
WP_000845048.1	337	k121_107728_2	N/A	30.065	90	306	5.90e-35	136
WP_000845048.1	337	k121_1897043_4	N/A	29.276	90	304	6.32e-35	132
WP_000845048.1	337	k121_1715204_6	N/A	32.248	90	307	6.68e-35	132
WP_000845048.1	337	k121_550814_32	N/A	29.254	98	335	1.10e-34	134
WP_000845048.1	337	k121_1245484_2	N/A	35.241	98	332	1.34e-34	131
WP_000845048.1	337	k121_1616095_5	N/A	31.845	96	336	1.49e-34	133
WP_000845048.1	337	k121_1610908_1	N/A	28.657	98	335	1.75e-34	133
WP_000845048.1	337	k121_724174_1	N/A	32.831	98	332	1.95e-34	131
WP_000845048.1	337	k121_1819555_2	N/A	33.133	98	332	3.12e-34	130
WP_000845048.1	337	k121_1821810_34	N/A	32.831	98	332	9.26e-34	129
WP_000845048.1	337	k121_1279128_4	N/A	63.736	27	91	1.26e-33	122
WP_000845048.1	337	k121_1573297_3	N/A	65.556	27	90	1.47e-33	122
WP_000845048.1	337	k121_1866526_2	N/A	32.036	98	334	1.48e-33	129
WP_000845048.1	337	k121_1501030_3	N/A	29.688	94	320	1.50e-33	128
WP_000845048.1	337	k121_20325_7	N/A	33.225	90	307	1.66e-33	128
WP_000845048.1	337	k121_79607_4	N/A	47.200	37	125	2.92e-33	122
WP_000845048.1	337	k121_653754_2	N/A	34.524	99	336	3.24e-33	128
WP_000845048.1	337	k121_505838_2	N/A	30.072	82	276	5.38e-33	125
WP_000845048.1	337	k121_461584_1	N/A	29.603	80	277	7.28e-33	125
WP_000845048.1	337	k121_1257293_4	N/A	29.290	98	338	7.68e-33	130
WP_000845048.1	337	k121_47867_2	N/A	34.228	87	298	8.36e-33	126
WP_000845048.1	337	k121_1083481_2	N/A	30.745	94	322	1.38e-32	126
WP_000845048.1	337	k121_37110_1	N/A	30.033	90	303	1.78e-32	127
WP_000845048.1	337	k121_576862_2	N/A	31.229	87	301	2.70e-32	127
WP_000845048.1	337	k121_1256805_3	N/A	29.560	94	318	3.16e-32	127
WP_000845048.1	337	k121_625964_2	N/A	33.832	98	334	3.41e-32	125
WP_000845048.1	337	k121_1595609_3	N/A	31.642	99	335	3.79e-32	125
WP_000845048.1	337	k121_603989_70	N/A	28.777	82	278	4.69e-32	126
WP_000845048.1	337	k121_1368205_5	N/A	27.063	90	303	4.83e-32	126
WP_000845048.1	337	k121_274602_25	N/A	33.028	97	327	6.30e-32	125
WP_000845048.1	337	k121_942198_1	N/A	63.441	26	93	8.66e-32	118
WP_000845048.1	337	k121_1201429_3	N/A	33.134	99	335	1.01e-31	124
WP_000845048.1	337	k121_1854243_1	N/A	31.761	93	318	1.24e-31	123
WP_000845048.1	337	k121_1630945_1	N/A	30.547	91	311	1.34e-31	124
WP_000845048.1	337	k121_147681_1	N/A	30.380	91	316	1.59e-31	124
WP_000845048.1	337	k121_1780897_2	N/A	27.632	90	304	1.93e-31	124
WP_000845048.1	337	k121_515281_1	N/A	28.788	98	330	2.76e-31	126
WP_000845048.1	337	k121_448000_1	N/A	30.303	88	297	4.27e-31	123
WP_000845048.1	337	k121_626040_2	N/A	30.576	82	278	4.52e-31	120
WP_000845048.1	337	k121_611400_3	N/A	32.390	93	318	4.60e-31	122
WP_000845048.1	337	k121_487164_2	N/A	77.465	21	71	4.80e-31	115
WP_000845048.1	337	k121_1478061_1	N/A	29.225	84	284	5.95e-31	122
WP_000845048.1	337	k121_1781755_1	N/A	48.837	38	129	9.69e-31	116
WP_000845048.1	337	k121_592237_1	N/A	50.407	36	123	1.01e-30	117
WP_000845048.1	337	k121_1857234_4	N/A	33.762	92	311	1.27e-30	120
WP_000845048.1	337	k121_479690_1	N/A	29.043	90	303	1.60e-30	122
WP_000845048.1	337	k121_1525016_1	N/A	31.104	88	299	2.52e-30	121
WP_000845048.1	337	k121_252528_3	N/A	31.915	82	282	3.24e-30	119
WP_000845048.1	337	k121_1471982_23	N/A	30.435	82	276	3.52e-30	122
WP_000845048.1	337	k121_196633_1	N/A	33.333	89	303	4.66e-30	119
WP_000845048.1	337	k121_63275_3	N/A	27.778	90	306	6.94e-30	119
WP_000845048.1	337	k121_82023_1	N/A	34.061	68	229	9.95e-30	117
WP_000845048.1	337	k121_1007210_1	N/A	32.733	97	333	1.34e-29	118
WP_000845048.1	337	k121_56585_2	N/A	33.033	97	333	2.86e-29	117
WP_000845048.1	337	k121_61616_1	N/A	29.670	81	273	2.93e-29	116
WP_000845048.1	337	k121_1011433_2	N/A	31.148	90	305	3.70e-29	117
WP_000845048.1	337	k121_367970_2	N/A	31.596	90	307	4.32e-29	117
WP_000845048.1	337	k121_871766_2	N/A	44.776	40	134	6.27e-29	112
WP_000845048.1	337	k121_1635764_3	N/A	46.218	35	119	6.93e-29	112
WP_000845048.1	337	k121_757194_2	N/A	32.727	97	330	1.22e-28	115
WP_000845048.1	337	k121_355840_2	N/A	33.134	99	335	1.30e-28	115
WP_000845048.1	337	k121_843379_2	N/A	29.467	94	319	1.38e-28	117
WP_000845048.1	337	k121_1527934_2	N/A	29.012	94	324	1.67e-28	116
WP_000845048.1	337	k121_776718_1	N/A	32.362	88	309	1.94e-28	116
WP_000845048.1	337	k121_840414_5	N/A	32.237	90	304	2.06e-28	116
WP_000845048.1	337	k121_55092_1	N/A	29.969	96	327	2.51e-28	117
WP_000845048.1	337	k121_28751_2	N/A	31.229	88	301	4.14e-28	114
WP_000845048.1	337	k121_1870748_2	N/A	27.445	93	317	5.31e-28	114
WP_000845048.1	337	k121_554549_1	N/A	29.592	85	294	5.43e-28	113
WP_000845048.1	337	k121_1512692_2	N/A	31.343	99	335	5.46e-28	114
WP_000845048.1	337	k121_114843_1	N/A	29.739	89	306	6.12e-28	114
WP_000845048.1	337	k121_802560_3	N/A	29.653	93	317	1.13e-27	115
WP_000845048.1	337	k121_1892013_1	N/A	53.846	31	104	1.23e-27	109
WP_000845048.1	337	k121_453133_1	N/A	30.435	88	299	1.31e-27	112
WP_000845048.1	337	k121_336737_1	N/A	33.632	65	223	1.36e-27	114
WP_000845048.1	337	k121_654770_1	N/A	27.796	91	313	1.99e-27	113
WP_000845048.1	337	k121_309219_3	N/A	36.986	65	219	2.21e-27	111
WP_000845048.1	337	k121_206936_1	N/A	29.283	88	321	2.32e-27	112
WP_000845048.1	337	k121_1227515_1	N/A	33.466	74	251	5.21e-27	109
WP_000845048.1	337	k121_1523263_3	N/A	29.348	82	276	5.41e-27	110
WP_000845048.1	337	k121_897847_8	N/A	33.993	85	303	5.87e-27	111
WP_000845048.1	337	k121_288228_1	N/A	33.657	91	309	6.63e-27	111
WP_000845048.1	337	k121_8215_21	N/A	31.475	85	305	1.74e-26	110
WP_000845048.1	337	k121_1256289_2	N/A	30.035	82	283	1.84e-26	109
WP_000845048.1	337	k121_1444506_15	N/A	24.691	95	324	2.06e-26	110
WP_000845048.1	337	k121_513206_1	N/A	46.226	31	106	2.23e-26	104
WP_000845048.1	337	k121_1297195_2	N/A	43.931	49	173	2.54e-26	109
WP_000845048.1	337	k121_1657766_6	N/A	33.457	77	269	2.80e-26	110
WP_000845048.1	337	k121_540706_2	N/A	33.106	84	293	2.85e-26	109
WP_000845048.1	337	k121_1539305_6	N/A	32.333	85	300	3.79e-26	109
WP_000845048.1	337	k121_1950462_9	N/A	31.935	91	310	3.90e-26	109
WP_000845048.1	337	k121_1384071_2	N/A	29.831	85	295	3.95e-26	108
WP_000845048.1	337	k121_762997_2	N/A	26.332	93	319	4.60e-26	110
WP_000845048.1	337	k121_1890717_4	N/A	27.726	93	321	7.75e-26	107
WP_000845048.1	337	k121_954750_2	N/A	36.073	63	219	1.24e-25	107
WP_000845048.1	337	k121_771609_9	N/A	31.544	85	298	1.38e-25	107
WP_000845048.1	337	k121_1962440_12	N/A	30.038	75	263	3.12e-25	106
WP_000845048.1	337	k121_411142_3	N/A	28.676	76	272	3.24e-25	107
WP_000845048.1	337	k121_282428_2	N/A	33.333	78	270	3.42e-25	105
WP_000845048.1	337	k121_732971_4	N/A	33.333	75	255	3.88e-25	104
WP_000845048.1	337	k121_182998_2	N/A	26.140	96	329	3.99e-25	106
WP_000845048.1	337	k121_1206785_2	N/A	30.128	90	312	4.12e-25	107
WP_000845048.1	337	k121_1713050_1	N/A	48.544	28	103	4.34e-25	102
WP_000845048.1	337	k121_1403872_1	N/A	28.421	82	285	4.79e-25	105
WP_000845048.1	337	k121_477034_2	N/A	31.325	97	332	4.85e-25	105
WP_000845048.1	337	k121_22425_6	N/A	32.812	91	320	7.26e-25	106
WP_000845048.1	337	k121_1145879_2	N/A	32.581	88	310	7.80e-25	106
WP_000845048.1	337	k121_1919362_1	N/A	33.500	59	200	7.95e-25	102
WP_000845048.1	337	k121_837351_2	N/A	30.508	85	295	1.04e-24	105
WP_000845048.1	337	k121_485530_5	N/A	28.931	88	318	1.28e-24	105
WP_000845048.1	337	k121_1867341_2	N/A	30.201	85	298	1.43e-24	105
WP_000845048.1	337	k121_1238240_1	N/A	38.182	63	220	1.68e-24	103
WP_000845048.1	337	k121_1056738_1	N/A	30.451	73	266	2.32e-24	103
WP_000845048.1	337	k121_903003_178	N/A	31.010	81	287	3.23e-24	103
WP_000845048.1	337	k121_1252508_9	N/A	33.574	76	277	5.83e-24	103
WP_000845048.1	337	k121_926694_5	N/A	34.101	63	217	7.53e-24	102
WP_000845048.1	337	k121_1767669_2	N/A	29.836	85	305	1.15e-23	102
WP_000845048.1	337	k121_620675_1	N/A	33.134	98	335	1.22e-23	102
WP_000845048.1	337	k121_1746913_5	N/A	34.510	72	255	2.64e-23	101
WP_000845048.1	337	k121_1421912_5	N/A	34.529	66	223	2.73e-23	99.0
WP_000845048.1	337	k121_1930574_2	N/A	35.294	45	153	3.09e-23	97.4
WP_000845048.1	337	k121_1841378_1	N/A	33.480	66	227	3.57e-23	98.6
WP_000845048.1	337	k121_1457006_1	N/A	26.821	89	302	4.08e-23	100
WP_000845048.1	337	k121_683063_2	N/A	29.642	85	307	4.11e-23	100
WP_000845048.1	337	k121_312058_2	N/A	34.545	64	220	4.20e-23	100
WP_000845048.1	337	k121_968925_6	N/A	31.438	85	299	5.26e-23	100
WP_000845048.1	337	k121_437898_2	N/A	32.143	80	280	5.63e-23	100
WP_000845048.1	337	k121_342543_4	N/A	25.763	83	295	6.45e-23	100
WP_000845048.1	337	k121_1513899_50	N/A	32.000	78	275	7.36e-23	100
WP_000845048.1	337	k121_2866_4	N/A	35.377	61	212	8.32e-23	100
WP_000845048.1	337	k121_699511_8	N/A	36.279	62	215	9.27e-23	100
WP_000845048.1	337	k121_1288125_46	N/A	36.036	64	222	1.07e-22	99.8
WP_000845048.1	337	k121_896143_3	N/A	30.451	76	266	1.18e-22	99.0
WP_000845048.1	337	k121_271872_5	N/A	38.587	55	184	1.23e-22	99.8
WP_000845048.1	337	k121_933000_1	N/A	30.514	93	331	1.37e-22	99.4
WP_000845048.1	337	k121_112752_1	N/A	30.638	67	235	4.05e-22	97.4
WP_000845048.1	337	k121_1278184_20	N/A	28.523	83	298	4.19e-22	98.2
WP_000845048.1	337	k121_1088554_7	N/A	29.825	82	285	5.04e-22	97.8
WP_000845048.1	337	k121_1624845_95	N/A	33.913	66	230	5.09e-22	97.8
WP_000845048.1	337	k121_906197_136	N/A	35.909	64	220	5.18e-22	98.6
WP_000845048.1	337	k121_69564_4	N/A	33.962	75	265	5.50e-22	97.8
WP_000845048.1	337	k121_1059123_2	N/A	32.215	87	298	5.95e-22	97.8
WP_000845048.1	337	k121_1901226_2	N/A	62.319	20	69	6.00e-22	91.7
WP_000845048.1	337	k121_345702_3	N/A	33.559	84	295	6.83e-22	97.4
WP_000845048.1	337	k121_1940324_1	N/A	59.211	22	76	8.67e-22	91.3
WP_000845048.1	337	k121_896546_2	N/A	34.545	64	220	9.67e-22	95.1
WP_000845048.1	337	k121_1379648_4	N/A	34.112	62	214	1.40e-21	96.7
WP_000845048.1	337	k121_989980_7	N/A	32.222	77	270	1.49e-21	97.1
WP_000845048.1	337	k121_1287015_2	N/A	34.545	63	220	1.76e-21	96.7
WP_000845048.1	337	k121_629701_8	N/A	36.413	55	184	1.88e-21	96.3
WP_000845048.1	337	k121_545694_34	N/A	33.945	63	218	1.90e-21	96.7
WP_000845048.1	337	k121_836954_9	N/A	32.215	87	298	2.86e-21	95.9
WP_000845048.1	337	k121_565492_13	N/A	28.094	85	299	3.02e-21	95.9
WP_000845048.1	337	k121_1314786_8	N/A	30.503	86	318	3.52e-21	95.9
WP_000845048.1	337	k121_1292623_2	N/A	29.474	81	285	3.86e-21	95.5
WP_000845048.1	337	k121_693008_44	N/A	30.038	73	263	3.98e-21	95.9
WP_000845048.1	337	k121_589783_3	N/A	31.111	88	315	4.02e-21	95.5
WP_000845048.1	337	k121_1449789_2	N/A	28.763	82	299	4.41e-21	95.5
WP_000845048.1	337	k121_1970862_2	N/A	34.562	63	217	4.54e-21	95.5
WP_000845048.1	337	k121_1868407_73	N/A	30.450	81	289	4.56e-21	95.5
WP_000845048.1	337	k121_209416_8	N/A	26.780	83	295	5.66e-21	95.1
WP_000845048.1	337	k121_1877701_2	N/A	48.980	29	98	6.01e-21	90.9
WP_000845048.1	337	k121_40072_11	N/A	34.389	63	221	7.48e-21	94.7
WP_000845048.1	337	k121_412511_2	N/A	29.102	89	323	7.79e-21	95.5
WP_000845048.1	337	k121_480944_2	N/A	31.000	85	300	8.25e-21	94.7
WP_000845048.1	337	k121_716001_8	N/A	33.708	75	267	8.43e-21	94.7
WP_000845048.1	337	k121_1009383_11	N/A	28.197	84	305	1.01e-20	94.4
WP_000845048.1	337	k121_1375014_2	N/A	30.565	85	301	1.04e-20	94.4
WP_000845048.1	337	k121_576700_1	N/A	29.444	53	180	1.14e-20	95.5
WP_000845048.1	337	k121_554666_1	N/A	26.244	64	221	1.19e-20	94.4
WP_000845048.1	337	k121_1075309_2	N/A	34.783	66	230	1.51e-20	94.0
WP_000845048.1	337	k121_1006492_3	N/A	37.363	54	182	1.54e-20	91.3
WP_000845048.1	337	k121_1099132_3	N/A	28.354	90	328	1.63e-20	94.4
WP_000845048.1	337	k121_57273_1	N/A	34.466	61	206	1.71e-20	93.6
WP_000845048.1	337	k121_39656_3	N/A	31.278	66	227	1.87e-20	93.2
WP_000845048.1	337	k121_285165_1	N/A	34.722	62	216	1.89e-20	91.7
WP_000845048.1	337	k121_142862_3	N/A	26.398	88	322	2.05e-20	94.0
WP_000845048.1	337	k121_1797107_2	N/A	27.302	88	315	2.31e-20	93.2
WP_000845048.1	337	k121_1908702_4	N/A	31.599	77	269	2.44e-20	93.6
WP_000845048.1	337	k121_1914787_11	N/A	30.392	85	306	3.16e-20	93.6
WP_000845048.1	337	k121_1068513_2	N/A	25.418	85	299	3.36e-20	93.2
WP_000845048.1	337	k121_1057865_2	N/A	30.698	62	215	3.38e-20	91.3
WP_000845048.1	337	k121_592237_2	N/A	31.900	82	279	3.64e-20	91.3
WP_000845048.1	337	k121_1745213_3	N/A	38.043	55	184	5.21e-20	92.4
WP_000845048.1	337	k121_1360385_2	N/A	34.066	54	182	5.41e-20	89.4
WP_000845048.1	337	k121_554822_2	N/A	29.455	78	275	5.48e-20	92.4
WP_000845048.1	337	k121_263186_3	N/A	33.182	63	220	6.61e-20	92.0
WP_000845048.1	337	k121_1099154_2	N/A	35.519	54	183	6.62e-20	89.0
WP_000845048.1	337	k121_1797345_4	N/A	33.333	60	204	7.25e-20	89.4
WP_000845048.1	337	k121_984369_33	N/A	27.007	79	274	7.87e-20	92.0
WP_000845048.1	337	k121_1913617_3	N/A	33.028	63	218	8.12e-20	92.0
WP_000845048.1	337	k121_1767329_13	N/A	30.627	77	271	8.32e-20	91.7
WP_000845048.1	337	k121_483966_2	N/A	34.259	62	216	9.54e-20	92.0
WP_000845048.1	337	k121_795371_23	N/A	35.111	64	225	9.83e-20	91.7
WP_000845048.1	337	k121_1575129_10	N/A	26.102	83	295	1.02e-19	91.7
WP_000845048.1	337	k121_1034107_5	N/A	25.887	81	282	1.03e-19	91.7
WP_000845048.1	337	k121_482879_1	N/A	34.831	53	178	1.08e-19	92.0
WP_000845048.1	337	k121_175850_4	N/A	33.333	62	216	1.21e-19	91.3
WP_000845048.1	337	k121_789509_3	N/A	27.575	83	301	1.41e-19	91.3
WP_000845048.1	337	k121_131385_2	N/A	30.942	64	223	1.45e-19	91.7
WP_000845048.1	337	k121_1401974_2	N/A	29.225	82	284	1.49e-19	91.3
WP_000845048.1	337	k121_1631974_26	N/A	28.235	72	255	1.51e-19	91.3
WP_000845048.1	337	k121_1030965_2	N/A	29.021	84	286	1.64e-19	91.7
WP_000845048.1	337	k121_1287245_1	N/A	31.687	69	243	1.87e-19	90.9
WP_000845048.1	337	k121_49009_6	N/A	29.740	77	269	2.23e-19	90.9
WP_000845048.1	337	k121_1697409_3	N/A	27.119	83	295	2.38e-19	90.5
WP_000845048.1	337	k121_607475_2	N/A	34.356	48	163	2.58e-19	87.0
WP_000845048.1	337	k121_1577819_7	N/A	35.000	64	220	2.69e-19	90.5
WP_000845048.1	337	k121_1747255_5	N/A	30.657	77	274	4.06e-19	90.1
WP_000845048.1	337	k121_1001646_4	N/A	28.763	85	299	4.14e-19	89.7
WP_000845048.1	337	k121_716375_2	N/A	33.140	51	172	4.26e-19	86.3
WP_000845048.1	337	k121_1170553_3	N/A	26.871	82	294	4.77e-19	89.4
WP_000845048.1	337	k121_1178657_2	N/A	35.294	60	204	5.26e-19	86.7
WP_000845048.1	337	k121_1935220_1	N/A	28.873	81	284	5.47e-19	89.0
WP_000845048.1	337	k121_1749122_36	N/A	30.719	85	306	5.55e-19	90.1
WP_000845048.1	337	k121_377759_42	N/A	29.655	82	290	6.15e-19	89.4
WP_000845048.1	337	k121_1484136_2	N/A	29.963	76	267	6.17e-19	89.7
WP_000845048.1	337	k121_1756796_7	N/A	47.475	29	99	6.47e-19	83.6
WP_000845048.1	337	k121_1931458_6	N/A	31.418	77	261	6.58e-19	88.2
WP_000845048.1	337	k121_1633139_1	N/A	29.864	64	221	7.16e-19	87.0
WP_000845048.1	337	k121_1184875_2	N/A	52.439	24	82	1.31e-18	84.0
WP_000845048.1	337	k121_134842_2	N/A	33.491	61	212	1.50e-18	89.0
WP_000845048.1	337	k121_1941812_12	N/A	27.857	80	280	1.52e-18	88.2
WP_000845048.1	337	k121_1669955_37	N/A	31.488	81	289	1.55e-18	88.6
WP_000845048.1	337	k121_299793_2	N/A	33.491	61	212	1.57e-18	88.2
WP_000845048.1	337	k121_1484289_7	N/A	27.303	85	304	1.62e-18	88.2
WP_000845048.1	337	k121_1341830_4	N/A	34.579	62	214	1.63e-18	85.9
WP_000845048.1	337	k121_606201_1	N/A	32.075	75	265	2.06e-18	87.0
WP_000845048.1	337	k121_1528343_3	N/A	28.912	84	294	2.11e-18	87.8
WP_000845048.1	337	k121_1086650_5	N/A	28.736	74	261	2.21e-18	87.8
WP_000845048.1	337	k121_124939_2	N/A	28.315	80	279	2.64e-18	87.4
WP_000845048.1	337	k121_1509523_5	N/A	33.484	63	221	2.66e-18	88.2
WP_000845048.1	337	k121_46635_26	N/A	26.351	83	296	2.80e-18	87.4
WP_000845048.1	337	k121_1584106_2	N/A	30.531	65	226	3.18e-18	85.9
WP_000845048.1	337	k121_1543862_5	N/A	26.596	81	282	3.49e-18	87.4
WP_000845048.1	337	k121_1406687_2	N/A	23.826	85	298	3.54e-18	87.4
WP_000845048.1	337	k121_614645_1	N/A	23.529	90	306	4.37e-18	86.7
WP_000845048.1	337	k121_1645755_3	N/A	34.081	63	223	4.73e-18	87.0
WP_000845048.1	337	k121_111701_9	N/A	31.674	63	221	5.09e-18	87.4
WP_000845048.1	337	k121_1153563_10	N/A	31.963	64	219	5.47e-18	86.7
WP_000845048.1	337	k121_1963608_3	N/A	32.961	53	179	5.59e-18	87.0
WP_000845048.1	337	k121_1539233_2	N/A	31.364	63	220	5.69e-18	86.3
WP_000845048.1	337	k121_289167_2	N/A	32.963	78	270	5.69e-18	86.7
WP_000845048.1	337	k121_339063_4	N/A	30.493	63	223	5.72e-18	86.7
WP_000845048.1	337	k121_598799_6	N/A	26.073	85	303	6.98e-18	86.3
WP_000845048.1	337	k121_1989295_2	N/A	34.239	55	184	7.10e-18	86.3
WP_000845048.1	337	k121_1061967_2	N/A	48.980	29	98	7.64e-18	82.0
WP_000845048.1	337	k121_1755587_3	N/A	25.566	86	309	7.78e-18	86.3
WP_000845048.1	337	k121_1377026_2	N/A	29.778	66	225	7.83e-18	84.3
WP_000845048.1	337	k121_1074655_2	N/A	31.604	61	212	8.31e-18	86.3
WP_000845048.1	337	k121_247392_10	N/A	30.824	78	279	8.42e-18	86.3
WP_000845048.1	337	k121_1719247_4	N/A	31.092	66	238	8.98e-18	86.3
WP_000845048.1	337	k121_1592625_34	N/A	27.157	88	313	9.35e-18	85.9
WP_000845048.1	337	k121_1792526_2	N/A	31.507	63	219	9.56e-18	85.9
WP_000845048.1	337	k121_953831_2	N/A	27.007	78	274	1.01e-17	85.9
WP_000845048.1	337	k121_339058_1	N/A	30.088	63	226	1.03e-17	85.9
WP_000845048.1	337	k121_1244246_1	N/A	29.054	84	296	1.04e-17	85.5
WP_000845048.1	337	k121_1649424_15	N/A	35.326	55	184	1.09e-17	85.9
WP_000845048.1	337	k121_342793_4	N/A	29.965	81	287	1.09e-17	85.9
WP_000845048.1	337	k121_1478799_2	N/A	30.492	84	305	1.12e-17	85.9
WP_000845048.1	337	k121_1443693_3	N/A	28.094	84	299	1.23e-17	85.5
WP_000845048.1	337	k121_1915406_5	N/A	28.111	63	217	1.29e-17	84.0
WP_000845048.1	337	k121_1924759_5	N/A	30.364	71	247	1.34e-17	85.9
WP_000845048.1	337	k121_1148477_1	N/A	31.868	54	182	1.78e-17	85.9
WP_000845048.1	337	k121_1789484_3	N/A	29.464	64	224	1.97e-17	85.1
WP_000845048.1	337	k121_1521771_7	N/A	31.050	64	219	2.01e-17	85.1
WP_000845048.1	337	k121_1479142_2	N/A	26.471	78	272	2.04e-17	84.7
WP_000845048.1	337	k121_601927_2	N/A	31.441	65	229	2.08e-17	84.0
WP_000845048.1	337	k121_1374200_1	N/A	29.010	82	293	2.44e-17	84.0
WP_000845048.1	337	k121_1799597_3	N/A	28.829	64	222	3.26e-17	84.3
WP_000845048.1	337	k121_1258803_6	N/A	31.308	62	214	3.33e-17	84.3
WP_000845048.1	337	k121_1886322_1	N/A	26.493	77	268	3.46e-17	83.6
WP_000845048.1	337	k121_810334_2	N/A	31.560	80	282	3.64e-17	84.3
WP_000845048.1	337	k121_65734_4	N/A	29.148	62	223	3.90e-17	84.3
WP_000845048.1	337	k121_320201_2	N/A	26.481	82	287	4.07e-17	84.3
WP_000845048.1	337	k121_1214390_14	N/A	29.596	63	223	4.14e-17	84.3
WP_000845048.1	337	k121_736531_1	N/A	37.063	41	143	4.24e-17	80.9
WP_000845048.1	337	k121_266779_2	N/A	35.870	55	184	4.34e-17	84.0
WP_000845048.1	337	k121_1075342_3	N/A	27.273	85	319	4.40e-17	84.3
WP_000845048.1	337	k121_1444006_2	N/A	32.883	64	222	4.49e-17	84.3
WP_000845048.1	337	k121_1889089_6	N/A	26.578	85	301	4.59e-17	84.0
WP_000845048.1	337	k121_843686_2	N/A	31.925	61	213	4.61e-17	84.7
WP_000845048.1	337	k121_1908100_2	N/A	27.811	93	338	5.07e-17	84.3
WP_000845048.1	337	k121_1934080_1	N/A	32.000	52	175	6.13e-17	80.1
WP_000845048.1	337	k121_1677894_5	N/A	26.022	77	269	6.57e-17	84.0
WP_000845048.1	337	k121_1508939_2	N/A	33.486	63	218	6.82e-17	84.0
WP_000845048.1	337	k121_116549_4	N/A	31.308	61	214	7.26e-17	83.2
WP_000845048.1	337	k121_125687_16	N/A	31.364	62	220	8.17e-17	83.6
WP_000845048.1	337	k121_1195196_4	N/A	28.155	90	309	8.86e-17	82.8
WP_000845048.1	337	k121_508978_3	N/A	29.612	59	206	9.48e-17	83.2
WP_000845048.1	337	k121_1839450_117	N/A	36.517	53	178	9.80e-17	83.6
WP_000845048.1	337	k121_1096195_2	N/A	28.674	77	279	9.93e-17	83.6
WP_000845048.1	337	k121_86607_2	N/A	27.542	67	236	1.08e-16	83.2
WP_000845048.1	337	k121_1117475_1	N/A	32.386	52	176	1.16e-16	80.1
WP_000845048.1	337	k121_1549759_3	N/A	34.615	54	182	1.18e-16	83.2
WP_000845048.1	337	k121_485075_1	N/A	24.739	82	287	1.26e-16	83.2
WP_000845048.1	337	k121_1263526_3	N/A	28.425	83	292	1.30e-16	83.2
WP_000845048.1	337	k121_455601_2	N/A	32.099	47	162	1.39e-16	79.0
WP_000845048.1	337	k121_882541_9	N/A	27.879	96	330	1.42e-16	82.8
WP_000845048.1	337	k121_1222925_2	N/A	30.147	77	272	1.54e-16	82.8
WP_000845048.1	337	k121_540149_4	N/A	24.422	85	303	2.12e-16	82.0
WP_000845048.1	337	k121_570761_3	N/A	28.146	88	302	2.13e-16	81.6
WP_000845048.1	337	k121_84551_1	N/A	30.516	62	213	2.61e-16	82.0
WP_000845048.1	337	k121_688653_1	N/A	33.333	53	180	2.99e-16	79.3
WP_000845048.1	337	k121_1513898_61	N/A	29.667	85	300	3.06e-16	81.6
WP_000845048.1	337	k121_1593982_3	N/A	30.928	82	291	3.06e-16	81.6
WP_000845048.1	337	k121_291162_1	N/A	29.851	60	201	3.68e-16	79.0
WP_000845048.1	337	k121_1405307_2	N/A	28.387	89	310	4.65e-16	81.3
WP_000845048.1	337	k121_1059960_2	N/A	32.569	62	218	4.67e-16	81.3
WP_000845048.1	337	k121_1502483_6	N/A	28.829	64	222	4.69e-16	81.3
WP_000845048.1	337	k121_65048_5	N/A	27.463	93	335	4.81e-16	81.6
WP_000845048.1	337	k121_671887_3	N/A	25.581	87	301	5.18e-16	80.5
WP_000845048.1	337	k121_121376_1	N/A	29.412	64	221	5.39e-16	79.7
WP_000845048.1	337	k121_577239_3	N/A	26.821	88	302	5.90e-16	80.5
WP_000845048.1	337	k121_907883_1	N/A	34.703	63	219	6.35e-16	80.9
WP_000845048.1	337	k121_931194_1	N/A	30.603	64	232	6.53e-16	81.3
WP_000845048.1	337	k121_160805_48	N/A	28.655	50	171	8.03e-16	78.6
WP_000845048.1	337	k121_450620_5	N/A	28.364	76	275	9.65e-16	80.1
WP_000845048.1	337	k121_1632594_4	N/A	25.573	74	262	1.01e-15	80.1
WP_000845048.1	337	k121_736370_5	N/A	25.080	86	311	1.02e-15	80.1
WP_000845048.1	337	k121_447306_6	N/A	24.176	78	273	1.13e-15	80.1
WP_000845048.1	337	k121_208077_2	N/A	28.197	85	305	1.19e-15	80.1
WP_000845048.1	337	k121_1593585_5	N/A	29.798	58	198	1.23e-15	78.2
WP_000845048.1	337	k121_1907109_1	N/A	36.571	52	175	1.63e-15	76.6
WP_000845048.1	337	k121_1564373_3	N/A	27.273	86	319	2.03e-15	80.1
WP_000845048.1	337	k121_1052236_1	N/A	44.554	30	101	2.39e-15	74.7
WP_000845048.1	337	k121_1031519_1	N/A	33.636	62	220	2.56e-15	78.2
WP_000845048.1	337	k121_971463_1	N/A	28.436	60	211	2.96e-15	77.4
WP_000845048.1	337	k121_1170711_5	N/A	29.032	63	217	2.99e-15	79.0
WP_000845048.1	337	k121_503270_2	N/A	27.841	52	176	3.42e-15	78.6
WP_000845048.1	337	k121_509694_1	N/A	29.744	58	195	3.51e-15	75.9
WP_000845048.1	337	k121_1802585_3	N/A	25.778	64	225	3.58e-15	78.6
WP_000845048.1	337	k121_1099896_11	N/A	27.820	76	266	3.60e-15	78.6
WP_000845048.1	337	k121_1566554_1	N/A	51.429	20	70	4.04e-15	73.9
WP_000845048.1	337	k121_351438_1	N/A	26.630	54	184	4.65e-15	77.8
WP_000845048.1	337	k121_227034_2	N/A	30.455	63	220	4.87e-15	78.2
WP_000845048.1	337	k121_922078_2	N/A	28.017	63	232	5.10e-15	78.6
WP_000845048.1	337	k121_527227_1	N/A	26.621	83	293	5.10e-15	78.6
WP_000845048.1	337	k121_1696684_2	N/A	31.019	62	216	5.97e-15	77.8
WP_000845048.1	337	k121_125559_1	N/A	29.057	76	265	8.15e-15	77.8
WP_000845048.1	337	k121_165406_5	N/A	33.019	61	212	8.88e-15	77.8
WP_000845048.1	337	k121_778999_3	N/A	26.230	54	183	1.28e-14	74.7
WP_000845048.1	337	k121_1026448_2	N/A	27.444	74	266	1.28e-14	77.0
WP_000845048.1	337	k121_1374203_2	N/A	27.668	73	253	1.29e-14	77.0
WP_000845048.1	337	k121_931673_3	N/A	30.734	62	218	1.30e-14	77.0
WP_000845048.1	337	k121_326693_9	N/A	25.497	85	302	1.39e-14	77.0
WP_000845048.1	337	k121_663579_1	N/A	28.870	68	239	1.52e-14	75.9
WP_000845048.1	337	k121_3836_8	N/A	26.733	85	303	1.61e-14	77.0
WP_000845048.1	337	k121_1722054_1	N/A	51.316	23	76	1.65e-14	72.0
WP_000845048.1	337	k121_898928_2	N/A	29.508	69	244	1.78e-14	76.6
WP_000845048.1	337	k121_1911499_2	N/A	29.461	67	241	1.82e-14	77.0
WP_000845048.1	337	k121_999860_2	N/A	33.333	53	177	1.85e-14	77.0
WP_000845048.1	337	k121_222029_1	N/A	29.670	54	182	2.33e-14	74.3
WP_000845048.1	337	k121_1065237_3	N/A	30.734	61	218	2.46e-14	75.9
