SadA_ref|WP_036299419.1|:1-399	399	k121_1977332_81	N/A	32.481	97	391	3.07e-60	204
SadA_ref|WP_036299419.1|:1-399	399	k121_1929114_1	N/A	34.685	55	222	3.56e-45	160
SadA_ref|WP_036299419.1|:1-399	399	k121_480421_24	N/A	29.504	95	383	5.76e-45	164
SadA_ref|WP_036299419.1|:1-399	399	k121_28258_35	N/A	31.267	93	371	2.54e-42	156
SadA_ref|WP_036299419.1|:1-399	399	k121_986565_3	N/A	29.086	90	361	4.10e-41	153
SadA_ref|WP_036299419.1|:1-399	399	k121_125327_47	N/A	26.598	97	391	1.92e-40	152
SadA_ref|WP_036299419.1|:1-399	399	k121_2025023_1	N/A	32.780	60	241	9.55e-40	145
SadA_ref|WP_036299419.1|:1-399	399	k121_791381_2	N/A	37.037	47	189	5.37e-39	142
SadA_ref|WP_036299419.1|:1-399	399	k121_242893_5	N/A	29.250	95	400	3.02e-37	143
SadA_ref|WP_036299419.1|:1-399	399	k121_1197832_16	N/A	32.673	50	202	3.73e-32	128
SadA_ref|WP_036299419.1|:1-399	399	k121_1661679_3	N/A	26.108	94	406	3.12e-31	126
SadA_ref|WP_036299419.1|:1-399	399	k121_1328774_1	N/A	33.482	56	224	1.99e-29	117
SadA_ref|WP_036299419.1|:1-399	399	k121_823407_1	N/A	35.065	39	154	4.21e-29	114
SadA_ref|WP_036299419.1|:1-399	399	k121_1845933_3	N/A	24.872	94	390	1.26e-28	119
SadA_ref|WP_036299419.1|:1-399	399	k121_714513_1	N/A	25.000	81	332	1.01e-26	112
SadA_ref|WP_036299419.1|:1-399	399	k121_732030_1	N/A	31.953	42	169	2.86e-26	107
SadA_ref|WP_036299419.1|:1-399	399	k121_1824659_1	N/A	31.515	41	165	1.16e-24	103
SadA_ref|WP_036299419.1|:1-399	399	k121_494865_52	N/A	27.041	97	392	1.77e-24	107
SadA_ref|WP_036299419.1|:1-399	399	k121_45583_1	N/A	35.897	39	156	2.69e-24	102
SadA_ref|WP_036299419.1|:1-399	399	k121_1898568_1	N/A	31.250	52	208	5.72e-24	103
SadA_ref|WP_036299419.1|:1-399	399	k121_1224653_1	N/A	24.784	87	347	3.12e-23	103
SadA_ref|WP_036299419.1|:1-399	399	k121_1596759_20	N/A	26.243	89	362	4.40e-23	103
SadA_ref|WP_036299419.1|:1-399	399	k121_1405088_2	N/A	26.371	94	383	1.40e-22	102
SadA_ref|WP_036299419.1|:1-399	399	k121_1189535_2	N/A	29.293	50	198	3.33e-22	99.8
SadA_ref|WP_036299419.1|:1-399	399	k121_1986901_2	N/A	26.523	67	279	3.79e-22	99.8
SadA_ref|WP_036299419.1|:1-399	399	k121_1822286_157	N/A	26.016	89	369	6.93e-20	94.7
SadA_ref|WP_036299419.1|:1-399	399	k121_1035999_1	N/A	25.000	86	356	1.20e-17	87.8
SadA_ref|WP_036299419.1|:1-399	399	k121_1241189_2	N/A	25.926	68	270	1.44e-17	87.0
SadA_ref|WP_036299419.1|:1-399	399	k121_212203_2	N/A	26.368	50	201	2.85e-17	84.3
SadA_ref|WP_036299419.1|:1-399	399	k121_392363_1	N/A	23.810	88	357	2.19e-16	84.0
SadA_ref|WP_036299419.1|:1-399	399	k121_1425456_1	N/A	25.743	49	202	3.55e-16	81.3
SadA_ref|WP_036299419.1|:1-399	399	k121_76590_1	N/A	28.191	47	188	3.85e-16	80.1
SadA_ref|WP_036299419.1|:1-399	399	k121_1249532_1	N/A	35.135	28	111	3.50e-15	75.5
SadA_ref|WP_036299419.1|:1-399	399	k121_1881283_1	N/A	25.681	62	257	4.96e-15	79.3
SadA_ref|WP_036299419.1|:1-399	399	k121_1510754_1	N/A	29.537	67	281	6.75e-15	79.0
SadA_ref|WP_036299419.1|:1-399	399	k121_490483_1	N/A	29.825	43	171	3.83e-14	73.9
SadA_ref|WP_036299419.1|:1-399	399	k121_832943_1	N/A	31.707	31	123	1.65e-13	71.6
SadA_ref|WP_036299419.1|:1-399	399	k121_1426487_1	N/A	30.319	46	188	9.86e-13	71.6
SadA_ref|WP_036299419.1|:1-399	399	k121_2028611_1	N/A	29.070	43	172	6.71e-11	65.1
SadA_ref|WP_036299419.1|:1-399	399	k121_2002339_3	N/A	24.272	50	206	6.75e-11	67.0
SadA_ref|WP_036299419.1|:1-399	399	k121_462014_5	N/A	28.112	61	249	7.05e-11	67.8
SadA_ref|WP_036299419.1|:1-399	399	k121_1435200_3	N/A	28.780	50	205	1.96e-09	61.2
SadA_ref|WP_036299419.1|:1-399	399	k121_185022_1	N/A	24.506	62	253	2.99e-09	61.6
SadA_ref|WP_036299419.1|:1-399	399	k121_2009669_1	N/A	30.189	51	212	3.25e-08	58.2
SadA_ref|WP_036299419.1|:1-399	399	k121_781052_1	N/A	28.966	34	145	1.82e-06	52.8
SadA_ref|WP_036299419.1|:1-399	399	k121_673888_3	N/A	23.729	73	295	3.76e-06	53.1
SadA_ref|WP_036299419.1|:1-399	399	k121_1737139_1	N/A	22.500	39	160	2.55e-05	48.9
SadA_ref|WP_036299419.1|:1-399	399	k121_1609384_1	N/A	23.096	93	407	6.22e-05	49.3
SadA_ref|WP_036299419.1|:1-399	399	k121_1049904_1	N/A	25.506	60	247	1.29e-04	47.4
SadA_ref|WP_036299419.1|:1-399	399	k121_558086_1	N/A	21.522	87	381	1.76e-04	48.1
SadA_ref|WP_036299419.1|:1-399	399	k121_484178_8	N/A	25.000	46	196	6.74e-04	46.2
SadA_ref|WP_036299419.1|:1-399	399	k121_1807628_1	N/A	24.180	60	244	8.59e-04	45.4
SadA_ref|WP_036299419.1|:1-399	399	k121_1071772_1	N/A	25.221	54	226	0.002	43.9
SadA_ref|WP_036299419.1|:1-399	399	k121_1107986_1	N/A	24.597	60	248	0.003	43.5
SadA_ref|WP_036299419.1|:1-399	399	k121_868569_1	N/A	25.514	60	243	0.006	42.7
SadA_ref|WP_036299419.1|:1-399	399	k121_25131_125	N/A	24.561	52	228	0.010	42.4
SadA_ref|WP_036299419.1|:1-399	399	k121_438775_1	N/A	26.816	43	179	0.018	40.4
SadA_ref|WP_036299419.1|:1-399	399	k121_1137135_2	N/A	20.576	54	243	0.031	40.8
SadA_ref|WP_036299419.1|:1-399	399	k121_1223446_2	N/A	26.275	62	255	0.036	40.8
SadA_ref|WP_036299419.1|:1-399	399	k121_1575146_3	N/A	21.076	52	223	0.055	40.0
SadA_ref|WP_036299419.1|:1-399	399	k121_1309352_2	N/A	27.907	22	86	0.061	40.0
SadA_ref|WP_036299419.1|:1-399	399	k121_102809_10	N/A	29.762	21	84	0.063	40.0
SadA_ref|WP_036299419.1|:1-399	399	k121_10998_11	N/A	23.256	62	258	0.072	39.7
SadA_ref|WP_036299419.1|:1-399	399	k121_1400074_1	N/A	26.415	26	106	0.099	38.5
SadB_ref|WP_100812327.1|:1-423	423	k121_1977332_81	N/A	30.809	89	383	1.93e-51	181
SadB_ref|WP_100812327.1|:1-423	423	k121_125327_47	N/A	28.162	97	419	2.94e-47	171
SadB_ref|WP_100812327.1|:1-423	423	k121_2025023_1	N/A	35.238	50	210	1.74e-40	148
SadB_ref|WP_100812327.1|:1-423	423	k121_480421_24	N/A	27.676	90	383	4.12e-40	151
SadB_ref|WP_100812327.1|:1-423	423	k121_986565_3	N/A	30.137	85	365	2.64e-39	149
SadB_ref|WP_100812327.1|:1-423	423	k121_242893_5	N/A	25.831	90	391	6.51e-38	145
SadB_ref|WP_100812327.1|:1-423	423	k121_28258_35	N/A	26.882	87	372	1.41e-35	139
SadB_ref|WP_100812327.1|:1-423	423	k121_1845933_3	N/A	27.226	90	393	5.72e-34	134
SadB_ref|WP_100812327.1|:1-423	423	k121_1197832_16	N/A	28.736	81	348	1.86e-32	129
SadB_ref|WP_100812327.1|:1-423	423	k121_791381_2	N/A	31.797	51	217	3.12e-31	122
SadB_ref|WP_100812327.1|:1-423	423	k121_1929114_1	N/A	29.018	51	224	2.28e-30	121
SadB_ref|WP_100812327.1|:1-423	423	k121_1661679_3	N/A	25.063	91	399	2.96e-30	124
SadB_ref|WP_100812327.1|:1-423	423	k121_1898568_1	N/A	30.973	53	226	1.11e-28	116
SadB_ref|WP_100812327.1|:1-423	423	k121_1986901_2	N/A	30.935	63	278	2.30e-27	114
SadB_ref|WP_100812327.1|:1-423	423	k121_714513_1	N/A	25.532	76	329	1.62e-26	112
SadB_ref|WP_100812327.1|:1-423	423	k121_494865_52	N/A	26.904	91	394	1.37e-25	111
SadB_ref|WP_100812327.1|:1-423	423	k121_1405088_2	N/A	25.515	91	388	6.37e-25	109
SadB_ref|WP_100812327.1|:1-423	423	k121_1224653_1	N/A	24.716	83	352	6.46e-25	108
SadB_ref|WP_100812327.1|:1-423	423	k121_1189535_2	N/A	28.095	50	210	3.89e-22	100
SadB_ref|WP_100812327.1|:1-423	423	k121_392363_1	N/A	26.050	83	357	4.24e-22	100
SadB_ref|WP_100812327.1|:1-423	423	k121_732030_1	N/A	32.317	39	164	2.32e-21	94.7
SadB_ref|WP_100812327.1|:1-423	423	k121_1328774_1	N/A	32.420	49	219	4.52e-21	95.1
SadB_ref|WP_100812327.1|:1-423	423	k121_1824659_1	N/A	25.698	41	179	2.65e-20	91.7
SadB_ref|WP_100812327.1|:1-423	423	k121_76590_1	N/A	29.255	44	188	1.23e-19	90.1
SadB_ref|WP_100812327.1|:1-423	423	k121_462014_5	N/A	29.572	60	257	3.11e-18	90.1
SadB_ref|WP_100812327.1|:1-423	423	k121_823407_1	N/A	24.658	35	146	3.54e-18	85.1
SadB_ref|WP_100812327.1|:1-423	423	k121_490483_1	N/A	33.333	34	144	6.19e-18	85.1
SadB_ref|WP_100812327.1|:1-423	423	k121_1822286_157	N/A	26.933	84	375	1.04e-17	88.6
SadB_ref|WP_100812327.1|:1-423	423	k121_45583_1	N/A	35.455	26	110	1.83e-17	83.6
SadB_ref|WP_100812327.1|:1-423	423	k121_212203_2	N/A	27.638	47	199	7.47e-17	83.6
SadB_ref|WP_100812327.1|:1-423	423	k121_1035999_1	N/A	26.124	82	356	1.22e-16	85.1
SadB_ref|WP_100812327.1|:1-423	423	k121_1426487_1	N/A	26.275	60	255	2.54e-16	82.4
SadB_ref|WP_100812327.1|:1-423	423	k121_43333_1	N/A	25.556	77	360	8.55e-16	82.8
SadB_ref|WP_100812327.1|:1-423	423	k121_168992_1	N/A	26.351	63	296	4.43e-14	77.4
SadB_ref|WP_100812327.1|:1-423	423	k121_1881283_1	N/A	27.758	64	281	5.53e-14	76.6
SadB_ref|WP_100812327.1|:1-423	423	k121_2002339_3	N/A	25.431	52	232	8.72e-14	75.5
SadB_ref|WP_100812327.1|:1-423	423	k121_1596759_20	N/A	27.404	48	208	2.33e-13	75.5
SadB_ref|WP_100812327.1|:1-423	423	k121_1807628_1	N/A	29.151	61	271	2.90e-13	74.7
SadB_ref|WP_100812327.1|:1-423	423	k121_1241189_2	N/A	28.431	48	204	4.92e-13	73.9
SadB_ref|WP_100812327.1|:1-423	423	k121_10998_11	N/A	27.151	77	372	5.17e-12	71.6
SadB_ref|WP_100812327.1|:1-423	423	k121_1249532_1	N/A	29.703	24	101	1.02e-11	65.9
SadB_ref|WP_100812327.1|:1-423	423	k121_1510754_1	N/A	28.571	65	294	9.80e-11	67.0
SadB_ref|WP_100812327.1|:1-423	423	k121_484178_8	N/A	30.460	39	174	7.95e-10	64.7
SadB_ref|WP_100812327.1|:1-423	423	k121_832943_1	N/A	28.571	30	126	1.13e-09	60.5
SadB_ref|WP_100812327.1|:1-423	423	k121_836382_1	N/A	28.745	57	247	1.44e-09	63.5
SadB_ref|WP_100812327.1|:1-423	423	k121_438775_1	N/A	28.804	42	184	1.50e-09	61.2
SadB_ref|WP_100812327.1|:1-423	423	k121_1107986_1	N/A	28.571	57	259	3.22e-09	62.0
SadB_ref|WP_100812327.1|:1-423	423	k121_1282829_4	N/A	25.789	39	190	7.58e-09	60.8
SadB_ref|WP_100812327.1|:1-423	423	k121_1425456_1	N/A	28.571	37	168	1.02e-08	59.7
SadB_ref|WP_100812327.1|:1-423	423	k121_1435200_3	N/A	28.659	39	164	1.30e-08	58.9
SadB_ref|WP_100812327.1|:1-423	423	k121_1737139_1	N/A	26.000	35	150	1.45e-08	58.5
SadB_ref|WP_100812327.1|:1-423	423	k121_781052_1	N/A	32.979	20	94	2.02e-08	58.5
SadB_ref|WP_100812327.1|:1-423	423	k121_812644_1	N/A	29.714	40	175	2.57e-08	57.8
SadB_ref|WP_100812327.1|:1-423	423	k121_185022_1	N/A	25.794	57	252	1.20e-07	57.0
SadB_ref|WP_100812327.1|:1-423	423	k121_558086_1	N/A	25.549	78	364	1.50e-07	57.8
SadB_ref|WP_100812327.1|:1-423	423	k121_2028611_1	N/A	26.923	43	182	2.15e-07	55.1
SadB_ref|WP_100812327.1|:1-423	423	k121_253323_2	N/A	30.719	33	153	2.59e-07	55.8
SadB_ref|WP_100812327.1|:1-423	423	k121_1783630_2	N/A	35.659	27	129	3.90e-07	55.8
SadB_ref|WP_100812327.1|:1-423	423	k121_1609384_1	N/A	24.041	85	391	4.92e-07	56.2
SadB_ref|WP_100812327.1|:1-423	423	k121_673888_3	N/A	25.481	48	208	1.02e-06	55.1
SadB_ref|WP_100812327.1|:1-423	423	k121_1400074_1	N/A	31.973	32	147	2.86e-06	52.0
SadB_ref|WP_100812327.1|:1-423	423	k121_1866205_2	N/A	32.743	25	113	6.28e-06	50.8
SadB_ref|WP_100812327.1|:1-423	423	k121_1241726_59	N/A	26.257	41	179	7.22e-06	52.4
SadB_ref|WP_100812327.1|:1-423	423	k121_102809_10	N/A	23.545	79	378	7.31e-06	52.4
SadB_ref|WP_100812327.1|:1-423	423	k121_1862720_2	N/A	29.762	36	168	1.72e-04	48.1
SadB_ref|WP_100812327.1|:1-423	423	k121_1510984_6	N/A	31.034	20	87	3.16e-04	43.5
SadB_ref|WP_100812327.1|:1-423	423	k121_1560969_2	N/A	25.434	40	173	4.40e-04	45.4
SadB_ref|WP_100812327.1|:1-423	423	k121_1155577_1	N/A	31.250	27	128	5.20e-04	45.8
SadB_ref|WP_100812327.1|:1-423	423	k121_1662240_8	N/A	20.621	79	354	5.72e-04	46.6
SadB_ref|WP_100812327.1|:1-423	423	k121_2009669_1	N/A	25.664	53	226	0.001	44.3
SadB_ref|WP_100812327.1|:1-423	423	k121_2041396_11	N/A	26.351	35	148	0.002	44.3
SadB_ref|WP_100812327.1|:1-423	423	k121_1440360_1	N/A	25.781	25	128	0.002	43.5
SadB_ref|WP_100812327.1|:1-423	423	k121_955033_1	N/A	32.031	27	128	0.002	42.7
SadB_ref|WP_100812327.1|:1-423	423	k121_951127_2	N/A	32.847	28	137	0.003	44.7
SadB_ref|WP_100812327.1|:1-423	423	k121_1309352_2	N/A	21.918	82	365	0.005	43.5
SadB_ref|WP_100812327.1|:1-423	423	k121_1183593_1	N/A	27.344	26	128	0.005	42.4
SadB_ref|WP_100812327.1|:1-423	423	k121_107241_20	N/A	23.398	80	359	0.006	43.1
SadB_ref|WP_100812327.1|:1-423	423	k121_1866205_1	N/A	28.333	26	120	0.006	41.6
SadB_ref|WP_100812327.1|:1-423	423	k121_1279620_1	N/A	29.630	24	108	0.007	41.2
SadB_ref|WP_100812327.1|:1-423	423	k121_1383335_1	N/A	26.190	25	126	0.009	41.6
SadB_ref|WP_100812327.1|:1-423	423	k121_1901946_2	N/A	29.851	28	134	0.011	42.7
SadB_ref|WP_100812327.1|:1-423	423	k121_1049904_1	N/A	23.755	61	261	0.026	40.8
SadB_ref|WP_100812327.1|:1-423	423	k121_1316751_4	N/A	22.124	49	226	0.034	40.8
SadB_ref|WP_100812327.1|:1-423	423	k121_1137135_2	N/A	22.039	77	363	0.036	40.8
SadB_ref|WP_100812327.1|:1-423	423	k121_868569_1	N/A	25.660	61	265	0.041	40.0
SadB_ref|WP_100812327.1|:1-423	423	k121_512011_1	N/A	30.496	30	141	0.047	40.0
SadB_ref|WP_100812327.1|:1-423	423	k121_1426892_1	N/A	29.197	28	137	0.048	40.4
SadB_ref|WP_100812327.1|:1-423	423	k121_219332_1	N/A	24.576	27	118	0.065	38.1
SadB_ref|WP_100812327.1|:1-423	423	k121_1131533_1	N/A	24.623	41	199	0.068	39.7
SadB_ref|WP_100812327.1|:1-423	423	k121_405470_1	N/A	28.016	55	257	0.072	39.7
SadB_ref|WP_100812327.1|:1-423	423	k121_1423267_1	N/A	26.271	28	118	0.093	38.5
SadC_ref|WP_036299413.1|:1-194	194	k121_291948_1	N/A	28.346	65	127	1.65e-11	64.3
SadC_ref|WP_036299413.1|:1-194	194	k121_681287_30	N/A	30.657	69	137	9.50e-11	62.0
SadC_ref|WP_036299413.1|:1-194	194	k121_199751_2	N/A	27.742	76	155	1.09e-10	61.6
SadC_ref|WP_036299413.1|:1-194	194	k121_1875791_2	N/A	39.450	56	109	1.32e-10	61.6
SadC_ref|WP_036299413.1|:1-194	194	k121_1874504_1	N/A	28.395	82	162	2.50e-10	61.2
SadC_ref|WP_036299413.1|:1-194	194	k121_1821670_2	N/A	26.389	73	144	4.76e-10	59.7
SadC_ref|WP_036299413.1|:1-194	194	k121_991287_5	N/A	27.027	95	185	5.02e-10	62.0
SadC_ref|WP_036299413.1|:1-194	194	k121_4662_2	N/A	40.217	47	92	1.55e-09	57.4
SadC_ref|WP_036299413.1|:1-194	194	k121_616924_128	N/A	28.481	81	158	3.58e-09	57.4
SadC_ref|WP_036299413.1|:1-194	194	k121_389479_2	N/A	26.875	82	160	3.69e-09	57.4
SadC_ref|WP_036299413.1|:1-194	194	k121_644652_13	N/A	26.471	70	136	7.24e-09	58.5
SadC_ref|WP_036299413.1|:1-194	194	k121_1985491_2	N/A	25.625	81	160	9.06e-09	56.2
SadC_ref|WP_036299413.1|:1-194	194	k121_1343216_4	N/A	26.875	82	160	1.90e-08	55.5
SadC_ref|WP_036299413.1|:1-194	194	k121_987078_1	N/A	33.333	56	114	6.12e-08	53.1
SadC_ref|WP_036299413.1|:1-194	194	k121_1458066_1	N/A	44.048	43	84	6.31e-08	55.5
SadC_ref|WP_036299413.1|:1-194	194	k121_504072_2	N/A	27.333	77	150	6.71e-08	54.3
SadC_ref|WP_036299413.1|:1-194	194	k121_1601920_3	N/A	28.481	81	158	7.16e-08	53.9
SadC_ref|WP_036299413.1|:1-194	194	k121_1284845_21	N/A	28.889	70	135	1.34e-07	53.1
SadC_ref|WP_036299413.1|:1-194	194	k121_1521233_2	N/A	34.783	47	92	2.17e-07	52.8
SadC_ref|WP_036299413.1|:1-194	194	k121_964230_15	N/A	28.378	76	148	2.47e-07	52.4
SadC_ref|WP_036299413.1|:1-194	194	k121_1076412_3	N/A	27.612	69	134	2.64e-07	52.4
SadC_ref|WP_036299413.1|:1-194	194	k121_304814_2	N/A	23.418	80	158	7.69e-07	51.2
SadC_ref|WP_036299413.1|:1-194	194	k121_1016170_6	N/A	26.347	85	167	1.10e-06	50.8
SadC_ref|WP_036299413.1|:1-194	194	k121_1102246_2	N/A	25.806	80	155	1.47e-06	50.8
SadC_ref|WP_036299413.1|:1-194	194	k121_129963_1	N/A	33.333	47	93	1.64e-06	50.4
SadC_ref|WP_036299413.1|:1-194	194	k121_730599_2	N/A	29.412	69	136	1.74e-06	49.7
SadC_ref|WP_036299413.1|:1-194	194	k121_21416_1	N/A	34.483	44	87	4.36e-06	50.4
SadC_ref|WP_036299413.1|:1-194	194	k121_2016250_7	N/A	25.731	88	171	5.50e-06	49.3
SadC_ref|WP_036299413.1|:1-194	194	k121_480421_21	N/A	29.787	48	94	5.52e-06	48.9
SadC_ref|WP_036299413.1|:1-194	194	k121_1054187_1	N/A	33.708	46	89	5.75e-06	48.5
SadC_ref|WP_036299413.1|:1-194	194	k121_862794_2	N/A	31.410	75	156	6.16e-06	48.5
SadC_ref|WP_036299413.1|:1-194	194	k121_941603_1	N/A	25.625	82	160	9.97e-06	47.8
SadC_ref|WP_036299413.1|:1-194	194	k121_629198_2	N/A	28.571	54	105	9.98e-06	49.3
SadC_ref|WP_036299413.1|:1-194	194	k121_1977332_84	N/A	23.944	73	142	1.17e-05	48.1
SadC_ref|WP_036299413.1|:1-194	194	k121_1424117_2	N/A	35.135	38	74	1.18e-05	47.4
SadC_ref|WP_036299413.1|:1-194	194	k121_44063_5	N/A	35.802	40	81	1.62e-05	47.4
SadC_ref|WP_036299413.1|:1-194	194	k121_649638_6	N/A	25.000	76	148	1.80e-05	48.5
SadC_ref|WP_036299413.1|:1-194	194	k121_1202889_1	N/A	25.309	81	162	2.10e-05	47.4
SadC_ref|WP_036299413.1|:1-194	194	k121_1946097_2	N/A	25.153	84	163	2.43e-05	47.0
SadC_ref|WP_036299413.1|:1-194	194	k121_402984_1	N/A	27.536	68	138	3.34e-05	47.8
SadC_ref|WP_036299413.1|:1-194	194	k121_1178249_16	N/A	28.148	68	135	5.86e-05	45.8
SadC_ref|WP_036299413.1|:1-194	194	k121_940224_6	N/A	28.667	75	150	6.04e-05	46.2
SadC_ref|WP_036299413.1|:1-194	194	k121_2019747_1	N/A	33.962	54	106	6.20e-05	47.0
SadC_ref|WP_036299413.1|:1-194	194	k121_296661_1	N/A	27.692	65	130	8.18e-05	45.1
SadC_ref|WP_036299413.1|:1-194	194	k121_817351_2	N/A	35.897	40	78	1.00e-04	45.4
SadC_ref|WP_036299413.1|:1-194	194	k121_741077_2	N/A	30.588	44	85	1.14e-04	45.1
SadC_ref|WP_036299413.1|:1-194	194	k121_1919076_1	N/A	25.786	79	159	1.20e-04	44.7
SadC_ref|WP_036299413.1|:1-194	194	k121_1329693_3	N/A	32.609	47	92	1.30e-04	45.1
SadC_ref|WP_036299413.1|:1-194	194	k121_1732736_1	N/A	34.091	44	88	1.71e-04	44.3
SadC_ref|WP_036299413.1|:1-194	194	k121_1191539_4	N/A	27.344	65	128	2.28e-04	44.3
SadC_ref|WP_036299413.1|:1-194	194	k121_888722_3	N/A	35.211	37	71	2.68e-04	43.5
SadC_ref|WP_036299413.1|:1-194	194	k121_120019_2	N/A	26.667	46	90	2.79e-04	43.9
SadC_ref|WP_036299413.1|:1-194	194	k121_125327_48	N/A	32.479	59	117	2.91e-04	45.1
SadC_ref|WP_036299413.1|:1-194	194	k121_887920_2	N/A	32.558	44	86	4.22e-04	44.3
SadC_ref|WP_036299413.1|:1-194	194	k121_1275352_2	N/A	30.851	48	94	6.11e-04	42.7
SadC_ref|WP_036299413.1|:1-194	194	k121_1913329_1	N/A	32.895	39	76	8.01e-04	41.6
SadC_ref|WP_036299413.1|:1-194	194	k121_961498_8	N/A	29.730	38	74	0.001	42.4
SadC_ref|WP_036299413.1|:1-194	194	k121_1969551_9	N/A	35.789	48	95	0.001	42.4
SadC_ref|WP_036299413.1|:1-194	194	k121_178119_2	N/A	34.783	36	69	0.001	43.1
SadC_ref|WP_036299413.1|:1-194	194	k121_1304249_2	N/A	28.155	53	103	0.002	40.8
SadC_ref|WP_036299413.1|:1-194	194	k121_1676965_17	N/A	21.472	82	163	0.002	41.6
SadC_ref|WP_036299413.1|:1-194	194	k121_1807420_2	N/A	28.788	66	132	0.002	41.6
SadC_ref|WP_036299413.1|:1-194	194	k121_328000_2	N/A	46.296	27	54	0.003	39.7
SadC_ref|WP_036299413.1|:1-194	194	k121_1782194_12	N/A	29.268	62	123	0.004	40.4
SadC_ref|WP_036299413.1|:1-194	194	k121_538830_2	N/A	38.182	28	55	0.006	38.1
SadC_ref|WP_036299413.1|:1-194	194	k121_908999_3	N/A	25.385	65	130	0.008	39.3
SadC_ref|WP_036299413.1|:1-194	194	k121_1823694_2	N/A	27.473	47	91	0.009	38.5
SadC_ref|WP_036299413.1|:1-194	194	k121_1780082_10	N/A	26.163	86	172	0.009	39.7
SadC_ref|WP_036299413.1|:1-194	194	k121_654522_2	N/A	26.882	47	93	0.010	38.9
SadC_ref|WP_036299413.1|:1-194	194	k121_1439205_2	N/A	26.957	58	115	0.011	38.9
SadC_ref|WP_036299413.1|:1-194	194	k121_62159_1	N/A	31.884	36	69	0.011	40.0
SadC_ref|WP_036299413.1|:1-194	194	k121_1541757_2	N/A	31.343	34	67	0.012	37.7
SadC_ref|WP_036299413.1|:1-194	194	k121_17102_1	N/A	26.000	74	150	0.013	39.3
SadC_ref|WP_036299413.1|:1-194	194	k121_346545_30	N/A	25.625	82	160	0.013	39.3
SadC_ref|WP_036299413.1|:1-194	194	k121_1007679_42	N/A	26.316	68	133	0.013	39.3
SadC_ref|WP_036299413.1|:1-194	194	k121_1546651_1	N/A	30.851	47	94	0.014	38.9
SadC_ref|WP_036299413.1|:1-194	194	k121_471666_2	N/A	22.137	66	131	0.016	39.3
SadC_ref|WP_036299413.1|:1-194	194	k121_10998_8	N/A	24.211	95	190	0.018	39.3
SadC_ref|WP_036299413.1|:1-194	194	k121_1405382_1	N/A	30.841	55	107	0.022	38.9
SadC_ref|WP_036299413.1|:1-194	194	k121_642137_2	N/A	24.793	62	121	0.028	38.5
SadC_ref|WP_036299413.1|:1-194	194	k121_573375_2	N/A	27.835	48	97	0.036	38.1
SadC_ref|WP_036299413.1|:1-194	194	k121_924217_4	N/A	38.462	33	65	0.040	37.7
SadC_ref|WP_036299413.1|:1-194	194	k121_1421076_2	N/A	31.579	39	76	0.058	37.4
SadC_ref|WP_036299413.1|:1-194	194	k121_1341010_7	N/A	32.836	35	67	0.077	37.0
SadC_ref|WP_036299413.1|:1-194	194	k121_1550242_6	N/A	24.615	66	130	0.091	37.0
WP_000259031.1	279	k121_114747_8	N/A	48.780	88	246	3.70e-84	256
WP_000259031.1	279	k121_199697_2	N/A	36.641	94	262	2.60e-40	144
WP_000259031.1	279	k121_572358_2	N/A	31.984	88	247	3.17e-38	138
WP_000259031.1	279	k121_832415_36	N/A	35.628	88	247	1.11e-37	137
WP_000259031.1	279	k121_2014696_1	N/A	32.210	96	267	3.59e-37	136
WP_000259031.1	279	k121_1713715_2	N/A	33.333	91	261	2.93e-34	129
WP_000259031.1	279	k121_84633_3	N/A	41.057	88	246	6.61e-34	128
WP_000259031.1	279	k121_798989_3	N/A	33.603	87	247	4.60e-33	125
WP_000259031.1	279	k121_1725945_10	N/A	32.342	95	269	2.90e-32	123
WP_000259031.1	279	k121_1377548_58	N/A	33.564	97	289	2.29e-31	122
WP_000259031.1	279	k121_1341304_1	N/A	32.685	91	257	2.43e-31	121
WP_000259031.1	279	k121_155785_36	N/A	33.597	88	253	4.83e-31	121
WP_000259031.1	279	k121_1056822_2	N/A	35.060	88	251	6.14e-31	120
WP_000259031.1	279	k121_348794_2	N/A	34.524	88	252	1.39e-30	119
WP_000259031.1	279	k121_341454_1	N/A	34.821	80	224	1.60e-30	118
WP_000259031.1	279	k121_813518_2	N/A	34.634	73	205	1.70e-30	117
WP_000259031.1	279	k121_639442_2	N/A	30.597	93	268	3.80e-30	118
WP_000259031.1	279	k121_422293_2	N/A	31.439	94	264	3.35e-29	115
WP_000259031.1	279	k121_1748637_1	N/A	30.268	91	261	8.83e-29	114
WP_000259031.1	279	k121_643033_3	N/A	29.851	93	268	1.54e-28	114
WP_000259031.1	279	k121_812370_1	N/A	36.199	78	221	1.60e-28	113
WP_000259031.1	279	k121_2000417_4	N/A	29.851	93	268	8.90e-28	112
WP_000259031.1	279	k121_959143_138	N/A	32.482	97	274	1.58e-27	112
WP_000259031.1	279	k121_1764220_20	N/A	31.227	95	269	2.64e-27	110
WP_000259031.1	279	k121_76977_7	N/A	30.483	93	269	2.72e-27	110
WP_000259031.1	279	k121_1612577_4	N/A	30.078	91	256	3.14e-27	110
WP_000259031.1	279	k121_532970_4	N/A	34.419	77	215	3.68e-27	110
WP_000259031.1	279	k121_696444_11	N/A	33.708	95	267	3.89e-27	110
WP_000259031.1	279	k121_995322_8	N/A	34.389	79	221	4.32e-27	110
WP_000259031.1	279	k121_457638_12	N/A	35.023	76	217	9.24e-27	108
WP_000259031.1	279	k121_1744376_7	N/A	36.239	76	218	1.18e-26	108
WP_000259031.1	279	k121_424558_4	N/A	30.924	88	249	3.10e-26	107
WP_000259031.1	279	k121_604441_3	N/A	26.616	88	263	3.20e-26	108
WP_000259031.1	279	k121_756314_3	N/A	26.459	91	257	3.50e-26	107
WP_000259031.1	279	k121_1258769_2	N/A	35.065	81	231	3.57e-26	107
WP_000259031.1	279	k121_46302_2	N/A	30.924	88	249	4.96e-26	107
WP_000259031.1	279	k121_205246_7	N/A	30.182	95	275	7.98e-26	107
WP_000259031.1	279	k121_1659079_16	N/A	31.203	94	266	1.03e-25	106
WP_000259031.1	279	k121_1828724_5	N/A	30.605	95	281	1.78e-25	106
WP_000259031.1	279	k121_994597_2	N/A	28.958	92	259	2.81e-25	105
WP_000259031.1	279	k121_1545562_1	N/A	34.483	88	261	3.64e-25	107
WP_000259031.1	279	k121_1807785_14	N/A	32.812	88	256	3.71e-25	105
WP_000259031.1	279	k121_302793_4	N/A	32.130	97	277	5.14e-25	104
WP_000259031.1	279	k121_621425_179	N/A	31.474	88	251	5.94e-25	104
WP_000259031.1	279	k121_1046125_13	N/A	32.800	89	250	4.77e-24	102
WP_000259031.1	279	k121_1056152_1	N/A	36.686	61	169	4.88e-24	99.8
WP_000259031.1	279	k121_1180142_4	N/A	32.836	93	268	9.47e-24	102
WP_000259031.1	279	k121_1291475_41	N/A	27.612	95	268	1.03e-23	101
WP_000259031.1	279	k121_1141402_1	N/A	32.946	91	258	2.56e-23	99.8
WP_000259031.1	279	k121_1681690_253	N/A	33.071	87	254	2.90e-23	99.8
WP_000259031.1	279	k121_1362315_6	N/A	33.865	88	251	7.28e-23	100
WP_000259031.1	279	k121_2024297_10	N/A	33.065	88	248	7.36e-23	99.4
WP_000259031.1	279	k121_1266788_2	N/A	33.032	76	221	7.50e-23	99.0
WP_000259031.1	279	k121_403821_3	N/A	31.502	95	273	8.17e-23	98.6
WP_000259031.1	279	k121_1038804_1	N/A	30.942	78	223	1.22e-22	97.4
WP_000259031.1	279	k121_644856_2	N/A	29.762	88	252	4.45e-22	96.7
WP_000259031.1	279	k121_1215389_11	N/A	32.721	87	272	1.02e-21	96.3
WP_000259031.1	279	k121_618_6	N/A	34.404	76	218	1.05e-21	95.9
WP_000259031.1	279	k121_510013_44	N/A	30.279	87	251	2.92e-21	94.4
WP_000259031.1	279	k121_78769_11	N/A	29.537	98	281	3.39e-21	94.4
WP_000259031.1	279	k121_562054_1	N/A	35.227	63	176	4.93e-21	91.7
WP_000259031.1	279	k121_521089_7	N/A	31.136	95	273	6.35e-21	94.4
WP_000259031.1	279	k121_1092404_3	N/A	28.700	77	223	6.67e-21	93.2
WP_000259031.1	279	k121_1278112_1	N/A	29.775	63	178	7.14e-21	91.7
WP_000259031.1	279	k121_1148202_1	N/A	32.584	63	178	9.11e-21	91.7
WP_000259031.1	279	k121_1190486_1	N/A	31.390	80	223	9.82e-21	93.2
WP_000259031.1	279	k121_665229_6	N/A	33.133	58	166	1.82e-20	90.1
WP_000259031.1	279	k121_986072_1	N/A	30.112	91	269	1.89e-20	93.2
WP_000259031.1	279	k121_66737_1	N/A	31.618	95	272	2.16e-20	92.4
WP_000259031.1	279	k121_1705050_3	N/A	31.250	92	256	3.29e-20	92.0
WP_000259031.1	279	k121_143397_2	N/A	31.716	94	268	3.89e-20	92.4
WP_000259031.1	279	k121_1489029_1	N/A	31.868	63	182	4.53e-20	89.7
WP_000259031.1	279	k121_1914151_2	N/A	31.197	82	234	5.12e-20	90.5
WP_000259031.1	279	k121_1838055_2	N/A	28.959	78	221	1.08e-19	90.1
WP_000259031.1	279	k121_781958_4	N/A	28.794	87	257	1.29e-19	90.5
WP_000259031.1	279	k121_92006_2	N/A	28.571	88	252	1.30e-19	90.1
WP_000259031.1	279	k121_416193_1	N/A	32.432	77	222	1.35e-19	89.0
WP_000259031.1	279	k121_190962_2	N/A	32.692	73	208	1.79e-19	88.2
WP_000259031.1	279	k121_1859100_3	N/A	27.778	78	234	2.40e-19	89.0
WP_000259031.1	279	k121_1086432_1	N/A	40.816	35	98	3.70e-19	84.3
WP_000259031.1	279	k121_1140068_1	N/A	31.522	66	184	4.70e-19	86.3
WP_000259031.1	279	k121_740917_2	N/A	28.959	77	221	4.98e-19	88.2
WP_000259031.1	279	k121_1369258_4	N/A	26.592	91	267	5.25e-19	88.6
WP_000259031.1	279	k121_1084308_3	N/A	30.233	92	258	6.09e-19	88.2
WP_000259031.1	279	k121_23809_1	N/A	27.037	95	270	6.68e-19	88.2
WP_000259031.1	279	k121_561178_1	N/A	31.792	61	173	7.37e-19	86.3
WP_000259031.1	279	k121_1810858_85	N/A	28.723	98	282	7.56e-19	88.2
WP_000259031.1	279	k121_1977332_17	N/A	30.357	95	280	1.16e-18	87.0
WP_000259031.1	279	k121_1076811_5	N/A	29.588	92	267	1.68e-18	86.7
WP_000259031.1	279	k121_1796666_1	N/A	25.620	86	242	2.57e-18	85.9
WP_000259031.1	279	k121_1054414_4	N/A	23.970	94	267	3.86e-18	85.9
WP_000259031.1	279	k121_1321241_33	N/A	34.061	80	229	4.20e-18	85.5
WP_000259031.1	279	k121_896062_16	N/A	32.963	87	270	7.51e-18	85.1
WP_000259031.1	279	k121_1281191_1	N/A	28.682	88	258	8.37e-18	85.9
WP_000259031.1	279	k121_1356128_2	N/A	29.864	76	221	8.83e-18	85.1
WP_000259031.1	279	k121_27463_3	N/A	33.600	88	250	1.96e-17	85.1
WP_000259031.1	279	k121_1117241_2	N/A	30.332	75	211	2.69e-17	82.8
WP_000259031.1	279	k121_1182088_3	N/A	32.569	76	218	4.01e-17	83.2
WP_000259031.1	279	k121_1423786_1	N/A	35.185	75	216	4.18e-17	83.2
WP_000259031.1	279	k121_59246_6	N/A	28.514	88	249	6.50e-17	82.8
WP_000259031.1	279	k121_1922827_7	N/A	27.626	88	257	6.64e-17	84.7
WP_000259031.1	279	k121_735650_2	N/A	31.707	88	246	6.87e-17	82.4
WP_000259031.1	279	k121_9049_8	N/A	31.518	88	257	9.78e-17	82.4
WP_000259031.1	279	k121_1666986_3	N/A	26.848	88	257	1.60e-16	83.2
WP_000259031.1	279	k121_1981501_1	N/A	25.455	58	165	4.37e-16	78.2
WP_000259031.1	279	k121_1687151_1	N/A	31.737	58	167	4.51e-16	78.6
WP_000259031.1	279	k121_635240_2	N/A	31.102	88	254	4.90e-16	80.5
WP_000259031.1	279	k121_1367149_1	N/A	31.439	88	264	1.20e-15	79.3
WP_000259031.1	279	k121_583807_1	N/A	33.333	44	126	1.29e-15	76.6
WP_000259031.1	279	k121_1911494_15	N/A	30.144	73	209	1.40e-15	79.3
WP_000259031.1	279	k121_498996_1	N/A	32.883	78	222	2.06e-15	77.8
WP_000259031.1	279	k121_1400982_1	N/A	27.391	82	230	5.54e-15	76.3
WP_000259031.1	279	k121_504288_3	N/A	27.442	76	215	6.00e-15	75.9
WP_000259031.1	279	k121_1468847_3	N/A	32.800	88	250	6.42e-15	78.2
WP_000259031.1	279	k121_611391_1	N/A	26.222	78	225	7.78e-15	76.3
WP_000259031.1	279	k121_615781_2	N/A	27.919	68	197	8.00e-15	75.5
WP_000259031.1	279	k121_35586_1	N/A	30.288	71	208	2.60e-14	74.3
WP_000259031.1	279	k121_95408_2	N/A	30.189	55	159	2.74e-14	73.2
WP_000259031.1	279	k121_1746393_1	N/A	29.703	71	202	6.80e-14	72.8
WP_000259031.1	279	k121_612924_1	N/A	26.667	69	195	7.01e-14	75.5
WP_000259031.1	279	k121_1293051_1	N/A	31.138	59	167	1.96e-13	70.9
WP_000259031.1	279	k121_1322893_1	N/A	32.589	78	224	2.73e-13	72.8
WP_000259031.1	279	k121_821474_1	N/A	29.936	56	157	5.30e-13	69.7
WP_000259031.1	279	k121_478818_1	N/A	37.931	51	145	1.32e-12	68.9
WP_000259031.1	279	k121_601256_25	N/A	26.923	80	234	1.68e-12	70.5
WP_000259031.1	279	k121_1989907_1	N/A	33.333	33	93	4.02e-12	65.9
WP_000259031.1	279	k121_393487_1	N/A	36.792	38	106	4.66e-12	66.2
WP_000259031.1	279	k121_1738394_1	N/A	31.579	61	171	6.47e-12	67.0
WP_000259031.1	279	k121_1904328_1	N/A	32.759	41	116	7.52e-12	65.5
WP_000259031.1	279	k121_1879671_1	N/A	28.351	67	194	7.84e-12	67.4
WP_000259031.1	279	k121_556322_2	N/A	36.316	67	190	1.03e-11	67.0
WP_000259031.1	279	k121_1309236_2	N/A	36.792	38	106	1.07e-11	64.7
WP_000259031.1	279	k121_1264244_2	N/A	46.250	29	80	1.27e-11	63.9
WP_000259031.1	279	k121_350338_1	N/A	33.065	44	124	1.42e-11	65.1
WP_000259031.1	279	k121_1181150_2	N/A	26.838	87	272	3.17e-11	66.2
WP_000259031.1	279	k121_1540728_1	N/A	35.577	37	104	5.32e-11	62.8
WP_000259031.1	279	k121_1255556_1	N/A	29.947	65	187	1.11e-10	63.5
WP_000259031.1	279	k121_1898581_1	N/A	34.951	37	103	1.41e-10	63.5
WP_000259031.1	279	k121_525720_1	N/A	34.259	38	108	1.76e-10	63.2
WP_000259031.1	279	k121_454101_1	N/A	30.702	40	114	3.11e-10	60.5
WP_000259031.1	279	k121_1339036_1	N/A	28.986	46	138	3.17e-10	62.4
WP_000259031.1	279	k121_1420166_4	N/A	32.258	33	93	4.18e-10	60.5
WP_000259031.1	279	k121_1173924_1	N/A	31.548	59	168	4.24e-10	61.6
WP_000259031.1	279	k121_340256_2	N/A	28.155	36	103	5.53e-10	59.7
WP_000259031.1	279	k121_1228511_3	N/A	27.128	64	188	5.68e-10	62.4
WP_000259031.1	279	k121_1570732_1	N/A	29.412	47	136	6.53e-10	60.8
WP_000259031.1	279	k121_398895_1	N/A	29.902	69	204	7.03e-10	62.0
WP_000259031.1	279	k121_369726_1	N/A	27.559	44	127	2.09e-09	59.3
WP_000259031.1	279	k121_1879560_1	N/A	31.410	53	156	2.35e-09	59.3
WP_000259031.1	279	k121_938041_2	N/A	32.667	53	150	2.37e-09	59.3
WP_000259031.1	279	k121_1595965_1	N/A	26.400	44	125	2.86e-09	58.2
WP_000259031.1	279	k121_190408_1	N/A	31.496	44	127	3.11e-09	60.1
WP_000259031.1	279	k121_1647694_1	N/A	31.148	44	122	3.19e-09	58.5
WP_000259031.1	279	k121_1106969_2	N/A	25.833	43	120	4.34e-09	58.2
WP_000259031.1	279	k121_216398_1	N/A	30.065	54	153	4.53e-09	58.5
WP_000259031.1	279	k121_1087979_1	N/A	34.783	25	69	1.59e-08	55.1
WP_000259031.1	279	k121_633733_1	N/A	35.455	38	110	1.59e-08	55.8
WP_000259031.1	279	k121_1702806_1	N/A	36.000	36	100	3.78e-08	56.6
WP_000259031.1	279	k121_1900943_2	N/A	30.000	66	190	3.91e-08	56.6
WP_000259031.1	279	k121_1230775_3	N/A	40.449	31	89	5.56e-08	54.7
WP_000259031.1	279	k121_1447316_1	N/A	36.585	44	123	8.24e-08	55.1
WP_000259031.1	279	k121_1093175_1	N/A	30.328	43	122	1.27e-07	54.3
WP_000259031.1	279	k121_395494_1	N/A	43.836	26	73	1.31e-07	53.5
WP_000259031.1	279	k121_40764_2	N/A	33.333	33	93	1.58e-07	53.1
WP_000259031.1	279	k121_1235358_1	N/A	40.566	38	106	1.92e-07	53.5
WP_000259031.1	279	k121_809227_1	N/A	27.815	51	151	1.95e-07	53.9
WP_000259031.1	279	k121_643668_1	N/A	35.484	31	93	3.11e-07	52.4
WP_000259031.1	279	k121_1968709_2	N/A	37.681	49	138	4.37e-07	52.8
WP_000259031.1	279	k121_377882_1	N/A	29.586	59	169	4.76e-07	52.8
WP_000259031.1	279	k121_1039832_2	N/A	29.070	61	172	5.27e-07	53.1
WP_000259031.1	279	k121_1327155_1	N/A	37.113	34	97	5.86e-07	50.8
WP_000259031.1	279	k121_794324_2	N/A	47.368	20	57	1.37e-06	48.9
WP_000259031.1	279	k121_586016_1	N/A	33.051	42	118	1.37e-06	51.6
WP_000259031.1	279	k121_487544_2	N/A	34.118	30	85	1.47e-06	50.1
WP_000259031.1	279	k121_586022_1	N/A	33.051	42	118	1.64e-06	51.6
WP_000259031.1	279	k121_540268_2	N/A	38.144	35	97	2.29e-06	49.7
WP_000259031.1	279	k121_2040472_1	N/A	33.784	27	74	2.29e-06	50.4
WP_000259031.1	279	k121_1828506_2	N/A	33.333	44	126	2.58e-06	50.8
WP_000259031.1	279	k121_1082168_2	N/A	33.333	38	111	2.77e-06	50.1
WP_000259031.1	279	k121_435450_1	N/A	23.684	53	152	2.80e-06	50.8
WP_000259031.1	279	k121_108409_1	N/A	34.783	25	69	3.29e-06	52.0
WP_000259031.1	279	k121_832540_1	N/A	32.584	30	89	4.70e-06	48.5
WP_000259031.1	279	k121_254553_4	N/A	25.571	77	219	6.18e-06	50.4
WP_000259031.1	279	k121_73430_3	N/A	40.000	22	60	1.56e-05	45.8
WP_000259031.1	279	k121_382157_2	N/A	35.714	55	154	2.09e-05	48.5
WP_000259031.1	279	k121_731039_1	N/A	28.986	47	138	4.26e-05	47.0
WP_000259031.1	279	k121_1228511_2	N/A	37.143	25	70	1.91e-04	46.2
WP_000259031.1	279	k121_300237_1	N/A	33.766	27	77	4.62e-04	45.8
WP_000259031.1	279	k121_1299680_1	N/A	28.070	41	114	6.19e-04	43.9
WP_000259031.1	279	k121_1961995_1	N/A	31.579	33	95	7.00e-04	44.7
WP_000259031.1	279	k121_1625440_2	N/A	31.200	43	125	0.001	42.0
WP_000259031.1	279	k121_53918_1	N/A	32.407	34	108	0.002	41.6
WP_000259031.1	279	k121_315210_2	N/A	32.479	41	117	0.002	41.6
WP_000259031.1	279	k121_477952_1	N/A	30.864	29	81	0.005	40.0
WP_000259031.1	279	k121_1632880_2	N/A	31.000	36	100	0.006	40.8
WP_000259031.1	279	k121_239626_2	N/A	31.818	24	66	0.008	38.9
WP_000259031.1	279	k121_1924033_1	N/A	27.451	37	102	0.009	39.7
WP_000259031.1	279	k121_1168292_1	N/A	34.783	24	69	0.009	38.5
WP_000259031.1	279	k121_221909_2	N/A	42.424	23	66	0.023	37.4
WP_000259031.1	279	k121_1246860_2	N/A	30.851	33	94	0.025	38.1
WP_000259031.1	279	k121_1463281_2	N/A	30.337	29	89	0.045	37.4
WP_001043260.1	271	k121_114747_8	N/A	50.769	96	260	9.00e-88	265
WP_001043260.1	271	k121_832415_36	N/A	37.548	95	261	3.82e-48	164
WP_001043260.1	271	k121_572358_2	N/A	34.818	90	247	8.94e-46	157
WP_001043260.1	271	k121_199697_2	N/A	37.692	96	260	1.48e-45	158
WP_001043260.1	271	k121_1056822_2	N/A	39.080	95	261	5.93e-45	156
WP_001043260.1	271	k121_84633_3	N/A	42.248	95	258	1.47e-43	153
WP_001043260.1	271	k121_2014696_1	N/A	36.940	99	268	3.62e-43	152
WP_001043260.1	271	k121_1764220_20	N/A	38.636	97	264	1.09e-42	150
WP_001043260.1	271	k121_1659079_16	N/A	38.077	96	260	2.27e-42	149
WP_001043260.1	271	k121_1713715_2	N/A	33.835	97	266	3.79e-42	149
WP_001043260.1	271	k121_1046125_13	N/A	40.000	95	260	6.99e-42	148
WP_001043260.1	271	k121_644856_2	N/A	36.742	96	264	1.85e-41	147
WP_001043260.1	271	k121_995322_8	N/A	40.449	97	267	1.35e-40	145
WP_001043260.1	271	k121_1084308_3	N/A	37.121	97	264	3.16e-40	144
WP_001043260.1	271	k121_639442_2	N/A	32.222	98	270	1.74e-39	142
WP_001043260.1	271	k121_1725945_10	N/A	33.712	97	264	1.82e-38	139
WP_001043260.1	271	k121_76977_7	N/A	33.579	97	271	3.97e-38	139
WP_001043260.1	271	k121_2000417_4	N/A	32.171	94	258	9.56e-38	137
WP_001043260.1	271	k121_643033_3	N/A	31.818	96	264	3.64e-37	136
WP_001043260.1	271	k121_1828724_5	N/A	34.307	96	274	4.14e-37	136
WP_001043260.1	271	k121_46302_2	N/A	35.361	95	263	4.29e-37	136
WP_001043260.1	271	k121_621425_179	N/A	35.632	95	261	4.74e-37	136
WP_001043260.1	271	k121_959143_138	N/A	34.470	96	264	3.23e-36	134
WP_001043260.1	271	k121_205246_7	N/A	32.046	92	259	4.56e-36	134
WP_001043260.1	271	k121_1744376_7	N/A	39.544	94	263	1.45e-35	132
WP_001043260.1	271	k121_155785_36	N/A	35.766	98	274	1.83e-35	132
WP_001043260.1	271	k121_1838055_2	N/A	36.260	96	262	2.52e-35	131
WP_001043260.1	271	k121_1807785_14	N/A	34.701	96	268	3.19e-35	131
WP_001043260.1	271	k121_1341304_1	N/A	34.000	91	250	4.30e-35	130
WP_001043260.1	271	k121_341454_1	N/A	35.945	80	217	4.80e-35	130
WP_001043260.1	271	k121_532970_4	N/A	36.567	96	268	5.58e-35	130
WP_001043260.1	271	k121_812370_1	N/A	39.623	78	212	8.56e-35	129
WP_001043260.1	271	k121_1545562_1	N/A	37.175	92	269	9.86e-35	134
WP_001043260.1	271	k121_735650_2	N/A	39.535	95	258	2.22e-34	129
WP_001043260.1	271	k121_424558_4	N/A	33.597	92	253	9.24e-34	127
WP_001043260.1	271	k121_696444_11	N/A	36.260	96	262	9.49e-34	127
WP_001043260.1	271	k121_2024297_10	N/A	35.521	95	259	1.13e-33	127
WP_001043260.1	271	k121_1266788_2	N/A	31.560	97	282	1.71e-33	127
WP_001043260.1	271	k121_618_6	N/A	34.317	90	271	3.25e-33	126
WP_001043260.1	271	k121_604441_3	N/A	28.958	90	259	3.81e-33	126
WP_001043260.1	271	k121_1190486_1	N/A	36.122	97	263	6.06e-33	125
WP_001043260.1	271	k121_1092404_3	N/A	33.594	92	256	8.06e-33	124
WP_001043260.1	271	k121_781958_4	N/A	34.717	95	265	3.56e-32	124
WP_001043260.1	271	k121_1666986_3	N/A	32.472	96	271	3.85e-32	127
WP_001043260.1	271	k121_457638_12	N/A	37.788	78	217	5.41e-32	122
WP_001043260.1	271	k121_740917_2	N/A	29.119	94	261	1.07e-31	121
WP_001043260.1	271	k121_798989_3	N/A	32.530	90	249	1.18e-31	121
WP_001043260.1	271	k121_1489029_1	N/A	35.897	69	195	1.81e-31	119
WP_001043260.1	271	k121_813518_2	N/A	35.784	75	204	2.36e-31	119
WP_001043260.1	271	k121_1377548_58	N/A	32.482	97	274	2.79e-31	121
WP_001043260.1	271	k121_756314_3	N/A	26.415	97	265	2.97e-31	120
WP_001043260.1	271	k121_1922827_7	N/A	31.159	98	276	5.24e-31	125
WP_001043260.1	271	k121_1367149_1	N/A	36.154	91	260	1.99e-30	119
WP_001043260.1	271	k121_348794_2	N/A	33.459	97	266	8.83e-30	117
WP_001043260.1	271	k121_1258769_2	N/A	31.873	92	251	2.17e-29	115
WP_001043260.1	271	k121_1141402_1	N/A	33.080	96	263	2.45e-29	115
WP_001043260.1	271	k121_1281191_1	N/A	31.225	90	253	6.50e-29	116
WP_001043260.1	271	k121_1748637_1	N/A	31.746	91	252	9.50e-29	114
WP_001043260.1	271	k121_1140068_1	N/A	35.714	67	182	3.12e-28	110
WP_001043260.1	271	k121_1914151_2	N/A	34.615	84	234	3.23e-28	112
WP_001043260.1	271	k121_1369258_4	N/A	28.846	94	260	4.79e-28	112
WP_001043260.1	271	k121_562054_1	N/A	40.449	65	178	5.14e-28	109
WP_001043260.1	271	k121_1182088_3	N/A	35.981	77	214	6.38e-28	112
WP_001043260.1	271	k121_92006_2	N/A	30.435	91	253	2.04e-27	110
WP_001043260.1	271	k121_1423786_1	N/A	35.472	95	265	2.60e-27	110
WP_001043260.1	271	k121_1180142_4	N/A	35.472	96	265	3.75e-27	111
WP_001043260.1	271	k121_422293_2	N/A	30.924	90	249	6.19e-27	109
WP_001043260.1	271	k121_1086432_1	N/A	53.061	36	98	7.95e-27	104
WP_001043260.1	271	k121_994597_2	N/A	27.711	91	249	4.86e-26	107
WP_001043260.1	271	k121_403821_3	N/A	30.916	96	262	5.91e-25	104
WP_001043260.1	271	k121_1148202_1	N/A	33.708	64	178	1.27e-24	101
WP_001043260.1	271	k121_1054414_4	N/A	29.249	91	253	1.47e-24	103
WP_001043260.1	271	k121_1038804_1	N/A	33.333	79	219	2.22e-24	101
WP_001043260.1	271	k121_1681690_253	N/A	31.076	90	251	2.74e-24	102
WP_001043260.1	271	k121_302793_4	N/A	31.298	96	262	4.03e-24	102
WP_001043260.1	271	k121_1076811_5	N/A	30.588	92	255	5.59e-24	101
WP_001043260.1	271	k121_1309236_2	N/A	49.515	38	103	9.05e-24	96.7
WP_001043260.1	271	k121_23809_1	N/A	31.076	90	251	9.75e-24	101
WP_001043260.1	271	k121_1400982_1	N/A	33.482	81	224	1.33e-23	99.4
WP_001043260.1	271	k121_1705050_3	N/A	38.113	96	265	2.13e-23	100
WP_001043260.1	271	k121_521089_7	N/A	31.818	97	264	3.80e-23	100
WP_001043260.1	271	k121_1977332_17	N/A	32.830	95	265	5.92e-23	98.6
WP_001043260.1	271	k121_1981501_1	N/A	30.303	59	165	6.89e-23	96.3
WP_001043260.1	271	k121_896062_16	N/A	33.704	90	270	3.66e-22	96.7
WP_001043260.1	271	k121_1291475_41	N/A	26.295	91	251	4.38e-22	96.7
WP_001043260.1	271	k121_1362315_6	N/A	32.400	90	250	5.37e-22	97.8
WP_001043260.1	271	k121_1278112_1	N/A	29.545	64	176	6.80e-22	94.0
WP_001043260.1	271	k121_143397_2	N/A	35.632	64	174	7.07e-22	97.1
WP_001043260.1	271	k121_1859100_3	N/A	31.416	78	226	1.02e-21	95.1
WP_001043260.1	271	k121_1321241_33	N/A	34.328	97	268	1.17e-21	95.1
WP_001043260.1	271	k121_1215389_11	N/A	34.247	79	219	1.50e-21	95.9
WP_001043260.1	271	k121_1612577_4	N/A	26.506	90	249	1.50e-21	94.7
WP_001043260.1	271	k121_1117241_2	N/A	32.381	76	210	1.76e-21	94.0
WP_001043260.1	271	k121_1468847_3	N/A	31.579	97	266	2.26e-21	95.9
WP_001043260.1	271	k121_27463_3	N/A	33.468	90	248	3.37e-21	95.5
WP_001043260.1	271	k121_190962_2	N/A	33.790	80	219	4.37e-21	92.4
WP_001043260.1	271	k121_1356128_2	N/A	30.417	85	240	5.83e-21	93.6
WP_001043260.1	271	k121_350338_1	N/A	42.400	46	125	9.11e-21	89.4
WP_001043260.1	271	k121_561178_1	N/A	33.140	62	172	2.63e-20	89.7
WP_001043260.1	271	k121_1056152_1	N/A	33.149	67	181	2.80e-20	89.4
WP_001043260.1	271	k121_95408_2	N/A	36.709	56	158	3.44e-20	89.0
WP_001043260.1	271	k121_821474_1	N/A	33.537	60	164	8.21e-20	88.2
WP_001043260.1	271	k121_216398_1	N/A	41.985	48	131	9.21e-20	87.4
WP_001043260.1	271	k121_35586_1	N/A	37.811	72	201	1.04e-19	89.0
WP_001043260.1	271	k121_612924_1	N/A	31.771	70	192	2.22e-19	91.7
WP_001043260.1	271	k121_1540728_1	N/A	42.308	38	104	2.24e-19	85.1
WP_001043260.1	271	k121_1264244_2	N/A	54.321	30	81	5.06e-19	83.6
WP_001043260.1	271	k121_1322893_1	N/A	32.099	83	243	1.52e-18	87.4
WP_001043260.1	271	k121_416193_1	N/A	32.456	80	228	2.75e-18	85.1
WP_001043260.1	271	k121_1339036_1	N/A	30.723	60	166	4.49e-18	83.6
WP_001043260.1	271	k121_1911494_15	N/A	32.973	65	185	5.12e-18	85.9
WP_001043260.1	271	k121_478818_1	N/A	36.508	69	189	5.36e-18	83.6
WP_001043260.1	271	k121_1879671_1	N/A	33.178	76	214	5.40e-18	84.0
WP_001043260.1	271	k121_487544_2	N/A	51.807	30	83	7.08e-18	80.5
WP_001043260.1	271	k121_1989907_1	N/A	43.011	34	93	8.61e-18	80.9
WP_001043260.1	271	k121_615781_2	N/A	29.508	66	183	1.41e-17	82.8
WP_001043260.1	271	k121_78769_11	N/A	27.941	97	272	1.61e-17	84.3
WP_001043260.1	271	k121_498996_1	N/A	32.068	80	237	2.07e-17	83.2
WP_001043260.1	271	k121_1647694_1	N/A	39.344	45	122	3.67e-17	80.1
WP_001043260.1	271	k121_1687151_1	N/A	37.209	46	129	4.84e-17	80.9
WP_001043260.1	271	k121_635240_2	N/A	28.519	97	270	6.04e-17	82.8
WP_001043260.1	271	k121_665229_6	N/A	31.737	60	167	6.12e-17	80.5
WP_001043260.1	271	k121_525720_1	N/A	45.370	39	108	1.10e-16	80.1
WP_001043260.1	271	k121_9049_8	N/A	28.148	97	270	1.25e-16	81.6
WP_001043260.1	271	k121_1447316_1	N/A	44.715	45	123	1.78e-16	79.0
WP_001043260.1	271	k121_1810858_85	N/A	28.159	97	277	2.17e-16	81.3
WP_001043260.1	271	k121_454101_1	N/A	40.196	37	102	2.18e-16	77.0
WP_001043260.1	271	k121_398895_1	N/A	30.882	74	204	2.24e-16	79.7
WP_001043260.1	271	k121_1904328_1	N/A	38.462	37	104	2.93e-16	77.4
WP_001043260.1	271	k121_40764_2	N/A	43.011	34	93	7.07e-16	75.9
WP_001043260.1	271	k121_601256_25	N/A	31.095	97	283	1.53e-15	79.0
WP_001043260.1	271	k121_435450_1	N/A	30.178	61	169	7.04e-15	74.7
WP_001043260.1	271	k121_1293051_1	N/A	32.738	62	168	8.02e-15	74.3
WP_001043260.1	271	k121_393487_1	N/A	33.571	51	140	8.45e-15	73.6
WP_001043260.1	271	k121_1746393_1	N/A	27.723	73	202	9.21e-15	75.1
WP_001043260.1	271	k121_1087979_1	N/A	45.333	28	75	9.35e-15	72.0
WP_001043260.1	271	k121_59246_6	N/A	28.417	97	278	1.77e-14	75.9
WP_001043260.1	271	k121_986072_1	N/A	28.346	90	254	6.88e-14	74.7
WP_001043260.1	271	k121_1796666_1	N/A	24.793	87	242	7.04e-14	73.6
WP_001043260.1	271	k121_583807_1	N/A	35.714	45	126	7.29e-14	71.6
WP_001043260.1	271	k121_1570732_1	N/A	29.940	61	167	1.07e-13	71.2
WP_001043260.1	271	k121_369726_1	N/A	30.233	46	129	1.95e-13	70.1
WP_001043260.1	271	k121_66737_1	N/A	28.205	96	273	3.44e-13	72.4
WP_001043260.1	271	k121_1898581_1	N/A	38.000	37	100	3.87e-13	70.5
WP_001043260.1	271	k121_340256_2	N/A	33.981	37	103	7.58e-13	67.4
WP_001043260.1	271	k121_611391_1	N/A	22.624	79	221	1.07e-12	70.1
WP_001043260.1	271	k121_643668_1	N/A	43.820	30	89	1.15e-12	67.4
WP_001043260.1	271	k121_1521889_1	N/A	50.000	22	60	3.69e-12	64.7
WP_001043260.1	271	k121_1106969_2	N/A	30.435	42	115	5.89e-12	65.9
WP_001043260.1	271	k121_794324_2	N/A	49.180	23	61	9.38e-12	63.2
WP_001043260.1	271	k121_731039_1	N/A	30.000	52	150	9.76e-12	65.5
WP_001043260.1	271	k121_190408_1	N/A	35.577	38	104	1.01e-11	67.0
WP_001043260.1	271	k121_504288_3	N/A	26.471	73	204	2.43e-11	65.9
WP_001043260.1	271	k121_510013_44	N/A	27.985	95	268	2.48e-11	66.6
WP_001043260.1	271	k121_1595965_1	N/A	32.520	44	123	2.59e-11	63.9
WP_001043260.1	271	k121_1420166_4	N/A	38.144	35	97	3.16e-11	63.2
WP_001043260.1	271	k121_832540_1	N/A	39.326	31	89	4.07e-11	62.8
WP_001043260.1	271	k121_73430_3	N/A	47.541	23	61	4.60e-11	61.2
WP_001043260.1	271	k121_938041_2	N/A	32.317	59	164	7.27e-11	63.5
WP_001043260.1	271	k121_300237_1	N/A	43.056	26	72	7.36e-11	66.2
WP_001043260.1	271	k121_1702806_1	N/A	37.000	37	100	8.19e-11	63.9
WP_001043260.1	271	k121_1181150_2	N/A	29.439	74	214	9.50e-11	65.1
WP_001043260.1	271	k121_2040472_1	N/A	37.190	44	121	1.56e-10	62.0
WP_001043260.1	271	k121_1235358_1	N/A	37.795	47	127	2.12e-10	61.6
WP_001043260.1	271	k121_1228511_2	N/A	38.961	28	77	2.27e-10	63.5
WP_001043260.1	271	k121_1255556_1	N/A	31.720	66	186	2.82e-10	62.0
WP_001043260.1	271	k121_108409_1	N/A	39.437	26	71	4.44e-10	63.5
WP_001043260.1	271	k121_1228511_3	N/A	25.943	75	212	4.85e-10	62.4
WP_001043260.1	271	k121_586016_1	N/A	33.136	60	169	4.93e-10	61.2
WP_001043260.1	271	k121_1961995_1	N/A	36.364	36	99	8.42e-10	62.4
WP_001043260.1	271	k121_586022_1	N/A	34.118	60	170	9.29e-10	60.5
WP_001043260.1	271	k121_1695652_2	N/A	48.649	27	74	1.00e-09	58.9
WP_001043260.1	271	k121_1900943_2	N/A	30.612	70	196	1.20e-09	60.8
WP_001043260.1	271	k121_1828506_2	N/A	34.375	46	128	1.23e-09	60.1
WP_001043260.1	271	k121_1738394_1	N/A	26.590	63	173	2.48e-09	59.7
WP_001043260.1	271	k121_1173924_1	N/A	30.921	55	152	2.62e-09	59.3
WP_001043260.1	271	k121_2040747_2	N/A	35.294	31	85	6.46e-09	56.2
WP_001043260.1	271	k121_1879560_1	N/A	32.278	55	158	7.77e-09	57.8
WP_001043260.1	271	k121_239626_2	N/A	34.848	24	66	1.15e-08	55.5
WP_001043260.1	271	k121_1924033_1	N/A	41.304	33	92	3.35e-08	54.7
WP_001043260.1	271	k121_809227_1	N/A	31.544	52	149	5.56e-08	55.5
WP_001043260.1	271	k121_1039832_2	N/A	29.189	68	185	5.90e-08	55.8
WP_001043260.1	271	k121_540268_2	N/A	35.644	37	101	1.01e-07	53.5
WP_001043260.1	271	k121_382157_2	N/A	37.500	61	168	2.14e-07	54.3
WP_001043260.1	271	k121_556322_2	N/A	31.351	68	185	1.04e-06	52.8
WP_001043260.1	271	k121_1093175_1	N/A	25.342	53	146	1.07e-06	51.6
WP_001043260.1	271	k121_633733_1	N/A	31.897	42	116	1.12e-06	50.4
WP_001043260.1	271	k121_395494_1	N/A	38.983	44	118	1.40e-06	50.4
WP_001043260.1	271	k121_254553_4	N/A	26.941	78	219	5.24e-06	50.8
WP_001043260.1	271	k121_1625440_2	N/A	30.275	40	109	1.23e-05	47.8
WP_001043260.1	271	k121_1463281_2	N/A	36.364	30	88	1.49e-05	47.4
WP_001043260.1	271	k121_1327155_1	N/A	31.579	35	95	7.66e-05	45.1
WP_001043260.1	271	k121_1230775_3	N/A	34.483	32	87	8.97e-05	45.8
WP_001043260.1	271	k121_1168292_1	N/A	37.500	23	64	0.003	39.7
WP_001043260.1	271	k121_53918_1	N/A	36.036	37	111	0.004	40.8
WP_001043260.1	271	k121_1720272_2	N/A	24.528	39	106	0.004	40.4
WP_001043260.1	271	k121_1632880_2	N/A	30.841	39	107	0.005	41.2
WP_001043260.1	271	k121_377882_1	N/A	27.485	59	171	0.005	41.2
WP_001043260.1	271	k121_315210_2	N/A	35.577	35	104	0.006	40.4
WP_001043260.1	271	k121_1614193_2	N/A	33.333	30	93	0.009	40.0
WP_001043260.1	271	k121_1476481_1	N/A	26.168	39	107	0.009	39.7
WP_001043260.1	271	k121_1968709_2	N/A	33.333	43	117	0.012	40.0
WP_001043260.1	271	k121_912356_2	N/A	31.343	25	67	0.014	38.1
WP_001043260.1	271	k121_1454188_2	N/A	40.984	22	61	0.022	37.7
WP_001043260.1	271	k121_504991_1	N/A	27.381	28	84	0.036	37.7
WP_001043260.1	271	k121_477952_1	N/A	27.551	36	98	0.051	37.0
WP_001043260.1	271	k121_1318865_1	N/A	39.344	23	61	0.067	38.9
WP_001043260.1	271	k121_1493085_1	N/A	27.184	38	103	0.070	37.7
WP_001043260.1	271	k121_788480_2	N/A	35.165	34	91	0.073	37.0
WP_001043260.1	271	k121_34923_1	N/A	38.554	30	83	0.077	36.6
WP_001043260.1	271	k121_724414_2	N/A	40.000	23	65	0.087	35.8
WP_000034420.1	263	k121_114747_8	N/A	60.392	97	255	2.85e-110	322
WP_000034420.1	263	k121_199697_2	N/A	41.538	98	260	1.56e-57	188
WP_000034420.1	263	k121_1056822_2	N/A	39.245	99	265	5.60e-55	181
WP_000034420.1	263	k121_832415_36	N/A	37.736	99	265	1.36e-54	181
WP_000034420.1	263	k121_644856_2	N/A	40.076	98	262	3.68e-54	180
WP_000034420.1	263	k121_572358_2	N/A	39.200	94	250	8.00e-52	173
WP_000034420.1	263	k121_46302_2	N/A	37.736	99	265	4.60e-50	170
WP_000034420.1	263	k121_348794_2	N/A	37.500	98	264	1.18e-48	166
WP_000034420.1	263	k121_2014696_1	N/A	38.224	98	259	3.38e-48	164
WP_000034420.1	263	k121_84633_3	N/A	38.168	99	262	6.81e-48	164
WP_000034420.1	263	k121_1659079_16	N/A	36.260	98	262	7.82e-48	163
WP_000034420.1	263	k121_621425_179	N/A	36.981	99	265	3.11e-47	162
WP_000034420.1	263	k121_643033_3	N/A	35.798	96	257	1.75e-46	160
WP_000034420.1	263	k121_1764220_20	N/A	36.364	99	264	8.45e-46	158
WP_000034420.1	263	k121_639442_2	N/A	35.409	96	257	8.79e-46	158
WP_000034420.1	263	k121_1258769_2	N/A	37.200	93	250	9.46e-46	157
WP_000034420.1	263	k121_2000417_4	N/A	35.798	96	257	1.56e-45	157
WP_000034420.1	263	k121_155785_36	N/A	38.868	97	265	2.14e-44	155
WP_000034420.1	263	k121_1713715_2	N/A	36.538	97	260	2.19e-44	154
WP_000034420.1	263	k121_995322_8	N/A	34.717	100	265	1.20e-43	152
WP_000034420.1	263	k121_1838055_2	N/A	37.452	97	259	8.19e-43	150
WP_000034420.1	263	k121_1046125_13	N/A	35.606	99	264	1.62e-42	150
WP_000034420.1	263	k121_1725945_10	N/A	33.840	98	263	3.06e-42	149
WP_000034420.1	263	k121_341454_1	N/A	34.728	91	239	1.11e-41	147
WP_000034420.1	263	k121_76977_7	N/A	34.457	98	267	2.23e-41	147
WP_000034420.1	263	k121_205246_7	N/A	34.340	98	265	2.63e-41	147
WP_000034420.1	263	k121_1190486_1	N/A	33.206	99	262	7.30e-41	145
WP_000034420.1	263	k121_696444_11	N/A	34.962	99	266	1.14e-40	145
WP_000034420.1	263	k121_1828724_5	N/A	33.452	99	281	2.63e-40	144
WP_000034420.1	263	k121_1266788_2	N/A	32.852	99	277	6.74e-40	143
WP_000034420.1	263	k121_604441_3	N/A	30.000	97	270	1.37e-39	142
WP_000034420.1	263	k121_1545562_1	N/A	34.173	99	278	2.64e-39	145
WP_000034420.1	263	k121_1807785_14	N/A	33.835	98	266	2.22e-38	139
WP_000034420.1	263	k121_1038804_1	N/A	37.179	87	234	3.18e-37	135
WP_000034420.1	263	k121_781958_4	N/A	35.741	98	263	5.36e-37	136
WP_000034420.1	263	k121_1377548_58	N/A	32.472	99	271	7.62e-37	135
WP_000034420.1	263	k121_1084308_3	N/A	32.824	98	262	8.57e-37	135
WP_000034420.1	263	k121_1914151_2	N/A	36.864	87	236	2.01e-36	133
WP_000034420.1	263	k121_2024297_10	N/A	33.840	99	263	2.21e-36	134
WP_000034420.1	263	k121_532970_4	N/A	31.203	98	266	2.32e-36	134
WP_000034420.1	263	k121_1092404_3	N/A	36.122	97	263	3.51e-36	133
WP_000034420.1	263	k121_813518_2	N/A	34.872	74	195	1.34e-35	130
WP_000034420.1	263	k121_1705050_3	N/A	36.923	98	260	2.91e-35	131
WP_000034420.1	263	k121_1180142_4	N/A	31.579	99	266	3.06e-35	132
WP_000034420.1	263	k121_403821_3	N/A	33.597	94	253	1.33e-34	129
WP_000034420.1	263	k121_1977332_17	N/A	35.581	98	267	2.87e-34	128
WP_000034420.1	263	k121_812370_1	N/A	33.488	81	215	3.45e-34	127
WP_000034420.1	263	k121_740917_2	N/A	32.296	96	257	4.91e-34	127
WP_000034420.1	263	k121_798989_3	N/A	32.685	97	257	8.55e-34	126
WP_000034420.1	263	k121_1086432_1	N/A	60.606	38	99	4.05e-33	120
WP_000034420.1	263	k121_1748637_1	N/A	31.349	94	252	2.24e-32	123
WP_000034420.1	263	k121_1341304_1	N/A	31.818	98	264	3.68e-32	122
WP_000034420.1	263	k121_959143_138	N/A	32.075	98	265	3.71e-32	124
WP_000034420.1	263	k121_1489029_1	N/A	35.870	67	184	4.22e-32	120
WP_000034420.1	263	k121_994597_2	N/A	34.783	94	253	1.83e-31	121
WP_000034420.1	263	k121_1141402_1	N/A	31.955	99	266	2.00e-31	120
WP_000034420.1	263	k121_1281191_1	N/A	29.412	94	255	2.24e-31	122
WP_000034420.1	263	k121_521089_7	N/A	32.950	98	261	5.01e-31	120
WP_000034420.1	263	k121_1744376_7	N/A	32.830	98	265	5.72e-31	119
WP_000034420.1	263	k121_1056152_1	N/A	37.500	69	184	7.47e-31	117
WP_000034420.1	263	k121_23809_1	N/A	32.197	98	264	9.07e-31	119
WP_000034420.1	263	k121_1362315_6	N/A	31.939	99	263	1.05e-30	121
WP_000034420.1	263	k121_735650_2	N/A	33.977	98	259	1.08e-30	119
WP_000034420.1	263	k121_1054414_4	N/A	31.321	98	265	1.70e-30	118
WP_000034420.1	263	k121_1423786_1	N/A	34.962	99	266	1.85e-30	118
WP_000034420.1	263	k121_302793_4	N/A	32.806	94	253	3.51e-30	118
WP_000034420.1	263	k121_1922827_7	N/A	32.222	98	270	3.77e-30	122
WP_000034420.1	263	k121_756314_3	N/A	30.303	98	264	5.18e-30	117
WP_000034420.1	263	k121_1666986_3	N/A	31.852	98	270	5.77e-30	121
WP_000034420.1	263	k121_424558_4	N/A	30.682	98	264	7.14e-29	114
WP_000034420.1	263	k121_190962_2	N/A	32.273	83	220	1.01e-28	112
WP_000034420.1	263	k121_457638_12	N/A	30.350	95	257	1.05e-28	113
WP_000034420.1	263	k121_618_6	N/A	29.856	94	278	1.40e-28	113
WP_000034420.1	263	k121_1215389_11	N/A	30.769	93	273	1.55e-28	114
WP_000034420.1	263	k121_1140068_1	N/A	34.759	70	187	3.63e-28	110
WP_000034420.1	263	k121_1076811_5	N/A	32.319	97	263	3.72e-28	112
WP_000034420.1	263	k121_562054_1	N/A	34.857	66	175	4.54e-28	109
WP_000034420.1	263	k121_1681690_253	N/A	32.016	93	253	5.82e-28	112
WP_000034420.1	263	k121_143397_2	N/A	29.963	99	267	1.19e-27	112
WP_000034420.1	263	k121_1182088_3	N/A	33.486	81	218	1.47e-27	110
WP_000034420.1	263	k121_1356128_2	N/A	29.930	98	284	1.65e-27	111
WP_000034420.1	263	k121_1322893_1	N/A	34.454	87	238	2.55e-27	110
WP_000034420.1	263	k121_1321241_33	N/A	32.955	98	264	4.73e-27	109
WP_000034420.1	263	k121_422293_2	N/A	29.167	98	264	4.87e-27	109
WP_000034420.1	263	k121_1369258_4	N/A	29.231	97	260	8.33e-27	109
WP_000034420.1	263	k121_1367149_1	N/A	33.585	95	265	1.16e-26	108
WP_000034420.1	263	k121_1468847_3	N/A	30.418	99	263	1.73e-26	109
WP_000034420.1	263	k121_1291475_41	N/A	27.519	97	258	2.07e-26	107
WP_000034420.1	263	k121_66737_1	N/A	29.572	94	257	4.32e-26	107
WP_000034420.1	263	k121_35586_1	N/A	33.500	76	200	4.64e-26	105
WP_000034420.1	263	k121_1148202_1	N/A	36.313	66	179	7.99e-26	104
WP_000034420.1	263	k121_821474_1	N/A	36.196	61	163	1.12e-25	103
WP_000034420.1	263	k121_92006_2	N/A	28.996	97	269	1.41e-25	105
WP_000034420.1	263	k121_1117241_2	N/A	28.070	84	228	2.11e-25	103
WP_000034420.1	263	k121_615781_2	N/A	32.474	72	194	3.58e-25	102
WP_000034420.1	263	k121_510013_44	N/A	29.880	93	251	3.65e-25	104
WP_000034420.1	263	k121_27463_3	N/A	30.189	99	265	4.20e-25	105
WP_000034420.1	263	k121_1810858_85	N/A	29.771	97	262	8.34e-25	103
WP_000034420.1	263	k121_78769_11	N/A	29.389	97	262	6.32e-24	101
WP_000034420.1	263	k121_435450_1	N/A	34.118	63	170	2.58e-23	97.1
WP_000034420.1	263	k121_350338_1	N/A	37.903	47	124	2.74e-23	95.9
WP_000034420.1	263	k121_1400982_1	N/A	30.357	84	224	1.22e-22	96.7
WP_000034420.1	263	k121_1647694_1	N/A	35.762	57	151	1.26e-22	94.4
WP_000034420.1	263	k121_525720_1	N/A	44.554	38	101	1.69e-22	95.5
WP_000034420.1	263	k121_478818_1	N/A	33.862	71	189	4.95e-22	94.4
WP_000034420.1	263	k121_612924_1	N/A	35.795	66	176	7.94e-22	98.2
WP_000034420.1	263	k121_1859100_3	N/A	29.870	81	231	8.26e-22	95.1
WP_000034420.1	263	k121_9049_8	N/A	28.889	98	270	1.10e-21	95.5
WP_000034420.1	263	k121_635240_2	N/A	28.889	98	270	1.59e-21	95.1
WP_000034420.1	263	k121_1309236_2	N/A	40.187	41	107	1.83e-21	90.5
WP_000034420.1	263	k121_1796666_1	N/A	29.614	87	233	1.89e-21	94.0
WP_000034420.1	263	k121_1612577_4	N/A	29.924	98	264	1.44e-20	91.7
WP_000034420.1	263	k121_1540728_1	N/A	40.777	39	103	1.46e-20	88.2
WP_000034420.1	263	k121_1746393_1	N/A	28.796	72	191	3.28e-20	89.4
WP_000034420.1	263	k121_1989907_1	N/A	52.500	30	80	4.41e-20	86.7
WP_000034420.1	263	k121_59246_6	N/A	30.075	97	266	6.47e-20	90.5
WP_000034420.1	263	k121_896062_16	N/A	27.758	97	281	7.55e-20	90.1
WP_000034420.1	263	k121_1911494_15	N/A	27.184	77	206	1.09e-19	90.5
WP_000034420.1	263	k121_986072_1	N/A	29.134	94	254	1.12e-19	90.9
WP_000034420.1	263	k121_40764_2	N/A	40.816	37	98	2.00e-19	85.1
WP_000034420.1	263	k121_504288_3	N/A	32.195	76	205	3.88e-19	87.0
WP_000034420.1	263	k121_498996_1	N/A	30.594	82	219	5.12e-19	87.4
WP_000034420.1	263	k121_1981501_1	N/A	31.953	62	169	5.34e-19	85.5
WP_000034420.1	263	k121_416193_1	N/A	27.111	83	225	6.39e-19	86.7
WP_000034420.1	263	k121_1879671_1	N/A	29.126	77	206	7.43e-19	86.3
WP_000034420.1	263	k121_398895_1	N/A	31.188	76	202	1.06e-18	85.9
WP_000034420.1	263	k121_393487_1	N/A	34.586	50	133	2.69e-18	82.8
WP_000034420.1	263	k121_1293051_1	N/A	32.353	65	170	3.91e-18	83.2
WP_000034420.1	263	k121_1687151_1	N/A	29.940	62	167	6.60e-18	83.2
WP_000034420.1	263	k121_2040472_1	N/A	40.164	46	122	8.02e-18	81.6
WP_000034420.1	263	k121_1255556_1	N/A	29.189	69	185	1.25e-17	82.0
WP_000034420.1	263	k121_561178_1	N/A	31.325	62	166	1.79e-17	82.0
WP_000034420.1	263	k121_1278112_1	N/A	32.961	67	179	1.96e-17	82.0
WP_000034420.1	263	k121_583807_1	N/A	36.719	48	128	2.17e-17	80.9
WP_000034420.1	263	k121_216398_1	N/A	37.398	46	123	2.20e-17	80.9
WP_000034420.1	263	k121_1106969_2	N/A	33.858	48	127	5.42e-17	79.3
WP_000034420.1	263	k121_95408_2	N/A	32.278	58	158	9.62e-17	79.7
WP_000034420.1	263	k121_1228511_2	N/A	50.704	27	71	1.08e-16	80.9
WP_000034420.1	263	k121_1898581_1	N/A	37.500	40	104	1.77e-16	79.7
WP_000034420.1	263	k121_340256_2	N/A	36.893	38	103	1.93e-16	77.0
WP_000034420.1	263	k121_1173924_1	N/A	31.176	62	170	3.65e-16	78.2
WP_000034420.1	263	k121_643668_1	N/A	43.478	32	92	4.16e-16	76.6
WP_000034420.1	263	k121_190408_1	N/A	34.921	47	126	4.53e-16	79.0
WP_000034420.1	263	k121_1264244_2	N/A	48.750	30	80	7.33e-16	75.1
WP_000034420.1	263	k121_1447316_1	N/A	40.323	47	124	1.95e-15	75.9
WP_000034420.1	263	k121_938041_2	N/A	30.488	61	164	2.04e-15	75.9
WP_000034420.1	263	k121_794324_2	N/A	55.738	23	61	2.37e-15	72.4
WP_000034420.1	263	k121_254553_4	N/A	28.111	81	217	2.88e-15	76.6
WP_000034420.1	263	k121_1879560_1	N/A	28.571	62	168	5.67e-15	74.7
WP_000034420.1	263	k121_1595965_1	N/A	36.000	46	125	5.81e-15	73.6
WP_000034420.1	263	k121_1181150_2	N/A	27.358	78	212	9.45e-15	76.3
WP_000034420.1	263	k121_487544_2	N/A	40.698	33	86	1.10e-14	72.0
WP_000034420.1	263	k121_586016_1	N/A	31.977	62	172	1.43e-14	73.6
WP_000034420.1	263	k121_1339036_1	N/A	35.714	47	126	1.57e-14	73.9
WP_000034420.1	263	k121_1570732_1	N/A	32.164	64	171	1.63e-14	73.2
WP_000034420.1	263	k121_1961995_1	N/A	41.237	36	97	2.21e-14	75.5
WP_000034420.1	263	k121_665229_6	N/A	31.138	62	167	2.24e-14	73.6
WP_000034420.1	263	k121_1087979_1	N/A	43.478	26	69	4.02e-14	70.1
WP_000034420.1	263	k121_1228511_3	N/A	26.699	74	206	4.93e-14	73.6
WP_000034420.1	263	k121_454101_1	N/A	40.594	38	101	6.39e-14	70.5
WP_000034420.1	263	k121_586022_1	N/A	31.395	62	172	6.63e-14	72.0
WP_000034420.1	263	k121_1235358_1	N/A	39.496	45	119	2.39e-13	69.7
WP_000034420.1	263	k121_601256_25	N/A	31.970	97	269	3.57e-13	72.0
WP_000034420.1	263	k121_1738394_1	N/A	29.050	67	179	9.40e-13	68.9
WP_000034420.1	263	k121_1904328_1	N/A	35.294	38	102	3.29e-12	66.2
WP_000034420.1	263	k121_73430_3	N/A	50.820	23	61	4.92e-12	63.5
WP_000034420.1	263	k121_1900943_2	N/A	27.660	70	188	7.29e-12	67.0
WP_000034420.1	263	k121_369726_1	N/A	34.127	47	126	9.42e-12	65.5
WP_000034420.1	263	k121_382157_2	N/A	31.325	63	166	1.43e-11	65.9
WP_000034420.1	263	k121_2040747_2	N/A	37.647	32	85	1.74e-11	63.2
WP_000034420.1	263	k121_108409_1	N/A	36.264	35	91	2.49e-11	67.4
WP_000034420.1	263	k121_239626_2	N/A	39.706	26	68	3.00e-11	62.4
WP_000034420.1	263	k121_1093175_1	N/A	26.897	55	145	8.25e-11	63.2
WP_000034420.1	263	k121_809227_1	N/A	28.571	54	147	1.22e-10	62.8
WP_000034420.1	263	k121_731039_1	N/A	30.872	54	149	1.47e-10	62.4
WP_000034420.1	263	k121_832540_1	N/A	38.889	32	90	1.97e-10	60.5
WP_000034420.1	263	k121_611391_1	N/A	24.889	82	225	2.21e-10	63.5
WP_000034420.1	263	k121_1968709_2	N/A	27.338	53	139	2.21e-10	62.0
WP_000034420.1	263	k121_1702806_1	N/A	37.624	38	101	2.22e-10	62.4
WP_000034420.1	263	k121_633733_1	N/A	34.579	40	107	2.63e-10	60.5
WP_000034420.1	263	k121_300237_1	N/A	41.667	27	72	4.95e-10	63.5
WP_000034420.1	263	k121_556322_2	N/A	33.043	43	115	1.27e-09	60.8
WP_000034420.1	263	k121_377882_1	N/A	27.168	63	173	2.19e-09	59.3
WP_000034420.1	263	k121_1828506_2	N/A	33.333	47	126	2.62e-09	58.9
WP_000034420.1	263	k121_1230775_3	N/A	36.264	34	91	3.73e-09	57.8
WP_000034420.1	263	k121_1327155_1	N/A	34.737	36	95	4.13e-09	56.6
WP_000034420.1	263	k121_315210_2	N/A	34.711	46	121	9.81e-09	56.6
WP_000034420.1	263	k121_395494_1	N/A	37.500	46	120	3.61e-08	55.1
WP_000034420.1	263	k121_1420166_4	N/A	35.484	35	93	3.68e-08	54.7
WP_000034420.1	263	k121_1521889_1	N/A	41.667	23	60	4.15e-08	53.5
WP_000034420.1	263	k121_1625440_2	N/A	30.833	46	120	5.70e-08	54.3
WP_000034420.1	263	k121_1299680_1	N/A	26.974	57	152	6.68e-08	55.1
WP_000034420.1	263	k121_1039832_2	N/A	28.090	67	178	1.03e-07	55.1
WP_000034420.1	263	k121_1720272_2	N/A	32.673	38	101	4.29e-07	51.2
WP_000034420.1	263	k121_1924033_1	N/A	30.208	37	96	2.82e-06	49.3
WP_000034420.1	263	k121_1168292_1	N/A	40.000	22	60	3.35e-06	47.8
WP_000034420.1	263	k121_53918_1	N/A	31.776	36	107	6.91e-06	48.5
WP_000034420.1	263	k121_540268_2	N/A	30.357	43	112	1.31e-05	47.4
WP_000034420.1	263	k121_34923_1	N/A	30.000	34	90	2.56e-05	46.2
WP_000034420.1	263	k121_1082168_2	N/A	28.571	41	112	7.79e-05	45.8
WP_000034420.1	263	k121_477952_1	N/A	28.125	37	96	8.47e-05	45.1
WP_000034420.1	263	k121_1695652_2	N/A	39.130	26	69	3.14e-04	43.5
WP_000034420.1	263	k121_1192098_1	N/A	41.509	20	53	3.97e-04	42.0
WP_000034420.1	263	k121_1632880_2	N/A	28.000	55	150	5.69e-04	43.9
WP_000034420.1	263	k121_912356_2	N/A	38.806	25	67	6.78e-04	41.6
WP_000034420.1	263	k121_1463281_2	N/A	34.483	31	87	7.13e-04	42.4
WP_000034420.1	263	k121_1246860_2	N/A	24.468	35	94	0.002	40.8
WP_000034420.1	263	k121_788480_2	N/A	31.111	34	90	0.002	40.8
WP_000034420.1	263	k121_1454188_2	N/A	33.333	22	60	0.004	40.0
WP_000034420.1	263	k121_1476481_1	N/A	26.891	44	119	0.005	40.4
WP_000034420.1	263	k121_1886873_3	N/A	35.593	22	59	0.006	38.9
WP_000034420.1	263	k121_1143949_2	N/A	47.273	21	55	0.008	38.1
WP_000034420.1	263	k121_1318865_1	N/A	38.333	23	60	0.009	41.6
WP_000034420.1	263	k121_23259_4	N/A	40.000	23	60	0.011	41.2
WP_000034420.1	263	k121_1238776_1	N/A	39.655	22	58	0.014	40.0
WP_000034420.1	263	k121_1191139_3	N/A	25.203	43	123	0.062	38.5
WP_000034420.1	263	k121_284639_1	N/A	33.846	25	65	0.090	37.4
WP_000034420.1	263	k121_1624549_2	N/A	27.778	34	90	0.095	36.2
WP_000845048.1	337	k121_1155043_2	N/A	99.110	100	337	0.0	678
WP_000845048.1	337	k121_1082016_1	N/A	62.195	97	328	4.43e-151	431
WP_000845048.1	337	k121_1203737_2	N/A	61.818	95	330	2.13e-139	404
WP_000845048.1	337	k121_409565_2	N/A	59.347	100	337	5.03e-131	382
WP_000845048.1	337	k121_670656_4	N/A	57.492	97	327	3.46e-124	363
WP_000845048.1	337	k121_1776500_1	N/A	72.857	62	210	2.12e-110	323
WP_000845048.1	337	k121_866751_1	N/A	77.778	59	198	7.84e-108	317
WP_000845048.1	337	k121_1081414_1	N/A	51.899	94	316	2.73e-106	318
WP_000845048.1	337	k121_679386_3	N/A	71.782	60	202	2.25e-102	303
WP_000845048.1	337	k121_1812251_1	N/A	72.081	58	197	3.10e-99	295
WP_000845048.1	337	k121_450411_1	N/A	51.235	96	324	1.02e-98	298
WP_000845048.1	337	k121_1228222_1	N/A	49.367	94	316	6.34e-95	292
WP_000845048.1	337	k121_75509_2	N/A	47.134	93	314	2.84e-92	286
WP_000845048.1	337	k121_1720280_1	N/A	52.326	73	258	3.95e-89	271
WP_000845048.1	337	k121_1820452_8	N/A	56.327	73	245	7.60e-89	270
WP_000845048.1	337	k121_884021_1	N/A	46.278	92	309	2.12e-87	270
WP_000845048.1	337	k121_312893_2	N/A	67.760	54	183	2.61e-86	262
WP_000845048.1	337	k121_1673190_2	N/A	48.889	93	315	1.68e-85	269
WP_000845048.1	337	k121_366985_2	N/A	47.077	94	325	1.95e-85	265
WP_000845048.1	337	k121_1636025_2	N/A	67.416	53	178	5.44e-84	255
WP_000845048.1	337	k121_1284017_1	N/A	72.781	50	169	2.70e-83	253
WP_000845048.1	337	k121_1759516_6	N/A	42.722	93	316	1.93e-78	247
WP_000845048.1	337	k121_1161744_10	N/A	45.283	93	318	1.16e-77	251
WP_000845048.1	337	k121_196226_1	N/A	62.766	56	188	2.38e-77	238
WP_000845048.1	337	k121_1018699_2	N/A	58.454	59	207	5.71e-77	239
WP_000845048.1	337	k121_376098_2	N/A	77.931	43	145	7.40e-77	236
WP_000845048.1	337	k121_358129_1	N/A	61.735	58	196	4.75e-76	235
WP_000845048.1	337	k121_966074_1	N/A	61.579	55	190	5.33e-76	235
WP_000845048.1	337	k121_557221_1	N/A	57.360	58	197	1.16e-75	234
WP_000845048.1	337	k121_1822395_1	N/A	53.017	69	232	2.00e-72	228
WP_000845048.1	337	k121_123305_1	N/A	55.000	59	200	2.17e-68	216
WP_000845048.1	337	k121_1897489_1	N/A	54.500	59	200	2.22e-66	211
WP_000845048.1	337	k121_1599944_2	N/A	70.290	41	138	6.62e-65	206
WP_000845048.1	337	k121_1138698_3	N/A	62.025	47	158	1.34e-64	205
WP_000845048.1	337	k121_70346_1	N/A	50.000	65	220	1.51e-64	207
WP_000845048.1	337	k121_12157_1	N/A	58.434	49	166	4.81e-64	204
WP_000845048.1	337	k121_24340_2	N/A	55.682	52	176	8.46e-64	203
WP_000845048.1	337	k121_1981224_1	N/A	75.373	40	134	4.62e-63	202
WP_000845048.1	337	k121_1963210_1	N/A	43.307	75	254	5.05e-62	203
WP_000845048.1	337	k121_1714907_1	N/A	68.387	46	155	2.03e-61	197
WP_000845048.1	337	k121_1718151_1	N/A	64.901	45	151	7.37e-61	196
WP_000845048.1	337	k121_1817592_4	N/A	52.381	56	189	7.22e-59	192
WP_000845048.1	337	k121_525884_6	N/A	66.901	42	142	1.27e-58	191
WP_000845048.1	337	k121_1316252_1	N/A	43.725	73	247	6.65e-58	191
WP_000845048.1	337	k121_1826362_1	N/A	69.767	38	129	6.61e-57	184
WP_000845048.1	337	k121_606253_1	N/A	49.239	58	197	3.13e-56	185
WP_000845048.1	337	k121_1351214_1	N/A	53.216	51	171	5.37e-56	183
WP_000845048.1	337	k121_897864_1	N/A	77.966	35	118	6.08e-55	181
WP_000845048.1	337	k121_1001150_2	N/A	47.059	58	204	1.82e-54	181
WP_000845048.1	337	k121_2016272_1	N/A	68.254	37	126	2.42e-53	177
WP_000845048.1	337	k121_1560809_1	N/A	54.802	46	177	2.48e-53	177
WP_000845048.1	337	k121_397161_2	N/A	64.122	39	131	3.58e-53	175
WP_000845048.1	337	k121_1552465_1	N/A	59.722	42	144	1.51e-52	174
WP_000845048.1	337	k121_470647_2	N/A	48.444	66	225	1.70e-52	176
WP_000845048.1	337	k121_1168096_1	N/A	53.012	49	166	2.31e-51	171
WP_000845048.1	337	k121_249167_2	N/A	34.568	95	324	5.63e-51	177
WP_000845048.1	337	k121_1254031_1	N/A	42.920	67	226	1.38e-50	171
WP_000845048.1	337	k121_794229_2	N/A	33.742	96	326	3.69e-48	172
WP_000845048.1	337	k121_940647_2	N/A	42.986	66	221	1.29e-47	164
WP_000845048.1	337	k121_1058046_2	N/A	56.410	46	156	2.30e-46	158
WP_000845048.1	337	k121_859361_1	N/A	49.711	51	173	2.38e-46	159
WP_000845048.1	337	k121_1678140_2	N/A	35.370	91	311	1.22e-45	160
WP_000845048.1	337	k121_1055379_1	N/A	46.061	49	165	1.15e-44	154
WP_000845048.1	337	k121_1741744_2	N/A	34.323	90	303	4.31e-44	161
WP_000845048.1	337	k121_518498_2	N/A	63.636	36	121	7.43e-44	150
WP_000845048.1	337	k121_1650682_1	N/A	36.120	87	299	2.44e-42	151
WP_000845048.1	337	k121_233078_2	N/A	31.908	90	304	2.57e-42	151
WP_000845048.1	337	k121_750746_1	N/A	49.655	43	145	1.07e-41	145
WP_000845048.1	337	k121_1103165_5	N/A	31.746	93	315	3.58e-41	149
WP_000845048.1	337	k121_1506655_3	N/A	31.348	93	319	5.55e-41	148
WP_000845048.1	337	k121_823364_1	N/A	55.639	38	133	9.46e-41	143
WP_000845048.1	337	k121_1078085_1	N/A	32.673	90	303	1.37e-40	149
WP_000845048.1	337	k121_1202465_2	N/A	31.949	92	313	4.72e-40	150
WP_000845048.1	337	k121_729049_2	N/A	33.443	90	305	5.45e-40	146
WP_000845048.1	337	k121_1038760_3	N/A	46.196	55	184	8.46e-40	142
WP_000845048.1	337	k121_1498350_2	N/A	36.278	94	317	9.96e-39	142
WP_000845048.1	337	k121_1195407_2	N/A	34.385	93	317	1.98e-38	142
WP_000845048.1	337	k121_1415226_1	N/A	44.262	54	183	2.93e-38	138
WP_000845048.1	337	k121_949040_1	N/A	38.378	49	185	7.26e-38	137
WP_000845048.1	337	k121_1520347_1	N/A	44.444	51	171	8.17e-36	131
WP_000845048.1	337	k121_1418355_1	N/A	49.306	43	144	1.02e-35	130
WP_000845048.1	337	k121_1094915_1	N/A	52.893	36	121	1.05e-35	131
WP_000845048.1	337	k121_751708_3	N/A	32.704	94	318	1.25e-35	137
WP_000845048.1	337	k121_777462_2	N/A	34.328	99	335	1.96e-35	134
WP_000845048.1	337	k121_546471_6	N/A	30.818	93	318	4.87e-35	135
WP_000845048.1	337	k121_1819901_1	N/A	29.254	98	335	1.11e-34	135
WP_000845048.1	337	k121_1371348_1	N/A	35.484	73	248	1.35e-34	129
WP_000845048.1	337	k121_951121_5	N/A	29.582	92	311	1.67e-34	133
WP_000845048.1	337	k121_589459_4	N/A	33.133	98	332	4.22e-34	130
WP_000845048.1	337	k121_1770755_2	N/A	32.831	98	332	1.25e-33	129
WP_000845048.1	337	k121_1310679_3	N/A	29.688	94	320	2.03e-33	128
WP_000845048.1	337	k121_344538_6	N/A	28.479	91	309	4.86e-33	129
WP_000845048.1	337	k121_1900863_1	N/A	33.634	98	333	7.42e-33	127
WP_000845048.1	337	k121_1501172_3	N/A	29.290	98	338	1.18e-32	129
WP_000845048.1	337	k121_1771750_3	N/A	27.393	90	303	1.56e-32	127
WP_000845048.1	337	k121_483716_2	N/A	36.634	88	303	3.69e-32	125
WP_000845048.1	337	k121_911726_1	N/A	46.269	40	134	5.09e-32	121
WP_000845048.1	337	k121_43400_1	N/A	34.228	87	298	5.94e-32	124
WP_000845048.1	337	k121_1952580_1	N/A	33.028	97	327	6.45e-32	125
WP_000845048.1	337	k121_23943_3	N/A	29.286	83	280	7.24e-32	123
WP_000845048.1	337	k121_1597353_1	N/A	30.284	93	317	1.26e-31	123
WP_000845048.1	337	k121_110213_1	N/A	32.890	85	301	1.36e-31	124
WP_000845048.1	337	k121_798249_2	N/A	43.704	40	135	1.38e-31	121
WP_000845048.1	337	k121_1808890_6	N/A	27.632	90	304	2.62e-31	124
WP_000845048.1	337	k121_669691_3	N/A	31.804	96	327	3.24e-31	123
WP_000845048.1	337	k121_174596_1	N/A	32.390	93	318	6.11e-31	122
WP_000845048.1	337	k121_846113_16	N/A	28.435	92	313	1.51e-30	125
WP_000845048.1	337	k121_540764_5	N/A	29.043	90	303	2.17e-30	122
WP_000845048.1	337	k121_1639794_3	N/A	74.627	20	67	1.41e-29	112
WP_000845048.1	337	k121_1403590_1	N/A	27.744	95	328	1.84e-29	119
WP_000845048.1	337	k121_570048_1	N/A	34.824	92	313	6.42e-29	116
WP_000845048.1	337	k121_1116808_1	N/A	32.733	97	333	8.32e-29	116
WP_000845048.1	337	k121_458662_1	N/A	33.660	90	306	8.71e-29	115
WP_000845048.1	337	k121_152121_1	N/A	45.600	37	125	1.52e-28	111
WP_000845048.1	337	k121_26574_2	N/A	28.479	90	309	1.92e-28	115
WP_000845048.1	337	k121_123929_1	N/A	29.968	93	317	2.63e-28	117
WP_000845048.1	337	k121_1481470_2	N/A	32.537	99	335	3.49e-28	114
WP_000845048.1	337	k121_1338269_3	N/A	31.348	94	319	6.62e-28	114
WP_000845048.1	337	k121_1470537_14	N/A	27.445	93	317	1.06e-27	114
WP_000845048.1	337	k121_2000632_1	N/A	36.818	65	220	1.23e-27	110
WP_000845048.1	337	k121_854353_2	N/A	25.240	91	313	2.95e-27	112
WP_000845048.1	337	k121_881889_1	N/A	31.441	67	229	4.35e-27	109
WP_000845048.1	337	k121_1945402_2	N/A	50.980	30	102	5.76e-27	106
WP_000845048.1	337	k121_885018_1	N/A	62.195	23	82	1.24e-26	104
WP_000845048.1	337	k121_83495_2	N/A	35.678	59	199	1.52e-26	107
WP_000845048.1	337	k121_1643097_1	N/A	31.833	91	311	1.57e-26	110
WP_000845048.1	337	k121_817918_1	N/A	36.453	60	203	2.75e-26	106
WP_000845048.1	337	k121_1803232_1	N/A	64.286	21	70	5.80e-26	102
WP_000845048.1	337	k121_116132_2	N/A	36.325	69	234	6.18e-26	108
WP_000845048.1	337	k121_1486705_1	N/A	28.276	85	290	6.38e-26	109
WP_000845048.1	337	k121_434942_4	N/A	26.205	98	332	7.97e-26	109
WP_000845048.1	337	k121_1733487_1	N/A	37.234	55	188	2.48e-25	103
WP_000845048.1	337	k121_1551770_1	N/A	53.333	30	105	3.28e-25	102
WP_000845048.1	337	k121_1378643_1	N/A	30.464	89	302	5.29e-25	106
WP_000845048.1	337	k121_219232_1	N/A	30.868	91	311	5.45e-25	105
WP_000845048.1	337	k121_53849_9	N/A	48.544	28	103	5.88e-25	102
WP_000845048.1	337	k121_867986_1	N/A	31.179	78	263	6.13e-25	104
WP_000845048.1	337	k121_1741964_1	N/A	29.213	77	267	6.98e-25	104
WP_000845048.1	337	k121_384651_1	N/A	36.199	65	221	9.19e-25	105
WP_000845048.1	337	k121_1691055_1	N/A	42.568	43	148	1.11e-24	105
WP_000845048.1	337	k121_593214_2	N/A	31.878	67	229	1.55e-24	103
WP_000845048.1	337	k121_1771485_2	N/A	30.592	89	304	1.75e-24	103
WP_000845048.1	337	k121_587476_16	N/A	33.088	77	272	1.96e-24	105
WP_000845048.1	337	k121_808236_9	N/A	34.247	62	219	4.37e-24	104
WP_000845048.1	337	k121_1209987_10	N/A	38.073	63	218	5.81e-24	103
WP_000845048.1	337	k121_416448_1	N/A	31.600	74	250	6.21e-24	101
WP_000845048.1	337	k121_321558_2	N/A	29.474	82	285	7.19e-24	103
WP_000845048.1	337	k121_1257973_36	N/A	33.574	76	277	7.90e-24	103
WP_000845048.1	337	k121_1771600_10	N/A	38.073	63	218	1.11e-23	103
WP_000845048.1	337	k121_1410259_4	N/A	28.428	84	299	1.60e-23	102
WP_000845048.1	337	k121_308274_3	N/A	46.729	32	107	2.47e-23	96.7
WP_000845048.1	337	k121_340139_1	N/A	33.186	66	226	3.44e-23	98.6
WP_000845048.1	337	k121_1856075_1	N/A	30.682	76	264	4.11e-23	99.8
WP_000845048.1	337	k121_1940334_1	N/A	32.576	76	264	4.31e-23	100
WP_000845048.1	337	k121_733087_1	N/A	33.500	59	200	5.41e-23	97.8
WP_000845048.1	337	k121_1481684_2	N/A	34.545	64	220	5.69e-23	100
WP_000845048.1	337	k121_1050513_2	N/A	30.719	87	306	6.34e-23	100
WP_000845048.1	337	k121_1345255_1	N/A	59.494	22	79	1.47e-22	94.0
WP_000845048.1	337	k121_181305_1	N/A	31.696	66	224	1.48e-22	97.1
WP_000845048.1	337	k121_355625_3	N/A	57.500	23	80	1.70e-22	94.4
WP_000845048.1	337	k121_399935_1	N/A	31.000	83	300	2.15e-22	98.6
WP_000845048.1	337	k121_1518165_2	N/A	35.612	78	278	2.75e-22	99.4
WP_000845048.1	337	k121_1406057_2	N/A	29.562	78	274	3.48e-22	99.0
WP_000845048.1	337	k121_534336_1	N/A	32.443	76	262	3.81e-22	97.4
WP_000845048.1	337	k121_894600_3	N/A	27.541	90	305	5.94e-22	99.0
WP_000845048.1	337	k121_1687984_1	N/A	32.500	77	280	1.19e-21	96.7
WP_000845048.1	337	k121_465523_2	N/A	35.000	64	220	1.24e-21	97.4
WP_000845048.1	337	k121_330498_1	N/A	46.602	31	103	1.32e-21	92.0
WP_000845048.1	337	k121_784597_1	N/A	27.083	85	288	1.66e-21	96.7
WP_000845048.1	337	k121_1687811_1	N/A	30.435	84	299	1.86e-21	96.3
WP_000845048.1	337	k121_561099_17	N/A	35.455	64	220	1.86e-21	97.4
WP_000845048.1	337	k121_1213380_8	N/A	34.112	62	214	1.90e-21	96.7
WP_000845048.1	337	k121_1127214_1	N/A	29.924	77	264	2.23e-21	94.7
WP_000845048.1	337	k121_1599491_2	N/A	33.766	66	231	2.30e-21	95.5
WP_000845048.1	337	k121_474798_1	N/A	32.727	49	165	3.19e-21	94.7
WP_000845048.1	337	k121_75477_1	N/A	28.947	85	304	3.93e-21	95.9
WP_000845048.1	337	k121_722854_2	N/A	28.114	82	281	4.73e-21	94.7
WP_000845048.1	337	k121_1657107_2	N/A	30.450	81	289	6.18e-21	95.5
WP_000845048.1	337	k121_1190800_24	N/A	29.474	81	285	8.43e-21	95.1
WP_000845048.1	337	k121_61351_1	N/A	27.619	88	315	9.07e-21	94.7
WP_000845048.1	337	k121_417524_4	N/A	28.058	77	278	1.27e-20	95.5
WP_000845048.1	337	k121_435814_7	N/A	27.703	83	296	1.40e-20	94.4
WP_000845048.1	337	k121_1150091_6	N/A	29.097	85	299	1.65e-20	94.0
WP_000845048.1	337	k121_1821227_2	N/A	30.570	56	193	1.70e-20	90.9
WP_000845048.1	337	k121_1222853_1	N/A	30.909	65	220	1.74e-20	94.4
WP_000845048.1	337	k121_1792967_1	N/A	28.571	78	280	1.87e-20	93.6
WP_000845048.1	337	k121_1195338_2	N/A	32.044	53	181	2.21e-20	89.7
WP_000845048.1	337	k121_571215_3	N/A	33.484	62	221	2.90e-20	92.0
WP_000845048.1	337	k121_797665_43	N/A	30.556	81	288	3.51e-20	93.2
WP_000845048.1	337	k121_330882_2	N/A	28.526	86	312	3.61e-20	93.2
WP_000845048.1	337	k121_1786754_2	N/A	34.483	51	174	4.19e-20	90.1
WP_000845048.1	337	k121_385928_42	N/A	25.418	85	299	4.29e-20	93.2
WP_000845048.1	337	k121_1432855_1	N/A	31.724	82	290	5.01e-20	92.0
WP_000845048.1	337	k121_784252_1	N/A	34.634	58	205	5.35e-20	89.7
WP_000845048.1	337	k121_1468291_1	N/A	34.081	64	223	6.37e-20	92.8
WP_000845048.1	337	k121_473065_2	N/A	25.084	85	299	6.82e-20	92.4
WP_000845048.1	337	k121_396132_2	N/A	29.434	78	265	7.11e-20	91.7
WP_000845048.1	337	k121_899257_5	N/A	38.462	54	182	7.72e-20	92.0
WP_000845048.1	337	k121_1603888_60	N/A	33.632	62	223	9.03e-20	92.4
WP_000845048.1	337	k121_1526503_10	N/A	45.631	31	103	1.15e-19	87.0
WP_000845048.1	337	k121_917016_43	N/A	29.323	76	266	1.19e-19	91.3
WP_000845048.1	337	k121_1677039_1	N/A	27.946	86	297	1.20e-19	92.0
WP_000845048.1	337	k121_727001_1	N/A	29.167	55	192	1.48e-19	89.4
WP_000845048.1	337	k121_1777285_2	N/A	30.455	63	220	1.62e-19	92.0
WP_000845048.1	337	k121_28984_5	N/A	30.496	79	282	2.23e-19	91.3
WP_000845048.1	337	k121_895700_5	N/A	27.184	86	309	2.37e-19	90.9
WP_000845048.1	337	k121_1983150_1	N/A	32.609	55	184	2.43e-19	87.8
WP_000845048.1	337	k121_1982969_1	N/A	33.649	61	211	2.48e-19	89.4
WP_000845048.1	337	k121_1065829_1	N/A	33.146	53	178	2.49e-19	87.4
WP_000845048.1	337	k121_740360_4	N/A	26.230	87	305	2.86e-19	90.5
WP_000845048.1	337	k121_731540_2	N/A	34.807	53	181	2.94e-19	87.4
WP_000845048.1	337	k121_809746_1	N/A	59.420	20	69	3.20e-19	85.9
WP_000845048.1	337	k121_1774025_1	N/A	28.826	77	281	3.64e-19	90.5
WP_000845048.1	337	k121_1553296_4	N/A	30.662	78	287	4.23e-19	90.1
WP_000845048.1	337	k121_577246_1	N/A	34.211	66	228	5.53e-19	89.7
WP_000845048.1	337	k121_1623213_1	N/A	33.333	61	210	7.74e-19	88.2
WP_000845048.1	337	k121_179563_1	N/A	30.890	57	191	9.26e-19	86.7
WP_000845048.1	337	k121_862745_10	N/A	27.941	78	272	9.76e-19	89.4
WP_000845048.1	337	k121_985334_4	N/A	30.476	61	210	1.03e-18	89.4
WP_000845048.1	337	k121_332492_3	N/A	27.132	74	258	1.09e-18	87.8
WP_000845048.1	337	k121_1899305_3	N/A	34.545	62	220	1.10e-18	89.4
WP_000845048.1	337	k121_1089158_1	N/A	52.500	24	80	1.16e-18	83.6
WP_000845048.1	337	k121_913986_3	N/A	34.783	55	184	1.17e-18	89.0
WP_000845048.1	337	k121_930409_2	N/A	28.253	77	269	1.37e-18	89.0
WP_000845048.1	337	k121_1028465_2	N/A	27.036	86	307	1.49e-18	89.7
WP_000845048.1	337	k121_1010764_1	N/A	29.675	69	246	1.49e-18	87.0
WP_000845048.1	337	k121_867552_1	N/A	31.982	64	222	1.53e-18	86.7
WP_000845048.1	337	k121_478551_1	N/A	35.096	59	208	1.71e-18	86.3
WP_000845048.1	337	k121_1648904_58	N/A	33.333	53	180	1.79e-18	88.6
WP_000845048.1	337	k121_321981_1	N/A	26.190	79	294	1.83e-18	87.4
WP_000845048.1	337	k121_354028_1	N/A	26.837	90	313	1.96e-18	88.2
WP_000845048.1	337	k121_1813556_1	N/A	34.343	56	198	2.00e-18	85.9
WP_000845048.1	337	k121_1417798_1	N/A	33.175	62	211	2.15e-18	86.7
WP_000845048.1	337	k121_784812_5	N/A	27.303	85	304	2.19e-18	88.2
WP_000845048.1	337	k121_1887447_2	N/A	46.667	27	90	2.31e-18	83.6
WP_000845048.1	337	k121_1157243_30	N/A	28.315	80	279	2.63e-18	87.8
WP_000845048.1	337	k121_2039254_2	N/A	33.333	63	216	3.51e-18	86.7
WP_000845048.1	337	k121_1175271_9	N/A	35.556	62	225	4.04e-18	87.8
WP_000845048.1	337	k121_1962367_1	N/A	26.596	81	282	4.72e-18	87.4
WP_000845048.1	337	k121_621155_9	N/A	31.818	78	286	5.12e-18	87.4
WP_000845048.1	337	k121_1889951_3	N/A	23.529	90	306	5.92e-18	86.7
WP_000845048.1	337	k121_653341_2	N/A	28.571	74	259	6.06e-18	87.0
WP_000845048.1	337	k121_1130667_4	N/A	26.056	80	284	6.62e-18	87.0
WP_000845048.1	337	k121_1342464_4	N/A	32.093	62	215	7.82e-18	86.7
WP_000845048.1	337	k121_1604006_2	N/A	34.934	63	229	8.09e-18	84.7
WP_000845048.1	337	k121_962296_1	N/A	33.854	56	192	8.65e-18	84.0
WP_000845048.1	337	k121_429713_1	N/A	32.075	61	212	8.73e-18	84.3
WP_000845048.1	337	k121_194571_2	N/A	32.418	54	182	9.09e-18	84.0
WP_000845048.1	337	k121_1281542_2	N/A	25.566	86	309	1.05e-17	86.3
WP_000845048.1	337	k121_97353_1	N/A	27.881	77	269	1.07e-17	86.7
WP_000845048.1	337	k121_991810_1	N/A	28.253	77	269	1.35e-17	85.9
WP_000845048.1	337	k121_1272344_6	N/A	30.088	63	226	1.39e-17	85.9
WP_000845048.1	337	k121_709377_2	N/A	32.394	61	213	1.43e-17	86.3
WP_000845048.1	337	k121_734760_7	N/A	25.784	82	287	1.49e-17	85.9
WP_000845048.1	337	k121_1351872_1	N/A	31.148	54	183	1.50e-17	83.6
WP_000845048.1	337	k121_2002523_2	N/A	34.146	60	205	1.77e-17	82.8
WP_000845048.1	337	k121_2012195_1	N/A	30.973	65	226	1.84e-17	85.9
WP_000845048.1	337	k121_1620807_1	N/A	32.738	47	168	1.86e-17	84.3
WP_000845048.1	337	k121_1974337_2	N/A	26.740	77	273	1.86e-17	85.9
WP_000845048.1	337	k121_940634_1	N/A	28.111	63	217	1.88e-17	84.3
WP_000845048.1	337	k121_1396727_3	N/A	28.571	64	224	2.28e-17	85.5
WP_000845048.1	337	k121_303644_5	N/A	27.243	85	301	2.50e-17	85.1
WP_000845048.1	337	k121_523591_3	N/A	29.861	81	288	2.91e-17	85.1
WP_000845048.1	337	k121_926169_2	N/A	29.524	60	210	2.92e-17	84.7
WP_000845048.1	337	k121_1832499_1	N/A	30.594	63	219	3.15e-17	83.6
WP_000845048.1	337	k121_760309_1	N/A	33.129	48	163	3.18e-17	80.5
WP_000845048.1	337	k121_1696603_1	N/A	51.316	23	76	3.23e-17	80.1
WP_000845048.1	337	k121_1121965_1	N/A	32.683	59	205	3.60e-17	85.1
WP_000845048.1	337	k121_1936007_3	N/A	29.197	78	274	3.66e-17	84.7
WP_000845048.1	337	k121_883863_2	N/A	31.944	62	216	4.32e-17	82.8
WP_000845048.1	337	k121_232438_1	N/A	32.967	54	182	5.47e-17	81.6
WP_000845048.1	337	k121_104016_2	N/A	29.670	78	273	5.99e-17	84.3
WP_000845048.1	337	k121_889864_12	N/A	38.208	61	212	6.12e-17	84.0
WP_000845048.1	337	k121_1800485_32	N/A	29.630	85	297	6.39e-17	84.0
WP_000845048.1	337	k121_374645_3	N/A	31.618	77	272	7.52e-17	84.0
WP_000845048.1	337	k121_929696_43	N/A	29.904	86	311	7.56e-17	84.0
WP_000845048.1	337	k121_440424_10	N/A	25.316	88	316	8.50e-17	83.6
WP_000845048.1	337	k121_1501839_1	N/A	28.664	85	307	8.53e-17	84.0
WP_000845048.1	337	k121_633365_1	N/A	29.630	62	216	8.67e-17	82.0
WP_000845048.1	337	k121_782206_7	N/A	26.022	77	269	8.90e-17	84.0
WP_000845048.1	337	k121_1515946_15	N/A	31.752	77	274	9.88e-17	83.6
WP_000845048.1	337	k121_846237_15	N/A	31.579	77	266	1.02e-16	84.3
WP_000845048.1	337	k121_950881_2	N/A	34.239	55	184	1.03e-16	80.9
WP_000845048.1	337	k121_1122307_1	N/A	32.759	66	232	1.05e-16	82.0
WP_000845048.1	337	k121_1925306_1	N/A	29.811	76	265	1.50e-16	83.2
WP_000845048.1	337	k121_843257_19	N/A	29.180	85	305	1.58e-16	82.8
WP_000845048.1	337	k121_854044_30	N/A	30.303	84	297	2.09e-16	82.4
WP_000845048.1	337	k121_1881606_2	N/A	30.147	77	272	2.09e-16	82.8
WP_000845048.1	337	k121_314902_2	N/A	29.304	78	273	2.12e-16	82.8
WP_000845048.1	337	k121_1890089_1	N/A	28.146	88	302	2.89e-16	81.6
WP_000845048.1	337	k121_1288759_1	N/A	30.516	62	213	2.99e-16	82.0
WP_000845048.1	337	k121_1227589_57	N/A	35.165	54	182	3.31e-16	82.0
WP_000845048.1	337	k121_307250_1	N/A	33.537	47	164	3.34e-16	80.9
WP_000845048.1	337	k121_1574604_2	N/A	57.576	20	66	3.38e-16	78.6
WP_000845048.1	337	k121_1344836_3	N/A	32.660	84	297	3.96e-16	82.0
WP_000845048.1	337	k121_1371885_2	N/A	26.115	88	314	4.30e-16	81.6
WP_000845048.1	337	k121_843381_22	N/A	27.541	85	305	4.74e-16	81.6
WP_000845048.1	337	k121_155785_126	N/A	26.190	85	294	7.26e-16	81.3
WP_000845048.1	337	k121_2038196_2	N/A	24.471	91	331	8.61e-16	81.3
WP_000845048.1	337	k121_326442_23	N/A	27.273	86	319	8.75e-16	80.9
WP_000845048.1	337	k121_975364_1	N/A	30.601	53	183	9.15e-16	77.8
WP_000845048.1	337	k121_1993300_2	N/A	31.313	56	198	9.29e-16	78.6
WP_000845048.1	337	k121_1593587_1	N/A	30.702	64	228	1.03e-15	79.0
WP_000845048.1	337	k121_1252438_5	N/A	26.909	78	275	1.30e-15	80.5
WP_000845048.1	337	k121_221441_2	N/A	30.734	62	218	1.36e-15	80.1
WP_000845048.1	337	k121_1680962_2	N/A	26.667	82	285	1.38e-15	79.3
WP_000845048.1	337	k121_166743_15	N/A	29.213	76	267	1.43e-15	80.5
WP_000845048.1	337	k121_1135070_50	N/A	29.617	79	287	1.45e-15	80.1
WP_000845048.1	337	k121_1777920_12	N/A	32.014	77	278	1.45e-15	80.1
WP_000845048.1	337	k121_1576313_32	N/A	36.667	53	180	1.60e-15	79.7
WP_000845048.1	337	k121_1769000_2	N/A	26.562	90	320	1.62e-15	79.7
WP_000845048.1	337	k121_1754324_2	N/A	27.667	85	300	1.85e-15	80.1
WP_000845048.1	337	k121_1614575_2	N/A	25.424	83	295	2.33e-15	79.7
WP_000845048.1	337	k121_998907_1	N/A	27.737	75	274	2.38e-15	79.3
WP_000845048.1	337	k121_943984_1	N/A	29.310	64	232	2.53e-15	79.7
WP_000845048.1	337	k121_439546_1	N/A	34.483	50	174	2.56e-15	77.0
WP_000845048.1	337	k121_54972_3	N/A	28.511	67	235	3.46e-15	78.2
WP_000845048.1	337	k121_115160_1	N/A	30.928	57	194	3.79e-15	76.3
WP_000845048.1	337	k121_460703_1	N/A	31.844	53	179	3.91e-15	77.4
WP_000845048.1	337	k121_542523_4	N/A	29.412	62	221	4.51e-15	79.3
WP_000845048.1	337	k121_1400095_4	N/A	27.841	52	176	4.64e-15	78.6
WP_000845048.1	337	k121_1827772_8	N/A	31.641	72	256	4.78e-15	78.6
WP_000845048.1	337	k121_1070501_22	N/A	28.378	64	222	4.85e-15	78.6
WP_000845048.1	337	k121_1840472_3	N/A	25.778	64	225	4.85e-15	78.6
WP_000845048.1	337	k121_1670284_1	N/A	31.925	61	213	5.08e-15	76.3
WP_000845048.1	337	k121_225765_2	N/A	56.061	20	66	5.15e-15	73.9
WP_000845048.1	337	k121_1047269_1	N/A	46.753	23	77	6.27e-15	73.2
WP_000845048.1	337	k121_1896952_1	N/A	34.328	58	201	7.42e-15	75.9
WP_000845048.1	337	k121_1946138_1	N/A	32.418	54	182	7.71e-15	75.9
WP_000845048.1	337	k121_397135_3	N/A	28.251	64	223	7.94e-15	78.2
WP_000845048.1	337	k121_1506798_3	N/A	33.484	63	221	8.36e-15	78.2
WP_000845048.1	337	k121_1338465_3	N/A	29.836	84	305	8.42e-15	78.2
WP_000845048.1	337	k121_1261712_6	N/A	31.159	77	276	9.28e-15	78.2
WP_000845048.1	337	k121_425442_1	N/A	31.500	59	200	1.08e-14	75.1
WP_000845048.1	337	k121_973955_2	N/A	27.445	88	317	1.23e-14	77.4
WP_000845048.1	337	k121_111207_2	N/A	29.442	58	197	1.66e-14	75.1
WP_000845048.1	337	k121_1494654_3	N/A	33.333	62	219	1.82e-14	76.3
WP_000845048.1	337	k121_1335659_2	N/A	25.497	85	302	1.88e-14	77.0
WP_000845048.1	337	k121_649511_44	N/A	31.295	78	278	1.98e-14	77.0
WP_000845048.1	337	k121_1736948_2	N/A	33.971	61	209	1.98e-14	75.1
WP_000845048.1	337	k121_1423586_3	N/A	32.000	63	225	2.13e-14	77.0
WP_000845048.1	337	k121_1314530_1	N/A	30.688	54	189	2.37e-14	75.5
WP_000845048.1	337	k121_1976719_7	N/A	31.179	74	263	2.54e-14	76.6
WP_000845048.1	337	k121_1148790_2	N/A	30.909	62	220	3.14e-14	75.5
WP_000845048.1	337	k121_74071_1	N/A	49.254	20	67	3.17e-14	72.8
WP_000845048.1	337	k121_1224228_1	N/A	30.168	52	179	3.55e-14	73.6
WP_000845048.1	337	k121_1908447_2	N/A	32.877	62	219	4.03e-14	76.3
WP_000845048.1	337	k121_509149_1	N/A	30.075	75	266	4.79e-14	75.9
WP_000845048.1	337	k121_322283_1	N/A	29.204	89	339	5.30e-14	76.3
WP_000845048.1	337	k121_1791503_1	N/A	27.803	64	223	5.71e-14	75.5
WP_000845048.1	337	k121_451291_2	N/A	26.818	64	220	5.97e-14	74.3
WP_000845048.1	337	k121_1247882_1	N/A	28.571	77	273	6.27e-14	75.5
WP_000845048.1	337	k121_892108_1	N/A	36.486	44	148	6.62e-14	71.6
WP_000845048.1	337	k121_1885516_1	N/A	28.309	80	272	7.99e-14	74.7
WP_000845048.1	337	k121_589060_10	N/A	29.139	84	302	8.50e-14	75.1
WP_000845048.1	337	k121_992391_2	N/A	31.651	62	218	1.05e-13	73.6
WP_000845048.1	337	k121_831245_1	N/A	34.000	44	150	1.46e-13	72.0
WP_000845048.1	337	k121_59880_1	N/A	47.500	24	80	1.47e-13	70.9
WP_000845048.1	337	k121_225882_2	N/A	27.931	82	290	1.72e-13	74.3
WP_000845048.1	337	k121_1145898_2	N/A	27.391	63	230	1.74e-13	73.2
WP_000845048.1	337	k121_1184949_2	N/A	32.569	62	218	1.82e-13	73.2
WP_000845048.1	337	k121_822855_1	N/A	31.138	49	167	1.83e-13	70.9
WP_000845048.1	337	k121_217728_3	N/A	23.701	88	308	2.00e-13	73.9
WP_000845048.1	337	k121_1909010_1	N/A	30.000	61	210	2.16e-13	72.8
WP_000845048.1	337	k121_2043510_1	N/A	46.250	23	80	2.17e-13	70.9
WP_000845048.1	337	k121_1053606_4	N/A	31.447	47	159	2.27e-13	73.2
WP_000845048.1	337	k121_1627373_15	N/A	27.445	87	317	2.47e-13	73.6
WP_000845048.1	337	k121_853582_2	N/A	36.275	30	102	2.81e-13	70.1
WP_000845048.1	337	k121_1107856_1	N/A	31.844	52	179	2.95e-13	71.2
WP_000845048.1	337	k121_541876_3	N/A	26.518	88	313	3.04e-13	73.6
WP_000845048.1	337	k121_1828302_1	N/A	31.527	58	203	3.18e-13	73.2
WP_000845048.1	337	k121_311403_1	N/A	27.869	54	183	3.20e-13	70.9
WP_000845048.1	337	k121_1180278_1	N/A	30.000	56	200	3.27e-13	72.0
WP_000845048.1	337	k121_258822_5	N/A	31.447	47	159	4.10e-13	72.4
WP_000845048.1	337	k121_477017_19	N/A	32.877	62	219	4.85e-13	72.8
WP_000845048.1	337	k121_358050_3	N/A	33.113	45	151	4.88e-13	68.9
WP_000845048.1	337	k121_1803985_2	N/A	22.535	82	284	5.36e-13	72.4
WP_000845048.1	337	k121_1361018_1	N/A	27.935	70	247	5.82e-13	72.4
WP_000845048.1	337	k121_2018249_1	N/A	42.500	23	80	5.95e-13	68.9
WP_000845048.1	337	k121_467865_2	N/A	31.638	53	177	8.59e-13	72.4
WP_000845048.1	337	k121_176127_1	N/A	29.496	77	278	9.10e-13	72.4
WP_000845048.1	337	k121_315740_1	N/A	33.516	54	182	9.63e-13	69.3
WP_000845048.1	337	k121_1393427_2	N/A	43.299	28	97	1.56e-12	68.2
WP_000845048.1	337	k121_539901_2	N/A	35.514	31	107	1.62e-12	68.9
WP_000845048.1	337	k121_837555_1	N/A	30.216	75	278	1.97e-12	71.2
WP_000845048.1	337	k121_1181868_149	N/A	32.768	53	177	1.98e-12	71.2
WP_000845048.1	337	k121_979672_1	N/A	53.623	20	69	2.08e-12	65.9
WP_000845048.1	337	k121_366024_1	N/A	31.304	65	230	2.26e-12	69.7
WP_000845048.1	337	k121_1799364_3	N/A	29.126	86	309	2.80e-12	70.9
WP_000845048.1	337	k121_61539_1	N/A	50.685	22	73	3.21e-12	67.4
WP_000845048.1	337	k121_1412815_1	N/A	51.471	20	68	4.78e-12	65.9
WP_000845048.1	337	k121_454638_1	N/A	30.415	62	217	5.56e-12	69.7
WP_000845048.1	337	k121_741978_1	N/A	43.820	26	89	5.98e-12	65.9
WP_000845048.1	337	k121_903706_3	N/A	29.151	76	271	7.07e-12	69.3
WP_000845048.1	337	k121_781123_2	N/A	29.278	74	263	7.22e-12	69.7
WP_000845048.1	337	k121_801864_3	N/A	33.149	52	181	7.33e-12	69.7
WP_000845048.1	337	k121_1124865_2	N/A	29.596	61	223	7.56e-12	68.6
WP_000845048.1	337	k121_1254005_2	N/A	30.631	63	222	7.73e-12	69.3
WP_000845048.1	337	k121_1912662_1	N/A	30.824	80	279	9.86e-12	68.9
WP_000845048.1	337	k121_1038215_136	N/A	31.193	63	218	1.11e-11	68.9
WP_000845048.1	337	k121_475078_3	N/A	31.081	63	222	1.66e-11	68.6
WP_000845048.1	337	k121_241557_2	N/A	28.571	77	280	1.90e-11	68.6
WP_000845048.1	337	k121_859706_1	N/A	30.808	57	198	2.07e-11	65.9
WP_000845048.1	337	k121_578032_1	N/A	26.621	82	293	2.40e-11	67.8
WP_000845048.1	337	k121_464608_2	N/A	29.412	61	221	2.91e-11	67.4
WP_000845048.1	337	k121_1148243_3	N/A	32.584	53	178	2.94e-11	67.0
WP_000845048.1	337	k121_951743_3	N/A	33.333	63	219	2.98e-11	67.8
WP_000845048.1	337	k121_1485366_1	N/A	29.286	77	280	4.34e-11	67.4
WP_000845048.1	337	k121_1112787_23	N/A	29.108	61	213	4.95e-11	67.0
WP_000845048.1	337	k121_1350561_1	N/A	34.337	49	166	5.38e-11	65.9
WP_000845048.1	337	k121_511657_2	N/A	29.333	64	225	5.56e-11	65.9
WP_000845048.1	337	k121_1824717_1	N/A	28.910	62	211	5.68e-11	65.1
WP_000845048.1	337	k121_1004512_2	N/A	26.712	85	292	5.84e-11	66.6
WP_000845048.1	337	k121_945804_2	N/A	29.588	75	267	6.04e-11	65.9
WP_000845048.1	337	k121_662955_3	N/A	28.102	76	274	6.28e-11	67.0
WP_000845048.1	337	k121_1771237_1	N/A	32.203	53	177	7.57e-11	64.7
WP_000845048.1	337	k121_1988795_1	N/A	33.180	62	217	7.74e-11	65.5
WP_000845048.1	337	k121_1372531_2	N/A	31.111	53	180	8.24e-11	66.2
WP_000845048.1	337	k121_768212_1	N/A	29.836	84	305	8.69e-11	66.2
WP_000845048.1	337	k121_409715_23	N/A	26.629	90	353	8.79e-11	66.6
WP_000845048.1	337	k121_448952_1	N/A	23.643	73	258	8.98e-11	65.5
WP_000845048.1	337	k121_2020789_2	N/A	34.118	50	170	1.33e-10	63.2
WP_000845048.1	337	k121_1175331_2	N/A	30.332	62	211	1.34e-10	66.2
WP_000845048.1	337	k121_1287496_3	N/A	30.216	76	278	1.38e-10	65.9
WP_000845048.1	337	k121_1943030_1	N/A	30.055	53	183	1.94e-10	63.2
WP_000845048.1	337	k121_1869162_1	N/A	45.946	22	74	2.09e-10	61.6
WP_000845048.1	337	k121_1723094_1	N/A	30.159	55	189	2.15e-10	63.5
WP_000845048.1	337	k121_1504359_5	N/A	29.075	64	227	2.45e-10	65.5
WP_000845048.1	337	k121_1041672_4	N/A	44.928	20	69	2.72e-10	65.1
WP_000845048.1	337	k121_1912895_1	N/A	29.018	61	224	2.77e-10	63.5
WP_000845048.1	337	k121_937843_2	N/A	27.723	84	303	2.78e-10	65.1
WP_000845048.1	337	k121_1192414_2	N/A	27.962	62	211	3.27e-10	65.1
WP_000845048.1	337	k121_943541_2	N/A	24.038	61	208	3.38e-10	63.5
WP_000845048.1	337	k121_1587009_1	N/A	27.174	77	276	3.58e-10	65.1
WP_000845048.1	337	k121_1850041_2	N/A	27.556	63	225	3.72e-10	64.3
WP_000845048.1	337	k121_679275_3	N/A	27.972	81	286	4.40e-10	64.7
WP_000845048.1	337	k121_110922_3	N/A	27.928	64	222	4.43e-10	63.9
WP_000845048.1	337	k121_42978_2	N/A	46.154	23	78	4.87e-10	60.5
WP_000845048.1	337	k121_68827_2	N/A	20.000	88	300	4.94e-10	63.9
WP_000845048.1	337	k121_366851_1	N/A	26.506	49	166	5.24e-10	62.0
WP_000845048.1	337	k121_306166_1	N/A	44.286	21	70	5.47e-10	60.8
WP_000845048.1	337	k121_535034_1	N/A	29.730	55	185	5.94e-10	62.4
WP_000845048.1	337	k121_1521723_4	N/A	26.117	82	291	6.00e-10	64.3
WP_000845048.1	337	k121_496428_1	N/A	27.190	90	331	6.06e-10	63.9
WP_000845048.1	337	k121_1270733_12	N/A	30.769	53	182	7.77e-10	63.5
WP_000845048.1	337	k121_49296_2	N/A	28.980	66	245	8.23e-10	63.9
WP_000845048.1	337	k121_28129_2	N/A	35.294	45	153	8.42e-10	61.2
WP_000845048.1	337	k121_977000_2	N/A	28.959	63	221	9.13e-10	62.4
WP_000845048.1	337	k121_1623879_3	N/A	25.617	90	324	9.19e-10	63.5
WP_000845048.1	337	k121_173670_1	N/A	26.500	59	200	9.42e-10	62.0
WP_000845048.1	337	k121_597264_1	N/A	27.946	82	297	1.03e-09	62.8
WP_000845048.1	337	k121_429682_1	N/A	25.561	64	223	1.06e-09	63.2
