SadA_ref|WP_036299419.1|:1-399	399	k121_11315_3	N/A	28.520	68	277	3.56e-35	134
SadA_ref|WP_036299419.1|:1-399	399	k121_259490_1	N/A	28.111	54	217	6.25e-27	107
SadA_ref|WP_036299419.1|:1-399	399	k121_85049_2	N/A	27.322	43	183	1.30e-12	66.6
SadA_ref|WP_036299419.1|:1-399	399	k121_482100_11	N/A	32.143	21	84	6.68e-04	42.4
SadA_ref|WP_036299419.1|:1-399	399	k121_75140_3	N/A	29.293	23	99	0.017	35.8
SadA_ref|WP_036299419.1|:1-399	399	k121_74341_1	N/A	28.736	21	87	0.030	37.0
SadB_ref|WP_100812327.1|:1-423	423	k121_11315_3	N/A	25.203	85	369	3.58e-36	137
SadB_ref|WP_100812327.1|:1-423	423	k121_259490_1	N/A	27.919	46	197	3.79e-25	103
SadB_ref|WP_100812327.1|:1-423	423	k121_85049_2	N/A	26.506	37	166	3.76e-06	47.8
SadB_ref|WP_100812327.1|:1-423	423	k121_226731_1	N/A	30.588	20	85	0.002	39.7
SadB_ref|WP_100812327.1|:1-423	423	k121_482100_11	N/A	27.907	27	129	0.004	40.0
SadB_ref|WP_100812327.1|:1-423	423	k121_299044_1	N/A	27.358	48	212	0.030	37.0
SadB_ref|WP_100812327.1|:1-423	423	k121_414556_2	N/A	22.684	69	313	0.044	36.6
SadB_ref|WP_100812327.1|:1-423	423	k121_41259_1	N/A	25.217	51	230	0.070	35.8
SadC_ref|WP_036299413.1|:1-194	194	k121_218901_2	N/A	29.286	72	140	9.88e-12	61.2
SadC_ref|WP_036299413.1|:1-194	194	k121_476990_1	N/A	32.836	69	134	9.43e-11	58.2
SadC_ref|WP_036299413.1|:1-194	194	k121_248477_1	N/A	28.495	95	186	1.62e-10	58.9
SadC_ref|WP_036299413.1|:1-194	194	k121_3747_29	N/A	25.000	65	128	9.70e-07	47.8
SadC_ref|WP_036299413.1|:1-194	194	k121_126259_2	N/A	31.915	48	94	1.57e-06	47.0
SadC_ref|WP_036299413.1|:1-194	194	k121_466413_3	N/A	36.957	24	46	0.022	34.7
WP_000259031.1	279	k121_409969_8	N/A	40.000	88	245	3.20e-43	149
WP_000259031.1	279	k121_136034_2	N/A	38.760	91	258	7.04e-40	140
WP_000259031.1	279	k121_386400_2	N/A	34.694	85	245	2.84e-28	109
WP_000259031.1	279	k121_462739_7	N/A	36.697	78	218	4.01e-28	109
WP_000259031.1	279	k121_202723_1	N/A	34.553	88	246	6.78e-27	106
WP_000259031.1	279	k121_198974_5	N/A	28.058	94	278	2.08e-18	83.6
WP_000259031.1	279	k121_480544_2	N/A	27.778	61	180	3.02e-11	62.4
WP_000259031.1	279	k121_464439_1	N/A	36.441	41	118	5.79e-10	58.2
WP_000259031.1	279	k121_228485_1	N/A	36.190	37	105	6.19e-10	56.6
WP_000259031.1	279	k121_480544_3	N/A	37.143	25	70	9.69e-06	47.0
WP_000259031.1	279	k121_52739_2	N/A	33.766	27	77	2.93e-05	45.4
WP_000259031.1	279	k121_340184_2	N/A	25.000	29	84	8.02e-04	38.5
WP_001043260.1	271	k121_136034_2	N/A	40.458	96	262	1.95e-48	162
WP_001043260.1	271	k121_409969_8	N/A	36.047	95	258	8.94e-42	145
WP_001043260.1	271	k121_462739_7	N/A	40.698	95	258	1.62e-41	144
WP_001043260.1	271	k121_386400_2	N/A	36.948	92	249	2.89e-36	130
WP_001043260.1	271	k121_198974_5	N/A	32.103	94	271	6.57e-34	124
WP_001043260.1	271	k121_202723_1	N/A	38.009	80	221	1.02e-33	124
WP_001043260.1	271	k121_464439_1	N/A	34.524	61	168	6.51e-17	77.4
WP_001043260.1	271	k121_52739_2	N/A	43.056	26	72	4.23e-12	66.2
WP_001043260.1	271	k121_480544_3	N/A	38.961	28	77	1.96e-11	64.3
WP_001043260.1	271	k121_480544_2	N/A	25.943	75	212	2.95e-11	62.4
WP_001043260.1	271	k121_228485_1	N/A	30.709	46	127	1.62e-07	49.7
WP_001043260.1	271	k121_340184_2	N/A	32.558	31	86	4.37e-07	47.8
WP_000034420.1	263	k121_409969_8	N/A	40.000	97	255	3.01e-57	184
WP_000034420.1	263	k121_136034_2	N/A	36.680	98	259	3.24e-52	172
WP_000034420.1	263	k121_202723_1	N/A	35.606	99	264	1.40e-45	155
WP_000034420.1	263	k121_198974_5	N/A	33.579	97	271	2.57e-43	149
WP_000034420.1	263	k121_386400_2	N/A	34.646	95	254	9.86e-41	141
WP_000034420.1	263	k121_462739_7	N/A	35.878	99	262	2.05e-40	141
WP_000034420.1	263	k121_464439_1	N/A	33.929	62	168	2.41e-18	80.9
WP_000034420.1	263	k121_480544_3	N/A	50.000	27	72	2.80e-17	81.3
WP_000034420.1	263	k121_480544_2	N/A	26.699	74	206	3.16e-15	73.2
WP_000034420.1	263	k121_228485_1	N/A	30.000	45	120	3.40e-12	62.8
WP_000034420.1	263	k121_52739_2	N/A	41.667	27	72	2.92e-11	63.5
WP_000034420.1	263	k121_340184_2	N/A	34.524	31	84	7.08e-09	52.8
WP_000034420.1	263	k121_51704_1	N/A	37.500	24	64	0.007	38.1
WP_000034420.1	263	k121_52739_3	N/A	26.364	38	110	0.058	34.3
WP_000034420.1	263	k121_312476_1	N/A	35.821	25	67	0.058	34.7
WP_000845048.1	337	k121_449298_2	N/A	68.421	96	323	3.81e-162	457
WP_000845048.1	337	k121_56127_2	N/A	70.279	96	323	2.20e-156	442
WP_000845048.1	337	k121_83808_4	N/A	52.071	99	338	8.24e-105	312
WP_000845048.1	337	k121_90834_1	N/A	62.326	64	215	1.91e-89	268
WP_000845048.1	337	k121_385660_1	N/A	97.368	34	114	6.93e-76	229
WP_000845048.1	337	k121_457602_26	N/A	60.215	28	93	7.14e-35	124
WP_000845048.1	337	k121_118219_1	N/A	32.581	92	310	2.91e-33	125
WP_000845048.1	337	k121_160666_1	N/A	32.595	90	316	4.39e-33	124
WP_000845048.1	337	k121_246468_1	N/A	47.368	45	152	1.89e-31	115
WP_000845048.1	337	k121_328126_3	N/A	33.106	85	293	2.07e-30	117
WP_000845048.1	337	k121_451012_4	N/A	34.000	73	250	2.36e-29	112
WP_000845048.1	337	k121_409197_3	N/A	60.256	23	78	5.71e-28	105
WP_000845048.1	337	k121_205853_1	N/A	34.545	64	220	1.04e-22	96.7
WP_000845048.1	337	k121_55227_5	N/A	27.891	85	294	3.47e-21	92.8
WP_000845048.1	337	k121_261282_32	N/A	31.839	64	223	2.25e-20	90.5
WP_000845048.1	337	k121_114454_1	N/A	31.250	65	224	4.26e-20	87.8
WP_000845048.1	337	k121_127821_2	N/A	32.018	66	228	4.93e-19	86.3
WP_000845048.1	337	k121_391134_1	N/A	32.759	52	174	5.76e-18	80.1
WP_000845048.1	337	k121_263989_2	N/A	31.050	63	219	3.92e-17	81.6
WP_000845048.1	337	k121_192308_5	N/A	26.909	78	275	7.62e-17	80.5
WP_000845048.1	337	k121_189255_2	N/A	31.250	72	256	3.53e-15	75.5
WP_000845048.1	337	k121_368954_3	N/A	27.922	84	308	1.69e-14	73.9
WP_000845048.1	337	k121_368954_1	N/A	27.599	77	279	4.61e-13	69.3
WP_000845048.1	337	k121_261064_6	N/A	29.333	61	225	7.41e-13	68.9
WP_000845048.1	337	k121_95009_2	N/A	45.588	20	68	8.96e-12	63.2
WP_000845048.1	337	k121_55079_2	N/A	33.708	53	178	1.29e-11	65.1
WP_000845048.1	337	k121_296722_22	N/A	24.576	63	236	1.53e-11	65.1
WP_000845048.1	337	k121_141633_1	N/A	44.118	30	102	5.10e-11	59.7
WP_000845048.1	337	k121_432908_2	N/A	33.333	53	180	2.09e-10	61.6
WP_000845048.1	337	k121_424216_1	N/A	25.817	84	306	3.26e-10	61.2
WP_000845048.1	337	k121_485573_1	N/A	28.649	55	185	9.22e-10	60.5
WP_000845048.1	337	k121_267049_1	N/A	28.302	47	159	3.25e-09	55.8
WP_000845048.1	337	k121_363158_2	N/A	27.451	69	255	5.03e-08	54.3
WP_000845048.1	337	k121_271302_1	N/A	33.333	27	93	5.69e-08	52.8
WP_000845048.1	337	k121_11128_1	N/A	29.630	69	243	7.70e-08	53.5
WP_000845048.1	337	k121_111504_1	N/A	33.028	32	109	2.37e-07	49.7
WP_000845048.1	337	k121_78013_1	N/A	29.384	57	211	4.57e-07	51.2
WP_000845048.1	337	k121_78013_2	N/A	29.167	50	168	5.62e-07	49.3
WP_000845048.1	337	k121_379723_2	N/A	25.083	84	303	5.02e-06	48.1
WP_000845048.1	337	k121_299929_2	N/A	26.818	64	220	1.02e-05	47.8
WP_000845048.1	337	k121_91273_1	N/A	24.364	73	275	2.75e-05	45.8
WP_000845048.1	337	k121_246837_1	N/A	26.667	72	285	3.03e-05	45.8
WP_000845048.1	337	k121_50122_1	N/A	27.461	54	193	7.28e-05	44.3
WP_000845048.1	337	k121_368954_2	N/A	27.190	89	331	7.33e-05	44.7
WP_000845048.1	337	k121_135736_4	N/A	27.805	56	205	1.13e-04	44.7
WP_000845048.1	337	k121_397060_2	N/A	35.211	21	71	2.62e-04	43.5
WP_000845048.1	337	k121_91273_2	N/A	30.065	41	153	2.67e-04	42.7
WP_000845048.1	337	k121_164938_4	N/A	31.538	35	130	0.001	40.0
WP_000845048.1	337	k121_353957_1	N/A	31.944	21	72	0.001	38.5
WP_000845048.1	337	k121_77565_1	N/A	23.137	69	255	0.002	40.0
WP_000845048.1	337	k121_424216_2	N/A	28.631	65	241	0.007	38.5
WP_000845048.1	337	k121_321549_3	N/A	29.268	31	123	0.008	37.4
WP_000845048.1	337	k121_69643_1	N/A	37.037	23	81	0.026	36.6
WP_000845048.1	337	k121_353957_2	N/A	28.631	65	241	0.031	36.6
