SadA_ref|WP_036299419.1|:1-399	399	k121_672963_5	N/A	29.504	95	383	4.20e-45	164
SadA_ref|WP_036299419.1|:1-399	399	k121_1378626_3	N/A	27.273	91	374	6.00e-41	152
SadA_ref|WP_036299419.1|:1-399	399	k121_1457692_1	N/A	37.864	51	206	1.32e-39	144
SadA_ref|WP_036299419.1|:1-399	399	k121_2082285_1	N/A	33.488	54	215	1.77e-39	144
SadA_ref|WP_036299419.1|:1-399	399	k121_871658_1	N/A	35.814	54	215	6.33e-39	143
SadA_ref|WP_036299419.1|:1-399	399	k121_1304549_1	N/A	30.137	72	292	6.93e-39	145
SadA_ref|WP_036299419.1|:1-399	399	k121_493295_1	N/A	34.643	68	280	1.58e-38	143
SadA_ref|WP_036299419.1|:1-399	399	k121_1677608_2	N/A	29.315	91	365	1.50e-37	144
SadA_ref|WP_036299419.1|:1-399	399	k121_2029111_22	N/A	28.520	68	277	4.44e-34	134
SadA_ref|WP_036299419.1|:1-399	399	k121_237008_1	N/A	32.955	44	176	9.27e-31	119
SadA_ref|WP_036299419.1|:1-399	399	k121_487578_2	N/A	34.553	61	246	9.31e-30	119
SadA_ref|WP_036299419.1|:1-399	399	k121_1901950_1	N/A	34.722	36	144	4.06e-25	103
SadA_ref|WP_036299419.1|:1-399	399	k121_1909567_1	N/A	31.757	37	148	2.56e-24	101
SadA_ref|WP_036299419.1|:1-399	399	k121_213615_1	N/A	32.886	37	149	2.62e-23	99.4
SadA_ref|WP_036299419.1|:1-399	399	k121_610556_6	N/A	28.125	93	384	1.59e-22	101
SadA_ref|WP_036299419.1|:1-399	399	k121_1997577_2	N/A	24.011	94	379	5.43e-22	100
SadA_ref|WP_036299419.1|:1-399	399	k121_1066480_4	N/A	26.406	96	409	7.91e-21	97.1
SadA_ref|WP_036299419.1|:1-399	399	k121_1113846_3	N/A	26.016	89	369	5.83e-20	94.4
SadA_ref|WP_036299419.1|:1-399	399	k121_2062408_1	N/A	28.182	54	220	8.15e-20	90.9
SadA_ref|WP_036299419.1|:1-399	399	k121_158807_1	N/A	29.213	64	267	3.53e-19	90.1
SadA_ref|WP_036299419.1|:1-399	399	k121_2049780_1	N/A	33.333	36	144	6.85e-19	87.8
SadA_ref|WP_036299419.1|:1-399	399	k121_105814_1	N/A	33.173	52	208	1.27e-18	87.4
SadA_ref|WP_036299419.1|:1-399	399	k121_1089761_1	N/A	23.342	90	377	5.39e-18	89.0
SadA_ref|WP_036299419.1|:1-399	399	k121_1275021_1	N/A	33.333	34	135	4.72e-17	82.0
SadA_ref|WP_036299419.1|:1-399	399	k121_2163452_3	N/A	24.561	82	342	5.61e-17	85.5
SadA_ref|WP_036299419.1|:1-399	399	k121_1121885_1	N/A	30.556	36	144	8.24e-17	81.6
SadA_ref|WP_036299419.1|:1-399	399	k121_567720_4	N/A	28.000	48	200	1.27e-16	81.3
SadA_ref|WP_036299419.1|:1-399	399	k121_1864025_3	N/A	28.148	34	135	7.34e-16	77.8
SadA_ref|WP_036299419.1|:1-399	399	k121_1530873_1	N/A	27.273	45	187	2.52e-14	74.7
SadA_ref|WP_036299419.1|:1-399	399	k121_765943_2	N/A	30.769	36	143	3.42e-14	73.9
SadA_ref|WP_036299419.1|:1-399	399	k121_68888_1	N/A	30.827	33	133	1.02e-13	72.4
SadA_ref|WP_036299419.1|:1-399	399	k121_2119566_2	N/A	24.891	56	229	1.18e-13	74.3
SadA_ref|WP_036299419.1|:1-399	399	k121_927093_1	N/A	25.571	53	219	1.61e-13	73.6
SadA_ref|WP_036299419.1|:1-399	399	k121_1010786_1	N/A	41.379	22	87	8.09e-13	70.9
SadA_ref|WP_036299419.1|:1-399	399	k121_989456_1	N/A	28.141	48	199	8.97e-13	70.5
SadA_ref|WP_036299419.1|:1-399	399	k121_1051828_2	N/A	25.185	94	405	2.34e-12	72.0
SadA_ref|WP_036299419.1|:1-399	399	k121_61693_1	N/A	32.275	45	189	4.53e-12	67.8
SadA_ref|WP_036299419.1|:1-399	399	k121_932093_1	N/A	39.796	23	98	1.13e-11	68.6
SadA_ref|WP_036299419.1|:1-399	399	k121_817717_1	N/A	27.273	47	198	2.29e-11	66.2
SadA_ref|WP_036299419.1|:1-399	399	k121_886371_3	N/A	28.488	42	172	3.89e-11	67.0
SadA_ref|WP_036299419.1|:1-399	399	k121_962623_1	N/A	23.858	49	197	5.35e-11	65.1
SadA_ref|WP_036299419.1|:1-399	399	k121_2124302_1	N/A	28.788	33	132	1.41e-10	63.2
SadA_ref|WP_036299419.1|:1-399	399	k121_2211935_3	N/A	34.483	22	87	1.53e-08	55.8
SadA_ref|WP_036299419.1|:1-399	399	k121_684371_1	N/A	30.827	33	133	2.50e-08	57.4
SadA_ref|WP_036299419.1|:1-399	399	k121_1890502_1	N/A	26.144	36	153	1.60e-06	51.6
SadA_ref|WP_036299419.1|:1-399	399	k121_1334521_2	N/A	22.066	51	213	1.63e-06	53.5
SadA_ref|WP_036299419.1|:1-399	399	k121_1631882_1	N/A	24.016	62	254	5.56e-06	51.6
SadA_ref|WP_036299419.1|:1-399	399	k121_2069116_1	N/A	25.773	24	97	2.39e-05	47.4
SadA_ref|WP_036299419.1|:1-399	399	k121_811819_1	N/A	29.245	25	106	3.99e-05	47.8
SadA_ref|WP_036299419.1|:1-399	399	k121_1061401_1	N/A	25.397	44	189	4.90e-05	47.8
SadA_ref|WP_036299419.1|:1-399	399	k121_64310_1	N/A	29.670	23	91	6.48e-05	45.8
SadA_ref|WP_036299419.1|:1-399	399	k121_2056583_1	N/A	32.673	25	101	7.25e-05	47.4
SadA_ref|WP_036299419.1|:1-399	399	k121_1449970_1	N/A	23.043	50	230	1.09e-04	48.1
SadA_ref|WP_036299419.1|:1-399	399	k121_1544325_1	N/A	33.333	21	84	1.23e-04	46.6
SadA_ref|WP_036299419.1|:1-399	399	k121_1256957_1	N/A	33.333	21	84	1.74e-04	46.6
SadA_ref|WP_036299419.1|:1-399	399	k121_600165_1	N/A	23.016	62	252	3.18e-04	46.2
SadA_ref|WP_036299419.1|:1-399	399	k121_1980043_1	N/A	24.201	54	219	0.001	44.7
SadA_ref|WP_036299419.1|:1-399	399	k121_987400_1	N/A	24.468	47	188	0.002	43.5
SadA_ref|WP_036299419.1|:1-399	399	k121_1768930_6	N/A	23.043	50	230	0.002	43.9
SadA_ref|WP_036299419.1|:1-399	399	k121_1302503_2	N/A	23.828	62	256	0.011	41.2
SadA_ref|WP_036299419.1|:1-399	399	k121_1215193_1	N/A	24.870	45	193	0.014	41.2
SadA_ref|WP_036299419.1|:1-399	399	k121_1903730_1	N/A	25.410	60	244	0.016	41.2
SadA_ref|WP_036299419.1|:1-399	399	k121_1522212_1	N/A	29.358	27	109	0.016	39.3
SadA_ref|WP_036299419.1|:1-399	399	k121_1063861_1	N/A	30.952	21	84	0.018	40.4
SadA_ref|WP_036299419.1|:1-399	399	k121_668343_1	N/A	22.047	62	254	0.018	40.8
SadA_ref|WP_036299419.1|:1-399	399	k121_1357333_1	N/A	30.952	21	84	0.018	40.8
SadA_ref|WP_036299419.1|:1-399	399	k121_743092_2	N/A	29.762	21	84	0.021	38.9
SadA_ref|WP_036299419.1|:1-399	399	k121_737631_2	N/A	31.395	21	86	0.025	38.9
SadA_ref|WP_036299419.1|:1-399	399	k121_199775_1	N/A	29.762	21	84	0.025	40.0
SadA_ref|WP_036299419.1|:1-399	399	k121_163732_1	N/A	28.704	26	108	0.030	40.0
SadA_ref|WP_036299419.1|:1-399	399	k121_400839_1	N/A	26.882	23	93	0.037	37.7
SadA_ref|WP_036299419.1|:1-399	399	k121_1788345_1	N/A	32.407	26	108	0.046	39.3
SadA_ref|WP_036299419.1|:1-399	399	k121_170958_2	N/A	29.885	22	87	0.048	39.7
SadA_ref|WP_036299419.1|:1-399	399	k121_1831625_1	N/A	30.556	27	108	0.060	38.5
SadA_ref|WP_036299419.1|:1-399	399	k121_370096_1	N/A	22.989	57	261	0.064	39.3
SadA_ref|WP_036299419.1|:1-399	399	k121_398679_1	N/A	30.097	25	103	0.074	38.5
SadB_ref|WP_100812327.1|:1-423	423	k121_1677608_2	N/A	30.811	87	370	4.65e-46	167
SadB_ref|WP_100812327.1|:1-423	423	k121_1378626_3	N/A	28.534	89	382	5.32e-43	158
SadB_ref|WP_100812327.1|:1-423	423	k121_672963_5	N/A	27.676	90	383	3.00e-40	151
SadB_ref|WP_100812327.1|:1-423	423	k121_493295_1	N/A	34.317	63	271	8.67e-38	142
SadB_ref|WP_100812327.1|:1-423	423	k121_2029111_22	N/A	25.203	85	369	4.46e-35	137
SadB_ref|WP_100812327.1|:1-423	423	k121_871658_1	N/A	33.333	56	237	2.58e-34	131
SadB_ref|WP_100812327.1|:1-423	423	k121_1304549_1	N/A	31.449	66	283	2.12e-32	129
SadB_ref|WP_100812327.1|:1-423	423	k121_487578_2	N/A	34.286	57	245	7.76e-30	119
SadB_ref|WP_100812327.1|:1-423	423	k121_2082285_1	N/A	28.922	48	204	5.57e-27	111
SadB_ref|WP_100812327.1|:1-423	423	k121_237008_1	N/A	28.415	42	183	2.63e-26	108
SadB_ref|WP_100812327.1|:1-423	423	k121_1457692_1	N/A	29.439	50	214	3.10e-26	108
SadB_ref|WP_100812327.1|:1-423	423	k121_1997577_2	N/A	25.683	85	366	2.67e-25	110
SadB_ref|WP_100812327.1|:1-423	423	k121_213615_1	N/A	30.323	37	155	3.97e-23	99.0
SadB_ref|WP_100812327.1|:1-423	423	k121_2163452_3	N/A	26.649	85	379	5.09e-23	103
SadB_ref|WP_100812327.1|:1-423	423	k121_1089761_1	N/A	25.721	96	416	6.04e-23	103
SadB_ref|WP_100812327.1|:1-423	423	k121_1909567_1	N/A	27.703	35	148	9.18e-22	95.1
SadB_ref|WP_100812327.1|:1-423	423	k121_2062408_1	N/A	33.523	41	176	9.29e-22	96.7
SadB_ref|WP_100812327.1|:1-423	423	k121_765943_2	N/A	36.806	34	144	1.68e-21	94.4
SadB_ref|WP_100812327.1|:1-423	423	k121_105814_1	N/A	34.500	47	200	2.01e-21	95.5
SadB_ref|WP_100812327.1|:1-423	423	k121_1066480_4	N/A	28.132	92	423	1.33e-20	96.7
SadB_ref|WP_100812327.1|:1-423	423	k121_886371_3	N/A	30.627	62	271	7.96e-19	89.7
SadB_ref|WP_100812327.1|:1-423	423	k121_610556_6	N/A	27.621	88	391	7.59e-18	88.6
SadB_ref|WP_100812327.1|:1-423	423	k121_1113846_3	N/A	26.933	84	375	8.11e-18	88.6
SadB_ref|WP_100812327.1|:1-423	423	k121_1901950_1	N/A	27.044	38	159	5.08e-17	82.0
SadB_ref|WP_100812327.1|:1-423	423	k121_1051828_2	N/A	26.329	90	414	7.47e-17	85.9
SadB_ref|WP_100812327.1|:1-423	423	k121_1121885_1	N/A	32.308	30	130	3.11e-16	80.1
SadB_ref|WP_100812327.1|:1-423	423	k121_567720_4	N/A	28.856	45	201	5.13e-16	80.1
SadB_ref|WP_100812327.1|:1-423	423	k121_989456_1	N/A	28.866	45	194	6.51e-16	79.3
SadB_ref|WP_100812327.1|:1-423	423	k121_2049780_1	N/A	33.077	30	130	1.19e-15	79.0
SadB_ref|WP_100812327.1|:1-423	423	k121_1819067_1	N/A	26.197	77	355	9.84e-15	79.7
SadB_ref|WP_100812327.1|:1-423	423	k121_1530873_1	N/A	26.425	44	193	2.06e-14	75.1
SadB_ref|WP_100812327.1|:1-423	423	k121_2119566_2	N/A	29.474	43	190	4.44e-14	75.9
SadB_ref|WP_100812327.1|:1-423	423	k121_1010786_1	N/A	32.934	38	167	9.64e-14	73.6
SadB_ref|WP_100812327.1|:1-423	423	k121_1903730_1	N/A	26.124	77	356	2.13e-13	75.1
SadB_ref|WP_100812327.1|:1-423	423	k121_927093_1	N/A	28.652	40	178	2.83e-13	72.8
SadB_ref|WP_100812327.1|:1-423	423	k121_68888_1	N/A	30.833	28	120	4.06e-13	70.9
SadB_ref|WP_100812327.1|:1-423	423	k121_158807_1	N/A	25.701	48	214	9.93e-13	72.0
SadB_ref|WP_100812327.1|:1-423	423	k121_817717_1	N/A	31.000	44	200	1.21e-12	70.1
SadB_ref|WP_100812327.1|:1-423	423	k121_1864025_3	N/A	21.481	32	135	1.38e-12	68.6
SadB_ref|WP_100812327.1|:1-423	423	k121_932093_1	N/A	29.084	55	251	1.66e-11	68.2
SadB_ref|WP_100812327.1|:1-423	423	k121_913964_2	N/A	29.430	66	316	1.94e-11	68.9
SadB_ref|WP_100812327.1|:1-423	423	k121_1336383_2	N/A	30.645	57	248	3.05e-10	64.7
SadB_ref|WP_100812327.1|:1-423	423	k121_1275021_1	N/A	32.090	31	134	3.07e-10	62.8
SadB_ref|WP_100812327.1|:1-423	423	k121_1026631_1	N/A	35.088	26	114	2.01e-09	59.7
SadB_ref|WP_100812327.1|:1-423	423	k121_2124302_1	N/A	26.496	28	117	2.23e-09	59.7
SadB_ref|WP_100812327.1|:1-423	423	k121_48914_1	N/A	29.714	40	175	3.61e-09	60.5
SadB_ref|WP_100812327.1|:1-423	423	k121_1215193_1	N/A	29.480	39	173	1.56e-08	60.1
SadB_ref|WP_100812327.1|:1-423	423	k121_684371_1	N/A	29.268	38	164	4.24e-08	56.6
SadB_ref|WP_100812327.1|:1-423	423	k121_962623_1	N/A	25.749	39	167	4.30e-08	57.0
SadB_ref|WP_100812327.1|:1-423	423	k121_1708773_1	N/A	27.948	47	229	4.63e-08	58.2
SadB_ref|WP_100812327.1|:1-423	423	k121_1094268_1	N/A	28.452	48	239	4.69e-08	57.4
SadB_ref|WP_100812327.1|:1-423	423	k121_1061401_1	N/A	25.000	41	184	5.17e-08	56.6
SadB_ref|WP_100812327.1|:1-423	423	k121_1980043_1	N/A	25.676	52	222	7.52e-08	57.0
SadB_ref|WP_100812327.1|:1-423	423	k121_1386384_2	N/A	26.555	88	418	8.34e-08	58.2
SadB_ref|WP_100812327.1|:1-423	423	k121_157452_1	N/A	38.372	20	86	1.54e-07	53.5
SadB_ref|WP_100812327.1|:1-423	423	k121_1334521_2	N/A	24.919	71	309	2.16e-07	56.6
SadB_ref|WP_100812327.1|:1-423	423	k121_1631882_1	N/A	24.590	57	244	6.50e-07	54.7
SadB_ref|WP_100812327.1|:1-423	423	k121_1144135_1	N/A	30.909	36	165	9.12e-07	52.8
SadB_ref|WP_100812327.1|:1-423	423	k121_61693_1	N/A	33.333	31	135	9.36e-07	52.8
SadB_ref|WP_100812327.1|:1-423	423	k121_170958_2	N/A	24.934	81	381	1.32e-06	54.3
SadB_ref|WP_100812327.1|:1-423	423	k121_1450717_2	N/A	32.743	25	113	1.62e-06	52.0
SadB_ref|WP_100812327.1|:1-423	423	k121_2204437_1	N/A	28.723	42	188	1.67e-06	52.4
SadB_ref|WP_100812327.1|:1-423	423	k121_987400_1	N/A	25.000	49	212	2.07e-06	52.8
SadB_ref|WP_100812327.1|:1-423	423	k121_1890502_1	N/A	30.769	28	130	1.09e-05	49.3
SadB_ref|WP_100812327.1|:1-423	423	k121_407447_1	N/A	31.481	37	162	1.26e-05	49.3
SadB_ref|WP_100812327.1|:1-423	423	k121_163732_1	N/A	26.277	58	274	1.32e-05	50.4
SadB_ref|WP_100812327.1|:1-423	423	k121_1570632_1	N/A	33.607	26	122	1.94e-05	48.5
SadB_ref|WP_100812327.1|:1-423	423	k121_199775_1	N/A	30.061	35	163	2.60e-05	49.3
SadB_ref|WP_100812327.1|:1-423	423	k121_765658_1	N/A	32.031	27	128	3.40e-05	47.8
SadB_ref|WP_100812327.1|:1-423	423	k121_811819_1	N/A	29.252	32	147	3.64e-05	48.1
SadB_ref|WP_100812327.1|:1-423	423	k121_743092_2	N/A	32.941	20	85	5.93e-05	46.6
SadB_ref|WP_100812327.1|:1-423	423	k121_1831625_1	N/A	32.117	31	137	6.18e-05	47.8
SadB_ref|WP_100812327.1|:1-423	423	k121_372251_1	N/A	31.858	25	113	6.75e-05	48.5
SadB_ref|WP_100812327.1|:1-423	423	k121_1101640_1	N/A	29.448	37	163	7.37e-05	47.0
SadB_ref|WP_100812327.1|:1-423	423	k121_1544325_1	N/A	32.520	26	123	8.61e-05	47.4
SadB_ref|WP_100812327.1|:1-423	423	k121_633161_2	N/A	31.579	25	114	1.06e-04	47.0
SadB_ref|WP_100812327.1|:1-423	423	k121_1629072_1	N/A	27.206	31	136	1.38e-04	46.2
SadB_ref|WP_100812327.1|:1-423	423	k121_1357333_1	N/A	32.031	27	128	2.71e-04	46.6
SadB_ref|WP_100812327.1|:1-423	423	k121_2149251_1	N/A	28.777	28	139	2.71e-04	45.4
SadB_ref|WP_100812327.1|:1-423	423	k121_64310_1	N/A	30.435	22	92	3.11e-04	44.3
SadB_ref|WP_100812327.1|:1-423	423	k121_2056583_1	N/A	31.776	24	107	3.78e-04	45.1
SadB_ref|WP_100812327.1|:1-423	423	k121_2049548_2	N/A	26.289	45	194	4.75e-04	45.4
SadB_ref|WP_100812327.1|:1-423	423	k121_272304_1	N/A	31.967	26	122	5.77e-04	45.8
SadB_ref|WP_100812327.1|:1-423	423	k121_1025938_1	N/A	34.211	24	114	0.001	43.9
SadB_ref|WP_100812327.1|:1-423	423	k121_737631_2	N/A	30.275	24	109	0.002	42.4
SadB_ref|WP_100812327.1|:1-423	423	k121_791421_1	N/A	24.254	63	268	0.004	43.1
SadB_ref|WP_100812327.1|:1-423	423	k121_1691105_1	N/A	23.569	67	297	0.004	43.1
SadB_ref|WP_100812327.1|:1-423	423	k121_410132_1	N/A	25.600	29	125	0.004	41.2
SadB_ref|WP_100812327.1|:1-423	423	k121_503976_1	N/A	28.462	28	130	0.005	42.4
SadB_ref|WP_100812327.1|:1-423	423	k121_243227_11	N/A	27.344	26	128	0.005	43.1
SadB_ref|WP_100812327.1|:1-423	423	k121_482038_1	N/A	27.869	26	122	0.005	41.2
SadB_ref|WP_100812327.1|:1-423	423	k121_969774_1	N/A	26.772	26	127	0.006	41.2
SadB_ref|WP_100812327.1|:1-423	423	k121_1302503_2	N/A	25.581	57	258	0.006	42.4
SadB_ref|WP_100812327.1|:1-423	423	k121_780202_2	N/A	33.654	22	104	0.009	41.6
SadB_ref|WP_100812327.1|:1-423	423	k121_2017390_1	N/A	33.333	24	114	0.012	41.6
SadB_ref|WP_100812327.1|:1-423	423	k121_859809_1	N/A	27.500	32	160	0.017	40.4
SadB_ref|WP_100812327.1|:1-423	423	k121_276255_2	N/A	29.070	20	86	0.019	39.7
SadB_ref|WP_100812327.1|:1-423	423	k121_341489_1	N/A	30.233	20	86	0.024	39.7
SadB_ref|WP_100812327.1|:1-423	423	k121_589755_2	N/A	28.395	38	162	0.032	40.4
SadB_ref|WP_100812327.1|:1-423	423	k121_133529_3	N/A	28.462	27	130	0.033	39.3
SadB_ref|WP_100812327.1|:1-423	423	k121_668343_1	N/A	25.498	57	251	0.041	39.7
SadB_ref|WP_100812327.1|:1-423	423	k121_820607_1	N/A	31.068	22	103	0.045	39.3
SadB_ref|WP_100812327.1|:1-423	423	k121_2211935_3	N/A	26.667	21	90	0.049	37.4
SadB_ref|WP_100812327.1|:1-423	423	k121_1504463_1	N/A	29.008	28	131	0.050	38.9
SadB_ref|WP_100812327.1|:1-423	423	k121_155618_2	N/A	25.362	30	138	0.069	39.3
SadB_ref|WP_100812327.1|:1-423	423	k121_2103037_1	N/A	29.323	30	133	0.087	38.1
SadB_ref|WP_100812327.1|:1-423	423	k121_1449970_1	N/A	24.096	52	249	0.092	38.9
SadC_ref|WP_036299413.1|:1-194	194	k121_881357_2	N/A	31.325	85	166	3.02e-18	81.3
SadC_ref|WP_036299413.1|:1-194	194	k121_178663_4	N/A	32.117	70	137	1.77e-11	63.2
SadC_ref|WP_036299413.1|:1-194	194	k121_1445876_1	N/A	37.634	48	93	9.17e-11	61.2
SadC_ref|WP_036299413.1|:1-194	194	k121_1252276_1	N/A	27.857	70	140	3.87e-10	59.7
SadC_ref|WP_036299413.1|:1-194	194	k121_1923769_2	N/A	28.571	72	140	4.36e-10	59.7
SadC_ref|WP_036299413.1|:1-194	194	k121_1340827_2	N/A	28.387	76	155	7.21e-10	61.2
SadC_ref|WP_036299413.1|:1-194	194	k121_1351933_1	N/A	27.742	76	155	8.52e-10	60.8
SadC_ref|WP_036299413.1|:1-194	194	k121_522078_1	N/A	38.202	45	89	1.11e-09	57.8
SadC_ref|WP_036299413.1|:1-194	194	k121_1787167_12	N/A	32.031	65	128	3.92e-09	58.5
SadC_ref|WP_036299413.1|:1-194	194	k121_480957_1	N/A	27.848	81	158	5.44e-09	58.5
SadC_ref|WP_036299413.1|:1-194	194	k121_696681_2	N/A	35.052	50	97	6.72e-09	55.1
SadC_ref|WP_036299413.1|:1-194	194	k121_893704_2	N/A	36.170	48	94	1.24e-08	55.8
SadC_ref|WP_036299413.1|:1-194	194	k121_1956438_17	N/A	27.273	73	143	1.91e-08	55.5
SadC_ref|WP_036299413.1|:1-194	194	k121_1905284_2	N/A	36.559	47	93	2.25e-08	54.7
SadC_ref|WP_036299413.1|:1-194	194	k121_175586_3	N/A	38.144	49	97	4.07e-08	55.8
SadC_ref|WP_036299413.1|:1-194	194	k121_977725_1	N/A	36.957	47	92	4.61e-08	54.3
SadC_ref|WP_036299413.1|:1-194	194	k121_402356_1	N/A	34.815	61	135	5.39e-08	54.3
SadC_ref|WP_036299413.1|:1-194	194	k121_814902_2	N/A	30.159	64	126	6.25e-08	53.5
SadC_ref|WP_036299413.1|:1-194	194	k121_2149972_1	N/A	46.053	39	76	6.42e-08	54.7
SadC_ref|WP_036299413.1|:1-194	194	k121_1977458_4	N/A	25.581	66	129	8.80e-08	53.1
SadC_ref|WP_036299413.1|:1-194	194	k121_652106_2	N/A	34.066	46	91	1.02e-07	54.7
SadC_ref|WP_036299413.1|:1-194	194	k121_1676414_1	N/A	36.364	44	88	1.08e-07	53.1
SadC_ref|WP_036299413.1|:1-194	194	k121_841503_1	N/A	31.532	57	111	1.51e-07	51.6
SadC_ref|WP_036299413.1|:1-194	194	k121_1155139_3	N/A	34.783	47	92	1.58e-07	52.8
SadC_ref|WP_036299413.1|:1-194	194	k121_703856_1	N/A	37.931	44	87	1.84e-07	52.8
SadC_ref|WP_036299413.1|:1-194	194	k121_1861171_1	N/A	36.735	48	98	2.01e-07	52.8
SadC_ref|WP_036299413.1|:1-194	194	k121_1417435_2	N/A	26.623	79	154	2.48e-07	52.4
SadC_ref|WP_036299413.1|:1-194	194	k121_1466622_2	N/A	34.783	47	92	2.79e-07	50.4
SadC_ref|WP_036299413.1|:1-194	194	k121_849364_2	N/A	35.526	39	76	3.73e-07	49.7
SadC_ref|WP_036299413.1|:1-194	194	k121_1980942_2	N/A	36.782	44	87	5.52e-07	49.7
SadC_ref|WP_036299413.1|:1-194	194	k121_5559_1	N/A	28.049	42	82	8.62e-07	48.9
SadC_ref|WP_036299413.1|:1-194	194	k121_252457_2	N/A	33.333	47	93	9.55e-07	49.3
SadC_ref|WP_036299413.1|:1-194	194	k121_1143005_1	N/A	34.409	47	93	1.07e-06	50.8
SadC_ref|WP_036299413.1|:1-194	194	k121_577686_2	N/A	33.663	51	101	1.12e-06	50.4
SadC_ref|WP_036299413.1|:1-194	194	k121_1619904_7	N/A	32.051	75	156	2.10e-06	49.7
SadC_ref|WP_036299413.1|:1-194	194	k121_1001542_2	N/A	27.329	82	161	2.45e-06	49.7
SadC_ref|WP_036299413.1|:1-194	194	k121_1805143_1	N/A	31.461	41	89	2.65e-06	48.1
SadC_ref|WP_036299413.1|:1-194	194	k121_1405277_1	N/A	37.313	35	67	3.12e-06	47.8
SadC_ref|WP_036299413.1|:1-194	194	k121_1982367_2	N/A	32.967	46	91	3.91e-06	48.9
SadC_ref|WP_036299413.1|:1-194	194	k121_672963_2	N/A	29.787	48	94	4.02e-06	48.9
SadC_ref|WP_036299413.1|:1-194	194	k121_1416617_1	N/A	32.967	46	91	4.14e-06	48.1
SadC_ref|WP_036299413.1|:1-194	194	k121_1944385_2	N/A	32.911	41	79	4.85e-06	47.8
SadC_ref|WP_036299413.1|:1-194	194	k121_668962_1	N/A	32.967	46	91	6.51e-06	49.3
SadC_ref|WP_036299413.1|:1-194	194	k121_666309_1	N/A	35.714	36	70	7.98e-06	47.8
SadC_ref|WP_036299413.1|:1-194	194	k121_1834756_1	N/A	31.624	60	117	1.15e-05	47.8
SadC_ref|WP_036299413.1|:1-194	194	k121_1252207_1	N/A	32.911	41	79	1.31e-05	45.8
SadC_ref|WP_036299413.1|:1-194	194	k121_1377391_2	N/A	25.000	76	148	1.31e-05	48.5
SadC_ref|WP_036299413.1|:1-194	194	k121_159022_1	N/A	30.702	58	114	1.35e-05	47.4
SadC_ref|WP_036299413.1|:1-194	194	k121_541159_1	N/A	35.802	41	81	1.85e-05	45.8
SadC_ref|WP_036299413.1|:1-194	194	k121_2174808_3	N/A	23.022	70	139	1.87e-05	46.2
SadC_ref|WP_036299413.1|:1-194	194	k121_2071688_1	N/A	32.143	43	84	1.89e-05	47.0
SadC_ref|WP_036299413.1|:1-194	194	k121_1345296_1	N/A	25.161	76	155	1.93e-05	47.8
SadC_ref|WP_036299413.1|:1-194	194	k121_417639_1	N/A	31.915	48	94	1.95e-05	47.0
SadC_ref|WP_036299413.1|:1-194	194	k121_1768454_1	N/A	27.559	65	127	2.03e-05	47.0
SadC_ref|WP_036299413.1|:1-194	194	k121_712227_3	N/A	37.805	42	82	2.40e-05	46.6
SadC_ref|WP_036299413.1|:1-194	194	k121_2029111_20	N/A	38.235	35	68	2.69e-05	46.6
SadC_ref|WP_036299413.1|:1-194	194	k121_558519_2	N/A	26.718	67	131	3.00e-05	47.0
SadC_ref|WP_036299413.1|:1-194	194	k121_1915527_1	N/A	48.276	29	58	3.11e-05	44.3
SadC_ref|WP_036299413.1|:1-194	194	k121_554399_2	N/A	27.273	56	110	3.23e-05	45.4
SadC_ref|WP_036299413.1|:1-194	194	k121_436317_3	N/A	33.333	47	93	4.02e-05	45.8
SadC_ref|WP_036299413.1|:1-194	194	k121_1936613_1	N/A	34.043	48	94	4.03e-05	46.2
SadC_ref|WP_036299413.1|:1-194	194	k121_1600594_2	N/A	36.111	37	72	4.31e-05	44.3
SadC_ref|WP_036299413.1|:1-194	194	k121_346303_1	N/A	30.508	60	118	4.64e-05	46.2
SadC_ref|WP_036299413.1|:1-194	194	k121_1265154_2	N/A	30.435	47	92	6.08e-05	44.3
SadC_ref|WP_036299413.1|:1-194	194	k121_1957574_1	N/A	35.294	35	68	6.23e-05	43.9
SadC_ref|WP_036299413.1|:1-194	194	k121_341489_4	N/A	32.609	47	92	1.13e-04	44.7
SadC_ref|WP_036299413.1|:1-194	194	k121_1461746_1	N/A	27.350	60	117	1.24e-04	44.3
SadC_ref|WP_036299413.1|:1-194	194	k121_886371_1	N/A	38.182	28	55	1.29e-04	44.7
SadC_ref|WP_036299413.1|:1-194	194	k121_1107588_3	N/A	27.692	65	130	1.64e-04	44.3
SadC_ref|WP_036299413.1|:1-194	194	k121_245435_1	N/A	28.090	46	89	1.69e-04	44.3
SadC_ref|WP_036299413.1|:1-194	194	k121_1891194_1	N/A	22.069	74	145	1.79e-04	43.9
SadC_ref|WP_036299413.1|:1-194	194	k121_1945778_4	N/A	31.868	46	91	1.90e-04	44.3
SadC_ref|WP_036299413.1|:1-194	194	k121_202062_1	N/A	36.364	39	77	2.18e-04	43.5
SadC_ref|WP_036299413.1|:1-194	194	k121_770852_1	N/A	35.789	48	95	2.24e-04	43.9
SadC_ref|WP_036299413.1|:1-194	194	k121_231450_1	N/A	30.612	50	98	3.21e-04	43.5
SadC_ref|WP_036299413.1|:1-194	194	k121_680916_2	N/A	48.148	27	54	3.93e-04	41.6
SadC_ref|WP_036299413.1|:1-194	194	k121_346288_1	N/A	28.814	60	118	4.68e-04	43.1
SadC_ref|WP_036299413.1|:1-194	194	k121_30744_4	N/A	29.167	82	168	4.74e-04	43.1
SadC_ref|WP_036299413.1|:1-194	194	k121_281956_1	N/A	32.000	39	75	5.07e-04	43.5
SadC_ref|WP_036299413.1|:1-194	194	k121_2103404_2	N/A	23.750	79	160	5.18e-04	42.7
SadC_ref|WP_036299413.1|:1-194	194	k121_1250193_1	N/A	27.132	64	129	5.86e-04	42.7
SadC_ref|WP_036299413.1|:1-194	194	k121_1858022_2	N/A	29.464	57	112	6.84e-04	42.7
SadC_ref|WP_036299413.1|:1-194	194	k121_377295_1	N/A	27.119	55	118	8.03e-04	43.1
SadC_ref|WP_036299413.1|:1-194	194	k121_435933_2	N/A	26.115	79	157	8.33e-04	42.4
SadC_ref|WP_036299413.1|:1-194	194	k121_1929324_1	N/A	52.273	22	44	0.001	40.0
SadC_ref|WP_036299413.1|:1-194	194	k121_362988_1	N/A	32.258	32	62	0.001	41.6
SadC_ref|WP_036299413.1|:1-194	194	k121_1729936_2	N/A	42.000	25	50	0.001	40.4
SadC_ref|WP_036299413.1|:1-194	194	k121_359593_3	N/A	27.273	45	88	0.002	40.8
SadC_ref|WP_036299413.1|:1-194	194	k121_812077_2	N/A	29.213	45	89	0.002	40.8
SadC_ref|WP_036299413.1|:1-194	194	k121_1573083_1	N/A	27.174	47	92	0.003	40.8
SadC_ref|WP_036299413.1|:1-194	194	k121_1665408_1	N/A	32.927	42	82	0.003	39.7
SadC_ref|WP_036299413.1|:1-194	194	k121_326964_1	N/A	29.268	42	82	0.004	38.9
SadC_ref|WP_036299413.1|:1-194	194	k121_2041036_4	N/A	26.163	86	172	0.005	40.0
SadC_ref|WP_036299413.1|:1-194	194	k121_908508_2	N/A	21.705	66	129	0.006	40.0
SadC_ref|WP_036299413.1|:1-194	194	k121_1619938_1	N/A	24.299	55	107	0.006	39.3
SadC_ref|WP_036299413.1|:1-194	194	k121_935130_1	N/A	29.358	54	109	0.007	38.5
SadC_ref|WP_036299413.1|:1-194	194	k121_535662_2	N/A	41.509	27	53	0.012	37.0
SadC_ref|WP_036299413.1|:1-194	194	k121_1860272_2	N/A	24.167	62	120	0.014	38.9
SadC_ref|WP_036299413.1|:1-194	194	k121_1551097_2	N/A	36.508	32	63	0.014	37.4
SadC_ref|WP_036299413.1|:1-194	194	k121_1436900_1	N/A	22.086	82	163	0.020	38.5
SadC_ref|WP_036299413.1|:1-194	194	k121_708072_1	N/A	31.579	39	76	0.023	37.4
SadC_ref|WP_036299413.1|:1-194	194	k121_257154_2	N/A	41.176	26	51	0.030	37.7
SadC_ref|WP_036299413.1|:1-194	194	k121_1860260_1	N/A	23.967	62	121	0.042	37.4
SadC_ref|WP_036299413.1|:1-194	194	k121_272820_1	N/A	44.231	26	52	0.043	35.8
SadC_ref|WP_036299413.1|:1-194	194	k121_1550297_2	N/A	42.222	23	45	0.044	36.6
SadC_ref|WP_036299413.1|:1-194	194	k121_2120211_1	N/A	38.889	28	54	0.060	35.8
SadC_ref|WP_036299413.1|:1-194	194	k121_756911_2	N/A	22.917	49	96	0.084	35.8
SadC_ref|WP_036299413.1|:1-194	194	k121_814451_1	N/A	23.894	57	113	0.084	35.8
WP_000259031.1	279	k121_456596_2	N/A	100.000	50	139	2.82e-92	272
WP_000259031.1	279	k121_1352406_1	N/A	39.592	88	245	8.78e-42	147
WP_000259031.1	279	k121_467202_2	N/A	37.984	91	258	8.98e-38	138
WP_000259031.1	279	k121_130743_2	N/A	36.585	88	246	4.13e-33	125
WP_000259031.1	279	k121_7957_2	N/A	32.443	93	262	3.22e-31	120
WP_000259031.1	279	k121_1643950_1	N/A	35.714	88	252	1.67e-30	119
WP_000259031.1	279	k121_1241127_3	N/A	30.597	93	268	4.21e-30	117
WP_000259031.1	279	k121_1529256_2	N/A	33.459	94	266	1.69e-29	115
WP_000259031.1	279	k121_1194547_9	N/A	36.653	88	251	7.02e-29	114
WP_000259031.1	279	k121_1682464_1	N/A	29.259	96	270	1.06e-28	114
WP_000259031.1	279	k121_2007377_5	N/A	31.193	78	218	2.65e-28	112
WP_000259031.1	279	k121_331674_1	N/A	32.301	77	226	2.94e-28	112
WP_000259031.1	279	k121_302994_8	N/A	27.437	96	277	5.16e-28	112
WP_000259031.1	279	k121_2200601_2	N/A	36.290	88	248	5.90e-28	112
WP_000259031.1	279	k121_1996095_1	N/A	31.325	88	249	6.76e-28	111
WP_000259031.1	279	k121_1094540_6	N/A	35.600	89	250	7.33e-28	112
WP_000259031.1	279	k121_573762_2	N/A	32.794	87	247	7.71e-28	111
WP_000259031.1	279	k121_2212031_6	N/A	30.116	91	259	9.18e-28	111
WP_000259031.1	279	k121_1740720_5	N/A	28.679	93	265	1.50e-27	110
WP_000259031.1	279	k121_200255_2	N/A	35.366	88	246	3.11e-27	110
WP_000259031.1	279	k121_1506740_1	N/A	28.897	93	263	4.20e-27	109
WP_000259031.1	279	k121_602855_2	N/A	36.697	78	218	4.99e-27	109
WP_000259031.1	279	k121_72254_2	N/A	31.395	88	258	5.39e-27	109
WP_000259031.1	279	k121_2007347_1	N/A	29.452	95	292	5.43e-27	110
WP_000259031.1	279	k121_1929501_5	N/A	31.786	94	280	7.27e-27	109
WP_000259031.1	279	k121_163943_2	N/A	38.636	63	176	2.03e-26	105
WP_000259031.1	279	k121_1566813_8	N/A	31.439	93	264	4.94e-26	108
WP_000259031.1	279	k121_656278_1	N/A	36.250	82	240	5.93e-26	105
WP_000259031.1	279	k121_423023_2	N/A	30.303	93	264	2.05e-25	105
WP_000259031.1	279	k121_1640938_4	N/A	27.953	89	254	1.45e-24	102
WP_000259031.1	279	k121_1849491_1	N/A	28.862	85	246	4.20e-24	100
WP_000259031.1	279	k121_1838241_1	N/A	31.439	93	264	5.06e-24	101
WP_000259031.1	279	k121_964698_1	N/A	33.945	78	218	6.66e-24	100
WP_000259031.1	279	k121_1077130_2	N/A	28.897	89	263	8.94e-24	100
WP_000259031.1	279	k121_1784180_1	N/A	34.400	89	250	9.93e-24	100
WP_000259031.1	279	k121_2106065_1	N/A	33.040	78	227	1.93e-23	99.4
WP_000259031.1	279	k121_477848_1	N/A	33.880	65	183	2.21e-23	99.0
WP_000259031.1	279	k121_2183667_2	N/A	31.579	94	266	2.27e-23	100
WP_000259031.1	279	k121_1321030_1	N/A	33.468	88	248	4.10e-23	99.0
WP_000259031.1	279	k121_560967_5	N/A	28.794	91	257	6.60e-23	98.6
WP_000259031.1	279	k121_1237112_2	N/A	32.584	93	267	6.90e-23	98.2
WP_000259031.1	279	k121_1963639_1	N/A	34.270	63	178	1.85e-22	95.9
WP_000259031.1	279	k121_359128_4	N/A	31.923	91	260	2.04e-22	98.2
WP_000259031.1	279	k121_2138020_2	N/A	32.661	88	248	3.74e-22	97.1
WP_000259031.1	279	k121_145907_1	N/A	32.547	76	212	9.19e-22	94.4
WP_000259031.1	279	k121_719974_1	N/A	30.332	74	211	1.51e-21	93.6
WP_000259031.1	279	k121_152445_1	N/A	34.884	61	172	3.61e-21	93.2
WP_000259031.1	279	k121_1899914_4	N/A	35.981	76	214	4.88e-21	93.6
WP_000259031.1	279	k121_68258_1	N/A	32.677	88	254	5.37e-21	95.1
WP_000259031.1	279	k121_1759809_1	N/A	31.222	78	221	5.91e-21	92.8
WP_000259031.1	279	k121_337484_2	N/A	31.313	70	198	7.64e-21	91.7
WP_000259031.1	279	k121_997828_1	N/A	27.925	88	265	1.15e-20	92.4
WP_000259031.1	279	k121_1565069_1	N/A	30.043	83	233	4.70e-20	90.1
WP_000259031.1	279	k121_1283117_1	N/A	38.211	44	123	5.79e-20	88.2
WP_000259031.1	279	k121_1793246_1	N/A	40.800	44	125	1.41e-19	86.7
WP_000259031.1	279	k121_249148_1	N/A	34.444	63	180	1.61e-19	87.8
WP_000259031.1	279	k121_1680792_1	N/A	29.032	76	217	2.59e-19	87.8
WP_000259031.1	279	k121_42314_2	N/A	27.160	87	243	2.71e-19	88.2
WP_000259031.1	279	k121_327088_1	N/A	32.836	71	201	3.19e-19	88.2
WP_000259031.1	279	k121_107104_1	N/A	32.298	57	161	5.38e-19	85.5
WP_000259031.1	279	k121_1198191_1	N/A	30.481	65	187	1.25e-18	85.1
WP_000259031.1	279	k121_119708_1	N/A	32.323	68	198	2.22e-18	84.3
WP_000259031.1	279	k121_557027_2	N/A	32.143	89	252	2.45e-18	86.7
WP_000259031.1	279	k121_557340_1	N/A	34.783	65	184	5.08e-18	84.3
WP_000259031.1	279	k121_1659239_1	N/A	28.175	87	252	6.58e-18	84.3
WP_000259031.1	279	k121_844403_1	N/A	47.368	34	95	6.72e-18	80.5
WP_000259031.1	279	k121_2009449_3	N/A	28.111	77	217	8.84e-18	83.6
WP_000259031.1	279	k121_373224_2	N/A	27.465	96	284	1.50e-17	84.3
WP_000259031.1	279	k121_866173_1	N/A	34.884	61	172	1.79e-17	81.6
WP_000259031.1	279	k121_1389727_1	N/A	30.682	62	176	2.85e-17	81.3
WP_000259031.1	279	k121_1419814_1	N/A	33.333	60	168	1.16e-16	79.3
WP_000259031.1	279	k121_483646_1	N/A	31.138	54	167	1.41e-16	79.7
WP_000259031.1	279	k121_177436_1	N/A	28.646	67	192	6.41e-16	78.2
WP_000259031.1	279	k121_1025544_1	N/A	34.222	75	225	7.38e-16	78.6
WP_000259031.1	279	k121_1982742_2	N/A	35.514	38	107	1.06e-15	75.9
WP_000259031.1	279	k121_1004977_1	N/A	35.577	37	104	1.14e-15	75.1
WP_000259031.1	279	k121_738001_1	N/A	33.129	58	163	1.17e-15	76.3
WP_000259031.1	279	k121_1517299_1	N/A	27.434	76	226	1.58e-15	79.0
WP_000259031.1	279	k121_1144555_1	N/A	28.646	66	192	2.14e-15	76.3
WP_000259031.1	279	k121_830410_1	N/A	27.841	62	176	9.78e-15	75.1
WP_000259031.1	279	k121_477601_2	N/A	32.258	88	248	1.03e-14	76.3
WP_000259031.1	279	k121_670821_1	N/A	29.444	59	180	1.52e-14	73.6
WP_000259031.1	279	k121_2130233_1	N/A	34.545	58	165	2.16e-14	73.2
WP_000259031.1	279	k121_1210084_1	N/A	37.864	37	103	2.61e-14	73.2
WP_000259031.1	279	k121_377920_2	N/A	27.568	63	185	3.34e-14	73.6
WP_000259031.1	279	k121_121997_3	N/A	37.719	41	114	3.40e-14	71.2
WP_000259031.1	279	k121_972072_1	N/A	29.070	60	172	3.82e-14	72.8
WP_000259031.1	279	k121_1109165_1	N/A	32.468	54	154	1.01e-13	71.2
WP_000259031.1	279	k121_1022057_1	N/A	35.577	37	104	1.08e-13	71.2
WP_000259031.1	279	k121_1757340_1	N/A	37.000	36	100	1.14e-13	70.1
WP_000259031.1	279	k121_97951_1	N/A	31.492	64	181	1.51e-13	70.9
WP_000259031.1	279	k121_1788089_2	N/A	28.235	59	170	1.59e-13	70.9
WP_000259031.1	279	k121_1715284_1	N/A	31.008	44	129	1.63e-13	70.5
WP_000259031.1	279	k121_167557_2	N/A	26.702	63	191	1.96e-13	71.6
WP_000259031.1	279	k121_364210_1	N/A	29.050	63	179	2.23e-13	70.9
WP_000259031.1	279	k121_911952_1	N/A	29.843	64	191	2.27e-13	70.9
WP_000259031.1	279	k121_2123136_2	N/A	34.426	44	122	4.28e-13	68.6
WP_000259031.1	279	k121_1956324_1	N/A	29.825	61	171	6.23e-13	69.7
WP_000259031.1	279	k121_1906888_1	N/A	30.400	44	125	6.87e-13	68.2
WP_000259031.1	279	k121_439700_1	N/A	33.871	44	124	1.12e-12	70.1
WP_000259031.1	279	k121_538780_2	N/A	29.412	72	204	1.48e-12	69.3
WP_000259031.1	279	k121_703065_1	N/A	30.894	44	123	1.60e-12	67.0
WP_000259031.1	279	k121_1111223_3	N/A	32.044	63	181	2.27e-12	69.3
WP_000259031.1	279	k121_264828_1	N/A	39.604	36	101	2.69e-12	66.6
WP_000259031.1	279	k121_2022173_1	N/A	28.249	62	177	2.78e-12	67.4
WP_000259031.1	279	k121_1067211_1	N/A	34.483	61	174	3.56e-12	67.0
WP_000259031.1	279	k121_1511497_2	N/A	36.000	36	100	3.68e-12	67.4
WP_000259031.1	279	k121_650380_3	N/A	33.728	58	169	5.28e-12	67.0
WP_000259031.1	279	k121_581828_1	N/A	35.385	47	130	7.11e-12	65.5
WP_000259031.1	279	k121_1487263_1	N/A	30.909	59	165	7.34e-12	66.6
WP_000259031.1	279	k121_1053352_4	N/A	35.833	43	120	7.69e-12	65.9
WP_000259031.1	279	k121_1904996_1	N/A	25.483	85	259	7.80e-12	67.8
WP_000259031.1	279	k121_1585205_1	N/A	31.915	66	188	1.03e-11	66.6
WP_000259031.1	279	k121_1344903_1	N/A	26.562	68	192	1.07e-11	65.9
WP_000259031.1	279	k121_294532_1	N/A	32.420	76	219	2.67e-11	66.2
WP_000259031.1	279	k121_1992866_1	N/A	40.952	37	105	2.69e-11	63.5
WP_000259031.1	279	k121_195300_1	N/A	35.433	44	127	3.96e-11	65.1
WP_000259031.1	279	k121_774617_1	N/A	37.383	38	107	4.70e-11	63.5
WP_000259031.1	279	k121_1226806_3	N/A	24.719	63	178	1.09e-10	63.2
WP_000259031.1	279	k121_928351_1	N/A	29.240	60	171	1.63e-10	62.8
WP_000259031.1	279	k121_1901496_1	N/A	26.786	59	168	1.76e-10	62.4
WP_000259031.1	279	k121_634375_1	N/A	38.095	30	84	2.60e-10	60.1
WP_000259031.1	279	k121_1827388_96	N/A	27.778	61	180	3.76e-10	62.4
WP_000259031.1	279	k121_884454_1	N/A	33.607	43	122	8.38e-10	59.7
WP_000259031.1	279	k121_1560112_2	N/A	32.759	59	174	8.41e-10	60.5
WP_000259031.1	279	k121_839107_2	N/A	39.000	36	100	1.15e-09	58.9
WP_000259031.1	279	k121_270840_1	N/A	32.174	41	115	1.34e-09	58.9
WP_000259031.1	279	k121_264848_2	N/A	30.556	37	108	1.62e-09	58.9
WP_000259031.1	279	k121_1292420_1	N/A	29.474	66	190	2.88e-09	58.9
WP_000259031.1	279	k121_11258_1	N/A	47.423	35	97	3.41e-09	57.8
WP_000259031.1	279	k121_355858_1	N/A	31.100	74	209	6.07e-09	58.9
WP_000259031.1	279	k121_314818_2	N/A	41.026	28	78	6.78e-09	57.4
WP_000259031.1	279	k121_1053352_3	N/A	26.957	41	115	9.75e-09	56.2
WP_000259031.1	279	k121_1964169_2	N/A	32.407	38	108	1.75e-08	55.5
WP_000259031.1	279	k121_1605565_1	N/A	25.926	55	162	1.99e-08	56.6
WP_000259031.1	279	k121_1091480_1	N/A	24.352	66	193	2.20e-08	57.0
WP_000259031.1	279	k121_1733162_3	N/A	32.903	54	155	2.51e-08	55.8
WP_000259031.1	279	k121_833032_1	N/A	28.467	49	137	3.99e-08	55.5
WP_000259031.1	279	k121_779307_1	N/A	30.519	55	154	4.09e-08	55.5
WP_000259031.1	279	k121_1348107_2	N/A	28.155	37	103	4.28e-08	55.5
WP_000259031.1	279	k121_1361276_2	N/A	36.986	26	73	4.82e-08	53.5
WP_000259031.1	279	k121_415593_1	N/A	33.333	38	108	8.22e-08	53.5
WP_000259031.1	279	k121_944229_1	N/A	28.431	36	102	9.15e-08	53.5
WP_000259031.1	279	k121_1911470_2	N/A	32.773	41	119	9.16e-08	54.7
WP_000259031.1	279	k121_833780_1	N/A	29.775	62	178	9.97e-08	54.7
WP_000259031.1	279	k121_283798_1	N/A	42.373	21	59	1.40e-07	51.6
WP_000259031.1	279	k121_354592_1	N/A	23.944	76	213	1.42e-07	55.1
WP_000259031.1	279	k121_273090_2	N/A	44.776	24	67	1.51e-07	53.1
WP_000259031.1	279	k121_219649_1	N/A	28.713	36	101	1.82e-07	52.4
WP_000259031.1	279	k121_1779159_2	N/A	34.091	44	132	2.07e-07	53.1
WP_000259031.1	279	k121_392940_2	N/A	26.776	61	183	2.08e-07	53.9
WP_000259031.1	279	k121_837046_1	N/A	33.071	44	127	3.26e-07	53.1
WP_000259031.1	279	k121_2076438_1	N/A	46.154	28	78	3.54e-07	51.2
WP_000259031.1	279	k121_1860136_1	N/A	38.462	28	78	3.81e-07	52.0
WP_000259031.1	279	k121_1095306_2	N/A	38.710	22	62	6.43e-07	50.1
WP_000259031.1	279	k121_1079572_2	N/A	35.714	25	70	8.76e-07	50.4
WP_000259031.1	279	k121_119763_1	N/A	36.250	28	80	8.78e-07	49.7
WP_000259031.1	279	k121_609026_1	N/A	38.571	25	70	1.04e-06	49.7
WP_000259031.1	279	k121_614101_2	N/A	35.246	41	122	1.10e-06	50.8
WP_000259031.1	279	k121_1763557_2	N/A	34.444	32	90	1.52e-06	49.3
WP_000259031.1	279	k121_1583211_2	N/A	26.263	67	198	1.65e-06	51.6
WP_000259031.1	279	k121_41167_1	N/A	28.148	46	135	1.77e-06	50.1
WP_000259031.1	279	k121_1969665_1	N/A	30.709	44	127	2.93e-06	51.2
WP_000259031.1	279	k121_575880_2	N/A	24.793	43	121	3.30e-06	50.4
WP_000259031.1	279	k121_332158_1	N/A	34.783	39	115	4.23e-06	49.3
WP_000259031.1	279	k121_983171_1	N/A	33.793	49	145	4.76e-06	50.8
WP_000259031.1	279	k121_2204635_1	N/A	39.583	34	96	6.66e-06	48.1
WP_000259031.1	279	k121_1930916_1	N/A	35.385	46	130	8.69e-06	48.9
WP_000259031.1	279	k121_1378287_1	N/A	32.432	27	74	1.12e-05	47.0
WP_000259031.1	279	k121_263989_1	N/A	44.615	23	65	1.27e-05	46.6
WP_000259031.1	279	k121_1438293_1	N/A	36.111	26	72	1.32e-05	47.4
WP_000259031.1	279	k121_1579461_1	N/A	30.469	45	128	1.94e-05	47.8
WP_000259031.1	279	k121_430507_2	N/A	34.343	34	99	2.36e-05	47.0
WP_000259031.1	279	k121_347831_1	N/A	34.783	32	92	2.72e-05	47.0
WP_000259031.1	279	k121_1616994_5	N/A	34.848	24	66	4.63e-05	45.1
WP_000259031.1	279	k121_417049_1	N/A	49.351	28	77	5.44e-05	45.1
WP_000259031.1	279	k121_176090_1	N/A	24.359	54	156	7.85e-05	46.2
WP_000259031.1	279	k121_455671_2	N/A	28.261	33	92	8.05e-05	44.7
WP_000259031.1	279	k121_1827388_95	N/A	37.143	25	70	1.39e-04	46.2
WP_000259031.1	279	k121_1303915_2	N/A	39.583	34	96	1.82e-04	45.1
WP_000259031.1	279	k121_132261_1	N/A	40.385	37	104	1.83e-04	44.3
WP_000259031.1	279	k121_152365_3	N/A	33.766	27	77	3.37e-04	45.8
WP_000259031.1	279	k121_1268963_1	N/A	40.580	24	69	8.10e-04	43.5
WP_000259031.1	279	k121_2104076_1	N/A	33.333	24	66	0.001	40.8
WP_000259031.1	279	k121_1830597_1	N/A	32.558	31	86	0.001	42.4
WP_000259031.1	279	k121_2137417_1	N/A	36.232	25	69	0.001	40.8
WP_000259031.1	279	k121_914148_2	N/A	27.273	24	66	0.007	38.5
WP_000259031.1	279	k121_788764_1	N/A	30.303	33	99	0.010	40.0
WP_000259031.1	279	k121_1772438_1	N/A	29.825	51	171	0.014	40.4
WP_000259031.1	279	k121_675514_1	N/A	33.582	46	134	0.040	38.5
WP_001043260.1	271	k121_130743_2	N/A	41.699	95	259	2.60e-47	162
WP_001043260.1	271	k121_467202_2	N/A	40.076	96	262	1.24e-46	160
WP_001043260.1	271	k121_2007347_1	N/A	33.449	97	287	6.68e-42	149
WP_001043260.1	271	k121_200255_2	N/A	38.491	95	265	1.67e-41	147
WP_001043260.1	271	k121_2007377_5	N/A	36.296	98	270	1.26e-40	144
WP_001043260.1	271	k121_602855_2	N/A	40.698	95	258	2.02e-40	144
WP_001043260.1	271	k121_331674_1	N/A	36.199	79	221	9.41e-40	141
WP_001043260.1	271	k121_1352406_1	N/A	35.510	90	245	1.07e-39	142
WP_001043260.1	271	k121_1241127_3	N/A	31.852	98	270	2.27e-39	142
WP_001043260.1	271	k121_2200601_2	N/A	36.330	97	267	1.86e-38	139
WP_001043260.1	271	k121_1643950_1	N/A	37.209	95	258	5.85e-38	138
WP_001043260.1	271	k121_1784180_1	N/A	37.405	96	262	5.91e-38	137
WP_001043260.1	271	k121_1929501_5	N/A	34.799	95	273	7.67e-38	138
WP_001043260.1	271	k121_1529256_2	N/A	32.824	96	262	1.21e-37	137
WP_001043260.1	271	k121_1237112_2	N/A	37.879	96	264	3.71e-37	135
WP_001043260.1	271	k121_964698_1	N/A	37.008	93	254	1.36e-36	134
WP_001043260.1	271	k121_359128_4	N/A	38.971	96	272	4.00e-36	134
WP_001043260.1	271	k121_72254_2	N/A	34.191	96	272	4.68e-36	133
WP_001043260.1	271	k121_1321030_1	N/A	38.710	90	248	5.64e-36	132
WP_001043260.1	271	k121_1194547_9	N/A	39.147	95	258	2.35e-35	131
WP_001043260.1	271	k121_7957_2	N/A	36.466	96	266	4.31e-35	130
WP_001043260.1	271	k121_1838241_1	N/A	35.472	95	265	2.09e-34	128
WP_001043260.1	271	k121_1077130_2	N/A	31.660	90	259	3.18e-34	128
WP_001043260.1	271	k121_1565069_1	N/A	37.209	79	215	4.47e-34	127
WP_001043260.1	271	k121_2106065_1	N/A	34.513	82	226	4.82e-34	127
WP_001043260.1	271	k121_373224_2	N/A	32.117	96	274	1.12e-33	127
WP_001043260.1	271	k121_2138020_2	N/A	35.135	95	259	5.16e-33	125
WP_001043260.1	271	k121_1996095_1	N/A	33.735	90	249	7.14e-33	124
WP_001043260.1	271	k121_1899914_4	N/A	38.433	96	268	1.31e-32	124
WP_001043260.1	271	k121_1963639_1	N/A	35.025	71	197	2.01e-32	121
WP_001043260.1	271	k121_2183667_2	N/A	35.907	95	259	4.75e-32	123
WP_001043260.1	271	k121_163943_2	N/A	38.503	69	187	6.15e-32	120
WP_001043260.1	271	k121_456596_2	N/A	53.509	42	114	2.10e-31	117
WP_001043260.1	271	k121_152445_1	N/A	38.824	62	170	3.79e-31	119
WP_001043260.1	271	k121_557027_2	N/A	35.878	96	262	9.15e-31	119
WP_001043260.1	271	k121_1506740_1	N/A	29.278	95	263	1.59e-30	118
WP_001043260.1	271	k121_719974_1	N/A	30.622	75	209	1.64e-30	117
WP_001043260.1	271	k121_145907_1	N/A	37.559	77	213	1.77e-30	117
WP_001043260.1	271	k121_1659239_1	N/A	34.231	91	260	3.49e-30	117
WP_001043260.1	271	k121_1849491_1	N/A	31.780	86	236	7.61e-30	115
WP_001043260.1	271	k121_302994_8	N/A	28.409	96	264	9.10e-30	116
WP_001043260.1	271	k121_2212031_6	N/A	30.566	96	265	1.30e-29	116
WP_001043260.1	271	k121_249148_1	N/A	36.517	65	178	3.33e-29	113
WP_001043260.1	271	k121_1094540_6	N/A	33.588	96	262	2.64e-28	112
WP_001043260.1	271	k121_477848_1	N/A	38.857	64	175	7.58e-28	110
WP_001043260.1	271	k121_423023_2	N/A	29.213	97	267	1.23e-27	111
WP_001043260.1	271	k121_1566813_8	N/A	29.588	97	267	3.17e-27	111
WP_001043260.1	271	k121_42314_2	N/A	28.947	97	266	3.29e-27	109
WP_001043260.1	271	k121_1283117_1	N/A	45.161	46	124	3.37e-27	107
WP_001043260.1	271	k121_1389727_1	N/A	38.728	63	173	3.44e-27	107
WP_001043260.1	271	k121_477601_2	N/A	36.154	95	260	3.44e-27	110
WP_001043260.1	271	k121_377920_2	N/A	32.778	64	180	3.70e-27	108
WP_001043260.1	271	k121_997828_1	N/A	33.206	90	262	5.80e-27	108
WP_001043260.1	271	k121_573762_2	N/A	30.153	95	262	7.84e-27	108
WP_001043260.1	271	k121_2130233_1	N/A	41.975	59	162	1.24e-26	105
WP_001043260.1	271	k121_364210_1	N/A	36.000	64	175	1.96e-26	105
WP_001043260.1	271	k121_1682464_1	N/A	28.897	95	263	2.26e-26	107
WP_001043260.1	271	k121_1517299_1	N/A	32.599	79	227	2.32e-26	108
WP_001043260.1	271	k121_1640938_4	N/A	27.969	95	261	2.64e-26	107
WP_001043260.1	271	k121_830410_1	N/A	30.726	65	179	5.35e-26	105
WP_001043260.1	271	k121_2022173_1	N/A	34.104	63	173	6.42e-26	103
WP_001043260.1	271	k121_1210084_1	N/A	42.963	48	135	7.06e-26	103
WP_001043260.1	271	k121_1680792_1	N/A	29.439	78	214	1.12e-25	104
WP_001043260.1	271	k121_68258_1	N/A	33.203	90	256	3.24e-25	106
WP_001043260.1	271	k121_119708_1	N/A	36.508	69	189	8.26e-25	101
WP_001043260.1	271	k121_337484_2	N/A	32.110	79	218	1.09e-24	101
WP_001043260.1	271	k121_557340_1	N/A	37.004	82	227	1.10e-24	102
WP_001043260.1	271	k121_1788089_2	N/A	32.727	61	165	2.73e-24	99.8
WP_001043260.1	271	k121_1740720_5	N/A	28.629	90	248	3.55e-24	101
WP_001043260.1	271	k121_656278_1	N/A	35.652	82	230	5.37e-24	100
WP_001043260.1	271	k121_1004977_1	N/A	42.857	38	105	6.81e-24	97.1
WP_001043260.1	271	k121_844403_1	N/A	55.208	34	96	1.19e-23	95.5
WP_001043260.1	271	k121_1292420_1	N/A	37.853	64	177	1.32e-23	97.8
WP_001043260.1	271	k121_195300_1	N/A	42.143	51	140	1.37e-23	99.0
WP_001043260.1	271	k121_327088_1	N/A	33.865	90	251	1.73e-23	99.4
WP_001043260.1	271	k121_1759809_1	N/A	31.674	80	221	1.85e-23	99.4
WP_001043260.1	271	k121_121997_3	N/A	50.000	38	102	2.72e-23	95.5
WP_001043260.1	271	k121_107104_1	N/A	35.000	58	160	6.74e-23	95.9
WP_001043260.1	271	k121_833032_1	N/A	38.235	50	136	1.20e-22	94.7
WP_001043260.1	271	k121_1793246_1	N/A	42.857	48	133	1.65e-22	94.0
WP_001043260.1	271	k121_1906888_1	N/A	37.600	45	125	2.16e-22	93.6
WP_001043260.1	271	k121_1198191_1	N/A	31.980	72	197	5.41e-22	94.0
WP_001043260.1	271	k121_972072_1	N/A	37.126	61	167	5.97e-22	93.6
WP_001043260.1	271	k121_560967_5	N/A	26.693	91	251	8.05e-22	95.5
WP_001043260.1	271	k121_1904996_1	N/A	28.516	89	256	9.00e-22	94.7
WP_001043260.1	271	k121_1025544_1	N/A	34.322	81	236	9.38e-22	94.4
WP_001043260.1	271	k121_264848_2	N/A	40.517	41	116	1.81e-21	91.3
WP_001043260.1	271	k121_1605565_1	N/A	32.895	56	152	2.05e-21	91.7
WP_001043260.1	271	k121_1022057_1	N/A	38.710	45	124	2.10e-21	92.0
WP_001043260.1	271	k121_1109165_1	N/A	39.610	56	154	2.87e-21	91.3
WP_001043260.1	271	k121_839107_2	N/A	45.098	38	102	1.64e-20	87.8
WP_001043260.1	271	k121_1348107_2	N/A	33.803	52	142	2.55e-20	88.6
WP_001043260.1	271	k121_538780_2	N/A	32.367	76	207	2.80e-20	90.1
WP_001043260.1	271	k121_911952_1	N/A	35.057	63	174	3.14e-20	89.0
WP_001043260.1	271	k121_1511497_2	N/A	31.844	55	179	7.62e-20	88.2
WP_001043260.1	271	k121_866173_1	N/A	35.429	62	175	8.01e-20	87.8
WP_001043260.1	271	k121_177436_1	N/A	27.143	76	210	1.80e-19	87.8
WP_001043260.1	271	k121_167557_2	N/A	31.053	64	190	2.26e-19	87.8
WP_001043260.1	271	k121_1487263_1	N/A	34.161	59	161	4.47e-19	85.9
WP_001043260.1	271	k121_294532_1	N/A	32.035	79	231	4.71e-19	87.8
WP_001043260.1	271	k121_119763_1	N/A	53.521	26	71	8.61e-19	82.0
WP_001043260.1	271	k121_1982742_2	N/A	38.053	41	113	1.13e-18	83.6
WP_001043260.1	271	k121_1763557_2	N/A	48.352	33	91	1.70e-18	81.6
WP_001043260.1	271	k121_439700_1	N/A	37.600	45	125	2.07e-18	86.3
WP_001043260.1	271	k121_97951_1	N/A	35.829	69	187	2.16e-18	84.0
WP_001043260.1	271	k121_1579461_1	N/A	35.156	46	128	4.44e-18	82.8
WP_001043260.1	271	k121_1144555_1	N/A	29.508	66	183	4.80e-18	83.6
WP_001043260.1	271	k121_483646_1	N/A	35.000	56	160	5.74e-18	83.2
WP_001043260.1	271	k121_1053352_4	N/A	35.659	46	129	3.51e-17	80.5
WP_001043260.1	271	k121_670821_1	N/A	30.556	60	180	6.52e-17	79.7
WP_001043260.1	271	k121_581828_1	N/A	34.641	55	153	2.54e-16	77.4
WP_001043260.1	271	k121_1091480_1	N/A	28.387	54	155	3.41e-16	78.6
WP_001043260.1	271	k121_332158_1	N/A	44.762	38	105	4.68e-16	76.6
WP_001043260.1	271	k121_703065_1	N/A	35.772	45	123	5.84e-16	76.3
WP_001043260.1	271	k121_2009449_3	N/A	26.667	76	210	6.53e-16	78.2
WP_001043260.1	271	k121_1757340_1	N/A	37.000	37	100	8.52e-16	75.9
WP_001043260.1	271	k121_928351_1	N/A	29.412	68	187	2.46e-15	75.9
WP_001043260.1	271	k121_634375_1	N/A	41.463	30	82	3.36e-15	73.2
WP_001043260.1	271	k121_1111223_3	N/A	31.609	64	174	5.08e-15	76.6
WP_001043260.1	271	k121_1226806_3	N/A	30.899	64	178	7.61e-15	74.7
WP_001043260.1	271	k121_1956324_1	N/A	26.630	67	184	1.10e-14	74.3
WP_001043260.1	271	k121_1992866_1	N/A	39.167	44	120	1.33e-14	72.8
WP_001043260.1	271	k121_1616994_5	N/A	51.515	24	66	1.38e-14	71.2
WP_001043260.1	271	k121_1969665_1	N/A	35.385	46	130	1.65e-14	74.3
WP_001043260.1	271	k121_1715284_1	N/A	32.558	46	129	1.72e-14	73.2
WP_001043260.1	271	k121_1361276_2	N/A	44.304	29	79	1.81e-14	71.2
WP_001043260.1	271	k121_1911470_2	N/A	35.616	53	146	1.88e-14	73.2
WP_001043260.1	271	k121_1344903_1	N/A	29.167	69	192	2.26e-14	73.2
WP_001043260.1	271	k121_354592_1	N/A	28.696	83	230	2.91e-14	73.9
WP_001043260.1	271	k121_273090_2	N/A	46.250	29	80	6.64e-14	70.5
WP_001043260.1	271	k121_609026_1	N/A	44.872	29	78	1.38e-13	68.6
WP_001043260.1	271	k121_1079572_2	N/A	44.872	29	78	1.58e-13	68.9
WP_001043260.1	271	k121_1095306_2	N/A	47.619	23	63	3.79e-13	67.0
WP_001043260.1	271	k121_1378287_1	N/A	44.286	26	70	3.79e-13	67.4
WP_001043260.1	271	k121_1585205_1	N/A	32.143	71	196	1.17e-12	68.9
WP_001043260.1	271	k121_914148_2	N/A	45.455	24	66	1.50e-12	65.5
WP_001043260.1	271	k121_738001_1	N/A	32.624	52	141	7.06e-12	65.9
WP_001043260.1	271	k121_944229_1	N/A	30.769	37	104	8.99e-12	64.7
WP_001043260.1	271	k121_283798_1	N/A	48.333	22	60	1.18e-11	62.8
WP_001043260.1	271	k121_2104076_1	N/A	46.269	25	67	2.33e-11	62.4
WP_001043260.1	271	k121_1053352_3	N/A	30.909	41	110	2.71e-11	63.2
WP_001043260.1	271	k121_152365_3	N/A	43.056	26	72	5.32e-11	66.2
WP_001043260.1	271	k121_314818_2	N/A	35.862	54	145	5.48e-11	63.2
WP_001043260.1	271	k121_2076438_1	N/A	42.553	35	94	6.06e-11	61.6
WP_001043260.1	271	k121_1067211_1	N/A	34.161	59	161	6.15e-11	63.5
WP_001043260.1	271	k121_355858_1	N/A	32.018	82	228	6.54e-11	64.3
WP_001043260.1	271	k121_1419814_1	N/A	33.333	61	168	7.73e-11	63.2
WP_001043260.1	271	k121_884454_1	N/A	33.557	54	149	9.58e-11	62.4
WP_001043260.1	271	k121_11258_1	N/A	44.737	42	114	1.07e-10	61.6
WP_001043260.1	271	k121_219649_1	N/A	34.259	40	108	1.13e-10	61.2
WP_001043260.1	271	k121_575880_2	N/A	35.714	36	98	1.37e-10	62.8
WP_001043260.1	271	k121_1827388_95	N/A	38.961	28	77	1.65e-10	63.5
WP_001043260.1	271	k121_1438293_1	N/A	36.800	44	125	3.09e-10	60.5
WP_001043260.1	271	k121_837046_1	N/A	35.172	52	145	3.27e-10	61.6
WP_001043260.1	271	k121_1827388_96	N/A	25.943	75	212	3.68e-10	62.4
WP_001043260.1	271	k121_1964169_2	N/A	38.393	41	112	3.88e-10	59.7
WP_001043260.1	271	k121_1254900_1	N/A	42.857	30	84	4.47e-10	60.8
WP_001043260.1	271	k121_2123136_2	N/A	32.520	45	123	5.82e-10	59.7
WP_001043260.1	271	k121_1860136_1	N/A	37.795	46	127	9.35e-10	59.3
WP_001043260.1	271	k121_264828_1	N/A	35.507	50	138	1.02e-09	59.3
WP_001043260.1	271	k121_1268963_1	N/A	44.286	25	70	1.47e-09	59.7
WP_001043260.1	271	k121_614101_2	N/A	36.434	45	129	1.55e-09	58.5
WP_001043260.1	271	k121_1779159_2	N/A	31.293	49	147	3.56e-09	57.8
WP_001043260.1	271	k121_430507_2	N/A	38.793	39	116	5.09e-09	57.4
WP_001043260.1	271	k121_1560112_2	N/A	31.383	65	188	5.65e-09	58.2
WP_001043260.1	271	k121_392940_2	N/A	28.659	56	164	7.04e-09	57.8
WP_001043260.1	271	k121_1901496_1	N/A	25.556	64	180	7.17e-09	57.8
WP_001043260.1	271	k121_788764_1	N/A	39.000	34	100	1.08e-08	57.0
WP_001043260.1	271	k121_132261_1	N/A	39.091	40	110	1.22e-08	56.2
WP_001043260.1	271	k121_650380_3	N/A	25.281	65	178	1.98e-08	56.6
WP_001043260.1	271	k121_774617_1	N/A	35.484	46	124	2.26e-08	56.2
WP_001043260.1	271	k121_1930916_1	N/A	40.336	44	119	2.31e-08	55.8
WP_001043260.1	271	k121_455671_2	N/A	30.526	35	95	3.31e-08	54.3
WP_001043260.1	271	k121_1946219_1	N/A	45.455	20	55	3.72e-08	52.8
WP_001043260.1	271	k121_1583211_2	N/A	25.789	67	190	5.21e-08	55.8
WP_001043260.1	271	k121_41167_1	N/A	31.538	45	130	5.60e-08	54.3
WP_001043260.1	271	k121_779307_1	N/A	30.968	57	155	2.00e-07	53.5
WP_001043260.1	271	k121_270840_1	N/A	33.333	40	108	3.02e-07	52.0
WP_001043260.1	271	k121_347831_1	N/A	38.028	26	71	4.88e-07	52.0
WP_001043260.1	271	k121_2204635_1	N/A	39.216	35	102	1.30e-06	50.1
WP_001043260.1	271	k121_1303915_2	N/A	39.583	35	96	1.96e-06	50.8
WP_001043260.1	271	k121_833780_1	N/A	31.098	58	164	3.24e-06	50.4
WP_001043260.1	271	k121_1733162_3	N/A	34.314	38	102	3.60e-06	49.7
WP_001043260.1	271	k121_2137417_1	N/A	42.029	25	69	4.56e-06	48.1
WP_001043260.1	271	k121_1830597_1	N/A	36.957	33	92	4.77e-06	49.7
WP_001043260.1	271	k121_2154030_1	N/A	41.111	33	90	2.08e-05	46.2
WP_001043260.1	271	k121_176090_1	N/A	25.309	57	162	3.51e-05	47.0
WP_001043260.1	271	k121_486609_3	N/A	46.032	23	63	1.06e-04	43.9
WP_001043260.1	271	k121_1023170_3	N/A	38.000	34	100	2.94e-04	43.1
WP_001043260.1	271	k121_415593_1	N/A	27.174	34	92	2.95e-04	43.5
WP_001043260.1	271	k121_787414_1	N/A	33.333	35	96	5.66e-04	42.0
WP_001043260.1	271	k121_983171_1	N/A	34.862	40	109	0.002	42.7
WP_001043260.1	271	k121_672180_2	N/A	41.379	21	58	0.004	38.5
WP_001043260.1	271	k121_263989_1	N/A	39.726	25	73	0.005	39.3
WP_001043260.1	271	k121_675514_1	N/A	29.586	60	169	0.015	39.7
WP_001043260.1	271	k121_893803_2	N/A	40.860	34	93	0.034	37.0
WP_001043260.1	271	k121_417049_1	N/A	43.478	34	92	0.052	36.6
WP_001043260.1	271	k121_678461_2	N/A	40.984	23	61	0.059	37.7
WP_000034420.1	263	k121_1352406_1	N/A	39.286	96	252	2.25e-54	179
WP_000034420.1	263	k121_2007377_5	N/A	39.382	97	259	2.82e-51	172
WP_000034420.1	263	k121_1838241_1	N/A	37.931	98	261	2.05e-49	167
WP_000034420.1	263	k121_2200601_2	N/A	35.985	98	264	2.89e-49	167
WP_000034420.1	263	k121_200255_2	N/A	35.227	99	264	4.83e-49	166
WP_000034420.1	263	k121_467202_2	N/A	35.521	98	259	2.23e-48	165
WP_000034420.1	263	k121_1194547_9	N/A	38.550	99	262	2.87e-48	164
WP_000034420.1	263	k121_130743_2	N/A	35.632	99	261	2.05e-47	162
WP_000034420.1	263	k121_2007347_1	N/A	33.684	99	285	5.42e-46	159
WP_000034420.1	263	k121_1241127_3	N/A	35.019	96	257	1.13e-45	157
WP_000034420.1	263	k121_964698_1	N/A	35.798	97	257	1.98e-44	154
WP_000034420.1	263	k121_331674_1	N/A	37.349	92	249	2.63e-44	153
WP_000034420.1	263	k121_72254_2	N/A	33.824	98	272	1.28e-43	152
WP_000034420.1	263	k121_1643950_1	N/A	34.470	99	264	2.55e-42	149
WP_000034420.1	263	k121_373224_2	N/A	33.455	99	275	2.60e-42	149
WP_000034420.1	263	k121_1929501_5	N/A	33.813	99	278	4.73e-42	149
WP_000034420.1	263	k121_1529256_2	N/A	33.463	96	257	7.43e-42	147
WP_000034420.1	263	k121_1784180_1	N/A	35.227	99	264	1.04e-40	144
WP_000034420.1	263	k121_1659239_1	N/A	34.496	94	258	2.59e-40	143
WP_000034420.1	263	k121_1321030_1	N/A	36.078	97	255	1.15e-39	142
WP_000034420.1	263	k121_1899914_4	N/A	36.842	99	266	1.56e-39	142
WP_000034420.1	263	k121_602855_2	N/A	35.878	99	262	2.56e-39	141
WP_000034420.1	263	k121_557027_2	N/A	35.632	99	261	3.49e-39	141
WP_000034420.1	263	k121_327088_1	N/A	35.743	91	249	5.11e-38	137
WP_000034420.1	263	k121_1094540_6	N/A	34.091	99	264	9.42e-38	137
WP_000034420.1	263	k121_2212031_6	N/A	32.576	98	264	1.15e-37	137
WP_000034420.1	263	k121_1237112_2	N/A	32.707	99	266	1.21e-37	136
WP_000034420.1	263	k121_2183667_2	N/A	34.601	99	263	1.65e-37	137
WP_000034420.1	263	k121_359128_4	N/A	32.061	97	262	1.73e-36	135
WP_000034420.1	263	k121_2138020_2	N/A	33.840	99	263	1.91e-36	134
WP_000034420.1	263	k121_1849491_1	N/A	33.475	88	236	3.17e-36	132
WP_000034420.1	263	k121_7957_2	N/A	33.208	98	265	3.26e-36	133
WP_000034420.1	263	k121_423023_2	N/A	30.153	99	262	1.40e-35	132
WP_000034420.1	263	k121_163943_2	N/A	37.500	67	176	1.49e-35	129
WP_000034420.1	263	k121_1077130_2	N/A	32.184	95	261	6.56e-35	129
WP_000034420.1	263	k121_152445_1	N/A	37.356	65	174	1.42e-34	128
WP_000034420.1	263	k121_1566813_8	N/A	30.534	99	262	2.20e-34	130
WP_000034420.1	263	k121_1565069_1	N/A	34.335	85	233	4.54e-34	126
WP_000034420.1	263	k121_302994_8	N/A	32.319	98	263	8.17e-34	127
WP_000034420.1	263	k121_377920_2	N/A	36.264	67	182	2.96e-33	124
WP_000034420.1	263	k121_68258_1	N/A	31.086	99	267	3.11e-33	127
WP_000034420.1	263	k121_2106065_1	N/A	35.652	84	230	9.89e-33	123
WP_000034420.1	263	k121_145907_1	N/A	33.803	79	213	1.48e-32	122
WP_000034420.1	263	k121_1759809_1	N/A	35.455	82	220	8.98e-32	121
WP_000034420.1	263	k121_364210_1	N/A	36.932	67	176	1.13e-31	119
WP_000034420.1	263	k121_477601_2	N/A	34.221	99	263	3.52e-31	120
WP_000034420.1	263	k121_1904996_1	N/A	30.196	90	255	3.87e-31	119
WP_000034420.1	263	k121_2022173_1	N/A	37.143	66	175	5.45e-31	116
WP_000034420.1	263	k121_560967_5	N/A	31.395	97	258	5.70e-31	119
WP_000034420.1	263	k121_249148_1	N/A	35.393	67	178	3.43e-30	115
WP_000034420.1	263	k121_456596_2	N/A	44.715	47	123	1.24e-29	112
WP_000034420.1	263	k121_1506740_1	N/A	31.939	99	263	1.26e-29	115
WP_000034420.1	263	k121_573762_2	N/A	30.916	98	262	3.75e-29	114
WP_000034420.1	263	k121_1982742_2	N/A	46.847	42	111	4.02e-29	110
WP_000034420.1	263	k121_1682464_1	N/A	31.061	99	264	1.12e-28	113
WP_000034420.1	263	k121_1025544_1	N/A	31.933	84	238	1.79e-28	112
WP_000034420.1	263	k121_1793246_1	N/A	46.457	48	127	3.52e-28	108
WP_000034420.1	263	k121_42314_2	N/A	29.057	99	265	4.63e-28	111
WP_000034420.1	263	k121_1389727_1	N/A	36.364	66	176	1.03e-27	108
WP_000034420.1	263	k121_1517299_1	N/A	31.718	81	227	1.07e-27	111
WP_000034420.1	263	k121_997828_1	N/A	30.451	94	266	1.20e-27	110
WP_000034420.1	263	k121_972072_1	N/A	38.095	63	168	2.43e-27	107
WP_000034420.1	263	k121_1996095_1	N/A	30.924	93	249	3.87e-27	108
WP_000034420.1	263	k121_477848_1	N/A	35.196	67	179	4.32e-27	108
WP_000034420.1	263	k121_1640938_4	N/A	30.859	95	256	1.08e-26	107
WP_000034420.1	263	k121_1963639_1	N/A	30.729	72	192	1.15e-26	106
WP_000034420.1	263	k121_719974_1	N/A	30.000	78	210	1.36e-26	106
WP_000034420.1	263	k121_1283117_1	N/A	40.650	47	123	1.65e-26	105
WP_000034420.1	263	k121_1210084_1	N/A	40.136	53	147	2.11e-26	104
WP_000034420.1	263	k121_2130233_1	N/A	36.686	63	169	3.51e-26	103
WP_000034420.1	263	k121_1605565_1	N/A	35.714	58	154	3.60e-26	103
WP_000034420.1	263	k121_1788089_2	N/A	33.136	63	169	3.70e-26	104
WP_000034420.1	263	k121_557340_1	N/A	32.889	84	225	5.59e-26	105
WP_000034420.1	263	k121_1004977_1	N/A	45.283	40	106	5.61e-26	102
WP_000034420.1	263	k121_119708_1	N/A	32.461	71	191	7.24e-26	103
WP_000034420.1	263	k121_833032_1	N/A	40.800	47	125	8.36e-26	102
WP_000034420.1	263	k121_1144555_1	N/A	33.333	68	183	9.00e-26	103
WP_000034420.1	263	k121_1740720_5	N/A	31.727	94	249	2.21e-25	104
WP_000034420.1	263	k121_1906888_1	N/A	38.462	48	130	3.38e-25	100
WP_000034420.1	263	k121_294532_1	N/A	34.081	82	223	8.55e-25	103
WP_000034420.1	263	k121_1511497_2	N/A	42.373	44	118	9.83e-25	100
WP_000034420.1	263	k121_656278_1	N/A	31.687	90	243	1.14e-24	102
WP_000034420.1	263	k121_830410_1	N/A	33.523	65	176	3.39e-24	100
WP_000034420.1	263	k121_1022057_1	N/A	40.800	47	125	4.89e-24	99.0
WP_000034420.1	263	k121_844403_1	N/A	51.546	36	97	7.77e-24	95.9
WP_000034420.1	263	k121_538780_2	N/A	34.450	78	209	2.46e-23	98.2
WP_000034420.1	263	k121_1487263_1	N/A	31.288	62	163	2.66e-23	97.1
WP_000034420.1	263	k121_1348107_2	N/A	38.400	47	125	6.98e-23	95.1
WP_000034420.1	263	k121_337484_2	N/A	32.367	77	207	9.36e-23	96.3
WP_000034420.1	263	k121_439700_1	N/A	40.945	47	127	9.79e-23	97.4
WP_000034420.1	263	k121_839107_2	N/A	39.000	38	100	3.52e-22	92.0
WP_000034420.1	263	k121_1680792_1	N/A	28.767	81	219	1.46e-21	93.2
WP_000034420.1	263	k121_1956324_1	N/A	30.653	74	199	1.02e-20	90.5
WP_000034420.1	263	k121_911952_1	N/A	30.220	68	182	1.26e-20	90.1
WP_000034420.1	263	k121_1198191_1	N/A	31.188	74	202	1.86e-20	89.7
WP_000034420.1	263	k121_1053352_4	N/A	36.429	52	140	3.43e-20	88.2
WP_000034420.1	263	k121_97951_1	N/A	31.720	70	186	7.70e-20	87.8
WP_000034420.1	263	k121_1091480_1	N/A	31.126	55	151	1.00e-19	87.8
WP_000034420.1	263	k121_332158_1	N/A	40.336	44	119	1.27e-19	85.9
WP_000034420.1	263	k121_1292420_1	N/A	31.183	69	186	1.29e-19	87.0
WP_000034420.1	263	k121_195300_1	N/A	38.281	48	128	2.20e-19	87.4
WP_000034420.1	263	k121_264828_1	N/A	37.313	51	134	2.39e-19	85.5
WP_000034420.1	263	k121_1560112_2	N/A	31.361	62	169	4.58e-19	85.5
WP_000034420.1	263	k121_177436_1	N/A	30.734	82	218	5.82e-19	86.3
WP_000034420.1	263	k121_1969665_1	N/A	40.476	47	126	7.18e-19	86.3
WP_000034420.1	263	k121_2123136_2	N/A	40.708	43	113	7.45e-19	83.6
WP_000034420.1	263	k121_264848_2	N/A	34.921	46	126	1.01e-18	83.6
WP_000034420.1	263	k121_928351_1	N/A	31.694	69	183	1.75e-18	84.3
WP_000034420.1	263	k121_167557_2	N/A	30.526	66	190	1.84e-18	85.1
WP_000034420.1	263	k121_581828_1	N/A	34.043	54	141	2.18e-18	82.8
WP_000034420.1	263	k121_483646_1	N/A	29.670	63	182	2.63e-18	84.0
WP_000034420.1	263	k121_1763557_2	N/A	43.333	34	90	3.10e-18	80.9
WP_000034420.1	263	k121_703065_1	N/A	38.211	46	123	3.14e-18	82.0
WP_000034420.1	263	k121_1053352_3	N/A	37.615	41	109	5.23e-18	80.9
WP_000034420.1	263	k121_1109165_1	N/A	30.899	67	178	5.38e-18	82.4
WP_000034420.1	263	k121_1911470_2	N/A	36.242	55	149	5.53e-18	82.4
WP_000034420.1	263	k121_2009449_3	N/A	30.804	83	224	5.84e-18	83.6
WP_000034420.1	263	k121_1583211_2	N/A	29.474	70	190	1.40e-17	82.0
WP_000034420.1	263	k121_1757340_1	N/A	39.604	38	101	1.60e-17	80.1
WP_000034420.1	263	k121_1111223_3	N/A	33.898	66	177	1.91e-17	83.2
WP_000034420.1	263	k121_634375_1	N/A	44.186	33	86	3.53e-17	78.6
WP_000034420.1	263	k121_355858_1	N/A	30.804	84	224	4.72e-17	81.3
WP_000034420.1	263	k121_1827388_95	N/A	50.704	27	71	7.89e-17	80.9
WP_000034420.1	263	k121_866173_1	N/A	29.286	52	140	9.82e-17	79.3
WP_000034420.1	263	k121_121997_3	N/A	36.893	39	103	1.10e-16	77.8
WP_000034420.1	263	k121_1067211_1	N/A	30.909	63	165	1.71e-16	78.6
WP_000034420.1	263	k121_119763_1	N/A	46.835	30	79	2.02e-16	75.5
WP_000034420.1	263	k121_614101_2	N/A	36.434	46	129	6.21e-16	75.9
WP_000034420.1	263	k121_1992866_1	N/A	35.000	45	120	1.27e-15	75.1
WP_000034420.1	263	k121_107104_1	N/A	31.056	59	161	1.57e-15	75.9
WP_000034420.1	263	k121_1579461_1	N/A	36.538	39	104	1.94e-15	75.5
WP_000034420.1	263	k121_354592_1	N/A	27.027	69	185	1.97e-15	77.0
WP_000034420.1	263	k121_430507_2	N/A	31.496	48	127	2.50e-15	74.3
WP_000034420.1	263	k121_650380_3	N/A	27.473	68	182	4.66e-15	75.1
WP_000034420.1	263	k121_1419814_1	N/A	30.435	68	184	5.78e-15	74.3
WP_000034420.1	263	k121_2076438_1	N/A	38.043	35	92	7.99e-15	71.6
WP_000034420.1	263	k121_1733162_3	N/A	32.667	56	150	1.34e-14	72.8
WP_000034420.1	263	k121_11258_1	N/A	42.478	43	113	1.51e-14	72.0
WP_000034420.1	263	k121_1378287_1	N/A	43.056	27	72	1.92e-14	70.9
WP_000034420.1	263	k121_1254900_1	N/A	46.512	32	86	2.83e-14	72.4
WP_000034420.1	263	k121_738001_1	N/A	28.846	59	156	3.91e-14	72.0
WP_000034420.1	263	k121_1827388_96	N/A	26.699	74	206	3.93e-14	73.2
WP_000034420.1	263	k121_1715284_1	N/A	34.375	47	128	5.08e-14	71.6
WP_000034420.1	263	k121_219649_1	N/A	38.947	36	95	5.14e-14	70.1
WP_000034420.1	263	k121_283798_1	N/A	52.542	22	59	7.46e-14	68.6
WP_000034420.1	263	k121_1585205_1	N/A	29.442	74	197	9.30e-14	72.0
WP_000034420.1	263	k121_270840_1	N/A	33.884	46	121	1.03e-13	69.7
WP_000034420.1	263	k121_774617_1	N/A	34.000	56	150	1.30e-13	70.5
WP_000034420.1	263	k121_1779159_2	N/A	31.429	47	140	1.42e-13	69.7
WP_000034420.1	263	k121_1930916_1	N/A	34.932	55	146	1.68e-13	70.1
WP_000034420.1	263	k121_1226806_3	N/A	29.944	66	177	2.01e-13	70.5
WP_000034420.1	263	k121_670821_1	N/A	26.257	62	179	2.27e-13	70.1
WP_000034420.1	263	k121_1616994_5	N/A	45.588	26	68	2.30e-13	67.8
WP_000034420.1	263	k121_1361276_2	N/A	44.928	26	69	2.38e-13	67.8
WP_000034420.1	263	k121_1079572_2	N/A	41.558	29	77	2.44e-13	68.2
WP_000034420.1	263	k121_914148_2	N/A	44.776	25	67	2.47e-13	67.4
WP_000034420.1	263	k121_132261_1	N/A	42.308	39	104	3.35e-13	68.6
WP_000034420.1	263	k121_273090_2	N/A	45.946	28	74	4.21e-13	68.2
WP_000034420.1	263	k121_1860136_1	N/A	38.655	45	119	9.91e-13	67.4
WP_000034420.1	263	k121_837046_1	N/A	36.719	48	128	1.38e-12	68.2
WP_000034420.1	263	k121_2104076_1	N/A	44.776	25	67	2.00e-12	65.1
WP_000034420.1	263	k121_1095306_2	N/A	46.774	24	62	2.41e-12	64.7
WP_000034420.1	263	k121_575880_2	N/A	33.058	46	121	2.59e-12	67.4
WP_000034420.1	263	k121_787414_1	N/A	39.583	36	96	2.70e-12	65.1
WP_000034420.1	263	k121_314818_2	N/A	33.333	56	150	9.55e-12	65.1
WP_000034420.1	263	k121_833780_1	N/A	25.424	67	177	1.14e-11	65.5
WP_000034420.1	263	k121_1438293_1	N/A	36.066	46	122	1.18e-11	63.9
WP_000034420.1	263	k121_884454_1	N/A	32.215	56	149	2.45e-11	63.9
WP_000034420.1	263	k121_944229_1	N/A	34.314	38	102	3.70e-11	62.8
WP_000034420.1	263	k121_41167_1	N/A	32.031	46	128	3.78e-11	63.2
WP_000034420.1	263	k121_609026_1	N/A	38.667	29	75	3.93e-11	62.0
WP_000034420.1	263	k121_1901496_1	N/A	29.252	55	147	4.87e-11	63.9
WP_000034420.1	263	k121_455671_2	N/A	37.209	33	86	5.45e-11	61.6
WP_000034420.1	263	k121_2204635_1	N/A	36.082	37	97	5.59e-11	62.0
WP_000034420.1	263	k121_1303915_2	N/A	36.458	36	96	1.35e-10	62.4
WP_000034420.1	263	k121_1964169_2	N/A	32.407	41	108	2.05e-10	60.5
WP_000034420.1	263	k121_1268963_1	N/A	39.130	26	69	2.25e-10	62.0
WP_000034420.1	263	k121_152365_3	N/A	41.667	27	72	3.64e-10	63.5
WP_000034420.1	263	k121_90460_2	N/A	36.957	35	92	1.00e-09	58.2
WP_000034420.1	263	k121_176090_1	N/A	26.115	59	157	1.19e-09	59.7
WP_000034420.1	263	k121_173495_6	N/A	36.957	35	92	1.33e-09	57.8
WP_000034420.1	263	k121_1344903_1	N/A	25.767	61	163	3.11e-09	58.9
WP_000034420.1	263	k121_417049_1	N/A	39.583	35	96	4.95e-09	56.2
WP_000034420.1	263	k121_983171_1	N/A	33.871	46	124	5.08e-09	59.7
WP_000034420.1	263	k121_779307_1	N/A	24.848	62	165	8.44e-09	57.4
WP_000034420.1	263	k121_415593_1	N/A	29.808	40	104	1.05e-08	55.8
WP_000034420.1	263	k121_1023170_3	N/A	37.000	35	100	2.13e-08	54.7
WP_000034420.1	263	k121_392940_2	N/A	25.143	62	175	2.23e-08	56.6
WP_000034420.1	263	k121_347831_1	N/A	35.484	35	93	3.43e-08	55.1
WP_000034420.1	263	k121_2154030_1	N/A	36.667	34	90	4.88e-08	53.5
WP_000034420.1	263	k121_893803_2	N/A	37.634	35	93	5.19e-07	50.4
WP_000034420.1	263	k121_788764_1	N/A	36.471	29	85	1.02e-06	51.6
WP_000034420.1	263	k121_1946219_1	N/A	40.385	20	52	1.68e-06	48.1
WP_000034420.1	263	k121_1179459_1	N/A	42.373	22	59	1.84e-06	48.5
WP_000034420.1	263	k121_1280899_2	N/A	41.463	31	82	2.35e-06	48.5
WP_000034420.1	263	k121_2137417_1	N/A	38.095	24	63	5.84e-06	47.8
WP_000034420.1	263	k121_486609_3	N/A	40.000	22	60	8.60e-06	46.6
WP_000034420.1	263	k121_1266753_2	N/A	33.000	38	100	9.73e-06	47.4
WP_000034420.1	263	k121_672180_2	N/A	43.860	21	57	4.51e-05	44.3
WP_000034420.1	263	k121_263989_1	N/A	30.882	26	68	7.51e-05	44.3
WP_000034420.1	263	k121_1830597_1	N/A	32.927	30	82	8.43e-05	45.8
WP_000034420.1	263	k121_1946730_2	N/A	43.333	22	60	8.91e-05	43.5
WP_000034420.1	263	k121_998272_2	N/A	28.736	33	87	3.66e-04	42.4
WP_000034420.1	263	k121_1569389_2	N/A	34.483	22	58	4.97e-04	41.6
WP_000034420.1	263	k121_675514_1	N/A	29.560	58	159	0.002	42.4
WP_000034420.1	263	k121_678461_2	N/A	40.000	23	60	0.004	41.2
WP_000034420.1	263	k121_1503358_1	N/A	31.343	25	67	0.006	38.5
WP_000034420.1	263	k121_88005_1	N/A	32.609	35	92	0.007	38.9
WP_000034420.1	263	k121_854761_2	N/A	31.667	22	60	0.008	38.5
WP_000034420.1	263	k121_897019_1	N/A	38.333	23	60	0.009	40.0
WP_000034420.1	263	k121_508302_2	N/A	40.299	25	67	0.011	38.1
WP_000034420.1	263	k121_897016_1	N/A	40.351	22	57	0.017	39.7
WP_000034420.1	263	k121_998265_2	N/A	32.727	21	55	0.028	36.2
WP_000034420.1	263	k121_833290_1	N/A	38.596	22	57	0.035	38.9
WP_000034420.1	263	k121_1997087_3	N/A	37.500	24	64	0.085	38.1
WP_000034420.1	263	k121_1671375_2	N/A	41.509	20	53	0.090	38.1
WP_000845048.1	337	k121_1063054_1	N/A	99.110	100	337	0.0	678
WP_000845048.1	337	k121_923574_1	N/A	71.733	98	329	3.99e-172	485
WP_000845048.1	337	k121_35864_2	N/A	68.421	96	323	8.01e-161	456
WP_000845048.1	337	k121_1121543_1	N/A	69.605	98	329	4.28e-158	449
WP_000845048.1	337	k121_676711_3	N/A	69.969	96	323	2.32e-154	440
WP_000845048.1	337	k121_1820835_1	N/A	62.614	98	329	2.43e-145	416
WP_000845048.1	337	k121_918884_1	N/A	60.059	99	338	4.49e-139	400
WP_000845048.1	337	k121_230865_1	N/A	63.390	88	295	7.66e-132	380
WP_000845048.1	337	k121_1496951_1	N/A	60.390	90	308	2.02e-127	370
WP_000845048.1	337	k121_1233991_1	N/A	57.547	93	318	8.24e-126	367
WP_000845048.1	337	k121_274609_2	N/A	55.556	93	315	2.28e-113	335
WP_000845048.1	337	k121_2173769_1	N/A	55.128	93	312	4.82e-110	326
WP_000845048.1	337	k121_324114_1	N/A	62.646	76	257	6.49e-109	321
WP_000845048.1	337	k121_1786109_1	N/A	53.016	93	315	1.52e-104	312
WP_000845048.1	337	k121_1353312_1	N/A	74.869	57	191	1.99e-103	305
WP_000845048.1	337	k121_1762570_1	N/A	60.643	74	249	7.36e-103	305
WP_000845048.1	337	k121_1625283_1	N/A	60.156	75	256	1.82e-101	302
WP_000845048.1	337	k121_1294548_3	N/A	48.113	94	318	8.98e-98	295
WP_000845048.1	337	k121_2156130_1	N/A	70.558	58	197	1.31e-96	287
WP_000845048.1	337	k121_628670_1	N/A	60.526	68	228	7.30e-92	277
WP_000845048.1	337	k121_676424_1	N/A	65.899	64	217	2.54e-90	274
WP_000845048.1	337	k121_1143950_1	N/A	60.829	64	217	9.34e-89	268
WP_000845048.1	337	k121_354829_2	N/A	63.393	65	224	4.19e-87	268
WP_000845048.1	337	k121_936978_1	N/A	62.871	60	202	9.93e-87	263
WP_000845048.1	337	k121_1376895_2	N/A	47.134	93	314	1.22e-86	266
WP_000845048.1	337	k121_32574_1	N/A	65.482	58	197	2.01e-86	261
WP_000845048.1	337	k121_1739195_1	N/A	53.125	76	256	4.98e-84	258
WP_000845048.1	337	k121_721100_1	N/A	57.746	63	213	3.36e-82	251
WP_000845048.1	337	k121_2116755_3	N/A	68.333	53	180	9.59e-81	248
WP_000845048.1	337	k121_709305_1	N/A	46.479	84	284	1.35e-80	250
WP_000845048.1	337	k121_1566854_1	N/A	50.800	74	250	5.52e-79	244
WP_000845048.1	337	k121_1953993_1	N/A	53.719	65	242	2.42e-76	238
WP_000845048.1	337	k121_2158747_1	N/A	52.743	70	237	6.94e-76	236
WP_000845048.1	337	k121_1745763_2	N/A	66.129	55	186	3.76e-75	233
WP_000845048.1	337	k121_402751_3	N/A	57.619	62	210	4.07e-74	231
WP_000845048.1	337	k121_1040649_1	N/A	43.377	89	302	1.92e-72	233
WP_000845048.1	337	k121_574446_1	N/A	52.863	67	227	6.32e-72	226
WP_000845048.1	337	k121_1317546_1	N/A	55.230	71	239	6.79e-71	224
WP_000845048.1	337	k121_1065996_2	N/A	51.121	66	223	8.08e-71	223
WP_000845048.1	337	k121_451755_1	N/A	55.729	57	192	5.34e-69	217
WP_000845048.1	337	k121_1411097_1	N/A	68.153	47	157	3.52e-68	216
WP_000845048.1	337	k121_2056023_1	N/A	53.110	62	209	2.25e-67	213
WP_000845048.1	337	k121_1239326_1	N/A	37.960	89	353	7.36e-67	218
WP_000845048.1	337	k121_1936172_1	N/A	53.234	60	201	2.39e-66	211
WP_000845048.1	337	k121_54015_2	N/A	82.500	36	120	3.74e-66	207
WP_000845048.1	337	k121_329144_1	N/A	76.984	37	126	9.22e-66	207
WP_000845048.1	337	k121_90202_1	N/A	68.212	45	151	3.40e-65	209
WP_000845048.1	337	k121_454065_1	N/A	63.462	46	156	1.27e-64	205
WP_000845048.1	337	k121_1027526_1	N/A	42.688	74	253	1.54e-64	208
WP_000845048.1	337	k121_32588_1	N/A	55.319	54	188	1.07e-63	204
WP_000845048.1	337	k121_807112_1	N/A	49.541	65	218	4.45e-63	203
WP_000845048.1	337	k121_2083940_1	N/A	43.200	73	250	5.52e-63	204
WP_000845048.1	337	k121_610563_1	N/A	53.723	54	188	1.20e-61	198
WP_000845048.1	337	k121_1810408_1	N/A	59.281	47	167	2.42e-60	194
WP_000845048.1	337	k121_792202_1	N/A	53.846	58	195	4.26e-60	194
WP_000845048.1	337	k121_111493_1	N/A	54.497	56	189	7.99e-60	193
WP_000845048.1	337	k121_1916259_3	N/A	51.124	53	178	9.83e-60	194
WP_000845048.1	337	k121_1647918_1	N/A	56.497	52	177	3.57e-58	189
WP_000845048.1	337	k121_2159096_1	N/A	54.190	53	179	3.93e-58	189
WP_000845048.1	337	k121_1579667_1	N/A	44.889	67	225	3.45e-57	188
WP_000845048.1	337	k121_1306290_1	N/A	51.579	56	190	1.83e-56	185
WP_000845048.1	337	k121_1503610_1	N/A	52.514	53	179	2.53e-56	184
WP_000845048.1	337	k121_807832_1	N/A	42.510	73	247	1.92e-55	187
WP_000845048.1	337	k121_1478480_1	N/A	61.745	42	149	3.61e-55	180
WP_000845048.1	337	k121_426118_1	N/A	54.598	52	174	4.20e-55	181
WP_000845048.1	337	k121_339863_1	N/A	53.977	51	176	4.49e-55	181
WP_000845048.1	337	k121_1881317_1	N/A	55.682	52	176	9.94e-55	180
WP_000845048.1	337	k121_815421_1	N/A	55.346	47	159	3.62e-53	175
WP_000845048.1	337	k121_1354038_1	N/A	54.217	49	166	7.09e-53	175
WP_000845048.1	337	k121_736339_1	N/A	41.961	75	255	1.05e-52	182
WP_000845048.1	337	k121_1935985_1	N/A	45.794	57	214	8.89e-52	174
WP_000845048.1	337	k121_1182270_1	N/A	61.832	39	131	1.50e-51	170
WP_000845048.1	337	k121_1526503_1	N/A	54.839	46	155	5.52e-51	169
WP_000845048.1	337	k121_1114672_3	N/A	58.553	45	152	1.40e-50	169
WP_000845048.1	337	k121_531352_1	N/A	52.795	48	161	1.76e-50	169
WP_000845048.1	337	k121_733923_1	N/A	55.625	47	160	2.05e-50	168
WP_000845048.1	337	k121_2123466_9	N/A	49.198	55	187	3.14e-50	169
WP_000845048.1	337	k121_992852_6	N/A	57.962	47	157	3.74e-50	168
WP_000845048.1	337	k121_1468932_1	N/A	45.550	57	191	1.03e-48	165
WP_000845048.1	337	k121_1993360_2	N/A	55.263	45	152	6.70e-48	161
WP_000845048.1	337	k121_260904_1	N/A	50.877	51	171	1.69e-47	161
WP_000845048.1	337	k121_530476_1	N/A	39.419	72	241	1.96e-47	165
WP_000845048.1	337	k121_2123992_1	N/A	51.572	47	159	2.34e-47	161
WP_000845048.1	337	k121_1346244_1	N/A	47.674	51	172	2.93e-47	160
WP_000845048.1	337	k121_1959605_1	N/A	60.156	37	128	5.16e-47	159
WP_000845048.1	337	k121_86991_1	N/A	61.864	35	118	9.74e-47	157
WP_000845048.1	337	k121_983089_1	N/A	50.556	53	180	1.35e-46	159
WP_000845048.1	337	k121_1400254_3	N/A	53.548	46	155	3.71e-46	157
WP_000845048.1	337	k121_175287_1	N/A	57.971	40	138	8.31e-46	157
WP_000845048.1	337	k121_134809_2	N/A	52.632	45	152	2.20e-45	155
WP_000845048.1	337	k121_16902_2	N/A	70.000	33	110	3.73e-44	150
WP_000845048.1	337	k121_321967_1	N/A	45.294	50	170	4.52e-44	153
WP_000845048.1	337	k121_1585907_1	N/A	52.349	44	149	2.35e-43	150
WP_000845048.1	337	k121_1457592_1	N/A	50.000	45	152	1.30e-42	148
WP_000845048.1	337	k121_1964825_2	N/A	31.579	95	323	1.42e-42	153
WP_000845048.1	337	k121_1079474_1	N/A	42.647	59	204	1.48e-42	150
WP_000845048.1	337	k121_1009972_2	N/A	51.095	41	137	1.50e-42	148
WP_000845048.1	337	k121_2001193_1	N/A	45.029	51	171	7.62e-42	147
WP_000845048.1	337	k121_90719_1	N/A	60.952	31	105	9.21e-41	142
WP_000845048.1	337	k121_179486_1	N/A	59.167	34	120	1.08e-40	144
WP_000845048.1	337	k121_1133574_1	N/A	73.913	27	92	2.46e-40	140
WP_000845048.1	337	k121_1777893_2	N/A	49.342	45	152	2.60e-40	142
WP_000845048.1	337	k121_1991822_1	N/A	45.806	46	155	2.12e-39	140
WP_000845048.1	337	k121_1812597_1	N/A	35.943	82	281	4.08e-39	142
WP_000845048.1	337	k121_973409_3	N/A	58.261	32	115	1.31e-37	134
WP_000845048.1	337	k121_321059_1	N/A	58.197	35	122	7.47e-37	132
WP_000845048.1	337	k121_1469271_1	N/A	32.646	85	291	2.03e-36	135
WP_000845048.1	337	k121_944287_1	N/A	38.140	61	215	1.62e-35	136
WP_000845048.1	337	k121_99356_2	N/A	70.588	25	85	1.69e-35	127
WP_000845048.1	337	k121_1009806_3	N/A	30.435	95	322	3.26e-35	133
WP_000845048.1	337	k121_1352931_1	N/A	40.437	41	183	1.63e-34	128
WP_000845048.1	337	k121_162735_1	N/A	71.084	25	83	2.63e-34	124
WP_000845048.1	337	k121_690178_2	N/A	30.063	93	316	2.66e-34	132
WP_000845048.1	337	k121_973409_2	N/A	67.033	27	91	4.93e-34	124
WP_000845048.1	337	k121_1016145_1	N/A	48.201	41	139	6.95e-34	125
WP_000845048.1	337	k121_1180037_2	N/A	31.667	88	300	1.14e-33	128
WP_000845048.1	337	k121_1742355_1	N/A	33.010	91	309	2.35e-33	127
WP_000845048.1	337	k121_1754242_1	N/A	57.143	33	112	3.36e-33	122
WP_000845048.1	337	k121_1808049_1	N/A	77.027	22	74	1.32e-32	123
WP_000845048.1	337	k121_92988_1	N/A	30.031	96	323	2.75e-32	126
WP_000845048.1	337	k121_346276_1	N/A	32.523	97	329	4.29e-32	125
WP_000845048.1	337	k121_1617978_2	N/A	32.667	85	300	4.77e-32	124
WP_000845048.1	337	k121_63026_2	N/A	61.458	27	96	5.42e-32	119
WP_000845048.1	337	k121_1669950_1	N/A	32.595	90	316	5.46e-32	124
WP_000845048.1	337	k121_689705_1	N/A	34.737	84	285	1.04e-31	123
WP_000845048.1	337	k121_1593467_2	N/A	65.169	26	89	4.86e-31	116
WP_000845048.1	337	k121_1083223_1	N/A	44.898	44	147	2.92e-30	119
WP_000845048.1	337	k121_1767320_1	N/A	36.325	69	234	5.36e-30	117
WP_000845048.1	337	k121_651234_2	N/A	77.465	21	71	6.79e-30	112
WP_000845048.1	337	k121_1431164_1	N/A	33.007	90	306	8.32e-30	118
WP_000845048.1	337	k121_632890_1	N/A	74.324	22	74	9.29e-30	112
WP_000845048.1	337	k121_270543_2	N/A	29.126	89	309	1.44e-29	118
WP_000845048.1	337	k121_1149063_1	N/A	33.010	91	309	1.98e-29	118
WP_000845048.1	337	k121_404813_2	N/A	31.046	90	306	3.36e-29	117
WP_000845048.1	337	k121_1641142_2	N/A	33.216	84	283	5.81e-29	115
WP_000845048.1	337	k121_1604033_2	N/A	59.302	26	86	1.55e-28	109
WP_000845048.1	337	k121_593197_1	N/A	42.484	45	153	2.67e-28	111
WP_000845048.1	337	k121_936826_1	N/A	39.157	36	166	3.23e-28	111
WP_000845048.1	337	k121_2161965_4	N/A	29.801	88	302	9.40e-28	113
WP_000845048.1	337	k121_411105_2	N/A	30.195	90	308	1.35e-27	112
WP_000845048.1	337	k121_827898_1	N/A	32.042	82	284	1.52e-27	113
WP_000845048.1	337	k121_137577_1	N/A	49.550	33	111	1.65e-27	107
WP_000845048.1	337	k121_326501_2	N/A	27.044	93	318	2.46e-27	114
WP_000845048.1	337	k121_473402_14	N/A	32.510	72	243	3.05e-27	114
WP_000845048.1	337	k121_643598_1	N/A	36.893	61	206	4.24e-27	108
WP_000845048.1	337	k121_2102274_1	N/A	36.818	65	220	8.90e-27	107
WP_000845048.1	337	k121_2100753_1	N/A	33.654	91	312	1.28e-26	110
WP_000845048.1	337	k121_1104631_1	N/A	36.145	37	166	1.66e-26	106
WP_000845048.1	337	k121_1915706_2	N/A	32.374	81	278	4.21e-26	107
WP_000845048.1	337	k121_1610712_1	N/A	36.652	65	221	4.34e-26	107
WP_000845048.1	337	k121_1017012_1	N/A	52.778	32	108	4.52e-26	108
WP_000845048.1	337	k121_1137769_1	N/A	72.464	20	69	6.94e-26	102
WP_000845048.1	337	k121_1069602_1	N/A	34.221	75	263	8.29e-26	106
WP_000845048.1	337	k121_2137922_2	N/A	70.000	24	80	9.25e-26	102
WP_000845048.1	337	k121_171131_1	N/A	68.116	20	69	1.06e-25	101
WP_000845048.1	337	k121_711427_1	N/A	59.783	27	92	1.08e-25	102
WP_000845048.1	337	k121_1604033_1	N/A	63.014	22	73	1.72e-25	101
WP_000845048.1	337	k121_1648976_2	N/A	35.965	66	228	3.06e-25	104
WP_000845048.1	337	k121_297398_1	N/A	33.772	67	228	8.94e-25	103
WP_000845048.1	337	k121_616025_1	N/A	42.384	45	151	1.10e-24	102
WP_000845048.1	337	k121_780760_1	N/A	31.034	84	290	1.81e-24	104
WP_000845048.1	337	k121_672334_2	N/A	35.676	55	185	1.86e-24	101
WP_000845048.1	337	k121_1012814_3	N/A	32.143	89	308	1.99e-24	103
WP_000845048.1	337	k121_392780_7	N/A	29.808	86	312	2.09e-24	104
WP_000845048.1	337	k121_203390_1	N/A	32.472	78	271	2.53e-24	102
WP_000845048.1	337	k121_1554327_1	N/A	30.690	85	290	3.50e-24	103
WP_000845048.1	337	k121_119941_2	N/A	33.871	68	248	4.95e-24	103
WP_000845048.1	337	k121_172890_1	N/A	32.343	84	303	1.79e-23	101
WP_000845048.1	337	k121_1865315_1	N/A	33.457	77	269	1.83e-23	102
WP_000845048.1	337	k121_722919_1	N/A	56.977	26	86	1.85e-23	96.3
WP_000845048.1	337	k121_527971_1	N/A	34.703	63	219	2.11e-23	99.4
WP_000845048.1	337	k121_68246_1	N/A	36.000	59	200	2.97e-23	97.8
WP_000845048.1	337	k121_738742_1	N/A	41.481	39	135	4.39e-23	98.6
WP_000845048.1	337	k121_1116406_1	N/A	36.866	64	217	5.17e-23	97.4
WP_000845048.1	337	k121_445802_1	N/A	49.038	31	104	6.50e-23	94.7
WP_000845048.1	337	k121_570753_2	N/A	31.295	79	278	9.03e-23	99.8
WP_000845048.1	337	k121_311996_1	N/A	32.932	74	249	1.62e-22	97.1
WP_000845048.1	337	k121_1835988_1	N/A	37.805	48	164	2.04e-22	98.2
WP_000845048.1	337	k121_1167112_1	N/A	33.511	53	188	2.42e-22	95.9
WP_000845048.1	337	k121_586173_1	N/A	35.326	55	184	4.80e-22	95.5
WP_000845048.1	337	k121_2142059_2	N/A	31.111	77	270	5.79e-22	96.7
WP_000845048.1	337	k121_914156_7	N/A	37.931	66	232	6.11e-22	97.8
WP_000845048.1	337	k121_131599_2	N/A	29.568	89	301	8.70e-22	98.2
WP_000845048.1	337	k121_913135_2	N/A	35.814	62	215	9.62e-22	97.1
WP_000845048.1	337	k121_471786_2	N/A	34.389	64	221	1.03e-21	95.5
WP_000845048.1	337	k121_265005_1	N/A	31.538	76	260	1.04e-21	95.9
WP_000845048.1	337	k121_689965_1	N/A	33.654	60	208	1.10e-21	94.4
WP_000845048.1	337	k121_1425513_2	N/A	30.164	85	305	1.24e-21	97.1
WP_000845048.1	337	k121_1776179_2	N/A	34.112	62	214	1.25e-21	97.1
WP_000845048.1	337	k121_150350_1	N/A	63.380	21	71	1.28e-21	90.9
WP_000845048.1	337	k121_401743_2	N/A	33.945	63	218	1.42e-21	97.1
WP_000845048.1	337	k121_2193067_3	N/A	28.479	85	309	1.65e-21	97.1
WP_000845048.1	337	k121_622154_1	N/A	35.714	54	182	1.95e-21	95.5
WP_000845048.1	337	k121_1626940_1	N/A	34.375	64	224	2.26e-21	96.3
WP_000845048.1	337	k121_2095272_5	N/A	29.431	85	299	2.29e-21	96.3
WP_000845048.1	337	k121_1290997_2	N/A	29.831	79	295	2.35e-21	95.9
WP_000845048.1	337	k121_2224269_1	N/A	43.396	31	106	2.72e-21	90.9
WP_000845048.1	337	k121_1902273_1	N/A	33.333	61	210	3.88e-21	93.6
WP_000845048.1	337	k121_55514_2	N/A	34.978	64	223	3.89e-21	95.5
WP_000845048.1	337	k121_1929305_1	N/A	38.674	53	181	4.17e-21	92.0
WP_000845048.1	337	k121_2159096_2	N/A	41.221	39	131	4.59e-21	94.7
WP_000845048.1	337	k121_1040649_2	N/A	46.809	28	94	4.87e-21	90.1
WP_000845048.1	337	k121_1868471_2	N/A	36.413	55	184	5.77e-21	92.0
WP_000845048.1	337	k121_378629_1	N/A	34.762	61	210	6.64e-21	92.4
WP_000845048.1	337	k121_642457_1	N/A	27.059	75	255	7.68e-21	92.8
WP_000845048.1	337	k121_1123270_2	N/A	26.449	79	276	9.68e-21	94.0
WP_000845048.1	337	k121_976746_2	N/A	27.243	85	301	1.04e-20	94.4
WP_000845048.1	337	k121_1085281_1	N/A	25.667	85	300	1.35e-20	94.0
WP_000845048.1	337	k121_1303588_1	N/A	33.796	62	216	2.01e-20	91.3
WP_000845048.1	337	k121_264205_2	N/A	32.579	64	221	2.02e-20	93.6
WP_000845048.1	337	k121_778999_1	N/A	46.809	28	94	2.34e-20	87.8
WP_000845048.1	337	k121_1281112_1	N/A	31.163	62	215	2.57e-20	91.7
WP_000845048.1	337	k121_236734_1	N/A	32.579	64	221	2.95e-20	92.4
WP_000845048.1	337	k121_15876_2	N/A	27.891	85	294	4.32e-20	92.8
WP_000845048.1	337	k121_1599025_1	N/A	31.579	74	266	4.51e-20	91.3
WP_000845048.1	337	k121_1166669_1	N/A	26.351	84	296	5.17e-20	92.4
WP_000845048.1	337	k121_1710095_1	N/A	29.371	84	286	5.68e-20	93.2
WP_000845048.1	337	k121_1250907_1	N/A	33.516	54	182	6.75e-20	89.0
WP_000845048.1	337	k121_800083_1	N/A	28.295	73	258	1.03e-19	90.9
WP_000845048.1	337	k121_1303843_1	N/A	29.885	51	174	1.23e-19	89.7
WP_000845048.1	337	k121_1710439_17	N/A	34.649	66	228	1.25e-19	91.3
WP_000845048.1	337	k121_1977617_2	N/A	29.391	78	279	1.35e-19	91.3
WP_000845048.1	337	k121_807425_3	N/A	37.714	52	175	1.37e-19	87.8
WP_000845048.1	337	k121_815307_1	N/A	33.484	64	221	1.50e-19	90.1
WP_000845048.1	337	k121_975641_2	N/A	27.796	85	313	1.99e-19	90.9
WP_000845048.1	337	k121_1052357_1	N/A	32.420	63	219	2.06e-19	89.0
WP_000845048.1	337	k121_1703103_1	N/A	29.924	78	264	2.47e-19	89.7
WP_000845048.1	337	k121_207222_1	N/A	33.023	62	215	2.49e-19	88.2
WP_000845048.1	337	k121_1328660_1	N/A	31.944	62	216	2.64e-19	90.1
WP_000845048.1	337	k121_1936055_13	N/A	30.292	78	274	2.66e-19	90.1
WP_000845048.1	337	k121_1688232_1	N/A	28.704	88	324	4.51e-19	89.7
WP_000845048.1	337	k121_2162315_3	N/A	32.900	66	231	5.68e-19	89.7
WP_000845048.1	337	k121_1845974_2	N/A	34.239	54	184	6.33e-19	87.0
WP_000845048.1	337	k121_202824_1	N/A	32.589	63	224	6.50e-19	86.7
WP_000845048.1	337	k121_713888_1	N/A	28.253	76	269	7.49e-19	88.2
WP_000845048.1	337	k121_810747_2	N/A	32.110	62	218	8.53e-19	89.0
WP_000845048.1	337	k121_576708_9	N/A	28.253	77	269	9.53e-19	89.0
WP_000845048.1	337	k121_333051_1	N/A	28.383	85	303	1.08e-18	89.0
WP_000845048.1	337	k121_113030_1	N/A	29.889	77	271	1.15e-18	89.4
WP_000845048.1	337	k121_1296575_1	N/A	28.996	77	269	1.16e-18	89.0
WP_000845048.1	337	k121_74045_1	N/A	31.674	64	221	1.47e-18	85.9
WP_000845048.1	337	k121_319252_2	N/A	32.456	66	228	1.55e-18	88.2
WP_000845048.1	337	k121_465322_2	N/A	32.864	61	213	1.59e-18	88.2
WP_000845048.1	337	k121_798218_2	N/A	31.847	47	157	1.71e-18	85.9
WP_000845048.1	337	k121_999893_2	N/A	35.238	61	210	1.96e-18	87.8
WP_000845048.1	337	k121_584191_2	N/A	31.641	73	256	2.02e-18	87.8
WP_000845048.1	337	k121_1224434_2	N/A	32.895	66	228	2.85e-18	87.4
WP_000845048.1	337	k121_2008135_1	N/A	32.432	55	185	2.90e-18	85.5
WP_000845048.1	337	k121_573066_2	N/A	44.545	32	110	3.27e-18	82.8
WP_000845048.1	337	k121_2053717_2	N/A	27.338	80	278	3.37e-18	87.4
WP_000845048.1	337	k121_1896746_2	N/A	32.569	62	218	3.50e-18	87.4
WP_000845048.1	337	k121_512741_3	N/A	29.197	78	274	3.81e-18	86.3
WP_000845048.1	337	k121_1643235_12	N/A	27.481	74	262	4.14e-18	87.0
WP_000845048.1	337	k121_743635_2	N/A	31.140	64	228	4.86e-18	86.7
WP_000845048.1	337	k121_256068_1	N/A	31.280	61	211	5.49e-18	85.1
WP_000845048.1	337	k121_1483343_2	N/A	25.850	83	294	6.17e-18	86.3
WP_000845048.1	337	k121_1611727_2	N/A	34.857	52	175	7.14e-18	84.7
WP_000845048.1	337	k121_1733485_1	N/A	29.371	84	286	8.72e-18	87.0
WP_000845048.1	337	k121_530627_1	N/A	34.000	43	150	8.99e-18	85.5
WP_000845048.1	337	k121_1615187_2	N/A	30.037	78	273	9.88e-18	85.9
WP_000845048.1	337	k121_442549_2	N/A	28.620	85	297	1.14e-17	85.9
WP_000845048.1	337	k121_1250583_4	N/A	29.148	63	223	1.17e-17	85.9
WP_000845048.1	337	k121_1352346_5	N/A	28.826	79	281	1.33e-17	85.5
WP_000845048.1	337	k121_1128955_2	N/A	27.907	85	301	1.42e-17	85.5
WP_000845048.1	337	k121_648695_1	N/A	34.254	53	181	1.71e-17	82.8
WP_000845048.1	337	k121_867478_1	N/A	34.221	72	263	1.84e-17	85.5
WP_000845048.1	337	k121_743213_1	N/A	43.000	30	100	2.43e-17	79.7
WP_000845048.1	337	k121_1381104_2	N/A	27.881	77	269	2.90e-17	84.7
WP_000845048.1	337	k121_1116324_3	N/A	36.232	40	138	3.05e-17	80.9
WP_000845048.1	337	k121_461484_1	N/A	58.571	20	70	3.12e-17	84.0
WP_000845048.1	337	k121_1855965_2	N/A	31.365	77	271	3.64e-17	84.3
WP_000845048.1	337	k121_1898509_2	N/A	29.670	78	273	5.06e-17	84.7
WP_000845048.1	337	k121_738650_1	N/A	31.604	61	212	5.98e-17	81.6
WP_000845048.1	337	k121_1568099_1	N/A	25.893	64	224	6.48e-17	82.0
WP_000845048.1	337	k121_1993360_1	N/A	37.273	33	110	6.90e-17	82.8
WP_000845048.1	337	k121_340697_7	N/A	31.752	77	274	7.20e-17	83.6
WP_000845048.1	337	k121_1457587_1	N/A	35.586	62	222	8.22e-17	81.6
WP_000845048.1	337	k121_1689485_1	N/A	31.982	63	222	8.32e-17	82.8
WP_000845048.1	337	k121_43897_1	N/A	37.158	53	183	1.00e-16	80.5
WP_000845048.1	337	k121_2213416_1	N/A	32.569	62	218	1.03e-16	80.9
WP_000845048.1	337	k121_1880333_2	N/A	29.811	76	265	1.09e-16	83.2
WP_000845048.1	337	k121_446408_3	N/A	25.641	78	273	1.44e-16	82.8
WP_000845048.1	337	k121_1548651_1	N/A	34.831	53	178	1.54e-16	79.7
WP_000845048.1	337	k121_1748404_2	N/A	29.304	78	273	1.55e-16	82.8
WP_000845048.1	337	k121_92464_1	N/A	29.075	63	227	1.80e-16	80.9
WP_000845048.1	337	k121_1988323_3	N/A	30.508	63	236	2.06e-16	82.8
WP_000845048.1	337	k121_97384_1	N/A	30.252	65	238	2.10e-16	81.6
WP_000845048.1	337	k121_898503_2	N/A	26.761	79	284	2.21e-16	82.0
WP_000845048.1	337	k121_1614545_1	N/A	57.576	20	66	2.39e-16	78.2
WP_000845048.1	337	k121_1593557_4	N/A	29.348	78	276	2.70e-16	82.4
WP_000845048.1	337	k121_1269247_1	N/A	34.637	53	179	2.98e-16	78.6
WP_000845048.1	337	k121_187924_1	N/A	31.492	54	181	3.18e-16	79.0
WP_000845048.1	337	k121_369102_3	N/A	27.103	61	214	3.97e-16	81.3
WP_000845048.1	337	k121_663738_1	N/A	30.811	55	185	4.02e-16	79.7
WP_000845048.1	337	k121_1189920_2	N/A	28.727	78	275	4.04e-16	81.6
WP_000845048.1	337	k121_565571_1	N/A	30.476	60	210	4.55e-16	79.3
WP_000845048.1	337	k121_1693005_1	N/A	57.576	20	66	5.52e-16	76.6
WP_000845048.1	337	k121_662433_2	N/A	30.876	62	217	5.53e-16	79.3
WP_000845048.1	337	k121_239782_1	N/A	35.407	60	209	6.12e-16	79.7
WP_000845048.1	337	k121_870424_1	N/A	34.270	53	178	6.76e-16	78.2
WP_000845048.1	337	k121_502859_2	N/A	28.037	62	214	6.82e-16	79.3
WP_000845048.1	337	k121_982311_1	N/A	57.576	20	66	7.64e-16	75.9
WP_000845048.1	337	k121_2014176_1	N/A	29.204	61	226	8.54e-16	79.3
WP_000845048.1	337	k121_991226_1	N/A	30.093	62	216	9.46e-16	79.0
WP_000845048.1	337	k121_789182_5	N/A	26.909	78	275	9.50e-16	80.5
WP_000845048.1	337	k121_463485_1	N/A	30.270	55	185	1.00e-15	77.8
WP_000845048.1	337	k121_298335_2	N/A	50.000	23	76	1.08e-15	74.7
WP_000845048.1	337	k121_1875171_1	N/A	31.792	51	173	1.26e-15	77.4
WP_000845048.1	337	k121_980996_1	N/A	28.829	65	222	1.38e-15	78.6
WP_000845048.1	337	k121_569939_2	N/A	31.224	68	237	1.47e-15	80.1
WP_000845048.1	337	k121_2033076_1	N/A	32.240	54	183	1.58e-15	77.0
WP_000845048.1	337	k121_728628_1	N/A	39.604	30	101	1.67e-15	75.1
WP_000845048.1	337	k121_1879287_1	N/A	33.898	52	177	2.48e-15	77.8
WP_000845048.1	337	k121_1521221_1	N/A	30.000	71	250	2.49e-15	79.0
WP_000845048.1	337	k121_1514738_2	N/A	30.769	61	221	2.54e-15	79.7
WP_000845048.1	337	k121_1745305_3	N/A	57.576	20	66	2.58e-15	75.1
WP_000845048.1	337	k121_351897_1	N/A	28.923	88	325	2.67e-15	79.0
WP_000845048.1	337	k121_1688393_1	N/A	31.724	42	145	2.98e-15	77.8
WP_000845048.1	337	k121_1380470_2	N/A	27.841	52	176	3.38e-15	78.6
WP_000845048.1	337	k121_264218_8	N/A	31.641	72	256	3.49e-15	78.6
WP_000845048.1	337	k121_1530398_1	N/A	35.882	50	170	3.78e-15	76.3
WP_000845048.1	337	k121_956993_3	N/A	29.249	68	253	4.66e-15	79.0
WP_000845048.1	337	k121_408097_1	N/A	35.028	53	177	5.00e-15	76.6
WP_000845048.1	337	k121_1689665_2	N/A	34.270	53	178	5.40e-15	75.1
WP_000845048.1	337	k121_2037324_1	N/A	34.375	47	160	5.70e-15	74.7
WP_000845048.1	337	k121_426771_3	N/A	33.484	63	221	6.10e-15	78.2
WP_000845048.1	337	k121_2059373_1	N/A	28.169	79	284	6.30e-15	79.3
WP_000845048.1	337	k121_1035772_1	N/A	28.623	77	276	7.34e-15	77.0
WP_000845048.1	337	k121_338572_1	N/A	44.340	31	106	8.85e-15	73.9
WP_000845048.1	337	k121_1195208_1	N/A	34.615	36	130	1.09e-14	75.1
WP_000845048.1	337	k121_1779710_1	N/A	29.204	66	226	1.14e-14	75.1
WP_000845048.1	337	k121_903327_2	N/A	33.641	63	217	1.16e-14	75.5
WP_000845048.1	337	k121_1690434_2	N/A	28.372	62	215	1.17e-14	76.3
WP_000845048.1	337	k121_299501_2	N/A	23.510	85	302	1.22e-14	77.4
WP_000845048.1	337	k121_1449730_2	N/A	32.051	67	234	1.36e-14	77.0
WP_000845048.1	337	k121_484598_1	N/A	26.437	76	261	1.51e-14	75.9
WP_000845048.1	337	k121_2072268_1	N/A	28.261	63	230	2.19e-14	75.5
WP_000845048.1	337	k121_425016_2	N/A	27.138	76	269	3.03e-14	76.3
WP_000845048.1	337	k121_1850049_1	N/A	30.000	50	170	3.32e-14	73.9
WP_000845048.1	337	k121_2096289_2	N/A	37.162	44	148	3.39e-14	72.4
WP_000845048.1	337	k121_717629_2	N/A	26.957	63	230	4.32e-14	75.9
WP_000845048.1	337	k121_207455_1	N/A	36.943	45	157	4.39e-14	72.8
WP_000845048.1	337	k121_824038_5	N/A	28.483	89	323	4.40e-14	75.5
WP_000845048.1	337	k121_832745_1	N/A	33.898	53	177	4.56e-14	73.2
WP_000845048.1	337	k121_898925_1	N/A	26.692	75	266	4.72e-14	74.3
WP_000845048.1	337	k121_498821_1	N/A	24.921	90	317	5.13e-14	75.5
WP_000845048.1	337	k121_24749_1	N/A	29.756	59	205	5.29e-14	73.2
WP_000845048.1	337	k121_426659_3	N/A	33.557	44	149	5.34e-14	72.0
WP_000845048.1	337	k121_1111652_1	N/A	27.468	63	233	5.66e-14	74.3
WP_000845048.1	337	k121_103475_2	N/A	27.063	84	303	5.75e-14	75.5
WP_000845048.1	337	k121_288686_1	N/A	27.876	63	226	5.78e-14	74.7
WP_000845048.1	337	k121_922552_3	N/A	30.909	48	165	5.91e-14	72.4
WP_000845048.1	337	k121_518472_1	N/A	31.551	53	187	5.92e-14	72.8
WP_000845048.1	337	k121_42800_5	N/A	31.163	62	215	6.44e-14	75.1
WP_000845048.1	337	k121_883976_2	N/A	31.548	49	168	7.63e-14	72.0
WP_000845048.1	337	k121_788299_2	N/A	32.044	54	181	7.65e-14	72.4
WP_000845048.1	337	k121_474583_1	N/A	28.328	82	293	8.07e-14	74.7
WP_000845048.1	337	k121_2102392_1	N/A	28.796	55	191	9.15e-14	72.0
WP_000845048.1	337	k121_150817_1	N/A	44.944	26	89	1.02e-13	70.9
WP_000845048.1	337	k121_684313_1	N/A	33.508	54	191	1.10e-13	72.0
WP_000845048.1	337	k121_1026656_1	N/A	27.468	67	233	1.11e-13	74.7
WP_000845048.1	337	k121_1844048_1	N/A	48.684	23	76	1.13e-13	71.6
WP_000845048.1	337	k121_559550_1	N/A	32.240	53	183	1.24e-13	72.0
WP_000845048.1	337	k121_385354_1	N/A	33.508	54	191	1.48e-13	71.6
WP_000845048.1	337	k121_1489802_1	N/A	26.667	72	255	1.50e-13	72.8
WP_000845048.1	337	k121_199774_1	N/A	33.146	53	178	1.75e-13	70.9
WP_000845048.1	337	k121_259742_1	N/A	24.671	85	304	1.95e-13	73.9
WP_000845048.1	337	k121_1276253_1	N/A	29.801	81	302	2.10e-13	73.6
WP_000845048.1	337	k121_180661_1	N/A	31.282	55	195	2.44e-13	71.6
WP_000845048.1	337	k121_1435466_1	N/A	35.811	44	148	2.45e-13	69.7
WP_000845048.1	337	k121_879564_1	N/A	32.086	52	187	2.72e-13	71.2
WP_000845048.1	337	k121_138947_6	N/A	29.204	64	226	2.90e-13	73.2
WP_000845048.1	337	k121_1636894_3	N/A	30.531	61	226	4.18e-13	73.2
WP_000845048.1	337	k121_506584_2	N/A	50.000	20	68	4.22e-13	68.9
WP_000845048.1	337	k121_1788022_1	N/A	31.122	55	196	4.35e-13	71.6
WP_000845048.1	337	k121_1157505_1	N/A	49.333	22	75	5.39e-13	67.8
WP_000845048.1	337	k121_1703400_2	N/A	35.028	53	177	6.26e-13	69.3
WP_000845048.1	337	k121_1270712_1	N/A	48.750	24	80	6.36e-13	69.3
WP_000845048.1	337	k121_36392_1	N/A	31.081	63	222	6.77e-13	72.8
WP_000845048.1	337	k121_942384_2	N/A	27.586	82	290	6.78e-13	72.4
WP_000845048.1	337	k121_2061593_1	N/A	27.597	84	308	6.83e-13	72.4
WP_000845048.1	337	k121_254128_1	N/A	31.351	55	185	6.99e-13	69.7
WP_000845048.1	337	k121_428493_1	N/A	34.247	42	146	7.00e-13	69.3
WP_000845048.1	337	k121_827724_2	N/A	47.222	21	72	7.03e-13	67.4
WP_000845048.1	337	k121_373822_1	N/A	30.814	51	172	7.29e-13	69.3
WP_000845048.1	337	k121_1003386_1	N/A	28.022	54	182	7.44e-13	69.7
WP_000845048.1	337	k121_1570397_1	N/A	27.778	75	270	9.23e-13	71.2
WP_000845048.1	337	k121_975208_1	N/A	31.844	53	179	1.04e-12	70.5
WP_000845048.1	337	k121_2194299_4	N/A	33.889	53	180	1.06e-12	70.5
WP_000845048.1	337	k121_997130_2	N/A	51.429	20	70	1.09e-12	66.6
WP_000845048.1	337	k121_1154145_3	N/A	29.775	53	178	1.15e-12	68.6
WP_000845048.1	337	k121_669726_1	N/A	36.207	34	116	1.25e-12	69.3
WP_000845048.1	337	k121_1913477_1	N/A	32.484	46	157	1.45e-12	68.6
WP_000845048.1	337	k121_76812_1	N/A	39.024	24	82	1.52e-12	69.7
WP_000845048.1	337	k121_4814_2	N/A	34.483	51	174	1.62e-12	68.6
WP_000845048.1	337	k121_1253893_1	N/A	27.857	77	280	1.62e-12	70.9
WP_000845048.1	337	k121_2015455_2	N/A	25.084	85	299	1.92e-12	71.2
WP_000845048.1	337	k121_155500_1	N/A	44.578	22	83	3.21e-12	65.5
WP_000845048.1	337	k121_1257000_2	N/A	30.224	75	268	3.22e-12	70.1
WP_000845048.1	337	k121_545836_3	N/A	30.357	62	224	3.28e-12	70.1
WP_000845048.1	337	k121_880640_2	N/A	52.941	20	68	3.55e-12	65.9
WP_000845048.1	337	k121_328692_1	N/A	27.888	70	251	3.82e-12	69.7
WP_000845048.1	337	k121_1218366_1	N/A	35.000	47	160	4.12e-12	66.2
WP_000845048.1	337	k121_335147_2	N/A	31.628	60	215	4.52e-12	68.6
WP_000845048.1	337	k121_1161803_1	N/A	29.137	77	278	4.74e-12	69.3
WP_000845048.1	337	k121_469500_1	N/A	30.714	41	140	4.85e-12	67.8
WP_000845048.1	337	k121_188628_1	N/A	26.087	60	207	6.09e-12	67.8
WP_000845048.1	337	k121_225833_2	N/A	43.519	32	108	7.02e-12	65.1
WP_000845048.1	337	k121_335991_1	N/A	47.826	20	69	7.05e-12	65.1
WP_000845048.1	337	k121_1815013_1	N/A	42.857	29	98	7.26e-12	66.6
WP_000845048.1	337	k121_1400191_1	N/A	31.492	53	181	8.07e-12	67.0
WP_000845048.1	337	k121_1688334_2	N/A	29.825	62	228	8.89e-12	68.9
WP_000845048.1	337	k121_1454917_1	N/A	28.571	61	224	1.24e-11	67.4
WP_000845048.1	337	k121_1771453_2	N/A	46.377	20	69	1.36e-11	64.7
WP_000845048.1	337	k121_1660183_2	N/A	30.601	53	183	1.38e-11	66.2
WP_000845048.1	337	k121_1965588_6	N/A	27.184	85	309	1.53e-11	68.2
WP_000845048.1	337	k121_911691_2	N/A	47.436	23	78	1.93e-11	64.7
WP_000845048.1	337	k121_399776_4	N/A	27.848	64	237	1.97e-11	67.4
WP_000845048.1	337	k121_834783_1	N/A	36.364	36	121	1.99e-11	65.5
WP_000845048.1	337	k121_689088_2	N/A	31.222	63	221	2.01e-11	68.2
WP_000845048.1	337	k121_421649_1	N/A	34.000	44	150	2.48e-11	66.6
WP_000845048.1	337	k121_551355_1	N/A	46.667	22	75	2.55e-11	63.5
WP_000845048.1	337	k121_1577007_2	N/A	28.821	63	229	2.81e-11	66.2
WP_000845048.1	337	k121_48483_1	N/A	32.768	52	177	2.82e-11	64.7
WP_000845048.1	337	k121_450824_1	N/A	28.384	63	229	2.97e-11	66.2
WP_000845048.1	337	k121_471085_1	N/A	30.556	53	180	3.02e-11	65.5
WP_000845048.1	337	k121_106333_2	N/A	28.571	77	280	4.05e-11	67.0
WP_000845048.1	337	k121_1941171_1	N/A	27.437	77	277	5.65e-11	67.0
WP_000845048.1	337	k121_477252_3	N/A	27.273	84	308	5.95e-11	66.6
WP_000845048.1	337	k121_1009142_2	N/A	31.019	62	216	6.02e-11	66.6
WP_000845048.1	337	k121_1949489_1	N/A	32.948	50	173	6.31e-11	63.9
WP_000845048.1	337	k121_492346_2	N/A	27.799	76	259	7.00e-11	66.2
WP_000845048.1	337	k121_1505397_25	N/A	25.177	77	282	7.70e-11	66.2
WP_000845048.1	337	k121_116751_1	N/A	28.351	55	194	7.98e-11	63.9
WP_000845048.1	337	k121_352610_1	N/A	28.022	54	182	8.11e-11	64.3
WP_000845048.1	337	k121_1597041_11	N/A	34.463	53	177	8.36e-11	65.9
WP_000845048.1	337	k121_1941435_1	N/A	28.571	54	182	9.85e-11	63.9
WP_000845048.1	337	k121_1846794_1	N/A	41.096	20	73	9.91e-11	60.8
WP_000845048.1	337	k121_2129922_1	N/A	30.899	52	178	1.20e-10	63.2
WP_000845048.1	337	k121_408093_2	N/A	29.947	54	187	1.31e-10	63.2
WP_000845048.1	337	k121_1615421_2	N/A	36.842	22	95	1.87e-10	61.2
WP_000845048.1	337	k121_156130_2	N/A	33.708	53	178	2.15e-10	64.7
WP_000845048.1	337	k121_677761_1	N/A	30.476	61	210	2.41e-10	63.2
WP_000845048.1	337	k121_2043012_1	N/A	31.073	52	177	2.60e-10	62.8
