SadA_ref|WP_036299419.1|:1-399	399	k121_490904_3	N/A	27.273	91	374	3.64e-41	152
SadA_ref|WP_036299419.1|:1-399	399	k121_25747_1	N/A	31.092	58	238	1.20e-34	134
SadA_ref|WP_036299419.1|:1-399	399	k121_293219_8	N/A	27.541	75	305	1.03e-33	133
SadA_ref|WP_036299419.1|:1-399	399	k121_620062_1	N/A	32.338	50	201	8.11e-28	112
SadA_ref|WP_036299419.1|:1-399	399	k121_937682_1	N/A	35.429	42	175	2.31e-27	110
SadA_ref|WP_036299419.1|:1-399	399	k121_250287_1	N/A	30.137	72	292	2.95e-27	114
SadA_ref|WP_036299419.1|:1-399	399	k121_1529596_1	N/A	33.557	37	149	6.90e-25	103
SadA_ref|WP_036299419.1|:1-399	399	k121_1594606_3	N/A	29.588	65	267	1.86e-24	105
SadA_ref|WP_036299419.1|:1-399	399	k121_452707_1	N/A	30.081	59	246	8.63e-24	102
SadA_ref|WP_036299419.1|:1-399	399	k121_323474_1	N/A	26.172	63	256	2.31e-23	102
SadA_ref|WP_036299419.1|:1-399	399	k121_78372_1	N/A	27.931	72	290	4.16e-22	99.0
SadA_ref|WP_036299419.1|:1-399	399	k121_1765537_2	N/A	26.250	95	400	4.22e-21	97.8
SadA_ref|WP_036299419.1|:1-399	399	k121_592707_2	N/A	24.658	88	365	9.53e-21	96.7
SadA_ref|WP_036299419.1|:1-399	399	k121_1304618_2	N/A	29.557	49	203	2.59e-20	91.7
SadA_ref|WP_036299419.1|:1-399	399	k121_1044046_1	N/A	35.294	38	153	3.09e-20	90.9
SadA_ref|WP_036299419.1|:1-399	399	k121_1605627_1	N/A	32.022	44	178	6.45e-20	90.1
SadA_ref|WP_036299419.1|:1-399	399	k121_234324_1	N/A	30.144	50	209	1.46e-18	87.4
SadA_ref|WP_036299419.1|:1-399	399	k121_135345_1	N/A	30.653	49	199	1.71e-18	86.3
SadA_ref|WP_036299419.1|:1-399	399	k121_197560_1	N/A	26.768	50	198	2.27e-17	84.3
SadA_ref|WP_036299419.1|:1-399	399	k121_870749_1	N/A	35.514	27	107	2.91e-17	80.9
SadA_ref|WP_036299419.1|:1-399	399	k121_1044188_2	N/A	23.907	95	389	1.04e-16	84.7
SadA_ref|WP_036299419.1|:1-399	399	k121_41618_1	N/A	32.941	42	170	1.06e-16	80.9
SadA_ref|WP_036299419.1|:1-399	399	k121_1662599_1	N/A	26.070	62	257	9.44e-16	80.5
SadA_ref|WP_036299419.1|:1-399	399	k121_920843_1	N/A	29.353	48	201	1.87e-15	80.1
SadA_ref|WP_036299419.1|:1-399	399	k121_928524_1	N/A	26.953	64	256	3.92e-15	78.2
SadA_ref|WP_036299419.1|:1-399	399	k121_131593_1	N/A	26.214	50	206	5.07e-15	79.3
SadA_ref|WP_036299419.1|:1-399	399	k121_131020_1	N/A	28.846	52	208	1.29e-14	75.9
SadA_ref|WP_036299419.1|:1-399	399	k121_1339813_1	N/A	27.228	50	202	1.39e-11	67.0
SadA_ref|WP_036299419.1|:1-399	399	k121_551303_1	N/A	24.022	43	179	1.88e-11	66.2
SadA_ref|WP_036299419.1|:1-399	399	k121_1508270_1	N/A	27.170	62	265	1.32e-10	65.1
SadA_ref|WP_036299419.1|:1-399	399	k121_630656_1	N/A	25.877	54	228	1.57e-09	61.6
SadA_ref|WP_036299419.1|:1-399	399	k121_1582910_1	N/A	28.105	38	153	5.36e-09	60.5
SadA_ref|WP_036299419.1|:1-399	399	k121_556485_1	N/A	25.806	58	248	6.17e-09	60.1
SadA_ref|WP_036299419.1|:1-399	399	k121_582415_2	N/A	26.515	33	132	1.41e-08	56.6
SadA_ref|WP_036299419.1|:1-399	399	k121_988342_1	N/A	28.378	35	148	3.37e-08	57.0
SadA_ref|WP_036299419.1|:1-399	399	k121_1192685_1	N/A	29.592	25	98	6.37e-08	54.7
SadA_ref|WP_036299419.1|:1-399	399	k121_1176323_1	N/A	25.342	35	146	3.66e-07	53.9
SadA_ref|WP_036299419.1|:1-399	399	k121_310168_2	N/A	33.628	28	113	8.30e-07	51.2
SadA_ref|WP_036299419.1|:1-399	399	k121_553162_1	N/A	37.209	21	86	8.67e-07	50.4
SadA_ref|WP_036299419.1|:1-399	399	k121_1159230_1	N/A	24.699	40	166	9.58e-07	52.8
SadA_ref|WP_036299419.1|:1-399	399	k121_1120740_1	N/A	29.787	46	188	1.54e-06	52.0
SadA_ref|WP_036299419.1|:1-399	399	k121_1102349_1	N/A	32.743	28	113	6.17e-06	48.9
SadA_ref|WP_036299419.1|:1-399	399	k121_1215698_1	N/A	24.164	62	269	8.72e-06	50.8
SadA_ref|WP_036299419.1|:1-399	399	k121_289099_1	N/A	22.802	85	364	3.44e-05	49.3
SadA_ref|WP_036299419.1|:1-399	399	k121_249334_1	N/A	29.348	23	92	5.69e-05	47.4
SadA_ref|WP_036299419.1|:1-399	399	k121_1168046_3	N/A	28.169	34	142	7.44e-05	48.5
SadA_ref|WP_036299419.1|:1-399	399	k121_1073089_1	N/A	23.077	83	364	8.56e-05	48.1
SadA_ref|WP_036299419.1|:1-399	399	k121_1848125_1	N/A	30.556	27	108	2.58e-04	44.3
SadA_ref|WP_036299419.1|:1-399	399	k121_222055_1	N/A	27.333	33	150	3.76e-04	45.4
SadA_ref|WP_036299419.1|:1-399	399	k121_1717358_1	N/A	26.804	41	194	7.70e-04	44.7
SadA_ref|WP_036299419.1|:1-399	399	k121_1119999_1	N/A	22.111	47	199	7.76e-04	44.3
SadA_ref|WP_036299419.1|:1-399	399	k121_1649628_1	N/A	29.143	44	175	0.002	43.5
SadA_ref|WP_036299419.1|:1-399	399	k121_809206_1	N/A	25.301	60	249	0.002	43.9
SadA_ref|WP_036299419.1|:1-399	399	k121_142866_1	N/A	24.725	45	182	0.002	42.7
SadA_ref|WP_036299419.1|:1-399	399	k121_1341116_2	N/A	29.762	21	84	0.004	40.4
SadA_ref|WP_036299419.1|:1-399	399	k121_417168_1	N/A	24.597	60	248	0.005	42.4
SadA_ref|WP_036299419.1|:1-399	399	k121_1857404_1	N/A	32.258	23	93	0.005	41.2
SadA_ref|WP_036299419.1|:1-399	399	k121_1454318_9	N/A	32.143	21	84	0.007	42.4
SadA_ref|WP_036299419.1|:1-399	399	k121_918657_2	N/A	29.630	20	81	0.011	38.9
SadA_ref|WP_036299419.1|:1-399	399	k121_61691_1	N/A	28.571	21	84	0.017	39.7
SadA_ref|WP_036299419.1|:1-399	399	k121_1854484_1	N/A	24.424	47	217	0.019	40.4
SadA_ref|WP_036299419.1|:1-399	399	k121_1569589_2	N/A	31.034	22	87	0.019	38.5
SadA_ref|WP_036299419.1|:1-399	399	k121_440209_1	N/A	21.654	62	254	0.027	40.0
SadA_ref|WP_036299419.1|:1-399	399	k121_101858_2	N/A	22.047	62	254	0.030	40.0
SadA_ref|WP_036299419.1|:1-399	399	k121_33052_1	N/A	24.031	62	258	0.063	39.3
SadB_ref|WP_100812327.1|:1-423	423	k121_490904_3	N/A	28.272	89	382	1.03e-42	157
SadB_ref|WP_100812327.1|:1-423	423	k121_25747_1	N/A	27.719	66	285	2.85e-34	134
SadB_ref|WP_100812327.1|:1-423	423	k121_250287_1	N/A	33.333	72	312	3.28e-34	133
SadB_ref|WP_100812327.1|:1-423	423	k121_293219_8	N/A	26.287	85	369	1.79e-31	127
SadB_ref|WP_100812327.1|:1-423	423	k121_452707_1	N/A	37.019	47	208	4.08e-30	120
SadB_ref|WP_100812327.1|:1-423	423	k121_78372_1	N/A	30.333	69	300	6.56e-26	109
SadB_ref|WP_100812327.1|:1-423	423	k121_620062_1	N/A	32.308	46	195	7.25e-25	105
SadB_ref|WP_100812327.1|:1-423	423	k121_41618_1	N/A	39.011	41	182	7.38e-25	103
SadB_ref|WP_100812327.1|:1-423	423	k121_592707_2	N/A	25.935	90	401	2.30e-24	107
SadB_ref|WP_100812327.1|:1-423	423	k121_323474_1	N/A	29.756	48	205	1.68e-21	97.8
SadB_ref|WP_100812327.1|:1-423	423	k121_135345_1	N/A	33.333	46	198	7.37e-21	93.2
SadB_ref|WP_100812327.1|:1-423	423	k121_937682_1	N/A	32.941	40	170	2.39e-20	91.7
SadB_ref|WP_100812327.1|:1-423	423	k121_1594606_3	N/A	27.483	68	302	2.95e-20	94.0
SadB_ref|WP_100812327.1|:1-423	423	k121_1765537_2	N/A	27.518	92	407	3.80e-20	95.1
SadB_ref|WP_100812327.1|:1-423	423	k121_1044188_2	N/A	24.495	90	396	1.71e-18	90.1
SadB_ref|WP_100812327.1|:1-423	423	k121_1304618_2	N/A	29.412	46	204	1.81e-18	86.7
SadB_ref|WP_100812327.1|:1-423	423	k121_1605627_1	N/A	33.333	29	126	2.94e-17	83.2
SadB_ref|WP_100812327.1|:1-423	423	k121_197560_1	N/A	27.638	47	199	6.36e-17	83.6
SadB_ref|WP_100812327.1|:1-423	423	k121_1662599_1	N/A	30.542	48	203	1.60e-16	82.8
SadB_ref|WP_100812327.1|:1-423	423	k121_131593_1	N/A	27.830	48	212	1.91e-15	80.9
SadB_ref|WP_100812327.1|:1-423	423	k121_870749_1	N/A	29.412	24	102	2.45e-15	75.9
SadB_ref|WP_100812327.1|:1-423	423	k121_1529596_1	N/A	26.190	30	126	4.94e-15	76.3
SadB_ref|WP_100812327.1|:1-423	423	k121_928524_1	N/A	28.137	61	263	1.31e-14	77.0
SadB_ref|WP_100812327.1|:1-423	423	k121_1717358_1	N/A	30.741	57	270	5.26e-14	75.1
SadB_ref|WP_100812327.1|:1-423	423	k121_131020_1	N/A	26.540	49	211	2.64e-13	72.4
SadB_ref|WP_100812327.1|:1-423	423	k121_234324_1	N/A	25.701	48	214	2.90e-13	72.4
SadB_ref|WP_100812327.1|:1-423	423	k121_1044046_1	N/A	29.268	39	164	3.16e-13	71.2
SadB_ref|WP_100812327.1|:1-423	423	k121_33052_1	N/A	26.404	77	356	1.54e-12	72.8
SadB_ref|WP_100812327.1|:1-423	423	k121_920843_1	N/A	27.832	70	309	1.98e-12	71.6
SadB_ref|WP_100812327.1|:1-423	423	k121_551303_1	N/A	22.449	44	196	5.58e-12	68.2
SadB_ref|WP_100812327.1|:1-423	423	k121_556485_1	N/A	26.667	51	225	6.18e-12	69.3
SadB_ref|WP_100812327.1|:1-423	423	k121_1339813_1	N/A	27.670	48	206	1.05e-11	67.4
SadB_ref|WP_100812327.1|:1-423	423	k121_1215698_1	N/A	27.692	74	325	1.41e-10	65.9
SadB_ref|WP_100812327.1|:1-423	423	k121_1120740_1	N/A	32.544	39	169	1.98e-10	63.2
SadB_ref|WP_100812327.1|:1-423	423	k121_809206_1	N/A	27.299	73	348	1.25e-09	63.2
SadB_ref|WP_100812327.1|:1-423	423	k121_582415_2	N/A	25.000	34	144	4.58e-09	58.2
SadB_ref|WP_100812327.1|:1-423	423	k121_1343476_1	N/A	29.885	40	174	1.16e-08	59.3
SadB_ref|WP_100812327.1|:1-423	423	k121_289099_1	N/A	28.902	39	173	2.57e-08	59.3
SadB_ref|WP_100812327.1|:1-423	423	k121_846692_1	N/A	29.119	54	261	4.74e-08	57.8
SadB_ref|WP_100812327.1|:1-423	423	k121_1508270_1	N/A	27.820	59	266	4.91e-08	57.4
SadB_ref|WP_100812327.1|:1-423	423	k121_417168_1	N/A	27.668	57	253	7.22e-08	57.0
SadB_ref|WP_100812327.1|:1-423	423	k121_1569589_2	N/A	34.940	20	83	1.17e-07	53.1
SadB_ref|WP_100812327.1|:1-423	423	k121_462103_1	N/A	30.675	37	163	1.19e-07	55.1
SadB_ref|WP_100812327.1|:1-423	423	k121_1159230_1	N/A	22.353	40	170	4.89e-07	53.5
SadB_ref|WP_100812327.1|:1-423	423	k121_1821307_1	N/A	30.818	32	159	7.61e-07	53.1
SadB_ref|WP_100812327.1|:1-423	423	k121_630656_1	N/A	24.479	43	192	1.19e-06	53.1
SadB_ref|WP_100812327.1|:1-423	423	k121_1806261_1	N/A	27.711	57	249	1.39e-06	53.1
SadB_ref|WP_100812327.1|:1-423	423	k121_1176323_1	N/A	27.632	34	152	1.40e-06	52.4
SadB_ref|WP_100812327.1|:1-423	423	k121_440873_1	N/A	30.769	40	182	1.53e-06	52.4
SadB_ref|WP_100812327.1|:1-423	423	k121_1469389_1	N/A	32.743	25	113	1.57e-06	51.2
SadB_ref|WP_100812327.1|:1-423	423	k121_103299_1	N/A	29.630	44	189	1.81e-06	52.0
SadB_ref|WP_100812327.1|:1-423	423	k121_1808853_1	N/A	27.072	37	181	5.51e-06	51.6
SadB_ref|WP_100812327.1|:1-423	423	k121_332895_1	N/A	33.594	27	128	7.05e-06	49.7
SadB_ref|WP_100812327.1|:1-423	423	k121_1521832_2	N/A	32.283	27	127	8.61e-06	50.8
SadB_ref|WP_100812327.1|:1-423	423	k121_1215127_1	N/A	30.894	26	123	1.26e-05	49.3
SadB_ref|WP_100812327.1|:1-423	423	k121_1102349_1	N/A	34.940	20	83	1.43e-05	47.8
SadB_ref|WP_100812327.1|:1-423	423	k121_249334_1	N/A	31.522	22	92	1.50e-05	48.9
SadB_ref|WP_100812327.1|:1-423	423	k121_361950_1	N/A	28.082	61	292	3.03e-05	49.7
SadB_ref|WP_100812327.1|:1-423	423	k121_1935043_1	N/A	31.579	25	114	3.61e-05	48.1
SadB_ref|WP_100812327.1|:1-423	423	k121_1073089_1	N/A	23.596	77	356	4.25e-05	49.3
SadB_ref|WP_100812327.1|:1-423	423	k121_1717210_2	N/A	28.082	33	146	4.90e-05	47.0
SadB_ref|WP_100812327.1|:1-423	423	k121_1119999_1	N/A	25.143	39	175	1.09e-04	47.0
SadB_ref|WP_100812327.1|:1-423	423	k121_310168_2	N/A	33.735	20	83	1.57e-04	45.1
SadB_ref|WP_100812327.1|:1-423	423	k121_815912_1	N/A	27.778	31	144	0.001	43.1
SadB_ref|WP_100812327.1|:1-423	423	k121_625647_1	N/A	26.556	55	241	0.002	43.9
SadB_ref|WP_100812327.1|:1-423	423	k121_933551_1	N/A	28.906	25	128	0.002	42.7
SadB_ref|WP_100812327.1|:1-423	423	k121_1366729_1	N/A	25.397	25	126	0.002	43.1
SadB_ref|WP_100812327.1|:1-423	423	k121_1740503_1	N/A	26.573	32	143	0.003	42.4
SadB_ref|WP_100812327.1|:1-423	423	k121_35724_7	N/A	27.344	26	128	0.004	43.1
SadB_ref|WP_100812327.1|:1-423	423	k121_1492719_1	N/A	30.769	31	143	0.005	42.4
SadB_ref|WP_100812327.1|:1-423	423	k121_861435_2	N/A	30.588	20	85	0.006	40.4
SadB_ref|WP_100812327.1|:1-423	423	k121_1854484_1	N/A	27.179	39	195	0.011	41.2
SadB_ref|WP_100812327.1|:1-423	423	k121_142866_1	N/A	29.348	42	184	0.013	40.8
SadB_ref|WP_100812327.1|:1-423	423	k121_452861_1	N/A	28.462	28	130	0.016	39.7
SadB_ref|WP_100812327.1|:1-423	423	k121_1283864_2	N/A	21.867	81	375	0.016	41.2
SadB_ref|WP_100812327.1|:1-423	423	k121_1625611_1	N/A	30.588	20	85	0.019	39.7
SadB_ref|WP_100812327.1|:1-423	423	k121_240998_2	N/A	26.241	31	141	0.021	39.3
SadB_ref|WP_100812327.1|:1-423	423	k121_1590696_2	N/A	26.744	33	172	0.027	40.4
SadB_ref|WP_100812327.1|:1-423	423	k121_1138658_1	N/A	32.203	25	118	0.032	39.3
SadB_ref|WP_100812327.1|:1-423	423	k121_1301845_1	N/A	28.395	38	162	0.037	40.0
SadB_ref|WP_100812327.1|:1-423	423	k121_1192783_1	N/A	29.134	27	127	0.041	38.9
SadB_ref|WP_100812327.1|:1-423	423	k121_1454318_9	N/A	27.907	27	129	0.041	40.0
SadB_ref|WP_100812327.1|:1-423	423	k121_101858_2	N/A	25.498	57	251	0.041	39.7
SadB_ref|WP_100812327.1|:1-423	423	k121_61691_1	N/A	31.008	27	129	0.047	38.5
SadB_ref|WP_100812327.1|:1-423	423	k121_775694_3	N/A	28.462	27	130	0.056	38.9
SadB_ref|WP_100812327.1|:1-423	423	k121_182040_2	N/A	26.724	26	116	0.062	37.7
SadB_ref|WP_100812327.1|:1-423	423	k121_860639_2	N/A	27.551	22	98	0.072	38.9
SadC_ref|WP_036299413.1|:1-194	194	k121_68408_3	N/A	31.325	85	166	2.58e-18	81.3
SadC_ref|WP_036299413.1|:1-194	194	k121_862903_1	N/A	27.742	76	155	6.88e-11	61.6
SadC_ref|WP_036299413.1|:1-194	194	k121_964078_2	N/A	29.730	76	148	4.93e-10	59.3
SadC_ref|WP_036299413.1|:1-194	194	k121_181465_3	N/A	29.496	71	139	4.95e-10	59.3
SadC_ref|WP_036299413.1|:1-194	194	k121_1691538_1	N/A	28.387	76	155	6.44e-10	60.8
SadC_ref|WP_036299413.1|:1-194	194	k121_1464197_2	N/A	36.559	47	93	1.01e-09	57.4
SadC_ref|WP_036299413.1|:1-194	194	k121_1367928_2	N/A	32.836	69	134	1.18e-09	58.2
SadC_ref|WP_036299413.1|:1-194	194	k121_1201705_2	N/A	32.090	69	134	2.30e-09	57.4
SadC_ref|WP_036299413.1|:1-194	194	k121_1092192_1	N/A	34.615	49	104	2.68e-09	57.4
SadC_ref|WP_036299413.1|:1-194	194	k121_261910_1	N/A	32.031	65	128	2.96e-09	58.2
SadC_ref|WP_036299413.1|:1-194	194	k121_1338881_3	N/A	28.058	71	139	4.71e-09	56.6
SadC_ref|WP_036299413.1|:1-194	194	k121_1665393_1	N/A	37.931	44	87	5.63e-09	57.0
SadC_ref|WP_036299413.1|:1-194	194	k121_339365_1	N/A	39.130	47	92	8.06e-09	55.5
SadC_ref|WP_036299413.1|:1-194	194	k121_1402523_1	N/A	42.667	38	75	1.97e-08	54.3
SadC_ref|WP_036299413.1|:1-194	194	k121_293946_1	N/A	35.165	46	91	2.26e-08	55.5
SadC_ref|WP_036299413.1|:1-194	194	k121_675416_1	N/A	34.815	61	135	4.61e-08	54.3
SadC_ref|WP_036299413.1|:1-194	194	k121_833715_2	N/A	27.820	68	133	5.79e-08	53.9
SadC_ref|WP_036299413.1|:1-194	194	k121_289644_6	N/A	27.273	73	143	6.78e-08	53.9
SadC_ref|WP_036299413.1|:1-194	194	k121_208184_1	N/A	24.818	71	137	6.89e-08	54.7
SadC_ref|WP_036299413.1|:1-194	194	k121_1331427_1	N/A	35.366	42	82	8.53e-08	51.2
SadC_ref|WP_036299413.1|:1-194	194	k121_1281414_2	N/A	37.931	44	87	8.96e-08	53.1
SadC_ref|WP_036299413.1|:1-194	194	k121_255814_1	N/A	36.957	47	92	1.39e-07	52.0
SadC_ref|WP_036299413.1|:1-194	194	k121_42904_2	N/A	34.783	47	92	1.45e-07	52.8
SadC_ref|WP_036299413.1|:1-194	194	k121_176094_4	N/A	37.931	44	87	1.65e-07	53.9
SadC_ref|WP_036299413.1|:1-194	194	k121_293219_6	N/A	30.345	73	145	1.80e-07	52.4
SadC_ref|WP_036299413.1|:1-194	194	k121_1622498_1	N/A	28.947	57	114	3.45e-07	50.4
SadC_ref|WP_036299413.1|:1-194	194	k121_1748124_2	N/A	35.789	46	95	3.86e-07	51.6
SadC_ref|WP_036299413.1|:1-194	194	k121_1537949_2	N/A	34.409	47	93	6.27e-07	50.1
SadC_ref|WP_036299413.1|:1-194	194	k121_460452_1	N/A	27.679	58	112	6.67e-07	50.4
SadC_ref|WP_036299413.1|:1-194	194	k121_1804530_2	N/A	28.148	69	135	1.01e-06	50.1
SadC_ref|WP_036299413.1|:1-194	194	k121_1730203_2	N/A	34.483	44	87	1.03e-06	50.1
SadC_ref|WP_036299413.1|:1-194	194	k121_24108_3	N/A	26.119	69	134	1.18e-06	49.7
SadC_ref|WP_036299413.1|:1-194	194	k121_333991_3	N/A	32.051	75	156	1.60e-06	49.7
SadC_ref|WP_036299413.1|:1-194	194	k121_635410_1	N/A	30.769	54	104	2.16e-06	49.7
SadC_ref|WP_036299413.1|:1-194	194	k121_1436613_4	N/A	32.673	51	101	3.29e-06	48.9
SadC_ref|WP_036299413.1|:1-194	194	k121_1320824_2	N/A	37.313	35	67	4.46e-06	47.4
SadC_ref|WP_036299413.1|:1-194	194	k121_1309615_1	N/A	35.632	44	87	4.64e-06	48.5
SadC_ref|WP_036299413.1|:1-194	194	k121_527266_30	N/A	25.000	65	128	4.82e-06	48.5
SadC_ref|WP_036299413.1|:1-194	194	k121_493010_1	N/A	31.068	53	103	5.98e-06	47.4
SadC_ref|WP_036299413.1|:1-194	194	k121_1605951_2	N/A	32.967	46	91	6.81e-06	48.9
SadC_ref|WP_036299413.1|:1-194	194	k121_975482_1	N/A	27.407	68	135	7.21e-06	48.1
SadC_ref|WP_036299413.1|:1-194	194	k121_1018532_3	N/A	35.000	41	80	8.35e-06	46.6
SadC_ref|WP_036299413.1|:1-194	194	k121_200845_3	N/A	32.967	46	91	9.76e-06	48.1
SadC_ref|WP_036299413.1|:1-194	194	k121_1779735_1	N/A	34.884	44	86	1.04e-05	47.4
SadC_ref|WP_036299413.1|:1-194	194	k121_305769_1	N/A	24.088	70	137	1.31e-05	46.6
SadC_ref|WP_036299413.1|:1-194	194	k121_1167317_1	N/A	31.522	47	92	1.35e-05	47.0
SadC_ref|WP_036299413.1|:1-194	194	k121_324902_3	N/A	31.915	48	94	1.67e-05	47.0
SadC_ref|WP_036299413.1|:1-194	194	k121_650589_12	N/A	37.805	42	82	2.05e-05	46.6
SadC_ref|WP_036299413.1|:1-194	194	k121_1581956_1	N/A	33.696	47	92	2.25e-05	46.6
SadC_ref|WP_036299413.1|:1-194	194	k121_14298_4	N/A	38.235	35	68	2.30e-05	46.6
SadC_ref|WP_036299413.1|:1-194	194	k121_1935459_2	N/A	33.333	43	84	2.55e-05	46.2
SadC_ref|WP_036299413.1|:1-194	194	k121_1533419_1	N/A	33.721	44	86	4.11e-05	46.6
SadC_ref|WP_036299413.1|:1-194	194	k121_336831_2	N/A	23.022	71	139	4.20e-05	45.8
SadC_ref|WP_036299413.1|:1-194	194	k121_1285849_2	N/A	34.615	40	78	5.56e-05	45.1
SadC_ref|WP_036299413.1|:1-194	194	k121_699363_1	N/A	32.609	47	92	7.64e-05	45.1
SadC_ref|WP_036299413.1|:1-194	194	k121_729282_1	N/A	34.940	42	83	1.08e-04	45.4
SadC_ref|WP_036299413.1|:1-194	194	k121_221064_1	N/A	36.559	47	93	1.08e-04	44.3
SadC_ref|WP_036299413.1|:1-194	194	k121_1842131_1	N/A	30.108	47	93	1.08e-04	44.3
SadC_ref|WP_036299413.1|:1-194	194	k121_942872_2	N/A	31.034	44	87	1.20e-04	44.3
SadC_ref|WP_036299413.1|:1-194	194	k121_412153_1	N/A	28.431	53	102	1.25e-04	44.7
SadC_ref|WP_036299413.1|:1-194	194	k121_488008_1	N/A	30.097	51	103	1.32e-04	43.9
SadC_ref|WP_036299413.1|:1-194	194	k121_1436434_1	N/A	32.609	47	92	1.54e-04	44.7
SadC_ref|WP_036299413.1|:1-194	194	k121_609655_2	N/A	32.895	39	76	2.35e-04	42.0
SadC_ref|WP_036299413.1|:1-194	194	k121_883551_1	N/A	23.239	70	142	2.66e-04	43.1
SadC_ref|WP_036299413.1|:1-194	194	k121_1897665_2	N/A	29.897	49	97	2.88e-04	43.5
SadC_ref|WP_036299413.1|:1-194	194	k121_1824460_1	N/A	25.962	54	104	3.55e-04	42.7
SadC_ref|WP_036299413.1|:1-194	194	k121_1692526_2	N/A	34.568	41	81	4.01e-04	42.7
SadC_ref|WP_036299413.1|:1-194	194	k121_1326468_2	N/A	27.119	55	118	5.45e-04	43.5
SadC_ref|WP_036299413.1|:1-194	194	k121_186423_1	N/A	29.545	45	88	5.48e-04	41.6
SadC_ref|WP_036299413.1|:1-194	194	k121_152946_2	N/A	33.333	40	78	8.34e-04	42.0
SadC_ref|WP_036299413.1|:1-194	194	k121_1526762_2	N/A	28.571	50	98	8.56e-04	42.0
SadC_ref|WP_036299413.1|:1-194	194	k121_836901_1	N/A	29.213	45	89	0.001	41.2
SadC_ref|WP_036299413.1|:1-194	194	k121_131354_1	N/A	21.472	82	163	0.001	41.6
SadC_ref|WP_036299413.1|:1-194	194	k121_971960_3	N/A	33.766	39	77	0.002	40.4
SadC_ref|WP_036299413.1|:1-194	194	k121_1164681_1	N/A	46.154	26	52	0.003	38.5
SadC_ref|WP_036299413.1|:1-194	194	k121_881544_1	N/A	32.895	39	76	0.003	40.0
SadC_ref|WP_036299413.1|:1-194	194	k121_87358_2	N/A	27.174	47	92	0.003	39.7
SadC_ref|WP_036299413.1|:1-194	194	k121_1439016_1	N/A	26.163	86	172	0.003	40.4
SadC_ref|WP_036299413.1|:1-194	194	k121_1296809_1	N/A	23.529	53	102	0.010	38.1
SadC_ref|WP_036299413.1|:1-194	194	k121_1653497_2	N/A	22.699	82	163	0.010	38.9
SadC_ref|WP_036299413.1|:1-194	194	k121_1734874_2	N/A	24.167	62	120	0.012	38.9
SadC_ref|WP_036299413.1|:1-194	194	k121_635361_2	N/A	23.140	62	121	0.012	38.1
SadC_ref|WP_036299413.1|:1-194	194	k121_1611809_3	N/A	20.930	66	129	0.017	38.5
SadC_ref|WP_036299413.1|:1-194	194	k121_1123713_2	N/A	31.884	36	69	0.029	37.4
SadC_ref|WP_036299413.1|:1-194	194	k121_1726605_1	N/A	24.167	61	120	0.067	36.2
SadC_ref|WP_036299413.1|:1-194	194	k121_993990_2	N/A	33.898	30	59	0.076	35.4
SadC_ref|WP_036299413.1|:1-194	194	k121_1604195_1	N/A	38.298	24	47	0.085	34.3
SadC_ref|WP_036299413.1|:1-194	194	k121_662195_1	N/A	27.273	45	88	0.085	36.2
SadC_ref|WP_036299413.1|:1-194	194	k121_1493299_2	N/A	41.379	29	58	0.089	34.7
SadC_ref|WP_036299413.1|:1-194	194	k121_271218_3	N/A	36.508	30	63	0.089	34.7
WP_000259031.1	279	k121_389765_1	N/A	100.000	89	249	2.66e-178	494
WP_000259031.1	279	k121_272992_8	N/A	40.000	88	245	3.10e-42	149
WP_000259031.1	279	k121_991092_2	N/A	38.760	91	258	2.34e-38	139
WP_000259031.1	279	k121_265221_2	N/A	33.878	88	245	2.67e-36	133
WP_000259031.1	279	k121_281750_1	N/A	36.364	88	253	1.04e-34	129
WP_000259031.1	279	k121_1145142_3	N/A	36.992	88	246	1.64e-33	126
WP_000259031.1	279	k121_976766_1	N/A	36.641	91	262	9.95e-33	125
WP_000259031.1	279	k121_654875_2	N/A	34.241	92	257	1.67e-32	124
WP_000259031.1	279	k121_331613_2	N/A	32.443	93	262	3.43e-31	120
WP_000259031.1	279	k121_618619_1	N/A	33.945	78	218	6.29e-31	119
WP_000259031.1	279	k121_1834932_3	N/A	35.827	88	254	6.83e-31	119
WP_000259031.1	279	k121_1676143_2	N/A	32.443	89	262	1.14e-29	119
WP_000259031.1	279	k121_711123_1	N/A	33.333	94	267	1.34e-28	113
WP_000259031.1	279	k121_1199834_2	N/A	36.437	88	247	5.44e-28	112
WP_000259031.1	279	k121_419518_7	N/A	34.733	91	262	1.20e-27	113
WP_000259031.1	279	k121_1252903_1	N/A	27.468	82	233	2.34e-27	109
WP_000259031.1	279	k121_869772_1	N/A	35.366	88	246	3.21e-27	110
WP_000259031.1	279	k121_309189_5	N/A	37.104	78	221	4.06e-27	109
WP_000259031.1	279	k121_117312_2	N/A	36.697	78	218	4.27e-27	109
WP_000259031.1	279	k121_728479_1	N/A	38.068	63	176	1.76e-26	105
WP_000259031.1	279	k121_991639_4	N/A	31.439	93	264	4.73e-26	108
WP_000259031.1	279	k121_1163588_1	N/A	32.778	63	180	5.45e-26	103
WP_000259031.1	279	k121_341362_1	N/A	31.429	85	245	1.12e-25	104
WP_000259031.1	279	k121_1292460_1	N/A	32.171	91	258	1.30e-25	105
WP_000259031.1	279	k121_1548520_2	N/A	32.046	90	259	2.52e-25	104
WP_000259031.1	279	k121_1438178_1	N/A	33.871	88	248	3.45e-25	104
WP_000259031.1	279	k121_1744363_1	N/A	34.956	80	226	6.44e-25	102
WP_000259031.1	279	k121_1796807_1	N/A	29.924	93	264	1.33e-24	103
WP_000259031.1	279	k121_367279_2	N/A	35.266	73	207	3.31e-24	100
WP_000259031.1	279	k121_1151729_2	N/A	36.546	88	249	3.58e-24	102
WP_000259031.1	279	k121_1278884_3	N/A	32.400	88	250	6.34e-24	101
WP_000259031.1	279	k121_1136582_1	N/A	32.273	78	220	8.87e-24	99.4
WP_000259031.1	279	k121_1084483_5	N/A	35.437	73	206	2.59e-23	99.0
WP_000259031.1	279	k121_746647_1	N/A	30.097	73	206	2.69e-23	97.4
WP_000259031.1	279	k121_50906_3	N/A	33.216	92	283	6.64e-23	98.6
WP_000259031.1	279	k121_885923_2	N/A	27.652	88	264	6.66e-23	98.6
WP_000259031.1	279	k121_1863859_1	N/A	31.301	88	246	7.13e-23	98.6
WP_000259031.1	279	k121_1924279_1	N/A	33.520	64	179	1.17e-22	95.5
WP_000259031.1	279	k121_409921_3	N/A	31.923	91	260	2.23e-22	98.2
WP_000259031.1	279	k121_521486_2	N/A	30.924	84	249	2.37e-22	97.1
WP_000259031.1	279	k121_430753_1	N/A	35.749	73	207	5.97e-22	95.5
WP_000259031.1	279	k121_655125_2	N/A	29.000	70	200	1.52e-21	92.8
WP_000259031.1	279	k121_951194_2	N/A	40.800	44	125	6.54e-21	90.5
WP_000259031.1	279	k121_1309507_1	N/A	29.658	87	263	1.21e-20	92.4
WP_000259031.1	279	k121_1572378_1	N/A	32.710	76	214	1.32e-20	90.9
WP_000259031.1	279	k121_1257042_1	N/A	27.434	80	226	1.48e-20	90.9
WP_000259031.1	279	k121_953350_1	N/A	28.846	88	260	1.95e-20	92.0
WP_000259031.1	279	k121_1723815_2	N/A	30.806	75	211	4.60e-20	89.4
WP_000259031.1	279	k121_1555503_2	N/A	26.104	88	249	1.31e-19	89.4
WP_000259031.1	279	k121_1021179_2	N/A	28.426	70	197	9.18e-19	85.9
WP_000259031.1	279	k121_1868814_1	N/A	28.986	72	207	1.08e-17	82.8
WP_000259031.1	279	k121_30241_6	N/A	27.465	96	284	1.28e-17	84.3
WP_000259031.1	279	k121_357381_2	N/A	30.114	63	176	2.65e-17	81.3
WP_000259031.1	279	k121_1811567_2	N/A	29.348	62	184	3.06e-17	81.3
WP_000259031.1	279	k121_458480_1	N/A	29.213	63	178	7.77e-17	80.1
WP_000259031.1	279	k121_572333_2	N/A	37.226	49	137	1.83e-16	79.0
WP_000259031.1	279	k121_138577_1	N/A	34.637	63	179	6.24e-16	77.0
WP_000259031.1	279	k121_1556741_3	N/A	31.963	76	219	8.39e-16	79.0
WP_000259031.1	279	k121_1718809_1	N/A	34.921	44	126	1.69e-15	76.3
WP_000259031.1	279	k121_235958_3	N/A	34.222	78	225	3.06e-15	77.0
WP_000259031.1	279	k121_1564619_1	N/A	26.961	72	204	3.43e-15	75.9
WP_000259031.1	279	k121_1498123_2	N/A	32.127	76	221	3.53e-15	76.3
WP_000259031.1	279	k121_1386225_2	N/A	41.463	44	123	4.14e-15	74.3
WP_000259031.1	279	k121_988404_1	N/A	30.108	65	186	4.39e-15	75.1
WP_000259031.1	279	k121_339276_2	N/A	30.366	67	191	9.80e-15	73.9
WP_000259031.1	279	k121_1034145_2	N/A	30.374	75	214	2.42e-14	74.7
WP_000259031.1	279	k121_1887216_1	N/A	27.679	75	224	2.68e-14	73.6
WP_000259031.1	279	k121_788159_1	N/A	32.642	66	193	3.42e-14	73.2
WP_000259031.1	279	k121_1514440_2	N/A	35.849	38	106	4.11e-14	70.9
WP_000259031.1	279	k121_1436844_1	N/A	34.127	44	126	6.18e-14	71.6
WP_000259031.1	279	k121_1442776_2	N/A	28.000	77	225	6.96e-14	72.8
WP_000259031.1	279	k121_392194_1	N/A	38.596	61	171	1.20e-13	71.2
WP_000259031.1	279	k121_363331_1	N/A	29.255	66	188	1.38e-13	71.2
WP_000259031.1	279	k121_1516069_1	N/A	34.951	36	103	3.05e-13	68.6
WP_000259031.1	279	k121_97151_1	N/A	34.921	44	126	6.72e-13	70.1
WP_000259031.1	279	k121_1175118_2	N/A	36.275	36	102	7.11e-13	67.4
WP_000259031.1	279	k121_241507_1	N/A	29.680	77	219	1.24e-12	68.9
WP_000259031.1	279	k121_1566893_2	N/A	36.000	36	100	1.27e-12	67.0
WP_000259031.1	279	k121_868554_1	N/A	37.931	51	145	1.28e-12	68.6
WP_000259031.1	279	k121_1530958_2	N/A	33.019	38	106	1.31e-12	66.6
WP_000259031.1	279	k121_1771428_1	N/A	29.545	62	176	1.93e-12	67.8
WP_000259031.1	279	k121_824147_1	N/A	35.000	36	100	3.04e-12	67.0
WP_000259031.1	279	k121_431271_2	N/A	30.769	42	117	3.17e-12	66.2
WP_000259031.1	279	k121_426851_1	N/A	24.291	89	247	4.37e-12	68.9
WP_000259031.1	279	k121_1429254_1	N/A	34.959	43	123	9.34e-12	64.7
WP_000259031.1	279	k121_308755_1	N/A	34.031	67	191	1.09e-11	66.2
WP_000259031.1	279	k121_196908_1	N/A	34.646	44	127	1.69e-11	65.9
WP_000259031.1	279	k121_1850481_1	N/A	32.673	36	101	2.06e-11	64.3
WP_000259031.1	279	k121_1141652_1	N/A	36.634	36	101	2.16e-11	65.5
WP_000259031.1	279	k121_1285790_1	N/A	31.844	63	179	2.49e-11	65.9
WP_000259031.1	279	k121_1814177_2	N/A	35.200	44	125	2.89e-11	63.9
WP_000259031.1	279	k121_1345032_1	N/A	31.452	44	124	3.12e-11	64.3
WP_000259031.1	279	k121_1245776_1	N/A	31.250	44	128	4.51e-11	63.9
WP_000259031.1	279	k121_352190_2	N/A	33.858	44	127	5.10e-11	64.7
WP_000259031.1	279	k121_1251929_1	N/A	28.302	55	159	5.89e-11	63.5
WP_000259031.1	279	k121_832451_1	N/A	32.039	37	103	6.14e-11	63.2
WP_000259031.1	279	k121_1915332_1	N/A	37.864	37	103	6.70e-11	62.8
WP_000259031.1	279	k121_284870_2	N/A	35.644	36	101	8.94e-11	62.4
WP_000259031.1	279	k121_446788_1	N/A	32.530	58	166	1.61e-10	62.4
WP_000259031.1	279	k121_1393278_1	N/A	26.923	70	208	2.53e-10	62.4
WP_000259031.1	279	k121_576795_1	N/A	28.485	59	165	2.75e-10	62.4
WP_000259031.1	279	k121_1518639_2	N/A	31.655	44	139	3.01e-10	61.2
WP_000259031.1	279	k121_1522207_1	N/A	35.606	47	132	4.11e-10	61.2
WP_000259031.1	279	k121_454515_1	N/A	32.093	75	215	7.76e-10	61.6
WP_000259031.1	279	k121_1585167_1	N/A	33.065	44	124	1.07e-09	60.1
WP_000259031.1	279	k121_688766_1	N/A	28.977	61	176	1.39e-09	59.7
WP_000259031.1	279	k121_744197_2	N/A	30.159	44	126	1.56e-09	59.3
WP_000259031.1	279	k121_1421260_1	N/A	31.061	47	132	1.60e-09	58.9
WP_000259031.1	279	k121_1744615_1	N/A	37.349	30	83	2.65e-09	57.8
WP_000259031.1	279	k121_194513_1	N/A	30.000	35	100	2.93e-09	58.9
WP_000259031.1	279	k121_477782_1	N/A	30.286	54	175	3.80e-09	58.5
WP_000259031.1	279	k121_346967_1	N/A	38.571	25	70	4.13e-09	56.2
WP_000259031.1	279	k121_1365306_1	N/A	31.765	59	170	4.59e-09	58.5
WP_000259031.1	279	k121_650471_1	N/A	28.571	55	154	4.93e-09	57.8
WP_000259031.1	279	k121_1575696_2	N/A	42.308	28	78	6.28e-09	57.0
WP_000259031.1	279	k121_129873_1	N/A	29.143	62	175	1.07e-08	57.4
WP_000259031.1	279	k121_1628145_1	N/A	30.128	55	156	1.13e-08	57.0
WP_000259031.1	279	k121_1192541_2	N/A	32.520	43	123	1.79e-08	55.5
WP_000259031.1	279	k121_1900853_1	N/A	30.065	54	153	2.03e-08	55.8
WP_000259031.1	279	k121_1765306_2	N/A	30.702	41	114	2.52e-08	55.5
WP_000259031.1	279	k121_1710157_1	N/A	28.571	64	182	2.96e-08	56.2
WP_000259031.1	279	k121_339828_1	N/A	23.333	62	180	4.04e-08	55.5
WP_000259031.1	279	k121_752173_2	N/A	38.272	29	81	5.93e-08	53.1
WP_000259031.1	279	k121_472379_2	N/A	32.773	41	119	7.17e-08	54.7
WP_000259031.1	279	k121_1508523_1	N/A	31.008	45	129	7.23e-08	53.5
WP_000259031.1	279	k121_981063_1	N/A	30.994	59	171	1.21e-07	55.1
WP_000259031.1	279	k121_957976_1	N/A	39.080	30	87	1.47e-07	53.1
WP_000259031.1	279	k121_643902_3	N/A	29.167	38	120	1.77e-07	52.8
WP_000259031.1	279	k121_478592_1	N/A	38.202	31	89	2.12e-07	52.4
WP_000259031.1	279	k121_421799_1	N/A	26.946	56	167	3.68e-07	52.8
WP_000259031.1	279	k121_1174796_2	N/A	31.667	43	120	5.82e-07	51.6
WP_000259031.1	279	k121_1765490_1	N/A	33.333	54	162	9.81e-07	51.6
WP_000259031.1	279	k121_1343581_2	N/A	34.259	38	108	1.26e-06	50.1
WP_000259031.1	279	k121_723001_1	N/A	25.954	47	131	1.34e-06	50.4
WP_000259031.1	279	k121_450187_1	N/A	27.007	44	137	1.71e-06	50.8
WP_000259031.1	279	k121_509031_2	N/A	34.343	35	99	2.01e-06	49.3
WP_000259031.1	279	k121_1180120_2	N/A	36.364	24	66	2.87e-06	48.9
WP_000259031.1	279	k121_1683885_2	N/A	35.484	44	124	3.35e-06	49.7
WP_000259031.1	279	k121_1227607_6	N/A	40.678	21	59	3.80e-06	47.8
WP_000259031.1	279	k121_524353_3	N/A	46.914	29	81	6.24e-06	47.8
WP_000259031.1	279	k121_1241810_1	N/A	26.786	40	112	9.58e-06	48.1
WP_000259031.1	279	k121_1667950_2	N/A	34.722	26	72	2.68e-05	45.8
WP_000259031.1	279	k121_1585206_2	N/A	25.532	49	141	2.70e-05	47.0
WP_000259031.1	279	k121_7577_2	N/A	37.143	25	70	1.08e-04	47.0
WP_000259031.1	279	k121_248683_1	N/A	31.959	35	97	2.77e-04	43.1
WP_000259031.1	279	k121_972172_8	N/A	33.766	27	77	2.88e-04	45.8
WP_000259031.1	279	k121_1027394_1	N/A	30.882	24	68	6.19e-04	42.0
WP_000259031.1	279	k121_131955_2	N/A	35.821	24	67	7.02e-04	41.2
WP_000259031.1	279	k121_365189_1	N/A	32.857	25	70	7.10e-04	43.1
WP_000259031.1	279	k121_1601214_2	N/A	31.429	36	105	0.001	41.6
WP_000259031.1	279	k121_530140_1	N/A	38.961	28	77	0.001	41.6
WP_000259031.1	279	k121_858066_3	N/A	34.483	21	58	0.002	40.0
WP_000259031.1	279	k121_839072_2	N/A	30.380	28	79	0.002	42.7
WP_000259031.1	279	k121_1488300_1	N/A	28.571	29	84	0.003	39.7
WP_000259031.1	279	k121_1221803_1	N/A	33.333	25	72	0.003	42.0
WP_000259031.1	279	k121_1193731_2	N/A	32.955	32	88	0.003	39.3
WP_000259031.1	279	k121_1688495_1	N/A	28.800	44	125	0.008	40.8
WP_000259031.1	279	k121_996368_1	N/A	30.534	43	131	0.009	40.4
WP_000259031.1	279	k121_1751673_1	N/A	37.143	25	70	0.010	40.0
WP_000259031.1	279	k121_358648_1	N/A	33.803	25	71	0.023	37.7
WP_000259031.1	279	k121_1652562_2	N/A	35.185	36	108	0.026	37.4
WP_000259031.1	279	k121_409101_2	N/A	43.860	20	57	0.066	35.8
WP_001043260.1	271	k121_389765_1	N/A	54.667	82	225	1.53e-73	228
WP_001043260.1	271	k121_1145142_3	N/A	41.699	95	259	1.03e-49	168
WP_001043260.1	271	k121_265221_2	N/A	36.782	96	261	4.12e-48	164
WP_001043260.1	271	k121_991092_2	N/A	40.840	96	262	5.19e-48	164
WP_001043260.1	271	k121_272992_8	N/A	35.659	95	258	9.42e-41	145
WP_001043260.1	271	k121_618619_1	N/A	34.866	96	261	1.39e-40	144
WP_001043260.1	271	k121_1548520_2	N/A	35.985	94	264	1.58e-40	144
WP_001043260.1	271	k121_117312_2	N/A	40.698	95	258	1.73e-40	144
WP_001043260.1	271	k121_1278884_3	N/A	34.601	96	263	2.50e-40	144
WP_001043260.1	271	k121_953350_1	N/A	31.636	96	275	1.19e-39	142
WP_001043260.1	271	k121_309189_5	N/A	38.168	95	262	4.84e-39	140
WP_001043260.1	271	k121_654875_2	N/A	36.923	94	260	6.29e-39	141
WP_001043260.1	271	k121_1834932_3	N/A	37.209	95	258	1.67e-38	139
WP_001043260.1	271	k121_50906_3	N/A	36.429	95	280	1.25e-37	137
WP_001043260.1	271	k121_711123_1	N/A	32.576	96	264	1.98e-37	136
WP_001043260.1	271	k121_521486_2	N/A	33.740	90	246	2.82e-37	136
WP_001043260.1	271	k121_341362_1	N/A	34.167	88	240	3.72e-37	134
WP_001043260.1	271	k121_1136582_1	N/A	36.239	80	218	1.01e-36	132
WP_001043260.1	271	k121_1292460_1	N/A	35.385	95	260	1.63e-36	134
WP_001043260.1	271	k121_1199834_2	N/A	38.722	95	266	2.25e-36	134
WP_001043260.1	271	k121_331613_2	N/A	36.842	96	266	3.04e-36	133
WP_001043260.1	271	k121_281750_1	N/A	34.783	92	253	3.36e-36	132
WP_001043260.1	271	k121_655125_2	N/A	37.173	68	191	3.65e-36	130
WP_001043260.1	271	k121_409921_3	N/A	38.971	96	272	9.44e-36	134
WP_001043260.1	271	k121_869772_1	N/A	38.009	80	221	2.09e-34	129
WP_001043260.1	271	k121_976766_1	N/A	37.549	91	253	6.67e-34	128
WP_001043260.1	271	k121_30241_6	N/A	32.117	96	274	9.53e-34	127
WP_001043260.1	271	k121_1723815_2	N/A	35.749	76	207	1.83e-33	124
WP_001043260.1	271	k121_728479_1	N/A	40.805	64	174	4.00e-33	122
WP_001043260.1	271	k121_1084483_5	N/A	39.234	75	209	2.34e-32	122
WP_001043260.1	271	k121_1572378_1	N/A	35.849	78	212	2.74e-32	121
WP_001043260.1	271	k121_1863859_1	N/A	34.351	95	262	4.01e-32	123
WP_001043260.1	271	k121_1151729_2	N/A	40.726	90	248	4.61e-32	122
WP_001043260.1	271	k121_357381_2	N/A	36.782	64	174	5.43e-32	120
WP_001043260.1	271	k121_746647_1	N/A	34.804	75	204	7.24e-32	119
WP_001043260.1	271	k121_1676143_2	N/A	33.074	90	257	1.03e-31	124
WP_001043260.1	271	k121_419518_7	N/A	37.154	91	253	1.78e-31	123
WP_001043260.1	271	k121_430753_1	N/A	38.350	75	206	9.32e-31	119
WP_001043260.1	271	k121_1555503_2	N/A	29.885	96	261	1.46e-30	118
WP_001043260.1	271	k121_1924279_1	N/A	37.766	68	188	2.44e-30	115
WP_001043260.1	271	k121_367279_2	N/A	38.857	63	175	5.17e-30	115
WP_001043260.1	271	k121_1438178_1	N/A	33.083	97	266	8.73e-30	116
WP_001043260.1	271	k121_885923_2	N/A	31.418	90	261	9.80e-30	116
WP_001043260.1	271	k121_1252903_1	N/A	29.614	86	233	2.55e-29	114
WP_001043260.1	271	k121_991639_4	N/A	29.588	97	267	2.94e-27	111
WP_001043260.1	271	k121_1309507_1	N/A	31.387	96	274	7.11e-27	108
WP_001043260.1	271	k121_1285790_1	N/A	39.205	64	176	1.10e-26	107
WP_001043260.1	271	k121_1796807_1	N/A	28.839	97	267	1.31e-26	108
WP_001043260.1	271	k121_1811567_2	N/A	36.207	63	174	1.31e-26	105
WP_001043260.1	271	k121_1556741_3	N/A	38.785	77	214	5.48e-26	106
WP_001043260.1	271	k121_1744363_1	N/A	35.545	78	211	1.32e-25	103
WP_001043260.1	271	k121_1021179_2	N/A	29.319	70	191	1.78e-24	100
WP_001043260.1	271	k121_1345032_1	N/A	41.935	45	124	3.64e-24	98.6
WP_001043260.1	271	k121_1514440_2	N/A	47.525	37	101	3.89e-24	97.4
WP_001043260.1	271	k121_951194_2	N/A	34.356	59	163	5.61e-24	98.6
WP_001043260.1	271	k121_1245776_1	N/A	41.481	48	135	1.31e-23	97.8
WP_001043260.1	271	k121_1257042_1	N/A	28.889	82	225	2.52e-23	97.8
WP_001043260.1	271	k121_241507_1	N/A	32.057	75	209	1.10e-22	96.3
WP_001043260.1	271	k121_431271_2	N/A	41.525	44	118	1.69e-22	93.6
WP_001043260.1	271	k121_576795_1	N/A	43.269	38	104	3.11e-22	94.7
WP_001043260.1	271	k121_458480_1	N/A	32.386	64	176	5.66e-22	93.6
WP_001043260.1	271	k121_1386225_2	N/A	43.548	46	124	8.30e-22	92.0
WP_001043260.1	271	k121_1530958_2	N/A	42.718	38	103	1.23e-21	90.9
WP_001043260.1	271	k121_1251929_1	N/A	33.121	56	157	1.41e-21	92.0
WP_001043260.1	271	k121_1163588_1	N/A	31.395	63	172	2.87e-21	91.3
WP_001043260.1	271	k121_1442776_2	N/A	31.064	82	235	2.99e-21	92.8
WP_001043260.1	271	k121_988404_1	N/A	32.597	66	181	2.09e-20	89.0
WP_001043260.1	271	k121_1566893_2	N/A	44.000	37	100	4.06e-20	87.0
WP_001043260.1	271	k121_868554_1	N/A	35.961	74	203	5.74e-20	88.6
WP_001043260.1	271	k121_832451_1	N/A	33.735	55	166	6.63e-20	87.4
WP_001043260.1	271	k121_352190_2	N/A	39.062	46	128	9.87e-20	88.2
WP_001043260.1	271	k121_824147_1	N/A	43.000	37	100	1.43e-19	87.0
WP_001043260.1	271	k121_308755_1	N/A	34.466	76	206	4.59e-19	86.3
WP_001043260.1	271	k121_426851_1	N/A	29.084	91	251	8.26e-19	87.8
WP_001043260.1	271	k121_1585167_1	N/A	34.969	59	163	1.06e-18	84.3
WP_001043260.1	271	k121_284870_2	N/A	42.157	37	102	1.21e-18	83.6
WP_001043260.1	271	k121_138577_1	N/A	39.205	63	176	1.48e-18	84.0
WP_001043260.1	271	k121_454515_1	N/A	33.796	77	216	2.13e-18	85.5
WP_001043260.1	271	k121_1814177_2	N/A	38.889	45	126	2.21e-18	83.2
WP_001043260.1	271	k121_363331_1	N/A	32.323	73	198	3.21e-18	84.0
WP_001043260.1	271	k121_339276_2	N/A	34.595	68	185	5.46e-18	82.8
WP_001043260.1	271	k121_752173_2	N/A	49.383	30	81	1.13e-17	79.3
WP_001043260.1	271	k121_1718809_1	N/A	35.433	46	127	2.19e-17	81.3
WP_001043260.1	271	k121_1868814_1	N/A	29.213	64	178	2.21e-17	81.6
WP_001043260.1	271	k121_744197_2	N/A	33.858	46	127	3.72e-17	80.1
WP_001043260.1	271	k121_1498123_2	N/A	34.101	78	217	3.77e-17	81.3
WP_001043260.1	271	k121_97151_1	N/A	39.683	45	126	1.22e-16	80.1
WP_001043260.1	271	k121_450187_1	N/A	32.927	56	164	2.19e-16	78.6
WP_001043260.1	271	k121_1667950_2	N/A	52.857	26	70	2.99e-16	75.5
WP_001043260.1	271	k121_1429254_1	N/A	36.290	45	124	4.12e-16	76.6
WP_001043260.1	271	k121_477782_1	N/A	32.222	58	180	4.46e-16	77.4
WP_001043260.1	271	k121_1516069_1	N/A	39.423	37	104	6.51e-16	75.5
WP_001043260.1	271	k121_1564619_1	N/A	26.829	75	205	7.16e-16	77.4
WP_001043260.1	271	k121_1887216_1	N/A	29.730	68	185	8.51e-16	77.8
WP_001043260.1	271	k121_235958_3	N/A	32.068	84	237	2.00e-15	77.0
WP_001043260.1	271	k121_446788_1	N/A	38.272	58	162	2.24e-15	75.9
WP_001043260.1	271	k121_1141652_1	N/A	41.584	37	101	2.40e-15	76.3
WP_001043260.1	271	k121_1518639_2	N/A	34.286	46	140	2.83e-15	74.7
WP_001043260.1	271	k121_1034145_2	N/A	30.233	77	215	3.09e-15	77.0
WP_001043260.1	271	k121_1175118_2	N/A	37.864	37	103	3.19e-15	73.6
WP_001043260.1	271	k121_572333_2	N/A	31.694	67	183	1.22e-14	73.9
WP_001043260.1	271	k121_1771428_1	N/A	27.778	65	180	2.00e-14	73.2
WP_001043260.1	271	k121_194513_1	N/A	38.614	37	101	4.60e-14	72.4
WP_001043260.1	271	k121_346967_1	N/A	46.377	25	69	8.65e-14	68.6
WP_001043260.1	271	k121_339828_1	N/A	29.379	63	177	1.19e-13	70.9
WP_001043260.1	271	k121_196908_1	N/A	35.115	47	131	1.46e-13	71.2
WP_001043260.1	271	k121_472379_2	N/A	33.333	52	141	1.81e-13	70.5
WP_001043260.1	271	k121_131955_2	N/A	46.269	25	67	2.29e-13	67.4
WP_001043260.1	271	k121_1900853_1	N/A	31.757	54	148	4.08e-13	68.9
WP_001043260.1	271	k121_392194_1	N/A	35.106	68	188	4.32e-13	69.7
WP_001043260.1	271	k121_1436844_1	N/A	31.915	51	141	4.89e-13	68.9
WP_001043260.1	271	k121_788159_1	N/A	26.087	76	207	7.31e-13	69.3
WP_001043260.1	271	k121_643902_3	N/A	34.711	39	121	3.41e-12	65.9
WP_001043260.1	271	k121_650471_1	N/A	29.870	57	154	1.36e-11	64.7
WP_001043260.1	271	k121_1751673_1	N/A	47.222	26	72	1.67e-11	65.5
WP_001043260.1	271	k121_129873_1	N/A	29.586	62	169	1.97e-11	64.7
WP_001043260.1	271	k121_1915332_1	N/A	31.293	53	147	2.06e-11	64.3
WP_001043260.1	271	k121_1765306_2	N/A	30.496	52	141	2.48e-11	63.9
WP_001043260.1	271	k121_365189_1	N/A	41.772	28	79	3.31e-11	63.9
WP_001043260.1	271	k121_688766_1	N/A	27.326	63	172	4.52e-11	63.9
WP_001043260.1	271	k121_972172_8	N/A	43.056	26	72	4.59e-11	66.2
WP_001043260.1	271	k121_1027394_1	N/A	40.909	24	66	7.24e-11	61.2
WP_001043260.1	271	k121_7577_2	N/A	38.961	28	77	2.04e-10	64.3
WP_001043260.1	271	k121_1744615_1	N/A	40.336	44	119	2.34e-10	60.5
WP_001043260.1	271	k121_1343581_2	N/A	33.884	44	121	2.89e-10	60.5
WP_001043260.1	271	k121_509031_2	N/A	38.462	43	117	2.97e-10	60.1
WP_001043260.1	271	k121_1575696_2	N/A	46.154	29	78	3.32e-10	60.5
WP_001043260.1	271	k121_1488300_1	N/A	37.037	29	81	6.40e-10	58.2
WP_001043260.1	271	k121_839072_2	N/A	43.056	26	72	7.82e-10	62.0
WP_001043260.1	271	k121_1508523_1	N/A	33.884	44	121	1.22e-09	58.5
WP_001043260.1	271	k121_248683_1	N/A	30.631	41	111	1.39e-09	58.2
WP_001043260.1	271	k121_1683885_2	N/A	35.115	48	131	2.26e-09	58.5
WP_001043260.1	271	k121_1180120_2	N/A	44.776	25	67	2.65e-09	57.4
WP_001043260.1	271	k121_981063_1	N/A	29.878	60	164	3.62e-09	59.7
WP_001043260.1	271	k121_1221803_1	N/A	43.056	26	72	5.09e-09	58.5
WP_001043260.1	271	k121_1393278_1	N/A	28.643	69	199	9.36e-09	57.8
WP_001043260.1	271	k121_1522207_1	N/A	31.429	52	140	9.53e-09	57.0
WP_001043260.1	271	k121_1765490_1	N/A	32.704	54	159	9.66e-09	57.0
WP_001043260.1	271	k121_1585206_2	N/A	31.973	52	147	2.27e-08	55.8
WP_001043260.1	271	k121_1421260_1	N/A	33.594	47	128	2.36e-08	55.5
WP_001043260.1	271	k121_1628145_1	N/A	32.919	56	161	7.32e-08	54.7
WP_001043260.1	271	k121_1241810_1	N/A	26.531	54	147	2.07e-07	52.8
WP_001043260.1	271	k121_421799_1	N/A	26.923	64	182	2.17e-07	53.5
WP_001043260.1	271	k121_1850481_1	N/A	26.957	42	115	2.35e-07	52.8
WP_001043260.1	271	k121_1227607_6	N/A	38.983	22	59	3.40e-07	50.4
WP_001043260.1	271	k121_409101_2	N/A	49.123	21	57	4.23e-07	50.1
WP_001043260.1	271	k121_957976_1	N/A	31.405	44	121	4.39e-07	51.6
WP_001043260.1	271	k121_1365306_1	N/A	31.214	61	173	6.52e-07	52.0
WP_001043260.1	271	k121_1192541_2	N/A	33.898	43	118	7.26e-07	50.8
WP_001043260.1	271	k121_723001_1	N/A	27.536	51	138	1.93e-06	50.1
WP_001043260.1	271	k121_1710157_1	N/A	25.581	63	172	1.94e-06	50.8
WP_001043260.1	271	k121_577283_2	N/A	38.182	20	55	5.77e-06	47.0
WP_001043260.1	271	k121_1688495_1	N/A	33.077	48	130	7.11e-06	49.7
WP_001043260.1	271	k121_858066_3	N/A	38.710	23	62	1.07e-05	46.2
WP_001043260.1	271	k121_524353_3	N/A	44.211	35	95	1.21e-05	47.0
WP_001043260.1	271	k121_478592_1	N/A	32.353	37	102	1.22e-05	47.4
WP_001043260.1	271	k121_1174796_2	N/A	22.143	52	140	1.42e-05	47.4
WP_001043260.1	271	k121_996368_1	N/A	33.333	62	174	2.39e-05	47.8
WP_001043260.1	271	k121_530140_1	N/A	35.294	44	119	8.08e-05	45.1
WP_001043260.1	271	k121_358648_1	N/A	41.935	23	62	1.34e-04	44.3
WP_001043260.1	271	k121_1601214_2	N/A	31.776	37	107	0.010	38.9
WP_001043260.1	271	k121_1063347_1	N/A	42.857	34	91	0.011	38.5
WP_000034420.1	263	k121_389765_1	N/A	43.348	88	233	1.77e-69	217
WP_000034420.1	263	k121_272992_8	N/A	39.608	97	255	3.03e-56	185
WP_000034420.1	263	k121_281750_1	N/A	38.314	97	261	6.06e-53	176
WP_000034420.1	263	k121_265221_2	N/A	37.597	98	258	3.38e-50	169
WP_000034420.1	263	k121_309189_5	N/A	37.500	99	264	5.38e-50	169
WP_000034420.1	263	k121_991092_2	N/A	36.293	98	259	1.64e-49	167
WP_000034420.1	263	k121_654875_2	N/A	35.249	99	261	1.66e-49	168
WP_000034420.1	263	k121_1145142_3	N/A	36.015	99	261	2.06e-48	164
WP_000034420.1	263	k121_1278884_3	N/A	36.398	98	261	8.59e-48	163
WP_000034420.1	263	k121_869772_1	N/A	35.249	99	261	3.65e-46	159
WP_000034420.1	263	k121_618619_1	N/A	36.015	99	261	2.76e-43	151
WP_000034420.1	263	k121_50906_3	N/A	35.088	98	285	1.68e-42	149
WP_000034420.1	263	k121_30241_6	N/A	33.455	99	275	2.22e-42	149
WP_000034420.1	263	k121_1834932_3	N/A	34.848	99	264	3.00e-42	148
WP_000034420.1	263	k121_711123_1	N/A	33.333	97	258	3.20e-42	149
WP_000034420.1	263	k121_953350_1	N/A	32.852	99	277	3.96e-42	149
WP_000034420.1	263	k121_1199834_2	N/A	34.981	99	263	8.15e-42	147
WP_000034420.1	263	k121_1084483_5	N/A	39.130	95	253	8.42e-42	147
WP_000034420.1	263	k121_1548520_2	N/A	35.361	97	263	9.19e-42	147
WP_000034420.1	263	k121_1292460_1	N/A	35.985	99	264	1.46e-40	144
WP_000034420.1	263	k121_1863859_1	N/A	33.460	99	263	2.39e-40	144
WP_000034420.1	263	k121_1555503_2	N/A	32.824	99	262	2.53e-40	144
WP_000034420.1	263	k121_117312_2	N/A	35.878	99	262	2.19e-39	141
WP_000034420.1	263	k121_341362_1	N/A	35.918	92	245	2.21e-39	140
WP_000034420.1	263	k121_1252903_1	N/A	34.914	87	232	4.87e-39	139
WP_000034420.1	263	k121_1151729_2	N/A	35.632	99	261	6.30e-38	137
WP_000034420.1	263	k121_331613_2	N/A	33.585	98	265	1.39e-37	136
WP_000034420.1	263	k121_409921_3	N/A	32.061	97	262	3.18e-36	135
WP_000034420.1	263	k121_1136582_1	N/A	34.404	83	218	3.66e-36	131
WP_000034420.1	263	k121_430753_1	N/A	37.186	74	199	7.25e-36	132
WP_000034420.1	263	k121_728479_1	N/A	37.500	67	176	1.74e-35	128
WP_000034420.1	263	k121_655125_2	N/A	37.436	71	195	3.09e-35	128
WP_000034420.1	263	k121_976766_1	N/A	31.955	99	266	1.06e-34	130
WP_000034420.1	263	k121_991639_4	N/A	30.534	99	262	1.88e-34	130
WP_000034420.1	263	k121_1438178_1	N/A	33.846	97	260	2.04e-34	128
WP_000034420.1	263	k121_1723815_2	N/A	36.932	67	176	2.71e-34	126
WP_000034420.1	263	k121_521486_2	N/A	32.567	98	261	7.85e-34	127
WP_000034420.1	263	k121_1924279_1	N/A	34.225	71	187	1.18e-33	124
WP_000034420.1	263	k121_1676143_2	N/A	33.202	93	253	1.90e-33	129
WP_000034420.1	263	k121_357381_2	N/A	36.517	67	178	4.12e-32	120
WP_000034420.1	263	k121_419518_7	N/A	31.955	99	266	4.16e-32	125
WP_000034420.1	263	k121_1556741_3	N/A	34.842	82	221	4.69e-32	122
WP_000034420.1	263	k121_1796807_1	N/A	29.008	99	262	1.83e-31	120
WP_000034420.1	263	k121_951194_2	N/A	40.000	59	160	6.51e-31	116
WP_000034420.1	263	k121_367279_2	N/A	38.286	66	175	7.06e-31	117
WP_000034420.1	263	k121_746647_1	N/A	35.122	78	205	1.40e-30	116
WP_000034420.1	263	k121_1744363_1	N/A	32.407	82	216	3.34e-30	115
WP_000034420.1	263	k121_1442776_2	N/A	32.328	84	232	4.47e-30	115
WP_000034420.1	263	k121_885923_2	N/A	30.370	97	270	5.75e-30	116
WP_000034420.1	263	k121_1811567_2	N/A	33.708	66	178	8.54e-30	114
WP_000034420.1	263	k121_1572378_1	N/A	35.393	67	178	1.21e-29	114
WP_000034420.1	263	k121_392194_1	N/A	36.126	71	191	9.76e-27	105
WP_000034420.1	263	k121_235958_3	N/A	31.718	84	227	1.15e-26	107
WP_000034420.1	263	k121_241507_1	N/A	31.222	83	221	1.93e-26	105
WP_000034420.1	263	k121_1257042_1	N/A	35.484	80	217	1.02e-25	103
WP_000034420.1	263	k121_824147_1	N/A	43.220	44	118	5.06e-25	101
WP_000034420.1	263	k121_1386225_2	N/A	42.276	47	123	9.01e-25	99.4
WP_000034420.1	263	k121_308755_1	N/A	33.816	78	207	9.19e-25	101
WP_000034420.1	263	k121_868554_1	N/A	33.498	76	203	1.41e-24	100
WP_000034420.1	263	k121_1245776_1	N/A	37.415	53	147	1.59e-24	99.8
WP_000034420.1	263	k121_1309507_1	N/A	28.938	98	273	1.71e-24	102
WP_000034420.1	263	k121_1514440_2	N/A	40.187	41	107	3.00e-24	97.4
WP_000034420.1	263	k121_1585167_1	N/A	31.928	62	166	6.43e-24	97.8
WP_000034420.1	263	k121_1566893_2	N/A	44.554	38	101	1.01e-23	96.7
WP_000034420.1	263	k121_1530958_2	N/A	41.121	41	107	1.22e-23	95.9
WP_000034420.1	263	k121_1345032_1	N/A	38.400	47	125	1.74e-23	96.7
WP_000034420.1	263	k121_832451_1	N/A	33.929	57	168	2.07e-23	96.7
WP_000034420.1	263	k121_1285790_1	N/A	33.889	67	180	6.90e-23	97.4
WP_000034420.1	263	k121_1564619_1	N/A	34.928	77	209	1.28e-22	95.5
WP_000034420.1	263	k121_339276_2	N/A	32.240	69	183	1.64e-22	94.7
WP_000034420.1	263	k121_1887216_1	N/A	32.418	68	182	4.01e-22	94.4
WP_000034420.1	263	k121_194513_1	N/A	44.118	38	102	7.11e-22	93.2
WP_000034420.1	263	k121_138577_1	N/A	35.556	67	180	1.23e-21	92.0
WP_000034420.1	263	k121_1163588_1	N/A	30.726	68	179	1.79e-21	91.7
WP_000034420.1	263	k121_431271_2	N/A	39.316	44	117	3.24e-21	90.1
WP_000034420.1	263	k121_1498123_2	N/A	30.275	81	218	3.72e-21	92.0
WP_000034420.1	263	k121_788159_1	N/A	29.557	76	203	4.93e-21	91.3
WP_000034420.1	263	k121_1021179_2	N/A	29.000	75	200	1.48e-20	90.5
WP_000034420.1	263	k121_454515_1	N/A	33.149	66	181	1.77e-20	90.9
WP_000034420.1	263	k121_426851_1	N/A	27.670	77	206	2.85e-20	91.7
WP_000034420.1	263	k121_988404_1	N/A	31.351	69	185	3.20e-20	88.6
WP_000034420.1	263	k121_1251929_1	N/A	32.911	58	158	5.62e-20	87.8
WP_000034420.1	263	k121_1718809_1	N/A	35.256	58	156	7.70e-20	87.8
WP_000034420.1	263	k121_196908_1	N/A	36.508	48	126	8.77e-20	88.2
WP_000034420.1	263	k121_352190_2	N/A	37.209	48	129	1.08e-19	88.2
WP_000034420.1	263	k121_1814177_2	N/A	37.008	48	127	1.08e-19	86.7
WP_000034420.1	263	k121_996368_1	N/A	34.225	69	187	1.91e-19	86.7
WP_000034420.1	263	k121_572333_2	N/A	30.108	69	186	3.19e-19	85.9
WP_000034420.1	263	k121_1429254_1	N/A	38.211	46	123	4.61e-19	84.3
WP_000034420.1	263	k121_576795_1	N/A	37.097	47	124	6.87e-19	85.5
WP_000034420.1	263	k121_744197_2	N/A	38.889	47	126	1.31e-18	84.0
WP_000034420.1	263	k121_284870_2	N/A	40.594	38	101	1.45e-18	83.2
WP_000034420.1	263	k121_363331_1	N/A	28.934	75	197	4.01e-18	83.6
WP_000034420.1	263	k121_472379_2	N/A	36.552	54	145	1.95e-17	80.9
WP_000034420.1	263	k121_458480_1	N/A	31.111	67	180	2.41e-17	81.3
WP_000034420.1	263	k121_1034145_2	N/A	29.958	88	237	3.66e-17	82.0
WP_000034420.1	263	k121_1868814_1	N/A	29.944	66	177	1.07e-16	79.7
WP_000034420.1	263	k121_97151_1	N/A	35.714	47	126	1.12e-16	80.1
WP_000034420.1	263	k121_1771428_1	N/A	27.660	71	188	1.19e-16	79.0
WP_000034420.1	263	k121_957976_1	N/A	36.885	46	122	1.33e-16	77.4
WP_000034420.1	263	k121_1343581_2	N/A	35.246	46	122	2.00e-16	77.0
WP_000034420.1	263	k121_1436844_1	N/A	31.818	57	154	2.35e-16	77.8
WP_000034420.1	263	k121_752173_2	N/A	43.902	31	82	2.69e-16	75.9
WP_000034420.1	263	k121_7577_2	N/A	50.000	27	72	3.01e-16	81.3
WP_000034420.1	263	k121_450187_1	N/A	33.333	48	138	5.81e-16	77.0
WP_000034420.1	263	k121_131955_2	N/A	51.515	25	66	8.08e-16	73.6
WP_000034420.1	263	k121_688766_1	N/A	27.429	65	175	2.47e-15	75.5
WP_000034420.1	263	k121_1683885_2	N/A	31.915	54	141	4.23e-15	74.3
WP_000034420.1	263	k121_346967_1	N/A	49.275	26	69	5.26e-15	72.0
WP_000034420.1	263	k121_446788_1	N/A	31.522	69	184	6.12e-15	74.3
WP_000034420.1	263	k121_1744615_1	N/A	39.167	46	120	6.76e-15	72.8
WP_000034420.1	263	k121_339828_1	N/A	29.545	65	176	6.93e-15	74.3
WP_000034420.1	263	k121_1900853_1	N/A	31.944	54	144	7.41e-15	73.6
WP_000034420.1	263	k121_477782_1	N/A	30.055	61	183	1.34e-14	73.6
WP_000034420.1	263	k121_1765306_2	N/A	30.986	53	142	1.55e-14	72.4
WP_000034420.1	263	k121_365189_1	N/A	45.833	27	72	1.92e-14	72.8
WP_000034420.1	263	k121_1667950_2	N/A	48.611	27	72	3.24e-14	70.1
WP_000034420.1	263	k121_1175118_2	N/A	38.614	38	101	4.78e-14	70.1
WP_000034420.1	263	k121_1421260_1	N/A	33.571	53	140	5.44e-14	70.9
WP_000034420.1	263	k121_1141652_1	N/A	37.255	38	102	6.40e-14	72.0
WP_000034420.1	263	k121_1575696_2	N/A	38.760	48	129	7.92e-14	70.1
WP_000034420.1	263	k121_1508523_1	N/A	33.607	46	122	1.04e-13	69.7
WP_000034420.1	263	k121_1915332_1	N/A	30.201	55	149	1.17e-13	70.1
WP_000034420.1	263	k121_650471_1	N/A	31.613	58	155	1.19e-13	70.1
WP_000034420.1	263	k121_1027394_1	N/A	42.647	26	68	1.29e-13	68.6
WP_000034420.1	263	k121_1850481_1	N/A	33.333	43	114	1.80e-13	69.7
WP_000034420.1	263	k121_1522207_1	N/A	33.099	53	142	3.32e-13	69.3
WP_000034420.1	263	k121_1688495_1	N/A	37.302	48	126	4.04e-13	70.5
WP_000034420.1	263	k121_129873_1	N/A	30.814	64	172	4.71e-13	69.3
WP_000034420.1	263	k121_509031_2	N/A	39.130	44	115	5.98e-13	67.4
WP_000034420.1	263	k121_1628145_1	N/A	27.381	62	168	1.19e-12	67.8
WP_000034420.1	263	k121_1365306_1	N/A	29.167	62	168	1.55e-12	67.8
WP_000034420.1	263	k121_1192541_2	N/A	35.398	43	113	1.84e-12	66.2
WP_000034420.1	263	k121_248683_1	N/A	33.628	43	113	2.11e-12	65.9
WP_000034420.1	263	k121_2840_1	N/A	52.830	20	53	2.92e-12	63.9
WP_000034420.1	263	k121_643902_3	N/A	33.613	40	119	3.41e-12	65.9
WP_000034420.1	263	k121_478592_1	N/A	32.692	39	104	6.69e-12	64.7
WP_000034420.1	263	k121_981063_1	N/A	31.737	62	167	6.71e-12	67.4
WP_000034420.1	263	k121_1765490_1	N/A	31.013	56	158	1.17e-11	65.1
WP_000034420.1	263	k121_1393278_1	N/A	31.336	78	217	1.28e-11	65.9
WP_000034420.1	263	k121_1221803_1	N/A	44.444	27	72	1.85e-11	65.5
WP_000034420.1	263	k121_1241810_1	N/A	34.211	57	152	4.80e-11	62.8
WP_000034420.1	263	k121_839072_2	N/A	41.026	29	78	2.23e-10	63.2
WP_000034420.1	263	k121_972172_8	N/A	41.667	27	72	3.08e-10	63.5
WP_000034420.1	263	k121_1516069_1	N/A	32.353	38	102	7.28e-10	58.9
WP_000034420.1	263	k121_1101873_3	N/A	42.529	33	87	9.69e-10	57.8
WP_000034420.1	263	k121_421799_1	N/A	26.554	63	177	1.00e-09	60.1
WP_000034420.1	263	k121_1488300_1	N/A	39.759	31	83	1.24e-09	57.4
WP_000034420.1	263	k121_1180120_2	N/A	36.667	32	90	1.82e-09	57.8
WP_000034420.1	263	k121_358648_1	N/A	36.735	32	98	2.43e-09	57.4
WP_000034420.1	263	k121_1751673_1	N/A	36.145	30	83	6.30e-09	58.2
WP_000034420.1	263	k121_723001_1	N/A	27.273	46	121	7.62e-09	56.6
WP_000034420.1	263	k121_1518639_2	N/A	30.935	47	139	1.50e-08	56.2
WP_000034420.1	263	k121_1585206_2	N/A	32.353	38	102	1.75e-08	56.2
WP_000034420.1	263	k121_1227607_6	N/A	38.333	23	60	2.80e-08	53.5
WP_000034420.1	263	k121_1601214_2	N/A	28.713	38	101	5.20e-08	53.5
WP_000034420.1	263	k121_1710157_1	N/A	27.933	68	179	5.98e-08	55.1
WP_000034420.1	263	k121_524353_3	N/A	37.113	36	97	7.15e-08	53.1
WP_000034420.1	263	k121_1652562_2	N/A	32.000	35	100	2.73e-07	51.2
WP_000034420.1	263	k121_1174796_2	N/A	31.624	44	117	2.76e-07	52.4
WP_000034420.1	263	k121_530140_1	N/A	34.821	42	112	3.83e-07	51.6
WP_000034420.1	263	k121_409101_2	N/A	47.170	20	53	6.25e-06	47.0
WP_000034420.1	263	k121_1063347_1	N/A	39.785	35	93	9.61e-06	47.0
WP_000034420.1	263	k121_1585300_1	N/A	40.000	22	60	2.40e-05	45.1
WP_000034420.1	263	k121_577283_2	N/A	34.545	21	55	1.34e-04	43.1
WP_000034420.1	263	k121_858066_3	N/A	36.207	22	58	4.08e-04	42.0
WP_000034420.1	263	k121_1193731_2	N/A	34.545	21	55	0.010	38.1
WP_000034420.1	263	k121_1754092_2	N/A	40.351	22	57	0.020	40.0
WP_000034420.1	263	k121_774558_2	N/A	32.258	23	62	0.026	36.6
WP_000034420.1	263	k121_1720878_3	N/A	31.818	25	66	0.049	38.1
WP_000034420.1	263	k121_133419_1	N/A	37.500	24	64	0.074	37.7
WP_000034420.1	263	k121_133426_2	N/A	37.500	24	64	0.084	37.4
WP_000845048.1	337	k121_1444572_1	N/A	99.110	100	337	0.0	678
WP_000845048.1	337	k121_616602_3	N/A	70.279	96	323	2.35e-155	442
WP_000845048.1	337	k121_1760115_2	N/A	66.975	96	324	1.04e-147	426
WP_000845048.1	337	k121_747142_1	N/A	77.344	76	256	1.37e-146	416
WP_000845048.1	337	k121_683937_1	N/A	64.048	96	331	1.13e-145	421
WP_000845048.1	337	k121_1626121_2	N/A	62.391	94	343	3.40e-144	417
WP_000845048.1	337	k121_791988_1	N/A	65.152	96	330	1.36e-143	416
WP_000845048.1	337	k121_353447_1	N/A	60.059	99	338	3.84e-139	400
WP_000845048.1	337	k121_175383_1	N/A	63.816	90	304	7.79e-139	399
WP_000845048.1	337	k121_419326_1	N/A	63.158	89	304	3.79e-131	379
WP_000845048.1	337	k121_1056842_1	N/A	58.104	96	327	1.86e-130	379
WP_000845048.1	337	k121_308588_3	N/A	65.455	82	275	4.77e-129	373
WP_000845048.1	337	k121_855607_1	N/A	53.271	95	321	3.45e-125	365
WP_000845048.1	337	k121_1158321_1	N/A	58.362	87	293	4.96e-115	338
WP_000845048.1	337	k121_16853_1	N/A	74.057	63	212	2.07e-112	328
WP_000845048.1	337	k121_393959_1	N/A	58.586	88	297	3.45e-112	331
WP_000845048.1	337	k121_1937322_1	N/A	66.797	76	256	1.50e-111	328
WP_000845048.1	337	k121_1718768_1	N/A	56.129	92	310	4.68e-111	328
WP_000845048.1	337	k121_1860689_1	N/A	60.076	78	263	2.59e-107	317
WP_000845048.1	337	k121_246903_7	N/A	52.071	99	338	8.77e-104	312
WP_000845048.1	337	k121_1453300_2	N/A	50.318	93	314	2.79e-103	310
WP_000845048.1	337	k121_251125_1	N/A	64.609	70	243	3.09e-100	300
WP_000845048.1	337	k121_1508524_2	N/A	57.258	72	248	5.42e-97	291
WP_000845048.1	337	k121_22579_1	N/A	66.500	59	200	3.56e-93	279
WP_000845048.1	337	k121_1088909_1	N/A	60.538	65	223	3.65e-91	275
WP_000845048.1	337	k121_1304403_1	N/A	68.367	58	196	7.17e-91	273
WP_000845048.1	337	k121_867119_1	N/A	65.217	59	207	2.09e-88	267
WP_000845048.1	337	k121_1184494_1	N/A	64.706	66	221	3.64e-88	267
WP_000845048.1	337	k121_412524_1	N/A	66.162	59	198	8.16e-88	265
WP_000845048.1	337	k121_761363_1	N/A	45.253	94	316	1.88e-84	261
WP_000845048.1	337	k121_1475326_1	N/A	55.274	69	237	2.25e-84	258
WP_000845048.1	337	k121_1778651_2	N/A	53.629	74	248	9.32e-83	254
WP_000845048.1	337	k121_1764920_1	N/A	53.571	74	252	5.67e-81	249
WP_000845048.1	337	k121_795307_1	N/A	50.000	74	250	2.59e-77	240
WP_000845048.1	337	k121_1249942_1	N/A	69.461	50	167	4.48e-77	238
WP_000845048.1	337	k121_1204894_1	N/A	43.894	89	303	4.30e-75	239
WP_000845048.1	337	k121_1617017_2	N/A	46.512	88	301	3.63e-74	239
WP_000845048.1	337	k121_1393924_1	N/A	51.029	71	243	9.06e-72	226
WP_000845048.1	337	k121_553723_1	N/A	63.429	52	175	2.06e-71	225
WP_000845048.1	337	k121_1816811_1	N/A	54.950	58	202	2.45e-71	224
WP_000845048.1	337	k121_106718_1	N/A	53.023	64	215	4.32e-69	218
WP_000845048.1	337	k121_207034_1	N/A	55.909	65	220	1.22e-68	217
WP_000845048.1	337	k121_695139_1	N/A	61.364	50	176	4.65e-68	214
WP_000845048.1	337	k121_851184_1	N/A	37.960	89	353	2.25e-65	216
WP_000845048.1	337	k121_1669058_1	N/A	57.895	51	171	2.37e-65	207
WP_000845048.1	337	k121_362013_1	N/A	55.789	55	190	1.48e-64	205
WP_000845048.1	337	k121_1525540_1	N/A	58.896	48	163	9.26e-64	202
WP_000845048.1	337	k121_1658740_1	N/A	50.679	65	221	2.76e-63	204
WP_000845048.1	337	k121_600257_2	N/A	53.608	58	194	3.14e-63	202
WP_000845048.1	337	k121_240063_1	N/A	37.183	89	355	3.30e-63	213
WP_000845048.1	337	k121_769031_1	N/A	47.964	64	221	8.51e-63	202
WP_000845048.1	337	k121_841589_1	N/A	52.632	56	190	1.01e-62	201
WP_000845048.1	337	k121_1776044_1	N/A	50.980	60	204	3.84e-62	200
WP_000845048.1	337	k121_1026146_1	N/A	61.688	46	154	6.33e-60	192
WP_000845048.1	337	k121_428732_1	N/A	40.942	82	276	1.00e-58	193
WP_000845048.1	337	k121_417078_1	N/A	65.493	42	142	1.76e-58	188
WP_000845048.1	337	k121_377177_1	N/A	40.149	80	269	1.69e-57	192
WP_000845048.1	337	k121_1226565_1	N/A	51.892	55	185	1.70e-57	187
WP_000845048.1	337	k121_876233_1	N/A	51.351	55	185	3.20e-57	187
WP_000845048.1	337	k121_541219_1	N/A	46.411	62	209	1.36e-56	186
WP_000845048.1	337	k121_920636_1	N/A	53.684	56	190	2.38e-56	184
WP_000845048.1	337	k121_1806890_2	N/A	55.932	53	177	1.59e-55	182
WP_000845048.1	337	k121_1615781_1	N/A	52.778	53	180	1.64e-55	182
WP_000845048.1	337	k121_1752056_1	N/A	73.554	36	121	3.19e-55	181
WP_000845048.1	337	k121_305270_1	N/A	42.194	70	237	2.47e-54	181
WP_000845048.1	337	k121_576901_1	N/A	52.047	51	171	4.58e-54	178
WP_000845048.1	337	k121_1304460_1	N/A	66.923	39	130	5.35e-54	176
WP_000845048.1	337	k121_449439_2	N/A	70.588	35	119	3.41e-53	174
WP_000845048.1	337	k121_1863910_1	N/A	48.352	54	182	1.87e-52	174
WP_000845048.1	337	k121_914944_1	N/A	49.444	52	180	5.73e-51	170
WP_000845048.1	337	k121_582504_1	N/A	45.699	55	186	5.93e-50	168
WP_000845048.1	337	k121_799556_1	N/A	62.238	42	143	7.26e-50	166
WP_000845048.1	337	k121_625635_1	N/A	57.962	47	157	1.13e-49	167
WP_000845048.1	337	k121_1530030_1	N/A	52.288	45	153	3.63e-49	165
WP_000845048.1	337	k121_628570_2	N/A	79.592	29	98	1.93e-48	161
WP_000845048.1	337	k121_154844_2	N/A	53.374	48	163	7.08e-48	162
WP_000845048.1	337	k121_967185_1	N/A	47.783	60	203	7.46e-47	160
WP_000845048.1	337	k121_261188_1	N/A	47.619	47	168	7.74e-47	159
WP_000845048.1	337	k121_1376007_1	N/A	66.667	35	117	1.37e-46	159
WP_000845048.1	337	k121_1922701_1	N/A	61.417	36	127	1.84e-46	158
WP_000845048.1	337	k121_627877_1	N/A	65.217	34	115	2.20e-45	154
WP_000845048.1	337	k121_1095955_1	N/A	56.800	37	125	6.19e-44	151
WP_000845048.1	337	k121_973236_2	N/A	70.526	28	95	1.05e-43	149
WP_000845048.1	337	k121_1257071_1	N/A	62.810	36	121	1.12e-43	150
WP_000845048.1	337	k121_284927_5	N/A	54.545	42	143	2.80e-43	149
WP_000845048.1	337	k121_1082768_1	N/A	44.444	56	189	6.57e-43	150
WP_000845048.1	337	k121_1605315_1	N/A	61.207	34	116	1.11e-41	144
WP_000845048.1	337	k121_963500_1	N/A	35.918	73	245	4.07e-41	149
WP_000845048.1	337	k121_1195109_1	N/A	40.488	60	205	4.75e-41	146
WP_000845048.1	337	k121_968011_2	N/A	53.191	42	141	3.49e-40	143
WP_000845048.1	337	k121_174724_1	N/A	40.838	54	191	5.92e-40	142
WP_000845048.1	337	k121_910007_1	N/A	55.385	37	130	1.00e-39	139
WP_000845048.1	337	k121_1288333_1	N/A	56.780	35	118	1.42e-39	139
WP_000845048.1	337	k121_1603955_1	N/A	43.503	53	177	7.25e-38	136
WP_000845048.1	337	k121_750684_1	N/A	48.684	45	152	7.36e-38	135
WP_000845048.1	337	k121_1239549_1	N/A	30.921	90	304	1.40e-37	139
WP_000845048.1	337	k121_1817961_1	N/A	55.200	37	125	2.55e-37	135
WP_000845048.1	337	k121_1526112_1	N/A	30.640	88	297	7.04e-36	135
WP_000845048.1	337	k121_637780_2	N/A	39.216	61	204	9.68e-36	134
WP_000845048.1	337	k121_942937_3	N/A	28.213	93	319	2.42e-35	135
WP_000845048.1	337	k121_1664269_2	N/A	32.523	91	329	2.67e-35	134
WP_000845048.1	337	k121_1551203_1	N/A	80.263	23	76	3.73e-35	126
WP_000845048.1	337	k121_1160395_1	N/A	72.093	26	86	6.33e-35	125
WP_000845048.1	337	k121_736514_1	N/A	42.857	50	168	6.54e-35	129
WP_000845048.1	337	k121_1863019_1	N/A	36.771	64	223	1.17e-34	130
WP_000845048.1	337	k121_571894_1	N/A	30.686	82	277	4.43e-34	130
WP_000845048.1	337	k121_44325_3	N/A	33.226	92	310	4.96e-34	129
WP_000845048.1	337	k121_1229330_2	N/A	31.667	88	300	2.43e-33	127
WP_000845048.1	337	k121_891151_2	N/A	35.106	80	282	2.77e-33	128
WP_000845048.1	337	k121_1650706_1	N/A	32.812	93	320	8.52e-33	126
WP_000845048.1	337	k121_1246139_1	N/A	66.667	26	87	9.23e-33	120
WP_000845048.1	337	k121_572515_4	N/A	59.140	28	93	1.13e-32	120
WP_000845048.1	337	k121_582593_1	N/A	37.220	61	223	2.27e-32	126
WP_000845048.1	337	k121_1567879_1	N/A	50.000	34	116	2.91e-32	121
WP_000845048.1	337	k121_1151419_1	N/A	32.667	85	300	3.28e-32	125
WP_000845048.1	337	k121_1530428_2	N/A	32.595	90	316	4.67e-32	124
WP_000845048.1	337	k121_815779_2	N/A	29.582	92	311	1.76e-31	124
WP_000845048.1	337	k121_785473_2	N/A	30.000	96	330	2.08e-31	124
WP_000845048.1	337	k121_502166_1	N/A	40.331	50	181	3.47e-31	119
WP_000845048.1	337	k121_323734_2	N/A	32.219	97	329	6.07e-31	122
WP_000845048.1	337	k121_982529_1	N/A	35.776	69	232	2.28e-30	117
WP_000845048.1	337	k121_799563_2	N/A	31.935	91	310	1.17e-29	118
WP_000845048.1	337	k121_1780849_2	N/A	47.581	37	124	4.09e-29	112
WP_000845048.1	337	k121_1571543_1	N/A	49.635	41	137	5.26e-29	112
WP_000845048.1	337	k121_1018205_2	N/A	37.778	66	225	9.81e-29	113
WP_000845048.1	337	k121_1019678_1	N/A	66.667	23	81	1.02e-28	109
WP_000845048.1	337	k121_1921575_5	N/A	32.459	90	305	1.92e-28	114
WP_000845048.1	337	k121_1247397_1	N/A	28.920	85	287	2.06e-28	116
WP_000845048.1	337	k121_1133862_1	N/A	32.579	65	221	2.81e-28	112
WP_000845048.1	337	k121_1744315_2	N/A	35.874	66	223	3.17e-28	112
WP_000845048.1	337	k121_71439_1	N/A	34.978	65	223	3.22e-28	112
WP_000845048.1	337	k121_914248_1	N/A	33.133	97	332	3.28e-28	114
WP_000845048.1	337	k121_610091_2	N/A	52.727	33	110	4.78e-28	108
WP_000845048.1	337	k121_1030196_2	N/A	60.920	26	87	5.13e-28	107
WP_000845048.1	337	k121_1373411_3	N/A	29.758	85	289	7.49e-28	113
WP_000845048.1	337	k121_522729_1	N/A	29.801	88	302	8.04e-28	113
WP_000845048.1	337	k121_203201_2	N/A	32.042	82	284	8.40e-28	113
WP_000845048.1	337	k121_1893740_1	N/A	75.714	21	70	3.57e-27	105
WP_000845048.1	337	k121_1322440_2	N/A	36.530	65	219	3.86e-27	109
WP_000845048.1	337	k121_940731_1	N/A	27.778	85	288	7.94e-27	111
WP_000845048.1	337	k121_1730259_4	N/A	32.362	91	309	7.94e-27	111
WP_000845048.1	337	k121_966295_1	N/A	33.953	64	215	2.19e-26	107
WP_000845048.1	337	k121_1286530_1	N/A	28.479	89	309	3.88e-26	108
WP_000845048.1	337	k121_530979_2	N/A	56.818	26	88	8.99e-26	102
WP_000845048.1	337	k121_1375323_1	N/A	37.195	49	164	1.34e-25	103
WP_000845048.1	337	k121_1068988_1	N/A	31.441	68	229	1.42e-25	105
WP_000845048.1	337	k121_1745653_2	N/A	60.000	25	85	4.77e-25	100
WP_000845048.1	337	k121_1284989_3	N/A	68.919	22	74	5.28e-25	99.4
WP_000845048.1	337	k121_1622589_1	N/A	40.268	44	149	8.79e-25	104
WP_000845048.1	337	k121_1698962_2	N/A	68.657	20	67	1.70e-24	100
WP_000845048.1	337	k121_1429957_1	N/A	54.945	26	91	1.73e-24	99.0
WP_000845048.1	337	k121_1398503_1	N/A	34.979	69	243	5.24e-24	103
WP_000845048.1	337	k121_878228_2	N/A	29.537	83	281	1.06e-23	102
WP_000845048.1	337	k121_527202_3	N/A	37.566	55	189	1.18e-23	98.6
WP_000845048.1	337	k121_698553_1	N/A	60.256	23	78	1.26e-23	95.9
WP_000845048.1	337	k121_1287832_2	N/A	35.714	64	224	2.67e-23	99.8
WP_000845048.1	337	k121_163977_4	N/A	36.279	62	215	3.78e-23	100
WP_000845048.1	337	k121_332075_1	N/A	54.651	25	86	5.39e-23	95.9
WP_000845048.1	337	k121_1020228_2	N/A	29.304	78	273	7.37e-23	100
WP_000845048.1	337	k121_702844_1	N/A	31.923	76	260	2.94e-22	97.1
WP_000845048.1	337	k121_480885_1	N/A	32.900	66	231	3.46e-22	95.9
WP_000845048.1	337	k121_916309_2	N/A	37.931	66	232	4.32e-22	98.2
WP_000845048.1	337	k121_288519_1	N/A	34.978	64	223	4.56e-22	95.5
WP_000845048.1	337	k121_1770304_2	N/A	32.727	63	220	5.79e-22	97.8
WP_000845048.1	337	k121_821718_2	N/A	29.568	89	301	1.06e-21	97.8
WP_000845048.1	337	k121_1379841_4	N/A	29.431	85	299	1.26e-21	96.7
WP_000845048.1	337	k121_883452_2	N/A	28.479	85	309	1.41e-21	97.1
WP_000845048.1	337	k121_1283960_1	N/A	33.641	63	217	1.58e-21	94.0
WP_000845048.1	337	k121_984789_1	N/A	59.036	25	83	1.62e-21	90.9
WP_000845048.1	337	k121_1802226_2	N/A	29.429	88	333	1.72e-21	96.7
WP_000845048.1	337	k121_1485825_2	N/A	34.951	61	206	2.35e-21	93.2
WP_000845048.1	337	k121_1753906_1	N/A	31.944	62	216	2.45e-21	94.0
WP_000845048.1	337	k121_1442716_1	N/A	34.375	64	224	2.66e-21	95.9
WP_000845048.1	337	k121_55522_2	N/A	37.931	66	232	2.85e-21	95.9
WP_000845048.1	337	k121_957371_2	N/A	32.589	65	224	3.13e-21	94.0
WP_000845048.1	337	k121_1877449_2	N/A	35.326	55	184	3.27e-21	95.5
WP_000845048.1	337	k121_695912_1	N/A	48.837	26	86	3.42e-21	89.7
WP_000845048.1	337	k121_1137556_1	N/A	29.195	84	298	3.83e-21	95.1
WP_000845048.1	337	k121_1580545_1	N/A	36.413	55	184	4.28e-21	92.0
WP_000845048.1	337	k121_1281360_2	N/A	31.390	64	223	5.65e-21	93.2
WP_000845048.1	337	k121_1146393_2	N/A	33.043	66	230	6.16e-21	94.4
WP_000845048.1	337	k121_1076575_1	N/A	33.186	63	226	1.41e-20	93.2
WP_000845048.1	337	k121_552787_2	N/A	34.239	55	184	1.67e-20	90.5
WP_000845048.1	337	k121_1150474_3	N/A	29.856	80	278	2.35e-20	93.2
WP_000845048.1	337	k121_1702945_3	N/A	26.351	84	296	2.81e-20	92.8
WP_000845048.1	337	k121_470676_1	N/A	29.371	84	286	2.87e-20	93.2
WP_000845048.1	337	k121_1311764_1	N/A	32.243	62	214	3.68e-20	89.7
WP_000845048.1	337	k121_641733_2	N/A	27.891	85	294	3.70e-20	92.8
WP_000845048.1	337	k121_1385361_2	N/A	34.135	60	208	3.72e-20	90.5
WP_000845048.1	337	k121_1761884_1	N/A	34.545	64	220	4.49e-20	91.3
WP_000845048.1	337	k121_575533_2	N/A	32.870	62	216	5.29e-20	92.0
WP_000845048.1	337	k121_833102_3	N/A	29.333	84	300	7.06e-20	91.7
WP_000845048.1	337	k121_291664_2	N/A	32.579	64	221	8.05e-20	92.0
WP_000845048.1	337	k121_931390_1	N/A	34.703	64	219	9.50e-20	91.3
WP_000845048.1	337	k121_1551672_1	N/A	33.173	60	208	1.23e-19	88.6
WP_000845048.1	337	k121_407219_1	N/A	28.975	79	283	1.26e-19	89.7
WP_000845048.1	337	k121_148664_2	N/A	28.826	81	281	1.33e-19	90.1
WP_000845048.1	337	k121_1339875_1	N/A	34.842	65	221	1.38e-19	89.0
WP_000845048.1	337	k121_999452_1	N/A	33.180	64	217	2.61e-19	87.4
WP_000845048.1	337	k121_840824_5	N/A	31.839	64	223	2.74e-19	90.5
WP_000845048.1	337	k121_1189503_1	N/A	25.606	83	289	3.47e-19	89.4
WP_000845048.1	337	k121_437364_1	N/A	27.562	84	283	3.52e-19	89.0
WP_000845048.1	337	k121_134051_2	N/A	27.336	81	289	3.68e-19	89.7
WP_000845048.1	337	k121_1494088_2	N/A	31.507	62	219	3.95e-19	89.7
WP_000845048.1	337	k121_1358125_4	N/A	29.236	84	301	4.04e-19	89.7
WP_000845048.1	337	k121_1718395_1	N/A	36.264	53	182	5.43e-19	87.0
WP_000845048.1	337	k121_246586_1	N/A	32.870	62	216	5.78e-19	88.6
WP_000845048.1	337	k121_1722024_2	N/A	33.636	64	220	7.08e-19	87.8
WP_000845048.1	337	k121_720025_1	N/A	29.412	64	221	7.38e-19	87.0
WP_000845048.1	337	k121_933066_5	N/A	34.314	61	204	7.43e-19	86.3
WP_000845048.1	337	k121_1246139_2	N/A	52.174	27	92	1.33e-18	83.2
WP_000845048.1	337	k121_598759_2	N/A	31.050	63	219	1.46e-18	87.8
WP_000845048.1	337	k121_218856_2	N/A	40.000	30	100	1.55e-18	83.2
WP_000845048.1	337	k121_493183_3	N/A	29.197	78	274	2.76e-18	87.8
WP_000845048.1	337	k121_1003759_1	N/A	36.970	49	165	2.88e-18	84.0
WP_000845048.1	337	k121_1414529_1	N/A	29.740	77	269	4.88e-18	86.3
WP_000845048.1	337	k121_315504_1	N/A	33.503	58	197	4.98e-18	84.0
WP_000845048.1	337	k121_1664702_2	N/A	30.996	77	271	5.21e-18	86.7
WP_000845048.1	337	k121_1454718_1	N/A	33.495	60	206	5.80e-18	84.3
WP_000845048.1	337	k121_968972_2	N/A	27.759	88	299	5.84e-18	85.9
WP_000845048.1	337	k121_950949_3	N/A	29.070	74	258	6.26e-18	85.1
WP_000845048.1	337	k121_1878195_1	N/A	41.463	36	123	6.77e-18	84.0
WP_000845048.1	337	k121_248622_1	N/A	33.182	64	220	7.23e-18	85.1
WP_000845048.1	337	k121_403223_1	N/A	55.714	21	70	8.18e-18	80.1
WP_000845048.1	337	k121_1348768_1	N/A	39.241	47	158	8.27e-18	83.6
WP_000845048.1	337	k121_1568458_2	N/A	29.148	63	223	9.05e-18	85.9
WP_000845048.1	337	k121_1175881_2	N/A	32.114	71	246	1.25e-17	85.5
WP_000845048.1	337	k121_373723_2	N/A	33.871	55	186	1.35e-17	85.5
WP_000845048.1	337	k121_374827_1	N/A	31.429	61	210	1.55e-17	83.6
WP_000845048.1	337	k121_1781504_1	N/A	58.571	20	70	1.77e-17	83.6
WP_000845048.1	337	k121_636039_1	N/A	36.923	32	130	1.78e-17	81.6
WP_000845048.1	337	k121_1391744_1	N/A	27.835	79	291	1.88e-17	84.3
WP_000845048.1	337	k121_135424_1	N/A	29.302	62	215	5.13e-17	81.6
WP_000845048.1	337	k121_778100_1	N/A	32.353	68	238	5.20e-17	84.0
WP_000845048.1	337	k121_1339100_2	N/A	35.673	51	171	5.53e-17	80.5
WP_000845048.1	337	k121_1013026_1	N/A	31.694	54	183	6.91e-17	80.5
WP_000845048.1	337	k121_617417_1	N/A	31.982	63	222	7.25e-17	84.0
WP_000845048.1	337	k121_1869319_4	N/A	29.286	77	280	7.54e-17	83.2
WP_000845048.1	337	k121_1640333_2	N/A	27.966	68	236	1.07e-16	82.8
WP_000845048.1	337	k121_1649970_2	N/A	37.640	53	178	1.10e-16	80.1
WP_000845048.1	337	k121_1211668_1	N/A	31.222	63	221	1.21e-16	83.6
WP_000845048.1	337	k121_698402_3	N/A	25.641	78	273	1.23e-16	82.8
WP_000845048.1	337	k121_326151_1	N/A	31.618	77	272	1.28e-16	82.4
WP_000845048.1	337	k121_1621064_1	N/A	33.182	64	220	1.58e-16	80.5
WP_000845048.1	337	k121_454752_4	N/A	33.333	77	273	1.65e-16	82.4
WP_000845048.1	337	k121_1739235_1	N/A	57.576	20	66	2.11e-16	78.6
WP_000845048.1	337	k121_1582909_1	N/A	34.444	53	180	2.14e-16	79.7
WP_000845048.1	337	k121_769556_1	N/A	36.527	50	167	2.18e-16	78.2
WP_000845048.1	337	k121_1901295_1	N/A	32.178	59	202	2.21e-16	80.5
WP_000845048.1	337	k121_109781_1	N/A	34.270	53	178	2.40e-16	79.3
WP_000845048.1	337	k121_303215_1	N/A	50.000	23	76	2.78e-16	76.6
WP_000845048.1	337	k121_1916827_1	N/A	28.054	65	221	3.02e-16	79.0
WP_000845048.1	337	k121_248286_1	N/A	28.436	61	211	3.02e-16	79.3
WP_000845048.1	337	k121_1333046_1	N/A	25.475	75	263	3.28e-16	81.3
WP_000845048.1	337	k121_1712954_5	N/A	28.727	78	275	3.45e-16	81.6
WP_000845048.1	337	k121_585582_1	N/A	31.754	61	211	3.47e-16	79.3
WP_000845048.1	337	k121_1776252_1	N/A	35.912	53	181	4.02e-16	78.6
WP_000845048.1	337	k121_1706192_6	N/A	31.050	63	219	4.17e-16	81.6
WP_000845048.1	337	k121_1612033_1	N/A	29.218	67	243	5.09e-16	81.3
WP_000845048.1	337	k121_683096_1	N/A	26.364	88	330	5.59e-16	80.9
WP_000845048.1	337	k121_1150498_2	N/A	44.086	28	93	6.23e-16	75.9
WP_000845048.1	337	k121_1082722_1	N/A	27.570	61	214	6.56e-16	79.0
WP_000845048.1	337	k121_698337_4	N/A	26.909	78	275	8.12e-16	80.5
WP_000845048.1	337	k121_856786_2	N/A	35.915	33	142	8.35e-16	76.6
WP_000845048.1	337	k121_1437008_2	N/A	32.022	53	178	1.10e-15	80.1
WP_000845048.1	337	k121_366382_1	N/A	31.325	70	249	1.17e-15	78.6
WP_000845048.1	337	k121_1142415_1	N/A	57.576	20	66	1.43e-15	75.1
WP_000845048.1	337	k121_1505384_2	N/A	35.754	53	179	1.48e-15	77.0
WP_000845048.1	337	k121_1617995_1	N/A	31.285	52	179	1.64e-15	76.6
WP_000845048.1	337	k121_1312539_1	N/A	25.667	85	300	1.76e-15	79.3
WP_000845048.1	337	k121_354939_2	N/A	31.295	77	278	1.98e-15	79.3
WP_000845048.1	337	k121_1375352_1	N/A	29.119	76	261	2.06e-15	78.2
WP_000845048.1	337	k121_837533_1	N/A	37.748	44	151	2.33e-15	77.0
WP_000845048.1	337	k121_1081640_1	N/A	28.904	85	301	2.57e-15	79.0
WP_000845048.1	337	k121_721000_1	N/A	31.727	69	249	2.68e-15	77.4
WP_000845048.1	337	k121_781455_1	N/A	49.367	23	79	2.73e-15	73.9
WP_000845048.1	337	k121_1434649_9	N/A	31.641	72	256	2.98e-15	78.6
WP_000845048.1	337	k121_416451_1	N/A	56.061	20	66	4.08e-15	75.1
WP_000845048.1	337	k121_429602_2	N/A	29.630	69	243	4.33e-15	78.2
WP_000845048.1	337	k121_1714648_1	N/A	51.250	23	80	4.34e-15	73.2
WP_000845048.1	337	k121_668037_1	N/A	27.542	63	236	9.05e-15	77.8
WP_000845048.1	337	k121_328194_9	N/A	32.051	67	234	1.16e-14	77.0
WP_000845048.1	337	k121_757082_1	N/A	32.105	56	190	1.16e-14	74.7
WP_000845048.1	337	k121_271580_3	N/A	25.080	88	311	1.26e-14	77.0
WP_000845048.1	337	k121_479820_3	N/A	28.627	71	255	1.38e-14	77.0
WP_000845048.1	337	k121_943144_1	N/A	34.574	55	188	1.48e-14	73.9
WP_000845048.1	337	k121_584694_1	N/A	31.844	53	179	1.51e-14	74.3
WP_000845048.1	337	k121_1625508_2	N/A	29.825	66	228	1.65e-14	76.6
WP_000845048.1	337	k121_1592729_1	N/A	54.545	20	66	1.85e-14	71.2
WP_000845048.1	337	k121_656573_2	N/A	32.584	53	178	1.94e-14	73.9
WP_000845048.1	337	k121_1773107_2	N/A	29.694	63	229	1.95e-14	76.6
WP_000845048.1	337	k121_726754_1	N/A	27.273	93	341	3.23e-14	76.3
WP_000845048.1	337	k121_630145_1	N/A	27.854	63	219	3.61e-14	74.7
WP_000845048.1	337	k121_233630_1	N/A	26.523	77	279	3.66e-14	75.9
WP_000845048.1	337	k121_1780008_2	N/A	28.483	89	323	3.76e-14	75.5
WP_000845048.1	337	k121_793310_1	N/A	28.477	83	302	4.69e-14	75.5
WP_000845048.1	337	k121_1879645_1	N/A	27.468	67	233	5.29e-14	74.7
WP_000845048.1	337	k121_237116_2	N/A	30.942	62	223	6.68e-14	74.3
WP_000845048.1	337	k121_165245_1	N/A	51.515	20	66	9.27e-14	70.5
WP_000845048.1	337	k121_629109_1	N/A	32.961	53	179	9.38e-14	72.0
WP_000845048.1	337	k121_765245_2	N/A	31.447	47	159	1.02e-13	73.2
WP_000845048.1	337	k121_179553_4	N/A	29.670	77	273	1.20e-13	74.3
WP_000845048.1	337	k121_1583041_2	N/A	34.706	50	170	1.23e-13	70.9
WP_000845048.1	337	k121_1927442_1	N/A	26.201	63	229	1.25e-13	74.3
WP_000845048.1	337	k121_1348417_1	N/A	40.816	29	98	1.45e-13	71.2
WP_000845048.1	337	k121_1308690_1	N/A	49.254	20	67	1.52e-13	70.9
WP_000845048.1	337	k121_934653_3	N/A	29.762	69	252	1.71e-13	73.6
WP_000845048.1	337	k121_1178908_1	N/A	32.768	53	177	1.82e-13	71.6
WP_000845048.1	337	k121_1169577_3	N/A	30.698	62	215	1.86e-13	73.6
WP_000845048.1	337	k121_1400784_1	N/A	33.140	51	172	1.98e-13	70.5
WP_000845048.1	337	k121_321115_1	N/A	30.220	54	182	2.30e-13	70.5
WP_000845048.1	337	k121_1628920_1	N/A	44.578	25	83	2.43e-13	70.1
WP_000845048.1	337	k121_966349_5	N/A	29.204	64	226	2.48e-13	73.2
WP_000845048.1	337	k121_924401_3	N/A	27.803	64	223	2.56e-13	72.8
WP_000845048.1	337	k121_675329_1	N/A	38.667	44	150	2.88e-13	69.7
WP_000845048.1	337	k121_1099317_1	N/A	32.961	53	179	2.92e-13	70.5
WP_000845048.1	337	k121_997231_1	N/A	27.273	84	308	2.99e-13	72.8
WP_000845048.1	337	k121_694002_1	N/A	30.208	56	192	3.68e-13	71.2
WP_000845048.1	337	k121_997247_1	N/A	27.597	84	308	4.06e-13	72.4
WP_000845048.1	337	k121_188898_1	N/A	30.769	60	208	4.62e-13	70.5
WP_000845048.1	337	k121_545152_1	N/A	33.889	53	180	5.59e-13	70.1
WP_000845048.1	337	k121_1707609_1	N/A	34.615	54	182	7.39e-13	70.1
WP_000845048.1	337	k121_1859142_1	N/A	29.167	56	192	7.57e-13	70.1
WP_000845048.1	337	k121_1453002_1	N/A	29.808	60	208	7.74e-13	69.3
WP_000845048.1	337	k121_437685_4	N/A	34.437	45	151	8.27e-13	68.2
WP_000845048.1	337	k121_35102_2	N/A	34.177	47	158	9.06e-13	68.9
WP_000845048.1	337	k121_781083_1	N/A	48.101	23	79	9.33e-13	67.4
WP_000845048.1	337	k121_809302_2	N/A	52.113	20	71	1.15e-12	66.6
WP_000845048.1	337	k121_1010108_3	N/A	27.241	82	290	1.62e-12	70.9
WP_000845048.1	337	k121_449473_1	N/A	52.703	21	74	2.15e-12	67.0
WP_000845048.1	337	k121_713716_2	N/A	31.844	53	179	2.50e-12	70.5
WP_000845048.1	337	k121_326338_4	N/A	30.357	62	224	2.81e-12	70.1
WP_000845048.1	337	k121_1571161_1	N/A	47.826	20	69	2.93e-12	65.9
WP_000845048.1	337	k121_261025_1	N/A	47.826	20	69	2.96e-12	66.2
WP_000845048.1	337	k121_67499_1	N/A	29.858	61	211	3.04e-12	68.6
WP_000845048.1	337	k121_138927_2	N/A	29.108	61	213	3.26e-12	69.7
WP_000845048.1	337	k121_134248_2	N/A	39.726	20	73	3.80e-12	65.5
WP_000845048.1	337	k121_264228_2	N/A	32.402	53	179	4.18e-12	69.7
WP_000845048.1	337	k121_807079_1	N/A	30.882	38	136	7.78e-12	66.6
WP_000845048.1	337	k121_1127106_4	N/A	29.333	61	225	7.89e-12	68.9
WP_000845048.1	337	k121_1746737_1	N/A	46.914	23	81	9.35e-12	67.0
WP_000845048.1	337	k121_1586956_1	N/A	45.205	20	73	1.08e-11	63.9
WP_000845048.1	337	k121_628183_8	N/A	31.222	63	221	1.25e-11	68.2
WP_000845048.1	337	k121_1412084_1	N/A	29.796	72	245	1.36e-11	66.6
WP_000845048.1	337	k121_1575386_1	N/A	31.073	53	177	1.77e-11	65.5
WP_000845048.1	337	k121_522147_1	N/A	28.638	61	213	2.18e-11	67.4
WP_000845048.1	337	k121_175858_2	N/A	34.463	53	177	2.51e-11	67.4
WP_000845048.1	337	k121_1218600_1	N/A	32.967	53	182	3.14e-11	65.1
WP_000845048.1	337	k121_554774_2	N/A	28.161	52	174	3.63e-11	64.3
WP_000845048.1	337	k121_1405162_3	N/A	26.688	85	311	3.71e-11	67.0
WP_000845048.1	337	k121_516668_1	N/A	29.944	51	177	4.17e-11	64.7
WP_000845048.1	337	k121_1353263_1	N/A	28.230	60	209	4.26e-11	64.7
WP_000845048.1	337	k121_84648_2	N/A	31.019	62	216	5.15e-11	66.6
WP_000845048.1	337	k121_997247_3	N/A	27.437	77	277	5.46e-11	67.0
WP_000845048.1	337	k121_413955_2	N/A	50.000	20	66	6.06e-11	62.4
WP_000845048.1	337	k121_1134796_1	N/A	28.571	59	203	6.96e-11	64.3
WP_000845048.1	337	k121_1768373_1	N/A	25.177	77	282	7.52e-11	66.2
WP_000845048.1	337	k121_1680314_1	N/A	26.537	84	309	7.61e-11	65.9
WP_000845048.1	337	k121_812621_1	N/A	31.937	55	191	7.62e-11	63.9
WP_000845048.1	337	k121_1285572_1	N/A	30.275	63	218	7.88e-11	65.9
WP_000845048.1	337	k121_339116_1	N/A	30.622	61	209	8.39e-11	64.3
WP_000845048.1	337	k121_752095_1	N/A	25.893	64	224	1.07e-10	64.7
WP_000845048.1	337	k121_942634_1	N/A	31.217	55	189	1.16e-10	63.5
WP_000845048.1	337	k121_418658_1	N/A	31.073	53	177	1.50e-10	63.2
WP_000845048.1	337	k121_600544_4	N/A	29.885	73	261	1.53e-10	64.7
WP_000845048.1	337	k121_1681605_6	N/A	24.576	63	236	1.59e-10	65.1
WP_000845048.1	337	k121_515541_1	N/A	33.889	53	180	1.71e-10	62.8
WP_000845048.1	337	k121_430422_2	N/A	31.250	61	224	2.11e-10	64.3
WP_000845048.1	337	k121_1428793_1	N/A	34.118	50	170	2.13e-10	62.4
WP_000845048.1	337	k121_4400_1	N/A	33.333	53	180	2.44e-10	62.0
WP_000845048.1	337	k121_1040279_1	N/A	29.947	54	187	2.63e-10	62.0
WP_000845048.1	337	k121_1038998_1	N/A	46.154	23	78	2.69e-10	60.1
WP_000845048.1	337	k121_446289_1	N/A	27.407	75	270	3.87e-10	63.5
WP_000845048.1	337	k121_840302_3	N/A	31.148	54	183	5.09e-10	63.5
WP_000845048.1	337	k121_1384502_1	N/A	26.966	53	178	5.46e-10	62.0
WP_000845048.1	337	k121_1724437_1	N/A	27.037	74	270	5.64e-10	63.2
WP_000845048.1	337	k121_715708_1	N/A	29.557	59	203	5.72e-10	63.2
WP_000845048.1	337	k121_1579926_1	N/A	26.570	60	207	9.01e-10	62.4
WP_000845048.1	337	k121_701784_2	N/A	46.154	23	78	9.45e-10	58.9
WP_000845048.1	337	k121_1554618_4	N/A	26.316	61	228	9.75e-10	62.8
WP_000845048.1	337	k121_751922_1	N/A	28.108	54	185	9.96e-10	60.8
WP_000845048.1	337	k121_1568665_2	N/A	32.584	53	178	1.02e-09	62.4
WP_000845048.1	337	k121_1615244_2	N/A	28.125	61	224	1.04e-09	62.4
WP_000845048.1	337	k121_1091692_1	N/A	30.000	65	230	1.17e-09	61.2
WP_000845048.1	337	k121_1611412_1	N/A	42.353	25	85	1.32e-09	60.5
WP_000845048.1	337	k121_1206773_2	N/A	25.309	90	324	1.33e-09	62.4
WP_000845048.1	337	k121_68977_1	N/A	26.786	77	280	1.35e-09	62.0
WP_000845048.1	337	k121_1757821_1	N/A	26.641	72	259	1.50e-09	61.6
WP_000845048.1	337	k121_202797_1	N/A	29.688	55	192	1.59e-09	60.1
WP_000845048.1	337	k121_280771_1	N/A	28.804	53	184	1.72e-09	60.1
WP_000845048.1	337	k121_973577_2	N/A	38.158	22	76	1.76e-09	61.6
WP_000845048.1	337	k121_891180_1	N/A	26.374	77	273	2.04e-09	62.0
WP_000845048.1	337	k121_981878_1	N/A	28.467	40	137	2.56e-09	60.1
WP_000845048.1	337	k121_873881_1	N/A	26.178	56	191	2.74e-09	59.3
WP_000845048.1	337	k121_1678948_1	N/A	30.890	56	191	2.78e-09	59.3
WP_000845048.1	337	k121_134148_1	N/A	28.464	75	267	2.85e-09	61.2
WP_000845048.1	337	k121_51845_1	N/A	25.806	88	310	3.68e-09	60.8
WP_000845048.1	337	k121_729919_1	N/A	27.000	83	300	4.02e-09	60.8
WP_000845048.1	337	k121_1737097_1	N/A	30.303	48	165	4.53e-09	58.9
WP_000845048.1	337	k121_773512_2	N/A	25.269	55	186	4.64e-09	58.9
WP_000845048.1	337	k121_1570242_1	N/A	28.230	59	209	5.03e-09	59.7
WP_000845048.1	337	k121_1752480_1	N/A	29.474	55	190	5.96e-09	59.3
WP_000845048.1	337	k121_1039477_4	N/A	26.064	47	188	0.081	38.5
WP_000845048.1	337	k121_174276_1	N/A	32.338	60	201	6.23e-09	59.3
WP_000845048.1	337	k121_277927_7	N/A	31.159	40	138	7.20e-09	59.3
WP_000845048.1	337	k121_1844433_1	N/A	31.183	53	186	7.68e-09	58.5
WP_000845048.1	337	k121_51653_1	N/A	27.037	75	270	8.06e-09	60.1
WP_000845048.1	337	k121_1188359_1	N/A	44.872	23	78	8.70e-09	57.8
WP_000845048.1	337	k121_27002_1	N/A	31.746	36	126	1.14e-08	56.6
WP_000845048.1	337	k121_1549397_2	N/A	27.778	71	252	1.26e-08	58.5
WP_000845048.1	337	k121_1594124_1	N/A	28.095	60	210	1.31e-08	57.8
WP_000845048.1	337	k121_47102_2	N/A	43.421	23	76	1.66e-08	55.8
WP_000845048.1	337	k121_1766573_1	N/A	30.319	54	188	1.81e-08	58.5
WP_000845048.1	337	k121_1124127_1	N/A	25.817	84	306	1.96e-08	58.9
WP_000845048.1	337	k121_1672840_1	N/A	26.923	54	182	2.13e-08	56.6
WP_000845048.1	337	k121_1158332_2	N/A	27.778	77	270	2.24e-08	58.5
WP_000845048.1	337	k121_266499_2	N/A	24.627	74	268	2.42e-08	58.5
WP_000845048.1	337	k121_1023278_3	N/A	30.000	50	190	2.64e-08	57.4
WP_000845048.1	337	k121_734582_2	N/A	25.874	39	143	2.92e-08	56.2
WP_000845048.1	337	k121_60678_1	N/A	29.885	52	174	3.38e-08	56.2
WP_000845048.1	337	k121_1009844_1	N/A	24.103	58	195	3.53e-08	56.2
WP_000845048.1	337	k121_840302_2	N/A	25.321	89	312	4.66e-08	57.4
