SadA_ref|WP_036299419.1|:1-399	399	k121_2040443_11	N/A	29.504	95	383	2.83e-45	164
SadA_ref|WP_036299419.1|:1-399	399	k121_1061912_3	N/A	26.098	97	387	1.89e-43	159
SadA_ref|WP_036299419.1|:1-399	399	k121_124733_2	N/A	35.648	54	216	3.26e-40	146
SadA_ref|WP_036299419.1|:1-399	399	k121_875212_22	N/A	28.520	68	277	2.99e-34	134
SadA_ref|WP_036299419.1|:1-399	399	k121_1239132_2	N/A	27.877	96	391	3.05e-29	120
SadA_ref|WP_036299419.1|:1-399	399	k121_1239132_1	N/A	32.394	53	213	4.68e-29	117
SadA_ref|WP_036299419.1|:1-399	399	k121_1555249_18	N/A	24.412	84	340	6.90e-29	119
SadA_ref|WP_036299419.1|:1-399	399	k121_2047622_5	N/A	29.153	72	295	2.13e-27	114
SadA_ref|WP_036299419.1|:1-399	399	k121_1958109_2	N/A	27.397	71	292	7.71e-27	111
SadA_ref|WP_036299419.1|:1-399	399	k121_1372092_2	N/A	25.926	94	378	6.38e-25	108
SadA_ref|WP_036299419.1|:1-399	399	k121_371574_3	N/A	27.296	95	392	3.55e-24	105
SadA_ref|WP_036299419.1|:1-399	399	k121_94065_1	N/A	26.172	63	256	2.80e-23	101
SadA_ref|WP_036299419.1|:1-399	399	k121_400651_3	N/A	31.156	49	199	6.05e-23	99.8
SadA_ref|WP_036299419.1|:1-399	399	k121_1159927_1	N/A	26.062	88	353	9.75e-23	101
SadA_ref|WP_036299419.1|:1-399	399	k121_1779296_2	N/A	26.562	64	256	1.39e-20	93.6
SadA_ref|WP_036299419.1|:1-399	399	k121_1336131_12	N/A	26.016	89	369	3.93e-20	94.4
SadA_ref|WP_036299419.1|:1-399	399	k121_2004876_1	N/A	24.384	88	365	5.74e-20	94.0
SadA_ref|WP_036299419.1|:1-399	399	k121_1301147_1	N/A	26.216	89	370	9.80e-19	90.5
SadA_ref|WP_036299419.1|:1-399	399	k121_1320382_1	N/A	24.561	82	342	3.78e-17	85.5
SadA_ref|WP_036299419.1|:1-399	399	k121_1223510_139	N/A	23.560	92	382	8.43e-17	84.7
SadA_ref|WP_036299419.1|:1-399	399	k121_1841649_2	N/A	26.429	68	280	9.33e-16	80.5
SadA_ref|WP_036299419.1|:1-399	399	k121_1359813_1	N/A	21.839	85	348	3.08e-15	79.7
SadA_ref|WP_036299419.1|:1-399	399	k121_1394782_1	N/A	28.099	30	121	1.14e-13	70.9
SadA_ref|WP_036299419.1|:1-399	399	k121_741067_3	N/A	23.604	95	394	1.33e-13	75.1
SadA_ref|WP_036299419.1|:1-399	399	k121_1442916_1	N/A	29.592	25	98	1.73e-07	53.5
SadA_ref|WP_036299419.1|:1-399	399	k121_1652072_2	N/A	22.943	91	401	7.72e-06	51.2
SadA_ref|WP_036299419.1|:1-399	399	k121_920997_3	N/A	24.255	51	235	5.84e-04	45.1
SadA_ref|WP_036299419.1|:1-399	399	k121_833374_2	N/A	24.545	47	220	6.75e-04	45.1
SadA_ref|WP_036299419.1|:1-399	399	k121_1067172_4	N/A	21.788	85	358	0.001	44.3
SadA_ref|WP_036299419.1|:1-399	399	k121_1973918_14	N/A	20.997	87	381	0.002	43.9
SadA_ref|WP_036299419.1|:1-399	399	k121_1298580_1	N/A	23.301	51	206	0.005	41.6
SadA_ref|WP_036299419.1|:1-399	399	k121_1874933_326	N/A	24.585	70	301	0.011	41.2
SadA_ref|WP_036299419.1|:1-399	399	k121_1502783_1	N/A	22.174	50	230	0.015	40.4
SadA_ref|WP_036299419.1|:1-399	399	k121_1400851_2	N/A	23.664	63	262	0.016	40.8
SadA_ref|WP_036299419.1|:1-399	399	k121_605054_1	N/A	28.241	54	216	0.034	38.9
SadA_ref|WP_036299419.1|:1-399	399	k121_902962_4	N/A	31.395	21	86	0.039	38.9
SadA_ref|WP_036299419.1|:1-399	399	k121_537461_1	N/A	22.422	55	223	0.041	39.3
SadA_ref|WP_036299419.1|:1-399	399	k121_751182_1	N/A	28.000	31	125	0.074	38.1
SadA_ref|WP_036299419.1|:1-399	399	k121_31826_15	N/A	30.097	25	103	0.079	38.5
SadB_ref|WP_100812327.1|:1-423	423	k121_2040443_11	N/A	27.676	90	383	2.02e-40	151
SadB_ref|WP_100812327.1|:1-423	423	k121_1239132_1	N/A	37.619	49	210	1.86e-39	145
SadB_ref|WP_100812327.1|:1-423	423	k121_2047622_5	N/A	34.568	74	324	3.62e-38	144
SadB_ref|WP_100812327.1|:1-423	423	k121_1239132_2	N/A	31.250	83	352	2.37e-37	142
SadB_ref|WP_100812327.1|:1-423	423	k121_1061912_3	N/A	24.311	93	399	3.16e-37	142
SadB_ref|WP_100812327.1|:1-423	423	k121_875212_22	N/A	25.203	85	369	3.01e-35	137
SadB_ref|WP_100812327.1|:1-423	423	k121_124733_2	N/A	33.175	50	211	9.78e-34	130
SadB_ref|WP_100812327.1|:1-423	423	k121_1958109_2	N/A	30.241	68	291	1.69e-32	127
SadB_ref|WP_100812327.1|:1-423	423	k121_1372092_2	N/A	27.322	85	366	4.25e-29	120
SadB_ref|WP_100812327.1|:1-423	423	k121_1779296_2	N/A	32.432	60	259	8.61e-28	114
SadB_ref|WP_100812327.1|:1-423	423	k121_1159927_1	N/A	27.933	83	358	7.46e-27	113
SadB_ref|WP_100812327.1|:1-423	423	k121_1555249_18	N/A	27.893	77	337	8.92e-27	114
SadB_ref|WP_100812327.1|:1-423	423	k121_371574_3	N/A	27.136	90	398	1.84e-23	104
SadB_ref|WP_100812327.1|:1-423	423	k121_1320382_1	N/A	26.649	85	379	3.43e-23	103
SadB_ref|WP_100812327.1|:1-423	423	k121_2004876_1	N/A	25.464	85	377	5.12e-23	103
SadB_ref|WP_100812327.1|:1-423	423	k121_400651_3	N/A	31.707	48	205	5.17e-23	100
SadB_ref|WP_100812327.1|:1-423	423	k121_94065_1	N/A	29.756	48	205	1.25e-21	97.4
SadB_ref|WP_100812327.1|:1-423	423	k121_1841649_2	N/A	28.148	63	270	1.37e-21	97.4
SadB_ref|WP_100812327.1|:1-423	423	k121_1301147_1	N/A	27.346	84	373	1.54e-18	90.1
SadB_ref|WP_100812327.1|:1-423	423	k121_1336131_12	N/A	26.933	84	375	5.46e-18	88.6
SadB_ref|WP_100812327.1|:1-423	423	k121_302265_3	N/A	25.905	77	359	3.66e-17	86.3
SadB_ref|WP_100812327.1|:1-423	423	k121_1359813_1	N/A	24.348	81	345	1.25e-16	84.3
SadB_ref|WP_100812327.1|:1-423	423	k121_741067_3	N/A	24.682	90	393	2.72e-16	83.6
SadB_ref|WP_100812327.1|:1-423	423	k121_89277_2	N/A	25.278	77	360	3.16e-16	83.2
SadB_ref|WP_100812327.1|:1-423	423	k121_833374_2	N/A	26.479	77	355	1.37e-15	81.6
SadB_ref|WP_100812327.1|:1-423	423	k121_1652072_2	N/A	27.000	85	400	3.20e-15	80.5
SadB_ref|WP_100812327.1|:1-423	423	k121_1394782_1	N/A	27.206	32	136	8.94e-13	68.6
SadB_ref|WP_100812327.1|:1-423	423	k121_1874933_335	N/A	22.980	87	396	5.79e-09	61.2
SadB_ref|WP_100812327.1|:1-423	423	k121_751182_1	N/A	29.565	53	230	8.37e-09	59.3
SadB_ref|WP_100812327.1|:1-423	423	k121_58317_2	N/A	27.347	52	245	3.02e-08	58.2
SadB_ref|WP_100812327.1|:1-423	423	k121_1874933_326	N/A	24.000	84	375	6.99e-08	57.8
SadB_ref|WP_100812327.1|:1-423	423	k121_1973918_14	N/A	24.791	78	359	1.58e-07	56.6
SadB_ref|WP_100812327.1|:1-423	423	k121_1442916_1	N/A	27.660	22	94	1.71e-07	53.5
SadB_ref|WP_100812327.1|:1-423	423	k121_509016_1	N/A	31.148	26	122	8.56e-07	53.5
SadB_ref|WP_100812327.1|:1-423	423	k121_1408507_24	N/A	24.796	79	367	9.74e-07	54.3
SadB_ref|WP_100812327.1|:1-423	423	k121_1223510_139	N/A	21.739	46	207	1.64e-06	53.5
SadB_ref|WP_100812327.1|:1-423	423	k121_1298580_1	N/A	24.057	49	212	2.46e-05	48.9
SadB_ref|WP_100812327.1|:1-423	423	k121_1752702_1	N/A	30.435	34	161	2.86e-05	48.9
SadB_ref|WP_100812327.1|:1-423	423	k121_328158_1	N/A	28.571	45	217	5.80e-05	48.1
SadB_ref|WP_100812327.1|:1-423	423	k121_1806464_1	N/A	32.787	26	122	9.82e-05	47.8
SadB_ref|WP_100812327.1|:1-423	423	k121_1400851_2	N/A	27.108	37	166	1.00e-04	47.8
SadB_ref|WP_100812327.1|:1-423	423	k121_902962_4	N/A	29.814	35	161	2.61e-04	45.4
SadB_ref|WP_100812327.1|:1-423	423	k121_851381_26	N/A	23.485	85	396	2.86e-04	46.6
SadB_ref|WP_100812327.1|:1-423	423	k121_605054_1	N/A	26.147	51	218	3.66e-04	45.1
SadB_ref|WP_100812327.1|:1-423	423	k121_1437512_3	N/A	29.518	36	166	5.17e-04	44.7
SadB_ref|WP_100812327.1|:1-423	423	k121_920997_3	N/A	25.253	63	297	6.12e-04	45.1
SadB_ref|WP_100812327.1|:1-423	423	k121_1067172_4	N/A	31.707	26	123	0.001	44.7
SadB_ref|WP_100812327.1|:1-423	423	k121_537461_1	N/A	26.087	57	253	0.001	44.3
SadB_ref|WP_100812327.1|:1-423	423	k121_1202801_7	N/A	27.344	26	128	0.003	43.1
SadB_ref|WP_100812327.1|:1-423	423	k121_939538_1	N/A	22.727	76	352	0.004	42.7
SadB_ref|WP_100812327.1|:1-423	423	k121_1874933_40	N/A	22.380	76	353	0.005	42.7
SadB_ref|WP_100812327.1|:1-423	423	k121_983906_1	N/A	26.772	26	127	0.014	40.0
SadB_ref|WP_100812327.1|:1-423	423	k121_589750_3	N/A	22.011	79	368	0.036	39.7
SadB_ref|WP_100812327.1|:1-423	423	k121_1128343_2	N/A	23.699	75	346	0.046	39.3
SadB_ref|WP_100812327.1|:1-423	423	k121_425780_1	N/A	23.143	75	350	0.059	39.3
SadB_ref|WP_100812327.1|:1-423	423	k121_16998_25	N/A	28.099	26	121	0.060	38.9
SadB_ref|WP_100812327.1|:1-423	423	k121_1973702_16	N/A	23.153	44	203	0.081	38.9
SadC_ref|WP_036299413.1|:1-194	194	k121_1223510_138	N/A	44.318	91	176	1.96e-35	126
SadC_ref|WP_036299413.1|:1-194	194	k121_544678_2	N/A	31.325	85	166	2.03e-18	81.3
SadC_ref|WP_036299413.1|:1-194	194	k121_944150_2	N/A	32.117	70	137	1.19e-11	63.2
SadC_ref|WP_036299413.1|:1-194	194	k121_692581_2	N/A	29.496	71	139	2.50e-10	59.7
SadC_ref|WP_036299413.1|:1-194	194	k121_487979_3	N/A	27.857	70	140	2.61e-10	59.7
SadC_ref|WP_036299413.1|:1-194	194	k121_32210_1	N/A	34.234	55	111	2.86e-10	58.9
SadC_ref|WP_036299413.1|:1-194	194	k121_100276_1	N/A	27.742	76	155	3.60e-10	60.8
SadC_ref|WP_036299413.1|:1-194	194	k121_839633_22	N/A	29.012	81	162	4.21e-10	59.3
SadC_ref|WP_036299413.1|:1-194	194	k121_275444_2	N/A	36.559	47	93	8.98e-10	57.4
SadC_ref|WP_036299413.1|:1-194	194	k121_324486_2	N/A	32.836	69	134	9.34e-10	58.2
SadC_ref|WP_036299413.1|:1-194	194	k121_1079364_1	N/A	29.139	75	151	1.51e-09	57.4
SadC_ref|WP_036299413.1|:1-194	194	k121_1869812_2	N/A	32.031	65	128	2.64e-09	58.5
SadC_ref|WP_036299413.1|:1-194	194	k121_1949141_15	N/A	31.343	69	134	3.57e-09	58.2
SadC_ref|WP_036299413.1|:1-194	194	k121_1259418_5	N/A	29.851	69	134	5.46e-09	57.0
SadC_ref|WP_036299413.1|:1-194	194	k121_1973702_11	N/A	27.703	74	148	5.49e-09	56.2
SadC_ref|WP_036299413.1|:1-194	194	k121_41254_4	N/A	29.333	75	150	7.85e-09	55.5
SadC_ref|WP_036299413.1|:1-194	194	k121_973263_1	N/A	36.170	48	94	8.32e-09	55.8
SadC_ref|WP_036299413.1|:1-194	194	k121_1796770_3	N/A	27.879	83	165	2.48e-08	54.7
SadC_ref|WP_036299413.1|:1-194	194	k121_1372092_5	N/A	25.547	71	137	2.51e-08	55.8
SadC_ref|WP_036299413.1|:1-194	194	k121_681474_7	N/A	38.144	49	97	2.74e-08	55.8
SadC_ref|WP_036299413.1|:1-194	194	k121_1595146_1	N/A	36.559	47	93	2.77e-08	54.3
SadC_ref|WP_036299413.1|:1-194	194	k121_1853466_3	N/A	34.815	61	135	3.63e-08	54.3
SadC_ref|WP_036299413.1|:1-194	194	k121_458433_12	N/A	27.820	68	133	4.56e-08	53.9
SadC_ref|WP_036299413.1|:1-194	194	k121_1485855_3	N/A	34.783	47	92	1.06e-07	52.8
SadC_ref|WP_036299413.1|:1-194	194	k121_874446_254	N/A	23.392	87	171	1.87e-07	52.4
SadC_ref|WP_036299413.1|:1-194	194	k121_1729570_2	N/A	23.404	71	141	2.02e-07	51.6
SadC_ref|WP_036299413.1|:1-194	194	k121_851381_23	N/A	34.783	47	92	2.13e-07	52.0
SadC_ref|WP_036299413.1|:1-194	194	k121_1414616_3	N/A	36.559	47	93	2.62e-07	52.0
SadC_ref|WP_036299413.1|:1-194	194	k121_100814_2	N/A	26.347	85	167	5.40e-07	50.8
SadC_ref|WP_036299413.1|:1-194	194	k121_376449_2	N/A	33.028	55	109	1.01e-06	49.7
SadC_ref|WP_036299413.1|:1-194	194	k121_1846579_2	N/A	33.333	47	93	1.53e-06	49.7
SadC_ref|WP_036299413.1|:1-194	194	k121_2040443_14	N/A	29.787	48	94	2.71e-06	48.9
SadC_ref|WP_036299413.1|:1-194	194	k121_1557474_2	N/A	36.620	37	71	3.22e-06	48.5
SadC_ref|WP_036299413.1|:1-194	194	k121_1973918_10	N/A	32.609	47	92	3.91e-06	48.5
SadC_ref|WP_036299413.1|:1-194	194	k121_984684_2	N/A	31.915	48	94	4.31e-06	48.1
SadC_ref|WP_036299413.1|:1-194	194	k121_1945005_1	N/A	32.967	46	91	6.65e-06	48.5
SadC_ref|WP_036299413.1|:1-194	194	k121_1242765_3	N/A	34.884	44	86	8.20e-06	47.4
SadC_ref|WP_036299413.1|:1-194	194	k121_1947192_1	N/A	24.731	95	186	8.28e-06	48.5
SadC_ref|WP_036299413.1|:1-194	194	k121_1686117_6	N/A	25.000	76	148	8.85e-06	48.5
SadC_ref|WP_036299413.1|:1-194	194	k121_673373_8	N/A	31.915	48	94	1.32e-05	47.0
SadC_ref|WP_036299413.1|:1-194	194	k121_875212_24	N/A	38.235	35	68	1.81e-05	46.6
SadC_ref|WP_036299413.1|:1-194	194	k121_292643_5	N/A	24.460	71	139	1.97e-05	46.6
SadC_ref|WP_036299413.1|:1-194	194	k121_464090_7	N/A	26.761	73	142	2.45e-05	46.2
SadC_ref|WP_036299413.1|:1-194	194	k121_34177_3	N/A	28.358	68	134	2.60e-05	46.2
SadC_ref|WP_036299413.1|:1-194	194	k121_2084554_181	N/A	25.478	79	157	3.02e-05	45.8
SadC_ref|WP_036299413.1|:1-194	194	k121_15019_30	N/A	25.926	69	135	3.14e-05	45.8
SadC_ref|WP_036299413.1|:1-194	194	k121_727653_1	N/A	30.337	44	89	3.16e-05	45.8
SadC_ref|WP_036299413.1|:1-194	194	k121_1331668_15	N/A	34.043	48	94	3.24e-05	45.8
SadC_ref|WP_036299413.1|:1-194	194	k121_1682958_3	N/A	24.242	81	165	3.41e-05	47.0
SadC_ref|WP_036299413.1|:1-194	194	k121_283612_2	N/A	27.692	65	130	6.12e-05	45.1
SadC_ref|WP_036299413.1|:1-194	194	k121_751182_3	N/A	38.182	28	55	8.66e-05	44.7
SadC_ref|WP_036299413.1|:1-194	194	k121_1147515_2	N/A	24.444	90	180	1.14e-04	44.3
SadC_ref|WP_036299413.1|:1-194	194	k121_180052_5	N/A	40.580	36	69	1.19e-04	44.3
SadC_ref|WP_036299413.1|:1-194	194	k121_1146357_1	N/A	28.571	46	91	1.89e-04	43.5
SadC_ref|WP_036299413.1|:1-194	194	k121_15019_53	N/A	35.065	39	77	2.07e-04	43.1
SadC_ref|WP_036299413.1|:1-194	194	k121_32012_6	N/A	28.814	60	118	2.21e-04	43.5
SadC_ref|WP_036299413.1|:1-194	194	k121_297340_11	N/A	29.167	82	168	3.19e-04	43.1
SadC_ref|WP_036299413.1|:1-194	194	k121_865037_4	N/A	26.471	70	136	3.92e-04	42.7
SadC_ref|WP_036299413.1|:1-194	194	k121_1040000_2	N/A	27.434	55	113	5.37e-04	43.1
SadC_ref|WP_036299413.1|:1-194	194	k121_896618_12	N/A	26.115	79	157	7.49e-04	42.0
SadC_ref|WP_036299413.1|:1-194	194	k121_800514_1	N/A	32.895	39	76	0.001	40.8
SadC_ref|WP_036299413.1|:1-194	194	k121_1874933_54	N/A	26.168	54	107	0.001	41.6
SadC_ref|WP_036299413.1|:1-194	194	k121_11491_1	N/A	27.174	47	92	0.002	39.7
SadC_ref|WP_036299413.1|:1-194	194	k121_1530344_2	N/A	26.163	86	172	0.003	40.4
SadC_ref|WP_036299413.1|:1-194	194	k121_1463450_1	N/A	26.549	54	113	0.003	40.0
SadC_ref|WP_036299413.1|:1-194	194	k121_504758_35	N/A	27.358	55	106	0.004	39.7
SadC_ref|WP_036299413.1|:1-194	194	k121_373320_40	N/A	37.500	37	72	0.006	40.0
SadC_ref|WP_036299413.1|:1-194	194	k121_855682_30	N/A	25.625	82	160	0.006	39.3
SadC_ref|WP_036299413.1|:1-194	194	k121_1896025_101	N/A	29.474	46	95	0.008	38.9
SadC_ref|WP_036299413.1|:1-194	194	k121_2084383_2	N/A	22.137	66	131	0.008	39.3
SadC_ref|WP_036299413.1|:1-194	194	k121_1375659_3	N/A	22.981	82	161	0.010	39.3
SadC_ref|WP_036299413.1|:1-194	194	k121_2076826_1	N/A	29.730	76	148	0.012	39.3
SadC_ref|WP_036299413.1|:1-194	194	k121_1117705_2	N/A	30.769	34	65	0.016	38.1
SadC_ref|WP_036299413.1|:1-194	194	k121_296037_2	N/A	31.579	39	76	0.017	37.7
SadC_ref|WP_036299413.1|:1-194	194	k121_600390_9	N/A	29.577	37	71	0.030	37.4
SadC_ref|WP_036299413.1|:1-194	194	k121_118654_14	N/A	42.222	23	45	0.039	37.0
SadC_ref|WP_036299413.1|:1-194	194	k121_115271_2	N/A	38.889	28	54	0.048	36.6
SadC_ref|WP_036299413.1|:1-194	194	k121_732649_2	N/A	22.314	61	121	0.052	37.0
SadC_ref|WP_036299413.1|:1-194	194	k121_125852_2	N/A	38.889	28	54	0.055	36.6
SadC_ref|WP_036299413.1|:1-194	194	k121_1371032_2	N/A	25.333	39	75	0.082	36.6
WP_000259031.1	279	k121_2031809_4	N/A	100.000	100	279	0.0	553
WP_000259031.1	279	k121_1398065_20	N/A	48.120	95	266	7.37e-75	232
WP_000259031.1	279	k121_550048_7	N/A	35.227	94	264	6.04e-40	143
WP_000259031.1	279	k121_1477851_1	N/A	36.145	88	249	2.52e-38	138
WP_000259031.1	279	k121_1831507_1	N/A	35.060	88	251	4.36e-35	132
WP_000259031.1	279	k121_1058164_1	N/A	34.661	88	251	4.50e-35	130
WP_000259031.1	279	k121_916876_6	N/A	36.486	79	222	1.24e-34	128
WP_000259031.1	279	k121_1235610_2	N/A	34.815	95	270	4.23e-34	127
WP_000259031.1	279	k121_538004_2	N/A	35.887	87	248	1.55e-33	125
WP_000259031.1	279	k121_1673386_11	N/A	40.244	88	246	2.19e-33	126
WP_000259031.1	279	k121_1258806_4	N/A	35.556	96	270	2.23e-33	125
WP_000259031.1	279	k121_1782204_1	N/A	33.206	93	262	8.46e-33	124
WP_000259031.1	279	k121_656315_2	N/A	35.743	88	249	1.54e-32	124
WP_000259031.1	279	k121_1439748_1	N/A	35.426	78	223	3.17e-32	123
WP_000259031.1	279	k121_357159_6	N/A	33.463	91	257	3.27e-32	122
WP_000259031.1	279	k121_326704_3	N/A	32.400	89	250	4.43e-32	122
WP_000259031.1	279	k121_1797295_2	N/A	31.321	93	265	1.31e-30	120
WP_000259031.1	279	k121_1078591_45	N/A	32.824	94	262	3.32e-30	117
WP_000259031.1	279	k121_1667518_2	N/A	30.597	93	268	4.45e-30	117
WP_000259031.1	279	k121_548730_6	N/A	31.984	87	247	1.71e-29	115
WP_000259031.1	279	k121_1331294_2	N/A	30.370	93	270	2.72e-29	115
WP_000259031.1	279	k121_1463017_4	N/A	31.048	87	248	3.47e-29	115
WP_000259031.1	279	k121_1208764_2	N/A	31.225	87	253	3.48e-29	114
WP_000259031.1	279	k121_281771_8	N/A	36.653	88	251	4.73e-29	114
WP_000259031.1	279	k121_273306_3	N/A	29.851	93	268	7.54e-29	114
WP_000259031.1	279	k121_1067570_2	N/A	35.600	89	250	2.26e-28	112
WP_000259031.1	279	k121_2034282_1	N/A	29.528	90	254	2.34e-28	112
WP_000259031.1	279	k121_796340_2	N/A	27.437	96	277	3.48e-28	112
WP_000259031.1	279	k121_953201_7	N/A	29.851	93	268	4.37e-28	112
WP_000259031.1	279	k121_238334_2	N/A	35.772	88	246	4.96e-28	111
WP_000259031.1	279	k121_1848487_2	N/A	33.032	77	221	1.95e-27	108
WP_000259031.1	279	k121_1058496_3	N/A	36.697	78	218	3.11e-27	109
WP_000259031.1	279	k121_836743_415	N/A	30.882	88	272	3.27e-27	110
WP_000259031.1	279	k121_1202052_4	N/A	29.452	95	292	3.66e-27	110
WP_000259031.1	279	k121_678228_3	N/A	31.439	93	264	3.73e-26	108
WP_000259031.1	279	k121_220258_2	N/A	30.996	95	271	4.03e-26	106
WP_000259031.1	279	k121_1875334_16	N/A	31.203	94	266	5.04e-26	106
WP_000259031.1	279	k121_1508720_4	N/A	32.389	88	247	5.70e-26	106
WP_000259031.1	279	k121_1294300_1	N/A	31.159	97	276	2.32e-25	105
WP_000259031.1	279	k121_859500_1	N/A	34.066	64	182	1.54e-24	100
WP_000259031.1	279	k121_1055545_2	N/A	32.877	78	219	4.16e-24	100
WP_000259031.1	279	k121_1042340_2	N/A	34.538	89	249	5.17e-24	101
WP_000259031.1	279	k121_1885670_2	N/A	33.468	88	248	5.48e-24	101
WP_000259031.1	279	k121_142147_3	N/A	28.794	91	257	4.44e-23	98.6
WP_000259031.1	279	k121_202702_3	N/A	34.866	91	261	1.16e-22	99.4
WP_000259031.1	279	k121_1962433_2	N/A	34.343	70	198	1.16e-22	95.5
WP_000259031.1	279	k121_232715_2	N/A	31.538	91	260	1.70e-22	98.2
WP_000259031.1	279	k121_191332_9	N/A	30.556	96	288	2.27e-22	97.1
WP_000259031.1	279	k121_105184_2	N/A	30.137	78	219	2.85e-22	96.7
WP_000259031.1	279	k121_2097687_1	N/A	26.641	88	259	1.33e-21	94.7
WP_000259031.1	279	k121_1171696_1	N/A	32.000	61	175	1.83e-21	92.4
WP_000259031.1	279	k121_1286180_1	N/A	28.440	76	218	2.48e-21	95.5
WP_000259031.1	279	k121_882163_2	N/A	34.286	87	245	2.63e-21	93.6
WP_000259031.1	279	k121_558959_77	N/A	35.321	78	218	4.83e-21	93.2
WP_000259031.1	279	k121_2076254_37	N/A	30.682	62	176	5.35e-21	90.9
WP_000259031.1	279	k121_1595904_4	N/A	32.000	78	225	9.20e-21	95.1
WP_000259031.1	279	k121_1922864_1	N/A	31.111	78	225	1.57e-20	94.4
WP_000259031.1	279	k121_1340586_6	N/A	28.102	94	274	1.68e-20	92.0
WP_000259031.1	279	k121_1860115_2	N/A	32.768	63	177	4.24e-20	88.6
WP_000259031.1	279	k121_1584446_142	N/A	29.167	94	264	4.51e-20	90.5
WP_000259031.1	279	k121_909528_1	N/A	29.302	77	215	6.95e-20	89.0
WP_000259031.1	279	k121_709952_3	N/A	28.959	77	221	8.06e-20	89.4
WP_000259031.1	279	k121_131463_3	N/A	27.027	88	259	8.11e-20	90.1
WP_000259031.1	279	k121_389494_3	N/A	34.463	63	177	9.01e-20	87.8
WP_000259031.1	279	k121_780291_3	N/A	35.616	78	219	2.19e-19	89.0
WP_000259031.1	279	k121_770495_2	N/A	33.645	75	214	4.71e-19	86.3
WP_000259031.1	279	k121_1601123_7	N/A	30.233	92	258	7.58e-19	87.0
WP_000259031.1	279	k121_1372274_1	N/A	30.736	81	231	1.03e-18	85.5
WP_000259031.1	279	k121_1536209_1	N/A	30.085	81	236	3.12e-18	84.7
WP_000259031.1	279	k121_674978_8	N/A	27.368	96	285	6.58e-18	84.7
WP_000259031.1	279	k121_156652_2	N/A	34.586	47	133	7.32e-18	81.6
WP_000259031.1	279	k121_268727_2	N/A	34.579	75	214	7.50e-18	84.3
WP_000259031.1	279	k121_1180883_2	N/A	28.440	78	218	4.72e-17	81.6
WP_000259031.1	279	k121_738922_2	N/A	32.487	68	197	7.72e-16	78.2
WP_000259031.1	279	k121_1336908_2	N/A	36.567	46	134	2.24e-15	75.5
WP_000259031.1	279	k121_1452675_2	N/A	32.258	88	248	4.04e-15	77.0
WP_000259031.1	279	k121_997319_2	N/A	30.583	72	206	4.07e-15	75.9
WP_000259031.1	279	k121_118844_1	N/A	38.793	41	116	7.54e-15	73.2
WP_000259031.1	279	k121_1824629_5	N/A	35.433	44	127	1.24e-14	73.2
WP_000259031.1	279	k121_1944410_1	N/A	33.333	56	159	2.57e-14	72.0
WP_000259031.1	279	k121_1246084_1	N/A	34.646	44	127	6.26e-14	70.5
WP_000259031.1	279	k121_1636413_1	N/A	33.714	61	175	6.52e-14	71.6
WP_000259031.1	279	k121_739375_1	N/A	33.333	44	126	1.28e-13	70.1
WP_000259031.1	279	k121_1280185_4	N/A	32.530	88	249	2.46e-13	72.4
WP_000259031.1	279	k121_267864_1	N/A	31.034	82	232	4.12e-13	70.5
WP_000259031.1	279	k121_1405364_1	N/A	35.652	41	115	6.90e-13	67.4
WP_000259031.1	279	k121_1340615_1	N/A	29.839	44	124	4.12e-12	65.9
WP_000259031.1	279	k121_420436_1	N/A	32.143	78	224	4.47e-12	68.6
WP_000259031.1	279	k121_555421_3	N/A	34.759	61	187	8.22e-11	63.5
WP_000259031.1	279	k121_1702725_182	N/A	27.778	61	180	2.53e-10	62.4
WP_000259031.1	279	k121_151094_1	N/A	23.846	91	260	1.17e-09	61.2
WP_000259031.1	279	k121_1672574_1	N/A	29.204	41	113	1.41e-09	58.5
WP_000259031.1	279	k121_882243_2	N/A	30.000	66	190	2.61e-09	58.9
WP_000259031.1	279	k121_654674_2	N/A	31.395	55	172	2.67e-09	58.9
WP_000259031.1	279	k121_1958178_1	N/A	24.390	75	246	8.81e-09	58.2
WP_000259031.1	279	k121_1475448_1	N/A	36.154	44	130	1.30e-08	58.5
WP_000259031.1	279	k121_1908612_1	N/A	27.184	37	103	6.92e-08	54.3
WP_000259031.1	279	k121_901207_1	N/A	30.159	45	126	2.28e-06	49.3
WP_000259031.1	279	k121_624814_2	N/A	37.705	22	61	2.67e-05	45.1
WP_000259031.1	279	k121_1702725_181	N/A	37.143	25	70	9.38e-05	46.2
WP_000259031.1	279	k121_777082_1	N/A	36.066	22	61	1.07e-04	43.1
WP_000259031.1	279	k121_328379_3	N/A	33.766	27	77	2.46e-04	45.4
WP_000259031.1	279	k121_1587007_4	N/A	35.294	24	68	0.002	39.7
WP_000259031.1	279	k121_1437919_3	N/A	25.600	43	125	0.017	38.9
WP_000259031.1	279	k121_304151_1	N/A	38.462	23	65	0.027	39.3
WP_000259031.1	279	k121_307404_3	N/A	27.273	28	77	0.038	36.2
WP_000259031.1	279	k121_772119_1	N/A	29.885	30	87	0.046	36.2
WP_000259031.1	279	k121_506322_3	N/A	26.168	35	107	0.087	37.7
WP_001043260.1	271	k121_1398065_20	N/A	56.981	97	265	5.16e-99	293
WP_001043260.1	271	k121_2031809_4	N/A	53.516	94	256	1.70e-83	254
WP_001043260.1	271	k121_326704_3	N/A	43.774	97	265	5.59e-54	179
WP_001043260.1	271	k121_1078591_45	N/A	38.636	97	264	2.77e-45	157
WP_001043260.1	271	k121_1463017_4	N/A	35.938	93	256	3.90e-44	154
WP_001043260.1	271	k121_550048_7	N/A	35.135	96	259	1.45e-43	152
WP_001043260.1	271	k121_916876_6	N/A	37.891	94	256	1.91e-43	151
WP_001043260.1	271	k121_1875334_16	N/A	38.077	96	260	1.11e-42	149
WP_001043260.1	271	k121_1673386_11	N/A	41.473	95	258	2.26e-42	149
WP_001043260.1	271	k121_1202052_4	N/A	33.449	97	287	4.50e-42	149
WP_001043260.1	271	k121_357159_6	N/A	37.597	94	258	4.95e-42	147
WP_001043260.1	271	k121_1208764_2	N/A	36.047	94	258	1.00e-41	146
WP_001043260.1	271	k121_1258806_4	N/A	37.500	90	248	2.36e-41	146
WP_001043260.1	271	k121_1331294_2	N/A	33.333	98	270	3.94e-41	145
WP_001043260.1	271	k121_238334_2	N/A	39.245	95	265	7.05e-41	145
WP_001043260.1	271	k121_1058496_3	N/A	40.698	95	258	1.13e-40	144
WP_001043260.1	271	k121_538004_2	N/A	40.000	95	260	1.45e-40	144
WP_001043260.1	271	k121_1667518_2	N/A	32.222	98	270	8.73e-40	142
WP_001043260.1	271	k121_1601123_7	N/A	36.742	97	264	9.62e-40	142
WP_001043260.1	271	k121_191332_9	N/A	35.766	96	274	1.67e-39	142
WP_001043260.1	271	k121_1508720_4	N/A	38.168	96	262	1.75e-39	141
WP_001043260.1	271	k121_1235610_2	N/A	37.500	94	256	3.35e-39	140
WP_001043260.1	271	k121_220258_2	N/A	34.686	97	271	1.22e-38	139
WP_001043260.1	271	k121_1782204_1	N/A	37.594	96	266	3.98e-38	138
WP_001043260.1	271	k121_953201_7	N/A	32.171	94	258	4.69e-38	137
WP_001043260.1	271	k121_1797295_2	N/A	36.466	97	266	1.10e-37	139
WP_001043260.1	271	k121_273306_3	N/A	31.818	96	264	1.79e-37	136
WP_001043260.1	271	k121_1058164_1	N/A	34.483	94	261	7.84e-37	135
WP_001043260.1	271	k121_1294300_1	N/A	34.962	97	266	1.12e-36	135
WP_001043260.1	271	k121_1042340_2	N/A	37.405	96	262	1.35e-36	134
WP_001043260.1	271	k121_656315_2	N/A	38.672	93	256	3.40e-36	133
WP_001043260.1	271	k121_232715_2	N/A	38.971	96	272	5.56e-36	134
WP_001043260.1	271	k121_1831507_1	N/A	37.121	96	264	6.76e-36	134
WP_001043260.1	271	k121_281771_8	N/A	39.147	95	258	1.58e-35	131
WP_001043260.1	271	k121_1477851_1	N/A	36.187	90	257	2.25e-35	130
WP_001043260.1	271	k121_836743_415	N/A	31.618	90	272	4.55e-35	130
WP_001043260.1	271	k121_1885670_2	N/A	35.907	95	259	6.20e-35	130
WP_001043260.1	271	k121_558959_77	N/A	35.907	95	259	1.38e-34	129
WP_001043260.1	271	k121_1055545_2	N/A	38.009	80	221	3.89e-34	126
WP_001043260.1	271	k121_1439748_1	N/A	34.746	85	236	5.53e-34	127
WP_001043260.1	271	k121_1180883_2	N/A	35.484	80	217	1.22e-33	125
WP_001043260.1	271	k121_674978_8	N/A	31.752	96	274	7.47e-33	124
WP_001043260.1	271	k121_909528_1	N/A	36.697	79	218	1.25e-32	122
WP_001043260.1	271	k121_1848487_2	N/A	36.199	79	221	1.66e-32	122
WP_001043260.1	271	k121_709952_3	N/A	29.119	94	261	2.03e-32	122
WP_001043260.1	271	k121_105184_2	N/A	31.939	96	263	2.08e-32	123
WP_001043260.1	271	k121_882163_2	N/A	39.382	94	259	3.82e-32	122
WP_001043260.1	271	k121_1860115_2	N/A	36.364	64	176	1.03e-31	119
WP_001043260.1	271	k121_770495_2	N/A	36.916	77	214	3.78e-31	117
WP_001043260.1	271	k121_2034282_1	N/A	29.839	90	248	4.93e-31	119
WP_001043260.1	271	k121_1171696_1	N/A	35.795	63	176	1.83e-30	115
WP_001043260.1	271	k121_1340586_6	N/A	30.112	96	269	2.25e-30	118
WP_001043260.1	271	k121_796340_2	N/A	28.409	96	264	6.13e-30	116
WP_001043260.1	271	k121_1584446_142	N/A	35.472	97	265	9.51e-30	116
WP_001043260.1	271	k121_389494_3	N/A	40.678	64	177	1.65e-29	113
WP_001043260.1	271	k121_2097687_1	N/A	32.046	90	259	1.79e-29	115
WP_001043260.1	271	k121_780291_3	N/A	35.683	83	227	4.01e-29	114
WP_001043260.1	271	k121_548730_6	N/A	31.325	90	249	4.04e-29	114
WP_001043260.1	271	k121_1067570_2	N/A	33.588	96	262	1.33e-28	113
WP_001043260.1	271	k121_859500_1	N/A	37.778	64	180	3.35e-28	109
WP_001043260.1	271	k121_268727_2	N/A	35.094	95	265	4.83e-28	111
WP_001043260.1	271	k121_1452675_2	N/A	36.154	95	260	1.09e-27	111
WP_001043260.1	271	k121_678228_3	N/A	29.588	97	267	2.32e-27	111
WP_001043260.1	271	k121_2076254_37	N/A	32.571	64	175	5.21e-27	106
WP_001043260.1	271	k121_131463_3	N/A	29.845	90	258	2.29e-26	107
WP_001043260.1	271	k121_1246084_1	N/A	42.857	47	133	9.00e-26	101
WP_001043260.1	271	k121_202702_3	N/A	33.824	98	272	1.64e-25	106
WP_001043260.1	271	k121_1824629_5	N/A	43.609	47	133	4.54e-24	98.2
WP_001043260.1	271	k121_1922864_1	N/A	30.651	94	261	4.63e-24	104
WP_001043260.1	271	k121_1595904_4	N/A	31.679	96	262	6.73e-24	103
WP_001043260.1	271	k121_1672574_1	N/A	44.444	37	99	2.29e-23	95.1
WP_001043260.1	271	k121_1340615_1	N/A	44.000	37	100	5.40e-23	94.7
WP_001043260.1	271	k121_118844_1	N/A	44.762	38	105	1.68e-22	93.6
WP_001043260.1	271	k121_1336908_2	N/A	38.406	48	138	2.29e-22	94.0
WP_001043260.1	271	k121_1962433_2	N/A	32.487	71	197	4.50e-22	93.6
WP_001043260.1	271	k121_142147_3	N/A	26.693	91	251	5.43e-22	95.5
WP_001043260.1	271	k121_1908612_1	N/A	44.000	37	100	1.07e-21	91.7
WP_001043260.1	271	k121_1286180_1	N/A	29.167	77	216	1.60e-20	93.2
WP_001043260.1	271	k121_1536209_1	N/A	34.884	91	258	1.63e-20	90.9
WP_001043260.1	271	k121_420436_1	N/A	32.787	83	244	5.05e-20	90.9
WP_001043260.1	271	k121_738922_2	N/A	35.859	71	198	5.70e-20	89.4
WP_001043260.1	271	k121_1372274_1	N/A	31.390	82	223	7.44e-20	88.6
WP_001043260.1	271	k121_997319_2	N/A	29.703	73	202	8.79e-20	88.2
WP_001043260.1	271	k121_156652_2	N/A	38.281	46	128	1.90e-19	85.9
WP_001043260.1	271	k121_1405364_1	N/A	40.952	38	105	9.52e-19	83.2
WP_001043260.1	271	k121_267864_1	N/A	33.921	83	227	1.20e-18	85.9
WP_001043260.1	271	k121_1636413_1	N/A	32.934	59	167	5.92e-16	77.4
WP_001043260.1	271	k121_1280185_4	N/A	32.836	97	268	1.10e-15	79.3
WP_001043260.1	271	k121_151094_1	N/A	27.239	98	268	1.93e-15	77.8
WP_001043260.1	271	k121_739375_1	N/A	33.594	46	128	3.09e-15	74.3
WP_001043260.1	271	k121_1944410_1	N/A	31.646	56	158	1.95e-14	72.4
WP_001043260.1	271	k121_654674_2	N/A	29.834	61	181	3.84e-14	72.4
WP_001043260.1	271	k121_1475448_1	N/A	34.615	46	130	2.65e-13	72.4
WP_001043260.1	271	k121_777082_1	N/A	49.180	23	61	4.44e-13	65.9
WP_001043260.1	271	k121_882243_2	N/A	33.333	72	207	2.93e-12	67.4
WP_001043260.1	271	k121_555421_3	N/A	31.841	68	201	4.05e-12	67.0
WP_001043260.1	271	k121_328379_3	N/A	43.056	26	72	3.48e-11	66.2
WP_001043260.1	271	k121_1702725_181	N/A	38.961	28	77	1.11e-10	63.5
WP_001043260.1	271	k121_1958178_1	N/A	27.236	75	246	2.04e-10	62.8
WP_001043260.1	271	k121_1702725_182	N/A	25.943	75	212	2.48e-10	62.4
WP_001043260.1	271	k121_624814_2	N/A	40.984	23	61	2.52e-09	55.8
WP_001043260.1	271	k121_304151_1	N/A	43.939	24	66	5.94e-09	59.3
WP_001043260.1	271	k121_901207_1	N/A	29.032	46	124	1.08e-06	50.4
WP_001043260.1	271	k121_1011676_1	N/A	32.530	31	83	2.48e-04	42.7
WP_001043260.1	271	k121_925144_24	N/A	30.000	36	100	0.004	39.3
WP_000034420.1	263	k121_1398065_20	N/A	47.893	99	261	2.67e-82	250
WP_000034420.1	263	k121_2031809_4	N/A	43.182	100	264	4.72e-78	240
WP_000034420.1	263	k121_916876_6	N/A	41.313	98	259	6.15e-53	175
WP_000034420.1	263	k121_550048_7	N/A	37.786	98	262	1.97e-52	174
WP_000034420.1	263	k121_1673386_11	N/A	38.550	99	262	1.30e-49	167
WP_000034420.1	263	k121_538004_2	N/A	36.641	98	262	6.58e-49	165
WP_000034420.1	263	k121_281771_8	N/A	38.550	99	262	1.93e-48	164
WP_000034420.1	263	k121_357159_6	N/A	37.308	97	260	3.14e-48	163
WP_000034420.1	263	k121_1875334_16	N/A	36.260	98	262	3.84e-48	163
WP_000034420.1	263	k121_238334_2	N/A	34.848	99	264	8.74e-48	162
WP_000034420.1	263	k121_273306_3	N/A	35.798	96	257	8.58e-47	160
WP_000034420.1	263	k121_1294300_1	N/A	35.496	99	262	2.82e-46	159
WP_000034420.1	263	k121_1202052_4	N/A	33.684	99	285	3.65e-46	159
WP_000034420.1	263	k121_1667518_2	N/A	35.409	96	257	4.65e-46	158
WP_000034420.1	263	k121_1078591_45	N/A	36.260	98	262	6.96e-46	158
WP_000034420.1	263	k121_953201_7	N/A	35.798	96	257	7.68e-46	157
WP_000034420.1	263	k121_1058164_1	N/A	34.351	98	262	7.89e-46	158
WP_000034420.1	263	k121_1331294_2	N/A	35.409	96	257	1.95e-45	157
WP_000034420.1	263	k121_1235610_2	N/A	34.615	99	260	7.56e-45	155
WP_000034420.1	263	k121_326704_3	N/A	36.641	98	262	9.05e-45	155
WP_000034420.1	263	k121_1508720_4	N/A	36.015	98	261	2.05e-44	154
WP_000034420.1	263	k121_1797295_2	N/A	35.094	99	265	4.08e-44	155
WP_000034420.1	263	k121_1477851_1	N/A	36.800	94	250	4.40e-44	152
WP_000034420.1	263	k121_656315_2	N/A	36.863	95	255	4.68e-44	153
WP_000034420.1	263	k121_1463017_4	N/A	37.200	94	250	3.24e-43	151
WP_000034420.1	263	k121_1258806_4	N/A	32.950	98	261	3.52e-43	150
WP_000034420.1	263	k121_558959_77	N/A	35.249	98	261	5.80e-43	150
WP_000034420.1	263	k121_674978_8	N/A	33.455	99	275	2.55e-42	149
WP_000034420.1	263	k121_1340586_6	N/A	34.091	97	264	4.38e-42	148
WP_000034420.1	263	k121_191332_9	N/A	32.246	99	276	3.49e-41	146
WP_000034420.1	263	k121_220258_2	N/A	36.059	98	269	5.36e-41	145
WP_000034420.1	263	k121_1208764_2	N/A	34.848	98	264	5.50e-41	144
WP_000034420.1	263	k121_105184_2	N/A	32.197	98	264	3.50e-40	143
WP_000034420.1	263	k121_1042340_2	N/A	35.227	99	264	5.72e-40	142
WP_000034420.1	263	k121_1831507_1	N/A	32.700	98	263	6.29e-40	144
WP_000034420.1	263	k121_1058496_3	N/A	35.878	99	262	1.47e-39	141
WP_000034420.1	263	k121_882163_2	N/A	34.981	98	263	3.93e-39	140
WP_000034420.1	263	k121_1067570_2	N/A	34.457	99	267	4.97e-38	137
WP_000034420.1	263	k121_1439748_1	N/A	35.616	82	219	5.55e-38	138
WP_000034420.1	263	k121_1885670_2	N/A	34.221	99	263	1.30e-37	137
WP_000034420.1	263	k121_909528_1	N/A	36.000	84	225	1.61e-37	135
WP_000034420.1	263	k121_1601123_7	N/A	32.443	98	262	8.86e-37	134
WP_000034420.1	263	k121_1922864_1	N/A	35.632	97	261	1.66e-36	138
WP_000034420.1	263	k121_1782204_1	N/A	33.080	98	263	1.66e-36	134
WP_000034420.1	263	k121_202702_3	N/A	32.453	98	265	1.71e-36	136
WP_000034420.1	263	k121_232715_2	N/A	32.061	97	262	2.01e-36	134
WP_000034420.1	263	k121_1180883_2	N/A	34.091	83	220	3.39e-36	132
WP_000034420.1	263	k121_1055545_2	N/A	33.641	82	217	1.50e-35	129
WP_000034420.1	263	k121_1584446_142	N/A	32.567	98	261	5.17e-35	130
WP_000034420.1	263	k121_678228_3	N/A	30.534	99	262	1.48e-34	130
WP_000034420.1	263	k121_709952_3	N/A	32.296	96	257	1.58e-34	127
WP_000034420.1	263	k121_2034282_1	N/A	31.034	97	261	2.14e-34	127
WP_000034420.1	263	k121_1595904_4	N/A	35.249	97	261	3.68e-34	133
WP_000034420.1	263	k121_796340_2	N/A	32.319	98	263	5.50e-34	127
WP_000034420.1	263	k121_1286180_1	N/A	32.895	85	228	3.36e-32	124
WP_000034420.1	263	k121_859500_1	N/A	35.912	67	181	4.69e-32	119
WP_000034420.1	263	k121_1452675_2	N/A	34.221	99	263	9.40e-32	121
WP_000034420.1	263	k121_142147_3	N/A	31.395	97	258	3.84e-31	119
WP_000034420.1	263	k121_548730_6	N/A	30.739	97	257	9.15e-31	118
WP_000034420.1	263	k121_268727_2	N/A	34.211	99	266	1.06e-30	118
WP_000034420.1	263	k121_2097687_1	N/A	29.730	93	259	2.49e-30	117
WP_000034420.1	263	k121_1372274_1	N/A	32.883	84	222	6.59e-30	114
WP_000034420.1	263	k121_836743_415	N/A	31.734	92	271	9.91e-30	116
WP_000034420.1	263	k121_780291_3	N/A	32.841	97	271	1.32e-29	115
WP_000034420.1	263	k121_770495_2	N/A	38.202	66	178	3.43e-29	112
WP_000034420.1	263	k121_1171696_1	N/A	35.057	65	174	4.65e-29	112
WP_000034420.1	263	k121_1860115_2	N/A	35.393	66	178	8.69e-29	110
WP_000034420.1	263	k121_2076254_37	N/A	33.898	66	177	1.61e-28	110
WP_000034420.1	263	k121_738922_2	N/A	32.895	85	228	2.98e-28	110
WP_000034420.1	263	k121_1848487_2	N/A	31.982	82	222	3.39e-28	110
WP_000034420.1	263	k121_1536209_1	N/A	32.900	86	231	1.24e-27	109
WP_000034420.1	263	k121_389494_3	N/A	36.111	67	180	7.92e-27	106
WP_000034420.1	263	k121_1824629_5	N/A	38.621	52	145	3.11e-26	103
WP_000034420.1	263	k121_1246084_1	N/A	42.636	46	129	3.56e-26	102
WP_000034420.1	263	k121_420436_1	N/A	34.034	87	238	1.18e-25	106
WP_000034420.1	263	k121_131463_3	N/A	27.881	97	269	7.44e-25	103
WP_000034420.1	263	k121_1340615_1	N/A	37.008	48	127	8.21e-24	96.7
WP_000034420.1	263	k121_267864_1	N/A	32.159	86	227	5.33e-23	97.4
WP_000034420.1	263	k121_997319_2	N/A	31.795	73	195	5.49e-23	96.7
WP_000034420.1	263	k121_1336908_2	N/A	34.848	48	132	4.52e-22	93.2
WP_000034420.1	263	k121_118844_1	N/A	41.905	39	105	4.91e-22	92.0
WP_000034420.1	263	k121_1962433_2	N/A	33.523	66	176	5.19e-22	93.2
WP_000034420.1	263	k121_1280185_4	N/A	31.321	99	265	2.51e-21	94.7
WP_000034420.1	263	k121_1908612_1	N/A	34.351	47	131	2.60e-21	90.5
WP_000034420.1	263	k121_555421_3	N/A	31.683	70	202	1.53e-20	89.7
WP_000034420.1	263	k121_1944410_1	N/A	32.903	59	155	4.48e-20	87.4
WP_000034420.1	263	k121_1672574_1	N/A	38.235	39	102	1.03e-19	85.5
WP_000034420.1	263	k121_882243_2	N/A	31.000	75	200	1.14e-19	87.4
WP_000034420.1	263	k121_1405364_1	N/A	40.566	40	106	3.48e-19	84.0
WP_000034420.1	263	k121_654674_2	N/A	31.492	63	181	8.68e-18	82.0
WP_000034420.1	263	k121_1702725_181	N/A	50.704	27	71	5.32e-17	80.9
WP_000034420.1	263	k121_151094_1	N/A	25.385	97	260	1.13e-16	81.3
WP_000034420.1	263	k121_1636413_1	N/A	31.548	62	168	7.04e-16	77.0
WP_000034420.1	263	k121_1475448_1	N/A	31.008	47	129	3.17e-15	77.8
WP_000034420.1	263	k121_1958178_1	N/A	24.481	77	241	3.48e-15	75.9
WP_000034420.1	263	k121_1702725_182	N/A	26.699	74	206	2.65e-14	73.2
WP_000034420.1	263	k121_156652_2	N/A	30.496	52	141	2.51e-12	66.2
WP_000034420.1	263	k121_777082_1	N/A	43.548	24	62	6.17e-12	62.8
WP_000034420.1	263	k121_739375_1	N/A	30.159	47	126	1.04e-11	64.7
WP_000034420.1	263	k121_328379_3	N/A	41.667	27	72	2.43e-10	63.5
WP_000034420.1	263	k121_901207_1	N/A	30.579	46	121	1.48e-08	55.5
WP_000034420.1	263	k121_624814_2	N/A	38.710	24	62	4.14e-08	52.8
WP_000034420.1	263	k121_304151_1	N/A	43.077	24	65	4.87e-08	56.6
WP_000034420.1	263	k121_1011676_1	N/A	33.000	38	100	7.96e-08	52.4
WP_000034420.1	263	k121_1437919_3	N/A	24.719	66	178	1.22e-06	50.8
WP_000034420.1	263	k121_925144_24	N/A	32.609	35	92	5.34e-06	47.4
WP_000034420.1	263	k121_307404_3	N/A	31.818	25	66	4.27e-05	44.3
WP_000034420.1	263	k121_1624940_3	N/A	37.313	22	67	1.18e-04	43.5
WP_000034420.1	263	k121_438231_2	N/A	40.909	25	66	1.42e-04	46.2
WP_000034420.1	263	k121_1587007_4	N/A	30.769	25	65	0.003	38.9
WP_000034420.1	263	k121_2012142_1	N/A	33.333	26	69	0.006	38.5
WP_000034420.1	263	k121_2054600_2	N/A	32.203	22	59	0.014	36.6
WP_000034420.1	263	k121_818235_1	N/A	40.351	22	57	0.014	40.0
WP_000034420.1	263	k121_1961367_1	N/A	39.062	24	64	0.038	38.5
WP_000034420.1	263	k121_655794_10	N/A	37.500	24	64	0.059	38.1
WP_000034420.1	263	k121_1786573_1	N/A	35.000	23	60	0.071	35.8
WP_000034420.1	263	k121_1098904_2	N/A	36.667	23	60	0.099	37.4
WP_000845048.1	337	k121_1250495_2	N/A	75.796	93	314	2.80e-178	498
WP_000845048.1	337	k121_1142041_4	N/A	100.000	71	238	2.34e-173	483
WP_000845048.1	337	k121_1071324_1	N/A	71.733	98	329	5.54e-172	484
WP_000845048.1	337	k121_1428730_1	N/A	63.664	99	333	3.83e-150	428
WP_000845048.1	337	k121_1877901_2	N/A	63.222	98	329	7.16e-147	420
WP_000845048.1	337	k121_497101_1	N/A	59.819	97	331	1.80e-136	394
WP_000845048.1	337	k121_33455_2	N/A	58.104	96	327	5.61e-131	380
WP_000845048.1	337	k121_473161_2	N/A	61.224	86	294	6.83e-125	363
WP_000845048.1	337	k121_364913_3	N/A	63.869	81	274	1.31e-124	362
WP_000845048.1	337	k121_1874497_1	N/A	67.883	81	274	3.68e-124	361
WP_000845048.1	337	k121_1111096_4	N/A	59.272	88	302	1.94e-121	354
WP_000845048.1	337	k121_552608_1	N/A	58.663	97	329	9.81e-119	348
WP_000845048.1	337	k121_1218365_1	N/A	54.938	96	324	9.82e-115	338
WP_000845048.1	337	k121_1388142_1	N/A	63.178	77	258	1.26e-111	328
WP_000845048.1	337	k121_1631054_1	N/A	70.136	66	221	1.77e-109	322
WP_000845048.1	337	k121_2082961_1	N/A	64.629	68	229	3.77e-106	313
WP_000845048.1	337	k121_1615325_2	N/A	52.698	93	315	1.30e-103	309
WP_000845048.1	337	k121_272612_1	N/A	56.877	79	269	2.42e-102	304
WP_000845048.1	337	k121_1796613_2	N/A	48.742	94	318	1.26e-98	296
WP_000845048.1	337	k121_1244374_1	N/A	100.000	41	139	1.97e-95	282
WP_000845048.1	337	k121_83869_3	N/A	49.051	94	316	1.02e-94	291
WP_000845048.1	337	k121_102344_1	N/A	97.842	41	139	1.04e-93	278
WP_000845048.1	337	k121_581981_4	N/A	47.134	93	314	1.40e-92	286
WP_000845048.1	337	k121_1779523_1	N/A	50.877	85	285	1.38e-86	265
WP_000845048.1	337	k121_1619953_1	N/A	47.634	93	317	5.53e-86	269
WP_000845048.1	337	k121_1055022_2	N/A	47.138	88	297	2.04e-84	259
WP_000845048.1	337	k121_1215833_3	N/A	48.039	91	306	7.17e-81	255
WP_000845048.1	337	k121_2026997_1	N/A	62.000	58	200	1.69e-80	249
WP_000845048.1	337	k121_301670_4	N/A	45.283	93	318	5.12e-78	251
WP_000845048.1	337	k121_741343_1	N/A	41.503	89	306	8.92e-72	230
WP_000845048.1	337	k121_1625670_2	N/A	55.981	62	209	3.31e-70	220
WP_000845048.1	337	k121_474735_2	N/A	39.752	91	322	1.12e-69	226
WP_000845048.1	337	k121_1112841_131	N/A	62.025	47	158	6.58e-65	205
WP_000845048.1	337	k121_639765_1	N/A	42.029	82	276	1.96e-63	209
WP_000845048.1	337	k121_460928_1	N/A	41.328	77	271	1.71e-56	191
WP_000845048.1	337	k121_1196805_1	N/A	31.949	91	313	4.21e-54	183
WP_000845048.1	337	k121_1300557_6	N/A	39.552	79	268	1.18e-51	181
WP_000845048.1	337	k121_1481641_1	N/A	45.588	58	204	1.94e-49	167
WP_000845048.1	337	k121_1056221_31	N/A	58.779	39	131	8.77e-46	155
WP_000845048.1	337	k121_32357_1	N/A	56.923	39	130	3.06e-43	148
WP_000845048.1	337	k121_810931_4	N/A	58.261	32	115	8.84e-38	134
WP_000845048.1	337	k121_1109468_1	N/A	54.701	34	117	3.39e-36	130
WP_000845048.1	337	k121_280773_1	N/A	46.512	51	172	9.14e-36	129
WP_000845048.1	337	k121_1798459_1	N/A	73.494	25	83	4.39e-35	128
WP_000845048.1	337	k121_1847618_4	N/A	54.622	35	119	1.13e-34	127
WP_000845048.1	337	k121_1966553_2	N/A	43.357	42	143	1.94e-34	126
WP_000845048.1	337	k121_177114_2	N/A	28.086	96	324	2.01e-34	132
WP_000845048.1	337	k121_1258196_2	N/A	40.113	53	177	2.84e-34	127
WP_000845048.1	337	k121_810931_3	N/A	67.033	27	91	3.32e-34	124
WP_000845048.1	337	k121_2056934_3	N/A	33.226	92	310	3.91e-34	129
WP_000845048.1	337	k121_169317_3	N/A	28.155	91	309	4.75e-34	130
WP_000845048.1	337	k121_1741990_2	N/A	57.692	31	104	1.38e-33	122
WP_000845048.1	337	k121_155635_2	N/A	32.927	97	328	3.16e-33	128
WP_000845048.1	337	k121_1376836_2	N/A	31.629	92	313	1.20e-32	127
WP_000845048.1	337	k121_812208_14	N/A	32.722	97	327	3.55e-32	125
WP_000845048.1	337	k121_1877118_3	N/A	32.595	90	316	3.68e-32	124
WP_000845048.1	337	k121_1709164_1	N/A	33.106	85	293	2.05e-31	122
WP_000845048.1	337	k121_1686068_1	N/A	35.294	75	255	5.44e-30	117
WP_000845048.1	337	k121_960653_7	N/A	60.440	27	91	7.35e-30	112
WP_000845048.1	337	k121_1963146_2	N/A	31.271	85	291	2.24e-29	117
WP_000845048.1	337	k121_1694946_2	N/A	33.435	97	329	1.39e-28	115
WP_000845048.1	337	k121_2070664_1	N/A	30.091	96	329	2.22e-28	114
WP_000845048.1	337	k121_633964_2	N/A	29.795	85	292	2.92e-28	113
WP_000845048.1	337	k121_1875251_1	N/A	32.258	92	310	4.61e-28	113
WP_000845048.1	337	k121_406110_2	N/A	30.263	89	304	7.52e-28	113
WP_000845048.1	337	k121_1752145_2	N/A	30.820	85	305	7.80e-28	113
WP_000845048.1	337	k121_1622897_3	N/A	53.398	31	103	1.38e-27	107
WP_000845048.1	337	k121_296556_5	N/A	27.044	93	318	1.66e-27	114
WP_000845048.1	337	k121_487510_2	N/A	32.510	72	243	2.06e-27	114
WP_000845048.1	337	k121_272697_3	N/A	31.250	98	336	2.09e-27	112
WP_000845048.1	337	k121_2082654_4	N/A	51.546	29	97	2.28e-27	106
WP_000845048.1	337	k121_1463624_2	N/A	36.986	65	219	2.40e-27	110
WP_000845048.1	337	k121_1971011_1	N/A	28.049	95	328	4.87e-27	112
WP_000845048.1	337	k121_1162946_2	N/A	29.129	97	333	5.97e-27	110
WP_000845048.1	337	k121_1577001_4	N/A	31.833	91	311	1.07e-26	110
WP_000845048.1	337	k121_2016904_1	N/A	67.949	23	78	2.09e-26	103
WP_000845048.1	337	k121_1455390_2	N/A	35.874	66	223	3.23e-26	106
WP_000845048.1	337	k121_73493_1	N/A	38.947	56	190	1.73e-25	103
WP_000845048.1	337	k121_1627719_2	N/A	32.278	82	316	2.03e-25	107
WP_000845048.1	337	k121_820162_2	N/A	35.683	66	227	3.39e-25	105
WP_000845048.1	337	k121_1773329_1	N/A	62.338	23	77	5.02e-25	99.8
WP_000845048.1	337	k121_312480_6	N/A	29.808	86	312	1.41e-24	104
WP_000845048.1	337	k121_1948815_13	N/A	33.871	68	248	3.07e-24	103
WP_000845048.1	337	k121_202769_45	N/A	31.720	55	186	5.51e-24	101
WP_000845048.1	337	k121_1664117_7	N/A	46.729	32	107	1.21e-23	96.7
WP_000845048.1	337	k121_1785501_1	N/A	30.000	59	200	2.93e-23	97.4
WP_000845048.1	337	k121_540017_4	N/A	34.568	69	243	4.48e-23	100
WP_000845048.1	337	k121_655353_2	N/A	28.070	84	285	4.55e-23	101
WP_000845048.1	337	k121_1690700_1	N/A	25.763	83	295	6.68e-23	99.8
WP_000845048.1	337	k121_250752_20	N/A	28.205	78	273	1.08e-22	99.4
WP_000845048.1	337	k121_1258196_1	N/A	66.216	22	74	1.21e-22	92.8
WP_000845048.1	337	k121_1660150_4	N/A	33.745	68	243	1.92e-22	99.0
WP_000845048.1	337	k121_325860_26	N/A	31.802	78	283	3.60e-22	98.2
WP_000845048.1	337	k121_308208_2	N/A	34.061	66	229	3.81e-22	97.8
WP_000845048.1	337	k121_379619_39	N/A	30.769	85	299	9.02e-22	97.1
WP_000845048.1	337	k121_1475905_1	N/A	33.333	66	231	9.15e-22	96.7
WP_000845048.1	337	k121_791928_21	N/A	28.479	85	309	1.11e-21	97.1
WP_000845048.1	337	k121_865193_1	N/A	62.857	20	70	2.14e-21	89.4
WP_000845048.1	337	k121_6419_2	N/A	41.221	39	131	2.19e-21	94.4
WP_000845048.1	337	k121_1948077_3	N/A	32.258	77	279	2.24e-21	95.9
WP_000845048.1	337	k121_360978_5	N/A	32.331	74	266	2.27e-21	94.4
WP_000845048.1	337	k121_1641178_2	N/A	27.609	84	297	3.95e-21	95.1
WP_000845048.1	337	k121_394424_2	N/A	30.769	84	286	7.48e-21	95.1
WP_000845048.1	337	k121_1806984_5	N/A	27.425	85	299	1.04e-20	94.0
WP_000845048.1	337	k121_898869_1	N/A	34.894	68	235	1.32e-20	93.6
WP_000845048.1	337	k121_399914_1	N/A	29.368	77	269	1.41e-20	93.6
WP_000845048.1	337	k121_1143622_5	N/A	33.333	63	219	1.43e-20	94.0
WP_000845048.1	337	k121_29160_2	N/A	28.094	85	299	1.48e-20	93.2
WP_000845048.1	337	k121_931299_2	N/A	29.021	84	286	1.67e-20	94.0
WP_000845048.1	337	k121_684796_1	N/A	34.135	60	208	1.68e-20	91.7
WP_000845048.1	337	k121_1366088_3	N/A	31.387	78	274	1.84e-20	93.2
WP_000845048.1	337	k121_1431694_1	N/A	30.657	78	274	1.87e-20	92.4
WP_000845048.1	337	k121_601609_2	N/A	27.302	88	315	2.44e-20	92.8
WP_000845048.1	337	k121_384217_2	N/A	27.891	85	294	2.91e-20	92.8
WP_000845048.1	337	k121_34049_3	N/A	34.434	61	212	3.99e-20	92.0
WP_000845048.1	337	k121_1580232_2	N/A	29.020	72	255	4.07e-20	90.9
WP_000845048.1	337	k121_1429626_1	N/A	33.684	56	190	4.21e-20	89.0
WP_000845048.1	337	k121_1928169_7	N/A	29.924	76	264	4.59e-20	92.4
WP_000845048.1	337	k121_1453827_1	N/A	32.420	61	219	5.00e-20	90.5
WP_000845048.1	337	k121_2114_1	N/A	27.946	86	297	5.82e-20	92.0
WP_000845048.1	337	k121_823649_19	N/A	29.323	76	266	5.86e-20	91.3
WP_000845048.1	337	k121_1616181_1	N/A	26.471	83	306	7.10e-20	92.0
WP_000845048.1	337	k121_1082123_46	N/A	34.649	66	228	8.39e-20	91.3
WP_000845048.1	337	k121_1417419_18	N/A	33.491	61	212	8.44e-20	91.3
WP_000845048.1	337	k121_1193562_1	N/A	26.471	78	272	1.16e-19	90.9
WP_000845048.1	337	k121_1571005_2	N/A	34.759	55	187	1.36e-19	90.5
WP_000845048.1	337	k121_886948_1	N/A	53.846	23	78	1.55e-19	84.7
WP_000845048.1	337	k121_2028921_1	N/A	32.178	59	202	1.59e-19	87.4
WP_000845048.1	337	k121_642238_8	N/A	30.292	78	274	1.79e-19	90.1
WP_000845048.1	337	k121_1397874_1	N/A	28.912	84	294	3.09e-19	90.1
WP_000845048.1	337	k121_37120_1	N/A	32.900	66	231	3.66e-19	89.4
WP_000845048.1	337	k121_1714324_2	N/A	32.042	84	284	4.10e-19	89.0
WP_000845048.1	337	k121_1363837_2	N/A	34.239	55	184	4.82e-19	89.0
WP_000845048.1	337	k121_89233_2	N/A	28.253	77	269	6.72e-19	89.0
WP_000845048.1	337	k121_2081271_2	N/A	28.315	78	279	6.98e-19	89.0
WP_000845048.1	337	k121_1139438_4	N/A	28.996	77	269	7.79e-19	89.0
WP_000845048.1	337	k121_12243_7	N/A	31.641	73	256	8.38e-19	88.6
WP_000845048.1	337	k121_861045_3	N/A	33.333	53	180	8.77e-19	88.6
WP_000845048.1	337	k121_319945_92	N/A	35.955	53	178	9.44e-19	88.2
WP_000845048.1	337	k121_292206_2	N/A	29.339	72	242	9.63e-19	87.4
WP_000845048.1	337	k121_1932200_1	N/A	30.943	76	265	1.12e-18	87.4
WP_000845048.1	337	k121_1909137_2	N/A	25.704	84	284	1.46e-18	87.0
WP_000845048.1	337	k121_829862_2	N/A	32.174	66	230	1.64e-18	88.2
WP_000845048.1	337	k121_1414973_5	N/A	28.731	77	268	1.75e-18	88.6
WP_000845048.1	337	k121_267640_2	N/A	29.054	85	296	2.19e-18	87.4
WP_000845048.1	337	k121_833591_1	N/A	29.455	78	275	2.26e-18	87.0
WP_000845048.1	337	k121_1961801_4	N/A	27.881	77	269	2.27e-18	87.4
WP_000845048.1	337	k121_1334240_32	N/A	28.571	80	280	2.44e-18	87.4
WP_000845048.1	337	k121_753806_3	N/A	23.529	90	306	2.53e-18	86.7
WP_000845048.1	337	k121_734206_11	N/A	27.481	74	262	2.79e-18	87.0
WP_000845048.1	337	k121_1182630_4	N/A	26.603	86	312	3.11e-18	87.0
WP_000845048.1	337	k121_1906535_4	N/A	27.536	78	276	3.12e-18	87.0
WP_000845048.1	337	k121_111746_2	N/A	27.985	77	268	3.18e-18	86.3
WP_000845048.1	337	k121_1837420_4	N/A	25.850	83	294	4.15e-18	86.3
WP_000845048.1	337	k121_39446_12	N/A	27.881	77	269	4.91e-18	86.7
WP_000845048.1	337	k121_989746_1	N/A	29.630	77	270	5.83e-18	85.5
WP_000845048.1	337	k121_1412026_11	N/A	28.253	77	269	5.85e-18	86.3
WP_000845048.1	337	k121_1175661_1	N/A	29.371	84	286	5.87e-18	87.0
WP_000845048.1	337	k121_1875873_5	N/A	32.110	62	218	5.88e-18	86.3
WP_000845048.1	337	k121_1223510_79	N/A	29.252	81	294	6.37e-18	86.3
WP_000845048.1	337	k121_299191_2	N/A	30.037	78	273	6.66e-18	85.9
WP_000845048.1	337	k121_361392_1	N/A	28.620	85	297	6.74e-18	85.9
WP_000845048.1	337	k121_693426_1	N/A	29.197	78	274	8.60e-18	85.9
WP_000845048.1	337	k121_1165922_2	N/A	33.333	61	213	1.01e-17	85.5
WP_000845048.1	337	k121_54800_3	N/A	27.961	83	304	1.22e-17	85.5
WP_000845048.1	337	k121_1889969_2	N/A	31.081	63	222	1.40e-17	85.1
WP_000845048.1	337	k121_1231311_4	N/A	34.807	53	181	1.42e-17	82.0
WP_000845048.1	337	k121_1901509_2	N/A	29.670	78	273	2.94e-17	84.3
WP_000845048.1	337	k121_47327_2	N/A	32.353	68	238	2.98e-17	84.3
WP_000845048.1	337	k121_437867_9	N/A	31.034	67	232	3.02e-17	84.3
WP_000845048.1	337	k121_935898_3	N/A	23.746	83	299	3.34e-17	84.0
WP_000845048.1	337	k121_610334_1	N/A	28.028	83	289	3.44e-17	84.3
WP_000845048.1	337	k121_152069_36	N/A	27.812	88	320	3.66e-17	84.3
WP_000845048.1	337	k121_129221_10	N/A	32.558	62	215	4.05e-17	84.0
WP_000845048.1	337	k121_1392425_2	N/A	29.670	78	273	4.79e-17	83.6
WP_000845048.1	337	k121_1102843_84	N/A	31.752	77	274	4.85e-17	83.6
WP_000845048.1	337	k121_388738_2	N/A	30.620	73	258	5.08e-17	82.4
WP_000845048.1	337	k121_1728114_2	N/A	31.481	62	216	6.15e-17	82.8
WP_000845048.1	337	k121_1110901_4	N/A	30.065	85	306	6.46e-17	83.2
WP_000845048.1	337	k121_32306_7	N/A	31.250	61	208	6.60e-17	82.0
WP_000845048.1	337	k121_1931651_9	N/A	29.811	76	265	7.35e-17	83.2
WP_000845048.1	337	k121_1634307_4	N/A	25.641	78	273	9.72e-17	82.8
WP_000845048.1	337	k121_290033_3	N/A	29.304	78	273	1.04e-16	82.8
WP_000845048.1	337	k121_1298784_2	N/A	29.348	78	276	1.82e-16	82.4
WP_000845048.1	337	k121_2006322_3	N/A	26.282	88	312	2.08e-16	81.6
WP_000845048.1	337	k121_836743_296	N/A	27.640	89	322	3.70e-16	81.6
WP_000845048.1	337	k121_1156347_2	N/A	29.063	89	320	5.36e-16	80.5
WP_000845048.1	337	k121_1634269_4	N/A	26.909	78	275	6.40e-16	80.5
WP_000845048.1	337	k121_1851021_3	N/A	30.693	58	202	6.57e-16	80.9
WP_000845048.1	337	k121_256201_2	N/A	30.599	88	317	6.62e-16	80.5
WP_000845048.1	337	k121_17856_2	N/A	26.045	88	311	6.66e-16	80.1
WP_000845048.1	337	k121_631618_4	N/A	29.206	88	315	7.04e-16	80.1
WP_000845048.1	337	k121_1233488_2	N/A	28.615	88	325	1.01e-15	80.1
WP_000845048.1	337	k121_1284958_2	N/A	31.321	75	265	1.08e-15	80.1
WP_000845048.1	337	k121_452927_3	N/A	33.937	63	221	1.11e-15	79.7
WP_000845048.1	337	k121_1819430_1	N/A	28.431	84	306	1.60e-15	79.3
WP_000845048.1	337	k121_1942622_19	N/A	31.641	72	256	2.35e-15	78.6
WP_000845048.1	337	k121_1824212_8	N/A	29.508	85	305	2.64e-15	78.6
WP_000845048.1	337	k121_156078_1	N/A	40.496	34	121	2.67e-15	75.5
WP_000845048.1	337	k121_486278_2	N/A	29.032	85	310	2.90e-15	78.6
WP_000845048.1	337	k121_828532_15	N/A	29.085	85	306	3.39e-15	78.2
WP_000845048.1	337	k121_927081_2	N/A	34.831	53	178	3.42e-15	78.2
WP_000845048.1	337	k121_676980_2	N/A	28.044	76	271	3.84e-15	78.2
WP_000845048.1	337	k121_1140625_2	N/A	33.484	63	221	4.74e-15	78.2
WP_000845048.1	337	k121_1414583_17	N/A	31.915	67	235	5.09e-15	77.8
WP_000845048.1	337	k121_2066495_2	N/A	32.308	57	195	8.21e-15	74.3
WP_000845048.1	337	k121_1590363_5	N/A	27.897	63	233	8.74e-15	77.4
WP_000845048.1	337	k121_610888_6	N/A	31.416	63	226	9.89e-15	77.0
WP_000845048.1	337	k121_794756_3	N/A	27.019	90	322	1.28e-14	77.0
WP_000845048.1	337	k121_269123_6	N/A	29.694	63	229	1.44e-14	76.6
WP_000845048.1	337	k121_918933_1	N/A	29.412	62	221	1.49e-14	74.7
WP_000845048.1	337	k121_794297_60	N/A	28.339	84	307	1.72e-14	76.3
WP_000845048.1	337	k121_617563_2	N/A	25.667	85	300	2.35e-14	75.9
WP_000845048.1	337	k121_535408_1	N/A	29.730	44	148	2.37e-14	76.3
WP_000845048.1	337	k121_258299_2	N/A	28.049	79	328	2.40e-14	75.9
WP_000845048.1	337	k121_1945002_3	N/A	29.508	84	305	2.80e-14	75.9
WP_000845048.1	337	k121_2079619_12	N/A	24.921	90	317	3.45e-14	75.5
WP_000845048.1	337	k121_122011_1	N/A	31.250	62	224	3.64e-14	73.9
WP_000845048.1	337	k121_243992_2	N/A	31.754	61	211	3.69e-14	73.6
WP_000845048.1	337	k121_1534788_2	N/A	47.945	22	73	3.79e-14	71.6
WP_000845048.1	337	k121_1794929_2	N/A	43.902	23	82	5.39e-14	70.1
WP_000845048.1	337	k121_358608_2	N/A	29.487	64	234	5.92e-14	75.1
WP_000845048.1	337	k121_1445503_6	N/A	30.531	61	226	7.11e-14	74.7
WP_000845048.1	337	k121_1862776_1	N/A	34.463	53	177	7.36e-14	73.9
WP_000845048.1	337	k121_1261561_1	N/A	30.159	55	189	8.76e-14	71.6
WP_000845048.1	337	k121_6419_1	N/A	45.122	24	82	9.55e-14	69.7
WP_000845048.1	337	k121_41851_5	N/A	30.088	64	226	1.04e-13	72.8
WP_000845048.1	337	k121_1939511_2	N/A	31.447	47	159	1.12e-13	73.2
WP_000845048.1	337	k121_1570273_2	N/A	28.509	64	228	1.70e-13	73.6
WP_000845048.1	337	k121_1337102_1	N/A	37.589	42	141	1.89e-13	69.3
WP_000845048.1	337	k121_1074734_2	N/A	27.586	82	290	3.56e-13	72.4
WP_000845048.1	337	k121_1091069_1	N/A	27.597	84	308	4.04e-13	72.4
WP_000845048.1	337	k121_176552_2	N/A	30.804	62	224	4.87e-13	71.6
WP_000845048.1	337	k121_728490_6	N/A	26.201	63	229	5.62e-13	72.0
WP_000845048.1	337	k121_55845_2	N/A	28.226	67	248	6.78e-13	71.6
WP_000845048.1	337	k121_936959_2	N/A	52.703	21	74	8.63e-13	67.4
WP_000845048.1	337	k121_662566_1	N/A	29.870	64	231	9.70e-13	70.1
WP_000845048.1	337	k121_180930_17	N/A	29.333	63	225	1.21e-12	70.9
WP_000845048.1	337	k121_1949078_6	N/A	28.571	63	224	1.43e-12	70.9
WP_000845048.1	337	k121_1689443_7	N/A	30.357	62	224	2.07e-12	70.1
WP_000845048.1	337	k121_674428_4	N/A	27.731	62	238	2.59e-12	70.5
WP_000845048.1	337	k121_839468_2	N/A	30.769	61	221	2.77e-12	70.1
WP_000845048.1	337	k121_1079723_3	N/A	26.603	85	312	2.82e-12	69.7
WP_000845048.1	337	k121_229872_2	N/A	33.708	53	178	3.18e-12	67.4
WP_000845048.1	337	k121_1764675_2	N/A	29.278	74	263	3.54e-12	69.7
WP_000845048.1	337	k121_915050_1	N/A	31.527	59	203	4.09e-12	69.3
WP_000845048.1	337	k121_893622_38	N/A	29.825	62	228	5.99e-12	68.9
WP_000845048.1	337	k121_1935179_5	N/A	29.333	61	225	6.28e-12	68.9
WP_000845048.1	337	k121_1324725_2	N/A	28.704	62	216	6.81e-12	67.8
WP_000845048.1	337	k121_922348_2	N/A	30.986	61	213	1.28e-11	67.8
WP_000845048.1	337	k121_942581_2	N/A	28.488	51	172	1.58e-11	65.1
WP_000845048.1	337	k121_1242903_2	N/A	27.928	61	222	1.59e-11	67.0
WP_000845048.1	337	k121_436716_2	N/A	34.463	53	177	2.00e-11	67.4
WP_000845048.1	337	k121_1654059_1	N/A	24.623	58	199	2.43e-11	67.0
WP_000845048.1	337	k121_635974_23	N/A	29.108	61	213	2.43e-11	67.0
WP_000845048.1	337	k121_1367519_1	N/A	30.201	44	149	3.13e-11	64.3
WP_000845048.1	337	k121_542374_2	N/A	30.337	53	178	3.77e-11	66.6
WP_000845048.1	337	k121_23998_2	N/A	27.848	64	237	4.10e-11	66.6
WP_000845048.1	337	k121_8092_163	N/A	25.177	77	282	5.18e-11	66.2
WP_000845048.1	337	k121_1583239_2	N/A	29.452	82	292	5.58e-11	66.6
WP_000845048.1	337	k121_1091069_3	N/A	27.899	77	276	5.68e-11	66.6
WP_000845048.1	337	k121_161757_1	N/A	32.287	61	223	7.41e-11	65.9
WP_000845048.1	337	k121_1424038_1	N/A	31.250	61	224	1.17e-10	64.3
WP_000845048.1	337	k121_616263_1	N/A	25.000	89	320	1.34e-10	64.7
WP_000845048.1	337	k121_1332710_1	N/A	29.412	63	221	1.59e-10	63.9
WP_000845048.1	337	k121_1543565_4	N/A	26.861	86	309	2.23e-10	64.3
WP_000845048.1	337	k121_1952789_1	N/A	28.358	76	268	2.59e-10	63.2
WP_000845048.1	337	k121_1870472_8	N/A	26.168	90	321	2.76e-10	64.3
WP_000845048.1	337	k121_2101706_1	N/A	29.730	55	185	4.48e-10	62.0
WP_000845048.1	337	k121_901973_1	N/A	26.480	86	321	6.58e-10	63.2
WP_000845048.1	337	k121_1860343_15	N/A	27.899	77	276	7.67e-10	62.4
WP_000845048.1	337	k121_1939640_24	N/A	26.316	61	228	7.68e-10	62.8
WP_000845048.1	337	k121_1542442_3	N/A	25.333	83	300	8.38e-10	62.8
WP_000845048.1	337	k121_1999335_2	N/A	26.484	62	219	8.75e-10	60.8
WP_000845048.1	337	k121_1158045_1	N/A	29.310	80	290	1.04e-09	62.4
WP_000845048.1	337	k121_1311623_2	N/A	27.473	77	273	1.20e-09	62.4
WP_000845048.1	337	k121_1851727_2	N/A	33.889	53	180	1.69e-09	61.2
WP_000845048.1	337	k121_1087502_2	N/A	29.304	76	273	2.47e-09	61.2
WP_000845048.1	337	k121_394096_1	N/A	28.571	54	182	3.55e-09	58.5
WP_000845048.1	337	k121_514981_2	N/A	28.339	84	307	4.49e-09	60.5
WP_000845048.1	337	k121_417279_90	N/A	26.842	55	190	4.64e-09	60.1
WP_000845048.1	337	k121_2099881_2	N/A	28.169	61	213	4.64e-09	60.1
WP_000845048.1	337	k121_685376_2	N/A	26.712	80	292	4.67e-09	60.1
WP_000845048.1	337	k121_957748_3	N/A	42.308	20	78	5.03e-09	56.2
WP_000845048.1	337	k121_1983227_1	N/A	36.082	26	97	7.02e-09	58.5
WP_000845048.1	337	k121_1220143_2	N/A	28.012	91	332	1.10e-08	59.3
WP_000845048.1	337	k121_1279817_2	N/A	26.852	62	216	1.14e-08	58.5
WP_000845048.1	337	k121_958409_4	N/A	28.409	75	264	1.27e-08	58.9
WP_000845048.1	337	k121_1705128_2	N/A	25.817	84	306	1.55e-08	58.9
WP_000845048.1	337	k121_1050236_1	N/A	24.908	77	273	1.58e-08	58.9
WP_000845048.1	337	k121_1116694_2	N/A	40.000	26	90	1.63e-08	57.0
WP_000845048.1	337	k121_668763_1	N/A	27.619	60	210	1.73e-08	58.9
WP_000845048.1	337	k121_56446_2	N/A	25.926	62	216	1.83e-08	57.4
WP_000845048.1	337	k121_663504_4	N/A	25.444	92	338	1.85e-08	58.5
WP_000845048.1	337	k121_151570_2	N/A	25.888	57	197	2.50e-08	56.2
WP_000845048.1	337	k121_423565_1	N/A	26.667	62	210	3.00e-08	58.2
WP_000845048.1	337	k121_1517813_3	N/A	28.155	59	206	4.80e-08	57.8
WP_000845048.1	337	k121_576407_1	N/A	28.216	67	241	6.19e-08	57.0
WP_000845048.1	337	k121_3314_2	N/A	36.145	24	83	6.21e-08	54.3
WP_000845048.1	337	k121_881037_8	N/A	46.575	22	73	7.31e-08	52.0
WP_000845048.1	337	k121_220640_3	N/A	31.414	53	191	7.59e-08	55.1
WP_000845048.1	337	k121_1194019_2	N/A	26.780	81	295	1.15e-07	55.8
WP_000845048.1	337	k121_1009783_3	N/A	29.474	50	190	1.29e-07	54.7
WP_000845048.1	337	k121_1281326_1	N/A	32.143	41	140	1.34e-07	54.3
WP_000845048.1	337	k121_908623_1	N/A	31.148	53	183	1.70e-07	55.8
WP_000845048.1	337	k121_1953386_2	N/A	29.048	60	210	1.94e-07	55.8
WP_000845048.1	337	k121_71399_2	N/A	24.057	62	212	2.14e-07	54.7
WP_000845048.1	337	k121_1728053_3	N/A	24.179	93	335	2.39e-07	55.5
WP_000845048.1	337	k121_817561_1	N/A	30.220	51	182	3.62e-07	55.1
WP_000845048.1	337	k121_259899_2	N/A	30.811	54	185	3.75e-07	53.1
WP_000845048.1	337	k121_1880779_2	N/A	25.581	85	301	4.39e-07	54.7
WP_000845048.1	337	k121_2060919_2	N/A	33.945	32	109	4.66e-07	53.9
WP_000845048.1	337	k121_1882261_2	N/A	39.706	20	68	7.46e-07	52.8
WP_000845048.1	337	k121_1178478_2	N/A	27.451	69	255	1.17e-06	52.8
WP_000845048.1	337	k121_706942_1	N/A	25.616	59	203	1.55e-06	52.0
WP_000845048.1	337	k121_1511822_2	N/A	24.066	66	241	2.75e-06	52.4
WP_000845048.1	337	k121_1542442_4	N/A	27.193	61	228	2.93e-06	51.6
WP_000845048.1	337	k121_201387_2	N/A	24.737	53	190	3.68e-06	50.8
WP_000845048.1	337	k121_123115_1	N/A	27.027	74	296	3.85e-06	51.6
WP_000845048.1	337	k121_235118_1	N/A	36.047	25	86	6.25e-06	48.5
WP_000845048.1	337	k121_1096382_2	N/A	28.054	62	221	6.66e-06	51.2
WP_000845048.1	337	k121_1583239_4	N/A	25.830	75	271	7.39e-06	50.4
WP_000845048.1	337	k121_1095254_3	N/A	23.256	51	172	7.82e-06	50.4
WP_000845048.1	337	k121_1096382_1	N/A	23.729	86	295	8.49e-06	50.4
WP_000845048.1	337	k121_124129_3	N/A	26.702	53	191	9.12e-06	50.4
WP_000845048.1	337	k121_694367_2	N/A	26.471	77	272	9.53e-06	50.4
WP_000845048.1	337	k121_1161270_6	N/A	28.141	55	199	1.04e-05	48.9
WP_000845048.1	337	k121_1208817_1	N/A	25.000	83	300	1.81e-05	49.3
WP_000845048.1	337	k121_122433_1	N/A	30.000	39	130	1.94e-05	47.0
WP_000845048.1	337	k121_406072_2	N/A	23.810	61	210	1.94e-05	49.3
WP_000845048.1	337	k121_1835012_1	N/A	27.746	50	173	1.94e-05	49.3
WP_000845048.1	337	k121_1738863_2	N/A	25.000	84	304	1.95e-05	49.3
WP_000845048.1	337	k121_959378_4	N/A	27.404	55	208	2.06e-05	49.7
WP_000845048.1	337	k121_159984_1	N/A	25.786	85	318	2.21e-05	49.3
WP_000845048.1	337	k121_279602_5	N/A	24.611	86	321	2.55e-05	49.3
WP_000845048.1	337	k121_1311623_4	N/A	27.700	60	213	2.63e-05	48.1
WP_000845048.1	337	k121_391874_1	N/A	25.258	56	194	2.65e-05	47.8
WP_000845048.1	337	k121_976786_1	N/A	28.671	79	286	2.76e-05	48.5
WP_000845048.1	337	k121_591233_4	N/A	30.872	38	149	2.95e-05	47.4
WP_000845048.1	337	k121_1542442_5	N/A	26.437	50	174	3.10e-05	48.9
WP_000845048.1	337	k121_1833934_3	N/A	27.869	53	183	3.39e-05	48.9
WP_000845048.1	337	k121_256705_1	N/A	27.381	50	168	3.74e-05	48.5
WP_000845048.1	337	k121_919817_1	N/A	37.143	21	70	4.01e-05	46.6
WP_000845048.1	337	k121_1171877_1	N/A	25.083	84	303	4.57e-05	48.1
WP_000845048.1	337	k121_1171877_2	N/A	31.319	52	182	4.65e-05	47.0
WP_000845048.1	337	k121_1161270_5	N/A	24.671	84	304	5.92e-05	47.8
WP_000845048.1	337	k121_1733067_2	N/A	26.818	64	220	6.66e-05	47.8
WP_000845048.1	337	k121_565007_1	N/A	28.926	60	242	6.85e-05	47.8
WP_000845048.1	337	k121_27184_2	N/A	24.286	60	210	6.88e-05	47.0
WP_000845048.1	337	k121_1234804_9	N/A	41.176	20	68	8.43e-05	47.8
WP_000845048.1	337	k121_1863935_1	N/A	29.327	59	208	8.96e-05	47.4
WP_000845048.1	337	k121_833764_2	N/A	27.041	54	196	9.36e-05	46.2
WP_000845048.1	337	k121_356011_2	N/A	29.787	64	235	9.47e-05	47.8
WP_000845048.1	337	k121_1321384_1	N/A	27.979	54	193	9.55e-05	46.6
WP_000845048.1	337	k121_1333441_1	N/A	33.784	22	74	9.82e-05	47.4
WP_000845048.1	337	k121_681035_1	N/A	34.177	23	79	1.14e-04	44.7
WP_000845048.1	337	k121_1699360_2	N/A	26.829	59	205	1.21e-04	47.0
WP_000845048.1	337	k121_1758065_2	N/A	26.923	52	182	1.40e-04	46.2
WP_000845048.1	337	k121_132665_1	N/A	30.986	36	142	1.52e-04	45.8
WP_000845048.1	337	k121_566681_5	N/A	27.111	64	225	1.55e-04	46.6
WP_000845048.1	337	k121_334769_13	N/A	23.794	85	311	1.70e-04	46.6
WP_000845048.1	337	k121_2024187_2	N/A	26.214	59	206	1.97e-04	45.1
WP_000845048.1	337	k121_1983227_2	N/A	23.162	78	272	2.20e-04	46.2
WP_000845048.1	337	k121_1746822_2	N/A	25.701	62	214	2.21e-04	46.2
WP_000845048.1	337	k121_1748830_1	N/A	28.431	53	204	2.29e-04	45.4
WP_000845048.1	337	k121_965317_1	N/A	33.684	27	95	2.61e-04	44.7
WP_000845048.1	337	k121_1385533_1	N/A	26.341	55	205	2.66e-04	45.4
WP_000845048.1	337	k121_1333183_15	N/A	36.986	21	73	2.66e-04	45.8
WP_000845048.1	337	k121_1682176_7	N/A	25.581	60	215	2.80e-04	45.8
WP_000845048.1	337	k121_94069_1	N/A	33.803	21	71	2.82e-04	43.1
WP_000845048.1	337	k121_377389_1	N/A	24.806	74	258	3.41e-04	45.8
WP_000845048.1	337	k121_174681_1	N/A	27.542	65	236	3.49e-04	45.4
WP_000845048.1	337	k121_1991262_1	N/A	28.780	60	205	3.61e-04	45.1
WP_000845048.1	337	k121_2043341_2	N/A	36.986	21	73	4.14e-04	45.4
WP_000845048.1	337	k121_278244_1	N/A	31.169	22	77	5.31e-04	44.7
WP_000845048.1	337	k121_1393838_1	N/A	26.471	65	238	5.65e-04	44.7
WP_000845048.1	337	k121_1903106_2	N/A	23.377	85	308	6.03e-04	44.7
WP_000845048.1	337	k121_1498604_2	N/A	27.344	72	256	6.12e-04	44.7
WP_000845048.1	337	k121_573984_1	N/A	26.990	77	289	6.14e-04	44.3
WP_000845048.1	337	k121_630052_2	N/A	25.837	60	209	6.58e-04	44.7
WP_000845048.1	337	k121_1595141_2	N/A	24.839	85	310	7.17e-04	44.7
WP_000845048.1	337	k121_1627214_16	N/A	24.116	85	311	7.96e-04	44.3
WP_000845048.1	337	k121_1685614_2	N/A	24.891	65	229	8.31e-04	44.3
WP_000845048.1	337	k121_1384669_4	N/A	26.549	64	226	8.69e-04	43.9
WP_000845048.1	337	k121_1091069_2	N/A	27.108	89	332	0.001	44.3
WP_000845048.1	337	k121_99140_3	N/A	27.805	56	205	0.001	44.7
WP_000845048.1	337	k121_1971211_1	N/A	25.991	61	227	0.001	43.9
WP_000845048.1	337	k121_1986010_11	N/A	30.693	30	101	0.001	44.3
WP_000845048.1	337	k121_1764675_4	N/A	22.993	77	274	0.001	43.9
WP_000845048.1	337	k121_1095254_1	N/A	26.786	50	168	0.001	43.9
WP_000845048.1	337	k121_46896_1	N/A	24.324	82	296	0.001	43.9
WP_000845048.1	337	k121_182837_2	N/A	26.471	56	204	0.001	43.5
WP_000845048.1	337	k121_104957_2	N/A	24.194	85	310	0.001	43.9
WP_000845048.1	337	k121_1798195_1	N/A	22.892	90	332	0.001	43.9
WP_000845048.1	337	k121_1770365_1	N/A	24.342	85	304	0.001	43.9
WP_000845048.1	337	k121_1382373_1	N/A	26.201	66	229	0.001	42.7
WP_000845048.1	337	k121_1081328_2	N/A	25.962	53	208	0.002	43.1
WP_000845048.1	337	k121_539951_2	N/A	26.705	52	176	0.002	43.5
WP_000845048.1	337	k121_1728053_2	N/A	32.075	28	106	0.002	43.1
WP_000845048.1	337	k121_2015390_1	N/A	27.624	53	181	0.002	43.5
WP_000845048.1	337	k121_936367_4	N/A	21.244	57	193	0.002	42.7
WP_000845048.1	337	k121_313563_5	N/A	35.616	21	73	0.002	43.1
WP_000845048.1	337	k121_229765_1	N/A	27.778	53	198	0.002	43.5
WP_000845048.1	337	k121_1420599_1	N/A	37.333	22	75	0.002	43.1
WP_000845048.1	337	k121_1370589_96	N/A	26.923	52	208	0.002	42.7
WP_000845048.1	337	k121_1197653_1	N/A	34.247	21	73	0.002	42.0
WP_000845048.1	337	k121_763218_1	N/A	23.529	74	255	0.003	43.1
WP_000845048.1	337	k121_1827878_2	N/A	25.283	58	265	0.003	43.1
WP_000845048.1	337	k121_1936132_4	N/A	24.201	64	219	0.003	42.4
WP_000845048.1	337	k121_1137239_1	N/A	30.935	36	139	0.004	42.0
WP_000845048.1	337	k121_704336_1	N/A	27.273	50	176	0.004	42.4
WP_000845048.1	337	k121_1853915_3	N/A	27.935	67	247	0.004	42.7
WP_000845048.1	337	k121_1746822_1	N/A	31.034	31	116	0.004	41.2
WP_000845048.1	337	k121_720436_1	N/A	24.528	88	318	0.004	42.0
WP_000845048.1	337	k121_902501_2	N/A	32.222	27	90	0.004	41.2
WP_000845048.1	337	k121_1145101_3	N/A	27.711	42	166	0.005	41.6
WP_000845048.1	337	k121_889647_2	N/A	32.222	27	90	0.005	41.2
WP_000845048.1	337	k121_1370589_76	N/A	35.135	22	74	0.005	41.6
WP_000845048.1	337	k121_1294456_2	N/A	27.500	56	200	0.005	42.0
WP_000845048.1	337	k121_1862838_1	N/A	24.519	60	208	0.006	41.6
WP_000845048.1	337	k121_573372_59	N/A	34.722	21	72	0.007	41.6
WP_000845048.1	337	k121_1508294_2	N/A	24.188	74	277	0.007	41.6
WP_000845048.1	337	k121_1063203_1	N/A	37.647	23	85	0.007	41.6
WP_000845048.1	337	k121_668763_2	N/A	33.019	28	106	0.008	41.2
WP_000845048.1	337	k121_1837483_1	N/A	23.529	65	221	0.008	41.6
WP_000845048.1	337	k121_256432_2	N/A	30.282	38	142	0.008	40.0
WP_000845048.1	337	k121_990147_3	N/A	31.538	35	130	0.009	40.4
