SadA_ref|WP_036299419.1|:1-399	399	k121_247368_1	N/A	27.005	91	374	3.86e-40	147
SadA_ref|WP_036299419.1|:1-399	399	k121_209279_2	N/A	28.723	47	188	8.48e-24	99.0
SadA_ref|WP_036299419.1|:1-399	399	k121_91756_2	N/A	26.699	96	412	1.93e-21	95.9
SadA_ref|WP_036299419.1|:1-399	399	k121_257172_3	N/A	26.016	89	369	4.88e-21	94.7
SadA_ref|WP_036299419.1|:1-399	399	k121_24078_2	N/A	23.560	92	382	1.21e-17	84.7
SadA_ref|WP_036299419.1|:1-399	399	k121_71527_10	N/A	31.414	47	191	6.48e-14	70.9
SadA_ref|WP_036299419.1|:1-399	399	k121_87427_3	N/A	24.585	70	301	0.002	41.2
SadA_ref|WP_036299419.1|:1-399	399	k121_140796_1	N/A	22.281	88	377	0.003	40.4
SadB_ref|WP_100812327.1|:1-423	423	k121_247368_1	N/A	28.534	89	382	4.88e-44	158
SadB_ref|WP_100812327.1|:1-423	423	k121_209279_2	N/A	30.366	45	191	9.63e-26	104
SadB_ref|WP_100812327.1|:1-423	423	k121_91756_2	N/A	27.896	92	423	1.02e-22	100
SadB_ref|WP_100812327.1|:1-423	423	k121_257172_3	N/A	26.933	84	375	7.33e-19	88.6
SadB_ref|WP_100812327.1|:1-423	423	k121_257553_4	N/A	22.980	87	396	8.29e-10	61.2
SadB_ref|WP_100812327.1|:1-423	423	k121_87427_3	N/A	24.000	84	375	1.00e-08	57.8
SadB_ref|WP_100812327.1|:1-423	423	k121_24078_2	N/A	21.739	46	207	2.35e-07	53.5
SadB_ref|WP_100812327.1|:1-423	423	k121_71527_10	N/A	25.263	44	190	3.81e-07	51.2
SadB_ref|WP_100812327.1|:1-423	423	k121_179924_2	N/A	28.462	28	130	0.001	40.4
SadB_ref|WP_100812327.1|:1-423	423	k121_140796_1	N/A	26.389	31	144	0.004	40.0
SadB_ref|WP_100812327.1|:1-423	423	k121_271019_1	N/A	29.730	23	111	0.016	36.6
SadB_ref|WP_100812327.1|:1-423	423	k121_257553_3	N/A	24.272	45	206	0.026	37.7
SadC_ref|WP_036299413.1|:1-194	194	k121_24078_1	N/A	57.143	40	77	3.30e-15	68.6
SadC_ref|WP_036299413.1|:1-194	194	k121_41144_4	N/A	38.636	45	88	6.13e-13	63.2
SadC_ref|WP_036299413.1|:1-194	194	k121_82893_1	N/A	27.857	70	140	3.74e-11	59.7
SadC_ref|WP_036299413.1|:1-194	194	k121_233998_2	N/A	31.343	69	134	3.92e-10	58.5
SadC_ref|WP_036299413.1|:1-194	194	k121_263005_3	N/A	27.273	73	143	1.63e-09	55.8
SadC_ref|WP_036299413.1|:1-194	194	k121_139563_1	N/A	29.787	48	94	4.64e-07	48.5
SadC_ref|WP_036299413.1|:1-194	194	k121_45157_1	N/A	25.000	76	148	5.61e-07	48.9
SadC_ref|WP_036299413.1|:1-194	194	k121_177741_2	N/A	26.761	73	142	1.14e-06	47.4
SadC_ref|WP_036299413.1|:1-194	194	k121_270940_4	N/A	38.235	35	68	2.59e-06	46.6
SadC_ref|WP_036299413.1|:1-194	194	k121_281523_2	N/A	25.478	79	157	4.33e-06	45.8
SadC_ref|WP_036299413.1|:1-194	194	k121_1098_2	N/A	31.579	48	95	1.63e-05	44.3
SadC_ref|WP_036299413.1|:1-194	194	k121_126057_1	N/A	28.571	43	84	4.70e-05	42.4
SadC_ref|WP_036299413.1|:1-194	194	k121_108933_6	N/A	34.615	40	78	1.21e-04	40.8
SadC_ref|WP_036299413.1|:1-194	194	k121_149778_2	N/A	27.358	55	106	6.41e-04	39.7
SadC_ref|WP_036299413.1|:1-194	194	k121_123741_2	N/A	37.500	37	72	8.41e-04	40.0
SadC_ref|WP_036299413.1|:1-194	194	k121_11658_2	N/A	32.323	48	99	0.001	38.1
SadC_ref|WP_036299413.1|:1-194	194	k121_117392_2	N/A	29.474	46	95	0.001	38.9
SadC_ref|WP_036299413.1|:1-194	194	k121_245089_1	N/A	50.000	23	46	0.004	35.0
SadC_ref|WP_036299413.1|:1-194	194	k121_39493_1	N/A	29.577	37	71	0.004	37.7
WP_000259031.1	279	k121_136479_2	N/A	40.244	88	246	3.14e-34	126
WP_000259031.1	279	k121_163566_1	N/A	29.851	93	268	6.26e-29	112
WP_000259031.1	279	k121_126937_2	N/A	36.697	78	218	7.53e-28	108
WP_000259031.1	279	k121_275572_2	N/A	32.509	92	283	1.30e-22	95.9
WP_000259031.1	279	k121_214881_1	N/A	31.674	78	221	2.36e-21	93.6
WP_000259031.1	279	k121_70839_2	N/A	29.167	66	192	7.48e-17	77.8
WP_000259031.1	279	k121_164199_3	N/A	30.387	64	181	1.55e-11	62.8
WP_000259031.1	279	k121_58946_7	N/A	27.778	61	180	3.63e-11	62.4
WP_000259031.1	279	k121_277807_1	N/A	34.375	55	160	1.15e-10	60.8
WP_000259031.1	279	k121_255314_2	N/A	33.766	27	77	5.70e-06	45.1
WP_000259031.1	279	k121_58946_8	N/A	37.143	25	70	1.34e-05	46.2
WP_000259031.1	279	k121_125943_1	N/A	32.941	30	85	1.50e-04	41.6
WP_000259031.1	279	k121_255314_1	N/A	26.957	38	115	0.081	34.3
WP_001043260.1	271	k121_136479_2	N/A	41.473	95	258	3.23e-43	149
WP_001043260.1	271	k121_126937_2	N/A	40.698	95	258	4.66e-41	143
WP_001043260.1	271	k121_163566_1	N/A	32.171	94	258	6.73e-39	137
WP_001043260.1	271	k121_275572_2	N/A	36.429	95	280	4.95e-38	137
WP_001043260.1	271	k121_214881_1	N/A	31.907	94	257	7.49e-26	105
WP_001043260.1	271	k121_164199_3	N/A	35.979	69	189	7.64e-21	87.8
WP_001043260.1	271	k121_70839_2	N/A	29.508	66	183	2.19e-19	84.7
WP_001043260.1	271	k121_125943_1	N/A	42.353	31	85	4.14e-17	76.3
WP_001043260.1	271	k121_255314_2	N/A	43.056	26	72	2.04e-13	65.9
WP_001043260.1	271	k121_277807_1	N/A	31.633	70	196	9.52e-13	66.6
WP_001043260.1	271	k121_58946_8	N/A	38.961	28	77	1.59e-11	63.5
WP_001043260.1	271	k121_58946_7	N/A	25.943	75	212	3.55e-11	62.4
WP_001043260.1	271	k121_391_1	N/A	24.878	74	205	0.021	37.0
WP_000034420.1	263	k121_136479_2	N/A	38.550	99	262	1.86e-50	167
WP_000034420.1	263	k121_163566_1	N/A	35.798	96	257	1.10e-46	157
WP_000034420.1	263	k121_275572_2	N/A	35.439	98	285	4.77e-43	149
WP_000034420.1	263	k121_126937_2	N/A	35.878	99	262	3.02e-40	140
WP_000034420.1	263	k121_214881_1	N/A	35.632	97	261	2.15e-37	136
WP_000034420.1	263	k121_70839_2	N/A	32.787	68	183	1.70e-26	103
WP_000034420.1	263	k121_164199_3	N/A	30.688	71	189	4.11e-20	85.9
WP_000034420.1	263	k121_58946_8	N/A	50.704	27	71	7.62e-18	80.9
WP_000034420.1	263	k121_58946_7	N/A	26.699	74	206	3.79e-15	73.2
WP_000034420.1	263	k121_277807_1	N/A	31.472	73	197	7.30e-15	72.0
WP_000034420.1	263	k121_125943_1	N/A	39.759	31	83	1.46e-14	69.3
WP_000034420.1	263	k121_255314_2	N/A	41.667	27	72	9.01e-13	63.9
WP_000034420.1	263	k121_201701_2	N/A	40.351	22	57	0.002	40.0
WP_000034420.1	263	k121_129512_1	N/A	37.500	24	64	0.009	38.1
WP_000034420.1	263	k121_391_1	N/A	26.667	29	90	0.048	35.8
WP_000034420.1	263	k121_251647_2	N/A	32.203	22	59	0.067	34.7
WP_000034420.1	263	k121_255314_1	N/A	26.364	38	110	0.080	34.3
WP_000845048.1	337	k121_55632_1	N/A	75.503	88	298	7.88e-168	469
WP_000845048.1	337	k121_111066_1	N/A	98.707	69	232	1.02e-167	466
WP_000845048.1	337	k121_149037_1	N/A	71.479	84	284	8.52e-147	416
WP_000845048.1	337	k121_212010_1	N/A	57.627	86	295	1.39e-115	337
WP_000845048.1	337	k121_95090_2	N/A	47.436	93	312	8.39e-95	286
WP_000845048.1	337	k121_158743_2	N/A	64.977	64	217	4.99e-88	266
WP_000845048.1	337	k121_109313_2	N/A	44.053	67	227	6.36e-53	175
WP_000845048.1	337	k121_232487_1	N/A	43.860	51	171	7.89e-36	132
WP_000845048.1	337	k121_3397_1	N/A	44.898	44	147	2.79e-31	119
WP_000845048.1	337	k121_85603_1	N/A	27.869	90	305	2.49e-26	106
WP_000845048.1	337	k121_109041_5	N/A	34.498	66	229	6.67e-23	97.4
WP_000845048.1	337	k121_187276_2	N/A	31.655	78	278	1.33e-22	95.9
WP_000845048.1	337	k121_132675_2	N/A	30.131	67	229	2.51e-22	94.4
WP_000845048.1	337	k121_241065_2	N/A	32.895	66	228	8.53e-20	88.6
WP_000845048.1	337	k121_263129_1	N/A	28.253	77	269	2.22e-19	88.2
WP_000845048.1	337	k121_127105_3	N/A	23.529	90	306	3.63e-19	86.7
WP_000845048.1	337	k121_244031_2	N/A	27.881	77	269	4.35e-19	87.0
WP_000845048.1	337	k121_58018_3	N/A	29.252	81	294	9.97e-19	86.3
WP_000845048.1	337	k121_164063_1	N/A	31.694	54	183	1.48e-17	80.1
WP_000845048.1	337	k121_77580_2	N/A	29.304	78	273	1.50e-17	82.8
WP_000845048.1	337	k121_83957_2	N/A	27.640	89	322	5.30e-17	81.6
WP_000845048.1	337	k121_132836_1	N/A	31.641	72	256	1.76e-16	79.0
WP_000845048.1	337	k121_200544_3	N/A	27.542	63	236	9.75e-16	77.8
WP_000845048.1	337	k121_219011_1	N/A	28.339	84	307	2.47e-15	76.3
WP_000845048.1	337	k121_72381_1	N/A	28.669	82	293	2.04e-14	73.6
WP_000845048.1	337	k121_121946_3	N/A	30.973	61	226	4.00e-14	73.2
WP_000845048.1	337	k121_129552_1	N/A	52.113	20	71	7.27e-14	69.3
WP_000845048.1	337	k121_15649_3	N/A	29.048	60	210	2.00e-08	56.2
WP_000845048.1	337	k121_15649_4	N/A	29.091	60	220	1.81e-07	52.8
WP_000845048.1	337	k121_228596_1	N/A	28.947	45	152	1.85e-07	52.4
WP_000845048.1	337	k121_19706_2	N/A	26.829	49	164	5.42e-07	48.9
WP_000845048.1	337	k121_242193_3	N/A	25.000	83	300	2.60e-06	49.3
WP_000845048.1	337	k121_218194_1	N/A	33.784	22	74	1.40e-05	47.0
WP_000845048.1	337	k121_269676_1	N/A	28.859	38	149	2.78e-05	45.8
WP_000845048.1	337	k121_206454_1	N/A	23.684	85	304	4.50e-05	45.4
WP_000845048.1	337	k121_21492_1	N/A	27.805	56	205	4.85e-05	45.4
WP_000845048.1	337	k121_88702_1	N/A	24.806	74	258	4.89e-05	45.8
WP_000845048.1	337	k121_219522_2	N/A	21.244	57	193	2.91e-04	42.7
WP_000845048.1	337	k121_56201_1	N/A	36.765	20	68	3.74e-04	42.0
WP_000845048.1	337	k121_211567_1	N/A	32.222	27	90	7.33e-04	42.0
WP_000845048.1	337	k121_112274_1	N/A	32.576	35	132	7.90e-04	41.2
WP_000845048.1	337	k121_241450_11	N/A	25.822	59	213	0.002	40.8
WP_000845048.1	337	k121_202133_2	N/A	31.034	33	116	0.004	38.9
WP_000845048.1	337	k121_115652_2	N/A	33.333	23	78	0.004	39.7
WP_000845048.1	337	k121_194075_1	N/A	39.286	22	84	0.007	38.9
WP_000845048.1	337	k121_181723_1	N/A	34.848	20	66	0.026	37.0
WP_000845048.1	337	k121_65100_2	N/A	25.888	53	197	0.043	36.2
WP_000845048.1	337	k121_48351_2	N/A	25.833	33	120	0.067	34.7
WP_000845048.1	337	k121_143485_2	N/A	26.066	61	211	0.075	35.8
WP_000845048.1	337	k121_144573_1	N/A	23.529	59	221	0.097	35.4
