SadA_ref|WP_036299419.1|:1-399	399	k121_247368_1	N/A	27.005	91	374	3.86e-40	147
SadA_ref|WP_036299419.1|:1-399	399	k121_209279_2	N/A	28.723	47	188	8.48e-24	99.0
SadA_ref|WP_036299419.1|:1-399	399	k121_91756_2	N/A	26.699	96	412	1.93e-21	95.9
SadA_ref|WP_036299419.1|:1-399	399	k121_257172_3	N/A	26.016	89	369	4.88e-21	94.7
SadA_ref|WP_036299419.1|:1-399	399	k121_24078_2	N/A	23.560	92	382	1.21e-17	84.7
SadA_ref|WP_036299419.1|:1-399	399	k121_71527_10	N/A	31.414	47	191	6.48e-14	70.9
SadA_ref|WP_036299419.1|:1-399	399	k121_87427_3	N/A	24.585	70	301	0.002	41.2
SadA_ref|WP_036299419.1|:1-399	399	k121_140796_1	N/A	22.281	88	377	0.003	40.4
SadB_ref|WP_100812327.1|:1-423	423	k121_247368_1	N/A	28.534	89	382	4.88e-44	158
SadB_ref|WP_100812327.1|:1-423	423	k121_209279_2	N/A	30.366	45	191	9.63e-26	104
SadB_ref|WP_100812327.1|:1-423	423	k121_91756_2	N/A	27.896	92	423	1.02e-22	100
SadB_ref|WP_100812327.1|:1-423	423	k121_257172_3	N/A	26.933	84	375	7.33e-19	88.6
SadB_ref|WP_100812327.1|:1-423	423	k121_257553_4	N/A	22.980	87	396	8.29e-10	61.2
SadB_ref|WP_100812327.1|:1-423	423	k121_87427_3	N/A	24.000	84	375	1.00e-08	57.8
SadB_ref|WP_100812327.1|:1-423	423	k121_24078_2	N/A	21.739	46	207	2.35e-07	53.5
SadB_ref|WP_100812327.1|:1-423	423	k121_71527_10	N/A	25.263	44	190	3.81e-07	51.2
SadB_ref|WP_100812327.1|:1-423	423	k121_179924_2	N/A	28.462	28	130	0.001	40.4
SadB_ref|WP_100812327.1|:1-423	423	k121_140796_1	N/A	26.389	31	144	0.004	40.0
SadB_ref|WP_100812327.1|:1-423	423	k121_271019_1	N/A	29.730	23	111	0.016	36.6
SadB_ref|WP_100812327.1|:1-423	423	k121_257553_3	N/A	24.272	45	206	0.026	37.7
SadC_ref|WP_036299413.1|:1-194	194	k121_24078_1	N/A	57.143	40	77	3.30e-15	68.6
SadC_ref|WP_036299413.1|:1-194	194	k121_41144_4	N/A	38.636	45	88	6.13e-13	63.2
SadC_ref|WP_036299413.1|:1-194	194	k121_82893_1	N/A	27.857	70	140	3.74e-11	59.7
SadC_ref|WP_036299413.1|:1-194	194	k121_233998_2	N/A	31.343	69	134	3.92e-10	58.5
SadC_ref|WP_036299413.1|:1-194	194	k121_263005_3	N/A	27.273	73	143	1.63e-09	55.8
SadC_ref|WP_036299413.1|:1-194	194	k121_139563_1	N/A	29.787	48	94	4.64e-07	48.5
SadC_ref|WP_036299413.1|:1-194	194	k121_45157_1	N/A	25.000	76	148	5.61e-07	48.9
SadC_ref|WP_036299413.1|:1-194	194	k121_177741_2	N/A	26.761	73	142	1.14e-06	47.4
SadC_ref|WP_036299413.1|:1-194	194	k121_270940_4	N/A	38.235	35	68	2.59e-06	46.6
SadC_ref|WP_036299413.1|:1-194	194	k121_281523_2	N/A	25.478	79	157	4.33e-06	45.8
SadC_ref|WP_036299413.1|:1-194	194	k121_1098_2	N/A	31.579	48	95	1.63e-05	44.3
SadC_ref|WP_036299413.1|:1-194	194	k121_126057_1	N/A	28.571	43	84	4.70e-05	42.4
SadC_ref|WP_036299413.1|:1-194	194	k121_108933_6	N/A	34.615	40	78	1.21e-04	40.8
SadC_ref|WP_036299413.1|:1-194	194	k121_149778_2	N/A	27.358	55	106	6.41e-04	39.7
SadC_ref|WP_036299413.1|:1-194	194	k121_123741_2	N/A	37.500	37	72	8.41e-04	40.0
SadC_ref|WP_036299413.1|:1-194	194	k121_11658_2	N/A	32.323	48	99	0.001	38.1
SadC_ref|WP_036299413.1|:1-194	194	k121_117392_2	N/A	29.474	46	95	0.001	38.9
SadC_ref|WP_036299413.1|:1-194	194	k121_245089_1	N/A	50.000	23	46	0.004	35.0
SadC_ref|WP_036299413.1|:1-194	194	k121_39493_1	N/A	29.577	37	71	0.004	37.7
WP_000259031.1	279	k121_136479_2	N/A	40.244	88	246	3.14e-34	126
WP_000259031.1	279	k121_163566_1	N/A	29.851	93	268	6.26e-29	112
WP_000259031.1	279	k121_126937_2	N/A	36.697	78	218	7.53e-28	108
WP_000259031.1	279	k121_275572_2	N/A	32.509	92	283	1.30e-22	95.9
WP_000259031.1	279	k121_214881_1	N/A	31.674	78	221	2.36e-21	93.6
WP_000259031.1	279	k121_70839_2	N/A	29.167	66	192	7.48e-17	77.8
WP_000259031.1	279	k121_164199_3	N/A	30.387	64	181	1.55e-11	62.8
WP_000259031.1	279	k121_58946_7	N/A	27.778	61	180	3.63e-11	62.4
WP_000259031.1	279	k121_277807_1	N/A	34.375	55	160	1.15e-10	60.8
WP_000259031.1	279	k121_255314_2	N/A	33.766	27	77	5.70e-06	45.1
WP_000259031.1	279	k121_58946_8	N/A	37.143	25	70	1.34e-05	46.2
WP_000259031.1	279	k121_125943_1	N/A	32.941	30	85	1.50e-04	41.6
WP_000259031.1	279	k121_255314_1	N/A	26.957	38	115	0.081	34.3
WP_001043260.1	271	k121_136479_2	N/A	41.473	95	258	3.23e-43	149
WP_001043260.1	271	k121_126937_2	N/A	40.698	95	258	4.66e-41	143
WP_001043260.1	271	k121_163566_1	N/A	32.171	94	258	6.73e-39	137
WP_001043260.1	271	k121_275572_2	N/A	36.429	95	280	4.95e-38	137
WP_001043260.1	271	k121_214881_1	N/A	31.907	94	257	7.49e-26	105
WP_001043260.1	271	k121_164199_3	N/A	35.979	69	189	7.64e-21	87.8
WP_001043260.1	271	k121_70839_2	N/A	29.508	66	183	2.19e-19	84.7
WP_001043260.1	271	k121_125943_1	N/A	42.353	31	85	4.14e-17	76.3
WP_001043260.1	271	k121_255314_2	N/A	43.056	26	72	2.04e-13	65.9
WP_001043260.1	271	k121_277807_1	N/A	31.633	70	196	9.52e-13	66.6
WP_001043260.1	271	k121_58946_8	N/A	38.961	28	77	1.59e-11	63.5
WP_001043260.1	271	k121_58946_7	N/A	25.943	75	212	3.55e-11	62.4
WP_001043260.1	271	k121_391_1	N/A	24.878	74	205	0.021	37.0
WP_000034420.1	263	k121_136479_2	N/A	38.550	99	262	1.86e-50	167
WP_000034420.1	263	k121_163566_1	N/A	35.798	96	257	1.10e-46	157
WP_000034420.1	263	k121_275572_2	N/A	35.439	98	285	4.77e-43	149
WP_000034420.1	263	k121_126937_2	N/A	35.878	99	262	3.02e-40	140
WP_000034420.1	263	k121_214881_1	N/A	35.632	97	261	2.15e-37	136
WP_000034420.1	263	k121_70839_2	N/A	32.787	68	183	1.70e-26	103
WP_000034420.1	263	k121_164199_3	N/A	30.688	71	189	4.11e-20	85.9
WP_000034420.1	263	k121_58946_8	N/A	50.704	27	71	7.62e-18	80.9
WP_000034420.1	263	k121_58946_7	N/A	26.699	74	206	3.79e-15	73.2
WP_000034420.1	263	k121_277807_1	N/A	31.472	73	197	7.30e-15	72.0
WP_000034420.1	263	k121_125943_1	N/A	39.759	31	83	1.46e-14	69.3
WP_000034420.1	263	k121_255314_2	N/A	41.667	27	72	9.01e-13	63.9
WP_000034420.1	263	k121_201701_2	N/A	40.351	22	57	0.002	40.0
WP_000034420.1	263	k121_129512_1	N/A	37.500	24	64	0.009	38.1
WP_000034420.1	263	k121_391_1	N/A	26.667	29	90	0.048	35.8
WP_000034420.1	263	k121_251647_2	N/A	32.203	22	59	0.067	34.7
WP_000034420.1	263	k121_255314_1	N/A	26.364	38	110	0.080	34.3
WP_206434233.1	297	k121_163566_1	N/A	41.288	89	264	1.79e-61	197
WP_206434233.1	297	k121_214881_1	N/A	39.925	90	268	1.30e-53	180
WP_206434233.1	297	k121_275572_2	N/A	36.610	92	295	1.50e-50	170
WP_206434233.1	297	k121_136479_2	N/A	37.308	88	260	4.13e-48	162
WP_206434233.1	297	k121_126937_2	N/A	37.692	88	260	4.09e-46	157
WP_206434233.1	297	k121_70839_2	N/A	36.216	62	185	3.50e-33	121
WP_206434233.1	297	k121_58946_7	N/A	38.119	65	202	9.10e-33	121
WP_206434233.1	297	k121_277807_1	N/A	39.024	68	205	7.24e-29	110
WP_206434233.1	297	k121_164199_3	N/A	40.223	60	179	5.42e-28	107
WP_206434233.1	297	k121_125943_1	N/A	51.648	31	91	4.10e-20	84.7
WP_206434233.1	297	k121_58946_8	N/A	48.193	28	83	5.58e-20	87.4
WP_206434233.1	297	k121_255314_2	N/A	48.750	26	80	4.40e-16	73.6
WP_206434233.1	297	k121_255314_1	N/A	29.545	55	176	7.24e-13	66.2
WP_005414519.1	219	k121_280883_1	N/A	33.117	70	154	7.73e-24	94.0
WP_005414519.1	219	k121_64035_4	N/A	55.556	25	54	9.54e-16	69.7
WP_005414519.1	219	k121_271522_2	N/A	25.731	76	171	3.50e-08	52.8
WP_005414519.1	219	k121_268590_1	N/A	27.228	88	202	2.85e-07	50.4
WP_005414519.1	219	k121_59436_6	N/A	36.765	31	68	6.60e-07	48.9
WP_005414519.1	219	k121_148522_6	N/A	43.396	24	53	1.18e-06	48.1
WP_005414519.1	219	k121_2123_2	N/A	35.294	31	68	1.64e-06	47.8
WP_005414519.1	219	k121_255330_4	N/A	26.875	67	160	3.54e-06	47.0
WP_005414519.1	219	k121_230585_2	N/A	34.021	43	97	5.07e-06	46.6
WP_005414519.1	219	k121_52471_3	N/A	41.818	25	55	5.66e-06	46.6
WP_005414519.1	219	k121_51519_2	N/A	31.429	48	105	8.59e-06	45.8
WP_005414519.1	219	k121_62157_3	N/A	34.286	32	70	8.73e-06	45.8
WP_005414519.1	219	k121_28612_2	N/A	27.711	37	83	1.22e-05	45.4
WP_005414519.1	219	k121_31989_2	N/A	37.500	29	64	2.82e-05	44.7
WP_005414519.1	219	k121_70595_2	N/A	25.301	74	166	3.03e-05	44.3
WP_005414519.1	219	k121_26223_2	N/A	42.553	21	47	5.35e-05	41.2
WP_005414519.1	219	k121_236169_2	N/A	27.473	42	91	6.52e-05	43.1
WP_005414519.1	219	k121_170860_2	N/A	39.623	24	53	5.70e-04	40.4
WP_005414519.1	219	k121_7482_1	N/A	26.772	50	127	6.74e-04	40.0
WP_005414519.1	219	k121_186207_1	N/A	33.333	27	60	6.84e-04	40.4
WP_005414519.1	219	k121_123653_8	N/A	38.462	24	52	7.30e-04	40.4
WP_005414519.1	219	k121_92333_2	N/A	37.500	22	48	8.16e-04	39.7
WP_005414519.1	219	k121_161176_4	N/A	32.787	28	61	8.77e-04	40.0
WP_005414519.1	219	k121_136532_1	N/A	34.426	28	61	0.001	39.7
WP_005414519.1	219	k121_63506_2	N/A	42.857	22	49	0.001	39.7
WP_005414519.1	219	k121_92258_2	N/A	26.627	75	169	0.001	39.7
WP_005414519.1	219	k121_269622_1	N/A	37.500	33	72	0.001	38.9
WP_005414519.1	219	k121_231432_4	N/A	31.373	23	51	0.001	39.7
WP_005414519.1	219	k121_55171_2	N/A	31.250	29	64	0.001	39.3
WP_005414519.1	219	k121_228417_3	N/A	32.812	29	64	0.001	39.3
WP_005414519.1	219	k121_161388_1	N/A	25.949	67	158	0.002	38.5
WP_005414519.1	219	k121_40537_1	N/A	31.343	31	67	0.002	38.5
WP_005414519.1	219	k121_38911_4	N/A	32.099	36	81	0.002	38.9
WP_005414519.1	219	k121_208869_2	N/A	26.351	63	148	0.003	38.5
WP_005414519.1	219	k121_106986_2	N/A	34.615	24	52	0.004	38.1
WP_005414519.1	219	k121_125415_3	N/A	24.519	90	208	0.004	38.1
WP_005414519.1	219	k121_52310_2	N/A	24.277	76	173	0.009	37.0
WP_005414519.1	219	k121_22840_2	N/A	22.609	52	115	0.015	36.6
WP_005414519.1	219	k121_132278_2	N/A	31.746	29	63	0.015	36.6
WP_005414519.1	219	k121_70194_1	N/A	27.778	25	54	0.016	35.4
WP_005414519.1	219	k121_52816_2	N/A	29.851	31	67	0.020	35.8
WP_005414519.1	219	k121_153093_3	N/A	35.938	29	64	0.021	35.8
WP_005414519.1	219	k121_187379_4	N/A	28.571	26	56	0.023	35.4
WP_005414519.1	219	k121_146938_1	N/A	36.842	25	57	0.029	35.4
WP_005414519.1	219	k121_225547_3	N/A	38.462	24	52	0.029	35.4
WP_005414519.1	219	k121_186126_5	N/A	25.882	39	85	0.033	35.4
WP_005414519.1	219	k121_73063_4	N/A	23.656	83	186	0.034	35.4
WP_005414519.1	219	k121_139307_2	N/A	35.185	25	54	0.037	35.0
WP_005414519.1	219	k121_281557_1	N/A	32.558	20	43	0.037	33.5
WP_005414519.1	219	k121_11014_1	N/A	32.653	45	98	0.039	34.7
WP_005414519.1	219	k121_1439_2	N/A	25.749	74	167	0.041	34.7
WP_005414519.1	219	k121_278434_2	N/A	31.579	26	57	0.044	35.0
WP_005414519.1	219	k121_120624_2	N/A	29.630	25	54	0.044	33.9
WP_005414519.1	219	k121_168097_1	N/A	29.630	25	54	0.052	34.7
WP_005414519.1	219	k121_140352_2	N/A	25.743	43	101	0.064	34.3
WP_005414519.1	219	k121_126222_2	N/A	27.368	42	95	0.067	34.3
WP_005414519.1	219	k121_59200_2	N/A	35.484	28	62	0.070	34.3
WP_005414519.1	219	k121_160036_2	N/A	28.571	29	63	0.077	34.3
WP_005414519.1	219	k121_232356_2	N/A	36.538	24	52	0.081	34.3
WP_005414519.1	219	k121_12735_2	N/A	29.630	25	54	0.085	34.3
WP_005414519.1	219	k121_80782_1	N/A	29.630	25	54	0.087	32.7
WP_005414519.1	219	k121_129018_2	N/A	27.778	25	54	0.097	33.9
WP_005414519.1	219	k121_150523_2	N/A	39.535	20	43	0.099	33.9
WP_025877280.1	219	k121_280883_1	N/A	33.117	70	154	5.67e-24	94.4
WP_025877280.1	219	k121_64035_4	N/A	55.556	25	54	8.77e-16	69.7
WP_025877280.1	219	k121_271522_2	N/A	25.731	76	171	5.74e-08	52.0
WP_025877280.1	219	k121_59436_6	N/A	36.765	31	68	9.07e-07	48.5
WP_025877280.1	219	k121_268590_1	N/A	27.000	86	200	1.06e-06	48.5
WP_025877280.1	219	k121_148522_6	N/A	43.396	24	53	3.06e-06	47.0
WP_025877280.1	219	k121_230585_2	N/A	34.021	43	97	4.43e-06	46.6
WP_025877280.1	219	k121_2123_2	N/A	33.824	31	68	9.38e-06	45.8
WP_025877280.1	219	k121_255330_4	N/A	26.250	67	160	1.07e-05	45.4
WP_025877280.1	219	k121_51519_2	N/A	31.429	48	105	1.37e-05	45.1
WP_025877280.1	219	k121_28612_2	N/A	27.711	37	83	1.58e-05	45.1
WP_025877280.1	219	k121_52471_3	N/A	41.818	25	55	1.63e-05	45.1
WP_025877280.1	219	k121_92333_2	N/A	26.875	69	160	1.83e-05	44.7
WP_025877280.1	219	k121_62157_3	N/A	32.857	32	70	3.59e-05	44.3
WP_025877280.1	219	k121_26223_2	N/A	42.553	21	47	5.40e-05	41.2
WP_025877280.1	219	k121_236169_2	N/A	27.473	42	91	5.61e-05	43.5
WP_025877280.1	219	k121_31989_2	N/A	35.938	29	64	1.32e-04	42.7
WP_025877280.1	219	k121_63506_2	N/A	44.898	22	49	1.58e-04	42.0
WP_025877280.1	219	k121_70595_2	N/A	25.000	74	164	3.11e-04	41.2
WP_025877280.1	219	k121_161176_4	N/A	32.787	28	61	0.001	39.7
WP_025877280.1	219	k121_208869_2	N/A	27.027	63	148	0.001	39.7
WP_025877280.1	219	k121_123653_8	N/A	38.462	24	52	0.001	39.7
WP_025877280.1	219	k121_269622_1	N/A	37.500	33	72	0.001	38.9
WP_025877280.1	219	k121_55171_2	N/A	23.837	79	172	0.001	39.3
WP_025877280.1	219	k121_136532_1	N/A	34.426	28	61	0.001	39.3
WP_025877280.1	219	k121_170860_2	N/A	39.623	24	53	0.002	39.3
WP_025877280.1	219	k121_228417_3	N/A	32.812	29	64	0.002	38.9
WP_025877280.1	219	k121_186207_1	N/A	33.333	27	60	0.002	38.9
WP_025877280.1	219	k121_161388_1	N/A	26.582	67	158	0.002	38.9
WP_025877280.1	219	k121_231432_4	N/A	30.909	25	55	0.002	38.9
WP_025877280.1	219	k121_7482_1	N/A	25.984	50	127	0.002	38.5
WP_025877280.1	219	k121_92258_2	N/A	28.037	47	107	0.002	38.5
WP_025877280.1	219	k121_38911_4	N/A	32.308	30	65	0.003	38.9
WP_025877280.1	219	k121_52816_2	N/A	30.108	41	93	0.003	38.5
WP_025877280.1	219	k121_40537_1	N/A	31.343	31	67	0.003	38.5
WP_025877280.1	219	k121_125415_3	N/A	24.286	91	210	0.004	38.1
WP_025877280.1	219	k121_73063_4	N/A	24.731	83	186	0.009	37.0
WP_025877280.1	219	k121_52310_2	N/A	25.000	76	168	0.011	37.0
WP_025877280.1	219	k121_22840_2	N/A	22.609	52	115	0.013	36.6
WP_025877280.1	219	k121_106986_2	N/A	34.615	24	52	0.013	36.6
WP_025877280.1	219	k121_132278_2	N/A	31.746	29	63	0.024	35.8
WP_025877280.1	219	k121_146938_1	N/A	36.842	25	57	0.027	35.4
WP_025877280.1	219	k121_11014_1	N/A	32.653	45	98	0.028	35.0
WP_025877280.1	219	k121_187379_4	N/A	28.814	27	59	0.031	35.0
WP_025877280.1	219	k121_153093_3	N/A	35.938	29	64	0.032	35.4
WP_025877280.1	219	k121_186126_5	N/A	25.882	39	85	0.034	35.4
WP_025877280.1	219	k121_179584_1	N/A	26.829	37	82	0.036	35.0
WP_025877280.1	219	k121_281557_1	N/A	32.558	20	43	0.039	33.5
WP_025877280.1	219	k121_120624_2	N/A	29.630	25	54	0.051	33.5
WP_025877280.1	219	k121_139307_2	N/A	35.185	25	54	0.051	34.7
WP_025877280.1	219	k121_168097_1	N/A	29.630	25	54	0.059	34.7
WP_025877280.1	219	k121_140352_2	N/A	25.743	43	101	0.071	34.3
WP_025877280.1	219	k121_126222_2	N/A	27.619	47	105	0.085	33.9
WP_089236970.1	219	k121_280883_1	N/A	33.117	70	154	4.68e-24	94.4
WP_089236970.1	219	k121_64035_4	N/A	55.556	25	54	8.23e-16	69.7
WP_089236970.1	219	k121_271522_2	N/A	25.731	76	171	9.06e-08	51.6
WP_089236970.1	219	k121_59436_6	N/A	36.765	31	68	9.43e-07	48.5
WP_089236970.1	219	k121_268590_1	N/A	27.000	86	200	9.73e-07	48.9
WP_089236970.1	219	k121_148522_6	N/A	43.396	24	53	2.97e-06	47.0
WP_089236970.1	219	k121_230585_2	N/A	34.021	43	97	4.31e-06	46.6
WP_089236970.1	219	k121_2123_2	N/A	33.824	31	68	9.20e-06	45.8
WP_089236970.1	219	k121_255330_4	N/A	26.250	67	160	1.11e-05	45.4
WP_089236970.1	219	k121_51519_2	N/A	31.429	48	105	1.32e-05	45.4
WP_089236970.1	219	k121_28612_2	N/A	27.711	37	83	1.61e-05	45.1
WP_089236970.1	219	k121_52471_3	N/A	41.818	25	55	1.77e-05	45.1
WP_089236970.1	219	k121_92333_2	N/A	26.875	69	160	3.56e-05	43.9
WP_089236970.1	219	k121_62157_3	N/A	32.857	32	70	3.84e-05	44.3
WP_089236970.1	219	k121_236169_2	N/A	27.473	42	91	5.40e-05	43.5
WP_089236970.1	219	k121_26223_2	N/A	42.553	21	47	5.46e-05	41.2
WP_089236970.1	219	k121_31989_2	N/A	35.938	29	64	1.18e-04	42.7
WP_089236970.1	219	k121_63506_2	N/A	44.898	22	49	1.56e-04	42.0
WP_089236970.1	219	k121_70595_2	N/A	26.515	58	132	5.12e-04	40.8
WP_089236970.1	219	k121_161176_4	N/A	32.787	28	61	0.001	39.7
WP_089236970.1	219	k121_123653_8	N/A	38.462	24	52	0.001	39.7
WP_089236970.1	219	k121_269622_1	N/A	37.500	33	72	0.001	38.9
WP_089236970.1	219	k121_136532_1	N/A	34.426	28	61	0.001	39.3
WP_089236970.1	219	k121_170860_2	N/A	39.623	24	53	0.002	39.3
WP_089236970.1	219	k121_161388_1	N/A	26.582	67	158	0.002	38.9
WP_089236970.1	219	k121_55171_2	N/A	31.250	29	64	0.002	38.9
WP_089236970.1	219	k121_186207_1	N/A	33.333	27	60	0.002	38.9
WP_089236970.1	219	k121_228417_3	N/A	32.812	29	64	0.002	38.9
WP_089236970.1	219	k121_7482_1	N/A	25.984	50	127	0.002	38.9
WP_089236970.1	219	k121_231432_4	N/A	30.909	25	55	0.002	38.9
WP_089236970.1	219	k121_38911_4	N/A	27.891	63	147	0.002	38.9
WP_089236970.1	219	k121_92258_2	N/A	28.037	47	107	0.002	38.5
WP_089236970.1	219	k121_52816_2	N/A	31.343	31	67	0.003	38.5
WP_089236970.1	219	k121_40537_1	N/A	31.343	31	67	0.003	38.1
WP_089236970.1	219	k121_52310_2	N/A	25.595	76	168	0.003	38.1
WP_089236970.1	219	k121_125415_3	N/A	24.762	91	210	0.005	37.7
WP_089236970.1	219	k121_208869_2	N/A	26.351	63	148	0.005	37.7
WP_089236970.1	219	k121_106986_2	N/A	34.615	24	52	0.013	36.6
WP_089236970.1	219	k121_22840_2	N/A	22.609	52	115	0.013	36.6
WP_089236970.1	219	k121_132278_2	N/A	31.746	29	63	0.024	35.8
WP_089236970.1	219	k121_146938_1	N/A	36.842	25	57	0.027	35.4
WP_089236970.1	219	k121_11014_1	N/A	32.653	45	98	0.027	35.0
WP_089236970.1	219	k121_187379_4	N/A	28.814	27	59	0.031	35.0
WP_089236970.1	219	k121_153093_3	N/A	35.938	29	64	0.033	35.4
WP_089236970.1	219	k121_186126_5	N/A	25.882	39	85	0.036	35.0
WP_089236970.1	219	k121_73063_4	N/A	25.269	83	186	0.036	35.0
WP_089236970.1	219	k121_179584_1	N/A	26.829	37	82	0.038	35.0
WP_089236970.1	219	k121_1439_2	N/A	27.711	74	166	0.039	35.0
WP_089236970.1	219	k121_281557_1	N/A	32.558	20	43	0.041	33.5
WP_089236970.1	219	k121_120624_2	N/A	29.630	25	54	0.049	33.5
WP_089236970.1	219	k121_139307_2	N/A	35.185	25	54	0.051	34.7
WP_089236970.1	219	k121_168097_1	N/A	29.630	25	54	0.066	34.3
WP_089236970.1	219	k121_140352_2	N/A	25.743	43	101	0.071	34.3
WP_089236970.1	219	k121_126222_2	N/A	27.619	47	105	0.083	34.3
WP_000845048.1	337	k121_55632_1	N/A	75.503	88	298	7.88e-168	469
WP_000845048.1	337	k121_111066_1	N/A	98.707	69	232	1.02e-167	466
WP_000845048.1	337	k121_149037_1	N/A	71.479	84	284	8.52e-147	416
WP_000845048.1	337	k121_212010_1	N/A	57.627	86	295	1.39e-115	337
WP_000845048.1	337	k121_95090_2	N/A	47.436	93	312	8.39e-95	286
WP_000845048.1	337	k121_158743_2	N/A	64.977	64	217	4.99e-88	266
WP_000845048.1	337	k121_109313_2	N/A	44.053	67	227	6.36e-53	175
WP_000845048.1	337	k121_232487_1	N/A	43.860	51	171	7.89e-36	132
WP_000845048.1	337	k121_3397_1	N/A	44.898	44	147	2.79e-31	119
WP_000845048.1	337	k121_85603_1	N/A	27.869	90	305	2.49e-26	106
WP_000845048.1	337	k121_109041_5	N/A	34.498	66	229	6.67e-23	97.4
WP_000845048.1	337	k121_187276_2	N/A	31.655	78	278	1.33e-22	95.9
WP_000845048.1	337	k121_132675_2	N/A	30.131	67	229	2.51e-22	94.4
WP_000845048.1	337	k121_241065_2	N/A	32.895	66	228	8.53e-20	88.6
WP_000845048.1	337	k121_263129_1	N/A	28.253	77	269	2.22e-19	88.2
WP_000845048.1	337	k121_127105_3	N/A	23.529	90	306	3.63e-19	86.7
WP_000845048.1	337	k121_244031_2	N/A	27.881	77	269	4.35e-19	87.0
WP_000845048.1	337	k121_58018_3	N/A	29.252	81	294	9.97e-19	86.3
WP_000845048.1	337	k121_164063_1	N/A	31.694	54	183	1.48e-17	80.1
WP_000845048.1	337	k121_77580_2	N/A	29.304	78	273	1.50e-17	82.8
WP_000845048.1	337	k121_83957_2	N/A	27.640	89	322	5.30e-17	81.6
WP_000845048.1	337	k121_132836_1	N/A	31.641	72	256	1.76e-16	79.0
WP_000845048.1	337	k121_200544_3	N/A	27.542	63	236	9.75e-16	77.8
WP_000845048.1	337	k121_219011_1	N/A	28.339	84	307	2.47e-15	76.3
WP_000845048.1	337	k121_72381_1	N/A	28.669	82	293	2.04e-14	73.6
WP_000845048.1	337	k121_121946_3	N/A	30.973	61	226	4.00e-14	73.2
WP_000845048.1	337	k121_129552_1	N/A	52.113	20	71	7.27e-14	69.3
WP_000845048.1	337	k121_15649_3	N/A	29.048	60	210	2.00e-08	56.2
WP_000845048.1	337	k121_15649_4	N/A	29.091	60	220	1.81e-07	52.8
WP_000845048.1	337	k121_228596_1	N/A	28.947	45	152	1.85e-07	52.4
WP_000845048.1	337	k121_19706_2	N/A	26.829	49	164	5.42e-07	48.9
WP_000845048.1	337	k121_242193_3	N/A	25.000	83	300	2.60e-06	49.3
WP_000845048.1	337	k121_218194_1	N/A	33.784	22	74	1.40e-05	47.0
WP_000845048.1	337	k121_269676_1	N/A	28.859	38	149	2.78e-05	45.8
WP_000845048.1	337	k121_206454_1	N/A	23.684	85	304	4.50e-05	45.4
WP_000845048.1	337	k121_21492_1	N/A	27.805	56	205	4.85e-05	45.4
WP_000845048.1	337	k121_88702_1	N/A	24.806	74	258	4.89e-05	45.8
WP_000845048.1	337	k121_219522_2	N/A	21.244	57	193	2.91e-04	42.7
WP_000845048.1	337	k121_56201_1	N/A	36.765	20	68	3.74e-04	42.0
WP_000845048.1	337	k121_211567_1	N/A	32.222	27	90	7.33e-04	42.0
WP_000845048.1	337	k121_112274_1	N/A	32.576	35	132	7.90e-04	41.2
WP_000845048.1	337	k121_241450_11	N/A	25.822	59	213	0.002	40.8
WP_000845048.1	337	k121_202133_2	N/A	31.034	33	116	0.004	38.9
WP_000845048.1	337	k121_115652_2	N/A	33.333	23	78	0.004	39.7
WP_000845048.1	337	k121_194075_1	N/A	39.286	22	84	0.007	38.9
WP_000845048.1	337	k121_181723_1	N/A	34.848	20	66	0.026	37.0
WP_000845048.1	337	k121_65100_2	N/A	25.888	53	197	0.043	36.2
WP_000845048.1	337	k121_48351_2	N/A	25.833	33	120	0.067	34.7
WP_000845048.1	337	k121_143485_2	N/A	26.066	61	211	0.075	35.8
WP_000845048.1	337	k121_144573_1	N/A	23.529	59	221	0.097	35.4
