SadA_ref|WP_036299419.1|:1-399	399	k121_1355835_75	N/A	32.481	97	391	3.84e-60	203
SadA_ref|WP_036299419.1|:1-399	399	k121_421260_35	N/A	31.267	93	371	1.99e-42	156
SadA_ref|WP_036299419.1|:1-399	399	k121_557462_1	N/A	27.824	90	363	2.59e-41	153
SadA_ref|WP_036299419.1|:1-399	399	k121_1419513_14	N/A	26.598	97	391	1.50e-40	152
SadA_ref|WP_036299419.1|:1-399	399	k121_25058_1	N/A	28.732	88	355	3.00e-39	147
SadA_ref|WP_036299419.1|:1-399	399	k121_121097_7	N/A	28.520	68	277	4.77e-34	134
SadA_ref|WP_036299419.1|:1-399	399	k121_1403163_49	N/A	27.541	75	305	1.29e-33	133
SadA_ref|WP_036299419.1|:1-399	399	k121_422886_8	N/A	26.431	89	367	1.95e-33	132
SadA_ref|WP_036299419.1|:1-399	399	k121_1150483_2	N/A	37.888	40	161	1.79e-32	123
SadA_ref|WP_036299419.1|:1-399	399	k121_929994_2	N/A	31.034	50	203	2.05e-30	121
SadA_ref|WP_036299419.1|:1-399	399	k121_1281887_1	N/A	34.911	42	169	2.49e-30	118
SadA_ref|WP_036299419.1|:1-399	399	k121_1018766_1	N/A	32.642	48	193	3.17e-30	122
SadA_ref|WP_036299419.1|:1-399	399	k121_39735_1	N/A	24.432	87	352	1.31e-29	121
SadA_ref|WP_036299419.1|:1-399	399	k121_151902_1	N/A	37.762	36	143	4.21e-29	114
SadA_ref|WP_036299419.1|:1-399	399	k121_131945_1	N/A	39.247	45	186	2.08e-28	113
SadA_ref|WP_036299419.1|:1-399	399	k121_251835_2	N/A	24.590	92	366	2.46e-26	112
SadA_ref|WP_036299419.1|:1-399	399	k121_997625_3	N/A	27.041	97	392	4.99e-25	108
SadA_ref|WP_036299419.1|:1-399	399	k121_536701_1	N/A	28.571	50	203	8.69e-25	106
SadA_ref|WP_036299419.1|:1-399	399	k121_813745_2	N/A	30.357	68	280	1.77e-24	105
SadA_ref|WP_036299419.1|:1-399	399	k121_422063_1	N/A	31.250	52	208	6.74e-24	103
SadA_ref|WP_036299419.1|:1-399	399	k121_1006065_2	N/A	26.005	93	373	1.92e-23	104
SadA_ref|WP_036299419.1|:1-399	399	k121_1623062_1	N/A	26.243	89	362	3.45e-23	103
SadA_ref|WP_036299419.1|:1-399	399	k121_1790102_4	N/A	26.371	94	383	1.43e-22	102
SadA_ref|WP_036299419.1|:1-399	399	k121_809735_1	N/A	27.835	49	194	1.78e-22	97.8
SadA_ref|WP_036299419.1|:1-399	399	k121_112646_3	N/A	28.125	93	384	2.15e-22	101
SadA_ref|WP_036299419.1|:1-399	399	k121_213321_1	N/A	29.293	49	198	8.90e-22	95.9
SadA_ref|WP_036299419.1|:1-399	399	k121_480222_3	N/A	24.658	88	365	1.20e-20	96.7
SadA_ref|WP_036299419.1|:1-399	399	k121_1534199_1	N/A	34.028	36	144	4.79e-20	90.5
SadA_ref|WP_036299419.1|:1-399	399	k121_1843237_1	N/A	26.946	42	167	7.54e-20	90.1
SadA_ref|WP_036299419.1|:1-399	399	k121_19955_1	N/A	33.696	45	184	9.80e-20	90.1
SadA_ref|WP_036299419.1|:1-399	399	k121_280487_4	N/A	25.313	97	399	2.26e-19	93.2
SadA_ref|WP_036299419.1|:1-399	399	k121_949640_1	N/A	28.505	53	214	3.39e-19	89.4
SadA_ref|WP_036299419.1|:1-399	399	k121_1702725_2	N/A	30.612	37	147	2.30e-18	85.9
SadA_ref|WP_036299419.1|:1-399	399	k121_290311_2	N/A	29.153	72	295	1.46e-15	80.5
SadA_ref|WP_036299419.1|:1-399	399	k121_8327_2	N/A	26.486	46	185	2.03e-15	77.8
SadA_ref|WP_036299419.1|:1-399	399	k121_162808_1	N/A	27.723	50	202	3.36e-15	77.8
SadA_ref|WP_036299419.1|:1-399	399	k121_1616912_1	N/A	25.221	56	226	3.77e-14	75.5
SadA_ref|WP_036299419.1|:1-399	399	k121_1414620_2	N/A	25.843	43	178	2.42e-13	72.4
SadA_ref|WP_036299419.1|:1-399	399	k121_1701988_2	N/A	33.333	25	99	2.49e-13	69.7
SadA_ref|WP_036299419.1|:1-399	399	k121_838927_1	N/A	27.500	47	200	8.14e-13	71.2
SadA_ref|WP_036299419.1|:1-399	399	k121_721893_2	N/A	27.778	64	270	2.82e-12	70.5
SadA_ref|WP_036299419.1|:1-399	399	k121_666158_22	N/A	28.112	61	249	5.52e-11	67.8
SadA_ref|WP_036299419.1|:1-399	399	k121_770497_1	N/A	26.075	87	372	1.15e-10	66.6
SadA_ref|WP_036299419.1|:1-399	399	k121_987511_1	N/A	22.749	50	211	1.19e-10	65.1
SadA_ref|WP_036299419.1|:1-399	399	k121_1344789_1	N/A	27.149	51	221	1.44e-10	65.9
SadA_ref|WP_036299419.1|:1-399	399	k121_1698583_1	N/A	28.571	35	140	1.51e-10	63.5
SadA_ref|WP_036299419.1|:1-399	399	k121_1771692_2	N/A	27.928	28	111	4.34e-10	62.0
SadA_ref|WP_036299419.1|:1-399	399	k121_1135817_1	N/A	26.115	38	157	3.58e-09	59.3
SadA_ref|WP_036299419.1|:1-399	399	k121_840261_6	N/A	25.381	91	394	3.15e-08	59.3
SadA_ref|WP_036299419.1|:1-399	399	k121_264326_1	N/A	27.706	56	231	1.07e-07	56.2
SadA_ref|WP_036299419.1|:1-399	399	k121_1610912_3	N/A	27.211	34	147	2.24e-06	50.8
SadA_ref|WP_036299419.1|:1-399	399	k121_1564743_2	N/A	26.255	61	259	2.47e-06	52.4
SadA_ref|WP_036299419.1|:1-399	399	k121_249778_1	N/A	24.579	72	297	2.82e-06	52.8
SadA_ref|WP_036299419.1|:1-399	399	k121_550306_1	N/A	25.475	64	263	4.34e-06	52.0
SadA_ref|WP_036299419.1|:1-399	399	k121_1610915_3	N/A	24.069	91	403	5.70e-06	52.4
SadA_ref|WP_036299419.1|:1-399	399	k121_1280377_1	N/A	25.478	37	157	7.64e-06	50.4
SadA_ref|WP_036299419.1|:1-399	399	k121_331389_1	N/A	30.247	34	162	8.95e-05	47.4
SadA_ref|WP_036299419.1|:1-399	399	k121_1283887_2	N/A	30.120	21	83	4.05e-04	46.2
SadA_ref|WP_036299419.1|:1-399	399	k121_420344_2	N/A	22.414	93	406	4.91e-04	46.2
SadA_ref|WP_036299419.1|:1-399	399	k121_1676894_4	N/A	25.000	46	196	5.25e-04	46.2
SadA_ref|WP_036299419.1|:1-399	399	k121_817960_1	N/A	29.907	27	107	5.65e-04	43.5
SadA_ref|WP_036299419.1|:1-399	399	k121_1448521_4	N/A	21.788	85	358	0.001	44.7
SadA_ref|WP_036299419.1|:1-399	399	k121_724631_1	N/A	30.476	26	105	0.003	41.6
SadA_ref|WP_036299419.1|:1-399	399	k121_1783544_1	N/A	29.897	23	97	0.003	42.4
SadA_ref|WP_036299419.1|:1-399	399	k121_1597166_1	N/A	25.820	60	244	0.003	43.1
SadA_ref|WP_036299419.1|:1-399	399	k121_1738394_1	N/A	21.053	47	190	0.005	42.0
SadA_ref|WP_036299419.1|:1-399	399	k121_302083_1	N/A	23.643	62	258	0.006	42.4
SadA_ref|WP_036299419.1|:1-399	399	k121_317525_2	N/A	20.763	52	236	0.007	42.7
SadA_ref|WP_036299419.1|:1-399	399	k121_974594_125	N/A	24.561	52	228	0.007	42.4
SadA_ref|WP_036299419.1|:1-399	399	k121_483188_1	N/A	24.460	34	139	0.010	41.2
SadA_ref|WP_036299419.1|:1-399	399	k121_197372_1	N/A	29.762	21	84	0.010	40.4
SadA_ref|WP_036299419.1|:1-399	399	k121_1843241_1	N/A	24.176	45	182	0.014	40.8
SadA_ref|WP_036299419.1|:1-399	399	k121_530229_1	N/A	23.741	34	139	0.015	40.0
SadA_ref|WP_036299419.1|:1-399	399	k121_507398_1	N/A	32.800	31	125	0.020	39.7
SadA_ref|WP_036299419.1|:1-399	399	k121_1740521_1	N/A	32.075	26	106	0.024	38.5
SadA_ref|WP_036299419.1|:1-399	399	k121_581558_2	N/A	29.762	21	84	0.033	38.1
SadA_ref|WP_036299419.1|:1-399	399	k121_270563_5	N/A	21.076	52	223	0.037	40.4
SadA_ref|WP_036299419.1|:1-399	399	k121_1265134_1	N/A	23.316	48	193	0.044	39.3
SadA_ref|WP_036299419.1|:1-399	399	k121_718122_2	N/A	27.907	22	86	0.048	40.0
SadA_ref|WP_036299419.1|:1-399	399	k121_1107325_3	N/A	29.762	21	84	0.049	40.0
SadA_ref|WP_036299419.1|:1-399	399	k121_1005090_1	N/A	28.571	21	84	0.053	38.1
SadA_ref|WP_036299419.1|:1-399	399	k121_1688282_1	N/A	27.381	21	84	0.090	38.1
SadB_ref|WP_100812327.1|:1-423	423	k121_1355835_75	N/A	30.809	89	383	2.87e-51	181
SadB_ref|WP_100812327.1|:1-423	423	k121_1419513_14	N/A	28.162	97	419	2.31e-47	171
SadB_ref|WP_100812327.1|:1-423	423	k121_25058_1	N/A	29.526	84	359	9.24e-37	141
SadB_ref|WP_100812327.1|:1-423	423	k121_421260_35	N/A	26.882	87	372	1.10e-35	139
SadB_ref|WP_100812327.1|:1-423	423	k121_121097_7	N/A	25.203	85	369	4.80e-35	137
SadB_ref|WP_100812327.1|:1-423	423	k121_422886_8	N/A	27.763	85	371	1.91e-33	132
SadB_ref|WP_100812327.1|:1-423	423	k121_1018766_1	N/A	28.736	81	348	1.55e-32	129
SadB_ref|WP_100812327.1|:1-423	423	k121_1403163_49	N/A	26.287	85	369	2.25e-31	127
SadB_ref|WP_100812327.1|:1-423	423	k121_949640_1	N/A	34.722	50	216	6.66e-31	121
SadB_ref|WP_100812327.1|:1-423	423	k121_557462_1	N/A	27.160	74	324	7.53e-31	125
SadB_ref|WP_100812327.1|:1-423	423	k121_1281887_1	N/A	31.214	40	173	5.02e-30	117
SadB_ref|WP_100812327.1|:1-423	423	k121_536701_1	N/A	29.911	51	224	3.17e-29	119
SadB_ref|WP_100812327.1|:1-423	423	k121_1006065_2	N/A	27.322	85	366	5.01e-29	120
SadB_ref|WP_100812327.1|:1-423	423	k121_422063_1	N/A	30.973	53	226	9.81e-29	117
SadB_ref|WP_100812327.1|:1-423	423	k121_251835_2	N/A	24.147	90	381	1.35e-27	116
SadB_ref|WP_100812327.1|:1-423	423	k121_997625_3	N/A	27.411	91	394	3.07e-27	115
SadB_ref|WP_100812327.1|:1-423	423	k121_39735_1	N/A	27.893	77	337	1.37e-26	113
SadB_ref|WP_100812327.1|:1-423	423	k121_929994_2	N/A	28.899	50	218	1.84e-26	111
SadB_ref|WP_100812327.1|:1-423	423	k121_1790102_4	N/A	25.765	91	392	1.15e-25	110
SadB_ref|WP_100812327.1|:1-423	423	k121_480222_3	N/A	25.935	90	401	2.89e-24	107
SadB_ref|WP_100812327.1|:1-423	423	k121_213321_1	N/A	36.126	44	191	3.50e-24	102
SadB_ref|WP_100812327.1|:1-423	423	k121_131945_1	N/A	32.432	43	185	9.10e-23	98.6
SadB_ref|WP_100812327.1|:1-423	423	k121_1150483_2	N/A	28.750	38	160	3.66e-22	96.3
SadB_ref|WP_100812327.1|:1-423	423	k121_280487_4	N/A	22.829	93	403	4.14e-20	95.5
SadB_ref|WP_100812327.1|:1-423	423	k121_809735_1	N/A	30.542	47	203	5.68e-20	91.3
SadB_ref|WP_100812327.1|:1-423	423	k121_1843237_1	N/A	26.923	42	182	1.03e-18	87.0
SadB_ref|WP_100812327.1|:1-423	423	k121_151902_1	N/A	26.543	38	162	1.08e-18	86.7
SadB_ref|WP_100812327.1|:1-423	423	k121_1702725_2	N/A	29.605	36	152	1.09e-18	87.0
SadB_ref|WP_100812327.1|:1-423	423	k121_666158_22	N/A	29.572	60	257	2.43e-18	90.1
SadB_ref|WP_100812327.1|:1-423	423	k121_1344789_1	N/A	29.208	46	202	1.04e-17	87.0
SadB_ref|WP_100812327.1|:1-423	423	k121_112646_3	N/A	27.621	88	391	1.08e-17	88.2
SadB_ref|WP_100812327.1|:1-423	423	k121_8327_2	N/A	28.649	44	185	4.46e-17	82.8
SadB_ref|WP_100812327.1|:1-423	423	k121_797280_3	N/A	25.132	82	378	5.11e-17	86.7
SadB_ref|WP_100812327.1|:1-423	423	k121_290311_2	N/A	27.393	70	303	1.30e-16	84.0
SadB_ref|WP_100812327.1|:1-423	423	k121_1534199_1	N/A	33.077	30	130	5.01e-16	79.7
SadB_ref|WP_100812327.1|:1-423	423	k121_1610915_3	N/A	26.750	85	400	8.03e-15	80.1
SadB_ref|WP_100812327.1|:1-423	423	k121_813745_2	N/A	26.280	66	293	1.54e-14	77.8
SadB_ref|WP_100812327.1|:1-423	423	k121_1434990_1	N/A	25.617	70	324	7.88e-14	76.3
SadB_ref|WP_100812327.1|:1-423	423	k121_770497_1	N/A	25.974	83	385	1.32e-13	75.9
SadB_ref|WP_100812327.1|:1-423	423	k121_1623062_1	N/A	27.404	48	208	1.83e-13	75.5
SadB_ref|WP_100812327.1|:1-423	423	k121_838927_1	N/A	27.723	46	202	2.19e-13	73.2
SadB_ref|WP_100812327.1|:1-423	423	k121_1135817_1	N/A	29.193	36	161	1.63e-12	69.3
SadB_ref|WP_100812327.1|:1-423	423	k121_1414620_2	N/A	26.519	41	181	6.39e-12	68.6
SadB_ref|WP_100812327.1|:1-423	423	k121_987511_1	N/A	26.126	52	222	6.41e-12	68.9
SadB_ref|WP_100812327.1|:1-423	423	k121_19955_1	N/A	26.374	42	182	7.60e-12	67.8
SadB_ref|WP_100812327.1|:1-423	423	k121_1280377_1	N/A	25.000	35	156	1.97e-11	67.0
SadB_ref|WP_100812327.1|:1-423	423	k121_256266_2	N/A	26.984	57	252	3.15e-11	68.2
SadB_ref|WP_100812327.1|:1-423	423	k121_1701988_2	N/A	30.612	23	98	4.65e-11	63.5
SadB_ref|WP_100812327.1|:1-423	423	k121_550306_1	N/A	26.894	60	264	9.03e-11	66.2
SadB_ref|WP_100812327.1|:1-423	423	k121_162808_1	N/A	28.230	49	209	9.68e-11	65.1
SadB_ref|WP_100812327.1|:1-423	423	k121_721893_2	N/A	28.309	60	272	3.89e-10	64.3
SadB_ref|WP_100812327.1|:1-423	423	k121_1597166_1	N/A	29.098	57	244	4.27e-10	63.9
SadB_ref|WP_100812327.1|:1-423	423	k121_1676894_4	N/A	30.460	39	174	5.19e-10	64.7
SadB_ref|WP_100812327.1|:1-423	423	k121_840261_6	N/A	23.469	87	392	7.44e-10	64.3
SadB_ref|WP_100812327.1|:1-423	423	k121_1515013_3	N/A	27.574	56	272	2.43e-09	62.0
SadB_ref|WP_100812327.1|:1-423	423	k121_1771692_2	N/A	22.321	26	112	2.66e-09	59.7
SadB_ref|WP_100812327.1|:1-423	423	k121_1610912_3	N/A	29.412	34	153	7.25e-09	58.2
SadB_ref|WP_100812327.1|:1-423	423	k121_1283887_2	N/A	31.646	35	158	8.52e-09	60.8
SadB_ref|WP_100812327.1|:1-423	423	k121_1149338_1	N/A	26.481	60	287	1.11e-08	60.5
SadB_ref|WP_100812327.1|:1-423	423	k121_420344_2	N/A	24.297	85	391	1.96e-08	60.1
SadB_ref|WP_100812327.1|:1-423	423	k121_302083_1	N/A	29.278	57	263	7.90e-08	57.4
SadB_ref|WP_100812327.1|:1-423	423	k121_1616912_1	N/A	29.078	33	141	1.43e-07	56.2
SadB_ref|WP_100812327.1|:1-423	423	k121_724631_1	N/A	34.940	20	83	1.79e-07	53.9
SadB_ref|WP_100812327.1|:1-423	423	k121_264326_1	N/A	28.390	53	236	4.87e-07	54.3
SadB_ref|WP_100812327.1|:1-423	423	k121_1643440_1	N/A	27.572	50	243	5.07e-07	54.7
SadB_ref|WP_100812327.1|:1-423	423	k121_937898_1	N/A	27.500	56	240	5.50e-07	54.7
SadB_ref|WP_100812327.1|:1-423	423	k121_1738394_1	N/A	23.684	45	190	5.56e-07	53.5
SadB_ref|WP_100812327.1|:1-423	423	k121_1688282_1	N/A	32.812	27	128	1.42e-06	52.4
SadB_ref|WP_100812327.1|:1-423	423	k121_1569571_3	N/A	24.302	80	358	1.72e-06	53.9
SadB_ref|WP_100812327.1|:1-423	423	k121_1027541_1	N/A	28.421	39	190	1.76e-06	53.1
SadB_ref|WP_100812327.1|:1-423	423	k121_251963_1	N/A	24.940	87	417	2.01e-06	53.9
SadB_ref|WP_100812327.1|:1-423	423	k121_136562_1	N/A	28.042	39	189	2.01e-06	52.8
SadB_ref|WP_100812327.1|:1-423	423	k121_581558_2	N/A	36.471	20	85	2.78e-06	49.7
SadB_ref|WP_100812327.1|:1-423	423	k121_1698583_1	N/A	28.025	35	157	4.53e-06	50.4
SadB_ref|WP_100812327.1|:1-423	423	k121_347161_2	N/A	26.257	41	179	5.65e-06	52.4
SadB_ref|WP_100812327.1|:1-423	423	k121_1107325_3	N/A	23.545	79	378	5.73e-06	52.4
SadB_ref|WP_100812327.1|:1-423	423	k121_1410389_1	N/A	31.720	40	186	2.09e-05	49.3
SadB_ref|WP_100812327.1|:1-423	423	k121_245606_1	N/A	23.810	79	378	2.28e-05	50.4
SadB_ref|WP_100812327.1|:1-423	423	k121_1829861_1	N/A	31.056	32	161	3.43e-05	48.5
SadB_ref|WP_100812327.1|:1-423	423	k121_197372_1	N/A	29.134	27	127	4.93e-05	47.0
SadB_ref|WP_100812327.1|:1-423	423	k121_19044_1	N/A	30.822	31	146	1.46e-04	46.2
SadB_ref|WP_100812327.1|:1-423	423	k121_1005090_1	N/A	31.579	25	114	1.68e-04	45.4
SadB_ref|WP_100812327.1|:1-423	423	k121_249778_1	N/A	32.110	24	109	1.85e-04	47.0
SadB_ref|WP_100812327.1|:1-423	423	k121_1712288_1	N/A	26.702	38	191	2.33e-04	46.2
SadB_ref|WP_100812327.1|:1-423	423	k121_1389870_1	N/A	26.877	57	253	4.97e-04	45.8
SadB_ref|WP_100812327.1|:1-423	423	k121_1806936_1	N/A	30.469	25	128	6.46e-04	44.3
SadB_ref|WP_100812327.1|:1-423	423	k121_817960_1	N/A	27.928	26	111	0.001	42.7
SadB_ref|WP_100812327.1|:1-423	423	k121_191939_1	N/A	30.714	31	140	0.002	43.1
SadB_ref|WP_100812327.1|:1-423	423	k121_1448521_4	N/A	30.894	26	123	0.002	44.3
SadB_ref|WP_100812327.1|:1-423	423	k121_296170_20	N/A	32.847	28	137	0.002	44.3
SadB_ref|WP_100812327.1|:1-423	423	k121_718122_2	N/A	21.918	82	365	0.004	43.5
SadB_ref|WP_100812327.1|:1-423	423	k121_1564743_2	N/A	26.606	49	218	0.004	42.7
SadB_ref|WP_100812327.1|:1-423	423	k121_1209425_1	N/A	30.000	35	160	0.004	42.0
SadB_ref|WP_100812327.1|:1-423	423	k121_598520_32	N/A	23.398	80	359	0.004	43.1
SadB_ref|WP_100812327.1|:1-423	423	k121_1503616_1	N/A	30.469	25	128	0.005	42.4
SadB_ref|WP_100812327.1|:1-423	423	k121_794556_1	N/A	26.190	25	126	0.005	42.0
SadB_ref|WP_100812327.1|:1-423	423	k121_1405479_1	N/A	30.709	27	127	0.005	43.1
SadB_ref|WP_100812327.1|:1-423	423	k121_798095_1	N/A	28.902	37	173	0.005	42.4
SadB_ref|WP_100812327.1|:1-423	423	k121_639912_2	N/A	30.159	27	126	0.008	42.0
SadB_ref|WP_100812327.1|:1-423	423	k121_1650023_47	N/A	29.851	28	134	0.009	42.7
SadB_ref|WP_100812327.1|:1-423	423	k121_321200_2	N/A	24.355	77	349	0.011	42.0
SadB_ref|WP_100812327.1|:1-423	423	k121_1783544_1	N/A	26.316	29	133	0.011	40.8
SadB_ref|WP_100812327.1|:1-423	423	k121_742760_1	N/A	24.324	26	111	0.011	39.7
SadB_ref|WP_100812327.1|:1-423	423	k121_555618_5	N/A	23.977	40	171	0.017	40.0
SadB_ref|WP_100812327.1|:1-423	423	k121_456308_1	N/A	25.854	48	205	0.018	40.8
SadB_ref|WP_100812327.1|:1-423	423	k121_530229_1	N/A	25.532	33	141	0.020	40.0
SadB_ref|WP_100812327.1|:1-423	423	k121_483188_1	N/A	26.573	33	143	0.021	40.0
SadB_ref|WP_100812327.1|:1-423	423	k121_441380_2	N/A	26.389	31	144	0.029	40.0
SadB_ref|WP_100812327.1|:1-423	423	k121_811337_1	N/A	25.312	69	320	0.059	39.7
SadB_ref|WP_100812327.1|:1-423	423	k121_43590_1	N/A	29.197	28	137	0.059	39.3
SadB_ref|WP_100812327.1|:1-423	423	k121_61934_3	N/A	22.011	79	368	0.060	39.7
SadB_ref|WP_100812327.1|:1-423	423	k121_1725417_1	N/A	28.462	25	130	0.066	38.9
SadB_ref|WP_100812327.1|:1-423	423	k121_1292151_2	N/A	26.068	54	234	0.081	39.3
SadB_ref|WP_100812327.1|:1-423	423	k121_1416314_1	N/A	23.464	37	179	0.092	38.5
SadB_ref|WP_100812327.1|:1-423	423	k121_55739_1	N/A	26.846	34	149	0.093	38.1
SadB_ref|WP_100812327.1|:1-423	423	k121_1115331_1	N/A	32.192	31	146	0.093	39.3
SadB_ref|WP_100812327.1|:1-423	423	k121_181353_2	N/A	28.099	26	121	0.095	38.9
SadC_ref|WP_036299413.1|:1-194	194	k121_72608_2	N/A	39.450	56	109	6.92e-11	61.6
SadC_ref|WP_036299413.1|:1-194	194	k121_839731_9	N/A	30.657	69	137	7.44e-11	62.0
SadC_ref|WP_036299413.1|:1-194	194	k121_1137015_2	N/A	29.286	72	140	1.32e-10	61.2
SadC_ref|WP_036299413.1|:1-194	194	k121_397497_4	N/A	27.568	95	185	1.47e-10	62.4
SadC_ref|WP_036299413.1|:1-194	194	k121_131558_2	N/A	26.389	73	144	3.73e-10	59.7
SadC_ref|WP_036299413.1|:1-194	194	k121_998648_2	N/A	36.170	48	94	8.51e-10	58.5
SadC_ref|WP_036299413.1|:1-194	194	k121_1708328_1	N/A	26.866	69	134	8.57e-10	58.2
SadC_ref|WP_036299413.1|:1-194	194	k121_687212_2	N/A	27.742	76	155	1.11e-09	60.5
SadC_ref|WP_036299413.1|:1-194	194	k121_16546_2	N/A	29.730	76	148	1.34e-09	58.9
SadC_ref|WP_036299413.1|:1-194	194	k121_1604523_2	N/A	40.217	47	92	1.61e-09	57.4
SadC_ref|WP_036299413.1|:1-194	194	k121_193042_3	N/A	32.031	65	128	1.89e-09	58.5
SadC_ref|WP_036299413.1|:1-194	194	k121_475084_4	N/A	28.125	82	160	2.62e-09	57.4
SadC_ref|WP_036299413.1|:1-194	194	k121_778793_2	N/A	28.834	84	163	2.63e-09	57.4
SadC_ref|WP_036299413.1|:1-194	194	k121_524003_4	N/A	28.481	81	158	2.80e-09	57.4
SadC_ref|WP_036299413.1|:1-194	194	k121_639093_1	N/A	28.378	76	148	4.95e-09	56.6
SadC_ref|WP_036299413.1|:1-194	194	k121_111269_2	N/A	25.625	81	160	7.10e-09	56.2
SadC_ref|WP_036299413.1|:1-194	194	k121_1571103_2	N/A	41.463	42	82	1.48e-08	55.5
SadC_ref|WP_036299413.1|:1-194	194	k121_459384_1	N/A	34.559	62	136	3.49e-08	54.7
SadC_ref|WP_036299413.1|:1-194	194	k121_1427178_2	N/A	25.547	71	137	3.93e-08	55.8
SadC_ref|WP_036299413.1|:1-194	194	k121_326737_1	N/A	39.130	47	92	4.76e-08	55.5
SadC_ref|WP_036299413.1|:1-194	194	k121_466419_2	N/A	36.559	47	93	5.31e-08	54.3
SadC_ref|WP_036299413.1|:1-194	194	k121_942466_24	N/A	28.889	70	135	1.05e-07	53.1
SadC_ref|WP_036299413.1|:1-194	194	k121_284349_3	N/A	34.783	47	92	1.71e-07	52.8
SadC_ref|WP_036299413.1|:1-194	194	k121_704121_1	N/A	35.789	46	95	1.86e-07	51.6
SadC_ref|WP_036299413.1|:1-194	194	k121_1642_15	N/A	28.378	76	148	1.93e-07	52.4
SadC_ref|WP_036299413.1|:1-194	194	k121_1403163_51	N/A	30.345	73	145	2.05e-07	52.4
SadC_ref|WP_036299413.1|:1-194	194	k121_456308_3	N/A	27.891	75	147	2.53e-07	52.0
SadC_ref|WP_036299413.1|:1-194	194	k121_1042073_1	N/A	27.152	77	151	2.81e-07	52.4
SadC_ref|WP_036299413.1|:1-194	194	k121_744139_2	N/A	27.848	81	158	3.57e-07	51.6
SadC_ref|WP_036299413.1|:1-194	194	k121_717254_2	N/A	30.496	70	141	3.60e-07	51.2
SadC_ref|WP_036299413.1|:1-194	194	k121_569128_1	N/A	25.758	66	132	7.46e-07	50.8
SadC_ref|WP_036299413.1|:1-194	194	k121_768093_5	N/A	26.786	85	168	1.38e-06	50.4
SadC_ref|WP_036299413.1|:1-194	194	k121_863802_1	N/A	24.286	71	140	1.79e-06	50.1
SadC_ref|WP_036299413.1|:1-194	194	k121_94132_8	N/A	32.051	75	156	2.26e-06	49.7
SadC_ref|WP_036299413.1|:1-194	194	k121_1168086_7	N/A	21.765	87	170	2.71e-06	49.3
SadC_ref|WP_036299413.1|:1-194	194	k121_1769976_1	N/A	35.789	48	95	3.41e-06	49.7
SadC_ref|WP_036299413.1|:1-194	194	k121_185605_1	N/A	30.851	48	94	3.79e-06	48.9
SadC_ref|WP_036299413.1|:1-194	194	k121_1833626_4	N/A	32.673	51	101	4.14e-06	48.9
SadC_ref|WP_036299413.1|:1-194	194	k121_867746_3	N/A	32.967	46	91	4.16e-06	48.9
SadC_ref|WP_036299413.1|:1-194	194	k121_1716188_2	N/A	28.571	54	105	5.06e-06	49.7
SadC_ref|WP_036299413.1|:1-194	194	k121_288497_7	N/A	25.146	88	171	6.07e-06	48.9
SadC_ref|WP_036299413.1|:1-194	194	k121_277903_1	N/A	25.610	84	164	8.13e-06	48.1
SadC_ref|WP_036299413.1|:1-194	194	k121_1355835_72	N/A	23.944	73	142	9.16e-06	48.1
SadC_ref|WP_036299413.1|:1-194	194	k121_988961_3	N/A	33.708	46	89	9.77e-06	48.1
SadC_ref|WP_036299413.1|:1-194	194	k121_67156_2	N/A	35.802	40	81	1.10e-05	47.8
SadC_ref|WP_036299413.1|:1-194	194	k121_965695_2	N/A	28.030	66	132	1.51e-05	47.4
SadC_ref|WP_036299413.1|:1-194	194	k121_1629122_2	N/A	27.344	65	128	1.63e-05	48.1
SadC_ref|WP_036299413.1|:1-194	194	k121_324988_4	N/A	35.135	38	74	1.67e-05	47.4
SadC_ref|WP_036299413.1|:1-194	194	k121_796712_2	N/A	25.000	76	148	1.92e-05	48.1
SadC_ref|WP_036299413.1|:1-194	194	k121_577201_2	N/A	31.915	48	94	2.10e-05	47.0
SadC_ref|WP_036299413.1|:1-194	194	k121_1067462_1	N/A	30.337	44	89	2.13e-05	45.8
SadC_ref|WP_036299413.1|:1-194	194	k121_1021160_2	N/A	37.805	42	82	2.25e-05	46.2
SadC_ref|WP_036299413.1|:1-194	194	k121_1260930_2	N/A	32.258	47	93	2.51e-05	46.6
SadC_ref|WP_036299413.1|:1-194	194	k121_557462_2	N/A	27.536	68	138	2.62e-05	47.8
SadC_ref|WP_036299413.1|:1-194	194	k121_1047534_2	N/A	26.549	58	113	2.81e-05	45.8
SadC_ref|WP_036299413.1|:1-194	194	k121_121097_5	N/A	38.235	35	68	2.89e-05	46.6
SadC_ref|WP_036299413.1|:1-194	194	k121_598846_2	N/A	26.718	67	131	2.91e-05	47.4
SadC_ref|WP_036299413.1|:1-194	194	k121_1344685_3	N/A	25.949	79	158	3.08e-05	46.2
SadC_ref|WP_036299413.1|:1-194	194	k121_797280_6	N/A	24.460	71	139	3.14e-05	46.6
SadC_ref|WP_036299413.1|:1-194	194	k121_1043933_1	N/A	34.783	47	92	3.23e-05	47.4
SadC_ref|WP_036299413.1|:1-194	194	k121_516345_2	N/A	32.143	43	84	3.65e-05	46.2
SadC_ref|WP_036299413.1|:1-194	194	k121_1118893_2	N/A	28.148	68	135	4.59e-05	45.8
SadC_ref|WP_036299413.1|:1-194	194	k121_1464080_7	N/A	28.667	75	150	4.73e-05	46.2
SadC_ref|WP_036299413.1|:1-194	194	k121_1319045_2	N/A	29.464	57	112	4.93e-05	45.8
SadC_ref|WP_036299413.1|:1-194	194	k121_164149_13	N/A	25.926	69	135	5.01e-05	45.8
SadC_ref|WP_036299413.1|:1-194	194	k121_1182514_2	N/A	24.242	81	165	5.05e-05	47.0
SadC_ref|WP_036299413.1|:1-194	194	k121_827079_2	N/A	33.333	41	81	6.65e-05	44.3
SadC_ref|WP_036299413.1|:1-194	194	k121_1178012_2	N/A	25.490	78	153	6.76e-05	45.1
SadC_ref|WP_036299413.1|:1-194	194	k121_1589324_2	N/A	34.783	47	92	8.37e-05	45.1
SadC_ref|WP_036299413.1|:1-194	194	k121_1557025_2	N/A	25.294	85	170	1.17e-04	44.7
SadC_ref|WP_036299413.1|:1-194	194	k121_295672_2	N/A	32.895	39	76	1.55e-04	43.1
SadC_ref|WP_036299413.1|:1-194	194	k121_527095_8	N/A	35.616	37	73	1.65e-04	42.7
SadC_ref|WP_036299413.1|:1-194	194	k121_296170_14	N/A	27.344	65	128	1.78e-04	44.3
SadC_ref|WP_036299413.1|:1-194	194	k121_620451_1	N/A	26.667	46	90	2.12e-04	43.9
SadC_ref|WP_036299413.1|:1-194	194	k121_1419513_13	N/A	32.479	59	117	2.28e-04	45.1
SadC_ref|WP_036299413.1|:1-194	194	k121_777816_1	N/A	24.806	66	129	2.74e-04	43.9
SadC_ref|WP_036299413.1|:1-194	194	k121_810990_5	N/A	35.065	39	77	3.30e-04	43.1
SadC_ref|WP_036299413.1|:1-194	194	k121_1611041_4	N/A	32.558	44	86	3.30e-04	44.3
SadC_ref|WP_036299413.1|:1-194	194	k121_280260_1	N/A	36.000	26	50	5.58e-04	40.4
SadC_ref|WP_036299413.1|:1-194	194	k121_891712_2	N/A	31.461	45	89	5.60e-04	42.7
SadC_ref|WP_036299413.1|:1-194	194	k121_480389_1	N/A	34.615	40	78	5.79e-04	42.7
SadC_ref|WP_036299413.1|:1-194	194	k121_1544897_8	N/A	35.789	48	95	8.05e-04	42.4
SadC_ref|WP_036299413.1|:1-194	194	k121_1659095_1	N/A	27.368	48	95	0.001	41.6
SadC_ref|WP_036299413.1|:1-194	194	k121_985605_2	N/A	26.627	84	169	0.001	42.0
SadC_ref|WP_036299413.1|:1-194	194	k121_852187_2	N/A	36.667	30	60	0.001	40.0
SadC_ref|WP_036299413.1|:1-194	194	k121_398757_1	N/A	31.915	48	94	0.001	40.8
SadC_ref|WP_036299413.1|:1-194	194	k121_668798_1	N/A	31.034	44	87	0.001	41.6
SadC_ref|WP_036299413.1|:1-194	194	k121_5886_1	N/A	34.328	35	67	0.002	39.7
SadC_ref|WP_036299413.1|:1-194	194	k121_842664_1	N/A	32.468	39	77	0.003	40.4
SadC_ref|WP_036299413.1|:1-194	194	k121_797825_1	N/A	26.316	67	133	0.003	40.8
SadC_ref|WP_036299413.1|:1-194	194	k121_1650650_87	N/A	29.268	62	123	0.003	40.4
SadC_ref|WP_036299413.1|:1-194	194	k121_1021926_1	N/A	41.176	26	51	0.004	38.5
SadC_ref|WP_036299413.1|:1-194	194	k121_125612_2	N/A	21.711	76	152	0.004	40.0
SadC_ref|WP_036299413.1|:1-194	194	k121_137487_2	N/A	32.468	39	77	0.006	39.3
SadC_ref|WP_036299413.1|:1-194	194	k121_286651_42	N/A	26.316	68	133	0.010	39.3
SadC_ref|WP_036299413.1|:1-194	194	k121_475461_2	N/A	39.655	29	58	0.013	38.5
SadC_ref|WP_036299413.1|:1-194	194	k121_1061002_2	N/A	29.524	52	105	0.016	38.5
SadC_ref|WP_036299413.1|:1-194	194	k121_225763_1	N/A	37.255	26	51	0.029	37.0
SadC_ref|WP_036299413.1|:1-194	194	k121_983277_1	N/A	29.070	39	86	0.029	38.1
SadC_ref|WP_036299413.1|:1-194	194	k121_445124_1	N/A	22.137	66	131	0.032	38.1
SadC_ref|WP_036299413.1|:1-194	194	k121_670508_2	N/A	31.579	39	76	0.046	37.4
SadC_ref|WP_036299413.1|:1-194	194	k121_951106_1	N/A	38.000	25	50	0.076	34.7
SadC_ref|WP_036299413.1|:1-194	194	k121_1407165_1	N/A	23.853	54	109	0.079	36.2
SadC_ref|WP_036299413.1|:1-194	194	k121_356027_2	N/A	37.705	31	61	0.095	36.6
WP_000259031.1	279	k121_1023833_1	N/A	99.083	78	218	3.07e-153	430
WP_000259031.1	279	k121_556116_1	N/A	100.000	37	103	1.10e-65	203
WP_000259031.1	279	k121_892595_1	N/A	53.459	57	159	5.07e-48	160
WP_000259031.1	279	k121_61486_3	N/A	37.121	94	264	1.68e-39	142
WP_000259031.1	279	k121_945206_36	N/A	35.628	88	247	8.68e-38	137
WP_000259031.1	279	k121_1445908_1	N/A	31.835	96	267	4.22e-36	133
WP_000259031.1	279	k121_1258788_1	N/A	33.333	91	261	2.36e-34	129
WP_000259031.1	279	k121_848408_6	N/A	35.743	88	249	2.34e-33	126
WP_000259031.1	279	k121_1782498_2	N/A	32.491	96	277	4.52e-33	125
WP_000259031.1	279	k121_1160717_1	N/A	37.156	78	218	3.04e-32	121
WP_000259031.1	279	k121_552042_2	N/A	32.342	95	269	9.33e-32	122
WP_000259031.1	279	k121_607968_16	N/A	33.564	97	289	3.19e-31	121
WP_000259031.1	279	k121_1681488_34	N/A	33.597	88	253	3.78e-31	121
WP_000259031.1	279	k121_1126063_2	N/A	35.060	88	251	4.81e-31	120
WP_000259031.1	279	k121_265662_2	N/A	32.283	91	254	4.78e-30	117
WP_000259031.1	279	k121_320394_2	N/A	30.268	91	261	8.45e-29	114
WP_000259031.1	279	k121_1590506_5	N/A	31.599	94	269	2.76e-28	113
WP_000259031.1	279	k121_1336574_52	N/A	29.644	89	253	4.46e-28	112
WP_000259031.1	279	k121_325837_2	N/A	29.851	93	268	6.97e-28	112
WP_000259031.1	279	k121_978246_3	N/A	34.842	79	221	7.29e-28	111
WP_000259031.1	279	k121_1824139_19	N/A	32.482	97	274	1.24e-27	112
WP_000259031.1	279	k121_1306973_43	N/A	33.708	95	267	3.05e-27	110
WP_000259031.1	279	k121_1077050_6	N/A	36.697	78	218	5.36e-27	109
WP_000259031.1	279	k121_1503915_7	N/A	29.452	95	292	5.84e-27	110
WP_000259031.1	279	k121_1464860_4	N/A	31.325	88	249	6.90e-27	109
WP_000259031.1	279	k121_31074_10	N/A	35.023	76	217	7.24e-27	108
WP_000259031.1	279	k121_87312_22	N/A	36.239	76	218	9.27e-27	108
WP_000259031.1	279	k121_908764_1	N/A	32.016	88	253	1.06e-26	109
WP_000259031.1	279	k121_85525_3	N/A	32.669	89	251	1.75e-26	108
WP_000259031.1	279	k121_1227907_1	N/A	31.439	93	264	5.72e-26	108
WP_000259031.1	279	k121_556393_1	N/A	36.571	62	175	6.74e-26	103
WP_000259031.1	279	k121_1510971_3	N/A	31.203	94	266	8.04e-26	106
WP_000259031.1	279	k121_1733191_1	N/A	29.787	82	235	8.09e-26	105
WP_000259031.1	279	k121_1249460_1	N/A	32.520	87	246	1.08e-25	105
WP_000259031.1	279	k121_1449333_1	N/A	31.008	91	258	1.13e-25	105
WP_000259031.1	279	k121_1837179_1	N/A	30.961	95	281	1.34e-25	106
WP_000259031.1	279	k121_60208_7	N/A	32.171	88	258	1.49e-25	105
WP_000259031.1	279	k121_379532_1	N/A	34.553	88	246	1.99e-25	105
WP_000259031.1	279	k121_789608_2	N/A	35.366	88	246	2.03e-25	105
WP_000259031.1	279	k121_1655921_1	N/A	29.719	88	249	3.08e-25	104
WP_000259031.1	279	k121_955780_2	N/A	30.682	93	264	3.35e-25	106
WP_000259031.1	279	k121_147039_21	N/A	32.422	88	256	3.92e-25	104
WP_000259031.1	279	k121_1550782_1	N/A	33.465	88	254	3.97e-25	105
WP_000259031.1	279	k121_612134_2	N/A	32.130	97	277	4.03e-25	104
WP_000259031.1	279	k121_1253506_1	N/A	30.242	87	248	4.12e-25	104
WP_000259031.1	279	k121_1792506_3	N/A	33.871	88	248	4.33e-25	104
WP_000259031.1	279	k121_1290269_357	N/A	31.474	88	251	4.65e-25	104
WP_000259031.1	279	k121_55008_2	N/A	31.325	88	249	5.11e-25	104
WP_000259031.1	279	k121_1058453_2	N/A	28.794	91	257	8.27e-25	103
WP_000259031.1	279	k121_599621_2	N/A	30.620	91	258	3.11e-24	103
WP_000259031.1	279	k121_944651_1	N/A	33.784	78	222	4.35e-24	101
WP_000259031.1	279	k121_455272_1	N/A	31.174	87	247	6.54e-24	100
WP_000259031.1	279	k121_514941_3	N/A	32.836	93	268	7.42e-24	102
WP_000259031.1	279	k121_1212559_2	N/A	34.100	91	261	9.35e-24	102
WP_000259031.1	279	k121_1035391_2	N/A	32.661	88	248	1.30e-23	100
WP_000259031.1	279	k121_655145_13	N/A	33.071	87	254	2.27e-23	99.8
WP_000259031.1	279	k121_407394_1	N/A	30.899	63	178	6.01e-23	97.1
WP_000259031.1	279	k121_737249_2	N/A	33.486	78	218	1.31e-22	97.8
WP_000259031.1	279	k121_532874_4	N/A	31.502	95	273	1.49e-22	97.8
WP_000259031.1	279	k121_1130456_1	N/A	29.297	91	256	1.99e-22	97.8
WP_000259031.1	279	k121_302749_2	N/A	31.923	91	260	2.20e-22	98.2
WP_000259031.1	279	k121_1726746_3	N/A	33.178	76	214	3.29e-22	96.7
WP_000259031.1	279	k121_1379002_16	N/A	30.556	96	288	3.62e-22	97.1
WP_000259031.1	279	k121_770576_1	N/A	33.136	60	169	5.60e-22	94.4
WP_000259031.1	279	k121_868194_1	N/A	28.372	76	215	5.96e-22	95.1
WP_000259031.1	279	k121_1087250_2	N/A	32.721	87	272	7.96e-22	96.3
WP_000259031.1	279	k121_704879_8	N/A	34.404	76	218	8.20e-22	95.9
WP_000259031.1	279	k121_964854_1	N/A	31.163	77	215	8.83e-22	94.7
WP_000259031.1	279	k121_541988_1	N/A	28.326	82	233	9.30e-22	94.4
WP_000259031.1	279	k121_1185318_1	N/A	33.889	63	180	1.54e-21	93.6
WP_000259031.1	279	k121_1166728_81	N/A	30.279	87	251	2.29e-21	94.4
WP_000259031.1	279	k121_288557_11	N/A	29.537	98	281	2.65e-21	94.4
WP_000259031.1	279	k121_82660_3	N/A	27.203	91	261	3.04e-21	93.6
WP_000259031.1	279	k121_1827652_2	N/A	31.111	94	270	4.64e-21	93.2
WP_000259031.1	279	k121_576855_9	N/A	31.136	95	273	6.67e-21	94.0
WP_000259031.1	279	k121_228438_2	N/A	31.651	78	218	1.66e-20	90.9
WP_000259031.1	279	k121_575803_2	N/A	25.561	79	223	1.70e-20	91.3
WP_000259031.1	279	k121_473373_2	N/A	37.600	45	125	5.09e-20	87.4
WP_000259031.1	279	k121_879237_4	N/A	31.343	93	268	8.55e-20	91.3
WP_000259031.1	279	k121_93_2	N/A	30.252	85	238	1.63e-19	90.1
WP_000259031.1	279	k121_191751_1	N/A	32.636	85	239	3.11e-19	88.2
WP_000259031.1	279	k121_806031_1	N/A	28.829	78	222	4.54e-19	88.2
WP_000259031.1	279	k121_1155420_85	N/A	28.723	98	282	5.92e-19	88.2
WP_000259031.1	279	k121_1355835_139	N/A	30.357	95	280	8.32e-19	87.4
WP_000259031.1	279	k121_1632278_1	N/A	28.249	63	177	1.17e-18	85.1
WP_000259031.1	279	k121_823017_33	N/A	34.348	81	230	1.47e-18	86.7
WP_000259031.1	279	k121_1407321_1	N/A	29.310	79	232	1.76e-18	86.3
WP_000259031.1	279	k121_1683112_1	N/A	29.060	80	234	2.14e-18	86.3
WP_000259031.1	279	k121_912638_1	N/A	37.288	63	177	4.33e-18	83.6
WP_000259031.1	279	k121_279215_5	N/A	32.963	87	270	5.89e-18	85.1
WP_000259031.1	279	k121_959854_1	N/A	34.921	66	189	6.92e-18	83.2
WP_000259031.1	279	k121_1641291_2	N/A	34.008	88	247	7.02e-18	84.7
WP_000259031.1	279	k121_740047_1	N/A	33.846	68	195	9.33e-18	83.6
WP_000259031.1	279	k121_449564_1	N/A	30.612	85	245	1.21e-17	83.6
WP_000259031.1	279	k121_1639323_3	N/A	29.889	95	271	3.07e-17	83.6
WP_000259031.1	279	k121_315766_7	N/A	28.514	88	249	5.09e-17	82.8
WP_000259031.1	279	k121_1223440_1	N/A	27.615	84	239	1.02e-16	81.3
WP_000259031.1	279	k121_1650788_1	N/A	28.182	78	220	2.52e-16	80.1
WP_000259031.1	279	k121_1839138_2	N/A	33.987	51	153	3.41e-16	79.0
WP_000259031.1	279	k121_964620_1	N/A	29.677	55	155	4.29e-16	78.6
WP_000259031.1	279	k121_635260_1	N/A	30.000	64	180	5.61e-16	77.4
WP_000259031.1	279	k121_664793_2	N/A	34.101	77	217	1.92e-15	77.4
WP_000259031.1	279	k121_72213_1	N/A	29.167	82	240	2.11e-15	78.6
WP_000259031.1	279	k121_1623901_1	N/A	29.960	88	247	2.55e-15	77.8
WP_000259031.1	279	k121_1045913_21	N/A	33.032	78	221	2.76e-15	78.2
WP_000259031.1	279	k121_1649536_1	N/A	28.571	67	189	3.49e-15	75.9
WP_000259031.1	279	k121_1578338_1	N/A	27.391	80	230	4.02e-15	76.6
WP_000259031.1	279	k121_197069_1	N/A	32.218	77	239	4.37e-15	76.6
WP_000259031.1	279	k121_1359123_1	N/A	33.333	61	180	6.24e-15	75.1
WP_000259031.1	279	k121_396985_1	N/A	33.014	73	209	6.88e-15	75.5
WP_000259031.1	279	k121_5355_1	N/A	38.835	37	103	1.83e-14	72.0
WP_000259031.1	279	k121_1611433_1	N/A	33.333	78	225	1.83e-14	75.1
WP_000259031.1	279	k121_840263_1	N/A	32.558	61	172	1.96e-14	73.9
WP_000259031.1	279	k121_1420854_1	N/A	29.319	65	191	2.00e-14	75.5
WP_000259031.1	279	k121_362392_1	N/A	29.341	59	167	2.08e-14	73.2
WP_000259031.1	279	k121_1779276_1	N/A	30.049	71	203	2.67e-14	73.9
WP_000259031.1	279	k121_1671206_1	N/A	30.201	53	149	3.53e-14	72.4
WP_000259031.1	279	k121_625268_1	N/A	24.699	58	166	4.98e-14	72.0
WP_000259031.1	279	k121_511464_1	N/A	27.826	78	230	7.06e-14	73.9
WP_000259031.1	279	k121_335220_1	N/A	34.375	44	128	7.73e-14	71.2
WP_000259031.1	279	k121_1586506_1	N/A	34.375	44	128	3.69e-13	69.7
WP_000259031.1	279	k121_1086990_2	N/A	36.986	52	146	5.65e-13	70.1
WP_000259031.1	279	k121_288774_1	N/A	29.762	59	168	1.99e-12	69.3
WP_000259031.1	279	k121_1029429_3	N/A	36.290	44	124	2.55e-12	66.6
WP_000259031.1	279	k121_631582_1	N/A	34.127	45	126	5.57e-12	66.2
WP_000259031.1	279	k121_684601_1	N/A	31.452	44	124	7.97e-12	65.5
WP_000259031.1	279	k121_1474376_1	N/A	36.000	36	100	8.15e-12	66.6
WP_000259031.1	279	k121_1064199_1	N/A	33.645	38	107	1.84e-11	65.1
WP_000259031.1	279	k121_31729_3	N/A	30.909	76	220	2.42e-11	66.2
WP_000259031.1	279	k121_533250_3	N/A	37.079	31	89	3.34e-11	63.2
WP_000259031.1	279	k121_1461281_2	N/A	27.528	63	178	4.54e-11	64.3
WP_000259031.1	279	k121_1472616_1	N/A	29.333	53	150	5.14e-11	63.9
WP_000259031.1	279	k121_685003_1	N/A	27.059	58	170	5.18e-11	63.9
WP_000259031.1	279	k121_845412_1	N/A	36.842	45	133	6.18e-11	63.5
WP_000259031.1	279	k121_405352_1	N/A	38.095	30	84	1.11e-10	61.6
WP_000259031.1	279	k121_1430427_1	N/A	37.374	35	99	1.22e-10	60.8
WP_000259031.1	279	k121_807437_1	N/A	40.000	29	80	1.35e-10	60.8
WP_000259031.1	279	k121_260725_1	N/A	34.641	53	153	2.40e-10	62.0
WP_000259031.1	279	k121_25161_8	N/A	35.484	44	124	3.40e-10	62.0
WP_000259031.1	279	k121_990401_31	N/A	27.778	61	180	4.04e-10	62.4
WP_000259031.1	279	k121_416668_1	N/A	29.697	58	165	4.48e-10	61.6
WP_000259031.1	279	k121_896067_2	N/A	43.529	30	85	4.76e-10	59.7
WP_000259031.1	279	k121_123822_3	N/A	29.762	59	168	7.28e-10	60.5
WP_000259031.1	279	k121_1571840_2	N/A	25.571	76	219	7.37e-10	61.6
WP_000259031.1	279	k121_1352267_1	N/A	37.500	29	80	7.40e-10	60.5
WP_000259031.1	279	k121_1820596_1	N/A	29.940	58	167	1.81e-09	59.7
WP_000259031.1	279	k121_125454_2	N/A	37.762	51	143	2.18e-09	58.5
WP_000259031.1	279	k121_1660805_1	N/A	31.609	60	174	2.44e-09	59.3
WP_000259031.1	279	k121_278379_1	N/A	38.889	32	90	3.66e-09	57.0
WP_000259031.1	279	k121_771262_2	N/A	38.372	29	86	4.71e-09	56.6
WP_000259031.1	279	k121_723237_1	N/A	29.012	58	162	4.94e-09	58.9
WP_000259031.1	279	k121_487191_3	N/A	39.130	25	69	5.05e-09	55.8
WP_000259031.1	279	k121_750289_1	N/A	30.058	61	173	5.97e-09	58.2
WP_000259031.1	279	k121_120185_1	N/A	29.050	61	179	6.32e-09	58.5
WP_000259031.1	279	k121_80577_1	N/A	41.429	25	70	1.11e-08	55.5
WP_000259031.1	279	k121_158482_2	N/A	35.484	33	93	1.18e-08	55.8
WP_000259031.1	279	k121_1354174_2	N/A	32.222	61	180	1.59e-08	57.8
WP_000259031.1	279	k121_1351819_2	N/A	36.170	33	94	1.99e-08	55.8
WP_000259031.1	279	k121_476280_2	N/A	32.941	30	85	2.02e-08	55.1
WP_000259031.1	279	k121_1541422_1	N/A	25.743	71	202	2.51e-08	57.0
WP_000259031.1	279	k121_396587_1	N/A	35.057	56	174	4.22e-08	55.8
WP_000259031.1	279	k121_33046_2	N/A	33.088	48	136	5.00e-08	55.1
WP_000259031.1	279	k121_819497_1	N/A	26.214	37	103	5.66e-08	55.1
WP_000259031.1	279	k121_348301_1	N/A	32.308	46	130	8.05e-08	54.7
WP_000259031.1	279	k121_1347905_1	N/A	29.565	76	230	8.85e-08	55.8
WP_000259031.1	279	k121_1664860_1	N/A	36.449	38	107	9.49e-08	53.9
WP_000259031.1	279	k121_1835171_2	N/A	29.091	95	275	9.99e-08	56.2
WP_000259031.1	279	k121_753203_1	N/A	30.000	59	170	1.19e-07	54.7
WP_000259031.1	279	k121_1675523_2	N/A	39.048	38	105	1.22e-07	53.9
WP_000259031.1	279	k121_1340833_3	N/A	35.000	35	100	1.59e-07	52.8
WP_000259031.1	279	k121_1201767_1	N/A	35.606	46	132	1.99e-07	54.3
WP_000259031.1	279	k121_1756297_1	N/A	22.768	77	224	2.38e-07	54.3
WP_000259031.1	279	k121_97827_3	N/A	40.517	42	116	3.09e-07	52.8
WP_000259031.1	279	k121_621478_1	N/A	33.010	36	103	3.57e-07	55.1
WP_000259031.1	279	k121_247117_2	N/A	31.304	41	115	4.50e-07	51.6
WP_000259031.1	279	k121_136565_4	N/A	33.673	35	98	5.53e-07	50.8
WP_000259031.1	279	k121_1860777_1	N/A	32.184	61	174	5.73e-07	52.8
WP_000259031.1	279	k121_1465616_2	N/A	37.838	40	111	7.51e-07	50.8
WP_000259031.1	279	k121_828550_1	N/A	30.097	37	103	1.10e-06	52.0
WP_000259031.1	279	k121_695199_1	N/A	30.952	30	84	1.27e-06	49.7
WP_000259031.1	279	k121_607548_1	N/A	30.579	43	121	1.57e-06	50.4
WP_000259031.1	279	k121_617498_1	N/A	33.333	44	126	1.60e-06	50.8
WP_000259031.1	279	k121_275742_1	N/A	24.675	52	154	1.65e-06	51.2
WP_000259031.1	279	k121_1815021_1	N/A	30.928	35	97	1.96e-06	49.7
WP_000259031.1	279	k121_1761950_2	N/A	45.455	35	99	3.99e-06	48.9
WP_000259031.1	279	k121_1675481_2	N/A	37.143	25	70	6.26e-06	47.8
WP_000259031.1	279	k121_695195_1	N/A	29.762	30	84	6.31e-06	47.8
WP_000259031.1	279	k121_366668_2	N/A	29.787	51	141	7.15e-06	48.9
WP_000259031.1	279	k121_473977_1	N/A	33.981	37	103	8.29e-06	47.4
WP_000259031.1	279	k121_281052_2	N/A	37.736	38	106	1.18e-05	47.8
WP_000259031.1	279	k121_1205783_1	N/A	36.000	36	100	1.33e-05	48.9
WP_000259031.1	279	k121_609633_1	N/A	31.111	46	135	1.66e-05	48.5
WP_000259031.1	279	k121_1398930_1	N/A	30.409	59	171	2.50e-05	48.1
WP_000259031.1	279	k121_1452548_2	N/A	27.344	46	128	2.56e-05	47.4
WP_000259031.1	279	k121_617679_1	N/A	35.135	25	74	2.98e-05	45.4
WP_000259031.1	279	k121_888239_2	N/A	27.059	30	85	5.95e-05	45.1
WP_000259031.1	279	k121_879179_1	N/A	44.262	22	61	9.11e-05	45.8
WP_000259031.1	279	k121_634822_1	N/A	39.583	34	96	1.29e-04	45.4
WP_000259031.1	279	k121_990401_32	N/A	37.143	25	70	1.36e-04	47.0
WP_000259031.1	279	k121_508136_2	N/A	42.647	24	68	1.53e-04	44.7
WP_000259031.1	279	k121_1313330_2	N/A	27.778	32	90	1.93e-04	43.9
WP_000259031.1	279	k121_948991_2	N/A	25.170	49	147	3.02e-04	45.1
WP_000259031.1	279	k121_1541253_2	N/A	33.766	27	77	3.78e-04	45.4
WP_000259031.1	279	k121_192827_1	N/A	30.303	24	66	3.97e-04	42.4
WP_000259031.1	279	k121_948991_1	N/A	30.380	28	79	4.01e-04	43.5
WP_000259031.1	279	k121_1731245_2	N/A	27.835	35	97	4.21e-04	42.7
WP_000259031.1	279	k121_1173891_2	N/A	34.694	34	98	7.43e-04	42.4
WP_000259031.1	279	k121_1279636_1	N/A	27.193	41	114	7.53e-04	42.4
WP_000259031.1	279	k121_343306_1	N/A	31.746	44	126	0.002	42.0
WP_000259031.1	279	k121_1803950_1	N/A	27.684	63	177	0.003	42.0
WP_000259031.1	279	k121_640594_2	N/A	32.609	33	92	0.004	40.0
WP_000259031.1	279	k121_192252_1	N/A	39.437	25	71	0.005	40.8
WP_000259031.1	279	k121_1481184_2	N/A	31.818	24	66	0.006	39.3
WP_000259031.1	279	k121_439849_1	N/A	27.513	59	189	0.006	40.8
WP_000259031.1	279	k121_51234_1	N/A	32.500	28	80	0.007	38.9
WP_000259031.1	279	k121_1415568_1	N/A	43.103	21	58	0.016	38.9
WP_000259031.1	279	k121_224326_2	N/A	25.000	40	112	0.038	37.7
WP_000259031.1	279	k121_863447_3	N/A	30.769	28	78	0.066	36.2
WP_001043260.1	271	k121_892595_1	N/A	100.000	59	161	4.78e-110	318
WP_001043260.1	271	k121_1023833_1	N/A	54.673	78	214	1.51e-71	222
WP_001043260.1	271	k121_61486_3	N/A	39.231	96	260	5.47e-49	166
WP_001043260.1	271	k121_1782498_2	N/A	40.075	97	267	2.24e-48	165
WP_001043260.1	271	k121_945206_36	N/A	37.548	95	261	3.00e-48	164
WP_001043260.1	271	k121_1249460_1	N/A	38.636	95	264	1.15e-46	160
WP_001043260.1	271	k121_1126063_2	N/A	39.080	95	261	4.65e-45	156
WP_001043260.1	271	k121_1445908_1	N/A	37.643	97	263	2.58e-43	151
WP_001043260.1	271	k121_1130456_1	N/A	36.742	96	264	9.14e-43	151
WP_001043260.1	271	k121_1510971_3	N/A	38.077	96	260	1.78e-42	149
WP_001043260.1	271	k121_1035391_2	N/A	37.313	98	268	4.15e-42	149
WP_001043260.1	271	k121_1503915_7	N/A	33.449	97	287	7.18e-42	149
WP_001043260.1	271	k121_978246_3	N/A	40.824	97	267	7.41e-42	148
WP_001043260.1	271	k121_1258788_1	N/A	33.846	94	260	1.79e-41	147
WP_001043260.1	271	k121_1077050_6	N/A	40.698	95	258	2.17e-40	144
WP_001043260.1	271	k121_55008_2	N/A	36.680	95	259	2.98e-40	144
WP_001043260.1	271	k121_848408_6	N/A	34.601	96	263	1.93e-39	142
WP_001043260.1	271	k121_1837179_1	N/A	35.036	96	274	1.98e-39	142
WP_001043260.1	271	k121_1379002_16	N/A	35.766	96	274	2.66e-39	142
WP_001043260.1	271	k121_908764_1	N/A	32.812	92	256	2.88e-39	142
WP_001043260.1	271	k121_556393_1	N/A	43.931	63	173	4.74e-39	137
WP_001043260.1	271	k121_737249_2	N/A	37.165	96	261	2.70e-38	139
WP_001043260.1	271	k121_325837_2	N/A	32.171	94	258	7.49e-38	137
WP_001043260.1	271	k121_85525_3	N/A	35.115	96	262	8.11e-38	137
WP_001043260.1	271	k121_60208_7	N/A	37.452	95	259	8.99e-38	137
WP_001043260.1	271	k121_552042_2	N/A	33.333	97	264	1.16e-37	137
WP_001043260.1	271	k121_964854_1	N/A	37.674	79	215	2.09e-37	135
WP_001043260.1	271	k121_1290269_357	N/A	35.632	95	261	3.71e-37	136
WP_001043260.1	271	k121_1827652_2	N/A	37.500	94	264	1.74e-36	134
WP_001043260.1	271	k121_1824139_19	N/A	34.470	96	264	2.53e-36	134
WP_001043260.1	271	k121_302749_2	N/A	38.971	96	272	4.30e-36	134
WP_001043260.1	271	k121_265662_2	N/A	35.019	94	257	6.51e-36	132
WP_001043260.1	271	k121_1632278_1	N/A	37.356	64	174	8.25e-36	130
WP_001043260.1	271	k121_87312_22	N/A	39.544	94	263	1.14e-35	132
WP_001043260.1	271	k121_1681488_34	N/A	35.766	98	274	1.43e-35	132
WP_001043260.1	271	k121_147039_21	N/A	34.701	96	268	1.82e-35	131
WP_001043260.1	271	k121_1726746_3	N/A	37.828	96	267	2.17e-35	131
WP_001043260.1	271	k121_1253506_1	N/A	34.818	89	247	4.63e-35	130
WP_001043260.1	271	k121_379532_1	N/A	37.452	95	259	5.74e-35	130
WP_001043260.1	271	k121_1464860_4	N/A	33.992	92	253	1.93e-34	129
WP_001043260.1	271	k121_1306973_43	N/A	36.260	96	262	7.43e-34	127
WP_001043260.1	271	k121_704879_8	N/A	34.317	90	271	2.55e-33	126
WP_001043260.1	271	k121_1160717_1	N/A	35.814	79	215	8.70e-33	122
WP_001043260.1	271	k121_228438_2	N/A	38.073	80	218	1.64e-32	122
WP_001043260.1	271	k121_770576_1	N/A	34.940	61	166	3.20e-32	120
WP_001043260.1	271	k121_806031_1	N/A	29.528	92	254	4.14e-32	122
WP_001043260.1	271	k121_31074_10	N/A	37.788	78	217	4.24e-32	122
WP_001043260.1	271	k121_93_2	N/A	34.717	95	265	5.15e-32	123
WP_001043260.1	271	k121_789608_2	N/A	38.009	80	221	9.15e-32	122
WP_001043260.1	271	k121_191751_1	N/A	37.402	93	254	1.56e-31	120
WP_001043260.1	271	k121_1733191_1	N/A	34.188	83	234	1.86e-31	120
WP_001043260.1	271	k121_607968_16	N/A	32.482	97	274	3.62e-31	121
WP_001043260.1	271	k121_1336574_52	N/A	28.090	97	267	9.79e-31	119
WP_001043260.1	271	k121_879237_4	N/A	34.559	97	272	1.80e-30	120
WP_001043260.1	271	k121_1792506_3	N/A	33.083	97	266	1.10e-29	116
WP_001043260.1	271	k121_320394_2	N/A	31.746	91	252	8.54e-29	114
WP_001043260.1	271	k121_1590506_5	N/A	31.225	92	253	2.79e-28	112
WP_001043260.1	271	k121_449564_1	N/A	33.740	87	246	5.61e-28	111
WP_001043260.1	271	k121_599621_2	N/A	30.224	97	268	6.57e-28	113
WP_001043260.1	271	k121_455272_1	N/A	31.687	87	243	1.08e-27	110
WP_001043260.1	271	k121_1641291_2	N/A	36.122	96	263	1.54e-27	110
WP_001043260.1	271	k121_1449333_1	N/A	30.522	90	249	2.58e-27	109
WP_001043260.1	271	k121_1227907_1	N/A	29.588	97	267	2.65e-27	112
WP_001043260.1	271	k121_514941_3	N/A	35.472	96	265	2.94e-27	111
WP_001043260.1	271	k121_407394_1	N/A	36.000	64	175	3.12e-27	108
WP_001043260.1	271	k121_955780_2	N/A	29.213	97	267	4.40e-27	111
WP_001043260.1	271	k121_1212559_2	N/A	33.456	98	272	7.14e-27	111
WP_001043260.1	271	k121_1058453_2	N/A	27.547	96	265	7.71e-27	109
WP_001043260.1	271	k121_868194_1	N/A	28.505	78	214	2.50e-26	106
WP_001043260.1	271	k121_473373_2	N/A	42.520	47	127	3.28e-26	103
WP_001043260.1	271	k121_335220_1	N/A	42.963	48	135	4.75e-26	103
WP_001043260.1	271	k121_1407321_1	N/A	30.870	82	230	8.13e-26	105
WP_001043260.1	271	k121_532874_4	N/A	31.298	96	262	1.66e-25	105
WP_001043260.1	271	k121_1671206_1	N/A	33.728	62	169	1.94e-25	102
WP_001043260.1	271	k121_740047_1	N/A	33.495	75	206	1.95e-25	103
WP_001043260.1	271	k121_1655921_1	N/A	28.745	90	247	3.62e-25	103
WP_001043260.1	271	k121_396985_1	N/A	35.429	64	175	3.97e-25	102
WP_001043260.1	271	k121_1586506_1	N/A	42.222	48	135	5.96e-25	101
WP_001043260.1	271	k121_5355_1	N/A	47.573	38	103	1.70e-24	98.6
WP_001043260.1	271	k121_82660_3	N/A	27.413	94	259	1.70e-24	102
WP_001043260.1	271	k121_655145_13	N/A	31.076	90	251	2.15e-24	102
WP_001043260.1	271	k121_612134_2	N/A	31.298	96	262	3.16e-24	102
WP_001043260.1	271	k121_944651_1	N/A	31.868	98	273	4.56e-24	101
WP_001043260.1	271	k121_1430427_1	N/A	52.525	37	99	4.90e-24	96.7
WP_001043260.1	271	k121_664793_2	N/A	35.193	86	233	5.04e-24	100
WP_001043260.1	271	k121_541988_1	N/A	28.632	85	234	1.36e-23	99.0
WP_001043260.1	271	k121_964620_1	N/A	35.948	56	153	3.76e-23	97.1
WP_001043260.1	271	k121_576855_9	N/A	31.818	97	264	4.17e-23	99.8
WP_001043260.1	271	k121_1185318_1	N/A	32.584	65	178	5.80e-23	97.1
WP_001043260.1	271	k121_1355835_139	N/A	32.453	95	265	6.87e-23	98.2
WP_001043260.1	271	k121_158482_2	N/A	51.613	34	93	1.31e-22	93.2
WP_001043260.1	271	k121_823017_33	N/A	34.074	97	270	1.49e-22	97.4
WP_001043260.1	271	k121_1550782_1	N/A	28.947	97	266	1.68e-22	97.8
WP_001043260.1	271	k121_279215_5	N/A	33.704	90	270	2.87e-22	96.7
WP_001043260.1	271	k121_575803_2	N/A	25.000	87	240	3.12e-22	95.9
WP_001043260.1	271	k121_1064199_1	N/A	40.411	51	146	3.27e-22	94.0
WP_001043260.1	271	k121_1839138_2	N/A	34.483	71	203	4.77e-22	94.4
WP_001043260.1	271	k121_1087250_2	N/A	34.247	79	219	1.17e-21	95.9
WP_001043260.1	271	k121_416668_1	N/A	37.647	61	170	2.66e-21	92.0
WP_001043260.1	271	k121_685003_1	N/A	33.735	59	166	3.68e-21	91.3
WP_001043260.1	271	k121_278379_1	N/A	51.648	34	91	6.06e-21	88.6
WP_001043260.1	271	k121_631582_1	N/A	42.991	39	107	6.16e-21	90.1
WP_001043260.1	271	k121_1029429_3	N/A	46.400	45	125	1.98e-20	88.6
WP_001043260.1	271	k121_197069_1	N/A	33.051	79	236	2.16e-20	90.9
WP_001043260.1	271	k121_405352_1	N/A	49.398	31	83	2.22e-20	87.4
WP_001043260.1	271	k121_1578338_1	N/A	29.730	80	222	2.51e-20	90.5
WP_001043260.1	271	k121_684601_1	N/A	37.903	45	124	2.73e-20	88.2
WP_001043260.1	271	k121_819497_1	N/A	39.000	37	100	1.88e-19	86.3
WP_001043260.1	271	k121_1474376_1	N/A	31.844	55	179	2.15e-19	87.0
WP_001043260.1	271	k121_362392_1	N/A	31.515	60	165	3.15e-19	85.9
WP_001043260.1	271	k121_1223440_1	N/A	26.695	86	236	4.60e-19	87.4
WP_001043260.1	271	k121_1201767_1	N/A	42.969	46	128	6.20e-19	86.3
WP_001043260.1	271	k121_288774_1	N/A	34.940	61	166	6.21e-19	87.0
WP_001043260.1	271	k121_912638_1	N/A	34.973	68	183	6.54e-19	85.5
WP_001043260.1	271	k121_695199_1	N/A	48.810	31	84	1.99e-18	81.6
WP_001043260.1	271	k121_695195_1	N/A	48.193	31	83	4.54e-18	80.9
WP_001043260.1	271	k121_556116_1	N/A	54.321	30	81	4.63e-18	80.9
WP_001043260.1	271	k121_1639323_3	N/A	30.970	96	268	6.42e-18	85.1
WP_001043260.1	271	k121_1420854_1	N/A	30.374	75	214	9.54e-18	84.3
WP_001043260.1	271	k121_1623901_1	N/A	31.174	90	247	9.67e-18	84.3
WP_001043260.1	271	k121_1045913_21	N/A	31.984	83	247	1.05e-17	84.7
WP_001043260.1	271	k121_625268_1	N/A	30.539	59	167	1.20e-17	81.6
WP_001043260.1	271	k121_288557_11	N/A	27.941	97	272	1.27e-17	84.3
WP_001043260.1	271	k121_840263_1	N/A	29.609	65	179	4.21e-17	80.9
WP_001043260.1	271	k121_1650788_1	N/A	26.809	84	235	1.25e-16	80.5
WP_001043260.1	271	k121_1155420_85	N/A	28.159	97	277	1.70e-16	81.3
WP_001043260.1	271	k121_1313330_2	N/A	44.578	31	83	2.58e-16	76.3
WP_001043260.1	271	k121_635260_1	N/A	30.939	66	181	2.72e-16	78.2
WP_001043260.1	271	k121_487191_3	N/A	46.479	26	71	3.91e-16	75.1
WP_001043260.1	271	k121_1352267_1	N/A	50.000	31	84	6.32e-16	77.0
WP_001043260.1	271	k121_1571840_2	N/A	26.728	78	217	7.87e-16	78.2
WP_001043260.1	271	k121_888239_2	N/A	40.964	31	83	9.94e-16	74.7
WP_001043260.1	271	k121_828550_1	N/A	41.000	37	100	1.17e-15	77.0
WP_001043260.1	271	k121_1611433_1	N/A	32.489	84	237	1.25e-15	78.2
WP_001043260.1	271	k121_1675481_2	N/A	52.174	25	69	1.34e-15	74.3
WP_001043260.1	271	k121_1347905_1	N/A	32.174	80	230	1.86e-15	77.4
WP_001043260.1	271	k121_511464_1	N/A	31.273	97	275	2.06e-15	78.2
WP_001043260.1	271	k121_123822_3	N/A	35.119	62	168	2.82e-15	75.5
WP_001043260.1	271	k121_1359123_1	N/A	32.609	63	184	3.46e-15	75.5
WP_001043260.1	271	k121_476280_2	N/A	40.860	34	93	5.31e-15	72.8
WP_001043260.1	271	k121_80577_1	N/A	52.174	25	69	9.51e-15	72.0
WP_001043260.1	271	k121_315766_7	N/A	28.417	97	278	1.38e-14	75.9
WP_001043260.1	271	k121_807437_1	N/A	41.758	34	91	1.83e-14	71.2
WP_001043260.1	271	k121_1649536_1	N/A	29.949	72	197	1.95e-14	73.6
WP_001043260.1	271	k121_1756297_1	N/A	25.110	82	227	2.02e-14	74.3
WP_001043260.1	271	k121_1683112_1	N/A	29.091	77	220	2.50e-14	75.1
WP_001043260.1	271	k121_1820596_1	N/A	30.233	63	172	2.99e-14	73.2
WP_001043260.1	271	k121_1472616_1	N/A	31.707	60	164	3.69e-14	72.4
WP_001043260.1	271	k121_275742_1	N/A	29.412	53	153	4.45e-14	72.4
WP_001043260.1	271	k121_1675523_2	N/A	39.860	52	143	5.65e-14	71.2
WP_001043260.1	271	k121_192827_1	N/A	48.485	24	66	7.13e-14	69.3
WP_001043260.1	271	k121_533250_3	N/A	46.377	25	69	1.71e-13	68.9
WP_001043260.1	271	k121_1779276_1	N/A	30.688	68	189	1.79e-13	71.6
WP_001043260.1	271	k121_1351819_2	N/A	38.384	36	99	6.21e-13	68.2
WP_001043260.1	271	k121_1086990_2	N/A	33.163	70	196	8.36e-13	69.3
WP_001043260.1	271	k121_1481184_2	N/A	41.975	30	81	9.38e-13	66.6
WP_001043260.1	271	k121_723237_1	N/A	30.409	60	171	1.14e-12	68.9
WP_001043260.1	271	k121_508136_2	N/A	55.714	26	70	1.18e-12	67.4
WP_001043260.1	271	k121_845412_1	N/A	33.333	54	153	1.72e-12	67.4
WP_001043260.1	271	k121_750289_1	N/A	30.857	63	175	1.20e-11	65.9
WP_001043260.1	271	k121_1664860_1	N/A	36.364	44	121	1.24e-11	64.7
WP_001043260.1	271	k121_1398930_1	N/A	33.333	61	174	1.49e-11	65.9
WP_001043260.1	271	k121_1166728_81	N/A	27.985	95	268	1.94e-11	66.6
WP_001043260.1	271	k121_1415568_1	N/A	53.448	21	58	4.96e-11	62.8
WP_001043260.1	271	k121_1541253_2	N/A	43.056	26	72	5.82e-11	65.9
WP_001043260.1	271	k121_72213_1	N/A	28.761	77	226	6.19e-11	65.5
WP_001043260.1	271	k121_948991_1	N/A	43.056	26	72	6.86e-11	62.4
WP_001043260.1	271	k121_15512_1	N/A	55.385	24	65	7.06e-11	60.8
WP_001043260.1	271	k121_896067_2	N/A	42.424	37	99	7.54e-11	61.6
WP_001043260.1	271	k121_31729_3	N/A	28.017	83	232	8.41e-11	64.3
WP_001043260.1	271	k121_959854_1	N/A	30.380	58	158	9.51e-11	63.5
WP_001043260.1	271	k121_33046_2	N/A	32.639	53	144	2.10e-10	61.6
WP_001043260.1	271	k121_621478_1	N/A	34.314	37	102	2.39e-10	64.7
WP_001043260.1	271	k121_990401_32	N/A	38.961	28	77	2.57e-10	64.3
WP_001043260.1	271	k121_25161_8	N/A	33.143	61	175	2.71e-10	62.0
WP_001043260.1	271	k121_771262_2	N/A	48.000	26	75	2.85e-10	60.1
WP_001043260.1	271	k121_617679_1	N/A	41.333	26	75	2.91e-10	59.3
WP_001043260.1	271	k121_990401_31	N/A	25.943	75	212	3.95e-10	62.4
WP_001043260.1	271	k121_617498_1	N/A	35.156	46	128	4.23e-10	60.8
WP_001043260.1	271	k121_125454_2	N/A	40.404	36	99	8.17e-10	59.7
WP_001043260.1	271	k121_753203_1	N/A	29.050	65	179	1.59e-09	59.7
WP_001043260.1	271	k121_609633_1	N/A	29.032	54	155	3.31e-09	58.9
WP_001043260.1	271	k121_1461281_2	N/A	25.000	63	172	9.75e-09	57.8
WP_001043260.1	271	k121_260725_1	N/A	31.579	47	133	1.05e-08	57.4
WP_001043260.1	271	k121_281052_2	N/A	40.336	44	119	1.61e-08	55.8
WP_001043260.1	271	k121_879179_1	N/A	38.596	40	114	1.70e-08	56.2
WP_001043260.1	271	k121_1660805_1	N/A	33.136	61	169	3.44e-08	55.8
WP_001043260.1	271	k121_1205783_1	N/A	37.000	37	100	3.53e-08	56.2
WP_001043260.1	271	k121_1465616_2	N/A	35.514	39	107	6.75e-08	53.5
WP_001043260.1	271	k121_473977_1	N/A	35.789	35	95	7.99e-08	53.1
WP_001043260.1	271	k121_151375_2	N/A	33.636	38	110	1.17e-07	53.1
WP_001043260.1	271	k121_396587_1	N/A	31.646	53	158	1.63e-07	53.9
WP_001043260.1	271	k121_1541422_1	N/A	24.194	68	186	3.99e-07	53.1
WP_001043260.1	271	k121_816351_1	N/A	29.054	55	148	4.74e-07	53.1
WP_001043260.1	271	k121_1354174_2	N/A	27.895	69	190	4.87e-07	53.1
WP_001043260.1	271	k121_1860777_1	N/A	30.286	63	175	5.18e-07	52.8
WP_001043260.1	271	k121_1266689_2	N/A	43.299	36	97	1.24e-06	49.7
WP_001043260.1	271	k121_366668_2	N/A	25.161	57	155	1.26e-06	50.8
WP_001043260.1	271	k121_192252_1	N/A	41.558	28	77	1.29e-06	51.2
WP_001043260.1	271	k121_634822_1	N/A	39.175	35	97	1.57e-06	51.2
WP_001043260.1	271	k121_1815021_1	N/A	28.070	42	114	2.43e-06	49.3
WP_001043260.1	271	k121_640594_2	N/A	36.264	33	91	3.73e-06	48.9
WP_001043260.1	271	k121_247117_2	N/A	26.613	46	124	4.02e-06	48.9
WP_001043260.1	271	k121_348301_1	N/A	30.220	65	182	8.29e-06	48.9
WP_001043260.1	271	k121_1340833_3	N/A	36.792	36	106	1.22e-05	47.4
WP_001043260.1	271	k121_439849_1	N/A	27.097	54	155	1.94e-05	48.1
WP_001043260.1	271	k121_120185_1	N/A	26.230	62	183	2.27e-05	48.1
WP_001043260.1	271	k121_136565_4	N/A	32.323	37	99	3.31e-05	45.8
WP_001043260.1	271	k121_1803950_1	N/A	28.824	63	170	4.25e-05	47.4
WP_001043260.1	271	k121_1731245_2	N/A	27.835	36	97	3.27e-04	43.1
WP_001043260.1	271	k121_343306_1	N/A	32.857	52	140	3.84e-04	44.3
WP_001043260.1	271	k121_1452548_2	N/A	31.193	39	109	4.02e-04	43.9
WP_001043260.1	271	k121_948991_2	N/A	21.675	69	203	5.53e-04	44.3
WP_001043260.1	271	k121_863447_3	N/A	35.849	20	53	0.004	39.7
WP_001043260.1	271	k121_430503_1	N/A	42.623	23	61	0.004	39.3
WP_001043260.1	271	k121_1761950_2	N/A	40.541	41	111	0.004	40.4
WP_001043260.1	271	k121_97827_3	N/A	33.333	43	117	0.005	40.4
WP_001043260.1	271	k121_224326_2	N/A	23.333	44	120	0.006	40.0
WP_001043260.1	271	k121_931898_1	N/A	33.721	31	86	0.019	38.1
WP_001043260.1	271	k121_1173891_2	N/A	32.710	37	107	0.020	38.5
WP_001043260.1	271	k121_1835171_2	N/A	28.090	96	267	0.030	39.7
WP_001043260.1	271	k121_607548_1	N/A	30.612	36	98	0.083	36.6
WP_000034420.1	263	k121_1023833_1	N/A	43.519	82	216	1.40e-65	207
WP_000034420.1	263	k121_61486_3	N/A	41.923	98	260	2.87e-59	192
WP_000034420.1	263	k121_848408_6	N/A	40.152	98	264	2.71e-56	185
WP_000034420.1	263	k121_1126063_2	N/A	39.245	99	265	4.39e-55	181
WP_000034420.1	263	k121_945206_36	N/A	37.736	99	265	1.06e-54	181
WP_000034420.1	263	k121_1782498_2	N/A	36.260	98	262	4.37e-51	172
WP_000034420.1	263	k121_1445908_1	N/A	38.224	98	259	1.44e-48	164
WP_000034420.1	263	k121_892595_1	N/A	51.923	59	156	2.90e-48	160
WP_000034420.1	263	k121_1510971_3	N/A	36.260	98	262	6.13e-48	163
WP_000034420.1	263	k121_1290269_357	N/A	36.981	99	265	2.43e-47	162
WP_000034420.1	263	k121_60208_7	N/A	34.717	99	265	4.60e-46	159
WP_000034420.1	263	k121_1503915_7	N/A	33.684	99	285	5.82e-46	159
WP_000034420.1	263	k121_325837_2	N/A	35.798	96	257	1.23e-45	157
WP_000034420.1	263	k121_55008_2	N/A	35.249	98	261	2.16e-45	157
WP_000034420.1	263	k121_1035391_2	N/A	35.249	98	261	3.20e-45	157
WP_000034420.1	263	k121_737249_2	N/A	35.496	99	262	3.67e-45	156
WP_000034420.1	263	k121_85525_3	N/A	34.866	99	261	1.13e-44	155
WP_000034420.1	263	k121_1258788_1	N/A	36.538	97	260	1.50e-44	154
WP_000034420.1	263	k121_1681488_34	N/A	38.868	97	265	1.67e-44	155
WP_000034420.1	263	k121_265662_2	N/A	36.220	96	254	3.50e-44	153
WP_000034420.1	263	k121_789608_2	N/A	35.606	99	264	1.05e-43	153
WP_000034420.1	263	k121_1249460_1	N/A	31.274	98	259	2.02e-43	151
WP_000034420.1	263	k121_978246_3	N/A	34.074	100	270	2.56e-43	151
WP_000034420.1	263	k121_1253506_1	N/A	36.032	92	247	3.35e-43	150
WP_000034420.1	263	k121_908764_1	N/A	33.585	98	265	7.43e-42	149
WP_000034420.1	263	k121_1160717_1	N/A	39.815	81	216	1.20e-41	145
WP_000034420.1	263	k121_552042_2	N/A	33.460	98	263	1.56e-41	147
WP_000034420.1	263	k121_1726746_3	N/A	33.955	98	268	3.92e-41	145
WP_000034420.1	263	k121_1379002_16	N/A	32.246	99	276	5.57e-41	146
WP_000034420.1	263	k121_1306973_43	N/A	34.962	99	266	8.95e-41	145
WP_000034420.1	263	k121_1077050_6	N/A	35.878	99	262	2.75e-39	141
WP_000034420.1	263	k121_1837179_1	N/A	33.096	99	281	2.99e-39	141
WP_000034420.1	263	k121_147039_21	N/A	34.211	98	266	1.14e-38	139
WP_000034420.1	263	k121_1130456_1	N/A	32.700	99	263	1.32e-37	137
WP_000034420.1	263	k121_407394_1	N/A	39.205	67	176	2.53e-37	134
WP_000034420.1	263	k121_1407321_1	N/A	35.088	84	228	5.16e-37	135
WP_000034420.1	263	k121_93_2	N/A	35.741	98	263	5.56e-37	136
WP_000034420.1	263	k121_1212559_2	N/A	32.453	98	265	6.17e-37	137
WP_000034420.1	263	k121_770576_1	N/A	41.566	63	166	6.49e-37	132
WP_000034420.1	263	k121_607968_16	N/A	32.601	99	273	6.92e-37	135
WP_000034420.1	263	k121_664793_2	N/A	36.667	90	240	1.04e-36	133
WP_000034420.1	263	k121_1827652_2	N/A	33.462	97	260	1.37e-36	134
WP_000034420.1	263	k121_455272_1	N/A	32.489	90	237	1.61e-36	133
WP_000034420.1	263	k121_302749_2	N/A	32.061	97	262	1.86e-36	135
WP_000034420.1	263	k121_191751_1	N/A	35.200	95	250	4.83e-36	132
WP_000034420.1	263	k121_556393_1	N/A	39.655	65	174	6.78e-36	129
WP_000034420.1	263	k121_964854_1	N/A	34.842	84	221	1.53e-35	130
WP_000034420.1	263	k121_514941_3	N/A	31.579	99	266	2.39e-35	132
WP_000034420.1	263	k121_449564_1	N/A	32.520	90	246	3.30e-35	129
WP_000034420.1	263	k121_1449333_1	N/A	31.452	94	248	7.68e-35	129
WP_000034420.1	263	k121_532874_4	N/A	33.597	94	253	1.63e-34	129
WP_000034420.1	263	k121_955780_2	N/A	30.534	99	262	1.86e-34	130
WP_000034420.1	263	k121_379532_1	N/A	33.582	98	268	2.27e-34	129
WP_000034420.1	263	k121_1792506_3	N/A	33.846	97	260	2.57e-34	128
WP_000034420.1	263	k121_1227907_1	N/A	30.534	99	262	2.98e-34	130
WP_000034420.1	263	k121_1355835_139	N/A	35.206	98	267	3.62e-34	127
WP_000034420.1	263	k121_599621_2	N/A	31.559	99	263	3.75e-34	130
WP_000034420.1	263	k121_1336574_52	N/A	31.034	97	261	4.73e-34	127
WP_000034420.1	263	k121_879237_4	N/A	32.331	99	266	8.71e-34	128
WP_000034420.1	263	k121_1632278_1	N/A	38.636	66	176	1.05e-33	124
WP_000034420.1	263	k121_944651_1	N/A	31.227	98	269	1.06e-33	126
WP_000034420.1	263	k121_806031_1	N/A	32.800	94	250	1.17e-33	126
WP_000034420.1	263	k121_320394_2	N/A	30.385	97	260	8.13e-33	124
WP_000034420.1	263	k121_1824139_19	N/A	32.075	98	265	2.90e-32	124
WP_000034420.1	263	k121_1641291_2	N/A	33.333	98	261	3.71e-32	122
WP_000034420.1	263	k121_740047_1	N/A	35.096	78	208	9.39e-32	120
WP_000034420.1	263	k121_1550782_1	N/A	31.559	98	263	1.83e-31	121
WP_000034420.1	263	k121_87312_22	N/A	32.830	98	265	4.48e-31	119
WP_000034420.1	263	k121_576855_9	N/A	32.950	98	261	4.50e-31	120
WP_000034420.1	263	k121_396985_1	N/A	32.710	80	214	6.94e-31	117
WP_000034420.1	263	k121_612134_2	N/A	32.806	94	253	2.75e-30	118
WP_000034420.1	263	k121_82660_3	N/A	33.205	97	259	3.25e-30	117
WP_000034420.1	263	k121_964620_1	N/A	38.065	59	155	5.18e-30	114
WP_000034420.1	263	k121_228438_2	N/A	33.790	82	219	7.13e-30	115
WP_000034420.1	263	k121_1464860_4	N/A	30.682	98	264	3.57e-29	115
WP_000034420.1	263	k121_1058453_2	N/A	32.210	99	267	3.71e-29	115
WP_000034420.1	263	k121_31074_10	N/A	30.350	95	257	8.24e-29	113
WP_000034420.1	263	k121_704879_8	N/A	29.856	94	278	1.09e-28	113
WP_000034420.1	263	k121_1087250_2	N/A	30.769	93	273	1.21e-28	114
WP_000034420.1	263	k121_1623901_1	N/A	32.271	94	251	2.93e-28	112
WP_000034420.1	263	k121_655145_13	N/A	32.016	93	253	4.56e-28	112
WP_000034420.1	263	k121_1590506_5	N/A	30.682	98	264	9.36e-28	111
WP_000034420.1	263	k121_823017_33	N/A	32.830	98	265	1.26e-27	110
WP_000034420.1	263	k121_1733191_1	N/A	30.342	87	234	2.84e-27	108
WP_000034420.1	263	k121_335220_1	N/A	44.186	47	129	5.12e-27	105
WP_000034420.1	263	k121_1185318_1	N/A	33.146	67	178	9.42e-27	107
WP_000034420.1	263	k121_416668_1	N/A	37.059	63	170	2.23e-26	105
WP_000034420.1	263	k121_1586506_1	N/A	40.136	53	147	2.40e-26	104
WP_000034420.1	263	k121_819497_1	N/A	38.168	47	131	3.40e-26	103
WP_000034420.1	263	k121_5355_1	N/A	47.115	40	104	7.81e-26	101
WP_000034420.1	263	k121_1611433_1	N/A	31.718	84	227	1.61e-25	104
WP_000034420.1	263	k121_1064199_1	N/A	43.511	47	131	2.30e-25	102
WP_000034420.1	263	k121_1166728_81	N/A	29.880	93	251	2.86e-25	104
WP_000034420.1	263	k121_541988_1	N/A	32.035	86	231	4.20e-25	102
WP_000034420.1	263	k121_1155420_85	N/A	29.771	97	262	6.53e-25	103
WP_000034420.1	263	k121_1671206_1	N/A	35.948	57	153	7.01e-25	100
WP_000034420.1	263	k121_1650788_1	N/A	28.755	86	233	8.13e-25	102
WP_000034420.1	263	k121_1655921_1	N/A	29.435	93	248	1.21e-24	102
WP_000034420.1	263	k121_288557_11	N/A	29.389	97	262	4.95e-24	101
WP_000034420.1	263	k121_1474376_1	N/A	42.991	41	107	6.69e-24	99.0
WP_000034420.1	263	k121_362392_1	N/A	32.927	62	164	1.42e-23	97.4
WP_000034420.1	263	k121_473373_2	N/A	37.097	47	124	1.78e-23	96.3
WP_000034420.1	263	k121_868194_1	N/A	32.000	81	225	4.03e-23	97.8
WP_000034420.1	263	k121_197069_1	N/A	29.918	81	244	5.99e-23	97.4
WP_000034420.1	263	k121_1029429_3	N/A	40.323	46	124	6.56e-23	94.7
WP_000034420.1	263	k121_1352267_1	N/A	51.852	31	81	1.70e-22	94.4
WP_000034420.1	263	k121_1571840_2	N/A	34.392	70	189	2.38e-22	95.5
WP_000034420.1	263	k121_575803_2	N/A	29.167	89	240	2.76e-22	95.9
WP_000034420.1	263	k121_1639323_3	N/A	29.057	97	265	2.84e-22	97.1
WP_000034420.1	263	k121_1779276_1	N/A	32.663	74	199	5.39e-22	94.4
WP_000034420.1	263	k121_1839138_2	N/A	32.367	74	207	5.67e-22	94.0
WP_000034420.1	263	k121_684601_1	N/A	38.400	47	125	9.96e-22	92.0
WP_000034420.1	263	k121_1420854_1	N/A	28.364	95	275	1.14e-21	94.7
WP_000034420.1	263	k121_1430427_1	N/A	43.434	38	99	1.35e-21	90.1
WP_000034420.1	263	k121_405352_1	N/A	45.882	32	85	3.10e-21	89.7
WP_000034420.1	263	k121_1223440_1	N/A	30.435	86	230	1.09e-20	91.7
WP_000034420.1	263	k121_685003_1	N/A	33.529	62	170	1.24e-20	89.7
WP_000034420.1	263	k121_631582_1	N/A	36.800	47	125	1.40e-20	89.0
WP_000034420.1	263	k121_72213_1	N/A	28.279	89	244	1.60e-20	92.4
WP_000034420.1	263	k121_840263_1	N/A	30.526	71	190	2.99e-20	89.4
WP_000034420.1	263	k121_959854_1	N/A	32.828	73	198	3.10e-20	89.0
WP_000034420.1	263	k121_1578338_1	N/A	28.033	86	239	3.72e-20	89.7
WP_000034420.1	263	k121_315766_7	N/A	30.075	97	266	5.07e-20	90.5
WP_000034420.1	263	k121_279215_5	N/A	27.758	97	281	5.91e-20	90.1
WP_000034420.1	263	k121_278379_1	N/A	44.828	33	87	8.62e-20	85.5
WP_000034420.1	263	k121_158482_2	N/A	44.792	37	96	1.83e-19	84.7
WP_000034420.1	263	k121_888239_2	N/A	44.186	33	86	2.17e-19	84.3
WP_000034420.1	263	k121_1045913_21	N/A	30.594	82	219	6.78e-19	87.8
WP_000034420.1	263	k121_288774_1	N/A	30.952	63	168	8.32e-19	86.7
WP_000034420.1	263	k121_1649536_1	N/A	28.500	75	200	1.29e-18	84.7
WP_000034420.1	263	k121_695195_1	N/A	44.706	32	85	1.80e-18	81.6
WP_000034420.1	263	k121_695199_1	N/A	43.678	33	87	2.43e-18	81.3
WP_000034420.1	263	k121_348301_1	N/A	37.423	61	163	3.27e-18	83.2
WP_000034420.1	263	k121_1313330_2	N/A	44.186	33	86	5.86e-18	80.5
WP_000034420.1	263	k121_123822_3	N/A	33.133	62	166	1.13e-17	81.6
WP_000034420.1	263	k121_1398930_1	N/A	31.977	63	172	1.61e-17	81.6
WP_000034420.1	263	k121_1201767_1	N/A	35.385	48	130	1.92e-17	82.0
WP_000034420.1	263	k121_625268_1	N/A	30.061	61	163	2.40e-17	80.9
WP_000034420.1	263	k121_275742_1	N/A	33.113	55	151	2.60e-17	80.9
WP_000034420.1	263	k121_120185_1	N/A	29.050	65	179	3.68e-17	80.9
WP_000034420.1	263	k121_31729_3	N/A	28.692	86	237	7.26e-17	81.3
WP_000034420.1	263	k121_1820596_1	N/A	32.143	63	168	7.63e-17	79.7
WP_000034420.1	263	k121_635260_1	N/A	28.000	66	175	8.12e-17	79.7
WP_000034420.1	263	k121_1835171_2	N/A	28.958	94	259	3.07e-16	80.5
WP_000034420.1	263	k121_990401_32	N/A	50.000	27	72	3.79e-16	81.3
WP_000034420.1	263	k121_912638_1	N/A	31.285	68	179	3.83e-16	77.8
WP_000034420.1	263	k121_1359123_1	N/A	30.645	66	186	4.61e-16	77.8
WP_000034420.1	263	k121_556116_1	N/A	44.828	33	87	5.05e-16	75.5
WP_000034420.1	263	k121_807437_1	N/A	41.176	32	85	1.01e-15	74.7
WP_000034420.1	263	k121_487191_3	N/A	44.595	28	74	1.04e-15	73.9
WP_000034420.1	263	k121_1351819_2	N/A	41.837	37	98	1.50e-15	74.7
WP_000034420.1	263	k121_1683112_1	N/A	27.897	85	233	3.86e-15	77.0
WP_000034420.1	263	k121_828550_1	N/A	35.088	43	114	3.97e-15	75.5
WP_000034420.1	263	k121_1481184_2	N/A	41.463	31	82	4.33e-15	72.8
WP_000034420.1	263	k121_609633_1	N/A	30.000	63	180	8.17e-15	74.3
WP_000034420.1	263	k121_511464_1	N/A	31.955	97	266	9.16e-15	76.3
WP_000034420.1	263	k121_896067_2	N/A	39.604	38	101	2.18e-14	71.2
WP_000034420.1	263	k121_476280_2	N/A	38.824	32	85	2.68e-14	70.9
WP_000034420.1	263	k121_771262_2	N/A	44.944	32	89	2.84e-14	70.5
WP_000034420.1	263	k121_1675523_2	N/A	39.496	45	119	2.86e-14	72.0
WP_000034420.1	263	k121_1465616_2	N/A	37.500	40	104	3.47e-14	70.9
WP_000034420.1	263	k121_990401_31	N/A	26.699	74	206	4.22e-14	73.2
WP_000034420.1	263	k121_750289_1	N/A	25.843	67	178	1.02e-13	71.2
WP_000034420.1	263	k121_621478_1	N/A	39.216	38	102	1.08e-13	74.3
WP_000034420.1	263	k121_1347905_1	N/A	31.034	83	232	1.15e-13	72.4
WP_000034420.1	263	k121_1472616_1	N/A	29.167	63	168	1.26e-13	70.9
WP_000034420.1	263	k121_845412_1	N/A	32.886	54	149	1.55e-13	70.1
WP_000034420.1	263	k121_723237_1	N/A	27.545	62	167	1.60e-13	71.2
WP_000034420.1	263	k121_1664860_1	N/A	32.558	49	129	2.16e-13	69.3
WP_000034420.1	263	k121_80577_1	N/A	43.836	28	73	2.56e-13	67.8
WP_000034420.1	263	k121_533250_3	N/A	37.500	33	88	3.42e-13	68.2
WP_000034420.1	263	k121_1761950_2	N/A	41.379	43	116	1.14e-12	67.0
WP_000034420.1	263	k121_1086990_2	N/A	26.633	71	199	1.73e-12	68.2
WP_000034420.1	263	k121_1675481_2	N/A	39.726	28	73	2.18e-12	65.5
WP_000034420.1	263	k121_1756297_1	N/A	29.018	83	224	2.25e-12	68.6
WP_000034420.1	263	k121_879179_1	N/A	34.646	46	127	4.14e-12	66.2
WP_000034420.1	263	k121_281052_2	N/A	36.885	46	122	4.83e-12	65.5
WP_000034420.1	263	k121_1354174_2	N/A	29.146	72	199	5.41e-12	67.4
WP_000034420.1	263	k121_260725_1	N/A	33.566	54	143	8.62e-12	65.9
WP_000034420.1	263	k121_508136_2	N/A	45.070	27	71	1.17e-11	64.7
WP_000034420.1	263	k121_396587_1	N/A	29.944	60	177	1.24e-11	65.5
WP_000034420.1	263	k121_753203_1	N/A	29.189	68	185	1.43e-11	65.5
WP_000034420.1	263	k121_948991_1	N/A	41.667	27	72	2.14e-11	63.5
WP_000034420.1	263	k121_192827_1	N/A	41.176	26	68	5.19e-11	61.6
WP_000034420.1	263	k121_1461281_2	N/A	27.979	70	193	8.18e-11	63.2
WP_000034420.1	263	k121_634822_1	N/A	36.082	37	97	1.12e-10	62.8
WP_000034420.1	263	k121_1340833_3	N/A	33.628	43	113	1.21e-10	61.2
WP_000034420.1	263	k121_1860777_1	N/A	27.869	69	183	1.79e-10	62.4
WP_000034420.1	263	k121_439849_1	N/A	26.923	63	182	1.84e-10	62.4
WP_000034420.1	263	k121_1541253_2	N/A	41.667	27	72	3.99e-10	63.5
WP_000034420.1	263	k121_1205783_1	N/A	35.185	41	108	4.32e-10	61.6
WP_000034420.1	263	k121_1541422_1	N/A	29.412	76	204	7.25e-10	61.2
WP_000034420.1	263	k121_25161_8	N/A	26.901	62	171	7.79e-10	60.8
WP_000034420.1	263	k121_97827_3	N/A	33.684	36	95	1.00e-09	59.3
WP_000034420.1	263	k121_247117_2	N/A	32.231	46	121	1.71e-09	58.2
WP_000034420.1	263	k121_617498_1	N/A	33.333	47	126	2.47e-09	58.9
WP_000034420.1	263	k121_343306_1	N/A	32.867	54	143	4.96e-09	58.2
WP_000034420.1	263	k121_473977_1	N/A	36.000	37	100	5.27e-09	56.2
WP_000034420.1	263	k121_1660805_1	N/A	26.163	64	172	5.93e-09	57.8
WP_000034420.1	263	k121_1803950_1	N/A	29.518	62	166	6.95e-09	58.2
WP_000034420.1	263	k121_1452548_2	N/A	30.579	46	121	1.02e-08	56.6
WP_000034420.1	263	k121_1815021_1	N/A	28.571	43	112	1.50e-08	55.5
WP_000034420.1	263	k121_125454_2	N/A	32.877	54	146	1.59e-08	56.2
WP_000034420.1	263	k121_1415568_1	N/A	44.068	22	59	3.31e-08	54.7
WP_000034420.1	263	k121_15512_1	N/A	46.970	25	66	9.07e-08	52.4
WP_000034420.1	263	k121_33046_2	N/A	28.767	56	146	1.54e-07	53.5
WP_000034420.1	263	k121_192252_1	N/A	41.026	29	78	1.58e-07	53.9
WP_000034420.1	263	k121_1173891_2	N/A	33.010	38	103	1.75e-07	52.8
WP_000034420.1	263	k121_366668_2	N/A	26.623	58	154	1.98e-07	53.1
WP_000034420.1	263	k121_136565_4	N/A	32.653	37	98	2.43e-07	51.6
WP_000034420.1	263	k121_617679_1	N/A	35.526	27	76	2.98e-07	50.8
WP_000034420.1	263	k121_224326_2	N/A	29.921	47	127	1.08e-06	50.4
WP_000034420.1	263	k121_640594_2	N/A	31.868	34	91	1.24e-06	50.1
WP_000034420.1	263	k121_110957_2	N/A	33.333	32	84	2.86e-06	48.5
WP_000034420.1	263	k121_1279636_1	N/A	29.310	44	116	3.10e-06	48.9
WP_000034420.1	263	k121_948991_2	N/A	22.886	71	201	3.20e-06	50.4
WP_000034420.1	263	k121_1465616_1	N/A	35.294	25	68	5.71e-06	47.8
WP_000034420.1	263	k121_151375_2	N/A	28.440	38	109	2.71e-05	46.6
WP_000034420.1	263	k121_931898_1	N/A	36.782	32	87	6.10e-05	45.1
WP_000034420.1	263	k121_1731245_2	N/A	32.110	41	109	7.57e-05	44.7
WP_000034420.1	263	k121_607548_1	N/A	28.099	46	121	2.08e-04	44.3
WP_000034420.1	263	k121_863447_3	N/A	30.864	30	81	0.002	40.4
WP_000034420.1	263	k121_119665_2	N/A	35.000	22	60	0.003	39.3
WP_000034420.1	263	k121_636537_2	N/A	45.763	22	59	0.005	39.3
WP_000034420.1	263	k121_1266689_2	N/A	34.409	35	93	0.006	39.3
WP_000034420.1	263	k121_51234_1	N/A	37.097	22	62	0.007	38.5
WP_000034420.1	263	k121_430503_1	N/A	38.333	23	60	0.015	37.7
WP_000034420.1	263	k121_1084944_1	N/A	46.154	20	52	0.020	36.6
WP_000034420.1	263	k121_1599640_1	N/A	33.846	25	65	0.033	38.5
WP_000034420.1	263	k121_213586_2	N/A	37.500	24	64	0.091	38.1
WP_000845048.1	337	k121_1230000_5	N/A	99.110	100	337	0.0	678
WP_000845048.1	337	k121_267173_2	N/A	68.987	94	316	8.11e-162	458
WP_000845048.1	337	k121_1054077_1	N/A	70.279	96	323	2.95e-155	442
WP_000845048.1	337	k121_397668_2	N/A	63.664	99	333	6.10e-150	428
WP_000845048.1	337	k121_448158_2	N/A	64.890	95	319	1.20e-144	417
WP_000845048.1	337	k121_1831664_1	N/A	64.669	92	317	2.87e-142	410
WP_000845048.1	337	k121_1681388_2	N/A	71.956	80	271	3.65e-141	404
WP_000845048.1	337	k121_440593_2	N/A	62.162	93	333	1.00e-140	405
WP_000845048.1	337	k121_1654499_1	N/A	59.574	98	329	1.83e-133	386
WP_000845048.1	337	k121_760221_1	N/A	65.591	83	279	1.50e-131	380
WP_000845048.1	337	k121_627019_1	N/A	63.441	83	279	2.26e-126	367
WP_000845048.1	337	k121_36855_7	N/A	54.430	94	316	4.19e-126	367
WP_000845048.1	337	k121_295675_1	N/A	62.000	86	300	6.08e-125	364
WP_000845048.1	337	k121_1260706_1	N/A	62.545	82	275	1.00e-118	347
WP_000845048.1	337	k121_155835_1	N/A	63.287	81	286	7.96e-112	331
WP_000845048.1	337	k121_338973_1	N/A	57.483	87	294	1.01e-109	325
WP_000845048.1	337	k121_64097_3	N/A	53.968	93	315	2.73e-109	325
WP_000845048.1	337	k121_1055831_1	N/A	60.769	77	260	2.08e-107	318
WP_000845048.1	337	k121_925583_1	N/A	51.899	94	316	2.14e-106	318
WP_000845048.1	337	k121_1832722_1	N/A	56.884	82	276	1.12e-105	313
WP_000845048.1	337	k121_360112_1	N/A	68.203	64	217	8.76e-104	307
WP_000845048.1	337	k121_785266_1	N/A	64.655	69	232	2.23e-103	306
WP_000845048.1	337	k121_1654501_1	N/A	61.538	73	247	1.33e-101	302
WP_000845048.1	337	k121_866120_3	N/A	49.051	94	316	1.58e-94	291
WP_000845048.1	337	k121_1213672_1	N/A	63.927	65	219	5.02e-94	282
WP_000845048.1	337	k121_553710_3	N/A	47.134	93	314	2.23e-92	286
WP_000845048.1	337	k121_1106526_2	N/A	50.955	93	314	2.38e-92	281
WP_000845048.1	337	k121_20527_1	N/A	58.025	71	243	5.49e-91	275
WP_000845048.1	337	k121_1788788_5	N/A	46.926	92	309	4.17e-87	272
WP_000845048.1	337	k121_1019921_3	N/A	51.685	79	267	1.20e-86	265
WP_000845048.1	337	k121_438438_1	N/A	47.222	94	324	1.63e-83	259
WP_000845048.1	337	k121_1684274_2	N/A	73.125	47	160	4.93e-81	247
WP_000845048.1	337	k121_1618491_1	N/A	76.647	50	167	8.37e-81	248
WP_000845048.1	337	k121_24444_3	N/A	42.722	93	316	1.47e-78	247
WP_000845048.1	337	k121_1217901_2	N/A	45.283	93	318	1.53e-77	250
WP_000845048.1	337	k121_1194944_2	N/A	100.000	34	115	3.80e-77	235
WP_000845048.1	337	k121_1116744_1	N/A	53.043	68	230	1.38e-73	230
WP_000845048.1	337	k121_207179_1	N/A	58.696	55	184	7.14e-71	222
WP_000845048.1	337	k121_360859_1	N/A	44.928	82	276	8.39e-71	225
WP_000845048.1	337	k121_1618978_2	N/A	55.500	59	200	1.69e-70	221
WP_000845048.1	337	k121_282363_2	N/A	60.920	52	174	7.85e-70	219
WP_000845048.1	337	k121_386073_1	N/A	54.891	55	184	8.02e-69	216
WP_000845048.1	337	k121_682410_1	N/A	67.500	47	160	1.27e-68	218
WP_000845048.1	337	k121_1212260_1	N/A	65.823	47	158	6.84e-67	212
WP_000845048.1	337	k121_531610_1	N/A	53.368	56	193	1.19e-65	208
WP_000845048.1	337	k121_1502895_1	N/A	56.061	59	198	2.15e-65	208
WP_000845048.1	337	k121_1662272_1	N/A	56.216	55	185	2.35e-65	207
WP_000845048.1	337	k121_978714_9	N/A	62.025	47	158	1.05e-64	205
WP_000845048.1	337	k121_1594091_1	N/A	60.843	49	166	4.30e-63	202
WP_000845048.1	337	k121_674130_2	N/A	63.030	47	165	6.98e-62	200
WP_000845048.1	337	k121_1187390_1	N/A	56.425	53	179	3.52e-60	194
WP_000845048.1	337	k121_590369_1	N/A	56.287	48	167	3.72e-60	194
WP_000845048.1	337	k121_291629_1	N/A	55.882	50	170	1.39e-59	192
WP_000845048.1	337	k121_392048_1	N/A	57.500	46	160	3.26e-57	186
WP_000845048.1	337	k121_1440375_1	N/A	63.354	48	161	4.26e-57	186
WP_000845048.1	337	k121_690799_1	N/A	51.795	58	195	9.24e-57	186
WP_000845048.1	337	k121_218425_1	N/A	54.335	51	173	1.29e-56	185
WP_000845048.1	337	k121_1742931_1	N/A	56.962	46	158	5.88e-54	177
WP_000845048.1	337	k121_1328201_1	N/A	69.672	36	122	5.74e-53	176
WP_000845048.1	337	k121_814070_1	N/A	68.033	36	122	2.01e-51	170
WP_000845048.1	337	k121_1199784_1	N/A	55.102	44	147	3.13e-51	170
WP_000845048.1	337	k121_600518_1	N/A	56.291	43	151	1.92e-50	168
WP_000845048.1	337	k121_249614_1	N/A	53.757	51	173	3.17e-49	166
WP_000845048.1	337	k121_483287_1	N/A	53.595	44	153	3.93e-48	162
WP_000845048.1	337	k121_702230_1	N/A	48.295	52	176	1.20e-47	162
WP_000845048.1	337	k121_1250564_1	N/A	64.286	37	126	2.44e-47	160
WP_000845048.1	337	k121_975034_1	N/A	52.795	48	161	1.40e-46	159
WP_000845048.1	337	k121_1441649_1	N/A	59.420	41	138	8.21e-45	153
WP_000845048.1	337	k121_1109143_1	N/A	54.478	40	134	6.09e-44	152
WP_000845048.1	337	k121_1032757_1	N/A	33.553	74	304	1.62e-43	157
WP_000845048.1	337	k121_1740186_1	N/A	49.398	49	166	6.52e-42	147
WP_000845048.1	337	k121_1864759_4	N/A	31.348	93	319	4.35e-41	148
WP_000845048.1	337	k121_1533286_1	N/A	56.303	35	119	8.99e-41	142
WP_000845048.1	337	k121_1518287_1	N/A	61.404	33	114	4.24e-40	140
WP_000845048.1	337	k121_629476_1	N/A	60.360	33	111	5.60e-39	139
WP_000845048.1	337	k121_1628770_1	N/A	54.015	40	137	1.03e-38	138
WP_000845048.1	337	k121_1644458_2	N/A	34.385	93	317	1.55e-38	142
WP_000845048.1	337	k121_120669_1	N/A	31.271	86	291	3.62e-37	137
WP_000845048.1	337	k121_335501_1	N/A	62.136	29	103	1.19e-36	131
WP_000845048.1	337	k121_56020_1	N/A	36.842	67	228	2.50e-35	130
WP_000845048.1	337	k121_125637_2	N/A	68.132	27	91	2.97e-35	127
WP_000845048.1	337	k121_1208743_3	N/A	34.030	99	335	6.74e-35	132
WP_000845048.1	337	k121_787321_1	N/A	55.856	33	111	1.25e-34	129
WP_000845048.1	337	k121_1811877_1	N/A	78.947	23	76	1.27e-34	127
WP_000845048.1	337	k121_297755_1	N/A	36.052	59	233	2.45e-34	130
WP_000845048.1	337	k121_1732966_2	N/A	39.286	66	224	2.93e-34	127
WP_000845048.1	337	k121_317030_1	N/A	47.586	43	145	9.62e-34	125
WP_000845048.1	337	k121_737491_2	N/A	32.831	98	332	9.83e-34	129
WP_000845048.1	337	k121_1383264_1	N/A	29.688	94	320	1.59e-33	128
WP_000845048.1	337	k121_418622_1	N/A	33.333	82	276	7.28e-33	125
WP_000845048.1	337	k121_222232_1	N/A	67.778	27	90	1.22e-32	120
WP_000845048.1	337	k121_434600_3	N/A	32.595	90	316	5.87e-32	124
WP_000845048.1	337	k121_1413728_3	N/A	61.458	27	96	6.01e-32	119
WP_000845048.1	337	k121_1354641_6	N/A	50.495	30	101	6.72e-32	119
WP_000845048.1	337	k121_97589_2	N/A	77.778	21	72	6.95e-32	118
WP_000845048.1	337	k121_889123_1	N/A	34.228	87	298	8.17e-32	124
WP_000845048.1	337	k121_74137_1	N/A	52.727	31	110	1.14e-31	118
WP_000845048.1	337	k121_1652198_2	N/A	31.515	97	330	1.24e-31	124
WP_000845048.1	337	k121_1131782_1	N/A	30.368	96	326	1.26e-31	124
WP_000845048.1	337	k121_1853484_1	N/A	29.766	88	299	1.51e-31	122
WP_000845048.1	337	k121_320927_2	N/A	32.333	85	300	1.61e-31	123
WP_000845048.1	337	k121_1350680_3	N/A	31.801	77	261	2.64e-31	121
WP_000845048.1	337	k121_464233_2	N/A	66.304	27	92	5.12e-31	116
WP_000845048.1	337	k121_672494_1	N/A	36.806	84	288	5.32e-31	121
WP_000845048.1	337	k121_194586_1	N/A	50.000	33	112	6.34e-31	117
WP_000845048.1	337	k121_498342_2	N/A	32.765	85	293	8.23e-30	119
WP_000845048.1	337	k121_1727889_2	N/A	31.894	88	301	8.76e-30	118
WP_000845048.1	337	k121_214179_2	N/A	27.744	95	328	1.45e-29	119
WP_000845048.1	337	k121_537503_2	N/A	31.935	91	310	1.47e-29	118
WP_000845048.1	337	k121_986906_1	N/A	31.731	90	312	3.29e-29	117
WP_000845048.1	337	k121_240343_1	N/A	54.808	31	104	4.92e-29	112
WP_000845048.1	337	k121_719869_2	N/A	31.420	97	331	5.23e-29	117
WP_000845048.1	337	k121_682934_2	N/A	45.865	33	133	6.52e-29	112
WP_000845048.1	337	k121_71390_1	N/A	32.609	93	322	2.09e-28	115
WP_000845048.1	337	k121_1273405_1	N/A	31.250	75	256	2.27e-28	113
WP_000845048.1	337	k121_1539098_2	N/A	31.229	88	301	5.46e-28	114
WP_000845048.1	337	k121_42032_2	N/A	27.445	93	317	5.64e-28	114
WP_000845048.1	337	k121_1432631_2	N/A	37.727	65	220	8.58e-28	110
WP_000845048.1	337	k121_444238_1	N/A	45.690	34	116	1.04e-27	109
WP_000845048.1	337	k121_16808_2	N/A	36.986	65	219	1.06e-27	111
WP_000845048.1	337	k121_1700200_1	N/A	36.986	65	219	2.35e-27	110
WP_000845048.1	337	k121_166883_1	N/A	31.250	66	224	4.44e-27	110
WP_000845048.1	337	k121_479054_1	N/A	38.806	60	201	1.69e-26	106
WP_000845048.1	337	k121_172968_1	N/A	38.994	47	159	1.71e-26	106
WP_000845048.1	337	k121_723749_1	N/A	37.895	56	190	2.19e-26	106
WP_000845048.1	337	k121_418379_1	N/A	58.242	25	91	2.45e-26	103
WP_000845048.1	337	k121_948076_1	N/A	34.400	74	250	2.79e-26	107
WP_000845048.1	337	k121_1774634_2	N/A	36.325	69	234	4.36e-26	108
WP_000845048.1	337	k121_1078387_2	N/A	30.464	89	302	4.15e-25	106
WP_000845048.1	337	k121_78651_7	N/A	48.544	28	103	4.60e-25	102
WP_000845048.1	337	k121_118916_1	N/A	36.199	65	221	7.20e-25	105
WP_000845048.1	337	k121_1590761_2	N/A	34.375	75	256	9.92e-25	103
WP_000845048.1	337	k121_1143053_1	N/A	33.503	58	197	1.43e-24	101
WP_000845048.1	337	k121_1725140_8	N/A	33.088	77	272	1.53e-24	105
WP_000845048.1	337	k121_508932_1	N/A	37.173	57	191	1.84e-24	101
WP_000845048.1	337	k121_1062378_1	N/A	31.658	59	199	3.09e-24	100
WP_000845048.1	337	k121_1277189_10	N/A	38.073	63	218	4.55e-24	103
WP_000845048.1	337	k121_1536880_1	N/A	29.730	77	259	4.65e-24	101
WP_000845048.1	337	k121_1822166_1	N/A	38.587	55	184	5.71e-24	100
WP_000845048.1	337	k121_782449_1	N/A	29.470	88	302	7.82e-24	102
WP_000845048.1	337	k121_644444_2	N/A	50.000	28	94	8.67e-24	97.4
WP_000845048.1	337	k121_1586235_60	N/A	38.073	63	218	8.69e-24	103
WP_000845048.1	337	k121_478494_2	N/A	32.576	76	264	2.43e-23	100
WP_000845048.1	337	k121_370024_3	N/A	31.661	82	319	2.54e-23	101
WP_000845048.1	337	k121_1475368_1	N/A	29.123	82	285	3.07e-23	101
WP_000845048.1	337	k121_1353152_2	N/A	34.510	72	255	5.41e-23	100
WP_000845048.1	337	k121_669161_1	N/A	37.824	57	193	7.32e-23	97.1
WP_000845048.1	337	k121_1151452_1	N/A	30.333	88	300	1.15e-22	99.0
WP_000845048.1	337	k121_1114212_2	N/A	31.343	76	268	1.22e-22	98.6
WP_000845048.1	337	k121_677699_17	N/A	34.247	62	219	1.24e-22	100
WP_000845048.1	337	k121_1689513_1	N/A	54.217	24	83	2.94e-22	92.8
WP_000845048.1	337	k121_1605268_1	N/A	32.000	78	275	3.56e-22	98.2
WP_000845048.1	337	k121_587137_12	N/A	35.909	64	220	5.18e-22	98.6
WP_000845048.1	337	k121_917508_2	N/A	37.931	66	232	6.24e-22	97.8
WP_000845048.1	337	k121_424679_1	N/A	28.041	83	296	7.36e-22	98.2
WP_000845048.1	337	k121_313217_3	N/A	30.000	84	300	1.26e-21	97.1
WP_000845048.1	337	k121_1692419_2	N/A	34.112	62	214	1.49e-21	96.7
WP_000845048.1	337	k121_1190224_2	N/A	33.491	61	212	1.53e-21	95.5
WP_000845048.1	337	k121_128641_1	N/A	38.462	54	182	2.44e-21	93.2
WP_000845048.1	337	k121_402337_2	N/A	38.627	66	233	2.56e-21	96.3
WP_000845048.1	337	k121_1651934_19	N/A	29.474	81	285	4.09e-21	95.5
WP_000845048.1	337	k121_250885_2	N/A	33.491	61	212	4.40e-21	92.8
WP_000845048.1	337	k121_1059926_2	N/A	30.450	81	289	4.84e-21	95.5
WP_000845048.1	337	k121_1058307_1	N/A	36.813	54	182	8.01e-21	91.7
WP_000845048.1	337	k121_1103394_1	N/A	35.714	54	182	8.87e-21	91.7
WP_000845048.1	337	k121_679001_3	N/A	27.703	83	296	1.10e-20	94.4
WP_000845048.1	337	k121_284815_1	N/A	44.037	32	109	1.11e-20	92.0
WP_000845048.1	337	k121_235392_1	N/A	32.287	66	223	1.93e-20	90.9
WP_000845048.1	337	k121_959896_2	N/A	28.205	86	312	2.43e-20	93.2
WP_000845048.1	337	k121_1637406_4	N/A	27.302	88	315	2.65e-20	93.2
WP_000845048.1	337	k121_7992_45	N/A	30.556	81	288	2.75e-20	93.2
WP_000845048.1	337	k121_392804_2	N/A	33.019	61	212	3.14e-20	93.2
WP_000845048.1	337	k121_299913_2	N/A	32.099	69	243	5.93e-20	92.4
WP_000845048.1	337	k121_1135103_11	N/A	33.632	62	223	7.08e-20	92.4
WP_000845048.1	337	k121_1564602_1	N/A	27.575	83	301	7.49e-20	92.0
WP_000845048.1	337	k121_1081567_1	N/A	32.759	68	232	8.27e-20	91.3
WP_000845048.1	337	k121_774892_1	N/A	35.135	55	185	9.25e-20	89.7
WP_000845048.1	337	k121_830184_4	N/A	29.323	76	266	9.35e-20	91.3
WP_000845048.1	337	k121_498048_1	N/A	30.357	79	280	1.00e-19	91.3
WP_000845048.1	337	k121_1186905_1	N/A	61.194	20	67	1.20e-19	85.5
WP_000845048.1	337	k121_1284432_2	N/A	28.151	69	238	1.42e-19	89.0
WP_000845048.1	337	k121_1168593_31	N/A	30.496	79	282	1.74e-19	91.3
WP_000845048.1	337	k121_1385010_1	N/A	30.645	55	186	1.80e-19	90.1
WP_000845048.1	337	k121_1419993_4	N/A	26.230	87	305	2.80e-19	90.5
WP_000845048.1	337	k121_1566838_3	N/A	35.000	64	220	2.86e-19	90.5
WP_000845048.1	337	k121_1424631_7	N/A	30.292	78	274	2.86e-19	90.1
WP_000845048.1	337	k121_629784_2	N/A	30.662	78	287	3.32e-19	90.1
WP_000845048.1	337	k121_409480_3	N/A	31.475	84	305	4.87e-19	89.7
WP_000845048.1	337	k121_686528_13	N/A	34.545	62	220	8.58e-19	89.4
WP_000845048.1	337	k121_1744655_2	N/A	32.870	62	216	8.98e-19	87.0
WP_000845048.1	337	k121_1222183_2	N/A	34.783	55	184	9.16e-19	89.0
WP_000845048.1	337	k121_983634_4	N/A	35.789	56	190	9.17e-19	85.9
WP_000845048.1	337	k121_1284116_1	N/A	45.545	30	101	1.02e-18	84.3
WP_000845048.1	337	k121_53466_3	N/A	30.909	78	275	1.12e-18	89.4
WP_000845048.1	337	k121_1600008_2	N/A	27.036	86	307	1.17e-18	89.7
WP_000845048.1	337	k121_1065493_2	N/A	34.409	55	186	1.26e-18	88.6
WP_000845048.1	337	k121_1331257_1	N/A	31.163	62	215	1.30e-18	87.4
WP_000845048.1	337	k121_896993_6	N/A	33.333	53	180	1.40e-18	88.6
WP_000845048.1	337	k121_59660_6	N/A	35.955	53	178	1.51e-18	88.2
WP_000845048.1	337	k121_1181214_1	N/A	31.651	63	218	1.56e-18	86.3
WP_000845048.1	337	k121_1452973_1	N/A	34.518	57	197	1.58e-18	85.5
WP_000845048.1	337	k121_1249343_30	N/A	28.315	80	279	2.06e-18	87.8
WP_000845048.1	337	k121_213894_1	N/A	33.516	54	182	2.22e-18	85.5
WP_000845048.1	337	k121_156907_3	N/A	31.818	78	286	2.35e-18	87.4
WP_000845048.1	337	k121_629474_2	N/A	62.121	20	66	2.51e-18	82.0
WP_000845048.1	337	k121_1185172_1	N/A	44.361	39	133	3.45e-18	87.4
WP_000845048.1	337	k121_556384_11	N/A	34.529	62	223	3.97e-18	87.4
WP_000845048.1	337	k121_1700923_1	N/A	23.529	90	306	4.64e-18	86.7
WP_000845048.1	337	k121_1012073_1	N/A	34.409	54	186	5.18e-18	85.1
WP_000845048.1	337	k121_900361_1	N/A	31.373	60	204	6.27e-18	85.1
WP_000845048.1	337	k121_1377956_2	N/A	26.056	80	284	6.33e-18	87.0
WP_000845048.1	337	k121_1858882_1	N/A	61.194	20	67	8.05e-18	81.3
WP_000845048.1	337	k121_626487_1	N/A	33.526	50	173	8.15e-18	83.2
WP_000845048.1	337	k121_401709_2	N/A	30.275	62	218	8.82e-18	84.3
WP_000845048.1	337	k121_912256_2	N/A	32.558	62	215	9.44e-18	86.3
WP_000845048.1	337	k121_569710_3	N/A	29.197	78	274	9.64e-18	85.5
WP_000845048.1	337	k121_1739814_3	N/A	32.394	61	213	1.05e-17	86.3
WP_000845048.1	337	k121_870553_1	N/A	33.152	54	184	1.09e-17	83.2
WP_000845048.1	337	k121_1661182_7	N/A	30.088	63	226	1.09e-17	85.9
WP_000845048.1	337	k121_847802_1	N/A	37.264	61	212	1.15e-17	83.6
WP_000845048.1	337	k121_1802246_2	N/A	32.710	62	214	1.27e-17	85.9
WP_000845048.1	337	k121_522244_2	N/A	30.935	80	278	2.25e-17	85.5
WP_000845048.1	337	k121_1813995_1	N/A	34.221	72	263	2.35e-17	84.7
WP_000845048.1	337	k121_746043_1	N/A	35.393	53	178	2.63e-17	81.6
WP_000845048.1	337	k121_932968_1	N/A	31.500	59	200	3.16e-17	82.4
WP_000845048.1	337	k121_545159_1	N/A	32.212	61	208	3.43e-17	83.2
WP_000845048.1	337	k121_527610_1	N/A	25.283	74	265	3.83e-17	84.0
WP_000845048.1	337	k121_1702346_1	N/A	32.240	54	183	4.01e-17	82.0
WP_000845048.1	337	k121_1567461_1	N/A	31.119	82	286	4.11e-17	83.2
WP_000845048.1	337	k121_16341_1	N/A	31.752	77	274	5.21e-17	83.6
WP_000845048.1	337	k121_519099_68	N/A	29.904	86	311	5.92e-17	84.0
WP_000845048.1	337	k121_374382_6	N/A	32.558	62	215	6.33e-17	84.0
WP_000845048.1	337	k121_1835982_1	N/A	33.721	50	172	6.50e-17	80.5
WP_000845048.1	337	k121_954568_2	N/A	32.353	68	238	6.54e-17	84.0
WP_000845048.1	337	k121_810045_2	N/A	33.184	64	223	7.08e-17	84.0
WP_000845048.1	337	k121_1233591_1	N/A	28.155	90	309	7.31e-17	83.2
WP_000845048.1	337	k121_46980_16	N/A	31.579	77	266	8.02e-17	84.3
WP_000845048.1	337	k121_1003091_1	N/A	34.426	53	183	9.70e-17	80.1
WP_000845048.1	337	k121_1541578_1	N/A	28.000	69	250	1.09e-16	81.6
WP_000845048.1	337	k121_1632488_2	N/A	56.061	20	66	1.11e-16	77.8
WP_000845048.1	337	k121_339866_2	N/A	25.087	82	287	1.16e-16	83.2
WP_000845048.1	337	k121_282855_2	N/A	34.615	54	182	1.16e-16	83.2
WP_000845048.1	337	k121_1298198_1	N/A	26.172	73	256	1.17e-16	81.6
WP_000845048.1	337	k121_23358_19	N/A	29.180	85	305	1.24e-16	82.8
WP_000845048.1	337	k121_999842_2	N/A	35.366	49	164	1.25e-16	79.3
WP_000845048.1	337	k121_529516_1	N/A	31.618	77	272	1.53e-16	82.8
WP_000845048.1	337	k121_944761_26	N/A	30.303	84	297	1.64e-16	82.4
WP_000845048.1	337	k121_596394_2	N/A	30.147	77	272	1.64e-16	82.8
WP_000845048.1	337	k121_995380_1	N/A	28.144	49	167	1.64e-16	80.1
WP_000845048.1	337	k121_1831732_1	N/A	29.304	78	273	1.66e-16	82.8
WP_000845048.1	337	k121_1381637_3	N/A	28.339	85	307	1.78e-16	82.8
WP_000845048.1	337	k121_408903_3	N/A	28.146	88	302	2.26e-16	81.6
WP_000845048.1	337	k121_612487_1	N/A	33.714	50	175	2.27e-16	79.7
WP_000845048.1	337	k121_1378968_1	N/A	31.718	63	227	2.50e-16	80.1
WP_000845048.1	337	k121_840167_14	N/A	35.165	54	182	2.59e-16	82.0
WP_000845048.1	337	k121_1387404_2	N/A	24.422	85	303	2.65e-16	82.0
WP_000845048.1	337	k121_1433718_1	N/A	30.516	62	213	2.77e-16	82.0
WP_000845048.1	337	k121_953609_1	N/A	32.716	48	162	2.82e-16	79.0
WP_000845048.1	337	k121_276074_1	N/A	32.692	61	208	2.94e-16	80.5
WP_000845048.1	337	k121_1614090_1	N/A	59.091	20	66	3.20e-16	78.2
WP_000845048.1	337	k121_1614086_1	N/A	59.091	20	66	3.20e-16	78.2
WP_000845048.1	337	k121_1030811_1	N/A	45.783	25	83	3.43e-16	77.0
WP_000845048.1	337	k121_366575_22	N/A	27.541	85	305	3.71e-16	81.6
WP_000845048.1	337	k121_1624585_1	N/A	32.584	53	178	5.45e-16	78.6
WP_000845048.1	337	k121_1178828_2	N/A	26.766	77	269	5.57e-16	80.9
WP_000845048.1	337	k121_1681488_120	N/A	26.190	85	294	5.69e-16	81.3
WP_000845048.1	337	k121_1667197_1	N/A	32.620	55	187	7.15e-16	78.2
WP_000845048.1	337	k121_1730033_1	N/A	35.326	54	184	9.61e-16	77.8
WP_000845048.1	337	k121_1160705_6	N/A	26.909	78	275	1.02e-15	80.5
WP_000845048.1	337	k121_1433228_3	N/A	31.081	84	296	1.06e-15	80.5
WP_000845048.1	337	k121_1719224_3	N/A	30.734	62	218	1.07e-15	80.1
WP_000845048.1	337	k121_1497203_15	N/A	29.213	76	267	1.12e-15	80.5
WP_000845048.1	337	k121_2693_49	N/A	29.617	79	287	1.13e-15	80.1
WP_000845048.1	337	k121_1389758_1	N/A	36.145	48	166	1.17e-15	76.6
WP_000845048.1	337	k121_1218383_3	N/A	32.014	77	278	1.19e-15	80.1
WP_000845048.1	337	k121_146712_19	N/A	36.667	53	180	1.26e-15	79.7
WP_000845048.1	337	k121_663580_5	N/A	32.660	84	297	1.49e-15	80.1
WP_000845048.1	337	k121_61216_1	N/A	29.310	64	232	1.60e-15	80.1
WP_000845048.1	337	k121_249057_2	N/A	31.321	75	265	1.73e-15	80.1
WP_000845048.1	337	k121_718838_2	N/A	38.356	43	146	1.75e-15	76.3
WP_000845048.1	337	k121_453399_1	N/A	25.778	64	225	1.83e-15	79.0
WP_000845048.1	337	k121_1663276_2	N/A	52.941	20	68	1.90e-15	75.5
WP_000845048.1	337	k121_90464_1	N/A	30.481	55	187	2.01e-15	76.3
WP_000845048.1	337	k121_1456265_2	N/A	27.907	84	301	2.24e-15	79.3
WP_000845048.1	337	k121_37617_1	N/A	45.238	25	84	2.64e-15	74.7
WP_000845048.1	337	k121_725265_1	N/A	32.065	54	184	3.31e-15	76.3
WP_000845048.1	337	k121_1228290_3	N/A	27.841	52	176	3.63e-15	78.6
WP_000845048.1	337	k121_275368_19	N/A	31.641	72	256	3.75e-15	78.6
WP_000845048.1	337	k121_1001875_2	N/A	25.333	85	300	3.90e-15	78.6
WP_000845048.1	337	k121_1260399_1	N/A	49.275	20	69	4.65e-15	72.8
WP_000845048.1	337	k121_423629_1	N/A	28.077	74	260	6.84e-15	77.0
WP_000845048.1	337	k121_1790908_2	N/A	25.497	85	302	7.68e-15	77.8
WP_000845048.1	337	k121_1282916_1	N/A	33.735	49	166	8.16e-15	74.7
WP_000845048.1	337	k121_1157604_1	N/A	29.121	54	182	8.25e-15	74.3
WP_000845048.1	337	k121_929634_3	N/A	27.019	90	322	9.01e-15	78.2
WP_000845048.1	337	k121_447621_1	N/A	30.233	62	215	9.34e-15	77.4
WP_000845048.1	337	k121_624000_1	N/A	28.571	54	182	9.83e-15	74.7
WP_000845048.1	337	k121_238883_1	N/A	32.886	43	149	1.05e-14	74.7
WP_000845048.1	337	k121_408371_2	N/A	44.578	25	83	1.18e-14	73.6
WP_000845048.1	337	k121_855598_3	N/A	27.897	63	233	1.28e-14	77.4
WP_000845048.1	337	k121_956574_1	N/A	35.519	53	183	1.67e-14	74.3
WP_000845048.1	337	k121_1686590_1	N/A	37.838	44	148	1.70e-14	73.2
WP_000845048.1	337	k121_1672532_2	N/A	34.463	53	177	1.71e-14	73.9
WP_000845048.1	337	k121_771336_2	N/A	29.694	63	229	1.77e-14	77.0
WP_000845048.1	337	k121_687934_3	N/A	28.814	63	236	1.78e-14	77.0
WP_000845048.1	337	k121_127804_2	N/A	24.749	85	299	1.92e-14	76.6
WP_000845048.1	337	k121_1067522_3	N/A	36.486	44	148	1.99e-14	73.2
WP_000845048.1	337	k121_91133_4	N/A	28.959	62	221	2.02e-14	77.0
WP_000845048.1	337	k121_1188384_3	N/A	31.361	49	169	2.51e-14	73.6
WP_000845048.1	337	k121_863157_1	N/A	34.807	53	181	3.11e-14	73.9
WP_000845048.1	337	k121_1344977_3	N/A	29.151	77	271	3.19e-14	75.9
WP_000845048.1	337	k121_1159432_5	N/A	27.129	88	317	3.39e-14	75.9
WP_000845048.1	337	k121_3628_3	N/A	26.201	63	229	3.82e-14	76.3
WP_000845048.1	337	k121_983759_3	N/A	29.204	89	339	4.15e-14	76.3
WP_000845048.1	337	k121_11555_21	N/A	31.982	63	222	4.26e-14	75.9
WP_000845048.1	337	k121_277790_1	N/A	30.000	61	210	4.28e-14	74.3
WP_000845048.1	337	k121_1329751_1	N/A	35.359	54	181	4.32e-14	73.2
WP_000845048.1	337	k121_585880_2	N/A	28.415	54	183	4.48e-14	73.6
WP_000845048.1	337	k121_567950_4	N/A	28.483	89	323	4.73e-14	75.5
WP_000845048.1	337	k121_1728846_2	N/A	29.825	63	228	4.93e-14	75.9
WP_000845048.1	337	k121_229854_1	N/A	27.899	77	276	6.32e-14	74.7
WP_000845048.1	337	k121_222069_36	N/A	29.139	84	302	6.66e-14	75.1
WP_000845048.1	337	k121_428448_1	N/A	33.889	53	180	6.75e-14	72.4
WP_000845048.1	337	k121_1170397_2	N/A	31.818	74	264	7.38e-14	75.5
WP_000845048.1	337	k121_146968_1	N/A	46.835	23	79	9.09e-14	71.2
WP_000845048.1	337	k121_718196_1	N/A	29.758	80	289	9.55e-14	74.3
WP_000845048.1	337	k121_1103355_2	N/A	43.902	23	82	1.06e-13	70.1
WP_000845048.1	337	k121_1102818_1	N/A	26.190	50	168	1.55e-13	72.4
WP_000845048.1	337	k121_978714_14	N/A	31.447	47	159	1.78e-13	73.2
WP_000845048.1	337	k121_1834961_1	N/A	25.926	75	270	1.90e-13	72.8
WP_000845048.1	337	k121_1452550_2	N/A	31.638	53	177	1.91e-13	72.8
WP_000845048.1	337	k121_1511585_14	N/A	27.445	87	317	1.94e-13	73.6
WP_000845048.1	337	k121_1357498_3	N/A	29.614	63	233	2.00e-13	74.3
WP_000845048.1	337	k121_1414188_1	N/A	46.835	23	79	2.01e-13	68.6
WP_000845048.1	337	k121_1743112_6	N/A	30.088	64	226	2.60e-13	73.6
WP_000845048.1	337	k121_1829119_1	N/A	50.667	22	75	2.90e-13	68.9
WP_000845048.1	337	k121_622160_6	N/A	26.596	81	282	3.15e-13	72.8
WP_000845048.1	337	k121_1259642_3	N/A	30.531	63	226	3.31e-13	73.6
WP_000845048.1	337	k121_7314_29	N/A	32.877	62	219	3.80e-13	72.8
WP_000845048.1	337	k121_246276_1	N/A	34.000	58	200	3.98e-13	73.9
WP_000845048.1	337	k121_1113218_2	N/A	22.535	82	284	4.20e-13	72.4
WP_000845048.1	337	k121_60467_1	N/A	29.126	60	206	5.10e-13	70.9
WP_000845048.1	337	k121_183883_1	N/A	31.461	53	178	5.38e-13	69.7
WP_000845048.1	337	k121_1457917_1	N/A	29.091	62	220	5.66e-13	70.5
WP_000845048.1	337	k121_180754_1	N/A	32.768	53	177	6.18e-13	72.0
WP_000845048.1	337	k121_1161048_4	N/A	28.571	64	224	6.20e-13	70.9
WP_000845048.1	337	k121_959576_1	N/A	34.400	37	125	6.44e-13	70.1
WP_000845048.1	337	k121_760308_2	N/A	35.028	53	177	6.64e-13	69.3
WP_000845048.1	337	k121_1493580_1	N/A	50.649	23	77	6.76e-13	68.9
WP_000845048.1	337	k121_170820_2	N/A	30.804	62	224	8.20e-13	71.6
WP_000845048.1	337	k121_650262_1	N/A	28.364	78	275	8.51e-13	71.6
WP_000845048.1	337	k121_927555_6	N/A	26.201	63	229	8.97e-13	72.0
WP_000845048.1	337	k121_247781_2	N/A	29.293	59	198	9.65e-13	70.1
WP_000845048.1	337	k121_1163318_2	N/A	27.815	84	302	1.07e-12	71.6
WP_000845048.1	337	k121_1482198_1	N/A	27.687	85	307	1.65e-12	70.9
WP_000845048.1	337	k121_1705597_1	N/A	31.250	55	192	1.94e-12	68.9
WP_000845048.1	337	k121_238988_1	N/A	28.378	64	222	2.11e-12	69.3
WP_000845048.1	337	k121_128243_1	N/A	29.885	52	174	2.12e-12	68.6
WP_000845048.1	337	k121_313879_1	N/A	42.202	32	109	3.22e-12	66.2
WP_000845048.1	337	k121_1337002_2	N/A	47.761	20	67	3.34e-12	65.1
WP_000845048.1	337	k121_1118760_4	N/A	30.357	62	224	3.53e-12	70.1
WP_000845048.1	337	k121_414578_1	N/A	32.584	53	178	4.42e-12	68.2
WP_000845048.1	337	k121_520280_3	N/A	28.803	86	309	5.02e-12	69.7
WP_000845048.1	337	k121_571184_2	N/A	28.736	52	174	5.14e-12	67.0
WP_000845048.1	337	k121_1726923_1	N/A	42.202	32	109	5.71e-12	65.5
WP_000845048.1	337	k121_1424734_5	N/A	33.149	52	181	5.75e-12	69.7
WP_000845048.1	337	k121_1764636_1	N/A	29.694	62	229	6.25e-12	68.2
WP_000845048.1	337	k121_1200687_1	N/A	25.000	71	244	6.52e-12	67.8
WP_000845048.1	337	k121_818488_2	N/A	28.175	69	252	6.80e-12	69.3
WP_000845048.1	337	k121_848760_1	N/A	33.146	53	178	8.19e-12	66.6
WP_000845048.1	337	k121_1821133_56	N/A	31.193	63	218	8.73e-12	68.9
WP_000845048.1	337	k121_292807_25	N/A	29.151	76	271	1.08e-11	68.6
WP_000845048.1	337	k121_591049_1	N/A	36.667	26	90	1.11e-11	64.7
WP_000845048.1	337	k121_22953_1	N/A	26.538	63	260	1.12e-11	68.2
WP_000845048.1	337	k121_829096_2	N/A	29.333	63	225	1.15e-11	68.6
WP_000845048.1	337	k121_825902_3	N/A	31.222	63	221	1.32e-11	68.6
WP_000845048.1	337	k121_984699_3	N/A	31.081	63	222	1.35e-11	68.6
WP_000845048.1	337	k121_332538_1	N/A	30.723	49	166	1.36e-11	65.9
WP_000845048.1	337	k121_1343076_2	N/A	29.279	61	222	1.54e-11	68.2
WP_000845048.1	337	k121_1658254_1	N/A	28.641	57	206	2.03e-11	66.2
WP_000845048.1	337	k121_530707_1	N/A	31.111	53	180	2.95e-11	67.0
WP_000845048.1	337	k121_142882_2	N/A	32.597	53	181	3.13e-11	65.1
WP_000845048.1	337	k121_728260_1	N/A	28.037	60	214	3.16e-11	65.1
WP_000845048.1	337	k121_1126810_1	N/A	31.250	55	192	3.50e-11	65.1
WP_000845048.1	337	k121_1468856_2	N/A	34.463	53	177	3.51e-11	67.4
WP_000845048.1	337	k121_1636277_5	N/A	29.108	61	213	3.92e-11	67.0
WP_000845048.1	337	k121_1298734_1	N/A	33.146	53	178	5.16e-11	64.3
WP_000845048.1	337	k121_1570081_1	N/A	26.214	85	309	5.38e-11	66.6
WP_000845048.1	337	k121_356418_2	N/A	29.384	62	211	6.09e-11	67.0
WP_000845048.1	337	k121_79147_3	N/A	27.536	77	276	6.69e-11	66.6
WP_000845048.1	337	k121_865717_3	N/A	27.019	91	359	8.44e-11	66.2
WP_000845048.1	337	k121_373814_1	N/A	31.383	54	188	1.01e-10	64.3
WP_000845048.1	337	k121_1835836_1	N/A	27.852	81	298	1.04e-10	65.9
WP_000845048.1	337	k121_1806218_2	N/A	30.332	62	211	1.05e-10	66.2
WP_000845048.1	337	k121_653607_2	N/A	30.216	76	278	1.08e-10	65.9
WP_000845048.1	337	k121_879879_1	N/A	28.182	63	220	1.20e-10	64.3
WP_000845048.1	337	k121_974876_2	N/A	30.978	53	184	1.35e-10	63.5
WP_000845048.1	337	k121_1609672_1	N/A	25.333	63	225	1.40e-10	65.5
WP_000845048.1	337	k121_1138607_2	N/A	27.679	61	224	1.55e-10	63.9
WP_000845048.1	337	k121_973020_1	N/A	23.944	62	213	1.62e-10	64.3
WP_000845048.1	337	k121_1553498_1	N/A	23.171	48	164	1.73e-10	65.1
WP_000845048.1	337	k121_267984_1	N/A	31.250	47	160	1.78e-10	63.5
WP_000845048.1	337	k121_1654709_2	N/A	29.148	61	223	1.90e-10	65.1
WP_000845048.1	337	k121_220262_1	N/A	25.623	78	281	2.02e-10	65.1
WP_000845048.1	337	k121_729653_2	N/A	40.244	24	82	2.03e-10	60.8
WP_000845048.1	337	k121_656777_3	N/A	44.928	20	69	2.13e-10	65.1
WP_000845048.1	337	k121_770521_2	N/A	31.724	42	145	2.14e-10	62.0
WP_000845048.1	337	k121_743460_3	N/A	27.723	84	303	2.18e-10	65.1
WP_000845048.1	337	k121_1656338_54	N/A	25.000	89	320	2.28e-10	64.7
WP_000845048.1	337	k121_1828858_1	N/A	30.833	35	120	2.28e-10	62.8
WP_000845048.1	337	k121_1231675_5	N/A	24.038	61	208	2.65e-10	63.5
WP_000845048.1	337	k121_575431_1	N/A	27.240	77	279	2.84e-10	64.7
WP_000845048.1	337	k121_1131903_1	N/A	29.891	53	184	2.90e-10	63.2
WP_000845048.1	337	k121_1616221_6	N/A	28.261	77	276	3.22e-10	64.3
WP_000845048.1	337	k121_928317_2	N/A	30.208	55	192	3.93e-10	63.5
WP_000845048.1	337	k121_1377737_8	N/A	23.636	92	330	4.70e-10	63.9
WP_000845048.1	337	k121_125651_2	N/A	26.117	82	291	4.70e-10	64.3
WP_000845048.1	337	k121_150267_1	N/A	27.190	90	331	4.75e-10	63.9
WP_000845048.1	337	k121_1123546_2	N/A	25.217	63	230	5.02e-10	63.9
WP_000845048.1	337	k121_783751_2	N/A	27.839	77	273	5.06e-10	63.9
WP_000845048.1	337	k121_1726961_2	N/A	26.383	62	235	5.17e-10	63.9
WP_000845048.1	337	k121_117588_1	N/A	32.026	44	153	5.71e-10	62.4
WP_000845048.1	337	k121_1868823_1	N/A	27.174	77	276	5.85e-10	63.9
WP_000845048.1	337	k121_1423808_19	N/A	30.769	53	182	6.09e-10	63.5
WP_000845048.1	337	k121_728400_1	N/A	45.000	23	80	6.94e-10	60.5
