SadA_ref|WP_036299419.1|:1-399	399	k121_300710_1	N/A	35.349	53	215	3.08e-25	103
SadA_ref|WP_036299419.1|:1-399	399	k121_508_7	N/A	24.658	88	365	1.37e-21	96.7
SadA_ref|WP_036299419.1|:1-399	399	k121_1697122_3	N/A	26.016	89	369	3.38e-20	92.4
SadA_ref|WP_036299419.1|:1-399	399	k121_585119_1	N/A	23.000	25	100	5.03e-05	44.7
SadA_ref|WP_036299419.1|:1-399	399	k121_286824_1	N/A	25.100	62	251	0.008	39.3
SadA_ref|WP_036299419.1|:1-399	399	k121_1705619_1	N/A	29.293	23	99	0.054	35.8
SadB_ref|WP_100812327.1|:1-423	423	k121_300710_1	N/A	34.434	50	212	3.10e-29	115
SadB_ref|WP_100812327.1|:1-423	423	k121_508_7	N/A	25.935	90	401	3.31e-25	107
SadB_ref|WP_100812327.1|:1-423	423	k121_1697122_3	N/A	26.933	84	375	1.55e-19	90.9
SadB_ref|WP_100812327.1|:1-423	423	k121_286824_1	N/A	26.685	77	356	1.69e-14	75.9
SadB_ref|WP_100812327.1|:1-423	423	k121_304433_1	N/A	27.570	48	214	3.65e-07	51.6
SadB_ref|WP_100812327.1|:1-423	423	k121_1138304_3	N/A	24.931	78	361	2.11e-06	50.8
SadB_ref|WP_100812327.1|:1-423	423	k121_585119_1	N/A	23.780	39	164	1.09e-05	46.6
SadB_ref|WP_100812327.1|:1-423	423	k121_285175_1	N/A	28.777	28	139	9.01e-05	44.3
SadB_ref|WP_100812327.1|:1-423	423	k121_1702391_1	N/A	23.907	73	343	0.005	40.4
SadB_ref|WP_100812327.1|:1-423	423	k121_1694330_1	N/A	25.694	31	144	0.022	37.7
SadB_ref|WP_100812327.1|:1-423	423	k121_25990_2	N/A	26.613	28	124	0.037	35.8
SadB_ref|WP_100812327.1|:1-423	423	k121_3195_1	N/A	24.419	20	86	0.099	33.9
SadC_ref|WP_036299413.1|:1-194	194	k121_1706636_2	N/A	36.559	47	93	1.07e-10	57.0
SadC_ref|WP_036299413.1|:1-194	194	k121_285787_1	N/A	39.326	45	89	1.78e-10	57.8
SadC_ref|WP_036299413.1|:1-194	194	k121_31466_1	N/A	34.815	61	135	6.64e-09	54.3
SadC_ref|WP_036299413.1|:1-194	194	k121_312005_1	N/A	39.130	45	92	2.61e-08	52.8
SadC_ref|WP_036299413.1|:1-194	194	k121_1134974_2	N/A	36.364	56	110	2.61e-08	51.2
SadC_ref|WP_036299413.1|:1-194	194	k121_3398_3	N/A	37.805	42	82	2.95e-06	46.6
SadC_ref|WP_036299413.1|:1-194	194	k121_869492_2	N/A	28.800	62	125	2.18e-05	43.9
SadC_ref|WP_036299413.1|:1-194	194	k121_1129276_1	N/A	35.211	37	71	2.61e-05	43.5
SadC_ref|WP_036299413.1|:1-194	194	k121_1147158_1	N/A	28.814	60	118	3.00e-05	43.9
SadC_ref|WP_036299413.1|:1-194	194	k121_316848_1	N/A	22.481	66	129	1.08e-04	42.0
SadC_ref|WP_036299413.1|:1-194	194	k121_861325_3	N/A	32.468	39	77	2.56e-04	40.8
SadC_ref|WP_036299413.1|:1-194	194	k121_1438123_1	N/A	25.287	44	87	3.54e-04	40.8
SadC_ref|WP_036299413.1|:1-194	194	k121_1701645_1	N/A	21.053	59	114	0.001	39.3
SadC_ref|WP_036299413.1|:1-194	194	k121_292304_2	N/A	33.898	30	59	0.024	35.4
SadC_ref|WP_036299413.1|:1-194	194	k121_1719824_1	N/A	39.535	22	43	0.076	32.0
WP_000259031.1	279	k121_1151753_2	N/A	30.597	93	268	8.13e-31	117
WP_000259031.1	279	k121_1139122_67	N/A	29.644	89	253	5.11e-29	112
WP_000259031.1	279	k121_859476_2	N/A	29.851	93	268	7.98e-29	112
WP_000259031.1	279	k121_856446_1	N/A	32.394	76	213	1.32e-27	107
WP_000259031.1	279	k121_3466_7	N/A	31.439	93	264	6.80e-27	108
WP_000259031.1	279	k121_15393_2	N/A	32.800	88	250	1.97e-26	105
WP_000259031.1	279	k121_293126_1	N/A	30.147	96	272	8.58e-26	103
WP_000259031.1	279	k121_847345_2	N/A	27.413	92	259	1.81e-20	89.4
WP_000259031.1	279	k121_1724599_1	N/A	30.556	63	180	1.68e-19	84.7
WP_000259031.1	279	k121_313427_1	N/A	28.205	68	195	4.36e-15	73.2
WP_000259031.1	279	k121_1427092_1	N/A	25.543	64	184	2.32e-14	70.9
WP_000259031.1	279	k121_1693159_1	N/A	31.073	63	177	3.73e-14	71.2
WP_000259031.1	279	k121_10568_2	N/A	32.168	51	143	1.14e-12	65.1
WP_000259031.1	279	k121_304555_5	N/A	39.326	32	89	2.42e-12	63.5
WP_000259031.1	279	k121_866728_1	N/A	36.170	34	94	5.29e-12	62.4
WP_000259031.1	279	k121_587687_1	N/A	39.024	29	82	4.93e-11	63.5
WP_000259031.1	279	k121_1709383_1	N/A	31.061	47	132	4.04e-10	58.9
WP_000259031.1	279	k121_601689_3	N/A	33.028	38	109	6.68e-09	53.9
WP_000259031.1	279	k121_1438113_1	N/A	42.029	25	69	1.70e-07	51.2
WP_000259031.1	279	k121_1439574_2	N/A	41.463	29	82	3.13e-07	50.4
WP_000259031.1	279	k121_1416946_1	N/A	26.087	49	138	4.68e-05	43.5
WP_000259031.1	279	k121_312916_1	N/A	28.758	55	153	0.003	38.5
WP_001043260.1	271	k121_15393_2	N/A	35.094	97	265	1.44e-43	150
WP_001043260.1	271	k121_1151753_2	N/A	32.222	98	270	1.59e-40	142
WP_001043260.1	271	k121_859476_2	N/A	32.171	94	258	8.57e-39	137
WP_001043260.1	271	k121_293126_1	N/A	32.584	96	267	2.21e-32	121
WP_001043260.1	271	k121_856446_1	N/A	34.742	77	213	2.51e-32	119
WP_001043260.1	271	k121_1139122_67	N/A	28.090	97	267	1.12e-31	119
WP_001043260.1	271	k121_3466_7	N/A	29.588	97	267	4.23e-28	111
WP_001043260.1	271	k121_1724599_1	N/A	38.286	64	175	1.88e-27	105
WP_001043260.1	271	k121_1693159_1	N/A	36.000	64	175	1.15e-24	99.8
WP_001043260.1	271	k121_847345_2	N/A	26.038	96	265	1.85e-23	97.4
WP_001043260.1	271	k121_866728_1	N/A	47.872	35	94	1.78e-22	90.5
WP_001043260.1	271	k121_1427092_1	N/A	30.556	65	180	8.37e-21	88.2
WP_001043260.1	271	k121_313427_1	N/A	29.808	75	208	6.40e-20	86.3
WP_001043260.1	271	k121_1438113_1	N/A	53.571	30	84	1.05e-19	84.7
WP_001043260.1	271	k121_1709383_1	N/A	32.903	56	155	2.82e-19	83.6
WP_001043260.1	271	k121_1439574_2	N/A	51.190	30	84	1.51e-18	81.6
WP_001043260.1	271	k121_587687_1	N/A	41.758	34	91	7.37e-17	80.9
WP_001043260.1	271	k121_304555_5	N/A	43.902	30	82	2.95e-16	73.9
WP_001043260.1	271	k121_10568_2	N/A	34.266	53	143	2.09e-12	64.3
WP_001043260.1	271	k121_601689_3	N/A	25.472	39	106	1.09e-05	45.1
WP_001043260.1	271	k121_861964_1	N/A	42.857	28	77	1.30e-05	44.7
WP_001043260.1	271	k121_1416946_1	N/A	22.835	47	127	1.34e-05	45.1
WP_001043260.1	271	k121_312916_1	N/A	25.641	58	156	7.49e-04	40.4
WP_000034420.1	263	k121_15393_2	N/A	37.931	98	261	1.07e-51	171
WP_000034420.1	263	k121_1151753_2	N/A	35.409	96	257	8.50e-47	158
WP_000034420.1	263	k121_859476_2	N/A	35.798	96	257	1.40e-46	157
WP_000034420.1	263	k121_293126_1	N/A	37.023	98	262	4.18e-44	151
WP_000034420.1	263	k121_3466_7	N/A	30.534	99	262	2.70e-35	130
WP_000034420.1	263	k121_1139122_67	N/A	31.034	97	261	5.42e-35	127
WP_000034420.1	263	k121_856446_1	N/A	32.243	80	214	6.82e-34	123
WP_000034420.1	263	k121_1724599_1	N/A	39.205	67	176	7.40e-33	119
WP_000034420.1	263	k121_847345_2	N/A	30.651	98	261	1.95e-25	102
WP_000034420.1	263	k121_1693159_1	N/A	34.270	67	178	2.77e-25	101
WP_000034420.1	263	k121_1709383_1	N/A	33.117	58	154	2.33e-24	97.1
WP_000034420.1	263	k121_866728_1	N/A	40.625	37	96	1.11e-21	88.2
WP_000034420.1	263	k121_10568_2	N/A	35.616	55	146	7.08e-20	84.3
WP_000034420.1	263	k121_587687_1	N/A	48.235	32	85	2.09e-19	87.8
WP_000034420.1	263	k121_304555_5	N/A	45.349	33	86	1.96e-17	77.0
WP_000034420.1	263	k121_1438113_1	N/A	47.059	32	85	2.00e-17	78.2
WP_000034420.1	263	k121_1439574_2	N/A	45.882	32	85	7.11e-17	77.0
WP_000034420.1	263	k121_1427092_1	N/A	30.570	71	193	8.38e-17	77.0
WP_000034420.1	263	k121_313427_1	N/A	25.962	75	208	1.87e-14	71.2
WP_000034420.1	263	k121_861964_1	N/A	40.541	28	74	8.15e-10	56.6
WP_000034420.1	263	k121_601689_3	N/A	32.609	35	92	2.63e-09	55.1
WP_000034420.1	263	k121_1416946_1	N/A	27.338	53	139	1.94e-08	53.1
WP_000034420.1	263	k121_312916_1	N/A	29.032	35	93	1.19e-06	48.5
WP_000845048.1	337	k121_1418936_1	N/A	71.646	97	328	9.77e-172	481
WP_000845048.1	337	k121_572635_3	N/A	70.279	96	323	3.38e-156	442
WP_000845048.1	337	k121_1694025_2	N/A	63.526	98	329	9.27e-149	423
WP_000845048.1	337	k121_1694509_2	N/A	60.000	94	340	8.62e-136	392
WP_000845048.1	337	k121_569651_1	N/A	64.091	65	220	1.36e-94	281
WP_000845048.1	337	k121_1134277_1	N/A	64.706	66	221	4.96e-92	275
WP_000845048.1	337	k121_31416_4	N/A	47.138	88	297	3.72e-85	259
WP_000845048.1	337	k121_31420_1	N/A	47.887	84	284	2.17e-82	252
WP_000845048.1	337	k121_590578_1	N/A	67.442	51	172	9.90e-76	231
WP_000845048.1	337	k121_311781_1	N/A	59.659	52	176	3.99e-67	210
WP_000845048.1	337	k121_299092_2	N/A	62.983	54	181	3.50e-66	209
WP_000845048.1	337	k121_1440618_4	N/A	58.282	47	163	1.02e-60	194
WP_000845048.1	337	k121_596685_1	N/A	40.889	65	225	1.40e-55	182
WP_000845048.1	337	k121_1700759_1	N/A	44.944	53	178	5.52e-44	150
WP_000845048.1	337	k121_307203_1	N/A	80.000	25	85	3.00e-41	142
WP_000845048.1	337	k121_1715050_2	N/A	32.333	88	300	6.05e-36	132
WP_000845048.1	337	k121_594131_2	N/A	32.595	90	316	6.72e-33	124
WP_000845048.1	337	k121_310637_1	N/A	33.457	77	269	3.80e-25	103
WP_000845048.1	337	k121_1690398_1	N/A	35.897	55	195	1.23e-24	102
WP_000845048.1	337	k121_306905_1	N/A	32.246	81	276	7.18e-24	99.4
WP_000845048.1	337	k121_36667_2	N/A	33.945	63	218	2.73e-22	96.3
WP_000845048.1	337	k121_10328_3	N/A	34.272	61	213	4.91e-22	93.6
WP_000845048.1	337	k121_1426886_5	N/A	28.013	85	307	2.94e-21	93.6
WP_000845048.1	337	k121_863446_1	N/A	30.698	62	215	4.49e-21	90.1
WP_000845048.1	337	k121_291236_1	N/A	27.946	86	297	1.06e-20	92.0
WP_000845048.1	337	k121_307726_2	N/A	29.455	79	275	1.88e-20	90.1
WP_000845048.1	337	k121_864423_2	N/A	33.523	52	176	2.39e-19	84.7
WP_000845048.1	337	k121_600418_1	N/A	27.273	83	297	2.67e-19	87.8
WP_000845048.1	337	k121_27364_2	N/A	32.468	66	231	6.70e-19	86.7
WP_000845048.1	337	k121_880633_1	N/A	34.177	67	237	4.75e-18	82.8
WP_000845048.1	337	k121_847471_2	N/A	36.601	43	153	3.22e-17	78.6
WP_000845048.1	337	k121_1715568_1	N/A	30.952	60	210	6.30e-17	79.3
WP_000845048.1	337	k121_1427236_1	N/A	36.416	51	173	4.10e-16	75.5
WP_000845048.1	337	k121_7976_8	N/A	31.641	72	256	4.29e-16	78.6
WP_000845048.1	337	k121_1410324_1	N/A	26.818	62	220	1.01e-15	76.3
WP_000845048.1	337	k121_1716263_19	N/A	28.328	82	293	8.28e-15	75.1
WP_000845048.1	337	k121_33908_1	N/A	29.688	57	192	1.14e-14	73.2
WP_000845048.1	337	k121_33902_1	N/A	30.000	47	160	1.63e-14	72.4
WP_000845048.1	337	k121_572099_1	N/A	31.447	47	159	2.04e-14	73.2
WP_000845048.1	337	k121_1708670_1	N/A	31.651	62	218	2.15e-14	72.4
WP_000845048.1	337	k121_1147733_1	N/A	30.263	65	228	5.12e-14	71.2
WP_000845048.1	337	k121_1135574_1	N/A	26.991	64	226	5.21e-14	72.8
WP_000845048.1	337	k121_1423235_1	N/A	24.167	65	240	2.79e-13	69.3
WP_000845048.1	337	k121_9980_5	N/A	33.146	53	178	6.10e-11	63.5
WP_000845048.1	337	k121_5596_1	N/A	34.409	27	93	2.22e-08	55.5
WP_000845048.1	337	k121_26227_4	N/A	24.645	61	211	2.41e-08	55.1
WP_000845048.1	337	k121_1725372_4	N/A	29.048	60	210	3.55e-08	55.8
WP_000845048.1	337	k121_284189_2	N/A	28.723	55	188	3.59e-08	55.5
WP_000845048.1	337	k121_1135651_2	N/A	30.172	32	116	1.76e-07	51.6
WP_000845048.1	337	k121_1725372_3	N/A	29.091	60	220	1.79e-07	53.1
WP_000845048.1	337	k121_1699809_1	N/A	30.857	51	175	2.22e-07	52.0
WP_000845048.1	337	k121_859271_5	N/A	27.961	83	304	1.42e-06	50.4
WP_000845048.1	337	k121_22402_1	N/A	27.957	54	186	2.74e-06	48.5
WP_000845048.1	337	k121_292808_2	N/A	27.230	60	213	6.91e-06	47.8
WP_000845048.1	337	k121_1725372_2	N/A	25.083	84	303	7.69e-06	48.1
WP_000845048.1	337	k121_1132775_2	N/A	25.329	84	304	7.69e-06	48.1
WP_000845048.1	337	k121_1162763_1	N/A	36.782	22	87	2.68e-05	46.2
WP_000845048.1	337	k121_294431_12	N/A	26.316	73	285	1.26e-04	45.1
WP_000845048.1	337	k121_291893_2	N/A	27.128	55	188	1.57e-04	43.9
WP_000845048.1	337	k121_300138_1	N/A	38.667	22	75	2.36e-04	43.1
WP_000845048.1	337	k121_879460_1	N/A	40.000	21	70	3.05e-04	41.6
WP_000845048.1	337	k121_1131837_2	N/A	32.222	27	90	0.001	42.0
WP_000845048.1	337	k121_851467_2	N/A	24.183	42	153	0.001	40.8
WP_000845048.1	337	k121_857793_1	N/A	28.859	42	149	0.002	39.7
WP_000845048.1	337	k121_1126916_1	N/A	25.652	64	230	0.002	41.2
WP_000845048.1	337	k121_870562_1	N/A	32.051	21	78	0.002	40.0
WP_000845048.1	337	k121_1703034_4	N/A	25.828	83	302	0.002	40.8
WP_000845048.1	337	k121_25041_1	N/A	34.848	20	66	0.007	38.5
WP_000845048.1	337	k121_1723759_46	N/A	21.457	69	247	0.009	38.9
WP_000845048.1	337	k121_1149648_2	N/A	29.878	45	164	0.016	37.7
WP_000845048.1	337	k121_1440290_3	N/A	32.911	21	79	0.023	37.4
WP_000845048.1	337	k121_292808_1	N/A	31.579	20	76	0.051	35.8
WP_000845048.1	337	k121_306071_1	N/A	27.451	44	153	0.052	36.2
WP_000845048.1	337	k121_285474_2	N/A	24.873	58	197	0.057	36.2
WP_000845048.1	337	k121_306075_1	N/A	27.742	44	155	0.066	35.8
