SadA_ref|WP_036299419.1|:1-399	399	k121_300710_1	N/A	35.349	53	215	3.08e-25	103
SadA_ref|WP_036299419.1|:1-399	399	k121_508_7	N/A	24.658	88	365	1.37e-21	96.7
SadA_ref|WP_036299419.1|:1-399	399	k121_1697122_3	N/A	26.016	89	369	3.38e-20	92.4
SadA_ref|WP_036299419.1|:1-399	399	k121_585119_1	N/A	23.000	25	100	5.03e-05	44.7
SadA_ref|WP_036299419.1|:1-399	399	k121_286824_1	N/A	25.100	62	251	0.008	39.3
SadA_ref|WP_036299419.1|:1-399	399	k121_1705619_1	N/A	29.293	23	99	0.054	35.8
SadB_ref|WP_100812327.1|:1-423	423	k121_300710_1	N/A	34.434	50	212	3.10e-29	115
SadB_ref|WP_100812327.1|:1-423	423	k121_508_7	N/A	25.935	90	401	3.31e-25	107
SadB_ref|WP_100812327.1|:1-423	423	k121_1697122_3	N/A	26.933	84	375	1.55e-19	90.9
SadB_ref|WP_100812327.1|:1-423	423	k121_286824_1	N/A	26.685	77	356	1.69e-14	75.9
SadB_ref|WP_100812327.1|:1-423	423	k121_304433_1	N/A	27.570	48	214	3.65e-07	51.6
SadB_ref|WP_100812327.1|:1-423	423	k121_1138304_3	N/A	24.931	78	361	2.11e-06	50.8
SadB_ref|WP_100812327.1|:1-423	423	k121_585119_1	N/A	23.780	39	164	1.09e-05	46.6
SadB_ref|WP_100812327.1|:1-423	423	k121_285175_1	N/A	28.777	28	139	9.01e-05	44.3
SadB_ref|WP_100812327.1|:1-423	423	k121_1702391_1	N/A	23.907	73	343	0.005	40.4
SadB_ref|WP_100812327.1|:1-423	423	k121_1694330_1	N/A	25.694	31	144	0.022	37.7
SadB_ref|WP_100812327.1|:1-423	423	k121_25990_2	N/A	26.613	28	124	0.037	35.8
SadB_ref|WP_100812327.1|:1-423	423	k121_3195_1	N/A	24.419	20	86	0.099	33.9
SadC_ref|WP_036299413.1|:1-194	194	k121_1706636_2	N/A	36.559	47	93	1.07e-10	57.0
SadC_ref|WP_036299413.1|:1-194	194	k121_285787_1	N/A	39.326	45	89	1.78e-10	57.8
SadC_ref|WP_036299413.1|:1-194	194	k121_31466_1	N/A	34.815	61	135	6.64e-09	54.3
SadC_ref|WP_036299413.1|:1-194	194	k121_312005_1	N/A	39.130	45	92	2.61e-08	52.8
SadC_ref|WP_036299413.1|:1-194	194	k121_1134974_2	N/A	36.364	56	110	2.61e-08	51.2
SadC_ref|WP_036299413.1|:1-194	194	k121_3398_3	N/A	37.805	42	82	2.95e-06	46.6
SadC_ref|WP_036299413.1|:1-194	194	k121_869492_2	N/A	28.800	62	125	2.18e-05	43.9
SadC_ref|WP_036299413.1|:1-194	194	k121_1129276_1	N/A	35.211	37	71	2.61e-05	43.5
SadC_ref|WP_036299413.1|:1-194	194	k121_1147158_1	N/A	28.814	60	118	3.00e-05	43.9
SadC_ref|WP_036299413.1|:1-194	194	k121_316848_1	N/A	22.481	66	129	1.08e-04	42.0
SadC_ref|WP_036299413.1|:1-194	194	k121_861325_3	N/A	32.468	39	77	2.56e-04	40.8
SadC_ref|WP_036299413.1|:1-194	194	k121_1438123_1	N/A	25.287	44	87	3.54e-04	40.8
SadC_ref|WP_036299413.1|:1-194	194	k121_1701645_1	N/A	21.053	59	114	0.001	39.3
SadC_ref|WP_036299413.1|:1-194	194	k121_292304_2	N/A	33.898	30	59	0.024	35.4
SadC_ref|WP_036299413.1|:1-194	194	k121_1719824_1	N/A	39.535	22	43	0.076	32.0
WP_000259031.1	279	k121_1151753_2	N/A	30.597	93	268	8.13e-31	117
WP_000259031.1	279	k121_1139122_67	N/A	29.644	89	253	5.11e-29	112
WP_000259031.1	279	k121_859476_2	N/A	29.851	93	268	7.98e-29	112
WP_000259031.1	279	k121_856446_1	N/A	32.394	76	213	1.32e-27	107
WP_000259031.1	279	k121_3466_7	N/A	31.439	93	264	6.80e-27	108
WP_000259031.1	279	k121_15393_2	N/A	32.800	88	250	1.97e-26	105
WP_000259031.1	279	k121_293126_1	N/A	30.147	96	272	8.58e-26	103
WP_000259031.1	279	k121_847345_2	N/A	27.413	92	259	1.81e-20	89.4
WP_000259031.1	279	k121_1724599_1	N/A	30.556	63	180	1.68e-19	84.7
WP_000259031.1	279	k121_313427_1	N/A	28.205	68	195	4.36e-15	73.2
WP_000259031.1	279	k121_1427092_1	N/A	25.543	64	184	2.32e-14	70.9
WP_000259031.1	279	k121_1693159_1	N/A	31.073	63	177	3.73e-14	71.2
WP_000259031.1	279	k121_10568_2	N/A	32.168	51	143	1.14e-12	65.1
WP_000259031.1	279	k121_304555_5	N/A	39.326	32	89	2.42e-12	63.5
WP_000259031.1	279	k121_866728_1	N/A	36.170	34	94	5.29e-12	62.4
WP_000259031.1	279	k121_587687_1	N/A	39.024	29	82	4.93e-11	63.5
WP_000259031.1	279	k121_1709383_1	N/A	31.061	47	132	4.04e-10	58.9
WP_000259031.1	279	k121_601689_3	N/A	33.028	38	109	6.68e-09	53.9
WP_000259031.1	279	k121_1438113_1	N/A	42.029	25	69	1.70e-07	51.2
WP_000259031.1	279	k121_1439574_2	N/A	41.463	29	82	3.13e-07	50.4
WP_000259031.1	279	k121_1416946_1	N/A	26.087	49	138	4.68e-05	43.5
WP_000259031.1	279	k121_312916_1	N/A	28.758	55	153	0.003	38.5
WP_001043260.1	271	k121_15393_2	N/A	35.094	97	265	1.44e-43	150
WP_001043260.1	271	k121_1151753_2	N/A	32.222	98	270	1.59e-40	142
WP_001043260.1	271	k121_859476_2	N/A	32.171	94	258	8.57e-39	137
WP_001043260.1	271	k121_293126_1	N/A	32.584	96	267	2.21e-32	121
WP_001043260.1	271	k121_856446_1	N/A	34.742	77	213	2.51e-32	119
WP_001043260.1	271	k121_1139122_67	N/A	28.090	97	267	1.12e-31	119
WP_001043260.1	271	k121_3466_7	N/A	29.588	97	267	4.23e-28	111
WP_001043260.1	271	k121_1724599_1	N/A	38.286	64	175	1.88e-27	105
WP_001043260.1	271	k121_1693159_1	N/A	36.000	64	175	1.15e-24	99.8
WP_001043260.1	271	k121_847345_2	N/A	26.038	96	265	1.85e-23	97.4
WP_001043260.1	271	k121_866728_1	N/A	47.872	35	94	1.78e-22	90.5
WP_001043260.1	271	k121_1427092_1	N/A	30.556	65	180	8.37e-21	88.2
WP_001043260.1	271	k121_313427_1	N/A	29.808	75	208	6.40e-20	86.3
WP_001043260.1	271	k121_1438113_1	N/A	53.571	30	84	1.05e-19	84.7
WP_001043260.1	271	k121_1709383_1	N/A	32.903	56	155	2.82e-19	83.6
WP_001043260.1	271	k121_1439574_2	N/A	51.190	30	84	1.51e-18	81.6
WP_001043260.1	271	k121_587687_1	N/A	41.758	34	91	7.37e-17	80.9
WP_001043260.1	271	k121_304555_5	N/A	43.902	30	82	2.95e-16	73.9
WP_001043260.1	271	k121_10568_2	N/A	34.266	53	143	2.09e-12	64.3
WP_001043260.1	271	k121_601689_3	N/A	25.472	39	106	1.09e-05	45.1
WP_001043260.1	271	k121_861964_1	N/A	42.857	28	77	1.30e-05	44.7
WP_001043260.1	271	k121_1416946_1	N/A	22.835	47	127	1.34e-05	45.1
WP_001043260.1	271	k121_312916_1	N/A	25.641	58	156	7.49e-04	40.4
WP_000034420.1	263	k121_15393_2	N/A	37.931	98	261	1.07e-51	171
WP_000034420.1	263	k121_1151753_2	N/A	35.409	96	257	8.50e-47	158
WP_000034420.1	263	k121_859476_2	N/A	35.798	96	257	1.40e-46	157
WP_000034420.1	263	k121_293126_1	N/A	37.023	98	262	4.18e-44	151
WP_000034420.1	263	k121_3466_7	N/A	30.534	99	262	2.70e-35	130
WP_000034420.1	263	k121_1139122_67	N/A	31.034	97	261	5.42e-35	127
WP_000034420.1	263	k121_856446_1	N/A	32.243	80	214	6.82e-34	123
WP_000034420.1	263	k121_1724599_1	N/A	39.205	67	176	7.40e-33	119
WP_000034420.1	263	k121_847345_2	N/A	30.651	98	261	1.95e-25	102
WP_000034420.1	263	k121_1693159_1	N/A	34.270	67	178	2.77e-25	101
WP_000034420.1	263	k121_1709383_1	N/A	33.117	58	154	2.33e-24	97.1
WP_000034420.1	263	k121_866728_1	N/A	40.625	37	96	1.11e-21	88.2
WP_000034420.1	263	k121_10568_2	N/A	35.616	55	146	7.08e-20	84.3
WP_000034420.1	263	k121_587687_1	N/A	48.235	32	85	2.09e-19	87.8
WP_000034420.1	263	k121_304555_5	N/A	45.349	33	86	1.96e-17	77.0
WP_000034420.1	263	k121_1438113_1	N/A	47.059	32	85	2.00e-17	78.2
WP_000034420.1	263	k121_1439574_2	N/A	45.882	32	85	7.11e-17	77.0
WP_000034420.1	263	k121_1427092_1	N/A	30.570	71	193	8.38e-17	77.0
WP_000034420.1	263	k121_313427_1	N/A	25.962	75	208	1.87e-14	71.2
WP_000034420.1	263	k121_861964_1	N/A	40.541	28	74	8.15e-10	56.6
WP_000034420.1	263	k121_601689_3	N/A	32.609	35	92	2.63e-09	55.1
WP_000034420.1	263	k121_1416946_1	N/A	27.338	53	139	1.94e-08	53.1
WP_000034420.1	263	k121_312916_1	N/A	29.032	35	93	1.19e-06	48.5
WP_206434233.1	297	k121_293126_1	N/A	45.907	94	281	6.09e-75	232
WP_206434233.1	297	k121_1139122_67	N/A	42.412	86	257	8.94e-64	203
WP_206434233.1	297	k121_1151753_2	N/A	42.308	87	260	1.33e-62	200
WP_206434233.1	297	k121_859476_2	N/A	41.288	89	264	2.28e-61	197
WP_206434233.1	297	k121_856446_1	N/A	44.541	77	229	3.80e-61	194
WP_206434233.1	297	k121_15393_2	N/A	42.586	88	263	1.82e-56	184
WP_206434233.1	297	k121_3466_7	N/A	36.691	91	278	2.21e-48	166
WP_206434233.1	297	k121_847345_2	N/A	36.996	92	273	5.07e-48	162
WP_206434233.1	297	k121_1693159_1	N/A	41.629	74	221	1.18e-38	137
WP_206434233.1	297	k121_313427_1	N/A	37.313	67	201	2.76e-37	132
WP_206434233.1	297	k121_1724599_1	N/A	42.408	64	191	5.67e-36	128
WP_206434233.1	297	k121_10568_2	N/A	41.259	48	143	2.40e-27	104
WP_206434233.1	297	k121_1709383_1	N/A	41.176	51	153	1.09e-26	103
WP_206434233.1	297	k121_304555_5	N/A	50.000	37	116	1.92e-25	98.6
WP_206434233.1	297	k121_587687_1	N/A	43.537	44	147	2.49e-25	105
WP_206434233.1	297	k121_866728_1	N/A	53.608	33	97	1.58e-24	96.3
WP_206434233.1	297	k121_1416946_1	N/A	35.417	48	144	3.94e-24	96.3
WP_206434233.1	297	k121_1438113_1	N/A	54.444	30	90	2.23e-19	84.3
WP_206434233.1	297	k121_1439574_2	N/A	51.648	30	91	2.73e-19	84.3
WP_206434233.1	297	k121_1427092_1	N/A	28.643	67	199	1.95e-18	82.4
WP_206434233.1	297	k121_312916_1	N/A	31.250	54	160	2.33e-17	78.6
WP_206434233.1	297	k121_601689_3	N/A	38.835	35	103	1.32e-13	67.4
WP_206434233.1	297	k121_861964_1	N/A	41.489	31	94	1.36e-13	67.4
WP_005414519.1	219	k121_1223_1	N/A	33.491	96	212	7.39e-32	116
WP_005414519.1	219	k121_297765_2	N/A	32.663	90	199	7.67e-30	111
WP_005414519.1	219	k121_21991_1	N/A	36.898	84	187	1.95e-26	102
WP_005414519.1	219	k121_1430357_2	N/A	23.977	74	171	1.58e-08	53.9
WP_005414519.1	219	k121_23877_2	N/A	33.333	46	105	1.28e-07	50.8
WP_005414519.1	219	k121_1422121_2	N/A	45.283	24	53	2.43e-07	50.1
WP_005414519.1	219	k121_1149137_1	N/A	32.857	32	70	2.51e-07	50.4
WP_005414519.1	219	k121_598128_2	N/A	40.678	26	59	1.05e-06	48.5
WP_005414519.1	219	k121_1419629_1	N/A	30.769	42	91	1.20e-06	48.1
WP_005414519.1	219	k121_877292_6	N/A	32.184	40	87	1.84e-06	48.1
WP_005414519.1	219	k121_1413540_16	N/A	35.294	31	68	2.09e-06	47.8
WP_005414519.1	219	k121_28187_1	N/A	43.750	22	48	2.19e-06	45.4
WP_005414519.1	219	k121_300570_1	N/A	28.571	63	147	2.22e-06	48.1
WP_005414519.1	219	k121_1695118_2	N/A	37.313	31	67	7.43e-06	46.2
WP_005414519.1	219	k121_848654_1	N/A	33.333	34	75	9.36e-06	46.2
WP_005414519.1	219	k121_580956_1	N/A	39.344	28	61	9.54e-06	45.8
WP_005414519.1	219	k121_1146682_2	N/A	33.333	30	66	1.08e-05	45.8
WP_005414519.1	219	k121_1413540_15	N/A	34.286	32	70	1.11e-05	45.8
WP_005414519.1	219	k121_32581_1	N/A	37.931	26	58	1.41e-05	45.4
WP_005414519.1	219	k121_309448_3	N/A	34.375	29	64	2.55e-05	44.3
WP_005414519.1	219	k121_1690437_2	N/A	31.081	32	74	4.41e-05	44.3
WP_005414519.1	219	k121_10244_1	N/A	23.429	76	175	7.17e-05	43.9
WP_005414519.1	219	k121_845271_1	N/A	41.667	22	48	1.21e-04	41.6
WP_005414519.1	219	k121_867326_1	N/A	38.095	29	63	1.70e-04	42.4
WP_005414519.1	219	k121_1158245_7	N/A	38.462	24	52	1.72e-04	40.4
WP_005414519.1	219	k121_25902_3	N/A	39.583	22	48	1.72e-04	42.4
WP_005414519.1	219	k121_570010_2	N/A	30.000	27	60	2.32e-04	40.8
WP_005414519.1	219	k121_859843_1	N/A	36.508	29	63	2.58e-04	41.6
WP_005414519.1	219	k121_854324_1	N/A	36.735	22	49	3.34e-04	39.7
WP_005414519.1	219	k121_1720742_1	N/A	33.333	30	66	3.45e-04	40.8
WP_005414519.1	219	k121_309441_3	N/A	32.895	35	76	3.98e-04	40.8
WP_005414519.1	219	k121_298574_7	N/A	32.895	35	76	6.81e-04	40.4
WP_005414519.1	219	k121_281824_2	N/A	32.857	32	70	6.98e-04	40.4
WP_005414519.1	219	k121_1411720_1	N/A	32.836	31	67	7.52e-04	40.4
WP_005414519.1	219	k121_297439_1	N/A	30.357	26	56	0.001	38.9
WP_005414519.1	219	k121_1160720_1	N/A	26.667	79	180	0.001	40.0
WP_005414519.1	219	k121_13144_1	N/A	33.333	29	66	0.001	37.7
WP_005414519.1	219	k121_27669_1	N/A	28.090	41	89	0.002	38.5
WP_005414519.1	219	k121_313770_1	N/A	28.814	78	177	0.002	38.9
WP_005414519.1	219	k121_1134529_2	N/A	21.875	44	96	0.003	38.9
WP_005414519.1	219	k121_304603_2	N/A	33.333	30	72	0.003	38.9
WP_005414519.1	219	k121_868067_1	N/A	33.333	25	54	0.003	38.5
WP_005414519.1	219	k121_31666_1	N/A	32.394	31	71	0.006	37.7
WP_005414519.1	219	k121_315189_1	N/A	24.444	78	180	0.007	37.7
WP_005414519.1	219	k121_317533_2	N/A	32.653	22	49	0.007	35.8
WP_005414519.1	219	k121_1132140_2	N/A	25.843	80	178	0.009	37.4
WP_005414519.1	219	k121_9980_4	N/A	39.623	24	53	0.012	37.0
WP_005414519.1	219	k121_2392_1	N/A	26.761	32	71	0.013	35.4
WP_005414519.1	219	k121_1130046_1	N/A	30.612	22	49	0.014	36.2
WP_005414519.1	219	k121_1722471_1	N/A	28.358	31	67	0.014	36.6
WP_005414519.1	219	k121_301946_1	N/A	31.429	32	70	0.016	36.6
WP_005414519.1	219	k121_28998_2	N/A	24.324	79	185	0.021	36.2
WP_005414519.1	219	k121_1138487_2	N/A	36.667	27	60	0.024	34.7
WP_005414519.1	219	k121_1697746_2	N/A	37.037	25	54	0.024	35.8
WP_005414519.1	219	k121_1443148_9	N/A	34.615	23	52	0.024	35.8
WP_005414519.1	219	k121_1443006_2	N/A	37.500	29	64	0.027	34.7
WP_005414519.1	219	k121_1417450_1	N/A	33.333	30	69	0.028	35.8
WP_005414519.1	219	k121_860366_1	N/A	27.869	28	61	0.031	36.2
WP_005414519.1	219	k121_315262_2	N/A	37.500	26	56	0.038	35.4
WP_005414519.1	219	k121_1434709_2	N/A	31.250	29	64	0.039	35.4
WP_005414519.1	219	k121_18302_2	N/A	36.066	28	61	0.044	35.0
WP_005414519.1	219	k121_596242_6	N/A	27.778	25	54	0.047	35.0
WP_005414519.1	219	k121_28238_2	N/A	31.068	44	103	0.049	35.0
WP_005414519.1	219	k121_1146222_1	N/A	32.653	45	98	0.049	35.0
WP_005414519.1	219	k121_291372_2	N/A	23.301	47	103	0.051	35.0
WP_005414519.1	219	k121_1705872_1	N/A	32.692	24	52	0.053	34.7
WP_005414519.1	219	k121_1724038_1	N/A	30.137	33	73	0.058	33.1
WP_005414519.1	219	k121_851853_1	N/A	31.250	29	64	0.060	34.7
WP_005414519.1	219	k121_29245_2	N/A	25.743	43	101	0.068	34.7
WP_005414519.1	219	k121_597329_1	N/A	33.333	23	51	0.073	34.3
WP_005414519.1	219	k121_1145493_2	N/A	32.692	24	52	0.073	34.7
WP_005414519.1	219	k121_1699613_1	N/A	34.545	25	55	0.074	35.0
WP_005414519.1	219	k121_1428814_2	N/A	24.615	30	65	0.078	34.3
WP_025877280.1	219	k121_1223_1	N/A	34.000	91	200	1.29e-31	115
WP_025877280.1	219	k121_297765_2	N/A	32.663	90	199	1.28e-29	110
WP_025877280.1	219	k121_21991_1	N/A	36.364	84	187	2.28e-26	101
WP_025877280.1	219	k121_1430357_2	N/A	23.977	74	171	3.48e-08	52.8
WP_025877280.1	219	k121_1149137_1	N/A	25.837	93	209	8.30e-08	52.0
WP_025877280.1	219	k121_23877_2	N/A	33.333	46	105	1.32e-07	50.4
WP_025877280.1	219	k121_877292_6	N/A	33.333	40	87	1.88e-07	51.2
WP_025877280.1	219	k121_1422121_2	N/A	45.283	24	53	6.42e-07	48.9
WP_025877280.1	219	k121_1419629_1	N/A	30.769	42	91	9.61e-07	48.5
WP_025877280.1	219	k121_848654_1	N/A	26.946	72	167	1.15e-06	48.5
WP_025877280.1	219	k121_598128_2	N/A	41.538	28	65	1.50e-06	48.1
WP_025877280.1	219	k121_300570_1	N/A	28.481	68	158	2.54e-06	47.8
WP_025877280.1	219	k121_28187_1	N/A	43.750	22	48	3.63e-06	45.1
WP_025877280.1	219	k121_1695118_2	N/A	37.313	31	67	8.18e-06	46.2
WP_025877280.1	219	k121_1146682_2	N/A	33.333	30	66	1.00e-05	46.2
WP_025877280.1	219	k121_1413540_16	N/A	33.824	31	68	1.20e-05	45.8
WP_025877280.1	219	k121_1413540_15	N/A	32.857	32	70	4.58e-05	44.3
WP_025877280.1	219	k121_580956_1	N/A	37.705	28	61	5.39e-05	43.5
WP_025877280.1	219	k121_1690437_2	N/A	32.432	32	74	6.25e-05	43.9
WP_025877280.1	219	k121_10244_1	N/A	23.429	76	175	6.84e-05	43.9
WP_025877280.1	219	k121_32581_1	N/A	36.207	26	58	1.01e-04	43.1
WP_025877280.1	219	k121_309448_3	N/A	32.812	29	64	1.07e-04	42.7
WP_025877280.1	219	k121_859843_1	N/A	36.508	29	63	2.19e-04	42.0
WP_025877280.1	219	k121_845271_1	N/A	41.667	22	48	2.34e-04	40.8
WP_025877280.1	219	k121_25902_3	N/A	39.583	22	48	2.46e-04	42.0
WP_025877280.1	219	k121_1158245_7	N/A	38.462	24	52	2.63e-04	40.0
WP_025877280.1	219	k121_570010_2	N/A	30.000	27	60	3.15e-04	40.4
WP_025877280.1	219	k121_1720742_1	N/A	33.333	30	66	4.74e-04	40.4
WP_025877280.1	219	k121_854324_1	N/A	36.735	22	49	5.22e-04	39.3
WP_025877280.1	219	k121_867326_1	N/A	36.508	29	63	7.47e-04	40.4
WP_025877280.1	219	k121_1132140_2	N/A	26.966	80	178	7.75e-04	40.4
WP_025877280.1	219	k121_281824_2	N/A	32.857	32	70	7.97e-04	40.0
WP_025877280.1	219	k121_1411720_1	N/A	32.836	31	67	0.001	40.4
WP_025877280.1	219	k121_31666_1	N/A	33.803	31	71	0.002	39.7
WP_025877280.1	219	k121_297439_1	N/A	30.357	26	56	0.002	38.5
WP_025877280.1	219	k121_309441_3	N/A	31.579	35	76	0.002	38.9
WP_025877280.1	219	k121_298574_7	N/A	31.579	35	76	0.002	38.9
WP_025877280.1	219	k121_1138487_2	N/A	38.333	27	60	0.002	37.4
WP_025877280.1	219	k121_27669_1	N/A	28.090	41	89	0.002	38.1
WP_025877280.1	219	k121_313770_1	N/A	28.814	78	177	0.003	38.5
WP_025877280.1	219	k121_1160720_1	N/A	25.683	79	183	0.003	38.9
WP_025877280.1	219	k121_1134529_2	N/A	21.875	44	96	0.003	38.5
WP_025877280.1	219	k121_868067_1	N/A	33.333	25	54	0.004	37.7
WP_025877280.1	219	k121_13144_1	N/A	31.818	29	66	0.006	36.2
WP_025877280.1	219	k121_315189_1	N/A	24.444	78	180	0.009	37.4
WP_025877280.1	219	k121_2392_1	N/A	26.761	32	71	0.012	35.4
WP_025877280.1	219	k121_304603_2	N/A	31.944	30	72	0.012	37.0
WP_025877280.1	219	k121_1130046_1	N/A	30.612	22	49	0.014	36.2
WP_025877280.1	219	k121_301946_1	N/A	32.308	30	65	0.018	36.6
WP_025877280.1	219	k121_9980_4	N/A	39.623	24	53	0.022	36.2
WP_025877280.1	219	k121_1722471_1	N/A	28.358	31	67	0.024	35.8
WP_025877280.1	219	k121_1434709_2	N/A	31.250	29	64	0.032	35.8
WP_025877280.1	219	k121_1146222_1	N/A	32.653	45	98	0.034	35.4
WP_025877280.1	219	k121_1443148_9	N/A	31.915	21	47	0.040	35.4
WP_025877280.1	219	k121_1697746_2	N/A	37.037	25	54	0.040	35.0
WP_025877280.1	219	k121_860366_1	N/A	27.869	28	61	0.041	35.8
WP_025877280.1	219	k121_317533_2	N/A	30.612	22	49	0.042	33.5
WP_025877280.1	219	k121_18302_2	N/A	36.066	28	61	0.042	35.0
WP_025877280.1	219	k121_315262_2	N/A	37.500	26	56	0.045	35.4
WP_025877280.1	219	k121_28998_2	N/A	23.944	32	71	0.047	35.4
WP_025877280.1	219	k121_291372_2	N/A	23.664	58	131	0.050	35.0
WP_025877280.1	219	k121_851853_1	N/A	31.250	29	64	0.061	34.7
WP_025877280.1	219	k121_1145493_2	N/A	32.692	24	52	0.065	34.7
WP_025877280.1	219	k121_1705872_1	N/A	32.692	24	52	0.069	34.3
WP_025877280.1	219	k121_28238_2	N/A	31.068	44	103	0.072	34.7
WP_025877280.1	219	k121_29245_2	N/A	25.743	43	101	0.073	34.7
WP_025877280.1	219	k121_1443006_2	N/A	35.938	29	64	0.088	33.1
WP_025877280.1	219	k121_1428814_2	N/A	24.615	30	65	0.094	34.3
WP_089236970.1	219	k121_1223_1	N/A	34.500	91	200	3.35e-32	117
WP_089236970.1	219	k121_297765_2	N/A	32.663	90	199	8.18e-30	111
WP_089236970.1	219	k121_21991_1	N/A	36.364	84	187	3.18e-26	101
WP_089236970.1	219	k121_1430357_2	N/A	23.977	74	171	3.58e-08	52.8
WP_089236970.1	219	k121_1149137_1	N/A	25.837	93	209	5.25e-08	52.4
WP_089236970.1	219	k121_23877_2	N/A	33.333	46	105	1.24e-07	50.8
WP_089236970.1	219	k121_877292_6	N/A	33.333	40	87	1.88e-07	51.2
WP_089236970.1	219	k121_1422121_2	N/A	45.283	24	53	6.61e-07	48.9
WP_089236970.1	219	k121_1419629_1	N/A	30.769	42	91	9.33e-07	48.5
WP_089236970.1	219	k121_598128_2	N/A	41.538	28	65	1.55e-06	48.1
WP_089236970.1	219	k121_848654_1	N/A	27.545	72	167	2.57e-06	47.8
WP_089236970.1	219	k121_28187_1	N/A	43.750	22	48	3.74e-06	45.1
WP_089236970.1	219	k121_1695118_2	N/A	37.313	31	67	8.50e-06	46.2
WP_089236970.1	219	k121_1146682_2	N/A	33.333	30	66	1.00e-05	46.2
WP_089236970.1	219	k121_1413540_16	N/A	33.824	31	68	1.17e-05	45.8
WP_089236970.1	219	k121_300570_1	N/A	27.848	68	158	1.29e-05	45.8
WP_089236970.1	219	k121_10244_1	N/A	24.000	76	175	3.06e-05	44.7
WP_089236970.1	219	k121_1413540_15	N/A	32.857	32	70	4.89e-05	44.3
WP_089236970.1	219	k121_580956_1	N/A	37.705	28	61	5.60e-05	43.5
WP_089236970.1	219	k121_1690437_2	N/A	32.432	32	74	6.13e-05	43.9
WP_089236970.1	219	k121_32581_1	N/A	36.207	26	58	1.03e-04	43.1
WP_089236970.1	219	k121_309448_3	N/A	32.812	29	64	1.08e-04	42.7
WP_089236970.1	219	k121_859843_1	N/A	36.508	29	63	2.05e-04	42.0
WP_089236970.1	219	k121_845271_1	N/A	41.667	22	48	2.29e-04	40.8
WP_089236970.1	219	k121_25902_3	N/A	39.583	22	48	2.39e-04	42.0
WP_089236970.1	219	k121_1158245_7	N/A	38.462	24	52	2.63e-04	40.0
WP_089236970.1	219	k121_570010_2	N/A	30.000	27	60	2.85e-04	40.4
WP_089236970.1	219	k121_1720742_1	N/A	33.333	30	66	4.65e-04	40.4
WP_089236970.1	219	k121_854324_1	N/A	36.735	22	49	5.16e-04	39.3
WP_089236970.1	219	k121_867326_1	N/A	36.508	29	63	7.06e-04	40.4
WP_089236970.1	219	k121_281824_2	N/A	32.857	32	70	8.12e-04	40.0
WP_089236970.1	219	k121_1411720_1	N/A	32.836	31	67	0.001	40.0
WP_089236970.1	219	k121_297439_1	N/A	30.357	26	56	0.001	38.5
WP_089236970.1	219	k121_31666_1	N/A	33.803	31	71	0.002	39.7
WP_089236970.1	219	k121_309441_3	N/A	31.579	35	76	0.002	38.9
WP_089236970.1	219	k121_298574_7	N/A	31.579	35	76	0.002	38.9
WP_089236970.1	219	k121_1138487_2	N/A	38.333	27	60	0.002	37.7
WP_089236970.1	219	k121_27669_1	N/A	28.090	41	89	0.003	38.1
WP_089236970.1	219	k121_313770_1	N/A	28.814	78	177	0.003	38.5
WP_089236970.1	219	k121_1132140_2	N/A	26.404	80	178	0.003	38.5
WP_089236970.1	219	k121_1134529_2	N/A	21.875	44	96	0.003	38.5
WP_089236970.1	219	k121_868067_1	N/A	33.333	25	54	0.004	38.1
WP_089236970.1	219	k121_1160720_1	N/A	26.111	79	180	0.004	38.5
WP_089236970.1	219	k121_13144_1	N/A	31.818	29	66	0.006	36.2
WP_089236970.1	219	k121_304603_2	N/A	31.944	30	72	0.012	37.0
WP_089236970.1	219	k121_2392_1	N/A	26.761	32	71	0.013	35.4
WP_089236970.1	219	k121_1130046_1	N/A	30.612	22	49	0.013	36.2
WP_089236970.1	219	k121_301946_1	N/A	32.308	30	65	0.018	36.6
WP_089236970.1	219	k121_9980_4	N/A	39.623	24	53	0.023	36.2
WP_089236970.1	219	k121_1722471_1	N/A	28.358	31	67	0.024	35.8
WP_089236970.1	219	k121_315189_1	N/A	25.000	78	184	0.027	35.8
WP_089236970.1	219	k121_1434709_2	N/A	31.250	29	64	0.031	35.8
WP_089236970.1	219	k121_1146222_1	N/A	32.653	45	98	0.033	35.4
WP_089236970.1	219	k121_1443148_9	N/A	31.915	21	47	0.039	35.4
WP_089236970.1	219	k121_1697746_2	N/A	37.037	25	54	0.040	35.0
WP_089236970.1	219	k121_317533_2	N/A	30.612	22	49	0.041	33.9
WP_089236970.1	219	k121_1145493_2	N/A	25.000	76	168	0.042	35.4
WP_089236970.1	219	k121_18302_2	N/A	36.066	28	61	0.042	35.0
WP_089236970.1	219	k121_860366_1	N/A	27.869	28	61	0.043	35.8
WP_089236970.1	219	k121_291372_2	N/A	23.664	58	131	0.045	35.0
WP_089236970.1	219	k121_315262_2	N/A	37.500	26	56	0.047	35.4
WP_089236970.1	219	k121_28998_2	N/A	23.944	32	71	0.050	35.0
WP_089236970.1	219	k121_851853_1	N/A	31.250	29	64	0.057	34.7
WP_089236970.1	219	k121_1705872_1	N/A	32.692	24	52	0.070	34.3
WP_089236970.1	219	k121_29245_2	N/A	25.743	43	101	0.073	34.7
WP_089236970.1	219	k121_1443006_2	N/A	35.938	29	64	0.078	33.1
WP_089236970.1	219	k121_28238_2	N/A	31.068	44	103	0.078	34.3
WP_089236970.1	219	k121_1428814_2	N/A	24.615	30	65	0.086	34.3
WP_000845048.1	337	k121_1418936_1	N/A	71.646	97	328	9.77e-172	481
WP_000845048.1	337	k121_572635_3	N/A	70.279	96	323	3.38e-156	442
WP_000845048.1	337	k121_1694025_2	N/A	63.526	98	329	9.27e-149	423
WP_000845048.1	337	k121_1694509_2	N/A	60.000	94	340	8.62e-136	392
WP_000845048.1	337	k121_569651_1	N/A	64.091	65	220	1.36e-94	281
WP_000845048.1	337	k121_1134277_1	N/A	64.706	66	221	4.96e-92	275
WP_000845048.1	337	k121_31416_4	N/A	47.138	88	297	3.72e-85	259
WP_000845048.1	337	k121_31420_1	N/A	47.887	84	284	2.17e-82	252
WP_000845048.1	337	k121_590578_1	N/A	67.442	51	172	9.90e-76	231
WP_000845048.1	337	k121_311781_1	N/A	59.659	52	176	3.99e-67	210
WP_000845048.1	337	k121_299092_2	N/A	62.983	54	181	3.50e-66	209
WP_000845048.1	337	k121_1440618_4	N/A	58.282	47	163	1.02e-60	194
WP_000845048.1	337	k121_596685_1	N/A	40.889	65	225	1.40e-55	182
WP_000845048.1	337	k121_1700759_1	N/A	44.944	53	178	5.52e-44	150
WP_000845048.1	337	k121_307203_1	N/A	80.000	25	85	3.00e-41	142
WP_000845048.1	337	k121_1715050_2	N/A	32.333	88	300	6.05e-36	132
WP_000845048.1	337	k121_594131_2	N/A	32.595	90	316	6.72e-33	124
WP_000845048.1	337	k121_310637_1	N/A	33.457	77	269	3.80e-25	103
WP_000845048.1	337	k121_1690398_1	N/A	35.897	55	195	1.23e-24	102
WP_000845048.1	337	k121_306905_1	N/A	32.246	81	276	7.18e-24	99.4
WP_000845048.1	337	k121_36667_2	N/A	33.945	63	218	2.73e-22	96.3
WP_000845048.1	337	k121_10328_3	N/A	34.272	61	213	4.91e-22	93.6
WP_000845048.1	337	k121_1426886_5	N/A	28.013	85	307	2.94e-21	93.6
WP_000845048.1	337	k121_863446_1	N/A	30.698	62	215	4.49e-21	90.1
WP_000845048.1	337	k121_291236_1	N/A	27.946	86	297	1.06e-20	92.0
WP_000845048.1	337	k121_307726_2	N/A	29.455	79	275	1.88e-20	90.1
WP_000845048.1	337	k121_864423_2	N/A	33.523	52	176	2.39e-19	84.7
WP_000845048.1	337	k121_600418_1	N/A	27.273	83	297	2.67e-19	87.8
WP_000845048.1	337	k121_27364_2	N/A	32.468	66	231	6.70e-19	86.7
WP_000845048.1	337	k121_880633_1	N/A	34.177	67	237	4.75e-18	82.8
WP_000845048.1	337	k121_847471_2	N/A	36.601	43	153	3.22e-17	78.6
WP_000845048.1	337	k121_1715568_1	N/A	30.952	60	210	6.30e-17	79.3
WP_000845048.1	337	k121_1427236_1	N/A	36.416	51	173	4.10e-16	75.5
WP_000845048.1	337	k121_7976_8	N/A	31.641	72	256	4.29e-16	78.6
WP_000845048.1	337	k121_1410324_1	N/A	26.818	62	220	1.01e-15	76.3
WP_000845048.1	337	k121_1716263_19	N/A	28.328	82	293	8.28e-15	75.1
WP_000845048.1	337	k121_33908_1	N/A	29.688	57	192	1.14e-14	73.2
WP_000845048.1	337	k121_33902_1	N/A	30.000	47	160	1.63e-14	72.4
WP_000845048.1	337	k121_572099_1	N/A	31.447	47	159	2.04e-14	73.2
WP_000845048.1	337	k121_1708670_1	N/A	31.651	62	218	2.15e-14	72.4
WP_000845048.1	337	k121_1147733_1	N/A	30.263	65	228	5.12e-14	71.2
WP_000845048.1	337	k121_1135574_1	N/A	26.991	64	226	5.21e-14	72.8
WP_000845048.1	337	k121_1423235_1	N/A	24.167	65	240	2.79e-13	69.3
WP_000845048.1	337	k121_9980_5	N/A	33.146	53	178	6.10e-11	63.5
WP_000845048.1	337	k121_5596_1	N/A	34.409	27	93	2.22e-08	55.5
WP_000845048.1	337	k121_26227_4	N/A	24.645	61	211	2.41e-08	55.1
WP_000845048.1	337	k121_1725372_4	N/A	29.048	60	210	3.55e-08	55.8
WP_000845048.1	337	k121_284189_2	N/A	28.723	55	188	3.59e-08	55.5
WP_000845048.1	337	k121_1135651_2	N/A	30.172	32	116	1.76e-07	51.6
WP_000845048.1	337	k121_1725372_3	N/A	29.091	60	220	1.79e-07	53.1
WP_000845048.1	337	k121_1699809_1	N/A	30.857	51	175	2.22e-07	52.0
WP_000845048.1	337	k121_859271_5	N/A	27.961	83	304	1.42e-06	50.4
WP_000845048.1	337	k121_22402_1	N/A	27.957	54	186	2.74e-06	48.5
WP_000845048.1	337	k121_292808_2	N/A	27.230	60	213	6.91e-06	47.8
WP_000845048.1	337	k121_1725372_2	N/A	25.083	84	303	7.69e-06	48.1
WP_000845048.1	337	k121_1132775_2	N/A	25.329	84	304	7.69e-06	48.1
WP_000845048.1	337	k121_1162763_1	N/A	36.782	22	87	2.68e-05	46.2
WP_000845048.1	337	k121_294431_12	N/A	26.316	73	285	1.26e-04	45.1
WP_000845048.1	337	k121_291893_2	N/A	27.128	55	188	1.57e-04	43.9
WP_000845048.1	337	k121_300138_1	N/A	38.667	22	75	2.36e-04	43.1
WP_000845048.1	337	k121_879460_1	N/A	40.000	21	70	3.05e-04	41.6
WP_000845048.1	337	k121_1131837_2	N/A	32.222	27	90	0.001	42.0
WP_000845048.1	337	k121_851467_2	N/A	24.183	42	153	0.001	40.8
WP_000845048.1	337	k121_857793_1	N/A	28.859	42	149	0.002	39.7
WP_000845048.1	337	k121_1126916_1	N/A	25.652	64	230	0.002	41.2
WP_000845048.1	337	k121_870562_1	N/A	32.051	21	78	0.002	40.0
WP_000845048.1	337	k121_1703034_4	N/A	25.828	83	302	0.002	40.8
WP_000845048.1	337	k121_25041_1	N/A	34.848	20	66	0.007	38.5
WP_000845048.1	337	k121_1723759_46	N/A	21.457	69	247	0.009	38.9
WP_000845048.1	337	k121_1149648_2	N/A	29.878	45	164	0.016	37.7
WP_000845048.1	337	k121_1440290_3	N/A	32.911	21	79	0.023	37.4
WP_000845048.1	337	k121_292808_1	N/A	31.579	20	76	0.051	35.8
WP_000845048.1	337	k121_306071_1	N/A	27.451	44	153	0.052	36.2
WP_000845048.1	337	k121_285474_2	N/A	24.873	58	197	0.057	36.2
WP_000845048.1	337	k121_306075_1	N/A	27.742	44	155	0.066	35.8
