SadA_ref|WP_036299419.1|:1-399	399	k121_260444_6	N/A	32.481	97	391	1.94e-61	204
SadA_ref|WP_036299419.1|:1-399	399	k121_19411_2	N/A	27.411	97	394	1.19e-25	107
SadA_ref|WP_036299419.1|:1-399	399	k121_181383_1	N/A	26.243	89	362	2.78e-24	103
SadA_ref|WP_036299419.1|:1-399	399	k121_2983_3	N/A	30.534	33	131	2.39e-13	67.8
SadA_ref|WP_036299419.1|:1-399	399	k121_59187_69	N/A	24.561	52	228	6.01e-04	42.4
SadA_ref|WP_036299419.1|:1-399	399	k121_212602_2	N/A	29.762	21	84	8.88e-04	40.0
SadA_ref|WP_036299419.1|:1-399	399	k121_82682_2	N/A	21.801	53	211	0.008	38.9
SadA_ref|WP_036299419.1|:1-399	399	k121_213481_2	N/A	23.246	52	228	0.054	36.2
SadA_ref|WP_036299419.1|:1-399	399	k121_168825_2	N/A	25.463	48	216	0.063	36.2
SadA_ref|WP_036299419.1|:1-399	399	k121_203479_4	N/A	21.702	55	235	0.068	35.8
SadB_ref|WP_100812327.1|:1-423	423	k121_260444_6	N/A	30.809	89	383	1.22e-52	181
SadB_ref|WP_100812327.1|:1-423	423	k121_19411_2	N/A	26.750	92	400	1.85e-27	113
SadB_ref|WP_100812327.1|:1-423	423	k121_181383_1	N/A	27.404	48	208	1.47e-14	75.5
SadB_ref|WP_100812327.1|:1-423	423	k121_2983_3	N/A	28.244	31	131	5.01e-13	67.0
SadB_ref|WP_100812327.1|:1-423	423	k121_82682_2	N/A	26.257	41	179	4.56e-07	52.4
SadB_ref|WP_100812327.1|:1-423	423	k121_157461_1	N/A	31.034	20	87	2.00e-05	43.5
SadB_ref|WP_100812327.1|:1-423	423	k121_212602_2	N/A	32.110	24	109	3.56e-05	44.3
SadB_ref|WP_100812327.1|:1-423	423	k121_77336_1	N/A	32.847	28	137	1.66e-04	44.7
SadB_ref|WP_100812327.1|:1-423	423	k121_55164_2	N/A	29.508	25	122	0.004	40.0
SadB_ref|WP_100812327.1|:1-423	423	k121_230337_1	N/A	26.778	55	239	0.023	37.7
SadB_ref|WP_100812327.1|:1-423	423	k121_89413_2	N/A	28.448	26	116	0.080	34.7
SadC_ref|WP_036299413.1|:1-194	194	k121_139953_3	N/A	28.481	81	158	2.26e-10	57.4
SadC_ref|WP_036299413.1|:1-194	194	k121_110908_4	N/A	28.889	70	135	8.47e-09	53.1
SadC_ref|WP_036299413.1|:1-194	194	k121_125428_15	N/A	28.378	76	148	1.56e-08	52.4
SadC_ref|WP_036299413.1|:1-194	194	k121_260444_3	N/A	23.944	73	142	7.39e-07	48.1
SadC_ref|WP_036299413.1|:1-194	194	k121_70971_44	N/A	28.148	68	135	3.70e-06	45.8
SadC_ref|WP_036299413.1|:1-194	194	k121_264377_6	N/A	26.316	68	133	8.18e-04	39.3
SadC_ref|WP_036299413.1|:1-194	194	k121_163606_2	N/A	24.211	95	190	0.001	39.3
WP_000259031.1	279	k121_148481_36	N/A	35.628	88	247	7.01e-39	137
WP_000259031.1	279	k121_71882_13	N/A	33.597	88	253	3.05e-32	121
WP_000259031.1	279	k121_72137_3	N/A	33.218	97	289	7.71e-32	120
WP_000259031.1	279	k121_160184_9	N/A	35.023	76	217	5.84e-28	108
WP_000259031.1	279	k121_150669_4	N/A	33.178	76	214	1.39e-26	105
WP_000259031.1	279	k121_79237_1	N/A	32.877	77	219	2.09e-26	104
WP_000259031.1	279	k121_7448_2	N/A	31.474	88	251	3.75e-26	104
WP_000259031.1	279	k121_103350_3	N/A	33.054	85	239	5.54e-26	103
WP_000259031.1	279	k121_87475_1	N/A	33.032	78	221	3.75e-25	101
WP_000259031.1	279	k121_138378_2	N/A	33.071	87	254	1.83e-24	99.8
WP_000259031.1	279	k121_109419_1	N/A	31.502	95	273	5.16e-24	98.6
WP_000259031.1	279	k121_35471_29	N/A	29.537	98	281	2.14e-22	94.4
WP_000259031.1	279	k121_46544_2	N/A	31.136	95	273	4.02e-22	94.4
WP_000259031.1	279	k121_158987_11	N/A	30.357	95	280	4.57e-20	87.8
WP_000259031.1	279	k121_139835_23	N/A	28.723	98	282	4.78e-20	88.2
WP_000259031.1	279	k121_171809_21	N/A	34.061	80	229	2.66e-19	85.5
WP_000259031.1	279	k121_259376_3	N/A	32.963	87	270	4.75e-19	85.1
WP_000259031.1	279	k121_251264_2	N/A	28.514	88	249	4.11e-18	82.8
WP_000259031.1	279	k121_43182_3	N/A	31.250	76	224	1.44e-15	74.7
WP_000259031.1	279	k121_59720_2	N/A	27.826	78	230	6.00e-15	73.6
WP_000259031.1	279	k121_147814_6	N/A	28.750	55	160	4.12e-12	63.9
WP_000259031.1	279	k121_24297_1	N/A	30.366	66	191	1.09e-09	57.4
WP_000259031.1	279	k121_132740_1	N/A	38.462	23	65	3.88e-07	47.4
WP_001043260.1	271	k121_148481_36	N/A	37.548	95	261	2.42e-49	164
WP_001043260.1	271	k121_150669_4	N/A	37.828	96	267	3.05e-39	138
WP_001043260.1	271	k121_7448_2	N/A	35.632	95	261	3.00e-38	136
WP_001043260.1	271	k121_79237_1	N/A	37.917	87	240	2.99e-37	132
WP_001043260.1	271	k121_71882_13	N/A	35.766	98	274	1.16e-36	132
WP_001043260.1	271	k121_160184_9	N/A	37.788	78	217	3.42e-33	122
WP_001043260.1	271	k121_87475_1	N/A	35.514	79	214	3.88e-33	122
WP_001043260.1	271	k121_72137_3	N/A	32.482	97	274	1.71e-32	121
WP_001043260.1	271	k121_103350_3	N/A	34.052	85	232	1.12e-30	115
WP_001043260.1	271	k121_109419_1	N/A	30.916	96	262	3.74e-26	104
WP_001043260.1	271	k121_138378_2	N/A	31.076	90	251	1.73e-25	102
WP_001043260.1	271	k121_46544_2	N/A	31.818	97	264	2.40e-24	100
WP_001043260.1	271	k121_158987_11	N/A	32.453	95	265	5.26e-24	98.2
WP_001043260.1	271	k121_259376_3	N/A	33.704	90	270	2.32e-23	96.7
WP_001043260.1	271	k121_171809_21	N/A	34.328	97	268	7.39e-23	95.1
WP_001043260.1	271	k121_147814_6	N/A	31.481	58	162	2.62e-21	88.6
WP_001043260.1	271	k121_35471_29	N/A	27.941	97	272	1.02e-18	84.3
WP_001043260.1	271	k121_139835_23	N/A	28.159	97	277	1.37e-17	81.3
WP_001043260.1	271	k121_59720_2	N/A	31.365	96	271	2.80e-16	77.4
WP_001043260.1	271	k121_251264_2	N/A	28.417	97	278	1.12e-15	75.9
WP_001043260.1	271	k121_43182_3	N/A	27.727	79	220	3.54e-14	70.5
WP_001043260.1	271	k121_24297_1	N/A	30.102	69	196	1.10e-10	60.1
WP_001043260.1	271	k121_132740_1	N/A	35.484	23	62	1.96e-05	42.4
WP_000034420.1	263	k121_148481_36	N/A	37.736	99	265	8.58e-56	181
WP_000034420.1	263	k121_7448_2	N/A	36.981	99	265	1.96e-48	162
WP_000034420.1	263	k121_79237_1	N/A	38.430	90	242	9.40e-47	156
WP_000034420.1	263	k121_71882_13	N/A	38.868	97	265	1.35e-45	155
WP_000034420.1	263	k121_150669_4	N/A	33.955	98	268	1.15e-44	152
WP_000034420.1	263	k121_72137_3	N/A	32.601	99	273	3.90e-38	136
WP_000034420.1	263	k121_109419_1	N/A	33.597	94	253	8.42e-36	129
WP_000034420.1	263	k121_158987_11	N/A	35.206	98	267	1.10e-34	126
WP_000034420.1	263	k121_87475_1	N/A	33.750	89	240	4.44e-33	121
WP_000034420.1	263	k121_46544_2	N/A	32.950	98	261	3.17e-32	120
WP_000034420.1	263	k121_160184_9	N/A	30.350	95	257	6.65e-30	113
WP_000034420.1	263	k121_138378_2	N/A	32.016	93	253	3.68e-29	112
WP_000034420.1	263	k121_171809_21	N/A	32.955	98	264	2.99e-28	109
WP_000034420.1	263	k121_103350_3	N/A	32.456	84	228	4.30e-28	108
WP_000034420.1	263	k121_139835_23	N/A	29.771	97	262	5.27e-26	103
WP_000034420.1	263	k121_35471_29	N/A	29.389	97	262	3.99e-25	101
WP_000034420.1	263	k121_251264_2	N/A	30.075	97	266	4.09e-21	90.5
WP_000034420.1	263	k121_259376_3	N/A	27.758	97	281	4.77e-21	90.1
WP_000034420.1	263	k121_147814_6	N/A	32.704	58	159	7.99e-19	82.0
WP_000034420.1	263	k121_43182_3	N/A	29.032	81	217	3.60e-17	78.6
WP_000034420.1	263	k121_59720_2	N/A	31.481	98	270	5.73e-16	76.3
WP_000034420.1	263	k121_24297_1	N/A	28.191	70	188	5.47e-15	72.0
WP_000034420.1	263	k121_132740_1	N/A	29.688	24	64	5.45e-04	38.1
WP_206434233.1	297	k121_148481_36	N/A	40.876	92	274	2.33e-65	206
WP_206434233.1	297	k121_7448_2	N/A	42.701	92	274	3.73e-64	204
WP_206434233.1	297	k121_72137_3	N/A	43.682	91	277	1.65e-56	185
WP_206434233.1	297	k121_158987_11	N/A	44.528	87	265	1.07e-55	181
WP_206434233.1	297	k121_150669_4	N/A	40.672	89	268	4.18e-54	177
WP_206434233.1	297	k121_160184_9	N/A	39.695	87	262	1.04e-49	166
WP_206434233.1	297	k121_79237_1	N/A	35.484	83	248	1.92e-47	159
WP_206434233.1	297	k121_35471_29	N/A	35.959	94	292	2.91e-47	160
WP_206434233.1	297	k121_109419_1	N/A	36.957	93	276	8.15e-46	156
WP_206434233.1	297	k121_138378_2	N/A	40.076	86	262	2.06e-44	152
WP_206434233.1	297	k121_139835_23	N/A	34.909	91	275	3.94e-44	152
WP_206434233.1	297	k121_87475_1	N/A	39.912	77	228	5.05e-43	148
WP_206434233.1	297	k121_251264_2	N/A	36.822	86	258	4.27e-42	147
WP_206434233.1	297	k121_103350_3	N/A	38.843	79	242	1.87e-41	144
WP_206434233.1	297	k121_71882_13	N/A	35.507	91	276	4.18e-41	144
WP_206434233.1	297	k121_46544_2	N/A	35.154	99	293	2.21e-40	143
WP_206434233.1	297	k121_171809_21	N/A	41.667	87	264	1.10e-39	140
WP_206434233.1	297	k121_147814_6	N/A	45.810	59	179	7.04e-38	132
WP_206434233.1	297	k121_259376_3	N/A	38.246	88	285	6.38e-37	133
WP_206434233.1	297	k121_59720_2	N/A	36.727	91	275	5.81e-36	130
WP_206434233.1	297	k121_24297_1	N/A	42.408	64	191	3.02e-33	121
WP_206434233.1	297	k121_43182_3	N/A	34.298	77	242	8.83e-32	118
WP_206434233.1	297	k121_132740_1	N/A	33.824	23	68	2.07e-04	39.7
WP_005414519.1	219	k121_220668_7	N/A	36.250	37	80	5.52e-10	57.8
WP_005414519.1	219	k121_36258_3	N/A	27.439	74	164	7.72e-10	57.4
WP_005414519.1	219	k121_62632_3	N/A	29.545	79	176	3.71e-09	55.5
WP_005414519.1	219	k121_106149_4	N/A	42.857	26	56	4.01e-09	55.1
WP_005414519.1	219	k121_181924_4	N/A	28.649	83	185	5.43e-09	55.1
WP_005414519.1	219	k121_272681_6	N/A	48.980	22	49	1.04e-08	53.9
WP_005414519.1	219	k121_220303_4	N/A	29.193	74	161	3.77e-08	52.8
WP_005414519.1	219	k121_209781_1	N/A	29.560	68	159	1.54e-07	50.8
WP_005414519.1	219	k121_162095_2	N/A	32.222	40	90	2.90e-07	50.1
WP_005414519.1	219	k121_38288_2	N/A	42.308	24	52	5.28e-07	47.4
WP_005414519.1	219	k121_82787_2	N/A	31.169	35	77	1.02e-06	48.1
WP_005414519.1	219	k121_170953_2	N/A	40.741	25	54	1.22e-06	48.1
WP_005414519.1	219	k121_111893_4	N/A	23.810	95	210	1.31e-06	48.1
WP_005414519.1	219	k121_265158_6	N/A	43.548	28	62	1.36e-06	48.1
WP_005414519.1	219	k121_81495_10	N/A	36.923	30	65	2.00e-06	47.4
WP_005414519.1	219	k121_84085_1	N/A	31.818	30	66	2.82e-06	45.1
WP_005414519.1	219	k121_177804_2	N/A	38.710	28	62	3.31e-06	46.6
WP_005414519.1	219	k121_149773_13	N/A	38.462	24	52	3.47e-06	47.0
WP_005414519.1	219	k121_116283_4	N/A	31.522	41	92	3.96e-06	47.0
WP_005414519.1	219	k121_191516_2	N/A	37.097	28	62	4.25e-06	46.6
WP_005414519.1	219	k121_56061_6	N/A	25.946	79	185	4.63e-06	46.6
WP_005414519.1	219	k121_61284_4	N/A	35.593	27	59	6.31e-06	45.8
WP_005414519.1	219	k121_151702_2	N/A	28.788	84	198	7.57e-06	45.8
WP_005414519.1	219	k121_33547_10	N/A	30.000	32	70	8.76e-06	45.4
WP_005414519.1	219	k121_39436_1	N/A	36.986	33	73	9.45e-06	44.7
WP_005414519.1	219	k121_58638_2	N/A	28.916	71	166	1.14e-05	45.4
WP_005414519.1	219	k121_91437_23	N/A	36.364	25	55	1.27e-05	45.4
WP_005414519.1	219	k121_117628_2	N/A	26.667	75	165	1.39e-05	45.4
WP_005414519.1	219	k121_197411_3	N/A	30.081	56	123	1.52e-05	45.1
WP_005414519.1	219	k121_109666_7	N/A	37.736	24	53	1.73e-05	45.1
WP_005414519.1	219	k121_41472_3	N/A	30.973	51	113	2.74e-05	44.3
WP_005414519.1	219	k121_60630_2	N/A	22.156	76	167	3.03e-05	43.9
WP_005414519.1	219	k121_73924_2	N/A	34.091	37	88	3.98e-05	43.9
WP_005414519.1	219	k121_262382_2	N/A	26.190	91	210	5.20e-05	43.5
WP_005414519.1	219	k121_123644_2	N/A	25.683	80	183	5.65e-05	43.1
WP_005414519.1	219	k121_129287_6	N/A	37.500	26	56	5.72e-05	43.1
WP_005414519.1	219	k121_151638_3	N/A	37.500	26	56	6.71e-05	42.7
WP_005414519.1	219	k121_73684_2	N/A	33.803	32	71	8.00e-05	41.2
WP_005414519.1	219	k121_240804_3	N/A	38.710	28	62	9.43e-05	42.7
WP_005414519.1	219	k121_44422_3	N/A	24.845	74	161	9.79e-05	42.4
WP_005414519.1	219	k121_100670_2	N/A	38.710	28	62	1.26e-04	42.4
WP_005414519.1	219	k121_258879_4	N/A	24.752	88	202	1.31e-04	42.4
WP_005414519.1	219	k121_130731_4	N/A	30.769	30	65	1.35e-04	42.4
WP_005414519.1	219	k121_32924_3	N/A	36.508	29	63	1.41e-04	42.0
WP_005414519.1	219	k121_230549_12	N/A	31.008	58	129	1.56e-04	42.0
WP_005414519.1	219	k121_40925_5	N/A	26.111	79	180	1.58e-04	42.0
WP_005414519.1	219	k121_95180_3	N/A	44.000	23	50	1.74e-04	42.0
WP_005414519.1	219	k121_89554_33	N/A	27.317	89	205	2.04e-04	41.6
WP_005414519.1	219	k121_260412_2	N/A	26.396	86	197	2.05e-04	41.6
WP_005414519.1	219	k121_239561_5	N/A	34.524	38	84	2.42e-04	42.0
WP_005414519.1	219	k121_91003_5	N/A	28.947	35	76	2.90e-04	41.2
WP_005414519.1	219	k121_118361_2	N/A	33.898	27	59	3.14e-04	41.2
WP_005414519.1	219	k121_89554_20	N/A	35.185	25	54	3.48e-04	41.2
WP_005414519.1	219	k121_161138_1	N/A	34.545	25	55	4.30e-04	40.4
WP_005414519.1	219	k121_238505_1	N/A	37.736	24	53	4.56e-04	39.7
WP_005414519.1	219	k121_48975_6	N/A	32.051	36	78	5.33e-04	40.4
WP_005414519.1	219	k121_198100_2	N/A	40.741	25	54	5.87e-04	40.4
WP_005414519.1	219	k121_72197_4	N/A	32.143	38	84	6.33e-04	40.8
WP_005414519.1	219	k121_137598_6	N/A	45.833	22	48	6.53e-04	40.0
WP_005414519.1	219	k121_32726_4	N/A	32.381	48	105	6.86e-04	40.0
WP_005414519.1	219	k121_8986_3	N/A	24.242	60	132	6.89e-04	40.0
WP_005414519.1	219	k121_268914_1	N/A	26.000	45	100	7.10e-04	40.0
WP_005414519.1	219	k121_102769_5	N/A	23.936	79	188	7.17e-04	40.0
WP_005414519.1	219	k121_34684_2	N/A	41.176	23	51	7.74e-04	40.0
WP_005414519.1	219	k121_252823_3	N/A	36.364	30	66	0.001	39.7
WP_005414519.1	219	k121_31035_9	N/A	35.484	28	62	0.001	39.7
WP_005414519.1	219	k121_105329_30	N/A	29.213	41	89	0.001	39.3
WP_005414519.1	219	k121_214506_9	N/A	37.736	24	53	0.001	39.3
WP_005414519.1	219	k121_169508_1	N/A	31.429	29	70	0.001	38.1
WP_005414519.1	219	k121_236608_13	N/A	30.000	37	80	0.002	38.9
WP_005414519.1	219	k121_98229_2	N/A	31.579	35	76	0.002	37.7
WP_005414519.1	219	k121_3669_3	N/A	34.483	26	58	0.002	38.5
WP_005414519.1	219	k121_213637_3	N/A	35.714	26	56	0.002	37.4
WP_005414519.1	219	k121_17518_4	N/A	25.478	69	157	0.002	38.5
WP_005414519.1	219	k121_39402_3	N/A	30.882	31	68	0.002	38.9
WP_005414519.1	219	k121_91003_1	N/A	35.000	27	60	0.002	38.5
WP_005414519.1	219	k121_109509_4	N/A	37.255	23	51	0.002	38.5
WP_005414519.1	219	k121_85723_4	N/A	34.568	36	81	0.002	38.5
WP_005414519.1	219	k121_229061_2	N/A	34.426	28	61	0.003	38.5
WP_005414519.1	219	k121_2983_2	N/A	35.849	24	53	0.003	38.1
WP_005414519.1	219	k121_98158_5	N/A	38.298	21	47	0.003	38.1
WP_005414519.1	219	k121_227970_2	N/A	36.538	24	52	0.003	38.5
WP_005414519.1	219	k121_253089_8	N/A	33.333	33	72	0.003	38.5
WP_005414519.1	219	k121_93722_3	N/A	32.468	35	77	0.003	38.1
WP_005414519.1	219	k121_235966_15	N/A	35.714	30	70	0.004	38.1
WP_005414519.1	219	k121_14231_2	N/A	27.049	51	122	0.004	37.4
WP_005414519.1	219	k121_247126_10	N/A	28.814	27	59	0.005	37.7
WP_005414519.1	219	k121_102700_3	N/A	36.842	26	57	0.005	37.4
WP_005414519.1	219	k121_119526_1	N/A	30.909	25	55	0.006	37.4
WP_005414519.1	219	k121_80423_2	N/A	23.438	88	192	0.007	37.4
WP_005414519.1	219	k121_238007_3	N/A	31.169	35	77	0.007	37.4
WP_005414519.1	219	k121_96109_5	N/A	34.615	24	52	0.007	37.4
WP_005414519.1	219	k121_11070_1	N/A	28.455	53	123	0.008	37.0
WP_005414519.1	219	k121_154387_2	N/A	30.303	30	66	0.011	36.6
WP_005414519.1	219	k121_13691_7	N/A	33.962	24	53	0.011	36.6
WP_005414519.1	219	k121_212767_2	N/A	30.769	30	65	0.012	36.6
WP_005414519.1	219	k121_43351_3	N/A	31.746	29	63	0.012	36.6
WP_005414519.1	219	k121_93448_1	N/A	36.000	34	75	0.019	35.8
WP_005414519.1	219	k121_182760_10	N/A	39.655	26	58	0.020	35.8
WP_005414519.1	219	k121_12712_1	N/A	32.075	24	53	0.022	34.3
WP_005414519.1	219	k121_49138_2	N/A	33.333	21	45	0.023	35.8
WP_005414519.1	219	k121_263442_2	N/A	24.590	80	183	0.026	35.4
WP_005414519.1	219	k121_264377_51	N/A	33.962	24	53	0.027	35.4
WP_005414519.1	219	k121_149399_1	N/A	21.714	78	175	0.027	35.4
WP_005414519.1	219	k121_247303_4	N/A	35.088	26	57	0.028	33.5
WP_005414519.1	219	k121_93671_3	N/A	32.787	28	61	0.030	35.0
WP_005414519.1	219	k121_89186_2	N/A	37.736	24	53	0.033	35.0
WP_005414519.1	219	k121_69177_2	N/A	33.708	37	89	0.042	34.7
WP_005414519.1	219	k121_66243_3	N/A	40.000	25	55	0.050	34.3
WP_005414519.1	219	k121_232039_4	N/A	28.440	47	109	0.056	34.3
WP_005414519.1	219	k121_87042_2	N/A	23.684	52	114	0.060	34.3
WP_005414519.1	219	k121_20834_6	N/A	29.032	28	62	0.060	34.3
WP_005414519.1	219	k121_161090_2	N/A	38.182	25	55	0.061	34.3
WP_005414519.1	219	k121_253089_6	N/A	35.849	24	53	0.065	33.5
WP_005414519.1	219	k121_59388_2	N/A	34.177	34	79	0.065	34.3
WP_005414519.1	219	k121_79263_2	N/A	27.700	94	213	0.067	34.3
WP_005414519.1	219	k121_56466_1	N/A	29.688	29	64	0.071	34.3
WP_005414519.1	219	k121_71288_5	N/A	37.255	23	51	0.077	33.9
WP_005414519.1	219	k121_135340_6	N/A	24.812	61	133	0.078	33.9
WP_005414519.1	219	k121_8533_2	N/A	28.235	39	85	0.082	33.9
WP_005414519.1	219	k121_159448_4	N/A	25.281	81	178	0.083	33.9
WP_005414519.1	219	k121_71288_6	N/A	39.216	23	51	0.092	33.9
WP_005414519.1	219	k121_198100_4	N/A	27.551	45	98	0.095	33.9
WP_025877280.1	219	k121_62632_3	N/A	28.977	79	176	6.03e-10	57.4
WP_025877280.1	219	k121_106149_4	N/A	44.643	26	56	1.08e-09	56.6
WP_025877280.1	219	k121_220668_7	N/A	35.000	37	80	2.79e-09	55.8
WP_025877280.1	219	k121_36258_3	N/A	26.220	74	164	1.01e-08	54.3
WP_025877280.1	219	k121_272681_6	N/A	48.980	22	49	1.41e-08	53.5
WP_025877280.1	219	k121_220303_4	N/A	29.814	74	161	1.76e-08	53.5
WP_025877280.1	219	k121_209781_1	N/A	29.651	74	172	3.19e-08	52.8
WP_025877280.1	219	k121_181924_4	N/A	27.568	83	185	4.15e-08	52.4
WP_025877280.1	219	k121_38288_2	N/A	42.308	24	52	6.26e-07	47.0
WP_025877280.1	219	k121_162095_2	N/A	32.222	40	90	6.98e-07	48.9
WP_025877280.1	219	k121_170953_2	N/A	26.630	79	184	9.35e-07	48.5
WP_025877280.1	219	k121_82787_2	N/A	31.169	35	77	1.20e-06	48.1
WP_025877280.1	219	k121_265158_6	N/A	43.548	28	62	1.65e-06	47.8
WP_025877280.1	219	k121_177804_2	N/A	38.710	28	62	3.37e-06	46.6
WP_025877280.1	219	k121_56061_6	N/A	24.876	87	201	3.79e-06	47.0
WP_025877280.1	219	k121_149773_13	N/A	38.462	24	52	4.53e-06	46.6
WP_025877280.1	219	k121_191516_2	N/A	37.097	28	62	5.72e-06	46.2
WP_025877280.1	219	k121_61284_4	N/A	38.182	25	55	6.43e-06	45.8
WP_025877280.1	219	k121_81495_10	N/A	35.385	30	65	7.39e-06	45.8
WP_025877280.1	219	k121_151702_2	N/A	28.788	84	198	7.64e-06	45.8
WP_025877280.1	219	k121_111893_4	N/A	22.857	95	210	7.69e-06	45.8
WP_025877280.1	219	k121_84085_1	N/A	31.818	30	66	7.84e-06	43.9
WP_025877280.1	219	k121_58638_2	N/A	28.916	71	166	1.55e-05	45.1
WP_025877280.1	219	k121_197411_3	N/A	30.081	56	123	1.59e-05	45.1
WP_025877280.1	219	k121_33547_10	N/A	30.000	32	70	1.68e-05	44.7
WP_025877280.1	219	k121_60630_2	N/A	22.156	76	167	2.68e-05	44.3
WP_025877280.1	219	k121_109666_7	N/A	37.736	24	53	2.86e-05	44.3
WP_025877280.1	219	k121_41472_3	N/A	30.973	51	113	3.10e-05	44.3
WP_025877280.1	219	k121_116283_4	N/A	30.435	41	92	3.35e-05	44.3
WP_025877280.1	219	k121_262382_2	N/A	26.852	94	216	3.80e-05	43.9
WP_025877280.1	219	k121_91437_23	N/A	34.545	25	55	4.14e-05	43.9
WP_025877280.1	219	k121_39436_1	N/A	35.616	33	73	5.20e-05	42.4
WP_025877280.1	219	k121_117628_2	N/A	26.061	75	165	5.88e-05	43.5
WP_025877280.1	219	k121_123644_2	N/A	25.683	80	183	6.28e-05	43.1
WP_025877280.1	219	k121_230549_12	N/A	31.783	58	129	6.62e-05	43.1
WP_025877280.1	219	k121_73684_2	N/A	35.135	32	74	9.10e-05	41.2
WP_025877280.1	219	k121_32924_3	N/A	36.508	29	63	1.10e-04	42.4
WP_025877280.1	219	k121_89554_33	N/A	27.805	89	205	1.29e-04	42.4
WP_025877280.1	219	k121_260412_2	N/A	26.396	86	197	1.42e-04	42.0
WP_025877280.1	219	k121_95180_3	N/A	30.000	41	90	1.68e-04	42.0
WP_025877280.1	219	k121_73924_2	N/A	32.955	37	88	1.79e-04	42.0
WP_025877280.1	219	k121_258879_4	N/A	24.737	83	190	1.86e-04	42.0
WP_025877280.1	219	k121_100670_2	N/A	38.710	28	62	1.91e-04	42.0
WP_025877280.1	219	k121_129287_6	N/A	36.364	25	55	2.34e-04	41.2
WP_025877280.1	219	k121_151638_3	N/A	36.364	25	55	2.40e-04	41.2
WP_025877280.1	219	k121_32726_4	N/A	32.381	48	105	3.23e-04	40.8
WP_025877280.1	219	k121_239561_5	N/A	34.524	38	84	3.25e-04	41.6
WP_025877280.1	219	k121_91003_5	N/A	28.947	35	76	3.49e-04	41.2
WP_025877280.1	219	k121_240804_3	N/A	37.097	28	62	3.60e-04	40.8
WP_025877280.1	219	k121_44422_3	N/A	24.845	74	161	3.96e-04	40.8
WP_025877280.1	219	k121_89554_20	N/A	35.185	25	54	3.97e-04	40.8
WP_025877280.1	219	k121_161138_1	N/A	34.545	25	55	4.56e-04	40.4
WP_025877280.1	219	k121_268914_1	N/A	26.829	55	123	5.30e-04	40.4
WP_025877280.1	219	k121_137598_6	N/A	45.833	22	48	5.51e-04	40.4
WP_025877280.1	219	k121_130731_4	N/A	25.333	68	150	6.22e-04	40.4
WP_025877280.1	219	k121_8986_3	N/A	25.000	60	132	7.15e-04	40.0
WP_025877280.1	219	k121_48975_6	N/A	32.051	36	78	8.40e-04	40.0
WP_025877280.1	219	k121_40925_5	N/A	25.556	79	180	8.50e-04	39.7
WP_025877280.1	219	k121_72197_4	N/A	32.143	38	84	0.001	40.0
WP_025877280.1	219	k121_102700_3	N/A	38.596	26	57	0.001	39.7
WP_025877280.1	219	k121_118361_2	N/A	32.203	27	59	0.001	39.7
WP_025877280.1	219	k121_34684_2	N/A	41.176	23	51	0.001	39.3
WP_025877280.1	219	k121_214506_9	N/A	37.097	28	62	0.001	39.3
WP_025877280.1	219	k121_105329_30	N/A	29.213	41	89	0.002	38.9
WP_025877280.1	219	k121_91003_1	N/A	35.000	27	60	0.002	38.5
WP_025877280.1	219	k121_213637_3	N/A	38.710	28	62	0.002	37.4
WP_025877280.1	219	k121_236608_13	N/A	30.000	37	80	0.002	38.5
WP_025877280.1	219	k121_80423_2	N/A	23.958	88	192	0.002	38.5
WP_025877280.1	219	k121_3669_3	N/A	34.483	26	58	0.003	38.1
WP_025877280.1	219	k121_109509_4	N/A	37.255	23	51	0.003	38.1
WP_025877280.1	219	k121_102769_5	N/A	23.404	79	188	0.003	38.1
WP_025877280.1	219	k121_169508_1	N/A	31.429	29	70	0.003	37.0
WP_025877280.1	219	k121_227970_2	N/A	36.538	24	52	0.003	38.1
WP_025877280.1	219	k121_198100_2	N/A	24.658	93	219	0.004	38.1
WP_025877280.1	219	k121_235966_15	N/A	35.714	30	70	0.004	37.7
WP_025877280.1	219	k121_229061_2	N/A	34.426	28	61	0.004	37.7
WP_025877280.1	219	k121_98158_5	N/A	27.941	31	68	0.004	37.7
WP_025877280.1	219	k121_238505_1	N/A	35.849	24	53	0.004	37.0
WP_025877280.1	219	k121_252823_3	N/A	34.848	30	66	0.005	37.7
WP_025877280.1	219	k121_85723_4	N/A	34.568	36	81	0.005	37.7
WP_025877280.1	219	k121_31035_9	N/A	33.871	28	62	0.005	37.4
WP_025877280.1	219	k121_238007_3	N/A	31.169	35	77	0.006	37.4
WP_025877280.1	219	k121_39402_3	N/A	29.412	31	68	0.007	37.4
WP_025877280.1	219	k121_93722_3	N/A	31.169	35	77	0.008	37.0
WP_025877280.1	219	k121_96109_5	N/A	34.615	24	52	0.008	37.0
WP_025877280.1	219	k121_17518_4	N/A	24.841	69	157	0.009	37.0
WP_025877280.1	219	k121_247126_10	N/A	28.814	27	59	0.009	37.0
WP_025877280.1	219	k121_11070_1	N/A	27.407	58	135	0.009	37.0
WP_025877280.1	219	k121_43351_3	N/A	31.746	29	63	0.012	36.6
WP_025877280.1	219	k121_154387_2	N/A	30.303	30	66	0.012	36.6
WP_025877280.1	219	k121_93671_3	N/A	32.787	28	61	0.013	36.2
WP_025877280.1	219	k121_14231_2	N/A	30.328	51	122	0.014	35.8
WP_025877280.1	219	k121_2983_2	N/A	33.962	24	53	0.015	36.2
WP_025877280.1	219	k121_161090_2	N/A	40.000	25	55	0.018	35.8
WP_025877280.1	219	k121_212767_2	N/A	30.769	30	65	0.019	35.8
WP_025877280.1	219	k121_93448_1	N/A	36.000	34	75	0.019	35.8
WP_025877280.1	219	k121_182760_10	N/A	41.071	25	56	0.020	35.8
WP_025877280.1	219	k121_13691_7	N/A	33.962	24	53	0.021	35.8
WP_025877280.1	219	k121_98229_2	N/A	28.947	35	76	0.027	34.3
WP_025877280.1	219	k121_149399_1	N/A	21.143	78	175	0.034	35.4
WP_025877280.1	219	k121_159448_4	N/A	25.281	81	178	0.036	35.0
WP_025877280.1	219	k121_253089_8	N/A	30.556	33	72	0.036	35.0
WP_025877280.1	219	k121_247303_4	N/A	35.088	26	57	0.037	33.1
WP_025877280.1	219	k121_79263_2	N/A	27.230	94	213	0.037	35.0
WP_025877280.1	219	k121_119526_1	N/A	29.091	25	55	0.038	35.0
WP_025877280.1	219	k121_69177_2	N/A	33.708	37	89	0.041	34.7
WP_025877280.1	219	k121_89186_2	N/A	37.736	24	53	0.047	34.7
WP_025877280.1	219	k121_105880_3	N/A	36.538	24	52	0.049	34.7
WP_025877280.1	219	k121_136105_2	N/A	32.075	24	53	0.055	34.3
WP_025877280.1	219	k121_56466_1	N/A	29.688	29	64	0.056	34.3
WP_025877280.1	219	k121_59388_2	N/A	34.177	34	79	0.059	34.3
WP_025877280.1	219	k121_232039_4	N/A	28.440	47	109	0.068	34.3
WP_025877280.1	219	k121_251701_7	N/A	29.412	29	68	0.072	34.3
WP_025877280.1	219	k121_8533_2	N/A	28.235	39	85	0.073	33.9
WP_025877280.1	219	k121_87042_2	N/A	23.684	52	114	0.085	33.9
WP_025877280.1	219	k121_71288_5	N/A	37.255	23	51	0.086	33.9
WP_025877280.1	219	k121_71288_6	N/A	39.216	23	51	0.087	33.9
WP_025877280.1	219	k121_49138_2	N/A	31.818	20	44	0.099	33.9
WP_089236970.1	219	k121_62632_3	N/A	28.977	79	176	7.28e-10	57.4
WP_089236970.1	219	k121_106149_4	N/A	44.643	26	56	1.06e-09	56.6
WP_089236970.1	219	k121_220668_7	N/A	35.000	37	80	2.84e-09	55.8
WP_089236970.1	219	k121_272681_6	N/A	48.980	22	49	1.44e-08	53.5
WP_089236970.1	219	k121_36258_3	N/A	43.077	29	65	1.61e-08	53.5
WP_089236970.1	219	k121_220303_4	N/A	29.814	74	161	1.76e-08	53.5
WP_089236970.1	219	k121_209781_1	N/A	29.651	74	172	2.43e-08	53.1
WP_089236970.1	219	k121_181924_4	N/A	27.568	83	185	3.45e-08	52.8
WP_089236970.1	219	k121_38288_2	N/A	42.308	24	52	6.46e-07	47.0
WP_089236970.1	219	k121_162095_2	N/A	32.222	40	90	6.46e-07	48.9
WP_089236970.1	219	k121_170953_2	N/A	26.630	79	184	8.65e-07	48.5
WP_089236970.1	219	k121_82787_2	N/A	31.169	35	77	1.09e-06	48.1
WP_089236970.1	219	k121_265158_6	N/A	45.000	27	60	1.63e-06	47.8
WP_089236970.1	219	k121_56061_6	N/A	25.373	87	201	1.68e-06	48.1
WP_089236970.1	219	k121_177804_2	N/A	38.710	28	62	3.34e-06	46.6
WP_089236970.1	219	k121_149773_13	N/A	38.462	24	52	4.49e-06	46.6
WP_089236970.1	219	k121_191516_2	N/A	37.097	28	62	5.88e-06	46.2
WP_089236970.1	219	k121_111893_4	N/A	22.826	83	184	6.67e-06	46.2
WP_089236970.1	219	k121_61284_4	N/A	38.182	25	55	6.74e-06	45.8
WP_089236970.1	219	k121_81495_10	N/A	35.385	30	65	7.25e-06	45.8
WP_089236970.1	219	k121_84085_1	N/A	31.818	30	66	7.61e-06	43.9
WP_089236970.1	219	k121_151702_2	N/A	28.788	84	198	8.26e-06	45.4
WP_089236970.1	219	k121_58638_2	N/A	28.916	71	166	1.20e-05	45.4
WP_089236970.1	219	k121_33547_10	N/A	25.000	60	132	1.35e-05	45.1
WP_089236970.1	219	k121_197411_3	N/A	30.081	56	123	1.59e-05	45.1
WP_089236970.1	219	k121_60630_2	N/A	22.156	76	167	2.11e-05	44.7
WP_089236970.1	219	k121_123644_2	N/A	25.683	80	183	2.67e-05	44.3
WP_089236970.1	219	k121_109666_7	N/A	37.736	24	53	2.68e-05	44.3
WP_089236970.1	219	k121_41472_3	N/A	30.973	51	113	2.77e-05	44.3
WP_089236970.1	219	k121_116283_4	N/A	30.435	41	92	3.31e-05	44.3
WP_089236970.1	219	k121_262382_2	N/A	26.852	94	216	3.73e-05	43.9
WP_089236970.1	219	k121_91437_23	N/A	34.545	25	55	3.81e-05	43.9
WP_089236970.1	219	k121_39436_1	N/A	35.616	33	73	5.15e-05	42.4
WP_089236970.1	219	k121_230549_12	N/A	31.783	58	129	5.64e-05	43.5
WP_089236970.1	219	k121_260412_2	N/A	26.904	86	197	6.09e-05	43.1
WP_089236970.1	219	k121_73684_2	N/A	35.135	32	74	8.49e-05	41.2
WP_089236970.1	219	k121_89554_33	N/A	29.612	89	206	8.67e-05	42.7
WP_089236970.1	219	k121_32924_3	N/A	36.508	29	63	1.02e-04	42.4
WP_089236970.1	219	k121_258879_4	N/A	24.737	83	190	1.17e-04	42.7
WP_089236970.1	219	k121_95180_3	N/A	30.000	41	90	1.57e-04	42.0
WP_089236970.1	219	k121_73924_2	N/A	32.955	37	88	1.79e-04	42.0
WP_089236970.1	219	k121_100670_2	N/A	38.710	28	62	1.99e-04	41.6
WP_089236970.1	219	k121_129287_6	N/A	36.364	25	55	2.17e-04	41.6
WP_089236970.1	219	k121_130731_4	N/A	26.000	68	150	2.26e-04	41.6
WP_089236970.1	219	k121_117628_2	N/A	27.219	75	169	2.26e-04	42.0
WP_089236970.1	219	k121_151638_3	N/A	36.364	25	55	2.31e-04	41.2
WP_089236970.1	219	k121_32726_4	N/A	32.381	48	105	3.02e-04	41.2
WP_089236970.1	219	k121_239561_5	N/A	34.524	38	84	3.05e-04	41.6
WP_089236970.1	219	k121_91003_5	N/A	28.947	35	76	3.69e-04	40.8
WP_089236970.1	219	k121_240804_3	N/A	37.097	28	62	3.74e-04	40.8
WP_089236970.1	219	k121_89554_20	N/A	35.185	25	54	3.97e-04	40.8
WP_089236970.1	219	k121_161138_1	N/A	34.545	25	55	4.47e-04	40.4
WP_089236970.1	219	k121_268914_1	N/A	26.829	55	123	5.30e-04	40.4
WP_089236970.1	219	k121_137598_6	N/A	45.833	22	48	5.62e-04	40.0
WP_089236970.1	219	k121_40925_5	N/A	25.556	79	180	7.18e-04	40.0
WP_089236970.1	219	k121_44422_3	N/A	24.845	74	161	7.38e-04	40.0
WP_089236970.1	219	k121_48975_6	N/A	32.051	36	78	8.32e-04	40.0
WP_089236970.1	219	k121_72197_4	N/A	32.143	38	84	0.001	40.0
WP_089236970.1	219	k121_102700_3	N/A	38.596	26	57	0.001	39.7
WP_089236970.1	219	k121_118361_2	N/A	32.203	27	59	0.001	39.7
WP_089236970.1	219	k121_8986_3	N/A	25.000	60	132	0.001	39.3
WP_089236970.1	219	k121_34684_2	N/A	40.000	27	60	0.001	39.3
WP_089236970.1	219	k121_214506_9	N/A	37.736	24	53	0.001	39.3
WP_089236970.1	219	k121_105329_30	N/A	29.213	41	89	0.001	39.3
WP_089236970.1	219	k121_80423_2	N/A	23.958	88	192	0.002	38.9
WP_089236970.1	219	k121_91003_1	N/A	35.000	27	60	0.002	38.5
WP_089236970.1	219	k121_213637_3	N/A	38.710	28	62	0.002	37.4
WP_089236970.1	219	k121_227970_2	N/A	28.571	74	175	0.002	38.9
WP_089236970.1	219	k121_236608_13	N/A	30.000	37	80	0.002	38.5
WP_089236970.1	219	k121_3669_3	N/A	34.483	26	58	0.003	38.1
WP_089236970.1	219	k121_102769_5	N/A	23.404	79	188	0.003	38.1
WP_089236970.1	219	k121_109509_4	N/A	37.255	23	51	0.003	38.5
WP_089236970.1	219	k121_169508_1	N/A	31.429	29	70	0.003	37.0
WP_089236970.1	219	k121_235966_15	N/A	35.714	30	70	0.004	38.1
WP_089236970.1	219	k121_229061_2	N/A	34.426	28	61	0.004	37.7
WP_089236970.1	219	k121_98158_5	N/A	27.941	31	68	0.004	37.7
WP_089236970.1	219	k121_238505_1	N/A	35.849	24	53	0.004	36.6
WP_089236970.1	219	k121_252823_3	N/A	34.848	30	66	0.005	37.7
WP_089236970.1	219	k121_85723_4	N/A	34.568	36	81	0.005	37.7
WP_089236970.1	219	k121_31035_9	N/A	33.871	28	62	0.005	37.4
WP_089236970.1	219	k121_238007_3	N/A	31.169	35	77	0.006	37.4
WP_089236970.1	219	k121_198100_2	N/A	37.037	25	54	0.006	37.4
WP_089236970.1	219	k121_93722_3	N/A	31.169	35	77	0.007	37.4
WP_089236970.1	219	k121_39402_3	N/A	29.412	31	68	0.007	37.4
WP_089236970.1	219	k121_11070_1	N/A	27.407	58	135	0.008	37.0
WP_089236970.1	219	k121_96109_5	N/A	34.615	24	52	0.009	37.0
WP_089236970.1	219	k121_212767_2	N/A	25.564	59	133	0.009	37.0
WP_089236970.1	219	k121_247126_10	N/A	28.814	27	59	0.010	37.0
WP_089236970.1	219	k121_43351_3	N/A	31.746	29	63	0.012	36.6
WP_089236970.1	219	k121_154387_2	N/A	30.303	30	66	0.012	36.6
WP_089236970.1	219	k121_149399_1	N/A	21.714	78	175	0.012	36.6
WP_089236970.1	219	k121_93671_3	N/A	32.787	28	61	0.014	36.2
WP_089236970.1	219	k121_14231_2	N/A	30.328	51	122	0.014	35.8
WP_089236970.1	219	k121_2983_2	N/A	33.962	24	53	0.015	36.2
WP_089236970.1	219	k121_161090_2	N/A	40.000	25	55	0.017	35.8
WP_089236970.1	219	k121_13691_7	N/A	21.818	75	165	0.019	35.8
WP_089236970.1	219	k121_182760_10	N/A	41.071	25	56	0.019	35.8
WP_089236970.1	219	k121_93448_1	N/A	36.000	34	75	0.019	35.8
WP_089236970.1	219	k121_98229_2	N/A	28.947	35	76	0.028	34.3
WP_089236970.1	219	k121_79263_2	N/A	27.230	94	213	0.029	35.0
WP_089236970.1	219	k121_159448_4	N/A	25.281	81	178	0.031	35.4
WP_089236970.1	219	k121_17518_4	N/A	24.204	69	157	0.035	35.0
WP_089236970.1	219	k121_247303_4	N/A	35.088	26	57	0.035	33.5
WP_089236970.1	219	k121_253089_8	N/A	30.556	33	72	0.036	35.0
WP_089236970.1	219	k121_119526_1	N/A	29.091	25	55	0.038	35.0
WP_089236970.1	219	k121_69177_2	N/A	33.708	37	89	0.040	34.7
WP_089236970.1	219	k121_89186_2	N/A	37.736	24	53	0.049	34.7
WP_089236970.1	219	k121_136105_2	N/A	32.075	24	53	0.051	34.3
WP_089236970.1	219	k121_105880_3	N/A	36.538	24	52	0.052	34.7
WP_089236970.1	219	k121_59388_2	N/A	34.177	34	79	0.053	34.7
WP_089236970.1	219	k121_56466_1	N/A	29.688	29	64	0.056	34.3
WP_089236970.1	219	k121_232039_4	N/A	28.440	47	109	0.059	34.3
WP_089236970.1	219	k121_265158_3	N/A	24.528	69	159	0.061	34.3
WP_089236970.1	219	k121_251701_7	N/A	29.412	29	68	0.064	34.3
WP_089236970.1	219	k121_8533_2	N/A	28.235	39	85	0.072	33.9
WP_089236970.1	219	k121_71288_5	N/A	37.255	23	51	0.086	33.9
WP_089236970.1	219	k121_71288_6	N/A	39.216	23	51	0.088	33.9
WP_089236970.1	219	k121_87042_2	N/A	23.684	52	114	0.090	33.9
WP_089236970.1	219	k121_49138_2	N/A	31.818	20	44	0.097	33.9
WP_000845048.1	337	k121_95397_1	N/A	59.574	98	329	3.30e-134	387
WP_000845048.1	337	k121_104896_2	N/A	43.321	82	277	1.54e-67	214
WP_000845048.1	337	k121_63953_2	N/A	98.039	30	102	2.46e-67	207
WP_000845048.1	337	k121_221121_2	N/A	30.435	95	322	2.82e-36	133
WP_000845048.1	337	k121_231770_2	N/A	29.688	94	320	1.28e-34	128
WP_000845048.1	337	k121_184917_1	N/A	35.747	65	221	3.27e-25	103
WP_000845048.1	337	k121_104918_11	N/A	38.073	63	218	3.67e-25	103
WP_000845048.1	337	k121_223953_2	N/A	38.073	63	218	7.01e-25	103
WP_000845048.1	337	k121_42776_3	N/A	34.247	62	219	9.97e-24	100
WP_000845048.1	337	k121_146462_2	N/A	35.455	64	220	1.18e-22	97.4
WP_000845048.1	337	k121_25604_45	N/A	30.556	81	288	2.22e-21	93.2
WP_000845048.1	337	k121_245941_3	N/A	33.632	62	223	5.71e-21	92.4
WP_000845048.1	337	k121_12004_10	N/A	30.496	79	282	1.41e-20	91.3
WP_000845048.1	337	k121_222946_2	N/A	34.545	62	220	6.96e-20	89.4
WP_000845048.1	337	k121_258339_5	N/A	28.315	80	279	1.66e-19	87.8
WP_000845048.1	337	k121_174941_3	N/A	34.529	62	223	3.20e-19	87.4
WP_000845048.1	337	k121_203472_2	N/A	29.904	86	311	5.90e-18	83.6
WP_000845048.1	337	k121_131592_9	N/A	29.180	85	305	9.98e-18	82.8
WP_000845048.1	337	k121_265052_10	N/A	35.165	54	182	2.09e-17	82.0
WP_000845048.1	337	k121_95432_1	N/A	36.667	53	180	2.39e-17	79.7
WP_000845048.1	337	k121_131786_22	N/A	27.541	85	305	3.00e-17	81.6
WP_000845048.1	337	k121_211531_3	N/A	26.190	85	294	4.59e-17	81.3
WP_000845048.1	337	k121_233585_2	N/A	29.213	76	267	9.02e-17	80.5
WP_000845048.1	337	k121_67503_4	N/A	29.617	79	287	9.16e-17	80.1
WP_000845048.1	337	k121_259667_2	N/A	27.841	52	176	2.93e-16	78.6
WP_000845048.1	337	k121_83544_2	N/A	31.982	63	222	3.33e-15	76.3
WP_000845048.1	337	k121_162272_4	N/A	32.589	62	224	1.05e-14	74.3
WP_000845048.1	337	k121_175412_16	N/A	27.445	87	317	1.56e-14	73.6
WP_000845048.1	337	k121_10427_1	N/A	31.019	62	216	7.05e-14	70.1
WP_000845048.1	337	k121_5125_2	N/A	29.520	76	271	9.23e-14	71.6
WP_000845048.1	337	k121_248614_1	N/A	27.019	91	359	5.53e-12	66.6
WP_000845048.1	337	k121_271643_2	N/A	30.332	62	211	8.49e-12	66.2
WP_000845048.1	337	k121_8375_2	N/A	44.928	20	69	1.05e-11	64.7
WP_000845048.1	337	k121_154387_10	N/A	30.769	53	182	4.91e-11	63.5
WP_000845048.1	337	k121_122683_2	N/A	28.053	84	303	7.41e-11	63.2
WP_000845048.1	337	k121_83324_1	N/A	30.811	53	185	1.59e-10	60.8
WP_000845048.1	337	k121_204309_1	N/A	23.333	61	210	3.84e-10	60.1
WP_000845048.1	337	k121_243491_1	N/A	26.047	58	215	6.30e-10	60.1
WP_000845048.1	337	k121_31108_2	N/A	27.148	82	291	1.05e-09	60.1
WP_000845048.1	337	k121_176575_2	N/A	27.372	74	274	1.11e-09	59.3
WP_000845048.1	337	k121_162457_1	N/A	30.000	50	190	5.21e-09	56.2
WP_000845048.1	337	k121_85735_1	N/A	27.778	58	216	5.73e-09	57.8
WP_000845048.1	337	k121_271643_1	N/A	29.864	63	221	9.62e-09	57.4
WP_000845048.1	337	k121_89838_2	N/A	29.379	53	177	1.07e-08	57.0
WP_000845048.1	337	k121_265956_1	N/A	25.735	78	272	2.18e-08	56.2
WP_000845048.1	337	k121_201436_1	N/A	21.106	58	199	5.12e-08	53.5
WP_000845048.1	337	k121_5426_5	N/A	25.606	82	289	5.80e-08	54.7
WP_000845048.1	337	k121_260754_2	N/A	25.795	77	283	6.84e-08	54.3
WP_000845048.1	337	k121_99830_2	N/A	25.357	76	280	6.88e-08	53.9
WP_000845048.1	337	k121_239864_1	N/A	29.231	56	195	1.05e-07	52.8
WP_000845048.1	337	k121_275095_1	N/A	28.796	55	191	1.95e-07	50.8
WP_000845048.1	337	k121_263792_9	N/A	25.806	55	186	2.86e-07	50.8
WP_000845048.1	337	k121_210065_2	N/A	29.381	56	194	2.89e-07	52.0
WP_000845048.1	337	k121_40675_2	N/A	26.697	64	221	8.42e-07	50.8
WP_000845048.1	337	k121_135928_2	N/A	24.885	64	217	1.19e-06	50.4
WP_000845048.1	337	k121_236113_13	N/A	25.946	55	185	1.28e-06	50.1
WP_000845048.1	337	k121_104377_21	N/A	28.959	58	221	3.71e-06	48.9
WP_000845048.1	337	k121_92472_1	N/A	23.423	33	111	4.17e-06	46.6
WP_000845048.1	337	k121_95254_9	N/A	35.135	22	74	3.30e-05	45.8
WP_000845048.1	337	k121_116680_5	N/A	26.136	52	176	1.33e-04	43.9
WP_000845048.1	337	k121_65378_6	N/A	24.324	84	296	2.01e-04	43.5
WP_000845048.1	337	k121_214058_10	N/A	25.397	53	189	3.00e-04	43.1
WP_000845048.1	337	k121_127789_1	N/A	28.049	48	164	3.04e-04	43.1
WP_000845048.1	337	k121_246095_1	N/A	35.443	22	79	3.45e-04	42.0
WP_000845048.1	337	k121_261067_2	N/A	36.000	22	75	3.98e-04	39.3
WP_000845048.1	337	k121_81363_5	N/A	28.780	59	205	0.001	41.2
WP_000845048.1	337	k121_116999_2	N/A	28.415	54	183	0.001	40.8
WP_000845048.1	337	k121_110573_3	N/A	24.691	67	243	0.003	39.7
WP_000845048.1	337	k121_126412_2	N/A	27.602	61	221	0.003	39.7
WP_000845048.1	337	k121_130201_5	N/A	27.027	61	222	0.004	39.3
WP_000845048.1	337	k121_33243_2	N/A	23.684	52	190	0.011	38.1
WP_000845048.1	337	k121_73100_9	N/A	27.907	25	86	0.015	37.7
WP_000845048.1	337	k121_275095_2	N/A	35.065	22	77	0.019	36.6
WP_000845048.1	337	k121_81849_3	N/A	33.333	20	69	0.025	37.0
WP_000845048.1	337	k121_271601_1	N/A	26.592	77	267	0.040	36.2
WP_000845048.1	337	k121_44647_2	N/A	30.508	30	118	0.040	36.2
WP_000845048.1	337	k121_109308_1	N/A	29.000	25	100	0.059	35.0
WP_000845048.1	337	k121_198392_1	N/A	28.235	45	170	0.063	35.0
WP_000845048.1	337	k121_75719_1	N/A	22.258	91	310	0.064	35.8
WP_000845048.1	337	k121_163200_1	N/A	32.857	20	70	0.065	35.4
WP_000845048.1	337	k121_103564_13	N/A	21.519	83	316	0.077	35.4
