SadA_ref|WP_036299419.1|:1-399	399	k121_1238815_1	N/A	34.843	71	287	3.14e-48	169
SadA_ref|WP_036299419.1|:1-399	399	k121_2128982_3	N/A	31.429	94	385	3.86e-46	166
SadA_ref|WP_036299419.1|:1-399	399	k121_1379118_2	N/A	29.504	95	383	2.31e-45	164
SadA_ref|WP_036299419.1|:1-399	399	k121_2100228_8	N/A	27.273	91	374	3.30e-41	152
SadA_ref|WP_036299419.1|:1-399	399	k121_352721_1	N/A	34.722	54	216	4.37e-38	144
SadA_ref|WP_036299419.1|:1-399	399	k121_1161976_1	N/A	31.722	81	331	9.16e-38	142
SadA_ref|WP_036299419.1|:1-399	399	k121_1303719_21	N/A	28.520	68	277	2.44e-34	134
SadA_ref|WP_036299419.1|:1-399	399	k121_2279488_1	N/A	27.208	70	283	3.29e-29	118
SadA_ref|WP_036299419.1|:1-399	399	k121_2307111_1	N/A	28.125	63	256	7.97e-26	109
SadA_ref|WP_036299419.1|:1-399	399	k121_1861460_4	N/A	28.125	93	384	8.74e-23	101
SadA_ref|WP_036299419.1|:1-399	399	k121_703592_2	N/A	24.274	94	379	1.16e-22	102
SadA_ref|WP_036299419.1|:1-399	399	k121_1619864_2	N/A	26.650	96	409	5.49e-22	99.8
SadA_ref|WP_036299419.1|:1-399	399	k121_1333073_2	N/A	26.016	89	369	2.78e-20	94.7
SadA_ref|WP_036299419.1|:1-399	399	k121_1474590_1	N/A	29.213	64	267	1.59e-19	90.5
SadA_ref|WP_036299419.1|:1-399	399	k121_39197_2	N/A	29.612	50	206	2.55e-19	91.3
SadA_ref|WP_036299419.1|:1-399	399	k121_790162_1	N/A	24.269	82	342	1.16e-16	84.0
SadA_ref|WP_036299419.1|:1-399	399	k121_8957_2	N/A	26.020	46	196	1.11e-06	53.5
SadA_ref|WP_036299419.1|:1-399	399	k121_1985706_2	N/A	33.333	21	84	1.95e-05	47.0
SadA_ref|WP_036299419.1|:1-399	399	k121_574793_2	N/A	33.333	21	84	8.36e-05	46.6
SadA_ref|WP_036299419.1|:1-399	399	k121_1673364_3	N/A	24.201	54	219	8.41e-05	47.0
SadA_ref|WP_036299419.1|:1-399	399	k121_1358258_1	N/A	24.016	62	254	0.002	43.5
SadA_ref|WP_036299419.1|:1-399	399	k121_1551098_1	N/A	30.952	21	84	0.003	41.6
SadA_ref|WP_036299419.1|:1-399	399	k121_1512291_4	N/A	20.763	52	236	0.004	42.7
SadA_ref|WP_036299419.1|:1-399	399	k121_42003_1	N/A	23.504	51	234	0.005	42.0
SadA_ref|WP_036299419.1|:1-399	399	k121_49356_1	N/A	20.833	81	360	0.016	40.4
SadA_ref|WP_036299419.1|:1-399	399	k121_603006_2	N/A	24.742	47	194	0.053	38.1
SadA_ref|WP_036299419.1|:1-399	399	k121_202385_5	N/A	30.233	21	86	0.077	38.1
SadA_ref|WP_036299419.1|:1-399	399	k121_402335_1	N/A	22.901	64	262	0.090	38.1
SadB_ref|WP_100812327.1|:1-423	423	k121_2128982_3	N/A	33.831	92	402	2.11e-55	191
SadB_ref|WP_100812327.1|:1-423	423	k121_2100228_8	N/A	28.534	89	382	2.93e-43	158
SadB_ref|WP_100812327.1|:1-423	423	k121_1161976_1	N/A	34.862	75	327	4.89e-43	156
SadB_ref|WP_100812327.1|:1-423	423	k121_1379118_2	N/A	27.676	90	383	1.65e-40	151
SadB_ref|WP_100812327.1|:1-423	423	k121_352721_1	N/A	28.354	90	395	4.33e-37	142
SadB_ref|WP_100812327.1|:1-423	423	k121_1303719_21	N/A	25.203	85	369	2.46e-35	137
SadB_ref|WP_100812327.1|:1-423	423	k121_1238815_1	N/A	28.328	68	293	3.11e-33	129
SadB_ref|WP_100812327.1|:1-423	423	k121_2279488_1	N/A	28.920	67	287	2.19e-29	119
SadB_ref|WP_100812327.1|:1-423	423	k121_703592_2	N/A	25.956	85	366	5.31e-26	112
SadB_ref|WP_100812327.1|:1-423	423	k121_2307111_1	N/A	28.413	63	271	5.25e-24	104
SadB_ref|WP_100812327.1|:1-423	423	k121_790162_1	N/A	26.385	85	379	1.11e-22	101
SadB_ref|WP_100812327.1|:1-423	423	k121_1619864_2	N/A	27.229	92	415	4.32e-21	97.4
SadB_ref|WP_100812327.1|:1-423	423	k121_39197_2	N/A	27.893	75	337	1.56e-18	89.4
SadB_ref|WP_100812327.1|:1-423	423	k121_1861460_4	N/A	27.621	88	391	4.18e-18	88.6
SadB_ref|WP_100812327.1|:1-423	423	k121_1333073_2	N/A	26.933	84	375	4.18e-18	88.6
SadB_ref|WP_100812327.1|:1-423	423	k121_1474590_1	N/A	25.701	48	214	3.86e-13	72.4
SadB_ref|WP_100812327.1|:1-423	423	k121_8957_2	N/A	30.636	39	173	7.04e-11	66.6
SadB_ref|WP_100812327.1|:1-423	423	k121_402335_1	N/A	25.124	90	402	3.35e-08	58.5
SadB_ref|WP_100812327.1|:1-423	423	k121_49356_1	N/A	26.034	87	411	7.25e-08	57.4
SadB_ref|WP_100812327.1|:1-423	423	k121_1673364_3	N/A	25.225	52	222	9.03e-08	55.8
SadB_ref|WP_100812327.1|:1-423	423	k121_1229208_1	N/A	29.268	37	164	9.65e-08	55.5
SadB_ref|WP_100812327.1|:1-423	423	k121_1047742_27	N/A	23.364	91	428	4.44e-06	52.0
SadB_ref|WP_100812327.1|:1-423	423	k121_1551098_1	N/A	32.031	27	128	1.80e-05	48.1
SadB_ref|WP_100812327.1|:1-423	423	k121_400719_1	N/A	33.333	25	114	3.76e-05	46.2
SadB_ref|WP_100812327.1|:1-423	423	k121_574793_2	N/A	32.520	26	123	6.62e-05	47.0
SadB_ref|WP_100812327.1|:1-423	423	k121_603224_2	N/A	32.283	27	127	1.12e-04	47.0
SadB_ref|WP_100812327.1|:1-423	423	k121_1677583_1	N/A	23.770	76	366	1.13e-04	47.4
SadB_ref|WP_100812327.1|:1-423	423	k121_299011_2	N/A	27.879	36	165	1.68e-04	47.0
SadB_ref|WP_100812327.1|:1-423	423	k121_432818_1	N/A	23.729	77	354	2.03e-04	46.6
SadB_ref|WP_100812327.1|:1-423	423	k121_42003_1	N/A	24.422	64	303	4.13e-04	45.4
SadB_ref|WP_100812327.1|:1-423	423	k121_2366413_1	N/A	22.973	80	370	4.64e-04	45.4
SadB_ref|WP_100812327.1|:1-423	423	k121_1441557_1	N/A	27.778	25	126	0.002	42.0
SadB_ref|WP_100812327.1|:1-423	423	k121_211170_2	N/A	29.771	27	131	0.004	42.4
SadB_ref|WP_100812327.1|:1-423	423	k121_1342005_1	N/A	25.574	68	305	0.004	42.4
SadB_ref|WP_100812327.1|:1-423	423	k121_367688_3	N/A	28.462	27	130	0.012	39.7
SadB_ref|WP_100812327.1|:1-423	423	k121_284720_3	N/A	27.907	20	86	0.021	38.1
SadB_ref|WP_100812327.1|:1-423	423	k121_202385_5	N/A	27.273	26	121	0.036	39.3
SadB_ref|WP_100812327.1|:1-423	423	k121_1928724_2	N/A	21.809	80	376	0.039	39.3
SadB_ref|WP_100812327.1|:1-423	423	k121_1992740_2	N/A	25.568	41	176	0.057	37.7
SadB_ref|WP_100812327.1|:1-423	423	k121_1358258_1	N/A	24.498	57	249	0.094	38.1
SadC_ref|WP_036299413.1|:1-194	194	k121_1035670_4	N/A	32.117	70	137	9.74e-12	63.2
SadC_ref|WP_036299413.1|:1-194	194	k121_1836293_2	N/A	31.884	71	138	2.26e-11	62.4
SadC_ref|WP_036299413.1|:1-194	194	k121_2195551_2	N/A	28.387	76	155	4.34e-11	62.0
SadC_ref|WP_036299413.1|:1-194	194	k121_1250989_2	N/A	29.286	72	140	6.78e-11	61.2
SadC_ref|WP_036299413.1|:1-194	194	k121_964905_1	N/A	28.873	73	142	1.17e-10	60.5
SadC_ref|WP_036299413.1|:1-194	194	k121_2229864_2	N/A	29.496	71	139	2.05e-10	59.7
SadC_ref|WP_036299413.1|:1-194	194	k121_1493776_3	N/A	27.857	70	140	2.13e-10	59.7
SadC_ref|WP_036299413.1|:1-194	194	k121_37041_2	N/A	31.690	73	142	1.41e-09	57.8
SadC_ref|WP_036299413.1|:1-194	194	k121_1641957_7	N/A	32.031	65	128	2.35e-09	58.5
SadC_ref|WP_036299413.1|:1-194	194	k121_881658_2	N/A	27.703	74	148	3.66e-09	56.6
SadC_ref|WP_036299413.1|:1-194	194	k121_1327338_2	N/A	38.043	47	92	5.39e-09	55.8
SadC_ref|WP_036299413.1|:1-194	194	k121_2239796_5	N/A	29.333	75	150	6.42e-09	55.5
SadC_ref|WP_036299413.1|:1-194	194	k121_653392_3	N/A	36.170	48	94	6.78e-09	54.7
SadC_ref|WP_036299413.1|:1-194	194	k121_1890223_3	N/A	38.144	49	97	1.52e-08	56.2
SadC_ref|WP_036299413.1|:1-194	194	k121_1483403_2	N/A	25.547	71	137	2.00e-08	55.8
SadC_ref|WP_036299413.1|:1-194	194	k121_340889_2	N/A	34.815	61	135	2.97e-08	54.3
SadC_ref|WP_036299413.1|:1-194	194	k121_96276_2	N/A	29.167	73	144	9.96e-08	52.4
SadC_ref|WP_036299413.1|:1-194	194	k121_1045272_3	N/A	36.957	47	92	1.45e-07	52.0
SadC_ref|WP_036299413.1|:1-194	194	k121_1997283_2	N/A	27.778	56	108	2.96e-07	49.7
SadC_ref|WP_036299413.1|:1-194	194	k121_943327_6	N/A	33.663	51	101	6.16e-07	50.4
SadC_ref|WP_036299413.1|:1-194	194	k121_2123007_2	N/A	32.051	75	156	1.16e-06	49.7
SadC_ref|WP_036299413.1|:1-194	194	k121_485232_3	N/A	29.787	48	94	2.22e-06	48.9
SadC_ref|WP_036299413.1|:1-194	194	k121_4620_3	N/A	37.313	35	67	2.73e-06	47.0
SadC_ref|WP_036299413.1|:1-194	194	k121_1332686_2	N/A	32.967	46	91	2.82e-06	49.7
SadC_ref|WP_036299413.1|:1-194	194	k121_1405990_2	N/A	33.333	47	93	3.42e-06	48.5
SadC_ref|WP_036299413.1|:1-194	194	k121_1403167_2	N/A	25.000	76	148	5.75e-06	48.9
SadC_ref|WP_036299413.1|:1-194	194	k121_1308649_8	N/A	31.915	48	94	1.08e-05	47.0
SadC_ref|WP_036299413.1|:1-194	194	k121_2225837_3	N/A	37.805	42	82	1.32e-05	46.6
SadC_ref|WP_036299413.1|:1-194	194	k121_1303719_19	N/A	38.235	35	68	1.48e-05	46.6
SadC_ref|WP_036299413.1|:1-194	194	k121_424994_2	N/A	26.718	67	131	1.58e-05	47.4
SadC_ref|WP_036299413.1|:1-194	194	k121_2259085_2	N/A	34.043	48	94	2.65e-05	45.8
SadC_ref|WP_036299413.1|:1-194	194	k121_196061_3	N/A	24.242	81	165	3.03e-05	46.6
SadC_ref|WP_036299413.1|:1-194	194	k121_292440_2	N/A	27.344	65	128	3.58e-05	46.2
SadC_ref|WP_036299413.1|:1-194	194	k121_1737942_1	N/A	27.350	60	117	7.17e-05	45.4
SadC_ref|WP_036299413.1|:1-194	194	k121_2070774_2	N/A	23.913	71	138	1.51e-04	43.9
SadC_ref|WP_036299413.1|:1-194	194	k121_1415358_2	N/A	31.183	47	93	1.53e-04	43.5
SadC_ref|WP_036299413.1|:1-194	194	k121_2148708_2	N/A	28.571	46	91	1.86e-04	43.5
SadC_ref|WP_036299413.1|:1-194	194	k121_2255999_6	N/A	29.167	82	168	2.61e-04	43.1
SadC_ref|WP_036299413.1|:1-194	194	k121_699425_5	N/A	26.115	79	157	6.12e-04	42.0
SadC_ref|WP_036299413.1|:1-194	194	k121_1948278_3	N/A	28.395	41	81	8.61e-04	40.4
SadC_ref|WP_036299413.1|:1-194	194	k121_1979367_3	N/A	32.895	39	76	0.001	40.8
SadC_ref|WP_036299413.1|:1-194	194	k121_1047742_30	N/A	32.468	39	77	0.001	40.8
SadC_ref|WP_036299413.1|:1-194	194	k121_2316768_4	N/A	26.163	86	172	0.002	40.4
SadC_ref|WP_036299413.1|:1-194	194	k121_20827_2	N/A	26.351	73	148	0.003	39.7
SadC_ref|WP_036299413.1|:1-194	194	k121_1441557_2	N/A	27.273	45	88	0.005	39.3
SadC_ref|WP_036299413.1|:1-194	194	k121_2241750_1	N/A	45.000	20	40	0.026	37.7
SadC_ref|WP_036299413.1|:1-194	194	k121_2113230_2	N/A	38.889	28	54	0.037	36.6
SadC_ref|WP_036299413.1|:1-194	194	k121_1778235_30	N/A	25.333	39	75	0.067	36.6
WP_000259031.1	279	k121_2152010_2	N/A	100.000	99	278	0.0	551
WP_000259031.1	279	k121_1202032_2	N/A	38.760	91	258	3.16e-38	139
WP_000259031.1	279	k121_35115_2	N/A	40.650	88	246	3.38e-34	128
WP_000259031.1	279	k121_276275_2	N/A	36.179	88	246	2.11e-33	125
WP_000259031.1	279	k121_1912454_3	N/A	34.274	88	248	4.18e-33	125
WP_000259031.1	279	k121_1578949_7	N/A	36.290	88	248	6.99e-33	124
WP_000259031.1	279	k121_738759_7	N/A	32.443	93	262	1.97e-31	120
WP_000259031.1	279	k121_314409_3	N/A	33.459	94	266	1.26e-29	115
WP_000259031.1	279	k121_1027894_5	N/A	30.597	93	268	2.13e-29	115
WP_000259031.1	279	k121_223898_7	N/A	36.653	88	251	3.86e-29	114
WP_000259031.1	279	k121_1573735_1	N/A	29.259	96	270	8.74e-29	113
WP_000259031.1	279	k121_892815_1	N/A	30.147	94	272	1.01e-28	113
WP_000259031.1	279	k121_2179348_5	N/A	35.600	89	250	1.42e-28	113
WP_000259031.1	279	k121_2245839_2	N/A	31.193	78	218	1.46e-28	112
WP_000259031.1	279	k121_1744314_4	N/A	31.128	91	257	2.43e-28	112
WP_000259031.1	279	k121_1297028_10	N/A	29.851	93	268	3.57e-28	112
WP_000259031.1	279	k121_1448587_3	N/A	30.132	95	302	5.19e-28	112
WP_000259031.1	279	k121_21862_2	N/A	30.328	86	244	6.92e-28	110
WP_000259031.1	279	k121_1414004_1	N/A	31.325	88	249	7.74e-28	111
WP_000259031.1	279	k121_872944_1	N/A	30.000	88	250	1.36e-27	110
WP_000259031.1	279	k121_1854838_1	N/A	31.452	88	248	1.93e-27	110
WP_000259031.1	279	k121_1251667_5	N/A	36.697	78	218	2.75e-27	109
WP_000259031.1	279	k121_16251_1	N/A	27.820	92	266	2.95e-27	109
WP_000259031.1	279	k121_1977647_95	N/A	32.157	90	255	1.06e-26	107
WP_000259031.1	279	k121_1056474_1	N/A	31.939	91	263	1.08e-26	107
WP_000259031.1	279	k121_1930121_1	N/A	28.405	91	257	4.26e-26	106
WP_000259031.1	279	k121_1725741_41	N/A	32.389	88	247	4.66e-26	106
WP_000259031.1	279	k121_24435_2	N/A	33.891	85	239	4.96e-26	105
WP_000259031.1	279	k121_647041_2	N/A	28.016	91	257	6.05e-26	105
WP_000259031.1	279	k121_352338_1	N/A	30.682	93	264	1.04e-25	106
WP_000259031.1	279	k121_1515709_82	N/A	31.325	88	249	3.13e-25	104
WP_000259031.1	279	k121_2336844_2	N/A	31.855	88	248	5.11e-25	103
WP_000259031.1	279	k121_145832_2	N/A	36.404	81	228	5.29e-25	103
WP_000259031.1	279	k121_357396_13	N/A	33.465	88	254	5.58e-25	105
WP_000259031.1	279	k121_229832_2	N/A	28.517	93	263	5.69e-25	103
WP_000259031.1	279	k121_2114038_2	N/A	36.073	76	219	7.59e-25	103
WP_000259031.1	279	k121_2010280_5	N/A	27.953	89	254	7.98e-25	102
WP_000259031.1	279	k121_2239248_3	N/A	34.842	78	221	1.66e-24	102
WP_000259031.1	279	k121_607119_3	N/A	30.415	76	217	3.25e-24	100
WP_000259031.1	279	k121_1238056_3	N/A	30.916	88	262	8.07e-24	100
WP_000259031.1	279	k121_153557_1	N/A	31.579	94	266	1.06e-23	100
WP_000259031.1	279	k121_1842996_2	N/A	31.179	91	263	1.31e-23	99.8
WP_000259031.1	279	k121_644205_2	N/A	33.065	88	248	2.95e-23	99.4
WP_000259031.1	279	k121_1058172_5	N/A	34.866	91	261	9.46e-23	99.4
WP_000259031.1	279	k121_280168_2	N/A	33.962	75	212	1.14e-22	97.8
WP_000259031.1	279	k121_1872876_16	N/A	35.398	78	226	1.48e-22	97.1
WP_000259031.1	279	k121_405833_3	N/A	29.710	94	276	2.54e-22	96.7
WP_000259031.1	279	k121_2103644_2	N/A	32.155	92	283	5.01e-22	95.9
WP_000259031.1	279	k121_955512_4	N/A	31.538	91	260	7.88e-22	95.9
WP_000259031.1	279	k121_1379016_2	N/A	36.413	63	184	2.78e-21	92.0
WP_000259031.1	279	k121_1356116_1	N/A	26.792	91	265	6.68e-21	92.0
WP_000259031.1	279	k121_36484_2	N/A	29.151	91	271	1.12e-20	92.0
WP_000259031.1	279	k121_1550630_6	N/A	28.102	94	274	1.38e-20	92.0
WP_000259031.1	279	k121_2277519_2	N/A	32.474	68	194	3.32e-20	90.9
WP_000259031.1	279	k121_866941_1	N/A	28.509	79	228	7.20e-20	88.6
WP_000259031.1	279	k121_2179880_1	N/A	29.699	94	266	1.10e-19	89.4
WP_000259031.1	279	k121_121815_2	N/A	28.829	78	222	3.16e-19	88.2
WP_000259031.1	279	k121_1397108_2	N/A	30.233	92	258	3.97e-19	87.8
WP_000259031.1	279	k121_925106_2	N/A	28.319	77	226	4.73e-19	86.7
WP_000259031.1	279	k121_1543565_2	N/A	27.915	95	283	1.16e-18	86.7
WP_000259031.1	279	k121_685406_2	N/A	28.652	63	178	1.45e-18	84.3
WP_000259031.1	279	k121_1178311_2	N/A	28.736	87	261	2.37e-18	85.5
WP_000259031.1	279	k121_439558_1	N/A	29.444	63	180	2.49e-18	84.0
WP_000259031.1	279	k121_101513_1	N/A	29.333	77	225	7.98e-18	83.6
WP_000259031.1	279	k121_87390_14	N/A	26.761	96	284	9.08e-18	84.3
WP_000259031.1	279	k121_180842_2	N/A	28.846	56	156	1.47e-17	80.9
WP_000259031.1	279	k121_1206966_1	N/A	33.121	56	157	1.62e-17	80.9
WP_000259031.1	279	k121_1863026_1	N/A	26.522	76	230	1.16e-16	80.1
WP_000259031.1	279	k121_2119698_1	N/A	36.800	44	125	1.79e-16	77.8
WP_000259031.1	279	k121_412686_2	N/A	27.984	81	243	1.93e-16	79.7
WP_000259031.1	279	k121_1691474_2	N/A	27.007	92	274	2.78e-16	79.7
WP_000259031.1	279	k121_709913_2	N/A	26.087	87	253	3.66e-16	80.1
WP_000259031.1	279	k121_149167_7	N/A	36.449	38	107	1.44e-15	74.7
WP_000259031.1	279	k121_1096889_1	N/A	40.659	32	91	2.85e-14	70.5
WP_000259031.1	279	k121_515053_2	N/A	31.915	64	188	3.38e-14	72.4
WP_000259031.1	279	k121_1024268_3	N/A	26.087	61	184	1.75e-13	70.5
WP_000259031.1	279	k121_1499202_1	N/A	30.348	70	201	6.58e-13	69.7
WP_000259031.1	279	k121_274081_3	N/A	34.653	35	101	1.94e-12	65.5
WP_000259031.1	279	k121_143422_1	N/A	24.291	89	247	3.22e-12	68.6
WP_000259031.1	279	k121_983439_1	N/A	35.659	46	129	1.98e-11	64.3
WP_000259031.1	279	k121_1739700_1	N/A	34.646	44	127	2.54e-11	65.5
WP_000259031.1	279	k121_779908_2	N/A	39.286	30	84	2.61e-11	62.0
WP_000259031.1	279	k121_369373_1	N/A	31.034	48	145	2.64e-11	63.9
WP_000259031.1	279	k121_633935_2	N/A	31.496	44	127	5.96e-11	62.8
WP_000259031.1	279	k121_47133_7	N/A	27.861	71	201	1.15e-10	62.8
WP_000259031.1	279	k121_1570242_59	N/A	27.778	61	180	2.07e-10	62.4
WP_000259031.1	279	k121_1150997_1	N/A	33.071	44	127	3.11e-10	62.0
WP_000259031.1	279	k121_1895670_1	N/A	38.095	37	105	4.29e-10	59.3
WP_000259031.1	279	k121_1909648_1	N/A	34.951	36	103	1.99e-09	57.0
WP_000259031.1	279	k121_850003_1	N/A	38.000	36	100	3.03e-09	58.9
WP_000259031.1	279	k121_1254210_5	N/A	28.571	64	182	4.87e-09	57.8
WP_000259031.1	279	k121_1626181_1	N/A	42.202	38	109	9.03e-09	55.5
WP_000259031.1	279	k121_116022_2	N/A	31.933	42	119	1.19e-08	56.2
WP_000259031.1	279	k121_1091941_2	N/A	29.375	56	160	2.85e-08	55.1
WP_000259031.1	279	k121_502306_2	N/A	31.875	56	160	8.44e-08	53.9
WP_000259031.1	279	k121_1388390_1	N/A	32.298	56	161	3.81e-07	53.5
WP_000259031.1	279	k121_2368799_2	N/A	35.385	23	65	1.94e-06	47.8
WP_000259031.1	279	k121_1861633_3	N/A	23.858	64	197	3.01e-06	50.1
WP_000259031.1	279	k121_252144_1	N/A	27.642	44	123	7.16e-05	44.7
WP_000259031.1	279	k121_1570242_58	N/A	37.143	25	70	7.67e-05	46.2
WP_000259031.1	279	k121_62521_2	N/A	25.170	49	147	1.52e-04	45.1
WP_000259031.1	279	k121_1314947_1	N/A	33.766	27	77	1.94e-04	45.4
WP_000259031.1	279	k121_452179_1	N/A	30.435	25	69	2.50e-04	42.4
WP_000259031.1	279	k121_1124506_4	N/A	35.135	37	111	5.10e-04	42.0
WP_000259031.1	279	k121_62521_3	N/A	31.646	28	79	6.04e-04	43.9
WP_000259031.1	279	k121_73509_26	N/A	28.235	29	85	7.37e-04	41.6
WP_000259031.1	279	k121_1894370_2	N/A	39.785	33	93	0.003	39.7
WP_001043260.1	271	k121_2152010_2	N/A	52.692	95	260	9.05e-84	255
WP_001043260.1	271	k121_1202032_2	N/A	40.840	96	262	3.37e-48	164
WP_001043260.1	271	k121_276275_2	N/A	40.541	95	259	1.45e-47	162
WP_001043260.1	271	k121_1056474_1	N/A	37.546	96	269	1.78e-43	151
WP_001043260.1	271	k121_35115_2	N/A	41.860	95	258	2.18e-43	151
WP_001043260.1	271	k121_2336844_2	N/A	35.472	97	265	3.31e-43	151
WP_001043260.1	271	k121_1912454_3	N/A	35.743	90	249	1.46e-41	147
WP_001043260.1	271	k121_2245839_2	N/A	36.296	98	270	6.92e-41	144
WP_001043260.1	271	k121_1251667_5	N/A	40.698	95	258	1.11e-40	144
WP_001043260.1	271	k121_1515709_82	N/A	36.680	95	259	1.25e-40	144
WP_001043260.1	271	k121_1397108_2	N/A	36.742	97	264	3.97e-40	143
WP_001043260.1	271	k121_1842996_2	N/A	35.821	96	268	4.66e-40	142
WP_001043260.1	271	k121_36484_2	N/A	33.091	96	275	7.34e-40	142
WP_001043260.1	271	k121_1725741_41	N/A	38.168	96	262	1.43e-39	141
WP_001043260.1	271	k121_1027894_5	N/A	32.222	98	270	1.82e-39	141
WP_001043260.1	271	k121_314409_3	N/A	33.206	96	262	2.24e-38	138
WP_001043260.1	271	k121_2103644_2	N/A	36.071	95	280	2.68e-38	138
WP_001043260.1	271	k121_1543565_2	N/A	34.307	96	274	3.06e-38	139
WP_001043260.1	271	k121_1297028_10	N/A	32.171	94	258	3.84e-38	137
WP_001043260.1	271	k121_892815_1	N/A	31.618	97	272	1.64e-37	136
WP_001043260.1	271	k121_24435_2	N/A	38.912	87	239	3.03e-37	134
WP_001043260.1	271	k121_2239248_3	N/A	41.284	79	218	5.99e-37	134
WP_001043260.1	271	k121_1578949_7	N/A	38.672	93	256	1.90e-36	133
WP_001043260.1	271	k121_955512_4	N/A	38.971	96	272	5.00e-36	134
WP_001043260.1	271	k121_738759_7	N/A	36.842	96	266	5.85e-36	132
WP_001043260.1	271	k121_223898_7	N/A	39.147	95	258	1.30e-35	131
WP_001043260.1	271	k121_2114038_2	N/A	38.645	91	251	3.86e-35	130
WP_001043260.1	271	k121_1854838_1	N/A	35.178	92	253	7.28e-35	129
WP_001043260.1	271	k121_1414004_1	N/A	33.597	92	253	1.61e-34	128
WP_001043260.1	271	k121_1691474_2	N/A	31.752	94	274	3.52e-34	127
WP_001043260.1	271	k121_644205_2	N/A	35.521	95	259	4.54e-34	127
WP_001043260.1	271	k121_1872876_16	N/A	37.546	97	269	7.52e-34	127
WP_001043260.1	271	k121_87390_14	N/A	31.915	98	282	1.36e-33	126
WP_001043260.1	271	k121_872944_1	N/A	32.841	96	271	1.71e-33	125
WP_001043260.1	271	k121_1448587_3	N/A	33.453	90	278	2.35e-33	125
WP_001043260.1	271	k121_153557_1	N/A	36.293	95	259	7.25e-33	124
WP_001043260.1	271	k121_101513_1	N/A	36.652	79	221	9.14e-33	123
WP_001043260.1	271	k121_121815_2	N/A	28.839	97	267	1.34e-32	123
WP_001043260.1	271	k121_1744314_4	N/A	33.466	91	251	1.39e-32	123
WP_001043260.1	271	k121_647041_2	N/A	32.000	91	250	1.67e-32	123
WP_001043260.1	271	k121_1977647_95	N/A	33.716	94	261	2.78e-32	122
WP_001043260.1	271	k121_145832_2	N/A	38.697	95	261	4.13e-32	122
WP_001043260.1	271	k121_1930121_1	N/A	29.278	95	263	6.84e-32	121
WP_001043260.1	271	k121_180842_2	N/A	38.312	56	154	3.67e-31	116
WP_001043260.1	271	k121_1550630_6	N/A	30.112	96	269	1.84e-30	118
WP_001043260.1	271	k121_925106_2	N/A	33.333	79	225	9.06e-30	115
WP_001043260.1	271	k121_21862_2	N/A	33.750	87	240	9.19e-30	115
WP_001043260.1	271	k121_2179880_1	N/A	33.591	95	259	1.25e-29	115
WP_001043260.1	271	k121_16251_1	N/A	29.084	91	251	5.07e-29	114
WP_001043260.1	271	k121_1379016_2	N/A	37.931	64	174	9.34e-29	111
WP_001043260.1	271	k121_2179348_5	N/A	33.588	96	262	9.99e-29	113
WP_001043260.1	271	k121_412686_2	N/A	31.939	92	263	3.32e-28	111
WP_001043260.1	271	k121_229832_2	N/A	28.897	95	263	8.83e-28	110
WP_001043260.1	271	k121_352338_1	N/A	29.213	97	267	1.30e-27	111
WP_001043260.1	271	k121_280168_2	N/A	36.190	76	210	4.48e-27	109
WP_001043260.1	271	k121_2010280_5	N/A	27.969	95	261	9.77e-27	107
WP_001043260.1	271	k121_1573735_1	N/A	28.897	95	263	3.08e-26	106
WP_001043260.1	271	k121_1206966_1	N/A	38.365	56	159	5.07e-26	103
WP_001043260.1	271	k121_1058172_5	N/A	33.824	98	272	1.34e-25	106
WP_001043260.1	271	k121_1863026_1	N/A	34.211	78	228	2.22e-25	103
WP_001043260.1	271	k121_1178311_2	N/A	29.964	97	277	7.43e-25	102
WP_001043260.1	271	k121_607119_3	N/A	31.481	78	216	2.28e-24	100
WP_001043260.1	271	k121_685406_2	N/A	32.768	64	177	2.76e-24	99.4
WP_001043260.1	271	k121_1356116_1	N/A	27.413	94	259	3.37e-24	100
WP_001043260.1	271	k121_2277519_2	N/A	32.955	64	176	5.03e-24	100
WP_001043260.1	271	k121_1150997_1	N/A	43.307	46	127	1.12e-23	98.6
WP_001043260.1	271	k121_1238056_3	N/A	29.151	94	271	1.99e-23	99.4
WP_001043260.1	271	k121_405833_3	N/A	29.927	96	274	2.70e-23	99.0
WP_001043260.1	271	k121_357396_13	N/A	29.323	97	266	6.37e-23	99.0
WP_001043260.1	271	k121_2119698_1	N/A	41.406	46	128	8.66e-23	94.7
WP_001043260.1	271	k121_709913_2	N/A	28.627	90	255	1.04e-22	97.8
WP_001043260.1	271	k121_779908_2	N/A	53.012	31	83	1.33e-22	92.0
WP_001043260.1	271	k121_866941_1	N/A	29.493	79	217	5.86e-22	94.0
WP_001043260.1	271	k121_149167_7	N/A	43.269	38	104	1.48e-21	90.5
WP_001043260.1	271	k121_439558_1	N/A	31.285	64	179	3.89e-21	91.3
WP_001043260.1	271	k121_1024268_3	N/A	31.148	62	183	1.05e-20	90.1
WP_001043260.1	271	k121_143422_1	N/A	29.084	91	251	3.67e-19	87.8
WP_001043260.1	271	k121_274081_3	N/A	40.196	37	102	7.96e-18	80.1
WP_001043260.1	271	k121_369373_1	N/A	36.000	55	150	1.40e-16	78.2
WP_001043260.1	271	k121_1096889_1	N/A	41.304	34	92	1.69e-16	76.3
WP_001043260.1	271	k121_515053_2	N/A	34.184	69	196	5.25e-16	77.0
WP_001043260.1	271	k121_1499202_1	N/A	28.879	80	232	1.16e-14	74.3
WP_001043260.1	271	k121_1739700_1	N/A	33.553	55	152	1.47e-14	74.3
WP_001043260.1	271	k121_633935_2	N/A	32.283	46	127	1.02e-12	67.8
WP_001043260.1	271	k121_2368799_2	N/A	49.231	24	65	1.81e-12	64.3
WP_001043260.1	271	k121_47133_7	N/A	25.980	73	204	4.39e-12	66.6
WP_001043260.1	271	k121_983439_1	N/A	34.320	62	169	7.72e-12	65.5
WP_001043260.1	271	k121_850003_1	N/A	39.000	37	100	1.07e-11	65.9
WP_001043260.1	271	k121_1314947_1	N/A	43.056	26	72	2.93e-11	66.2
WP_001043260.1	271	k121_73509_26	N/A	36.471	31	85	6.19e-11	61.2
WP_001043260.1	271	k121_1570242_58	N/A	38.961	28	77	9.10e-11	63.5
WP_001043260.1	271	k121_1388390_1	N/A	35.625	57	160	1.42e-10	63.2
WP_001043260.1	271	k121_1570242_59	N/A	25.943	75	212	2.03e-10	62.4
WP_001043260.1	271	k121_62521_3	N/A	44.444	26	72	2.64e-10	63.2
WP_001043260.1	271	k121_116022_2	N/A	33.333	40	108	3.58e-10	60.5
WP_001043260.1	271	k121_1895670_1	N/A	32.000	44	125	5.02e-10	58.9
WP_001043260.1	271	k121_1091941_2	N/A	31.847	57	157	5.72e-10	60.1
WP_001043260.1	271	k121_452179_1	N/A	30.137	27	73	2.73e-08	53.5
WP_001043260.1	271	k121_1626181_1	N/A	44.898	36	98	4.17e-08	53.5
WP_001043260.1	271	k121_1894370_2	N/A	43.269	38	104	3.58e-07	50.8
WP_001043260.1	271	k121_1254210_5	N/A	21.795	58	156	4.57e-06	49.3
WP_001043260.1	271	k121_1909648_1	N/A	35.922	37	103	5.45e-06	47.4
WP_001043260.1	271	k121_328342_3	N/A	36.364	20	55	1.54e-05	45.4
WP_001043260.1	271	k121_1124506_4	N/A	33.333	36	105	3.28e-05	45.1
WP_001043260.1	271	k121_502306_2	N/A	31.210	55	157	5.33e-05	45.8
WP_001043260.1	271	k121_62521_2	N/A	21.000	69	200	2.22e-04	44.3
WP_001043260.1	271	k121_2347141_1	N/A	35.135	40	111	0.003	40.0
WP_001043260.1	271	k121_252144_1	N/A	23.967	44	121	0.008	38.9
WP_001043260.1	271	k121_534561_1	N/A	36.232	23	69	0.094	34.7
WP_000034420.1	263	k121_2152010_2	N/A	43.295	99	261	1.16e-77	239
WP_000034420.1	263	k121_2245839_2	N/A	39.382	97	259	1.55e-51	172
WP_000034420.1	263	k121_2336844_2	N/A	37.165	98	261	4.35e-50	168
WP_000034420.1	263	k121_1202032_2	N/A	36.680	98	259	5.45e-50	169
WP_000034420.1	263	k121_35115_2	N/A	38.550	99	262	9.97e-50	167
WP_000034420.1	263	k121_223898_7	N/A	38.550	99	262	1.58e-48	164
WP_000034420.1	263	k121_276275_2	N/A	34.866	99	261	2.55e-47	161
WP_000034420.1	263	k121_1297028_10	N/A	35.798	96	257	6.28e-46	157
WP_000034420.1	263	k121_1027894_5	N/A	35.409	96	257	9.99e-46	157
WP_000034420.1	263	k121_1515709_82	N/A	35.249	98	261	1.16e-45	157
WP_000034420.1	263	k121_1872876_16	N/A	36.842	99	266	5.64e-45	155
WP_000034420.1	263	k121_24435_2	N/A	33.891	90	239	8.98e-45	154
WP_000034420.1	263	k121_1842996_2	N/A	34.944	99	269	1.00e-44	154
WP_000034420.1	263	k121_1725741_41	N/A	36.015	98	261	1.67e-44	154
WP_000034420.1	263	k121_1578949_7	N/A	36.863	95	255	5.75e-44	153
WP_000034420.1	263	k121_1056474_1	N/A	35.294	98	272	6.82e-44	152
WP_000034420.1	263	k121_2103644_2	N/A	34.602	98	289	1.62e-43	152
WP_000034420.1	263	k121_892815_1	N/A	33.459	98	266	3.28e-43	150
WP_000034420.1	263	k121_87390_14	N/A	33.455	99	275	1.51e-42	149
WP_000034420.1	263	k121_1550630_6	N/A	34.091	97	264	3.58e-42	148
WP_000034420.1	263	k121_314409_3	N/A	33.463	96	257	4.91e-42	147
WP_000034420.1	263	k121_1912454_3	N/A	32.661	94	248	8.95e-41	144
WP_000034420.1	263	k121_1543565_2	N/A	33.333	99	276	2.06e-40	144
WP_000034420.1	263	k121_2114038_2	N/A	35.714	99	266	2.09e-40	143
WP_000034420.1	263	k121_1977647_95	N/A	34.387	95	253	2.15e-40	143
WP_000034420.1	263	k121_1251667_5	N/A	35.878	99	262	1.41e-39	141
WP_000034420.1	263	k121_145832_2	N/A	35.985	99	264	1.67e-39	141
WP_000034420.1	263	k121_36484_2	N/A	31.273	99	275	1.81e-39	141
WP_000034420.1	263	k121_2239248_3	N/A	33.585	99	265	2.76e-38	137
WP_000034420.1	263	k121_2179348_5	N/A	34.457	99	267	3.61e-38	137
WP_000034420.1	263	k121_153557_1	N/A	34.601	99	263	6.06e-38	137
WP_000034420.1	263	k121_1691474_2	N/A	32.830	95	265	7.65e-38	136
WP_000034420.1	263	k121_738759_7	N/A	33.585	98	265	3.38e-37	135
WP_000034420.1	263	k121_1397108_2	N/A	32.824	98	262	3.63e-37	135
WP_000034420.1	263	k121_644205_2	N/A	33.840	99	263	8.87e-37	134
WP_000034420.1	263	k121_21862_2	N/A	32.365	90	241	1.33e-36	132
WP_000034420.1	263	k121_1058172_5	N/A	32.453	98	265	1.40e-36	136
WP_000034420.1	263	k121_955512_4	N/A	32.061	97	262	2.82e-36	134
WP_000034420.1	263	k121_2179880_1	N/A	33.840	99	263	7.54e-36	132
WP_000034420.1	263	k121_101513_1	N/A	36.404	84	228	2.61e-35	129
WP_000034420.1	263	k121_1448587_3	N/A	30.717	98	293	2.97e-35	130
WP_000034420.1	263	k121_352338_1	N/A	30.534	99	262	5.70e-35	130
WP_000034420.1	263	k121_121815_2	N/A	32.171	97	258	3.16e-34	127
WP_000034420.1	263	k121_1744314_4	N/A	31.321	99	265	3.80e-34	127
WP_000034420.1	263	k121_16251_1	N/A	32.941	95	255	1.58e-33	125
WP_000034420.1	263	k121_1178311_2	N/A	32.967	98	273	7.47e-33	124
WP_000034420.1	263	k121_647041_2	N/A	32.819	97	259	8.03e-33	123
WP_000034420.1	263	k121_872944_1	N/A	30.303	98	264	2.19e-32	122
WP_000034420.1	263	k121_357396_13	N/A	31.818	99	264	3.83e-32	123
WP_000034420.1	263	k121_1854838_1	N/A	32.210	98	267	1.84e-31	120
WP_000034420.1	263	k121_866941_1	N/A	32.719	81	217	5.24e-31	117
WP_000034420.1	263	k121_1356116_1	N/A	32.819	97	259	8.04e-31	117
WP_000034420.1	263	k121_1930121_1	N/A	31.716	99	268	1.33e-30	117
WP_000034420.1	263	k121_180842_2	N/A	36.207	63	174	4.13e-30	113
WP_000034420.1	263	k121_412686_2	N/A	30.769	94	260	4.59e-30	115
WP_000034420.1	263	k121_1379016_2	N/A	35.955	67	178	5.07e-30	114
WP_000034420.1	263	k121_405833_3	N/A	31.022	98	274	7.80e-30	116
WP_000034420.1	263	k121_1414004_1	N/A	30.682	98	264	1.03e-29	115
WP_000034420.1	263	k121_1238056_3	N/A	31.111	97	270	1.15e-29	115
WP_000034420.1	263	k121_925106_2	N/A	30.303	84	231	5.15e-29	112
WP_000034420.1	263	k121_515053_2	N/A	35.533	71	197	2.30e-28	109
WP_000034420.1	263	k121_1573735_1	N/A	30.798	99	263	4.51e-28	111
WP_000034420.1	263	k121_607119_3	N/A	31.944	80	216	1.16e-27	108
WP_000034420.1	263	k121_2277519_2	N/A	34.091	67	176	1.21e-27	110
WP_000034420.1	263	k121_229832_2	N/A	31.579	99	266	1.50e-27	109
WP_000034420.1	263	k121_2010280_5	N/A	30.859	95	256	6.73e-27	107
WP_000034420.1	263	k121_709913_2	N/A	30.303	98	264	1.78e-26	107
WP_000034420.1	263	k121_1206966_1	N/A	38.400	47	125	3.40e-26	103
WP_000034420.1	263	k121_2119698_1	N/A	37.580	59	157	1.87e-25	101
WP_000034420.1	263	k121_1150997_1	N/A	41.406	48	128	3.64e-25	102
WP_000034420.1	263	k121_280168_2	N/A	30.332	79	211	1.50e-24	102
WP_000034420.1	263	k121_1096889_1	N/A	47.826	35	92	2.10e-23	94.4
WP_000034420.1	263	k121_149167_7	N/A	41.509	40	106	4.67e-23	94.0
WP_000034420.1	263	k121_439558_1	N/A	32.402	66	179	8.69e-22	92.8
WP_000034420.1	263	k121_1863026_1	N/A	29.386	80	228	1.95e-21	92.8
WP_000034420.1	263	k121_143422_1	N/A	27.670	77	206	9.83e-21	91.7
WP_000034420.1	263	k121_685406_2	N/A	34.254	67	181	5.46e-20	87.8
WP_000034420.1	263	k121_1895670_1	N/A	38.261	44	115	7.85e-20	85.1
WP_000034420.1	263	k121_47133_7	N/A	27.638	75	199	4.38e-19	85.5
WP_000034420.1	263	k121_779908_2	N/A	43.529	32	85	4.88e-19	82.4
WP_000034420.1	263	k121_1739700_1	N/A	32.026	58	153	2.05e-18	84.7
WP_000034420.1	263	k121_1570242_58	N/A	50.704	27	71	4.35e-17	80.9
WP_000034420.1	263	k121_274081_3	N/A	40.594	38	101	1.24e-16	76.6
WP_000034420.1	263	k121_1024268_3	N/A	28.962	64	183	3.36e-16	77.8
WP_000034420.1	263	k121_1388390_1	N/A	31.056	59	161	1.44e-15	77.4
WP_000034420.1	263	k121_1570242_59	N/A	26.699	74	206	2.16e-14	73.2
WP_000034420.1	263	k121_983439_1	N/A	33.529	63	170	2.24e-14	72.4
WP_000034420.1	263	k121_369373_1	N/A	32.414	54	145	1.37e-13	70.1
WP_000034420.1	263	k121_633935_2	N/A	33.071	47	127	2.32e-13	69.3
WP_000034420.1	263	k121_1499202_1	N/A	25.751	83	233	2.42e-13	70.5
WP_000034420.1	263	k121_2368799_2	N/A	46.154	25	65	4.56e-13	65.9
WP_000034420.1	263	k121_1091941_2	N/A	28.662	59	157	3.14e-12	65.9
WP_000034420.1	263	k121_1626181_1	N/A	36.893	39	103	1.98e-11	62.4
WP_000034420.1	263	k121_850003_1	N/A	33.654	40	104	2.27e-11	64.7
WP_000034420.1	263	k121_1894370_2	N/A	39.286	43	112	3.90e-11	61.6
WP_000034420.1	263	k121_502306_2	N/A	28.662	59	157	1.75e-10	61.2
WP_000034420.1	263	k121_62521_3	N/A	41.026	29	78	2.00e-10	63.5
WP_000034420.1	263	k121_1314947_1	N/A	41.667	27	72	2.02e-10	63.5
WP_000034420.1	263	k121_1124506_4	N/A	35.577	37	104	2.46e-10	59.3
WP_000034420.1	263	k121_73509_26	N/A	40.476	31	84	3.27e-10	59.3
WP_000034420.1	263	k121_116022_2	N/A	30.719	56	153	3.85e-10	60.1
WP_000034420.1	263	k121_1909648_1	N/A	31.683	38	101	8.62e-10	57.8
WP_000034420.1	263	k121_1800536_2	N/A	48.148	20	54	1.51e-08	53.5
WP_000034420.1	263	k121_452179_1	N/A	37.879	25	66	1.88e-08	53.9
WP_000034420.1	263	k121_252144_1	N/A	29.839	47	124	1.02e-07	52.8
WP_000034420.1	263	k121_1861633_3	N/A	24.378	71	201	3.28e-07	52.8
WP_000034420.1	263	k121_1254210_5	N/A	31.624	44	117	4.34e-07	52.0
WP_000034420.1	263	k121_62521_2	N/A	22.388	71	201	4.42e-06	49.3
WP_000034420.1	263	k121_328342_3	N/A	35.088	22	57	1.55e-05	45.4
WP_000034420.1	263	k121_534561_1	N/A	38.806	22	67	3.39e-05	44.3
WP_000034420.1	263	k121_2347141_1	N/A	33.051	43	118	0.004	40.0
WP_000034420.1	263	k121_1889908_2	N/A	40.351	22	57	0.013	40.0
WP_000034420.1	263	k121_727550_2	N/A	35.484	24	62	0.020	39.3
WP_000034420.1	263	k121_349749_1	N/A	31.818	25	66	0.029	38.1
WP_000034420.1	263	k121_1010202_1	N/A	35.938	24	64	0.053	38.1
WP_000034420.1	263	k121_1247101_2	N/A	36.667	23	60	0.084	37.4
WP_000845048.1	337	k121_1722512_2	N/A	100.000	71	238	1.92e-173	483
WP_000845048.1	337	k121_1297103_1	N/A	68.421	96	323	1.30e-161	458
WP_000845048.1	337	k121_2013696_2	N/A	69.909	98	329	1.75e-158	450
WP_000845048.1	337	k121_390061_1	N/A	63.664	99	333	1.71e-150	429
WP_000845048.1	337	k121_469311_1	N/A	73.978	80	269	1.25e-145	416
WP_000845048.1	337	k121_1718389_1	N/A	65.758	96	330	2.87e-145	419
WP_000845048.1	337	k121_1989373_1	N/A	64.062	95	320	1.08e-144	414
WP_000845048.1	337	k121_342242_2	N/A	64.780	93	318	3.33e-142	407
WP_000845048.1	337	k121_2062497_2	N/A	61.890	96	328	1.52e-140	404
WP_000845048.1	337	k121_1733228_53	N/A	60.429	96	326	2.59e-137	396
WP_000845048.1	337	k121_1969561_1	N/A	59.281	98	334	3.71e-135	390
WP_000845048.1	337	k121_526897_37	N/A	59.627	94	322	2.37e-133	385
WP_000845048.1	337	k121_56907_2	N/A	61.268	84	284	2.51e-124	360
WP_000845048.1	337	k121_327701_1	N/A	64.815	80	270	6.59e-120	348
WP_000845048.1	337	k121_1300398_2	N/A	61.194	80	268	3.23e-113	332
WP_000845048.1	337	k121_1151007_2	N/A	51.695	96	354	8.03e-108	321
WP_000845048.1	337	k121_1198481_1	N/A	56.835	81	278	4.40e-107	317
WP_000845048.1	337	k121_1572327_2	N/A	53.016	93	315	4.62e-106	315
WP_000845048.1	337	k121_1863837_1	N/A	53.016	93	315	8.38e-105	312
WP_000845048.1	337	k121_1008354_2	N/A	57.197	77	264	2.46e-100	299
WP_000845048.1	337	k121_70362_1	N/A	65.126	71	238	1.52e-99	296
WP_000845048.1	337	k121_2152010_1	N/A	100.000	41	139	1.61e-95	282
WP_000845048.1	337	k121_684986_2	N/A	49.367	94	316	2.54e-95	292
WP_000845048.1	337	k121_2152037_1	N/A	97.842	41	139	8.49e-94	278
WP_000845048.1	337	k121_408680_2	N/A	47.134	93	314	1.14e-92	286
WP_000845048.1	337	k121_156890_1	N/A	48.254	93	315	2.33e-89	277
WP_000845048.1	337	k121_889949_2	N/A	66.837	58	196	4.01e-89	268
WP_000845048.1	337	k121_502086_1	N/A	48.256	96	344	5.14e-87	268
WP_000845048.1	337	k121_1933125_1	N/A	46.815	93	314	2.43e-86	265
WP_000845048.1	337	k121_1632081_1	N/A	59.906	63	212	7.14e-85	258
WP_000845048.1	337	k121_22800_2	N/A	66.500	59	200	1.47e-83	257
WP_000845048.1	337	k121_886926_1	N/A	42.535	93	355	3.12e-82	256
WP_000845048.1	337	k121_1129512_1	N/A	59.276	66	221	1.87e-81	249
WP_000845048.1	337	k121_234174_1	N/A	48.322	88	298	6.20e-81	251
WP_000845048.1	337	k121_1250726_1	N/A	48.039	91	306	8.73e-81	255
WP_000845048.1	337	k121_329200_1	N/A	51.493	79	268	2.57e-79	245
WP_000845048.1	337	k121_549113_1	N/A	54.839	73	248	4.54e-77	240
WP_000845048.1	337	k121_1212371_2	N/A	43.377	89	302	3.21e-72	232
WP_000845048.1	337	k121_1140527_2	N/A	43.234	89	303	4.35e-72	233
WP_000845048.1	337	k121_2305959_1	N/A	47.059	79	272	4.91e-72	227
WP_000845048.1	337	k121_1577173_3	N/A	81.600	37	125	2.82e-68	212
WP_000845048.1	337	k121_596842_1	N/A	46.694	72	242	4.03e-68	216
WP_000845048.1	337	k121_1812366_2	N/A	61.392	47	158	9.76e-65	204
WP_000845048.1	337	k121_204878_1	N/A	37.183	89	355	3.78e-64	213
WP_000845048.1	337	k121_413638_1	N/A	49.302	64	215	2.61e-63	203
WP_000845048.1	337	k121_565513_1	N/A	48.182	62	220	6.04e-63	202
WP_000845048.1	337	k121_1298066_1	N/A	39.385	88	325	1.59e-62	208
WP_000845048.1	337	k121_717952_6	N/A	49.761	59	209	2.43e-61	197
WP_000845048.1	337	k121_477374_1	N/A	58.065	46	155	1.14e-52	173
WP_000845048.1	337	k121_573816_1	N/A	48.634	54	183	9.50e-52	172
WP_000845048.1	337	k121_1287846_1	N/A	38.039	75	255	1.23e-49	173
WP_000845048.1	337	k121_256088_1	N/A	36.859	91	312	3.90e-49	172
WP_000845048.1	337	k121_732729_3	N/A	73.529	30	102	2.48e-47	158
WP_000845048.1	337	k121_1887672_4	N/A	60.714	42	140	1.00e-46	157
WP_000845048.1	337	k121_1537301_1	N/A	38.614	90	303	3.40e-46	161
WP_000845048.1	337	k121_2102411_1	N/A	31.269	95	323	5.97e-41	152
WP_000845048.1	337	k121_1542435_1	N/A	39.713	62	209	6.08e-41	149
WP_000845048.1	337	k121_500001_2	N/A	75.556	27	90	1.45e-39	140
WP_000845048.1	337	k121_1465096_3	N/A	62.037	31	108	3.98e-39	137
WP_000845048.1	337	k121_26318_1	N/A	29.538	96	325	6.11e-39	145
WP_000845048.1	337	k121_404347_2	N/A	58.261	32	115	7.62e-38	134
WP_000845048.1	337	k121_1729891_5	N/A	33.435	97	329	2.61e-36	135
WP_000845048.1	337	k121_1571285_3	N/A	70.588	25	85	9.28e-36	127
WP_000845048.1	337	k121_772996_12	N/A	30.063	93	316	1.47e-34	132
WP_000845048.1	337	k121_15303_6	N/A	67.033	27	91	2.37e-34	124
WP_000845048.1	337	k121_840808_1	N/A	47.586	43	145	3.06e-33	122
WP_000845048.1	337	k121_146700_1	N/A	59.000	30	100	1.59e-32	119
WP_000845048.1	337	k121_1564745_2	N/A	32.042	83	284	1.69e-32	124
WP_000845048.1	337	k121_1195979_2	N/A	32.667	85	300	2.63e-32	124
WP_000845048.1	337	k121_1104904_2	N/A	32.595	90	316	3.01e-32	124
WP_000845048.1	337	k121_2125828_1	N/A	57.692	31	104	6.62e-32	118
WP_000845048.1	337	k121_257575_1	N/A	46.099	42	141	1.58e-31	118
WP_000845048.1	337	k121_1943517_2	N/A	31.935	92	310	1.71e-31	122
WP_000845048.1	337	k121_1749139_2	N/A	33.007	90	306	4.58e-30	118
WP_000845048.1	337	k121_90693_2	N/A	31.271	85	291	1.83e-29	117
WP_000845048.1	337	k121_295105_1	N/A	35.510	72	245	2.09e-29	115
WP_000845048.1	337	k121_2118618_2	N/A	39.881	37	168	2.36e-29	113
WP_000845048.1	337	k121_1292369_1	N/A	33.548	91	310	4.72e-28	113
WP_000845048.1	337	k121_2185474_1	N/A	27.044	93	318	1.35e-27	114
WP_000845048.1	337	k121_348453_2	N/A	29.787	96	329	1.50e-27	112
WP_000845048.1	337	k121_794890_1	N/A	29.618	92	314	1.68e-27	111
WP_000845048.1	337	k121_750840_1	N/A	34.615	58	208	3.52e-27	111
WP_000845048.1	337	k121_1212371_3	N/A	45.455	33	110	3.66e-27	105
WP_000845048.1	337	k121_474405_2	N/A	31.715	90	309	4.21e-27	110
WP_000845048.1	337	k121_359436_1	N/A	32.704	93	318	1.38e-26	108
WP_000845048.1	337	k121_653136_1	N/A	26.899	93	316	1.64e-26	109
WP_000845048.1	337	k121_1323254_1	N/A	30.492	90	305	1.67e-26	108
WP_000845048.1	337	k121_1997786_1	N/A	49.524	31	105	1.48e-24	100
WP_000845048.1	337	k121_2076627_84	N/A	33.871	68	248	2.20e-24	103
WP_000845048.1	337	k121_1447642_1	N/A	30.547	91	311	2.83e-24	103
WP_000845048.1	337	k121_1056741_2	N/A	34.979	69	243	3.38e-24	103
WP_000845048.1	337	k121_2107884_1	N/A	31.359	85	287	7.53e-24	101
WP_000845048.1	337	k121_490816_7	N/A	32.343	84	303	8.88e-24	102
WP_000845048.1	337	k121_1431127_2	N/A	32.353	78	272	2.53e-23	100
WP_000845048.1	337	k121_1922492_1	N/A	31.780	69	236	1.12e-22	97.4
WP_000845048.1	337	k121_1198864_5	N/A	35.814	62	215	1.15e-22	99.0
WP_000845048.1	337	k121_1522612_1	N/A	32.215	87	298	3.11e-22	97.8
WP_000845048.1	337	k121_1533567_1	N/A	29.568	89	301	4.89e-22	98.2
WP_000845048.1	337	k121_1921582_27	N/A	28.479	85	309	9.10e-22	97.1
WP_000845048.1	337	k121_1115620_2	N/A	45.299	33	117	1.37e-21	92.0
WP_000845048.1	337	k121_1390470_1	N/A	26.000	85	300	1.45e-21	95.9
WP_000845048.1	337	k121_2351827_1	N/A	35.326	55	184	1.80e-21	95.5
WP_000845048.1	337	k121_2118208_1	N/A	36.073	63	219	2.04e-21	95.5
WP_000845048.1	337	k121_2025753_2	N/A	34.375	64	224	2.85e-21	95.1
WP_000845048.1	337	k121_1273585_4	N/A	37.931	66	232	3.12e-21	95.5
WP_000845048.1	337	k121_936686_4	N/A	36.885	68	244	4.29e-21	94.7
WP_000845048.1	337	k121_1331081_1	N/A	26.812	79	276	4.72e-21	94.7
WP_000845048.1	337	k121_661696_2	N/A	30.909	65	220	7.00e-21	94.4
WP_000845048.1	337	k121_1527062_1	N/A	32.558	62	215	7.66e-21	91.7
WP_000845048.1	337	k121_555476_3	N/A	32.035	64	231	1.04e-20	93.6
WP_000845048.1	337	k121_155192_1	N/A	28.782	77	271	1.45e-20	93.2
WP_000845048.1	337	k121_779412_2	N/A	29.371	84	286	1.52e-20	93.2
WP_000845048.1	337	k121_1060001_2	N/A	27.891	85	294	2.38e-20	92.8
WP_000845048.1	337	k121_1073785_2	N/A	35.165	54	182	2.51e-20	92.8
WP_000845048.1	337	k121_1454929_1	N/A	34.135	60	208	3.89e-20	90.5
WP_000845048.1	337	k121_1259340_2	N/A	30.466	80	279	4.16e-20	92.0
WP_000845048.1	337	k121_51748_2	N/A	26.537	85	309	4.62e-20	92.4
WP_000845048.1	337	k121_1572305_1	N/A	29.851	77	268	4.80e-20	91.3
WP_000845048.1	337	k121_2169480_1	N/A	28.521	81	284	6.52e-20	91.3
WP_000845048.1	337	k121_1534073_5	N/A	34.649	66	228	6.86e-20	91.3
WP_000845048.1	337	k121_805897_1	N/A	33.645	61	214	8.92e-20	90.9
WP_000845048.1	337	k121_991452_5	N/A	33.645	61	214	9.01e-20	90.9
WP_000845048.1	337	k121_1907432_2	N/A	30.515	77	272	9.43e-20	90.9
WP_000845048.1	337	k121_1336080_7	N/A	30.292	78	274	1.47e-19	90.1
WP_000845048.1	337	k121_292886_2	N/A	33.648	88	318	1.53e-19	90.5
WP_000845048.1	337	k121_1092491_1	N/A	32.895	64	228	1.63e-19	90.1
WP_000845048.1	337	k121_2040514_1	N/A	34.969	48	163	1.89e-19	87.8
WP_000845048.1	337	k121_1273710_3	N/A	32.420	61	219	2.03e-19	90.1
WP_000845048.1	337	k121_1047751_2	N/A	33.333	64	228	2.49e-19	89.7
WP_000845048.1	337	k121_752117_2	N/A	29.496	77	278	3.11e-19	89.7
WP_000845048.1	337	k121_344564_12	N/A	33.913	66	230	4.04e-19	89.7
WP_000845048.1	337	k121_1319662_1	N/A	37.879	58	198	5.06e-19	88.6
WP_000845048.1	337	k121_2315562_1	N/A	33.333	53	180	5.29e-19	88.6
WP_000845048.1	337	k121_2126432_2	N/A	28.253	77	269	5.49e-19	89.0
WP_000845048.1	337	k121_1967009_2	N/A	29.197	78	274	8.15e-19	88.2
WP_000845048.1	337	k121_475786_2	N/A	29.353	59	201	1.09e-18	87.4
WP_000845048.1	337	k121_1583438_1	N/A	28.977	51	176	1.12e-18	87.4
WP_000845048.1	337	k121_187763_1	N/A	27.907	85	301	1.16e-18	88.2
WP_000845048.1	337	k121_1283652_1	N/A	25.249	85	301	1.40e-18	87.8
WP_000845048.1	337	k121_1237967_12	N/A	31.922	84	307	1.59e-18	87.4
WP_000845048.1	337	k121_2174871_15	N/A	27.338	80	278	1.85e-18	87.4
WP_000845048.1	337	k121_2141325_1	N/A	31.579	64	228	1.86e-18	87.0
WP_000845048.1	337	k121_15303_5	N/A	60.294	20	68	2.01e-18	81.6
WP_000845048.1	337	k121_92767_2	N/A	33.023	62	215	3.21e-18	86.7
WP_000845048.1	337	k121_460185_2	N/A	31.863	60	204	3.24e-18	85.1
WP_000845048.1	337	k121_324411_4	N/A	28.620	85	297	3.34e-18	86.7
WP_000845048.1	337	k121_1937885_1	N/A	26.715	82	277	3.59e-18	87.0
WP_000845048.1	337	k121_39064_2	N/A	32.110	62	218	4.58e-18	86.3
WP_000845048.1	337	k121_199185_2	N/A	29.371	84	286	4.80e-18	87.0
WP_000845048.1	337	k121_1099370_1	N/A	30.698	62	215	5.71e-18	84.7
WP_000845048.1	337	k121_2103601_2	N/A	29.197	78	274	7.04e-18	85.5
WP_000845048.1	337	k121_2168187_2	N/A	36.970	49	165	1.47e-17	80.9
WP_000845048.1	337	k121_321560_2	N/A	36.667	53	180	1.48e-17	81.6
WP_000845048.1	337	k121_1511194_15	N/A	31.301	71	246	1.55e-17	84.7
WP_000845048.1	337	k121_2355404_2	N/A	31.839	63	223	1.64e-17	85.5
WP_000845048.1	337	k121_854162_2	N/A	34.221	72	263	1.78e-17	84.7
WP_000845048.1	337	k121_1325830_2	N/A	32.456	66	228	2.05e-17	84.3
WP_000845048.1	337	k121_508380_1	N/A	37.273	33	110	2.85e-17	82.8
WP_000845048.1	337	k121_352692_1	N/A	26.217	76	267	3.41e-17	82.8
WP_000845048.1	337	k121_2107563_2	N/A	29.811	76	265	3.51e-17	82.8
WP_000845048.1	337	k121_1817893_5	N/A	31.752	77	274	3.97e-17	83.6
WP_000845048.1	337	k121_1799494_2	N/A	32.558	62	215	4.75e-17	83.2
WP_000845048.1	337	k121_414034_2	N/A	31.646	68	237	5.14e-17	83.6
WP_000845048.1	337	k121_1457783_2	N/A	27.221	93	349	5.31e-17	83.6
WP_000845048.1	337	k121_856856_2	N/A	35.057	51	174	1.07e-16	79.0
WP_000845048.1	337	k121_781891_2	N/A	28.626	75	262	1.28e-16	80.9
WP_000845048.1	337	k121_1941315_2	N/A	29.348	78	276	1.49e-16	82.4
WP_000845048.1	337	k121_448103_6	N/A	25.475	75	263	2.22e-16	81.3
WP_000845048.1	337	k121_213405_1	N/A	35.349	62	215	2.91e-16	79.7
WP_000845048.1	337	k121_2212430_7	N/A	30.599	88	317	3.15e-16	80.9
WP_000845048.1	337	k121_903779_5	N/A	26.909	78	275	5.23e-16	80.5
WP_000845048.1	337	k121_511781_1	N/A	30.556	62	216	6.33e-16	80.1
WP_000845048.1	337	k121_1204473_3	N/A	29.057	74	265	6.88e-16	80.1
WP_000845048.1	337	k121_1848239_1	N/A	33.937	63	221	7.01e-16	79.3
WP_000845048.1	337	k121_119407_3	N/A	30.000	63	230	8.61e-16	80.1
WP_000845048.1	337	k121_2145145_1	N/A	25.954	74	262	1.06e-15	78.6
WP_000845048.1	337	k121_813876_2	N/A	29.694	63	229	1.40e-15	77.4
WP_000845048.1	337	k121_439883_3	N/A	28.852	85	305	1.74e-15	79.0
WP_000845048.1	337	k121_1804052_4	N/A	31.641	72	256	1.92e-15	78.6
WP_000845048.1	337	k121_106820_1	N/A	28.169	79	284	2.29e-15	79.7
WP_000845048.1	337	k121_2076627_34	N/A	29.085	85	306	2.77e-15	78.2
WP_000845048.1	337	k121_568783_1	N/A	51.429	21	70	2.90e-15	72.8
WP_000845048.1	337	k121_1222824_1	N/A	29.600	71	250	5.40e-15	76.6
WP_000845048.1	337	k121_1224410_1	N/A	30.769	59	208	5.79e-15	75.1
WP_000845048.1	337	k121_217279_2	N/A	29.470	85	302	6.11e-15	77.0
WP_000845048.1	337	k121_1332814_2	N/A	28.017	64	232	6.63e-15	77.8
WP_000845048.1	337	k121_940858_1	N/A	32.967	54	182	6.85e-15	74.7
WP_000845048.1	337	k121_964543_2	N/A	28.261	79	276	8.45e-15	76.3
WP_000845048.1	337	k121_1325362_1	N/A	27.119	63	236	9.50e-15	77.0
WP_000845048.1	337	k121_884743_2	N/A	28.483	89	323	9.60e-15	76.6
WP_000845048.1	337	k121_613720_1	N/A	34.463	53	177	9.74e-15	74.3
WP_000845048.1	337	k121_1726461_2	N/A	28.689	68	244	1.40e-14	75.1
WP_000845048.1	337	k121_1169241_2	N/A	28.788	74	264	2.01e-14	75.1
WP_000845048.1	337	k121_2184140_3	N/A	27.232	64	224	2.26e-14	73.9
WP_000845048.1	337	k121_1489318_5	N/A	31.667	53	180	2.54e-14	75.5
WP_000845048.1	337	k121_928800_1	N/A	34.641	42	153	3.32e-14	74.3
WP_000845048.1	337	k121_1268296_2	N/A	29.739	84	306	3.45e-14	75.1
WP_000845048.1	337	k121_1070567_1	N/A	31.163	62	215	3.61e-14	75.1
WP_000845048.1	337	k121_355217_1	N/A	45.122	22	82	3.70e-14	71.2
WP_000845048.1	337	k121_908210_1	N/A	31.959	57	194	5.36e-14	72.8
WP_000845048.1	337	k121_2040520_3	N/A	27.931	82	290	7.74e-14	74.3
WP_000845048.1	337	k121_1178348_4	N/A	27.803	64	223	8.36e-14	73.2
WP_000845048.1	337	k121_632915_3	N/A	28.328	82	293	8.67e-14	73.9
WP_000845048.1	337	k121_2139365_2	N/A	29.670	53	182	8.91e-14	71.2
WP_000845048.1	337	k121_2227957_3	N/A	31.447	47	159	9.12e-14	73.2
WP_000845048.1	337	k121_2205353_1	N/A	31.163	62	215	1.14e-13	72.8
WP_000845048.1	337	k121_282513_1	N/A	27.861	59	201	1.52e-13	70.9
WP_000845048.1	337	k121_1560023_1	N/A	28.947	75	266	1.80e-13	72.8
WP_000845048.1	337	k121_1834251_1	N/A	28.509	64	228	1.92e-13	73.2
WP_000845048.1	337	k121_1198486_4	N/A	27.597	84	308	3.76e-13	72.4
WP_000845048.1	337	k121_823092_1	N/A	27.597	84	308	5.19e-13	72.0
WP_000845048.1	337	k121_1484572_3	N/A	28.070	64	228	5.32e-13	72.0
WP_000845048.1	337	k121_1739183_1	N/A	32.099	48	162	5.38e-13	68.6
WP_000845048.1	337	k121_572805_3	N/A	30.531	61	226	5.78e-13	72.0
WP_000845048.1	337	k121_2027724_2	N/A	24.528	74	265	5.90e-13	71.6
WP_000845048.1	337	k121_1960658_1	N/A	27.731	69	238	7.01e-13	70.1
WP_000845048.1	337	k121_664247_2	N/A	30.769	61	221	7.80e-13	71.6
WP_000845048.1	337	k121_491880_1	N/A	51.389	21	72	8.38e-13	67.8
WP_000845048.1	337	k121_398089_4	N/A	27.213	85	305	8.40e-13	70.9
WP_000845048.1	337	k121_994154_3	N/A	30.594	61	219	8.58e-13	72.0
WP_000845048.1	337	k121_2187794_1	N/A	29.787	53	188	1.28e-12	68.6
WP_000845048.1	337	k121_1527807_1	N/A	28.788	74	264	1.29e-12	70.1
WP_000845048.1	337	k121_1872584_2	N/A	30.986	61	213	1.95e-12	70.1
WP_000845048.1	337	k121_1001639_2	N/A	48.000	22	75	2.19e-12	67.0
WP_000845048.1	337	k121_1499883_2	N/A	27.600	69	250	2.20e-12	69.7
WP_000845048.1	337	k121_353512_1	N/A	29.278	74	263	2.52e-12	69.7
WP_000845048.1	337	k121_2271966_1	N/A	29.252	82	294	3.29e-12	68.9
WP_000845048.1	337	k121_1732918_40	N/A	29.825	62	228	4.90e-12	68.9
WP_000845048.1	337	k121_754007_2	N/A	33.529	49	170	3.00e-11	64.3
WP_000845048.1	337	k121_709644_1	N/A	34.659	51	176	3.70e-11	67.4
WP_000845048.1	337	k121_1198486_6	N/A	27.899	77	276	4.11e-11	66.6
WP_000845048.1	337	k121_1307970_38	N/A	25.177	77	282	4.24e-11	66.2
WP_000845048.1	337	k121_2362043_1	N/A	26.619	79	278	4.47e-11	65.9
WP_000845048.1	337	k121_999953_5	N/A	34.463	53	177	4.48e-11	65.9
WP_000845048.1	337	k121_1680426_1	N/A	27.027	44	148	6.33e-11	65.1
WP_000845048.1	337	k121_283394_55	N/A	25.333	63	225	6.66e-11	65.5
WP_000845048.1	337	k121_1001773_6	N/A	35.000	29	100	7.14e-11	62.8
WP_000845048.1	337	k121_615693_1	N/A	28.516	73	256	9.56e-11	64.7
WP_000845048.1	337	k121_1025843_1	N/A	27.536	77	276	1.15e-10	65.1
WP_000845048.1	337	k121_391547_5	N/A	28.261	77	276	1.65e-10	64.3
WP_000845048.1	337	k121_2060333_2	N/A	28.638	61	213	1.98e-10	63.9
WP_000845048.1	337	k121_1249339_2	N/A	28.155	86	309	2.29e-10	63.9
WP_000845048.1	337	k121_929084_2	N/A	27.839	77	273	2.59e-10	63.9
WP_000845048.1	337	k121_863501_6	N/A	33.146	53	178	2.73e-10	63.5
WP_000845048.1	337	k121_1650181_2	N/A	28.105	82	306	3.37e-10	63.2
WP_000845048.1	337	k121_1347756_5	N/A	25.333	83	300	6.85e-10	62.8
WP_000845048.1	337	k121_1008790_1	N/A	31.579	43	152	7.18e-10	61.2
WP_000845048.1	337	k121_1368760_3	N/A	24.691	90	324	8.43e-10	62.4
WP_000845048.1	337	k121_1828355_1	N/A	28.986	60	207	1.12e-09	62.4
WP_000845048.1	337	k121_943095_2	N/A	44.595	22	74	3.11e-09	56.2
WP_000845048.1	337	k121_2101214_1	N/A	27.410	91	332	3.72e-09	60.5
WP_000845048.1	337	k121_1152141_1	N/A	26.217	75	267	4.32e-09	60.5
WP_000845048.1	337	k121_523872_1	N/A	33.019	60	212	4.63e-09	59.7
WP_000845048.1	337	k121_1711969_3	N/A	25.188	76	266	4.97e-09	59.7
WP_000845048.1	337	k121_1161102_3	N/A	24.623	58	199	8.48e-09	59.3
WP_000845048.1	337	k121_1262320_4	N/A	25.817	84	306	1.27e-08	58.9
WP_000845048.1	337	k121_1447248_1	N/A	39.796	28	98	1.28e-08	57.8
WP_000845048.1	337	k121_1742520_1	N/A	25.444	92	338	1.40e-08	58.5
WP_000845048.1	337	k121_1245699_2	N/A	28.938	76	273	2.54e-08	57.8
WP_000845048.1	337	k121_1557206_3	N/A	24.818	77	274	2.71e-08	58.2
WP_000845048.1	337	k121_978903_1	N/A	28.261	55	184	2.92e-08	58.2
WP_000845048.1	337	k121_2188880_3	N/A	27.143	60	210	3.13e-08	58.2
WP_000845048.1	337	k121_105899_4	N/A	27.303	84	304	3.69e-08	57.4
WP_000845048.1	337	k121_997197_1	N/A	29.798	57	198	6.03e-08	56.2
WP_000845048.1	337	k121_810833_2	N/A	29.924	74	264	1.12e-07	55.8
WP_000845048.1	337	k121_923087_2	N/A	29.048	60	210	1.59e-07	55.8
WP_000845048.1	337	k121_2279385_1	N/A	27.885	60	208	1.66e-07	55.5
WP_000845048.1	337	k121_870640_1	N/A	35.106	25	94	1.85e-07	52.4
WP_000845048.1	337	k121_2188880_1	N/A	29.545	74	264	1.96e-07	55.1
WP_000845048.1	337	k121_1997749_1	N/A	29.323	37	133	1.99e-07	53.9
WP_000845048.1	337	k121_1561648_1	N/A	30.114	46	176	2.23e-07	53.5
WP_000845048.1	337	k121_2185090_1	N/A	25.714	87	315	2.45e-07	55.1
WP_000845048.1	337	k121_1903990_2	N/A	26.667	60	210	3.69e-07	54.3
WP_000845048.1	337	k121_496548_1	N/A	29.091	60	220	4.34e-07	53.1
WP_000845048.1	337	k121_1018459_2	N/A	27.807	55	187	6.09e-07	52.4
WP_000845048.1	337	k121_49254_2	N/A	25.616	59	203	7.37e-07	52.4
WP_000845048.1	337	k121_947320_2	N/A	26.941	61	219	1.68e-06	51.6
WP_000845048.1	337	k121_1168288_1	N/A	26.389	59	216	1.77e-06	52.0
WP_000845048.1	337	k121_101702_1	N/A	30.921	42	152	2.12e-06	51.2
WP_000845048.1	337	k121_620940_2	N/A	24.066	66	241	2.25e-06	52.4
WP_000845048.1	337	k121_1347756_4	N/A	27.193	61	228	2.39e-06	51.6
WP_000845048.1	337	k121_105899_3	N/A	30.729	53	192	4.47e-06	50.8
WP_000845048.1	337	k121_406716_4	N/A	33.028	29	109	7.37e-06	50.4
WP_000845048.1	337	k121_2142831_3	N/A	29.268	58	205	7.95e-06	49.7
WP_000845048.1	337	k121_374325_2	N/A	26.280	74	293	8.76e-06	50.4
WP_000845048.1	337	k121_2350297_2	N/A	39.726	21	73	9.14e-06	49.7
WP_000845048.1	337	k121_865997_2	N/A	28.169	60	213	9.95e-06	49.7
WP_000845048.1	337	k121_380739_3	N/A	30.256	55	195	1.06e-05	49.7
WP_000845048.1	337	k121_2306131_1	N/A	24.415	83	299	1.18e-05	49.7
WP_000845048.1	337	k121_1059722_2	N/A	25.743	52	202	1.26e-05	49.7
WP_000845048.1	337	k121_406716_5	N/A	24.762	60	210	1.82e-05	48.5
WP_000845048.1	337	k121_2310618_2	N/A	26.712	74	292	2.05e-05	48.9
WP_000845048.1	337	k121_1347756_3	N/A	26.437	50	174	2.53e-05	48.9
WP_000845048.1	337	k121_2136280_1	N/A	27.869	53	183	2.77e-05	48.9
WP_000845048.1	337	k121_1852006_6	N/A	41.237	26	97	2.82e-05	47.8
WP_000845048.1	337	k121_457001_2	N/A	27.381	50	168	3.25e-05	48.5
WP_000845048.1	337	k121_496548_2	N/A	25.083	84	303	3.44e-05	48.1
WP_000845048.1	337	k121_424845_2	N/A	27.358	61	212	3.76e-05	48.5
WP_000845048.1	337	k121_862335_1	N/A	28.019	53	207	3.81e-05	47.8
WP_000845048.1	337	k121_2197013_5	N/A	30.000	36	140	3.95e-05	46.6
WP_000845048.1	337	k121_1027926_2	N/A	24.013	83	304	4.19e-05	48.1
WP_000845048.1	337	k121_806825_1	N/A	29.630	23	81	5.31e-05	45.8
WP_000845048.1	337	k121_406716_3	N/A	25.180	78	278	6.41e-05	47.4
WP_000845048.1	337	k121_499204_5	N/A	41.176	20	68	6.84e-05	47.8
WP_000845048.1	337	k121_262120_2	N/A	28.431	53	204	6.97e-05	47.0
WP_000845048.1	337	k121_1177230_1	N/A	28.302	44	159	7.08e-05	46.6
WP_000845048.1	337	k121_512949_1	N/A	33.784	22	74	8.17e-05	47.0
WP_000845048.1	337	k121_2238415_4	N/A	38.356	21	73	8.81e-05	47.4
WP_000845048.1	337	k121_2049680_2	N/A	26.568	78	271	9.94e-05	46.2
WP_000845048.1	337	k121_545423_13	N/A	23.588	83	301	1.15e-04	46.6
WP_000845048.1	337	k121_1214104_4	N/A	22.654	86	309	1.15e-04	46.6
WP_000845048.1	337	k121_1536956_4	N/A	23.794	85	311	1.39e-04	46.6
WP_000845048.1	337	k121_19880_2	N/A	26.531	74	294	1.58e-04	46.2
WP_000845048.1	337	k121_1867145_1	N/A	29.534	54	193	1.70e-04	46.6
WP_000845048.1	337	k121_1522307_2	N/A	29.371	39	143	2.12e-04	45.1
WP_000845048.1	337	k121_762446_21	N/A	36.709	22	79	2.63e-04	44.7
WP_000845048.1	337	k121_1262320_2	N/A	25.778	64	225	2.67e-04	45.8
WP_000845048.1	337	k121_929533_1	N/A	29.714	50	175	3.08e-04	43.9
WP_000845048.1	337	k121_1430510_5	N/A	23.684	85	304	3.45e-04	45.1
WP_000845048.1	337	k121_2049606_1	N/A	33.000	29	100	3.56e-04	44.3
WP_000845048.1	337	k121_1431422_1	N/A	39.706	20	68	4.86e-04	42.4
WP_000845048.1	337	k121_1993845_1	N/A	25.170	74	294	5.49e-04	44.7
WP_000845048.1	337	k121_1761397_1	N/A	23.721	62	215	5.59e-04	44.7
WP_000845048.1	337	k121_273972_6	N/A	24.116	85	311	6.93e-04	44.3
WP_000845048.1	337	k121_1198486_5	N/A	27.108	89	332	7.38e-04	44.3
WP_000845048.1	337	k121_337451_3	N/A	27.805	56	205	7.76e-04	44.7
WP_000845048.1	337	k121_714937_2	N/A	27.119	65	236	8.28e-04	44.3
WP_000845048.1	337	k121_1733236_1	N/A	30.216	35	139	0.001	42.7
WP_000845048.1	337	k121_471896_1	N/A	27.459	68	244	0.001	43.5
WP_000845048.1	337	k121_317935_2	N/A	27.815	39	151	0.001	43.1
WP_000845048.1	337	k121_1221586_1	N/A	26.201	66	229	0.001	43.5
WP_000845048.1	337	k121_217335_3	N/A	26.705	52	176	0.001	43.5
WP_000845048.1	337	k121_1975209_1	N/A	28.191	55	188	0.002	42.7
WP_000845048.1	337	k121_114285_2	N/A	28.736	51	174	0.004	42.0
WP_000845048.1	337	k121_1491615_1	N/A	33.333	21	72	0.004	42.0
WP_000845048.1	337	k121_1626772_7	N/A	32.222	27	90	0.004	42.0
WP_000845048.1	337	k121_782712_2	N/A	24.723	75	271	0.005	41.6
WP_000845048.1	337	k121_2188880_2	N/A	33.019	28	106	0.005	41.6
WP_000845048.1	337	k121_45184_2	N/A	34.722	21	72	0.006	41.6
WP_000845048.1	337	k121_1784766_20	N/A	23.529	65	221	0.006	41.6
WP_000845048.1	337	k121_2138114_2	N/A	30.435	36	138	0.007	40.8
WP_000845048.1	337	k121_1763643_2	N/A	25.828	83	302	0.008	40.8
WP_000845048.1	337	k121_1235206_1	N/A	25.822	59	213	0.009	41.2
WP_000845048.1	337	k121_879283_2	N/A	30.909	30	110	0.009	40.4
WP_000845048.1	337	k121_770316_8	N/A	33.981	27	103	0.010	40.0
WP_000845048.1	337	k121_2239814_1	N/A	34.783	20	69	0.010	40.8
WP_000845048.1	337	k121_893862_1	N/A	28.814	33	118	0.013	39.7
WP_000845048.1	337	k121_1928699_1	N/A	26.042	56	192	0.017	40.0
WP_000845048.1	337	k121_221485_2	N/A	26.299	84	308	0.019	39.7
WP_000845048.1	337	k121_1999048_1	N/A	31.169	21	77	0.021	38.9
WP_000845048.1	337	k121_2286796_1	N/A	24.444	27	90	0.024	39.7
WP_000845048.1	337	k121_1961159_1	N/A	24.111	69	253	0.025	39.3
WP_000845048.1	337	k121_857389_1	N/A	38.144	26	97	0.027	38.9
WP_000845048.1	337	k121_1818957_4	N/A	29.167	30	120	0.029	38.1
WP_000845048.1	337	k121_912778_2	N/A	37.037	29	108	0.030	38.5
WP_000845048.1	337	k121_1394294_53	N/A	21.457	69	247	0.038	38.9
WP_000845048.1	337	k121_1990848_3	N/A	27.586	22	87	0.052	37.7
WP_000845048.1	337	k121_1262320_3	N/A	28.631	65	241	0.056	38.1
WP_000845048.1	337	k121_1820381_2	N/A	27.108	44	166	0.057	38.1
WP_000845048.1	337	k121_2286575_1	N/A	29.474	26	95	0.060	37.7
WP_000845048.1	337	k121_1053772_4	N/A	39.286	22	84	0.061	38.5
WP_000845048.1	337	k121_722822_1	N/A	22.727	57	198	0.062	38.1
WP_000845048.1	337	k121_1172927_2	N/A	29.213	24	89	0.063	37.7
WP_000845048.1	337	k121_929084_3	N/A	29.524	26	105	0.081	37.4
WP_000845048.1	337	k121_2035493_2	N/A	30.667	22	75	0.082	38.1
