SadA_ref|WP_036299419.1|:1-399	399	k121_1548676_1	N/A	32.796	92	372	4.42e-45	164
SadA_ref|WP_036299419.1|:1-399	399	k121_927672_1	N/A	27.005	91	374	5.90e-39	147
SadA_ref|WP_036299419.1|:1-399	399	k121_1303049_1	N/A	34.722	54	216	1.08e-38	145
SadA_ref|WP_036299419.1|:1-399	399	k121_966955_27	N/A	28.520	68	277	4.85e-34	134
SadA_ref|WP_036299419.1|:1-399	399	k121_744172_7	N/A	27.541	75	305	1.31e-33	133
SadA_ref|WP_036299419.1|:1-399	399	k121_1105227_2	N/A	38.235	50	204	1.31e-31	124
SadA_ref|WP_036299419.1|:1-399	399	k121_2111068_1	N/A	38.125	40	160	3.73e-31	120
SadA_ref|WP_036299419.1|:1-399	399	k121_2291878_4	N/A	28.900	95	391	1.59e-30	124
SadA_ref|WP_036299419.1|:1-399	399	k121_38131_1	N/A	33.036	56	224	2.58e-30	120
SadA_ref|WP_036299419.1|:1-399	399	k121_974968_2	N/A	26.596	94	376	1.38e-29	121
SadA_ref|WP_036299419.1|:1-399	399	k121_207772_1	N/A	35.838	43	173	5.08e-29	114
SadA_ref|WP_036299419.1|:1-399	399	k121_458107_4	N/A	28.499	95	393	3.47e-27	115
SadA_ref|WP_036299419.1|:1-399	399	k121_2267587_1	N/A	33.766	39	154	3.44e-26	107
SadA_ref|WP_036299419.1|:1-399	399	k121_2340505_2	N/A	25.926	94	378	2.35e-25	110
SadA_ref|WP_036299419.1|:1-399	399	k121_165551_1	N/A	27.365	74	296	1.51e-24	106
SadA_ref|WP_036299419.1|:1-399	399	k121_1439831_1	N/A	32.240	45	183	3.68e-23	99.8
SadA_ref|WP_036299419.1|:1-399	399	k121_109222_1	N/A	26.172	63	256	3.83e-23	102
SadA_ref|WP_036299419.1|:1-399	399	k121_855939_1	N/A	26.942	96	412	5.25e-21	97.8
SadA_ref|WP_036299419.1|:1-399	399	k121_1051169_2	N/A	24.658	88	365	1.22e-20	96.7
SadA_ref|WP_036299419.1|:1-399	399	k121_485785_1	N/A	31.250	44	176	2.34e-19	89.7
SadA_ref|WP_036299419.1|:1-399	399	k121_494689_1	N/A	28.365	50	208	4.28e-19	89.7
SadA_ref|WP_036299419.1|:1-399	399	k121_2287673_1	N/A	29.952	51	207	1.08e-18	87.4
SadA_ref|WP_036299419.1|:1-399	399	k121_627281_1	N/A	28.000	44	175	1.74e-18	86.3
SadA_ref|WP_036299419.1|:1-399	399	k121_553536_2	N/A	26.182	69	275	2.15e-18	90.1
SadA_ref|WP_036299419.1|:1-399	399	k121_273250_1	N/A	25.287	62	261	2.25e-18	88.6
SadA_ref|WP_036299419.1|:1-399	399	k121_2482560_1	N/A	28.485	41	165	6.95e-18	84.3
SadA_ref|WP_036299419.1|:1-399	399	k121_956335_1	N/A	25.429	85	350	7.78e-17	85.1
SadA_ref|WP_036299419.1|:1-399	399	k121_238334_2	N/A	22.656	64	256	1.26e-16	84.0
SadA_ref|WP_036299419.1|:1-399	399	k121_2253753_2	N/A	26.131	50	199	2.01e-16	82.8
SadA_ref|WP_036299419.1|:1-399	399	k121_2086870_1	N/A	34.161	40	161	2.76e-16	79.7
SadA_ref|WP_036299419.1|:1-399	399	k121_493699_3	N/A	29.851	48	201	6.43e-16	81.3
SadA_ref|WP_036299419.1|:1-399	399	k121_1676902_6	N/A	29.433	67	282	1.81e-15	80.1
SadA_ref|WP_036299419.1|:1-399	399	k121_2196807_2	N/A	30.500	49	200	3.30e-15	77.4
SadA_ref|WP_036299419.1|:1-399	399	k121_420081_1	N/A	30.935	35	139	1.01e-14	75.1
SadA_ref|WP_036299419.1|:1-399	399	k121_532454_1	N/A	27.485	41	171	8.29e-14	73.9
SadA_ref|WP_036299419.1|:1-399	399	k121_1427605_1	N/A	26.744	43	172	1.11e-13	72.4
SadA_ref|WP_036299419.1|:1-399	399	k121_1649057_1	N/A	26.794	49	209	9.15e-13	71.6
SadA_ref|WP_036299419.1|:1-399	399	k121_1776277_1	N/A	26.496	56	234	2.56e-12	70.1
SadA_ref|WP_036299419.1|:1-399	399	k121_1008172_2	N/A	27.326	41	172	2.60e-11	65.9
SadA_ref|WP_036299419.1|:1-399	399	k121_2402000_1	N/A	35.870	23	92	1.15e-10	62.4
SadA_ref|WP_036299419.1|:1-399	399	k121_1434452_1	N/A	44.304	20	79	1.70e-10	61.6
SadA_ref|WP_036299419.1|:1-399	399	k121_2055911_1	N/A	29.936	37	157	7.70e-10	61.6
SadA_ref|WP_036299419.1|:1-399	399	k121_1397527_1	N/A	29.386	56	228	8.34e-10	62.4
SadA_ref|WP_036299419.1|:1-399	399	k121_1979492_1	N/A	22.624	55	221	1.29e-09	62.0
SadA_ref|WP_036299419.1|:1-399	399	k121_956346_2	N/A	26.207	69	290	2.63e-09	61.6
SadA_ref|WP_036299419.1|:1-399	399	k121_1312694_2	N/A	28.829	28	111	1.22e-08	56.6
SadA_ref|WP_036299419.1|:1-399	399	k121_251248_1	N/A	27.706	56	231	2.88e-08	58.2
SadA_ref|WP_036299419.1|:1-399	399	k121_2194395_2	N/A	33.333	25	102	3.45e-08	55.1
SadA_ref|WP_036299419.1|:1-399	399	k121_1275529_1	N/A	25.424	43	177	4.80e-08	56.6
SadA_ref|WP_036299419.1|:1-399	399	k121_918456_1	N/A	25.157	38	159	5.05e-08	56.2
SadA_ref|WP_036299419.1|:1-399	399	k121_400123_2	N/A	23.846	63	260	4.41e-07	55.8
SadA_ref|WP_036299419.1|:1-399	399	k121_2305900_1	N/A	30.128	38	156	4.70e-07	53.5
SadA_ref|WP_036299419.1|:1-399	399	k121_1479072_2	N/A	26.222	56	225	7.57e-07	53.9
SadA_ref|WP_036299419.1|:1-399	399	k121_352863_1	N/A	24.870	46	193	8.25e-07	53.1
SadA_ref|WP_036299419.1|:1-399	399	k121_795807_1	N/A	23.305	52	236	1.00e-06	53.9
SadA_ref|WP_036299419.1|:1-399	399	k121_591492_1	N/A	25.481	52	208	1.67e-06	52.8
SadA_ref|WP_036299419.1|:1-399	399	k121_394094_1	N/A	30.000	32	130	2.87e-06	50.4
SadA_ref|WP_036299419.1|:1-399	399	k121_2007718_2	N/A	29.545	33	132	2.25e-05	47.8
SadA_ref|WP_036299419.1|:1-399	399	k121_418667_3	N/A	22.418	90	397	2.51e-04	47.0
SadA_ref|WP_036299419.1|:1-399	399	k121_1198873_1	N/A	27.928	52	222	2.57e-04	45.8
SadA_ref|WP_036299419.1|:1-399	399	k121_2131915_1	N/A	31.461	22	89	3.29e-04	45.8
SadA_ref|WP_036299419.1|:1-399	399	k121_815007_1	N/A	31.429	26	105	8.41e-04	43.1
SadA_ref|WP_036299419.1|:1-399	399	k121_953866_2	N/A	21.182	93	406	0.001	45.4
SadA_ref|WP_036299419.1|:1-399	399	k121_1419036_1	N/A	28.916	21	83	0.001	45.1
SadA_ref|WP_036299419.1|:1-399	399	k121_2035438_3	N/A	23.762	46	202	0.001	45.1
SadA_ref|WP_036299419.1|:1-399	399	k121_97613_1	N/A	32.558	21	86	0.003	41.6
SadA_ref|WP_036299419.1|:1-399	399	k121_858561_2	N/A	24.490	52	245	0.005	42.7
SadA_ref|WP_036299419.1|:1-399	399	k121_9902_1	N/A	21.560	53	218	0.005	42.0
SadA_ref|WP_036299419.1|:1-399	399	k121_1112655_1	N/A	23.164	41	177	0.006	42.0
SadA_ref|WP_036299419.1|:1-399	399	k121_2462628_2	N/A	25.591	62	254	0.007	42.7
SadA_ref|WP_036299419.1|:1-399	399	k121_105375_6	N/A	20.763	52	236	0.007	42.7
SadA_ref|WP_036299419.1|:1-399	399	k121_1597726_1	N/A	26.190	21	84	0.009	40.8
SadA_ref|WP_036299419.1|:1-399	399	k121_483476_11	N/A	32.143	21	84	0.009	42.4
SadA_ref|WP_036299419.1|:1-399	399	k121_1918164_1	N/A	32.558	21	86	0.013	40.4
SadA_ref|WP_036299419.1|:1-399	399	k121_457865_1	N/A	29.762	21	84	0.022	40.0
SadA_ref|WP_036299419.1|:1-399	399	k121_2304918_1	N/A	20.833	81	360	0.024	40.8
SadA_ref|WP_036299419.1|:1-399	399	k121_911149_1	N/A	28.571	21	84	0.029	38.9
SadA_ref|WP_036299419.1|:1-399	399	k121_677611_2	N/A	24.691	20	81	0.039	37.4
SadA_ref|WP_036299419.1|:1-399	399	k121_2120527_1	N/A	23.529	21	85	0.070	38.5
SadA_ref|WP_036299419.1|:1-399	399	k121_1215236_1	N/A	23.077	51	234	0.075	38.9
SadA_ref|WP_036299419.1|:1-399	399	k121_1107060_1	N/A	25.073	80	343	0.090	38.9
SadA_ref|WP_036299419.1|:1-399	399	k121_1194081_1	N/A	29.452	36	146	0.097	38.5
SadA_ref|WP_036299419.1|:1-399	399	k121_1725577_1	N/A	28.261	23	92	0.100	36.6
SadB_ref|WP_100812327.1|:1-423	423	k121_1548676_1	N/A	33.813	97	417	1.74e-55	193
SadB_ref|WP_100812327.1|:1-423	423	k121_927672_1	N/A	28.534	89	382	2.00e-42	157
SadB_ref|WP_100812327.1|:1-423	423	k121_966955_27	N/A	25.203	85	369	4.88e-35	137
SadB_ref|WP_100812327.1|:1-423	423	k121_165551_1	N/A	31.153	74	321	3.23e-34	133
SadB_ref|WP_100812327.1|:1-423	423	k121_1303049_1	N/A	29.530	69	298	7.11e-33	130
SadB_ref|WP_100812327.1|:1-423	423	k121_744172_7	N/A	26.287	85	369	2.28e-31	127
SadB_ref|WP_100812327.1|:1-423	423	k121_2340505_2	N/A	27.322	85	366	4.25e-29	121
SadB_ref|WP_100812327.1|:1-423	423	k121_38131_1	N/A	28.899	51	218	5.00e-27	111
SadB_ref|WP_100812327.1|:1-423	423	k121_485785_1	N/A	32.558	50	215	9.02e-27	110
SadB_ref|WP_100812327.1|:1-423	423	k121_2111068_1	N/A	34.969	38	163	2.79e-26	107
SadB_ref|WP_100812327.1|:1-423	423	k121_974968_2	N/A	26.396	91	394	2.95e-26	112
SadB_ref|WP_100812327.1|:1-423	423	k121_1105227_2	N/A	31.731	48	208	3.66e-26	109
SadB_ref|WP_100812327.1|:1-423	423	k121_1051169_2	N/A	25.935	90	401	2.94e-24	107
SadB_ref|WP_100812327.1|:1-423	423	k121_458107_4	N/A	27.020	90	396	9.39e-24	105
SadB_ref|WP_100812327.1|:1-423	423	k121_109222_1	N/A	29.756	48	205	1.57e-21	98.6
SadB_ref|WP_100812327.1|:1-423	423	k121_855939_1	N/A	27.660	92	423	5.12e-21	98.2
SadB_ref|WP_100812327.1|:1-423	423	k121_1439831_1	N/A	27.778	46	198	7.93e-20	90.9
SadB_ref|WP_100812327.1|:1-423	423	k121_2267587_1	N/A	26.452	37	155	8.45e-20	89.7
SadB_ref|WP_100812327.1|:1-423	423	k121_273250_1	N/A	27.985	62	268	1.15e-19	92.4
SadB_ref|WP_100812327.1|:1-423	423	k121_238334_2	N/A	29.268	66	287	8.14e-19	90.5
SadB_ref|WP_100812327.1|:1-423	423	k121_207772_1	N/A	30.286	41	175	2.92e-18	85.5
SadB_ref|WP_100812327.1|:1-423	423	k121_2086870_1	N/A	34.810	37	158	6.22e-18	84.7
SadB_ref|WP_100812327.1|:1-423	423	k121_2291878_4	N/A	24.051	90	395	2.16e-17	87.4
SadB_ref|WP_100812327.1|:1-423	423	k121_2253753_2	N/A	27.861	48	201	3.71e-17	85.1
SadB_ref|WP_100812327.1|:1-423	423	k121_494689_1	N/A	29.577	48	213	2.61e-16	82.0
SadB_ref|WP_100812327.1|:1-423	423	k121_2287673_1	N/A	34.184	45	196	3.37e-16	80.9
SadB_ref|WP_100812327.1|:1-423	423	k121_627281_1	N/A	29.091	39	165	3.59e-16	79.7
SadB_ref|WP_100812327.1|:1-423	423	k121_2196807_2	N/A	30.000	44	190	1.90e-15	78.2
SadB_ref|WP_100812327.1|:1-423	423	k121_1427605_1	N/A	28.736	41	174	5.40e-15	76.3
SadB_ref|WP_100812327.1|:1-423	423	k121_956335_1	N/A	24.022	81	358	1.91e-14	78.2
SadB_ref|WP_100812327.1|:1-423	423	k121_1676902_6	N/A	29.091	60	275	6.50e-14	75.9
SadB_ref|WP_100812327.1|:1-423	423	k121_420081_1	N/A	30.556	34	144	1.74e-13	71.6
SadB_ref|WP_100812327.1|:1-423	423	k121_1979492_1	N/A	25.676	52	222	9.14e-13	71.2
SadB_ref|WP_100812327.1|:1-423	423	k121_532454_1	N/A	27.528	40	178	1.48e-12	70.5
SadB_ref|WP_100812327.1|:1-423	423	k121_1776277_1	N/A	31.373	34	153	4.43e-12	69.3
SadB_ref|WP_100812327.1|:1-423	423	k121_553536_2	N/A	26.389	50	216	1.07e-11	70.1
SadB_ref|WP_100812327.1|:1-423	423	k121_1105297_1	N/A	26.984	57	252	3.85e-11	67.8
SadB_ref|WP_100812327.1|:1-423	423	k121_2482560_1	N/A	27.778	28	126	5.91e-11	64.7
SadB_ref|WP_100812327.1|:1-423	423	k121_352863_1	N/A	32.500	44	200	7.54e-11	65.1
SadB_ref|WP_100812327.1|:1-423	423	k121_858561_2	N/A	28.378	61	296	7.64e-11	67.0
SadB_ref|WP_100812327.1|:1-423	423	k121_2305900_1	N/A	30.061	38	163	9.01e-11	64.7
SadB_ref|WP_100812327.1|:1-423	423	k121_186328_1	N/A	28.862	56	246	1.13e-10	65.5
SadB_ref|WP_100812327.1|:1-423	423	k121_493699_3	N/A	27.863	58	262	1.15e-10	65.9
SadB_ref|WP_100812327.1|:1-423	423	k121_953866_2	N/A	24.939	87	409	3.71e-10	65.5
SadB_ref|WP_100812327.1|:1-423	423	k121_394094_1	N/A	26.866	32	134	6.56e-10	60.8
SadB_ref|WP_100812327.1|:1-423	423	k121_1597726_1	N/A	30.409	40	171	7.86e-10	61.6
SadB_ref|WP_100812327.1|:1-423	423	k121_918456_1	N/A	30.488	36	164	8.34e-10	61.6
SadB_ref|WP_100812327.1|:1-423	423	k121_1112655_1	N/A	29.143	39	175	2.97e-09	60.5
SadB_ref|WP_100812327.1|:1-423	423	k121_1008172_2	N/A	25.749	39	167	6.05e-09	58.9
SadB_ref|WP_100812327.1|:1-423	423	k121_1649057_1	N/A	25.521	43	192	1.42e-08	59.3
SadB_ref|WP_100812327.1|:1-423	423	k121_1419036_1	N/A	30.675	36	163	1.75e-08	60.1
SadB_ref|WP_100812327.1|:1-423	423	k121_1312694_2	N/A	27.723	24	101	1.91e-08	56.2
SadB_ref|WP_100812327.1|:1-423	423	k121_1397527_1	N/A	28.205	53	234	1.93e-08	58.5
SadB_ref|WP_100812327.1|:1-423	423	k121_400123_2	N/A	29.480	39	173	2.32e-08	59.7
SadB_ref|WP_100812327.1|:1-423	423	k121_1276988_1	N/A	27.715	57	267	3.16e-08	58.9
SadB_ref|WP_100812327.1|:1-423	423	k121_418667_3	N/A	22.674	76	344	3.60e-08	59.3
SadB_ref|WP_100812327.1|:1-423	423	k121_2055911_1	N/A	34.021	21	97	4.31e-08	56.6
SadB_ref|WP_100812327.1|:1-423	423	k121_1275529_1	N/A	26.087	41	184	6.36e-08	56.2
SadB_ref|WP_100812327.1|:1-423	423	k121_2304918_1	N/A	26.077	88	418	9.65e-08	58.2
SadB_ref|WP_100812327.1|:1-423	423	k121_815007_1	N/A	34.940	20	83	1.10e-07	54.3
SadB_ref|WP_100812327.1|:1-423	423	k121_360997_2	N/A	28.745	57	247	1.40e-07	57.0
SadB_ref|WP_100812327.1|:1-423	423	k121_591492_1	N/A	25.571	50	219	2.04e-07	55.5
SadB_ref|WP_100812327.1|:1-423	423	k121_1640875_1	N/A	26.606	50	218	2.79e-07	55.5
SadB_ref|WP_100812327.1|:1-423	423	k121_956346_2	N/A	23.596	60	267	5.89e-07	54.7
SadB_ref|WP_100812327.1|:1-423	423	k121_2035438_3	N/A	22.995	80	374	7.11e-07	55.1
SadB_ref|WP_100812327.1|:1-423	423	k121_251248_1	N/A	28.390	53	236	8.14e-07	53.9
SadB_ref|WP_100812327.1|:1-423	423	k121_533165_1	N/A	31.319	40	182	1.08e-06	52.8
SadB_ref|WP_100812327.1|:1-423	423	k121_387794_1	N/A	27.236	57	246	1.48e-06	53.9
SadB_ref|WP_100812327.1|:1-423	423	k121_83342_1	N/A	23.232	46	198	1.77e-06	52.0
SadB_ref|WP_100812327.1|:1-423	423	k121_101725_1	N/A	24.302	80	358	2.07e-06	53.9
SadB_ref|WP_100812327.1|:1-423	423	k121_9902_1	N/A	24.631	47	203	2.13e-06	52.4
SadB_ref|WP_100812327.1|:1-423	423	k121_2462628_2	N/A	24.786	76	351	2.39e-06	53.5
SadB_ref|WP_100812327.1|:1-423	423	k121_230677_1	N/A	32.520	26	123	6.08e-06	51.2
SadB_ref|WP_100812327.1|:1-423	423	k121_1479072_2	N/A	27.119	53	236	9.75e-06	50.8
SadB_ref|WP_100812327.1|:1-423	423	k121_2120527_1	N/A	26.163	40	172	2.04e-05	49.3
SadB_ref|WP_100812327.1|:1-423	423	k121_457865_1	N/A	32.812	27	128	2.76e-05	48.9
SadB_ref|WP_100812327.1|:1-423	423	k121_1772683_1	N/A	28.155	47	206	5.00e-05	48.1
SadB_ref|WP_100812327.1|:1-423	423	k121_400113_1	N/A	30.435	34	161	5.73e-05	48.9
SadB_ref|WP_100812327.1|:1-423	423	k121_2402000_1	N/A	25.806	22	93	5.98e-05	46.2
SadB_ref|WP_100812327.1|:1-423	423	k121_726696_4	N/A	29.365	25	126	7.92e-05	47.0
SadB_ref|WP_100812327.1|:1-423	423	k121_907960_1	N/A	32.283	27	127	8.90e-05	48.5
SadB_ref|WP_100812327.1|:1-423	423	k121_1275915_1	N/A	28.372	43	215	1.19e-04	47.8
SadB_ref|WP_100812327.1|:1-423	423	k121_533070_2	N/A	27.368	43	190	1.22e-04	47.0
SadB_ref|WP_100812327.1|:1-423	423	k121_1289345_1	N/A	31.579	25	114	1.51e-04	47.8
SadB_ref|WP_100812327.1|:1-423	423	k121_1225365_1	N/A	31.544	32	149	1.54e-04	46.2
SadB_ref|WP_100812327.1|:1-423	423	k121_215565_1	N/A	25.238	50	210	1.58e-04	47.0
SadB_ref|WP_100812327.1|:1-423	423	k121_668826_2	N/A	31.579	25	114	1.61e-04	46.2
SadB_ref|WP_100812327.1|:1-423	423	k121_2281994_1	N/A	27.848	32	158	2.52e-04	45.4
SadB_ref|WP_100812327.1|:1-423	423	k121_1067865_1	N/A	27.879	36	165	3.06e-04	47.0
SadB_ref|WP_100812327.1|:1-423	423	k121_903043_1	N/A	26.866	46	201	4.54e-04	45.8
SadB_ref|WP_100812327.1|:1-423	423	k121_2194395_2	N/A	28.155	24	103	5.75e-04	43.1
SadB_ref|WP_100812327.1|:1-423	423	k121_1323691_1	N/A	31.967	26	122	6.74e-04	45.1
SadB_ref|WP_100812327.1|:1-423	423	k121_738163_3	N/A	26.538	60	260	0.001	45.1
SadB_ref|WP_100812327.1|:1-423	423	k121_1391108_2	N/A	27.586	46	203	0.001	44.7
SadB_ref|WP_100812327.1|:1-423	423	k121_1323603_1	N/A	28.571	35	182	0.002	43.5
SadB_ref|WP_100812327.1|:1-423	423	k121_2007718_2	N/A	26.316	31	133	0.002	42.7
SadB_ref|WP_100812327.1|:1-423	423	k121_1275902_1	N/A	28.426	39	197	0.003	43.1
SadB_ref|WP_100812327.1|:1-423	423	k121_1918164_1	N/A	29.688	27	128	0.003	42.7
SadB_ref|WP_100812327.1|:1-423	423	k121_148954_1	N/A	26.087	32	161	0.004	42.4
SadB_ref|WP_100812327.1|:1-423	423	k121_412393_2	N/A	23.567	32	157	0.005	42.4
SadB_ref|WP_100812327.1|:1-423	423	k121_1204757_7	N/A	27.344	26	128	0.005	43.1
SadB_ref|WP_100812327.1|:1-423	423	k121_259043_1	N/A	28.125	32	160	0.007	42.0
SadB_ref|WP_100812327.1|:1-423	423	k121_97613_1	N/A	31.765	20	85	0.009	40.0
SadB_ref|WP_100812327.1|:1-423	423	k121_28099_1	N/A	28.346	25	127	0.011	40.8
SadB_ref|WP_100812327.1|:1-423	423	k121_2095599_1	N/A	27.222	35	180	0.011	41.2
SadB_ref|WP_100812327.1|:1-423	423	k121_478832_1	N/A	26.901	38	171	0.013	40.4
SadB_ref|WP_100812327.1|:1-423	423	k121_1198873_1	N/A	24.444	49	225	0.019	40.4
SadB_ref|WP_100812327.1|:1-423	423	k121_618923_2	N/A	30.108	22	93	0.019	39.7
SadB_ref|WP_100812327.1|:1-423	423	k121_1445135_3	N/A	28.906	29	128	0.025	39.7
SadB_ref|WP_100812327.1|:1-423	423	k121_1000280_2	N/A	26.904	46	197	0.027	40.0
SadB_ref|WP_100812327.1|:1-423	423	k121_795807_1	N/A	26.984	38	189	0.029	40.4
SadB_ref|WP_100812327.1|:1-423	423	k121_617322_2	N/A	26.389	31	144	0.034	40.0
SadB_ref|WP_100812327.1|:1-423	423	k121_677611_2	N/A	23.864	21	88	0.036	37.7
SadB_ref|WP_100812327.1|:1-423	423	k121_2126054_2	N/A	26.230	27	122	0.037	38.9
SadB_ref|WP_100812327.1|:1-423	423	k121_1067786_1	N/A	29.008	28	131	0.039	38.9
SadB_ref|WP_100812327.1|:1-423	423	k121_483476_11	N/A	27.907	27	129	0.054	40.0
SadB_ref|WP_100812327.1|:1-423	423	k121_2221154_3	N/A	22.011	79	368	0.060	39.7
SadB_ref|WP_100812327.1|:1-423	423	k121_1159166_3	N/A	26.953	58	256	0.067	39.3
SadB_ref|WP_100812327.1|:1-423	423	k121_203469_1	N/A	26.471	30	136	0.072	38.5
SadB_ref|WP_100812327.1|:1-423	423	k121_1215236_1	N/A	25.243	42	206	0.075	39.3
SadB_ref|WP_100812327.1|:1-423	423	k121_504419_1	N/A	26.846	34	149	0.084	38.9
SadB_ref|WP_100812327.1|:1-423	423	k121_22697_2	N/A	23.460	73	341	0.098	39.3
SadC_ref|WP_036299413.1|:1-194	194	k121_202389_2	N/A	31.325	85	166	3.29e-18	81.3
SadC_ref|WP_036299413.1|:1-194	194	k121_1011312_1	N/A	26.220	82	164	7.61e-11	61.6
SadC_ref|WP_036299413.1|:1-194	194	k121_1944980_1	N/A	30.000	72	140	7.63e-11	61.6
SadC_ref|WP_036299413.1|:1-194	194	k121_1258048_1	N/A	29.078	72	141	2.69e-10	60.1
SadC_ref|WP_036299413.1|:1-194	194	k121_1498917_4	N/A	27.857	70	140	4.23e-10	59.7
SadC_ref|WP_036299413.1|:1-194	194	k121_1630518_1	N/A	33.083	68	133	5.97e-10	58.9
SadC_ref|WP_036299413.1|:1-194	194	k121_589351_1	N/A	29.496	71	139	6.33e-10	59.3
SadC_ref|WP_036299413.1|:1-194	194	k121_1435124_1	N/A	29.730	76	148	8.14e-10	58.5
SadC_ref|WP_036299413.1|:1-194	194	k121_1358967_2	N/A	29.730	76	148	8.29e-10	58.9
SadC_ref|WP_036299413.1|:1-194	194	k121_1061322_2	N/A	28.387	76	155	8.58e-10	60.8
SadC_ref|WP_036299413.1|:1-194	194	k121_1704189_1	N/A	27.742	76	155	1.02e-09	60.5
SadC_ref|WP_036299413.1|:1-194	194	k121_878065_2	N/A	35.632	45	87	1.17e-09	58.5
SadC_ref|WP_036299413.1|:1-194	194	k121_1138081_2	N/A	37.931	44	87	1.42e-09	57.4
SadC_ref|WP_036299413.1|:1-194	194	k121_1876974_2	N/A	40.217	47	92	1.64e-09	57.4
SadC_ref|WP_036299413.1|:1-194	194	k121_1224599_1	N/A	32.727	57	110	2.41e-09	57.4
SadC_ref|WP_036299413.1|:1-194	194	k121_1455771_3	N/A	32.031	65	128	2.62e-09	59.3
SadC_ref|WP_036299413.1|:1-194	194	k121_2186286_1	N/A	32.090	69	134	3.00e-09	57.4
SadC_ref|WP_036299413.1|:1-194	194	k121_1612221_3	N/A	38.384	51	99	1.41e-08	55.1
SadC_ref|WP_036299413.1|:1-194	194	k121_1227684_4	N/A	27.273	73	143	1.85e-08	55.8
SadC_ref|WP_036299413.1|:1-194	194	k121_2297970_1	N/A	39.175	47	97	3.54e-08	53.5
SadC_ref|WP_036299413.1|:1-194	194	k121_2005915_3	N/A	25.547	71	137	3.96e-08	55.8
SadC_ref|WP_036299413.1|:1-194	194	k121_1007790_2	N/A	27.273	73	143	6.25e-08	53.9
SadC_ref|WP_036299413.1|:1-194	194	k121_693493_2	N/A	26.627	87	169	6.63e-08	53.9
SadC_ref|WP_036299413.1|:1-194	194	k121_479994_2	N/A	27.820	68	133	7.40e-08	53.9
SadC_ref|WP_036299413.1|:1-194	194	k121_2034549_2	N/A	37.931	44	87	9.44e-08	53.1
SadC_ref|WP_036299413.1|:1-194	194	k121_1956546_1	N/A	34.066	46	91	1.08e-07	54.3
SadC_ref|WP_036299413.1|:1-194	194	k121_1870088_3	N/A	34.783	47	92	1.73e-07	52.8
SadC_ref|WP_036299413.1|:1-194	194	k121_744172_9	N/A	30.345	73	145	2.08e-07	52.4
SadC_ref|WP_036299413.1|:1-194	194	k121_1745157_1	N/A	34.066	46	91	2.25e-07	51.6
SadC_ref|WP_036299413.1|:1-194	194	k121_314058_5	N/A	25.658	77	152	3.24e-07	52.0
SadC_ref|WP_036299413.1|:1-194	194	k121_65632_2	N/A	24.088	71	137	3.27e-07	53.1
SadC_ref|WP_036299413.1|:1-194	194	k121_45108_1	N/A	31.765	44	85	3.33e-07	52.4
SadC_ref|WP_036299413.1|:1-194	194	k121_673152_2	N/A	35.789	46	95	5.03e-07	51.6
SadC_ref|WP_036299413.1|:1-194	194	k121_2286850_6	N/A	25.175	73	143	7.91e-07	50.8
SadC_ref|WP_036299413.1|:1-194	194	k121_1424661_1	N/A	33.607	62	122	1.03e-06	50.8
SadC_ref|WP_036299413.1|:1-194	194	k121_1015939_2	N/A	27.329	82	161	1.13e-06	50.8
SadC_ref|WP_036299413.1|:1-194	194	k121_2302422_5	N/A	33.663	51	101	1.22e-06	50.4
SadC_ref|WP_036299413.1|:1-194	194	k121_1807998_2	N/A	26.429	72	140	1.36e-06	50.1
SadC_ref|WP_036299413.1|:1-194	194	k121_1588693_1	N/A	32.967	46	91	1.39e-06	48.9
SadC_ref|WP_036299413.1|:1-194	194	k121_786474_2	N/A	34.483	44	87	1.41e-06	50.1
SadC_ref|WP_036299413.1|:1-194	194	k121_240443_1	N/A	24.848	85	165	1.79e-06	50.1
SadC_ref|WP_036299413.1|:1-194	194	k121_1182471_1	N/A	30.435	59	115	1.91e-06	50.4
SadC_ref|WP_036299413.1|:1-194	194	k121_2482688_4	N/A	32.979	48	94	2.23e-06	49.7
SadC_ref|WP_036299413.1|:1-194	194	k121_882811_1	N/A	34.247	38	73	4.48e-06	48.9
SadC_ref|WP_036299413.1|:1-194	194	k121_2151516_2	N/A	37.143	36	70	4.80e-06	48.5
SadC_ref|WP_036299413.1|:1-194	194	k121_408367_1	N/A	36.585	42	82	5.15e-06	48.5
SadC_ref|WP_036299413.1|:1-194	194	k121_2114656_4	N/A	31.410	75	156	6.05e-06	48.5
SadC_ref|WP_036299413.1|:1-194	194	k121_562890_3	N/A	31.522	47	92	6.26e-06	48.5
SadC_ref|WP_036299413.1|:1-194	194	k121_2232554_1	N/A	36.905	43	84	8.54e-06	48.1
SadC_ref|WP_036299413.1|:1-194	194	k121_590783_7	N/A	24.476	73	143	1.06e-05	47.8
SadC_ref|WP_036299413.1|:1-194	194	k121_1884565_1	N/A	22.436	79	156	1.17e-05	47.4
SadC_ref|WP_036299413.1|:1-194	194	k121_1747087_1	N/A	28.125	65	128	1.26e-05	47.8
SadC_ref|WP_036299413.1|:1-194	194	k121_1333500_29	N/A	25.000	65	128	1.32e-05	47.8
SadC_ref|WP_036299413.1|:1-194	194	k121_755865_1	N/A	30.851	48	94	1.52e-05	47.4
SadC_ref|WP_036299413.1|:1-194	194	k121_1049606_1	N/A	32.558	44	86	1.59e-05	47.0
SadC_ref|WP_036299413.1|:1-194	194	k121_2365755_2	N/A	27.344	65	128	1.71e-05	48.1
SadC_ref|WP_036299413.1|:1-194	194	k121_1118661_5	N/A	31.915	48	94	2.13e-05	47.0
SadC_ref|WP_036299413.1|:1-194	194	k121_1042261_2	N/A	32.967	46	91	2.21e-05	47.8
SadC_ref|WP_036299413.1|:1-194	194	k121_1924858_12	N/A	37.805	42	82	2.62e-05	46.6
SadC_ref|WP_036299413.1|:1-194	194	k121_966955_29	N/A	38.235	35	68	2.94e-05	46.6
SadC_ref|WP_036299413.1|:1-194	194	k121_1680688_2	N/A	27.966	60	118	3.00e-05	46.6
SadC_ref|WP_036299413.1|:1-194	194	k121_175360_2	N/A	24.806	66	129	3.04e-05	46.2
SadC_ref|WP_036299413.1|:1-194	194	k121_1821136_2	N/A	26.718	67	131	3.22e-05	47.4
SadC_ref|WP_036299413.1|:1-194	194	k121_399688_1	N/A	38.095	32	63	3.40e-05	46.2
SadC_ref|WP_036299413.1|:1-194	194	k121_1614463_4	N/A	26.761	73	142	3.98e-05	46.2
SadC_ref|WP_036299413.1|:1-194	194	k121_493733_2	N/A	32.143	43	84	4.23e-05	46.2
SadC_ref|WP_036299413.1|:1-194	194	k121_911469_2	N/A	23.022	71	139	4.38e-05	45.8
SadC_ref|WP_036299413.1|:1-194	194	k121_1300894_2	N/A	32.609	47	92	4.93e-05	45.8
SadC_ref|WP_036299413.1|:1-194	194	k121_375028_1	N/A	33.333	44	87	5.10e-05	46.2
SadC_ref|WP_036299413.1|:1-194	194	k121_247429_2	N/A	46.552	29	58	8.81e-05	43.1
SadC_ref|WP_036299413.1|:1-194	194	k121_2482704_1	N/A	27.473	45	91	8.97e-05	43.9
SadC_ref|WP_036299413.1|:1-194	194	k121_1124348_1	N/A	31.868	46	91	1.85e-04	44.3
SadC_ref|WP_036299413.1|:1-194	194	k121_677364_2	N/A	35.897	40	78	1.90e-04	45.4
SadC_ref|WP_036299413.1|:1-194	194	k121_2038798_3	N/A	29.268	42	82	2.29e-04	42.7
SadC_ref|WP_036299413.1|:1-194	194	k121_168589_2	N/A	24.183	78	153	2.33e-04	43.9
SadC_ref|WP_036299413.1|:1-194	194	k121_1992575_1	N/A	27.119	55	118	2.94e-04	43.9
SadC_ref|WP_036299413.1|:1-194	194	k121_1898029_1	N/A	30.208	49	96	3.71e-04	43.5
SadC_ref|WP_036299413.1|:1-194	194	k121_647069_3	N/A	35.789	48	95	7.49e-04	42.4
SadC_ref|WP_036299413.1|:1-194	194	k121_1441740_1	N/A	22.727	66	132	8.34e-04	42.4
SadC_ref|WP_036299413.1|:1-194	194	k121_669403_2	N/A	35.065	39	77	0.001	42.0
SadC_ref|WP_036299413.1|:1-194	194	k121_2377311_1	N/A	23.485	64	132	0.001	41.2
SadC_ref|WP_036299413.1|:1-194	194	k121_1387789_1	N/A	27.119	55	118	0.001	42.7
SadC_ref|WP_036299413.1|:1-194	194	k121_648973_4	N/A	32.468	39	77	0.002	40.8
SadC_ref|WP_036299413.1|:1-194	194	k121_89627_1	N/A	28.736	44	87	0.003	40.8
SadC_ref|WP_036299413.1|:1-194	194	k121_2197695_2	N/A	28.571	57	112	0.003	41.2
SadC_ref|WP_036299413.1|:1-194	194	k121_1190848_2	N/A	32.895	39	76	0.003	40.0
SadC_ref|WP_036299413.1|:1-194	194	k121_1732478_1	N/A	29.703	49	101	0.003	40.4
SadC_ref|WP_036299413.1|:1-194	194	k121_2003957_2	N/A	27.273	45	88	0.003	39.7
SadC_ref|WP_036299413.1|:1-194	194	k121_1571313_1	N/A	30.435	47	92	0.004	40.0
SadC_ref|WP_036299413.1|:1-194	194	k121_1837067_2	N/A	21.705	66	129	0.007	39.7
SadC_ref|WP_036299413.1|:1-194	194	k121_878689_1	N/A	31.395	44	86	0.008	38.9
SadC_ref|WP_036299413.1|:1-194	194	k121_1435032_2	N/A	29.524	52	105	0.017	38.5
SadC_ref|WP_036299413.1|:1-194	194	k121_472441_1	N/A	22.086	82	163	0.019	38.5
SadC_ref|WP_036299413.1|:1-194	194	k121_1398898_1	N/A	31.579	39	76	0.033	37.4
SadC_ref|WP_036299413.1|:1-194	194	k121_1276988_2	N/A	27.273	45	88	0.033	37.7
SadC_ref|WP_036299413.1|:1-194	194	k121_2019458_2	N/A	45.455	21	44	0.045	35.4
SadC_ref|WP_036299413.1|:1-194	194	k121_1670995_2	N/A	30.303	34	66	0.047	35.8
SadC_ref|WP_036299413.1|:1-194	194	k121_506334_1	N/A	31.313	48	99	0.067	36.2
SadC_ref|WP_036299413.1|:1-194	194	k121_666313_2	N/A	28.571	42	84	0.067	36.6
SadC_ref|WP_036299413.1|:1-194	194	k121_543278_1	N/A	33.898	30	59	0.083	35.4
WP_000259031.1	279	k121_796109_2	N/A	100.000	100	279	0.0	553
WP_000259031.1	279	k121_68742_1	N/A	39.592	88	245	1.08e-41	147
WP_000259031.1	279	k121_436459_2	N/A	38.372	91	258	7.34e-38	139
WP_000259031.1	279	k121_524871_1	N/A	33.878	88	245	2.12e-36	134
WP_000259031.1	279	k121_2448368_2	N/A	36.585	88	246	1.78e-32	124
WP_000259031.1	279	k121_1414125_2	N/A	32.443	93	262	3.90e-31	120
WP_000259031.1	279	k121_430956_2	N/A	32.443	89	262	8.77e-31	120
WP_000259031.1	279	k121_774792_2	N/A	35.156	88	256	3.04e-30	118
WP_000259031.1	279	k121_1984897_1	N/A	32.721	96	272	5.54e-30	117
WP_000259031.1	279	k121_1754614_1	N/A	30.389	97	283	1.30e-29	117
WP_000259031.1	279	k121_2337012_5	N/A	33.486	78	218	1.57e-29	116
WP_000259031.1	279	k121_1705349_1	N/A	36.400	88	250	6.98e-29	114
WP_000259031.1	279	k121_2214634_1	N/A	36.759	87	253	1.93e-28	114
WP_000259031.1	279	k121_262491_2	N/A	32.599	78	227	2.21e-28	113
WP_000259031.1	279	k121_550745_1	N/A	32.963	91	270	2.50e-28	112
WP_000259031.1	279	k121_2015362_7	N/A	33.083	94	266	4.12e-28	112
WP_000259031.1	279	k121_2453201_20	N/A	29.644	89	253	4.53e-28	112
WP_000259031.1	279	k121_2268868_1	N/A	31.727	88	249	8.83e-28	112
WP_000259031.1	279	k121_440275_2	N/A	30.116	91	259	1.00e-27	111
WP_000259031.1	279	k121_1705980_2	N/A	38.922	59	167	1.11e-27	109
WP_000259031.1	279	k121_1450500_3	N/A	34.733	91	262	1.30e-27	113
WP_000259031.1	279	k121_683586_1	N/A	31.405	86	242	2.29e-27	110
WP_000259031.1	279	k121_2441654_1	N/A	31.325	88	249	5.45e-27	110
WP_000259031.1	279	k121_1596165_2	N/A	36.697	78	218	5.45e-27	109
WP_000259031.1	279	k121_2232660_1	N/A	30.924	88	249	8.38e-27	109
WP_000259031.1	279	k121_1612233_2	N/A	36.782	62	174	9.64e-27	106
WP_000259031.1	279	k121_1034071_6	N/A	31.783	91	258	1.10e-26	109
WP_000259031.1	279	k121_2066090_1	N/A	35.223	88	247	1.14e-26	108
WP_000259031.1	279	k121_267685_2	N/A	35.814	76	215	1.36e-26	108
WP_000259031.1	279	k121_1327651_1	N/A	33.333	88	249	2.17e-26	109
WP_000259031.1	279	k121_1682744_3	N/A	32.171	91	258	2.46e-26	108
WP_000259031.1	279	k121_384899_1	N/A	35.178	88	253	3.98e-26	107
WP_000259031.1	279	k121_506985_1	N/A	37.443	77	219	6.46e-26	105
WP_000259031.1	279	k121_574394_2	N/A	30.620	88	258	6.61e-26	107
WP_000259031.1	279	k121_1089185_7	N/A	31.395	91	258	1.86e-25	107
WP_000259031.1	279	k121_748495_1	N/A	33.465	88	254	4.31e-25	105
WP_000259031.1	279	k121_37089_1	N/A	36.158	63	177	5.03e-25	102
WP_000259031.1	279	k121_1720951_2	N/A	27.953	89	254	1.58e-24	102
WP_000259031.1	279	k121_1657465_4	N/A	33.955	93	268	1.66e-24	104
WP_000259031.1	279	k121_824765_2	N/A	34.000	89	250	1.78e-23	100
WP_000259031.1	279	k121_2482740_1	N/A	34.286	61	175	2.88e-23	97.1
WP_000259031.1	279	k121_808853_1	N/A	31.674	78	221	2.90e-23	99.0
WP_000259031.1	279	k121_653006_1	N/A	33.019	73	212	5.06e-23	97.4
WP_000259031.1	279	k121_1159462_1	N/A	31.429	74	210	5.23e-23	97.1
WP_000259031.1	279	k121_1819830_1	N/A	33.486	78	218	6.94e-23	98.2
WP_000259031.1	279	k121_2249545_1	N/A	28.897	91	263	1.96e-22	98.2
WP_000259031.1	279	k121_724485_21	N/A	31.538	91	260	2.76e-22	98.2
WP_000259031.1	279	k121_352980_2	N/A	31.073	63	177	5.07e-22	94.4
WP_000259031.1	279	k121_2096286_1	N/A	30.041	77	243	5.59e-22	96.3
WP_000259031.1	279	k121_607185_1	N/A	28.464	88	267	1.01e-21	95.9
WP_000259031.1	279	k121_586564_1	N/A	34.302	61	172	1.01e-21	93.2
WP_000259031.1	279	k121_296043_4	N/A	30.522	84	249	1.48e-21	95.1
WP_000259031.1	279	k121_311254_1	N/A	34.783	66	184	2.01e-21	93.6
WP_000259031.1	279	k121_348851_1	N/A	33.333	68	192	8.23e-21	91.3
WP_000259031.1	279	k121_384723_1	N/A	27.426	84	237	1.36e-20	92.0
WP_000259031.1	279	k121_1289321_1	N/A	33.962	75	212	1.69e-20	90.9
WP_000259031.1	279	k121_166269_1	N/A	26.609	78	233	2.06e-20	91.3
WP_000259031.1	279	k121_452088_1	N/A	36.898	66	187	3.65e-20	90.1
WP_000259031.1	279	k121_915393_1	N/A	36.517	62	178	4.86e-20	88.6
WP_000259031.1	279	k121_2470034_1	N/A	29.457	88	258	9.81e-20	90.1
WP_000259031.1	279	k121_1053499_1	N/A	31.319	63	182	1.41e-19	88.2
WP_000259031.1	279	k121_1324578_1	N/A	31.628	76	215	1.61e-19	88.2
WP_000259031.1	279	k121_619003_1	N/A	32.701	75	211	1.72e-19	88.2
WP_000259031.1	279	k121_1337032_2	N/A	35.185	77	216	4.21e-19	88.6
WP_000259031.1	279	k121_794092_1	N/A	33.488	76	215	5.60e-19	87.0
WP_000259031.1	279	k121_1042658_1	N/A	34.234	78	222	5.63e-19	88.6
WP_000259031.1	279	k121_889731_1	N/A	33.333	77	219	1.08e-18	87.4
WP_000259031.1	279	k121_1126628_1	N/A	35.593	42	118	1.43e-18	82.8
WP_000259031.1	279	k121_2162340_1	N/A	34.483	60	174	1.68e-18	84.3
WP_000259031.1	279	k121_315620_1	N/A	34.965	51	143	2.46e-18	84.3
WP_000259031.1	279	k121_2482823_1	N/A	28.902	62	173	3.23e-18	84.0
WP_000259031.1	279	k121_323595_2	N/A	30.597	93	268	4.14e-18	86.3
WP_000259031.1	279	k121_863021_2	N/A	32.967	95	273	5.77e-18	85.1
WP_000259031.1	279	k121_530766_2	N/A	30.631	79	222	8.19e-18	84.0
WP_000259031.1	279	k121_1765126_2	N/A	31.222	77	221	8.43e-18	84.7
WP_000259031.1	279	k121_365161_1	N/A	31.461	63	178	1.14e-17	84.3
WP_000259031.1	279	k121_1216877_1	N/A	26.946	59	167	1.34e-17	81.6
WP_000259031.1	279	k121_1738827_1	N/A	26.761	96	284	1.53e-17	84.3
WP_000259031.1	279	k121_1818569_2	N/A	33.333	63	186	5.35e-17	82.0
WP_000259031.1	279	k121_1845909_2	N/A	31.765	61	170	8.42e-17	80.5
WP_000259031.1	279	k121_300117_1	N/A	33.520	63	179	1.46e-16	79.3
WP_000259031.1	279	k121_417849_1	N/A	30.126	74	239	1.46e-16	81.3
WP_000259031.1	279	k121_1101557_1	N/A	30.198	72	202	2.01e-16	79.7
WP_000259031.1	279	k121_2256208_1	N/A	28.638	76	213	5.56e-16	78.6
WP_000259031.1	279	k121_1987830_1	N/A	29.944	63	177	7.56e-16	78.2
WP_000259031.1	279	k121_1256395_1	N/A	30.570	68	193	1.33e-15	77.0
WP_000259031.1	279	k121_2428402_1	N/A	34.536	68	194	2.14e-15	76.6
WP_000259031.1	279	k121_23478_1	N/A	32.922	75	243	2.66e-15	77.4
WP_000259031.1	279	k121_1095201_2	N/A	35.057	61	174	5.24e-15	75.9
WP_000259031.1	279	k121_1985181_1	N/A	32.000	53	150	7.92e-15	74.3
WP_000259031.1	279	k121_1824078_2	N/A	37.427	61	171	9.79e-15	74.7
WP_000259031.1	279	k121_1265901_1	N/A	29.870	54	154	1.02e-14	74.3
WP_000259031.1	279	k121_1069103_1	N/A	34.978	78	223	1.71e-14	75.9
WP_000259031.1	279	k121_1393440_1	N/A	32.278	56	158	2.57e-14	73.2
WP_000259031.1	279	k121_2330023_1	N/A	30.698	76	215	2.66e-14	73.9
WP_000259031.1	279	k121_124803_1	N/A	30.337	63	178	3.90e-14	73.9
WP_000259031.1	279	k121_346301_1	N/A	23.556	80	225	4.90e-14	73.6
WP_000259031.1	279	k121_335482_1	N/A	33.566	51	143	5.16e-14	72.0
WP_000259031.1	279	k121_1447230_2	N/A	29.825	60	171	5.21e-14	73.9
WP_000259031.1	279	k121_392229_3	N/A	29.907	75	214	7.23e-14	73.6
WP_000259031.1	279	k121_1408273_1	N/A	33.962	56	159	8.33e-14	71.6
WP_000259031.1	279	k121_2416324_3	N/A	26.923	63	182	9.80e-14	72.4
WP_000259031.1	279	k121_2351285_1	N/A	30.645	44	124	9.93e-14	70.9
WP_000259031.1	279	k121_1827208_1	N/A	31.098	58	164	1.76e-13	71.2
WP_000259031.1	279	k121_851984_1	N/A	33.028	38	109	2.15e-13	68.9
WP_000259031.1	279	k121_283894_1	N/A	28.500	71	200	2.94e-13	70.9
WP_000259031.1	279	k121_887435_1	N/A	35.870	33	92	4.46e-13	67.8
WP_000259031.1	279	k121_1248798_1	N/A	30.120	58	166	4.71e-13	69.7
WP_000259031.1	279	k121_1198755_1	N/A	40.000	38	105	5.61e-13	68.9
WP_000259031.1	279	k121_721799_1	N/A	35.922	37	103	7.48e-13	67.8
WP_000259031.1	279	k121_642382_1	N/A	29.677	56	155	8.51e-13	69.3
WP_000259031.1	279	k121_1980969_2	N/A	31.132	73	212	8.85e-13	69.7
WP_000259031.1	279	k121_1941075_1	N/A	40.594	36	101	9.47e-13	68.6
WP_000259031.1	279	k121_1520485_1	N/A	26.804	70	194	1.06e-12	69.7
WP_000259031.1	279	k121_2076514_2	N/A	28.571	68	217	1.13e-12	69.3
WP_000259031.1	279	k121_135047_2	N/A	42.593	39	108	1.99e-12	67.4
WP_000259031.1	279	k121_1462117_2	N/A	34.653	36	101	3.15e-12	65.5
WP_000259031.1	279	k121_331785_1	N/A	33.065	44	124	3.57e-12	67.4
WP_000259031.1	279	k121_2436047_1	N/A	24.457	63	184	3.68e-12	67.8
WP_000259031.1	279	k121_783422_1	N/A	24.444	81	225	5.39e-12	68.2
WP_000259031.1	279	k121_2035556_1	N/A	28.436	65	211	8.09e-12	67.4
WP_000259031.1	279	k121_1837866_2	N/A	36.190	38	105	8.62e-12	65.5
WP_000259031.1	279	k121_28994_1	N/A	30.719	53	153	1.11e-11	66.2
WP_000259031.1	279	k121_1231550_1	N/A	27.841	63	176	2.09e-11	67.0
WP_000259031.1	279	k121_1012049_1	N/A	29.560	57	159	2.91e-11	64.3
WP_000259031.1	279	k121_582733_1	N/A	34.906	38	106	5.01e-11	64.3
WP_000259031.1	279	k121_470054_2	N/A	33.871	64	186	5.40e-11	64.7
WP_000259031.1	279	k121_2238565_1	N/A	37.383	38	107	5.58e-11	63.9
WP_000259031.1	279	k121_1666376_1	N/A	31.214	61	173	1.18e-10	63.5
WP_000259031.1	279	k121_408677_1	N/A	27.119	57	177	1.43e-10	62.8
WP_000259031.1	279	k121_1794283_1	N/A	32.174	74	230	2.20e-10	63.2
WP_000259031.1	279	k121_925393_1	N/A	30.909	58	165	3.38e-10	62.0
WP_000259031.1	279	k121_1487701_1	N/A	43.396	38	106	4.07e-10	61.2
WP_000259031.1	279	k121_1960136_2	N/A	27.778	61	180	4.11e-10	62.4
WP_000259031.1	279	k121_2446585_2	N/A	26.627	60	169	5.87e-10	60.8
WP_000259031.1	279	k121_2062676_1	N/A	32.407	38	108	6.21e-10	60.8
WP_000259031.1	279	k121_2112712_1	N/A	29.891	64	184	7.77e-10	61.6
WP_000259031.1	279	k121_559325_1	N/A	29.814	57	161	7.79e-10	60.1
WP_000259031.1	279	k121_2082934_1	N/A	34.579	38	107	1.02e-09	58.9
WP_000259031.1	279	k121_215307_1	N/A	30.645	44	124	1.06e-09	59.7
WP_000259031.1	279	k121_365914_2	N/A	34.694	50	147	1.15e-09	59.7
WP_000259031.1	279	k121_2237474_1	N/A	36.220	44	127	1.31e-09	59.3
WP_000259031.1	279	k121_1885735_1	N/A	33.613	41	119	1.44e-09	60.1
WP_000259031.1	279	k121_1887878_2	N/A	28.000	76	250	1.48e-09	61.6
WP_000259031.1	279	k121_496715_1	N/A	28.814	62	177	1.51e-09	60.1
WP_000259031.1	279	k121_1289876_1	N/A	30.693	36	101	3.21e-09	58.2
WP_000259031.1	279	k121_1753241_1	N/A	28.485	59	165	3.28e-09	58.5
WP_000259031.1	279	k121_560453_2	N/A	42.056	38	107	5.25e-09	57.8
WP_000259031.1	279	k121_2277978_1	N/A	29.480	61	173	6.24e-09	58.5
WP_000259031.1	279	k121_614384_1	N/A	33.071	45	127	7.18e-09	57.8
WP_000259031.1	279	k121_1598481_1	N/A	29.412	59	170	1.04e-08	57.8
WP_000259031.1	279	k121_2005085_3	N/A	30.061	57	163	1.09e-08	57.0
WP_000259031.1	279	k121_84787_2	N/A	28.994	60	169	1.35e-08	57.0
WP_000259031.1	279	k121_1565418_1	N/A	33.951	54	162	1.52e-08	56.6
WP_000259031.1	279	k121_964883_1	N/A	28.488	57	172	1.64e-08	57.0
WP_000259031.1	279	k121_548711_2	N/A	31.068	37	103	3.15e-08	56.2
WP_000259031.1	279	k121_277184_1	N/A	34.646	44	127	3.28e-08	57.0
WP_000259031.1	279	k121_2172851_1	N/A	37.580	56	157	4.16e-08	55.8
WP_000259031.1	279	k121_170192_5	N/A	30.769	46	130	5.22e-08	55.5
WP_000259031.1	279	k121_2389298_1	N/A	37.500	26	72	6.94e-08	53.1
WP_000259031.1	279	k121_313294_1	N/A	36.364	24	66	7.47e-08	52.8
WP_000259031.1	279	k121_127090_1	N/A	32.026	51	153	1.03e-07	54.3
WP_000259031.1	279	k121_539415_1	N/A	33.333	33	93	1.25e-07	53.1
WP_000259031.1	279	k121_2221548_1	N/A	29.586	59	169	1.85e-07	53.9
WP_000259031.1	279	k121_803340_1	N/A	37.879	24	66	2.01e-07	52.0
WP_000259031.1	279	k121_1628787_2	N/A	27.068	43	133	3.23e-07	52.4
WP_000259031.1	279	k121_2132537_1	N/A	29.586	60	169	3.57e-07	53.1
WP_000259031.1	279	k121_1350905_2	N/A	32.692	36	104	3.88e-07	51.2
WP_000259031.1	279	k121_2286831_1	N/A	29.358	75	218	5.63e-07	53.1
WP_000259031.1	279	k121_421878_1	N/A	27.108	59	166	5.68e-07	52.8
WP_000259031.1	279	k121_531220_1	N/A	36.036	39	111	6.54e-07	52.8
WP_000259031.1	279	k121_1398970_1	N/A	35.366	29	82	1.12e-06	49.3
WP_000259031.1	279	k121_1600321_1	N/A	25.767	58	163	1.21e-06	51.6
WP_000259031.1	279	k121_407044_1	N/A	33.981	36	103	2.17e-06	49.7
WP_000259031.1	279	k121_1000821_1	N/A	40.580	25	69	2.37e-06	50.1
WP_000259031.1	279	k121_1005310_1	N/A	33.333	34	96	3.49e-06	48.5
WP_000259031.1	279	k121_2330722_2	N/A	31.707	44	123	7.24e-06	48.5
WP_000259031.1	279	k121_2068231_1	N/A	36.066	22	61	2.26e-05	46.2
WP_000259031.1	279	k121_1477932_1	N/A	24.786	42	117	3.60e-05	46.6
WP_000259031.1	279	k121_1940538_1	N/A	37.634	30	93	4.74e-05	45.8
WP_000259031.1	279	k121_1740922_2	N/A	33.824	24	68	5.01e-05	45.4
WP_000259031.1	279	k121_191887_1	N/A	33.333	24	66	6.42e-05	44.7
WP_000259031.1	279	k121_2392168_5	N/A	34.848	24	66	7.55e-05	44.7
WP_000259031.1	279	k121_1748685_2	N/A	48.101	28	79	8.03e-05	45.1
WP_000259031.1	279	k121_774924_2	N/A	39.785	33	93	9.37e-05	45.1
WP_000259031.1	279	k121_1960136_1	N/A	37.143	25	70	1.20e-04	47.0
WP_000259031.1	279	k121_1660611_1	N/A	26.786	40	112	1.25e-04	45.1
WP_000259031.1	279	k121_1114070_1	N/A	35.065	28	77	2.26e-04	44.7
WP_000259031.1	279	k121_577883_2	N/A	40.000	25	70	2.96e-04	45.4
WP_000259031.1	279	k121_1942538_1	N/A	25.850	49	147	3.12e-04	45.1
WP_000259031.1	279	k121_126531_4	N/A	26.126	39	111	3.65e-04	43.5
WP_000259031.1	279	k121_1095719_6	N/A	33.766	27	77	4.44e-04	45.4
WP_000259031.1	279	k121_1668163_2	N/A	32.812	23	64	4.48e-04	41.6
WP_000259031.1	279	k121_916378_2	N/A	46.032	23	63	8.57e-04	42.0
WP_000259031.1	279	k121_2048864_1	N/A	34.694	34	98	0.001	42.0
WP_000259031.1	279	k121_844893_1	N/A	38.028	25	71	0.004	39.3
WP_000259031.1	279	k121_1415924_1	N/A	37.097	44	124	0.004	40.4
WP_000259031.1	279	k121_238445_2	N/A	35.714	20	56	0.005	39.3
WP_000259031.1	279	k121_179029_1	N/A	32.692	36	104	0.007	40.4
WP_000259031.1	279	k121_1538054_1	N/A	30.380	28	79	0.010	41.2
WP_000259031.1	279	k121_1618108_2	N/A	38.028	24	71	0.014	38.1
WP_000259031.1	279	k121_1609890_1	N/A	28.235	30	85	0.015	38.1
WP_000259031.1	279	k121_1065293_1	N/A	32.075	38	106	0.018	38.9
WP_000259031.1	279	k121_962999_2	N/A	33.333	34	99	0.020	38.1
WP_000259031.1	279	k121_1482199_1	N/A	31.200	44	125	0.022	38.5
WP_000259031.1	279	k121_851647_1	N/A	27.027	27	74	0.039	36.6
WP_000259031.1	279	k121_677362_6	N/A	32.857	25	70	0.046	37.0
WP_000259031.1	279	k121_2441794_1	N/A	35.165	31	91	0.046	37.0
WP_000259031.1	279	k121_2234713_2	N/A	26.214	34	103	0.053	37.0
WP_000259031.1	279	k121_364882_1	N/A	33.962	35	106	0.058	37.0
WP_000259031.1	279	k121_75101_1	N/A	30.216	44	139	0.084	38.1
WP_000259031.1	279	k121_122195_2	N/A	41.270	22	63	0.091	35.4
WP_001043260.1	271	k121_796109_2	N/A	53.516	94	256	2.75e-83	254
WP_001043260.1	271	k121_524871_1	N/A	36.782	96	261	2.32e-48	164
WP_001043260.1	271	k121_2448368_2	N/A	41.313	95	259	2.61e-47	162
WP_001043260.1	271	k121_436459_2	N/A	40.458	96	262	8.02e-47	162
WP_001043260.1	271	k121_68742_1	N/A	36.327	90	245	4.19e-41	145
WP_001043260.1	271	k121_262491_2	N/A	35.766	98	274	9.75e-41	145
WP_001043260.1	271	k121_2337012_5	N/A	35.581	97	267	1.84e-40	145
WP_001043260.1	271	k121_1596165_2	N/A	40.698	95	258	2.21e-40	144
WP_001043260.1	271	k121_774792_2	N/A	37.209	95	258	4.09e-38	138
WP_001043260.1	271	k121_550745_1	N/A	34.559	95	272	1.66e-37	136
WP_001043260.1	271	k121_824765_2	N/A	37.405	96	262	2.03e-37	136
WP_001043260.1	271	k121_1682744_3	N/A	35.385	95	260	2.76e-37	137
WP_001043260.1	271	k121_1034071_6	N/A	33.205	95	259	4.31e-37	136
WP_001043260.1	271	k121_37089_1	N/A	41.379	64	174	1.20e-36	132
WP_001043260.1	271	k121_574394_2	N/A	34.191	96	272	1.59e-36	134
WP_001043260.1	271	k121_1819830_1	N/A	37.959	90	245	1.63e-36	134
WP_001043260.1	271	k121_267685_2	N/A	39.450	79	218	1.84e-36	134
WP_001043260.1	271	k121_2249545_1	N/A	35.531	96	273	2.32e-36	134
WP_001043260.1	271	k121_296043_4	N/A	33.333	90	246	3.08e-36	134
WP_001043260.1	271	k121_2015362_7	N/A	32.443	96	262	3.57e-36	133
WP_001043260.1	271	k121_506985_1	N/A	42.453	77	212	4.56e-36	131
WP_001043260.1	271	k121_724485_21	N/A	38.971	96	272	9.02e-36	134
WP_001043260.1	271	k121_1414125_2	N/A	36.842	96	266	1.16e-35	132
WP_001043260.1	271	k121_808853_1	N/A	35.586	82	222	4.38e-35	129
WP_001043260.1	271	k121_1101557_1	N/A	38.660	71	194	7.95e-35	128
WP_001043260.1	271	k121_2268868_1	N/A	33.992	92	253	1.82e-34	129
WP_001043260.1	271	k121_1053499_1	N/A	37.569	64	181	2.40e-34	126
WP_001043260.1	271	k121_1657465_4	N/A	37.879	96	264	3.06e-34	130
WP_001043260.1	271	k121_1765126_2	N/A	34.127	92	252	4.60e-34	127
WP_001043260.1	271	k121_384899_1	N/A	36.187	93	257	5.72e-34	128
WP_001043260.1	271	k121_2441654_1	N/A	34.783	92	253	6.44e-34	129
WP_001043260.1	271	k121_2232660_1	N/A	32.453	96	265	3.03e-33	125
WP_001043260.1	271	k121_1738827_1	N/A	31.752	96	274	3.73e-33	125
WP_001043260.1	271	k121_1337032_2	N/A	39.033	96	269	7.75e-33	125
WP_001043260.1	271	k121_430956_2	N/A	33.074	90	257	9.36e-33	125
WP_001043260.1	271	k121_653006_1	N/A	38.342	71	193	1.41e-32	122
WP_001043260.1	271	k121_683586_1	N/A	31.818	88	242	1.66e-32	123
WP_001043260.1	271	k121_300117_1	N/A	42.373	64	177	4.02e-32	120
WP_001043260.1	271	k121_2066090_1	N/A	37.557	80	221	5.00e-32	122
WP_001043260.1	271	k121_2416324_3	N/A	33.668	71	199	1.01e-31	120
WP_001043260.1	271	k121_1705349_1	N/A	36.986	80	219	1.12e-31	121
WP_001043260.1	271	k121_1289321_1	N/A	38.679	77	212	1.86e-31	119
WP_001043260.1	271	k121_1450500_3	N/A	37.154	91	253	2.32e-31	123
WP_001043260.1	271	k121_2436047_1	N/A	33.166	71	199	4.44e-31	118
WP_001043260.1	271	k121_1754614_1	N/A	33.077	91	260	4.80e-31	120
WP_001043260.1	271	k121_889731_1	N/A	39.171	79	217	4.95e-31	120
WP_001043260.1	271	k121_2096286_1	N/A	33.061	79	245	5.91e-31	120
WP_001043260.1	271	k121_2453201_20	N/A	28.090	97	267	9.95e-31	119
WP_001043260.1	271	k121_915393_1	N/A	42.286	63	175	1.49e-30	116
WP_001043260.1	271	k121_1216877_1	N/A	36.145	61	166	1.55e-30	115
WP_001043260.1	271	k121_311254_1	N/A	38.865	84	229	2.70e-30	117
WP_001043260.1	271	k121_1327651_1	N/A	34.677	90	248	3.05e-30	119
WP_001043260.1	271	k121_2256208_1	N/A	34.259	77	216	5.72e-30	115
WP_001043260.1	271	k121_2214634_1	N/A	38.115	87	244	6.25e-30	117
WP_001043260.1	271	k121_440275_2	N/A	30.566	96	265	1.42e-29	116
WP_001043260.1	271	k121_794092_1	N/A	40.376	77	213	1.46e-29	115
WP_001043260.1	271	k121_1612233_2	N/A	36.416	63	173	3.48e-29	112
WP_001043260.1	271	k121_2482740_1	N/A	36.994	62	173	3.93e-29	112
WP_001043260.1	271	k121_530766_2	N/A	34.632	85	231	6.92e-29	113
WP_001043260.1	271	k121_2470034_1	N/A	30.620	92	258	1.36e-28	113
WP_001043260.1	271	k121_1984897_1	N/A	33.840	96	263	4.31e-28	112
WP_001043260.1	271	k121_1324578_1	N/A	33.023	78	215	7.72e-28	109
WP_001043260.1	271	k121_348851_1	N/A	37.629	70	194	8.61e-28	109
WP_001043260.1	271	k121_607185_1	N/A	32.014	96	278	1.04e-27	111
WP_001043260.1	271	k121_166269_1	N/A	31.858	78	226	1.24e-27	110
WP_001043260.1	271	k121_1089185_7	N/A	29.588	97	267	2.15e-27	112
WP_001043260.1	271	k121_2482823_1	N/A	33.333	63	171	2.32e-27	108
WP_001043260.1	271	k121_1720951_2	N/A	27.969	95	261	1.94e-26	107
WP_001043260.1	271	k121_384723_1	N/A	29.707	87	239	3.58e-26	106
WP_001043260.1	271	k121_1987830_1	N/A	33.333	64	180	1.03e-25	104
WP_001043260.1	271	k121_23478_1	N/A	34.413	81	247	1.29e-25	105
WP_001043260.1	271	k121_1705980_2	N/A	37.500	74	200	5.40e-25	102
WP_001043260.1	271	k121_352980_2	N/A	33.898	64	177	1.13e-24	101
WP_001043260.1	271	k121_619003_1	N/A	35.211	78	213	1.19e-24	101
WP_001043260.1	271	k121_1159462_1	N/A	31.100	76	209	2.77e-24	100
WP_001043260.1	271	k121_365161_1	N/A	34.659	64	176	7.76e-24	100
WP_001043260.1	271	k121_748495_1	N/A	29.699	97	266	2.69e-23	100
WP_001043260.1	271	k121_323595_2	N/A	32.342	96	269	3.42e-23	100
WP_001043260.1	271	k121_417849_1	N/A	33.571	93	280	4.53e-23	99.0
WP_001043260.1	271	k121_28994_1	N/A	40.000	48	135	4.90e-23	96.7
WP_001043260.1	271	k121_863021_2	N/A	33.824	96	272	1.00e-22	98.2
WP_001043260.1	271	k121_586564_1	N/A	35.294	62	170	3.18e-22	94.4
WP_001043260.1	271	k121_315620_1	N/A	41.085	47	129	4.00e-22	94.4
WP_001043260.1	271	k121_452088_1	N/A	35.088	83	228	9.65e-22	94.4
WP_001043260.1	271	k121_548711_2	N/A	40.800	46	125	9.68e-22	92.8
WP_001043260.1	271	k121_721799_1	N/A	41.748	38	103	1.53e-21	90.9
WP_001043260.1	271	k121_1885735_1	N/A	41.600	44	125	7.07e-21	90.9
WP_001043260.1	271	k121_1126628_1	N/A	42.718	38	103	8.07e-21	88.6
WP_001043260.1	271	k121_1069103_1	N/A	37.850	77	214	8.74e-21	93.2
WP_001043260.1	271	k121_2082934_1	N/A	45.192	38	104	9.13e-21	88.6
WP_001043260.1	271	k121_1985181_1	N/A	37.302	45	126	1.05e-20	89.7
WP_001043260.1	271	k121_851984_1	N/A	42.056	38	107	1.72e-20	87.4
WP_001043260.1	271	k121_1042658_1	N/A	34.685	80	222	1.88e-20	92.4
WP_001043260.1	271	k121_277184_1	N/A	42.520	46	127	2.46e-20	90.5
WP_001043260.1	271	k121_1265901_1	N/A	34.839	55	155	5.75e-20	88.2
WP_001043260.1	271	k121_1462117_2	N/A	42.574	37	101	6.39e-20	85.9
WP_001043260.1	271	k121_887435_1	N/A	41.935	34	93	9.56e-20	85.5
WP_001043260.1	271	k121_124803_1	N/A	28.283	71	198	1.80e-19	88.6
WP_001043260.1	271	k121_1818569_2	N/A	33.514	65	185	2.71e-19	88.2
WP_001043260.1	271	k121_2162340_1	N/A	38.182	61	165	2.74e-19	86.3
WP_001043260.1	271	k121_1256395_1	N/A	34.392	69	189	4.10e-19	86.3
WP_001043260.1	271	k121_1520485_1	N/A	27.570	79	214	6.04e-19	86.7
WP_001043260.1	271	k121_1824078_2	N/A	37.306	68	193	1.03e-18	85.1
WP_001043260.1	271	k121_331785_1	N/A	34.146	60	164	1.27e-18	84.7
WP_001043260.1	271	k121_1095201_2	N/A	38.596	62	171	1.50e-18	85.5
WP_001043260.1	271	k121_1447230_2	N/A	30.769	61	169	2.50e-18	85.9
WP_001043260.1	271	k121_2076514_2	N/A	29.439	70	214	3.21e-18	84.3
WP_001043260.1	271	k121_2351285_1	N/A	33.871	45	124	3.71e-18	82.4
WP_001043260.1	271	k121_964883_1	N/A	34.146	60	164	3.98e-18	83.2
WP_001043260.1	271	k121_2330023_1	N/A	30.734	79	218	5.81e-18	83.6
WP_001043260.1	271	k121_1000821_1	N/A	56.757	27	74	8.19e-18	81.3
WP_001043260.1	271	k121_1398970_1	N/A	49.398	30	83	1.32e-17	79.0
WP_001043260.1	271	k121_283894_1	N/A	31.395	63	172	1.32e-17	82.8
WP_001043260.1	271	k121_215307_1	N/A	35.000	51	140	2.01e-17	80.9
WP_001043260.1	271	k121_783422_1	N/A	28.780	74	205	2.22e-17	83.2
WP_001043260.1	271	k121_2330722_2	N/A	39.024	45	123	3.50e-17	79.3
WP_001043260.1	271	k121_2428402_1	N/A	30.806	76	211	3.73e-17	81.3
WP_001043260.1	271	k121_1289876_1	N/A	39.604	37	101	4.04e-17	79.3
WP_001043260.1	271	k121_1827208_1	N/A	31.481	59	162	4.36e-17	81.3
WP_001043260.1	271	k121_1837866_2	N/A	38.318	39	107	7.24e-17	79.3
WP_001043260.1	271	k121_1845909_2	N/A	28.191	69	188	7.82e-17	80.5
WP_001043260.1	271	k121_1794283_1	N/A	32.314	76	229	1.07e-16	80.5
WP_001043260.1	271	k121_2035556_1	N/A	27.650	67	217	1.55e-16	80.5
WP_001043260.1	271	k121_1753241_1	N/A	32.515	60	163	1.97e-16	78.2
WP_001043260.1	271	k121_1231550_1	N/A	32.432	65	185	2.46e-16	80.9
WP_001043260.1	271	k121_1740922_2	N/A	50.000	25	68	4.57e-16	75.5
WP_001043260.1	271	k121_1980969_2	N/A	33.641	76	217	5.13e-16	78.6
WP_001043260.1	271	k121_539415_1	N/A	43.011	34	93	5.63e-16	75.9
WP_001043260.1	271	k121_408677_1	N/A	29.730	62	185	5.70e-16	77.4
WP_001043260.1	271	k121_392229_3	N/A	30.233	77	215	9.47e-16	78.6
WP_001043260.1	271	k121_803340_1	N/A	48.485	24	66	1.92e-15	73.6
WP_001043260.1	271	k121_642382_1	N/A	27.273	69	187	1.98e-15	76.3
WP_001043260.1	271	k121_2389298_1	N/A	48.571	26	70	4.93e-15	72.4
WP_001043260.1	271	k121_313294_1	N/A	52.113	26	71	1.29e-14	71.2
WP_001043260.1	271	k121_2392168_5	N/A	48.052	28	77	1.70e-14	71.2
WP_001043260.1	271	k121_135047_2	N/A	39.456	54	147	2.32e-14	72.4
WP_001043260.1	271	k121_1248798_1	N/A	29.670	66	182	4.61e-14	72.4
WP_001043260.1	271	k121_346301_1	N/A	25.974	84	231	1.66e-13	72.0
WP_001043260.1	271	k121_1668163_2	N/A	46.875	24	64	2.27e-13	67.4
WP_001043260.1	271	k121_1393440_1	N/A	27.711	61	166	2.54e-13	70.1
WP_001043260.1	271	k121_582733_1	N/A	33.108	54	148	4.00e-13	70.1
WP_001043260.1	271	k121_2005085_3	N/A	31.013	58	158	4.06e-13	69.3
WP_001043260.1	271	k121_335482_1	N/A	30.921	54	152	4.93e-13	68.9
WP_001043260.1	271	k121_170192_5	N/A	30.675	60	163	6.51e-13	68.9
WP_001043260.1	271	k121_2237474_1	N/A	40.678	44	118	9.86e-13	67.8
WP_001043260.1	271	k121_496715_1	N/A	32.386	64	176	1.57e-12	68.2
WP_001043260.1	271	k121_2132537_1	N/A	35.714	62	168	3.30e-12	67.0
WP_001043260.1	271	k121_191887_1	N/A	38.806	25	67	4.40e-12	64.7
WP_001043260.1	271	k121_1598481_1	N/A	32.222	66	180	4.69e-12	67.0
WP_001043260.1	271	k121_559325_1	N/A	30.405	55	148	6.23e-12	65.9
WP_001043260.1	271	k121_2446585_2	N/A	27.976	62	168	1.34e-11	65.5
WP_001043260.1	271	k121_2286831_1	N/A	32.000	70	200	2.67e-11	65.5
WP_001043260.1	271	k121_84787_2	N/A	29.518	61	166	3.08e-11	64.3
WP_001043260.1	271	k121_1198755_1	N/A	35.294	48	136	3.15e-11	63.9
WP_001043260.1	271	k121_531220_1	N/A	40.594	37	101	3.97e-11	64.7
WP_001043260.1	271	k121_2277978_1	N/A	30.286	63	175	4.32e-11	64.3
WP_001043260.1	271	k121_1095719_6	N/A	43.056	26	72	4.43e-11	66.2
WP_001043260.1	271	k121_577883_2	N/A	44.444	26	72	4.90e-11	64.7
WP_001043260.1	271	k121_1012049_1	N/A	30.921	55	152	5.46e-11	63.5
WP_001043260.1	271	k121_1941075_1	N/A	32.414	52	145	5.74e-11	63.5
WP_001043260.1	271	k121_470054_2	N/A	30.622	74	209	9.24e-11	63.9
WP_001043260.1	271	k121_560453_2	N/A	39.683	46	126	9.64e-11	62.4
WP_001043260.1	271	k121_1887878_2	N/A	28.226	75	248	9.94e-11	65.1
WP_001043260.1	271	k121_127090_1	N/A	32.051	55	156	2.27e-10	61.6
WP_001043260.1	271	k121_1960136_1	N/A	38.961	28	77	2.70e-10	63.9
WP_001043260.1	271	k121_421878_1	N/A	29.545	62	176	3.48e-10	62.0
WP_001043260.1	271	k121_925393_1	N/A	30.814	63	172	3.89e-10	61.6
WP_001043260.1	271	k121_1960136_2	N/A	25.943	75	212	4.02e-10	62.4
WP_001043260.1	271	k121_1628787_2	N/A	32.323	36	99	4.32e-10	60.5
WP_001043260.1	271	k121_2112712_1	N/A	30.055	65	183	4.59e-10	62.0
WP_001043260.1	271	k121_2221548_1	N/A	30.405	54	148	1.75e-09	59.3
WP_001043260.1	271	k121_238445_2	N/A	47.170	20	53	1.83e-09	57.0
WP_001043260.1	271	k121_1940538_1	N/A	31.858	39	113	2.84e-09	57.8
WP_001043260.1	271	k121_1538054_1	N/A	43.056	26	72	4.86e-09	60.5
WP_001043260.1	271	k121_2062676_1	N/A	33.010	37	103	6.24e-09	57.8
WP_001043260.1	271	k121_2048864_1	N/A	37.864	37	103	6.65e-09	56.6
WP_001043260.1	271	k121_1408273_1	N/A	30.601	64	183	1.20e-08	57.0
WP_001043260.1	271	k121_2238565_1	N/A	32.544	61	169	1.49e-08	57.0
WP_001043260.1	271	k121_1565418_1	N/A	31.169	54	154	2.66e-08	55.8
WP_001043260.1	271	k121_2068231_1	N/A	41.935	23	62	7.03e-08	53.1
WP_001043260.1	271	k121_365914_2	N/A	33.871	44	124	9.58e-08	54.3
WP_001043260.1	271	k121_407044_1	N/A	32.203	43	118	1.15e-07	53.1
WP_001043260.1	271	k121_614384_1	N/A	27.976	61	168	1.15e-07	54.3
WP_001043260.1	271	k121_2441794_1	N/A	41.489	34	94	3.24e-07	51.6
WP_001043260.1	271	k121_1666376_1	N/A	26.882	68	186	5.63e-07	52.8
WP_001043260.1	271	k121_2172851_1	N/A	35.673	61	171	5.98e-07	52.4
WP_001043260.1	271	k121_1660611_1	N/A	25.850	54	147	6.46e-07	51.6
WP_001043260.1	271	k121_774924_2	N/A	41.489	34	94	7.69e-07	50.8
WP_001043260.1	271	k121_126531_4	N/A	32.692	37	104	9.10e-07	50.8
WP_001043260.1	271	k121_2422260_1	N/A	41.429	26	70	1.84e-06	51.2
WP_001043260.1	271	k121_2234713_2	N/A	35.714	38	112	2.31e-06	49.3
WP_001043260.1	271	k121_1487701_1	N/A	38.655	44	119	3.02e-06	50.4
WP_001043260.1	271	k121_1005310_1	N/A	32.099	30	81	8.93e-06	47.4
WP_001043260.1	271	k121_916378_2	N/A	39.091	40	110	1.10e-05	47.4
WP_001043260.1	271	k121_1350905_2	N/A	36.283	39	113	2.10e-05	46.6
WP_001043260.1	271	k121_851647_1	N/A	35.526	27	76	4.34e-05	45.1
WP_001043260.1	271	k121_1942538_1	N/A	20.896	69	201	2.43e-04	45.1
WP_001043260.1	271	k121_179029_1	N/A	33.088	49	136	2.62e-04	44.7
WP_001043260.1	271	k121_1114070_1	N/A	36.620	26	71	2.78e-04	44.3
WP_001043260.1	271	k121_1618108_2	N/A	43.056	25	72	3.51e-04	42.7
WP_001043260.1	271	k121_677362_6	N/A	43.333	22	60	6.03e-04	42.4
WP_001043260.1	271	k121_1482199_1	N/A	35.833	44	120	6.53e-04	43.1
WP_001043260.1	271	k121_1748685_2	N/A	43.820	33	89	0.001	42.0
WP_001043260.1	271	k121_962999_2	N/A	32.673	37	101	0.002	40.8
WP_001043260.1	271	k121_364882_1	N/A	31.034	40	116	0.003	40.4
WP_001043260.1	271	k121_1415924_1	N/A	34.783	42	115	0.004	40.4
WP_001043260.1	271	k121_1065293_1	N/A	34.259	39	108	0.007	39.7
WP_001043260.1	271	k121_1360729_1	N/A	44.444	20	54	0.080	37.4
WP_001043260.1	271	k121_1864259_1	N/A	40.984	23	61	0.100	37.4
WP_000034420.1	263	k121_796109_2	N/A	43.182	100	264	7.65e-78	240
WP_000034420.1	263	k121_68742_1	N/A	39.184	93	245	5.07e-53	176
WP_000034420.1	263	k121_524871_1	N/A	37.597	98	258	2.08e-50	169
WP_000034420.1	263	k121_262491_2	N/A	38.258	97	264	2.89e-50	169
WP_000034420.1	263	k121_436459_2	N/A	36.293	98	259	6.39e-50	169
WP_000034420.1	263	k121_2448368_2	N/A	36.015	99	261	4.76e-48	164
WP_000034420.1	263	k121_2249545_1	N/A	35.793	99	271	8.11e-47	161
WP_000034420.1	263	k121_267685_2	N/A	39.015	99	264	2.51e-46	159
WP_000034420.1	263	k121_574394_2	N/A	34.191	98	272	7.59e-44	153
WP_000034420.1	263	k121_2337012_5	N/A	36.015	99	261	7.02e-43	151
WP_000034420.1	263	k121_1738827_1	N/A	33.455	99	275	1.96e-42	150
WP_000034420.1	263	k121_506985_1	N/A	40.000	81	215	2.15e-42	147
WP_000034420.1	263	k121_774792_2	N/A	34.470	99	264	2.20e-42	149
WP_000034420.1	263	k121_2015362_7	N/A	33.463	96	257	4.13e-42	148
WP_000034420.1	263	k121_1034071_6	N/A	35.606	99	264	7.51e-42	148
WP_000034420.1	263	k121_824765_2	N/A	35.985	99	264	1.57e-41	147
WP_000034420.1	263	k121_1682744_3	N/A	35.985	99	264	2.25e-41	147
WP_000034420.1	263	k121_1765126_2	N/A	35.743	94	249	9.53e-41	144
WP_000034420.1	263	k121_2066090_1	N/A	34.510	95	255	1.58e-40	144
WP_000034420.1	263	k121_1819830_1	N/A	34.818	93	247	5.13e-40	142
WP_000034420.1	263	k121_550745_1	N/A	32.609	98	276	2.75e-39	141
WP_000034420.1	263	k121_1596165_2	N/A	35.878	99	262	2.79e-39	141
WP_000034420.1	263	k121_2470034_1	N/A	34.524	93	252	4.45e-39	140
WP_000034420.1	263	k121_1612233_2	N/A	42.857	65	175	8.11e-39	137
WP_000034420.1	263	k121_808853_1	N/A	34.440	87	241	2.20e-38	138
WP_000034420.1	263	k121_384899_1	N/A	35.227	98	264	7.36e-38	137
WP_000034420.1	263	k121_1984897_1	N/A	33.840	98	263	1.14e-37	137
WP_000034420.1	263	k121_440275_2	N/A	32.576	98	264	1.26e-37	137
WP_000034420.1	263	k121_794092_1	N/A	37.712	88	236	2.57e-37	135
WP_000034420.1	263	k121_2096286_1	N/A	31.655	90	278	2.65e-37	136
WP_000034420.1	263	k121_1414125_2	N/A	33.585	98	265	6.71e-37	135
WP_000034420.1	263	k121_1101557_1	N/A	36.041	74	197	2.15e-36	132
WP_000034420.1	263	k121_724485_21	N/A	32.061	97	262	3.27e-36	134
WP_000034420.1	263	k121_653006_1	N/A	35.323	75	201	4.50e-36	131
WP_000034420.1	263	k121_1657465_4	N/A	32.707	99	266	4.62e-36	134
WP_000034420.1	263	k121_1754614_1	N/A	32.222	98	270	6.26e-36	132
WP_000034420.1	263	k121_683586_1	N/A	33.333	90	243	1.31e-35	131
WP_000034420.1	263	k121_430956_2	N/A	33.597	93	253	2.25e-34	129
WP_000034420.1	263	k121_1089185_7	N/A	30.534	99	262	2.83e-34	130
WP_000034420.1	263	k121_37089_1	N/A	39.205	67	176	3.72e-34	125
WP_000034420.1	263	k121_1324578_1	N/A	34.975	77	203	4.18e-34	125
WP_000034420.1	263	k121_2453201_20	N/A	31.034	97	261	4.81e-34	127
WP_000034420.1	263	k121_452088_1	N/A	35.526	86	228	6.03e-34	126
WP_000034420.1	263	k121_2256208_1	N/A	35.211	81	213	1.01e-33	125
WP_000034420.1	263	k121_1053499_1	N/A	37.017	66	181	1.22e-33	124
WP_000034420.1	263	k121_1289321_1	N/A	36.199	83	221	1.51e-33	124
WP_000034420.1	263	k121_296043_4	N/A	32.184	98	261	4.45e-33	125
WP_000034420.1	263	k121_530766_2	N/A	34.783	86	230	8.26e-33	123
WP_000034420.1	263	k121_1327651_1	N/A	29.588	99	267	1.16e-32	125
WP_000034420.1	263	k121_1337032_2	N/A	30.827	98	266	1.95e-32	123
WP_000034420.1	263	k121_300117_1	N/A	37.640	67	178	2.01e-32	120
WP_000034420.1	263	k121_2482740_1	N/A	38.372	65	172	2.27e-32	120
WP_000034420.1	263	k121_748495_1	N/A	31.939	98	263	5.13e-32	123
WP_000034420.1	263	k121_1450500_3	N/A	31.955	99	266	5.54e-32	125
WP_000034420.1	263	k121_915393_1	N/A	39.429	66	175	5.56e-32	119
WP_000034420.1	263	k121_1705980_2	N/A	38.424	76	203	1.42e-31	119
WP_000034420.1	263	k121_1216877_1	N/A	36.905	63	168	5.87e-31	116
WP_000034420.1	263	k121_352980_2	N/A	33.708	66	178	7.86e-31	117
WP_000034420.1	263	k121_1987830_1	N/A	36.458	73	192	1.03e-30	117
WP_000034420.1	263	k121_2441654_1	N/A	32.210	98	267	1.86e-30	119
WP_000034420.1	263	k121_1705349_1	N/A	31.873	94	251	3.37e-30	117
WP_000034420.1	263	k121_2232660_1	N/A	30.916	98	262	1.18e-29	116
WP_000034420.1	263	k121_2214634_1	N/A	32.031	95	256	1.25e-29	116
WP_000034420.1	263	k121_323595_2	N/A	31.061	99	264	2.00e-29	116
WP_000034420.1	263	k121_2268868_1	N/A	31.439	98	264	2.46e-29	115
WP_000034420.1	263	k121_311254_1	N/A	33.476	87	233	4.21e-29	113
WP_000034420.1	263	k121_2428402_1	N/A	35.096	77	208	5.65e-29	112
WP_000034420.1	263	k121_586564_1	N/A	35.673	65	171	1.24e-28	110
WP_000034420.1	263	k121_1069103_1	N/A	35.498	86	231	2.27e-28	113
WP_000034420.1	263	k121_607185_1	N/A	30.686	98	277	3.16e-28	112
WP_000034420.1	263	k121_2416324_3	N/A	33.152	67	184	5.86e-28	110
WP_000034420.1	263	k121_348851_1	N/A	34.872	73	195	6.85e-28	109
WP_000034420.1	263	k121_2436047_1	N/A	32.609	67	184	1.04e-27	109
WP_000034420.1	263	k121_889731_1	N/A	32.143	83	224	1.55e-27	110
WP_000034420.1	263	k121_1042658_1	N/A	31.982	83	222	2.16e-27	110
WP_000034420.1	263	k121_863021_2	N/A	29.323	99	266	2.77e-27	110
WP_000034420.1	263	k121_23478_1	N/A	32.129	86	249	8.71e-27	107
WP_000034420.1	263	k121_2482823_1	N/A	36.571	65	175	1.26e-26	105
WP_000034420.1	263	k121_1720951_2	N/A	30.859	95	256	1.34e-26	107
WP_000034420.1	263	k121_365161_1	N/A	35.795	67	176	3.87e-26	107
WP_000034420.1	263	k121_1824078_2	N/A	32.984	71	191	7.15e-26	103
WP_000034420.1	263	k121_619003_1	N/A	33.171	77	205	1.19e-25	103
WP_000034420.1	263	k121_315620_1	N/A	40.000	47	125	1.30e-25	103
WP_000034420.1	263	k121_166269_1	N/A	30.131	81	229	1.31e-25	104
WP_000034420.1	263	k121_1159462_1	N/A	36.723	66	177	1.89e-25	103
WP_000034420.1	263	k121_2286831_1	N/A	35.238	77	210	2.04e-25	103
WP_000034420.1	263	k121_2082934_1	N/A	41.509	40	106	8.48e-25	99.0
WP_000034420.1	263	k121_215307_1	N/A	38.400	47	125	1.44e-24	99.4
WP_000034420.1	263	k121_417849_1	N/A	29.455	92	275	1.66e-24	102
WP_000034420.1	263	k121_721799_1	N/A	40.196	39	102	2.83e-24	97.8
WP_000034420.1	263	k121_2035556_1	N/A	28.689	77	244	5.65e-24	100
WP_000034420.1	263	k121_1256395_1	N/A	32.620	71	187	1.27e-23	97.8
WP_000034420.1	263	k121_28994_1	N/A	36.735	53	147	2.07e-23	97.4
WP_000034420.1	263	k121_384723_1	N/A	31.513	89	238	8.59e-23	97.4
WP_000034420.1	263	k121_1447230_2	N/A	31.953	64	169	9.46e-23	97.4
WP_000034420.1	263	k121_470054_2	N/A	29.648	73	199	1.85e-22	95.5
WP_000034420.1	263	k121_2162340_1	N/A	32.919	60	161	2.45e-22	94.4
WP_000034420.1	263	k121_2076514_2	N/A	30.435	69	207	3.18e-22	94.7
WP_000034420.1	263	k121_1980969_2	N/A	31.308	79	214	5.39e-22	94.4
WP_000034420.1	263	k121_1794283_1	N/A	31.034	78	232	7.32e-22	94.4
WP_000034420.1	263	k121_1126628_1	N/A	40.678	44	118	7.50e-22	91.3
WP_000034420.1	263	k121_1845909_2	N/A	30.435	70	184	1.40e-21	92.8
WP_000034420.1	263	k121_783422_1	N/A	28.155	77	206	1.95e-21	94.0
WP_000034420.1	263	k121_283894_1	N/A	30.939	68	181	2.23e-21	92.4
WP_000034420.1	263	k121_124803_1	N/A	29.798	73	198	2.98e-21	93.2
WP_000034420.1	263	k121_335482_1	N/A	33.548	59	155	4.41e-21	90.5
WP_000034420.1	263	k121_1827208_1	N/A	32.716	61	162	6.28e-21	91.3
WP_000034420.1	263	k121_1885735_1	N/A	38.519	49	135	6.87e-21	90.5
WP_000034420.1	263	k121_277184_1	N/A	39.844	48	128	7.73e-21	91.7
WP_000034420.1	263	k121_2351285_1	N/A	36.800	47	125	8.02e-21	89.4
WP_000034420.1	263	k121_1095201_2	N/A	31.193	81	218	1.79e-20	90.5
WP_000034420.1	263	k121_887435_1	N/A	44.565	35	92	1.84e-20	87.4
WP_000034420.1	263	k121_1985181_1	N/A	36.242	54	149	3.41e-20	88.2
WP_000034420.1	263	k121_1462117_2	N/A	38.614	38	101	3.45e-20	86.3
WP_000034420.1	263	k121_331785_1	N/A	32.934	62	167	4.15e-20	88.6
WP_000034420.1	263	k121_2330023_1	N/A	30.734	82	218	7.56e-20	88.6
WP_000034420.1	263	k121_1598481_1	N/A	32.597	68	181	8.77e-20	87.8
WP_000034420.1	263	k121_1837866_2	N/A	35.200	47	125	1.02e-19	86.7
WP_000034420.1	263	k121_539415_1	N/A	40.816	37	98	1.60e-19	85.1
WP_000034420.1	263	k121_1393440_1	N/A	29.878	62	164	2.17e-19	86.3
WP_000034420.1	263	k121_1289876_1	N/A	43.269	39	104	7.64e-19	84.0
WP_000034420.1	263	k121_925393_1	N/A	32.778	67	180	2.56e-18	84.0
WP_000034420.1	263	k121_1408273_1	N/A	28.571	62	168	4.13e-18	82.8
WP_000034420.1	263	k121_2330722_2	N/A	34.959	46	123	4.67e-18	81.6
WP_000034420.1	263	k121_1248798_1	N/A	30.645	69	186	5.83e-18	82.8
WP_000034420.1	263	k121_851984_1	N/A	36.111	40	108	1.17e-17	80.1
WP_000034420.1	263	k121_392229_3	N/A	29.958	88	237	1.94e-17	83.2
WP_000034420.1	263	k121_365914_2	N/A	31.544	55	149	2.00e-17	80.5
WP_000034420.1	263	k121_1753241_1	N/A	31.902	62	163	2.03e-17	80.9
WP_000034420.1	263	k121_1231550_1	N/A	28.037	81	214	2.99e-17	83.2
WP_000034420.1	263	k121_548711_2	N/A	34.677	47	124	4.48e-17	80.1
WP_000034420.1	263	k121_127090_1	N/A	33.974	56	156	7.18e-17	79.0
WP_000034420.1	263	k121_2172851_1	N/A	33.333	65	174	8.84e-17	79.3
WP_000034420.1	263	k121_1818569_2	N/A	30.270	67	185	9.72e-17	80.9
WP_000034420.1	263	k121_2237474_1	N/A	36.667	46	120	1.26e-16	77.8
WP_000034420.1	263	k121_2277978_1	N/A	26.667	72	195	2.84e-16	78.6
WP_000034420.1	263	k121_1960136_1	N/A	50.704	27	71	3.47e-16	80.9
WP_000034420.1	263	k121_1398970_1	N/A	46.914	30	81	4.18e-16	75.1
WP_000034420.1	263	k121_346301_1	N/A	29.870	86	231	5.15e-16	78.6
WP_000034420.1	263	k121_496715_1	N/A	28.022	68	182	1.00e-15	77.0
WP_000034420.1	263	k121_1520485_1	N/A	24.599	71	187	1.76e-15	77.0
WP_000034420.1	263	k121_559325_1	N/A	31.915	54	141	2.04e-15	75.5
WP_000034420.1	263	k121_135047_2	N/A	41.441	42	111	2.12e-15	75.1
WP_000034420.1	263	k121_1265901_1	N/A	29.012	60	162	5.15e-15	74.7
WP_000034420.1	263	k121_170192_5	N/A	32.075	60	159	5.60e-15	74.3
WP_000034420.1	263	k121_582733_1	N/A	29.268	62	164	7.21e-15	74.7
WP_000034420.1	263	k121_2132537_1	N/A	33.133	62	166	8.64e-15	73.9
WP_000034420.1	263	k121_1000821_1	N/A	45.333	29	75	9.56e-15	73.2
WP_000034420.1	263	k121_313294_1	N/A	50.000	27	70	1.23e-14	71.2
WP_000034420.1	263	k121_2048864_1	N/A	38.835	38	103	1.58e-14	72.0
WP_000034420.1	263	k121_1941075_1	N/A	31.724	54	145	1.81e-14	72.8
WP_000034420.1	263	k121_2005085_3	N/A	31.944	54	144	1.82e-14	72.8
WP_000034420.1	263	k121_421878_1	N/A	30.178	63	169	1.94e-14	73.6
WP_000034420.1	263	k121_84787_2	N/A	29.586	64	169	2.41e-14	72.8
WP_000034420.1	263	k121_1960136_2	N/A	26.699	74	206	4.29e-14	73.2
WP_000034420.1	263	k121_1012049_1	N/A	30.120	62	166	6.65e-14	71.2
WP_000034420.1	263	k121_2238565_1	N/A	31.548	62	168	9.15e-14	71.2
WP_000034420.1	263	k121_964883_1	N/A	28.302	59	159	1.09e-13	71.2
WP_000034420.1	263	k121_803340_1	N/A	42.647	26	68	1.57e-13	68.2
WP_000034420.1	263	k121_2392168_5	N/A	45.588	26	68	2.85e-13	67.8
WP_000034420.1	263	k121_560453_2	N/A	38.655	45	119	3.14e-13	68.9
WP_000034420.1	263	k121_1668163_2	N/A	49.206	24	63	3.33e-13	66.6
WP_000034420.1	263	k121_2112712_1	N/A	30.435	77	207	3.84e-13	70.5
WP_000034420.1	263	k121_2062676_1	N/A	37.864	38	103	6.71e-13	68.9
WP_000034420.1	263	k121_2389298_1	N/A	44.444	27	72	1.62e-12	65.5
WP_000034420.1	263	k121_1565418_1	N/A	31.013	56	158	1.77e-12	67.4
WP_000034420.1	263	k121_2446585_2	N/A	36.076	58	158	1.85e-12	67.4
WP_000034420.1	263	k121_191887_1	N/A	47.761	25	67	1.89e-12	65.5
WP_000034420.1	263	k121_1198755_1	N/A	29.851	50	134	3.94e-12	66.2
WP_000034420.1	263	k121_1628787_2	N/A	35.000	38	100	8.36e-12	65.1
WP_000034420.1	263	k121_2221548_1	N/A	26.163	64	172	1.17e-11	65.5
WP_000034420.1	263	k121_1940538_1	N/A	36.111	38	108	1.23e-11	63.9
WP_000034420.1	263	k121_614384_1	N/A	28.758	58	153	2.05e-11	64.7
WP_000034420.1	263	k121_2441794_1	N/A	39.362	35	94	2.09e-11	63.2
WP_000034420.1	263	k121_577883_2	N/A	37.500	27	72	2.16e-11	65.9
WP_000034420.1	263	k121_1740922_2	N/A	41.429	27	70	4.12e-11	62.0
WP_000034420.1	263	k121_408677_1	N/A	28.986	52	138	6.29e-11	63.5
WP_000034420.1	263	k121_1666376_1	N/A	26.705	67	176	1.11e-10	63.2
WP_000034420.1	263	k121_1095719_6	N/A	41.667	27	72	3.24e-10	63.5
WP_000034420.1	263	k121_531220_1	N/A	35.965	43	114	5.54e-10	61.2
WP_000034420.1	263	k121_642382_1	N/A	23.926	62	163	7.57e-10	60.8
WP_000034420.1	263	k121_1538054_1	N/A	41.026	29	78	1.03e-09	62.0
WP_000034420.1	263	k121_1487701_1	N/A	35.897	43	117	1.58e-09	59.3
WP_000034420.1	263	k121_1660611_1	N/A	33.103	54	145	3.78e-09	57.8
WP_000034420.1	263	k121_126531_4	N/A	33.333	38	102	4.67e-09	57.4
WP_000034420.1	263	k121_677362_6	N/A	37.113	32	97	8.00e-09	55.8
WP_000034420.1	263	k121_916378_2	N/A	38.532	41	109	1.05e-08	55.8
WP_000034420.1	263	k121_407044_1	N/A	27.193	43	114	1.08e-08	56.2
WP_000034420.1	263	k121_1748685_2	N/A	38.053	43	113	2.21e-08	55.1
WP_000034420.1	263	k121_1887878_2	N/A	34.375	64	96	2.50e-08	57.8
WP_000034420.1	263	k121_1887878_2	N/A	32.000	64	75	0.003	42.4
WP_000034420.1	263	k121_238445_2	N/A	43.636	21	55	2.81e-08	53.5
WP_000034420.1	263	k121_76870_2	N/A	48.148	20	54	2.99e-08	53.5
WP_000034420.1	263	k121_2234713_2	N/A	31.193	38	109	8.39e-08	53.5
WP_000034420.1	263	k121_1482199_1	N/A	33.333	46	120	9.45e-08	53.9
WP_000034420.1	263	k121_2422260_1	N/A	40.845	27	71	1.21e-07	54.3
WP_000034420.1	263	k121_962999_2	N/A	31.683	38	101	1.23e-07	52.8
WP_000034420.1	263	k121_676807_1	N/A	37.179	28	78	1.34e-07	52.0
WP_000034420.1	263	k121_364882_1	N/A	32.727	38	110	1.57e-07	52.8
WP_000034420.1	263	k121_1114070_1	N/A	35.714	32	98	1.58e-07	53.5
WP_000034420.1	263	k121_1350905_2	N/A	30.392	38	102	3.34e-07	51.6
WP_000034420.1	263	k121_851647_1	N/A	38.235	26	68	4.37e-07	50.4
WP_000034420.1	263	k121_1415924_1	N/A	35.135	42	111	8.25e-07	50.8
WP_000034420.1	263	k121_774924_2	N/A	33.333	37	99	1.42e-06	50.1
WP_000034420.1	263	k121_1065293_1	N/A	27.869	46	122	1.61e-06	50.1
WP_000034420.1	263	k121_122195_2	N/A	44.444	20	54	2.15e-06	48.1
WP_000034420.1	263	k121_775041_2	N/A	43.636	21	55	2.34e-06	48.1
WP_000034420.1	263	k121_2068231_1	N/A	39.344	23	61	2.54e-06	48.5
WP_000034420.1	263	k121_1600321_1	N/A	29.032	58	155	3.71e-06	50.1
WP_000034420.1	263	k121_1005310_1	N/A	32.222	34	90	4.90e-06	48.1
WP_000034420.1	263	k121_1942538_1	N/A	22.388	71	201	5.62e-06	50.1
WP_000034420.1	263	k121_1477932_1	N/A	31.452	47	124	9.11e-06	48.1
WP_000034420.1	263	k121_844893_1	N/A	37.879	25	66	1.76e-05	45.8
WP_000034420.1	263	k121_104732_1	N/A	30.769	24	65	8.46e-05	44.3
WP_000034420.1	263	k121_179029_1	N/A	31.757	54	148	2.59e-04	44.7
WP_000034420.1	263	k121_1478070_2	N/A	31.579	22	57	6.66e-04	41.2
WP_000034420.1	263	k121_1997321_1	N/A	40.000	23	60	0.001	42.7
WP_000034420.1	263	k121_1864259_1	N/A	40.000	23	60	0.005	41.2
WP_000034420.1	263	k121_1618108_2	N/A	39.437	25	71	0.011	38.5
WP_000034420.1	263	k121_1609890_1	N/A	32.432	28	74	0.013	38.1
WP_000034420.1	263	k121_1646294_1	N/A	40.351	22	57	0.019	39.7
WP_000034420.1	263	k121_2138364_2	N/A	31.818	25	66	0.072	38.1
WP_000034420.1	263	k121_1014926_1	N/A	36.364	25	66	0.076	37.7
WP_000034420.1	263	k121_400945_2	N/A	37.500	24	64	0.093	38.1
WP_000845048.1	337	k121_1425329_2	N/A	99.110	100	337	0.0	678
WP_000845048.1	337	k121_902298_1	N/A	68.944	96	322	3.42e-165	466
WP_000845048.1	337	k121_1543692_1	N/A	68.731	96	323	2.35e-162	460
WP_000845048.1	337	k121_708985_2	N/A	69.055	91	307	6.09e-157	445
WP_000845048.1	337	k121_1819470_1	N/A	70.279	96	323	3.00e-155	442
WP_000845048.1	337	k121_1263006_2	N/A	62.422	96	322	2.41e-145	417
WP_000845048.1	337	k121_671085_1	N/A	62.963	96	324	9.57e-144	412
WP_000845048.1	337	k121_344025_1	N/A	60.059	99	338	4.91e-139	400
WP_000845048.1	337	k121_2297553_1	N/A	64.331	91	314	1.28e-137	397
WP_000845048.1	337	k121_1250183_2	N/A	60.429	96	326	5.14e-137	396
WP_000845048.1	337	k121_361722_1	N/A	60.882	94	340	1.98e-134	393
WP_000845048.1	337	k121_2352162_1	N/A	59.627	94	322	6.50e-133	385
WP_000845048.1	337	k121_1629264_2	N/A	57.798	96	327	5.39e-130	378
WP_000845048.1	337	k121_1448379_2	N/A	70.161	74	248	4.84e-126	365
WP_000845048.1	337	k121_1938188_2	N/A	53.271	95	321	5.02e-125	365
WP_000845048.1	337	k121_1922508_129	N/A	55.015	96	329	1.13e-114	339
WP_000845048.1	337	k121_83265_4	N/A	53.354	97	328	1.70e-111	331
WP_000845048.1	337	k121_2086121_1	N/A	57.143	79	266	6.17e-108	319
WP_000845048.1	337	k121_311956_33	N/A	51.775	99	338	7.01e-108	323
WP_000845048.1	337	k121_108075_1	N/A	50.318	93	314	2.16e-103	310
WP_000845048.1	337	k121_788313_1	N/A	58.065	82	279	2.63e-102	305
WP_000845048.1	337	k121_1619592_4	N/A	50.000	95	320	2.47e-99	300
WP_000845048.1	337	k121_746250_2	N/A	58.065	72	248	5.20e-99	296
WP_000845048.1	337	k121_1231_1	N/A	49.833	89	299	7.30e-98	296
WP_000845048.1	337	k121_953949_1	N/A	58.065	74	248	1.01e-97	292
WP_000845048.1	337	k121_87207_1	N/A	50.789	94	317	3.05e-96	292
WP_000845048.1	337	k121_2204899_1	N/A	62.882	66	229	2.04e-93	284
WP_000845048.1	337	k121_540015_1	N/A	73.295	52	176	4.14e-93	278
WP_000845048.1	337	k121_1761096_1	N/A	68.878	58	196	1.99e-90	273
WP_000845048.1	337	k121_147997_1	N/A	63.033	63	211	6.65e-90	271
WP_000845048.1	337	k121_2490776_2	N/A	58.130	73	246	9.26e-87	265
WP_000845048.1	337	k121_1052525_1	N/A	59.091	64	220	1.65e-86	264
WP_000845048.1	337	k121_598854_1	N/A	72.515	51	171	1.82e-84	256
WP_000845048.1	337	k121_1464259_2	N/A	52.778	75	252	6.64e-82	252
WP_000845048.1	337	k121_2208132_1	N/A	63.761	64	218	9.26e-82	251
WP_000845048.1	337	k121_719823_1	N/A	63.731	55	193	3.52e-78	241
WP_000845048.1	337	k121_426875_1	N/A	51.020	73	245	6.87e-78	242
WP_000845048.1	337	k121_942418_1	N/A	56.667	62	210	8.49e-78	240
WP_000845048.1	337	k121_1057664_1	N/A	67.045	52	176	2.37e-77	240
WP_000845048.1	337	k121_303056_1	N/A	60.476	61	210	1.21e-76	238
WP_000845048.1	337	k121_1807877_1	N/A	62.842	54	183	3.37e-76	235
WP_000845048.1	337	k121_253108_1	N/A	61.780	57	191	2.73e-75	233
WP_000845048.1	337	k121_1092419_2	N/A	46.179	88	301	8.12e-75	240
WP_000845048.1	337	k121_1784910_2	N/A	62.766	56	188	9.63e-75	232
WP_000845048.1	337	k121_1538548_1	N/A	52.966	69	236	3.00e-74	232
WP_000845048.1	337	k121_1676251_1	N/A	43.377	89	302	1.05e-72	233
WP_000845048.1	337	k121_526794_1	N/A	55.140	62	214	4.06e-72	226
WP_000845048.1	337	k121_1805589_2	N/A	67.470	49	166	6.99e-72	225
WP_000845048.1	337	k121_583636_1	N/A	55.330	58	197	1.52e-71	224
WP_000845048.1	337	k121_2454523_1	N/A	67.066	50	167	4.07e-71	224
WP_000845048.1	337	k121_1227948_1	N/A	58.730	55	189	1.17e-70	221
WP_000845048.1	337	k121_620290_1	N/A	56.633	58	196	1.45e-70	223
WP_000845048.1	337	k121_1813206_1	N/A	54.000	58	200	2.42e-69	219
WP_000845048.1	337	k121_1784054_1	N/A	41.486	92	323	2.49e-69	225
WP_000845048.1	337	k121_410578_1	N/A	57.222	52	180	8.51e-69	216
WP_000845048.1	337	k121_2103803_2	N/A	75.556	40	135	1.66e-68	214
WP_000845048.1	337	k121_2448153_1	N/A	43.060	82	281	1.89e-68	223
WP_000845048.1	337	k121_859834_1	N/A	38.551	92	345	3.36e-64	210
WP_000845048.1	337	k121_841177_1	N/A	42.599	82	277	6.47e-64	209
WP_000845048.1	337	k121_408291_1	N/A	44.106	78	263	2.32e-63	208
WP_000845048.1	337	k121_2132378_1	N/A	52.778	53	180	8.59e-63	201
WP_000845048.1	337	k121_1114543_1	N/A	81.579	34	114	4.62e-62	197
WP_000845048.1	337	k121_1628396_1	N/A	46.890	62	209	5.63e-62	200
WP_000845048.1	337	k121_698581_2	N/A	52.500	59	200	2.41e-61	199
WP_000845048.1	337	k121_148411_1	N/A	58.046	47	174	3.61e-61	196
WP_000845048.1	337	k121_805608_1	N/A	55.747	50	174	4.76e-60	194
WP_000845048.1	337	k121_2086815_1	N/A	50.270	55	185	5.85e-60	194
WP_000845048.1	337	k121_1876189_2	N/A	65.714	42	140	2.71e-57	186
WP_000845048.1	337	k121_1531233_1	N/A	55.618	53	178	4.55e-57	186
WP_000845048.1	337	k121_271615_1	N/A	71.318	38	129	2.22e-56	184
WP_000845048.1	337	k121_847837_1	N/A	55.488	47	164	4.95e-56	183
WP_000845048.1	337	k121_133686_1	N/A	64.444	40	135	6.26e-56	182
WP_000845048.1	337	k121_1892459_1	N/A	51.685	53	178	1.05e-55	182
WP_000845048.1	337	k121_697131_1	N/A	48.768	60	203	1.73e-54	180
WP_000845048.1	337	k121_852993_3	N/A	58.000	43	150	3.48e-54	178
WP_000845048.1	337	k121_1446367_1	N/A	62.121	39	132	4.76e-54	177
WP_000845048.1	337	k121_242438_2	N/A	49.721	53	179	7.05e-54	179
WP_000845048.1	337	k121_474329_1	N/A	55.882	50	170	9.23e-54	177
WP_000845048.1	337	k121_159190_1	N/A	43.277	69	238	2.58e-53	181
WP_000845048.1	337	k121_816920_1	N/A	60.145	41	138	1.97e-52	173
WP_000845048.1	337	k121_2129243_2	N/A	44.340	54	212	5.49e-52	174
WP_000845048.1	337	k121_1498455_1	N/A	48.503	49	167	1.27e-51	172
WP_000845048.1	337	k121_255495_1	N/A	47.208	58	197	4.00e-51	173
WP_000845048.1	337	k121_145690_1	N/A	57.962	47	157	2.24e-50	168
WP_000845048.1	337	k121_116079_1	N/A	43.617	56	188	8.17e-50	168
WP_000845048.1	337	k121_1002874_1	N/A	48.295	52	176	3.92e-49	166
WP_000845048.1	337	k121_632949_1	N/A	50.289	51	173	6.22e-49	165
WP_000845048.1	337	k121_1057525_1	N/A	66.667	36	120	3.82e-48	162
WP_000845048.1	337	k121_388390_1	N/A	66.102	35	118	5.31e-48	161
WP_000845048.1	337	k121_264940_1	N/A	50.649	46	154	5.96e-48	162
WP_000845048.1	337	k121_41944_1	N/A	39.091	64	220	7.66e-47	161
WP_000845048.1	337	k121_2188012_1	N/A	45.304	54	181	2.04e-46	159
WP_000845048.1	337	k121_2159966_1	N/A	42.629	68	251	5.20e-46	160
WP_000845048.1	337	k121_1791859_1	N/A	45.902	53	183	2.61e-45	156
WP_000845048.1	337	k121_2147619_2	N/A	80.000	28	95	4.93e-45	155
WP_000845048.1	337	k121_943826_2	N/A	62.931	34	116	1.14e-44	152
WP_000845048.1	337	k121_717871_1	N/A	67.544	34	114	1.14e-44	152
WP_000845048.1	337	k121_967903_1	N/A	43.529	50	170	4.18e-44	152
WP_000845048.1	337	k121_2372284_1	N/A	47.826	48	161	6.89e-43	149
WP_000845048.1	337	k121_2170262_1	N/A	43.350	60	203	1.50e-42	149
WP_000845048.1	337	k121_2442703_1	N/A	41.748	48	206	1.54e-42	149
WP_000845048.1	337	k121_832184_1	N/A	51.449	41	138	4.03e-42	147
WP_000845048.1	337	k121_923602_1	N/A	58.621	34	116	7.52e-42	145
WP_000845048.1	337	k121_632085_1	N/A	50.633	47	158	2.95e-41	145
WP_000845048.1	337	k121_1237225_1	N/A	41.827	61	208	3.95e-41	146
WP_000845048.1	337	k121_1004931_2	N/A	50.694	43	144	1.52e-39	140
WP_000845048.1	337	k121_1035802_1	N/A	37.344	66	241	2.50e-39	144
WP_000845048.1	337	k121_2309158_1	N/A	46.795	46	156	3.09e-39	139
WP_000845048.1	337	k121_2064720_2	N/A	51.908	39	131	4.42e-39	139
WP_000845048.1	337	k121_975797_2	N/A	31.741	87	293	5.07e-39	142
WP_000845048.1	337	k121_102116_1	N/A	78.313	25	83	8.36e-39	139
WP_000845048.1	337	k121_2125038_3	N/A	57.018	32	114	2.12e-38	136
WP_000845048.1	337	k121_185801_2	N/A	39.899	46	198	8.04e-38	137
WP_000845048.1	337	k121_2425573_2	N/A	58.261	32	115	1.43e-37	134
WP_000845048.1	337	k121_2245987_1	N/A	40.541	42	185	3.46e-37	135
WP_000845048.1	337	k121_1311691_1	N/A	56.618	40	136	2.48e-36	131
WP_000845048.1	337	k121_161605_1	N/A	41.317	50	167	3.30e-36	132
WP_000845048.1	337	k121_2245913_2	N/A	33.435	97	329	5.19e-36	135
WP_000845048.1	337	k121_2228325_1	N/A	35.526	89	304	8.94e-36	134
WP_000845048.1	337	k121_2471495_2	N/A	70.588	25	85	1.84e-35	127
WP_000845048.1	337	k121_2179003_1	N/A	55.856	32	111	2.53e-35	128
WP_000845048.1	337	k121_2014051_1	N/A	36.199	64	221	2.62e-35	131
WP_000845048.1	337	k121_1474485_2	N/A	32.523	91	329	3.78e-35	134
WP_000845048.1	337	k121_2425573_3	N/A	67.391	27	92	3.98e-35	127
WP_000845048.1	337	k121_888524_15	N/A	61.290	28	93	1.05e-34	126
WP_000845048.1	337	k121_260872_1	N/A	41.954	52	174	1.33e-34	129
WP_000845048.1	337	k121_2061912_1	N/A	32.229	98	332	8.62e-34	129
WP_000845048.1	337	k121_260481_1	N/A	33.437	94	323	1.26e-33	129
WP_000845048.1	337	k121_2349921_1	N/A	34.906	93	318	3.95e-33	127
WP_000845048.1	337	k121_1752798_1	N/A	36.052	69	233	2.18e-32	123
WP_000845048.1	337	k121_1133244_1	N/A	78.571	21	70	2.56e-32	119
WP_000845048.1	337	k121_69611_1	N/A	32.667	85	300	5.21e-32	124
WP_000845048.1	337	k121_737117_1	N/A	32.595	90	316	5.78e-32	124
WP_000845048.1	337	k121_1958877_6	N/A	61.458	27	96	7.01e-32	118
WP_000845048.1	337	k121_1604886_1	N/A	31.987	88	297	1.16e-31	123
WP_000845048.1	337	k121_761794_1	N/A	33.125	95	320	5.29e-31	122
WP_000845048.1	337	k121_555137_1	N/A	46.528	43	144	6.77e-31	118
WP_000845048.1	337	k121_1962523_1	N/A	30.363	90	303	9.26e-31	123
WP_000845048.1	337	k121_995232_1	N/A	49.206	37	126	5.26e-30	115
WP_000845048.1	337	k121_122785_1	N/A	31.935	91	310	1.49e-29	118
WP_000845048.1	337	k121_382017_2	N/A	31.271	85	291	3.64e-29	117
WP_000845048.1	337	k121_567676_1	N/A	28.041	87	296	5.37e-29	115
WP_000845048.1	337	k121_2013579_5	N/A	32.459	90	305	5.85e-29	116
WP_000845048.1	337	k121_229266_2	N/A	31.231	98	333	1.10e-28	115
WP_000845048.1	337	k121_1176687_1	N/A	34.601	74	263	1.64e-28	114
WP_000845048.1	337	k121_364899_4	N/A	26.899	93	316	1.77e-28	117
WP_000845048.1	337	k121_1245677_1	N/A	41.096	43	146	2.11e-28	110
WP_000845048.1	337	k121_2065105_1	N/A	41.497	43	147	3.11e-28	110
WP_000845048.1	337	k121_1873514_1	N/A	49.558	34	113	5.48e-28	108
WP_000845048.1	337	k121_2359855_1	N/A	31.164	85	292	6.15e-28	113
WP_000845048.1	337	k121_2093790_1	N/A	32.660	87	297	7.81e-28	112
WP_000845048.1	337	k121_608477_3	N/A	32.042	82	284	8.92e-28	113
WP_000845048.1	337	k121_1070165_2	N/A	29.758	85	289	9.57e-28	113
WP_000845048.1	337	k121_563295_1	N/A	52.252	33	111	1.07e-27	108
WP_000845048.1	337	k121_444970_1	N/A	34.138	85	290	1.31e-27	112
WP_000845048.1	337	k121_11487_1	N/A	31.046	89	306	2.77e-27	112
WP_000845048.1	337	k121_2419096_1	N/A	31.715	90	309	3.37e-27	112
WP_000845048.1	337	k121_1405168_1	N/A	53.608	29	97	3.45e-27	106
WP_000845048.1	337	k121_2104501_1	N/A	37.306	57	193	9.05e-27	107
WP_000845048.1	337	k121_680292_2	N/A	31.098	96	328	1.00e-26	110
WP_000845048.1	337	k121_1600365_1	N/A	48.031	38	127	1.56e-26	106
WP_000845048.1	337	k121_1552550_2	N/A	52.727	31	110	1.59e-26	105
WP_000845048.1	337	k121_1965311_1	N/A	32.210	79	267	2.17e-26	108
WP_000845048.1	337	k121_525209_1	N/A	34.000	59	200	2.72e-26	105
WP_000845048.1	337	k121_1871795_1	N/A	66.667	21	72	3.96e-26	102
WP_000845048.1	337	k121_333963_4	N/A	62.025	23	79	8.36e-26	102
WP_000845048.1	337	k121_145742_1	N/A	33.482	65	224	1.44e-25	107
WP_000845048.1	337	k121_512748_1	N/A	39.362	56	188	1.56e-25	104
WP_000845048.1	337	k121_319196_1	N/A	54.348	27	92	2.01e-25	101
WP_000845048.1	337	k121_1814577_2	N/A	37.696	57	191	2.92e-25	103
WP_000845048.1	337	k121_1122126_2	N/A	35.747	65	221	3.59e-25	103
WP_000845048.1	337	k121_2204267_4	N/A	32.246	82	276	5.79e-25	106
WP_000845048.1	337	k121_2192124_1	N/A	30.180	62	222	6.40e-25	103
WP_000845048.1	337	k121_2214736_1	N/A	39.073	33	151	9.66e-25	101
WP_000845048.1	337	k121_2288397_1	N/A	59.524	25	84	2.07e-24	99.4
WP_000845048.1	337	k121_68113_2	N/A	33.457	77	269	5.76e-24	103
WP_000845048.1	337	k121_724633_2	N/A	36.979	57	192	6.93e-24	99.8
WP_000845048.1	337	k121_2328034_1	N/A	30.619	90	307	8.43e-24	102
WP_000845048.1	337	k121_698165_1	N/A	31.330	69	233	8.96e-24	100
WP_000845048.1	337	k121_1275089_1	N/A	38.220	57	191	1.51e-23	98.6
WP_000845048.1	337	k121_108918_1	N/A	32.941	75	255	2.25e-23	100
WP_000845048.1	337	k121_713153_2	N/A	31.650	85	297	4.75e-23	101
WP_000845048.1	337	k121_922009_2	N/A	33.745	69	243	1.49e-22	98.6
WP_000845048.1	337	k121_136316_6	N/A	36.279	62	215	1.57e-22	99.4
WP_000845048.1	337	k121_581788_1	N/A	32.932	72	249	1.66e-22	97.8
WP_000845048.1	337	k121_101362_2	N/A	37.222	53	180	2.29e-22	95.5
WP_000845048.1	337	k121_1653315_1	N/A	36.571	51	175	2.41e-22	96.3
WP_000845048.1	337	k121_746187_2	N/A	30.030	88	333	3.07e-22	99.4
WP_000845048.1	337	k121_1592171_2	N/A	32.075	77	265	5.20e-22	96.7
WP_000845048.1	337	k121_538176_7	N/A	37.931	66	232	6.10e-22	97.8
WP_000845048.1	337	k121_2379097_1	N/A	41.791	39	134	8.76e-22	97.1
WP_000845048.1	337	k121_1263779_2	N/A	34.061	66	229	8.86e-22	97.4
WP_000845048.1	337	k121_1330809_2	N/A	29.568	89	301	9.50e-22	98.2
WP_000845048.1	337	k121_712347_1	N/A	36.957	55	184	1.65e-21	92.8
WP_000845048.1	337	k121_1278114_1	N/A	34.762	61	210	1.94e-21	94.7
WP_000845048.1	337	k121_2096696_1	N/A	33.645	62	214	2.04e-21	94.7
WP_000845048.1	337	k121_954183_2	N/A	29.431	85	299	2.50e-21	96.3
WP_000845048.1	337	k121_2039788_1	N/A	34.762	61	210	2.88e-21	93.6
WP_000845048.1	337	k121_1375193_2	N/A	34.978	64	223	3.03e-21	95.9
WP_000845048.1	337	k121_507401_2	N/A	33.333	66	231	3.27e-21	95.9
WP_000845048.1	337	k121_392405_1	N/A	33.491	61	212	3.54e-21	93.2
WP_000845048.1	337	k121_562228_2	N/A	37.931	66	232	3.65e-21	95.9
WP_000845048.1	337	k121_1124029_2	N/A	32.589	65	224	4.00e-21	94.0
WP_000845048.1	337	k121_50014_1	N/A	35.377	61	212	4.61e-21	94.4
WP_000845048.1	337	k121_1239551_1	N/A	31.980	58	197	4.74e-21	92.8
WP_000845048.1	337	k121_2073840_1	N/A	36.508	56	189	8.20e-21	91.3
WP_000845048.1	337	k121_2078588_1	N/A	60.563	21	71	1.42e-20	88.2
WP_000845048.1	337	k121_2355008_1	N/A	32.281	83	285	1.64e-20	93.6
WP_000845048.1	337	k121_1973724_1	N/A	36.774	45	155	2.16e-20	92.4
WP_000845048.1	337	k121_1969713_1	N/A	57.143	23	77	2.32e-20	89.0
WP_000845048.1	337	k121_1435082_2	N/A	32.314	64	229	2.72e-20	91.3
WP_000845048.1	337	k121_875556_1	N/A	32.579	64	221	2.83e-20	92.0
WP_000845048.1	337	k121_355327_2	N/A	33.043	66	230	2.89e-20	93.2
WP_000845048.1	337	k121_797370_2	N/A	29.391	78	279	3.25e-20	92.8
WP_000845048.1	337	k121_2223506_1	N/A	27.574	78	272	4.54e-20	92.0
WP_000845048.1	337	k121_336355_2	N/A	27.891	85	294	4.72e-20	92.8
WP_000845048.1	337	k121_1131083_2	N/A	32.895	64	228	5.09e-20	91.3
WP_000845048.1	337	k121_1488246_2	N/A	29.851	77	268	5.23e-20	91.7
WP_000845048.1	337	k121_1170530_2	N/A	35.321	62	218	8.55e-20	90.1
WP_000845048.1	337	k121_1125114_2	N/A	56.579	23	76	8.91e-20	86.3
WP_000845048.1	337	k121_175349_1	N/A	34.404	63	218	1.01e-19	89.7
WP_000845048.1	337	k121_2123118_2	N/A	32.103	77	271	1.13e-19	90.9
WP_000845048.1	337	k121_735097_1	N/A	30.233	62	215	1.27e-19	89.7
WP_000845048.1	337	k121_1549822_6	N/A	31.507	62	219	1.31e-19	89.4
WP_000845048.1	337	k121_2485339_2	N/A	31.472	58	197	1.32e-19	89.0
WP_000845048.1	337	k121_2115622_1	N/A	29.455	79	275	1.67e-19	90.1
WP_000845048.1	337	k121_269186_2	N/A	48.936	28	94	1.90e-19	86.7
WP_000845048.1	337	k121_856223_2	N/A	33.333	64	219	2.35e-19	90.9
WP_000845048.1	337	k121_1280148_4	N/A	30.292	78	274	2.91e-19	90.1
WP_000845048.1	337	k121_319172_1	N/A	33.146	53	178	2.95e-19	88.6
WP_000845048.1	337	k121_2061545_1	N/A	29.496	77	278	2.98e-19	89.4
WP_000845048.1	337	k121_1737224_7	N/A	31.839	64	223	3.06e-19	90.5
WP_000845048.1	337	k121_2084809_1	N/A	34.434	61	212	3.40e-19	89.0
WP_000845048.1	337	k121_1102756_1	N/A	27.796	85	313	3.69e-19	90.1
WP_000845048.1	337	k121_1365944_2	N/A	30.942	64	223	4.13e-19	90.5
WP_000845048.1	337	k121_1218675_2	N/A	29.236	84	301	5.16e-19	89.7
WP_000845048.1	337	k121_1002781_4	N/A	31.364	62	220	5.69e-19	89.7
WP_000845048.1	337	k121_2157892_2	N/A	31.849	83	292	7.41e-19	89.4
WP_000845048.1	337	k121_2134855_1	N/A	31.481	62	216	8.27e-19	89.0
WP_000845048.1	337	k121_233010_2	N/A	31.944	62	216	9.25e-19	87.8
WP_000845048.1	337	k121_1888021_2	N/A	34.314	61	204	9.73e-19	86.7
WP_000845048.1	337	k121_2331194_2	N/A	31.922	84	307	1.02e-18	89.0
WP_000845048.1	337	k121_1349881_1	N/A	36.000	52	175	1.20e-18	84.7
WP_000845048.1	337	k121_493441_2	N/A	31.776	62	214	1.54e-18	87.8
WP_000845048.1	337	k121_193282_1	N/A	30.233	62	215	1.56e-18	86.7
WP_000845048.1	337	k121_1988422_2	N/A	32.245	69	245	1.64e-18	86.7
WP_000845048.1	337	k121_1422210_2	N/A	27.372	78	274	1.67e-18	88.2
WP_000845048.1	337	k121_2255188_2	N/A	31.111	77	270	1.89e-18	88.2
WP_000845048.1	337	k121_369529_1	N/A	36.478	47	159	2.30e-18	85.1
WP_000845048.1	337	k121_681127_1	N/A	29.778	65	225	2.77e-18	85.9
WP_000845048.1	337	k121_999185_1	N/A	34.807	52	181	2.85e-18	85.5
WP_000845048.1	337	k121_1896789_1	N/A	34.807	53	181	2.95e-18	84.7
WP_000845048.1	337	k121_365532_1	N/A	30.000	76	260	3.15e-18	85.9
WP_000845048.1	337	k121_1962506_1	N/A	33.080	77	263	3.27e-18	86.3
WP_000845048.1	337	k121_1747816_2	N/A	43.810	28	105	3.51e-18	82.8
WP_000845048.1	337	k121_274899_1	N/A	32.273	63	220	3.56e-18	85.5
WP_000845048.1	337	k121_749505_1	N/A	33.889	53	180	3.89e-18	84.0
WP_000845048.1	337	k121_1013419_10	N/A	32.243	62	214	4.18e-18	87.4
WP_000845048.1	337	k121_1422297_3	N/A	32.579	64	221	4.62e-18	87.0
WP_000845048.1	337	k121_1123491_1	N/A	32.584	53	178	5.00e-18	84.3
WP_000845048.1	337	k121_2202136_1	N/A	35.955	53	178	5.35e-18	83.6
WP_000845048.1	337	k121_819805_2	N/A	29.368	74	269	6.38e-18	85.5
WP_000845048.1	337	k121_241270_2	N/A	30.233	62	215	6.64e-18	85.5
WP_000845048.1	337	k121_232988_2	N/A	30.996	77	271	6.65e-18	86.7
WP_000845048.1	337	k121_2044062_1	N/A	35.652	65	230	6.83e-18	84.7
WP_000845048.1	337	k121_2315111_1	N/A	31.364	64	220	9.45e-18	84.7
WP_000845048.1	337	k121_2166677_2	N/A	33.636	64	220	9.53e-18	86.3
WP_000845048.1	337	k121_72417_3	N/A	31.336	62	217	1.20e-17	85.9
WP_000845048.1	337	k121_2378300_2	N/A	29.537	81	281	1.24e-17	85.9
WP_000845048.1	337	k121_797406_3	N/A	29.148	63	223	1.28e-17	85.9
WP_000845048.1	337	k121_2407413_6	N/A	31.365	77	271	1.53e-17	85.5
WP_000845048.1	337	k121_2455284_1	N/A	51.948	23	77	1.55e-17	82.4
WP_000845048.1	337	k121_1228009_1	N/A	46.226	31	106	1.56e-17	81.3
WP_000845048.1	337	k121_1000033_1	N/A	27.090	88	299	1.71e-17	85.1
WP_000845048.1	337	k121_912152_2	N/A	27.206	78	272	2.04e-17	85.1
WP_000845048.1	337	k121_1879387_2	N/A	29.391	79	279	2.11e-17	85.5
WP_000845048.1	337	k121_796058_1	N/A	51.948	23	77	2.30e-17	80.5
WP_000845048.1	337	k121_1522204_2	N/A	28.054	64	221	2.43e-17	83.6
WP_000845048.1	337	k121_590631_2	N/A	32.558	62	215	2.61e-17	84.3
WP_000845048.1	337	k121_2089714_2	N/A	31.336	61	217	2.67e-17	82.4
WP_000845048.1	337	k121_1197169_2	N/A	33.871	55	186	2.81e-17	84.7
WP_000845048.1	337	k121_2473301_1	N/A	31.604	61	212	2.95e-17	83.2
WP_000845048.1	337	k121_1085028_7	N/A	31.301	71	246	3.07e-17	84.7
WP_000845048.1	337	k121_596851_1	N/A	36.257	51	171	3.41e-17	81.3
WP_000845048.1	337	k121_1798907_1	N/A	34.066	54	182	6.49e-17	80.9
WP_000845048.1	337	k121_2422899_3	N/A	31.982	63	222	8.72e-17	84.3
WP_000845048.1	337	k121_920257_1	N/A	32.381	61	210	9.03e-17	81.3
WP_000845048.1	337	k121_53443_1	N/A	58.571	20	70	9.50e-17	84.3
WP_000845048.1	337	k121_1856429_1	N/A	30.455	64	220	9.85e-17	81.3
WP_000845048.1	337	k121_911346_3	N/A	35.000	53	180	1.01e-16	80.1
WP_000845048.1	337	k121_2239545_6	N/A	31.646	68	237	1.02e-16	83.6
WP_000845048.1	337	k121_2003991_2	N/A	27.213	85	305	1.05e-16	83.2
WP_000845048.1	337	k121_279007_1	N/A	34.545	49	165	1.29e-16	79.3
WP_000845048.1	337	k121_1605428_1	N/A	26.908	71	249	1.36e-16	81.6
WP_000845048.1	337	k121_1211490_1	N/A	32.450	45	151	1.48e-16	80.5
WP_000845048.1	337	k121_1047825_1	N/A	30.453	67	243	1.74e-16	83.2
WP_000845048.1	337	k121_1108967_3	N/A	30.508	63	236	2.30e-16	82.8
WP_000845048.1	337	k121_1478769_1	N/A	28.904	84	301	2.39e-16	82.4
WP_000845048.1	337	k121_1649750_1	N/A	32.099	70	243	3.00e-16	80.5
WP_000845048.1	337	k121_2089093_1	N/A	25.773	83	291	3.58e-16	81.6
WP_000845048.1	337	k121_220796_1	N/A	30.622	60	209	3.65e-16	80.1
WP_000845048.1	337	k121_1879257_36	N/A	28.727	78	275	4.41e-16	81.6
WP_000845048.1	337	k121_2122005_1	N/A	36.889	63	225	4.80e-16	79.7
WP_000845048.1	337	k121_396053_3	N/A	34.348	65	230	4.99e-16	81.3
WP_000845048.1	337	k121_1155596_2	N/A	31.050	63	219	5.33e-16	81.6
WP_000845048.1	337	k121_1400599_2	N/A	29.236	85	301	5.34e-16	81.3
WP_000845048.1	337	k121_626474_1	N/A	30.876	62	217	6.71e-16	79.3
WP_000845048.1	337	k121_1759527_2	N/A	32.530	70	249	6.74e-16	79.3
WP_000845048.1	337	k121_2196116_1	N/A	31.771	55	192	6.74e-16	78.6
WP_000845048.1	337	k121_1723488_1	N/A	44.660	29	103	7.56e-16	78.2
WP_000845048.1	337	k121_2418141_1	N/A	59.091	20	66	7.68e-16	76.6
WP_000845048.1	337	k121_1044107_1	N/A	34.123	60	211	9.40e-16	79.0
WP_000845048.1	337	k121_23757_5	N/A	26.909	78	275	1.04e-15	80.5
WP_000845048.1	337	k121_292306_2	N/A	29.520	77	271	1.18e-15	79.7
WP_000845048.1	337	k121_645077_1	N/A	31.481	60	216	1.31e-15	77.4
WP_000845048.1	337	k121_913644_1	N/A	34.392	54	189	1.63e-15	79.0
WP_000845048.1	337	k121_673962_3	N/A	32.967	77	273	1.81e-15	79.7
WP_000845048.1	337	k121_1793243_1	N/A	27.907	62	215	1.91e-15	78.2
WP_000845048.1	337	k121_1821474_1	N/A	34.807	53	181	2.04e-15	77.4
WP_000845048.1	337	k121_1927102_1	N/A	37.838	44	148	2.16e-15	75.9
WP_000845048.1	337	k121_2356207_1	N/A	35.714	41	140	2.22e-15	78.2
WP_000845048.1	337	k121_1958414_4	N/A	30.000	71	250	2.40e-15	79.0
WP_000845048.1	337	k121_509237_2	N/A	56.061	20	66	2.43e-15	75.1
WP_000845048.1	337	k121_231198_1	N/A	51.948	23	77	2.86e-15	75.9
WP_000845048.1	337	k121_1144048_2	N/A	31.401	59	207	3.34e-15	76.6
WP_000845048.1	337	k121_10491_8	N/A	31.641	72	256	3.81e-15	78.6
WP_000845048.1	337	k121_550292_2	N/A	29.043	84	303	4.07e-15	78.6
WP_000845048.1	337	k121_2209868_2	N/A	54.545	20	66	4.12e-15	73.6
WP_000845048.1	337	k121_1211125_1	N/A	27.803	64	223	4.50e-15	77.4
WP_000845048.1	337	k121_2059551_1	N/A	28.169	79	284	5.00e-15	79.7
WP_000845048.1	337	k121_1855536_1	N/A	29.677	86	310	5.09e-15	79.0
WP_000845048.1	337	k121_180430_3	N/A	26.820	76	261	5.63e-15	77.4
WP_000845048.1	337	k121_1948767_4	N/A	28.216	67	241	6.09e-15	78.6
WP_000845048.1	337	k121_919888_2	N/A	50.704	21	71	7.32e-15	74.3
WP_000845048.1	337	k121_2204260_2	N/A	30.392	85	306	7.63e-15	77.8
WP_000845048.1	337	k121_1061899_2	N/A	28.788	74	264	7.98e-15	77.0
WP_000845048.1	337	k121_2161776_1	N/A	50.000	23	78	9.19e-15	73.6
WP_000845048.1	337	k121_1601701_2	N/A	30.481	55	187	9.51e-15	75.1
WP_000845048.1	337	k121_86054_1	N/A	33.333	63	219	1.31e-14	76.6
WP_000845048.1	337	k121_1966464_2	N/A	25.559	88	313	1.87e-14	76.6
WP_000845048.1	337	k121_1812270_9	N/A	31.179	74	263	2.02e-14	76.6
WP_000845048.1	337	k121_1493003_2	N/A	50.685	22	73	2.04e-14	71.6
WP_000845048.1	337	k121_2423117_2	N/A	36.486	44	148	2.27e-14	73.2
WP_000845048.1	337	k121_1497111_2	N/A	27.679	64	224	2.40e-14	74.7
WP_000845048.1	337	k121_299157_1	N/A	33.831	57	201	2.69e-14	74.3
WP_000845048.1	337	k121_2483825_1	N/A	33.766	46	154	3.22e-14	72.4
WP_000845048.1	337	k121_1861647_1	N/A	27.103	61	214	3.23e-14	74.3
WP_000845048.1	337	k121_1186801_2	N/A	35.811	44	148	3.55e-14	72.4
WP_000845048.1	337	k121_916107_3	N/A	26.957	63	230	4.72e-14	75.9
WP_000845048.1	337	k121_2367436_2	N/A	31.447	47	159	4.73e-14	73.6
WP_000845048.1	337	k121_1445355_3	N/A	28.483	89	323	4.81e-14	75.5
WP_000845048.1	337	k121_213321_2	N/A	28.261	63	230	4.89e-14	75.9
WP_000845048.1	337	k121_1231875_2	N/A	55.405	21	74	5.36e-14	72.4
WP_000845048.1	337	k121_1290551_1	N/A	33.032	62	221	5.39e-14	73.2
WP_000845048.1	337	k121_837810_1	N/A	27.854	63	219	5.42e-14	75.1
WP_000845048.1	337	k121_169347_1	N/A	31.319	52	182	5.78e-14	73.2
WP_000845048.1	337	k121_629975_2	N/A	33.816	60	207	6.28e-14	75.1
WP_000845048.1	337	k121_2197435_1	N/A	33.023	61	215	6.87e-14	73.6
WP_000845048.1	337	k121_1288998_1	N/A	31.959	57	194	6.96e-14	73.9
WP_000845048.1	337	k121_1415084_1	N/A	29.907	62	214	7.30e-14	73.6
WP_000845048.1	337	k121_1039971_6	N/A	31.163	62	215	7.88e-14	75.1
WP_000845048.1	337	k121_1932787_1	N/A	26.201	63	229	7.92e-14	75.1
WP_000845048.1	337	k121_1805543_4	N/A	27.597	85	308	8.65e-14	74.7
WP_000845048.1	337	k121_550445_2	N/A	27.181	86	298	8.73e-14	75.1
WP_000845048.1	337	k121_1890046_2	N/A	28.247	85	308	1.02e-13	74.7
WP_000845048.1	337	k121_540229_1	N/A	32.680	45	153	1.08e-13	72.4
WP_000845048.1	337	k121_1313004_1	N/A	27.468	67	233	1.36e-13	74.7
WP_000845048.1	337	k121_444812_2	N/A	27.931	82	290	1.42e-13	74.3
WP_000845048.1	337	k121_663376_2	N/A	29.670	77	273	1.53e-13	74.3
WP_000845048.1	337	k121_984166_1	N/A	26.201	63	229	1.58e-13	74.3
WP_000845048.1	337	k121_1436128_1	N/A	31.447	47	159	1.81e-13	73.2
WP_000845048.1	337	k121_599384_1	N/A	25.137	54	183	1.97e-13	71.2
WP_000845048.1	337	k121_2189280_1	N/A	50.000	20	66	2.10e-13	68.2
WP_000845048.1	337	k121_1315061_2	N/A	50.000	23	76	2.16e-13	68.6
WP_000845048.1	337	k121_417960_2	N/A	52.000	22	75	2.18e-13	68.6
WP_000845048.1	337	k121_2042036_1	N/A	29.524	61	210	2.20e-13	71.6
WP_000845048.1	337	k121_2338512_3	N/A	24.671	85	304	2.21e-13	73.9
WP_000845048.1	337	k121_1633344_2	N/A	29.843	55	191	2.64e-13	70.9
WP_000845048.1	337	k121_1300185_1	N/A	53.731	20	67	2.65e-13	68.6
WP_000845048.1	337	k121_311599_1	N/A	48.571	21	70	2.71e-13	68.9
WP_000845048.1	337	k121_1350188_1	N/A	49.315	22	73	2.97e-13	69.7
WP_000845048.1	337	k121_144034_1	N/A	30.502	71	259	3.01e-13	72.4
WP_000845048.1	337	k121_748422_1	N/A	34.031	54	191	3.32e-13	70.9
WP_000845048.1	337	k121_1898328_5	N/A	29.204	64	226	3.38e-13	73.2
WP_000845048.1	337	k121_932424_1	N/A	30.198	59	202	3.65e-13	70.9
WP_000845048.1	337	k121_894733_2	N/A	26.339	64	224	3.94e-13	72.8
WP_000845048.1	337	k121_484996_1	N/A	31.111	62	225	4.01e-13	72.8
WP_000845048.1	337	k121_2242488_1	N/A	30.769	50	169	4.34e-13	69.3
WP_000845048.1	337	k121_843149_1	N/A	27.473	54	182	4.35e-13	70.1
WP_000845048.1	337	k121_1686310_1	N/A	34.270	53	178	4.70e-13	69.7
WP_000845048.1	337	k121_706485_1	N/A	29.333	63	225	6.25e-13	70.9
WP_000845048.1	337	k121_460955_2	N/A	26.846	86	298	7.09e-13	72.4
WP_000845048.1	337	k121_1836856_1	N/A	27.597	84	308	7.46e-13	72.4
WP_000845048.1	337	k121_1321774_1	N/A	31.461	53	178	7.70e-13	69.3
WP_000845048.1	337	k121_534916_1	N/A	29.675	69	246	7.74e-13	71.6
WP_000845048.1	337	k121_199480_1	N/A	36.054	42	147	9.05e-13	69.7
WP_000845048.1	337	k121_947680_2	N/A	31.461	53	178	1.31e-12	68.9
WP_000845048.1	337	k121_1638193_1	N/A	29.870	64	231	1.46e-12	69.7
WP_000845048.1	337	k121_2424941_2	N/A	51.316	23	76	1.54e-12	66.2
WP_000845048.1	337	k121_444637_1	N/A	27.273	84	308	1.62e-12	71.2
WP_000845048.1	337	k121_1392913_1	N/A	31.628	61	215	1.62e-12	69.7
WP_000845048.1	337	k121_1336866_2	N/A	35.393	53	178	1.70e-12	68.9
WP_000845048.1	337	k121_2205195_6	N/A	28.571	63	224	2.32e-12	70.9
WP_000845048.1	337	k121_1940453_2	N/A	27.344	72	256	2.57e-12	70.9
WP_000845048.1	337	k121_647818_2	N/A	28.371	93	356	2.92e-12	70.9
WP_000845048.1	337	k121_728189_1	N/A	32.768	53	177	3.03e-12	69.7
WP_000845048.1	337	k121_157610_1	N/A	37.975	23	79	3.18e-12	66.6
WP_000845048.1	337	k121_1931907_3	N/A	31.452	37	124	3.19e-12	67.0
WP_000845048.1	337	k121_646282_50	N/A	31.844	53	179	3.20e-12	70.5
WP_000845048.1	337	k121_1390909_3	N/A	31.674	61	221	3.27e-12	70.5
WP_000845048.1	337	k121_1580973_1	N/A	29.327	60	208	3.59e-12	69.7
WP_000845048.1	337	k121_2284914_7	N/A	30.357	62	224	3.98e-12	70.1
WP_000845048.1	337	k121_1438267_1	N/A	28.755	63	233	4.15e-12	68.6
WP_000845048.1	337	k121_39998_32	N/A	32.402	53	179	4.38e-12	70.1
WP_000845048.1	337	k121_1004902_4	N/A	29.126	85	309	8.27e-12	69.3
WP_000845048.1	337	k121_1280119_3	N/A	29.108	61	213	8.71e-12	68.9
WP_000845048.1	337	k121_739160_1	N/A	30.726	53	179	9.75e-12	67.4
WP_000845048.1	337	k121_668080_1	N/A	32.787	54	183	1.00e-11	66.6
WP_000845048.1	337	k121_1106170_1	N/A	24.521	74	261	1.01e-11	68.6
WP_000845048.1	337	k121_685823_2	N/A	30.899	53	178	1.09e-11	66.6
WP_000845048.1	337	k121_2440507_2	N/A	31.222	63	221	1.34e-11	68.6
WP_000845048.1	337	k121_346019_2	N/A	50.746	20	67	2.20e-11	64.3
WP_000845048.1	337	k121_2245069_1	N/A	29.762	69	252	2.95e-11	67.0
WP_000845048.1	337	k121_1076300_1	N/A	28.649	52	185	3.70e-11	65.1
WP_000845048.1	337	k121_38194_3	N/A	27.451	84	306	3.83e-11	67.0
WP_000845048.1	337	k121_2048691_1	N/A	29.412	63	221	3.94e-11	67.0
WP_000845048.1	337	k121_1615710_2	N/A	30.337	53	178	4.15e-11	67.0
WP_000845048.1	337	k121_1529101_1	N/A	30.899	53	178	4.82e-11	65.9
WP_000845048.1	337	k121_1413601_1	N/A	34.659	51	176	5.64e-11	67.4
WP_000845048.1	337	k121_395800_1	N/A	29.032	61	217	5.92e-11	65.1
WP_000845048.1	337	k121_1431171_3	N/A	31.019	62	216	7.22e-11	66.6
WP_000845048.1	337	k121_2173271_1	N/A	27.899	77	276	8.16e-11	66.6
WP_000845048.1	337	k121_2113246_1	N/A	26.540	60	211	8.84e-11	64.3
WP_000845048.1	337	k121_345539_2	N/A	34.463	53	177	9.14e-11	65.9
WP_000845048.1	337	k121_1511925_4	N/A	31.982	61	222	9.52e-11	65.9
