SadA_ref|WP_036299419.1|:1-399	399	k121_1456854_10	N/A	32.481	97	391	1.25e-60	204
SadA_ref|WP_036299419.1|:1-399	399	k121_956807_30	N/A	31.267	93	371	1.03e-42	156
SadA_ref|WP_036299419.1|:1-399	399	k121_1503907_2	N/A	26.598	97	391	7.78e-41	152
SadA_ref|WP_036299419.1|:1-399	399	k121_1177467_1	N/A	29.457	92	387	3.06e-37	142
SadA_ref|WP_036299419.1|:1-399	399	k121_1393665_2	N/A	27.541	75	305	1.08e-34	133
SadA_ref|WP_036299419.1|:1-399	399	k121_1134167_3	N/A	26.158	89	367	2.90e-33	131
SadA_ref|WP_036299419.1|:1-399	399	k121_376131_1	N/A	31.034	50	203	1.91e-30	121
SadA_ref|WP_036299419.1|:1-399	399	k121_397056_3	N/A	24.590	92	366	1.28e-26	112
SadA_ref|WP_036299419.1|:1-399	399	k121_838688_16	N/A	27.296	97	392	1.40e-25	109
SadA_ref|WP_036299419.1|:1-399	399	k121_1448998_1	N/A	28.571	50	203	7.48e-25	106
SadA_ref|WP_036299419.1|:1-399	399	k121_308744_9	N/A	26.243	89	362	1.79e-23	103
SadA_ref|WP_036299419.1|:1-399	399	k121_1524344_4	N/A	26.371	94	383	7.39e-23	102
SadA_ref|WP_036299419.1|:1-399	399	k121_1420705_2	N/A	36.000	31	125	2.62e-22	95.1
SadA_ref|WP_036299419.1|:1-399	399	k121_109461_2	N/A	27.604	93	384	4.35e-22	99.8
SadA_ref|WP_036299419.1|:1-399	399	k121_590174_1	N/A	25.337	88	371	3.75e-19	91.3
SadA_ref|WP_036299419.1|:1-399	399	k121_580765_4	N/A	24.932	88	365	4.59e-19	91.3
SadA_ref|WP_036299419.1|:1-399	399	k121_654299_3	N/A	34.074	33	135	2.13e-18	87.8
SadA_ref|WP_036299419.1|:1-399	399	k121_1036727_1	N/A	27.488	50	211	1.93e-16	81.6
SadA_ref|WP_036299419.1|:1-399	399	k121_678942_3	N/A	29.927	64	274	2.83e-16	81.3
SadA_ref|WP_036299419.1|:1-399	399	k121_1163106_46	N/A	28.112	61	249	2.86e-11	67.8
SadA_ref|WP_036299419.1|:1-399	399	k121_1067315_3	N/A	27.206	34	136	1.01e-10	63.9
SadA_ref|WP_036299419.1|:1-399	399	k121_1139578_5	N/A	24.938	94	405	3.32e-08	58.5
SadA_ref|WP_036299419.1|:1-399	399	k121_1205388_5	N/A	23.729	73	295	4.16e-07	54.7
SadA_ref|WP_036299419.1|:1-399	399	k121_887062_1	N/A	26.199	67	271	1.57e-04	46.6
SadA_ref|WP_036299419.1|:1-399	399	k121_832763_5	N/A	25.000	46	196	2.74e-04	46.2
SadA_ref|WP_036299419.1|:1-399	399	k121_1196098_2	N/A	25.806	60	248	3.09e-04	45.4
SadA_ref|WP_036299419.1|:1-399	399	k121_1640739_2	N/A	29.358	27	109	5.90e-04	42.7
SadA_ref|WP_036299419.1|:1-399	399	k121_992901_69	N/A	24.561	52	228	0.004	42.4
SadA_ref|WP_036299419.1|:1-399	399	k121_1213061_1	N/A	23.643	62	258	0.004	42.0
SadA_ref|WP_036299419.1|:1-399	399	k121_1131319_2	N/A	20.576	54	243	0.013	40.8
SadA_ref|WP_036299419.1|:1-399	399	k121_838760_5	N/A	21.076	52	223	0.019	40.4
SadA_ref|WP_036299419.1|:1-399	399	k121_494618_2	N/A	29.762	21	84	0.026	40.0
SadA_ref|WP_036299419.1|:1-399	399	k121_1422750_28	N/A	21.801	53	211	0.053	38.9
SadB_ref|WP_100812327.1|:1-423	423	k121_1456854_10	N/A	30.809	89	383	7.84e-52	181
SadB_ref|WP_100812327.1|:1-423	423	k121_1503907_2	N/A	28.162	97	419	1.20e-47	171
SadB_ref|WP_100812327.1|:1-423	423	k121_1177467_1	N/A	25.995	86	377	2.67e-36	140
SadB_ref|WP_100812327.1|:1-423	423	k121_956807_30	N/A	26.882	87	372	5.72e-36	139
SadB_ref|WP_100812327.1|:1-423	423	k121_1134167_3	N/A	27.763	85	371	1.27e-33	132
SadB_ref|WP_100812327.1|:1-423	423	k121_1448998_1	N/A	29.911	51	224	2.14e-29	119
SadB_ref|WP_100812327.1|:1-423	423	k121_397056_3	N/A	24.147	90	381	7.02e-28	116
SadB_ref|WP_100812327.1|:1-423	423	k121_1393665_2	N/A	27.018	66	285	9.27e-28	114
SadB_ref|WP_100812327.1|:1-423	423	k121_838688_16	N/A	27.411	91	394	1.16e-27	115
SadB_ref|WP_100812327.1|:1-423	423	k121_376131_1	N/A	28.899	50	218	1.42e-26	111
SadB_ref|WP_100812327.1|:1-423	423	k121_1524344_4	N/A	25.765	91	392	5.94e-26	110
SadB_ref|WP_100812327.1|:1-423	423	k121_1036727_1	N/A	27.444	59	266	1.57e-19	90.9
SadB_ref|WP_100812327.1|:1-423	423	k121_654299_3	N/A	29.553	67	291	1.59e-19	91.3
SadB_ref|WP_100812327.1|:1-423	423	k121_1163106_46	N/A	29.572	60	257	1.26e-18	90.1
SadB_ref|WP_100812327.1|:1-423	423	k121_580765_4	N/A	25.538	86	372	3.63e-18	89.0
SadB_ref|WP_100812327.1|:1-423	423	k121_109461_2	N/A	28.075	84	374	1.78e-17	86.7
SadB_ref|WP_100812327.1|:1-423	423	k121_941312_2	N/A	25.278	77	360	1.57e-16	84.0
SadB_ref|WP_100812327.1|:1-423	423	k121_590174_1	N/A	30.481	40	187	2.18e-15	80.5
SadB_ref|WP_100812327.1|:1-423	423	k121_678942_3	N/A	28.727	60	275	3.01e-14	75.5
SadB_ref|WP_100812327.1|:1-423	423	k121_308744_9	N/A	27.404	48	208	9.46e-14	75.5
SadB_ref|WP_100812327.1|:1-423	423	k121_1420705_2	N/A	23.611	34	144	1.00e-12	68.2
SadB_ref|WP_100812327.1|:1-423	423	k121_1196098_2	N/A	29.688	57	256	1.93e-10	64.3
SadB_ref|WP_100812327.1|:1-423	423	k121_832763_5	N/A	30.460	39	174	3.23e-10	64.7
SadB_ref|WP_100812327.1|:1-423	423	k121_1139578_5	N/A	23.261	92	417	4.80e-10	64.7
SadB_ref|WP_100812327.1|:1-423	423	k121_1067315_3	N/A	27.820	31	133	1.30e-08	57.8
SadB_ref|WP_100812327.1|:1-423	423	k121_1213061_1	N/A	29.278	57	263	3.96e-08	57.8
SadB_ref|WP_100812327.1|:1-423	423	k121_1205388_5	N/A	25.481	48	208	2.06e-07	55.8
SadB_ref|WP_100812327.1|:1-423	423	k121_1422750_28	N/A	26.257	41	179	2.93e-06	52.4
SadB_ref|WP_100812327.1|:1-423	423	k121_494618_2	N/A	23.545	79	378	2.97e-06	52.4
SadB_ref|WP_100812327.1|:1-423	423	k121_762938_2	N/A	27.273	33	143	1.03e-05	48.1
SadB_ref|WP_100812327.1|:1-423	423	k121_843335_2	N/A	34.146	26	123	2.71e-05	48.5
SadB_ref|WP_100812327.1|:1-423	423	k121_1596247_2	N/A	24.862	80	362	2.89e-05	49.3
SadB_ref|WP_100812327.1|:1-423	423	k121_462650_2	N/A	26.519	37	181	1.76e-04	46.6
SadB_ref|WP_100812327.1|:1-423	423	k121_887062_1	N/A	29.050	38	179	2.17e-04	46.2
SadB_ref|WP_100812327.1|:1-423	423	k121_819641_27	N/A	32.847	28	137	0.001	44.3
SadB_ref|WP_100812327.1|:1-423	423	k121_20503_65	N/A	23.398	80	359	0.002	43.1
SadB_ref|WP_100812327.1|:1-423	423	k121_50716_6	N/A	27.344	26	128	0.003	43.1
SadB_ref|WP_100812327.1|:1-423	423	k121_677270_2	N/A	29.851	28	134	0.005	42.7
SadB_ref|WP_100812327.1|:1-423	423	k121_678991_1	N/A	24.157	37	178	0.012	41.2
SadB_ref|WP_100812327.1|:1-423	423	k121_1131319_2	N/A	22.039	77	363	0.015	40.8
SadB_ref|WP_100812327.1|:1-423	423	k121_16545_1	N/A	25.000	44	208	0.016	40.8
SadB_ref|WP_100812327.1|:1-423	423	k121_1289368_2	N/A	29.197	28	137	0.019	40.4
SadB_ref|WP_100812327.1|:1-423	423	k121_944157_1	N/A	23.885	85	381	0.020	40.4
SadB_ref|WP_100812327.1|:1-423	423	k121_1389922_2	N/A	26.271	28	118	0.041	38.5
SadB_ref|WP_100812327.1|:1-423	423	k121_1022921_2	N/A	28.421	21	95	0.053	38.9
SadC_ref|WP_036299413.1|:1-194	194	k121_650309_1	N/A	27.742	76	155	1.78e-10	60.8
SadC_ref|WP_036299413.1|:1-194	194	k121_1393681_2	N/A	28.387	76	155	4.17e-10	61.2
SadC_ref|WP_036299413.1|:1-194	194	k121_1494030_68	N/A	28.481	81	158	1.45e-09	57.4
SadC_ref|WP_036299413.1|:1-194	194	k121_1536118_1	N/A	29.730	76	148	1.83e-09	58.9
SadC_ref|WP_036299413.1|:1-194	194	k121_552972_2	N/A	26.471	70	136	2.94e-09	58.5
SadC_ref|WP_036299413.1|:1-194	194	k121_1256743_10	N/A	25.874	73	143	1.37e-08	56.6
SadC_ref|WP_036299413.1|:1-194	194	k121_1250092_2	N/A	28.481	81	158	2.91e-08	53.9
SadC_ref|WP_036299413.1|:1-194	194	k121_42241_25	N/A	28.889	70	135	5.44e-08	53.1
SadC_ref|WP_036299413.1|:1-194	194	k121_769277_1	N/A	34.783	47	92	8.78e-08	52.4
SadC_ref|WP_036299413.1|:1-194	194	k121_1521677_15	N/A	28.378	76	148	1.00e-07	52.4
SadC_ref|WP_036299413.1|:1-194	194	k121_147909_4	N/A	30.345	73	145	1.06e-07	52.4
SadC_ref|WP_036299413.1|:1-194	194	k121_504835_7	N/A	29.134	65	127	1.82e-07	53.1
SadC_ref|WP_036299413.1|:1-194	194	k121_698507_2	N/A	26.061	82	165	5.17e-07	50.4
SadC_ref|WP_036299413.1|:1-194	194	k121_1314234_1	N/A	31.897	59	116	7.97e-07	49.7
SadC_ref|WP_036299413.1|:1-194	194	k121_1268670_2	N/A	25.000	76	148	1.09e-06	49.7
SadC_ref|WP_036299413.1|:1-194	194	k121_473753_4	N/A	31.410	75	156	3.08e-06	48.5
SadC_ref|WP_036299413.1|:1-194	194	k121_1456854_7	N/A	23.944	73	142	4.75e-06	48.1
SadC_ref|WP_036299413.1|:1-194	194	k121_510746_3	N/A	28.188	75	149	4.81e-06	47.4
SadC_ref|WP_036299413.1|:1-194	194	k121_453596_8	N/A	35.802	40	81	5.72e-06	47.8
SadC_ref|WP_036299413.1|:1-194	194	k121_98009_6	N/A	25.146	88	171	8.46e-06	47.4
SadC_ref|WP_036299413.1|:1-194	194	k121_1324445_2	N/A	35.135	38	74	8.67e-06	47.4
SadC_ref|WP_036299413.1|:1-194	194	k121_638431_2	N/A	26.718	67	131	1.67e-05	47.4
SadC_ref|WP_036299413.1|:1-194	194	k121_1286629_2	N/A	32.143	43	84	2.00e-05	45.8
SadC_ref|WP_036299413.1|:1-194	194	k121_839679_2	N/A	28.148	68	135	2.38e-05	45.8
SadC_ref|WP_036299413.1|:1-194	194	k121_267135_31	N/A	28.667	75	150	2.45e-05	46.2
SadC_ref|WP_036299413.1|:1-194	194	k121_52755_3	N/A	25.294	85	170	6.09e-05	44.7
SadC_ref|WP_036299413.1|:1-194	194	k121_619014_2	N/A	24.684	79	158	6.69e-05	44.7
SadC_ref|WP_036299413.1|:1-194	194	k121_819641_21	N/A	27.344	65	128	9.25e-05	44.3
SadC_ref|WP_036299413.1|:1-194	194	k121_856883_2	N/A	26.667	46	90	1.15e-04	43.9
SadC_ref|WP_036299413.1|:1-194	194	k121_1503907_3	N/A	32.479	59	117	1.18e-04	45.1
SadC_ref|WP_036299413.1|:1-194	194	k121_783421_3	N/A	32.558	44	86	1.65e-04	44.3
SadC_ref|WP_036299413.1|:1-194	194	k121_1295586_7	N/A	35.789	48	95	4.17e-04	42.4
SadC_ref|WP_036299413.1|:1-194	194	k121_1476553_5	N/A	27.972	71	143	7.91e-04	41.6
SadC_ref|WP_036299413.1|:1-194	194	k121_762885_71	N/A	29.268	62	123	0.002	40.4
SadC_ref|WP_036299413.1|:1-194	194	k121_713979_10	N/A	25.625	82	160	0.005	39.3
SadC_ref|WP_036299413.1|:1-194	194	k121_36792_41	N/A	26.316	68	133	0.005	39.3
SadC_ref|WP_036299413.1|:1-194	194	k121_298987_2	N/A	24.211	95	190	0.007	39.3
SadC_ref|WP_036299413.1|:1-194	194	k121_1085980_4	N/A	35.714	29	56	0.013	37.4
SadC_ref|WP_036299413.1|:1-194	194	k121_468226_2	N/A	41.026	20	39	0.028	34.7
SadC_ref|WP_036299413.1|:1-194	194	k121_1039198_4	N/A	32.836	35	67	0.031	37.0
WP_000259031.1	279	k121_953790_6	N/A	36.641	94	262	7.92e-41	145
WP_000259031.1	279	k121_1569500_36	N/A	35.628	88	247	4.50e-38	137
WP_000259031.1	279	k121_162511_2	N/A	32.210	96	267	1.45e-36	134
WP_000259031.1	279	k121_1239872_4	N/A	33.564	97	289	1.65e-31	121
WP_000259031.1	279	k121_15998_34	N/A	33.597	88	253	1.96e-31	121
WP_000259031.1	279	k121_628384_2	N/A	35.060	88	251	2.50e-31	120
WP_000259031.1	279	k121_1499636_1	N/A	36.199	78	221	6.79e-29	113
WP_000259031.1	279	k121_180815_16	N/A	34.884	77	215	1.95e-28	112
WP_000259031.1	279	k121_1099333_3	N/A	29.644	89	253	2.31e-28	112
WP_000259031.1	279	k121_1193666_2	N/A	29.851	93	268	3.61e-28	112
WP_000259031.1	279	k121_410056_1	N/A	29.885	91	261	6.04e-28	111
WP_000259031.1	279	k121_365654_68	N/A	32.482	97	274	6.43e-28	112
WP_000259031.1	279	k121_1226119_2	N/A	34.389	79	221	1.08e-27	110
WP_000259031.1	279	k121_1338525_11	N/A	33.708	95	267	1.58e-27	110
WP_000259031.1	279	k121_466433_1	N/A	37.273	77	220	2.00e-27	109
WP_000259031.1	279	k121_1049820_5	N/A	31.325	88	249	3.29e-27	109
WP_000259031.1	279	k121_788886_12	N/A	35.023	76	217	3.75e-27	108
WP_000259031.1	279	k121_1356974_21	N/A	36.239	76	218	4.81e-27	108
WP_000259031.1	279	k121_344257_2	N/A	32.400	89	250	4.85e-27	108
WP_000259031.1	279	k121_1062495_7	N/A	36.697	78	218	5.35e-27	108
WP_000259031.1	279	k121_1174211_1	N/A	33.333	69	195	8.86e-27	106
WP_000259031.1	279	k121_1296497_1	N/A	32.800	88	250	3.39e-26	107
WP_000259031.1	279	k121_1384091_3	N/A	31.203	94	266	4.17e-26	106
WP_000259031.1	279	k121_1272882_2	N/A	32.669	88	251	1.70e-25	105
WP_000259031.1	279	k121_873051_5	N/A	32.422	88	256	2.03e-25	104
WP_000259031.1	279	k121_182325_71	N/A	31.474	88	251	2.41e-25	104
WP_000259031.1	279	k121_1078219_1	N/A	33.498	71	203	7.34e-25	101
WP_000259031.1	279	k121_381641_2	N/A	33.209	93	268	2.54e-24	102
WP_000259031.1	279	k121_1321874_1	N/A	31.818	93	264	6.54e-24	102
WP_000259031.1	279	k121_1516669_64	N/A	33.071	87	254	1.18e-23	99.8
WP_000259031.1	279	k121_212771_1	N/A	32.308	91	260	2.99e-22	95.9
WP_000259031.1	279	k121_226724_21	N/A	34.404	76	218	4.25e-22	95.9
WP_000259031.1	279	k121_532419_2	N/A	30.258	95	271	4.77e-22	95.9
WP_000259031.1	279	k121_732837_1	N/A	33.071	88	254	9.84e-22	94.7
WP_000259031.1	279	k121_1027662_29	N/A	30.279	87	251	1.18e-21	94.4
WP_000259031.1	279	k121_1548404_1	N/A	28.516	91	256	1.26e-21	94.7
WP_000259031.1	279	k121_842815_11	N/A	29.537	98	281	1.38e-21	94.4
WP_000259031.1	279	k121_1611986_3	N/A	28.968	88	252	2.16e-21	94.0
WP_000259031.1	279	k121_654844_9	N/A	31.136	95	273	2.58e-21	94.4
WP_000259031.1	279	k121_214656_3	N/A	33.333	58	165	2.97e-21	91.3
WP_000259031.1	279	k121_860004_1	N/A	30.112	91	269	3.68e-21	94.4
WP_000259031.1	279	k121_824410_1	N/A	36.207	82	232	9.07e-21	91.7
WP_000259031.1	279	k121_1557237_2	N/A	31.250	92	256	1.34e-20	92.0
WP_000259031.1	279	k121_1432744_8	N/A	34.862	76	218	1.43e-20	92.4
WP_000259031.1	279	k121_853306_3	N/A	31.343	93	268	4.34e-20	91.3
WP_000259031.1	279	k121_1642310_2	N/A	28.794	87	257	5.14e-20	90.5
WP_000259031.1	279	k121_228108_3	N/A	28.700	78	223	2.97e-19	88.6
WP_000259031.1	279	k121_1477160_85	N/A	28.723	98	282	3.07e-19	88.2
WP_000259031.1	279	k121_1456854_74	N/A	30.357	95	280	4.31e-19	87.4
WP_000259031.1	279	k121_604674_1	N/A	32.432	88	259	5.79e-19	87.4
WP_000259031.1	279	k121_756306_33	N/A	34.061	80	229	1.71e-18	85.5
WP_000259031.1	279	k121_627618_6	N/A	32.963	87	270	3.05e-18	85.1
WP_000259031.1	279	k121_719620_1	N/A	31.278	81	227	5.80e-18	84.0
WP_000259031.1	279	k121_323712_1	N/A	36.364	58	165	8.53e-18	82.8
WP_000259031.1	279	k121_512036_6	N/A	28.514	88	249	2.64e-17	82.8
WP_000259031.1	279	k121_1363805_2	N/A	29.082	70	196	1.13e-16	79.3
WP_000259031.1	279	k121_1039854_2	N/A	31.128	88	257	1.55e-16	80.5
WP_000259031.1	279	k121_593979_3	N/A	30.144	73	209	4.27e-16	79.7
WP_000259031.1	279	k121_605833_7	N/A	31.559	87	263	8.07e-16	78.6
WP_000259031.1	279	k121_978087_15	N/A	33.032	78	221	1.43e-15	78.2
WP_000259031.1	279	k121_1594690_1	N/A	32.301	78	226	1.69e-15	79.0
WP_000259031.1	279	k121_1264338_2	N/A	24.658	72	219	2.12e-15	76.3
WP_000259031.1	279	k121_582616_1	N/A	31.897	42	116	3.12e-15	73.6
WP_000259031.1	279	k121_883541_7	N/A	31.944	75	216	5.80e-15	75.1
WP_000259031.1	279	k121_1075067_2	N/A	28.902	61	173	2.71e-14	72.4
WP_000259031.1	279	k121_1461253_1	N/A	32.231	80	242	3.19e-14	74.3
WP_000259031.1	279	k121_459810_37	N/A	27.826	78	230	3.55e-14	74.3
WP_000259031.1	279	k121_1494926_7	N/A	32.227	73	211	1.43e-13	71.6
WP_000259031.1	279	k121_1263688_1	N/A	29.375	54	160	3.56e-13	69.3
WP_000259031.1	279	k121_485355_1	N/A	32.877	76	219	7.05e-13	70.5
WP_000259031.1	279	k121_365948_1	N/A	36.792	38	106	3.85e-12	65.1
WP_000259031.1	279	k121_464714_1	N/A	33.065	44	124	5.78e-12	65.1
WP_000259031.1	279	k121_1208216_1	N/A	25.146	61	171	7.06e-12	65.5
WP_000259031.1	279	k121_1573069_1	N/A	33.846	44	130	1.24e-10	64.3
WP_000259031.1	279	k121_1546427_80	N/A	27.778	61	180	2.09e-10	62.4
WP_000259031.1	279	k121_45057_2	N/A	30.409	59	171	2.16e-10	61.6
WP_000259031.1	279	k121_940679_4	N/A	29.412	36	102	2.46e-10	59.7
WP_000259031.1	279	k121_80252_1	N/A	35.043	41	117	7.73e-10	58.9
WP_000259031.1	279	k121_780701_2	N/A	28.324	60	173	5.88e-09	57.4
WP_000259031.1	279	k121_1303145_2	N/A	27.419	65	186	6.73e-09	57.4
WP_000259031.1	279	k121_48520_2	N/A	33.775	50	151	9.48e-08	53.5
WP_000259031.1	279	k121_425041_1	N/A	30.508	62	177	2.81e-07	52.4
WP_000259031.1	279	k121_913357_3	N/A	31.783	43	129	3.86e-07	51.2
WP_000259031.1	279	k121_1228691_1	N/A	39.706	24	68	4.51e-07	49.7
WP_000259031.1	279	k121_703912_1	N/A	36.792	38	106	6.52e-07	51.2
WP_000259031.1	279	k121_198871_2	N/A	40.678	21	59	3.25e-06	47.4
WP_000259031.1	279	k121_771852_2	N/A	30.841	38	107	6.58e-06	48.5
WP_000259031.1	279	k121_1546427_79	N/A	37.143	25	70	7.76e-05	46.2
WP_000259031.1	279	k121_352017_2	N/A	31.818	39	110	2.10e-04	44.3
WP_000259031.1	279	k121_256569_3	N/A	33.766	27	77	2.46e-04	45.4
WP_000259031.1	279	k121_531926_1	N/A	34.568	29	81	6.78e-04	42.7
WP_000259031.1	279	k121_1074348_2	N/A	35.938	23	64	0.003	40.0
WP_000259031.1	279	k121_1058391_1	N/A	36.047	30	86	0.004	39.3
WP_001043260.1	271	k121_1569500_36	N/A	37.548	95	261	1.55e-48	164
WP_001043260.1	271	k121_953790_6	N/A	37.692	96	260	3.19e-46	158
WP_001043260.1	271	k121_628384_2	N/A	39.080	95	261	2.41e-45	156
WP_001043260.1	271	k121_162511_2	N/A	37.687	99	268	7.98e-44	152
WP_001043260.1	271	k121_1548404_1	N/A	36.742	96	264	6.91e-43	150
WP_001043260.1	271	k121_1384091_3	N/A	38.077	96	260	9.20e-43	149
WP_001043260.1	271	k121_1062495_7	N/A	41.085	95	258	1.15e-41	147
WP_001043260.1	271	k121_1226119_2	N/A	40.449	97	267	1.33e-40	144
WP_001043260.1	271	k121_344257_2	N/A	35.496	96	262	4.09e-40	142
WP_001043260.1	271	k121_1193666_2	N/A	32.171	94	258	3.88e-38	137
WP_001043260.1	271	k121_466433_1	N/A	38.314	95	261	9.83e-38	136
WP_001043260.1	271	k121_182325_71	N/A	35.632	95	261	1.93e-37	136
WP_001043260.1	271	k121_365654_68	N/A	34.470	96	264	1.31e-36	134
WP_001043260.1	271	k121_1356974_21	N/A	39.544	94	263	5.91e-36	132
WP_001043260.1	271	k121_15998_34	N/A	35.766	98	274	7.42e-36	132
WP_001043260.1	271	k121_873051_5	N/A	34.701	96	268	9.42e-36	131
WP_001043260.1	271	k121_1499636_1	N/A	39.623	78	212	3.80e-35	129
WP_001043260.1	271	k121_1049820_5	N/A	33.992	92	253	7.52e-35	129
WP_001043260.1	271	k121_1338525_11	N/A	36.260	96	262	3.85e-34	127
WP_001043260.1	271	k121_226724_21	N/A	34.317	90	271	1.32e-33	126
WP_001043260.1	271	k121_180815_16	N/A	37.398	87	246	1.08e-32	123
WP_001043260.1	271	k121_1642310_2	N/A	34.717	95	265	1.12e-32	124
WP_001043260.1	271	k121_228108_3	N/A	29.104	97	268	1.42e-32	124
WP_001043260.1	271	k121_1321874_1	N/A	35.600	90	250	1.74e-32	125
WP_001043260.1	271	k121_788886_12	N/A	37.788	78	217	2.20e-32	122
WP_001043260.1	271	k121_719620_1	N/A	37.917	87	240	8.00e-32	120
WP_001043260.1	271	k121_1239872_4	N/A	32.482	97	274	1.87e-31	121
WP_001043260.1	271	k121_1099333_3	N/A	28.090	97	267	5.08e-31	119
WP_001043260.1	271	k121_1296497_1	N/A	34.677	90	248	5.62e-31	120
WP_001043260.1	271	k121_853306_3	N/A	34.559	97	272	1.06e-30	119
WP_001043260.1	271	k121_605833_7	N/A	35.907	91	259	1.69e-30	117
WP_001043260.1	271	k121_1611986_3	N/A	30.830	91	253	3.27e-29	114
WP_001043260.1	271	k121_1363805_2	N/A	37.949	72	195	4.90e-29	112
WP_001043260.1	271	k121_410056_1	N/A	30.827	96	266	5.95e-29	114
WP_001043260.1	271	k121_381641_2	N/A	35.094	96	265	2.47e-27	110
WP_001043260.1	271	k121_1078219_1	N/A	32.178	73	202	3.19e-26	104
WP_001043260.1	271	k121_1174211_1	N/A	33.505	70	194	9.17e-26	103
WP_001043260.1	271	k121_212771_1	N/A	31.474	92	251	2.34e-25	103
WP_001043260.1	271	k121_1075067_2	N/A	32.184	62	174	6.46e-25	100
WP_001043260.1	271	k121_1516669_64	N/A	31.076	90	251	1.11e-24	102
WP_001043260.1	271	k121_1272882_2	N/A	30.242	90	248	8.42e-24	100
WP_001043260.1	271	k121_1557237_2	N/A	38.113	96	265	8.67e-24	100
WP_001043260.1	271	k121_654844_9	N/A	31.818	97	264	1.54e-23	100
WP_001043260.1	271	k121_1456854_74	N/A	32.453	95	265	3.56e-23	98.2
WP_001043260.1	271	k121_582616_1	N/A	41.228	41	114	6.35e-23	94.0
WP_001043260.1	271	k121_627618_6	N/A	33.704	90	270	1.49e-22	96.7
WP_001043260.1	271	k121_756306_33	N/A	34.328	97	268	4.75e-22	95.1
WP_001043260.1	271	k121_1432744_8	N/A	34.247	79	219	6.18e-22	95.9
WP_001043260.1	271	k121_532419_2	N/A	30.597	96	268	1.06e-21	94.7
WP_001043260.1	271	k121_1263688_1	N/A	32.903	55	155	1.72e-21	91.7
WP_001043260.1	271	k121_464714_1	N/A	42.400	46	125	3.70e-21	89.4
WP_001043260.1	271	k121_485355_1	N/A	32.099	83	243	1.62e-19	89.0
WP_001043260.1	271	k121_732837_1	N/A	28.947	97	266	1.89e-19	88.2
WP_001043260.1	271	k121_1573069_1	N/A	41.353	46	133	9.75e-19	87.4
WP_001043260.1	271	k121_323712_1	N/A	34.272	76	213	1.68e-18	84.3
WP_001043260.1	271	k121_593979_3	N/A	32.973	65	185	1.70e-18	86.3
WP_001043260.1	271	k121_1461253_1	N/A	32.231	79	242	3.20e-18	85.5
WP_001043260.1	271	k121_1594690_1	N/A	31.799	83	239	5.11e-18	85.9
WP_001043260.1	271	k121_978087_15	N/A	31.984	83	247	5.47e-18	84.7
WP_001043260.1	271	k121_842815_11	N/A	27.941	97	272	6.56e-18	84.3
WP_001043260.1	271	k121_1264338_2	N/A	27.103	74	214	9.75e-18	82.4
WP_001043260.1	271	k121_214656_3	N/A	31.928	59	166	1.98e-17	80.9
WP_001043260.1	271	k121_1477160_85	N/A	28.159	97	277	8.80e-17	81.3
WP_001043260.1	271	k121_1039854_2	N/A	28.148	97	270	1.07e-16	80.9
WP_001043260.1	271	k121_459810_37	N/A	31.273	97	275	1.14e-15	78.2
WP_001043260.1	271	k121_824410_1	N/A	32.599	83	227	1.71e-15	77.0
WP_001043260.1	271	k121_883541_7	N/A	34.483	73	203	6.67e-15	74.7
WP_001043260.1	271	k121_512036_6	N/A	28.417	97	278	7.17e-15	75.9
WP_001043260.1	271	k121_860004_1	N/A	28.740	90	254	1.09e-14	75.9
WP_001043260.1	271	k121_80252_1	N/A	40.952	38	105	1.33e-14	72.0
WP_001043260.1	271	k121_365948_1	N/A	37.383	39	107	1.81e-14	71.2
WP_001043260.1	271	k121_198871_2	N/A	53.333	22	60	2.83e-13	66.6
WP_001043260.1	271	k121_604674_1	N/A	27.839	97	273	5.31e-13	70.5
WP_001043260.1	271	k121_1494926_7	N/A	30.460	64	174	1.31e-12	68.9
WP_001043260.1	271	k121_780701_2	N/A	32.353	62	170	8.61e-12	65.1
WP_001043260.1	271	k121_1027662_29	N/A	27.985	95	268	1.01e-11	66.6
WP_001043260.1	271	k121_1208216_1	N/A	23.563	64	174	1.73e-11	64.3
WP_001043260.1	271	k121_940679_4	N/A	28.155	37	103	2.20e-11	62.8
WP_001043260.1	271	k121_256569_3	N/A	43.056	26	72	2.46e-11	66.2
WP_001043260.1	271	k121_913357_3	N/A	35.385	45	130	2.80e-11	62.8
WP_001043260.1	271	k121_45057_2	N/A	31.325	61	166	3.56e-11	63.5
WP_001043260.1	271	k121_1546427_79	N/A	38.961	28	77	9.20e-11	63.5
WP_001043260.1	271	k121_771852_2	N/A	37.500	51	144	1.33e-10	62.0
WP_001043260.1	271	k121_1546427_80	N/A	25.943	75	212	2.05e-10	62.4
WP_001043260.1	271	k121_1228691_1	N/A	43.284	25	67	2.78e-10	58.5
WP_001043260.1	271	k121_1303145_2	N/A	25.926	68	189	1.43e-09	59.3
WP_001043260.1	271	k121_1285375_2	N/A	25.352	52	142	1.11e-07	53.1
WP_001043260.1	271	k121_48520_2	N/A	30.612	51	147	1.17e-07	53.1
WP_001043260.1	271	k121_531926_1	N/A	40.000	30	80	1.09e-05	47.8
WP_001043260.1	271	k121_1009779_2	N/A	39.062	24	64	4.14e-05	44.3
WP_001043260.1	271	k121_1058391_1	N/A	34.021	35	97	5.60e-05	44.3
WP_001043260.1	271	k121_703912_1	N/A	34.314	38	102	0.006	39.7
WP_001043260.1	271	k121_352017_2	N/A	33.333	37	102	0.092	36.2
WP_000034420.1	263	k121_953790_6	N/A	41.538	98	260	1.89e-58	189
WP_000034420.1	263	k121_628384_2	N/A	39.245	99	265	2.27e-55	181
WP_000034420.1	263	k121_1569500_36	N/A	37.736	99	265	5.51e-55	181
WP_000034420.1	263	k121_162511_2	N/A	38.610	98	259	4.19e-49	166
WP_000034420.1	263	k121_466433_1	N/A	37.931	98	261	1.26e-48	164
WP_000034420.1	263	k121_1384091_3	N/A	36.260	98	262	3.18e-48	163
WP_000034420.1	263	k121_182325_71	N/A	36.981	99	265	1.26e-47	162
WP_000034420.1	263	k121_344257_2	N/A	35.249	99	261	1.66e-46	159
WP_000034420.1	263	k121_1193666_2	N/A	35.798	96	257	6.35e-46	157
WP_000034420.1	263	k121_15998_34	N/A	38.868	97	265	8.68e-45	155
WP_000034420.1	263	k121_1226119_2	N/A	34.717	100	265	2.63e-43	150
WP_000034420.1	263	k121_1321874_1	N/A	35.714	99	266	1.27e-41	150
WP_000034420.1	263	k121_1338525_11	N/A	34.962	99	266	4.64e-41	145
WP_000034420.1	263	k121_1062495_7	N/A	35.878	99	262	4.65e-40	142
WP_000034420.1	263	k121_873051_5	N/A	34.211	98	266	5.89e-39	139
WP_000034420.1	263	k121_1548404_1	N/A	32.700	99	263	2.00e-37	136
WP_000034420.1	263	k121_1642310_2	N/A	35.741	98	263	2.14e-37	136
WP_000034420.1	263	k121_1239872_4	N/A	32.601	99	273	3.59e-37	135
WP_000034420.1	263	k121_1557237_2	N/A	36.923	98	260	1.18e-35	131
WP_000034420.1	263	k121_381641_2	N/A	31.579	99	266	1.61e-35	132
WP_000034420.1	263	k121_212771_1	N/A	33.597	94	253	2.37e-35	130
WP_000034420.1	263	k121_1078219_1	N/A	33.668	75	199	2.63e-35	128
WP_000034420.1	263	k121_1499636_1	N/A	33.488	81	215	1.35e-34	127
WP_000034420.1	263	k121_410056_1	N/A	30.682	98	264	1.52e-34	128
WP_000034420.1	263	k121_1456854_74	N/A	35.206	98	267	1.88e-34	127
WP_000034420.1	263	k121_1099333_3	N/A	31.034	97	261	2.45e-34	127
WP_000034420.1	263	k121_228108_3	N/A	32.171	97	258	4.21e-34	127
WP_000034420.1	263	k121_853306_3	N/A	31.955	99	266	2.06e-33	127
WP_000034420.1	263	k121_1296497_1	N/A	29.213	99	267	1.47e-32	124
WP_000034420.1	263	k121_365654_68	N/A	32.075	98	265	1.50e-32	124
WP_000034420.1	263	k121_180815_16	N/A	33.023	81	215	1.88e-32	122
WP_000034420.1	263	k121_719620_1	N/A	33.750	90	240	2.68e-32	121
WP_000034420.1	263	k121_654844_9	N/A	32.950	98	261	2.03e-31	120
WP_000034420.1	263	k121_1356974_21	N/A	32.830	98	265	2.32e-31	119
WP_000034420.1	263	k121_1049820_5	N/A	30.682	98	264	1.85e-29	115
WP_000034420.1	263	k121_788886_12	N/A	30.350	95	257	4.27e-29	113
WP_000034420.1	263	k121_532419_2	N/A	29.434	97	265	4.28e-29	114
WP_000034420.1	263	k121_226724_21	N/A	29.856	94	278	5.68e-29	113
WP_000034420.1	263	k121_1272882_2	N/A	30.000	94	250	7.41e-29	113
WP_000034420.1	263	k121_1516669_64	N/A	32.016	93	253	2.36e-28	112
WP_000034420.1	263	k121_1432744_8	N/A	30.108	93	279	6.17e-28	111
WP_000034420.1	263	k121_1075067_2	N/A	33.918	65	171	1.09e-27	107
WP_000034420.1	263	k121_756306_33	N/A	32.955	98	264	1.92e-27	109
WP_000034420.1	263	k121_732837_1	N/A	31.179	98	263	5.13e-27	108
WP_000034420.1	263	k121_1611986_3	N/A	28.996	97	269	1.00e-26	107
WP_000034420.1	263	k121_485355_1	N/A	34.034	87	238	2.05e-26	107
WP_000034420.1	263	k121_605833_7	N/A	33.716	94	261	2.80e-26	106
WP_000034420.1	263	k121_1363805_2	N/A	32.995	74	197	3.65e-26	104
WP_000034420.1	263	k121_1264338_2	N/A	27.876	80	226	7.27e-26	103
WP_000034420.1	263	k121_1027662_29	N/A	29.880	93	251	1.48e-25	104
WP_000034420.1	263	k121_1477160_85	N/A	29.771	97	262	3.39e-25	103
WP_000034420.1	263	k121_842815_11	N/A	29.389	97	262	2.57e-24	101
WP_000034420.1	263	k121_464714_1	N/A	37.903	47	124	1.11e-23	95.9
WP_000034420.1	263	k121_582616_1	N/A	38.462	44	117	1.13e-23	95.9
WP_000034420.1	263	k121_1263688_1	N/A	35.556	48	135	2.40e-23	96.3
WP_000034420.1	263	k121_1174211_1	N/A	33.146	67	178	1.38e-22	95.1
WP_000034420.1	263	k121_604674_1	N/A	29.771	97	262	2.13e-22	96.3
WP_000034420.1	263	k121_1594690_1	N/A	29.661	87	236	2.81e-22	97.8
WP_000034420.1	263	k121_1039854_2	N/A	28.889	98	270	6.80e-22	95.1
WP_000034420.1	263	k121_860004_1	N/A	29.528	94	254	1.30e-20	92.4
WP_000034420.1	263	k121_512036_6	N/A	30.075	97	266	2.63e-20	90.5
WP_000034420.1	263	k121_627618_6	N/A	27.758	97	281	3.07e-20	90.1
WP_000034420.1	263	k121_593979_3	N/A	27.184	77	206	3.57e-20	90.5
WP_000034420.1	263	k121_1573069_1	N/A	33.540	57	161	8.08e-20	90.1
WP_000034420.1	263	k121_824410_1	N/A	34.395	59	157	2.59e-19	87.4
WP_000034420.1	263	k121_978087_15	N/A	30.594	82	219	3.52e-19	87.8
WP_000034420.1	263	k121_323712_1	N/A	28.505	77	214	6.45e-19	85.5
WP_000034420.1	263	k121_883541_7	N/A	28.037	78	214	3.57e-18	83.2
WP_000034420.1	263	k121_1461253_1	N/A	26.772	90	254	9.47e-18	84.0
WP_000034420.1	263	k121_365948_1	N/A	43.269	39	104	1.26e-17	79.3
WP_000034420.1	263	k121_1546427_79	N/A	50.704	27	71	4.40e-17	80.9
WP_000034420.1	263	k121_45057_2	N/A	28.571	62	168	1.86e-16	77.8
WP_000034420.1	263	k121_771852_2	N/A	34.483	54	145	3.03e-15	74.7
WP_000034420.1	263	k121_214656_3	N/A	31.138	62	167	3.79e-15	74.3
WP_000034420.1	263	k121_459810_37	N/A	31.955	97	266	5.52e-15	76.3
WP_000034420.1	263	k121_780701_2	N/A	28.571	62	168	1.51e-14	72.8
WP_000034420.1	263	k121_1303145_2	N/A	26.776	69	183	1.56e-14	72.8
WP_000034420.1	263	k121_1546427_80	N/A	26.699	74	206	2.19e-14	73.2
WP_000034420.1	263	k121_80252_1	N/A	39.252	39	107	1.07e-13	69.3
WP_000034420.1	263	k121_940679_4	N/A	34.314	38	102	2.70e-13	67.8
WP_000034420.1	263	k121_1058391_1	N/A	40.206	37	97	3.25e-13	67.0
WP_000034420.1	263	k121_198871_2	N/A	45.000	23	60	6.09e-12	62.8
WP_000034420.1	263	k121_1494926_7	N/A	28.409	66	176	6.81e-12	66.6
WP_000034420.1	263	k121_256569_3	N/A	41.667	27	72	1.80e-10	63.5
WP_000034420.1	263	k121_352017_2	N/A	34.653	38	101	2.16e-10	61.2
WP_000034420.1	263	k121_48520_2	N/A	29.787	50	141	4.26e-10	59.7
WP_000034420.1	263	k121_913357_3	N/A	33.594	46	128	1.56e-09	57.8
WP_000034420.1	263	k121_1208216_1	N/A	25.287	65	174	2.91e-09	58.2
WP_000034420.1	263	k121_1228691_1	N/A	40.299	25	67	3.07e-09	55.5
WP_000034420.1	263	k121_1009779_2	N/A	45.763	22	59	5.44e-09	55.1
WP_000034420.1	263	k121_1285375_2	N/A	31.111	49	135	2.09e-08	55.1
WP_000034420.1	263	k121_531926_1	N/A	41.250	30	80	5.91e-08	54.3
WP_000034420.1	263	k121_703912_1	N/A	32.143	43	112	1.96e-07	52.4
WP_000034420.1	263	k121_425041_1	N/A	26.974	56	152	4.15e-06	48.9
WP_000034420.1	263	k121_1074348_2	N/A	27.660	46	141	4.22e-05	45.4
WP_000845048.1	337	k121_7507_4	N/A	99.653	85	288	0.0	582
WP_000845048.1	337	k121_1038402_2	N/A	68.421	96	323	5.44e-161	456
WP_000845048.1	337	k121_1619442_1	N/A	59.574	98	329	2.12e-133	387
WP_000845048.1	337	k121_578861_2	N/A	59.810	94	316	2.47e-133	385
WP_000845048.1	337	k121_788858_1	N/A	51.899	94	316	1.11e-106	318
WP_000845048.1	337	k121_137880_2	N/A	54.435	74	248	4.12e-94	282
WP_000845048.1	337	k121_620534_1	N/A	47.134	93	314	1.15e-92	286
WP_000845048.1	337	k121_1081921_1	N/A	52.045	80	269	2.24e-88	269
WP_000845048.1	337	k121_1382255_1	N/A	46.926	92	309	2.09e-87	272
WP_000845048.1	337	k121_569069_1	N/A	46.488	88	299	1.82e-82	256
WP_000845048.1	337	k121_1422818_3	N/A	42.722	93	316	7.61e-79	247
WP_000845048.1	337	k121_552401_15	N/A	45.283	93	318	4.71e-78	251
WP_000845048.1	337	k121_577645_1	N/A	78.621	43	145	2.39e-77	236
WP_000845048.1	337	k121_1194289_1	N/A	37.465	89	355	3.51e-67	218
WP_000845048.1	337	k121_104909_1	N/A	61.006	47	159	1.55e-63	203
WP_000845048.1	337	k121_532137_1	N/A	47.964	65	221	6.38e-63	202
WP_000845048.1	337	k121_125710_1	N/A	35.099	89	302	3.77e-47	166
WP_000845048.1	337	k121_1547346_1	N/A	34.557	95	327	2.38e-46	162
WP_000845048.1	337	k121_1170004_1	N/A	31.348	93	319	1.92e-41	148
WP_000845048.1	337	k121_1432220_2	N/A	33.443	90	305	2.21e-40	146
WP_000845048.1	337	k121_1224329_1	N/A	31.973	86	294	1.01e-38	144
WP_000845048.1	337	k121_101156_2	N/A	34.385	93	317	1.27e-38	141
WP_000845048.1	337	k121_366416_1	N/A	68.132	27	91	2.20e-35	127
WP_000845048.1	337	k121_784470_1	N/A	33.133	98	332	2.50e-34	130
WP_000845048.1	337	k121_1404268_1	N/A	29.688	94	320	8.24e-34	128
WP_000845048.1	337	k121_965836_2	N/A	28.479	91	309	1.98e-33	129
WP_000845048.1	337	k121_1602600_2	N/A	31.940	99	335	4.10e-33	127
WP_000845048.1	337	k121_1348163_2	N/A	34.228	87	298	4.23e-32	124
WP_000845048.1	337	k121_733378_2	N/A	31.515	97	330	1.22e-31	123
WP_000845048.1	337	k121_982835_4	N/A	31.804	96	327	1.32e-31	123
WP_000845048.1	337	k121_806398_1	N/A	43.275	50	171	2.48e-31	123
WP_000845048.1	337	k121_904721_1	N/A	32.390	93	318	2.56e-31	122
WP_000845048.1	337	k121_497415_1	N/A	44.898	44	147	3.30e-30	119
WP_000845048.1	337	k121_601831_1	N/A	37.668	66	223	1.98e-29	115
WP_000845048.1	337	k121_1365803_2	N/A	27.445	93	317	2.69e-28	114
WP_000845048.1	337	k121_351645_1	N/A	32.298	93	322	3.27e-28	114
WP_000845048.1	337	k121_1204854_2	N/A	29.653	93	317	6.20e-28	115
WP_000845048.1	337	k121_148846_1	N/A	27.848	93	316	1.34e-26	109
WP_000845048.1	337	k121_706703_2	N/A	30.464	89	302	2.15e-25	106
WP_000845048.1	337	k121_766866_2	N/A	48.544	28	103	2.39e-25	102
WP_000845048.1	337	k121_244053_3	N/A	36.199	65	221	3.73e-25	105
WP_000845048.1	337	k121_194171_1	N/A	29.779	79	272	4.20e-25	104
WP_000845048.1	337	k121_523805_2	N/A	33.088	77	272	7.95e-25	105
WP_000845048.1	337	k121_53460_12	N/A	34.247	62	219	1.78e-24	104
WP_000845048.1	337	k121_445895_10	N/A	38.073	63	218	2.36e-24	103
WP_000845048.1	337	k121_975904_10	N/A	38.073	63	218	4.50e-24	103
WP_000845048.1	337	k121_1054589_1	N/A	30.282	82	284	4.82e-24	102
WP_000845048.1	337	k121_1395073_2	N/A	28.428	84	299	7.20e-24	102
WP_000845048.1	337	k121_1312003_1	N/A	32.124	57	193	1.11e-23	97.8
WP_000845048.1	337	k121_54512_2	N/A	29.825	81	285	7.99e-23	99.8
WP_000845048.1	337	k121_912626_6	N/A	35.612	78	278	1.12e-22	99.4
WP_000845048.1	337	k121_1389614_2	N/A	34.335	68	233	2.21e-22	95.9
WP_000845048.1	337	k121_1167862_2	N/A	30.690	83	290	2.56e-22	97.4
WP_000845048.1	337	k121_1322753_1	N/A	32.338	59	201	7.20e-22	97.8
WP_000845048.1	337	k121_694048_3	N/A	34.112	62	214	7.70e-22	96.7
WP_000845048.1	337	k121_567555_16	N/A	35.455	64	220	8.10e-22	97.1
WP_000845048.1	337	k121_1046057_1	N/A	29.568	89	301	9.39e-22	97.4
WP_000845048.1	337	k121_1332164_1	N/A	29.667	84	300	1.52e-21	95.9
WP_000845048.1	337	k121_561024_1	N/A	29.470	88	302	1.74e-21	95.9
WP_000845048.1	337	k121_369993_2	N/A	28.094	85	299	1.80e-21	95.5
WP_000845048.1	337	k121_543044_3	N/A	29.474	81	285	3.42e-21	95.1
WP_000845048.1	337	k121_1395454_2	N/A	36.667	53	180	4.15e-21	91.3
WP_000845048.1	337	k121_156500_1	N/A	35.354	59	198	6.55e-21	91.7
WP_000845048.1	337	k121_1501846_43	N/A	30.556	81	288	1.43e-20	93.2
WP_000845048.1	337	k121_1012857_2	N/A	34.434	61	212	2.42e-20	92.4
WP_000845048.1	337	k121_299290_1	N/A	38.462	54	182	2.54e-20	92.4
WP_000845048.1	337	k121_1274417_1	N/A	28.283	86	297	3.65e-20	92.4
WP_000845048.1	337	k121_1246692_80	N/A	33.632	62	223	3.67e-20	92.4
WP_000845048.1	337	k121_1499248_13	N/A	29.323	76	266	4.84e-20	91.3
WP_000845048.1	337	k121_32873_1	N/A	35.638	55	188	5.78e-20	91.7
WP_000845048.1	337	k121_1169442_4	N/A	27.119	84	295	6.84e-20	91.3
WP_000845048.1	337	k121_1115040_5	N/A	30.496	79	282	9.04e-20	91.3
WP_000845048.1	337	k121_1349636_1	N/A	36.813	53	182	9.29e-20	87.8
WP_000845048.1	337	k121_786489_2	N/A	33.178	62	214	1.10e-19	90.1
WP_000845048.1	337	k121_147387_2	N/A	28.826	77	281	1.24e-19	90.5
WP_000845048.1	337	k121_1559007_3	N/A	30.877	79	285	3.30e-19	89.7
WP_000845048.1	337	k121_873776_21	N/A	34.545	62	220	4.45e-19	89.4
WP_000845048.1	337	k121_622223_3	N/A	27.036	86	307	6.05e-19	89.7
WP_000845048.1	337	k121_444074_1	N/A	28.253	77	269	6.53e-19	89.0
WP_000845048.1	337	k121_1241856_30	N/A	28.315	80	279	1.07e-18	87.8
WP_000845048.1	337	k121_120372_2	N/A	29.545	75	264	1.36e-18	86.7
WP_000845048.1	337	k121_475995_2	N/A	30.973	65	226	1.55e-18	86.3
WP_000845048.1	337	k121_978944_15	N/A	34.529	62	223	2.06e-18	87.4
WP_000845048.1	337	k121_60512_4	N/A	31.818	78	286	2.08e-18	87.4
WP_000845048.1	337	k121_571374_2	N/A	26.056	80	284	3.28e-18	87.0
WP_000845048.1	337	k121_78984_4	N/A	32.394	61	213	5.42e-18	86.3
WP_000845048.1	337	k121_986069_2	N/A	37.572	51	173	6.45e-18	82.0
WP_000845048.1	337	k121_1510018_2	N/A	30.493	63	223	6.55e-18	85.9
WP_000845048.1	337	k121_1408202_1	N/A	33.333	63	216	6.80e-18	84.7
WP_000845048.1	337	k121_843745_2	N/A	31.050	64	219	1.11e-17	85.1
WP_000845048.1	337	k121_119058_1	N/A	25.784	82	287	1.15e-17	85.1
WP_000845048.1	337	k121_920065_3	N/A	29.524	60	210	1.19e-17	84.7
WP_000845048.1	337	k121_807906_2	N/A	32.683	59	205	1.46e-17	85.1
WP_000845048.1	337	k121_385043_1	N/A	52.632	23	76	1.78e-17	79.3
WP_000845048.1	337	k121_1567984_2	N/A	31.308	62	214	1.83e-17	84.3
WP_000845048.1	337	k121_1509820_1	N/A	24.188	81	277	1.97e-17	83.2
WP_000845048.1	337	k121_730837_3	N/A	29.197	78	274	2.18e-17	84.3
WP_000845048.1	337	k121_1054105_9	N/A	38.208	61	212	2.49e-17	84.0
WP_000845048.1	337	k121_948211_111	N/A	29.904	86	311	3.07e-17	84.0
WP_000845048.1	337	k121_970372_1	N/A	25.316	88	316	3.45e-17	83.6
WP_000845048.1	337	k121_1589671_1	N/A	30.038	75	263	4.06e-17	82.4
WP_000845048.1	337	k121_511029_4	N/A	31.579	77	266	4.16e-17	84.3
WP_000845048.1	337	k121_380359_1	N/A	31.638	53	177	4.41e-17	80.9
WP_000845048.1	337	k121_881924_19	N/A	29.180	85	305	4.88e-17	83.2
WP_000845048.1	337	k121_1596149_2	N/A	31.319	54	182	7.36e-17	80.5
WP_000845048.1	337	k121_661987_1	N/A	25.641	78	273	8.04e-17	82.8
WP_000845048.1	337	k121_77953_1	N/A	30.147	77	272	8.30e-17	82.4
WP_000845048.1	337	k121_682729_32	N/A	30.303	84	297	8.48e-17	82.4
WP_000845048.1	337	k121_513192_3	N/A	30.996	77	271	1.12e-16	82.0
WP_000845048.1	337	k121_1358974_2	N/A	30.516	62	213	1.13e-16	82.0
WP_000845048.1	337	k121_1624146_3	N/A	24.422	85	303	1.17e-16	82.0
WP_000845048.1	337	k121_712711_1	N/A	28.146	88	302	1.17e-16	81.6
WP_000845048.1	337	k121_657795_8	N/A	35.165	54	182	1.34e-16	82.0
WP_000845048.1	337	k121_822285_2	N/A	27.541	85	305	1.92e-16	81.6
WP_000845048.1	337	k121_109880_2	N/A	23.488	82	281	2.35e-16	80.5
WP_000845048.1	337	k121_15998_120	N/A	26.190	85	294	2.95e-16	81.3
WP_000845048.1	337	k121_268522_3	N/A	30.870	61	230	3.23e-16	79.7
WP_000845048.1	337	k121_1058940_1	N/A	24.471	91	331	3.50e-16	81.3
WP_000845048.1	337	k121_719874_1	N/A	52.500	23	80	4.49e-16	75.5
WP_000845048.1	337	k121_1310960_4	N/A	34.615	54	182	4.54e-16	77.8
WP_000845048.1	337	k121_453673_5	N/A	26.909	78	275	5.29e-16	80.5
WP_000845048.1	337	k121_471395_2	N/A	31.884	77	276	5.78e-16	80.5
WP_000845048.1	337	k121_912015_15	N/A	29.213	76	267	5.80e-16	80.5
WP_000845048.1	337	k121_690674_27	N/A	29.617	79	287	5.88e-16	80.1
WP_000845048.1	337	k121_1353911_79	N/A	36.667	53	180	6.52e-16	79.7
WP_000845048.1	337	k121_290702_3	N/A	28.947	85	304	6.73e-16	80.1
WP_000845048.1	337	k121_458158_4	N/A	32.660	84	297	7.82e-16	80.1
WP_000845048.1	337	k121_1462997_2	N/A	53.731	20	67	1.04e-15	75.5
WP_000845048.1	337	k121_1457382_3	N/A	27.304	81	293	1.40e-15	79.0
WP_000845048.1	337	k121_1556741_21	N/A	29.412	62	221	1.63e-15	79.3
WP_000845048.1	337	k121_480726_3	N/A	27.841	52	176	1.88e-15	78.6
WP_000845048.1	337	k121_98048_9	N/A	31.641	72	256	1.94e-15	78.6
WP_000845048.1	337	k121_972802_2	N/A	29.373	84	303	2.40e-15	78.6
WP_000845048.1	337	k121_1570873_1	N/A	29.605	78	304	2.92e-15	77.8
WP_000845048.1	337	k121_774331_1	N/A	30.594	63	219	3.42e-15	78.2
WP_000845048.1	337	k121_637675_2	N/A	28.390	67	236	4.93e-15	76.6
WP_000845048.1	337	k121_311409_2	N/A	28.413	77	271	5.36e-15	77.4
WP_000845048.1	337	k121_390661_4	N/A	30.939	53	181	6.57e-15	74.7
WP_000845048.1	337	k121_919160_17	N/A	32.051	67	234	7.57e-15	77.0
WP_000845048.1	337	k121_1064810_1	N/A	27.322	53	183	7.89e-15	76.6
WP_000845048.1	337	k121_1237419_18	N/A	31.982	63	222	1.25e-14	76.6
WP_000845048.1	337	k121_941303_3	N/A	27.129	88	317	1.76e-14	75.9
WP_000845048.1	337	k121_1621818_1	N/A	23.226	88	310	2.10e-14	75.5
WP_000845048.1	337	k121_1359650_3	N/A	29.204	89	339	2.15e-14	76.3
WP_000845048.1	337	k121_1063646_1	N/A	31.818	74	264	3.11e-14	75.1
WP_000845048.1	337	k121_913684_2	N/A	27.477	64	222	3.27e-14	73.2
WP_000845048.1	337	k121_1100669_10	N/A	29.139	84	302	3.45e-14	75.1
WP_000845048.1	337	k121_384877_1	N/A	28.205	77	273	4.00e-14	75.5
WP_000845048.1	337	k121_840781_8	N/A	30.159	69	252	4.46e-14	74.7
WP_000845048.1	337	k121_871651_2	N/A	23.377	88	308	5.34e-14	74.3
WP_000845048.1	337	k121_1192441_1	N/A	35.393	53	178	7.24e-14	70.9
WP_000845048.1	337	k121_386977_2	N/A	31.447	47	159	9.23e-14	73.2
WP_000845048.1	337	k121_641144_14	N/A	27.445	87	317	1.00e-13	73.6
WP_000845048.1	337	k121_668086_1	N/A	53.425	22	73	1.18e-13	69.7
WP_000845048.1	337	k121_120484_4	N/A	29.646	64	226	1.32e-13	73.6
WP_000845048.1	337	k121_558255_3	N/A	32.877	62	219	1.97e-13	72.8
WP_000845048.1	337	k121_36076_3	N/A	22.535	82	284	2.18e-13	72.4
WP_000845048.1	337	k121_1434314_2	N/A	30.247	48	162	3.40e-13	72.0
WP_000845048.1	337	k121_744365_5	N/A	27.523	90	327	4.19e-13	72.0
WP_000845048.1	337	k121_1525712_6	N/A	30.216	75	278	8.00e-13	71.2
WP_000845048.1	337	k121_297595_1	N/A	27.660	77	282	8.10e-13	70.9
WP_000845048.1	337	k121_285373_1	N/A	26.174	84	298	9.98e-13	70.9
WP_000845048.1	337	k121_1089780_3	N/A	28.182	62	220	1.08e-12	69.7
WP_000845048.1	337	k121_98004_3	N/A	29.126	86	309	1.14e-12	70.9
WP_000845048.1	337	k121_283283_1	N/A	28.467	76	274	2.55e-12	70.1
WP_000845048.1	337	k121_1192441_3	N/A	40.769	37	130	2.78e-12	66.6
WP_000845048.1	337	k121_70879_3	N/A	33.149	52	181	2.84e-12	69.7
WP_000845048.1	337	k121_1647596_2	N/A	29.278	74	263	2.93e-12	69.7
WP_000845048.1	337	k121_424085_20	N/A	29.151	76	271	3.04e-12	69.3
WP_000845048.1	337	k121_1358290_2	N/A	29.333	61	225	3.87e-12	69.3
WP_000845048.1	337	k121_1518212_26	N/A	31.193	63	218	4.52e-12	68.9
WP_000845048.1	337	k121_1589646_2	N/A	31.222	63	221	8.14e-12	68.2
WP_000845048.1	337	k121_860585_2	N/A	31.081	63	222	1.31e-11	67.8
WP_000845048.1	337	k121_715877_2	N/A	30.556	53	180	1.70e-11	66.6
WP_000845048.1	337	k121_691033_4	N/A	29.108	61	213	2.03e-11	67.0
WP_000845048.1	337	k121_1413385_2	N/A	28.571	77	280	2.65e-11	67.0
WP_000845048.1	337	k121_846981_2	N/A	32.584	53	178	2.69e-11	66.6
WP_000845048.1	337	k121_908281_6	N/A	26.629	90	353	3.81e-11	66.6
WP_000845048.1	337	k121_1253041_2	N/A	30.332	62	211	5.45e-11	66.2
WP_000845048.1	337	k121_582052_4	N/A	30.216	76	278	5.60e-11	65.9
WP_000845048.1	337	k121_927171_2	N/A	23.605	64	233	5.93e-11	65.1
WP_000845048.1	337	k121_1305440_2	N/A	27.599	76	279	9.79e-11	64.7
WP_000845048.1	337	k121_426832_7	N/A	29.075	64	227	9.95e-11	65.5
WP_000845048.1	337	k121_1157121_27	N/A	44.928	20	69	1.10e-10	65.1
WP_000845048.1	337	k121_945805_1	N/A	29.444	51	180	1.21e-10	63.2
WP_000845048.1	337	k121_991325_1	N/A	31.250	56	192	1.25e-10	63.2
WP_000845048.1	337	k121_973221_2	N/A	25.309	90	324	1.92e-10	64.3
WP_000845048.1	337	k121_1283596_1	N/A	26.861	86	309	2.15e-10	63.9
WP_000845048.1	337	k121_1553618_2	N/A	23.636	92	330	2.44e-10	63.9
WP_000845048.1	337	k121_294446_1	N/A	27.190	90	331	2.46e-10	63.9
WP_000845048.1	337	k121_1304088_2	N/A	26.117	82	291	2.62e-10	64.3
WP_000845048.1	337	k121_872484_19	N/A	30.769	53	182	3.15e-10	63.5
WP_000845048.1	337	k121_145641_1	N/A	24.038	61	208	4.01e-10	62.4
WP_000845048.1	337	k121_1473497_3	N/A	28.053	84	303	4.76e-10	63.2
WP_000845048.1	337	k121_269982_2	N/A	26.214	84	309	5.54e-10	63.2
WP_000845048.1	337	k121_22239_2	N/A	24.171	61	211	5.97e-10	61.2
WP_000845048.1	337	k121_839591_3	N/A	32.584	53	178	6.03e-10	62.8
WP_000845048.1	337	k121_1313007_2	N/A	28.959	60	221	7.59e-10	62.4
WP_000845048.1	337	k121_1529448_2	N/A	28.837	62	215	8.00e-10	62.4
WP_000845048.1	337	k121_473405_2	N/A	29.891	53	184	8.17e-10	62.8
WP_000845048.1	337	k121_1603120_1	N/A	27.615	64	239	1.37e-09	61.6
WP_000845048.1	337	k121_313988_2	N/A	29.717	62	212	1.65e-09	61.6
WP_000845048.1	337	k121_371719_1	N/A	33.333	38	129	1.74e-09	58.2
WP_000845048.1	337	k121_1133043_2	N/A	23.333	61	210	2.47e-09	60.1
WP_000845048.1	337	k121_1079363_2	N/A	28.502	60	207	2.48e-09	61.2
WP_000845048.1	337	k121_538343_3	N/A	39.394	26	99	2.60e-09	60.8
WP_000845048.1	337	k121_1101251_1	N/A	24.542	76	273	3.62e-09	59.7
WP_000845048.1	337	k121_1506108_4	N/A	29.651	51	172	3.77e-09	60.5
WP_000845048.1	337	k121_1466624_2	N/A	26.217	75	267	4.02e-09	60.5
WP_000845048.1	337	k121_473891_3	N/A	26.936	82	297	4.06e-09	60.5
WP_000845048.1	337	k121_7016_3	N/A	27.148	82	291	6.73e-09	60.1
WP_000845048.1	337	k121_262929_2	N/A	24.211	55	190	6.88e-09	58.2
WP_000845048.1	337	k121_1249204_2	N/A	27.753	64	227	7.60e-09	59.7
WP_000845048.1	337	k121_1125099_1	N/A	26.512	58	215	7.80e-09	59.7
WP_000845048.1	337	k121_1056000_1	N/A	27.037	76	270	7.97e-09	59.7
WP_000845048.1	337	k121_4235_51	N/A	30.899	53	178	8.55e-09	59.3
WP_000845048.1	337	k121_343046_1	N/A	26.818	61	220	9.31e-09	58.9
WP_000845048.1	337	k121_1152928_1	N/A	27.273	58	198	1.03e-08	58.5
WP_000845048.1	337	k121_581404_2	N/A	28.409	75	264	1.05e-08	58.9
WP_000845048.1	337	k121_315657_1	N/A	28.649	55	185	1.28e-08	58.5
WP_000845048.1	337	k121_448193_1	N/A	25.817	84	306	1.40e-08	58.9
WP_000845048.1	337	k121_241616_2	N/A	26.636	58	214	2.18e-08	57.8
WP_000845048.1	337	k121_732501_2	N/A	28.125	61	224	2.39e-08	57.0
WP_000845048.1	337	k121_1152617_2	N/A	29.630	59	216	2.41e-08	58.2
WP_000845048.1	337	k121_677284_1	N/A	29.302	63	215	2.71e-08	57.4
WP_000845048.1	337	k121_294446_3	N/A	27.528	53	178	3.30e-08	57.4
WP_000845048.1	337	k121_644553_1	N/A	26.446	70	242	4.66e-08	56.6
WP_000845048.1	337	k121_429202_63	N/A	27.778	58	216	4.96e-08	57.4
WP_000845048.1	337	k121_952109_2	N/A	25.446	64	224	5.34e-08	56.6
WP_000845048.1	337	k121_990162_3	N/A	30.348	56	201	5.36e-08	55.8
WP_000845048.1	337	k121_283283_3	N/A	25.743	58	202	5.98e-08	55.8
WP_000845048.1	337	k121_1253041_1	N/A	29.864	63	221	6.18e-08	57.4
WP_000845048.1	337	k121_1488522_3	N/A	20.952	61	210	6.65e-08	55.8
WP_000845048.1	337	k121_1463020_3	N/A	29.379	53	177	6.89e-08	57.0
WP_000845048.1	337	k121_392689_1	N/A	31.214	51	173	6.89e-08	55.5
WP_000845048.1	337	k121_754276_2	N/A	30.189	57	212	7.01e-08	56.2
WP_000845048.1	337	k121_1149855_3	N/A	29.858	62	211	7.26e-08	56.6
WP_000845048.1	337	k121_1335133_2	N/A	23.711	82	291	1.03e-07	55.8
WP_000845048.1	337	k121_1650400_3	N/A	31.609	52	174	1.14e-07	55.8
WP_000845048.1	337	k121_1620647_1	N/A	27.027	73	259	1.16e-07	55.5
WP_000845048.1	337	k121_1256823_1	N/A	44.118	20	68	1.25e-07	55.8
WP_000845048.1	337	k121_788585_1	N/A	27.244	86	312	1.69e-07	55.5
WP_000845048.1	337	k121_809239_3	N/A	36.486	22	74	1.97e-07	53.1
WP_000845048.1	337	k121_835639_4	N/A	26.007	78	273	2.10e-07	55.5
WP_000845048.1	337	k121_1473497_1	N/A	27.014	60	211	2.20e-07	55.5
WP_000845048.1	337	k121_1503680_1	N/A	35.644	29	101	2.90e-07	54.3
WP_000845048.1	337	k121_862266_2	N/A	29.825	47	171	3.36e-07	53.5
WP_000845048.1	337	k121_1463020_5	N/A	25.795	77	283	4.39e-07	54.3
WP_000845048.1	337	k121_191836_2	N/A	30.114	50	176	4.48e-07	52.0
WP_000845048.1	337	k121_306746_2	N/A	25.312	84	320	4.58e-07	54.3
WP_000845048.1	337	k121_40153_2	N/A	25.368	75	272	4.94e-07	53.9
WP_000845048.1	337	k121_1222394_3	N/A	21.429	89	322	6.99e-07	53.5
WP_000845048.1	337	k121_631637_2	N/A	29.091	60	220	8.09e-07	53.1
WP_000845048.1	337	k121_788585_2	N/A	27.477	61	222	1.10e-06	52.8
WP_000845048.1	337	k121_473891_4	N/A	26.991	61	226	1.20e-06	52.8
WP_000845048.1	337	k121_987482_2	N/A	40.909	20	66	1.58e-06	50.8
WP_000845048.1	337	k121_611909_24	N/A	25.806	55	186	1.84e-06	50.8
WP_000845048.1	337	k121_970502_16	N/A	27.111	62	225	2.54e-06	52.0
WP_000845048.1	337	k121_57801_4	N/A	29.231	56	195	2.73e-06	52.0
WP_000845048.1	337	k121_554355_3	N/A	29.167	54	192	2.78e-06	51.6
WP_000845048.1	337	k121_582052_2	N/A	24.880	60	209	2.96e-06	52.0
WP_000845048.1	337	k121_24190_2	N/A	30.822	39	146	2.97e-06	50.8
WP_000845048.1	337	k121_1438731_24	N/A	29.381	56	194	3.31e-06	51.6
WP_000845048.1	337	k121_450890_2	N/A	27.751	62	209	4.58e-06	51.2
WP_000845048.1	337	k121_1203968_3	N/A	28.342	54	187	4.89e-06	51.2
WP_000845048.1	337	k121_623075_3	N/A	26.697	64	221	5.41e-06	50.8
WP_000845048.1	337	k121_1509911_1	N/A	26.316	51	171	5.62e-06	49.3
WP_000845048.1	337	k121_817952_2	N/A	25.830	75	271	6.22e-06	50.4
WP_000845048.1	337	k121_1080393_6	N/A	25.256	82	293	6.51e-06	50.4
WP_000845048.1	337	k121_430344_2	N/A	24.885	64	217	7.12e-06	50.4
WP_000845048.1	337	k121_311809_1	N/A	29.333	39	150	7.24e-06	49.3
WP_000845048.1	337	k121_1460382_7	N/A	26.966	72	267	7.31e-06	50.4
WP_000845048.1	337	k121_254795_6	N/A	38.235	20	68	7.40e-06	49.7
WP_000845048.1	337	k121_1651094_8	N/A	25.946	55	185	8.20e-06	50.1
WP_000845048.1	337	k121_1598159_1	N/A	23.301	86	309	8.68e-06	50.1
WP_000845048.1	337	k121_1566480_2	N/A	26.471	77	272	9.19e-06	50.1
WP_000845048.1	337	k121_1580913_3	N/A	27.128	52	188	9.34e-06	49.7
WP_000845048.1	337	k121_454166_5	N/A	27.751	61	209	1.06e-05	50.1
WP_000845048.1	337	k121_373083_1	N/A	30.144	56	209	1.11e-05	50.1
WP_000845048.1	337	k121_879244_3	N/A	26.178	56	191	1.16e-05	48.9
WP_000845048.1	337	k121_709151_4	N/A	38.235	20	68	1.17e-05	50.1
WP_000845048.1	337	k121_1510830_3	N/A	25.874	39	143	1.24e-05	48.9
WP_000845048.1	337	k121_897341_2	N/A	25.667	83	300	1.34e-05	49.7
WP_000845048.1	337	k121_1304088_1	N/A	41.176	20	68	1.36e-05	48.9
WP_000845048.1	337	k121_1256793_1	N/A	37.143	21	70	1.45e-05	49.3
WP_000845048.1	337	k121_966335_1	N/A	27.404	55	208	1.60e-05	49.7
WP_000845048.1	337	k121_919784_1	N/A	27.723	58	202	1.85e-05	48.9
WP_000845048.1	337	k121_322456_13	N/A	26.512	64	215	2.00e-05	49.3
WP_000845048.1	337	k121_631029_1	N/A	26.000	70	250	2.21e-05	48.5
WP_000845048.1	337	k121_621312_1	N/A	27.326	51	172	2.36e-05	48.9
WP_000845048.1	337	k121_1205976_4	N/A	39.726	21	73	2.37e-05	48.9
WP_000845048.1	337	k121_1479440_21	N/A	28.959	58	221	2.38e-05	48.9
WP_000845048.1	337	k121_944767_27	N/A	30.682	52	176	2.46e-05	48.9
WP_000845048.1	337	k121_302181_4	N/A	29.851	57	201	2.62e-05	48.9
WP_000845048.1	337	k121_1557589_1	N/A	28.571	45	161	2.70e-05	48.1
WP_000845048.1	337	k121_182588_3	N/A	29.808	60	208	3.24e-05	48.5
WP_000845048.1	337	k121_1003705_2	N/A	30.061	45	163	3.47e-05	48.1
WP_000845048.1	337	k121_71109_4	N/A	24.632	77	272	3.84e-05	48.1
WP_000845048.1	337	k121_1370037_2	N/A	22.801	88	307	4.12e-05	48.1
WP_000845048.1	337	k121_852195_2	N/A	26.702	55	191	4.84e-05	47.0
WP_000845048.1	337	k121_872883_1	N/A	24.752	84	303	5.13e-05	47.8
WP_000845048.1	337	k121_101835_2	N/A	36.842	21	76	5.22e-05	47.0
WP_000845048.1	337	k121_788585_3	N/A	26.280	83	293	5.23e-05	47.8
WP_000845048.1	337	k121_32681_1	N/A	20.199	85	302	5.89e-05	47.8
WP_000845048.1	337	k121_1106014_1	N/A	30.719	41	153	6.09e-05	47.0
WP_000845048.1	337	k121_877982_2	N/A	29.817	60	218	6.28e-05	47.8
WP_000845048.1	337	k121_1017639_1	N/A	28.646	54	192	6.44e-05	47.8
WP_000845048.1	337	k121_429202_117	N/A	24.790	66	238	6.62e-05	47.8
WP_000845048.1	337	k121_1090924_2	N/A	29.843	55	191	6.83e-05	47.4
WP_000845048.1	337	k121_279444_3	N/A	28.333	51	180	6.97e-05	47.4
WP_000845048.1	337	k121_294446_2	N/A	26.596	52	188	6.98e-05	47.4
WP_000845048.1	337	k121_691849_2	N/A	22.500	78	280	7.87e-05	47.4
WP_000845048.1	337	k121_691849_1	N/A	25.229	61	218	8.17e-05	47.0
WP_000845048.1	337	k121_1065993_3	N/A	24.627	75	268	9.32e-05	47.0
WP_000845048.1	337	k121_1436894_1	N/A	23.188	61	207	1.02e-04	46.6
WP_000845048.1	337	k121_348779_13	N/A	25.630	63	238	1.06e-04	47.0
WP_000845048.1	337	k121_265010_1	N/A	29.412	25	85	1.06e-04	47.0
WP_000845048.1	337	k121_1094476_2	N/A	37.500	30	112	1.08e-04	46.6
WP_000845048.1	337	k121_776737_3	N/A	27.041	54	196	1.10e-04	47.4
WP_000845048.1	337	k121_109153_3	N/A	37.681	20	69	1.20e-04	45.1
WP_000845048.1	337	k121_582052_3	N/A	25.543	52	184	1.43e-04	46.2
WP_000845048.1	337	k121_1453803_1	N/A	25.962	58	208	1.50e-04	46.6
WP_000845048.1	337	k121_1042065_2	N/A	27.570	60	214	1.60e-04	46.2
WP_000845048.1	337	k121_283283_2	N/A	27.660	52	188	1.61e-04	46.2
WP_000845048.1	337	k121_1356678_2	N/A	25.926	55	189	1.63e-04	46.2
WP_000845048.1	337	k121_255874_2	N/A	30.070	39	143	1.76e-04	46.2
WP_000845048.1	337	k121_520751_1	N/A	26.370	74	292	2.01e-04	45.8
WP_000845048.1	337	k121_1651201_37	N/A	35.135	22	74	2.15e-04	45.8
WP_000845048.1	337	k121_767647_2	N/A	23.810	78	273	2.20e-04	45.4
WP_000845048.1	337	k121_747568_1	N/A	27.778	59	216	2.26e-04	45.8
WP_000845048.1	337	k121_473891_5	N/A	24.915	82	293	2.27e-04	45.8
WP_000845048.1	337	k121_1256823_34	N/A	24.096	71	249	2.81e-04	45.4
WP_000845048.1	337	k121_1460382_6	N/A	25.281	52	178	3.15e-04	45.8
WP_000845048.1	337	k121_1484588_2	N/A	25.613	89	367	3.51e-04	45.4
WP_000845048.1	337	k121_57621_2	N/A	24.766	62	214	3.98e-04	45.1
WP_000845048.1	337	k121_1458285_2	N/A	27.805	56	205	4.18e-04	44.7
WP_000845048.1	337	k121_302157_2	N/A	25.000	62	228	4.59e-04	44.3
WP_000845048.1	337	k121_1101960_1	N/A	23.684	85	304	4.61e-04	44.7
WP_000845048.1	337	k121_1443884_2	N/A	27.397	62	219	4.92e-04	45.1
WP_000845048.1	337	k121_1065993_2	N/A	26.904	55	197	5.43e-04	44.7
WP_000845048.1	337	k121_845300_8	N/A	26.147	57	218	5.65e-04	44.7
WP_000845048.1	337	k121_142617_1	N/A	28.191	55	188	6.24e-04	44.3
WP_000845048.1	337	k121_896840_2	N/A	25.561	58	223	7.29e-04	44.3
WP_000845048.1	337	k121_780275_1	N/A	29.825	34	114	7.50e-04	43.5
WP_000845048.1	337	k121_1273524_4	N/A	37.681	20	69	7.90e-04	43.9
WP_000845048.1	337	k121_191157_6	N/A	33.766	23	77	7.99e-04	44.3
WP_000845048.1	337	k121_644458_5	N/A	26.136	52	176	8.56e-04	43.9
WP_000845048.1	337	k121_1471912_1	N/A	28.571	63	231	8.57e-04	43.5
WP_000845048.1	337	k121_143166_1	N/A	32.584	26	89	0.001	43.9
WP_000845048.1	337	k121_287421_2	N/A	27.273	64	242	0.001	43.5
WP_000845048.1	337	k121_1544072_3	N/A	30.216	35	139	0.001	43.1
WP_000845048.1	337	k121_1606268_3	N/A	28.313	48	166	0.001	43.9
WP_000845048.1	337	k121_1574124_2	N/A	28.846	59	208	0.001	43.5
WP_000845048.1	337	k121_1602350_1	N/A	26.705	52	176	0.001	43.5
WP_000845048.1	337	k121_227930_4	N/A	24.324	84	296	0.001	43.5
WP_000845048.1	337	k121_671262_6	N/A	28.571	65	224	0.001	43.5
WP_000845048.1	337	k121_1441682_14	N/A	39.706	20	68	0.001	42.0
WP_000845048.1	337	k121_641297_4	N/A	34.146	24	82	0.001	43.5
WP_000845048.1	337	k121_1130436_1	N/A	23.179	41	151	0.002	42.7
WP_000845048.1	337	k121_1575906_27	N/A	28.922	55	204	0.002	43.1
WP_000845048.1	337	k121_542752_1	N/A	27.374	52	179	0.002	43.1
WP_000845048.1	337	k121_1537726_11	N/A	25.397	53	189	0.002	43.1
WP_000845048.1	337	k121_575182_3	N/A	28.049	48	164	0.002	43.1
WP_000845048.1	337	k121_225272_4	N/A	37.143	21	70	0.002	42.4
WP_000845048.1	337	k121_1174303_1	N/A	29.091	60	220	0.002	42.7
WP_000845048.1	337	k121_852999_32	N/A	30.526	26	95	0.002	42.4
WP_000845048.1	337	k121_452582_3	N/A	36.000	22	75	0.003	39.3
WP_000845048.1	337	k121_673082_1	N/A	29.121	53	182	0.003	42.7
WP_000845048.1	337	k121_1037651_2	N/A	25.405	54	185	0.003	42.0
WP_000845048.1	337	k121_1610230_2	N/A	29.091	49	165	0.003	42.7
WP_000845048.1	337	k121_873354_2	N/A	28.947	55	190	0.004	42.4
WP_000845048.1	337	k121_822847_18	N/A	26.400	63	250	0.004	42.4
WP_000845048.1	337	k121_479350_1	N/A	28.042	52	189	0.004	41.2
WP_000845048.1	337	k121_16363_1	N/A	26.786	45	168	0.005	41.2
WP_000845048.1	337	k121_332639_1	N/A	38.554	22	83	0.005	41.6
WP_000845048.1	337	k121_1463020_4	N/A	27.803	61	223	0.005	41.6
WP_000845048.1	337	k121_1582653_2	N/A	29.878	48	164	0.005	42.0
WP_000845048.1	337	k121_944767_9	N/A	28.061	55	196	0.005	41.6
WP_000845048.1	337	k121_1165970_2	N/A	29.208	59	202	0.005	41.6
WP_000845048.1	337	k121_575182_2	N/A	33.058	33	121	0.006	41.2
WP_000845048.1	337	k121_1002624_2	N/A	24.845	39	161	0.007	40.0
WP_000845048.1	337	k121_1106014_2	N/A	29.054	37	148	0.007	41.2
WP_000845048.1	337	k121_1254457_5	N/A	35.443	22	79	0.007	41.2
WP_000845048.1	337	k121_838189_26	N/A	25.969	73	258	0.007	41.2
WP_000845048.1	337	k121_575182_1	N/A	28.415	54	183	0.008	40.8
WP_000845048.1	337	k121_1606268_2	N/A	34.783	27	92	0.008	40.8
WP_000845048.1	337	k121_155556_3	N/A	24.399	83	291	0.009	40.8
WP_000845048.1	337	k121_594989_1	N/A	35.227	26	88	0.010	40.4
WP_000845048.1	337	k121_1413385_1	N/A	30.052	53	193	0.010	39.7
WP_000845048.1	337	k121_803506_1	N/A	33.784	22	74	0.011	39.7
WP_000845048.1	337	k121_790493_2	N/A	31.081	22	74	0.012	38.9
WP_000845048.1	337	k121_1087260_1	N/A	27.225	53	191	0.012	40.4
WP_000845048.1	337	k121_1444282_4	N/A	36.585	24	82	0.012	40.4
WP_000845048.1	337	k121_1473497_2	N/A	27.273	29	110	0.013	40.4
WP_000845048.1	337	k121_1424206_3	N/A	33.333	23	78	0.013	40.4
WP_000845048.1	337	k121_1359650_2	N/A	26.519	53	181	0.014	40.4
WP_000845048.1	337	k121_111490_3	N/A	25.000	85	304	0.014	40.0
WP_000845048.1	337	k121_590193_2	N/A	24.405	50	168	0.015	40.4
WP_000845048.1	337	k121_68617_2	N/A	32.174	34	115	0.015	37.7
WP_000845048.1	337	k121_230225_6	N/A	27.602	61	221	0.018	40.0
WP_000845048.1	337	k121_478597_2	N/A	24.757	58	206	0.018	40.0
WP_000845048.1	337	k121_97109_1	N/A	33.333	23	78	0.019	39.7
WP_000845048.1	337	k121_379600_1	N/A	25.664	64	226	0.020	39.7
WP_000845048.1	337	k121_843713_24	N/A	24.691	67	243	0.020	39.7
