SadA_ref|WP_036299419.1|:1-399	399	k121_2323854_1	N/A	32.796	92	372	2.06e-45	164
SadA_ref|WP_036299419.1|:1-399	399	k121_2602966_3	N/A	27.005	91	374	5.99e-39	147
SadA_ref|WP_036299419.1|:1-399	399	k121_475114_1	N/A	33.808	69	281	1.58e-38	144
SadA_ref|WP_036299419.1|:1-399	399	k121_914030_18	N/A	28.520	68	277	4.93e-34	134
SadA_ref|WP_036299419.1|:1-399	399	k121_995921_4	N/A	27.541	75	305	1.33e-33	133
SadA_ref|WP_036299419.1|:1-399	399	k121_746573_1	N/A	34.884	43	172	4.40e-33	125
SadA_ref|WP_036299419.1|:1-399	399	k121_418538_3	N/A	26.596	94	376	1.40e-29	121
SadA_ref|WP_036299419.1|:1-399	399	k121_2595058_1	N/A	26.596	94	376	2.58e-29	120
SadA_ref|WP_036299419.1|:1-399	399	k121_1234074_3	N/A	27.177	94	379	1.97e-28	119
SadA_ref|WP_036299419.1|:1-399	399	k121_365383_1	N/A	29.386	57	228	2.69e-27	112
SadA_ref|WP_036299419.1|:1-399	399	k121_2519687_1	N/A	29.577	71	284	4.00e-27	113
SadA_ref|WP_036299419.1|:1-399	399	k121_1609936_1	N/A	33.974	39	156	2.64e-26	107
SadA_ref|WP_036299419.1|:1-399	399	k121_1167372_1	N/A	30.734	55	218	8.18e-26	108
SadA_ref|WP_036299419.1|:1-399	399	k121_891790_1	N/A	34.969	41	163	1.21e-25	106
SadA_ref|WP_036299419.1|:1-399	399	k121_99031_1	N/A	30.928	48	194	2.00e-25	105
SadA_ref|WP_036299419.1|:1-399	399	k121_2143168_3	N/A	27.930	95	401	1.46e-23	104
SadA_ref|WP_036299419.1|:1-399	399	k121_410384_2	N/A	30.435	56	230	1.75e-22	99.0
SadA_ref|WP_036299419.1|:1-399	399	k121_320665_1	N/A	29.885	63	261	2.41e-22	99.8
SadA_ref|WP_036299419.1|:1-399	399	k121_2390115_1	N/A	26.275	63	255	2.58e-22	100
SadA_ref|WP_036299419.1|:1-399	399	k121_2552351_3	N/A	27.865	93	384	3.49e-22	100
SadA_ref|WP_036299419.1|:1-399	399	k121_2215214_1	N/A	35.028	44	177	2.06e-21	95.1
SadA_ref|WP_036299419.1|:1-399	399	k121_2044303_4	N/A	26.699	96	412	4.57e-20	95.1
SadA_ref|WP_036299419.1|:1-399	399	k121_438734_1	N/A	24.384	88	365	4.57e-20	95.1
SadA_ref|WP_036299419.1|:1-399	399	k121_1906202_1	N/A	31.481	54	216	2.01e-19	90.1
SadA_ref|WP_036299419.1|:1-399	399	k121_2233116_1	N/A	30.973	55	226	3.80e-19	89.4
SadA_ref|WP_036299419.1|:1-399	399	k121_1113061_1	N/A	28.111	54	217	1.72e-18	87.4
SadA_ref|WP_036299419.1|:1-399	399	k121_1949265_1	N/A	24.719	87	356	1.72e-18	90.1
SadA_ref|WP_036299419.1|:1-399	399	k121_240997_1	N/A	24.552	95	391	6.09e-18	88.6
SadA_ref|WP_036299419.1|:1-399	399	k121_2399834_1	N/A	30.508	43	177	1.06e-17	84.0
SadA_ref|WP_036299419.1|:1-399	399	k121_2109015_1	N/A	31.609	43	174	1.41e-17	83.6
SadA_ref|WP_036299419.1|:1-399	399	k121_2003018_1	N/A	30.534	33	131	3.01e-17	81.6
SadA_ref|WP_036299419.1|:1-399	399	k121_1667685_1	N/A	24.303	60	251	4.98e-17	84.3
SadA_ref|WP_036299419.1|:1-399	399	k121_1014170_1	N/A	32.667	36	150	3.59e-16	79.3
SadA_ref|WP_036299419.1|:1-399	399	k121_2469053_1	N/A	31.429	35	140	7.46e-15	75.1
SadA_ref|WP_036299419.1|:1-399	399	k121_2209997_2	N/A	25.481	50	208	8.10e-15	77.8
SadA_ref|WP_036299419.1|:1-399	399	k121_1475008_2	N/A	24.103	95	390	1.76e-14	78.6
SadA_ref|WP_036299419.1|:1-399	399	k121_1278438_1	N/A	25.146	41	171	2.97e-12	70.1
SadA_ref|WP_036299419.1|:1-399	399	k121_1852111_2	N/A	32.558	22	86	2.73e-11	63.5
SadA_ref|WP_036299419.1|:1-399	399	k121_1612475_1	N/A	29.592	25	98	9.87e-08	54.7
SadA_ref|WP_036299419.1|:1-399	399	k121_1314620_1	N/A	25.658	37	152	1.05e-06	52.8
SadA_ref|WP_036299419.1|:1-399	399	k121_1815901_3	N/A	25.510	46	196	4.95e-06	52.4
SadA_ref|WP_036299419.1|:1-399	399	k121_775333_1	N/A	32.710	27	107	1.12e-05	48.1
SadA_ref|WP_036299419.1|:1-399	399	k121_64932_1	N/A	23.462	63	260	5.38e-05	49.3
SadA_ref|WP_036299419.1|:1-399	399	k121_1198783_2	N/A	24.316	76	329	8.39e-05	48.5
SadA_ref|WP_036299419.1|:1-399	399	k121_1074689_1	N/A	22.778	43	180	1.07e-04	47.0
SadA_ref|WP_036299419.1|:1-399	399	k121_242763_1	N/A	30.120	21	83	1.63e-04	47.0
SadA_ref|WP_036299419.1|:1-399	399	k121_1047752_1	N/A	26.316	45	190	2.91e-04	45.8
SadA_ref|WP_036299419.1|:1-399	399	k121_1095113_1	N/A	25.854	50	205	3.72e-04	45.8
SadA_ref|WP_036299419.1|:1-399	399	k121_642721_1	N/A	32.558	21	86	5.97e-04	45.1
SadA_ref|WP_036299419.1|:1-399	399	k121_307557_1	N/A	22.835	62	254	0.002	43.9
SadA_ref|WP_036299419.1|:1-399	399	k121_838018_1	N/A	30.597	33	134	0.003	42.4
SadA_ref|WP_036299419.1|:1-399	399	k121_438995_2	N/A	30.476	26	105	0.003	41.2
SadA_ref|WP_036299419.1|:1-399	399	k121_206014_1	N/A	23.267	46	202	0.006	42.7
SadA_ref|WP_036299419.1|:1-399	399	k121_1865152_1	N/A	30.952	21	84	0.006	41.6
SadA_ref|WP_036299419.1|:1-399	399	k121_2237474_1	N/A	24.658	47	219	0.007	42.0
SadA_ref|WP_036299419.1|:1-399	399	k121_2257564_4	N/A	32.143	21	84	0.009	42.4
SadA_ref|WP_036299419.1|:1-399	399	k121_2323050_2	N/A	27.551	25	98	0.013	39.7
SadA_ref|WP_036299419.1|:1-399	399	k121_615075_1	N/A	28.571	21	84	0.016	39.7
SadA_ref|WP_036299419.1|:1-399	399	k121_959636_1	N/A	24.609	62	256	0.017	41.2
SadA_ref|WP_036299419.1|:1-399	399	k121_1820257_3	N/A	32.558	21	86	0.026	40.8
SadA_ref|WP_036299419.1|:1-399	399	k121_1231530_1	N/A	24.314	61	255	0.028	40.8
SadA_ref|WP_036299419.1|:1-399	399	k121_75860_1	N/A	27.386	59	241	0.032	40.4
SadA_ref|WP_036299419.1|:1-399	399	k121_207085_2	N/A	31.250	20	80	0.055	38.9
SadA_ref|WP_036299419.1|:1-399	399	k121_440653_1	N/A	26.882	23	93	0.072	38.1
SadA_ref|WP_036299419.1|:1-399	399	k121_2169500_1	N/A	27.329	36	161	0.082	38.1
SadA_ref|WP_036299419.1|:1-399	399	k121_1935566_1	N/A	27.160	58	243	0.089	38.5
SadB_ref|WP_100812327.1|:1-423	423	k121_2323854_1	N/A	35.013	88	377	2.49e-55	191
SadB_ref|WP_100812327.1|:1-423	423	k121_2602966_3	N/A	28.534	89	382	2.03e-42	157
SadB_ref|WP_100812327.1|:1-423	423	k121_475114_1	N/A	34.432	63	273	1.50e-36	139
SadB_ref|WP_100812327.1|:1-423	423	k121_2519687_1	N/A	32.857	65	280	1.67e-36	139
SadB_ref|WP_100812327.1|:1-423	423	k121_914030_18	N/A	25.203	85	369	4.95e-35	137
SadB_ref|WP_100812327.1|:1-423	423	k121_995921_4	N/A	26.287	85	369	2.32e-31	127
SadB_ref|WP_100812327.1|:1-423	423	k121_1234074_3	N/A	27.869	85	366	2.66e-29	122
SadB_ref|WP_100812327.1|:1-423	423	k121_2595058_1	N/A	26.992	90	389	1.03e-26	114
SadB_ref|WP_100812327.1|:1-423	423	k121_418538_3	N/A	26.396	91	394	2.99e-26	112
SadB_ref|WP_100812327.1|:1-423	423	k121_746573_1	N/A	30.000	42	180	1.29e-25	106
SadB_ref|WP_100812327.1|:1-423	423	k121_2399834_1	N/A	37.363	41	182	3.30e-25	105
SadB_ref|WP_100812327.1|:1-423	423	k121_438734_1	N/A	25.686	90	401	1.46e-23	105
SadB_ref|WP_100812327.1|:1-423	423	k121_2143168_3	N/A	27.136	90	398	4.72e-23	103
SadB_ref|WP_100812327.1|:1-423	423	k121_365383_1	N/A	30.932	55	236	5.44e-23	100
SadB_ref|WP_100812327.1|:1-423	423	k121_1906202_1	N/A	31.776	50	214	8.76e-23	99.8
SadB_ref|WP_100812327.1|:1-423	423	k121_99031_1	N/A	30.952	39	168	4.71e-22	97.1
SadB_ref|WP_100812327.1|:1-423	423	k121_2044303_4	N/A	27.660	92	423	3.17e-21	98.6
SadB_ref|WP_100812327.1|:1-423	423	k121_2390115_1	N/A	24.620	77	329	6.29e-21	97.1
SadB_ref|WP_100812327.1|:1-423	423	k121_1167372_1	N/A	27.053	48	207	2.55e-20	94.0
SadB_ref|WP_100812327.1|:1-423	423	k121_1014170_1	N/A	29.932	35	147	1.26e-19	89.4
SadB_ref|WP_100812327.1|:1-423	423	k121_891790_1	N/A	35.185	38	162	2.09e-19	89.7
SadB_ref|WP_100812327.1|:1-423	423	k121_2233116_1	N/A	35.829	44	187	3.69e-19	89.7
SadB_ref|WP_100812327.1|:1-423	423	k121_2109015_1	N/A	35.714	32	140	5.64e-19	87.8
SadB_ref|WP_100812327.1|:1-423	423	k121_240997_1	N/A	24.747	90	396	1.10e-18	91.3
SadB_ref|WP_100812327.1|:1-423	423	k121_1609936_1	N/A	26.974	36	152	4.26e-18	85.1
SadB_ref|WP_100812327.1|:1-423	423	k121_2552351_3	N/A	28.610	84	374	9.32e-18	88.6
SadB_ref|WP_100812327.1|:1-423	423	k121_1667685_1	N/A	27.308	61	260	1.01e-17	86.7
SadB_ref|WP_100812327.1|:1-423	423	k121_2209997_2	N/A	28.774	48	212	1.71e-17	85.5
SadB_ref|WP_100812327.1|:1-423	423	k121_1949265_1	N/A	26.316	86	380	6.48e-17	85.9
SadB_ref|WP_100812327.1|:1-423	423	k121_2586173_1	N/A	25.278	77	360	5.90e-16	83.6
SadB_ref|WP_100812327.1|:1-423	423	k121_1231530_1	N/A	28.134	77	359	4.61e-15	80.1
SadB_ref|WP_100812327.1|:1-423	423	k121_1983381_2	N/A	26.197	77	355	9.43e-15	79.7
SadB_ref|WP_100812327.1|:1-423	423	k121_1475008_2	N/A	27.358	48	212	1.12e-14	79.3
SadB_ref|WP_100812327.1|:1-423	423	k121_410384_2	N/A	24.670	53	227	1.16e-14	77.4
SadB_ref|WP_100812327.1|:1-423	423	k121_2215214_1	N/A	29.885	41	174	5.88e-14	74.3
SadB_ref|WP_100812327.1|:1-423	423	k121_1278438_1	N/A	27.528	40	178	5.94e-13	72.4
SadB_ref|WP_100812327.1|:1-423	423	k121_902113_3	N/A	26.966	77	356	1.10e-12	73.2
SadB_ref|WP_100812327.1|:1-423	423	k121_1113061_1	N/A	26.471	48	204	4.96e-12	69.3
SadB_ref|WP_100812327.1|:1-423	423	k121_320665_1	N/A	25.641	62	273	9.16e-12	69.3
SadB_ref|WP_100812327.1|:1-423	423	k121_242763_1	N/A	31.792	39	173	2.00e-11	68.2
SadB_ref|WP_100812327.1|:1-423	423	k121_2003018_1	N/A	25.564	31	133	5.11e-11	63.9
SadB_ref|WP_100812327.1|:1-423	423	k121_1815901_3	N/A	30.058	39	173	3.85e-10	65.5
SadB_ref|WP_100812327.1|:1-423	423	k121_331117_1	N/A	29.482	57	251	2.52e-09	62.8
SadB_ref|WP_100812327.1|:1-423	423	k121_998713_1	N/A	28.870	48	239	6.47e-08	57.4
SadB_ref|WP_100812327.1|:1-423	423	k121_2469053_1	N/A	26.207	33	145	9.95e-08	55.1
SadB_ref|WP_100812327.1|:1-423	423	k121_1198783_2	N/A	26.224	60	286	1.11e-07	57.4
SadB_ref|WP_100812327.1|:1-423	423	k121_64932_1	N/A	28.902	39	173	1.27e-07	57.4
SadB_ref|WP_100812327.1|:1-423	423	k121_438995_2	N/A	34.940	20	83	1.91e-07	53.5
SadB_ref|WP_100812327.1|:1-423	423	k121_1612475_1	N/A	27.660	22	94	1.99e-07	53.9
SadB_ref|WP_100812327.1|:1-423	423	k121_329747_1	N/A	32.447	42	188	2.26e-07	56.2
SadB_ref|WP_100812327.1|:1-423	423	k121_1013423_1	N/A	29.130	50	230	2.35e-07	55.1
SadB_ref|WP_100812327.1|:1-423	423	k121_158531_1	N/A	35.156	27	128	4.34e-07	53.5
SadB_ref|WP_100812327.1|:1-423	423	k121_1314620_1	N/A	26.389	34	144	1.26e-06	52.8
SadB_ref|WP_100812327.1|:1-423	423	k121_440653_1	N/A	31.250	27	128	1.58e-06	52.0
SadB_ref|WP_100812327.1|:1-423	423	k121_206014_1	N/A	24.354	57	271	4.26e-06	52.4
SadB_ref|WP_100812327.1|:1-423	423	k121_572642_2	N/A	25.688	46	218	5.32e-06	52.4
SadB_ref|WP_100812327.1|:1-423	423	k121_1532326_1	N/A	32.283	27	127	8.10e-06	51.2
SadB_ref|WP_100812327.1|:1-423	423	k121_1040405_4	N/A	23.364	91	428	8.95e-06	52.0
SadB_ref|WP_100812327.1|:1-423	423	k121_22874_1	N/A	24.126	62	286	9.08e-06	51.6
SadB_ref|WP_100812327.1|:1-423	423	k121_1271194_1	N/A	25.068	79	367	1.41e-05	51.2
SadB_ref|WP_100812327.1|:1-423	423	k121_1968297_2	N/A	24.022	80	358	1.72e-05	50.8
SadB_ref|WP_100812327.1|:1-423	423	k121_260110_1	N/A	26.943	44	193	1.74e-05	50.1
SadB_ref|WP_100812327.1|:1-423	423	k121_665470_1	N/A	31.788	32	151	1.76e-05	49.3
SadB_ref|WP_100812327.1|:1-423	423	k121_31182_1	N/A	30.081	26	123	1.76e-05	48.9
SadB_ref|WP_100812327.1|:1-423	423	k121_457354_2	N/A	23.545	79	378	1.91e-05	50.8
SadB_ref|WP_100812327.1|:1-423	423	k121_2237474_1	N/A	27.551	39	196	3.24e-05	49.3
SadB_ref|WP_100812327.1|:1-423	423	k121_1095113_1	N/A	24.402	49	209	3.92e-05	48.9
SadB_ref|WP_100812327.1|:1-423	423	k121_1865152_1	N/A	32.031	27	128	4.60e-05	48.1
SadB_ref|WP_100812327.1|:1-423	423	k121_1935566_1	N/A	26.804	44	194	5.11e-05	48.9
SadB_ref|WP_100812327.1|:1-423	423	k121_1852111_2	N/A	22.353	20	85	6.14e-05	45.4
SadB_ref|WP_100812327.1|:1-423	423	k121_755353_1	N/A	31.579	25	114	8.01e-05	48.1
SadB_ref|WP_100812327.1|:1-423	423	k121_93753_2	N/A	32.787	26	122	8.15e-05	47.4
SadB_ref|WP_100812327.1|:1-423	423	k121_2568419_1	N/A	25.225	26	111	1.41e-04	46.6
SadB_ref|WP_100812327.1|:1-423	423	k121_1406687_2	N/A	27.879	36	165	1.96e-04	47.0
SadB_ref|WP_100812327.1|:1-423	423	k121_775333_1	N/A	28.182	26	110	2.00e-04	44.7
SadB_ref|WP_100812327.1|:1-423	423	k121_2158329_1	N/A	28.750	32	160	2.34e-04	45.8
SadB_ref|WP_100812327.1|:1-423	423	k121_986250_1	N/A	27.670	41	206	2.66e-04	46.2
SadB_ref|WP_100812327.1|:1-423	423	k121_417132_1	N/A	31.293	31	147	0.001	44.3
SadB_ref|WP_100812327.1|:1-423	423	k121_2171940_3	N/A	27.358	24	106	0.002	42.7
SadB_ref|WP_100812327.1|:1-423	423	k121_969145_1	N/A	26.482	57	253	0.002	43.9
SadB_ref|WP_100812327.1|:1-423	423	k121_630131_1	N/A	26.786	37	168	0.003	42.4
SadB_ref|WP_100812327.1|:1-423	423	k121_1379880_1	N/A	25.556	42	180	0.003	42.4
SadB_ref|WP_100812327.1|:1-423	423	k121_2323050_2	N/A	26.596	22	94	0.003	41.2
SadB_ref|WP_100812327.1|:1-423	423	k121_2479269_1	N/A	29.545	39	176	0.004	42.4
SadB_ref|WP_100812327.1|:1-423	423	k121_1485383_4	N/A	24.372	87	398	0.004	43.5
SadB_ref|WP_100812327.1|:1-423	423	k121_822144_1	N/A	30.275	23	109	0.005	42.0
SadB_ref|WP_100812327.1|:1-423	423	k121_1290032_6	N/A	27.344	26	128	0.005	43.1
SadB_ref|WP_100812327.1|:1-423	423	k121_1820257_3	N/A	29.688	27	128	0.006	42.7
SadB_ref|WP_100812327.1|:1-423	423	k121_933535_1	N/A	29.771	27	131	0.006	42.4
SadB_ref|WP_100812327.1|:1-423	423	k121_60199_1	N/A	25.595	37	168	0.007	42.7
SadB_ref|WP_100812327.1|:1-423	423	k121_189065_2	N/A	25.466	32	161	0.008	42.0
SadB_ref|WP_100812327.1|:1-423	423	k121_423889_1	N/A	24.490	45	196	0.011	41.2
SadB_ref|WP_100812327.1|:1-423	423	k121_280389_1	N/A	26.712	31	146	0.013	40.8
SadB_ref|WP_100812327.1|:1-423	423	k121_2376521_2	N/A	27.586	26	116	0.017	39.7
SadB_ref|WP_100812327.1|:1-423	423	k121_2264626_1	N/A	25.397	25	126	0.024	39.7
SadB_ref|WP_100812327.1|:1-423	423	k121_307557_1	N/A	25.882	58	255	0.026	40.8
SadB_ref|WP_100812327.1|:1-423	423	k121_784443_1	N/A	22.074	80	376	0.032	40.8
SadB_ref|WP_100812327.1|:1-423	423	k121_1110695_2	N/A	21.809	80	376	0.034	40.4
SadB_ref|WP_100812327.1|:1-423	423	k121_238374_2	N/A	28.395	38	162	0.036	40.4
SadB_ref|WP_100812327.1|:1-423	423	k121_1156307_1	N/A	24.667	29	150	0.045	39.7
SadB_ref|WP_100812327.1|:1-423	423	k121_2485581_1	N/A	27.049	26	122	0.052	38.5
SadB_ref|WP_100812327.1|:1-423	423	k121_2234810_1	N/A	28.667	32	150	0.052	39.3
SadB_ref|WP_100812327.1|:1-423	423	k121_2257564_4	N/A	27.907	27	129	0.054	40.0
SadB_ref|WP_100812327.1|:1-423	423	k121_1077623_4	N/A	22.011	79	368	0.060	39.7
SadB_ref|WP_100812327.1|:1-423	423	k121_749982_1	N/A	27.586	26	116	0.064	38.1
SadB_ref|WP_100812327.1|:1-423	423	k121_2169500_1	N/A	29.204	24	113	0.087	38.1
SadC_ref|WP_036299413.1|:1-194	194	k121_1494204_2	N/A	31.325	85	166	3.34e-18	81.3
SadC_ref|WP_036299413.1|:1-194	194	k121_1770513_2	N/A	32.117	70	137	1.96e-11	63.2
SadC_ref|WP_036299413.1|:1-194	194	k121_1145032_3	N/A	29.518	85	166	3.24e-11	62.8
SadC_ref|WP_036299413.1|:1-194	194	k121_981556_2	N/A	30.216	71	139	4.88e-11	62.4
SadC_ref|WP_036299413.1|:1-194	194	k121_2445957_2	N/A	28.873	73	142	2.36e-10	60.5
SadC_ref|WP_036299413.1|:1-194	194	k121_1616522_1	N/A	29.496	71	139	4.12e-10	59.7
SadC_ref|WP_036299413.1|:1-194	194	k121_623934_4	N/A	27.857	70	140	4.29e-10	59.7
SadC_ref|WP_036299413.1|:1-194	194	k121_1787147_2	N/A	32.836	69	134	1.42e-09	58.2
SadC_ref|WP_036299413.1|:1-194	194	k121_1590837_2	N/A	39.130	47	92	2.22e-09	56.2
SadC_ref|WP_036299413.1|:1-194	194	k121_837306_2	N/A	36.559	47	93	2.22e-09	57.0
SadC_ref|WP_036299413.1|:1-194	194	k121_1272725_12	N/A	32.031	65	128	2.41e-09	58.5
SadC_ref|WP_036299413.1|:1-194	194	k121_660142_1	N/A	27.481	67	131	3.55e-09	57.0
SadC_ref|WP_036299413.1|:1-194	194	k121_2599194_3	N/A	37.931	44	87	6.64e-09	57.8
SadC_ref|WP_036299413.1|:1-194	194	k121_517439_1	N/A	38.462	46	91	1.24e-08	54.3
SadC_ref|WP_036299413.1|:1-194	194	k121_204210_1	N/A	39.024	42	82	1.61e-08	55.8
SadC_ref|WP_036299413.1|:1-194	194	k121_1728176_1	N/A	40.230	44	87	1.88e-08	55.8
SadC_ref|WP_036299413.1|:1-194	194	k121_1248050_1	N/A	39.024	42	82	2.43e-08	55.8
SadC_ref|WP_036299413.1|:1-194	194	k121_1167695_1	N/A	35.484	47	93	3.21e-08	53.9
SadC_ref|WP_036299413.1|:1-194	194	k121_2321290_6	N/A	27.338	71	139	9.15e-08	53.9
SadC_ref|WP_036299413.1|:1-194	194	k121_500293_4	N/A	35.484	47	93	1.14e-07	53.1
SadC_ref|WP_036299413.1|:1-194	194	k121_1191399_2	N/A	35.106	48	94	1.20e-07	53.1
SadC_ref|WP_036299413.1|:1-194	194	k121_1339302_2	N/A	37.931	44	87	1.21e-07	53.1
SadC_ref|WP_036299413.1|:1-194	194	k121_1796972_2	N/A	34.066	46	91	1.35e-07	54.3
SadC_ref|WP_036299413.1|:1-194	194	k121_129719_1	N/A	36.134	55	119	1.61e-07	53.5
SadC_ref|WP_036299413.1|:1-194	194	k121_2333623_3	N/A	34.783	47	92	1.75e-07	52.8
SadC_ref|WP_036299413.1|:1-194	194	k121_995921_2	N/A	30.345	73	145	2.11e-07	52.4
SadC_ref|WP_036299413.1|:1-194	194	k121_1476015_1	N/A	38.462	40	78	2.18e-07	52.0
SadC_ref|WP_036299413.1|:1-194	194	k121_1969947_2	N/A	27.879	83	165	2.40e-07	52.4
SadC_ref|WP_036299413.1|:1-194	194	k121_645249_1	N/A	26.667	85	165	3.26e-07	52.0
SadC_ref|WP_036299413.1|:1-194	194	k121_439673_2	N/A	31.304	59	115	3.49e-07	52.0
SadC_ref|WP_036299413.1|:1-194	194	k121_1100298_2	N/A	35.789	46	95	5.11e-07	51.6
SadC_ref|WP_036299413.1|:1-194	194	k121_2061327_1	N/A	28.682	66	129	5.42e-07	50.8
SadC_ref|WP_036299413.1|:1-194	194	k121_1964398_1	N/A	37.500	37	72	6.40e-07	48.9
SadC_ref|WP_036299413.1|:1-194	194	k121_485763_1	N/A	25.175	73	143	9.35e-07	50.4
SadC_ref|WP_036299413.1|:1-194	194	k121_1353285_2	N/A	24.088	71	137	1.15e-06	51.6
SadC_ref|WP_036299413.1|:1-194	194	k121_2449706_1	N/A	27.329	82	161	1.64e-06	50.1
SadC_ref|WP_036299413.1|:1-194	194	k121_1378879_4	N/A	32.051	75	156	2.33e-06	49.7
SadC_ref|WP_036299413.1|:1-194	194	k121_1739401_3	N/A	32.979	48	94	2.40e-06	49.7
SadC_ref|WP_036299413.1|:1-194	194	k121_2569132_2	N/A	33.333	47	93	2.44e-06	49.7
SadC_ref|WP_036299413.1|:1-194	194	k121_2041388_2	N/A	26.875	82	160	2.64e-06	49.7
SadC_ref|WP_036299413.1|:1-194	194	k121_1218809_3	N/A	25.000	82	160	3.38e-06	48.9
SadC_ref|WP_036299413.1|:1-194	194	k121_2596321_1	N/A	37.805	42	82	3.44e-06	49.3
SadC_ref|WP_036299413.1|:1-194	194	k121_371412_1	N/A	34.091	45	88	3.95e-06	48.5
SadC_ref|WP_036299413.1|:1-194	194	k121_458984_5	N/A	32.673	51	101	4.27e-06	48.9
SadC_ref|WP_036299413.1|:1-194	194	k121_2275704_3	N/A	32.967	46	91	4.33e-06	48.9
SadC_ref|WP_036299413.1|:1-194	194	k121_2285084_3	N/A	32.967	46	91	4.52e-06	48.1
SadC_ref|WP_036299413.1|:1-194	194	k121_1599624_2	N/A	32.967	46	91	5.62e-06	49.3
SadC_ref|WP_036299413.1|:1-194	194	k121_452697_29	N/A	25.000	65	128	6.25e-06	48.5
SadC_ref|WP_036299413.1|:1-194	194	k121_125597_1	N/A	32.787	62	122	7.47e-06	48.9
SadC_ref|WP_036299413.1|:1-194	194	k121_2303779_2	N/A	23.944	73	142	9.46e-06	48.1
SadC_ref|WP_036299413.1|:1-194	194	k121_645604_1	N/A	33.735	43	83	9.94e-06	46.2
SadC_ref|WP_036299413.1|:1-194	194	k121_553728_1	N/A	37.313	35	67	1.33e-05	47.4
SadC_ref|WP_036299413.1|:1-194	194	k121_848066_2	N/A	25.185	70	135	1.69e-05	46.6
SadC_ref|WP_036299413.1|:1-194	194	k121_897474_3	N/A	28.030	66	132	1.72e-05	47.4
SadC_ref|WP_036299413.1|:1-194	194	k121_1754883_9	N/A	31.915	48	94	2.17e-05	47.0
SadC_ref|WP_036299413.1|:1-194	194	k121_555636_8	N/A	37.805	42	82	2.66e-05	46.6
SadC_ref|WP_036299413.1|:1-194	194	k121_1117857_1	N/A	33.333	44	87	2.77e-05	46.2
SadC_ref|WP_036299413.1|:1-194	194	k121_2181556_1	N/A	30.702	58	114	2.77e-05	46.6
SadC_ref|WP_036299413.1|:1-194	194	k121_1958818_1	N/A	33.696	47	92	2.85e-05	46.6
SadC_ref|WP_036299413.1|:1-194	194	k121_914030_16	N/A	38.235	35	68	2.98e-05	46.6
SadC_ref|WP_036299413.1|:1-194	194	k121_1036156_1	N/A	34.783	47	92	3.23e-05	47.0
SadC_ref|WP_036299413.1|:1-194	194	k121_1036167_1	N/A	34.783	47	92	3.27e-05	47.4
SadC_ref|WP_036299413.1|:1-194	194	k121_1447428_2	N/A	26.613	63	124	3.36e-05	45.8
SadC_ref|WP_036299413.1|:1-194	194	k121_2551709_3	N/A	26.761	73	142	4.04e-05	46.2
SadC_ref|WP_036299413.1|:1-194	194	k121_2258639_2	N/A	23.022	71	139	4.66e-05	46.2
SadC_ref|WP_036299413.1|:1-194	194	k121_1006298_1	N/A	24.242	81	165	6.57e-05	46.6
SadC_ref|WP_036299413.1|:1-194	194	k121_117866_2	N/A	35.897	40	78	7.55e-05	45.8
SadC_ref|WP_036299413.1|:1-194	194	k121_1236185_2	N/A	32.609	47	92	1.24e-04	44.7
SadC_ref|WP_036299413.1|:1-194	194	k121_608433_1	N/A	30.233	44	86	1.37e-04	44.3
SadC_ref|WP_036299413.1|:1-194	194	k121_452571_1	N/A	27.119	55	118	2.44e-04	43.5
SadC_ref|WP_036299413.1|:1-194	194	k121_232531_1	N/A	36.000	38	75	2.62e-04	43.9
SadC_ref|WP_036299413.1|:1-194	194	k121_985722_3	N/A	25.000	64	132	3.05e-04	42.7
SadC_ref|WP_036299413.1|:1-194	194	k121_773140_1	N/A	32.558	44	86	3.14e-04	43.5
SadC_ref|WP_036299413.1|:1-194	194	k121_1919937_2	N/A	28.082	74	146	3.51e-04	43.1
SadC_ref|WP_036299413.1|:1-194	194	k121_567874_1	N/A	48.980	25	49	4.87e-04	40.8
SadC_ref|WP_036299413.1|:1-194	194	k121_1811206_2	N/A	26.829	58	123	5.95e-04	42.4
SadC_ref|WP_036299413.1|:1-194	194	k121_198464_5	N/A	34.615	40	78	6.13e-04	42.7
SadC_ref|WP_036299413.1|:1-194	194	k121_1473698_1	N/A	27.966	60	118	6.29e-04	43.1
SadC_ref|WP_036299413.1|:1-194	194	k121_1067031_1	N/A	26.761	73	142	7.60e-04	42.0
SadC_ref|WP_036299413.1|:1-194	194	k121_1530099_1	N/A	31.579	39	76	0.001	42.4
SadC_ref|WP_036299413.1|:1-194	194	k121_2065902_4	N/A	35.065	39	77	0.001	42.0
SadC_ref|WP_036299413.1|:1-194	194	k121_2260306_2	N/A	46.809	24	47	0.001	39.7
SadC_ref|WP_036299413.1|:1-194	194	k121_1082834_2	N/A	27.174	47	92	0.003	40.8
SadC_ref|WP_036299413.1|:1-194	194	k121_564345_1	N/A	26.364	55	110	0.005	39.7
SadC_ref|WP_036299413.1|:1-194	194	k121_1033039_4	N/A	32.468	39	77	0.005	39.7
SadC_ref|WP_036299413.1|:1-194	194	k121_1215172_2	N/A	26.163	86	172	0.005	40.0
SadC_ref|WP_036299413.1|:1-194	194	k121_2581427_2	N/A	27.273	45	88	0.007	39.7
SadC_ref|WP_036299413.1|:1-194	194	k121_308684_1	N/A	25.625	82	160	0.010	39.3
SadC_ref|WP_036299413.1|:1-194	194	k121_138902_1	N/A	24.167	62	120	0.016	38.9
SadC_ref|WP_036299413.1|:1-194	194	k121_337805_2	N/A	27.419	63	124	0.018	38.1
SadC_ref|WP_036299413.1|:1-194	194	k121_1612289_2	N/A	26.667	46	90	0.018	37.7
SadC_ref|WP_036299413.1|:1-194	194	k121_1133200_1	N/A	51.282	20	39	0.020	38.5
SadC_ref|WP_036299413.1|:1-194	194	k121_1342054_2	N/A	28.049	42	82	0.021	37.4
SadC_ref|WP_036299413.1|:1-194	194	k121_2444974_1	N/A	22.086	82	163	0.022	38.5
SadC_ref|WP_036299413.1|:1-194	194	k121_641524_2	N/A	23.853	56	109	0.050	36.6
SadC_ref|WP_036299413.1|:1-194	194	k121_2347900_1	N/A	34.694	25	49	0.061	35.4
SadC_ref|WP_036299413.1|:1-194	194	k121_976243_2	N/A	31.579	39	76	0.066	37.0
SadC_ref|WP_036299413.1|:1-194	194	k121_228666_1	N/A	23.894	57	113	0.089	36.2
WP_000259031.1	279	k121_312693_1	N/A	100.000	77	215	7.34e-153	428
WP_000259031.1	279	k121_8534_8	N/A	39.592	88	245	1.29e-41	148
WP_000259031.1	279	k121_956926_2	N/A	38.372	91	258	3.48e-38	139
WP_000259031.1	279	k121_95024_4	N/A	33.878	88	245	3.47e-36	133
WP_000259031.1	279	k121_553045_1	N/A	36.194	95	268	7.71e-36	133
WP_000259031.1	279	k121_802913_7	N/A	36.585	88	246	5.37e-33	125
WP_000259031.1	279	k121_1244229_2	N/A	36.111	88	252	1.22e-32	124
WP_000259031.1	279	k121_449083_3	N/A	32.443	93	262	5.38e-31	120
WP_000259031.1	279	k121_1835059_4	N/A	29.889	96	271	4.75e-28	112
WP_000259031.1	279	k121_2592101_1	N/A	36.000	88	250	6.29e-28	113
WP_000259031.1	279	k121_899832_1	N/A	33.333	94	267	8.00e-28	113
WP_000259031.1	279	k121_1159090_1	N/A	28.897	93	263	1.67e-27	111
WP_000259031.1	279	k121_1932854_2	N/A	31.325	88	249	2.27e-27	110
WP_000259031.1	279	k121_841374_2	N/A	32.700	91	263	4.43e-27	109
WP_000259031.1	279	k121_1018558_3	N/A	36.697	78	218	5.54e-27	109
WP_000259031.1	279	k121_178072_6	N/A	31.783	91	258	1.11e-26	109
WP_000259031.1	279	k121_1509859_2	N/A	31.364	78	220	1.55e-26	107
WP_000259031.1	279	k121_2263858_2	N/A	33.929	80	224	2.38e-26	107
WP_000259031.1	279	k121_101186_12	N/A	32.171	91	258	2.50e-26	108
WP_000259031.1	279	k121_1159096_1	N/A	28.517	93	263	2.52e-26	107
WP_000259031.1	279	k121_990549_1	N/A	36.652	78	221	2.62e-26	107
WP_000259031.1	279	k121_200486_2	N/A	29.699	94	266	3.72e-26	107
WP_000259031.1	279	k121_293056_1	N/A	31.439	93	264	4.19e-26	108
WP_000259031.1	279	k121_1477293_1	N/A	36.994	61	173	6.59e-26	104
WP_000259031.1	279	k121_1316857_1	N/A	34.553	88	246	2.16e-25	105
WP_000259031.1	279	k121_1414306_1	N/A	34.328	70	201	3.34e-25	103
WP_000259031.1	279	k121_1562781_2	N/A	33.871	88	248	4.47e-25	104
WP_000259031.1	279	k121_1561068_2	N/A	30.303	93	264	4.88e-25	105
WP_000259031.1	279	k121_1163746_1	N/A	29.944	62	177	6.39e-25	102
WP_000259031.1	279	k121_451509_1	N/A	33.465	88	254	6.93e-25	105
WP_000259031.1	279	k121_773743_2	N/A	32.400	88	250	1.21e-24	103
WP_000259031.1	279	k121_1682215_2	N/A	28.904	95	301	2.41e-24	103
WP_000259031.1	279	k121_1338187_1	N/A	30.827	93	266	5.10e-24	102
WP_000259031.1	279	k121_2236180_2	N/A	31.698	93	265	1.17e-23	100
WP_000259031.1	279	k121_2098944_2	N/A	34.400	89	250	1.22e-23	100
WP_000259031.1	279	k121_2498096_2	N/A	28.897	89	263	1.56e-23	100
WP_000259031.1	279	k121_371408_1	N/A	33.945	78	218	6.55e-23	98.6
WP_000259031.1	279	k121_742193_2	N/A	30.924	84	249	1.28e-22	98.2
WP_000259031.1	279	k121_2301735_4	N/A	31.923	91	260	3.16e-22	97.8
WP_000259031.1	279	k121_810539_1	N/A	28.497	69	193	3.84e-22	95.1
WP_000259031.1	279	k121_1414290_1	N/A	34.579	76	214	3.86e-22	95.1
WP_000259031.1	279	k121_2331500_1	N/A	30.841	76	214	5.20e-22	95.1
WP_000259031.1	279	k121_455300_1	N/A	40.800	44	125	3.33e-21	91.3
WP_000259031.1	279	k121_2279106_1	N/A	36.413	63	184	3.91e-21	92.0
WP_000259031.1	279	k121_776364_2	N/A	32.000	88	250	5.45e-21	93.6
WP_000259031.1	279	k121_23148_2	N/A	29.231	88	260	6.76e-21	93.6
WP_000259031.1	279	k121_1600085_2	N/A	29.577	75	213	1.48e-20	91.3
WP_000259031.1	279	k121_2416770_2	N/A	32.114	88	246	1.56e-20	92.4
WP_000259031.1	279	k121_1089974_1	N/A	36.313	63	179	1.68e-20	90.5
WP_000259031.1	279	k121_2024998_1	N/A	31.628	76	215	1.77e-20	91.7
WP_000259031.1	279	k121_2566044_2	N/A	30.137	77	219	3.01e-20	90.5
WP_000259031.1	279	k121_900734_1	N/A	31.122	70	196	4.17e-20	89.4
WP_000259031.1	279	k121_566720_1	N/A	28.977	63	176	7.29e-20	89.0
WP_000259031.1	279	k121_2484462_1	N/A	31.797	76	217	1.22e-19	89.0
WP_000259031.1	279	k121_2044242_1	N/A	26.104	88	249	1.69e-19	89.4
WP_000259031.1	279	k121_513033_1	N/A	35.955	62	178	3.16e-19	86.3
WP_000259031.1	279	k121_1852477_1	N/A	31.148	65	183	3.42e-19	86.7
WP_000259031.1	279	k121_1380909_1	N/A	30.093	76	216	4.65e-19	87.0
WP_000259031.1	279	k121_1269420_1	N/A	37.681	74	207	8.37e-19	86.3
WP_000259031.1	279	k121_966344_1	N/A	31.193	76	218	1.02e-18	86.7
WP_000259031.1	279	k121_47671_1	N/A	33.333	67	189	1.95e-18	84.3
WP_000259031.1	279	k121_2441256_1	N/A	29.379	63	177	4.51e-18	83.6
WP_000259031.1	279	k121_2290326_1	N/A	34.351	91	262	9.02e-18	86.3
WP_000259031.1	279	k121_2504782_3	N/A	33.810	68	210	1.29e-17	83.2
WP_000259031.1	279	k121_439315_2	N/A	26.761	96	284	1.55e-17	84.3
WP_000259031.1	279	k121_2291851_2	N/A	36.000	61	175	1.85e-17	82.4
WP_000259031.1	279	k121_2128896_1	N/A	34.254	63	181	1.91e-17	81.6
WP_000259031.1	279	k121_1916302_1	N/A	28.000	70	200	6.24e-17	80.9
WP_000259031.1	279	k121_1230834_1	N/A	30.469	87	256	6.31e-17	82.0
WP_000259031.1	279	k121_1263219_3	N/A	24.324	92	259	1.08e-16	81.6
WP_000259031.1	279	k121_659115_2	N/A	27.556	76	225	3.21e-16	79.3
WP_000259031.1	279	k121_1167565_2	N/A	28.761	78	226	4.40e-16	79.3
WP_000259031.1	279	k121_115689_4	N/A	33.939	58	165	4.65e-16	77.8
WP_000259031.1	279	k121_1997781_1	N/A	29.018	78	224	7.42e-16	78.2
WP_000259031.1	279	k121_560695_1	N/A	33.728	59	169	8.24e-16	77.4
WP_000259031.1	279	k121_2527326_1	N/A	29.252	52	147	1.33e-15	76.6
WP_000259031.1	279	k121_872035_1	N/A	35.484	44	124	1.95e-15	75.5
WP_000259031.1	279	k121_1376467_1	N/A	37.500	37	104	2.12e-15	74.7
WP_000259031.1	279	k121_2164066_1	N/A	33.871	44	124	2.31e-15	75.5
WP_000259031.1	279	k121_1583835_1	N/A	29.070	61	172	2.38e-15	76.3
WP_000259031.1	279	k121_206887_2	N/A	36.800	45	125	2.56e-15	74.7
WP_000259031.1	279	k121_1628724_1	N/A	32.800	44	125	2.63e-15	75.5
WP_000259031.1	279	k121_1808718_1	N/A	29.348	65	184	5.19e-15	75.5
WP_000259031.1	279	k121_2160964_1	N/A	31.544	49	149	8.17e-15	75.1
WP_000259031.1	279	k121_655340_1	N/A	35.754	63	179	1.15e-14	75.9
WP_000259031.1	279	k121_2305082_1	N/A	32.000	78	225	1.24e-14	77.4
WP_000259031.1	279	k121_1702816_2	N/A	32.955	61	176	1.82e-14	74.7
WP_000259031.1	279	k121_2087619_2	N/A	30.319	66	188	2.01e-14	73.6
WP_000259031.1	279	k121_780655_2	N/A	35.156	44	128	2.47e-14	73.6
WP_000259031.1	279	k121_2379638_3	N/A	36.449	38	107	2.90e-14	71.6
WP_000259031.1	279	k121_1537192_2	N/A	31.390	74	223	3.74e-14	73.9
WP_000259031.1	279	k121_2574145_2	N/A	31.364	76	220	3.94e-14	73.6
WP_000259031.1	279	k121_447328_1	N/A	28.807	86	243	4.54e-14	73.9
WP_000259031.1	279	k121_1325186_1	N/A	35.878	47	131	5.64e-14	72.0
WP_000259031.1	279	k121_1307022_2	N/A	27.624	58	181	8.48e-14	72.0
WP_000259031.1	279	k121_625991_1	N/A	40.476	30	84	1.11e-13	68.9
WP_000259031.1	279	k121_95309_1	N/A	31.553	67	206	1.13e-13	72.0
WP_000259031.1	279	k121_2577926_1	N/A	29.255	63	188	2.00e-13	70.9
WP_000259031.1	279	k121_552184_1	N/A	34.375	44	128	2.11e-13	70.9
WP_000259031.1	279	k121_810493_1	N/A	34.677	44	124	2.11e-13	70.5
WP_000259031.1	279	k121_923737_1	N/A	34.031	67	191	2.13e-13	71.2
WP_000259031.1	279	k121_585296_1	N/A	34.104	61	173	3.78e-13	70.1
WP_000259031.1	279	k121_1379707_1	N/A	36.290	44	124	3.99e-13	69.3
WP_000259031.1	279	k121_1371857_1	N/A	27.647	61	170	4.10e-13	70.5
WP_000259031.1	279	k121_978026_2	N/A	26.961	66	204	6.33e-13	70.1
WP_000259031.1	279	k121_1331728_1	N/A	36.000	44	125	7.01e-13	68.6
WP_000259031.1	279	k121_2065808_1	N/A	30.645	44	124	1.38e-12	68.2
WP_000259031.1	279	k121_547336_2	N/A	31.776	38	107	2.17e-12	66.6
WP_000259031.1	279	k121_593526_2	N/A	35.484	44	124	2.32e-12	67.0
WP_000259031.1	279	k121_917127_2	N/A	34.906	38	106	2.52e-12	66.2
WP_000259031.1	279	k121_917528_1	N/A	33.582	48	134	2.74e-12	67.0
WP_000259031.1	279	k121_284767_1	N/A	29.843	65	191	2.82e-12	67.8
WP_000259031.1	279	k121_2045400_1	N/A	29.612	69	206	3.34e-12	67.8
WP_000259031.1	279	k121_1420546_1	N/A	25.194	88	258	3.60e-12	69.3
WP_000259031.1	279	k121_116094_1	N/A	36.000	44	125	6.37e-12	66.2
WP_000259031.1	279	k121_2240539_1	N/A	34.677	43	124	6.89e-12	65.5
WP_000259031.1	279	k121_530417_2	N/A	43.925	38	107	7.08e-12	65.5
WP_000259031.1	279	k121_447942_1	N/A	37.624	36	101	1.28e-11	66.2
WP_000259031.1	279	k121_141707_2	N/A	44.348	41	115	3.00e-11	63.9
WP_000259031.1	279	k121_539687_1	N/A	29.121	63	182	3.89e-11	64.3
WP_000259031.1	279	k121_1116366_2	N/A	33.588	47	131	4.87e-11	63.5
WP_000259031.1	279	k121_1259893_1	N/A	27.778	44	126	5.42e-11	63.2
WP_000259031.1	279	k121_1050541_1	N/A	33.537	58	164	5.59e-11	63.9
WP_000259031.1	279	k121_2142935_2	N/A	32.298	56	161	9.95e-11	62.8
WP_000259031.1	279	k121_2183587_3	N/A	31.818	46	132	1.01e-10	62.4
WP_000259031.1	279	k121_675847_1	N/A	32.168	51	143	1.13e-10	63.5
WP_000259031.1	279	k121_2476103_2	N/A	27.200	44	125	1.22e-10	62.0
WP_000259031.1	279	k121_2291089_2	N/A	39.535	46	129	2.20e-10	61.6
WP_000259031.1	279	k121_1041806_2	N/A	43.396	38	106	2.38e-10	61.6
WP_000259031.1	279	k121_262412_1	N/A	40.244	29	82	2.42e-10	59.7
WP_000259031.1	279	k121_1136179_1	N/A	30.973	41	113	2.46e-10	61.2
WP_000259031.1	279	k121_1190215_1	N/A	38.636	47	132	3.02e-10	61.2
WP_000259031.1	279	k121_833232_1	N/A	30.370	48	135	4.33e-10	60.8
WP_000259031.1	279	k121_1826683_1	N/A	29.921	46	127	4.36e-10	60.8
WP_000259031.1	279	k121_264035_1	N/A	31.061	47	132	7.93e-10	60.8
WP_000259031.1	279	k121_1199704_1	N/A	33.333	35	99	1.01e-09	58.9
WP_000259031.1	279	k121_832725_2	N/A	27.273	54	165	1.90e-09	59.7
WP_000259031.1	279	k121_560576_1	N/A	30.556	51	144	2.62e-09	58.9
WP_000259031.1	279	k121_1438875_1	N/A	37.500	34	96	3.34e-09	58.2
WP_000259031.1	279	k121_437997_1	N/A	29.474	66	190	3.35e-09	59.3
WP_000259031.1	279	k121_1110630_1	N/A	32.381	38	105	4.36e-09	57.8
WP_000259031.1	279	k121_335403_1	N/A	30.588	59	170	4.37e-09	58.9
WP_000259031.1	279	k121_2545988_2	N/A	38.806	24	67	5.71e-09	56.2
WP_000259031.1	279	k121_460667_1	N/A	29.545	61	176	6.51e-09	58.2
WP_000259031.1	279	k121_2165806_1	N/A	34.454	41	119	6.79e-09	57.8
WP_000259031.1	279	k121_97857_1	N/A	38.000	52	150	7.10e-09	57.8
WP_000259031.1	279	k121_1546310_1	N/A	27.119	60	177	8.45e-09	58.2
WP_000259031.1	279	k121_451196_1	N/A	35.185	38	108	1.27e-08	56.2
WP_000259031.1	279	k121_2163818_3	N/A	35.849	38	106	2.71e-08	55.5
WP_000259031.1	279	k121_1389646_1	N/A	46.377	25	69	2.94e-08	55.1
WP_000259031.1	279	k121_483977_1	N/A	38.272	29	81	3.61e-08	55.5
WP_000259031.1	279	k121_2187225_1	N/A	31.304	41	115	4.02e-08	55.5
WP_000259031.1	279	k121_1386588_1	N/A	30.909	39	110	5.88e-08	53.9
WP_000259031.1	279	k121_770592_1	N/A	44.776	24	67	6.91e-08	53.1
WP_000259031.1	279	k121_2457456_2	N/A	33.065	42	124	7.36e-08	54.7
WP_000259031.1	279	k121_30049_1	N/A	40.000	29	80	8.51e-08	53.9
WP_000259031.1	279	k121_841020_1	N/A	43.478	24	69	1.03e-07	54.7
WP_000259031.1	279	k121_1582384_1	N/A	34.579	38	107	1.10e-07	54.7
WP_000259031.1	279	k121_1690210_1	N/A	35.294	28	85	1.12e-07	55.8
WP_000259031.1	279	k121_2251469_1	N/A	33.333	28	78	1.13e-07	52.8
WP_000259031.1	279	k121_1818945_1	N/A	27.692	44	130	1.19e-07	54.3
WP_000259031.1	279	k121_2567211_1	N/A	41.892	27	74	1.28e-07	53.5
WP_000259031.1	279	k121_1506799_2	N/A	30.000	39	110	1.30e-07	53.5
WP_000259031.1	279	k121_1381630_1	N/A	23.464	58	179	1.76e-07	53.9
WP_000259031.1	279	k121_770915_1	N/A	38.095	37	105	4.28e-07	52.8
WP_000259031.1	279	k121_1198572_1	N/A	33.333	29	84	5.71e-07	50.8
WP_000259031.1	279	k121_773448_2	N/A	36.364	24	66	1.05e-06	49.7
WP_000259031.1	279	k121_1963660_1	N/A	30.814	59	172	1.32e-06	52.0
WP_000259031.1	279	k121_1371253_2	N/A	30.000	32	90	2.09e-06	49.3
WP_000259031.1	279	k121_605063_2	N/A	37.662	28	77	2.37e-06	50.1
WP_000259031.1	279	k121_2058117_1	N/A	30.841	38	107	2.49e-06	50.1
WP_000259031.1	279	k121_535547_1	N/A	31.776	38	107	2.92e-06	50.1
WP_000259031.1	279	k121_547997_1	N/A	32.710	38	107	3.20e-06	50.1
WP_000259031.1	279	k121_2111770_1	N/A	37.209	30	86	3.69e-06	48.5
WP_000259031.1	279	k121_1606875_2	N/A	23.858	64	197	6.07e-06	50.1
WP_000259031.1	279	k121_2518685_1	N/A	29.655	51	145	6.21e-06	50.1
WP_000259031.1	279	k121_1616064_1	N/A	43.902	29	82	8.44e-06	47.4
WP_000259031.1	279	k121_2583893_2	N/A	38.333	22	60	8.47e-06	47.0
WP_000259031.1	279	k121_1253396_1	N/A	27.679	40	112	8.48e-06	48.1
WP_000259031.1	279	k121_1990105_1	N/A	28.049	56	164	2.35e-05	47.8
WP_000259031.1	279	k121_2351544_1	N/A	31.633	35	98	5.15e-05	46.2
WP_000259031.1	279	k121_556890_2	N/A	32.215	53	149	6.88e-05	46.6
WP_000259031.1	279	k121_85296_2	N/A	31.183	33	93	9.53e-05	44.7
WP_000259031.1	279	k121_1606875_1	N/A	32.000	27	75	1.05e-04	47.0
WP_000259031.1	279	k121_2144583_1	N/A	27.119	38	118	1.19e-04	45.1
WP_000259031.1	279	k121_256936_2	N/A	39.175	34	97	1.23e-04	45.1
WP_000259031.1	279	k121_1140224_1	N/A	39.583	34	96	1.27e-04	45.4
WP_000259031.1	279	k121_954631_1	N/A	33.974	53	156	1.50e-04	45.8
WP_000259031.1	279	k121_891797_3	N/A	35.632	29	87	1.51e-04	43.5
WP_000259031.1	279	k121_773302_1	N/A	34.848	24	66	2.17e-04	43.1
WP_000259031.1	279	k121_1571554_2	N/A	25.170	49	147	2.23e-04	45.4
WP_000259031.1	279	k121_684797_1	N/A	34.722	26	72	2.41e-04	43.1
WP_000259031.1	279	k121_724197_2	N/A	33.333	36	108	2.45e-04	43.5
WP_000259031.1	279	k121_1197859_2	N/A	31.959	35	97	3.39e-04	43.1
WP_000259031.1	279	k121_854080_3	N/A	33.766	27	77	4.89e-04	45.4
WP_000259031.1	279	k121_1877454_2	N/A	38.028	25	71	6.89e-04	43.1
WP_000259031.1	279	k121_187518_1	N/A	35.366	29	82	8.73e-04	43.1
WP_000259031.1	279	k121_42875_1	N/A	45.000	21	60	0.001	42.0
WP_000259031.1	279	k121_543557_2	N/A	39.474	24	76	0.002	40.8
WP_000259031.1	279	k121_269145_1	N/A	32.381	37	105	0.002	42.7
WP_000259031.1	279	k121_770592_2	N/A	24.832	52	149	0.002	42.0
WP_000259031.1	279	k121_2598212_2	N/A	28.788	24	66	0.003	40.4
WP_000259031.1	279	k121_1571554_1	N/A	30.380	28	79	0.003	42.7
WP_000259031.1	279	k121_2251196_1	N/A	35.484	22	62	0.005	39.3
WP_000259031.1	279	k121_2334863_2	N/A	37.037	29	81	0.006	41.2
WP_000259031.1	279	k121_1040657_1	N/A	40.000	23	65	0.011	40.0
WP_000259031.1	279	k121_194477_2	N/A	30.108	32	93	0.018	38.1
WP_000259031.1	279	k121_70300_2	N/A	39.655	21	58	0.028	36.6
WP_000259031.1	279	k121_1861897_1	N/A	31.624	39	117	0.032	38.5
WP_000259031.1	279	k121_1899510_1	N/A	33.333	23	66	0.046	38.1
WP_000259031.1	279	k121_59194_1	N/A	33.803	25	71	0.066	37.0
WP_001043260.1	271	k121_312693_1	N/A	54.922	70	193	1.26e-60	194
WP_001043260.1	271	k121_802913_7	N/A	41.699	95	259	7.26e-49	166
WP_001043260.1	271	k121_95024_4	N/A	36.782	96	261	5.34e-48	164
WP_001043260.1	271	k121_956926_2	N/A	40.076	96	262	9.77e-47	161
WP_001043260.1	271	k121_553045_1	N/A	35.249	96	261	1.73e-46	160
WP_001043260.1	271	k121_841374_2	N/A	38.290	96	269	1.66e-44	155
WP_001043260.1	271	k121_773743_2	N/A	35.094	97	265	1.10e-41	147
WP_001043260.1	271	k121_8534_8	N/A	36.047	95	258	1.37e-41	147
WP_001043260.1	271	k121_1244229_2	N/A	37.597	95	258	3.52e-41	146
WP_001043260.1	271	k121_23148_2	N/A	32.364	96	275	1.42e-40	145
WP_001043260.1	271	k121_1018558_3	N/A	40.698	95	258	2.24e-40	144
WP_001043260.1	271	k121_2416770_2	N/A	37.838	95	259	4.94e-40	144
WP_001043260.1	271	k121_2263858_2	N/A	40.541	95	259	4.55e-39	141
WP_001043260.1	271	k121_2098944_2	N/A	37.405	96	262	6.67e-38	138
WP_001043260.1	271	k121_371408_1	N/A	36.398	96	261	9.96e-38	137
WP_001043260.1	271	k121_101186_12	N/A	35.385	95	260	2.80e-37	137
WP_001043260.1	271	k121_742193_2	N/A	33.740	90	246	2.81e-37	136
WP_001043260.1	271	k121_178072_6	N/A	33.205	95	259	4.37e-37	136
WP_001043260.1	271	k121_899832_1	N/A	32.576	96	264	1.00e-36	136
WP_001043260.1	271	k121_776364_2	N/A	35.115	94	262	1.34e-36	134
WP_001043260.1	271	k121_1600085_2	N/A	36.058	77	208	2.84e-36	132
WP_001043260.1	271	k121_810539_1	N/A	36.458	70	192	4.44e-36	131
WP_001043260.1	271	k121_2301735_4	N/A	38.971	96	272	5.95e-36	134
WP_001043260.1	271	k121_449083_3	N/A	36.842	96	266	9.53e-36	132
WP_001043260.1	271	k121_1835059_4	N/A	30.916	96	262	1.35e-35	132
WP_001043260.1	271	k121_1316857_1	N/A	37.786	95	262	1.09e-34	130
WP_001043260.1	271	k121_1932854_2	N/A	34.783	92	253	1.51e-34	129
WP_001043260.1	271	k121_1380909_1	N/A	36.792	77	212	3.22e-34	127
WP_001043260.1	271	k121_990549_1	N/A	37.500	82	224	3.83e-34	127
WP_001043260.1	271	k121_1682215_2	N/A	31.353	96	303	5.50e-34	128
WP_001043260.1	271	k121_2498096_2	N/A	31.660	90	259	6.38e-34	127
WP_001043260.1	271	k121_2441256_1	N/A	39.080	64	174	8.86e-34	124
WP_001043260.1	271	k121_1338187_1	N/A	34.701	96	268	3.38e-33	127
WP_001043260.1	271	k121_1089974_1	N/A	43.182	64	176	3.60e-33	123
WP_001043260.1	271	k121_439315_2	N/A	31.752	96	274	3.78e-33	125
WP_001043260.1	271	k121_2236180_2	N/A	35.968	90	253	7.24e-33	125
WP_001043260.1	271	k121_1509859_2	N/A	35.321	80	218	2.88e-32	122
WP_001043260.1	271	k121_1163746_1	N/A	33.679	71	193	3.13e-32	120
WP_001043260.1	271	k121_2331500_1	N/A	34.286	77	210	1.10e-31	120
WP_001043260.1	271	k121_2592101_1	N/A	34.241	94	257	5.42e-31	121
WP_001043260.1	271	k121_2024998_1	N/A	33.945	80	218	1.07e-30	118
WP_001043260.1	271	k121_2044242_1	N/A	29.885	96	261	1.90e-30	118
WP_001043260.1	271	k121_1414306_1	N/A	37.688	71	199	2.91e-30	115
WP_001043260.1	271	k121_513033_1	N/A	41.143	63	175	3.85e-30	114
WP_001043260.1	271	k121_2160964_1	N/A	40.237	62	169	4.65e-30	115
WP_001043260.1	271	k121_1159096_1	N/A	30.400	91	250	7.22e-30	117
WP_001043260.1	271	k121_1562781_2	N/A	33.083	97	266	1.13e-29	116
WP_001043260.1	271	k121_1159090_1	N/A	29.278	96	263	1.30e-29	116
WP_001043260.1	271	k121_566720_1	N/A	35.632	64	174	2.70e-29	113
WP_001043260.1	271	k121_1852477_1	N/A	36.702	69	188	4.89e-29	112
WP_001043260.1	271	k121_1477293_1	N/A	36.264	66	182	8.18e-29	111
WP_001043260.1	271	k121_2279106_1	N/A	37.931	64	174	1.48e-28	111
WP_001043260.1	271	k121_1307022_2	N/A	34.831	59	178	1.63e-27	108
WP_001043260.1	271	k121_293056_1	N/A	29.588	97	267	1.85e-27	112
WP_001043260.1	271	k121_1561068_2	N/A	29.213	97	267	3.78e-27	111
WP_001043260.1	271	k121_2484462_1	N/A	36.207	64	174	6.50e-27	108
WP_001043260.1	271	k121_659115_2	N/A	33.333	77	222	9.89e-27	107
WP_001043260.1	271	k121_47671_1	N/A	37.430	66	179	1.42e-26	105
WP_001043260.1	271	k121_1537192_2	N/A	35.266	71	207	3.00e-26	106
WP_001043260.1	271	k121_1379707_1	N/A	41.096	54	146	3.36e-26	103
WP_001043260.1	271	k121_780655_2	N/A	42.963	48	135	1.11e-25	103
WP_001043260.1	271	k121_115689_4	N/A	40.741	59	162	1.25e-25	102
WP_001043260.1	271	k121_655340_1	N/A	38.506	64	174	1.91e-25	105
WP_001043260.1	271	k121_966344_1	N/A	31.304	84	230	2.17e-25	104
WP_001043260.1	271	k121_200486_2	N/A	28.063	91	253	7.78e-25	103
WP_001043260.1	271	k121_552184_1	N/A	42.222	48	135	8.67e-25	101
WP_001043260.1	271	k121_917127_2	N/A	45.192	38	104	2.81e-24	97.8
WP_001043260.1	271	k121_1376467_1	N/A	46.667	38	105	4.32e-24	97.4
WP_001043260.1	271	k121_1583835_1	N/A	32.143	62	168	6.97e-24	98.6
WP_001043260.1	271	k121_2566044_2	N/A	31.839	80	223	7.46e-24	100
WP_001043260.1	271	k121_284767_1	N/A	35.714	62	168	8.11e-24	98.6
WP_001043260.1	271	k121_1414290_1	N/A	35.349	76	215	8.92e-24	99.4
WP_001043260.1	271	k121_900734_1	N/A	32.990	71	194	1.21e-23	98.6
WP_001043260.1	271	k121_451509_1	N/A	29.323	97	266	8.02e-23	99.4
WP_001043260.1	271	k121_455300_1	N/A	39.394	48	132	2.76e-22	94.0
WP_001043260.1	271	k121_810493_1	N/A	41.270	46	126	2.79e-22	94.0
WP_001043260.1	271	k121_2290326_1	N/A	33.942	98	274	8.80e-22	97.1
WP_001043260.1	271	k121_1167565_2	N/A	32.489	82	237	1.30e-21	94.0
WP_001043260.1	271	k121_832725_2	N/A	30.573	57	157	1.34e-21	92.8
WP_001043260.1	271	k121_547336_2	N/A	40.777	38	103	1.57e-21	91.3
WP_001043260.1	271	k121_2164066_1	N/A	34.328	49	134	2.55e-21	91.3
WP_001043260.1	271	k121_264035_1	N/A	37.975	57	158	3.61e-21	91.3
WP_001043260.1	271	k121_1199704_1	N/A	46.465	37	99	8.17e-21	88.6
WP_001043260.1	271	k121_1269420_1	N/A	35.294	80	221	1.71e-20	90.9
WP_001043260.1	271	k121_2305082_1	N/A	32.636	83	239	2.51e-20	93.6
WP_001043260.1	271	k121_872035_1	N/A	43.269	38	104	2.74e-20	88.2
WP_001043260.1	271	k121_2504782_3	N/A	30.000	75	220	3.41e-20	90.1
WP_001043260.1	271	k121_2527326_1	N/A	29.268	60	164	8.56e-20	87.8
WP_001043260.1	271	k121_2065808_1	N/A	32.031	47	128	9.00e-20	87.4
WP_001043260.1	271	k121_1325186_1	N/A	37.158	65	183	2.34e-19	86.7
WP_001043260.1	271	k121_1420546_1	N/A	29.084	91	251	2.76e-19	89.0
WP_001043260.1	271	k121_1916302_1	N/A	30.726	64	179	4.05e-19	86.7
WP_001043260.1	271	k121_1263219_3	N/A	26.515	96	264	4.39e-19	88.2
WP_001043260.1	271	k121_1818945_1	N/A	36.765	48	136	4.82e-19	85.1
WP_001043260.1	271	k121_770915_1	N/A	47.619	38	105	5.21e-19	85.5
WP_001043260.1	271	k121_2476103_2	N/A	36.508	46	126	5.70e-19	84.3
WP_001043260.1	271	k121_335403_1	N/A	39.286	61	168	6.10e-19	85.9
WP_001043260.1	271	k121_447328_1	N/A	31.092	87	238	7.26e-19	87.0
WP_001043260.1	271	k121_2577926_1	N/A	33.155	64	187	7.27e-19	85.5
WP_001043260.1	271	k121_1136179_1	N/A	41.748	38	103	1.38e-18	83.2
WP_001043260.1	271	k121_2379638_3	N/A	43.269	38	104	3.12e-18	82.0
WP_001043260.1	271	k121_2087619_2	N/A	30.601	67	183	3.36e-18	83.6
WP_001043260.1	271	k121_262412_1	N/A	51.163	32	86	3.61e-18	80.9
WP_001043260.1	271	k121_116094_1	N/A	39.683	45	126	3.83e-18	82.8
WP_001043260.1	271	k121_1110630_1	N/A	40.196	38	102	3.87e-18	82.0
WP_001043260.1	271	k121_1230834_1	N/A	32.283	88	254	5.60e-18	84.7
WP_001043260.1	271	k121_1331728_1	N/A	37.302	46	126	6.88e-18	81.6
WP_001043260.1	271	k121_1116366_2	N/A	39.855	51	138	7.26e-18	82.0
WP_001043260.1	271	k121_1050541_1	N/A	37.267	59	161	8.77e-18	82.4
WP_001043260.1	271	k121_923737_1	N/A	33.171	74	205	1.12e-17	82.8
WP_001043260.1	271	k121_2574145_2	N/A	33.333	78	222	2.49e-17	82.4
WP_001043260.1	271	k121_2165806_1	N/A	35.664	52	143	5.46e-17	79.7
WP_001043260.1	271	k121_773302_1	N/A	50.746	25	67	5.47e-17	77.4
WP_001043260.1	271	k121_1628724_1	N/A	36.220	46	127	9.29e-17	79.0
WP_001043260.1	271	k121_447942_1	N/A	40.594	37	101	1.07e-16	80.1
WP_001043260.1	271	k121_978026_2	N/A	29.670	67	182	1.16e-16	80.5
WP_001043260.1	271	k121_1371857_1	N/A	27.317	76	205	1.27e-16	79.7
WP_001043260.1	271	k121_2128896_1	N/A	31.638	64	177	1.97e-16	79.0
WP_001043260.1	271	k121_187518_1	N/A	48.810	30	84	2.02e-16	78.2
WP_001043260.1	271	k121_460667_1	N/A	33.333	63	174	2.92e-16	78.2
WP_001043260.1	271	k121_1371253_2	N/A	39.759	31	83	9.60e-16	75.1
WP_001043260.1	271	k121_2045400_1	N/A	30.526	70	190	1.06e-15	77.4
WP_001043260.1	271	k121_1808718_1	N/A	27.419	68	186	1.20e-15	77.0
WP_001043260.1	271	k121_1438875_1	N/A	41.600	46	125	1.28e-15	75.5
WP_001043260.1	271	k121_625991_1	N/A	41.573	32	89	1.83e-15	73.6
WP_001043260.1	271	k121_2518685_1	N/A	33.862	69	189	2.46e-15	76.3
WP_001043260.1	271	k121_891797_3	N/A	48.235	31	85	3.52e-15	72.8
WP_001043260.1	271	k121_95309_1	N/A	31.841	69	201	7.97e-15	75.1
WP_001043260.1	271	k121_1877454_2	N/A	51.429	26	70	9.50e-15	73.2
WP_001043260.1	271	k121_1259893_1	N/A	29.921	45	127	9.58e-15	73.6
WP_001043260.1	271	k121_585296_1	N/A	30.435	67	184	1.04e-14	74.3
WP_001043260.1	271	k121_2291851_2	N/A	31.937	70	191	1.30e-14	74.7
WP_001043260.1	271	k121_2545988_2	N/A	44.928	25	69	1.44e-14	71.2
WP_001043260.1	271	k121_675847_1	N/A	33.529	62	170	2.51e-14	73.6
WP_001043260.1	271	k121_2598212_2	N/A	41.250	30	80	4.98e-14	70.1
WP_001043260.1	271	k121_2240539_1	N/A	41.026	43	117	6.05e-14	70.9
WP_001043260.1	271	k121_1690210_1	N/A	50.000	25	70	9.13e-14	73.2
WP_001043260.1	271	k121_773448_2	N/A	46.970	24	66	1.44e-13	68.2
WP_001043260.1	271	k121_1990105_1	N/A	29.518	59	166	1.60e-13	70.9
WP_001043260.1	271	k121_593526_2	N/A	32.639	53	144	2.27e-13	69.7
WP_001043260.1	271	k121_97857_1	N/A	35.374	54	147	3.03e-13	70.1
WP_001043260.1	271	k121_770592_1	N/A	46.667	27	75	3.19e-13	67.8
WP_001043260.1	271	k121_560695_1	N/A	31.655	50	139	6.15e-13	69.3
WP_001043260.1	271	k121_1702816_2	N/A	29.121	66	182	6.23e-13	70.1
WP_001043260.1	271	k121_1976218_2	N/A	59.259	20	54	6.46e-13	66.2
WP_001043260.1	271	k121_1381630_1	N/A	29.379	59	177	8.05e-13	68.9
WP_001043260.1	271	k121_437997_1	N/A	32.632	69	190	1.34e-12	68.6
WP_001043260.1	271	k121_141707_2	N/A	42.742	46	124	1.37e-12	67.4
WP_001043260.1	271	k121_684797_1	N/A	40.845	26	71	3.79e-12	64.7
WP_001043260.1	271	k121_2583893_2	N/A	48.333	22	60	4.25e-12	64.3
WP_001043260.1	271	k121_1606875_1	N/A	44.156	28	77	7.83e-12	67.8
WP_001043260.1	271	k121_1963660_1	N/A	27.488	77	211	1.28e-11	66.2
WP_001043260.1	271	k121_917528_1	N/A	27.815	56	151	1.28e-11	65.1
WP_001043260.1	271	k121_2587096_2	N/A	50.000	21	56	3.39e-11	63.2
WP_001043260.1	271	k121_1198572_1	N/A	43.939	24	66	3.57e-11	62.4
WP_001043260.1	271	k121_854080_3	N/A	43.056	26	72	4.89e-11	66.2
WP_001043260.1	271	k121_1826683_1	N/A	28.758	55	153	6.32e-11	63.2
WP_001043260.1	271	k121_560576_1	N/A	29.936	58	157	1.24e-10	62.4
WP_001043260.1	271	k121_1997781_1	N/A	26.190	75	210	1.31e-10	63.5
WP_001043260.1	271	k121_530417_2	N/A	40.800	45	125	1.37e-10	62.0
WP_001043260.1	271	k121_451196_1	N/A	33.333	45	123	1.39e-10	61.6
WP_001043260.1	271	k121_483977_1	N/A	38.281	46	128	1.56e-10	62.0
WP_001043260.1	271	k121_2251469_1	N/A	37.143	26	70	2.15e-10	60.1
WP_001043260.1	271	k121_269145_1	N/A	37.143	38	105	2.75e-10	62.0
WP_001043260.1	271	k121_2144583_1	N/A	32.787	40	122	3.35e-10	60.8
WP_001043260.1	271	k121_833232_1	N/A	30.827	49	133	4.45e-10	60.8
WP_001043260.1	271	k121_206887_2	N/A	36.792	39	106	4.51e-10	60.1
WP_001043260.1	271	k121_605063_2	N/A	35.772	44	123	4.57e-10	60.5
WP_001043260.1	271	k121_954631_1	N/A	32.178	72	202	9.04e-10	60.8
WP_001043260.1	271	k121_2187225_1	N/A	30.147	50	136	1.02e-09	59.7
WP_001043260.1	271	k121_1571554_1	N/A	43.056	26	72	1.16e-09	62.0
WP_001043260.1	271	k121_535547_1	N/A	35.246	45	122	1.27e-09	59.3
WP_001043260.1	271	k121_1197859_2	N/A	30.631	41	111	1.49e-09	58.2
WP_001043260.1	271	k121_2163818_3	N/A	34.375	47	128	1.49e-09	58.9
WP_001043260.1	271	k121_841020_1	N/A	46.377	25	69	6.14e-09	58.2
WP_001043260.1	271	k121_1386588_1	N/A	30.579	45	121	2.01e-08	55.5
WP_001043260.1	271	k121_85296_2	N/A	34.737	35	95	2.06e-08	55.1
WP_001043260.1	271	k121_2142935_2	N/A	31.847	57	157	4.83e-08	55.5
WP_001043260.1	271	k121_1506799_2	N/A	28.455	45	123	7.62e-08	54.3
WP_001043260.1	271	k121_2351544_1	N/A	31.313	37	99	9.03e-08	53.9
WP_001043260.1	271	k121_2183587_3	N/A	32.000	46	125	9.12e-08	53.9
WP_001043260.1	271	k121_556890_2	N/A	33.742	59	163	1.90e-07	53.9
WP_001043260.1	271	k121_30049_1	N/A	34.545	40	110	2.13e-07	52.8
WP_001043260.1	271	k121_2457456_2	N/A	30.675	59	163	2.41e-07	53.1
WP_001043260.1	271	k121_1546310_1	N/A	26.042	68	192	2.45e-07	53.9
WP_001043260.1	271	k121_1616064_1	N/A	40.206	35	97	8.17e-07	50.4
WP_001043260.1	271	k121_1582384_1	N/A	29.851	49	134	8.81e-07	52.0
WP_001043260.1	271	k121_572517_2	N/A	44.643	21	56	9.21e-07	49.7
WP_001043260.1	271	k121_1253396_1	N/A	27.049	45	122	1.09e-06	50.4
WP_001043260.1	271	k121_256936_2	N/A	39.175	35	97	1.24e-06	50.8
WP_001043260.1	271	k121_1140224_1	N/A	39.175	35	97	1.39e-06	51.2
WP_001043260.1	271	k121_1041806_2	N/A	38.655	44	119	1.81e-06	50.4
WP_001043260.1	271	k121_1389646_1	N/A	39.640	41	111	2.54e-06	49.7
WP_001043260.1	271	k121_2058117_1	N/A	26.772	46	127	7.66e-06	48.5
WP_001043260.1	271	k121_1861897_1	N/A	31.847	58	157	7.86e-06	48.9
WP_001043260.1	271	k121_70300_2	N/A	47.368	21	57	1.27e-05	45.8
WP_001043260.1	271	k121_2291089_2	N/A	36.709	29	79	1.32e-05	48.1
WP_001043260.1	271	k121_1040657_1	N/A	46.154	24	65	1.56e-05	48.5
WP_001043260.1	271	k121_1190215_1	N/A	36.975	44	119	3.39e-05	47.0
WP_001043260.1	271	k121_2334863_2	N/A	38.554	30	83	4.10e-05	47.4
WP_001043260.1	271	k121_547997_1	N/A	28.788	48	132	7.12e-05	46.2
WP_001043260.1	271	k121_2567211_1	N/A	38.158	28	76	1.72e-04	44.7
WP_001043260.1	271	k121_724197_2	N/A	30.556	37	108	1.90e-04	43.9
WP_001043260.1	271	k121_1571554_2	N/A	21.675	69	203	4.15e-04	44.7
WP_001043260.1	271	k121_2169879_1	N/A	41.818	20	55	0.001	40.8
WP_001043260.1	271	k121_1899510_1	N/A	25.301	48	166	0.001	42.7
WP_001043260.1	271	k121_2111770_1	N/A	27.711	31	83	0.002	40.8
WP_001043260.1	271	k121_539687_1	N/A	29.703	37	101	0.002	42.4
WP_001043260.1	271	k121_543557_2	N/A	38.356	24	73	0.003	40.4
WP_001043260.1	271	k121_2170474_1	N/A	44.286	25	70	0.003	41.6
WP_001043260.1	271	k121_1926062_1	N/A	33.871	23	62	0.003	39.3
WP_001043260.1	271	k121_59194_1	N/A	35.345	42	116	0.005	40.0
WP_001043260.1	271	k121_2457265_1	N/A	36.364	32	88	0.006	39.3
WP_001043260.1	271	k121_1667767_1	N/A	49.091	20	55	0.007	38.5
WP_001043260.1	271	k121_770592_2	N/A	25.735	48	136	0.017	39.3
WP_001043260.1	271	k121_178584_1	N/A	38.889	40	108	0.023	38.5
WP_000034420.1	263	k121_312693_1	N/A	43.719	75	199	7.39e-58	187
WP_000034420.1	263	k121_8534_8	N/A	39.608	97	255	5.93e-56	184
WP_000034420.1	263	k121_956926_2	N/A	36.293	98	259	3.37e-50	170
WP_000034420.1	263	k121_95024_4	N/A	37.597	98	258	4.38e-50	169
WP_000034420.1	263	k121_773743_2	N/A	37.548	98	261	5.88e-50	169
WP_000034420.1	263	k121_1244229_2	N/A	35.606	99	264	6.62e-50	169
WP_000034420.1	263	k121_2416770_2	N/A	35.985	99	264	1.17e-49	168
WP_000034420.1	263	k121_802913_7	N/A	36.015	99	261	4.07e-48	164
WP_000034420.1	263	k121_1316857_1	N/A	35.249	99	261	6.03e-46	159
WP_000034420.1	263	k121_2236180_2	N/A	37.687	98	268	6.80e-46	159
WP_000034420.1	263	k121_553045_1	N/A	34.601	98	263	1.58e-45	158
WP_000034420.1	263	k121_841374_2	N/A	36.029	98	272	2.93e-45	156
WP_000034420.1	263	k121_371408_1	N/A	35.115	99	262	9.94e-45	155
WP_000034420.1	263	k121_1682215_2	N/A	32.558	99	301	1.68e-44	155
WP_000034420.1	263	k121_2263858_2	N/A	36.154	99	260	4.41e-44	154
WP_000034420.1	263	k121_776364_2	N/A	35.000	98	260	6.16e-43	150
WP_000034420.1	263	k121_439315_2	N/A	33.455	99	275	1.99e-42	150
WP_000034420.1	263	k121_178072_6	N/A	35.606	99	264	7.63e-42	148
WP_000034420.1	263	k121_23148_2	N/A	32.852	99	277	1.03e-41	148
WP_000034420.1	263	k121_101186_12	N/A	35.985	99	264	2.29e-41	147
WP_000034420.1	263	k121_899832_1	N/A	32.700	98	263	3.52e-41	148
WP_000034420.1	263	k121_2098944_2	N/A	35.227	99	264	2.26e-40	144
WP_000034420.1	263	k121_2044242_1	N/A	32.824	99	262	3.28e-40	144
WP_000034420.1	263	k121_1018558_3	N/A	35.878	99	262	2.84e-39	141
WP_000034420.1	263	k121_2331500_1	N/A	38.095	80	210	4.90e-39	139
WP_000034420.1	263	k121_1509859_2	N/A	36.889	84	225	8.47e-39	139
WP_000034420.1	263	k121_1835059_4	N/A	34.091	99	264	1.42e-37	136
WP_000034420.1	263	k121_1477293_1	N/A	41.379	65	174	1.50e-37	134
WP_000034420.1	263	k121_810539_1	N/A	38.144	73	194	8.72e-37	132
WP_000034420.1	263	k121_449083_3	N/A	33.585	98	265	1.11e-36	134
WP_000034420.1	263	k121_2024998_1	N/A	34.599	89	237	2.18e-36	133
WP_000034420.1	263	k121_2301735_4	N/A	32.061	97	262	2.92e-36	135
WP_000034420.1	263	k121_1089974_1	N/A	39.888	67	178	1.07e-35	129
WP_000034420.1	263	k121_2498096_2	N/A	32.567	95	261	1.45e-35	131
WP_000034420.1	263	k121_2441256_1	N/A	39.205	66	176	1.77e-35	129
WP_000034420.1	263	k121_1561068_2	N/A	30.153	99	262	5.35e-35	132
WP_000034420.1	263	k121_990549_1	N/A	36.364	90	242	9.14e-35	128
WP_000034420.1	263	k121_1600085_2	N/A	36.667	79	210	1.05e-34	127
WP_000034420.1	263	k121_293056_1	N/A	30.534	99	262	1.09e-34	130
WP_000034420.1	263	k121_1338187_1	N/A	31.439	99	264	1.63e-34	130
WP_000034420.1	263	k121_1562781_2	N/A	33.846	97	260	2.65e-34	128
WP_000034420.1	263	k121_1159090_1	N/A	35.385	97	260	2.67e-34	128
WP_000034420.1	263	k121_742193_2	N/A	32.567	98	261	5.07e-34	127
WP_000034420.1	263	k121_1159096_1	N/A	34.962	99	266	6.85e-34	127
WP_000034420.1	263	k121_513033_1	N/A	39.429	66	175	1.27e-32	120
WP_000034420.1	263	k121_451509_1	N/A	31.939	98	263	4.36e-32	124
WP_000034420.1	263	k121_1167565_2	N/A	33.047	84	233	4.88e-32	121
WP_000034420.1	263	k121_1269420_1	N/A	34.821	84	224	9.13e-32	120
WP_000034420.1	263	k121_1380909_1	N/A	34.112	81	214	1.62e-31	119
WP_000034420.1	263	k121_966344_1	N/A	33.043	86	230	2.04e-31	120
WP_000034420.1	263	k121_2290326_1	N/A	32.453	98	265	3.26e-31	122
WP_000034420.1	263	k121_566720_1	N/A	37.079	67	178	3.45e-31	118
WP_000034420.1	263	k121_1932854_2	N/A	32.210	98	267	3.61e-31	120
WP_000034420.1	263	k121_1414290_1	N/A	33.796	82	216	4.34e-31	118
WP_000034420.1	263	k121_455300_1	N/A	43.262	53	141	1.59e-30	115
WP_000034420.1	263	k121_2592101_1	N/A	31.538	98	260	1.97e-30	119
WP_000034420.1	263	k121_1852477_1	N/A	35.638	71	188	2.30e-30	115
WP_000034420.1	263	k121_1163746_1	N/A	35.025	74	197	4.01e-30	115
WP_000034420.1	263	k121_2279106_1	N/A	35.955	67	178	8.97e-30	114
WP_000034420.1	263	k121_2160964_1	N/A	35.882	64	170	3.24e-29	113
WP_000034420.1	263	k121_2504782_3	N/A	31.963	77	219	9.89e-29	112
WP_000034420.1	263	k121_2484462_1	N/A	32.579	82	221	1.01e-27	110
WP_000034420.1	263	k121_659115_2	N/A	32.143	80	224	1.18e-27	109
WP_000034420.1	263	k121_1583835_1	N/A	36.047	64	172	1.40e-27	108
WP_000034420.1	263	k121_552184_1	N/A	42.069	53	145	2.24e-27	107
WP_000034420.1	263	k121_1414306_1	N/A	34.078	67	179	2.44e-26	105
WP_000034420.1	263	k121_585296_1	N/A	35.294	70	187	2.66e-26	105
WP_000034420.1	263	k121_1307022_2	N/A	33.889	62	180	3.53e-26	104
WP_000034420.1	263	k121_1537192_2	N/A	34.031	67	191	4.28e-26	105
WP_000034420.1	263	k121_447328_1	N/A	31.950	90	241	7.16e-26	105
WP_000034420.1	263	k121_810493_1	N/A	43.200	47	125	8.13e-26	102
WP_000034420.1	263	k121_2476103_2	N/A	40.323	47	124	2.24e-25	101
WP_000034420.1	263	k121_200486_2	N/A	29.502	98	261	2.67e-25	104
WP_000034420.1	263	k121_780655_2	N/A	42.636	47	129	3.35e-25	102
WP_000034420.1	263	k121_1379707_1	N/A	39.516	47	124	1.24e-24	99.8
WP_000034420.1	263	k121_923737_1	N/A	30.918	77	207	1.32e-24	100
WP_000034420.1	263	k121_264035_1	N/A	32.903	59	155	1.54e-24	100
WP_000034420.1	263	k121_47671_1	N/A	34.615	68	182	3.15e-24	99.4
WP_000034420.1	263	k121_1136179_1	N/A	38.596	43	114	3.88e-24	97.8
WP_000034420.1	263	k121_284767_1	N/A	32.105	71	190	6.10e-24	99.0
WP_000034420.1	263	k121_917127_2	N/A	41.509	40	106	7.02e-24	96.7
WP_000034420.1	263	k121_2566044_2	N/A	30.342	87	234	8.78e-24	99.4
WP_000034420.1	263	k121_115689_4	N/A	36.585	61	164	1.24e-23	97.4
WP_000034420.1	263	k121_1628724_1	N/A	36.000	47	125	3.48e-23	95.9
WP_000034420.1	263	k121_2087619_2	N/A	32.778	68	180	3.60e-23	96.7
WP_000034420.1	263	k121_547336_2	N/A	40.187	41	107	4.83e-23	94.7
WP_000034420.1	263	k121_335403_1	N/A	38.095	63	168	5.71e-23	96.3
WP_000034420.1	263	k121_2164066_1	N/A	38.400	47	125	5.77e-23	95.5
WP_000034420.1	263	k121_1818945_1	N/A	35.878	47	131	1.64e-22	94.4
WP_000034420.1	263	k121_2291851_2	N/A	32.990	73	194	2.46e-22	95.1
WP_000034420.1	263	k121_872035_1	N/A	37.097	47	124	3.11e-22	93.2
WP_000034420.1	263	k121_2379638_3	N/A	41.121	40	107	3.26e-22	92.4
WP_000034420.1	263	k121_1376467_1	N/A	41.346	39	104	5.60e-22	91.7
WP_000034420.1	263	k121_2305082_1	N/A	29.796	87	245	6.21e-22	98.2
WP_000034420.1	263	k121_1263219_3	N/A	30.682	98	264	8.10e-22	95.5
WP_000034420.1	263	k121_1116366_2	N/A	39.516	47	124	8.58e-22	92.0
WP_000034420.1	263	k121_1230834_1	N/A	30.000	90	250	1.32e-21	94.4
WP_000034420.1	263	k121_95309_1	N/A	31.707	71	205	1.73e-21	92.8
WP_000034420.1	263	k121_1420546_1	N/A	28.155	77	206	4.80e-21	93.6
WP_000034420.1	263	k121_1331728_1	N/A	38.400	47	125	4.97e-21	89.7
WP_000034420.1	263	k121_2574145_2	N/A	28.311	81	219	1.23e-20	90.9
WP_000034420.1	263	k121_655340_1	N/A	33.898	66	177	1.55e-20	91.7
WP_000034420.1	263	k121_2128896_1	N/A	31.694	68	183	1.64e-20	89.7
WP_000034420.1	263	k121_900734_1	N/A	30.964	74	197	4.23e-20	89.0
WP_000034420.1	263	k121_625991_1	N/A	44.828	33	87	6.83e-20	85.1
WP_000034420.1	263	k121_1963660_1	N/A	31.925	77	213	1.03e-19	88.2
WP_000034420.1	263	k121_2065808_1	N/A	37.097	47	124	1.30e-19	87.0
WP_000034420.1	263	k121_1371253_2	N/A	41.860	33	86	1.45e-19	84.7
WP_000034420.1	263	k121_2577926_1	N/A	31.217	67	189	3.21e-19	86.3
WP_000034420.1	263	k121_917528_1	N/A	31.544	56	149	3.39e-19	85.5
WP_000034420.1	263	k121_2240539_1	N/A	37.391	44	115	4.42e-19	84.7
WP_000034420.1	263	k121_1110630_1	N/A	39.806	39	103	6.09e-19	84.3
WP_000034420.1	263	k121_593526_2	N/A	33.566	54	143	9.94e-19	84.0
WP_000034420.1	263	k121_1199704_1	N/A	38.000	38	100	1.74e-18	82.4
WP_000034420.1	263	k121_2165806_1	N/A	36.552	54	145	2.38e-18	83.2
WP_000034420.1	263	k121_1050541_1	N/A	33.133	63	166	2.55e-18	83.6
WP_000034420.1	263	k121_116094_1	N/A	36.220	48	127	2.83e-18	83.2
WP_000034420.1	263	k121_447942_1	N/A	39.216	38	102	4.10e-18	83.6
WP_000034420.1	263	k121_978026_2	N/A	26.667	74	210	7.95e-18	83.2
WP_000034420.1	263	k121_2045400_1	N/A	28.866	73	194	1.05e-17	82.8
WP_000034420.1	263	k121_770915_1	N/A	40.566	40	106	1.82e-17	81.3
WP_000034420.1	263	k121_262412_1	N/A	44.186	33	86	2.18e-17	78.6
WP_000034420.1	263	k121_1325186_1	N/A	29.444	67	180	4.85e-17	80.1
WP_000034420.1	263	k121_30049_1	N/A	36.885	46	122	6.15e-17	78.6
WP_000034420.1	263	k121_2518685_1	N/A	31.472	74	197	7.49e-17	80.1
WP_000034420.1	263	k121_832725_2	N/A	38.462	39	104	8.83e-17	79.7
WP_000034420.1	263	k121_1438875_1	N/A	38.333	46	120	1.29e-16	78.2
WP_000034420.1	263	k121_1808718_1	N/A	31.443	73	194	2.30e-16	79.0
WP_000034420.1	263	k121_891797_3	N/A	47.059	32	85	3.69e-16	75.1
WP_000034420.1	263	k121_437997_1	N/A	28.796	71	191	8.25e-16	77.4
WP_000034420.1	263	k121_1371857_1	N/A	24.599	71	187	1.08e-15	77.4
WP_000034420.1	263	k121_535547_1	N/A	34.426	46	122	1.85e-15	75.1
WP_000034420.1	263	k121_1702816_2	N/A	28.502	78	207	2.74e-15	76.6
WP_000034420.1	263	k121_2291089_2	N/A	34.694	55	147	2.77e-15	75.1
WP_000034420.1	263	k121_2598212_2	N/A	39.506	31	81	3.52e-15	72.8
WP_000034420.1	263	k121_605063_2	N/A	34.328	50	134	4.08e-15	73.9
WP_000034420.1	263	k121_2527326_1	N/A	29.167	62	168	8.44e-15	73.9
WP_000034420.1	263	k121_141707_2	N/A	37.405	50	131	9.86e-15	73.2
WP_000034420.1	263	k121_2183587_3	N/A	34.400	47	125	1.13e-14	72.8
WP_000034420.1	263	k121_460667_1	N/A	30.625	59	160	1.54e-14	73.6
WP_000034420.1	263	k121_1916302_1	N/A	29.050	66	179	2.85e-14	73.2
WP_000034420.1	263	k121_773448_2	N/A	44.118	26	68	3.87e-14	69.7
WP_000034420.1	263	k121_1259893_1	N/A	35.156	47	128	4.95e-14	71.2
WP_000034420.1	263	k121_1877454_2	N/A	47.222	27	72	5.08e-14	71.2
WP_000034420.1	263	k121_1997781_1	N/A	27.854	82	219	5.64e-14	72.8
WP_000034420.1	263	k121_1990105_1	N/A	31.325	60	166	5.94e-14	71.6
WP_000034420.1	263	k121_684797_1	N/A	44.928	26	69	8.94e-14	69.3
WP_000034420.1	263	k121_1386588_1	N/A	32.773	45	119	1.03e-13	69.7
WP_000034420.1	263	k121_556890_2	N/A	32.222	68	180	1.14e-13	71.2
WP_000034420.1	263	k121_530417_2	N/A	35.537	46	121	2.18e-13	69.3
WP_000034420.1	263	k121_187518_1	N/A	43.529	32	85	2.31e-13	69.7
WP_000034420.1	263	k121_206887_2	N/A	32.500	46	120	3.15e-13	68.6
WP_000034420.1	263	k121_483977_1	N/A	38.017	46	121	4.55e-13	68.6
WP_000034420.1	263	k121_833232_1	N/A	28.472	54	144	5.44e-13	68.6
WP_000034420.1	263	k121_1381630_1	N/A	28.481	54	158	5.48e-13	69.3
WP_000034420.1	263	k121_2163818_3	N/A	33.333	43	114	5.62e-13	68.2
WP_000034420.1	263	k121_770592_1	N/A	45.946	28	74	6.27e-13	66.6
WP_000034420.1	263	k121_2187225_1	N/A	30.000	56	150	7.90e-13	68.2
WP_000034420.1	263	k121_1616064_1	N/A	37.113	37	97	1.01e-12	66.6
WP_000034420.1	263	k121_675847_1	N/A	26.064	70	188	1.79e-12	68.2
WP_000034420.1	263	k121_560576_1	N/A	30.986	54	142	1.93e-12	67.4
WP_000034420.1	263	k121_954631_1	N/A	31.188	75	202	2.37e-12	67.8
WP_000034420.1	263	k121_2144583_1	N/A	33.333	40	117	3.18e-12	66.2
WP_000034420.1	263	k121_1190215_1	N/A	34.247	55	146	3.41e-12	66.2
WP_000034420.1	263	k121_1197859_2	N/A	33.929	43	112	5.52e-12	64.7
WP_000034420.1	263	k121_42875_1	N/A	41.237	37	97	7.37e-12	64.3
WP_000034420.1	263	k121_2587096_2	N/A	35.294	38	102	7.52e-12	65.1
WP_000034420.1	263	k121_547997_1	N/A	28.378	55	148	7.58e-12	65.5
WP_000034420.1	263	k121_97857_1	N/A	29.518	62	166	1.47e-11	65.1
WP_000034420.1	263	k121_1606875_1	N/A	43.056	27	72	2.18e-11	66.2
WP_000034420.1	263	k121_2583893_2	N/A	46.667	23	60	2.20e-11	62.0
WP_000034420.1	263	k121_2142935_2	N/A	28.025	59	157	3.68e-11	63.9
WP_000034420.1	263	k121_1546310_1	N/A	26.425	69	193	4.11e-11	64.3
WP_000034420.1	263	k121_773302_1	N/A	40.299	25	67	5.65e-11	61.2
WP_000034420.1	263	k121_2567211_1	N/A	33.594	48	128	6.03e-11	62.8
WP_000034420.1	263	k121_256936_2	N/A	36.082	37	97	7.75e-11	62.4
WP_000034420.1	263	k121_85296_2	N/A	38.824	32	85	8.94e-11	61.6
WP_000034420.1	263	k121_1198572_1	N/A	42.353	32	85	9.12e-11	61.2
WP_000034420.1	263	k121_269145_1	N/A	35.185	40	108	1.23e-10	62.8
WP_000034420.1	263	k121_1140224_1	N/A	36.082	37	97	1.26e-10	62.4
WP_000034420.1	263	k121_2058117_1	N/A	28.099	46	121	1.28e-10	62.0
WP_000034420.1	263	k121_1826683_1	N/A	26.531	56	147	1.35e-10	62.4
WP_000034420.1	263	k121_2457456_2	N/A	27.815	56	151	2.57e-10	61.6
WP_000034420.1	263	k121_451196_1	N/A	31.405	46	121	2.96e-10	60.5
WP_000034420.1	263	k121_724197_2	N/A	34.343	35	99	3.33e-10	59.7
WP_000034420.1	263	k121_854080_3	N/A	41.667	27	72	3.58e-10	63.5
WP_000034420.1	263	k121_1571554_1	N/A	41.026	29	78	4.54e-10	63.2
WP_000034420.1	263	k121_560695_1	N/A	25.478	59	157	4.55e-10	61.2
WP_000034420.1	263	k121_1690210_1	N/A	47.059	25	68	7.51e-10	62.0
WP_000034420.1	263	k121_1041806_2	N/A	35.897	43	117	1.02e-09	59.7
WP_000034420.1	263	k121_1389646_1	N/A	37.719	43	114	1.09e-09	58.9
WP_000034420.1	263	k121_1506799_2	N/A	29.600	48	125	1.17e-09	59.3
WP_000034420.1	263	k121_1582384_1	N/A	25.735	51	136	1.25e-09	60.1
WP_000034420.1	263	k121_2351544_1	N/A	29.091	42	110	1.32e-09	58.9
WP_000034420.1	263	k121_59194_1	N/A	38.053	43	113	2.66e-09	57.4
WP_000034420.1	263	k121_1976218_2	N/A	46.296	21	54	1.30e-08	54.7
WP_000034420.1	263	k121_2545988_2	N/A	35.821	25	67	1.34e-08	55.1
WP_000034420.1	263	k121_1742595_1	N/A	41.667	23	60	1.70e-08	53.9
WP_000034420.1	263	k121_810539_2	N/A	46.154	20	52	2.65e-08	53.1
WP_000034420.1	263	k121_572517_2	N/A	43.103	22	58	3.16e-08	53.5
WP_000034420.1	263	k121_2251469_1	N/A	37.681	26	69	4.81e-08	53.5
WP_000034420.1	263	k121_1253396_1	N/A	35.652	43	115	1.08e-07	53.5
WP_000034420.1	263	k121_2111770_1	N/A	32.530	32	83	4.79e-07	50.8
WP_000034420.1	263	k121_1606875_2	N/A	24.378	71	201	6.62e-07	52.8
WP_000034420.1	263	k121_178584_1	N/A	36.697	41	109	7.45e-07	51.2
WP_000034420.1	263	k121_841020_1	N/A	40.000	26	70	1.11e-06	51.6
WP_000034420.1	263	k121_2334863_2	N/A	39.286	32	84	1.35e-06	51.6
WP_000034420.1	263	k121_539687_1	N/A	32.110	41	109	1.88e-06	50.8
WP_000034420.1	263	k121_1571554_2	N/A	22.886	71	201	2.65e-06	50.8
WP_000034420.1	263	k121_2529228_2	N/A	31.633	34	98	2.80e-06	48.9
WP_000034420.1	263	k121_770592_2	N/A	27.731	44	119	3.67e-06	49.7
WP_000034420.1	263	k121_543557_2	N/A	37.313	22	67	5.22e-06	47.8
WP_000034420.1	263	k121_2457265_1	N/A	40.000	23	60	9.98e-06	47.0
WP_000034420.1	263	k121_2123495_2	N/A	40.678	22	59	1.17e-05	46.6
WP_000034420.1	263	k121_1926062_1	N/A	37.097	24	62	1.30e-05	45.8
WP_000034420.1	263	k121_1861897_1	N/A	25.625	58	160	1.45e-05	48.1
WP_000034420.1	263	k121_2169879_1	N/A	49.091	21	55	3.05e-05	45.1
WP_000034420.1	263	k121_1040657_1	N/A	40.299	25	67	3.83e-05	47.4
WP_000034420.1	263	k121_1477761_1	N/A	43.077	25	65	1.48e-04	43.1
WP_000034420.1	263	k121_192954_1	N/A	33.333	24	72	1.88e-04	43.5
WP_000034420.1	263	k121_1085878_1	N/A	30.000	28	80	5.38e-04	42.0
WP_000034420.1	263	k121_1599530_2	N/A	41.935	21	62	0.002	40.4
WP_000034420.1	263	k121_2542936_2	N/A	31.818	25	66	0.002	40.0
WP_000034420.1	263	k121_322920_2	N/A	38.983	22	59	0.005	38.9
WP_000034420.1	263	k121_1899510_1	N/A	23.353	50	167	0.005	40.8
WP_000034420.1	263	k121_70300_2	N/A	42.105	22	57	0.009	37.7
WP_000034420.1	263	k121_194477_2	N/A	27.473	34	91	0.019	37.7
WP_000034420.1	263	k121_212230_3	N/A	28.333	22	60	0.024	37.4
WP_000034420.1	263	k121_847036_2	N/A	37.037	20	54	0.026	36.6
WP_000034420.1	263	k121_1016903_1	N/A	40.351	22	57	0.027	40.0
WP_000034420.1	263	k121_2146871_1	N/A	37.500	24	64	0.043	38.5
WP_000034420.1	263	k121_1742712_2	N/A	31.818	25	66	0.071	38.1
WP_000034420.1	263	k121_2216510_1	N/A	35.938	24	64	0.073	38.1
WP_000034420.1	263	k121_1883424_2	N/A	37.500	24	64	0.089	38.1
WP_000845048.1	337	k121_1301359_1	N/A	99.396	98	331	0.0	667
WP_000845048.1	337	k121_350612_1	N/A	76.768	88	297	2.61e-169	476
WP_000845048.1	337	k121_1927832_2	N/A	68.731	96	323	1.54e-161	458
WP_000845048.1	337	k121_2238729_1	N/A	70.279	96	323	3.05e-155	442
WP_000845048.1	337	k121_1193581_2	N/A	60.778	98	334	8.71e-143	410
WP_000845048.1	337	k121_2042825_1	N/A	61.515	97	330	3.63e-141	407
WP_000845048.1	337	k121_507523_2	N/A	61.350	94	326	1.24e-138	401
WP_000845048.1	337	k121_1447731_1	N/A	67.000	88	300	5.42e-137	397
WP_000845048.1	337	k121_1994386_3	N/A	60.429	95	326	9.08e-137	395
WP_000845048.1	337	k121_1734888_1	N/A	60.000	94	340	3.74e-134	390
WP_000845048.1	337	k121_1113571_1	N/A	58.055	95	329	3.52e-133	386
WP_000845048.1	337	k121_2120384_2	N/A	77.778	69	234	5.03e-133	381
WP_000845048.1	337	k121_1283561_1	N/A	64.145	88	304	4.62e-130	378
WP_000845048.1	337	k121_621708_2	N/A	57.798	96	327	2.14e-129	376
WP_000845048.1	337	k121_485484_2	N/A	54.921	93	315	1.25e-126	368
WP_000845048.1	337	k121_534301_1	N/A	71.660	73	247	1.18e-125	363
WP_000845048.1	337	k121_115773_1	N/A	56.269	97	327	2.67e-117	345
WP_000845048.1	337	k121_611979_1	N/A	55.556	96	324	1.46e-115	341
WP_000845048.1	337	k121_1339101_2	N/A	55.556	96	324	4.87e-115	339
WP_000845048.1	337	k121_701347_8	N/A	55.015	96	329	1.15e-114	339
WP_000845048.1	337	k121_84695_1	N/A	64.981	76	257	2.88e-110	325
WP_000845048.1	337	k121_53066_4	N/A	53.968	93	315	2.82e-109	325
WP_000845048.1	337	k121_694975_2	N/A	55.410	90	305	1.71e-105	314
WP_000845048.1	337	k121_253653_30	N/A	52.071	99	338	1.14e-103	312
WP_000845048.1	337	k121_2439972_2	N/A	58.468	72	248	9.90e-101	301
WP_000845048.1	337	k121_1340869_2	N/A	50.318	93	314	2.49e-98	297
WP_000845048.1	337	k121_998950_1	N/A	65.238	62	210	2.36e-97	290
WP_000845048.1	337	k121_1403508_1	N/A	68.182	59	198	5.04e-95	283
WP_000845048.1	337	k121_1773399_1	N/A	59.483	69	232	5.23e-93	280
WP_000845048.1	337	k121_2252394_2	N/A	58.333	70	240	7.67e-91	279
WP_000845048.1	337	k121_1185713_2	N/A	51.685	79	267	7.81e-89	270
WP_000845048.1	337	k121_1006240_1	N/A	71.667	53	180	8.19e-89	268
WP_000845048.1	337	k121_1159545_1	N/A	62.679	62	209	9.20e-89	268
WP_000845048.1	337	k121_2570820_2	N/A	52.788	80	269	6.38e-88	268
WP_000845048.1	337	k121_1344600_1	N/A	61.644	65	219	8.68e-88	267
WP_000845048.1	337	k121_2015295_1	N/A	59.070	64	215	6.11e-86	261
WP_000845048.1	337	k121_1688516_2	N/A	47.965	96	344	1.11e-85	266
WP_000845048.1	337	k121_1095020_1	N/A	65.657	59	198	1.12e-84	260
WP_000845048.1	337	k121_891364_2	N/A	45.541	93	314	3.65e-84	260
WP_000845048.1	337	k121_550761_1	N/A	46.488	88	299	7.82e-82	255
WP_000845048.1	337	k121_1655835_1	N/A	64.706	61	204	1.09e-79	246
WP_000845048.1	337	k121_998674_1	N/A	61.576	58	203	1.19e-79	245
WP_000845048.1	337	k121_1601560_1	N/A	53.636	64	220	7.93e-78	241
WP_000845048.1	337	k121_2296785_2	N/A	43.218	94	317	1.56e-75	239
WP_000845048.1	337	k121_437187_2	N/A	44.371	89	302	8.19e-75	238
WP_000845048.1	337	k121_2185744_1	N/A	59.314	61	204	6.23e-74	230
WP_000845048.1	337	k121_1559470_1	N/A	41.121	91	321	2.02e-73	237
WP_000845048.1	337	k121_1816742_1	N/A	60.773	54	181	3.25e-73	228
WP_000845048.1	337	k121_171843_1	N/A	44.479	94	326	3.56e-73	239
WP_000845048.1	337	k121_655788_1	N/A	64.865	55	185	1.31e-72	226
WP_000845048.1	337	k121_1391776_1	N/A	43.377	89	302	1.83e-72	233
WP_000845048.1	337	k121_707993_2	N/A	58.115	57	191	3.57e-71	223
WP_000845048.1	337	k121_1643805_1	N/A	53.081	63	211	4.26e-71	223
WP_000845048.1	337	k121_1419444_1	N/A	56.500	59	200	1.98e-70	221
WP_000845048.1	337	k121_1502709_1	N/A	62.353	50	170	4.60e-70	219
WP_000845048.1	337	k121_1599810_1	N/A	63.429	51	175	1.15e-69	221
WP_000845048.1	337	k121_1697160_2	N/A	57.377	54	183	3.09e-69	218
WP_000845048.1	337	k121_2122900_1	N/A	61.850	51	173	2.32e-68	215
WP_000845048.1	337	k121_186475_1	N/A	50.455	65	220	2.75e-68	216
WP_000845048.1	337	k121_1273577_2	N/A	41.486	92	323	4.79e-68	225
WP_000845048.1	337	k121_1827196_1	N/A	53.846	58	195	1.16e-67	214
WP_000845048.1	337	k121_456858_1	N/A	68.310	42	142	4.13e-66	209
WP_000845048.1	337	k121_2232041_1	N/A	46.753	68	231	1.58e-65	211
WP_000845048.1	337	k121_906846_2	N/A	59.341	54	182	6.95e-65	206
WP_000845048.1	337	k121_1886923_1	N/A	48.498	69	233	7.42e-64	206
WP_000845048.1	337	k121_780769_1	N/A	53.960	52	202	1.17e-63	204
WP_000845048.1	337	k121_1492735_1	N/A	58.235	50	170	1.47e-63	204
WP_000845048.1	337	k121_1651510_1	N/A	53.093	58	194	1.68e-62	201
WP_000845048.1	337	k121_22272_1	N/A	65.789	45	152	1.96e-62	202
WP_000845048.1	337	k121_593788_1	N/A	69.014	42	142	3.55e-62	200
WP_000845048.1	337	k121_453383_1	N/A	36.620	89	355	9.71e-62	208
WP_000845048.1	337	k121_2540619_1	N/A	48.815	62	211	1.42e-60	196
WP_000845048.1	337	k121_2016914_1	N/A	56.000	51	175	4.70e-60	194
WP_000845048.1	337	k121_1709657_2	N/A	56.647	50	173	8.65e-60	193
WP_000845048.1	337	k121_2073630_1	N/A	55.924	62	211	8.71e-60	194
WP_000845048.1	337	k121_152964_1	N/A	53.005	54	183	9.59e-60	193
WP_000845048.1	337	k121_351112_1	N/A	58.140	51	172	2.55e-59	192
WP_000845048.1	337	k121_2241903_1	N/A	49.537	63	216	2.80e-59	193
WP_000845048.1	337	k121_2275296_2	N/A	55.429	52	175	1.52e-58	190
WP_000845048.1	337	k121_800508_1	N/A	48.879	66	223	9.59e-58	190
WP_000845048.1	337	k121_875311_1	N/A	51.579	56	190	1.10e-57	189
WP_000845048.1	337	k121_2217814_2	N/A	52.841	52	176	1.71e-56	184
WP_000845048.1	337	k121_1381639_3	N/A	41.502	62	253	2.54e-56	187
WP_000845048.1	337	k121_1757661_1	N/A	50.276	54	181	6.52e-56	184
WP_000845048.1	337	k121_463189_1	N/A	64.179	40	134	1.66e-55	181
WP_000845048.1	337	k121_2235400_2	N/A	63.571	42	140	6.63e-55	180
WP_000845048.1	337	k121_2222736_2	N/A	59.868	45	152	9.61e-55	179
WP_000845048.1	337	k121_1817380_1	N/A	44.889	67	225	1.99e-54	181
WP_000845048.1	337	k121_777304_1	N/A	51.323	56	189	1.39e-53	177
WP_000845048.1	337	k121_1933753_1	N/A	52.874	52	174	2.14e-52	174
WP_000845048.1	337	k121_378713_5	N/A	57.857	42	140	3.30e-52	173
WP_000845048.1	337	k121_1582378_1	N/A	54.491	49	167	5.23e-52	173
WP_000845048.1	337	k121_1425983_2	N/A	48.352	54	182	4.88e-51	171
WP_000845048.1	337	k121_1343692_1	N/A	57.962	47	157	2.44e-50	168
WP_000845048.1	337	k121_394189_1	N/A	42.920	67	226	3.79e-50	170
WP_000845048.1	337	k121_142049_1	N/A	46.243	51	173	7.14e-50	167
WP_000845048.1	337	k121_1110289_1	N/A	65.041	36	123	1.46e-49	165
WP_000845048.1	337	k121_1665216_1	N/A	48.947	56	190	1.28e-48	165
WP_000845048.1	337	k121_315232_1	N/A	55.556	51	171	2.99e-47	161
WP_000845048.1	337	k121_327396_1	N/A	60.163	36	123	3.33e-47	159
WP_000845048.1	337	k121_2442369_1	N/A	71.818	33	110	4.40e-47	159
WP_000845048.1	337	k121_18133_3	N/A	44.949	52	198	1.80e-46	160
WP_000845048.1	337	k121_576485_1	N/A	41.441	66	222	2.68e-46	160
WP_000845048.1	337	k121_1855807_1	N/A	57.246	41	138	7.39e-46	156
WP_000845048.1	337	k121_2283697_1	N/A	42.786	60	201	6.66e-45	155
WP_000845048.1	337	k121_1079932_1	N/A	47.273	49	165	1.02e-44	154
WP_000845048.1	337	k121_1564406_2	N/A	51.724	43	145	3.15e-44	153
WP_000845048.1	337	k121_1816345_1	N/A	45.087	51	173	4.20e-44	152
WP_000845048.1	337	k121_327817_1	N/A	43.182	52	176	5.06e-44	152
WP_000845048.1	337	k121_2495816_1	N/A	40.860	55	186	5.24e-44	153
WP_000845048.1	337	k121_1012753_1	N/A	50.000	53	180	9.30e-44	152
WP_000845048.1	337	k121_1256591_1	N/A	49.375	47	160	9.75e-44	151
WP_000845048.1	337	k121_1774322_1	N/A	57.480	37	127	6.28e-43	148
WP_000845048.1	337	k121_91989_1	N/A	44.920	53	187	7.45e-43	151
WP_000845048.1	337	k121_2080204_1	N/A	64.151	31	106	1.05e-42	147
WP_000845048.1	337	k121_588374_1	N/A	61.864	34	118	2.75e-42	146
WP_000845048.1	337	k121_2137505_1	N/A	61.947	34	113	4.90e-41	142
WP_000845048.1	337	k121_2458820_1	N/A	49.045	45	157	1.07e-40	145
WP_000845048.1	337	k121_1539880_1	N/A	68.000	30	100	1.17e-40	145
WP_000845048.1	337	k121_1719975_1	N/A	42.857	52	175	3.25e-40	143
WP_000845048.1	337	k121_885394_1	N/A	32.248	90	307	4.03e-40	147
WP_000845048.1	337	k121_923096_1	N/A	52.055	43	146	8.77e-40	142
WP_000845048.1	337	k121_424038_1	N/A	50.299	50	167	1.70e-39	140
WP_000845048.1	337	k121_2426391_1	N/A	57.500	36	120	3.01e-39	139
WP_000845048.1	337	k121_1461817_2	N/A	35.691	92	311	6.22e-39	143
WP_000845048.1	337	k121_1225121_2	N/A	73.256	26	86	1.65e-37	133
WP_000845048.1	337	k121_310873_3	N/A	73.563	26	87	2.72e-37	132
WP_000845048.1	337	k121_1461923_1	N/A	41.667	48	168	3.21e-37	134
WP_000845048.1	337	k121_1576187_2	N/A	55.932	35	118	4.00e-37	133
WP_000845048.1	337	k121_285612_1	N/A	58.407	32	113	6.84e-37	133
WP_000845048.1	337	k121_1010158_1	N/A	48.120	39	133	1.05e-36	134
WP_000845048.1	337	k121_906846_1	N/A	53.846	35	117	1.34e-36	132
WP_000845048.1	337	k121_332132_1	N/A	42.135	50	178	5.21e-36	134
WP_000845048.1	337	k121_1601560_2	N/A	64.646	29	99	7.64e-36	129
WP_000845048.1	337	k121_2057730_2	N/A	53.020	44	149	8.79e-35	127
WP_000845048.1	337	k121_1000_1	N/A	61.290	28	93	9.71e-35	126
WP_000845048.1	337	k121_1012381_1	N/A	71.910	26	89	2.16e-34	125
WP_000845048.1	337	k121_2359330_2	N/A	34.835	99	333	3.42e-34	130
WP_000845048.1	337	k121_2182569_1	N/A	39.665	50	179	1.52e-33	127
WP_000845048.1	337	k121_1775780_2	N/A	32.831	98	332	2.43e-33	128
WP_000845048.1	337	k121_2440134_1	N/A	66.667	26	87	1.20e-32	120
WP_000845048.1	337	k121_548660_1	N/A	32.581	92	310	2.68e-32	125
WP_000845048.1	337	k121_517406_2	N/A	32.667	85	300	5.29e-32	124
WP_000845048.1	337	k121_389553_4	N/A	61.458	27	96	5.88e-32	119
WP_000845048.1	337	k121_2288916_2	N/A	32.595	90	316	6.06e-32	124
WP_000845048.1	337	k121_1299504_1	N/A	35.798	75	257	1.85e-31	121
WP_000845048.1	337	k121_2212277_1	N/A	40.230	39	174	2.13e-31	119
WP_000845048.1	337	k121_1648735_1	N/A	33.200	74	250	6.96e-31	119
WP_000845048.1	337	k121_1543130_1	N/A	40.230	50	174	7.73e-31	119
WP_000845048.1	337	k121_431705_2	N/A	34.496	76	258	9.57e-31	119
WP_000845048.1	337	k121_2167683_1	N/A	35.798	75	257	1.30e-30	119
WP_000845048.1	337	k121_759887_1	N/A	69.737	23	76	1.31e-30	114
WP_000845048.1	337	k121_2242703_2	N/A	67.901	24	81	1.44e-30	114
WP_000845048.1	337	k121_2511600_1	N/A	33.628	66	226	6.86e-30	116
WP_000845048.1	337	k121_131582_1	N/A	80.282	21	71	8.12e-30	115
WP_000845048.1	337	k121_870738_1	N/A	32.333	88	300	8.62e-30	118
WP_000845048.1	337	k121_958839_1	N/A	50.000	31	116	1.39e-29	113
WP_000845048.1	337	k121_344325_1	N/A	30.968	92	310	1.48e-29	117
WP_000845048.1	337	k121_421007_3	N/A	31.935	91	310	1.52e-29	118
WP_000845048.1	337	k121_680221_1	N/A	32.468	91	308	1.61e-29	118
WP_000845048.1	337	k121_1315433_1	N/A	31.615	85	291	3.51e-29	117
WP_000845048.1	337	k121_968470_1	N/A	58.140	26	86	3.88e-29	111
WP_000845048.1	337	k121_927596_1	N/A	49.107	33	112	4.65e-29	112
WP_000845048.1	337	k121_2150592_1	N/A	32.459	90	305	5.94e-29	116
WP_000845048.1	337	k121_1229669_1	N/A	66.667	22	75	1.32e-28	109
WP_000845048.1	337	k121_1228968_2	N/A	34.615	76	260	1.40e-28	114
WP_000845048.1	337	k121_1264626_1	N/A	50.427	35	117	1.64e-28	112
WP_000845048.1	337	k121_2424541_2	N/A	34.276	80	283	3.33e-28	114
WP_000845048.1	337	k121_1798309_1	N/A	29.210	86	291	5.24e-28	114
WP_000845048.1	337	k121_1652020_2	N/A	32.042	82	284	8.83e-28	112
WP_000845048.1	337	k121_1162674_2	N/A	58.947	27	95	1.00e-27	107
WP_000845048.1	337	k121_1086892_1	N/A	29.801	88	302	1.04e-27	113
WP_000845048.1	337	k121_1924122_1	N/A	36.986	65	219	1.12e-27	111
WP_000845048.1	337	k121_969015_1	N/A	32.192	86	292	1.43e-27	112
WP_000845048.1	337	k121_2182530_1	N/A	33.036	66	224	1.43e-27	110
WP_000845048.1	337	k121_486245_1	N/A	29.110	85	292	1.55e-27	112
WP_000845048.1	337	k121_2146203_2	N/A	62.963	24	81	2.11e-27	106
WP_000845048.1	337	k121_1141584_1	N/A	30.249	81	281	4.12e-27	110
WP_000845048.1	337	k121_1187155_1	N/A	30.568	68	229	4.27e-27	109
WP_000845048.1	337	k121_358130_1	N/A	31.561	88	301	6.21e-27	110
WP_000845048.1	337	k121_2573221_2	N/A	37.104	65	221	2.17e-26	107
WP_000845048.1	337	k121_2023414_1	N/A	33.482	65	224	1.08e-25	107
WP_000845048.1	337	k121_554344_1	N/A	62.963	24	81	3.50e-25	100
WP_000845048.1	337	k121_2091545_1	N/A	34.500	59	200	3.58e-25	103
WP_000845048.1	337	k121_2064355_1	N/A	32.069	84	290	3.85e-25	105
WP_000845048.1	337	k121_743387_2	N/A	40.541	41	148	4.26e-25	102
WP_000845048.1	337	k121_538928_1	N/A	29.667	89	300	5.83e-25	107
WP_000845048.1	337	k121_1695839_1	N/A	28.571	90	308	9.98e-25	106
WP_000845048.1	337	k121_1199256_1	N/A	30.405	86	296	4.30e-24	103
WP_000845048.1	337	k121_265077_1	N/A	30.827	79	266	5.55e-24	102
WP_000845048.1	337	k121_1184498_1	N/A	33.083	77	266	6.61e-24	102
WP_000845048.1	337	k121_810196_2	N/A	30.619	90	307	8.91e-24	102
WP_000845048.1	337	k121_1028123_1	N/A	32.946	75	258	1.17e-23	100
WP_000845048.1	337	k121_617146_2	N/A	33.471	72	242	1.24e-23	101
WP_000845048.1	337	k121_496021_1	N/A	27.245	95	323	1.85e-23	101
WP_000845048.1	337	k121_1850679_1	N/A	34.979	69	243	2.07e-23	102
WP_000845048.1	337	k121_872366_1	N/A	67.143	21	70	2.56e-23	95.1
WP_000845048.1	337	k121_1614611_5	N/A	33.457	77	269	2.86e-23	101
WP_000845048.1	337	k121_1044037_6	N/A	38.793	66	232	4.11e-23	101
WP_000845048.1	337	k121_1040811_1	N/A	47.000	30	100	4.63e-23	96.3
WP_000845048.1	337	k121_400588_2	N/A	31.650	85	297	4.82e-23	101
WP_000845048.1	337	k121_2125060_1	N/A	29.749	80	279	7.08e-23	99.0
WP_000845048.1	337	k121_671610_7	N/A	29.304	78	273	9.56e-23	100
WP_000845048.1	337	k121_2592349_2	N/A	29.749	77	279	1.36e-22	99.8
WP_000845048.1	337	k121_2026582_1	N/A	33.333	63	219	1.53e-22	96.7
WP_000845048.1	337	k121_1735270_3	N/A	36.279	62	215	1.60e-22	99.4
WP_000845048.1	337	k121_1486772_1	N/A	33.790	63	219	1.64e-22	98.2
WP_000845048.1	337	k121_458721_2	N/A	30.357	79	280	2.74e-22	97.8
WP_000845048.1	337	k121_1683060_1	N/A	57.317	22	82	4.84e-22	92.4
WP_000845048.1	337	k121_2193335_1	N/A	42.520	37	127	6.05e-22	94.4
WP_000845048.1	337	k121_2381237_2	N/A	33.766	66	231	6.23e-22	97.8
WP_000845048.1	337	k121_2161097_2	N/A	32.727	63	220	7.51e-22	97.8
WP_000845048.1	337	k121_2025045_1	N/A	31.731	60	208	8.12e-22	94.7
WP_000845048.1	337	k121_2421132_2	N/A	29.568	89	301	9.65e-22	98.2
WP_000845048.1	337	k121_1021472_2	N/A	33.333	64	222	1.11e-21	95.9
WP_000845048.1	337	k121_1006968_1	N/A	46.078	30	102	1.21e-21	91.7
WP_000845048.1	337	k121_52096_1	N/A	34.978	64	223	1.39e-21	95.5
WP_000845048.1	337	k121_913727_2	N/A	33.032	64	221	1.39e-21	95.9
WP_000845048.1	337	k121_1866605_1	N/A	29.967	89	307	1.55e-21	96.7
WP_000845048.1	337	k121_27594_4	N/A	51.648	27	91	1.56e-21	91.3
WP_000845048.1	337	k121_588464_3	N/A	29.431	85	299	1.64e-21	96.7
WP_000845048.1	337	k121_513067_4	N/A	33.624	66	229	1.66e-21	96.7
WP_000845048.1	337	k121_143474_1	N/A	34.112	62	214	1.76e-21	96.7
WP_000845048.1	337	k121_1957490_2	N/A	37.766	56	188	2.11e-21	93.6
WP_000845048.1	337	k121_1049501_2	N/A	33.333	66	231	2.16e-21	96.3
WP_000845048.1	337	k121_2101997_2	N/A	33.945	63	218	2.30e-21	96.3
WP_000845048.1	337	k121_2129391_1	N/A	56.098	24	82	3.52e-21	90.9
WP_000845048.1	337	k121_824952_1	N/A	28.309	78	272	4.10e-21	94.7
WP_000845048.1	337	k121_1167906_2	N/A	36.413	55	184	5.30e-21	92.0
WP_000845048.1	337	k121_1817214_1	N/A	34.135	60	208	5.90e-21	91.7
WP_000845048.1	337	k121_255126_3	N/A	33.184	62	223	9.18e-21	92.4
WP_000845048.1	337	k121_2407537_2	N/A	32.171	67	258	1.16e-20	92.4
WP_000845048.1	337	k121_2328120_1	N/A	36.264	54	182	1.25e-20	91.3
WP_000845048.1	337	k121_2012315_2	N/A	32.314	64	229	1.56e-20	91.7
WP_000845048.1	337	k121_2305025_1	N/A	31.046	85	306	1.67e-20	94.0
WP_000845048.1	337	k121_1346761_1	N/A	35.165	54	182	1.92e-20	90.5
WP_000845048.1	337	k121_459539_2	N/A	32.579	64	221	2.35e-20	92.0
WP_000845048.1	337	k121_179109_2	N/A	33.491	61	212	2.58e-20	93.6
WP_000845048.1	337	k121_2227154_1	N/A	55.844	23	77	2.78e-20	87.4
WP_000845048.1	337	k121_1985205_2	N/A	34.783	55	184	3.03e-20	90.5
WP_000845048.1	337	k121_553468_1	N/A	53.571	25	84	3.35e-20	87.4
WP_000845048.1	337	k121_89103_1	N/A	34.703	64	219	3.94e-20	90.1
WP_000845048.1	337	k121_491420_1	N/A	40.426	41	141	4.67e-20	91.7
WP_000845048.1	337	k121_1924320_8	N/A	27.891	85	294	4.80e-20	92.8
WP_000845048.1	337	k121_2462135_1	N/A	29.371	84	286	4.84e-20	93.2
WP_000845048.1	337	k121_1446784_1	N/A	29.740	77	269	7.59e-20	92.4
WP_000845048.1	337	k121_1095332_1	N/A	33.871	55	186	7.80e-20	89.0
WP_000845048.1	337	k121_509954_9	N/A	26.537	85	309	9.30e-20	92.4
WP_000845048.1	337	k121_1083900_2	N/A	29.496	80	278	1.10e-19	91.7
WP_000845048.1	337	k121_692454_2	N/A	28.936	64	235	1.16e-19	92.0
WP_000845048.1	337	k121_1291224_2	N/A	31.472	58	197	1.47e-19	88.6
WP_000845048.1	337	k121_1867170_2	N/A	30.942	64	223	1.61e-19	90.5
WP_000845048.1	337	k121_433651_1	N/A	37.500	54	184	2.25e-19	88.2
WP_000845048.1	337	k121_2198475_1	N/A	31.720	55	186	2.55e-19	87.0
WP_000845048.1	337	k121_1138367_2	N/A	29.900	84	301	2.95e-19	90.5
WP_000845048.1	337	k121_1376994_2	N/A	30.627	77	271	2.98e-19	90.1
WP_000845048.1	337	k121_2243567_2	N/A	33.648	88	318	3.08e-19	90.5
WP_000845048.1	337	k121_2507227_1	N/A	33.019	61	212	3.56e-19	89.7
WP_000845048.1	337	k121_1746409_7	N/A	31.839	64	223	3.60e-19	90.5
WP_000845048.1	337	k121_908135_1	N/A	34.307	77	274	3.93e-19	89.7
WP_000845048.1	337	k121_1331766_1	N/A	34.969	48	163	4.23e-19	87.8
WP_000845048.1	337	k121_1325274_2	N/A	27.336	81	289	4.77e-19	89.7
WP_000845048.1	337	k121_532350_2	N/A	36.735	44	147	5.00e-19	89.4
WP_000845048.1	337	k121_312358_2	N/A	35.326	55	184	5.07e-19	89.0
WP_000845048.1	337	k121_1751803_2	N/A	34.091	64	220	5.17e-19	89.0
WP_000845048.1	337	k121_1960758_2	N/A	25.547	78	274	5.73e-19	89.0
WP_000845048.1	337	k121_1535936_1	N/A	32.900	66	231	6.06e-19	89.7
WP_000845048.1	337	k121_2186946_1	N/A	34.066	54	182	6.36e-19	86.7
WP_000845048.1	337	k121_2025559_2	N/A	28.782	79	271	6.67e-19	88.6
WP_000845048.1	337	k121_1548350_1	N/A	31.414	57	191	7.32e-19	86.3
WP_000845048.1	337	k121_2397865_1	N/A	34.591	47	159	7.84e-19	86.3
WP_000845048.1	337	k121_1719516_2	N/A	31.050	64	219	9.35e-19	89.0
WP_000845048.1	337	k121_326893_1	N/A	30.000	61	210	1.34e-18	88.2
WP_000845048.1	337	k121_945172_1	N/A	34.270	53	178	1.43e-18	85.1
WP_000845048.1	337	k121_2215296_3	N/A	31.696	66	224	1.50e-18	88.6
WP_000845048.1	337	k121_178346_1	N/A	31.518	75	257	1.76e-18	87.4
WP_000845048.1	337	k121_2440134_2	N/A	60.294	20	68	1.90e-18	82.4
WP_000845048.1	337	k121_674255_1	N/A	35.632	50	174	2.04e-18	85.5
WP_000845048.1	337	k121_1026468_1	N/A	33.981	61	206	2.15e-18	87.0
WP_000845048.1	337	k121_2190707_2	N/A	27.778	72	252	2.28e-18	86.7
WP_000845048.1	337	k121_1089787_1	N/A	31.220	61	205	2.40e-18	85.1
WP_000845048.1	337	k121_2280286_2	N/A	33.455	76	275	2.69e-18	86.7
WP_000845048.1	337	k121_2114728_3	N/A	27.338	80	278	3.74e-18	87.4
WP_000845048.1	337	k121_2289281_1	N/A	37.079	53	178	3.77e-18	86.3
WP_000845048.1	337	k121_1011766_3	N/A	32.243	62	214	4.25e-18	87.4
WP_000845048.1	337	k121_159253_1	N/A	29.091	77	275	5.69e-18	86.7
WP_000845048.1	337	k121_1950261_3	N/A	30.996	77	271	6.76e-18	86.7
WP_000845048.1	337	k121_1126309_3	N/A	29.197	78	274	7.37e-18	86.3
WP_000845048.1	337	k121_2142403_2	N/A	51.190	25	84	7.71e-18	81.3
WP_000845048.1	337	k121_2004163_3	N/A	60.294	20	68	8.38e-18	81.6
WP_000845048.1	337	k121_2219175_1	N/A	33.696	54	184	8.58e-18	83.2
WP_000845048.1	337	k121_772127_1	N/A	31.739	66	230	9.31e-18	86.3
WP_000845048.1	337	k121_1845896_1	N/A	33.636	64	220	9.68e-18	86.3
WP_000845048.1	337	k121_1611830_2	N/A	31.336	62	217	1.14e-17	85.9
WP_000845048.1	337	k121_2271376_2	N/A	29.018	63	224	1.53e-17	85.5
WP_000845048.1	337	k121_1267802_2	N/A	31.365	77	271	1.55e-17	85.5
WP_000845048.1	337	k121_229432_1	N/A	30.806	61	211	1.65e-17	83.2
WP_000845048.1	337	k121_971816_1	N/A	31.905	61	210	1.68e-17	83.6
WP_000845048.1	337	k121_1343220_1	N/A	29.870	45	154	2.03e-17	83.6
WP_000845048.1	337	k121_20322_2	N/A	29.391	79	279	2.32e-17	85.5
WP_000845048.1	337	k121_1816500_2	N/A	30.627	77	271	2.43e-17	85.1
WP_000845048.1	337	k121_1476142_2	N/A	29.921	72	254	2.50e-17	84.0
WP_000845048.1	337	k121_1323545_4	N/A	32.093	62	215	2.70e-17	84.7
WP_000845048.1	337	k121_406997_1	N/A	41.304	27	92	2.99e-17	79.7
WP_000845048.1	337	k121_2301076_2	N/A	31.301	71	246	3.12e-17	84.7
WP_000845048.1	337	k121_1492752_2	N/A	48.810	25	84	3.17e-17	79.7
WP_000845048.1	337	k121_501972_1	N/A	34.831	53	178	4.44e-17	80.9
WP_000845048.1	337	k121_1249921_10	N/A	32.227	61	211	5.70e-17	84.0
WP_000845048.1	337	k121_2038572_1	N/A	30.061	48	163	6.12e-17	82.0
WP_000845048.1	337	k121_643578_1	N/A	37.908	44	153	6.23e-17	82.0
WP_000845048.1	337	k121_2444828_1	N/A	34.839	44	155	6.89e-17	80.9
WP_000845048.1	337	k121_191253_1	N/A	30.481	55	187	7.44e-17	80.9
WP_000845048.1	337	k121_329018_2	N/A	31.982	63	222	8.05e-17	84.3
WP_000845048.1	337	k121_2300973_1	N/A	31.618	77	272	8.87e-17	82.4
WP_000845048.1	337	k121_476841_1	N/A	57.576	20	66	9.29e-17	77.8
WP_000845048.1	337	k121_1633747_1	N/A	28.837	62	215	9.51e-17	81.3
WP_000845048.1	337	k121_1413887_8	N/A	31.646	68	237	1.04e-16	83.6
WP_000845048.1	337	k121_990645_1	N/A	27.966	68	236	1.06e-16	83.2
WP_000845048.1	337	k121_245825_2	N/A	27.213	85	305	1.07e-16	83.2
WP_000845048.1	337	k121_840906_1	N/A	35.429	52	175	1.23e-16	79.7
WP_000845048.1	337	k121_1050969_1	N/A	30.508	63	236	1.24e-16	83.2
WP_000845048.1	337	k121_2387497_1	N/A	28.723	83	282	1.33e-16	81.6
WP_000845048.1	337	k121_180342_2	N/A	58.571	20	70	1.34e-16	84.3
WP_000845048.1	337	k121_213605_1	N/A	36.029	39	136	2.24e-16	79.7
WP_000845048.1	337	k121_932739_2	N/A	30.041	67	243	2.25e-16	82.4
WP_000845048.1	337	k121_520069_2	N/A	29.276	84	304	2.41e-16	82.8
WP_000845048.1	337	k121_1075243_1	N/A	35.714	60	210	2.82e-16	80.9
WP_000845048.1	337	k121_25709_1	N/A	33.889	53	180	3.08e-16	79.0
WP_000845048.1	337	k121_1885370_1	N/A	50.000	23	76	3.08e-16	77.0
WP_000845048.1	337	k121_1281324_2	N/A	32.601	77	273	3.18e-16	82.0
WP_000845048.1	337	k121_1981803_2	N/A	30.667	63	225	3.18e-16	82.0
WP_000845048.1	337	k121_547501_1	N/A	29.057	74	265	3.74e-16	81.3
WP_000845048.1	337	k121_1995956_2	N/A	59.091	20	66	3.76e-16	78.2
WP_000845048.1	337	k121_1168805_2	N/A	30.337	53	178	3.90e-16	79.0
WP_000845048.1	337	k121_6028_1	N/A	26.236	75	263	4.03e-16	81.3
WP_000845048.1	337	k121_468647_1	N/A	32.093	62	215	4.41e-16	79.0
WP_000845048.1	337	k121_2314701_15	N/A	28.727	78	275	4.48e-16	81.6
WP_000845048.1	337	k121_2522940_2	N/A	32.022	53	178	4.49e-16	79.0
WP_000845048.1	337	k121_199131_1	N/A	33.945	62	218	4.73e-16	80.5
WP_000845048.1	337	k121_1769105_2	N/A	36.170	55	188	5.08e-16	78.6
WP_000845048.1	337	k121_2300631_1	N/A	31.050	63	219	5.42e-16	81.6
WP_000845048.1	337	k121_2043430_2	N/A	45.333	22	75	5.54e-16	75.9
WP_000845048.1	337	k121_376359_1	N/A	46.341	24	82	5.85e-16	76.3
WP_000845048.1	337	k121_811003_1	N/A	34.653	59	202	6.02e-16	79.0
WP_000845048.1	337	k121_2013575_1	N/A	31.481	60	216	6.05e-16	79.3
WP_000845048.1	337	k121_1242888_2	N/A	57.576	20	66	6.48e-16	77.0
WP_000845048.1	337	k121_860993_1	N/A	30.418	75	263	8.11e-16	79.7
WP_000845048.1	337	k121_382705_1	N/A	33.010	59	206	8.54e-16	78.2
WP_000845048.1	337	k121_1871956_9	N/A	26.909	78	275	1.05e-15	80.5
WP_000845048.1	337	k121_1779096_1	N/A	31.982	64	222	1.29e-15	79.0
WP_000845048.1	337	k121_2435505_1	N/A	32.599	66	227	1.34e-15	77.8
WP_000845048.1	337	k121_252587_2	N/A	48.750	24	80	1.44e-15	75.9
WP_000845048.1	337	k121_2277576_2	N/A	29.730	55	185	1.59e-15	77.0
WP_000845048.1	337	k121_799442_1	N/A	45.000	24	80	1.71e-15	74.3
WP_000845048.1	337	k121_1231114_2	N/A	29.779	77	272	1.76e-15	79.7
WP_000845048.1	337	k121_616590_1	N/A	33.971	60	209	1.82e-15	77.8
WP_000845048.1	337	k121_136876_1	N/A	30.055	54	183	1.87e-15	77.0
WP_000845048.1	337	k121_583825_1	N/A	36.364	45	154	1.93e-15	77.8
WP_000845048.1	337	k121_1573023_2	N/A	32.044	53	181	2.09e-15	77.4
WP_000845048.1	337	k121_1274173_2	N/A	31.868	54	182	2.11e-15	77.4
WP_000845048.1	337	k121_242994_1	N/A	35.393	53	178	2.25e-15	77.8
WP_000845048.1	337	k121_623094_2	N/A	30.337	53	178	2.89e-15	76.3
WP_000845048.1	337	k121_2000239_1	N/A	30.108	82	279	3.63e-15	77.8
WP_000845048.1	337	k121_1833221_6	N/A	31.641	72	256	3.87e-15	78.6
WP_000845048.1	337	k121_2090040_1	N/A	32.292	55	192	4.54e-15	76.3
WP_000845048.1	337	k121_1544870_1	N/A	30.233	62	215	4.61e-15	77.0
WP_000845048.1	337	k121_718475_2	N/A	31.140	64	228	5.55e-15	77.0
WP_000845048.1	337	k121_1662029_2	N/A	28.216	67	241	6.68e-15	78.6
WP_000845048.1	337	k121_1216070_2	N/A	30.055	54	183	6.94e-15	75.5
WP_000845048.1	337	k121_2157805_1	N/A	28.169	79	284	7.74e-15	79.3
WP_000845048.1	337	k121_1404177_1	N/A	41.379	34	116	1.15e-14	77.0
WP_000845048.1	337	k121_1916738_3	N/A	27.542	63	236	1.17e-14	77.8
WP_000845048.1	337	k121_994649_2	N/A	29.470	85	302	1.23e-14	77.0
WP_000845048.1	337	k121_1361129_1	N/A	31.944	62	216	1.32e-14	76.6
WP_000845048.1	337	k121_941590_1	N/A	26.437	76	261	1.71e-14	75.9
WP_000845048.1	337	k121_2143127_1	N/A	28.017	66	232	1.82e-14	77.0
WP_000845048.1	337	k121_921288_2	N/A	29.694	63	229	1.92e-14	75.1
WP_000845048.1	337	k121_1430533_2	N/A	56.716	20	67	1.99e-14	73.6
WP_000845048.1	337	k121_1575073_13	N/A	31.179	74	263	2.05e-14	76.6
WP_000845048.1	337	k121_965225_1	N/A	32.919	47	161	2.20e-14	74.3
WP_000845048.1	337	k121_502164_2	N/A	46.154	23	78	3.06e-14	71.6
WP_000845048.1	337	k121_1511547_2	N/A	30.827	74	266	3.26e-14	76.3
WP_000845048.1	337	k121_181765_1	N/A	25.333	88	300	3.46e-14	75.5
WP_000845048.1	337	k121_512244_1	N/A	29.213	53	178	3.70e-14	73.2
WP_000845048.1	337	k121_2474553_2	N/A	30.072	78	276	4.57e-14	75.9
WP_000845048.1	337	k121_1458284_2	N/A	28.483	89	323	4.88e-14	75.5
WP_000845048.1	337	k121_1130650_1	N/A	55.405	21	74	5.33e-14	72.4
WP_000845048.1	337	k121_416638_1	N/A	30.620	73	258	6.39e-14	74.7
WP_000845048.1	337	k121_420289_1	N/A	30.601	53	183	7.17e-14	72.8
WP_000845048.1	337	k121_2106506_1	N/A	31.551	54	187	7.45e-14	73.6
WP_000845048.1	337	k121_1589978_3	N/A	31.163	62	215	8.01e-14	75.1
WP_000845048.1	337	k121_2449691_1	N/A	30.660	61	212	8.37e-14	72.8
WP_000845048.1	337	k121_915725_1	N/A	43.011	28	93	9.23e-14	70.1
WP_000845048.1	337	k121_1853467_3	N/A	28.247	85	308	1.04e-13	74.7
WP_000845048.1	337	k121_2468142_1	N/A	36.875	47	160	1.38e-13	71.2
WP_000845048.1	337	k121_1457849_2	N/A	29.670	77	273	1.53e-13	74.3
WP_000845048.1	337	k121_1119196_2	N/A	31.447	47	159	1.84e-13	73.2
WP_000845048.1	337	k121_159373_3	N/A	27.645	82	293	1.92e-13	73.9
WP_000845048.1	337	k121_733415_2	N/A	50.000	21	70	2.08e-13	70.5
WP_000845048.1	337	k121_912023_4	N/A	27.477	63	222	2.57e-13	71.6
WP_000845048.1	337	k121_961634_2	N/A	50.000	21	72	2.60e-13	68.9
WP_000845048.1	337	k121_651233_6	N/A	29.204	64	226	2.87e-13	73.2
WP_000845048.1	337	k121_186851_3	N/A	28.938	77	273	3.01e-13	73.6
WP_000845048.1	337	k121_283602_2	N/A	32.374	41	139	3.04e-13	73.9
WP_000845048.1	337	k121_2110458_1	N/A	44.737	23	76	3.07e-13	68.6
WP_000845048.1	337	k121_423089_1	N/A	33.094	35	139	3.13e-13	70.5
WP_000845048.1	337	k121_2508273_2	N/A	25.253	86	297	3.19e-13	73.6
WP_000845048.1	337	k121_2476895_1	N/A	30.055	54	183	3.30e-13	70.9
WP_000845048.1	337	k121_2049272_1	N/A	29.688	75	256	4.58e-13	71.2
WP_000845048.1	337	k121_600312_1	N/A	30.531	61	226	5.09e-13	72.8
WP_000845048.1	337	k121_1294481_1	N/A	30.337	53	178	5.61e-13	69.7
WP_000845048.1	337	k121_2139905_2	N/A	41.509	30	106	5.64e-13	69.3
WP_000845048.1	337	k121_1163061_1	N/A	31.081	63	222	5.81e-13	72.8
WP_000845048.1	337	k121_95956_3	N/A	53.731	20	67	5.95e-13	67.8
WP_000845048.1	337	k121_2236537_1	N/A	30.476	61	210	6.34e-13	70.5
WP_000845048.1	337	k121_1526426_1	N/A	30.660	59	212	6.45e-13	71.6
WP_000845048.1	337	k121_896701_1	N/A	30.804	62	224	6.54e-13	71.6
WP_000845048.1	337	k121_2325703_6	N/A	38.514	44	148	6.91e-13	68.9
WP_000845048.1	337	k121_1072316_1	N/A	32.335	49	167	6.99e-13	70.9
WP_000845048.1	337	k121_791534_1	N/A	34.078	53	179	7.05e-13	69.7
WP_000845048.1	337	k121_1929506_2	N/A	47.945	22	73	7.12e-13	67.8
WP_000845048.1	337	k121_2385475_2	N/A	26.846	86	298	7.20e-13	72.4
WP_000845048.1	337	k121_1279878_2	N/A	27.597	84	308	7.58e-13	72.4
WP_000845048.1	337	k121_1821982_2	N/A	53.623	20	69	8.43e-13	67.4
WP_000845048.1	337	k121_570329_1	N/A	35.507	41	138	8.58e-13	69.7
WP_000845048.1	337	k121_2494962_2	N/A	49.333	22	75	8.95e-13	67.4
WP_000845048.1	337	k121_216698_1	N/A	53.623	20	69	9.78e-13	68.2
WP_000845048.1	337	k121_1877123_1	N/A	29.167	56	192	1.03e-12	69.7
WP_000845048.1	337	k121_2146110_2	N/A	44.048	25	84	1.24e-12	67.0
WP_000845048.1	337	k121_535702_1	N/A	30.508	53	177	1.50e-12	68.6
WP_000845048.1	337	k121_844920_1	N/A	27.511	63	229	1.54e-12	70.1
WP_000845048.1	337	k121_1675362_6	N/A	27.660	77	282	1.61e-12	70.9
WP_000845048.1	337	k121_1700539_7	N/A	29.143	51	175	1.66e-12	68.6
WP_000845048.1	337	k121_317180_2	N/A	46.479	21	71	1.74e-12	67.4
WP_000845048.1	337	k121_1275351_2	N/A	42.857	21	70	1.79e-12	65.9
WP_000845048.1	337	k121_2520512_2	N/A	34.078	53	179	1.84e-12	68.9
WP_000845048.1	337	k121_2111084_1	N/A	41.379	26	87	1.84e-12	67.4
WP_000845048.1	337	k121_2217951_1	N/A	29.304	77	273	1.88e-12	71.2
WP_000845048.1	337	k121_400120_1	N/A	32.967	54	182	2.15e-12	69.3
WP_000845048.1	337	k121_110150_5	N/A	28.571	63	224	2.35e-12	70.9
WP_000845048.1	337	k121_315915_2	N/A	45.070	21	71	2.62e-12	66.2
WP_000845048.1	337	k121_2385117_2	N/A	32.418	53	182	2.68e-12	68.2
WP_000845048.1	337	k121_617196_1	N/A	29.891	54	184	2.82e-12	68.2
WP_000845048.1	337	k121_1873264_7	N/A	30.357	62	224	3.02e-12	70.1
WP_000845048.1	337	k121_2593460_1	N/A	35.616	42	146	3.05e-12	68.2
WP_000845048.1	337	k121_60485_1	N/A	40.179	33	112	3.07e-12	66.2
WP_000845048.1	337	k121_2258000_17	N/A	31.844	53	179	3.25e-12	70.5
WP_000845048.1	337	k121_1030322_1	N/A	27.881	75	269	3.58e-12	69.7
WP_000845048.1	337	k121_1879354_2	N/A	32.883	63	222	4.00e-12	68.9
WP_000845048.1	337	k121_1745375_2	N/A	30.275	63	218	4.10e-12	68.9
WP_000845048.1	337	k121_2372993_1	N/A	29.126	85	309	5.17e-12	70.1
WP_000845048.1	337	k121_998925_2	N/A	52.941	20	68	5.64e-12	65.5
WP_000845048.1	337	k121_1923302_2	N/A	32.768	53	177	5.99e-12	69.7
WP_000845048.1	337	k121_1403367_1	N/A	33.758	47	157	6.27e-12	67.0
WP_000845048.1	337	k121_1499043_1	N/A	29.231	56	195	7.60e-12	67.0
WP_000845048.1	337	k121_1722122_1	N/A	28.161	51	174	7.60e-12	66.2
WP_000845048.1	337	k121_1410048_1	N/A	28.415	54	183	7.66e-12	66.6
WP_000845048.1	337	k121_129128_1	N/A	29.018	63	224	7.73e-12	67.4
WP_000845048.1	337	k121_1226799_2	N/A	31.527	59	203	9.38e-12	68.6
WP_000845048.1	337	k121_141981_2	N/A	29.108	61	213	1.01e-11	68.6
WP_000845048.1	337	k121_400736_3	N/A	29.333	61	225	1.02e-11	68.9
WP_000845048.1	337	k121_229930_1	N/A	34.659	51	176	1.33e-11	67.8
WP_000845048.1	337	k121_596591_1	N/A	28.505	59	214	1.37e-11	66.6
WP_000845048.1	337	k121_1378341_1	N/A	26.606	63	218	1.39e-11	67.0
WP_000845048.1	337	k121_2527206_3	N/A	31.222	63	221	1.62e-11	68.2
WP_000845048.1	337	k121_36806_11	N/A	27.184	85	309	1.74e-11	68.2
WP_000845048.1	337	k121_252524_2	N/A	26.606	88	327	2.13e-11	68.2
