SadA_ref|WP_036299419.1|:1-399	399	k121_120062_1	N/A	37.443	55	219	4.23e-49	164
SadA_ref|WP_036299419.1|:1-399	399	k121_113142_12	N/A	23.246	52	228	0.014	36.2
SadB_ref|WP_100812327.1|:1-423	423	k121_120062_1	N/A	35.149	48	202	7.47e-40	141
SadC_ref|WP_036299413.1|:1-194	194	k121_54105_2	N/A	23.944	73	142	1.92e-07	48.1
SadC_ref|WP_036299413.1|:1-194	194	k121_63598_17	N/A	28.148	68	135	9.62e-07	45.8
SadC_ref|WP_036299413.1|:1-194	194	k121_921_2	N/A	26.316	68	133	2.13e-04	39.3
SadC_ref|WP_036299413.1|:1-194	194	k121_84481_1	N/A	37.288	30	59	0.009	34.7
SadC_ref|WP_036299413.1|:1-194	194	k121_76218_3	N/A	37.705	31	61	0.016	32.3
SadC_ref|WP_036299413.1|:1-194	194	k121_67079_2	N/A	24.684	80	158	0.020	33.5
WP_000259031.1	279	k121_92083_2	N/A	36.546	88	249	7.37e-40	138
WP_000259031.1	279	k121_83094_2	N/A	35.023	76	217	1.25e-28	109
WP_000259031.1	279	k121_10449_3	N/A	33.178	76	214	4.26e-27	105
WP_000259031.1	279	k121_54080_1	N/A	32.453	94	265	3.21e-26	103
WP_000259031.1	279	k121_52774_2	N/A	33.071	87	254	4.76e-25	99.8
WP_000259031.1	279	k121_24777_5	N/A	29.032	86	248	2.23e-17	78.6
WP_000259031.1	279	k121_33896_2	N/A	27.027	63	185	2.12e-09	55.1
WP_000259031.1	279	k121_11226_1	N/A	39.241	28	79	0.006	34.3
WP_000259031.1	279	k121_115777_1	N/A	33.673	35	98	0.020	35.4
WP_001043260.1	271	k121_92083_2	N/A	37.548	95	261	1.52e-49	163
WP_001043260.1	271	k121_10449_3	N/A	37.594	96	266	1.63e-39	137
WP_001043260.1	271	k121_54080_1	N/A	34.118	93	255	2.55e-34	124
WP_001043260.1	271	k121_83094_2	N/A	37.788	78	217	7.24e-34	122
WP_001043260.1	271	k121_52774_2	N/A	31.076	90	251	4.50e-26	102
WP_001043260.1	271	k121_24777_5	N/A	26.744	90	258	1.38e-12	65.1
WP_001043260.1	271	k121_33896_2	N/A	30.270	64	185	3.54e-12	63.2
WP_001043260.1	271	k121_44462_3	N/A	42.593	20	54	8.08e-07	44.7
WP_001043260.1	271	k121_11226_1	N/A	37.234	34	94	1.48e-05	42.0
WP_000034420.1	263	k121_92083_2	N/A	37.736	99	265	3.15e-56	180
WP_000034420.1	263	k121_10449_3	N/A	33.955	98	268	3.46e-45	152
WP_000034420.1	263	k121_83094_2	N/A	30.350	95	257	1.71e-30	113
WP_000034420.1	263	k121_54080_1	N/A	31.746	94	252	3.92e-30	113
WP_000034420.1	263	k121_52774_2	N/A	32.016	93	253	9.55e-30	112
WP_000034420.1	263	k121_24777_5	N/A	28.512	89	242	3.39e-21	88.6
WP_000034420.1	263	k121_11226_1	N/A	42.553	35	94	1.03e-12	61.6
WP_000034420.1	263	k121_33896_2	N/A	34.409	66	186	5.70e-12	62.4
WP_206434233.1	297	k121_92083_2	N/A	40.876	92	274	5.92e-66	206
WP_206434233.1	297	k121_10449_3	N/A	40.672	89	268	1.29e-54	177
WP_206434233.1	297	k121_83094_2	N/A	39.695	87	262	1.91e-50	166
WP_206434233.1	297	k121_52774_2	N/A	40.076	86	262	5.34e-45	152
WP_206434233.1	297	k121_54080_1	N/A	37.778	88	270	6.91e-44	150
WP_206434233.1	297	k121_24777_5	N/A	34.553	81	246	6.96e-40	139
WP_206434233.1	297	k121_33896_2	N/A	36.869	65	198	4.52e-24	95.9
WP_206434233.1	297	k121_11226_1	N/A	41.304	31	92	3.29e-16	71.6
WP_206434233.1	297	k121_44462_3	N/A	38.571	22	70	4.17e-07	45.8
WP_005414519.1	219	k121_53766_2	N/A	42.857	26	56	1.04e-09	55.1
WP_005414519.1	219	k121_36718_2	N/A	29.448	73	163	3.95e-09	53.1
WP_005414519.1	219	k121_63001_2	N/A	43.548	28	62	2.30e-07	48.1
WP_005414519.1	219	k121_6624_1	N/A	40.741	25	54	2.97e-07	48.1
WP_005414519.1	219	k121_117524_2	N/A	31.522	41	92	1.07e-06	47.0
WP_005414519.1	219	k121_36734_3	N/A	25.000	84	184	2.21e-06	45.8
WP_005414519.1	219	k121_57507_1	N/A	37.736	24	53	3.61e-06	44.3
WP_005414519.1	219	k121_37639_1	N/A	30.769	30	65	7.94e-06	42.4
WP_005414519.1	219	k121_38502_1	N/A	37.500	26	56	1.43e-05	41.2
WP_005414519.1	219	k121_60213_1	N/A	28.000	68	150	2.10e-05	42.7
WP_005414519.1	219	k121_17261_2	N/A	38.710	28	62	3.38e-05	42.4
WP_005414519.1	219	k121_84830_2	N/A	24.752	88	202	3.85e-05	42.4
WP_005414519.1	219	k121_49100_2	N/A	31.008	58	129	4.05e-05	42.0
WP_005414519.1	219	k121_10592_4	N/A	26.111	79	180	4.10e-05	42.0
WP_005414519.1	219	k121_7342_2	N/A	34.524	38	84	6.29e-05	42.0
WP_005414519.1	219	k121_46768_3	N/A	35.185	25	54	7.80e-05	41.2
WP_005414519.1	219	k121_1675_2	N/A	29.670	41	91	1.13e-04	40.8
WP_005414519.1	219	k121_82300_3	N/A	37.736	24	53	3.36e-04	39.3
WP_005414519.1	219	k121_25018_22	N/A	30.000	37	80	4.23e-04	38.9
WP_005414519.1	219	k121_8245_2	N/A	28.814	27	59	0.001	37.7
WP_005414519.1	219	k121_81711_3	N/A	29.762	38	84	0.001	35.8
WP_005414519.1	219	k121_81567_1	N/A	28.455	53	123	0.002	37.0
WP_005414519.1	219	k121_113706_1	N/A	30.303	30	66	0.003	36.6
WP_005414519.1	219	k121_14960_1	N/A	24.590	80	183	0.007	35.4
WP_005414519.1	219	k121_1067_1	N/A	34.000	23	50	0.014	32.7
WP_005414519.1	219	k121_109985_2	N/A	28.440	47	109	0.015	34.3
WP_005414519.1	219	k121_104332_5	N/A	29.032	28	62	0.016	34.3
WP_005414519.1	219	k121_84841_2	N/A	34.615	24	52	0.017	33.5
WP_005414519.1	219	k121_31517_2	N/A	37.255	23	51	0.020	33.9
WP_005414519.1	219	k121_74014_3	N/A	33.333	25	54	0.030	32.0
WP_005414519.1	219	k121_119744_2	N/A	29.630	25	54	0.059	32.7
WP_005414519.1	219	k121_117409_2	N/A	37.288	27	59	0.063	32.7
WP_005414519.1	219	k121_36991_13	N/A	33.871	28	62	0.065	32.3
WP_005414519.1	219	k121_99722_2	N/A	23.944	32	71	0.090	32.3
WP_005414519.1	219	k121_21159_2	N/A	35.294	23	51	0.091	32.0
WP_025877280.1	219	k121_53766_2	N/A	44.643	26	56	2.81e-10	56.6
WP_025877280.1	219	k121_36718_2	N/A	28.834	73	163	6.29e-10	55.1
WP_025877280.1	219	k121_63001_2	N/A	45.000	27	60	2.99e-07	47.8
WP_025877280.1	219	k121_6624_1	N/A	38.889	25	54	1.09e-06	46.6
WP_025877280.1	219	k121_36734_3	N/A	26.984	84	189	3.56e-06	45.1
WP_025877280.1	219	k121_57507_1	N/A	37.736	24	53	6.14e-06	43.5
WP_025877280.1	219	k121_117524_2	N/A	30.435	41	92	8.61e-06	44.3
WP_025877280.1	219	k121_60213_1	N/A	28.667	68	150	1.06e-05	43.5
WP_025877280.1	219	k121_49100_2	N/A	31.783	58	129	1.72e-05	43.1
WP_025877280.1	219	k121_17261_2	N/A	38.710	28	62	5.03e-05	41.6
WP_025877280.1	219	k121_84830_2	N/A	24.737	83	190	5.34e-05	42.0
WP_025877280.1	219	k121_37639_1	N/A	29.231	30	65	6.24e-05	39.7
WP_025877280.1	219	k121_38502_1	N/A	36.364	25	55	7.39e-05	38.9
WP_025877280.1	219	k121_7342_2	N/A	34.524	38	84	8.45e-05	41.6
WP_025877280.1	219	k121_46768_3	N/A	35.185	25	54	9.33e-05	40.8
WP_025877280.1	219	k121_10592_4	N/A	25.556	79	180	2.21e-04	39.7
WP_025877280.1	219	k121_1675_2	N/A	29.670	41	91	2.83e-04	39.7
WP_025877280.1	219	k121_82300_3	N/A	37.097	28	62	3.49e-04	39.3
WP_025877280.1	219	k121_25018_22	N/A	30.000	37	80	5.91e-04	38.5
WP_025877280.1	219	k121_8245_2	N/A	28.814	27	59	0.002	37.0
WP_025877280.1	219	k121_81567_1	N/A	27.407	58	135	0.002	37.0
WP_025877280.1	219	k121_113706_1	N/A	30.303	30	66	0.003	36.2
WP_025877280.1	219	k121_81711_3	N/A	28.571	38	84	0.007	33.9
WP_025877280.1	219	k121_1067_1	N/A	34.000	23	50	0.014	32.7
WP_025877280.1	219	k121_109985_2	N/A	28.440	47	109	0.018	34.3
WP_025877280.1	219	k121_31517_2	N/A	37.255	23	51	0.022	33.9
WP_025877280.1	219	k121_74014_3	N/A	33.333	25	54	0.024	32.3
WP_025877280.1	219	k121_84841_2	N/A	34.615	24	52	0.025	32.7
WP_025877280.1	219	k121_36991_13	N/A	33.871	28	62	0.041	33.1
WP_025877280.1	219	k121_99722_2	N/A	25.352	32	71	0.041	33.1
WP_025877280.1	219	k121_17517_2	N/A	26.582	35	79	0.055	32.7
WP_025877280.1	219	k121_119744_2	N/A	29.630	25	54	0.059	32.7
WP_025877280.1	219	k121_14960_1	N/A	23.497	80	183	0.062	32.3
WP_025877280.1	219	k121_117409_2	N/A	38.889	25	54	0.068	32.3
WP_089236970.1	219	k121_53766_2	N/A	44.643	26	56	2.76e-10	56.6
WP_089236970.1	219	k121_36718_2	N/A	28.834	73	163	7.38e-10	55.1
WP_089236970.1	219	k121_63001_2	N/A	45.000	27	60	2.72e-07	48.1
WP_089236970.1	219	k121_6624_1	N/A	38.889	25	54	1.06e-06	46.6
WP_089236970.1	219	k121_36734_3	N/A	27.895	84	190	2.01e-06	45.8
WP_089236970.1	219	k121_57507_1	N/A	37.736	24	53	6.02e-06	43.5
WP_089236970.1	219	k121_117524_2	N/A	30.435	41	92	9.02e-06	44.3
WP_089236970.1	219	k121_60213_1	N/A	28.667	68	150	1.04e-05	43.9
WP_089236970.1	219	k121_49100_2	N/A	31.783	58	129	1.46e-05	43.5
WP_089236970.1	219	k121_84830_2	N/A	24.737	83	190	3.41e-05	42.4
WP_089236970.1	219	k121_17261_2	N/A	38.710	28	62	5.32e-05	41.6
WP_089236970.1	219	k121_37639_1	N/A	29.231	30	65	6.55e-05	39.7
WP_089236970.1	219	k121_38502_1	N/A	36.364	25	55	7.03e-05	39.3
WP_089236970.1	219	k121_7342_2	N/A	34.524	38	84	7.92e-05	41.6
WP_089236970.1	219	k121_46768_3	N/A	35.185	25	54	9.24e-05	40.8
WP_089236970.1	219	k121_10592_4	N/A	25.556	79	180	1.86e-04	40.0
WP_089236970.1	219	k121_1675_2	N/A	29.670	41	91	2.83e-04	39.7
WP_089236970.1	219	k121_82300_3	N/A	37.736	24	53	3.59e-04	39.3
WP_089236970.1	219	k121_25018_22	N/A	30.000	37	80	5.97e-04	38.5
WP_089236970.1	219	k121_81567_1	N/A	27.407	58	135	0.002	37.0
WP_089236970.1	219	k121_8245_2	N/A	28.814	27	59	0.003	37.0
WP_089236970.1	219	k121_113706_1	N/A	30.303	30	66	0.003	36.2
WP_089236970.1	219	k121_81711_3	N/A	28.571	38	84	0.007	33.9
WP_089236970.1	219	k121_1067_1	N/A	34.000	23	50	0.014	32.7
WP_089236970.1	219	k121_109985_2	N/A	28.440	47	109	0.015	34.3
WP_089236970.1	219	k121_31517_2	N/A	37.255	23	51	0.022	33.9
WP_089236970.1	219	k121_84841_2	N/A	34.615	24	52	0.023	33.1
WP_089236970.1	219	k121_74014_3	N/A	33.333	25	54	0.025	32.0
WP_089236970.1	219	k121_14960_1	N/A	23.497	80	183	0.030	33.5
WP_089236970.1	219	k121_36991_13	N/A	33.871	28	62	0.043	33.1
WP_089236970.1	219	k121_119744_2	N/A	29.630	25	54	0.052	32.7
WP_089236970.1	219	k121_99722_2	N/A	25.352	32	71	0.068	32.7
WP_089236970.1	219	k121_117409_2	N/A	38.889	25	54	0.069	32.3
WP_089236970.1	219	k121_17517_2	N/A	26.582	35	79	0.092	32.3
WP_000845048.1	337	k121_74131_2	N/A	29.801	89	302	2.50e-32	120
WP_000845048.1	337	k121_103588_2	N/A	30.928	57	194	1.13e-24	97.4
WP_000845048.1	337	k121_63788_12	N/A	35.165	54	182	5.27e-21	88.2
WP_000845048.1	337	k121_87262_2	N/A	29.180	85	305	2.59e-18	82.8
WP_000845048.1	337	k121_12078_2	N/A	26.190	85	294	1.19e-17	81.3
WP_000845048.1	337	k121_97626_1	N/A	31.447	47	159	3.73e-15	73.2
WP_000845048.1	337	k121_68039_2	N/A	27.445	87	317	4.06e-15	73.6
WP_000845048.1	337	k121_107811_2	N/A	29.108	61	213	7.19e-13	66.6
WP_000845048.1	337	k121_119927_2	N/A	30.332	62	211	2.21e-12	66.2
WP_000845048.1	337	k121_119927_1	N/A	29.864	63	221	2.50e-09	57.4
WP_000845048.1	337	k121_15736_2	N/A	26.207	82	290	5.09e-09	56.2
WP_000845048.1	337	k121_114095_4	N/A	21.106	58	199	1.03e-08	53.9
WP_000845048.1	337	k121_35967_2	N/A	28.834	48	163	3.48e-08	50.8
WP_000845048.1	337	k121_79711_1	N/A	26.697	64	221	2.19e-07	50.8
WP_000845048.1	337	k121_33462_1	N/A	28.402	46	169	4.13e-07	49.3
WP_000845048.1	337	k121_51128_2	N/A	28.959	58	221	8.03e-07	49.3
WP_000845048.1	337	k121_50462_4	N/A	26.136	52	176	3.46e-05	43.9
WP_000845048.1	337	k121_112398_2	N/A	24.324	84	296	5.23e-05	43.5
WP_000845048.1	337	k121_79496_10	N/A	25.397	53	189	7.79e-05	43.1
WP_000845048.1	337	k121_26453_1	N/A	33.824	20	68	1.10e-04	40.0
WP_000845048.1	337	k121_35967_1	N/A	32.222	24	90	6.25e-04	39.7
WP_000845048.1	337	k121_83825_2	N/A	23.684	52	190	0.003	38.1
WP_000845048.1	337	k121_107949_2	N/A	27.907	25	86	0.005	37.4
WP_000845048.1	337	k121_49827_1	N/A	30.508	30	118	0.007	37.0
WP_000845048.1	337	k121_75522_13	N/A	21.519	83	316	0.020	35.4
WP_000845048.1	337	k121_119736_1	N/A	29.474	23	95	0.028	35.0
