SadA_ref|WP_036299419.1|:1-399	399	k121_978160_15	N/A	82.206	100	399	0.0	650
SadA_ref|WP_036299419.1|:1-399	399	k121_978160_14	N/A	47.368	100	399	2.92e-117	349
SadA_ref|WP_036299419.1|:1-399	399	k121_863089_1	N/A	29.919	93	371	6.43e-49	173
SadA_ref|WP_036299419.1|:1-399	399	k121_255110_14	N/A	32.626	92	377	2.55e-44	160
SadA_ref|WP_036299419.1|:1-399	399	k121_381671_1	N/A	27.525	98	396	1.21e-43	159
SadA_ref|WP_036299419.1|:1-399	399	k121_1055105_1	N/A	29.363	90	361	2.56e-42	155
SadA_ref|WP_036299419.1|:1-399	399	k121_383362_8	N/A	28.022	90	364	3.92e-42	155
SadA_ref|WP_036299419.1|:1-399	399	k121_323782_3	N/A	26.598	97	391	7.06e-41	152
SadA_ref|WP_036299419.1|:1-399	399	k121_751563_1	N/A	28.052	96	385	6.59e-40	149
SadA_ref|WP_036299419.1|:1-399	399	k121_51619_1	N/A	34.906	53	212	3.16e-38	140
SadA_ref|WP_036299419.1|:1-399	399	k121_1010943_34	N/A	26.158	89	367	2.63e-33	131
SadA_ref|WP_036299419.1|:1-399	399	k121_551536_9	N/A	27.978	90	361	1.35e-31	126
SadA_ref|WP_036299419.1|:1-399	399	k121_566152_3	N/A	24.935	95	385	3.85e-27	114
SadA_ref|WP_036299419.1|:1-399	399	k121_629151_3	N/A	28.906	95	384	6.71e-27	113
SadA_ref|WP_036299419.1|:1-399	399	k121_239534_77	N/A	24.590	92	366	1.16e-26	112
SadA_ref|WP_036299419.1|:1-399	399	k121_462092_4	N/A	27.551	97	392	3.56e-26	111
SadA_ref|WP_036299419.1|:1-399	399	k121_525617_2	N/A	27.151	91	372	1.19e-25	109
SadA_ref|WP_036299419.1|:1-399	399	k121_561635_5	N/A	26.963	94	382	1.80e-25	109
SadA_ref|WP_036299419.1|:1-399	399	k121_407898_4	N/A	26.243	89	362	1.62e-23	103
SadA_ref|WP_036299419.1|:1-399	399	k121_47185_2	N/A	25.581	85	344	2.42e-23	103
SadA_ref|WP_036299419.1|:1-399	399	k121_133781_79	N/A	26.371	94	383	6.70e-23	102
SadA_ref|WP_036299419.1|:1-399	399	k121_518840_2	N/A	26.500	95	400	1.99e-22	100
SadA_ref|WP_036299419.1|:1-399	399	k121_150939_1	N/A	28.837	54	215	2.51e-22	99.8
SadA_ref|WP_036299419.1|:1-399	399	k121_57957_10	N/A	24.745	95	392	4.34e-19	92.4
SadA_ref|WP_036299419.1|:1-399	399	k121_1036632_17	N/A	24.932	88	365	1.34e-18	89.7
SadA_ref|WP_036299419.1|:1-399	399	k121_49113_2	N/A	25.255	95	392	1.54e-14	77.8
SadA_ref|WP_036299419.1|:1-399	399	k121_569636_1	N/A	23.698	93	384	1.13e-13	75.1
SadA_ref|WP_036299419.1|:1-399	399	k121_116318_8	N/A	28.112	61	249	2.60e-11	67.8
SadA_ref|WP_036299419.1|:1-399	399	k121_203942_1	N/A	25.776	78	322	2.52e-10	64.3
SadA_ref|WP_036299419.1|:1-399	399	k121_695293_3	N/A	25.681	63	257	4.25e-10	62.8
SadA_ref|WP_036299419.1|:1-399	399	k121_149079_12	N/A	24.634	94	410	2.34e-09	62.0
SadA_ref|WP_036299419.1|:1-399	399	k121_128655_2	N/A	26.496	57	234	5.57e-08	56.6
SadA_ref|WP_036299419.1|:1-399	399	k121_178859_2	N/A	21.842	87	380	4.34e-07	54.7
SadA_ref|WP_036299419.1|:1-399	399	k121_979614_1	N/A	25.263	24	95	1.69e-04	43.5
SadA_ref|WP_036299419.1|:1-399	399	k121_1071391_1	N/A	23.362	80	351	2.51e-04	45.8
SadA_ref|WP_036299419.1|:1-399	399	k121_89786_4	N/A	22.487	87	378	4.55e-04	45.4
SadA_ref|WP_036299419.1|:1-399	399	k121_201306_18	N/A	21.932	88	383	5.57e-04	45.1
SadA_ref|WP_036299419.1|:1-399	399	k121_113332_1	N/A	20.997	87	381	6.88e-04	44.7
SadA_ref|WP_036299419.1|:1-399	399	k121_816852_1	N/A	26.619	67	278	0.002	43.5
SadA_ref|WP_036299419.1|:1-399	399	k121_908787_2	N/A	22.660	46	203	0.003	42.7
SadA_ref|WP_036299419.1|:1-399	399	k121_981369_11	N/A	23.464	85	358	0.003	42.7
SadA_ref|WP_036299419.1|:1-399	399	k121_228959_1	N/A	22.835	62	254	0.003	42.4
SadA_ref|WP_036299419.1|:1-399	399	k121_870260_5	N/A	24.561	52	228	0.004	42.4
SadA_ref|WP_036299419.1|:1-399	399	k121_491178_11	N/A	22.362	91	398	0.004	42.4
SadA_ref|WP_036299419.1|:1-399	399	k121_12386_1	N/A	30.952	21	84	0.004	42.4
SadA_ref|WP_036299419.1|:1-399	399	k121_588716_1	N/A	24.542	66	273	0.011	40.8
SadA_ref|WP_036299419.1|:1-399	399	k121_944173_14	N/A	20.576	54	243	0.012	40.8
SadA_ref|WP_036299419.1|:1-399	399	k121_86588_3	N/A	22.563	85	359	0.030	39.7
SadA_ref|WP_036299419.1|:1-399	399	k121_597289_1	N/A	24.457	43	184	0.031	39.7
SadB_ref|WP_100812327.1|:1-423	423	k121_978160_15	N/A	39.633	89	381	1.17e-76	246
SadB_ref|WP_100812327.1|:1-423	423	k121_978160_14	N/A	31.378	92	392	2.28e-57	196
SadB_ref|WP_100812327.1|:1-423	423	k121_323782_3	N/A	28.162	97	419	1.09e-47	171
SadB_ref|WP_100812327.1|:1-423	423	k121_381671_1	N/A	27.132	90	387	3.68e-40	150
SadB_ref|WP_100812327.1|:1-423	423	k121_1055105_1	N/A	29.945	85	364	5.77e-40	150
SadB_ref|WP_100812327.1|:1-423	423	k121_255110_14	N/A	28.906	87	384	2.06e-39	148
SadB_ref|WP_100812327.1|:1-423	423	k121_561635_5	N/A	28.173	93	394	1.56e-38	145
SadB_ref|WP_100812327.1|:1-423	423	k121_863089_1	N/A	26.849	85	365	1.33e-35	138
SadB_ref|WP_100812327.1|:1-423	423	k121_751563_1	N/A	28.378	87	370	1.73e-34	135
SadB_ref|WP_100812327.1|:1-423	423	k121_383362_8	N/A	27.095	82	358	1.83e-34	135
SadB_ref|WP_100812327.1|:1-423	423	k121_1010943_34	N/A	27.763	85	371	1.16e-33	132
SadB_ref|WP_100812327.1|:1-423	423	k121_47185_2	N/A	26.158	85	367	1.22e-28	118
SadB_ref|WP_100812327.1|:1-423	423	k121_51619_1	N/A	30.151	46	199	1.57e-28	115
SadB_ref|WP_100812327.1|:1-423	423	k121_629151_3	N/A	26.302	90	384	1.85e-28	118
SadB_ref|WP_100812327.1|:1-423	423	k121_239534_77	N/A	24.147	90	381	6.37e-28	116
SadB_ref|WP_100812327.1|:1-423	423	k121_462092_4	N/A	27.411	91	394	1.43e-27	115
SadB_ref|WP_100812327.1|:1-423	423	k121_57957_10	N/A	25.954	90	393	2.50e-27	117
SadB_ref|WP_100812327.1|:1-423	423	k121_150939_1	N/A	30.804	52	224	5.31e-26	110
SadB_ref|WP_100812327.1|:1-423	423	k121_133781_79	N/A	25.765	91	392	5.39e-26	110
SadB_ref|WP_100812327.1|:1-423	423	k121_551536_9	N/A	26.902	86	368	5.10e-24	105
SadB_ref|WP_100812327.1|:1-423	423	k121_518840_2	N/A	26.650	90	394	1.52e-22	101
SadB_ref|WP_100812327.1|:1-423	423	k121_116318_8	N/A	29.572	60	257	1.14e-18	90.1
SadB_ref|WP_100812327.1|:1-423	423	k121_525617_2	N/A	25.333	85	375	3.35e-18	88.6
SadB_ref|WP_100812327.1|:1-423	423	k121_1036632_17	N/A	25.538	86	372	1.00e-17	87.4
SadB_ref|WP_100812327.1|:1-423	423	k121_566152_3	N/A	24.665	83	373	1.03e-16	84.3
SadB_ref|WP_100812327.1|:1-423	423	k121_569636_1	N/A	24.688	90	401	7.33e-16	81.6
SadB_ref|WP_100812327.1|:1-423	423	k121_1071391_1	N/A	28.691	76	359	1.94e-15	80.1
SadB_ref|WP_100812327.1|:1-423	423	k121_49113_2	N/A	23.848	85	369	6.30e-14	75.9
SadB_ref|WP_100812327.1|:1-423	423	k121_407898_4	N/A	27.404	48	208	8.59e-14	75.5
SadB_ref|WP_100812327.1|:1-423	423	k121_128655_2	N/A	26.316	53	228	1.82e-13	73.2
SadB_ref|WP_100812327.1|:1-423	423	k121_588716_1	N/A	26.343	82	391	8.89e-13	72.4
SadB_ref|WP_100812327.1|:1-423	423	k121_149079_12	N/A	24.113	94	423	4.03e-11	67.4
SadB_ref|WP_100812327.1|:1-423	423	k121_834905_2	N/A	25.000	80	372	8.63e-11	66.2
SadB_ref|WP_100812327.1|:1-423	423	k121_491178_11	N/A	24.694	88	409	6.75e-10	63.5
SadB_ref|WP_100812327.1|:1-423	423	k121_979614_1	N/A	33.333	20	84	1.59e-09	57.8
SadB_ref|WP_100812327.1|:1-423	423	k121_488880_2	N/A	24.800	80	375	1.29e-08	59.7
SadB_ref|WP_100812327.1|:1-423	423	k121_201306_18	N/A	26.034	86	411	3.55e-08	58.2
SadB_ref|WP_100812327.1|:1-423	423	k121_203942_1	N/A	28.571	63	266	1.15e-07	56.2
SadB_ref|WP_100812327.1|:1-423	423	k121_113332_1	N/A	24.791	78	359	1.39e-07	56.6
SadB_ref|WP_100812327.1|:1-423	423	k121_89786_4	N/A	23.577	80	369	1.79e-07	56.2
SadB_ref|WP_100812327.1|:1-423	423	k121_480501_2	N/A	24.474	80	380	2.95e-07	55.5
SadB_ref|WP_100812327.1|:1-423	423	k121_695293_3	N/A	28.125	59	256	4.71e-07	53.9
SadB_ref|WP_100812327.1|:1-423	423	k121_178859_2	N/A	23.823	78	361	2.22e-06	52.8
SadB_ref|WP_100812327.1|:1-423	423	k121_799697_2	N/A	27.953	56	254	4.53e-06	50.8
SadB_ref|WP_100812327.1|:1-423	423	k121_12386_1	N/A	27.273	35	165	3.38e-05	48.9
SadB_ref|WP_100812327.1|:1-423	423	k121_908787_2	N/A	24.267	80	375	3.67e-05	48.9
SadB_ref|WP_100812327.1|:1-423	423	k121_351565_5	N/A	23.947	81	380	4.19e-05	48.5
SadB_ref|WP_100812327.1|:1-423	423	k121_981369_11	N/A	32.520	26	123	3.95e-04	45.4
SadB_ref|WP_100812327.1|:1-423	423	k121_1008231_1	N/A	28.571	28	119	4.88e-04	43.1
SadB_ref|WP_100812327.1|:1-423	423	k121_1065924_2	N/A	26.235	69	324	0.006	42.0
SadB_ref|WP_100812327.1|:1-423	423	k121_964084_4	N/A	23.140	80	363	0.012	40.8
SadB_ref|WP_100812327.1|:1-423	423	k121_944173_14	N/A	22.039	77	363	0.013	40.8
SadB_ref|WP_100812327.1|:1-423	423	k121_779219_1	N/A	28.125	26	128	0.023	40.0
SadB_ref|WP_100812327.1|:1-423	423	k121_482599_1	N/A	23.676	70	321	0.028	39.7
SadB_ref|WP_100812327.1|:1-423	423	k121_86588_3	N/A	30.081	26	123	0.029	39.7
SadB_ref|WP_100812327.1|:1-423	423	k121_479663_2	N/A	28.421	21	95	0.054	38.9
SadB_ref|WP_100812327.1|:1-423	423	k121_1113294_2	N/A	24.155	48	207	0.087	38.1
SadC_ref|WP_036299413.1|:1-194	194	k121_978160_13	N/A	52.976	87	168	1.55e-57	182
SadC_ref|WP_036299413.1|:1-194	194	k121_451172_4	N/A	26.667	85	165	2.73e-12	64.7
SadC_ref|WP_036299413.1|:1-194	194	k121_426780_7	N/A	31.496	65	127	1.01e-11	63.2
SadC_ref|WP_036299413.1|:1-194	194	k121_795087_2	N/A	27.742	76	155	5.28e-10	60.5
SadC_ref|WP_036299413.1|:1-194	194	k121_440004_5	N/A	28.125	82	160	1.23e-09	57.4
SadC_ref|WP_036299413.1|:1-194	194	k121_743695_17	N/A	38.710	47	93	2.47e-09	57.0
SadC_ref|WP_036299413.1|:1-194	194	k121_1061750_5	N/A	34.043	48	94	1.14e-08	55.1
SadC_ref|WP_036299413.1|:1-194	194	k121_472374_1	N/A	44.118	35	68	1.21e-08	53.5
SadC_ref|WP_036299413.1|:1-194	194	k121_703332_7	N/A	25.874	73	143	1.25e-08	56.6
SadC_ref|WP_036299413.1|:1-194	194	k121_925378_2	N/A	35.165	46	91	2.37e-08	55.8
SadC_ref|WP_036299413.1|:1-194	194	k121_463801_18	N/A	28.481	81	158	2.64e-08	53.9
SadC_ref|WP_036299413.1|:1-194	194	k121_539839_1	N/A	34.783	47	92	3.02e-08	52.4
SadC_ref|WP_036299413.1|:1-194	194	k121_741720_3	N/A	35.484	47	93	3.23e-08	53.9
SadC_ref|WP_036299413.1|:1-194	194	k121_302445_5	N/A	34.615	59	130	5.58e-08	53.5
SadC_ref|WP_036299413.1|:1-194	194	k121_869680_13	N/A	28.378	76	148	9.10e-08	52.4
SadC_ref|WP_036299413.1|:1-194	194	k121_20707_3	N/A	27.848	81	158	2.16e-07	51.6
SadC_ref|WP_036299413.1|:1-194	194	k121_880152_9	N/A	25.806	80	155	5.40e-07	50.8
SadC_ref|WP_036299413.1|:1-194	194	k121_664708_4	N/A	33.708	46	89	5.49e-07	50.4
SadC_ref|WP_036299413.1|:1-194	194	k121_418557_2	N/A	26.220	82	164	6.15e-07	50.1
SadC_ref|WP_036299413.1|:1-194	194	k121_1091867_2	N/A	34.831	46	89	6.83e-07	50.4
SadC_ref|WP_036299413.1|:1-194	194	k121_222479_6	N/A	25.694	73	144	1.02e-06	49.7
SadC_ref|WP_036299413.1|:1-194	194	k121_435896_7	N/A	28.571	54	105	3.51e-06	49.3
SadC_ref|WP_036299413.1|:1-194	194	k121_408440_2	N/A	23.944	73	142	4.31e-06	48.1
SadC_ref|WP_036299413.1|:1-194	194	k121_1056819_17	N/A	24.845	82	161	5.46e-06	48.5
SadC_ref|WP_036299413.1|:1-194	194	k121_841884_3	N/A	35.802	40	81	5.96e-06	47.4
SadC_ref|WP_036299413.1|:1-194	194	k121_275550_2	N/A	30.000	46	90	6.06e-06	48.5
SadC_ref|WP_036299413.1|:1-194	194	k121_187709_1	N/A	25.146	88	171	8.46e-06	47.4
SadC_ref|WP_036299413.1|:1-194	194	k121_383362_7	N/A	27.536	68	138	1.23e-05	47.8
SadC_ref|WP_036299413.1|:1-194	194	k121_508739_11	N/A	23.926	84	163	1.93e-05	45.8
SadC_ref|WP_036299413.1|:1-194	194	k121_242120_16	N/A	28.148	68	135	2.16e-05	45.8
SadC_ref|WP_036299413.1|:1-194	194	k121_280480_21	N/A	25.694	72	144	3.01e-05	45.4
SadC_ref|WP_036299413.1|:1-194	194	k121_17132_2	N/A	25.731	83	171	5.46e-05	45.1
SadC_ref|WP_036299413.1|:1-194	194	k121_21270_2	N/A	25.294	85	170	5.52e-05	44.7
SadC_ref|WP_036299413.1|:1-194	194	k121_323782_2	N/A	32.479	59	117	1.07e-04	45.1
SadC_ref|WP_036299413.1|:1-194	194	k121_654951_7	N/A	30.526	49	95	1.21e-04	42.7
SadC_ref|WP_036299413.1|:1-194	194	k121_87252_6	N/A	32.558	44	86	1.55e-04	44.3
SadC_ref|WP_036299413.1|:1-194	194	k121_446587_1	N/A	24.405	85	168	1.94e-04	43.1
SadC_ref|WP_036299413.1|:1-194	194	k121_266734_3	N/A	32.558	44	86	2.32e-04	43.5
SadC_ref|WP_036299413.1|:1-194	194	k121_849418_3	N/A	35.789	48	95	3.78e-04	42.4
SadC_ref|WP_036299413.1|:1-194	194	k121_824300_2	N/A	35.065	39	77	6.68e-04	42.0
SadC_ref|WP_036299413.1|:1-194	194	k121_585948_2	N/A	30.435	47	92	8.66e-04	41.6
SadC_ref|WP_036299413.1|:1-194	194	k121_983188_98	N/A	29.268	62	123	0.001	40.4
SadC_ref|WP_036299413.1|:1-194	194	k121_111272_2	N/A	31.034	44	87	0.002	40.8
SadC_ref|WP_036299413.1|:1-194	194	k121_653912_2	N/A	28.378	74	148	0.002	40.4
SadC_ref|WP_036299413.1|:1-194	194	k121_384523_3	N/A	24.211	95	190	0.003	40.0
SadC_ref|WP_036299413.1|:1-194	194	k121_433710_1	N/A	32.584	46	89	0.004	38.9
SadC_ref|WP_036299413.1|:1-194	194	k121_942341_8	N/A	26.316	68	133	0.005	39.3
SadC_ref|WP_036299413.1|:1-194	194	k121_150026_1	N/A	32.812	33	64	0.006	39.7
SadC_ref|WP_036299413.1|:1-194	194	k121_873152_2	N/A	46.939	25	49	0.009	38.5
SadC_ref|WP_036299413.1|:1-194	194	k121_689252_2	N/A	34.722	37	72	0.010	38.1
SadC_ref|WP_036299413.1|:1-194	194	k121_1088246_2	N/A	37.255	26	51	0.015	36.6
SadC_ref|WP_036299413.1|:1-194	194	k121_201457_3	N/A	25.000	63	128	0.097	35.4
WP_000259031.1	279	k121_175753_6	N/A	100.000	100	279	0.0	553
WP_000259031.1	279	k121_806006_2	N/A	53.540	81	226	1.69e-72	224
WP_000259031.1	279	k121_533601_2	N/A	43.694	79	222	6.18e-49	164
WP_000259031.1	279	k121_1106433_1	N/A	36.260	94	262	8.61e-40	142
WP_000259031.1	279	k121_503117_201	N/A	35.628	88	247	4.08e-38	137
WP_000259031.1	279	k121_11259_2	N/A	32.342	95	269	1.07e-32	123
WP_000259031.1	279	k121_839831_2	N/A	35.060	88	251	2.26e-31	120
WP_000259031.1	279	k121_941628_11	N/A	33.218	97	289	2.40e-31	120
WP_000259031.1	279	k121_594983_2	N/A	34.728	86	239	1.01e-30	118
WP_000259031.1	279	k121_986062_6	N/A	31.461	96	267	1.39e-30	118
WP_000259031.1	279	k121_271058_2	N/A	32.308	93	260	3.06e-29	114
WP_000259031.1	279	k121_883827_8	N/A	30.268	91	261	3.20e-29	114
WP_000259031.1	279	k121_425275_2	N/A	35.909	78	220	2.31e-28	112
WP_000259031.1	279	k121_982303_3	N/A	34.742	76	213	3.50e-28	111
WP_000259031.1	279	k121_1042141_7	N/A	31.599	94	269	3.61e-28	112
WP_000259031.1	279	k121_81126_1	N/A	34.483	88	261	5.99e-28	114
WP_000259031.1	279	k121_921617_8	N/A	34.389	79	221	1.24e-27	110
WP_000259031.1	279	k121_126425_176	N/A	33.708	95	267	1.43e-27	110
WP_000259031.1	279	k121_766668_3	N/A	36.653	87	251	3.18e-27	108
WP_000259031.1	279	k121_689396_2	N/A	31.325	88	249	3.25e-27	109
WP_000259031.1	279	k121_190165_2	N/A	35.023	76	217	3.41e-27	108
WP_000259031.1	279	k121_565256_29	N/A	36.239	76	218	4.36e-27	108
WP_000259031.1	279	k121_658571_2	N/A	32.331	93	266	4.56e-27	108
WP_000259031.1	279	k121_122037_1	N/A	33.523	63	176	6.62e-27	106
WP_000259031.1	279	k121_982536_3	N/A	33.462	92	260	8.96e-27	108
WP_000259031.1	279	k121_1052402_3	N/A	28.794	91	257	5.00e-26	106
WP_000259031.1	279	k121_878766_2	N/A	32.171	88	258	6.54e-26	105
WP_000259031.1	279	k121_204675_1	N/A	31.734	91	271	9.38e-26	105
WP_000259031.1	279	k121_561262_29	N/A	32.422	88	256	1.85e-25	104
WP_000259031.1	279	k121_183451_2	N/A	32.130	97	277	1.98e-25	104
WP_000259031.1	279	k121_868794_2	N/A	31.474	88	251	2.19e-25	104
WP_000259031.1	279	k121_933124_16	N/A	31.273	93	275	2.52e-25	103
WP_000259031.1	279	k121_294198_2	N/A	28.139	77	231	7.17e-25	102
WP_000259031.1	279	k121_20318_2	N/A	31.752	95	274	1.49e-24	102
WP_000259031.1	279	k121_808185_1	N/A	30.556	88	252	1.54e-24	102
WP_000259031.1	279	k121_859295_2	N/A	34.000	88	250	1.63e-24	102
WP_000259031.1	279	k121_514774_2	N/A	31.159	96	276	1.64e-24	102
WP_000259031.1	279	k121_677674_2	N/A	28.185	91	259	1.79e-24	102
WP_000259031.1	279	k121_81833_7	N/A	32.836	93	268	3.46e-24	102
WP_000259031.1	279	k121_528360_2	N/A	32.836	94	268	6.29e-24	101
WP_000259031.1	279	k121_706333_2	N/A	30.588	88	255	8.00e-24	100
WP_000259031.1	279	k121_439021_3	N/A	35.780	76	218	1.10e-23	100
WP_000259031.1	279	k121_5950_2	N/A	31.502	95	273	2.38e-23	99.0
WP_000259031.1	279	k121_665139_1	N/A	33.032	76	221	4.64e-23	98.6
WP_000259031.1	279	k121_283428_2	N/A	28.405	91	257	4.80e-23	97.8
WP_000259031.1	279	k121_557928_2	N/A	32.579	79	221	4.85e-23	97.8
WP_000259031.1	279	k121_427701_34	N/A	31.923	88	260	1.28e-22	97.4
WP_000259031.1	279	k121_974602_1	N/A	29.675	86	246	1.54e-22	96.3
WP_000259031.1	279	k121_432195_3	N/A	30.258	95	271	4.33e-22	95.9
WP_000259031.1	279	k121_89433_1	N/A	32.143	88	252	1.03e-21	94.7
WP_000259031.1	279	k121_619936_19	N/A	30.279	87	251	1.08e-21	94.4
WP_000259031.1	279	k121_907060_2	N/A	25.095	93	263	2.73e-21	93.2
WP_000259031.1	279	k121_297506_1	N/A	30.175	95	285	2.81e-21	93.6
WP_000259031.1	279	k121_463661_1	N/A	30.337	93	267	4.12e-21	93.2
WP_000259031.1	279	k121_682963_4	N/A	30.952	88	252	4.91e-21	92.4
WP_000259031.1	279	k121_145179_1	N/A	30.112	91	269	6.97e-21	93.2
WP_000259031.1	279	k121_708330_36	N/A	29.183	87	257	1.30e-20	92.0
WP_000259031.1	279	k121_660244_4	N/A	31.250	95	272	2.16e-20	91.3
WP_000259031.1	279	k121_626636_9	N/A	26.592	94	267	4.00e-20	90.1
WP_000259031.1	279	k121_39164_3	N/A	31.343	93	268	4.02e-20	91.3
WP_000259031.1	279	k121_140606_5	N/A	53.750	29	80	5.46e-20	85.1
WP_000259031.1	279	k121_1033385_33	N/A	28.315	98	279	8.50e-20	92.0
WP_000259031.1	279	k121_560951_29	N/A	31.308	76	214	1.64e-19	89.4
WP_000259031.1	279	k121_27414_75	N/A	27.037	95	270	2.41e-19	88.6
WP_000259031.1	279	k121_801192_1	N/A	29.208	72	202	2.59e-19	86.7
WP_000259031.1	279	k121_92742_5	N/A	28.723	98	282	2.79e-19	88.2
WP_000259031.1	279	k121_708427_4	N/A	26.882	98	279	3.31e-19	87.8
WP_000259031.1	279	k121_850572_11	N/A	31.923	89	260	6.68e-19	87.0
WP_000259031.1	279	k121_559617_7	N/A	34.348	81	230	6.92e-19	86.7
WP_000259031.1	279	k121_243052_1	N/A	29.358	77	218	7.36e-19	85.5
WP_000259031.1	279	k121_684817_2	N/A	38.596	61	171	9.64e-19	84.7
WP_000259031.1	279	k121_370451_2	N/A	34.066	63	182	1.19e-18	84.7
WP_000259031.1	279	k121_93505_2	N/A	30.909	78	220	1.96e-18	85.5
WP_000259031.1	279	k121_390486_1	N/A	28.796	68	191	5.83e-18	82.4
WP_000259031.1	279	k121_1052125_5	N/A	34.579	75	214	1.01e-17	83.6
WP_000259031.1	279	k121_28986_7	N/A	28.514	88	249	2.39e-17	82.8
WP_000259031.1	279	k121_947868_2	N/A	33.333	87	246	5.02e-17	81.6
WP_000259031.1	279	k121_591451_4	N/A	28.467	95	274	7.87e-17	81.6
WP_000259031.1	279	k121_1059193_1	N/A	29.694	80	229	4.82e-16	78.2
WP_000259031.1	279	k121_722444_13	N/A	31.559	87	263	7.32e-16	78.6
WP_000259031.1	279	k121_147933_2	N/A	25.735	95	272	9.60e-16	78.2
WP_000259031.1	279	k121_1086924_6	N/A	31.707	44	123	2.01e-15	74.3
WP_000259031.1	279	k121_422907_1	N/A	33.065	44	124	2.36e-15	73.9
WP_000259031.1	279	k121_1043725_1	N/A	31.977	61	172	3.28e-15	74.7
WP_000259031.1	279	k121_576643_2	N/A	26.341	70	205	7.83e-15	74.3
WP_000259031.1	279	k121_234238_1	N/A	31.452	88	248	1.31e-14	75.9
WP_000259031.1	279	k121_962050_1	N/A	27.074	80	229	1.51e-14	73.9
WP_000259031.1	279	k121_763063_14	N/A	30.657	88	274	1.74e-14	75.1
WP_000259031.1	279	k121_99274_1	N/A	33.180	76	217	2.07e-14	74.3
WP_000259031.1	279	k121_142322_4	N/A	28.736	90	261	5.89e-14	72.8
WP_000259031.1	279	k121_949478_3	N/A	29.804	87	255	6.67e-14	73.9
WP_000259031.1	279	k121_235021_1	N/A	30.952	44	126	8.12e-14	69.7
WP_000259031.1	279	k121_312676_4	N/A	28.767	89	292	9.67e-14	73.2
WP_000259031.1	279	k121_329896_3	N/A	32.227	73	211	1.29e-13	71.6
WP_000259031.1	279	k121_208832_1	N/A	31.333	53	150	2.28e-13	69.3
WP_000259031.1	279	k121_405026_1	N/A	35.200	45	125	3.77e-13	68.2
WP_000259031.1	279	k121_504334_1	N/A	32.353	36	102	3.80e-12	65.1
WP_000259031.1	279	k121_14281_2	N/A	24.638	72	207	6.51e-12	67.4
WP_000259031.1	279	k121_958165_1	N/A	29.834	63	181	2.58e-11	64.3
WP_000259031.1	279	k121_958172_1	N/A	29.834	63	181	3.17e-11	63.9
WP_000259031.1	279	k121_46646_2	N/A	26.857	62	175	1.33e-10	62.0
WP_000259031.1	279	k121_344800_1	N/A	31.897	42	116	3.33e-10	60.1
WP_000259031.1	279	k121_17514_2	N/A	30.570	67	193	5.51e-10	60.5
WP_000259031.1	279	k121_974206_3	N/A	31.313	70	198	3.12e-09	58.9
WP_000259031.1	279	k121_1091262_2	N/A	27.673	56	159	3.40e-09	57.8
WP_000259031.1	279	k121_1086924_5	N/A	40.000	30	85	1.20e-08	54.7
WP_000259031.1	279	k121_482205_2	N/A	29.091	95	275	4.70e-08	56.2
WP_000259031.1	279	k121_131027_1	N/A	29.940	58	167	1.88e-07	53.1
WP_000259031.1	279	k121_46320_1	N/A	30.370	47	135	3.12e-07	51.6
WP_000259031.1	279	k121_362858_1	N/A	40.594	35	101	2.11e-06	48.1
WP_000259031.1	279	k121_26702_1	N/A	31.034	41	116	4.29e-06	48.1
WP_000259031.1	279	k121_197872_1	N/A	34.211	27	76	4.35e-05	43.9
WP_000259031.1	279	k121_832946_1	N/A	29.457	44	129	5.65e-05	45.1
WP_000259031.1	279	k121_371970_3	N/A	33.696	31	92	3.37e-04	42.0
WP_000259031.1	279	k121_582121_1	N/A	35.897	28	78	0.004	38.9
WP_000259031.1	279	k121_682289_1	N/A	34.426	22	61	0.004	38.9
WP_000259031.1	279	k121_676681_1	N/A	36.047	30	86	0.006	38.9
WP_001043260.1	271	k121_806006_2	N/A	100.000	88	238	1.80e-167	465
WP_001043260.1	271	k121_175753_6	N/A	53.516	94	256	1.27e-83	254
WP_001043260.1	271	k121_533601_2	N/A	44.495	79	218	1.48e-54	178
WP_001043260.1	271	k121_503117_201	N/A	37.548	95	261	1.41e-48	164
WP_001043260.1	271	k121_594983_2	N/A	39.837	88	246	5.07e-47	160
WP_001043260.1	271	k121_1106433_1	N/A	37.692	96	260	7.73e-47	160
WP_001043260.1	271	k121_839831_2	N/A	39.080	95	261	2.19e-45	156
WP_001043260.1	271	k121_921617_8	N/A	40.449	97	267	1.85e-41	146
WP_001043260.1	271	k121_557928_2	N/A	39.700	97	267	3.26e-41	145
WP_001043260.1	271	k121_425275_2	N/A	37.453	96	267	1.52e-39	142
WP_001043260.1	271	k121_933124_16	N/A	34.926	95	272	1.52e-39	141
WP_001043260.1	271	k121_514774_2	N/A	37.079	95	267	3.86e-39	140
WP_001043260.1	271	k121_20318_2	N/A	35.688	96	269	4.87e-39	140
WP_001043260.1	271	k121_986062_6	N/A	35.714	98	266	5.13e-39	140
WP_001043260.1	271	k121_11259_2	N/A	33.712	97	264	6.71e-39	139
WP_001043260.1	271	k121_271058_2	N/A	34.221	97	263	1.29e-38	139
WP_001043260.1	271	k121_878766_2	N/A	37.452	95	259	3.80e-38	137
WP_001043260.1	271	k121_81126_1	N/A	37.546	92	269	1.09e-37	140
WP_001043260.1	271	k121_868794_2	N/A	35.632	95	261	1.75e-37	136
WP_001043260.1	271	k121_982536_3	N/A	37.500	91	248	4.52e-37	134
WP_001043260.1	271	k121_204675_1	N/A	34.483	91	261	1.50e-36	133
WP_001043260.1	271	k121_565256_29	N/A	39.544	94	263	5.36e-36	132
WP_001043260.1	271	k121_561262_29	N/A	34.701	96	268	8.54e-36	131
WP_001043260.1	271	k121_658571_2	N/A	35.338	95	266	3.39e-35	129
WP_001043260.1	271	k121_689396_2	N/A	33.992	92	253	9.08e-35	129
WP_001043260.1	271	k121_682963_4	N/A	36.290	90	248	1.53e-34	128
WP_001043260.1	271	k121_126425_176	N/A	36.260	96	262	3.50e-34	127
WP_001043260.1	271	k121_665139_1	N/A	31.560	97	282	7.50e-34	127
WP_001043260.1	271	k121_297506_1	N/A	33.333	98	282	2.66e-33	125
WP_001043260.1	271	k121_801192_1	N/A	36.269	71	193	5.89e-33	122
WP_001043260.1	271	k121_708330_36	N/A	34.717	95	265	1.05e-32	124
WP_001043260.1	271	k121_93505_2	N/A	34.340	95	265	1.20e-32	123
WP_001043260.1	271	k121_859295_2	N/A	34.661	92	251	1.81e-32	123
WP_001043260.1	271	k121_190165_2	N/A	37.788	78	217	1.99e-32	122
WP_001043260.1	271	k121_122037_1	N/A	37.356	64	174	2.65e-32	120
WP_001043260.1	271	k121_528360_2	N/A	37.692	95	260	5.48e-32	122
WP_001043260.1	271	k121_941628_11	N/A	32.482	97	274	7.28e-32	122
WP_001043260.1	271	k121_463661_1	N/A	33.955	96	268	1.72e-31	120
WP_001043260.1	271	k121_766668_3	N/A	37.751	90	249	3.85e-31	119
WP_001043260.1	271	k121_39164_3	N/A	34.559	97	272	8.46e-31	120
WP_001043260.1	271	k121_850572_11	N/A	36.154	91	260	9.74e-31	118
WP_001043260.1	271	k121_722444_13	N/A	35.907	91	259	1.54e-30	117
WP_001043260.1	271	k121_883827_8	N/A	31.203	96	266	2.63e-30	117
WP_001043260.1	271	k121_982303_3	N/A	32.463	97	268	1.21e-29	115
WP_001043260.1	271	k121_626636_9	N/A	28.244	96	262	1.74e-29	115
WP_001043260.1	271	k121_974602_1	N/A	32.661	91	248	1.83e-29	114
WP_001043260.1	271	k121_1042141_7	N/A	31.225	92	253	4.69e-28	111
WP_001043260.1	271	k121_439021_3	N/A	37.778	79	225	6.34e-28	111
WP_001043260.1	271	k121_808185_1	N/A	31.111	97	270	6.66e-28	111
WP_001043260.1	271	k121_147933_2	N/A	31.179	96	263	8.02e-28	110
WP_001043260.1	271	k121_81833_7	N/A	35.472	96	265	1.21e-27	111
WP_001043260.1	271	k121_677674_2	N/A	26.400	91	250	5.40e-27	108
WP_001043260.1	271	k121_1086924_6	N/A	38.519	50	135	2.22e-26	102
WP_001043260.1	271	k121_390486_1	N/A	34.595	68	185	2.86e-26	104
WP_001043260.1	271	k121_947868_2	N/A	36.154	95	260	3.30e-26	106
WP_001043260.1	271	k121_706333_2	N/A	29.740	97	269	6.06e-26	106
WP_001043260.1	271	k121_560951_29	N/A	33.210	97	271	1.09e-25	105
WP_001043260.1	271	k121_89433_1	N/A	32.669	92	251	1.61e-25	104
WP_001043260.1	271	k121_5950_2	N/A	30.916	96	262	1.96e-25	104
WP_001043260.1	271	k121_283428_2	N/A	27.170	96	265	2.04e-25	103
WP_001043260.1	271	k121_405026_1	N/A	40.945	47	127	7.73e-25	99.4
WP_001043260.1	271	k121_183451_2	N/A	31.298	96	262	9.33e-25	102
WP_001043260.1	271	k121_427701_34	N/A	34.733	90	262	2.21e-24	102
WP_001043260.1	271	k121_235021_1	N/A	41.270	45	126	3.53e-24	97.1
WP_001043260.1	271	k121_27414_75	N/A	31.076	90	251	4.59e-24	101
WP_001043260.1	271	k121_422907_1	N/A	42.400	46	125	5.05e-24	97.1
WP_001043260.1	271	k121_294198_2	N/A	29.694	80	229	8.10e-24	99.0
WP_001043260.1	271	k121_576643_2	N/A	31.122	71	196	9.33e-24	98.2
WP_001043260.1	271	k121_708427_4	N/A	29.057	96	265	3.68e-23	98.6
WP_001043260.1	271	k121_559617_7	N/A	34.074	97	270	7.01e-23	97.4
WP_001043260.1	271	k121_370451_2	N/A	34.444	64	180	7.87e-23	95.9
WP_001043260.1	271	k121_140606_5	N/A	51.685	33	89	1.30e-22	91.7
WP_001043260.1	271	k121_1052125_5	N/A	33.333	90	270	3.01e-22	95.9
WP_001043260.1	271	k121_1052402_3	N/A	26.415	96	265	7.99e-22	94.7
WP_001043260.1	271	k121_432195_3	N/A	30.597	96	268	9.62e-22	94.7
WP_001043260.1	271	k121_234238_1	N/A	32.661	90	248	1.81e-21	95.1
WP_001043260.1	271	k121_1043725_1	N/A	34.737	68	190	2.31e-21	91.3
WP_001043260.1	271	k121_344800_1	N/A	42.718	38	103	1.44e-20	87.8
WP_001043260.1	271	k121_962050_1	N/A	29.864	79	221	2.90e-20	89.4
WP_001043260.1	271	k121_208832_1	N/A	38.281	47	128	1.08e-19	86.3
WP_001043260.1	271	k121_99274_1	N/A	30.526	97	285	2.69e-19	87.8
WP_001043260.1	271	k121_142322_4	N/A	30.233	77	215	2.24e-18	84.7
WP_001043260.1	271	k121_949478_3	N/A	28.287	89	251	3.28e-18	86.3
WP_001043260.1	271	k121_907060_2	N/A	23.574	95	263	1.05e-17	83.2
WP_001043260.1	271	k121_312676_4	N/A	30.075	80	266	1.36e-17	84.0
WP_001043260.1	271	k121_1059193_1	N/A	34.685	80	222	3.59e-17	80.9
WP_001043260.1	271	k121_14281_2	N/A	28.464	96	267	6.29e-17	81.6
WP_001043260.1	271	k121_92742_5	N/A	28.159	97	277	7.99e-17	81.3
WP_001043260.1	271	k121_684817_2	N/A	34.409	68	186	1.63e-16	78.6
WP_001043260.1	271	k121_243052_1	N/A	29.187	76	209	3.78e-16	78.2
WP_001043260.1	271	k121_197872_1	N/A	47.368	28	76	1.40e-15	72.8
WP_001043260.1	271	k121_28986_7	N/A	28.417	97	278	6.51e-15	75.9
WP_001043260.1	271	k121_145179_1	N/A	28.346	90	254	2.53e-14	74.7
WP_001043260.1	271	k121_974206_3	N/A	32.536	70	209	3.29e-14	72.8
WP_001043260.1	271	k121_660244_4	N/A	28.205	96	273	9.65e-14	72.8
WP_001043260.1	271	k121_591451_4	N/A	28.000	96	275	1.30e-13	72.4
WP_001043260.1	271	k121_504334_1	N/A	33.981	37	103	2.59e-13	68.2
WP_001043260.1	271	k121_682289_1	N/A	47.541	22	61	4.26e-13	66.2
WP_001043260.1	271	k121_329896_3	N/A	30.460	64	174	1.19e-12	68.9
WP_001043260.1	271	k121_1086924_5	N/A	36.275	38	102	6.66e-12	63.5
WP_001043260.1	271	k121_619936_19	N/A	27.985	95	268	9.13e-12	66.6
WP_001043260.1	271	k121_17514_2	N/A	31.915	68	188	1.07e-11	65.1
WP_001043260.1	271	k121_1033385_33	N/A	25.498	90	251	2.13e-11	66.6
WP_001043260.1	271	k121_958165_1	N/A	27.273	65	187	5.24e-11	63.2
WP_001043260.1	271	k121_958172_1	N/A	26.738	65	187	1.75e-10	61.6
WP_001043260.1	271	k121_131027_1	N/A	32.530	59	166	2.92e-10	60.8
WP_001043260.1	271	k121_148269_2	N/A	46.429	21	56	3.97e-10	57.8
WP_001043260.1	271	k121_582121_1	N/A	43.038	29	79	6.36e-10	57.8
WP_001043260.1	271	k121_46646_2	N/A	24.841	58	157	8.47e-08	53.9
WP_001043260.1	271	k121_1091262_2	N/A	26.667	58	165	3.86e-06	48.9
WP_001043260.1	271	k121_676681_1	N/A	33.654	38	104	3.85e-05	45.1
WP_001043260.1	271	k121_763063_14	N/A	27.835	96	291	6.80e-05	46.6
WP_001043260.1	271	k121_362858_1	N/A	43.210	30	81	1.25e-04	43.1
WP_001043260.1	271	k121_46320_1	N/A	32.000	37	100	4.69e-04	42.4
WP_001043260.1	271	k121_371970_3	N/A	29.670	33	91	0.003	38.9
WP_001043260.1	271	k121_482205_2	N/A	28.090	96	267	0.014	39.7
WP_001043260.1	271	k121_26702_1	N/A	28.000	37	100	0.040	36.6
WP_001043260.1	271	k121_560754_40	N/A	36.620	26	71	0.057	37.7
WP_000034420.1	263	k121_175753_6	N/A	43.182	100	264	3.54e-78	240
WP_000034420.1	263	k121_806006_2	N/A	54.167	82	216	2.55e-77	236
WP_000034420.1	263	k121_533601_2	N/A	44.344	83	221	7.01e-62	196
WP_000034420.1	263	k121_1106433_1	N/A	41.538	98	260	1.08e-57	187
WP_000034420.1	263	k121_839831_2	N/A	39.245	99	265	2.06e-55	181
WP_000034420.1	263	k121_503117_201	N/A	37.736	99	265	5.00e-55	181
WP_000034420.1	263	k121_859295_2	N/A	38.023	99	263	5.81e-49	165
WP_000034420.1	263	k121_594983_2	N/A	38.750	90	240	3.22e-48	162
WP_000034420.1	263	k121_868794_2	N/A	36.981	99	265	1.14e-47	162
WP_000034420.1	263	k121_986062_6	N/A	36.398	98	261	1.71e-46	159
WP_000034420.1	263	k121_878766_2	N/A	34.717	99	265	2.26e-46	159
WP_000034420.1	263	k121_982303_3	N/A	36.194	98	268	4.28e-46	157
WP_000034420.1	263	k121_20318_2	N/A	34.201	99	269	2.70e-45	156
WP_000034420.1	263	k121_933124_16	N/A	34.066	98	273	6.16e-45	154
WP_000034420.1	263	k121_557928_2	N/A	35.094	99	265	8.41e-45	154
WP_000034420.1	263	k121_982536_3	N/A	34.100	99	261	3.37e-44	153
WP_000034420.1	263	k121_271058_2	N/A	34.630	97	257	3.65e-44	152
WP_000034420.1	263	k121_921617_8	N/A	34.717	100	265	3.66e-44	152
WP_000034420.1	263	k121_514774_2	N/A	34.944	99	269	5.94e-44	153
WP_000034420.1	263	k121_11259_2	N/A	33.840	98	263	1.13e-42	149
WP_000034420.1	263	k121_81126_1	N/A	34.532	99	278	1.44e-41	150
WP_000034420.1	263	k121_126425_176	N/A	34.962	99	266	4.21e-41	145
WP_000034420.1	263	k121_665139_1	N/A	32.852	99	277	3.07e-40	143
WP_000034420.1	263	k121_808185_1	N/A	33.460	98	263	7.03e-40	142
WP_000034420.1	263	k121_204675_1	N/A	33.696	98	276	1.38e-39	141
WP_000034420.1	263	k121_93505_2	N/A	34.351	99	262	1.59e-39	140
WP_000034420.1	263	k121_706333_2	N/A	33.086	99	269	2.91e-39	141
WP_000034420.1	263	k121_561262_29	N/A	34.211	98	266	5.35e-39	139
WP_000034420.1	263	k121_974602_1	N/A	32.780	92	241	1.31e-38	138
WP_000034420.1	263	k121_425275_2	N/A	31.852	98	270	3.04e-38	138
WP_000034420.1	263	k121_941628_11	N/A	32.472	99	271	1.78e-37	136
WP_000034420.1	263	k121_528360_2	N/A	32.955	99	264	2.67e-37	136
WP_000034420.1	263	k121_708330_36	N/A	35.361	98	263	6.13e-37	135
WP_000034420.1	263	k121_658571_2	N/A	33.712	98	264	5.23e-36	131
WP_000034420.1	263	k121_81833_7	N/A	31.579	99	266	1.25e-35	132
WP_000034420.1	263	k121_560951_29	N/A	29.963	98	267	6.37e-35	130
WP_000034420.1	263	k121_297506_1	N/A	30.072	99	276	1.29e-34	129
WP_000034420.1	263	k121_883827_8	N/A	30.682	98	264	2.81e-34	127
WP_000034420.1	263	k121_5950_2	N/A	33.202	94	253	2.97e-34	127
WP_000034420.1	263	k121_39164_3	N/A	32.331	99	266	4.10e-34	128
WP_000034420.1	263	k121_122037_1	N/A	37.989	67	179	6.60e-34	124
WP_000034420.1	263	k121_801192_1	N/A	34.518	74	197	1.06e-33	124
WP_000034420.1	263	k121_89433_1	N/A	34.940	94	249	5.92e-33	124
WP_000034420.1	263	k121_626636_9	N/A	29.771	98	262	9.58e-33	123
WP_000034420.1	263	k121_463661_1	N/A	30.827	99	266	1.30e-32	123
WP_000034420.1	263	k121_766668_3	N/A	34.263	93	251	2.65e-32	121
WP_000034420.1	263	k121_390486_1	N/A	36.994	66	173	4.19e-32	119
WP_000034420.1	263	k121_947868_2	N/A	33.588	98	262	5.55e-32	121
WP_000034420.1	263	k121_565256_29	N/A	32.830	98	265	2.11e-31	119
WP_000034420.1	263	k121_1086924_6	N/A	43.165	52	139	2.60e-31	115
WP_000034420.1	263	k121_27414_75	N/A	32.197	98	264	3.00e-31	120
WP_000034420.1	263	k121_183451_2	N/A	32.806	94	253	1.35e-30	117
WP_000034420.1	263	k121_294198_2	N/A	34.188	86	234	3.00e-30	115
WP_000034420.1	263	k121_689396_2	N/A	30.682	98	264	1.68e-29	115
WP_000034420.1	263	k121_682963_4	N/A	32.000	93	250	1.82e-29	114
WP_000034420.1	263	k121_190165_2	N/A	30.350	95	257	3.87e-29	113
WP_000034420.1	263	k121_432195_3	N/A	29.434	97	265	3.89e-29	114
WP_000034420.1	263	k121_708427_4	N/A	30.916	97	262	3.95e-29	114
WP_000034420.1	263	k121_140606_5	N/A	60.714	32	84	1.04e-28	107
WP_000034420.1	263	k121_1052402_3	N/A	30.303	99	264	1.11e-28	112
WP_000034420.1	263	k121_677674_2	N/A	30.451	98	266	2.23e-28	112
WP_000034420.1	263	k121_907060_2	N/A	29.924	98	264	4.85e-28	110
WP_000034420.1	263	k121_370451_2	N/A	34.254	66	181	5.77e-28	108
WP_000034420.1	263	k121_559617_7	N/A	32.830	98	265	5.92e-28	110
WP_000034420.1	263	k121_283428_2	N/A	31.439	99	264	1.05e-27	109
WP_000034420.1	263	k121_1042141_7	N/A	30.682	98	264	1.08e-27	110
WP_000034420.1	263	k121_850572_11	N/A	30.403	98	273	3.37e-27	108
WP_000034420.1	263	k121_684817_2	N/A	34.574	71	188	8.91e-27	105
WP_000034420.1	263	k121_660244_4	N/A	29.572	94	257	1.19e-26	107
WP_000034420.1	263	k121_422907_1	N/A	37.903	47	124	2.19e-26	102
WP_000034420.1	263	k121_722444_13	N/A	33.716	94	261	2.54e-26	106
WP_000034420.1	263	k121_427701_34	N/A	31.047	98	277	6.07e-26	105
WP_000034420.1	263	k121_439021_3	N/A	31.797	81	217	8.96e-26	105
WP_000034420.1	263	k121_619936_19	N/A	29.880	93	251	1.35e-25	104
WP_000034420.1	263	k121_405026_1	N/A	38.211	47	123	2.62e-25	100
WP_000034420.1	263	k121_92742_5	N/A	29.771	97	262	3.07e-25	103
WP_000034420.1	263	k121_235021_1	N/A	41.732	47	127	1.18e-24	98.2
WP_000034420.1	263	k121_234238_1	N/A	28.409	99	264	2.96e-24	102
WP_000034420.1	263	k121_591451_4	N/A	28.571	94	259	6.08e-24	100
WP_000034420.1	263	k121_949478_3	N/A	28.405	93	257	1.77e-22	97.8
WP_000034420.1	263	k121_1043725_1	N/A	27.568	70	185	1.93e-22	93.6
WP_000034420.1	263	k121_147933_2	N/A	29.545	98	264	8.03e-22	94.4
WP_000034420.1	263	k121_576643_2	N/A	33.005	75	203	5.08e-21	90.9
WP_000034420.1	263	k121_208832_1	N/A	33.099	54	142	6.46e-21	89.4
WP_000034420.1	263	k121_1033385_33	N/A	29.771	97	262	8.56e-21	94.4
WP_000034420.1	263	k121_962050_1	N/A	28.390	84	236	1.86e-20	89.7
WP_000034420.1	263	k121_28986_7	N/A	30.075	97	266	2.38e-20	90.5
WP_000034420.1	263	k121_344800_1	N/A	35.345	44	116	3.07e-20	86.7
WP_000034420.1	263	k121_312676_4	N/A	27.184	98	309	3.22e-20	91.3
WP_000034420.1	263	k121_145179_1	N/A	29.134	94	254	4.11e-20	90.9
WP_000034420.1	263	k121_1052125_5	N/A	27.402	97	281	1.38e-19	88.2
WP_000034420.1	263	k121_1059193_1	N/A	28.634	83	227	8.39e-19	85.1
WP_000034420.1	263	k121_142322_4	N/A	30.047	79	213	1.33e-18	85.1
WP_000034420.1	263	k121_14281_2	N/A	27.184	77	206	1.05e-17	83.6
WP_000034420.1	263	k121_504334_1	N/A	40.000	39	105	1.62e-17	79.3
WP_000034420.1	263	k121_243052_1	N/A	31.100	78	209	1.84e-17	81.3
WP_000034420.1	263	k121_99274_1	N/A	28.881	97	277	2.84e-17	82.0
WP_000034420.1	263	k121_763063_14	N/A	28.044	94	271	3.84e-17	82.4
WP_000034420.1	263	k121_17514_2	N/A	28.571	70	189	1.04e-16	78.6
WP_000034420.1	263	k121_482205_2	N/A	28.958	94	259	1.44e-16	80.5
WP_000034420.1	263	k121_958165_1	N/A	29.834	66	181	8.28e-16	76.3
WP_000034420.1	263	k121_958172_1	N/A	29.834	66	181	1.04e-15	76.3
WP_000034420.1	263	k121_974206_3	N/A	31.579	71	190	1.72e-14	73.2
WP_000034420.1	263	k121_197872_1	N/A	44.000	29	75	5.41e-14	68.2
WP_000034420.1	263	k121_1086924_5	N/A	37.000	38	100	7.78e-14	68.6
WP_000034420.1	263	k121_582121_1	N/A	47.436	30	78	1.35e-13	67.8
WP_000034420.1	263	k121_1091262_2	N/A	28.402	63	169	1.66e-12	67.0
WP_000034420.1	263	k121_329896_3	N/A	28.409	66	176	6.18e-12	66.6
WP_000034420.1	263	k121_46646_2	N/A	28.729	68	181	1.01e-09	59.3
WP_000034420.1	263	k121_131027_1	N/A	31.538	47	130	2.78e-08	55.5
WP_000034420.1	263	k121_682289_1	N/A	37.705	23	61	1.92e-07	50.8
WP_000034420.1	263	k121_371970_3	N/A	36.905	31	84	1.18e-06	48.5
WP_000034420.1	263	k121_46320_1	N/A	29.060	44	117	1.29e-06	49.7
WP_000034420.1	263	k121_676681_1	N/A	34.653	38	101	1.29e-06	49.3
WP_000034420.1	263	k121_362858_1	N/A	32.653	37	98	3.17e-06	47.8
WP_000034420.1	263	k121_1064041_1	N/A	30.189	40	106	1.31e-04	43.5
WP_000034420.1	263	k121_26702_1	N/A	31.313	38	99	1.34e-04	43.9
WP_000034420.1	263	k121_1008661_2	N/A	35.593	22	59	0.002	38.9
WP_000034420.1	263	k121_842558_2	N/A	34.483	22	58	0.002	38.9
WP_000034420.1	263	k121_740083_4	N/A	34.483	22	58	0.019	36.6
WP_000034420.1	263	k121_582977_11	N/A	25.203	43	123	0.025	38.1
WP_000845048.1	337	k121_425651_1	N/A	63.665	96	322	3.82e-146	418
WP_000845048.1	337	k121_525916_1	N/A	61.976	98	334	3.61e-144	413
WP_000845048.1	337	k121_354640_1	N/A	64.035	98	342	5.36e-141	407
WP_000845048.1	337	k121_437532_1	N/A	62.903	91	310	3.39e-140	402
WP_000845048.1	337	k121_12255_4	N/A	61.631	96	331	3.88e-140	405
WP_000845048.1	337	k121_173783_2	N/A	62.258	91	310	2.36e-137	394
WP_000845048.1	337	k121_1060347_1	N/A	63.023	91	311	3.02e-137	395
WP_000845048.1	337	k121_646721_1	N/A	70.611	78	262	2.96e-134	386
WP_000845048.1	337	k121_281893_2	N/A	58.485	98	330	5.95e-133	384
WP_000845048.1	337	k121_395149_1	N/A	59.271	98	329	1.30e-132	385
WP_000845048.1	337	k121_1002105_3	N/A	57.895	95	323	3.77e-130	377
WP_000845048.1	337	k121_184364_2	N/A	58.610	98	331	7.83e-128	371
WP_000845048.1	337	k121_431217_1	N/A	68.582	77	261	1.55e-127	369
WP_000845048.1	337	k121_423584_1	N/A	58.544	94	316	1.68e-125	366
WP_000845048.1	337	k121_120837_1	N/A	56.000	96	325	3.77e-122	357
WP_000845048.1	337	k121_612309_2	N/A	55.452	95	321	9.69e-117	343
WP_000845048.1	337	k121_357293_6	N/A	60.821	80	268	1.41e-114	335
WP_000845048.1	337	k121_731039_1	N/A	52.744	97	328	3.29e-114	336
WP_000845048.1	337	k121_1058654_1	N/A	53.311	89	302	1.29e-105	313
WP_000845048.1	337	k121_704930_17	N/A	51.713	95	321	1.31e-105	314
WP_000845048.1	337	k121_664214_1	N/A	67.672	69	232	3.14e-100	300
WP_000845048.1	337	k121_10399_2	N/A	96.552	43	145	1.12e-97	288
WP_000845048.1	337	k121_923852_3	N/A	53.285	81	274	5.67e-96	288
WP_000845048.1	337	k121_982867_1	N/A	97.842	41	139	7.79e-94	278
WP_000845048.1	337	k121_585484_1	N/A	50.955	93	314	1.12e-92	281
WP_000845048.1	337	k121_320761_2	N/A	52.400	74	250	8.61e-87	264
WP_000845048.1	337	k121_684363_4	N/A	56.379	72	243	1.82e-86	263
WP_000845048.1	337	k121_210298_1	N/A	42.722	93	316	7.12e-79	247
WP_000845048.1	337	k121_969302_1	N/A	51.493	79	268	6.18e-78	242
WP_000845048.1	337	k121_1083489_3	N/A	57.143	72	154	9.69e-54	179
WP_000845048.1	337	k121_1083489_3	N/A	53.261	72	92	3.47e-23	99.4
WP_000845048.1	337	k121_246693_1	N/A	53.846	46	156	1.06e-47	160
WP_000845048.1	337	k121_521711_1	N/A	80.899	26	89	1.13e-45	153
WP_000845048.1	337	k121_995319_2	N/A	35.350	92	314	1.92e-44	156
WP_000845048.1	337	k121_220272_1	N/A	31.677	95	322	9.77e-42	152
WP_000845048.1	337	k121_690267_2	N/A	46.392	58	194	1.69e-41	147
WP_000845048.1	337	k121_285991_9	N/A	31.348	93	319	2.05e-41	148
WP_000845048.1	337	k121_796219_8	N/A	32.399	93	321	3.85e-41	150
WP_000845048.1	337	k121_567211_47	N/A	32.698	93	315	7.07e-41	147
WP_000845048.1	337	k121_690776_1	N/A	78.824	25	85	1.11e-40	143
WP_000845048.1	337	k121_50562_1	N/A	33.119	91	311	2.01e-39	148
WP_000845048.1	337	k121_135557_2	N/A	36.278	94	317	3.67e-39	142
WP_000845048.1	337	k121_118149_1	N/A	36.397	80	272	5.37e-39	141
WP_000845048.1	337	k121_37479_2	N/A	34.385	93	317	7.31e-39	142
WP_000845048.1	337	k121_395829_1	N/A	30.897	89	301	1.24e-37	139
WP_000845048.1	337	k121_1038554_1	N/A	35.030	98	334	7.58e-37	136
WP_000845048.1	337	k121_855923_1	N/A	30.435	95	322	1.50e-35	134
WP_000845048.1	337	k121_795594_3	N/A	29.254	98	335	3.33e-35	135
WP_000845048.1	337	k121_130904_3	N/A	33.133	98	332	1.56e-34	130
WP_000845048.1	337	k121_1077184_3	N/A	32.831	98	332	4.62e-34	129
WP_000845048.1	337	k121_637933_3	N/A	29.688	94	320	7.47e-34	128
WP_000845048.1	337	k121_629200_1	N/A	28.615	96	325	1.35e-33	129
WP_000845048.1	337	k121_348773_2	N/A	34.524	99	336	1.62e-33	128
WP_000845048.1	337	k121_848651_2	N/A	31.940	99	335	3.72e-33	127
WP_000845048.1	337	k121_786420_1	N/A	33.119	92	311	1.67e-32	124
WP_000845048.1	337	k121_311215_2	N/A	28.777	82	278	2.34e-32	126
WP_000845048.1	337	k121_578002_2	N/A	27.063	90	303	2.67e-32	125
WP_000845048.1	337	k121_724972_2	N/A	33.951	95	324	9.37e-32	123
WP_000845048.1	337	k121_813197_2	N/A	29.710	82	276	1.09e-31	124
WP_000845048.1	337	k121_213987_11	N/A	31.804	96	327	1.19e-31	123
WP_000845048.1	337	k121_474053_1	N/A	30.196	75	255	1.40e-31	120
WP_000845048.1	337	k121_9479_7	N/A	32.390	93	318	2.30e-31	122
WP_000845048.1	337	k121_868221_1	N/A	32.219	97	329	4.02e-31	122
WP_000845048.1	337	k121_998846_2	N/A	29.321	94	324	4.20e-31	121
WP_000845048.1	337	k121_1012458_1	N/A	37.427	50	171	7.92e-31	120
WP_000845048.1	337	k121_1032723_2	N/A	29.043	90	303	7.98e-31	122
WP_000845048.1	337	k121_121345_2	N/A	31.715	91	309	1.01e-30	120
WP_000845048.1	337	k121_27655_8	N/A	32.537	99	335	1.29e-30	120
WP_000845048.1	337	k121_839704_1	N/A	33.553	89	304	1.31e-30	119
WP_000845048.1	337	k121_76834_1	N/A	29.341	98	334	1.68e-30	120
WP_000845048.1	337	k121_1032042_1	N/A	30.175	84	285	2.60e-30	121
WP_000845048.1	337	k121_263023_1	N/A	27.778	90	306	3.46e-30	119
WP_000845048.1	337	k121_5676_2	N/A	27.744	95	328	6.73e-30	119
WP_000845048.1	337	k121_256416_1	N/A	52.000	30	100	7.55e-30	113
WP_000845048.1	337	k121_388371_2	N/A	35.659	76	258	1.83e-29	115
WP_000845048.1	337	k121_1102883_1	N/A	31.420	97	331	2.46e-29	117
WP_000845048.1	337	k121_1091662_3	N/A	29.969	96	327	1.25e-28	117
WP_000845048.1	337	k121_1099480_3	N/A	30.312	93	320	2.19e-28	116
WP_000845048.1	337	k121_260706_2	N/A	29.739	89	306	3.06e-28	114
WP_000845048.1	337	k121_81553_1	N/A	30.435	88	299	6.56e-28	112
WP_000845048.1	337	k121_940154_1	N/A	30.000	85	290	9.74e-28	112
WP_000845048.1	337	k121_237103_3	N/A	27.129	93	317	1.34e-27	112
WP_000845048.1	337	k121_805302_2	N/A	31.761	93	318	1.72e-27	111
WP_000845048.1	337	k121_831666_1	N/A	31.159	82	276	2.87e-27	110
WP_000845048.1	337	k121_143258_1	N/A	29.781	94	319	3.73e-27	110
WP_000845048.1	337	k121_905007_1	N/A	53.000	30	100	3.94e-27	107
WP_000845048.1	337	k121_330144_3	N/A	30.035	82	283	9.21e-27	109
WP_000845048.1	337	k121_1019437_4	N/A	36.607	66	224	1.11e-26	108
WP_000845048.1	337	k121_1072135_2	N/A	48.544	28	103	2.17e-25	102
WP_000845048.1	337	k121_208936_2	N/A	31.064	68	235	2.35e-25	104
WP_000845048.1	337	k121_988637_1	N/A	29.388	72	245	2.46e-25	103
WP_000845048.1	337	k121_246521_4	N/A	33.456	77	272	2.98e-25	105
WP_000845048.1	337	k121_997692_2	N/A	36.199	65	221	3.39e-25	105
WP_000845048.1	337	k121_333439_4	N/A	32.581	88	310	3.89e-25	106
WP_000845048.1	337	k121_417271_3	N/A	32.738	93	336	5.55e-25	105
WP_000845048.1	337	k121_393845_1	N/A	37.198	60	207	6.88e-25	101
WP_000845048.1	337	k121_573920_148	N/A	38.073	63	218	2.14e-24	103
WP_000845048.1	337	k121_9479_6	N/A	48.936	28	94	3.01e-24	97.4
WP_000845048.1	337	k121_1066338_1	N/A	29.577	76	284	3.11e-24	103
WP_000845048.1	337	k121_471794_1	N/A	34.118	75	255	3.99e-24	100
WP_000845048.1	337	k121_953734_2	N/A	30.282	82	284	4.07e-24	102
WP_000845048.1	337	k121_1032986_14	N/A	38.073	63	218	4.09e-24	103
WP_000845048.1	337	k121_230330_8	N/A	28.428	84	299	5.88e-24	102
WP_000845048.1	337	k121_296171_1	N/A	49.451	27	91	9.22e-24	96.7
WP_000845048.1	337	k121_803638_1	N/A	28.094	85	299	1.00e-23	102
WP_000845048.1	337	k121_873726_1	N/A	36.000	59	200	1.28e-23	98.6
WP_000845048.1	337	k121_154024_4	N/A	34.510	72	255	1.32e-23	101
WP_000845048.1	337	k121_744669_2	N/A	34.529	66	223	1.36e-23	99.0
WP_000845048.1	337	k121_958369_1	N/A	31.438	85	299	2.00e-23	100
WP_000845048.1	337	k121_1003665_2	N/A	30.418	75	263	2.24e-23	99.8
WP_000845048.1	337	k121_1014284_166	N/A	31.707	59	205	5.43e-23	99.8
WP_000845048.1	337	k121_668650_1	N/A	38.587	55	184	6.27e-23	99.4
WP_000845048.1	337	k121_290667_4	N/A	35.612	78	278	1.01e-22	99.4
WP_000845048.1	337	k121_741162_1	N/A	32.975	82	279	1.07e-22	100
WP_000845048.1	337	k121_96129_1	N/A	36.264	54	182	1.15e-22	95.9
WP_000845048.1	337	k121_530118_1	N/A	28.364	78	275	2.13e-22	98.2
WP_000845048.1	337	k121_604935_2	N/A	32.836	76	268	2.51e-22	97.8
WP_000845048.1	337	k121_1101943_1	N/A	31.597	85	288	4.43e-22	95.9
WP_000845048.1	337	k121_851181_2	N/A	32.143	64	224	4.73e-22	95.5
WP_000845048.1	337	k121_197634_3	N/A	35.455	64	220	6.86e-22	97.4
WP_000845048.1	337	k121_483868_4	N/A	33.945	63	218	1.02e-21	96.3
WP_000845048.1	337	k121_133005_1	N/A	52.128	28	94	1.34e-21	91.3
WP_000845048.1	337	k121_585677_6	N/A	29.667	84	300	1.57e-21	95.9
WP_000845048.1	337	k121_866794_4	N/A	30.450	81	289	2.28e-21	95.5
WP_000845048.1	337	k121_562590_1	N/A	31.651	63	218	2.60e-21	95.1
WP_000845048.1	337	k121_991180_10	N/A	29.474	81	285	3.11e-21	95.1
WP_000845048.1	337	k121_933916_1	N/A	34.545	64	220	4.08e-21	94.4
WP_000845048.1	337	k121_347901_6	N/A	53.846	23	78	6.42e-21	89.4
WP_000845048.1	337	k121_53057_1	N/A	31.687	69	243	7.59e-21	92.4
WP_000845048.1	337	k121_141535_2	N/A	27.302	88	315	1.15e-20	93.2
WP_000845048.1	337	k121_764801_2	N/A	31.148	83	305	1.22e-20	93.6
WP_000845048.1	337	k121_871773_43	N/A	30.556	81	288	1.29e-20	93.2
WP_000845048.1	337	k121_407629_1	N/A	27.372	78	274	1.74e-20	92.0
WP_000845048.1	337	k121_935257_1	N/A	32.000	81	275	1.84e-20	91.7
WP_000845048.1	337	k121_194980_32	N/A	30.159	85	315	2.17e-20	92.8
WP_000845048.1	337	k121_417288_1	N/A	38.462	54	182	2.73e-20	92.0
WP_000845048.1	337	k121_211277_1	N/A	30.144	61	209	2.82e-20	89.4
WP_000845048.1	337	k121_826473_40	N/A	31.104	84	299	3.08e-20	92.0
WP_000845048.1	337	k121_805702_18	N/A	29.310	81	290	3.29e-20	91.7
WP_000845048.1	337	k121_504103_3	N/A	28.205	86	312	4.30e-20	91.7
WP_000845048.1	337	k121_21774_4	N/A	26.102	83	295	5.08e-20	91.7
WP_000845048.1	337	k121_919942_12	N/A	33.333	62	216	6.04e-20	91.3
WP_000845048.1	337	k121_236158_13	N/A	33.019	61	212	6.52e-20	91.3
WP_000845048.1	337	k121_1014953_10	N/A	27.575	83	301	7.02e-20	91.3
WP_000845048.1	337	k121_556500_56	N/A	32.056	81	287	7.07e-20	91.3
WP_000845048.1	337	k121_893465_2	N/A	28.959	63	221	7.40e-20	91.3
WP_000845048.1	337	k121_986612_5	N/A	30.496	79	282	8.21e-20	91.3
WP_000845048.1	337	k121_548634_2	N/A	30.662	78	287	1.56e-19	90.1
WP_000845048.1	337	k121_549672_2	N/A	28.309	78	272	2.14e-19	89.7
WP_000845048.1	337	k121_856351_11	N/A	28.070	81	285	2.40e-19	89.4
WP_000845048.1	337	k121_498739_1	N/A	33.898	68	236	3.25e-19	88.2
WP_000845048.1	337	k121_668766_1	N/A	33.333	63	219	3.43e-19	87.4
WP_000845048.1	337	k121_1031827_9	N/A	30.034	87	293	3.69e-19	88.2
WP_000845048.1	337	k121_205382_6	N/A	34.545	62	220	4.04e-19	89.4
WP_000845048.1	337	k121_869380_1	N/A	28.736	74	261	5.53e-19	88.6
WP_000845048.1	337	k121_432309_2	N/A	30.392	85	306	5.83e-19	89.0
WP_000845048.1	337	k121_349510_1	N/A	52.439	24	82	6.55e-19	84.0
WP_000845048.1	337	k121_26374_1	N/A	30.545	78	275	6.82e-19	88.6
WP_000845048.1	337	k121_982096_4	N/A	36.047	51	172	7.53e-19	84.3
WP_000845048.1	337	k121_759537_2	N/A	30.093	64	216	7.65e-19	89.0
WP_000845048.1	337	k121_318213_3	N/A	27.097	86	310	7.80e-19	88.2
WP_000845048.1	337	k121_1002123_1	N/A	26.073	83	303	8.12e-19	88.2
WP_000845048.1	337	k121_918788_3	N/A	33.333	63	216	8.35e-19	86.7
WP_000845048.1	337	k121_543500_5	N/A	28.315	80	279	9.70e-19	87.8
WP_000845048.1	337	k121_449624_14	N/A	30.877	79	285	1.05e-18	88.2
WP_000845048.1	337	k121_104734_1	N/A	28.571	78	280	1.25e-18	87.8
WP_000845048.1	337	k121_154812_3	N/A	30.942	64	223	1.42e-18	86.3
WP_000845048.1	337	k121_29764_3	N/A	32.870	62	216	1.54e-18	87.4
WP_000845048.1	337	k121_23226_1	N/A	52.632	23	76	1.57e-18	82.4
WP_000845048.1	337	k121_804122_3	N/A	34.529	62	223	1.87e-18	87.4
WP_000845048.1	337	k121_529700_2	N/A	23.529	90	306	2.18e-18	86.7
WP_000845048.1	337	k121_161826_3	N/A	30.804	63	224	2.23e-18	86.7
WP_000845048.1	337	k121_471099_7	N/A	26.596	81	282	2.84e-18	86.7
WP_000845048.1	337	k121_598554_2	N/A	26.740	77	273	3.73e-18	86.3
WP_000845048.1	337	k121_546378_4	N/A	26.415	85	318	5.62e-18	85.9
WP_000845048.1	337	k121_112277_2	N/A	29.197	78	274	6.23e-18	85.9
WP_000845048.1	337	k121_169222_1	N/A	25.442	83	283	6.76e-18	85.9
WP_000845048.1	337	k121_176466_2	N/A	29.464	64	224	9.07e-18	85.1
WP_000845048.1	337	k121_1057281_8	N/A	30.258	77	271	1.07e-17	85.1
WP_000845048.1	337	k121_838544_2	N/A	34.286	61	210	1.14e-17	85.1
WP_000845048.1	337	k121_818333_2	N/A	32.683	59	205	1.17e-17	85.5
WP_000845048.1	337	k121_626492_7	N/A	31.308	62	214	1.66e-17	84.3
WP_000845048.1	337	k121_1083377_1	N/A	31.429	61	210	1.71e-17	82.8
WP_000845048.1	337	k121_733205_1	N/A	32.222	53	180	2.27e-17	81.3
WP_000845048.1	337	k121_357932_26	N/A	29.904	86	311	2.79e-17	84.0
WP_000845048.1	337	k121_228650_2	N/A	25.316	88	316	3.13e-17	83.6
WP_000845048.1	337	k121_347305_2	N/A	28.155	90	309	3.44e-17	83.2
WP_000845048.1	337	k121_378074_2	N/A	28.144	93	334	3.90e-17	83.6
WP_000845048.1	337	k121_1060559_2	N/A	37.430	53	179	4.45e-17	83.6
WP_000845048.1	337	k121_360306_2	N/A	28.947	54	190	4.92e-17	83.6
WP_000845048.1	337	k121_521020_1	N/A	35.165	54	182	5.08e-17	82.0
WP_000845048.1	337	k121_444019_19	N/A	29.180	85	305	5.81e-17	82.8
WP_000845048.1	337	k121_320184_7	N/A	31.878	65	229	5.84e-17	83.2
WP_000845048.1	337	k121_175392_3	N/A	29.276	85	304	6.51e-17	82.8
WP_000845048.1	337	k121_487827_1	N/A	28.146	88	302	1.06e-16	81.6
WP_000845048.1	337	k121_930050_13	N/A	24.422	85	303	1.29e-16	82.0
WP_000845048.1	337	k121_318818_1	N/A	30.516	62	213	1.30e-16	82.0
WP_000845048.1	337	k121_175355_3	N/A	30.903	81	288	1.72e-16	81.6
WP_000845048.1	337	k121_196746_22	N/A	27.541	85	305	1.75e-16	81.6
WP_000845048.1	337	k121_1064271_1	N/A	33.540	48	161	2.12e-16	77.8
WP_000845048.1	337	k121_733420_1	N/A	37.805	48	164	2.31e-16	79.7
WP_000845048.1	337	k121_885488_2	N/A	27.358	89	318	5.30e-16	80.1
WP_000845048.1	337	k121_350733_3	N/A	31.419	81	296	5.86e-16	80.1
WP_000845048.1	337	k121_117949_15	N/A	26.937	78	271	6.94e-16	79.7
WP_000845048.1	337	k121_1022450_18	N/A	32.660	84	297	7.09e-16	80.1
WP_000845048.1	337	k121_829220_1	N/A	29.412	62	221	8.34e-16	79.7
WP_000845048.1	337	k121_326334_2	N/A	33.766	45	154	1.20e-15	75.9
WP_000845048.1	337	k121_676902_1	N/A	28.448	64	232	1.55e-15	79.3
WP_000845048.1	337	k121_840488_1	N/A	30.594	63	219	1.61e-15	77.8
WP_000845048.1	337	k121_870229_3	N/A	27.841	52	176	1.71e-15	78.6
WP_000845048.1	337	k121_1064872_2	N/A	29.373	84	303	2.18e-15	78.6
WP_000845048.1	337	k121_522369_1	N/A	29.775	53	178	2.63e-15	75.5
WP_000845048.1	337	k121_421681_55	N/A	28.807	69	243	2.89e-15	77.8
WP_000845048.1	337	k121_829538_5	N/A	31.159	77	276	3.42e-15	78.2
WP_000845048.1	337	k121_438285_3	N/A	28.990	84	307	4.49e-15	77.4
WP_000845048.1	337	k121_599902_1	N/A	29.010	81	293	6.07e-15	77.4
WP_000845048.1	337	k121_513626_2	N/A	26.710	85	307	7.07e-15	77.0
WP_000845048.1	337	k121_610633_1	N/A	27.240	80	279	7.72e-15	77.0
WP_000845048.1	337	k121_838663_2	N/A	31.718	67	227	9.96e-15	76.6
WP_000845048.1	337	k121_1080540_12	N/A	27.675	77	271	1.05e-14	76.6
WP_000845048.1	337	k121_865171_2	N/A	24.026	89	308	1.09e-14	76.3
WP_000845048.1	337	k121_887221_3	N/A	31.295	78	278	1.11e-14	76.6
WP_000845048.1	337	k121_304797_1	N/A	27.835	82	291	1.17e-14	75.9
WP_000845048.1	337	k121_424766_53	N/A	28.000	84	300	1.60e-14	76.6
WP_000845048.1	337	k121_924698_2	N/A	30.798	74	263	2.01e-14	74.7
WP_000845048.1	337	k121_776347_4	N/A	29.927	77	274	2.92e-14	75.5
WP_000845048.1	337	k121_487410_10	N/A	29.139	84	302	3.13e-14	75.1
WP_000845048.1	337	k121_546800_2	N/A	47.368	23	76	3.55e-14	70.1
WP_000845048.1	337	k121_429884_3	N/A	28.000	65	225	3.77e-14	72.8
WP_000845048.1	337	k121_578089_2	N/A	28.261	77	276	3.92e-14	75.1
WP_000845048.1	337	k121_889713_2	N/A	26.032	88	315	4.83e-14	74.3
WP_000845048.1	337	k121_355243_8	N/A	30.000	64	230	5.12e-14	74.7
WP_000845048.1	337	k121_827538_5	N/A	30.222	63	225	5.30e-14	74.7
WP_000845048.1	337	k121_944311_1	N/A	32.240	54	183	5.31e-14	72.0
WP_000845048.1	337	k121_291403_1	N/A	31.336	62	217	5.44e-14	74.3
WP_000845048.1	337	k121_243885_1	N/A	28.947	63	228	6.09e-14	74.3
WP_000845048.1	337	k121_529904_2	N/A	28.571	85	308	7.31e-14	74.3
WP_000845048.1	337	k121_502773_1	N/A	27.922	84	308	7.81e-14	73.9
WP_000845048.1	337	k121_50996_3	N/A	25.591	73	254	9.53e-14	73.6
WP_000845048.1	337	k121_348818_1	N/A	33.987	45	153	1.53e-13	70.1
WP_000845048.1	337	k121_514317_1	N/A	26.523	80	279	3.25e-13	72.0
WP_000845048.1	337	k121_423922_1	N/A	44.595	22	74	4.36e-13	68.2
WP_000845048.1	337	k121_556844_2	N/A	27.815	84	302	4.81e-13	71.6
WP_000845048.1	337	k121_620371_1	N/A	31.868	54	182	5.01e-13	70.1
WP_000845048.1	337	k121_305825_8	N/A	27.491	82	291	5.44e-13	72.0
WP_000845048.1	337	k121_88983_1	N/A	27.660	63	235	6.21e-13	70.5
WP_000845048.1	337	k121_403490_1	N/A	37.226	41	137	6.61e-13	67.4
WP_000845048.1	337	k121_703923_3	N/A	30.216	75	278	7.26e-13	71.2
WP_000845048.1	337	k121_1013602_2	N/A	28.571	55	189	7.82e-13	68.6
WP_000845048.1	337	k121_349628_5	N/A	29.126	86	309	1.03e-12	70.9
WP_000845048.1	337	k121_977355_2	N/A	45.205	22	73	1.06e-12	67.4
WP_000845048.1	337	k121_477675_2	N/A	28.146	84	302	1.10e-12	70.9
WP_000845048.1	337	k121_301122_2	N/A	30.332	60	211	1.19e-12	70.9
WP_000845048.1	337	k121_869013_3	N/A	30.233	77	301	1.25e-12	71.2
WP_000845048.1	337	k121_593208_2	N/A	28.959	64	221	1.55e-12	70.1
WP_000845048.1	337	k121_403022_1	N/A	32.973	54	185	2.61e-12	67.4
WP_000845048.1	337	k121_948185_1	N/A	29.151	76	271	2.76e-12	69.3
WP_000845048.1	337	k121_980248_16	N/A	28.169	61	213	3.25e-12	69.3
WP_000845048.1	337	k121_1063243_1	N/A	31.193	63	218	3.40e-12	68.9
WP_000845048.1	337	k121_459133_1	N/A	29.167	76	264	3.40e-12	69.3
WP_000845048.1	337	k121_934539_2	N/A	31.429	61	210	3.90e-12	67.8
WP_000845048.1	337	k121_440379_3	N/A	28.467	77	274	8.51e-12	68.2
WP_000845048.1	337	k121_1082238_5	N/A	32.127	62	221	8.75e-12	68.2
WP_000845048.1	337	k121_781944_1	N/A	26.871	80	294	8.84e-12	67.8
WP_000845048.1	337	k121_639509_2	N/A	27.306	77	271	1.02e-11	68.2
WP_000845048.1	337	k121_375506_3	N/A	23.548	88	310	1.08e-11	67.4
WP_000845048.1	337	k121_645623_1	N/A	30.317	62	221	1.12e-11	68.2
WP_000845048.1	337	k121_181767_1	N/A	32.203	53	177	1.39e-11	65.1
WP_000845048.1	337	k121_1026259_1	N/A	34.899	44	149	1.70e-11	63.9
WP_000845048.1	337	k121_211378_2	N/A	24.731	80	279	1.72e-11	67.0
WP_000845048.1	337	k121_675870_3	N/A	32.203	53	177	2.53e-11	66.6
WP_000845048.1	337	k121_28250_1	N/A	29.268	61	205	2.78e-11	66.6
WP_000845048.1	337	k121_162098_3	N/A	30.093	58	216	2.90e-11	67.4
WP_000845048.1	337	k121_282906_2	N/A	31.111	53	180	3.03e-11	66.2
WP_000845048.1	337	k121_1025997_1	N/A	30.332	62	211	3.18e-11	66.6
WP_000845048.1	337	k121_654212_21	N/A	27.698	76	278	3.19e-11	66.6
WP_000845048.1	337	k121_68877_14	N/A	27.019	91	359	3.76e-11	66.2
WP_000845048.1	337	k121_379980_11	N/A	33.180	62	217	6.32e-11	65.5
WP_000845048.1	337	k121_20099_1	N/A	30.208	54	192	6.39e-11	65.1
WP_000845048.1	337	k121_550199_2	N/A	27.857	77	280	7.50e-11	65.5
WP_000845048.1	337	k121_905723_27	N/A	29.384	62	211	7.69e-11	65.5
WP_000845048.1	337	k121_261091_1	N/A	30.460	52	174	9.33e-11	65.1
WP_000845048.1	337	k121_912259_1	N/A	27.815	84	302	9.80e-11	65.1
WP_000845048.1	337	k121_174703_1	N/A	23.490	44	149	1.36e-10	63.5
WP_000845048.1	337	k121_718508_2	N/A	27.458	81	295	1.38e-10	64.7
WP_000845048.1	337	k121_428050_3	N/A	28.425	82	292	1.55e-10	65.1
WP_000845048.1	337	k121_912259_3	N/A	27.972	81	286	1.62e-10	64.7
WP_000845048.1	337	k121_738932_2	N/A	25.309	90	324	1.75e-10	64.3
WP_000845048.1	337	k121_24192_4	N/A	31.250	47	160	1.99e-10	63.2
WP_000845048.1	337	k121_583537_3	N/A	26.117	82	291	2.21e-10	64.3
WP_000845048.1	337	k121_748668_51	N/A	33.155	53	187	2.27e-10	63.9
WP_000845048.1	337	k121_784018_2	N/A	30.702	62	228	2.83e-10	63.9
WP_000845048.1	337	k121_231555_12	N/A	30.769	53	182	2.86e-10	63.5
WP_000845048.1	337	k121_358129_1	N/A	33.858	37	127	2.90e-10	61.2
WP_000845048.1	337	k121_255793_2	N/A	26.383	62	235	2.96e-10	63.5
WP_000845048.1	337	k121_176904_2	N/A	27.962	59	211	3.45e-10	62.0
WP_000845048.1	337	k121_913623_2	N/A	29.384	62	211	3.61e-10	63.5
WP_000845048.1	337	k121_699859_4	N/A	27.653	86	311	3.73e-10	63.2
WP_000845048.1	337	k121_155013_24	N/A	28.053	84	303	4.32e-10	63.2
WP_000845048.1	337	k121_279702_12	N/A	28.634	64	227	5.11e-10	63.2
WP_000845048.1	337	k121_1000075_53	N/A	30.000	59	200	5.32e-10	63.2
WP_000845048.1	337	k121_431149_3	N/A	26.619	79	278	6.11e-10	62.4
WP_000845048.1	337	k121_256433_7	N/A	31.387	40	137	7.30e-10	61.6
WP_000845048.1	337	k121_775468_1	N/A	38.356	22	73	1.20e-04	45.4
WP_000845048.1	337	k121_859086_2	N/A	28.986	60	207	9.11e-10	62.4
WP_000845048.1	337	k121_228757_4	N/A	27.473	77	273	9.42e-10	62.0
WP_000845048.1	337	k121_204373_2	N/A	27.027	64	222	9.70e-10	61.6
WP_000845048.1	337	k121_848953_12	N/A	38.554	22	83	0.004	41.6
WP_000845048.1	337	k121_454390_2	N/A	28.013	85	307	1.01e-09	62.0
WP_000845048.1	337	k121_1010701_94	N/A	27.817	82	284	1.32e-09	61.6
WP_000845048.1	337	k121_917772_3	N/A	27.037	75	270	1.55e-09	61.6
WP_000845048.1	337	k121_902183_1	N/A	24.057	60	212	1.61e-09	60.8
WP_000845048.1	337	k121_713818_14	N/A	27.155	63	232	1.67e-09	61.6
WP_000845048.1	337	k121_850328_8	N/A	27.632	84	304	1.90e-09	61.2
WP_000845048.1	337	k121_637380_2	N/A	23.333	61	210	2.24e-09	60.1
WP_000845048.1	337	k121_853874_7	N/A	39.394	26	99	2.42e-09	61.2
WP_000845048.1	337	k121_991548_1	N/A	31.336	61	217	2.49e-09	60.5
WP_000845048.1	337	k121_292384_2	N/A	28.649	55	185	2.52e-09	61.2
WP_000845048.1	337	k121_969512_2	N/A	19.108	93	314	2.61e-09	61.2
WP_000845048.1	337	k121_210584_2	N/A	27.564	86	312	2.83e-09	60.8
WP_000845048.1	337	k121_389037_1	N/A	29.302	60	215	4.36e-09	59.7
WP_000845048.1	337	k121_674721_1	N/A	28.881	77	277	4.53e-09	60.1
WP_000845048.1	337	k121_1023444_1	N/A	26.909	76	275	4.83e-09	60.1
WP_000845048.1	337	k121_781498_2	N/A	28.889	53	180	5.42e-09	59.7
WP_000845048.1	337	k121_481352_2	N/A	22.761	77	268	5.45e-09	60.1
WP_000845048.1	337	k121_699395_14	N/A	24.211	55	190	6.25e-09	58.2
WP_000845048.1	337	k121_738946_3	N/A	26.621	81	293	6.40e-09	59.7
WP_000845048.1	337	k121_254441_2	N/A	33.645	31	107	7.11e-09	57.0
WP_000845048.1	337	k121_992739_25	N/A	29.213	52	178	7.55e-09	59.7
WP_000845048.1	337	k121_294352_62	N/A	30.899	53	178	7.76e-09	59.3
WP_000845048.1	337	k121_230504_2	N/A	27.746	51	173	1.03e-08	58.2
WP_000845048.1	337	k121_140611_5	N/A	29.189	55	185	1.09e-08	58.5
WP_000845048.1	337	k121_914607_2	N/A	37.113	29	97	1.20e-08	57.4
WP_000845048.1	337	k121_167975_1	N/A	28.649	55	185	1.31e-08	58.5
WP_000845048.1	337	k121_714576_22	N/A	22.903	85	310	1.32e-08	58.5
WP_000845048.1	337	k121_1063056_4	N/A	27.189	62	217	1.63e-08	57.8
WP_000845048.1	337	k121_97996_3	N/A	29.412	50	170	1.67e-08	58.2
WP_000845048.1	337	k121_417494_7	N/A	25.449	92	334	1.80e-08	58.5
WP_000845048.1	337	k121_558165_13	N/A	32.039	60	206	1.89e-08	58.5
WP_000845048.1	337	k121_822783_4	N/A	25.159	88	314	2.17e-08	57.8
WP_000845048.1	337	k121_898339_1	N/A	30.075	75	266	2.49e-08	57.8
WP_000845048.1	337	k121_752567_1	N/A	24.157	53	178	3.26e-08	57.4
WP_000845048.1	337	k121_282514_3	N/A	32.184	52	174	3.49e-08	57.8
WP_000845048.1	337	k121_469573_3	N/A	30.418	74	263	3.92e-08	57.4
WP_000845048.1	337	k121_918949_8	N/A	27.313	64	227	4.13e-08	57.4
WP_000845048.1	337	k121_1034872_1	N/A	32.418	50	182	4.44e-08	56.2
WP_000845048.1	337	k121_581717_1	N/A	28.856	59	201	4.77e-08	57.0
WP_000845048.1	337	k121_469573_1	N/A	27.184	59	206	5.48e-08	57.0
WP_000845048.1	337	k121_1025997_2	N/A	29.864	63	221	5.61e-08	57.4
WP_000845048.1	337	k121_590737_5	N/A	29.379	53	177	6.25e-08	57.0
WP_000845048.1	337	k121_195016_1	N/A	26.667	60	210	6.83e-08	56.6
WP_000845048.1	337	k121_128719_2	N/A	45.588	20	68	7.31e-08	56.6
WP_000845048.1	337	k121_855482_10	N/A	26.861	87	309	7.45e-08	56.2
WP_000845048.1	337	k121_694397_1	N/A	26.909	76	275	8.38e-08	55.8
WP_000845048.1	337	k121_13112_11	N/A	29.444	52	180	8.84e-08	56.2
WP_000845048.1	337	k121_701904_6	N/A	26.480	85	321	9.26e-08	56.2
WP_000845048.1	337	k121_1083866_30	N/A	28.464	75	267	9.97e-08	55.8
WP_000845048.1	337	k121_28267_2	N/A	27.044	86	318	1.02e-07	55.8
WP_000845048.1	337	k121_804898_3	N/A	31.609	52	174	1.03e-07	55.8
WP_000845048.1	337	k121_805417_3	N/A	28.161	52	174	1.05e-07	55.8
WP_000845048.1	337	k121_707625_2	N/A	26.545	77	275	1.13e-07	55.8
WP_000845048.1	337	k121_665354_2	N/A	25.735	78	272	1.16e-07	56.2
WP_000845048.1	337	k121_1017345_5	N/A	44.118	20	68	1.33e-07	55.8
WP_000845048.1	337	k121_712369_3	N/A	29.614	59	233	1.50e-07	56.2
WP_000845048.1	337	k121_320386_2	N/A	24.889	62	225	1.55e-07	55.8
WP_000845048.1	337	k121_28267_3	N/A	27.928	61	222	1.65e-07	55.1
WP_000845048.1	337	k121_911516_7	N/A	27.363	59	201	1.68e-07	55.5
WP_000845048.1	337	k121_155013_26	N/A	27.014	60	211	2.00e-07	55.5
WP_000845048.1	337	k121_876453_1	N/A	28.070	77	285	2.05e-07	55.1
WP_000845048.1	337	k121_755772_1	N/A	30.588	50	170	2.11e-07	55.1
WP_000845048.1	337	k121_1059715_1	N/A	28.947	62	228	2.21e-07	55.1
WP_000845048.1	337	k121_430501_1	N/A	22.330	84	309	2.38e-07	54.7
WP_000845048.1	337	k121_150672_3	N/A	27.852	84	298	2.47e-07	54.7
WP_000845048.1	337	k121_167200_1	N/A	29.944	48	177	2.53e-07	54.7
WP_000845048.1	337	k121_668380_1	N/A	26.214	81	309	2.64e-07	54.7
WP_000845048.1	337	k121_13282_9	N/A	30.688	55	189	2.66e-07	54.7
WP_000845048.1	337	k121_541261_2	N/A	28.780	58	205	2.90e-07	54.3
WP_000845048.1	337	k121_698946_2	N/A	37.662	23	77	3.10e-07	52.0
WP_000845048.1	337	k121_347449_1	N/A	30.841	59	214	3.12e-07	54.3
WP_000845048.1	337	k121_708604_1	N/A	25.606	82	289	3.38e-07	54.7
WP_000845048.1	337	k121_1007693_1	N/A	26.752	46	157	3.62e-07	52.8
WP_000845048.1	337	k121_1025823_8	N/A	25.368	75	272	3.88e-07	54.3
WP_000845048.1	337	k121_590737_3	N/A	25.795	77	283	3.98e-07	54.3
WP_000845048.1	337	k121_628887_3	N/A	26.481	81	287	4.14e-07	54.3
WP_000845048.1	337	k121_767772_6	N/A	25.312	84	320	4.15e-07	54.3
WP_000845048.1	337	k121_102175_103	N/A	27.106	77	273	4.67e-07	54.3
WP_000845048.1	337	k121_639509_1	N/A	27.686	65	242	4.96e-07	53.1
WP_000845048.1	337	k121_1083866_28	N/A	25.000	64	220	5.14e-07	53.9
WP_000845048.1	337	k121_1088331_1	N/A	28.807	69	243	5.72e-07	53.5
WP_000845048.1	337	k121_733420_2	N/A	31.667	53	180	5.81e-07	52.4
WP_000845048.1	337	k121_477309_4	N/A	29.412	55	187	6.17e-07	53.5
WP_000845048.1	337	k121_480320_2	N/A	25.346	64	217	6.62e-07	53.5
WP_000845048.1	337	k121_577846_3	N/A	28.019	60	207	6.78e-07	53.1
WP_000845048.1	337	k121_512801_1	N/A	32.667	41	150	7.07e-07	52.4
WP_000845048.1	337	k121_877660_2	N/A	26.838	75	272	8.19e-07	53.1
WP_000845048.1	337	k121_588475_33	N/A	27.869	54	183	8.87e-07	53.1
WP_000845048.1	337	k121_529904_3	N/A	29.651	51	172	9.83e-07	51.6
WP_000845048.1	337	k121_627794_2	N/A	26.042	75	288	1.12e-06	52.8
WP_000845048.1	337	k121_768712_2	N/A	23.171	92	328	1.36e-06	52.8
WP_000845048.1	337	k121_483939_2	N/A	27.451	52	204	1.66e-06	52.4
WP_000845048.1	337	k121_349704_1	N/A	34.667	22	75	1.71e-06	49.3
WP_000845048.1	337	k121_144356_1	N/A	38.571	21	70	1.74e-06	51.6
WP_000845048.1	337	k121_301095_1	N/A	29.756	58	205	1.81e-06	51.6
WP_000845048.1	337	k121_753914_3	N/A	27.320	54	194	1.85e-06	52.8
WP_000845048.1	337	k121_428050_1	N/A	26.316	74	266	1.94e-06	52.0
WP_000845048.1	337	k121_779844_2	N/A	34.667	22	75	2.11e-06	50.1
WP_000845048.1	337	k121_163383_7	N/A	34.091	26	88	2.16e-06	52.0
WP_000845048.1	337	k121_268787_1	N/A	23.106	75	264	2.19e-06	52.0
WP_000845048.1	337	k121_72324_20	N/A	29.231	56	195	2.35e-06	52.0
WP_000845048.1	337	k121_122455_2	N/A	29.091	60	220	2.43e-06	51.6
WP_000845048.1	337	k121_18847_3	N/A	29.167	54	192	2.52e-06	51.6
WP_000845048.1	337	k121_375255_4	N/A	29.834	51	181	2.54e-06	51.6
WP_000845048.1	337	k121_906761_1	N/A	28.070	62	228	2.59e-06	52.0
WP_000845048.1	337	k121_435231_1	N/A	25.301	67	249	2.64e-06	51.2
WP_000845048.1	337	k121_717711_24	N/A	29.381	56	194	3.00e-06	51.6
WP_000845048.1	337	k121_276176_4	N/A	26.437	51	174	3.02e-06	50.4
WP_000845048.1	337	k121_1031827_10	N/A	27.619	60	210	3.38e-06	51.6
WP_000845048.1	337	k121_1078042_2	N/A	30.137	59	219	3.45e-06	51.6
WP_000845048.1	337	k121_1000075_52	N/A	26.941	63	219	4.07e-06	51.6
WP_000845048.1	337	k121_255118_3	N/A	27.751	62	209	4.16e-06	51.2
WP_000845048.1	337	k121_837451_2	N/A	27.473	54	182	4.18e-06	50.8
WP_000845048.1	337	k121_370995_1	N/A	27.336	73	289	4.18e-06	50.8
WP_000845048.1	337	k121_911043_3	N/A	23.810	99	357	4.39e-06	50.8
WP_000845048.1	337	k121_81491_3	N/A	27.444	76	266	4.59e-06	50.4
WP_000845048.1	337	k121_432348_24	N/A	26.697	64	221	4.61e-06	50.8
WP_000845048.1	337	k121_859058_7	N/A	26.293	59	232	4.66e-06	51.2
WP_000845048.1	337	k121_631472_1	N/A	30.964	56	197	4.94e-06	50.4
WP_000845048.1	337	k121_940638_1	N/A	23.154	83	298	5.16e-06	50.8
WP_000845048.1	337	k121_773794_1	N/A	29.911	63	224	5.31e-06	50.8
WP_000845048.1	337	k121_844134_14	N/A	25.256	82	293	5.91e-06	50.4
WP_000845048.1	337	k121_327979_3	N/A	24.885	64	217	6.32e-06	50.4
WP_000845048.1	337	k121_186671_1	N/A	29.570	51	186	6.65e-06	49.3
WP_000845048.1	337	k121_570527_1	N/A	28.814	52	177	6.65e-06	49.3
WP_000845048.1	337	k121_1084200_3	N/A	37.333	21	75	6.76e-06	47.8
WP_000845048.1	337	k121_893556_2	N/A	24.885	64	217	6.96e-06	50.4
WP_000845048.1	337	k121_347914_4	N/A	25.946	55	185	7.44e-06	50.1
WP_000845048.1	337	k121_779215_2	N/A	30.222	59	225	7.49e-06	50.4
WP_000845048.1	337	k121_297578_14	N/A	24.762	84	315	7.68e-06	50.1
WP_000845048.1	337	k121_978455_2	N/A	37.349	23	83	8.04e-06	49.3
WP_000845048.1	337	k121_28250_2	N/A	25.758	57	198	8.42e-06	50.1
WP_000845048.1	337	k121_304724_3	N/A	25.824	53	182	8.82e-06	50.1
WP_000845048.1	337	k121_607858_4	N/A	27.957	53	186	9.00e-06	50.1
WP_000845048.1	337	k121_730896_7	N/A	32.768	52	177	9.57e-06	50.1
WP_000845048.1	337	k121_550199_3	N/A	24.074	89	324	9.59e-06	50.1
WP_000845048.1	337	k121_1024174_1	N/A	25.329	84	304	1.04e-05	49.7
WP_000845048.1	337	k121_846270_9	N/A	38.235	20	68	1.06e-05	50.1
WP_000845048.1	337	k121_210584_4	N/A	27.586	51	174	1.15e-05	49.7
WP_000845048.1	337	k121_97829_1	N/A	25.806	61	217	1.15e-05	49.7
WP_000845048.1	337	k121_112613_3	N/A	25.000	64	220	1.15e-05	50.1
WP_000845048.1	337	k121_865206_1	N/A	40.278	21	72	1.17e-05	47.4
