SadA_ref|WP_036299419.1|:1-399	399	k121_891004_5	N/A	82.206	100	399	0.0	650
SadA_ref|WP_036299419.1|:1-399	399	k121_891004_4	N/A	47.368	100	399	4.50e-117	349
SadA_ref|WP_036299419.1|:1-399	399	k121_304668_2	N/A	29.919	93	371	9.89e-49	173
SadA_ref|WP_036299419.1|:1-399	399	k121_797850_34	N/A	32.626	92	377	3.92e-44	160
SadA_ref|WP_036299419.1|:1-399	399	k121_159798_16	N/A	28.022	90	364	6.03e-42	155
SadA_ref|WP_036299419.1|:1-399	399	k121_136004_2	N/A	27.882	93	373	1.34e-40	151
SadA_ref|WP_036299419.1|:1-399	399	k121_272368_1	N/A	36.224	49	196	2.79e-37	138
SadA_ref|WP_036299419.1|:1-399	399	k121_271984_1	N/A	34.574	47	188	2.36e-35	132
SadA_ref|WP_036299419.1|:1-399	399	k121_568757_10	N/A	26.158	89	367	4.05e-33	131
SadA_ref|WP_036299419.1|:1-399	399	k121_977024_1	N/A	35.263	47	190	7.49e-33	125
SadA_ref|WP_036299419.1|:1-399	399	k121_115865_6	N/A	28.906	95	384	4.45e-27	114
SadA_ref|WP_036299419.1|:1-399	399	k121_610727_2	N/A	24.935	95	385	5.93e-27	114
SadA_ref|WP_036299419.1|:1-399	399	k121_775145_87	N/A	24.590	92	366	1.78e-26	112
SadA_ref|WP_036299419.1|:1-399	399	k121_1050648_6	N/A	27.225	94	382	6.28e-26	111
SadA_ref|WP_036299419.1|:1-399	399	k121_319062_2	N/A	26.596	89	376	9.63e-26	110
SadA_ref|WP_036299419.1|:1-399	399	k121_41754_9	N/A	27.296	97	392	1.96e-25	109
SadA_ref|WP_036299419.1|:1-399	399	k121_149551_1	N/A	30.622	51	209	5.35e-25	104
SadA_ref|WP_036299419.1|:1-399	399	k121_718434_5	N/A	26.243	89	362	2.65e-23	103
SadA_ref|WP_036299419.1|:1-399	399	k121_136196_2	N/A	25.506	61	247	8.41e-23	101
SadA_ref|WP_036299419.1|:1-399	399	k121_783489_65	N/A	26.371	94	383	1.03e-22	102
SadA_ref|WP_036299419.1|:1-399	399	k121_199154_11	N/A	30.798	65	263	3.62e-22	98.2
SadA_ref|WP_036299419.1|:1-399	399	k121_172776_1	N/A	33.333	41	165	4.71e-22	95.9
SadA_ref|WP_036299419.1|:1-399	399	k121_672823_11	N/A	28.571	60	245	2.89e-21	95.5
SadA_ref|WP_036299419.1|:1-399	399	k121_935345_1	N/A	30.516	51	213	2.96e-21	95.5
SadA_ref|WP_036299419.1|:1-399	399	k121_418192_1	N/A	24.685	98	397	2.32e-20	95.5
SadA_ref|WP_036299419.1|:1-399	399	k121_327688_1	N/A	30.508	44	177	7.22e-20	89.7
SadA_ref|WP_036299419.1|:1-399	399	k121_678827_1	N/A	33.884	30	121	1.74e-19	87.4
SadA_ref|WP_036299419.1|:1-399	399	k121_296155_1	N/A	32.168	36	143	5.67e-19	87.0
SadA_ref|WP_036299419.1|:1-399	399	k121_2135_10	N/A	24.745	95	392	6.68e-19	92.4
SadA_ref|WP_036299419.1|:1-399	399	k121_1047402_2	N/A	27.513	47	189	1.26e-17	83.6
SadA_ref|WP_036299419.1|:1-399	399	k121_188022_1	N/A	25.145	83	346	2.32e-17	86.3
SadA_ref|WP_036299419.1|:1-399	399	k121_158481_1	N/A	31.737	42	167	2.45e-17	82.8
SadA_ref|WP_036299419.1|:1-399	399	k121_1003109_1	N/A	29.268	51	205	3.18e-17	83.6
SadA_ref|WP_036299419.1|:1-399	399	k121_148237_3	N/A	25.661	94	378	3.74e-17	85.9
SadA_ref|WP_036299419.1|:1-399	399	k121_523733_1	N/A	30.556	36	144	3.88e-16	79.0
SadA_ref|WP_036299419.1|:1-399	399	k121_560624_3	N/A	25.974	94	385	1.75e-15	80.9
SadA_ref|WP_036299419.1|:1-399	399	k121_896650_1	N/A	25.461	67	271	2.07e-15	79.7
SadA_ref|WP_036299419.1|:1-399	399	k121_268241_1	N/A	26.054	61	261	3.43e-15	78.2
SadA_ref|WP_036299419.1|:1-399	399	k121_933848_1	N/A	23.016	91	378	5.28e-14	76.3
SadA_ref|WP_036299419.1|:1-399	399	k121_15961_1	N/A	28.723	44	188	1.54e-13	72.8
SadA_ref|WP_036299419.1|:1-399	399	k121_830976_1	N/A	26.962	70	293	3.65e-13	73.2
SadA_ref|WP_036299419.1|:1-399	399	k121_145350_1	N/A	32.710	27	107	1.74e-12	67.0
SadA_ref|WP_036299419.1|:1-399	399	k121_468088_7	N/A	28.112	61	249	4.00e-11	67.8
SadA_ref|WP_036299419.1|:1-399	399	k121_185340_1	N/A	24.011	85	354	1.51e-10	65.9
SadA_ref|WP_036299419.1|:1-399	399	k121_956359_2	N/A	25.130	89	386	4.38e-09	61.6
SadA_ref|WP_036299419.1|:1-399	399	k121_1017322_6	N/A	21.842	87	380	5.60e-07	55.1
SadA_ref|WP_036299419.1|:1-399	399	k121_193135_1	N/A	26.154	32	130	3.62e-04	43.9
SadA_ref|WP_036299419.1|:1-399	399	k121_720557_18	N/A	25.000	46	196	3.83e-04	46.2
SadA_ref|WP_036299419.1|:1-399	399	k121_174680_9	N/A	22.487	87	378	7.01e-04	45.4
SadA_ref|WP_036299419.1|:1-399	399	k121_21734_5	N/A	21.932	88	383	8.57e-04	45.1
SadA_ref|WP_036299419.1|:1-399	399	k121_968260_1	N/A	25.698	44	179	0.001	43.5
SadA_ref|WP_036299419.1|:1-399	399	k121_453276_1	N/A	23.711	48	194	0.003	42.0
SadA_ref|WP_036299419.1|:1-399	399	k121_845481_2	N/A	22.078	70	308	0.005	42.4
SadA_ref|WP_036299419.1|:1-399	399	k121_274629_2	N/A	24.561	52	228	0.005	42.4
SadA_ref|WP_036299419.1|:1-399	399	k121_515052_23	N/A	22.362	91	398	0.005	42.4
SadA_ref|WP_036299419.1|:1-399	399	k121_1013281_1	N/A	26.619	67	278	0.006	42.4
SadA_ref|WP_036299419.1|:1-399	399	k121_745831_1	N/A	27.184	47	206	0.010	41.6
SadA_ref|WP_036299419.1|:1-399	399	k121_919214_1	N/A	29.762	21	84	0.012	40.4
SadA_ref|WP_036299419.1|:1-399	399	k121_853524_2	N/A	24.583	52	240	0.014	40.8
SadA_ref|WP_036299419.1|:1-399	399	k121_188726_1	N/A	26.950	34	141	0.016	40.4
SadA_ref|WP_036299419.1|:1-399	399	k121_104500_14	N/A	20.576	54	243	0.018	40.8
SadA_ref|WP_036299419.1|:1-399	399	k121_430724_1	N/A	30.233	21	86	0.023	38.9
SadA_ref|WP_036299419.1|:1-399	399	k121_67610_2	N/A	29.762	21	84	0.025	40.4
SadA_ref|WP_036299419.1|:1-399	399	k121_466956_1	N/A	26.087	35	138	0.027	38.9
SadA_ref|WP_036299419.1|:1-399	399	k121_192767_3	N/A	29.762	21	84	0.036	40.0
SadA_ref|WP_036299419.1|:1-399	399	k121_353672_1	N/A	28.704	26	108	0.055	38.9
SadB_ref|WP_100812327.1|:1-423	423	k121_891004_5	N/A	39.633	89	381	1.80e-76	246
SadB_ref|WP_100812327.1|:1-423	423	k121_891004_4	N/A	31.378	92	392	3.50e-57	196
SadB_ref|WP_100812327.1|:1-423	423	k121_136004_2	N/A	26.913	88	379	1.02e-39	150
SadB_ref|WP_100812327.1|:1-423	423	k121_797850_34	N/A	28.906	87	384	3.18e-39	148
SadB_ref|WP_100812327.1|:1-423	423	k121_1050648_6	N/A	28.173	93	394	1.68e-38	146
SadB_ref|WP_100812327.1|:1-423	423	k121_272368_1	N/A	37.321	49	209	9.63e-37	137
SadB_ref|WP_100812327.1|:1-423	423	k121_304668_2	N/A	26.849	85	365	2.04e-35	138
SadB_ref|WP_100812327.1|:1-423	423	k121_159798_16	N/A	27.095	82	358	2.82e-34	135
SadB_ref|WP_100812327.1|:1-423	423	k121_568757_10	N/A	27.763	85	371	1.78e-33	132
SadB_ref|WP_100812327.1|:1-423	423	k121_115865_6	N/A	26.562	90	384	5.37e-29	120
SadB_ref|WP_100812327.1|:1-423	423	k121_977024_1	N/A	34.884	40	172	3.04e-28	113
SadB_ref|WP_100812327.1|:1-423	423	k121_418192_1	N/A	26.615	90	387	5.26e-28	117
SadB_ref|WP_100812327.1|:1-423	423	k121_775145_87	N/A	24.147	90	381	9.81e-28	116
SadB_ref|WP_100812327.1|:1-423	423	k121_271984_1	N/A	34.320	40	169	1.10e-27	112
SadB_ref|WP_100812327.1|:1-423	423	k121_41754_9	N/A	27.411	91	394	1.62e-27	115
SadB_ref|WP_100812327.1|:1-423	423	k121_2135_10	N/A	25.954	90	393	3.84e-27	117
SadB_ref|WP_100812327.1|:1-423	423	k121_783489_65	N/A	25.765	91	392	8.29e-26	110
SadB_ref|WP_100812327.1|:1-423	423	k121_172776_1	N/A	34.756	39	164	1.11e-25	105
SadB_ref|WP_100812327.1|:1-423	423	k121_136196_2	N/A	28.287	58	251	5.43e-24	105
SadB_ref|WP_100812327.1|:1-423	423	k121_933848_1	N/A	26.649	86	379	3.11e-23	103
SadB_ref|WP_100812327.1|:1-423	423	k121_1047402_2	N/A	30.964	46	197	2.30e-22	97.1
SadB_ref|WP_100812327.1|:1-423	423	k121_896650_1	N/A	27.213	71	305	8.67e-22	98.6
SadB_ref|WP_100812327.1|:1-423	423	k121_327688_1	N/A	28.652	42	178	7.90e-21	92.8
SadB_ref|WP_100812327.1|:1-423	423	k121_296155_1	N/A	35.099	36	151	3.21e-20	90.5
SadB_ref|WP_100812327.1|:1-423	423	k121_678827_1	N/A	32.143	26	112	5.14e-19	86.3
SadB_ref|WP_100812327.1|:1-423	423	k121_15961_1	N/A	31.868	41	182	1.55e-18	87.4
SadB_ref|WP_100812327.1|:1-423	423	k121_468088_7	N/A	29.572	60	257	1.76e-18	90.1
SadB_ref|WP_100812327.1|:1-423	423	k121_268241_1	N/A	29.245	48	212	2.12e-18	87.8
SadB_ref|WP_100812327.1|:1-423	423	k121_830976_1	N/A	28.713	68	303	3.11e-18	88.6
SadB_ref|WP_100812327.1|:1-423	423	k121_319062_2	N/A	24.533	85	375	4.94e-18	89.0
SadB_ref|WP_100812327.1|:1-423	423	k121_199154_11	N/A	30.712	62	267	2.14e-17	85.1
SadB_ref|WP_100812327.1|:1-423	423	k121_188022_1	N/A	26.286	80	350	8.06e-17	85.1
SadB_ref|WP_100812327.1|:1-423	423	k121_610727_2	N/A	24.665	83	373	1.59e-16	84.3
SadB_ref|WP_100812327.1|:1-423	423	k121_1003109_1	N/A	25.806	50	217	1.38e-15	79.0
SadB_ref|WP_100812327.1|:1-423	423	k121_672823_11	N/A	29.444	42	180	3.56e-15	78.6
SadB_ref|WP_100812327.1|:1-423	423	k121_149551_1	N/A	26.000	45	200	8.86e-15	76.6
SadB_ref|WP_100812327.1|:1-423	423	k121_523733_1	N/A	28.481	37	158	7.16e-14	72.8
SadB_ref|WP_100812327.1|:1-423	423	k121_718434_5	N/A	27.404	48	208	1.30e-13	75.5
SadB_ref|WP_100812327.1|:1-423	423	k121_185340_1	N/A	25.691	81	362	1.30e-12	72.0
SadB_ref|WP_100812327.1|:1-423	423	k121_560624_3	N/A	27.168	82	346	2.27e-11	68.6
SadB_ref|WP_100812327.1|:1-423	423	k121_148237_3	N/A	25.455	88	385	2.77e-11	68.2
SadB_ref|WP_100812327.1|:1-423	423	k121_956359_2	N/A	23.641	94	423	6.31e-11	67.4
SadB_ref|WP_100812327.1|:1-423	423	k121_935345_1	N/A	23.431	54	239	6.69e-11	65.9
SadB_ref|WP_100812327.1|:1-423	423	k121_158481_1	N/A	31.461	41	178	3.46e-10	62.4
SadB_ref|WP_100812327.1|:1-423	423	k121_95403_2	N/A	24.797	52	246	3.51e-10	64.7
SadB_ref|WP_100812327.1|:1-423	423	k121_720557_18	N/A	30.460	39	174	4.51e-10	64.7
SadB_ref|WP_100812327.1|:1-423	423	k121_515052_23	N/A	24.694	88	409	1.04e-09	63.5
SadB_ref|WP_100812327.1|:1-423	423	k121_1027127_2	N/A	31.544	33	149	7.27e-09	60.8
SadB_ref|WP_100812327.1|:1-423	423	k121_145350_1	N/A	30.233	20	86	1.60e-08	55.8
SadB_ref|WP_100812327.1|:1-423	423	k121_21734_5	N/A	26.034	86	411	5.46e-08	58.2
SadB_ref|WP_100812327.1|:1-423	423	k121_853524_2	N/A	27.027	53	259	9.62e-08	57.0
SadB_ref|WP_100812327.1|:1-423	423	k121_343823_2	N/A	27.517	35	149	1.24e-07	54.7
SadB_ref|WP_100812327.1|:1-423	423	k121_174680_9	N/A	23.577	80	369	2.76e-07	56.2
SadB_ref|WP_100812327.1|:1-423	423	k121_1017322_6	N/A	24.377	78	361	3.00e-07	56.2
SadB_ref|WP_100812327.1|:1-423	423	k121_407319_2	N/A	24.474	80	380	5.88e-07	55.1
SadB_ref|WP_100812327.1|:1-423	423	k121_1013281_1	N/A	27.320	42	194	3.90e-06	52.4
SadB_ref|WP_100812327.1|:1-423	423	k121_192767_3	N/A	23.545	79	378	4.15e-06	52.4
SadB_ref|WP_100812327.1|:1-423	423	k121_193135_1	N/A	27.778	33	144	4.70e-06	49.7
SadB_ref|WP_100812327.1|:1-423	423	k121_116345_2	N/A	34.091	20	88	9.41e-06	48.1
SadB_ref|WP_100812327.1|:1-423	423	k121_403474_4	N/A	23.797	81	374	1.25e-05	50.8
SadB_ref|WP_100812327.1|:1-423	423	k121_67610_2	N/A	29.091	35	165	1.30e-05	50.8
SadB_ref|WP_100812327.1|:1-423	423	k121_459520_48	N/A	27.647	36	170	2.18e-05	50.1
SadB_ref|WP_100812327.1|:1-423	423	k121_919214_1	N/A	32.812	27	128	2.63e-05	48.5
SadB_ref|WP_100812327.1|:1-423	423	k121_1009234_1	N/A	31.884	30	138	2.98e-05	47.8
SadB_ref|WP_100812327.1|:1-423	423	k121_346202_2	N/A	20.812	87	394	6.81e-05	48.5
SadB_ref|WP_100812327.1|:1-423	423	k121_2879_2	N/A	28.571	28	119	0.001	43.5
SadB_ref|WP_100812327.1|:1-423	423	k121_282573_1	N/A	26.316	22	95	0.002	41.2
SadB_ref|WP_100812327.1|:1-423	423	k121_754063_1	N/A	32.847	28	137	0.003	43.1
SadB_ref|WP_100812327.1|:1-423	423	k121_32771_6	N/A	23.398	80	359	0.003	43.1
SadB_ref|WP_100812327.1|:1-423	423	k121_230954_1	N/A	28.226	26	124	0.005	42.0
SadB_ref|WP_100812327.1|:1-423	423	k121_845481_2	N/A	25.430	62	291	0.005	42.7
SadB_ref|WP_100812327.1|:1-423	423	k121_396968_2	N/A	33.333	26	123	0.005	42.7
SadB_ref|WP_100812327.1|:1-423	423	k121_970772_1	N/A	28.500	47	200	0.006	41.6
SadB_ref|WP_100812327.1|:1-423	423	k121_494318_1	N/A	28.659	36	164	0.007	42.0
SadB_ref|WP_100812327.1|:1-423	423	k121_917044_1	N/A	29.851	28	134	0.012	41.2
SadB_ref|WP_100812327.1|:1-423	423	k121_353672_1	N/A	25.000	39	196	0.013	40.8
SadB_ref|WP_100812327.1|:1-423	423	k121_1475_1	N/A	25.000	44	208	0.013	40.8
SadB_ref|WP_100812327.1|:1-423	423	k121_967601_1	N/A	26.066	48	211	0.016	40.4
SadB_ref|WP_100812327.1|:1-423	423	k121_294819_2	N/A	29.771	28	131	0.019	39.3
SadB_ref|WP_100812327.1|:1-423	423	k121_104500_14	N/A	22.039	77	363	0.020	40.8
SadB_ref|WP_100812327.1|:1-423	423	k121_923985_4	N/A	22.124	49	226	0.020	40.8
SadB_ref|WP_100812327.1|:1-423	423	k121_129422_2	N/A	29.197	28	137	0.028	40.4
SadC_ref|WP_036299413.1|:1-194	194	k121_891004_3	N/A	52.976	87	168	2.38e-57	182
SadC_ref|WP_036299413.1|:1-194	194	k121_929524_2	N/A	26.667	85	165	2.60e-12	65.1
SadC_ref|WP_036299413.1|:1-194	194	k121_808626_1	N/A	28.395	82	162	7.51e-11	61.6
SadC_ref|WP_036299413.1|:1-194	194	k121_725297_2	N/A	30.709	65	127	5.10e-10	58.9
SadC_ref|WP_036299413.1|:1-194	194	k121_1036554_2	N/A	38.710	47	93	3.80e-09	57.0
SadC_ref|WP_036299413.1|:1-194	194	k121_515052_26	N/A	34.043	48	94	1.75e-08	55.1
SadC_ref|WP_036299413.1|:1-194	194	k121_194378_56	N/A	25.874	73	143	1.92e-08	56.6
SadC_ref|WP_036299413.1|:1-194	194	k121_451575_1	N/A	29.927	69	137	3.11e-08	55.1
SadC_ref|WP_036299413.1|:1-194	194	k121_155893_18	N/A	28.481	81	158	4.06e-08	53.9
SadC_ref|WP_036299413.1|:1-194	194	k121_1017322_3	N/A	35.484	47	93	4.98e-08	53.9
SadC_ref|WP_036299413.1|:1-194	194	k121_741397_1	N/A	28.889	70	135	5.89e-08	53.1
SadC_ref|WP_036299413.1|:1-194	194	k121_9895_15	N/A	28.378	76	148	1.40e-07	52.4
SadC_ref|WP_036299413.1|:1-194	194	k121_49800_1	N/A	34.091	45	88	3.28e-07	51.2
SadC_ref|WP_036299413.1|:1-194	194	k121_498102_2	N/A	27.848	81	158	3.32e-07	51.6
SadC_ref|WP_036299413.1|:1-194	194	k121_159092_1	N/A	31.858	58	113	3.74e-07	51.6
SadC_ref|WP_036299413.1|:1-194	194	k121_530180_13	N/A	25.806	80	155	8.31e-07	50.8
SadC_ref|WP_036299413.1|:1-194	194	k121_52480_2	N/A	34.483	44	87	1.03e-06	50.1
SadC_ref|WP_036299413.1|:1-194	194	k121_403880_1	N/A	32.609	47	92	1.55e-06	48.5
SadC_ref|WP_036299413.1|:1-194	194	k121_572026_5	N/A	25.694	73	144	1.57e-06	49.7
SadC_ref|WP_036299413.1|:1-194	194	k121_143882_2	N/A	34.722	37	72	1.96e-06	48.1
SadC_ref|WP_036299413.1|:1-194	194	k121_156772_11	N/A	25.731	88	171	3.15e-06	49.3
SadC_ref|WP_036299413.1|:1-194	194	k121_252226_4	N/A	33.708	46	89	5.37e-06	48.5
SadC_ref|WP_036299413.1|:1-194	194	k121_188131_7	N/A	28.571	54	105	5.40e-06	49.3
SadC_ref|WP_036299413.1|:1-194	194	k121_370205_1	N/A	32.000	51	100	6.16e-06	47.8
SadC_ref|WP_036299413.1|:1-194	194	k121_539742_1	N/A	30.172	59	116	7.32e-06	47.4
SadC_ref|WP_036299413.1|:1-194	194	k121_610204_2	N/A	29.204	58	113	7.39e-06	47.8
SadC_ref|WP_036299413.1|:1-194	194	k121_614023_2	N/A	35.802	40	81	7.98e-06	47.8
SadC_ref|WP_036299413.1|:1-194	194	k121_724753_13	N/A	24.845	82	161	8.40e-06	48.5
SadC_ref|WP_036299413.1|:1-194	194	k121_315513_1	N/A	24.841	79	157	1.44e-05	47.0
SadC_ref|WP_036299413.1|:1-194	194	k121_159798_17	N/A	27.536	68	138	1.89e-05	47.8
SadC_ref|WP_036299413.1|:1-194	194	k121_363902_2	N/A	36.364	49	99	2.19e-05	46.6
SadC_ref|WP_036299413.1|:1-194	194	k121_313510_17	N/A	23.926	84	163	2.97e-05	45.8
SadC_ref|WP_036299413.1|:1-194	194	k121_192393_1	N/A	33.333	40	78	3.32e-05	45.4
SadC_ref|WP_036299413.1|:1-194	194	k121_390935_16	N/A	28.148	68	135	3.32e-05	45.8
SadC_ref|WP_036299413.1|:1-194	194	k121_809740_1	N/A	28.972	54	107	3.43e-05	45.1
SadC_ref|WP_036299413.1|:1-194	194	k121_709076_1	N/A	30.000	41	80	3.70e-05	44.7
SadC_ref|WP_036299413.1|:1-194	194	k121_493558_22	N/A	25.694	72	144	4.63e-05	45.4
SadC_ref|WP_036299413.1|:1-194	194	k121_116839_3	N/A	25.294	85	170	8.50e-05	44.7
SadC_ref|WP_036299413.1|:1-194	194	k121_744553_1	N/A	32.955	45	88	1.14e-04	45.1
SadC_ref|WP_036299413.1|:1-194	194	k121_538074_4	N/A	27.344	65	128	1.29e-04	44.3
SadC_ref|WP_036299413.1|:1-194	194	k121_1013367_10	N/A	32.558	44	86	2.39e-04	44.3
SadC_ref|WP_036299413.1|:1-194	194	k121_354387_2	N/A	28.736	44	87	3.60e-04	42.7
SadC_ref|WP_036299413.1|:1-194	194	k121_299006_3	N/A	46.000	26	50	3.95e-04	41.2
SadC_ref|WP_036299413.1|:1-194	194	k121_616928_2	N/A	29.126	49	103	4.71e-04	41.6
SadC_ref|WP_036299413.1|:1-194	194	k121_664109_1	N/A	32.432	38	74	5.77e-04	42.0
SadC_ref|WP_036299413.1|:1-194	194	k121_530596_5	N/A	35.789	48	95	5.82e-04	42.4
SadC_ref|WP_036299413.1|:1-194	194	k121_670189_2	N/A	35.065	39	77	8.74e-04	42.0
SadC_ref|WP_036299413.1|:1-194	194	k121_632732_1	N/A	32.258	47	93	0.001	42.4
SadC_ref|WP_036299413.1|:1-194	194	k121_693541_2	N/A	36.000	38	75	0.001	39.7
SadC_ref|WP_036299413.1|:1-194	194	k121_145479_2	N/A	31.522	47	92	0.002	41.2
SadC_ref|WP_036299413.1|:1-194	194	k121_1011678_3	N/A	29.348	47	92	0.002	40.8
SadC_ref|WP_036299413.1|:1-194	194	k121_457887_77	N/A	29.268	62	123	0.002	40.4
SadC_ref|WP_036299413.1|:1-194	194	k121_1040790_2	N/A	28.378	74	148	0.003	40.4
SadC_ref|WP_036299413.1|:1-194	194	k121_466654_1	N/A	32.584	46	89	0.006	38.9
SadC_ref|WP_036299413.1|:1-194	194	k121_473087_42	N/A	26.316	68	133	0.007	39.3
SadC_ref|WP_036299413.1|:1-194	194	k121_534419_2	N/A	32.812	33	64	0.009	39.7
SadC_ref|WP_036299413.1|:1-194	194	k121_751571_2	N/A	30.435	35	69	0.013	37.4
SadC_ref|WP_036299413.1|:1-194	194	k121_421553_5	N/A	36.000	38	75	0.014	38.5
SadC_ref|WP_036299413.1|:1-194	194	k121_1020914_46	N/A	34.722	37	72	0.016	38.1
SadC_ref|WP_036299413.1|:1-194	194	k121_919032_1	N/A	46.939	25	49	0.019	38.5
SadC_ref|WP_036299413.1|:1-194	194	k121_128066_1	N/A	24.615	66	130	0.052	37.0
SadC_ref|WP_036299413.1|:1-194	194	k121_776859_1	N/A	23.333	77	150	0.073	37.0
WP_000259031.1	279	k121_373730_5	N/A	100.000	100	279	0.0	553
WP_000259031.1	279	k121_864216_4	N/A	47.308	93	260	1.54e-84	257
WP_000259031.1	279	k121_760342_1	N/A	43.750	57	160	7.14e-46	154
WP_000259031.1	279	k121_4509_1	N/A	56.296	48	135	6.96e-44	149
WP_000259031.1	279	k121_1045611_4	N/A	37.500	94	264	3.69e-41	146
WP_000259031.1	279	k121_500382_1	N/A	38.956	88	249	5.35e-38	137
WP_000259031.1	279	k121_638201_89	N/A	35.628	88	247	6.29e-38	137
WP_000259031.1	279	k121_958940_1	N/A	48.630	52	146	6.36e-34	124
WP_000259031.1	279	k121_37698_1	N/A	32.812	91	256	2.24e-33	125
WP_000259031.1	279	k121_832530_4	N/A	31.837	87	245	2.41e-33	125
WP_000259031.1	279	k121_66460_2	N/A	35.349	76	215	4.37e-32	121
WP_000259031.1	279	k121_634917_2	N/A	35.060	88	251	3.48e-31	120
WP_000259031.1	279	k121_297346_16	N/A	34.766	88	256	3.67e-31	120
WP_000259031.1	279	k121_969487_2	N/A	35.200	88	250	6.15e-31	119
WP_000259031.1	279	k121_802935_2	N/A	31.461	96	267	2.14e-30	118
WP_000259031.1	279	k121_551727_3	N/A	30.268	91	261	4.92e-29	114
WP_000259031.1	279	k121_918981_5	N/A	31.599	94	269	2.00e-28	113
WP_000259031.1	279	k121_551327_3	N/A	34.742	76	213	5.38e-28	111
WP_000259031.1	279	k121_793990_1	N/A	32.016	86	253	1.01e-27	110
WP_000259031.1	279	k121_861185_26	N/A	30.182	96	275	1.29e-27	111
WP_000259031.1	279	k121_1050624_57	N/A	34.389	79	221	1.91e-27	110
WP_000259031.1	279	k121_991157_88	N/A	33.708	95	267	2.20e-27	110
WP_000259031.1	279	k121_103807_3	N/A	36.653	87	251	4.89e-27	108
WP_000259031.1	279	k121_77579_2	N/A	31.325	88	249	5.00e-27	109
WP_000259031.1	279	k121_320955_5	N/A	31.439	94	264	5.13e-27	109
WP_000259031.1	279	k121_642314_2	N/A	32.669	89	251	5.39e-27	109
WP_000259031.1	279	k121_199986_2	N/A	29.317	88	249	9.60e-27	108
WP_000259031.1	279	k121_537463_4	N/A	36.239	76	218	1.09e-26	108
WP_000259031.1	279	k121_306163_3	N/A	29.344	92	259	1.14e-26	108
WP_000259031.1	279	k121_231424_1	N/A	34.100	88	261	3.62e-26	107
WP_000259031.1	279	k121_646830_2	N/A	31.439	93	264	3.85e-26	108
WP_000259031.1	279	k121_356219_3	N/A	33.462	92	260	4.28e-26	106
WP_000259031.1	279	k121_49235_21	N/A	28.794	91	257	7.70e-26	106
WP_000259031.1	279	k121_916608_1	N/A	34.101	77	217	1.54e-25	103
WP_000259031.1	279	k121_964124_1	N/A	34.583	85	240	2.02e-25	103
WP_000259031.1	279	k121_155690_9	N/A	32.422	88	256	2.84e-25	104
WP_000259031.1	279	k121_129384_2	N/A	31.474	88	251	3.37e-25	104
WP_000259031.1	279	k121_62070_1	N/A	31.273	93	275	3.88e-25	103
WP_000259031.1	279	k121_978787_2	N/A	29.457	88	258	4.99e-25	104
WP_000259031.1	279	k121_375472_1	N/A	29.344	87	259	8.71e-25	103
WP_000259031.1	279	k121_19725_1	N/A	31.159	96	276	1.09e-24	102
WP_000259031.1	279	k121_799826_4	N/A	28.185	91	259	2.76e-24	102
WP_000259031.1	279	k121_885961_1	N/A	31.068	74	206	2.81e-24	100
WP_000259031.1	279	k121_356986_3	N/A	32.836	93	268	5.37e-24	102
WP_000259031.1	279	k121_944024_1	N/A	33.520	63	179	1.48e-23	100
WP_000259031.1	279	k121_474365_1	N/A	33.600	88	250	1.67e-23	100
WP_000259031.1	279	k121_1029283_18	N/A	35.780	76	218	1.69e-23	100
WP_000259031.1	279	k121_896171_2	N/A	35.795	63	176	2.72e-23	97.8
WP_000259031.1	279	k121_518612_1	N/A	33.036	77	224	2.73e-23	99.8
WP_000259031.1	279	k121_845571_2	N/A	31.502	95	273	4.63e-23	98.6
WP_000259031.1	279	k121_614299_2	N/A	28.405	91	257	7.38e-23	97.8
WP_000259031.1	279	k121_143006_1	N/A	57.143	28	77	1.09e-22	92.8
WP_000259031.1	279	k121_20304_2	N/A	31.047	97	277	1.26e-22	98.2
WP_000259031.1	279	k121_399952_29	N/A	31.923	88	260	1.97e-22	97.4
WP_000259031.1	279	k121_746670_1	N/A	28.512	86	242	3.46e-22	95.5
WP_000259031.1	279	k121_124522_2	N/A	30.258	95	271	6.66e-22	95.9
WP_000259031.1	279	k121_749758_3	N/A	28.788	91	264	1.62e-21	94.4
WP_000259031.1	279	k121_26317_19	N/A	30.279	87	251	1.65e-21	94.4
WP_000259031.1	279	k121_34690_1	N/A	31.818	77	220	1.82e-21	92.8
WP_000259031.1	279	k121_173133_4	N/A	29.537	98	281	1.92e-21	94.4
WP_000259031.1	279	k121_966293_1	N/A	29.412	77	221	2.77e-21	92.8
WP_000259031.1	279	k121_898455_2	N/A	32.453	92	265	4.29e-21	93.2
WP_000259031.1	279	k121_908696_2	N/A	33.613	81	238	4.45e-21	93.2
WP_000259031.1	279	k121_857918_3	N/A	30.112	91	269	9.13e-21	93.6
WP_000259031.1	279	k121_184275_2	N/A	25.600	88	250	1.69e-20	91.3
WP_000259031.1	279	k121_14694_9	N/A	31.250	95	272	1.78e-20	92.0
WP_000259031.1	279	k121_295247_2	N/A	32.093	77	215	2.09e-20	91.3
WP_000259031.1	279	k121_648002_8	N/A	29.730	78	222	2.43e-20	90.5
WP_000259031.1	279	k121_636732_2	N/A	33.333	66	186	3.58e-20	89.0
WP_000259031.1	279	k121_447225_1	N/A	29.952	73	207	6.02e-20	89.7
WP_000259031.1	279	k121_265326_3	N/A	26.592	94	267	6.16e-20	90.1
WP_000259031.1	279	k121_1047991_3	N/A	31.343	93	268	6.19e-20	91.3
WP_000259031.1	279	k121_509914_4	N/A	28.794	87	257	9.15e-20	90.5
WP_000259031.1	279	k121_514001_12	N/A	28.315	98	279	1.31e-19	92.0
WP_000259031.1	279	k121_493828_1	N/A	35.057	62	174	1.95e-19	87.0
WP_000259031.1	279	k121_284446_2	N/A	31.308	76	214	2.52e-19	89.4
WP_000259031.1	279	k121_598822_1	N/A	29.302	76	215	3.38e-19	87.0
WP_000259031.1	279	k121_777309_13	N/A	27.037	95	270	3.71e-19	88.6
WP_000259031.1	279	k121_31032_5	N/A	28.723	98	282	4.29e-19	88.2
WP_000259031.1	279	k121_388697_1	N/A	31.288	58	163	9.68e-19	84.7
WP_000259031.1	279	k121_39409_26	N/A	31.923	89	260	1.03e-18	87.0
WP_000259031.1	279	k121_236670_33	N/A	34.348	81	230	1.06e-18	86.7
WP_000259031.1	279	k121_998863_3	N/A	31.818	70	198	1.55e-18	85.1
WP_000259031.1	279	k121_339501_1	N/A	53.922	37	102	1.77e-18	82.4
WP_000259031.1	279	k121_500941_3	N/A	30.732	73	205	2.06e-18	84.3
WP_000259031.1	279	k121_844709_5	N/A	32.963	87	270	4.26e-18	85.1
WP_000259031.1	279	k121_60484_4	N/A	30.337	94	267	5.46e-18	85.1
WP_000259031.1	279	k121_274035_23	N/A	28.514	87	249	6.51e-18	85.9
WP_000259031.1	279	k121_625200_4	N/A	34.008	88	247	7.31e-18	84.3
WP_000259031.1	279	k121_41949_2	N/A	36.800	44	125	1.38e-17	80.9
WP_000259031.1	279	k121_591224_1	N/A	30.579	86	242	1.57e-17	83.2
WP_000259031.1	279	k121_3782_1	N/A	29.255	63	188	2.79e-17	81.3
WP_000259031.1	279	k121_1059492_7	N/A	28.514	88	249	3.69e-17	82.8
WP_000259031.1	279	k121_334989_1	N/A	36.800	44	125	8.26e-17	79.7
WP_000259031.1	279	k121_218583_1	N/A	30.189	74	212	2.53e-16	79.0
WP_000259031.1	279	k121_225561_1	N/A	30.739	88	257	6.58e-16	79.3
WP_000259031.1	279	k121_28846_3	N/A	33.032	78	221	7.56e-16	79.0
WP_000259031.1	279	k121_157854_18	N/A	31.559	87	263	1.13e-15	78.6
WP_000259031.1	279	k121_470171_21	N/A	37.097	44	124	1.75e-15	76.3
WP_000259031.1	279	k121_439710_2	N/A	25.949	56	158	1.78e-15	75.9
WP_000259031.1	279	k121_711433_1	N/A	36.641	46	131	2.95e-15	75.1
WP_000259031.1	279	k121_180347_1	N/A	33.065	44	124	3.63e-15	73.9
WP_000259031.1	279	k121_225311_2	N/A	30.542	72	203	4.09e-15	75.5
WP_000259031.1	279	k121_207234_1	N/A	29.213	62	178	4.74e-15	74.7
WP_000259031.1	279	k121_199903_1	N/A	31.076	88	251	5.06e-15	77.0
WP_000259031.1	279	k121_866405_1	N/A	30.061	58	163	5.15e-15	74.7
WP_000259031.1	279	k121_749809_2	N/A	34.161	56	161	5.89e-15	75.5
WP_000259031.1	279	k121_32264_2	N/A	34.014	49	147	9.44e-15	74.3
WP_000259031.1	279	k121_766930_1	N/A	29.358	76	218	1.92e-14	73.9
WP_000259031.1	279	k121_915893_28	N/A	30.657	88	274	2.68e-14	75.1
WP_000259031.1	279	k121_258508_1	N/A	31.884	72	207	4.28e-14	72.8
WP_000259031.1	279	k121_1023908_1	N/A	29.464	74	224	4.82e-14	72.8
WP_000259031.1	279	k121_368894_11	N/A	28.736	90	261	9.07e-14	72.8
WP_000259031.1	279	k121_135342_3	N/A	29.804	87	255	9.16e-14	73.9
WP_000259031.1	279	k121_84970_6	N/A	28.571	89	294	1.52e-13	73.2
WP_000259031.1	279	k121_18485_8	N/A	32.227	73	211	1.99e-13	71.6
WP_000259031.1	279	k121_167592_1	N/A	33.333	44	123	2.14e-13	68.9
WP_000259031.1	279	k121_16511_1	N/A	33.333	80	228	2.38e-13	70.9
WP_000259031.1	279	k121_578704_1	N/A	29.448	58	163	3.30e-13	69.7
WP_000259031.1	279	k121_70073_1	N/A	30.055	65	183	3.57e-13	70.5
WP_000259031.1	279	k121_746793_2	N/A	28.761	78	226	4.43e-13	71.2
WP_000259031.1	279	k121_574579_1	N/A	28.846	74	208	4.65e-13	70.1
WP_000259031.1	279	k121_618603_2	N/A	25.556	63	180	7.90e-13	69.3
WP_000259031.1	279	k121_1047784_2	N/A	30.841	75	214	8.43e-13	69.3
WP_000259031.1	279	k121_276571_1	N/A	30.500	71	200	1.17e-12	68.6
WP_000259031.1	279	k121_161829_1	N/A	31.638	61	177	1.34e-12	68.2
WP_000259031.1	279	k121_204122_1	N/A	33.862	66	189	1.49e-12	68.2
WP_000259031.1	279	k121_702913_1	N/A	34.066	65	182	1.64e-12	67.8
WP_000259031.1	279	k121_1058162_1	N/A	37.736	37	106	3.16e-12	66.2
WP_000259031.1	279	k121_754128_2	N/A	34.234	39	111	3.53e-12	65.5
WP_000259031.1	279	k121_631738_1	N/A	31.783	44	129	5.75e-12	65.9
WP_000259031.1	279	k121_387356_2	N/A	33.010	37	103	2.78e-11	62.8
WP_000259031.1	279	k121_71821_1	N/A	32.571	60	175	6.89e-11	63.5
WP_000259031.1	279	k121_509296_1	N/A	29.508	44	122	1.01e-10	61.6
WP_000259031.1	279	k121_301375_1	N/A	31.892	64	185	1.27e-10	63.2
WP_000259031.1	279	k121_929824_3	N/A	30.409	59	171	1.81e-10	61.6
WP_000259031.1	279	k121_222099_4	N/A	32.237	53	152	2.19e-10	61.6
WP_000259031.1	279	k121_722142_2	N/A	32.800	44	125	4.47e-10	60.5
WP_000259031.1	279	k121_295177_2	N/A	29.839	44	124	4.58e-10	61.2
WP_000259031.1	279	k121_793572_12	N/A	36.275	36	102	7.39e-10	58.9
WP_000259031.1	279	k121_724262_1	N/A	39.024	29	82	8.40e-10	57.8
WP_000259031.1	279	k121_931385_2	N/A	31.061	47	132	1.06e-09	58.9
WP_000259031.1	279	k121_578619_2	N/A	31.068	37	103	1.87e-09	58.5
WP_000259031.1	279	k121_614558_1	N/A	31.200	44	125	7.87e-09	57.4
WP_000259031.1	279	k121_924300_1	N/A	32.941	61	170	9.09e-09	57.0
WP_000259031.1	279	k121_541263_1	N/A	29.310	60	174	1.03e-08	57.0
WP_000259031.1	279	k121_134047_1	N/A	29.121	63	182	1.23e-08	57.8
WP_000259031.1	279	k121_371773_2	N/A	34.066	32	91	1.81e-08	54.7
WP_000259031.1	279	k121_165683_1	N/A	26.486	63	185	2.08e-08	57.4
WP_000259031.1	279	k121_221401_2	N/A	45.161	22	62	4.55e-08	53.1
WP_000259031.1	279	k121_485142_5	N/A	29.091	95	275	7.24e-08	56.2
WP_000259031.1	279	k121_15350_11	N/A	41.772	28	79	1.12e-07	53.5
WP_000259031.1	279	k121_974990_1	N/A	28.655	61	171	2.73e-07	52.8
WP_000259031.1	279	k121_913536_1	N/A	30.827	44	133	3.33e-07	52.4
WP_000259031.1	279	k121_307810_1	N/A	31.724	51	145	3.80e-07	52.8
WP_000259031.1	279	k121_930295_1	N/A	40.506	28	79	3.81e-07	52.0
WP_000259031.1	279	k121_560879_1	N/A	26.866	66	201	4.02e-07	53.1
WP_000259031.1	279	k121_98323_1	N/A	37.255	35	102	4.08e-07	50.8
WP_000259031.1	279	k121_196832_3	N/A	27.381	29	84	5.20e-07	50.1
WP_000259031.1	279	k121_549637_1	N/A	33.051	42	118	7.77e-07	51.6
WP_000259031.1	279	k121_549642_1	N/A	33.051	42	118	9.33e-07	51.6
WP_000259031.1	279	k121_98328_1	N/A	35.849	36	106	9.41e-07	50.1
WP_000259031.1	279	k121_519904_1	N/A	36.697	37	109	9.67e-07	50.8
WP_000259031.1	279	k121_315527_1	N/A	28.276	51	145	1.00e-06	50.8
WP_000259031.1	279	k121_241393_2	N/A	36.364	24	66	1.05e-06	49.3
WP_000259031.1	279	k121_791054_1	N/A	37.500	26	72	3.16e-06	47.8
WP_000259031.1	279	k121_324063_1	N/A	27.206	48	136	4.25e-06	49.7
WP_000259031.1	279	k121_741114_1	N/A	42.105	27	76	1.21e-05	47.0
WP_000259031.1	279	k121_645144_1	N/A	27.778	44	126	1.45e-05	48.1
WP_000259031.1	279	k121_607431_1	N/A	27.907	45	129	2.63e-05	46.6
WP_000259031.1	279	k121_129547_1	N/A	28.342	65	187	3.21e-05	47.0
WP_000259031.1	279	k121_304080_1	N/A	32.919	56	161	3.26e-05	46.6
WP_000259031.1	279	k121_825509_1	N/A	38.931	46	131	3.74e-05	46.6
WP_000259031.1	279	k121_86669_1	N/A	32.727	58	165	4.24e-05	47.4
WP_000259031.1	279	k121_508828_1	N/A	23.121	62	173	1.07e-04	45.4
WP_000259031.1	279	k121_809674_1	N/A	30.822	51	146	2.23e-04	43.9
WP_000259031.1	279	k121_1029694_1	N/A	27.835	35	97	3.05e-04	42.7
WP_000259031.1	279	k121_530327_1	N/A	32.184	30	87	3.39e-04	42.7
WP_000259031.1	279	k121_337096_2	N/A	38.272	29	81	6.86e-04	42.0
WP_000259031.1	279	k121_335940_1	N/A	38.272	29	81	0.002	42.0
WP_000259031.1	279	k121_6381_1	N/A	26.190	29	84	0.003	41.2
WP_000259031.1	279	k121_921553_2	N/A	31.343	24	67	0.004	39.3
WP_000259031.1	279	k121_81983_1	N/A	31.461	32	89	0.006	39.3
WP_000259031.1	279	k121_381736_1	N/A	36.232	25	69	0.007	38.9
WP_000259031.1	279	k121_535819_2	N/A	37.037	27	81	0.010	38.1
WP_000259031.1	279	k121_394162_2	N/A	30.159	23	63	0.018	37.0
WP_000259031.1	279	k121_371727_2	N/A	41.935	22	62	0.021	37.4
WP_000259031.1	279	k121_485494_2	N/A	38.983	21	59	0.033	36.2
WP_000259031.1	279	k121_891168_1	N/A	32.184	30	87	0.062	37.0
WP_000259031.1	279	k121_350484_1	N/A	23.581	75	229	0.087	38.1
WP_001043260.1	271	k121_4509_1	N/A	100.000	54	146	6.07e-99	288
WP_001043260.1	271	k121_864216_4	N/A	49.615	96	260	3.41e-84	256
WP_001043260.1	271	k121_373730_5	N/A	53.516	94	256	1.96e-83	254
WP_001043260.1	271	k121_339501_1	N/A	100.000	42	115	3.08e-72	220
WP_001043260.1	271	k121_958940_1	N/A	55.484	56	155	2.82e-49	163
WP_001043260.1	271	k121_832530_4	N/A	36.293	95	259	4.55e-49	166
WP_001043260.1	271	k121_760342_1	N/A	50.633	58	158	1.56e-48	161
WP_001043260.1	271	k121_638201_89	N/A	37.548	95	261	2.17e-48	164
WP_001043260.1	271	k121_1045611_4	N/A	38.077	96	260	1.73e-46	159
WP_001043260.1	271	k121_634917_2	N/A	39.080	95	261	3.36e-45	156
WP_001043260.1	271	k121_500382_1	N/A	41.393	90	244	1.24e-44	154
WP_001043260.1	271	k121_1050624_57	N/A	40.449	97	267	2.84e-41	146
WP_001043260.1	271	k121_62070_1	N/A	34.926	95	272	2.34e-39	141
WP_001043260.1	271	k121_19725_1	N/A	37.079	95	267	2.60e-39	140
WP_001043260.1	271	k121_295247_2	N/A	39.544	96	263	5.03e-39	140
WP_001043260.1	271	k121_802935_2	N/A	35.714	98	266	7.89e-39	140
WP_001043260.1	271	k121_793990_1	N/A	35.206	95	267	3.62e-38	138
WP_001043260.1	271	k121_861185_26	N/A	34.733	96	262	8.63e-38	137
WP_001043260.1	271	k121_66460_2	N/A	35.874	81	223	1.22e-37	135
WP_001043260.1	271	k121_642314_2	N/A	34.733	96	262	1.65e-37	136
WP_001043260.1	271	k121_356219_3	N/A	37.500	91	248	2.67e-37	135
WP_001043260.1	271	k121_129384_2	N/A	35.632	95	261	2.69e-37	136
WP_001043260.1	271	k121_20304_2	N/A	36.090	97	266	7.76e-36	133
WP_001043260.1	271	k121_231424_1	N/A	37.079	91	267	8.08e-36	133
WP_001043260.1	271	k121_916608_1	N/A	42.609	83	230	1.21e-35	130
WP_001043260.1	271	k121_969487_2	N/A	37.023	91	262	1.31e-35	131
WP_001043260.1	271	k121_155690_9	N/A	34.701	96	268	1.32e-35	131
WP_001043260.1	271	k121_375472_1	N/A	34.066	96	273	8.11e-35	129
WP_001043260.1	271	k121_537463_4	N/A	39.163	94	263	1.34e-34	129
WP_001043260.1	271	k121_77579_2	N/A	33.992	92	253	1.40e-34	129
WP_001043260.1	271	k121_898455_2	N/A	37.931	93	261	2.40e-34	128
WP_001043260.1	271	k121_991157_88	N/A	36.260	96	262	5.38e-34	127
WP_001043260.1	271	k121_518612_1	N/A	31.560	97	282	6.60e-34	127
WP_001043260.1	271	k121_320955_5	N/A	34.962	97	266	9.55e-34	126
WP_001043260.1	271	k121_964124_1	N/A	37.561	75	205	1.00e-33	125
WP_001043260.1	271	k121_509914_4	N/A	34.717	95	265	2.37e-32	124
WP_001043260.1	271	k121_37698_1	N/A	32.400	91	250	3.26e-32	122
WP_001043260.1	271	k121_896171_2	N/A	40.571	64	175	5.03e-32	120
WP_001043260.1	271	k121_474365_1	N/A	34.661	92	251	1.12e-31	122
WP_001043260.1	271	k121_966293_1	N/A	31.963	79	219	2.32e-31	119
WP_001043260.1	271	k121_103807_3	N/A	37.751	90	249	5.93e-31	119
WP_001043260.1	271	k121_1047991_3	N/A	34.559	97	272	1.30e-30	120
WP_001043260.1	271	k121_39409_26	N/A	36.154	91	260	1.50e-30	118
WP_001043260.1	271	k121_157854_18	N/A	35.907	91	259	2.37e-30	117
WP_001043260.1	271	k121_866405_1	N/A	40.373	59	161	2.51e-30	115
WP_001043260.1	271	k121_3782_1	N/A	33.333	69	198	3.89e-30	115
WP_001043260.1	271	k121_551727_3	N/A	31.203	96	266	4.05e-30	117
WP_001043260.1	271	k121_225311_2	N/A	39.896	71	193	4.52e-30	115
WP_001043260.1	271	k121_297346_16	N/A	32.549	90	255	1.25e-29	116
WP_001043260.1	271	k121_551327_3	N/A	32.463	97	268	1.87e-29	115
WP_001043260.1	271	k121_265326_3	N/A	28.244	96	262	2.68e-29	115
WP_001043260.1	271	k121_998863_3	N/A	36.449	77	214	4.50e-29	112
WP_001043260.1	271	k121_918981_5	N/A	31.225	92	253	2.02e-28	112
WP_001043260.1	271	k121_500941_3	N/A	38.342	71	193	3.54e-28	110
WP_001043260.1	271	k121_908696_2	N/A	37.069	82	232	3.95e-28	111
WP_001043260.1	271	k121_1029283_18	N/A	37.778	79	225	9.76e-28	111
WP_001043260.1	271	k121_306163_3	N/A	27.481	95	262	1.00e-27	110
WP_001043260.1	271	k121_625200_4	N/A	36.122	96	263	1.44e-27	110
WP_001043260.1	271	k121_885961_1	N/A	35.294	75	204	1.97e-27	108
WP_001043260.1	271	k121_356986_3	N/A	35.472	96	265	2.13e-27	111
WP_001043260.1	271	k121_646830_2	N/A	29.588	97	267	2.47e-27	111
WP_001043260.1	271	k121_749758_3	N/A	28.195	96	266	4.60e-27	108
WP_001043260.1	271	k121_978787_2	N/A	33.962	92	265	7.99e-27	108
WP_001043260.1	271	k121_799826_4	N/A	26.400	91	250	8.31e-27	108
WP_001043260.1	271	k121_636732_2	N/A	35.106	69	188	1.01e-26	105
WP_001043260.1	271	k121_199986_2	N/A	29.412	91	255	1.31e-26	108
WP_001043260.1	271	k121_648002_8	N/A	31.390	81	223	8.44e-26	105
WP_001043260.1	271	k121_284446_2	N/A	33.210	97	271	1.68e-25	105
WP_001043260.1	271	k121_614299_2	N/A	27.170	96	265	3.14e-25	103
WP_001043260.1	271	k121_845571_2	N/A	30.916	96	262	3.35e-25	104
WP_001043260.1	271	k121_41949_2	N/A	40.458	48	131	3.71e-25	100
WP_001043260.1	271	k121_143006_1	N/A	52.688	34	93	7.32e-25	98.2
WP_001043260.1	271	k121_711433_1	N/A	42.857	46	126	1.02e-24	100
WP_001043260.1	271	k121_944024_1	N/A	33.161	70	193	2.03e-24	103
WP_001043260.1	271	k121_399952_29	N/A	34.733	90	262	3.40e-24	102
WP_001043260.1	271	k121_470171_21	N/A	37.423	60	163	6.59e-24	98.6
WP_001043260.1	271	k121_777309_13	N/A	31.076	90	251	7.06e-24	101
WP_001043260.1	271	k121_180347_1	N/A	42.400	46	125	7.77e-24	97.1
WP_001043260.1	271	k121_388697_1	N/A	36.364	61	165	1.23e-23	97.4
WP_001043260.1	271	k121_591224_1	N/A	32.766	86	235	4.47e-23	97.8
WP_001043260.1	271	k121_614558_1	N/A	39.683	46	126	5.88e-23	95.5
WP_001043260.1	271	k121_236670_33	N/A	34.074	97	270	1.08e-22	97.4
WP_001043260.1	271	k121_746670_1	N/A	29.675	88	246	1.22e-22	96.7
WP_001043260.1	271	k121_844709_5	N/A	33.704	90	270	2.08e-22	96.7
WP_001043260.1	271	k121_274035_23	N/A	28.016	91	257	3.77e-22	97.8
WP_001043260.1	271	k121_184275_2	N/A	27.711	90	249	6.45e-22	95.1
WP_001043260.1	271	k121_49235_21	N/A	26.415	96	265	1.23e-21	94.7
WP_001043260.1	271	k121_124522_2	N/A	30.597	96	268	1.48e-21	94.7
WP_001043260.1	271	k121_207234_1	N/A	32.759	63	174	1.55e-21	92.0
WP_001043260.1	271	k121_161829_1	N/A	35.882	62	170	2.80e-21	91.7
WP_001043260.1	271	k121_334989_1	N/A	33.548	56	155	4.43e-21	90.9
WP_001043260.1	271	k121_387356_2	N/A	41.748	38	103	5.93e-21	88.6
WP_001043260.1	271	k121_493828_1	N/A	33.908	63	174	1.36e-20	89.7
WP_001043260.1	271	k121_276571_1	N/A	34.091	64	176	1.95e-20	89.7
WP_001043260.1	271	k121_447225_1	N/A	30.918	75	207	9.42e-20	89.0
WP_001043260.1	271	k121_167592_1	N/A	41.748	38	103	1.06e-19	85.9
WP_001043260.1	271	k121_70073_1	N/A	34.862	80	218	2.43e-19	87.4
WP_001043260.1	271	k121_60484_4	N/A	29.851	96	268	5.45e-19	87.8
WP_001043260.1	271	k121_32264_2	N/A	34.737	66	190	5.69e-19	85.5
WP_001043260.1	271	k121_746793_2	N/A	32.883	79	222	6.25e-19	87.4
WP_001043260.1	271	k121_1023908_1	N/A	33.486	75	218	1.02e-18	85.5
WP_001043260.1	271	k121_439710_2	N/A	30.128	56	156	1.13e-18	84.3
WP_001043260.1	271	k121_368894_11	N/A	30.233	77	215	3.45e-18	84.7
WP_001043260.1	271	k121_28846_3	N/A	32.520	83	246	4.12e-18	85.1
WP_001043260.1	271	k121_135342_3	N/A	28.287	89	251	4.85e-18	86.3
WP_001043260.1	271	k121_173133_4	N/A	27.941	97	272	9.16e-18	84.3
WP_001043260.1	271	k121_766930_1	N/A	32.547	76	212	1.17e-17	82.4
WP_001043260.1	271	k121_793572_12	N/A	45.631	37	103	1.33e-17	79.7
WP_001043260.1	271	k121_84970_6	N/A	30.075	80	266	2.05e-17	84.3
WP_001043260.1	271	k121_578704_1	N/A	31.928	61	166	2.53e-17	80.5
WP_001043260.1	271	k121_218583_1	N/A	30.857	65	175	4.85e-17	80.9
WP_001043260.1	271	k121_225561_1	N/A	28.519	97	270	7.17e-17	81.6
WP_001043260.1	271	k121_221401_2	N/A	52.941	25	68	7.33e-17	77.0
WP_001043260.1	271	k121_598822_1	N/A	28.293	75	205	8.40e-17	80.1
WP_001043260.1	271	k121_722142_2	N/A	35.200	46	125	1.02e-16	78.6
WP_001043260.1	271	k121_31032_5	N/A	28.159	97	277	1.23e-16	81.3
WP_001043260.1	271	k121_1058162_1	N/A	37.963	39	108	1.94e-16	77.8
WP_001043260.1	271	k121_34690_1	N/A	26.761	76	213	2.32e-16	79.0
WP_001043260.1	271	k121_754128_2	N/A	38.462	37	104	2.40e-16	76.6
WP_001043260.1	271	k121_578619_2	N/A	40.000	37	100	3.51e-16	76.6
WP_001043260.1	271	k121_618603_2	N/A	29.609	64	179	8.60e-16	77.0
WP_001043260.1	271	k121_631738_1	N/A	31.757	53	148	9.68e-16	76.3
WP_001043260.1	271	k121_295177_2	N/A	38.614	37	101	1.81e-15	75.9
WP_001043260.1	271	k121_791054_1	N/A	48.052	28	77	2.54e-15	72.4
WP_001043260.1	271	k121_71821_1	N/A	30.769	69	195	6.13e-15	74.3
WP_001043260.1	271	k121_204122_1	N/A	34.463	63	177	7.75e-15	74.3
WP_001043260.1	271	k121_1059492_7	N/A	28.417	97	278	1.00e-14	75.9
WP_001043260.1	271	k121_241393_2	N/A	42.667	28	75	1.25e-14	70.9
WP_001043260.1	271	k121_857918_3	N/A	28.346	90	254	3.31e-14	74.7
WP_001043260.1	271	k121_974990_1	N/A	34.524	62	168	4.59e-14	71.6
WP_001043260.1	271	k121_749809_2	N/A	33.540	58	161	1.42e-13	71.2
WP_001043260.1	271	k121_258508_1	N/A	30.918	73	207	1.84e-13	70.9
WP_001043260.1	271	k121_702913_1	N/A	35.870	66	184	1.88e-13	70.5
WP_001043260.1	271	k121_560879_1	N/A	32.000	67	200	1.96e-13	70.9
WP_001043260.1	271	k121_86669_1	N/A	37.267	59	161	2.38e-13	70.9
WP_001043260.1	271	k121_14694_9	N/A	28.205	96	273	3.05e-13	71.6
WP_001043260.1	271	k121_724262_1	N/A	47.761	25	67	3.62e-13	67.0
WP_001043260.1	271	k121_509296_1	N/A	31.148	45	122	6.07e-13	67.4
WP_001043260.1	271	k121_485494_2	N/A	53.226	23	62	7.93e-13	65.9
WP_001043260.1	271	k121_222099_4	N/A	32.927	60	164	1.01e-12	67.8
WP_001043260.1	271	k121_16511_1	N/A	32.432	68	185	1.05e-12	68.9
WP_001043260.1	271	k121_18485_8	N/A	30.460	64	174	1.84e-12	68.9
WP_001043260.1	271	k121_574579_1	N/A	31.795	69	195	1.01e-11	66.2
WP_001043260.1	271	k121_26317_19	N/A	27.985	95	268	1.41e-11	66.6
WP_001043260.1	271	k121_6381_1	N/A	38.372	30	86	1.45e-11	65.1
WP_001043260.1	271	k121_517645_2	N/A	50.000	21	58	3.06e-11	61.2
WP_001043260.1	271	k121_514001_12	N/A	25.498	90	251	3.28e-11	66.6
WP_001043260.1	271	k121_929824_3	N/A	32.530	61	166	4.69e-11	63.2
WP_001043260.1	271	k121_335940_1	N/A	48.276	32	87	7.04e-11	63.2
WP_001043260.1	271	k121_301375_1	N/A	32.258	67	186	1.28e-10	63.2
WP_001043260.1	271	k121_607431_1	N/A	34.586	46	133	2.40e-10	60.8
WP_001043260.1	271	k121_549637_1	N/A	33.136	60	169	2.80e-10	61.2
WP_001043260.1	271	k121_196832_3	N/A	34.118	31	85	3.45e-10	58.9
WP_001043260.1	271	k121_549642_1	N/A	34.118	60	170	5.27e-10	60.5
WP_001043260.1	271	k121_1047784_2	N/A	29.412	69	187	5.87e-10	61.2
WP_001043260.1	271	k121_931385_2	N/A	34.259	40	108	6.33e-10	59.7
WP_001043260.1	271	k121_134047_1	N/A	31.683	71	202	8.35e-10	60.8
WP_001043260.1	271	k121_519904_1	N/A	40.367	38	109	8.97e-10	59.3
WP_001043260.1	271	k121_924300_1	N/A	31.548	61	168	9.18e-10	59.7
WP_001043260.1	271	k121_541263_1	N/A	30.000	47	130	4.26e-09	58.2
WP_001043260.1	271	k121_165683_1	N/A	28.218	69	202	3.32e-08	56.6
WP_001043260.1	271	k121_304080_1	N/A	35.333	54	150	3.90e-08	55.1
WP_001043260.1	271	k121_930295_1	N/A	35.659	45	129	4.62e-08	54.7
WP_001043260.1	271	k121_913536_1	N/A	29.605	53	152	5.71e-08	54.3
WP_001043260.1	271	k121_194879_1	N/A	23.529	62	170	7.30e-08	55.1
WP_001043260.1	271	k121_15350_11	N/A	35.433	45	127	1.45e-07	53.1
WP_001043260.1	271	k121_324063_1	N/A	27.559	46	127	6.30e-07	52.0
WP_001043260.1	271	k121_81983_1	N/A	36.364	32	88	2.07e-06	48.9
WP_001043260.1	271	k121_530327_1	N/A	32.584	32	89	2.22e-06	48.5
WP_001043260.1	271	k121_809674_1	N/A	29.457	47	129	2.71e-06	49.7
WP_001043260.1	271	k121_199903_1	N/A	28.571	46	126	2.74e-06	51.2
WP_001043260.1	271	k121_98328_1	N/A	39.604	35	101	3.26e-06	48.5
WP_001043260.1	271	k121_98323_1	N/A	40.206	34	97	5.25e-06	47.8
WP_001043260.1	271	k121_371727_2	N/A	42.000	37	100	2.31e-05	45.8
WP_001043260.1	271	k121_307810_1	N/A	28.177	66	181	2.79e-05	47.4
WP_001043260.1	271	k121_381736_1	N/A	33.803	26	71	7.71e-05	44.3
WP_001043260.1	271	k121_915893_28	N/A	27.835	96	291	1.05e-04	46.6
WP_001043260.1	271	k121_371773_2	N/A	31.818	31	88	2.67e-04	42.7
WP_001043260.1	271	k121_645144_1	N/A	30.400	44	125	2.92e-04	44.3
WP_001043260.1	271	k121_129547_1	N/A	28.409	65	176	0.006	40.4
WP_001043260.1	271	k121_249618_1	N/A	35.417	34	96	0.009	38.9
WP_001043260.1	271	k121_485142_5	N/A	28.090	96	267	0.021	39.7
WP_001043260.1	271	k121_548755_1	N/A	34.568	30	81	0.028	37.0
WP_001043260.1	271	k121_394162_2	N/A	26.562	24	64	0.030	36.6
WP_001043260.1	271	k121_508828_1	N/A	23.077	42	117	0.031	38.1
WP_001043260.1	271	k121_334656_2	N/A	36.765	25	68	0.047	35.8
WP_001043260.1	271	k121_315527_1	N/A	28.000	37	100	0.057	37.0
WP_001043260.1	271	k121_794359_8	N/A	36.620	26	71	0.087	37.7
WP_001043260.1	271	k121_921553_2	N/A	36.066	23	61	0.089	35.4
WP_001043260.1	271	k121_383799_1	N/A	27.273	24	66	0.100	34.7
WP_000034420.1	263	k121_864216_4	N/A	58.621	99	261	2.28e-109	319
WP_000034420.1	263	k121_373730_5	N/A	43.182	100	264	5.45e-78	240
WP_000034420.1	263	k121_760342_1	N/A	59.615	59	156	9.37e-64	200
WP_000034420.1	263	k121_1045611_4	N/A	41.923	98	260	1.29e-58	190
WP_000034420.1	263	k121_832530_4	N/A	39.464	98	261	7.55e-57	185
WP_000034420.1	263	k121_634917_2	N/A	39.245	99	265	3.17e-55	181
WP_000034420.1	263	k121_638201_89	N/A	37.736	99	265	7.70e-55	181
WP_000034420.1	263	k121_474365_1	N/A	38.023	99	263	3.17e-48	164
WP_000034420.1	263	k121_129384_2	N/A	36.981	99	265	1.76e-47	162
WP_000034420.1	263	k121_861185_26	N/A	34.766	97	256	3.13e-47	162
WP_000034420.1	263	k121_793990_1	N/A	35.606	97	264	1.08e-46	159
WP_000034420.1	263	k121_802935_2	N/A	36.398	98	261	2.63e-46	159
WP_000034420.1	263	k121_500382_1	N/A	35.918	93	245	3.41e-46	158
WP_000034420.1	263	k121_551327_3	N/A	36.194	98	268	6.59e-46	157
WP_000034420.1	263	k121_969487_2	N/A	39.844	95	256	2.45e-45	156
WP_000034420.1	263	k121_62070_1	N/A	34.066	98	273	9.49e-45	154
WP_000034420.1	263	k121_642314_2	N/A	34.483	99	261	3.04e-44	154
WP_000034420.1	263	k121_356219_3	N/A	34.100	99	261	3.49e-44	153
WP_000034420.1	263	k121_19725_1	N/A	34.944	99	269	5.00e-44	152
WP_000034420.1	263	k121_1050624_57	N/A	34.717	100	265	5.63e-44	152
WP_000034420.1	263	k121_4509_1	N/A	56.349	48	126	6.46e-44	148
WP_000034420.1	263	k121_295247_2	N/A	34.601	97	263	3.28e-42	148
WP_000034420.1	263	k121_991157_88	N/A	34.962	99	266	6.48e-41	145
WP_000034420.1	263	k121_231424_1	N/A	33.813	99	278	7.41e-41	145
WP_000034420.1	263	k121_518612_1	N/A	32.852	99	277	3.16e-40	144
WP_000034420.1	263	k121_958940_1	N/A	45.578	56	147	2.50e-39	137
WP_000034420.1	263	k121_155690_9	N/A	34.211	98	266	8.23e-39	139
WP_000034420.1	263	k121_916608_1	N/A	37.037	82	216	6.63e-38	135
WP_000034420.1	263	k121_509914_4	N/A	35.741	98	263	3.88e-37	136
WP_000034420.1	263	k121_297346_16	N/A	32.210	97	267	3.14e-36	133
WP_000034420.1	263	k121_964124_1	N/A	36.000	84	225	5.93e-36	131
WP_000034420.1	263	k121_66460_2	N/A	36.530	81	219	6.24e-36	131
WP_000034420.1	263	k121_356986_3	N/A	31.579	99	266	1.73e-35	132
WP_000034420.1	263	k121_37698_1	N/A	32.819	97	259	6.30e-35	129
WP_000034420.1	263	k121_845571_2	N/A	33.597	94	253	7.55e-35	129
WP_000034420.1	263	k121_885961_1	N/A	37.624	77	202	8.08e-35	127
WP_000034420.1	263	k121_284446_2	N/A	29.963	98	267	9.81e-35	130
WP_000034420.1	263	k121_646830_2	N/A	30.534	99	262	1.71e-34	130
WP_000034420.1	263	k121_898455_2	N/A	32.184	97	261	1.71e-34	128
WP_000034420.1	263	k121_551727_3	N/A	30.682	98	264	4.32e-34	127
WP_000034420.1	263	k121_1047991_3	N/A	32.331	99	266	6.31e-34	128
WP_000034420.1	263	k121_199986_2	N/A	31.418	98	261	8.40e-34	127
WP_000034420.1	263	k121_274035_23	N/A	32.601	100	273	1.50e-33	128
WP_000034420.1	263	k121_320955_5	N/A	31.518	97	257	3.87e-33	124
WP_000034420.1	263	k121_966293_1	N/A	33.188	84	229	4.85e-33	123
WP_000034420.1	263	k121_265326_3	N/A	29.771	98	262	1.48e-32	123
WP_000034420.1	263	k121_625200_4	N/A	33.333	98	261	2.15e-32	122
WP_000034420.1	263	k121_591224_1	N/A	31.356	89	236	2.93e-32	121
WP_000034420.1	263	k121_103807_3	N/A	34.263	93	251	4.08e-32	121
WP_000034420.1	263	k121_3782_1	N/A	35.135	67	185	4.48e-32	120
WP_000034420.1	263	k121_41949_2	N/A	45.600	47	125	2.79e-31	116
WP_000034420.1	263	k121_143006_1	N/A	61.364	33	88	4.58e-31	114
WP_000034420.1	263	k121_777309_13	N/A	32.197	98	264	4.62e-31	120
WP_000034420.1	263	k121_306163_3	N/A	32.184	97	261	8.37e-31	118
WP_000034420.1	263	k121_636732_2	N/A	36.842	71	190	1.31e-30	115
WP_000034420.1	263	k121_896171_2	N/A	35.429	66	175	1.50e-30	116
WP_000034420.1	263	k121_20304_2	N/A	32.540	94	252	3.64e-30	118
WP_000034420.1	263	k121_537463_4	N/A	32.453	98	265	7.09e-30	116
WP_000034420.1	263	k121_749758_3	N/A	30.534	98	262	2.27e-29	115
WP_000034420.1	263	k121_77579_2	N/A	30.682	98	264	2.58e-29	115
WP_000034420.1	263	k121_944024_1	N/A	38.889	66	180	4.65e-29	115
WP_000034420.1	263	k121_124522_2	N/A	29.434	97	265	5.98e-29	114
WP_000034420.1	263	k121_375472_1	N/A	30.258	98	271	1.57e-28	112
WP_000034420.1	263	k121_49235_21	N/A	30.303	99	264	1.70e-28	112
WP_000034420.1	263	k121_799826_4	N/A	30.451	98	266	3.44e-28	112
WP_000034420.1	263	k121_918981_5	N/A	30.682	98	264	6.78e-28	111
WP_000034420.1	263	k121_236670_33	N/A	32.830	98	265	9.12e-28	110
WP_000034420.1	263	k121_998863_3	N/A	28.922	77	204	1.12e-27	108
WP_000034420.1	263	k121_866405_1	N/A	36.970	62	165	1.41e-27	107
WP_000034420.1	263	k121_184275_2	N/A	30.000	93	250	1.41e-27	109
WP_000034420.1	263	k121_614299_2	N/A	31.439	99	264	1.62e-27	109
WP_000034420.1	263	k121_14694_9	N/A	29.572	94	257	3.58e-27	109
WP_000034420.1	263	k121_39409_26	N/A	30.403	98	273	5.18e-27	108
WP_000034420.1	263	k121_978787_2	N/A	30.769	98	286	5.22e-27	109
WP_000034420.1	263	k121_574579_1	N/A	33.824	77	204	2.27e-26	105
WP_000034420.1	263	k121_180347_1	N/A	37.903	47	124	3.37e-26	102
WP_000034420.1	263	k121_157854_18	N/A	33.716	94	261	3.91e-26	106
WP_000034420.1	263	k121_161829_1	N/A	35.632	64	174	4.18e-26	103
WP_000034420.1	263	k121_387356_2	N/A	45.192	40	104	5.58e-26	101
WP_000034420.1	263	k121_334989_1	N/A	34.375	59	160	7.04e-26	103
WP_000034420.1	263	k121_908696_2	N/A	29.114	87	237	7.59e-26	105
WP_000034420.1	263	k121_276571_1	N/A	36.932	66	176	8.55e-26	103
WP_000034420.1	263	k121_399952_29	N/A	31.047	98	277	9.34e-26	105
WP_000034420.1	263	k121_60484_4	N/A	29.924	98	264	1.11e-25	105
WP_000034420.1	263	k121_500941_3	N/A	33.163	73	196	1.24e-25	103
WP_000034420.1	263	k121_1029283_18	N/A	31.797	81	217	1.38e-25	105
WP_000034420.1	263	k121_447225_1	N/A	35.323	75	201	1.55e-25	103
WP_000034420.1	263	k121_26317_19	N/A	29.880	93	251	2.07e-25	104
WP_000034420.1	263	k121_70073_1	N/A	33.484	83	221	3.43e-25	102
WP_000034420.1	263	k121_746670_1	N/A	31.148	92	244	4.18e-25	102
WP_000034420.1	263	k121_31032_5	N/A	29.771	97	262	4.73e-25	103
WP_000034420.1	263	k121_470171_21	N/A	37.903	47	124	2.00e-24	99.8
WP_000034420.1	263	k121_339501_1	N/A	54.630	41	108	2.10e-24	97.4
WP_000034420.1	263	k121_173133_4	N/A	29.389	97	262	3.58e-24	101
WP_000034420.1	263	k121_225311_2	N/A	33.163	73	196	4.06e-24	99.0
WP_000034420.1	263	k121_34690_1	N/A	31.364	82	220	9.22e-24	98.6
WP_000034420.1	263	k121_493828_1	N/A	31.667	68	180	3.60e-23	96.3
WP_000034420.1	263	k121_218583_1	N/A	33.149	68	181	3.97e-23	96.7
WP_000034420.1	263	k121_167592_1	N/A	39.024	46	123	9.57e-23	93.6
WP_000034420.1	263	k121_295177_2	N/A	38.710	47	124	1.62e-22	94.7
WP_000034420.1	263	k121_388697_1	N/A	34.783	61	161	2.22e-22	94.0
WP_000034420.1	263	k121_135342_3	N/A	27.626	93	257	2.83e-22	97.8
WP_000034420.1	263	k121_207234_1	N/A	34.615	65	182	4.51e-22	93.2
WP_000034420.1	263	k121_225561_1	N/A	28.889	98	270	1.15e-21	94.7
WP_000034420.1	263	k121_1023908_1	N/A	31.532	77	222	2.61e-21	92.4
WP_000034420.1	263	k121_711433_1	N/A	36.641	49	131	6.51e-21	89.7
WP_000034420.1	263	k121_514001_12	N/A	29.771	97	262	1.32e-20	94.4
WP_000034420.1	263	k121_199903_1	N/A	28.794	94	257	2.02e-20	91.7
WP_000034420.1	263	k121_16511_1	N/A	28.889	84	225	3.11e-20	89.4
WP_000034420.1	263	k121_1059492_7	N/A	30.075	97	266	3.67e-20	90.5
WP_000034420.1	263	k121_509296_1	N/A	37.705	46	122	3.71e-20	86.7
WP_000034420.1	263	k121_844709_5	N/A	27.758	97	281	4.28e-20	90.1
WP_000034420.1	263	k121_857918_3	N/A	29.134	94	254	6.67e-20	90.9
WP_000034420.1	263	k121_648002_8	N/A	27.468	84	233	7.58e-20	89.0
WP_000034420.1	263	k121_84970_6	N/A	27.508	98	309	1.37e-19	90.1
WP_000034420.1	263	k121_32264_2	N/A	32.474	69	194	1.51e-19	87.0
WP_000034420.1	263	k121_28846_3	N/A	30.594	82	219	2.46e-19	88.2
WP_000034420.1	263	k121_746793_2	N/A	29.771	97	262	2.76e-19	88.2
WP_000034420.1	263	k121_222099_4	N/A	31.928	63	166	4.86e-19	84.7
WP_000034420.1	263	k121_71821_1	N/A	31.088	72	193	9.72e-19	84.7
WP_000034420.1	263	k121_614558_1	N/A	39.423	39	104	1.63e-18	83.6
WP_000034420.1	263	k121_368894_11	N/A	30.047	79	213	2.05e-18	85.1
WP_000034420.1	263	k121_578619_2	N/A	36.538	40	104	2.53e-18	82.4
WP_000034420.1	263	k121_86669_1	N/A	34.545	62	165	6.19e-18	83.2
WP_000034420.1	263	k121_722142_2	N/A	37.762	54	143	7.36e-18	81.3
WP_000034420.1	263	k121_598822_1	N/A	31.068	77	206	8.23e-18	82.8
WP_000034420.1	263	k121_6381_1	N/A	44.086	34	93	4.44e-17	79.7
WP_000034420.1	263	k121_915893_28	N/A	28.044	94	271	5.91e-17	82.4
WP_000034420.1	263	k121_485142_5	N/A	28.958	94	259	2.22e-16	80.5
WP_000034420.1	263	k121_929824_3	N/A	29.940	62	167	3.01e-16	77.4
WP_000034420.1	263	k121_221401_2	N/A	56.452	24	62	4.42e-16	74.7
WP_000034420.1	263	k121_631738_1	N/A	35.385	48	130	4.82e-16	76.6
WP_000034420.1	263	k121_1058162_1	N/A	36.792	40	106	9.81e-16	75.5
WP_000034420.1	263	k121_702913_1	N/A	32.967	68	182	1.45e-15	75.9
WP_000034420.1	263	k121_439710_2	N/A	31.013	59	158	2.12e-15	75.1
WP_000034420.1	263	k121_766930_1	N/A	28.977	67	176	2.24e-15	76.3
WP_000034420.1	263	k121_974990_1	N/A	34.132	63	167	4.08e-15	74.3
WP_000034420.1	263	k121_165683_1	N/A	26.471	73	204	4.10e-15	76.3
WP_000034420.1	263	k121_549637_1	N/A	31.977	62	172	8.14e-15	73.6
WP_000034420.1	263	k121_618603_2	N/A	30.000	66	180	1.08e-14	73.9
WP_000034420.1	263	k121_578704_1	N/A	27.976	63	168	1.56e-14	72.8
WP_000034420.1	263	k121_304080_1	N/A	35.333	56	150	1.64e-14	72.4
WP_000034420.1	263	k121_258508_1	N/A	29.353	74	201	3.61e-14	72.8
WP_000034420.1	263	k121_549642_1	N/A	31.395	62	172	3.76e-14	72.0
WP_000034420.1	263	k121_924300_1	N/A	29.697	62	165	6.44e-14	71.2
WP_000034420.1	263	k121_560879_1	N/A	25.837	70	209	1.92e-13	70.9
WP_000034420.1	263	k121_241393_2	N/A	38.961	29	77	3.13e-13	67.0
WP_000034420.1	263	k121_541263_1	N/A	29.310	63	174	3.44e-13	69.3
WP_000034420.1	263	k121_196832_3	N/A	38.372	32	86	3.81e-13	67.0
WP_000034420.1	263	k121_134047_1	N/A	29.609	66	179	4.31e-13	70.1
WP_000034420.1	263	k121_754128_2	N/A	36.275	38	102	4.67e-13	67.8
WP_000034420.1	263	k121_1047784_2	N/A	28.571	70	189	6.70e-13	69.3
WP_000034420.1	263	k121_324063_1	N/A	33.566	54	143	7.23e-13	68.6
WP_000034420.1	263	k121_204122_1	N/A	32.022	66	178	9.17e-13	68.6
WP_000034420.1	263	k121_793572_12	N/A	37.255	38	102	1.13e-12	66.2
WP_000034420.1	263	k121_791054_1	N/A	42.857	29	77	2.80e-12	64.3
WP_000034420.1	263	k121_931385_2	N/A	31.579	50	133	6.81e-12	65.1
WP_000034420.1	263	k121_301375_1	N/A	29.064	73	203	8.58e-12	66.2
WP_000034420.1	263	k121_18485_8	N/A	28.409	66	176	9.51e-12	66.6
WP_000034420.1	263	k121_749809_2	N/A	26.368	74	201	3.35e-11	64.7
WP_000034420.1	263	k121_194879_1	N/A	30.769	72	195	1.28e-10	62.8
WP_000034420.1	263	k121_335940_1	N/A	42.529	33	87	2.06e-10	61.6
WP_000034420.1	263	k121_307810_1	N/A	31.720	68	186	2.20e-10	61.6
WP_000034420.1	263	k121_508828_1	N/A	27.586	65	174	8.07e-10	60.1
WP_000034420.1	263	k121_809674_1	N/A	30.986	53	142	9.15e-10	59.3
WP_000034420.1	263	k121_485494_2	N/A	46.552	22	58	3.45e-09	55.8
WP_000034420.1	263	k121_724262_1	N/A	40.244	30	82	3.51e-09	55.8
WP_000034420.1	263	k121_129547_1	N/A	26.966	67	178	3.73e-09	58.2
WP_000034420.1	263	k121_15350_11	N/A	33.051	43	118	8.10e-09	56.6
WP_000034420.1	263	k121_645144_1	N/A	33.607	45	122	9.11e-09	57.4
WP_000034420.1	263	k121_741114_1	N/A	36.264	35	91	2.27e-08	54.3
WP_000034420.1	263	k121_120309_1	N/A	33.721	33	86	2.40e-08	53.9
WP_000034420.1	263	k121_519904_1	N/A	36.111	39	108	2.52e-08	55.1
WP_000034420.1	263	k121_607431_1	N/A	39.604	38	101	2.71e-08	55.1
WP_000034420.1	263	k121_930295_1	N/A	32.203	43	118	4.40e-08	54.7
WP_000034420.1	263	k121_371773_2	N/A	36.842	35	95	4.17e-07	50.4
WP_000034420.1	263	k121_98328_1	N/A	32.353	37	102	1.13e-06	49.7
WP_000034420.1	263	k121_371727_2	N/A	37.255	38	102	1.42e-06	49.3
WP_000034420.1	263	k121_81983_1	N/A	30.682	33	88	2.83e-06	48.5
WP_000034420.1	263	k121_98323_1	N/A	30.303	36	99	2.99e-06	48.1
WP_000034420.1	263	k121_530327_1	N/A	33.333	32	87	3.26e-06	48.1
WP_000034420.1	263	k121_913536_1	N/A	27.273	43	121	3.84e-06	49.3
WP_000034420.1	263	k121_1029694_1	N/A	32.110	41	109	5.48e-05	44.7
WP_000034420.1	263	k121_73774_2	N/A	34.146	29	82	1.20e-04	43.5
WP_000034420.1	263	k121_891168_1	N/A	30.303	38	99	1.23e-04	44.7
WP_000034420.1	263	k121_315527_1	N/A	28.205	44	117	1.30e-04	44.7
WP_000034420.1	263	k121_394162_2	N/A	33.898	22	59	2.42e-04	42.4
WP_000034420.1	263	k121_249618_1	N/A	33.913	42	115	3.62e-04	42.7
WP_000034420.1	263	k121_921553_2	N/A	28.000	29	75	0.001	40.4
WP_000034420.1	263	k121_381736_1	N/A	31.429	27	70	0.002	40.4
WP_000034420.1	263	k121_334656_2	N/A	35.593	22	59	0.002	39.7
WP_000034420.1	263	k121_460391_2	N/A	33.333	24	63	0.005	38.1
WP_000034420.1	263	k121_337096_2	N/A	31.395	33	86	0.006	39.3
WP_000034420.1	263	k121_548755_1	N/A	31.579	28	76	0.021	37.4
WP_000034420.1	263	k121_535819_2	N/A	29.762	29	84	0.022	37.0
WP_000034420.1	263	k121_1027086_5	N/A	25.203	43	123	0.039	38.1
WP_000034420.1	263	k121_795550_1	N/A	34.545	21	55	0.070	35.0
WP_000845048.1	337	k121_943209_3	N/A	99.407	100	337	0.0	680
WP_000845048.1	337	k121_901394_1	N/A	63.665	96	322	5.88e-146	418
WP_000845048.1	337	k121_160867_3	N/A	61.631	96	331	8.12e-140	404
WP_000845048.1	337	k121_764700_1	N/A	61.180	94	322	5.49e-137	394
WP_000845048.1	337	k121_787510_2	N/A	58.589	97	326	1.06e-130	379
WP_000845048.1	337	k121_635979_6	N/A	58.861	94	316	5.19e-126	368
WP_000845048.1	337	k121_473934_1	N/A	62.030	79	266	4.47e-115	337
WP_000845048.1	337	k121_109482_5	N/A	60.821	80	268	2.16e-114	335
WP_000845048.1	337	k121_665271_2	N/A	56.211	94	322	3.17e-113	335
WP_000845048.1	337	k121_1037224_1	N/A	59.636	80	275	5.19e-113	332
WP_000845048.1	337	k121_483377_6	N/A	54.140	93	314	1.85e-106	317
WP_000845048.1	337	k121_957788_2	N/A	51.899	94	316	1.96e-106	317
WP_000845048.1	337	k121_163766_19	N/A	51.713	95	321	2.91e-105	314
WP_000845048.1	337	k121_619569_2	N/A	59.608	74	255	4.11e-103	306
WP_000845048.1	337	k121_161736_4	N/A	55.556	77	261	3.07e-95	286
WP_000845048.1	337	k121_174048_1	N/A	57.661	74	248	4.25e-94	283
WP_000845048.1	337	k121_437671_2	N/A	63.927	65	219	1.43e-92	278
WP_000845048.1	337	k121_410000_1	N/A	50.955	93	314	1.73e-92	281
WP_000845048.1	337	k121_118804_1	N/A	60.538	65	223	2.87e-92	278
WP_000845048.1	337	k121_10904_1	N/A	51.930	85	285	3.62e-90	277
WP_000845048.1	337	k121_78755_1	N/A	58.447	65	219	8.89e-90	271
WP_000845048.1	337	k121_833916_2	N/A	48.889	93	315	9.76e-86	269
WP_000845048.1	337	k121_711181_1	N/A	59.906	63	212	1.07e-85	261
WP_000845048.1	337	k121_168441_2	N/A	53.878	73	245	6.04e-85	259
WP_000845048.1	337	k121_514240_1	N/A	69.492	53	177	1.47e-84	257
WP_000845048.1	337	k121_979290_2	N/A	52.016	74	248	3.02e-83	255
WP_000845048.1	337	k121_580201_1	N/A	66.111	53	180	1.52e-80	246
WP_000845048.1	337	k121_394200_1	N/A	54.425	66	226	3.09e-79	244
WP_000845048.1	337	k121_399699_1	N/A	58.673	57	196	1.29e-76	236
WP_000845048.1	337	k121_953318_1	N/A	47.925	79	265	2.24e-75	236
WP_000845048.1	337	k121_41724_1	N/A	59.890	53	182	4.68e-73	227
WP_000845048.1	337	k121_881063_1	N/A	57.500	59	200	1.03e-71	224
WP_000845048.1	337	k121_397308_1	N/A	56.923	58	195	3.87e-71	222
WP_000845048.1	337	k121_374381_1	N/A	47.660	70	235	2.91e-70	222
WP_000845048.1	337	k121_850918_1	N/A	45.018	80	271	4.86e-70	226
WP_000845048.1	337	k121_350549_1	N/A	45.745	84	282	4.84e-69	224
WP_000845048.1	337	k121_824151_2	N/A	62.500	49	168	4.82e-68	214
WP_000845048.1	337	k121_93912_1	N/A	64.375	45	160	4.72e-63	201
WP_000845048.1	337	k121_996173_1	N/A	57.714	52	175	1.59e-61	197
WP_000845048.1	337	k121_167806_1	N/A	56.111	53	180	1.48e-60	195
WP_000845048.1	337	k121_793697_1	N/A	59.259	48	162	9.76e-60	192
WP_000845048.1	337	k121_809279_1	N/A	54.545	52	176	1.42e-59	192
WP_000845048.1	337	k121_70986_1	N/A	42.562	72	242	4.57e-59	197
WP_000845048.1	337	k121_28588_2	N/A	54.545	52	176	7.97e-59	191
WP_000845048.1	337	k121_452035_1	N/A	38.610	72	259	5.49e-53	178
WP_000845048.1	337	k121_882994_2	N/A	34.568	95	324	3.19e-51	177
WP_000845048.1	337	k121_186418_2	N/A	56.291	44	151	1.59e-49	166
WP_000845048.1	337	k121_579133_1	N/A	48.438	57	192	4.91e-49	166
WP_000845048.1	337	k121_568483_1	N/A	43.946	66	223	2.48e-46	159
WP_000845048.1	337	k121_904416_1	N/A	66.972	32	109	5.20e-46	155
WP_000845048.1	337	k121_178738_1	N/A	55.882	40	136	1.78e-45	155
WP_000845048.1	337	k121_401502_2	N/A	35.350	92	314	2.96e-44	156
WP_000845048.1	337	k121_1056502_1	N/A	68.571	31	105	3.34e-44	151
WP_000845048.1	337	k121_345623_1	N/A	65.741	32	108	2.10e-42	145
WP_000845048.1	337	k121_1059982_1	N/A	52.667	44	150	2.25e-42	147
WP_000845048.1	337	k121_690472_1	N/A	31.348	93	319	3.15e-41	148
WP_000845048.1	337	k121_310370_2	N/A	32.399	93	321	5.93e-41	150
WP_000845048.1	337	k121_973655_47	N/A	32.698	93	315	1.09e-40	147
WP_000845048.1	337	k121_794610_1	N/A	42.328	56	189	1.50e-40	144
WP_000845048.1	337	k121_122869_1	N/A	50.685	43	146	3.50e-40	146
WP_000845048.1	337	k121_332681_1	N/A	32.877	86	292	4.62e-40	144
WP_000845048.1	337	k121_925642_4	N/A	33.119	91	311	3.09e-39	148
WP_000845048.1	337	k121_861867_1	N/A	50.685	43	146	5.47e-39	142
WP_000845048.1	337	k121_139407_1	N/A	34.740	91	308	6.20e-39	142
WP_000845048.1	337	k121_757347_2	N/A	64.151	31	106	8.67e-39	136
WP_000845048.1	337	k121_1053938_2	N/A	72.222	27	90	1.01e-38	135
WP_000845048.1	337	k121_806271_2	N/A	34.385	93	317	1.77e-38	141
WP_000845048.1	337	k121_420910_2	N/A	35.962	94	317	3.65e-38	140
WP_000845048.1	337	k121_994986_2	N/A	48.344	45	151	3.12e-37	134
WP_000845048.1	337	k121_95614_2	N/A	59.821	33	112	8.94e-37	131
WP_000845048.1	337	k121_100088_3	N/A	35.030	98	334	1.17e-36	136
WP_000845048.1	337	k121_467099_3	N/A	29.254	98	335	5.12e-35	135
WP_000845048.1	337	k121_733876_1	N/A	41.420	50	169	5.69e-35	128
WP_000845048.1	337	k121_883560_3	N/A	32.831	98	332	7.11e-34	129
WP_000845048.1	337	k121_864615_2	N/A	32.573	90	307	1.00e-33	129
WP_000845048.1	337	k121_455322_3	N/A	29.688	94	320	1.15e-33	128
WP_000845048.1	337	k121_779960_2	N/A	33.133	98	332	1.54e-33	128
WP_000845048.1	337	k121_471564_1	N/A	28.615	96	325	1.86e-33	129
WP_000845048.1	337	k121_693137_2	N/A	55.769	31	104	4.08e-33	121
WP_000845048.1	337	k121_292822_1	N/A	48.936	40	141	5.20e-33	122
WP_000845048.1	337	k121_423371_1	N/A	31.940	99	335	5.73e-33	127
WP_000845048.1	337	k121_275474_1	N/A	28.777	82	278	1.87e-32	124
WP_000845048.1	337	k121_785814_1	N/A	43.919	43	148	2.55e-32	121
WP_000845048.1	337	k121_625040_1	N/A	28.777	82	278	3.60e-32	126
WP_000845048.1	337	k121_812635_2	N/A	33.028	97	327	3.70e-32	125
WP_000845048.1	337	k121_90686_2	N/A	27.632	90	304	1.48e-31	124
WP_000845048.1	337	k121_45136_2	N/A	31.804	96	327	1.84e-31	123
WP_000845048.1	337	k121_572663_2	N/A	32.390	93	318	3.54e-31	122
WP_000845048.1	337	k121_185817_1	N/A	33.642	95	324	7.29e-31	121
WP_000845048.1	337	k121_986825_1	N/A	30.400	74	250	1.17e-30	118
WP_000845048.1	337	k121_230471_5	N/A	29.043	90	303	1.23e-30	122
WP_000845048.1	337	k121_727972_1	N/A	32.171	76	258	1.34e-30	118
WP_000845048.1	337	k121_523805_3	N/A	34.043	68	235	2.57e-30	119
WP_000845048.1	337	k121_215859_1	N/A	31.343	79	268	2.65e-30	118
WP_000845048.1	337	k121_621734_1	N/A	55.340	29	103	2.84e-30	115
WP_000845048.1	337	k121_833761_2	N/A	27.778	90	306	5.33e-30	119
WP_000845048.1	337	k121_1051500_2	N/A	27.744	95	328	1.04e-29	119
WP_000845048.1	337	k121_806568_1	N/A	30.031	95	323	1.28e-29	118
WP_000845048.1	337	k121_657894_1	N/A	33.000	88	300	1.43e-29	117
WP_000845048.1	337	k121_319255_1	N/A	33.033	97	333	2.20e-29	117
WP_000845048.1	337	k121_300211_1	N/A	31.420	97	331	3.79e-29	117
WP_000845048.1	337	k121_740524_2	N/A	46.218	35	119	4.87e-29	112
WP_000845048.1	337	k121_768197_1	N/A	38.117	66	223	7.10e-29	113
WP_000845048.1	337	k121_35060_1	N/A	29.739	89	306	7.83e-29	115
WP_000845048.1	337	k121_1031515_1	N/A	66.250	24	80	8.46e-29	109
WP_000845048.1	337	k121_57775_2	N/A	29.467	94	319	1.06e-28	117
WP_000845048.1	337	k121_1039366_1	N/A	29.478	79	268	1.28e-28	113
WP_000845048.1	337	k121_539885_2	N/A	29.969	96	327	1.93e-28	117
WP_000845048.1	337	k121_1002019_1	N/A	29.710	82	276	2.79e-28	113
WP_000845048.1	337	k121_40889_1	N/A	33.831	60	201	3.28e-28	111
WP_000845048.1	337	k121_759608_1	N/A	34.247	65	219	3.89e-28	110
WP_000845048.1	337	k121_401502_1	N/A	32.900	68	231	4.86e-28	111
WP_000845048.1	337	k121_1034511_2	N/A	29.653	93	317	8.66e-28	115
WP_000845048.1	337	k121_417282_2	N/A	36.986	65	219	1.10e-27	110
WP_000845048.1	337	k121_320746_2	N/A	34.237	86	295	1.31e-27	111
WP_000845048.1	337	k121_565351_1	N/A	35.455	65	220	2.85e-27	110
WP_000845048.1	337	k121_251071_1	N/A	27.129	93	317	3.09e-27	112
WP_000845048.1	337	k121_278898_1	N/A	56.522	26	92	4.49e-27	107
WP_000845048.1	337	k121_645377_2	N/A	31.761	93	318	5.51e-27	110
WP_000845048.1	337	k121_102392_1	N/A	30.100	88	299	6.76e-27	110
WP_000845048.1	337	k121_896419_3	N/A	30.035	82	283	1.42e-26	109
WP_000845048.1	337	k121_1029242_1	N/A	76.119	20	67	1.43e-26	103
WP_000845048.1	337	k121_809638_4	N/A	36.607	66	224	1.71e-26	108
WP_000845048.1	337	k121_937898_2	N/A	29.431	85	299	2.57e-26	109
WP_000845048.1	337	k121_466246_7	N/A	32.333	85	300	6.07e-26	108
WP_000845048.1	337	k121_824890_2	N/A	27.778	89	306	2.25e-25	107
WP_000845048.1	337	k121_740585_1	N/A	33.690	55	187	3.56e-25	103
WP_000845048.1	337	k121_450692_2	N/A	28.421	82	285	3.68e-25	105
WP_000845048.1	337	k121_881648_2	N/A	36.199	65	221	5.21e-25	105
WP_000845048.1	337	k121_335758_1	N/A	30.612	86	294	5.31e-25	104
WP_000845048.1	337	k121_24059_2	N/A	34.155	83	284	5.54e-25	104
WP_000845048.1	337	k121_961169_4	N/A	32.581	88	310	5.99e-25	106
WP_000845048.1	337	k121_104357_2	N/A	51.515	29	99	8.12e-25	101
WP_000845048.1	337	k121_237266_4	N/A	32.738	93	336	8.55e-25	105
WP_000845048.1	337	k121_272473_2	N/A	33.460	77	263	1.09e-24	103
WP_000845048.1	337	k121_94432_7	N/A	33.088	77	272	1.11e-24	105
WP_000845048.1	337	k121_75535_2	N/A	35.484	64	217	1.20e-24	102
WP_000845048.1	337	k121_57301_1	N/A	32.161	59	199	1.33e-24	101
WP_000845048.1	337	k121_644465_1	N/A	28.636	65	220	2.01e-24	101
WP_000845048.1	337	k121_6521_1	N/A	29.474	82	285	3.14e-24	103
WP_000845048.1	337	k121_800310_69	N/A	38.073	63	218	3.29e-24	103
WP_000845048.1	337	k121_66393_2	N/A	30.282	82	284	6.27e-24	102
WP_000845048.1	337	k121_1053194_10	N/A	38.073	63	218	6.29e-24	103
WP_000845048.1	337	k121_981073_1	N/A	33.898	52	177	6.56e-24	100
WP_000845048.1	337	k121_44627_4	N/A	28.428	84	299	9.06e-24	102
WP_000845048.1	337	k121_743749_22	N/A	34.510	72	255	2.03e-23	101
WP_000845048.1	337	k121_806952_2	N/A	34.529	66	223	2.43e-23	99.0
WP_000845048.1	337	k121_739058_2	N/A	26.821	89	302	3.91e-23	100
WP_000845048.1	337	k121_329604_1	N/A	31.438	85	299	4.04e-23	100
WP_000845048.1	337	k121_12413_1	N/A	36.757	55	185	1.77e-22	96.3
WP_000845048.1	337	k121_417342_1	N/A	30.000	59	200	2.07e-22	95.5
WP_000845048.1	337	k121_193573_2	N/A	28.364	78	275	3.27e-22	98.2
WP_000845048.1	337	k121_676132_21	N/A	35.909	64	220	3.98e-22	98.6
WP_000845048.1	337	k121_960000_1	N/A	34.545	64	220	9.90e-22	95.1
WP_000845048.1	337	k121_489062_2	N/A	63.889	21	72	1.45e-21	90.1
WP_000845048.1	337	k121_1031553_1	N/A	34.694	57	196	2.65e-21	92.0
WP_000845048.1	337	k121_731984_1	N/A	33.796	64	216	3.27e-21	92.8
WP_000845048.1	337	k121_634214_9	N/A	30.450	81	289	3.51e-21	95.5
WP_000845048.1	337	k121_262090_2	N/A	28.391	88	317	3.51e-21	95.5
WP_000845048.1	337	k121_329635_2	N/A	29.667	84	300	3.94e-21	95.1
WP_000845048.1	337	k121_351636_5	N/A	29.474	81	285	4.78e-21	95.1
WP_000845048.1	337	k121_397325_3	N/A	27.619	88	315	5.14e-21	94.7
WP_000845048.1	337	k121_930334_1	N/A	32.812	56	192	6.83e-21	91.3
WP_000845048.1	337	k121_192806_1	N/A	26.838	78	272	6.92e-21	94.0
WP_000845048.1	337	k121_901585_1	N/A	25.862	85	290	7.65e-21	93.2
WP_000845048.1	337	k121_126346_1	N/A	27.703	83	296	7.94e-21	94.4
WP_000845048.1	337	k121_62304_2	N/A	62.687	20	67	8.45e-21	88.2
WP_000845048.1	337	k121_312533_1	N/A	33.663	59	202	1.13e-20	91.3
WP_000845048.1	337	k121_567366_2	N/A	32.212	60	208	1.30e-20	91.3
WP_000845048.1	337	k121_146500_1	N/A	27.668	74	253	1.89e-20	91.7
WP_000845048.1	337	k121_744095_1	N/A	41.111	53	180	1.94e-20	90.5
WP_000845048.1	337	k121_1047916_43	N/A	30.556	81	288	1.99e-20	93.2
WP_000845048.1	337	k121_434055_3	N/A	28.526	86	312	2.05e-20	93.2
WP_000845048.1	337	k121_54703_19	N/A	30.159	85	315	3.33e-20	92.8
WP_000845048.1	337	k121_955080_1	N/A	31.925	61	213	3.49e-20	90.5
WP_000845048.1	337	k121_995952_1	N/A	32.099	69	243	4.02e-20	92.4
WP_000845048.1	337	k121_1017237_2	N/A	33.333	64	216	4.06e-20	90.9
WP_000845048.1	337	k121_336584_40	N/A	31.104	84	299	4.74e-20	92.0
WP_000845048.1	337	k121_481390_2	N/A	29.310	81	290	5.06e-20	91.7
WP_000845048.1	337	k121_154049_1	N/A	42.718	29	103	5.06e-20	87.8
WP_000845048.1	337	k121_581379_1	N/A	32.558	50	172	6.11e-20	89.7
WP_000845048.1	337	k121_458223_2	N/A	37.857	41	140	6.33e-20	88.2
WP_000845048.1	337	k121_414498_2	N/A	26.102	83	295	7.82e-20	91.7
WP_000845048.1	337	k121_362898_12	N/A	33.019	61	212	8.15e-20	91.3
WP_000845048.1	337	k121_853216_2	N/A	30.493	64	223	8.67e-20	89.7
WP_000845048.1	337	k121_21454_2	N/A	36.190	61	210	8.75e-20	90.9
WP_000845048.1	337	k121_625715_1	N/A	27.574	78	272	9.46e-20	91.3
WP_000845048.1	337	k121_938320_69	N/A	32.056	81	287	1.02e-19	91.3
WP_000845048.1	337	k121_903515_2	N/A	33.333	62	216	1.18e-19	91.3
WP_000845048.1	337	k121_832637_5	N/A	30.496	79	282	1.26e-19	91.3
WP_000845048.1	337	k121_66188_21	N/A	27.362	85	307	1.54e-19	90.9
WP_000845048.1	337	k121_360643_2	N/A	57.143	23	77	1.84e-19	85.5
WP_000845048.1	337	k121_425229_1	N/A	29.167	74	264	2.09e-19	89.4
WP_000845048.1	337	k121_571671_1	N/A	31.694	54	183	2.61e-19	86.3
WP_000845048.1	337	k121_633176_1	N/A	32.973	54	185	2.96e-19	87.4
WP_000845048.1	337	k121_554427_2	N/A	28.309	78	272	3.30e-19	89.7
WP_000845048.1	337	k121_952195_2	N/A	30.942	64	223	3.65e-19	90.1
WP_000845048.1	337	k121_736624_14	N/A	30.877	79	285	4.06e-19	89.7
WP_000845048.1	337	k121_556097_4	N/A	30.719	85	306	4.26e-19	90.1
WP_000845048.1	337	k121_945893_1	N/A	33.898	68	236	4.92e-19	87.8
WP_000845048.1	337	k121_1032497_1	N/A	30.034	87	293	5.68e-19	88.2
WP_000845048.1	337	k121_382928_5	N/A	28.070	81	285	5.85e-19	89.0
WP_000845048.1	337	k121_632752_29	N/A	34.545	62	220	6.21e-19	89.4
WP_000845048.1	337	k121_566124_1	N/A	30.909	78	275	6.22e-19	89.0
WP_000845048.1	337	k121_124829_1	N/A	33.333	61	210	6.59e-19	87.8
WP_000845048.1	337	k121_229345_8	N/A	29.694	63	229	6.67e-19	89.0
WP_000845048.1	337	k121_530399_9	N/A	34.978	62	223	7.16e-19	89.4
WP_000845048.1	337	k121_572663_1	N/A	50.000	24	80	8.44e-19	83.2
WP_000845048.1	337	k121_756705_1	N/A	26.068	67	234	1.18e-18	87.0
WP_000845048.1	337	k121_246882_1	N/A	33.607	72	244	1.44e-18	89.7
WP_000845048.1	337	k121_664837_1	N/A	28.315	80	279	1.49e-18	87.8
WP_000845048.1	337	k121_1062000_1	N/A	35.165	54	182	1.61e-18	85.1
WP_000845048.1	337	k121_89962_2	N/A	28.912	84	294	1.62e-18	87.8
WP_000845048.1	337	k121_293072_1	N/A	28.922	59	204	1.81e-18	87.4
WP_000845048.1	337	k121_741814_1	N/A	31.720	55	186	2.13e-18	85.9
WP_000845048.1	337	k121_610796_1	N/A	53.333	22	75	3.11e-18	82.4
WP_000845048.1	337	k121_468698_3	N/A	23.529	90	306	3.36e-18	86.7
WP_000845048.1	337	k121_783191_1	N/A	53.425	22	73	3.36e-18	81.3
WP_000845048.1	337	k121_646495_2	N/A	28.571	74	259	3.44e-18	87.0
WP_000845048.1	337	k121_778279_1	N/A	29.181	79	281	4.97e-18	86.3
WP_000845048.1	337	k121_1012800_1	N/A	28.829	64	222	5.14e-18	84.0
WP_000845048.1	337	k121_133463_1	N/A	30.481	55	187	6.90e-18	82.4
WP_000845048.1	337	k121_915291_1	N/A	34.615	54	182	7.54e-18	83.2
WP_000845048.1	337	k121_1051183_1	N/A	32.000	50	175	8.11e-18	83.6
WP_000845048.1	337	k121_600446_2	N/A	32.407	62	216	9.38e-18	85.9
WP_000845048.1	337	k121_780175_7	N/A	29.197	78	274	9.59e-18	85.9
WP_000845048.1	337	k121_312332_3	N/A	28.571	64	224	1.40e-17	85.1
WP_000845048.1	337	k121_238284_3	N/A	31.925	61	213	1.54e-17	85.5
WP_000845048.1	337	k121_523845_4	N/A	30.258	77	271	1.65e-17	85.1
WP_000845048.1	337	k121_217352_2	N/A	32.683	59	205	2.04e-17	85.1
WP_000845048.1	337	k121_184835_10	N/A	31.308	62	214	2.56e-17	84.3
WP_000845048.1	337	k121_770763_68	N/A	29.904	86	311	4.29e-17	84.0
WP_000845048.1	337	k121_783304_6	N/A	25.316	88	316	4.82e-17	83.6
WP_000845048.1	337	k121_778181_2	N/A	31.878	65	229	5.50e-17	84.0
WP_000845048.1	337	k121_679772_2	N/A	28.155	90	309	6.81e-17	82.8
WP_000845048.1	337	k121_306442_2	N/A	37.430	53	179	6.85e-17	83.6
WP_000845048.1	337	k121_21033_1	N/A	30.178	50	169	7.24e-17	80.9
WP_000845048.1	337	k121_648678_1	N/A	54.795	20	73	7.45e-17	77.8
WP_000845048.1	337	k121_554932_1	N/A	31.878	65	229	8.48e-17	83.2
WP_000845048.1	337	k121_392266_19	N/A	29.180	85	305	8.95e-17	82.8
WP_000845048.1	337	k121_814244_2	N/A	32.796	54	186	9.45e-17	80.5
WP_000845048.1	337	k121_35380_1	N/A	33.702	53	181	9.79e-17	80.1
WP_000845048.1	337	k121_224761_3	N/A	29.276	85	304	1.00e-16	82.8
WP_000845048.1	337	k121_410501_13	N/A	25.784	82	287	1.08e-16	82.8
WP_000845048.1	337	k121_550761_1	N/A	34.118	50	170	1.13e-16	79.3
WP_000845048.1	337	k121_137121_1	N/A	35.165	54	182	1.13e-16	81.6
WP_000845048.1	337	k121_1001887_1	N/A	31.731	61	208	1.43e-16	81.3
WP_000845048.1	337	k121_718151_2	N/A	24.422	85	303	1.63e-16	82.0
WP_000845048.1	337	k121_237284_1	N/A	28.146	88	302	1.64e-16	81.6
WP_000845048.1	337	k121_317732_1	N/A	30.516	62	213	1.69e-16	82.0
WP_000845048.1	337	k121_810938_1	N/A	32.558	62	215	2.26e-16	82.0
WP_000845048.1	337	k121_920553_3	N/A	30.903	81	288	2.65e-16	81.6
WP_000845048.1	337	k121_83580_22	N/A	27.541	85	305	2.69e-16	81.6
WP_000845048.1	337	k121_97696_2	N/A	30.952	61	210	2.79e-16	81.3
WP_000845048.1	337	k121_204302_1	N/A	27.982	62	218	3.43e-16	79.3
WP_000845048.1	337	k121_471436_2	N/A	31.905	61	210	3.43e-16	79.7
WP_000845048.1	337	k121_126626_2	N/A	35.664	41	143	4.92e-16	77.4
WP_000845048.1	337	k121_28555_3	N/A	30.515	76	272	5.34e-16	81.3
WP_000845048.1	337	k121_750349_1	N/A	30.688	56	189	5.72e-16	78.2
WP_000845048.1	337	k121_514405_1	N/A	27.869	54	183	6.11e-16	77.8
WP_000845048.1	337	k121_471853_1	N/A	27.189	62	217	6.32e-16	79.0
WP_000845048.1	337	k121_241053_2	N/A	31.677	47	161	6.35e-16	78.2
WP_000845048.1	337	k121_925453_1	N/A	29.310	64	232	7.10e-16	79.7
WP_000845048.1	337	k121_795074_2	N/A	29.508	85	305	7.33e-16	80.5
WP_000845048.1	337	k121_170101_2	N/A	32.374	41	139	1.01e-15	81.3
WP_000845048.1	337	k121_937601_2	N/A	26.937	78	271	1.07e-15	79.7
WP_000845048.1	337	k121_231516_18	N/A	32.660	84	297	1.09e-15	80.1
WP_000845048.1	337	k121_387512_1	N/A	47.945	22	73	2.59e-15	73.9
WP_000845048.1	337	k121_664759_3	N/A	27.841	52	176	2.63e-15	78.6
WP_000845048.1	337	k121_11585_1	N/A	26.449	79	276	2.97e-15	78.6
WP_000845048.1	337	k121_447469_2	N/A	29.412	62	221	3.14e-15	78.6
WP_000845048.1	337	k121_47547_2	N/A	27.000	85	300	3.23e-15	78.6
WP_000845048.1	337	k121_458416_1	N/A	29.493	62	217	3.57e-15	76.6
WP_000845048.1	337	k121_121416_1	N/A	25.764	67	229	4.13e-15	75.9
WP_000845048.1	337	k121_243332_26	N/A	28.807	69	243	4.24e-15	78.2
WP_000845048.1	337	k121_968964_5	N/A	31.159	77	276	5.26e-15	78.2
WP_000845048.1	337	k121_377241_1	N/A	31.111	53	180	9.44e-15	74.7
WP_000845048.1	337	k121_1059611_2	N/A	55.882	20	68	9.50e-15	72.8
WP_000845048.1	337	k121_592076_1	N/A	25.325	89	308	1.04e-14	76.6
WP_000845048.1	337	k121_373594_11	N/A	27.240	80	279	1.19e-14	77.0
WP_000845048.1	337	k121_761392_3	N/A	27.240	80	279	1.19e-14	77.0
WP_000845048.1	337	k121_339133_1	N/A	26.786	64	224	1.43e-14	75.1
WP_000845048.1	337	k121_168399_13	N/A	28.044	77	271	1.58e-14	76.6
WP_000845048.1	337	k121_667840_14	N/A	31.295	78	278	1.71e-14	76.6
WP_000845048.1	337	k121_953450_1	N/A	26.977	62	215	2.05e-14	74.3
WP_000845048.1	337	k121_189337_4	N/A	27.129	88	317	2.46e-14	75.9
WP_000845048.1	337	k121_180636_51	N/A	28.667	84	300	2.77e-14	76.3
WP_000845048.1	337	k121_531531_1	N/A	29.856	77	278	2.82e-14	75.1
WP_000845048.1	337	k121_188602_1	N/A	29.562	77	274	3.00e-14	76.3
WP_000845048.1	337	k121_807449_1	N/A	29.508	53	183	3.63e-14	72.8
WP_000845048.1	337	k121_76893_1	N/A	24.615	72	260	3.84e-14	74.3
WP_000845048.1	337	k121_454602_10	N/A	29.139	84	302	4.82e-14	75.1
WP_000845048.1	337	k121_160959_1	N/A	29.289	67	239	5.26e-14	74.3
WP_000845048.1	337	k121_515639_1	N/A	27.556	65	225	6.29e-14	73.6
WP_000845048.1	337	k121_209437_2	N/A	50.617	24	81	6.59e-14	70.9
WP_000845048.1	337	k121_477112_21	N/A	30.000	64	230	7.89e-14	74.7
WP_000845048.1	337	k121_309244_1	N/A	35.417	57	192	9.82e-14	72.0
WP_000845048.1	337	k121_410352_5	N/A	27.899	77	276	1.11e-13	74.3
WP_000845048.1	337	k121_289450_7	N/A	28.571	85	308	1.13e-13	74.3
WP_000845048.1	337	k121_188819_1	N/A	33.108	44	148	1.14e-13	70.5
WP_000845048.1	337	k121_134711_1	N/A	28.505	61	214	1.18e-13	72.8
WP_000845048.1	337	k121_422356_1	N/A	28.283	59	198	1.40e-13	73.9
WP_000845048.1	337	k121_336180_12	N/A	27.445	87	317	1.40e-13	73.6
WP_000845048.1	337	k121_29678_3	N/A	25.591	73	254	1.47e-13	73.6
WP_000845048.1	337	k121_23517_2	N/A	29.450	82	309	2.86e-13	73.2
WP_000845048.1	337	k121_499503_1	N/A	29.193	45	161	3.11e-13	70.1
WP_000845048.1	337	k121_338030_1	N/A	49.254	20	67	4.13e-13	67.0
WP_000845048.1	337	k121_473840_1	N/A	32.759	52	174	4.48e-13	70.1
WP_000845048.1	337	k121_249556_3	N/A	26.523	80	279	5.01e-13	72.0
WP_000845048.1	337	k121_428784_1	N/A	32.883	63	222	5.41e-13	71.6
WP_000845048.1	337	k121_1004386_1	N/A	36.634	58	202	5.80e-13	70.5
WP_000845048.1	337	k121_121877_1	N/A	27.753	64	227	6.11e-13	70.5
WP_000845048.1	337	k121_75860_7	N/A	29.126	86	309	8.53e-13	71.6
WP_000845048.1	337	k121_153080_5	N/A	29.379	53	177	1.11e-12	68.9
WP_000845048.1	337	k121_408960_2	N/A	29.108	58	213	1.11e-12	69.7
WP_000845048.1	337	k121_1032693_4	N/A	30.216	75	278	1.12e-12	71.2
WP_000845048.1	337	k121_935228_10	N/A	30.332	60	211	1.79e-12	70.9
WP_000845048.1	337	k121_998809_1	N/A	30.631	63	222	1.79e-12	69.3
WP_000845048.1	337	k121_101535_1	N/A	47.368	21	76	1.84e-12	69.3
WP_000845048.1	337	k121_224623_2	N/A	54.412	20	68	1.87e-12	65.5
WP_000845048.1	337	k121_348972_2	N/A	30.233	77	301	1.92e-12	71.2
WP_000845048.1	337	k121_897737_2	N/A	26.906	64	223	2.24e-12	70.1
WP_000845048.1	337	k121_1051300_1	N/A	32.768	53	177	2.31e-12	68.2
WP_000845048.1	337	k121_501379_1	N/A	29.557	58	203	2.50e-12	69.3
WP_000845048.1	337	k121_202460_1	N/A	32.759	52	174	2.52e-12	68.6
WP_000845048.1	337	k121_320107_2	N/A	32.203	53	177	2.98e-12	67.4
WP_000845048.1	337	k121_90710_1	N/A	30.909	61	220	3.03e-12	68.2
WP_000845048.1	337	k121_134554_1	N/A	29.316	84	307	3.86e-12	69.7
WP_000845048.1	337	k121_238971_2	N/A	29.545	76	264	4.24e-12	69.7
WP_000845048.1	337	k121_841376_1	N/A	25.581	74	258	4.92e-12	68.2
WP_000845048.1	337	k121_479475_16	N/A	28.169	61	213	5.00e-12	69.3
WP_000845048.1	337	k121_108276_1	N/A	33.121	47	157	6.22e-12	65.9
WP_000845048.1	337	k121_702735_3	N/A	31.193	63	218	6.32e-12	68.9
WP_000845048.1	337	k121_865233_1	N/A	30.570	55	193	8.60e-12	66.6
WP_000845048.1	337	k121_550084_1	N/A	42.045	26	88	9.70e-12	64.3
WP_000845048.1	337	k121_322994_2	N/A	46.053	23	76	1.14e-11	63.9
WP_000845048.1	337	k121_167074_1	N/A	32.222	53	180	1.15e-11	65.5
WP_000845048.1	337	k121_370683_2	N/A	28.467	77	274	1.31e-11	68.2
WP_000845048.1	337	k121_131653_1	N/A	28.700	63	223	1.46e-11	66.2
WP_000845048.1	337	k121_645105_2	N/A	27.306	77	271	1.57e-11	68.2
WP_000845048.1	337	k121_376065_12	N/A	33.898	53	177	1.95e-11	67.4
WP_000845048.1	337	k121_145347_1	N/A	29.954	62	217	2.48e-11	65.9
WP_000845048.1	337	k121_111917_1	N/A	27.638	58	199	2.63e-11	66.2
WP_000845048.1	337	k121_873620_2	N/A	24.731	80	279	2.70e-11	67.0
WP_000845048.1	337	k121_513479_2	N/A	31.016	53	187	2.83e-11	65.1
WP_000845048.1	337	k121_77391_1	N/A	28.571	54	182	3.19e-11	65.1
WP_000845048.1	337	k121_39132_2	N/A	30.556	53	180	3.96e-11	66.6
WP_000845048.1	337	k121_1050005_1	N/A	29.268	61	205	4.28e-11	66.6
WP_000845048.1	337	k121_52173_3	N/A	31.111	53	180	4.67e-11	66.2
WP_000845048.1	337	k121_661205_11	N/A	30.093	58	216	4.75e-11	67.4
WP_000845048.1	337	k121_112555_2	N/A	24.818	80	274	4.79e-11	66.2
WP_000845048.1	337	k121_818705_15	N/A	30.332	62	211	4.90e-11	66.6
WP_000845048.1	337	k121_748552_2	N/A	27.698	76	278	5.34e-11	66.6
WP_000845048.1	337	k121_301511_11	N/A	27.019	91	359	5.78e-11	66.2
WP_000845048.1	337	k121_694255_1	N/A	27.315	64	216	6.21e-11	64.7
WP_000845048.1	337	k121_706325_1	N/A	45.333	22	75	6.29e-11	63.2
WP_000845048.1	337	k121_1035677_1	N/A	29.474	56	190	6.31e-11	65.1
WP_000845048.1	337	k121_343572_1	N/A	29.384	59	211	6.33e-11	64.7
WP_000845048.1	337	k121_638032_1	N/A	29.592	56	196	6.91e-11	63.5
WP_000845048.1	337	k121_519066_2	N/A	28.114	77	281	7.14e-11	66.2
WP_000845048.1	337	k121_960582_1	N/A	26.383	63	235	7.91e-11	65.9
WP_000845048.1	337	k121_526342_1	N/A	25.248	59	202	9.17e-11	63.5
WP_000845048.1	337	k121_492638_6	N/A	33.180	62	217	9.72e-11	65.5
WP_000845048.1	337	k121_420163_1	N/A	31.818	57	198	9.93e-11	65.1
WP_000845048.1	337	k121_525814_1	N/A	40.449	26	89	1.11e-10	63.9
WP_000845048.1	337	k121_225666_1	N/A	27.660	56	188	1.19e-10	62.8
WP_000845048.1	337	k121_33365_38	N/A	29.384	62	211	1.24e-10	65.5
WP_000845048.1	337	k121_351646_3	N/A	29.304	76	273	1.25e-10	64.7
WP_000845048.1	337	k121_239533_1	N/A	26.383	62	235	1.28e-10	64.3
WP_000845048.1	337	k121_264965_1	N/A	31.034	52	174	1.44e-10	62.8
WP_000845048.1	337	k121_272699_21	N/A	30.460	52	174	1.44e-10	65.1
WP_000845048.1	337	k121_279601_1	N/A	30.137	82	292	1.46e-10	65.5
WP_000845048.1	337	k121_348251_2	N/A	44.928	20	69	1.54e-10	65.1
WP_000845048.1	337	k121_590900_1	N/A	27.723	84	303	1.58e-10	65.1
WP_000845048.1	337	k121_660847_1	N/A	30.645	53	186	1.73e-10	62.4
WP_000845048.1	337	k121_489708_1	N/A	31.868	54	182	1.77e-10	62.8
WP_000845048.1	337	k121_994702_3	N/A	27.458	81	295	2.13e-10	64.7
WP_000845048.1	337	k121_649040_1	N/A	26.974	83	304	2.17e-10	65.1
WP_000845048.1	337	k121_313571_1	N/A	34.356	47	163	2.36e-10	62.4
WP_000845048.1	337	k121_590900_3	N/A	27.972	81	286	2.49e-10	64.7
WP_000845048.1	337	k121_1017156_1	N/A	29.008	38	131	2.66e-10	63.2
WP_000845048.1	337	k121_548256_3	N/A	32.117	40	137	2.98e-10	63.2
WP_000845048.1	337	k121_449693_2	N/A	31.250	47	160	3.06e-10	63.2
WP_000845048.1	337	k121_917589_1	N/A	27.236	66	246	3.19e-10	62.8
WP_000845048.1	337	k121_1000221_3	N/A	26.117	82	291	3.40e-10	64.3
WP_000845048.1	337	k121_842153_16	N/A	33.155	53	187	3.49e-10	63.9
WP_000845048.1	337	k121_1013729_2	N/A	27.099	73	262	4.26e-10	63.2
WP_000845048.1	337	k121_941474_1	N/A	25.342	84	292	4.33e-10	63.2
WP_000845048.1	337	k121_305349_10	N/A	30.769	53	182	4.41e-10	63.5
WP_000845048.1	337	k121_739966_2	N/A	27.653	86	311	5.34e-10	63.5
WP_000845048.1	337	k121_1030575_2	N/A	46.377	20	69	6.06e-10	58.9
WP_000845048.1	337	k121_817013_2	N/A	29.384	62	211	6.08e-10	63.5
WP_000845048.1	337	k121_305800_24	N/A	28.053	84	303	6.65e-10	63.2
WP_000845048.1	337	k121_511439_1	N/A	29.240	51	171	7.77e-10	60.1
WP_000845048.1	337	k121_389603_1	N/A	27.111	62	225	7.82e-10	62.4
WP_000845048.1	337	k121_175815_1	N/A	38.356	22	73	9.66e-05	45.8
WP_000845048.1	337	k121_766906_3	N/A	30.000	59	200	8.19e-10	63.2
WP_000845048.1	337	k121_917770_5	N/A	28.634	64	227	8.26e-10	62.8
WP_000845048.1	337	k121_939784_1	N/A	29.911	64	224	8.98e-10	61.6
WP_000845048.1	337	k121_438957_4	N/A	28.986	60	207	9.11e-10	62.0
WP_000845048.1	337	k121_768779_1	N/A	35.032	45	157	9.54e-10	62.0
WP_000845048.1	337	k121_153572_12	N/A	28.837	62	215	1.02e-09	62.4
WP_000845048.1	337	k121_712607_1	N/A	27.556	60	225	1.12e-09	60.5
WP_000845048.1	337	k121_418038_1	N/A	27.000	83	300	1.14e-09	62.4
WP_000845048.1	337	k121_1047315_1	N/A	38.000	29	100	1.17e-09	60.5
WP_000845048.1	337	k121_438957_2	N/A	25.000	90	324	1.18e-09	62.4
WP_000845048.1	337	k121_31128_4	N/A	27.473	77	273	1.39e-09	62.4
WP_000845048.1	337	k121_415235_12	N/A	38.554	22	83	0.007	41.6
WP_000845048.1	337	k121_579275_2	N/A	27.027	64	222	1.49e-09	61.6
WP_000845048.1	337	k121_399073_2	N/A	27.315	58	216	1.56e-09	61.2
WP_000845048.1	337	k121_241028_1	N/A	28.676	75	272	1.76e-09	60.8
WP_000845048.1	337	k121_690939_1	N/A	28.230	59	209	1.79e-09	60.1
WP_000845048.1	337	k121_497928_1	N/A	29.189	55	185	2.14e-09	61.2
WP_000845048.1	337	k121_137537_1	N/A	31.667	53	180	2.24e-09	59.7
WP_000845048.1	337	k121_205282_7	N/A	27.155	63	232	2.29e-09	61.6
WP_000845048.1	337	k121_756042_2	N/A	27.037	75	270	2.38e-09	61.6
WP_000845048.1	337	k121_582905_1	N/A	29.189	55	185	2.39e-09	59.7
WP_000845048.1	337	k121_57953_30	N/A	27.817	82	284	2.40e-09	61.2
WP_000845048.1	337	k121_217316_1	N/A	33.758	45	157	3.10e-09	59.3
WP_000845048.1	337	k121_564664_1	N/A	23.333	61	210	3.32e-09	60.1
WP_000845048.1	337	k121_920353_7	N/A	43.939	20	66	3.50e-09	60.8
WP_000845048.1	337	k121_330086_1	N/A	31.336	61	217	3.51e-09	60.5
WP_000845048.1	337	k121_323075_2	N/A	39.394	26	99	3.72e-09	61.2
WP_000845048.1	337	k121_782628_8	N/A	19.108	93	314	4.01e-09	61.2
WP_000845048.1	337	k121_810700_2	N/A	27.619	60	210	4.22e-09	59.7
WP_000845048.1	337	k121_966242_1	N/A	29.902	58	204	4.23e-09	59.7
WP_000845048.1	337	k121_216813_2	N/A	27.564	86	312	4.35e-09	60.8
WP_000845048.1	337	k121_428512_1	N/A	30.337	53	178	4.47e-09	60.1
WP_000845048.1	337	k121_310110_2	N/A	25.000	44	148	5.06e-09	59.3
WP_000845048.1	337	k121_216427_1	N/A	29.651	51	172	5.27e-09	60.5
WP_000845048.1	337	k121_1041364_2	N/A	22.761	77	268	5.81e-09	59.7
WP_000845048.1	337	k121_790681_1	N/A	25.604	59	207	6.58e-09	59.3
WP_000845048.1	337	k121_974482_1	N/A	32.203	52	177	6.81e-09	57.8
WP_000845048.1	337	k121_67358_2	N/A	25.240	87	313	7.55e-09	60.1
WP_000845048.1	337	k121_862870_2	N/A	28.235	69	255	8.23e-09	59.3
WP_000845048.1	337	k121_461845_2	N/A	27.148	82	291	9.39e-09	60.1
WP_000845048.1	337	k121_611361_39	N/A	24.211	55	190	9.61e-09	58.2
WP_000845048.1	337	k121_151071_3	N/A	26.621	81	293	9.86e-09	59.7
WP_000845048.1	337	k121_916008_10	N/A	27.753	64	227	1.06e-08	59.7
WP_000845048.1	337	k121_366231_1	N/A	30.357	31	112	1.06e-08	57.8
WP_000845048.1	337	k121_511656_1	N/A	28.649	55	185	1.07e-08	58.5
WP_000845048.1	337	k121_489297_4	N/A	33.645	31	107	1.09e-08	57.0
