SadA_ref|WP_036299419.1|:1-399	399	k121_66589_4	N/A	24.561	52	228	2.88e-04	42.4
SadA_ref|WP_036299419.1|:1-399	399	k121_86430_2	N/A	25.957	51	235	0.014	37.0
SadC_ref|WP_036299413.1|:1-194	194	k121_98073_2	N/A	28.378	76	148	7.48e-09	52.4
SadC_ref|WP_036299413.1|:1-194	194	k121_59393_44	N/A	28.148	68	135	1.77e-06	45.8
SadC_ref|WP_036299413.1|:1-194	194	k121_40332_2	N/A	32.558	44	86	1.28e-05	44.3
SadC_ref|WP_036299413.1|:1-194	194	k121_29650_9	N/A	27.972	71	143	5.90e-05	41.6
SadC_ref|WP_036299413.1|:1-194	194	k121_77479_1	N/A	29.268	62	123	1.22e-04	40.4
SadC_ref|WP_036299413.1|:1-194	194	k121_58278_2	N/A	26.316	68	133	3.92e-04	39.3
SadC_ref|WP_036299413.1|:1-194	194	k121_59818_7	N/A	27.368	46	95	0.023	33.9
WP_000259031.1	279	k121_67953_89	N/A	35.628	88	247	3.36e-39	137
WP_000259031.1	279	k121_36360_2	N/A	34.800	87	250	4.71e-32	118
WP_000259031.1	279	k121_60901_3	N/A	36.364	78	220	2.55e-30	114
WP_000259031.1	279	k121_109044_19	N/A	34.389	79	221	1.02e-28	110
WP_000259031.1	279	k121_50648_4	N/A	33.178	76	214	6.65e-27	105
WP_000259031.1	279	k121_78229_5	N/A	31.923	88	260	1.05e-23	97.4
WP_000259031.1	279	k121_30605_2	N/A	29.537	98	281	9.85e-23	94.7
WP_000259031.1	279	k121_108115_3	N/A	30.112	91	269	1.99e-22	94.4
WP_000259031.1	279	k121_20605_2	N/A	28.315	98	279	2.36e-21	92.0
WP_000259031.1	279	k121_86621_11	N/A	28.723	98	282	2.29e-20	88.2
WP_000259031.1	279	k121_9951_5	N/A	30.258	95	271	2.84e-20	87.8
WP_000259031.1	279	k121_54382_2	N/A	34.677	44	124	5.93e-14	67.8
WP_000259031.1	279	k121_109615_3	N/A	33.766	54	154	1.83e-12	65.1
WP_000259031.1	279	k121_32907_1	N/A	33.043	41	115	1.59e-10	57.4
WP_000259031.1	279	k121_79658_1	N/A	31.073	61	177	8.77e-09	53.9
WP_000259031.1	279	k121_38436_1	N/A	29.358	38	109	8.51e-07	47.4
WP_000259031.1	279	k121_28588_1	N/A	33.871	22	62	3.59e-06	43.5
WP_000259031.1	279	k121_76709_1	N/A	38.710	22	62	2.05e-04	39.7
WP_000259031.1	279	k121_72628_20	N/A	33.673	35	98	0.051	35.0
WP_001043260.1	271	k121_67953_89	N/A	37.548	95	261	1.16e-49	164
WP_001043260.1	271	k121_36360_2	N/A	39.231	95	260	2.92e-46	155
WP_001043260.1	271	k121_109044_19	N/A	40.449	97	267	1.52e-42	146
WP_001043260.1	271	k121_60901_3	N/A	37.828	96	267	2.93e-41	143
WP_001043260.1	271	k121_50648_4	N/A	37.828	96	267	1.46e-39	138
WP_001043260.1	271	k121_78229_5	N/A	34.733	90	262	1.82e-25	102
WP_001043260.1	271	k121_54382_2	N/A	39.735	55	151	2.73e-24	95.1
WP_001043260.1	271	k121_30605_2	N/A	27.941	97	272	5.14e-19	84.3
WP_001043260.1	271	k121_9951_5	N/A	31.599	96	269	1.93e-18	82.8
WP_001043260.1	271	k121_86621_11	N/A	28.159	97	277	6.57e-18	81.3
WP_001043260.1	271	k121_108115_3	N/A	28.740	90	254	6.21e-16	76.3
WP_001043260.1	271	k121_28588_1	N/A	49.206	23	63	2.83e-13	63.2
WP_001043260.1	271	k121_20605_2	N/A	24.906	96	265	9.17e-13	67.0
WP_001043260.1	271	k121_109615_3	N/A	31.250	80	224	3.89e-08	52.4
WP_001043260.1	271	k121_32907_1	N/A	29.167	44	120	1.66e-07	48.9
WP_001043260.1	271	k121_79658_1	N/A	34.314	38	102	3.80e-04	40.4
WP_000034420.1	263	k121_67953_89	N/A	37.736	99	265	4.11e-56	181
WP_000034420.1	263	k121_36360_2	N/A	39.695	98	262	6.87e-56	179
WP_000034420.1	263	k121_109044_19	N/A	34.717	100	265	3.01e-45	152
WP_000034420.1	263	k121_50648_4	N/A	33.955	98	268	5.50e-45	152
WP_000034420.1	263	k121_60901_3	N/A	32.453	98	265	9.46e-40	139
WP_000034420.1	263	k121_78229_5	N/A	31.047	98	277	4.99e-27	105
WP_000034420.1	263	k121_86621_11	N/A	29.771	97	262	2.52e-26	103
WP_000034420.1	263	k121_30605_2	N/A	29.389	97	262	1.91e-25	101
WP_000034420.1	263	k121_54382_2	N/A	39.516	47	124	6.31e-24	94.0
WP_000034420.1	263	k121_9951_5	N/A	29.057	97	265	7.67e-24	97.4
WP_000034420.1	263	k121_20605_2	N/A	29.771	97	262	2.60e-22	94.4
WP_000034420.1	263	k121_108115_3	N/A	29.528	94	254	7.19e-22	92.4
WP_000034420.1	263	k121_109615_3	N/A	31.156	73	199	2.65e-14	69.7
WP_000034420.1	263	k121_28588_1	N/A	43.548	24	62	6.69e-13	62.0
WP_000034420.1	263	k121_79658_1	N/A	28.144	61	167	1.95e-12	63.9
WP_000034420.1	263	k121_32907_1	N/A	33.000	37	100	4.37e-12	61.2
WP_000034420.1	263	k121_38436_1	N/A	32.727	42	110	2.43e-10	57.4
WP_000034420.1	263	k121_76709_1	N/A	37.143	27	70	1.31e-05	42.7
WP_206434233.1	297	k121_78229_5	N/A	51.049	94	286	1.61e-82	250
WP_206434233.1	297	k121_67953_89	N/A	40.876	92	274	1.12e-65	206
WP_206434233.1	297	k121_60901_3	N/A	43.116	91	276	5.40e-56	182
WP_206434233.1	297	k121_36360_2	N/A	37.037	91	270	7.90e-55	178
WP_206434233.1	297	k121_50648_4	N/A	40.672	89	268	2.00e-54	177
WP_206434233.1	297	k121_109044_19	N/A	40.996	88	261	7.59e-49	163
WP_206434233.1	297	k121_30605_2	N/A	36.806	94	288	6.11e-48	161
WP_206434233.1	297	k121_86621_11	N/A	34.909	91	275	1.89e-44	152
WP_206434233.1	297	k121_20605_2	N/A	36.426	94	291	8.37e-44	152
WP_206434233.1	297	k121_108115_3	N/A	35.379	92	277	1.97e-42	148
WP_206434233.1	297	k121_9951_5	N/A	36.232	92	276	3.38e-38	136
WP_206434233.1	297	k121_79658_1	N/A	38.378	61	185	5.85e-28	106
WP_206434233.1	297	k121_54382_2	N/A	46.853	48	143	1.56e-25	99.0
WP_206434233.1	297	k121_109615_3	N/A	40.553	71	217	4.51e-25	99.8
WP_206434233.1	297	k121_38436_1	N/A	39.831	40	118	5.06e-21	87.0
WP_206434233.1	297	k121_28588_1	N/A	50.000	23	68	4.20e-15	68.6
WP_206434233.1	297	k121_76709_1	N/A	43.529	29	85	1.04e-14	68.6
WP_206434233.1	297	k121_32907_1	N/A	33.884	40	121	4.58e-11	58.9
WP_005414519.1	219	k121_35524_2	N/A	45.000	27	60	1.52e-09	56.2
WP_005414519.1	219	k121_78484_2	N/A	37.931	26	58	1.05e-06	47.4
WP_005414519.1	219	k121_87004_9	N/A	38.462	24	52	1.66e-06	47.0
WP_005414519.1	219	k121_48369_2	N/A	31.522	41	92	1.90e-06	47.0
WP_005414519.1	219	k121_55134_2	N/A	35.526	34	76	3.09e-06	46.2
WP_005414519.1	219	k121_99756_2	N/A	37.500	32	72	8.28e-06	44.7
WP_005414519.1	219	k121_66215_5	N/A	27.215	72	158	1.64e-05	43.9
WP_005414519.1	219	k121_92199_5	N/A	27.103	89	214	2.09e-05	43.9
WP_005414519.1	219	k121_31975_2	N/A	26.904	86	197	2.73e-05	43.1
WP_005414519.1	219	k121_81831_4	N/A	37.097	28	62	2.79e-05	43.5
WP_005414519.1	219	k121_64560_65	N/A	37.500	26	56	3.21e-05	42.7
WP_005414519.1	219	k121_41150_1	N/A	32.759	26	58	6.11e-05	40.0
WP_005414519.1	219	k121_108181_1	N/A	37.736	24	53	6.90e-05	42.0
WP_005414519.1	219	k121_69059_2	N/A	31.008	58	129	7.47e-05	42.0
WP_005414519.1	219	k121_72432_8	N/A	26.111	79	180	7.56e-05	42.0
WP_005414519.1	219	k121_61527_7	N/A	44.000	23	50	8.12e-05	42.0
WP_005414519.1	219	k121_18558_2	N/A	29.333	34	75	8.73e-05	42.0
WP_005414519.1	219	k121_18110_2	N/A	32.258	28	62	9.78e-05	41.6
WP_005414519.1	219	k121_21994_5	N/A	27.317	89	205	9.79e-05	41.6
WP_005414519.1	219	k121_69137_2	N/A	34.921	29	63	1.00e-04	41.6
WP_005414519.1	219	k121_48458_114	N/A	34.524	38	84	1.16e-04	42.0
WP_005414519.1	219	k121_86091_2	N/A	39.623	24	53	1.39e-04	41.2
WP_005414519.1	219	k121_55686_2	N/A	35.185	25	54	1.67e-04	41.2
WP_005414519.1	219	k121_111251_1	N/A	32.955	40	88	1.85e-04	40.8
WP_005414519.1	219	k121_4145_1	N/A	37.037	25	54	2.07e-04	39.7
WP_005414519.1	219	k121_107599_1	N/A	32.812	29	64	2.89e-04	40.4
WP_005414519.1	219	k121_87667_4	N/A	40.741	25	54	3.16e-04	40.0
WP_005414519.1	219	k121_65352_2	N/A	42.308	24	52	3.60e-04	40.0
WP_005414519.1	219	k121_17855_5	N/A	37.736	24	53	4.77e-04	39.7
WP_005414519.1	219	k121_8276_1	N/A	28.125	29	64	6.16e-04	38.1
WP_005414519.1	219	k121_20892_14	N/A	37.736	24	53	6.20e-04	39.3
WP_005414519.1	219	k121_20892_9	N/A	37.736	24	53	6.20e-04	39.3
WP_005414519.1	219	k121_2806_13	N/A	30.000	37	80	7.80e-04	38.9
WP_005414519.1	219	k121_113672_1	N/A	32.941	39	85	8.28e-04	38.5
WP_005414519.1	219	k121_43038_2	N/A	35.849	24	53	8.56e-04	38.9
WP_005414519.1	219	k121_40215_2	N/A	28.462	57	130	0.002	38.5
WP_005414519.1	219	k121_22128_2	N/A	32.468	35	77	0.002	38.1
WP_005414519.1	219	k121_101370_2	N/A	25.478	72	157	0.002	38.1
WP_005414519.1	219	k121_75342_6	N/A	27.907	76	172	0.002	37.7
WP_005414519.1	219	k121_41302_1	N/A	31.250	36	80	0.002	37.7
WP_005414519.1	219	k121_45717_16	N/A	28.814	27	59	0.002	37.7
WP_005414519.1	219	k121_39404_1	N/A	30.909	25	55	0.002	37.4
WP_005414519.1	219	k121_40290_5	N/A	32.857	32	70	0.004	37.4
WP_005414519.1	219	k121_92204_2	N/A	39.623	24	53	0.005	36.6
WP_005414519.1	219	k121_68247_4	N/A	28.358	31	67	0.005	34.7
WP_005414519.1	219	k121_38452_51	N/A	30.303	30	66	0.005	36.6
WP_005414519.1	219	k121_58548_2	N/A	30.645	28	62	0.006	36.6
WP_005414519.1	219	k121_69288_2	N/A	28.440	50	109	0.006	36.2
WP_005414519.1	219	k121_8628_1	N/A	27.419	28	62	0.007	36.2
WP_005414519.1	219	k121_110530_4	N/A	23.077	58	130	0.008	36.2
WP_005414519.1	219	k121_23891_7	N/A	34.921	29	63	0.013	35.4
WP_005414519.1	219	k121_109317_1	N/A	27.368	43	95	0.018	34.3
WP_005414519.1	219	k121_49039_9	N/A	25.000	65	144	0.020	34.7
WP_005414519.1	219	k121_16454_18	N/A	29.032	28	62	0.029	34.3
WP_005414519.1	219	k121_48727_2	N/A	26.000	43	100	0.032	34.3
WP_005414519.1	219	k121_80617_2	N/A	34.545	25	55	0.035	33.9
WP_005414519.1	219	k121_72289_12	N/A	27.273	25	55	0.046	33.5
WP_005414519.1	219	k121_31371_2	N/A	27.586	40	87	0.048	33.9
WP_005414519.1	219	k121_16773_2	N/A	29.293	44	99	0.058	33.5
WP_005414519.1	219	k121_59817_3	N/A	30.769	24	52	0.059	33.5
WP_005414519.1	219	k121_100079_1	N/A	27.381	38	84	0.060	33.1
WP_005414519.1	219	k121_73157_9	N/A	26.437	40	87	0.062	33.1
WP_005414519.1	219	k121_2269_2	N/A	23.214	74	168	0.062	33.1
WP_005414519.1	219	k121_31301_2	N/A	27.000	46	100	0.072	33.1
WP_005414519.1	219	k121_96808_1	N/A	25.352	65	142	0.090	32.7
WP_025877280.1	219	k121_35524_2	N/A	45.000	27	60	1.55e-09	56.2
WP_025877280.1	219	k121_78484_2	N/A	37.931	26	58	1.21e-06	47.4
WP_025877280.1	219	k121_87004_9	N/A	38.462	24	52	2.17e-06	46.6
WP_025877280.1	219	k121_55134_2	N/A	35.526	34	76	5.06e-06	45.8
WP_025877280.1	219	k121_99756_2	N/A	37.500	32	72	1.12e-05	44.3
WP_025877280.1	219	k121_48369_2	N/A	30.435	41	92	1.60e-05	44.3
WP_025877280.1	219	k121_31975_2	N/A	26.904	86	197	1.74e-05	43.9
WP_025877280.1	219	k121_66215_5	N/A	27.215	72	158	1.82e-05	43.9
WP_025877280.1	219	k121_18558_2	N/A	30.667	34	75	3.02e-05	43.5
WP_025877280.1	219	k121_69059_2	N/A	31.783	58	129	3.17e-05	43.1
WP_025877280.1	219	k121_41150_1	N/A	32.759	26	58	6.05e-05	40.0
WP_025877280.1	219	k121_21994_5	N/A	27.805	89	205	6.17e-05	42.4
WP_025877280.1	219	k121_61527_7	N/A	30.000	41	90	7.89e-05	42.0
WP_025877280.1	219	k121_92199_5	N/A	27.103	89	214	8.61e-05	42.0
WP_025877280.1	219	k121_18110_2	N/A	32.258	28	62	1.13e-04	41.6
WP_025877280.1	219	k121_64560_65	N/A	36.364	25	55	1.15e-04	41.2
WP_025877280.1	219	k121_48458_114	N/A	34.524	38	84	1.56e-04	41.6
WP_025877280.1	219	k121_4145_1	N/A	37.037	25	54	1.64e-04	40.0
WP_025877280.1	219	k121_81831_4	N/A	35.484	28	62	1.68e-04	41.2
WP_025877280.1	219	k121_55686_2	N/A	35.185	25	54	1.90e-04	40.8
WP_025877280.1	219	k121_87667_4	N/A	40.741	25	54	2.11e-04	40.4
WP_025877280.1	219	k121_111251_1	N/A	32.955	40	88	3.13e-04	40.0
WP_025877280.1	219	k121_107599_1	N/A	32.812	29	64	3.18e-04	40.0
WP_025877280.1	219	k121_72432_8	N/A	25.556	79	180	4.07e-04	39.7
WP_025877280.1	219	k121_69137_2	N/A	33.333	29	63	4.33e-04	39.7
WP_025877280.1	219	k121_108181_1	N/A	35.849	24	53	4.90e-04	39.3
WP_025877280.1	219	k121_20892_14	N/A	37.097	28	62	6.43e-04	39.3
WP_025877280.1	219	k121_20892_9	N/A	37.097	28	62	6.43e-04	39.3
WP_025877280.1	219	k121_65352_2	N/A	42.308	24	52	6.47e-04	39.3
WP_025877280.1	219	k121_8276_1	N/A	28.125	29	64	0.001	37.4
WP_025877280.1	219	k121_2806_13	N/A	30.000	37	80	0.001	38.5
WP_025877280.1	219	k121_113672_1	N/A	32.941	39	85	0.001	38.1
WP_025877280.1	219	k121_86091_2	N/A	37.736	24	53	0.001	38.5
WP_025877280.1	219	k121_75342_6	N/A	27.907	76	172	0.002	37.7
WP_025877280.1	219	k121_101370_2	N/A	26.115	72	157	0.003	37.4
WP_025877280.1	219	k121_17855_5	N/A	35.849	24	53	0.003	37.4
WP_025877280.1	219	k121_41302_1	N/A	31.250	36	80	0.003	37.0
WP_025877280.1	219	k121_22128_2	N/A	31.169	35	77	0.004	37.0
WP_025877280.1	219	k121_43038_2	N/A	33.962	24	53	0.004	37.0
WP_025877280.1	219	k121_45717_16	N/A	28.814	27	59	0.004	37.0
WP_025877280.1	219	k121_69288_2	N/A	28.440	50	109	0.005	36.6
WP_025877280.1	219	k121_110530_4	N/A	23.846	58	130	0.005	37.0
WP_025877280.1	219	k121_58548_2	N/A	30.645	28	62	0.006	36.6
WP_025877280.1	219	k121_38452_51	N/A	30.303	30	66	0.006	36.6
WP_025877280.1	219	k121_40290_5	N/A	32.857	32	70	0.006	36.6
WP_025877280.1	219	k121_68247_4	N/A	28.358	31	67	0.007	34.3
WP_025877280.1	219	k121_92204_2	N/A	39.623	24	53	0.007	36.2
WP_025877280.1	219	k121_8628_1	N/A	27.419	28	62	0.008	35.8
WP_025877280.1	219	k121_109317_1	N/A	27.368	43	95	0.014	34.7
WP_025877280.1	219	k121_23891_7	N/A	34.921	29	63	0.015	35.0
WP_025877280.1	219	k121_39404_1	N/A	29.091	25	55	0.015	35.0
WP_025877280.1	219	k121_48727_2	N/A	26.000	43	100	0.040	33.9
WP_025877280.1	219	k121_31371_2	N/A	27.586	40	87	0.043	34.3
WP_025877280.1	219	k121_40215_2	N/A	26.154	57	130	0.049	33.9
WP_025877280.1	219	k121_73157_9	N/A	26.437	40	87	0.063	33.1
WP_025877280.1	219	k121_49039_9	N/A	24.306	65	144	0.071	33.1
WP_025877280.1	219	k121_59817_3	N/A	30.769	24	52	0.071	33.1
WP_025877280.1	219	k121_49884_3	N/A	33.871	28	62	0.076	33.1
WP_025877280.1	219	k121_785_15	N/A	25.352	32	71	0.076	33.1
WP_025877280.1	219	k121_16773_2	N/A	29.293	44	99	0.081	33.1
WP_025877280.1	219	k121_100079_1	N/A	27.381	38	84	0.086	32.7
WP_025877280.1	219	k121_31301_2	N/A	27.000	46	100	0.086	32.7
WP_025877280.1	219	k121_80617_2	N/A	34.694	22	49	0.099	32.7
WP_089236970.1	219	k121_35524_2	N/A	45.000	27	60	1.49e-09	56.2
WP_089236970.1	219	k121_78484_2	N/A	37.931	26	58	1.20e-06	47.4
WP_089236970.1	219	k121_87004_9	N/A	38.462	24	52	2.15e-06	46.6
WP_089236970.1	219	k121_55134_2	N/A	35.526	34	76	4.96e-06	45.8
WP_089236970.1	219	k121_31975_2	N/A	27.411	86	197	6.76e-06	45.1
WP_089236970.1	219	k121_99756_2	N/A	37.500	32	72	1.14e-05	44.3
WP_089236970.1	219	k121_48369_2	N/A	30.435	41	92	1.59e-05	44.3
WP_089236970.1	219	k121_66215_5	N/A	27.215	72	158	1.89e-05	43.9
WP_089236970.1	219	k121_69059_2	N/A	31.783	58	129	2.70e-05	43.5
WP_089236970.1	219	k121_18558_2	N/A	30.667	34	75	2.83e-05	43.5
WP_089236970.1	219	k121_21994_5	N/A	29.612	89	206	4.15e-05	42.7
WP_089236970.1	219	k121_41150_1	N/A	32.759	26	58	5.87e-05	40.0
WP_089236970.1	219	k121_61527_7	N/A	30.000	41	90	7.60e-05	42.0
WP_089236970.1	219	k121_92199_5	N/A	27.103	89	214	9.02e-05	42.0
WP_089236970.1	219	k121_64560_65	N/A	36.364	25	55	1.11e-04	41.2
WP_089236970.1	219	k121_18110_2	N/A	32.258	28	62	1.17e-04	41.6
WP_089236970.1	219	k121_48458_114	N/A	34.524	38	84	1.46e-04	41.6
WP_089236970.1	219	k121_4145_1	N/A	37.037	25	54	1.59e-04	40.0
WP_089236970.1	219	k121_81831_4	N/A	35.484	28	62	1.84e-04	41.2
WP_089236970.1	219	k121_55686_2	N/A	35.185	25	54	1.90e-04	40.8
WP_089236970.1	219	k121_87667_4	N/A	40.741	25	54	2.21e-04	40.4
WP_089236970.1	219	k121_111251_1	N/A	32.955	40	88	2.98e-04	40.0
WP_089236970.1	219	k121_107599_1	N/A	32.812	29	64	3.27e-04	40.0
WP_089236970.1	219	k121_72432_8	N/A	25.556	79	180	3.44e-04	40.0
WP_089236970.1	219	k121_69137_2	N/A	33.333	29	63	4.21e-04	39.7
WP_089236970.1	219	k121_108181_1	N/A	35.849	24	53	5.13e-04	39.3
WP_089236970.1	219	k121_65352_2	N/A	42.308	24	52	6.06e-04	39.3
WP_089236970.1	219	k121_20892_14	N/A	37.736	24	53	6.62e-04	39.3
WP_089236970.1	219	k121_20892_9	N/A	37.736	24	53	6.62e-04	39.3
WP_089236970.1	219	k121_8276_1	N/A	28.125	29	64	0.001	37.4
WP_089236970.1	219	k121_2806_13	N/A	30.000	37	80	0.001	38.5
WP_089236970.1	219	k121_86091_2	N/A	37.736	24	53	0.001	38.5
WP_089236970.1	219	k121_113672_1	N/A	32.941	39	85	0.001	37.7
WP_089236970.1	219	k121_75342_6	N/A	27.907	76	172	0.003	37.4
WP_089236970.1	219	k121_22128_2	N/A	31.169	35	77	0.003	37.4
WP_089236970.1	219	k121_41302_1	N/A	31.250	36	80	0.003	37.0
WP_089236970.1	219	k121_17855_5	N/A	35.849	24	53	0.003	37.4
WP_089236970.1	219	k121_43038_2	N/A	33.962	24	53	0.004	37.0
WP_089236970.1	219	k121_69288_2	N/A	28.440	50	109	0.004	36.6
WP_089236970.1	219	k121_101370_2	N/A	26.115	72	157	0.005	36.6
WP_089236970.1	219	k121_45717_16	N/A	28.814	27	59	0.005	37.0
WP_089236970.1	219	k121_110530_4	N/A	24.460	61	139	0.005	37.0
WP_089236970.1	219	k121_58548_2	N/A	30.645	28	62	0.005	36.6
WP_089236970.1	219	k121_38452_51	N/A	30.303	30	66	0.006	36.6
WP_089236970.1	219	k121_40290_5	N/A	32.857	32	70	0.006	36.6
WP_089236970.1	219	k121_68247_4	N/A	28.358	31	67	0.007	34.3
WP_089236970.1	219	k121_92204_2	N/A	39.623	24	53	0.007	36.2
WP_089236970.1	219	k121_8628_1	N/A	27.419	28	62	0.009	35.8
WP_089236970.1	219	k121_23891_7	N/A	34.921	29	63	0.014	35.0
WP_089236970.1	219	k121_39404_1	N/A	29.091	25	55	0.015	35.0
WP_089236970.1	219	k121_109317_1	N/A	27.368	43	95	0.015	34.7
WP_089236970.1	219	k121_48727_2	N/A	26.000	43	100	0.039	33.9
WP_089236970.1	219	k121_31371_2	N/A	27.586	40	87	0.042	34.3
WP_089236970.1	219	k121_40215_2	N/A	29.333	32	75	0.049	33.9
WP_089236970.1	219	k121_73157_9	N/A	26.437	40	87	0.064	33.1
WP_089236970.1	219	k121_59817_3	N/A	30.769	24	52	0.068	33.1
WP_089236970.1	219	k121_16773_2	N/A	29.293	44	99	0.076	33.1
WP_089236970.1	219	k121_31301_2	N/A	27.000	46	100	0.076	33.1
WP_089236970.1	219	k121_49884_3	N/A	33.871	28	62	0.080	33.1
WP_089236970.1	219	k121_100079_1	N/A	27.381	38	84	0.082	32.7
WP_089236970.1	219	k121_80504_1	N/A	25.789	84	190	0.093	32.7
WP_089236970.1	219	k121_80617_2	N/A	34.694	22	49	0.097	32.7
WP_000845048.1	337	k121_87803_2	N/A	51.713	95	321	1.55e-106	314
WP_000845048.1	337	k121_2844_1	N/A	34.524	99	336	1.01e-34	128
WP_000845048.1	337	k121_46508_1	N/A	35.043	69	234	1.13e-33	123
WP_000845048.1	337	k121_2869_2	N/A	29.043	90	303	6.56e-32	122
WP_000845048.1	337	k121_103480_2	N/A	36.199	65	221	2.78e-26	105
WP_000845048.1	337	k121_4766_69	N/A	38.073	63	218	1.76e-25	103
WP_000845048.1	337	k121_31455_9	N/A	30.450	81	289	1.87e-22	95.5
WP_000845048.1	337	k121_1583_9	N/A	30.496	79	282	6.74e-21	91.3
WP_000845048.1	337	k121_41350_1	N/A	30.877	79	285	2.16e-20	89.4
WP_000845048.1	337	k121_55108_1	N/A	28.452	66	239	4.36e-18	81.6
WP_000845048.1	337	k121_60194_3	N/A	29.276	85	304	5.35e-18	82.8
WP_000845048.1	337	k121_88734_1	N/A	32.420	62	219	7.20e-18	80.9
WP_000845048.1	337	k121_80679_22	N/A	27.541	85	305	1.44e-17	81.6
WP_000845048.1	337	k121_45729_1	N/A	31.667	53	180	2.70e-17	77.4
WP_000845048.1	337	k121_111664_2	N/A	29.139	84	302	2.58e-15	75.1
WP_000845048.1	337	k121_30196_2	N/A	27.445	87	317	7.48e-15	73.6
WP_000845048.1	337	k121_108254_2	N/A	29.520	77	271	1.50e-14	72.8
WP_000845048.1	337	k121_96713_5	N/A	30.556	53	180	1.41e-12	67.0
WP_000845048.1	337	k121_88721_2	N/A	30.332	62	211	4.07e-12	66.2
WP_000845048.1	337	k121_92943_1	N/A	32.597	53	181	6.63e-12	64.3
WP_000845048.1	337	k121_103591_1	N/A	27.928	64	222	1.05e-11	64.3
WP_000845048.1	337	k121_38452_43	N/A	30.769	53	182	2.35e-11	63.5
WP_000845048.1	337	k121_88721_1	N/A	29.864	63	221	4.61e-09	57.4
WP_000845048.1	337	k121_100869_1	N/A	29.379	53	177	5.13e-09	57.0
WP_000845048.1	337	k121_18383_1	N/A	25.606	82	289	1.53e-08	55.1
WP_000845048.1	337	k121_73801_1	N/A	25.368	75	272	3.19e-08	54.3
WP_000845048.1	337	k121_100869_3	N/A	25.795	77	283	3.27e-08	54.3
WP_000845048.1	337	k121_44241_1	N/A	27.106	77	273	4.26e-08	53.9
WP_000845048.1	337	k121_101465_2	N/A	29.231	56	195	1.93e-07	52.0
WP_000845048.1	337	k121_107412_8	N/A	26.697	64	221	4.03e-07	50.8
WP_000845048.1	337	k121_62414_2	N/A	24.915	82	293	4.86e-07	50.4
WP_000845048.1	337	k121_107783_2	N/A	24.885	64	217	5.72e-07	50.4
WP_000845048.1	337	k121_110685_2	N/A	28.959	58	221	1.78e-06	48.9
WP_000845048.1	337	k121_22697_1	N/A	29.596	58	223	1.81e-06	48.9
WP_000845048.1	337	k121_32572_9	N/A	24.627	75	268	6.95e-06	47.0
WP_000845048.1	337	k121_32572_8	N/A	25.301	92	332	2.28e-05	45.4
WP_000845048.1	337	k121_46955_2	N/A	28.947	65	228	1.36e-04	43.1
WP_000845048.1	337	k121_2065_11	N/A	25.397	53	189	1.44e-04	43.1
WP_000845048.1	337	k121_103105_5	N/A	30.526	26	95	1.77e-04	42.4
WP_000845048.1	337	k121_47403_1	N/A	33.058	33	121	3.73e-04	41.2
WP_000845048.1	337	k121_100869_2	N/A	27.803	61	223	3.77e-04	41.6
WP_000845048.1	337	k121_15836_3	N/A	26.891	61	238	3.87e-04	41.6
WP_000845048.1	337	k121_47403_2	N/A	28.415	54	183	5.13e-04	41.2
WP_000845048.1	337	k121_18308_2	N/A	27.778	52	180	0.003	38.9
WP_000845048.1	337	k121_83951_1	N/A	31.304	32	115	0.004	37.7
WP_000845048.1	337	k121_30670_3	N/A	23.684	52	190	0.005	38.1
WP_000845048.1	337	k121_32572_2	N/A	22.603	81	292	0.008	37.4
WP_000845048.1	337	k121_86406_2	N/A	28.022	52	182	0.009	37.4
WP_000845048.1	337	k121_8815_1	N/A	30.508	30	118	0.014	36.6
WP_000845048.1	337	k121_32198_35	N/A	21.519	83	316	0.037	35.4
WP_000845048.1	337	k121_37795_3	N/A	27.230	57	213	0.057	35.0
WP_000845048.1	337	k121_69569_1	N/A	27.891	38	147	0.063	33.9
