SadA_ref|WP_036299419.1|:1-399	399	k121_66589_4	N/A	24.561	52	228	2.88e-04	42.4
SadA_ref|WP_036299419.1|:1-399	399	k121_86430_2	N/A	25.957	51	235	0.014	37.0
SadC_ref|WP_036299413.1|:1-194	194	k121_98073_2	N/A	28.378	76	148	7.48e-09	52.4
SadC_ref|WP_036299413.1|:1-194	194	k121_59393_44	N/A	28.148	68	135	1.77e-06	45.8
SadC_ref|WP_036299413.1|:1-194	194	k121_40332_2	N/A	32.558	44	86	1.28e-05	44.3
SadC_ref|WP_036299413.1|:1-194	194	k121_29650_9	N/A	27.972	71	143	5.90e-05	41.6
SadC_ref|WP_036299413.1|:1-194	194	k121_77479_1	N/A	29.268	62	123	1.22e-04	40.4
SadC_ref|WP_036299413.1|:1-194	194	k121_58278_2	N/A	26.316	68	133	3.92e-04	39.3
SadC_ref|WP_036299413.1|:1-194	194	k121_59818_7	N/A	27.368	46	95	0.023	33.9
WP_000259031.1	279	k121_67953_89	N/A	35.628	88	247	3.36e-39	137
WP_000259031.1	279	k121_36360_2	N/A	34.800	87	250	4.71e-32	118
WP_000259031.1	279	k121_60901_3	N/A	36.364	78	220	2.55e-30	114
WP_000259031.1	279	k121_109044_19	N/A	34.389	79	221	1.02e-28	110
WP_000259031.1	279	k121_50648_4	N/A	33.178	76	214	6.65e-27	105
WP_000259031.1	279	k121_78229_5	N/A	31.923	88	260	1.05e-23	97.4
WP_000259031.1	279	k121_30605_2	N/A	29.537	98	281	9.85e-23	94.7
WP_000259031.1	279	k121_108115_3	N/A	30.112	91	269	1.99e-22	94.4
WP_000259031.1	279	k121_20605_2	N/A	28.315	98	279	2.36e-21	92.0
WP_000259031.1	279	k121_86621_11	N/A	28.723	98	282	2.29e-20	88.2
WP_000259031.1	279	k121_9951_5	N/A	30.258	95	271	2.84e-20	87.8
WP_000259031.1	279	k121_54382_2	N/A	34.677	44	124	5.93e-14	67.8
WP_000259031.1	279	k121_109615_3	N/A	33.766	54	154	1.83e-12	65.1
WP_000259031.1	279	k121_32907_1	N/A	33.043	41	115	1.59e-10	57.4
WP_000259031.1	279	k121_79658_1	N/A	31.073	61	177	8.77e-09	53.9
WP_000259031.1	279	k121_38436_1	N/A	29.358	38	109	8.51e-07	47.4
WP_000259031.1	279	k121_28588_1	N/A	33.871	22	62	3.59e-06	43.5
WP_000259031.1	279	k121_76709_1	N/A	38.710	22	62	2.05e-04	39.7
WP_000259031.1	279	k121_72628_20	N/A	33.673	35	98	0.051	35.0
WP_001043260.1	271	k121_67953_89	N/A	37.548	95	261	1.16e-49	164
WP_001043260.1	271	k121_36360_2	N/A	39.231	95	260	2.92e-46	155
WP_001043260.1	271	k121_109044_19	N/A	40.449	97	267	1.52e-42	146
WP_001043260.1	271	k121_60901_3	N/A	37.828	96	267	2.93e-41	143
WP_001043260.1	271	k121_50648_4	N/A	37.828	96	267	1.46e-39	138
WP_001043260.1	271	k121_78229_5	N/A	34.733	90	262	1.82e-25	102
WP_001043260.1	271	k121_54382_2	N/A	39.735	55	151	2.73e-24	95.1
WP_001043260.1	271	k121_30605_2	N/A	27.941	97	272	5.14e-19	84.3
WP_001043260.1	271	k121_9951_5	N/A	31.599	96	269	1.93e-18	82.8
WP_001043260.1	271	k121_86621_11	N/A	28.159	97	277	6.57e-18	81.3
WP_001043260.1	271	k121_108115_3	N/A	28.740	90	254	6.21e-16	76.3
WP_001043260.1	271	k121_28588_1	N/A	49.206	23	63	2.83e-13	63.2
WP_001043260.1	271	k121_20605_2	N/A	24.906	96	265	9.17e-13	67.0
WP_001043260.1	271	k121_109615_3	N/A	31.250	80	224	3.89e-08	52.4
WP_001043260.1	271	k121_32907_1	N/A	29.167	44	120	1.66e-07	48.9
WP_001043260.1	271	k121_79658_1	N/A	34.314	38	102	3.80e-04	40.4
WP_000034420.1	263	k121_67953_89	N/A	37.736	99	265	4.11e-56	181
WP_000034420.1	263	k121_36360_2	N/A	39.695	98	262	6.87e-56	179
WP_000034420.1	263	k121_109044_19	N/A	34.717	100	265	3.01e-45	152
WP_000034420.1	263	k121_50648_4	N/A	33.955	98	268	5.50e-45	152
WP_000034420.1	263	k121_60901_3	N/A	32.453	98	265	9.46e-40	139
WP_000034420.1	263	k121_78229_5	N/A	31.047	98	277	4.99e-27	105
WP_000034420.1	263	k121_86621_11	N/A	29.771	97	262	2.52e-26	103
WP_000034420.1	263	k121_30605_2	N/A	29.389	97	262	1.91e-25	101
WP_000034420.1	263	k121_54382_2	N/A	39.516	47	124	6.31e-24	94.0
WP_000034420.1	263	k121_9951_5	N/A	29.057	97	265	7.67e-24	97.4
WP_000034420.1	263	k121_20605_2	N/A	29.771	97	262	2.60e-22	94.4
WP_000034420.1	263	k121_108115_3	N/A	29.528	94	254	7.19e-22	92.4
WP_000034420.1	263	k121_109615_3	N/A	31.156	73	199	2.65e-14	69.7
WP_000034420.1	263	k121_28588_1	N/A	43.548	24	62	6.69e-13	62.0
WP_000034420.1	263	k121_79658_1	N/A	28.144	61	167	1.95e-12	63.9
WP_000034420.1	263	k121_32907_1	N/A	33.000	37	100	4.37e-12	61.2
WP_000034420.1	263	k121_38436_1	N/A	32.727	42	110	2.43e-10	57.4
WP_000034420.1	263	k121_76709_1	N/A	37.143	27	70	1.31e-05	42.7
WP_000845048.1	337	k121_87803_2	N/A	51.713	95	321	1.55e-106	314
WP_000845048.1	337	k121_2844_1	N/A	34.524	99	336	1.01e-34	128
WP_000845048.1	337	k121_46508_1	N/A	35.043	69	234	1.13e-33	123
WP_000845048.1	337	k121_2869_2	N/A	29.043	90	303	6.56e-32	122
WP_000845048.1	337	k121_103480_2	N/A	36.199	65	221	2.78e-26	105
WP_000845048.1	337	k121_4766_69	N/A	38.073	63	218	1.76e-25	103
WP_000845048.1	337	k121_31455_9	N/A	30.450	81	289	1.87e-22	95.5
WP_000845048.1	337	k121_1583_9	N/A	30.496	79	282	6.74e-21	91.3
WP_000845048.1	337	k121_41350_1	N/A	30.877	79	285	2.16e-20	89.4
WP_000845048.1	337	k121_55108_1	N/A	28.452	66	239	4.36e-18	81.6
WP_000845048.1	337	k121_60194_3	N/A	29.276	85	304	5.35e-18	82.8
WP_000845048.1	337	k121_88734_1	N/A	32.420	62	219	7.20e-18	80.9
WP_000845048.1	337	k121_80679_22	N/A	27.541	85	305	1.44e-17	81.6
WP_000845048.1	337	k121_45729_1	N/A	31.667	53	180	2.70e-17	77.4
WP_000845048.1	337	k121_111664_2	N/A	29.139	84	302	2.58e-15	75.1
WP_000845048.1	337	k121_30196_2	N/A	27.445	87	317	7.48e-15	73.6
WP_000845048.1	337	k121_108254_2	N/A	29.520	77	271	1.50e-14	72.8
WP_000845048.1	337	k121_96713_5	N/A	30.556	53	180	1.41e-12	67.0
WP_000845048.1	337	k121_88721_2	N/A	30.332	62	211	4.07e-12	66.2
WP_000845048.1	337	k121_92943_1	N/A	32.597	53	181	6.63e-12	64.3
WP_000845048.1	337	k121_103591_1	N/A	27.928	64	222	1.05e-11	64.3
WP_000845048.1	337	k121_38452_43	N/A	30.769	53	182	2.35e-11	63.5
WP_000845048.1	337	k121_88721_1	N/A	29.864	63	221	4.61e-09	57.4
WP_000845048.1	337	k121_100869_1	N/A	29.379	53	177	5.13e-09	57.0
WP_000845048.1	337	k121_18383_1	N/A	25.606	82	289	1.53e-08	55.1
WP_000845048.1	337	k121_73801_1	N/A	25.368	75	272	3.19e-08	54.3
WP_000845048.1	337	k121_100869_3	N/A	25.795	77	283	3.27e-08	54.3
WP_000845048.1	337	k121_44241_1	N/A	27.106	77	273	4.26e-08	53.9
WP_000845048.1	337	k121_101465_2	N/A	29.231	56	195	1.93e-07	52.0
WP_000845048.1	337	k121_107412_8	N/A	26.697	64	221	4.03e-07	50.8
WP_000845048.1	337	k121_62414_2	N/A	24.915	82	293	4.86e-07	50.4
WP_000845048.1	337	k121_107783_2	N/A	24.885	64	217	5.72e-07	50.4
WP_000845048.1	337	k121_110685_2	N/A	28.959	58	221	1.78e-06	48.9
WP_000845048.1	337	k121_22697_1	N/A	29.596	58	223	1.81e-06	48.9
WP_000845048.1	337	k121_32572_9	N/A	24.627	75	268	6.95e-06	47.0
WP_000845048.1	337	k121_32572_8	N/A	25.301	92	332	2.28e-05	45.4
WP_000845048.1	337	k121_46955_2	N/A	28.947	65	228	1.36e-04	43.1
WP_000845048.1	337	k121_2065_11	N/A	25.397	53	189	1.44e-04	43.1
WP_000845048.1	337	k121_103105_5	N/A	30.526	26	95	1.77e-04	42.4
WP_000845048.1	337	k121_47403_1	N/A	33.058	33	121	3.73e-04	41.2
WP_000845048.1	337	k121_100869_2	N/A	27.803	61	223	3.77e-04	41.6
WP_000845048.1	337	k121_15836_3	N/A	26.891	61	238	3.87e-04	41.6
WP_000845048.1	337	k121_47403_2	N/A	28.415	54	183	5.13e-04	41.2
WP_000845048.1	337	k121_18308_2	N/A	27.778	52	180	0.003	38.9
WP_000845048.1	337	k121_83951_1	N/A	31.304	32	115	0.004	37.7
WP_000845048.1	337	k121_30670_3	N/A	23.684	52	190	0.005	38.1
WP_000845048.1	337	k121_32572_2	N/A	22.603	81	292	0.008	37.4
WP_000845048.1	337	k121_86406_2	N/A	28.022	52	182	0.009	37.4
WP_000845048.1	337	k121_8815_1	N/A	30.508	30	118	0.014	36.6
WP_000845048.1	337	k121_32198_35	N/A	21.519	83	316	0.037	35.4
WP_000845048.1	337	k121_37795_3	N/A	27.230	57	213	0.057	35.0
WP_000845048.1	337	k121_69569_1	N/A	27.891	38	147	0.063	33.9
