SadA_ref|WP_036299419.1|:1-399	399	k121_1359977_13	N/A	82.206	100	399	0.0	650
SadA_ref|WP_036299419.1|:1-399	399	k121_1359977_12	N/A	47.368	100	399	4.13e-117	349
SadA_ref|WP_036299419.1|:1-399	399	k121_28570_2	N/A	32.481	97	391	1.60e-60	204
SadA_ref|WP_036299419.1|:1-399	399	k121_286801_1	N/A	31.392	77	309	3.57e-48	170
SadA_ref|WP_036299419.1|:1-399	399	k121_234331_2	N/A	35.586	55	222	3.10e-46	164
SadA_ref|WP_036299419.1|:1-399	399	k121_53346_6	N/A	32.626	92	377	3.56e-44	160
SadA_ref|WP_036299419.1|:1-399	399	k121_237862_1	N/A	27.506	96	389	6.07e-43	157
SadA_ref|WP_036299419.1|:1-399	399	k121_52868_2	N/A	31.014	86	345	1.82e-42	155
SadA_ref|WP_036299419.1|:1-399	399	k121_1470911_1	N/A	30.523	86	344	1.88e-42	156
SadA_ref|WP_036299419.1|:1-399	399	k121_451870_10	N/A	28.022	90	364	5.53e-42	155
SadA_ref|WP_036299419.1|:1-399	399	k121_1071784_2	N/A	29.600	93	375	9.91e-42	154
SadA_ref|WP_036299419.1|:1-399	399	k121_456713_3	N/A	29.086	90	361	2.13e-41	153
SadA_ref|WP_036299419.1|:1-399	399	k121_351138_1	N/A	26.598	97	391	9.29e-41	152
SadA_ref|WP_036299419.1|:1-399	399	k121_1436862_5	N/A	27.882	93	373	1.23e-40	151
SadA_ref|WP_036299419.1|:1-399	399	k121_224266_1	N/A	28.052	96	385	1.73e-39	148
SadA_ref|WP_036299419.1|:1-399	399	k121_1439942_1	N/A	26.536	88	358	2.89e-39	147
SadA_ref|WP_036299419.1|:1-399	399	k121_820751_2	N/A	28.490	87	351	1.41e-38	145
SadA_ref|WP_036299419.1|:1-399	399	k121_220633_9	N/A	26.431	89	367	1.29e-33	132
SadA_ref|WP_036299419.1|:1-399	399	k121_4666_1	N/A	32.889	56	225	7.89e-31	120
SadA_ref|WP_036299419.1|:1-399	399	k121_1158563_2	N/A	24.872	94	390	6.53e-29	119
SadA_ref|WP_036299419.1|:1-399	399	k121_1170496_3	N/A	26.316	90	361	4.82e-28	117
SadA_ref|WP_036299419.1|:1-399	399	k121_1277945_1	N/A	27.128	89	376	1.60e-27	115
SadA_ref|WP_036299419.1|:1-399	399	k121_61825_15	N/A	29.167	95	384	1.92e-27	115
SadA_ref|WP_036299419.1|:1-399	399	k121_31480_2	N/A	32.701	52	211	2.40e-27	112
SadA_ref|WP_036299419.1|:1-399	399	k121_396796_155	N/A	24.935	95	385	5.44e-27	114
SadA_ref|WP_036299419.1|:1-399	399	k121_22465_19	N/A	24.590	92	366	1.63e-26	112
SadA_ref|WP_036299419.1|:1-399	399	k121_792377_2	N/A	29.530	73	298	3.06e-26	110
SadA_ref|WP_036299419.1|:1-399	399	k121_368914_6	N/A	27.225	94	382	5.76e-26	111
SadA_ref|WP_036299419.1|:1-399	399	k121_452124_10	N/A	32.515	41	163	6.25e-25	107
SadA_ref|WP_036299419.1|:1-399	399	k121_527298_4	N/A	27.041	97	392	6.34e-25	108
SadA_ref|WP_036299419.1|:1-399	399	k121_759310_2	N/A	27.320	96	388	4.90e-24	105
SadA_ref|WP_036299419.1|:1-399	399	k121_1402946_2	N/A	23.691	89	363	4.98e-24	105
SadA_ref|WP_036299419.1|:1-399	399	k121_1138316_1	N/A	26.364	82	330	1.31e-23	103
SadA_ref|WP_036299419.1|:1-399	399	k121_974950_20	N/A	26.243	89	362	2.29e-23	103
SadA_ref|WP_036299419.1|:1-399	399	k121_373627_2	N/A	26.750	95	400	8.48e-23	102
SadA_ref|WP_036299419.1|:1-399	399	k121_835999_3	N/A	26.371	94	383	9.46e-23	102
SadA_ref|WP_036299419.1|:1-399	399	k121_227504_2	N/A	27.982	53	218	4.73e-20	91.7
SadA_ref|WP_036299419.1|:1-399	399	k121_1347563_10	N/A	24.745	95	392	6.12e-19	92.4
SadA_ref|WP_036299419.1|:1-399	399	k121_1181973_6	N/A	24.932	88	365	1.89e-18	89.7
SadA_ref|WP_036299419.1|:1-399	399	k121_132000_3	N/A	26.667	83	345	3.55e-18	89.0
SadA_ref|WP_036299419.1|:1-399	399	k121_1325637_3	N/A	25.661	94	378	1.84e-17	86.7
SadA_ref|WP_036299419.1|:1-399	399	k121_275245_3	N/A	25.974	94	385	1.68e-15	80.9
SadA_ref|WP_036299419.1|:1-399	399	k121_1096974_2	N/A	29.245	52	212	7.93e-14	73.2
SadA_ref|WP_036299419.1|:1-399	399	k121_631538_1	N/A	24.123	56	228	1.22e-11	67.4
SadA_ref|WP_036299419.1|:1-399	399	k121_139190_7	N/A	28.112	61	249	3.66e-11	67.8
SadA_ref|WP_036299419.1|:1-399	399	k121_1095818_1	N/A	25.330	87	379	5.47e-09	60.8
SadA_ref|WP_036299419.1|:1-399	399	k121_656736_1	N/A	25.877	56	228	2.09e-07	55.1
SadA_ref|WP_036299419.1|:1-399	399	k121_1109165_3	N/A	23.729	73	295	5.33e-07	54.7
SadA_ref|WP_036299419.1|:1-399	399	k121_1183682_2	N/A	23.175	71	315	3.33e-06	52.4
SadA_ref|WP_036299419.1|:1-399	399	k121_1306888_4	N/A	26.119	33	134	2.49e-05	47.4
SadA_ref|WP_036299419.1|:1-399	399	k121_387947_14	N/A	31.707	21	82	2.53e-05	46.2
SadA_ref|WP_036299419.1|:1-399	399	k121_1190273_1	N/A	26.897	36	145	3.90e-05	47.0
SadA_ref|WP_036299419.1|:1-399	399	k121_53888_1	N/A	21.522	87	381	2.99e-04	46.2
SadA_ref|WP_036299419.1|:1-399	399	k121_423936_15	N/A	25.000	46	196	3.51e-04	46.2
SadA_ref|WP_036299419.1|:1-399	399	k121_702954_39	N/A	22.487	87	378	6.43e-04	45.4
SadA_ref|WP_036299419.1|:1-399	399	k121_437519_4	N/A	32.143	21	84	7.26e-04	42.4
SadA_ref|WP_036299419.1|:1-399	399	k121_282723_2	N/A	21.932	88	383	0.001	44.7
SadA_ref|WP_036299419.1|:1-399	399	k121_1133986_5	N/A	24.561	52	228	0.005	42.4
SadA_ref|WP_036299419.1|:1-399	399	k121_611489_23	N/A	22.362	91	398	0.005	42.4
SadA_ref|WP_036299419.1|:1-399	399	k121_149627_35	N/A	30.952	21	84	0.006	42.4
SadA_ref|WP_036299419.1|:1-399	399	k121_963501_2	N/A	27.184	47	206	0.010	41.6
SadA_ref|WP_036299419.1|:1-399	399	k121_846942_2	N/A	22.167	46	203	0.012	41.2
SadA_ref|WP_036299419.1|:1-399	399	k121_768925_14	N/A	20.576	54	243	0.016	40.8
SadA_ref|WP_036299419.1|:1-399	399	k121_1271066_2	N/A	22.346	85	358	0.021	40.4
SadA_ref|WP_036299419.1|:1-399	399	k121_499723_3	N/A	21.508	85	358	0.032	40.0
SadA_ref|WP_036299419.1|:1-399	399	k121_1295451_3	N/A	24.535	67	269	0.042	39.7
SadA_ref|WP_036299419.1|:1-399	399	k121_846755_1	N/A	22.124	49	226	0.043	39.7
SadA_ref|WP_036299419.1|:1-399	399	k121_370801_1	N/A	20.628	52	223	0.048	39.3
SadA_ref|WP_036299419.1|:1-399	399	k121_377228_2	N/A	21.399	54	243	0.050	39.3
SadA_ref|WP_036299419.1|:1-399	399	k121_633784_2	N/A	28.972	27	107	0.059	37.0
SadA_ref|WP_036299419.1|:1-399	399	k121_977489_1	N/A	21.944	86	360	0.073	38.9
SadB_ref|WP_100812327.1|:1-423	423	k121_1359977_13	N/A	39.633	89	381	1.65e-76	246
SadB_ref|WP_100812327.1|:1-423	423	k121_1359977_12	N/A	31.378	92	392	3.21e-57	196
SadB_ref|WP_100812327.1|:1-423	423	k121_28570_2	N/A	30.809	89	383	1.00e-51	181
SadB_ref|WP_100812327.1|:1-423	423	k121_820751_2	N/A	33.711	82	353	4.47e-49	173
SadB_ref|WP_100812327.1|:1-423	423	k121_351138_1	N/A	27.913	96	412	2.80e-47	170
SadB_ref|WP_100812327.1|:1-423	423	k121_52868_2	N/A	30.623	86	369	4.82e-46	166
SadB_ref|WP_100812327.1|:1-423	423	k121_1071784_2	N/A	29.487	91	390	3.69e-43	158
SadB_ref|WP_100812327.1|:1-423	423	k121_1470911_1	N/A	30.000	82	350	1.53e-42	157
SadB_ref|WP_100812327.1|:1-423	423	k121_1436862_5	N/A	26.913	88	379	9.34e-40	150
SadB_ref|WP_100812327.1|:1-423	423	k121_456713_3	N/A	30.137	85	365	1.37e-39	149
SadB_ref|WP_100812327.1|:1-423	423	k121_53346_6	N/A	28.906	87	384	3.26e-39	148
SadB_ref|WP_100812327.1|:1-423	423	k121_368914_6	N/A	28.173	93	394	1.54e-38	146
SadB_ref|WP_100812327.1|:1-423	423	k121_1439942_1	N/A	26.796	85	362	1.34e-36	140
SadB_ref|WP_100812327.1|:1-423	423	k121_237862_1	N/A	26.371	89	383	7.53e-36	139
SadB_ref|WP_100812327.1|:1-423	423	k121_224266_1	N/A	28.378	87	370	1.16e-34	135
SadB_ref|WP_100812327.1|:1-423	423	k121_286801_1	N/A	27.164	78	335	1.65e-34	134
SadB_ref|WP_100812327.1|:1-423	423	k121_451870_10	N/A	27.095	82	358	2.58e-34	135
SadB_ref|WP_100812327.1|:1-423	423	k121_1158563_2	N/A	27.226	90	393	2.97e-34	134
SadB_ref|WP_100812327.1|:1-423	423	k121_220633_9	N/A	27.763	85	371	1.27e-33	132
SadB_ref|WP_100812327.1|:1-423	423	k121_234331_2	N/A	29.464	51	224	1.01e-30	123
SadB_ref|WP_100812327.1|:1-423	423	k121_61825_15	N/A	26.823	90	384	2.15e-29	121
SadB_ref|WP_100812327.1|:1-423	423	k121_1170496_3	N/A	25.714	89	385	2.89e-29	121
SadB_ref|WP_100812327.1|:1-423	423	k121_759310_2	N/A	28.030	92	396	6.76e-29	119
SadB_ref|WP_100812327.1|:1-423	423	k121_132000_3	N/A	27.525	90	396	1.04e-28	119
SadB_ref|WP_100812327.1|:1-423	423	k121_1402946_2	N/A	27.747	83	364	4.25e-28	117
SadB_ref|WP_100812327.1|:1-423	423	k121_22465_19	N/A	24.147	90	381	8.99e-28	116
SadB_ref|WP_100812327.1|:1-423	423	k121_4666_1	N/A	28.899	51	218	3.38e-27	111
SadB_ref|WP_100812327.1|:1-423	423	k121_1347563_10	N/A	25.954	90	393	3.52e-27	117
SadB_ref|WP_100812327.1|:1-423	423	k121_527298_4	N/A	26.904	91	394	6.54e-26	111
SadB_ref|WP_100812327.1|:1-423	423	k121_835999_3	N/A	25.765	91	392	7.60e-26	110
SadB_ref|WP_100812327.1|:1-423	423	k121_31480_2	N/A	27.953	59	254	3.01e-24	103
SadB_ref|WP_100812327.1|:1-423	423	k121_373627_2	N/A	26.209	90	393	7.24e-23	102
SadB_ref|WP_100812327.1|:1-423	423	k121_792377_2	N/A	27.301	75	326	7.34e-19	89.7
SadB_ref|WP_100812327.1|:1-423	423	k121_139190_7	N/A	29.572	60	257	1.62e-18	90.1
SadB_ref|WP_100812327.1|:1-423	423	k121_452124_10	N/A	29.530	76	149	1.17e-17	86.7
SadB_ref|WP_100812327.1|:1-423	423	k121_452124_10	N/A	23.034	76	178	0.077	38.5
SadB_ref|WP_100812327.1|:1-423	423	k121_1138316_1	N/A	26.647	78	334	1.21e-17	87.0
SadB_ref|WP_100812327.1|:1-423	423	k121_1181973_6	N/A	25.538	86	372	1.41e-17	87.4
SadB_ref|WP_100812327.1|:1-423	423	k121_227504_2	N/A	29.327	47	208	2.22e-17	84.3
SadB_ref|WP_100812327.1|:1-423	423	k121_1277945_1	N/A	23.592	85	373	8.82e-17	85.1
SadB_ref|WP_100812327.1|:1-423	423	k121_396796_155	N/A	24.665	83	373	1.46e-16	84.3
SadB_ref|WP_100812327.1|:1-423	423	k121_808574_1	N/A	25.278	77	360	3.15e-16	83.6
SadB_ref|WP_100812327.1|:1-423	423	k121_974950_20	N/A	27.404	48	208	1.21e-13	75.5
SadB_ref|WP_100812327.1|:1-423	423	k121_656736_1	N/A	26.728	50	217	1.10e-12	70.9
SadB_ref|WP_100812327.1|:1-423	423	k121_1325637_3	N/A	25.714	88	385	4.45e-12	70.5
SadB_ref|WP_100812327.1|:1-423	423	k121_275245_3	N/A	27.168	82	346	1.20e-11	69.3
SadB_ref|WP_100812327.1|:1-423	423	k121_1107083_4	N/A	25.000	80	372	1.22e-10	66.2
SadB_ref|WP_100812327.1|:1-423	423	k121_423936_15	N/A	30.460	39	174	4.13e-10	64.7
SadB_ref|WP_100812327.1|:1-423	423	k121_631538_1	N/A	25.561	52	223	7.96e-10	62.4
SadB_ref|WP_100812327.1|:1-423	423	k121_1095818_1	N/A	23.174	88	397	9.16e-10	63.5
SadB_ref|WP_100812327.1|:1-423	423	k121_611489_23	N/A	24.694	88	409	9.53e-10	63.5
SadB_ref|WP_100812327.1|:1-423	423	k121_1096974_2	N/A	27.982	50	218	1.64e-09	60.8
SadB_ref|WP_100812327.1|:1-423	423	k121_1305095_2	N/A	24.800	80	375	1.83e-08	59.7
SadB_ref|WP_100812327.1|:1-423	423	k121_282723_2	N/A	25.728	86	412	3.26e-08	58.9
SadB_ref|WP_100812327.1|:1-423	423	k121_1306888_4	N/A	28.000	34	150	2.43e-07	53.1
SadB_ref|WP_100812327.1|:1-423	423	k121_702954_39	N/A	23.577	80	369	2.53e-07	56.2
SadB_ref|WP_100812327.1|:1-423	423	k121_1109165_3	N/A	25.481	48	208	2.64e-07	55.8
SadB_ref|WP_100812327.1|:1-423	423	k121_1117367_1	N/A	27.465	33	142	2.83e-07	53.1
SadB_ref|WP_100812327.1|:1-423	423	k121_956664_4	N/A	24.474	80	380	4.16e-07	55.5
SadB_ref|WP_100812327.1|:1-423	423	k121_932289_4	N/A	25.824	80	364	4.19e-07	55.5
SadB_ref|WP_100812327.1|:1-423	423	k121_571800_2	N/A	30.723	36	166	2.82e-06	52.4
SadB_ref|WP_100812327.1|:1-423	423	k121_499723_3	N/A	23.545	79	378	3.80e-06	52.4
SadB_ref|WP_100812327.1|:1-423	423	k121_542274_3	N/A	23.364	91	428	6.80e-06	51.6
SadB_ref|WP_100812327.1|:1-423	423	k121_1183682_2	N/A	25.172	62	290	7.26e-06	51.6
SadB_ref|WP_100812327.1|:1-423	423	k121_57257_3	N/A	21.994	78	341	9.17e-06	51.2
SadB_ref|WP_100812327.1|:1-423	423	k121_834620_3	N/A	34.375	27	128	1.56e-05	50.4
SadB_ref|WP_100812327.1|:1-423	423	k121_149627_35	N/A	27.273	35	165	4.78e-05	48.9
SadB_ref|WP_100812327.1|:1-423	423	k121_846942_2	N/A	24.202	80	376	5.31e-05	48.9
SadB_ref|WP_100812327.1|:1-423	423	k121_884064_2	N/A	23.947	81	380	5.90e-05	48.5
SadB_ref|WP_100812327.1|:1-423	423	k121_567687_2	N/A	32.812	27	128	1.52e-04	47.0
SadB_ref|WP_100812327.1|:1-423	423	k121_1295451_3	N/A	22.872	85	376	1.82e-04	47.0
SadB_ref|WP_100812327.1|:1-423	423	k121_53888_1	N/A	23.757	78	362	3.62e-04	46.2
SadB_ref|WP_100812327.1|:1-423	423	k121_290002_2	N/A	23.894	75	339	4.90e-04	45.8
SadB_ref|WP_100812327.1|:1-423	423	k121_958298_2	N/A	26.974	36	152	0.001	43.9
SadB_ref|WP_100812327.1|:1-423	423	k121_387947_14	N/A	26.966	21	89	0.001	41.6
SadB_ref|WP_100812327.1|:1-423	423	k121_573200_68	N/A	32.847	28	137	0.002	43.5
SadB_ref|WP_100812327.1|:1-423	423	k121_1366788_5	N/A	23.398	80	359	0.003	43.1
SadB_ref|WP_100812327.1|:1-423	423	k121_875972_2	N/A	30.769	25	104	0.005	42.4
SadB_ref|WP_100812327.1|:1-423	423	k121_377228_2	N/A	21.547	77	362	0.005	42.7
SadB_ref|WP_100812327.1|:1-423	423	k121_1240324_2	N/A	22.124	49	226	0.017	40.8
SadB_ref|WP_100812327.1|:1-423	423	k121_768925_14	N/A	22.039	77	363	0.019	40.8
SadB_ref|WP_100812327.1|:1-423	423	k121_1013175_3	N/A	29.197	28	137	0.025	40.4
SadB_ref|WP_100812327.1|:1-423	423	k121_440962_1	N/A	27.976	38	168	0.029	39.3
SadB_ref|WP_100812327.1|:1-423	423	k121_1433686_1	N/A	28.249	39	177	0.030	40.0
SadB_ref|WP_100812327.1|:1-423	423	k121_99778_4	N/A	25.258	42	194	0.039	39.7
SadB_ref|WP_100812327.1|:1-423	423	k121_960158_7	N/A	29.358	24	109	0.040	39.7
SadB_ref|WP_100812327.1|:1-423	423	k121_258216_2	N/A	28.421	21	95	0.074	38.9
SadC_ref|WP_036299413.1|:1-194	194	k121_1359977_11	N/A	52.976	87	168	2.19e-57	182
SadC_ref|WP_036299413.1|:1-194	194	k121_816913_3	N/A	26.667	85	165	2.39e-12	65.1
SadC_ref|WP_036299413.1|:1-194	194	k121_4994_17	N/A	31.496	65	127	1.42e-11	63.2
SadC_ref|WP_036299413.1|:1-194	194	k121_935386_3	N/A	27.972	73	143	1.24e-10	60.8
SadC_ref|WP_036299413.1|:1-194	194	k121_875235_1	N/A	28.655	84	171	1.60e-10	60.1
SadC_ref|WP_036299413.1|:1-194	194	k121_820751_1	N/A	34.161	81	161	6.76e-10	58.9
SadC_ref|WP_036299413.1|:1-194	194	k121_99448_2	N/A	35.052	49	97	2.82e-09	56.2
SadC_ref|WP_036299413.1|:1-194	194	k121_324529_1	N/A	38.710	47	93	2.92e-09	57.0
SadC_ref|WP_036299413.1|:1-194	194	k121_53888_4	N/A	35.165	46	91	4.14e-09	55.8
SadC_ref|WP_036299413.1|:1-194	194	k121_729269_2	N/A	25.625	81	160	4.71e-09	56.2
SadC_ref|WP_036299413.1|:1-194	194	k121_611489_26	N/A	34.043	48	94	1.60e-08	55.1
SadC_ref|WP_036299413.1|:1-194	194	k121_969077_8	N/A	25.874	73	143	1.76e-08	56.6
SadC_ref|WP_036299413.1|:1-194	194	k121_1284919_1	N/A	36.559	47	93	1.82e-08	53.9
SadC_ref|WP_036299413.1|:1-194	194	k121_776232_9	N/A	28.481	81	158	3.72e-08	53.9
SadC_ref|WP_036299413.1|:1-194	194	k121_959727_4	N/A	35.484	47	93	4.56e-08	53.9
SadC_ref|WP_036299413.1|:1-194	194	k121_460258_13	N/A	44.118	35	68	4.63e-08	53.9
SadC_ref|WP_036299413.1|:1-194	194	k121_1142404_4	N/A	28.889	70	135	6.97e-08	53.1
SadC_ref|WP_036299413.1|:1-194	194	k121_1007800_5	N/A	34.615	59	130	7.87e-08	53.5
SadC_ref|WP_036299413.1|:1-194	194	k121_377822_1	N/A	37.931	44	87	1.11e-07	52.4
SadC_ref|WP_036299413.1|:1-194	194	k121_743350_4	N/A	28.378	76	148	1.28e-07	52.4
SadC_ref|WP_036299413.1|:1-194	194	k121_681485_2	N/A	29.524	54	105	2.05e-07	53.5
SadC_ref|WP_036299413.1|:1-194	194	k121_286536_7	N/A	27.778	73	144	2.61e-07	52.0
SadC_ref|WP_036299413.1|:1-194	194	k121_756406_2	N/A	27.848	81	158	3.04e-07	51.6
SadC_ref|WP_036299413.1|:1-194	194	k121_338802_2	N/A	23.418	80	158	5.40e-07	50.8
SadC_ref|WP_036299413.1|:1-194	194	k121_795375_14	N/A	25.806	80	155	6.90e-07	50.8
SadC_ref|WP_036299413.1|:1-194	194	k121_579924_2	N/A	36.364	39	77	7.37e-07	50.1
SadC_ref|WP_036299413.1|:1-194	194	k121_1235945_1	N/A	34.483	44	87	9.42e-07	50.1
SadC_ref|WP_036299413.1|:1-194	194	k121_812838_2	N/A	28.481	80	158	1.19e-06	50.1
SadC_ref|WP_036299413.1|:1-194	194	k121_1579_3	N/A	25.694	73	144	1.44e-06	49.7
SadC_ref|WP_036299413.1|:1-194	194	k121_920937_1	N/A	26.667	54	105	1.82e-06	50.1
SadC_ref|WP_036299413.1|:1-194	194	k121_1140348_2	N/A	34.831	46	89	1.91e-06	49.7
SadC_ref|WP_036299413.1|:1-194	194	k121_590553_1	N/A	26.623	78	154	2.75e-06	48.9
SadC_ref|WP_036299413.1|:1-194	194	k121_1319984_1	N/A	25.146	88	171	3.48e-06	48.9
SadC_ref|WP_036299413.1|:1-194	194	k121_136889_1	N/A	33.708	46	89	4.92e-06	48.5
SadC_ref|WP_036299413.1|:1-194	194	k121_1208681_2	N/A	28.571	54	105	5.39e-06	49.3
SadC_ref|WP_036299413.1|:1-194	194	k121_246753_2	N/A	23.944	73	142	6.08e-06	48.1
SadC_ref|WP_036299413.1|:1-194	194	k121_553382_2	N/A	27.407	68	135	6.57e-06	47.8
SadC_ref|WP_036299413.1|:1-194	194	k121_886366_2	N/A	30.526	48	95	6.76e-06	47.8
SadC_ref|WP_036299413.1|:1-194	194	k121_313085_2	N/A	35.802	40	81	7.32e-06	47.8
SadC_ref|WP_036299413.1|:1-194	194	k121_142704_13	N/A	24.845	82	161	7.70e-06	48.5
SadC_ref|WP_036299413.1|:1-194	194	k121_1441896_3	N/A	30.000	46	90	8.55e-06	48.5
SadC_ref|WP_036299413.1|:1-194	194	k121_441409_1	N/A	27.273	45	88	1.05e-05	45.4
SadC_ref|WP_036299413.1|:1-194	194	k121_1162111_2	N/A	26.812	69	138	1.18e-05	47.0
SadC_ref|WP_036299413.1|:1-194	194	k121_451870_11	N/A	27.536	68	138	1.74e-05	47.8
SadC_ref|WP_036299413.1|:1-194	194	k121_351138_2	N/A	32.479	59	117	2.03e-05	45.4
SadC_ref|WP_036299413.1|:1-194	194	k121_11750_2	N/A	36.364	39	77	2.50e-05	45.8
SadC_ref|WP_036299413.1|:1-194	194	k121_553822_17	N/A	23.926	84	163	2.73e-05	45.8
SadC_ref|WP_036299413.1|:1-194	194	k121_760361_16	N/A	28.148	68	135	3.05e-05	45.8
SadC_ref|WP_036299413.1|:1-194	194	k121_23108_3	N/A	25.294	85	170	3.35e-05	45.8
SadC_ref|WP_036299413.1|:1-194	194	k121_1390021_2	N/A	28.000	50	100	3.41e-05	44.7
SadC_ref|WP_036299413.1|:1-194	194	k121_151197_4	N/A	25.694	72	144	4.25e-05	45.4
SadC_ref|WP_036299413.1|:1-194	194	k121_591608_2	N/A	25.731	83	171	7.71e-05	45.1
SadC_ref|WP_036299413.1|:1-194	194	k121_654782_3	N/A	32.558	44	86	1.09e-04	43.5
SadC_ref|WP_036299413.1|:1-194	194	k121_573200_62	N/A	27.344	65	128	1.18e-04	44.3
SadC_ref|WP_036299413.1|:1-194	194	k121_986443_2	N/A	44.681	24	47	2.13e-04	44.3
SadC_ref|WP_036299413.1|:1-194	194	k121_1332662_27	N/A	32.558	44	86	2.19e-04	44.3
SadC_ref|WP_036299413.1|:1-194	194	k121_775006_6	N/A	24.823	70	141	2.88e-04	43.1
SadC_ref|WP_036299413.1|:1-194	194	k121_950571_23	N/A	35.789	48	95	5.34e-04	42.4
SadC_ref|WP_036299413.1|:1-194	194	k121_54143_1	N/A	35.065	39	77	6.04e-04	42.4
SadC_ref|WP_036299413.1|:1-194	194	k121_172454_2	N/A	28.571	53	112	8.50e-04	40.8
SadC_ref|WP_036299413.1|:1-194	194	k121_1388020_1	N/A	32.258	47	93	0.001	42.7
SadC_ref|WP_036299413.1|:1-194	194	k121_799485_2	N/A	35.065	39	77	0.001	42.0
SadC_ref|WP_036299413.1|:1-194	194	k121_743519_9	N/A	27.972	71	143	0.001	41.6
SadC_ref|WP_036299413.1|:1-194	194	k121_737443_1	N/A	30.435	47	92	0.001	41.6
SadC_ref|WP_036299413.1|:1-194	194	k121_1427855_2	N/A	32.468	39	77	0.001	40.8
SadC_ref|WP_036299413.1|:1-194	194	k121_134189_5	N/A	31.522	47	92	0.001	41.2
SadC_ref|WP_036299413.1|:1-194	194	k121_463951_3	N/A	24.390	82	164	0.002	40.8
SadC_ref|WP_036299413.1|:1-194	194	k121_616819_160	N/A	29.268	62	123	0.002	40.4
SadC_ref|WP_036299413.1|:1-194	194	k121_135742_2	N/A	29.032	47	93	0.002	40.8
SadC_ref|WP_036299413.1|:1-194	194	k121_512504_2	N/A	28.378	74	148	0.003	40.4
SadC_ref|WP_036299413.1|:1-194	194	k121_594717_1	N/A	32.812	33	64	0.005	40.0
SadC_ref|WP_036299413.1|:1-194	194	k121_1293131_20	N/A	26.316	68	133	0.007	39.3
SadC_ref|WP_036299413.1|:1-194	194	k121_306513_27	N/A	34.722	37	72	0.014	38.1
SadC_ref|WP_036299413.1|:1-194	194	k121_1267288_1	N/A	28.571	52	105	0.015	37.4
SadC_ref|WP_036299413.1|:1-194	194	k121_885724_3	N/A	47.170	27	53	0.015	37.0
SadC_ref|WP_036299413.1|:1-194	194	k121_90518_3	N/A	36.000	38	75	0.017	38.5
SadC_ref|WP_036299413.1|:1-194	194	k121_2504_5	N/A	38.095	31	63	0.047	35.0
SadC_ref|WP_036299413.1|:1-194	194	k121_290922_3	N/A	24.615	66	130	0.047	37.0
SadC_ref|WP_036299413.1|:1-194	194	k121_564570_2	N/A	37.705	31	61	0.063	36.6
WP_000259031.1	279	k121_558871_6	N/A	100.000	100	279	0.0	553
WP_000259031.1	279	k121_1080986_1	N/A	48.780	88	246	1.92e-84	256
WP_000259031.1	279	k121_312414_4	N/A	53.516	92	256	1.70e-74	231
WP_000259031.1	279	k121_1292782_1	N/A	43.798	92	258	2.55e-60	195
WP_000259031.1	279	k121_1434125_11	N/A	36.641	94	262	2.79e-40	144
WP_000259031.1	279	k121_946359_2	N/A	38.760	91	258	1.63e-38	139
WP_000259031.1	279	k121_280100_105	N/A	35.628	88	247	5.76e-38	137
WP_000259031.1	279	k121_355798_1	N/A	35.102	88	245	2.40e-37	136
WP_000259031.1	279	k121_1414617_1	N/A	33.469	88	245	6.43e-37	134
WP_000259031.1	279	k121_261522_2	N/A	35.526	78	228	6.14e-35	130
WP_000259031.1	279	k121_213166_2	N/A	37.008	88	254	4.46e-34	129
WP_000259031.1	279	k121_561991_5	N/A	31.837	87	245	2.21e-33	125
WP_000259031.1	279	k121_938483_2	N/A	32.714	95	269	8.19e-33	124
WP_000259031.1	279	k121_341863_37	N/A	35.060	88	251	3.19e-31	120
WP_000259031.1	279	k121_1054615_2	N/A	35.200	88	250	5.64e-31	119
WP_000259031.1	279	k121_875659_12	N/A	33.218	97	289	6.34e-31	120
WP_000259031.1	279	k121_619531_2	N/A	31.884	99	276	1.58e-30	118
WP_000259031.1	279	k121_379611_6	N/A	31.461	96	267	2.58e-30	117
WP_000259031.1	279	k121_245446_3	N/A	30.909	95	275	3.53e-30	120
WP_000259031.1	279	k121_1054839_2	N/A	31.502	96	273	3.78e-29	114
WP_000259031.1	279	k121_645788_8	N/A	30.268	91	261	4.51e-29	114
WP_000259031.1	279	k121_828385_9	N/A	33.333	79	222	2.89e-28	111
WP_000259031.1	279	k121_214094_5	N/A	35.909	78	220	3.51e-28	112
WP_000259031.1	279	k121_1376954_2	N/A	34.884	77	215	3.98e-28	112
WP_000259031.1	279	k121_398942_19	N/A	34.742	76	213	4.94e-28	111
WP_000259031.1	279	k121_1165720_1	N/A	31.599	94	269	5.09e-28	112
WP_000259031.1	279	k121_129919_2	N/A	30.189	94	265	8.77e-28	111
WP_000259031.1	279	k121_15398_141	N/A	30.182	96	275	1.19e-27	111
WP_000259031.1	279	k121_472844_2	N/A	33.945	76	218	1.27e-27	109
WP_000259031.1	279	k121_1054548_6	N/A	34.389	79	221	1.75e-27	110
WP_000259031.1	279	k121_612889_11	N/A	33.708	95	267	2.02e-27	110
WP_000259031.1	279	k121_1362912_4	N/A	31.325	88	249	4.22e-27	109
WP_000259031.1	279	k121_588534_34	N/A	36.653	87	251	4.48e-27	108
WP_000259031.1	279	k121_1333340_8	N/A	31.439	94	264	4.70e-27	109
WP_000259031.1	279	k121_557099_10	N/A	35.023	76	217	4.80e-27	108
WP_000259031.1	279	k121_616926_29	N/A	36.239	76	218	6.15e-27	108
WP_000259031.1	279	k121_1352550_2	N/A	37.200	88	250	6.39e-27	108
WP_000259031.1	279	k121_118980_5	N/A	32.331	93	266	6.44e-27	108
WP_000259031.1	279	k121_1285017_2	N/A	29.344	92	259	8.68e-27	108
WP_000259031.1	279	k121_668853_3	N/A	26.459	91	257	2.70e-26	107
WP_000259031.1	279	k121_1384995_2	N/A	32.319	94	263	2.90e-26	107
WP_000259031.1	279	k121_481013_2	N/A	32.576	93	264	3.31e-26	106
WP_000259031.1	279	k121_652195_2	N/A	31.439	93	264	3.53e-26	108
WP_000259031.1	279	k121_372879_41	N/A	33.462	92	260	3.93e-26	106
WP_000259031.1	279	k121_701607_4	N/A	32.353	95	272	4.53e-26	106
WP_000259031.1	279	k121_1284406_2	N/A	31.034	92	261	5.45e-26	106
WP_000259031.1	279	k121_399907_6	N/A	28.794	91	257	7.05e-26	106
WP_000259031.1	279	k121_217173_1	N/A	34.101	77	217	1.45e-25	104
WP_000259031.1	279	k121_369076_11	N/A	32.422	88	256	2.60e-25	104
WP_000259031.1	279	k121_99198_6	N/A	32.130	97	277	2.68e-25	104
WP_000259031.1	279	k121_880861_5	N/A	31.474	88	251	3.09e-25	104
WP_000259031.1	279	k121_901096_4	N/A	28.216	85	241	3.48e-25	103
WP_000259031.1	279	k121_252835_3	N/A	31.203	93	266	9.38e-25	102
WP_000259031.1	279	k121_1405777_1	N/A	32.661	88	248	1.37e-24	102
WP_000259031.1	279	k121_1432504_1	N/A	31.159	96	276	1.45e-24	102
WP_000259031.1	279	k121_1434927_2	N/A	31.752	95	274	2.11e-24	102
WP_000259031.1	279	k121_867379_3	N/A	28.185	91	259	2.53e-24	102
WP_000259031.1	279	k121_455581_2	N/A	30.142	94	282	3.41e-24	102
WP_000259031.1	279	k121_950129_23	N/A	32.836	93	268	4.92e-24	102
WP_000259031.1	279	k121_831703_3	N/A	32.090	93	268	8.44e-24	101
WP_000259031.1	279	k121_17287_2	N/A	34.649	79	228	8.79e-24	100
WP_000259031.1	279	k121_1333351_2	N/A	33.600	88	250	9.96e-24	100
WP_000259031.1	279	k121_583387_2	N/A	35.780	76	218	1.55e-23	100
WP_000259031.1	279	k121_1274370_2	N/A	32.836	94	268	1.65e-23	100
WP_000259031.1	279	k121_28693_2	N/A	33.036	77	224	2.50e-23	99.8
WP_000259031.1	279	k121_1206614_3	N/A	28.958	91	259	5.61e-23	100
WP_000259031.1	279	k121_945887_2	N/A	28.016	91	257	6.77e-23	97.8
WP_000259031.1	279	k121_1225436_2	N/A	32.579	79	221	6.84e-23	97.8
WP_000259031.1	279	k121_656090_27	N/A	31.502	95	273	8.99e-23	97.8
WP_000259031.1	279	k121_656090_3	N/A	31.502	95	273	8.99e-23	97.8
WP_000259031.1	279	k121_1147130_1	N/A	29.297	91	256	1.32e-22	97.8
WP_000259031.1	279	k121_426093_2	N/A	28.016	91	257	1.40e-22	97.1
WP_000259031.1	279	k121_323630_3	N/A	33.597	88	253	1.72e-22	97.8
WP_000259031.1	279	k121_45603_34	N/A	31.923	88	260	1.80e-22	97.4
WP_000259031.1	279	k121_175133_1	N/A	31.556	80	225	2.31e-22	95.9
WP_000259031.1	279	k121_943799_41	N/A	30.686	97	277	3.09e-22	97.1
WP_000259031.1	279	k121_1435717_2	N/A	36.239	77	218	3.42e-22	95.1
WP_000259031.1	279	k121_226994_2	N/A	33.333	84	246	4.41e-22	95.9
WP_000259031.1	279	k121_278200_3	N/A	34.404	76	218	5.44e-22	95.9
WP_000259031.1	279	k121_64077_2	N/A	28.205	92	273	6.06e-22	95.5
WP_000259031.1	279	k121_222817_3	N/A	30.258	95	271	6.10e-22	95.9
WP_000259031.1	279	k121_1376919_269	N/A	30.279	87	251	1.52e-21	94.4
WP_000259031.1	279	k121_745279_11	N/A	29.537	98	281	1.76e-21	94.4
WP_000259031.1	279	k121_962647_10	N/A	28.968	88	252	2.77e-21	94.0
WP_000259031.1	279	k121_774819_4	N/A	31.136	95	273	3.30e-21	94.4
WP_000259031.1	279	k121_316936_2	N/A	36.318	68	201	4.58e-21	92.0
WP_000259031.1	279	k121_252816_2	N/A	30.451	93	266	5.12e-21	92.8
WP_000259031.1	279	k121_1408134_2	N/A	30.583	74	206	9.18e-21	90.9
WP_000259031.1	279	k121_1112993_1	N/A	30.112	91	269	9.84e-21	93.2
WP_000259031.1	279	k121_777062_12	N/A	31.250	95	272	1.17e-20	92.4
WP_000259031.1	279	k121_182944_2	N/A	30.337	93	267	1.51e-20	92.8
WP_000259031.1	279	k121_1366584_2	N/A	34.862	76	218	1.78e-20	92.4
WP_000259031.1	279	k121_89327_1	N/A	32.584	63	178	4.94e-20	88.6
WP_000259031.1	279	k121_565383_3	N/A	31.343	93	268	5.56e-20	91.3
WP_000259031.1	279	k121_1172441_4	N/A	26.592	94	267	5.65e-20	90.1
WP_000259031.1	279	k121_755754_2	N/A	28.794	87	257	6.73e-20	90.5
WP_000259031.1	279	k121_722810_9	N/A	31.225	88	253	7.61e-20	90.1
WP_000259031.1	279	k121_748471_2	N/A	26.357	91	258	9.16e-20	89.0
WP_000259031.1	279	k121_1152426_3	N/A	28.315	98	279	1.20e-19	92.0
WP_000259031.1	279	k121_685641_3	N/A	28.829	78	222	1.50e-19	89.4
WP_000259031.1	279	k121_219028_2	N/A	27.407	88	270	1.63e-19	89.4
WP_000259031.1	279	k121_90995_2	N/A	25.751	78	233	2.28e-19	88.2
WP_000259031.1	279	k121_768105_5	N/A	31.308	76	214	2.31e-19	89.4
WP_000259031.1	279	k121_87256_5	N/A	28.723	98	282	3.93e-19	88.2
WP_000259031.1	279	k121_956676_18	N/A	27.037	95	270	4.46e-19	88.2
WP_000259031.1	279	k121_308023_2	N/A	30.357	95	280	5.52e-19	87.4
WP_000259031.1	279	k121_1359074_8	N/A	32.432	88	259	7.41e-19	87.4
WP_000259031.1	279	k121_770278_19	N/A	31.923	89	260	9.42e-19	87.0
WP_000259031.1	279	k121_763202_7	N/A	34.348	81	230	9.76e-19	86.7
WP_000259031.1	279	k121_881081_2	N/A	30.909	78	220	2.76e-18	85.5
WP_000259031.1	279	k121_97513_2	N/A	25.620	86	242	3.54e-18	84.7
WP_000259031.1	279	k121_1170732_17	N/A	32.963	87	270	3.91e-18	85.1
WP_000259031.1	279	k121_601850_1	N/A	34.008	88	247	5.53e-18	84.7
WP_000259031.1	279	k121_317109_1	N/A	32.800	44	125	5.74e-18	82.4
WP_000259031.1	279	k121_375957_23	N/A	28.514	87	249	5.97e-18	85.9
WP_000259031.1	279	k121_698929_2	N/A	29.070	90	258	6.15e-18	84.0
WP_000259031.1	279	k121_772519_6	N/A	29.699	94	266	1.23e-17	84.0
WP_000259031.1	279	k121_1158418_2	N/A	32.061	88	262	2.90e-17	83.2
WP_000259031.1	279	k121_1082146_4	N/A	28.514	88	249	3.38e-17	82.8
WP_000259031.1	279	k121_234562_1	N/A	27.941	69	204	1.72e-16	79.7
WP_000259031.1	279	k121_82705_1	N/A	28.467	95	274	3.30e-16	80.9
WP_000259031.1	279	k121_519997_5	N/A	28.626	91	262	4.46e-16	79.3
WP_000259031.1	279	k121_1058742_1	N/A	32.836	94	268	5.53e-16	79.7
WP_000259031.1	279	k121_694544_3	N/A	28.977	62	176	5.67e-16	77.8
WP_000259031.1	279	k121_473795_1	N/A	29.333	53	150	7.49e-16	75.9
WP_000259031.1	279	k121_566198_3	N/A	30.242	87	248	8.55e-16	78.2
WP_000259031.1	279	k121_1113181_29	N/A	31.559	87	263	1.03e-15	78.6
WP_000259031.1	279	k121_484348_6	N/A	33.032	78	221	1.24e-15	78.6
WP_000259031.1	279	k121_1372395_2	N/A	34.706	61	170	1.45e-15	76.3
WP_000259031.1	279	k121_804075_7	N/A	31.466	80	232	1.71e-15	77.4
WP_000259031.1	279	k121_1352350_1	N/A	30.208	69	192	1.87e-15	76.3
WP_000259031.1	279	k121_189068_1	N/A	33.065	44	124	3.32e-15	73.9
WP_000259031.1	279	k121_1315967_6	N/A	30.894	44	123	4.54e-15	74.3
WP_000259031.1	279	k121_64656_2	N/A	31.076	88	251	4.55e-15	77.0
WP_000259031.1	279	k121_302300_1	N/A	27.570	74	214	5.12e-15	75.9
WP_000259031.1	279	k121_624807_2	N/A	29.665	73	209	6.54e-15	76.6
WP_000259031.1	279	k121_584736_8	N/A	26.493	95	268	7.00e-15	76.3
WP_000259031.1	279	k121_888716_9	N/A	36.000	44	125	8.19e-15	73.2
WP_000259031.1	279	k121_934711_1	N/A	33.333	80	228	9.28e-15	75.5
WP_000259031.1	279	k121_1019143_2	N/A	40.566	38	106	1.52e-14	72.0
WP_000259031.1	279	k121_389151_1	N/A	26.609	76	233	1.92e-14	75.1
WP_000259031.1	279	k121_306770_2	N/A	26.697	77	221	2.64e-14	73.9
WP_000259031.1	279	k121_1327105_3	N/A	27.826	78	230	4.55e-14	74.3
WP_000259031.1	279	k121_568388_1	N/A	31.792	61	173	5.87e-14	71.6
WP_000259031.1	279	k121_1320550_3	N/A	30.903	95	288	7.34e-14	73.6
WP_000259031.1	279	k121_231439_32	N/A	28.736	90	261	8.31e-14	72.8
WP_000259031.1	279	k121_1347780_12	N/A	30.292	88	274	8.70e-14	73.6
WP_000259031.1	279	k121_7121_9	N/A	32.227	73	211	1.96e-13	71.6
WP_000259031.1	279	k121_1386936_2	N/A	32.105	63	190	6.02e-13	71.6
WP_000259031.1	279	k121_1085016_3	N/A	29.688	44	128	6.07e-12	65.5
WP_000259031.1	279	k121_1416131_1	N/A	29.834	63	181	3.64e-11	64.3
WP_000259031.1	279	k121_693602_2	N/A	34.259	38	108	9.80e-11	63.2
WP_000259031.1	279	k121_556208_7	N/A	36.975	42	119	2.10e-10	61.6
WP_000259031.1	279	k121_863474_2	N/A	32.381	38	105	4.89e-10	59.3
WP_000259031.1	279	k121_407352_2	N/A	32.520	44	123	5.45e-10	60.1
WP_000259031.1	279	k121_649581_3	N/A	40.580	25	69	2.20e-09	57.0
WP_000259031.1	279	k121_754195_5	N/A	29.091	95	275	1.30e-07	55.8
WP_000259031.1	279	k121_292555_2	N/A	26.168	73	214	1.33e-07	54.7
WP_000259031.1	279	k121_80328_1	N/A	28.448	42	116	7.63e-07	50.8
WP_000259031.1	279	k121_1106062_1	N/A	39.130	25	69	9.34e-07	48.9
WP_000259031.1	279	k121_710926_1	N/A	43.103	21	58	1.96e-05	45.1
WP_000259031.1	279	k121_558002_1	N/A	33.129	55	163	4.85e-05	46.6
WP_000259031.1	279	k121_1406455_1	N/A	28.926	43	121	4.93e-05	46.2
WP_000259031.1	279	k121_128099_3	N/A	30.159	44	126	5.43e-05	46.2
WP_000259031.1	279	k121_208144_1	N/A	31.731	37	104	2.72e-04	42.7
WP_000259031.1	279	k121_1361350_2	N/A	36.620	25	71	0.002	40.4
WP_000259031.1	279	k121_1033819_2	N/A	24.545	39	110	0.006	39.3
WP_000259031.1	279	k121_331843_1	N/A	37.705	21	61	0.014	39.3
WP_000259031.1	279	k121_117537_2	N/A	32.500	29	80	0.026	38.1
WP_000259031.1	279	k121_780310_4	N/A	31.313	34	99	0.030	36.6
WP_000259031.1	279	k121_120326_1	N/A	29.630	38	108	0.047	36.6
WP_000259031.1	279	k121_955522_2	N/A	30.303	24	66	0.077	35.8
WP_001043260.1	271	k121_312414_4	N/A	100.000	100	271	0.0	528
WP_001043260.1	271	k121_1080986_1	N/A	50.769	96	260	4.68e-88	265
WP_001043260.1	271	k121_558871_6	N/A	53.516	94	256	1.80e-83	254
WP_001043260.1	271	k121_1292782_1	N/A	44.828	95	261	8.75e-67	211
WP_001043260.1	271	k121_561991_5	N/A	36.293	95	259	4.17e-49	166
WP_001043260.1	271	k121_280100_105	N/A	37.548	95	261	1.99e-48	164
WP_001043260.1	271	k121_946359_2	N/A	40.840	96	262	2.30e-48	165
WP_001043260.1	271	k121_261522_2	N/A	39.033	95	269	3.14e-47	162
WP_001043260.1	271	k121_1434125_11	N/A	38.077	96	260	3.24e-47	161
WP_001043260.1	271	k121_341863_37	N/A	39.080	95	261	3.08e-45	156
WP_001043260.1	271	k121_355798_1	N/A	36.704	97	267	1.23e-43	152
WP_001043260.1	271	k121_213166_2	N/A	40.873	93	252	3.14e-43	152
WP_001043260.1	271	k121_1147130_1	N/A	36.742	96	264	6.06e-43	151
WP_001043260.1	271	k121_619531_2	N/A	36.260	96	262	1.03e-42	150
WP_001043260.1	271	k121_1054548_6	N/A	40.449	97	267	2.61e-41	146
WP_001043260.1	271	k121_1225436_2	N/A	39.700	97	267	4.59e-41	145
WP_001043260.1	271	k121_1414617_1	N/A	36.653	92	251	1.68e-40	143
WP_001043260.1	271	k121_472844_2	N/A	40.553	79	217	5.39e-40	141
WP_001043260.1	271	k121_1054839_2	N/A	33.333	96	261	1.19e-39	142
WP_001043260.1	271	k121_217173_1	N/A	41.245	93	257	1.29e-39	141
WP_001043260.1	271	k121_214094_5	N/A	37.453	96	267	1.88e-39	142
WP_001043260.1	271	k121_1432504_1	N/A	37.079	95	267	2.74e-39	141
WP_001043260.1	271	k121_455581_2	N/A	33.935	97	277	4.76e-39	140
WP_001043260.1	271	k121_1434927_2	N/A	35.688	96	269	6.87e-39	140
WP_001043260.1	271	k121_379611_6	N/A	35.714	98	266	8.95e-39	139
WP_001043260.1	271	k121_938483_2	N/A	34.457	97	267	9.08e-39	139
WP_001043260.1	271	k121_1284406_2	N/A	33.878	90	245	1.15e-38	139
WP_001043260.1	271	k121_15398_141	N/A	34.733	96	262	7.91e-38	137
WP_001043260.1	271	k121_372879_41	N/A	37.500	91	248	2.45e-37	135
WP_001043260.1	271	k121_880861_5	N/A	35.632	95	261	2.47e-37	136
WP_001043260.1	271	k121_175133_1	N/A	36.735	88	245	3.01e-37	134
WP_001043260.1	271	k121_943799_41	N/A	36.466	97	266	1.11e-36	135
WP_001043260.1	271	k121_701607_4	N/A	38.462	98	273	1.12e-36	134
WP_001043260.1	271	k121_1376954_2	N/A	36.940	96	268	6.52e-36	132
WP_001043260.1	271	k121_616926_29	N/A	39.544	94	263	7.56e-36	132
WP_001043260.1	271	k121_1054615_2	N/A	37.023	91	262	1.20e-35	131
WP_001043260.1	271	k121_369076_11	N/A	34.701	96	268	1.21e-35	131
WP_001043260.1	271	k121_219028_2	N/A	34.495	96	287	2.52e-35	131
WP_001043260.1	271	k121_252816_2	N/A	38.610	93	259	2.64e-35	130
WP_001043260.1	271	k121_118980_5	N/A	35.338	95	266	4.79e-35	129
WP_001043260.1	271	k121_1362912_4	N/A	33.992	92	253	9.63e-35	129
WP_001043260.1	271	k121_828385_9	N/A	34.722	79	216	3.44e-34	126
WP_001043260.1	271	k121_612889_11	N/A	36.260	96	262	4.93e-34	127
WP_001043260.1	271	k121_28693_2	N/A	31.560	97	282	6.05e-34	127
WP_001043260.1	271	k121_1333340_8	N/A	34.962	97	266	8.75e-34	126
WP_001043260.1	271	k121_481013_2	N/A	35.484	90	248	8.88e-34	126
WP_001043260.1	271	k121_278200_3	N/A	34.317	90	271	1.69e-33	126
WP_001043260.1	271	k121_129919_2	N/A	31.321	97	265	1.80e-33	125
WP_001043260.1	271	k121_252835_3	N/A	37.838	93	259	2.39e-33	125
WP_001043260.1	271	k121_685641_3	N/A	28.839	97	267	7.74e-33	124
WP_001043260.1	271	k121_1405777_1	N/A	35.945	79	217	9.24e-33	123
WP_001043260.1	271	k121_226994_2	N/A	38.115	86	244	1.61e-32	123
WP_001043260.1	271	k121_881081_2	N/A	34.340	95	265	1.69e-32	123
WP_001043260.1	271	k121_755754_2	N/A	34.717	95	265	1.85e-32	124
WP_001043260.1	271	k121_557099_10	N/A	37.788	78	217	2.81e-32	122
WP_001043260.1	271	k121_668853_3	N/A	26.792	97	265	5.56e-32	122
WP_001043260.1	271	k121_875659_12	N/A	32.482	97	274	1.41e-31	121
WP_001043260.1	271	k121_722810_9	N/A	33.588	96	262	2.28e-31	120
WP_001043260.1	271	k121_1333351_2	N/A	34.263	92	251	2.38e-31	120
WP_001043260.1	271	k121_64077_2	N/A	29.057	97	265	4.30e-31	119
WP_001043260.1	271	k121_588534_34	N/A	37.751	90	249	5.44e-31	119
WP_001043260.1	271	k121_182944_2	N/A	33.955	96	268	6.27e-31	120
WP_001043260.1	271	k121_1274370_2	N/A	37.692	95	260	6.94e-31	120
WP_001043260.1	271	k121_565383_3	N/A	34.559	97	272	1.35e-30	119
WP_001043260.1	271	k121_770278_19	N/A	36.154	91	260	1.37e-30	118
WP_001043260.1	271	k121_1384995_2	N/A	33.333	95	261	1.71e-30	118
WP_001043260.1	271	k121_1113181_29	N/A	35.907	91	259	2.17e-30	117
WP_001043260.1	271	k121_645788_8	N/A	31.203	96	266	3.72e-30	117
WP_001043260.1	271	k121_323630_3	N/A	39.676	90	247	8.92e-30	117
WP_001043260.1	271	k121_245446_3	N/A	34.483	90	261	1.71e-29	118
WP_001043260.1	271	k121_398942_19	N/A	32.463	97	268	1.71e-29	115
WP_001043260.1	271	k121_1172441_4	N/A	28.244	96	262	2.46e-29	115
WP_001043260.1	271	k121_584736_8	N/A	31.939	96	263	4.06e-29	114
WP_001043260.1	271	k121_962647_10	N/A	30.830	91	253	4.19e-29	114
WP_001043260.1	271	k121_1206614_3	N/A	32.210	95	267	5.25e-29	116
WP_001043260.1	271	k121_1435717_2	N/A	39.286	81	224	1.00e-28	112
WP_001043260.1	271	k121_831703_3	N/A	36.226	96	265	1.22e-28	114
WP_001043260.1	271	k121_1285017_2	N/A	27.481	95	262	6.50e-28	111
WP_001043260.1	271	k121_1165720_1	N/A	31.225	92	253	6.62e-28	111
WP_001043260.1	271	k121_1408134_2	N/A	34.928	77	209	7.74e-28	109
WP_001043260.1	271	k121_583387_2	N/A	37.778	79	225	8.95e-28	111
WP_001043260.1	271	k121_601850_1	N/A	36.122	96	263	9.99e-28	110
WP_001043260.1	271	k121_950129_23	N/A	35.472	96	265	1.95e-27	111
WP_001043260.1	271	k121_652195_2	N/A	29.588	97	267	2.26e-27	111
WP_001043260.1	271	k121_867379_3	N/A	26.400	91	250	7.61e-27	108
WP_001043260.1	271	k121_90995_2	N/A	29.870	80	231	1.21e-26	107
WP_001043260.1	271	k121_945887_2	N/A	27.715	96	267	2.63e-26	106
WP_001043260.1	271	k121_656090_27	N/A	31.679	96	262	4.10e-26	106
WP_001043260.1	271	k121_656090_3	N/A	31.679	96	262	4.10e-26	106
WP_001043260.1	271	k121_768105_5	N/A	33.210	97	271	1.54e-25	105
WP_001043260.1	271	k121_17287_2	N/A	35.316	97	269	3.09e-25	104
WP_001043260.1	271	k121_426093_2	N/A	29.719	91	249	1.00e-24	102
WP_001043260.1	271	k121_99198_6	N/A	31.298	96	262	2.10e-24	102
WP_001043260.1	271	k121_804075_7	N/A	35.685	86	241	2.19e-24	101
WP_001043260.1	271	k121_45603_34	N/A	34.733	90	262	3.12e-24	102
WP_001043260.1	271	k121_1352550_2	N/A	34.146	90	246	4.16e-24	101
WP_001043260.1	271	k121_956676_18	N/A	31.076	90	251	4.24e-24	101
WP_001043260.1	271	k121_189068_1	N/A	42.400	46	125	7.13e-24	97.1
WP_001043260.1	271	k121_1315967_6	N/A	37.984	48	129	1.10e-23	97.1
WP_001043260.1	271	k121_774819_4	N/A	31.818	97	264	1.98e-23	100
WP_001043260.1	271	k121_302300_1	N/A	33.333	71	198	2.79e-23	97.8
WP_001043260.1	271	k121_316936_2	N/A	36.058	70	208	3.48e-23	97.4
WP_001043260.1	271	k121_308023_2	N/A	32.453	95	265	4.56e-23	98.2
WP_001043260.1	271	k121_389151_1	N/A	29.630	90	270	4.94e-23	98.6
WP_001043260.1	271	k121_473795_1	N/A	39.837	45	123	7.97e-23	94.4
WP_001043260.1	271	k121_763202_7	N/A	34.074	97	270	9.89e-23	97.4
WP_001043260.1	271	k121_317109_1	N/A	38.400	46	125	1.24e-22	94.7
WP_001043260.1	271	k121_1170732_17	N/A	33.704	90	270	1.90e-22	96.7
WP_001043260.1	271	k121_1058742_1	N/A	36.641	96	262	2.43e-22	97.1
WP_001043260.1	271	k121_375957_23	N/A	28.016	91	257	3.46e-22	97.8
WP_001043260.1	271	k121_1366584_2	N/A	34.247	79	219	7.69e-22	95.9
WP_001043260.1	271	k121_1019143_2	N/A	45.631	38	103	1.10e-21	90.9
WP_001043260.1	271	k121_399907_6	N/A	26.415	96	265	1.13e-21	94.7
WP_001043260.1	271	k121_222817_3	N/A	30.597	96	268	1.36e-21	94.7
WP_001043260.1	271	k121_1386936_2	N/A	36.788	64	193	1.41e-21	95.9
WP_001043260.1	271	k121_234562_1	N/A	29.897	70	194	2.35e-21	92.8
WP_001043260.1	271	k121_1158418_2	N/A	34.221	90	263	2.61e-21	94.0
WP_001043260.1	271	k121_566198_3	N/A	32.018	82	228	3.39e-21	92.8
WP_001043260.1	271	k121_934711_1	N/A	37.647	93	255	5.66e-21	92.4
WP_001043260.1	271	k121_772519_6	N/A	29.851	96	268	3.54e-19	88.2
WP_001043260.1	271	k121_901096_4	N/A	28.507	78	221	4.23e-19	87.0
WP_001043260.1	271	k121_1320550_3	N/A	30.526	97	285	9.44e-19	87.0
WP_001043260.1	271	k121_649581_3	N/A	52.174	25	69	1.10e-18	82.0
WP_001043260.1	271	k121_231439_32	N/A	30.233	77	215	3.17e-18	84.7
WP_001043260.1	271	k121_863474_2	N/A	40.404	37	99	6.08e-18	80.5
WP_001043260.1	271	k121_484348_6	N/A	32.520	83	246	7.30e-18	84.7
WP_001043260.1	271	k121_694544_3	N/A	31.073	63	177	7.58e-18	82.8
WP_001043260.1	271	k121_745279_11	N/A	27.941	97	272	8.40e-18	84.3
WP_001043260.1	271	k121_748471_2	N/A	27.059	93	255	8.50e-18	83.6
WP_001043260.1	271	k121_519997_5	N/A	30.451	96	266	1.54e-17	83.2
WP_001043260.1	271	k121_624807_2	N/A	32.432	65	185	1.94e-17	83.6
WP_001043260.1	271	k121_693602_2	N/A	45.872	39	109	2.01e-17	81.3
WP_001043260.1	271	k121_1352350_1	N/A	31.122	72	196	4.30e-17	80.5
WP_001043260.1	271	k121_292555_2	N/A	32.353	72	204	1.00e-16	80.1
WP_001043260.1	271	k121_87256_5	N/A	28.159	97	277	1.13e-16	81.3
WP_001043260.1	271	k121_698929_2	N/A	30.286	65	175	1.71e-16	80.1
WP_001043260.1	271	k121_89327_1	N/A	26.667	70	195	3.36e-16	78.2
WP_001043260.1	271	k121_568388_1	N/A	32.973	68	185	3.47e-16	77.8
WP_001043260.1	271	k121_888716_9	N/A	37.302	45	126	1.15e-15	75.5
WP_001043260.1	271	k121_1327105_3	N/A	31.273	97	275	1.46e-15	78.2
WP_001043260.1	271	k121_1372395_2	N/A	32.948	61	173	4.98e-15	74.7
WP_001043260.1	271	k121_97513_2	N/A	24.380	87	242	9.10e-15	75.1
WP_001043260.1	271	k121_1082146_4	N/A	28.417	97	278	9.18e-15	75.9
WP_001043260.1	271	k121_1085016_3	N/A	32.824	46	131	1.07e-14	72.8
WP_001043260.1	271	k121_1112993_1	N/A	28.346	90	254	3.58e-14	74.7
WP_001043260.1	271	k121_407352_2	N/A	37.500	46	128	4.85e-14	71.2
WP_001043260.1	271	k121_306770_2	N/A	27.941	73	204	1.38e-13	71.6
WP_001043260.1	271	k121_777062_12	N/A	28.205	96	273	1.61e-13	72.4
WP_001043260.1	271	k121_82705_1	N/A	28.000	96	275	4.40e-13	71.6
WP_001043260.1	271	k121_1359074_8	N/A	27.839	97	273	6.80e-13	70.5
WP_001043260.1	271	k121_7121_9	N/A	30.460	64	174	1.72e-12	68.9
WP_001043260.1	271	k121_1106062_1	N/A	44.928	25	69	1.10e-11	62.4
WP_001043260.1	271	k121_710926_1	N/A	51.724	21	58	1.21e-11	62.4
WP_001043260.1	271	k121_1376919_269	N/A	27.985	95	268	1.29e-11	66.6
WP_001043260.1	271	k121_1152426_3	N/A	25.498	90	251	3.01e-11	66.6
WP_001043260.1	271	k121_1416131_1	N/A	27.273	65	187	7.39e-11	63.2
WP_001043260.1	271	k121_556208_7	N/A	32.927	58	164	1.91e-10	61.6
WP_001043260.1	271	k121_117537_2	N/A	52.941	25	68	2.37e-10	60.8
WP_001043260.1	271	k121_1033819_2	N/A	29.907	39	107	1.86e-07	52.0
WP_001043260.1	271	k121_80328_1	N/A	30.275	40	109	2.38e-07	52.0
WP_001043260.1	271	k121_128099_3	N/A	29.365	46	126	4.26e-07	52.4
WP_001043260.1	271	k121_1361350_2	N/A	35.294	42	119	6.11e-07	50.8
WP_001043260.1	271	k121_64656_2	N/A	28.571	46	126	1.86e-06	51.6
WP_001043260.1	271	k121_955522_2	N/A	36.364	24	66	3.36e-06	48.1
WP_001043260.1	271	k121_558002_1	N/A	28.902	62	173	1.65e-05	47.8
WP_001043260.1	271	k121_1347780_12	N/A	28.179	96	291	2.49e-05	48.5
WP_001043260.1	271	k121_331843_1	N/A	32.520	45	123	6.60e-04	42.7
WP_001043260.1	271	k121_780310_4	N/A	30.435	34	92	0.002	40.4
WP_001043260.1	271	k121_120326_1	N/A	29.293	37	99	0.002	40.8
WP_001043260.1	271	k121_754195_5	N/A	28.090	96	267	0.068	38.1
WP_001043260.1	271	k121_923298_1	N/A	33.333	24	66	0.075	35.0
WP_001043260.1	271	k121_208144_1	N/A	31.111	33	90	0.076	35.8
WP_001043260.1	271	k121_590981_19	N/A	36.620	26	71	0.080	37.7
WP_000034420.1	263	k121_1080986_1	N/A	60.392	97	255	1.48e-110	322
WP_000034420.1	263	k121_312414_4	N/A	52.124	98	259	2.06e-80	246
WP_000034420.1	263	k121_558871_6	N/A	43.182	100	264	5.00e-78	240
WP_000034420.1	263	k121_1292782_1	N/A	43.182	99	264	7.18e-75	231
WP_000034420.1	263	k121_1434125_11	N/A	41.538	98	260	2.32e-57	187
WP_000034420.1	263	k121_561991_5	N/A	39.464	98	261	6.92e-57	185
WP_000034420.1	263	k121_341863_37	N/A	39.245	99	265	2.91e-55	181
WP_000034420.1	263	k121_280100_105	N/A	37.736	99	265	7.06e-55	181
WP_000034420.1	263	k121_355798_1	N/A	38.224	98	259	5.35e-54	178
WP_000034420.1	263	k121_946359_2	N/A	36.680	98	259	2.85e-50	169
WP_000034420.1	263	k121_1054839_2	N/A	35.741	99	263	1.53e-49	167
WP_000034420.1	263	k121_1333351_2	N/A	38.403	99	263	3.91e-49	166
WP_000034420.1	263	k121_619531_2	N/A	36.782	98	261	4.89e-49	166
WP_000034420.1	263	k121_1284406_2	N/A	34.615	98	260	6.52e-48	163
WP_000034420.1	263	k121_880861_5	N/A	36.981	99	265	1.62e-47	162
WP_000034420.1	263	k121_15398_141	N/A	34.766	97	256	2.87e-47	162
WP_000034420.1	263	k121_213166_2	N/A	37.786	98	262	8.03e-47	162
WP_000034420.1	263	k121_379611_6	N/A	36.398	98	261	4.59e-46	158
WP_000034420.1	263	k121_398942_19	N/A	36.194	98	268	6.04e-46	157
WP_000034420.1	263	k121_481013_2	N/A	37.218	99	266	1.72e-45	156
WP_000034420.1	263	k121_1054615_2	N/A	39.844	95	256	2.25e-45	156
WP_000034420.1	263	k121_1434927_2	N/A	34.201	99	269	3.81e-45	156
WP_000034420.1	263	k121_1414617_1	N/A	37.959	93	245	4.39e-45	155
WP_000034420.1	263	k121_1384995_2	N/A	37.023	99	262	1.13e-44	154
WP_000034420.1	263	k121_1225436_2	N/A	35.094	99	265	1.19e-44	154
WP_000034420.1	263	k121_372879_41	N/A	34.100	99	261	3.20e-44	153
WP_000034420.1	263	k121_217173_1	N/A	35.632	97	261	3.70e-44	152
WP_000034420.1	263	k121_1432504_1	N/A	34.944	99	269	4.84e-44	153
WP_000034420.1	263	k121_261522_2	N/A	35.401	99	274	5.11e-44	153
WP_000034420.1	263	k121_1054548_6	N/A	34.717	100	265	5.16e-44	152
WP_000034420.1	263	k121_455581_2	N/A	33.455	99	275	5.65e-44	153
WP_000034420.1	263	k121_219028_2	N/A	32.632	99	285	1.18e-42	150
WP_000034420.1	263	k121_938483_2	N/A	33.840	98	263	1.36e-42	149
WP_000034420.1	263	k121_1206614_3	N/A	33.333	98	264	2.82e-41	148
WP_000034420.1	263	k121_612889_11	N/A	34.962	99	266	5.94e-41	145
WP_000034420.1	263	k121_28693_2	N/A	32.852	99	277	2.89e-40	144
WP_000034420.1	263	k121_881081_2	N/A	34.351	99	262	2.24e-39	140
WP_000034420.1	263	k121_828385_9	N/A	34.454	90	238	6.14e-39	138
WP_000034420.1	263	k121_369076_11	N/A	34.211	98	266	7.54e-39	139
WP_000034420.1	263	k121_1405777_1	N/A	34.146	93	246	1.46e-38	138
WP_000034420.1	263	k121_214094_5	N/A	32.453	98	265	4.24e-38	138
WP_000034420.1	263	k121_1147130_1	N/A	32.700	99	263	8.74e-38	137
WP_000034420.1	263	k121_701607_4	N/A	32.584	98	267	1.22e-37	136
WP_000034420.1	263	k121_755754_2	N/A	35.741	98	263	2.79e-37	136
WP_000034420.1	263	k121_875659_12	N/A	32.601	99	273	3.20e-37	136
WP_000034420.1	263	k121_472844_2	N/A	33.962	80	212	4.10e-37	133
WP_000034420.1	263	k121_1376954_2	N/A	31.579	98	266	6.93e-37	135
WP_000034420.1	263	k121_245446_3	N/A	31.365	98	271	3.08e-36	135
WP_000034420.1	263	k121_323630_3	N/A	35.857	94	251	4.11e-36	133
WP_000034420.1	263	k121_1274370_2	N/A	32.576	99	264	4.37e-36	133
WP_000034420.1	263	k121_118980_5	N/A	33.712	98	264	7.38e-36	131
WP_000034420.1	263	k121_950129_23	N/A	31.579	99	266	1.59e-35	132
WP_000034420.1	263	k121_656090_27	N/A	33.597	94	253	3.99e-35	130
WP_000034420.1	263	k121_656090_3	N/A	33.597	94	253	3.99e-35	130
WP_000034420.1	263	k121_831703_3	N/A	31.818	99	264	7.60e-35	130
WP_000034420.1	263	k121_768105_5	N/A	29.963	98	267	8.99e-35	130
WP_000034420.1	263	k121_652195_2	N/A	30.534	99	262	1.57e-34	130
WP_000034420.1	263	k121_308023_2	N/A	35.206	98	267	2.40e-34	127
WP_000034420.1	263	k121_685641_3	N/A	32.171	97	258	2.68e-34	128
WP_000034420.1	263	k121_645788_8	N/A	30.682	98	264	3.96e-34	127
WP_000034420.1	263	k121_252835_3	N/A	31.818	97	264	7.89e-34	126
WP_000034420.1	263	k121_375957_23	N/A	32.601	100	273	1.38e-33	128
WP_000034420.1	263	k121_175133_1	N/A	28.750	90	240	2.38e-33	124
WP_000034420.1	263	k121_565383_3	N/A	31.955	99	266	2.64e-33	127
WP_000034420.1	263	k121_1333340_8	N/A	31.518	97	257	3.55e-33	124
WP_000034420.1	263	k121_601850_1	N/A	33.840	98	263	6.91e-33	124
WP_000034420.1	263	k121_722810_9	N/A	33.585	99	265	1.02e-32	124
WP_000034420.1	263	k121_1172441_4	N/A	29.771	98	262	1.35e-32	123
WP_000034420.1	263	k121_1408134_2	N/A	36.634	77	202	1.87e-32	121
WP_000034420.1	263	k121_129919_2	N/A	32.046	97	259	3.67e-32	122
WP_000034420.1	263	k121_588534_34	N/A	34.263	93	251	3.74e-32	121
WP_000034420.1	263	k121_252816_2	N/A	32.319	97	263	4.75e-32	121
WP_000034420.1	263	k121_182944_2	N/A	30.827	99	266	5.56e-32	123
WP_000034420.1	263	k121_1058742_1	N/A	32.830	99	265	1.18e-31	121
WP_000034420.1	263	k121_943799_41	N/A	32.937	94	252	1.66e-31	121
WP_000034420.1	263	k121_64077_2	N/A	33.077	97	260	2.43e-31	120
WP_000034420.1	263	k121_774819_4	N/A	32.950	98	261	2.60e-31	120
WP_000034420.1	263	k121_616926_29	N/A	32.830	98	265	2.97e-31	119
WP_000034420.1	263	k121_956676_18	N/A	32.197	98	264	4.96e-31	119
WP_000034420.1	263	k121_1285017_2	N/A	32.184	97	261	5.09e-31	119
WP_000034420.1	263	k121_99198_6	N/A	32.806	94	253	1.83e-30	118
WP_000034420.1	263	k121_668853_3	N/A	29.924	98	264	1.56e-29	115
WP_000034420.1	263	k121_1362912_4	N/A	30.682	98	264	2.37e-29	115
WP_000034420.1	263	k121_557099_10	N/A	30.350	95	257	5.47e-29	113
WP_000034420.1	263	k121_222817_3	N/A	29.434	97	265	5.48e-29	114
WP_000034420.1	263	k121_278200_3	N/A	29.856	94	278	7.27e-29	113
WP_000034420.1	263	k121_945887_2	N/A	31.559	99	263	7.63e-29	113
WP_000034420.1	263	k121_399907_6	N/A	30.303	99	264	1.56e-28	112
WP_000034420.1	263	k121_1435717_2	N/A	34.632	87	231	1.61e-28	111
WP_000034420.1	263	k121_226994_2	N/A	29.388	90	245	2.10e-28	112
WP_000034420.1	263	k121_1352550_2	N/A	36.571	66	175	2.81e-28	112
WP_000034420.1	263	k121_867379_3	N/A	30.451	98	266	3.15e-28	112
WP_000034420.1	263	k121_1366584_2	N/A	30.325	93	277	3.92e-28	112
WP_000034420.1	263	k121_473795_1	N/A	41.860	49	129	4.83e-28	107
WP_000034420.1	263	k121_763202_7	N/A	32.830	98	265	8.36e-28	110
WP_000034420.1	263	k121_777062_12	N/A	29.961	94	257	1.46e-27	110
WP_000034420.1	263	k121_1165720_1	N/A	30.682	98	264	1.53e-27	110
WP_000034420.1	263	k121_1019143_2	N/A	48.598	41	107	2.90e-27	105
WP_000034420.1	263	k121_316936_2	N/A	34.389	78	221	3.39e-27	107
WP_000034420.1	263	k121_770278_19	N/A	30.403	98	273	4.75e-27	108
WP_000034420.1	263	k121_17287_2	N/A	32.463	99	268	1.05e-26	108
WP_000034420.1	263	k121_962647_10	N/A	28.996	97	269	1.28e-26	107
WP_000034420.1	263	k121_426093_2	N/A	29.924	99	264	2.49e-26	106
WP_000034420.1	263	k121_189068_1	N/A	37.903	47	124	3.09e-26	102
WP_000034420.1	263	k121_1113181_29	N/A	33.716	94	261	3.59e-26	106
WP_000034420.1	263	k121_45603_34	N/A	31.047	98	277	8.57e-26	105
WP_000034420.1	263	k121_772519_6	N/A	29.924	98	264	9.24e-26	105
WP_000034420.1	263	k121_583387_2	N/A	31.797	81	217	1.26e-25	105
WP_000034420.1	263	k121_1376919_269	N/A	29.880	93	251	1.90e-25	104
WP_000034420.1	263	k121_901096_4	N/A	32.911	89	237	2.69e-25	103
WP_000034420.1	263	k121_87256_5	N/A	29.771	97	262	4.33e-25	103
WP_000034420.1	263	k121_389151_1	N/A	32.841	94	271	5.85e-25	103
WP_000034420.1	263	k121_1372395_2	N/A	34.731	63	167	6.07e-25	100
WP_000034420.1	263	k121_1352350_1	N/A	32.308	74	195	6.11e-25	101
WP_000034420.1	263	k121_302300_1	N/A	32.961	67	179	8.88e-25	101
WP_000034420.1	263	k121_745279_11	N/A	29.389	97	262	3.28e-24	101
WP_000034420.1	263	k121_317109_1	N/A	35.172	54	145	4.01e-24	98.2
WP_000034420.1	263	k121_1315967_6	N/A	38.211	47	123	4.35e-24	97.8
WP_000034420.1	263	k121_804075_7	N/A	29.218	90	243	4.79e-24	100
WP_000034420.1	263	k121_1386936_2	N/A	33.333	67	192	7.19e-24	102
WP_000034420.1	263	k121_82705_1	N/A	28.571	94	259	2.75e-23	100
WP_000034420.1	263	k121_694544_3	N/A	32.768	66	177	4.66e-23	96.3
WP_000034420.1	263	k121_97513_2	N/A	29.630	90	243	4.96e-23	97.4
WP_000034420.1	263	k121_698929_2	N/A	33.149	68	181	7.92e-23	97.1
WP_000034420.1	263	k121_693602_2	N/A	44.554	38	101	9.12e-23	95.5
WP_000034420.1	263	k121_234562_1	N/A	31.795	72	195	1.83e-22	95.5
WP_000034420.1	263	k121_568388_1	N/A	31.551	71	187	2.49e-22	94.0
WP_000034420.1	263	k121_1359074_8	N/A	29.771	97	262	2.73e-22	96.3
WP_000034420.1	263	k121_584736_8	N/A	29.545	98	264	1.82e-21	94.0
WP_000034420.1	263	k121_934711_1	N/A	34.127	94	252	9.53e-21	91.7
WP_000034420.1	263	k121_1152426_3	N/A	29.771	97	262	1.21e-20	94.4
WP_000034420.1	263	k121_306770_2	N/A	28.431	75	204	1.22e-20	90.9
WP_000034420.1	263	k121_64656_2	N/A	28.794	94	257	1.49e-20	92.0
WP_000034420.1	263	k121_1082146_4	N/A	30.075	97	266	3.36e-20	90.5
WP_000034420.1	263	k121_1170732_17	N/A	27.758	97	281	3.92e-20	90.1
WP_000034420.1	263	k121_863474_2	N/A	40.000	40	105	4.02e-20	85.9
WP_000034420.1	263	k121_1112993_1	N/A	29.134	94	254	5.80e-20	90.9
WP_000034420.1	263	k121_1158418_2	N/A	29.964	98	277	7.67e-20	89.7
WP_000034420.1	263	k121_90995_2	N/A	28.755	82	233	1.46e-19	88.2
WP_000034420.1	263	k121_624807_2	N/A	27.184	77	206	2.25e-19	88.6
WP_000034420.1	263	k121_484348_6	N/A	30.594	82	219	3.94e-19	87.8
WP_000034420.1	263	k121_231439_32	N/A	30.047	79	213	1.88e-18	85.1
WP_000034420.1	263	k121_1320550_3	N/A	29.242	97	277	1.92e-17	83.2
WP_000034420.1	263	k121_1347780_12	N/A	28.044	94	271	4.15e-17	82.8
WP_000034420.1	263	k121_1085016_3	N/A	33.071	47	127	4.35e-16	76.3
WP_000034420.1	263	k121_754195_5	N/A	28.958	94	259	7.94e-16	79.7
WP_000034420.1	263	k121_1416131_1	N/A	29.834	66	181	1.17e-15	76.3
WP_000034420.1	263	k121_566198_3	N/A	26.809	87	235	2.48e-15	76.6
WP_000034420.1	263	k121_748471_2	N/A	26.718	95	262	2.80e-15	76.6
WP_000034420.1	263	k121_888716_9	N/A	36.800	46	125	4.15e-15	73.6
WP_000034420.1	263	k121_519997_5	N/A	27.749	72	191	4.93e-15	75.9
WP_000034420.1	263	k121_1327105_3	N/A	31.955	97	266	7.07e-15	76.3
WP_000034420.1	263	k121_117537_2	N/A	50.000	32	84	8.16e-15	72.8
WP_000034420.1	263	k121_649581_3	N/A	42.254	27	71	1.40e-14	70.9
WP_000034420.1	263	k121_407352_2	N/A	31.707	46	123	4.63e-14	71.2
WP_000034420.1	263	k121_1106062_1	N/A	46.269	25	67	5.28e-13	65.9
WP_000034420.1	263	k121_292555_2	N/A	28.500	73	200	9.24e-13	68.9
WP_000034420.1	263	k121_89327_1	N/A	30.726	66	179	1.08e-12	68.2
WP_000034420.1	263	k121_1361350_2	N/A	35.398	43	113	3.05e-12	65.1
WP_000034420.1	263	k121_7121_9	N/A	28.409	66	176	8.46e-12	66.6
WP_000034420.1	263	k121_1033819_2	N/A	32.773	45	119	8.70e-11	61.2
WP_000034420.1	263	k121_710926_1	N/A	45.763	22	59	1.78e-09	56.2
WP_000034420.1	263	k121_955522_2	N/A	36.765	26	68	3.44e-09	56.2
WP_000034420.1	263	k121_556208_7	N/A	28.221	60	163	7.43e-09	57.0
WP_000034420.1	263	k121_128099_3	N/A	30.693	38	101	8.93e-09	57.0
WP_000034420.1	263	k121_80328_1	N/A	32.143	43	112	9.64e-09	55.8
WP_000034420.1	263	k121_558002_1	N/A	28.249	64	177	9.58e-08	54.3
WP_000034420.1	263	k121_43545_1	N/A	34.375	24	64	7.02e-07	49.3
WP_000034420.1	263	k121_331843_1	N/A	30.952	48	126	1.23e-06	50.8
WP_000034420.1	263	k121_120326_1	N/A	30.631	42	111	1.44e-04	43.5
WP_000034420.1	263	k121_1094676_2	N/A	44.444	24	63	1.93e-04	42.4
WP_000034420.1	263	k121_208144_1	N/A	30.769	40	104	2.96e-04	42.7
WP_000034420.1	263	k121_1406455_1	N/A	32.967	35	91	0.001	42.0
WP_000034420.1	263	k121_923298_1	N/A	29.851	25	67	0.033	35.8
WP_000034420.1	263	k121_220814_23	N/A	25.203	43	123	0.035	38.1
WP_000845048.1	337	k121_404249_4	N/A	97.665	76	257	0.0	513
WP_000845048.1	337	k121_706977_1	N/A	63.665	96	322	5.39e-146	418
WP_000845048.1	337	k121_836952_1	N/A	63.609	96	327	1.78e-145	417
WP_000845048.1	337	k121_503050_3	N/A	61.976	98	334	5.10e-144	413
WP_000845048.1	337	k121_955504_2	N/A	61.774	97	327	3.71e-143	412
WP_000845048.1	337	k121_1290161_2	N/A	61.631	96	331	7.44e-140	404
WP_000845048.1	337	k121_1317330_1	N/A	70.677	79	266	5.25e-136	390
WP_000845048.1	337	k121_791908_1	N/A	63.518	91	307	9.11e-136	392
WP_000845048.1	337	k121_372173_3	N/A	62.252	88	302	9.39e-134	385
WP_000845048.1	337	k121_1167812_1	N/A	59.574	98	329	1.14e-133	386
WP_000845048.1	337	k121_804501_4	N/A	59.347	100	337	2.62e-131	382
WP_000845048.1	337	k121_1317753_2	N/A	57.895	95	323	1.99e-129	376
WP_000845048.1	337	k121_1347578_2	N/A	58.861	94	316	4.62e-126	367
WP_000845048.1	337	k121_110476_8	N/A	57.099	96	324	3.39e-123	360
WP_000845048.1	337	k121_505335_1	N/A	55.312	95	320	8.64e-118	345
WP_000845048.1	337	k121_535759_9	N/A	55.452	95	321	1.29e-116	344
WP_000845048.1	337	k121_352418_4	N/A	53.750	95	320	1.76e-113	336
WP_000845048.1	337	k121_102704_3	N/A	53.185	93	314	3.44e-113	334
WP_000845048.1	337	k121_975878_1	N/A	60.606	78	264	8.73e-113	331
WP_000845048.1	337	k121_967007_2	N/A	51.899	94	316	1.42e-106	318
WP_000845048.1	337	k121_894561_10	N/A	51.713	95	321	2.67e-105	314
WP_000845048.1	337	k121_371389_1	N/A	49.841	93	315	7.37e-98	295
WP_000845048.1	337	k121_982241_1	N/A	53.684	85	285	8.34e-94	283
WP_000845048.1	337	k121_24455_3	N/A	57.806	69	237	1.27e-93	283
WP_000845048.1	337	k121_1375931_2	N/A	59.821	66	224	1.84e-93	280
WP_000845048.1	337	k121_799440_4	N/A	50.955	93	314	1.58e-92	281
WP_000845048.1	337	k121_375917_2	N/A	47.985	81	273	3.05e-82	253
WP_000845048.1	337	k121_986561_1	N/A	50.182	81	275	2.32e-79	246
WP_000845048.1	337	k121_596770_1	N/A	42.722	93	316	1.01e-78	247
WP_000845048.1	337	k121_91151_1	N/A	59.524	62	210	3.68e-77	238
WP_000845048.1	337	k121_1320214_1	N/A	49.049	78	263	2.75e-76	243
WP_000845048.1	337	k121_216037_2	N/A	58.947	56	190	3.77e-75	232
WP_000845048.1	337	k121_243830_1	N/A	62.011	53	179	2.81e-72	224
WP_000845048.1	337	k121_208436_1	N/A	55.340	61	206	2.84e-69	218
WP_000845048.1	337	k121_577212_1	N/A	39.865	83	296	1.35e-62	204
WP_000845048.1	337	k121_525411_1	N/A	61.842	45	152	3.72e-56	182
WP_000845048.1	337	k121_749984_1	N/A	57.407	47	162	3.39e-54	178
WP_000845048.1	337	k121_326984_1	N/A	58.904	43	146	3.75e-54	178
WP_000845048.1	337	k121_300968_3	N/A	57.143	72	154	1.37e-53	179
WP_000845048.1	337	k121_300968_3	N/A	53.261	72	92	4.89e-23	99.4
WP_000845048.1	337	k121_809533_1	N/A	46.354	57	192	1.92e-52	174
WP_000845048.1	337	k121_1156355_2	N/A	34.568	95	324	2.93e-51	177
WP_000845048.1	337	k121_1051546_2	N/A	48.925	55	186	9.88e-49	168
WP_000845048.1	337	k121_708482_1	N/A	54.967	45	151	1.91e-48	163
WP_000845048.1	337	k121_627194_1	N/A	34.323	90	303	1.26e-46	162
WP_000845048.1	337	k121_584810_1	N/A	41.014	64	217	2.50e-46	163
WP_000845048.1	337	k121_804274_2	N/A	35.350	92	314	2.71e-44	156
WP_000845048.1	337	k121_80701_2	N/A	68.000	30	100	1.63e-43	148
WP_000845048.1	337	k121_996758_1	N/A	31.579	96	323	1.46e-42	152
WP_000845048.1	337	k121_1026973_2	N/A	31.847	92	314	2.86e-42	154
WP_000845048.1	337	k121_929681_1	N/A	53.906	38	128	6.38e-42	146
WP_000845048.1	337	k121_377008_9	N/A	31.348	93	319	2.89e-41	148
WP_000845048.1	337	k121_703500_2	N/A	32.931	98	331	4.03e-41	151
WP_000845048.1	337	k121_1421500_1	N/A	32.399	93	321	5.44e-41	150
WP_000845048.1	337	k121_234786_47	N/A	32.698	93	315	9.97e-41	147
WP_000845048.1	337	k121_1364137_1	N/A	33.443	90	305	2.83e-40	146
WP_000845048.1	337	k121_119496_1	N/A	33.119	91	311	2.83e-39	148
WP_000845048.1	337	k121_1016260_2	N/A	34.740	91	308	5.68e-39	142
WP_000845048.1	337	k121_958330_1	N/A	34.385	93	317	1.03e-38	142
WP_000845048.1	337	k121_43120_1	N/A	34.295	91	312	1.42e-38	141
WP_000845048.1	337	k121_689397_1	N/A	70.968	28	93	1.90e-38	135
WP_000845048.1	337	k121_85352_3	N/A	32.119	89	302	3.88e-38	145
WP_000845048.1	337	k121_922165_1	N/A	31.596	90	307	2.13e-37	144
WP_000845048.1	337	k121_358896_3	N/A	35.030	98	334	1.07e-36	136
WP_000845048.1	337	k121_1343709_1	N/A	34.030	99	335	3.16e-36	135
WP_000845048.1	337	k121_901299_2	N/A	34.328	99	335	1.37e-35	134
WP_000845048.1	337	k121_387720_1	N/A	28.395	96	324	1.56e-35	135
WP_000845048.1	337	k121_427053_1	N/A	30.818	93	318	2.53e-35	135
WP_000845048.1	337	k121_1415725_3	N/A	30.000	97	330	3.74e-35	135
WP_000845048.1	337	k121_922955_23	N/A	29.254	98	335	4.69e-35	135
WP_000845048.1	337	k121_92607_2	N/A	32.831	98	332	1.37e-34	131
WP_000845048.1	337	k121_975475_2	N/A	31.611	97	329	1.49e-34	131
WP_000845048.1	337	k121_105484_2	N/A	33.133	98	332	2.20e-34	130
WP_000845048.1	337	k121_1101729_1	N/A	52.500	34	120	2.58e-34	125
WP_000845048.1	337	k121_145203_9	N/A	32.831	98	332	6.52e-34	129
WP_000845048.1	337	k121_401623_4	N/A	29.688	94	320	1.05e-33	128
WP_000845048.1	337	k121_942099_1	N/A	30.033	90	303	1.34e-33	128
WP_000845048.1	337	k121_1206064_1	N/A	28.615	96	325	1.71e-33	129
WP_000845048.1	337	k121_467171_2	N/A	34.524	99	336	2.28e-33	128
WP_000845048.1	337	k121_735617_1	N/A	33.022	95	321	5.38e-33	126
WP_000845048.1	337	k121_1411291_1	N/A	31.940	99	335	5.71e-33	127
WP_000845048.1	337	k121_225452_3	N/A	33.333	97	327	5.86e-33	127
WP_000845048.1	337	k121_357968_2	N/A	29.882	98	338	7.30e-33	129
WP_000845048.1	337	k121_1056290_3	N/A	30.745	94	322	9.74e-33	126
WP_000845048.1	337	k121_326580_2	N/A	32.827	97	329	1.19e-32	126
WP_000845048.1	337	k121_893163_1	N/A	28.777	82	278	3.10e-32	126
WP_000845048.1	337	k121_310549_1	N/A	27.063	90	303	3.77e-32	125
WP_000845048.1	337	k121_337092_1	N/A	27.632	90	304	4.48e-32	125
WP_000845048.1	337	k121_253347_2	N/A	28.571	89	301	1.41e-31	124
WP_000845048.1	337	k121_1444384_2	N/A	34.764	67	233	1.43e-31	121
WP_000845048.1	337	k121_959411_2	N/A	31.515	97	330	1.57e-31	123
WP_000845048.1	337	k121_205336_2	N/A	44.030	40	134	1.59e-31	120
WP_000845048.1	337	k121_392271_37	N/A	31.804	96	327	1.68e-31	123
WP_000845048.1	337	k121_2875_3	N/A	32.390	93	318	3.24e-31	122
WP_000845048.1	337	k121_1299671_2	N/A	32.082	87	293	5.54e-31	121
WP_000845048.1	337	k121_202234_3	N/A	33.642	95	324	6.68e-31	121
WP_000845048.1	337	k121_1152789_1	N/A	35.974	88	303	9.47e-31	120
WP_000845048.1	337	k121_567354_1	N/A	33.442	89	308	1.13e-30	120
WP_000845048.1	337	k121_403635_5	N/A	29.043	90	303	1.13e-30	122
WP_000845048.1	337	k121_179250_2	N/A	30.612	72	245	1.58e-30	117
WP_000845048.1	337	k121_49181_1	N/A	56.000	29	100	4.40e-30	114
WP_000845048.1	337	k121_11039_2	N/A	27.778	90	306	4.89e-30	119
WP_000845048.1	337	k121_1048736_4	N/A	27.744	95	328	9.49e-30	119
WP_000845048.1	337	k121_1410714_2	N/A	32.733	97	333	1.20e-29	118
WP_000845048.1	337	k121_1186990_1	N/A	28.852	90	305	2.73e-29	118
WP_000845048.1	337	k121_1396226_2	N/A	31.420	97	331	3.47e-29	117
WP_000845048.1	337	k121_21728_2	N/A	29.467	94	319	9.73e-29	117
WP_000845048.1	337	k121_448119_2	N/A	44.538	35	119	1.61e-28	111
WP_000845048.1	337	k121_245776_1	N/A	29.969	96	327	1.76e-28	117
WP_000845048.1	337	k121_41565_1	N/A	29.710	82	276	2.56e-28	113
WP_000845048.1	337	k121_476675_2	N/A	31.229	88	301	2.92e-28	114
WP_000845048.1	337	k121_581683_2	N/A	27.445	93	317	3.74e-28	114
WP_000845048.1	337	k121_1222317_1	N/A	33.657	91	309	5.04e-28	114
WP_000845048.1	337	k121_1338680_4	N/A	29.653	93	317	7.94e-28	115
WP_000845048.1	337	k121_1301677_3	N/A	30.000	85	290	1.37e-27	112
WP_000845048.1	337	k121_1342333_2	N/A	31.761	93	318	2.96e-27	111
WP_000845048.1	337	k121_758883_2	N/A	26.667	97	330	4.80e-27	112
WP_000845048.1	337	k121_737148_2	N/A	49.587	36	121	8.89e-27	105
WP_000845048.1	337	k121_389089_3	N/A	30.035	82	283	1.30e-26	109
WP_000845048.1	337	k121_1330566_11	N/A	36.607	66	224	1.57e-26	108
WP_000845048.1	337	k121_868369_3	N/A	32.333	85	300	2.43e-26	109
WP_000845048.1	337	k121_125974_1	N/A	36.269	47	193	3.54e-26	109
WP_000845048.1	337	k121_525602_1	N/A	31.469	78	286	6.28e-26	108
WP_000845048.1	337	k121_950058_3	N/A	31.579	76	266	6.92e-26	107
WP_000845048.1	337	k121_282322_1	N/A	34.634	61	205	1.94e-25	103
WP_000845048.1	337	k121_676964_1	N/A	26.140	96	329	2.81e-25	106
WP_000845048.1	337	k121_1307030_1	N/A	48.544	28	103	3.06e-25	102
WP_000845048.1	337	k121_575196_3	N/A	28.421	82	285	3.37e-25	105
WP_000845048.1	337	k121_1330511_2	N/A	36.199	65	221	4.78e-25	105
WP_000845048.1	337	k121_1276827_3	N/A	32.581	88	310	5.49e-25	106
WP_000845048.1	337	k121_95104_1	N/A	30.164	85	305	5.69e-25	105
WP_000845048.1	337	k121_910943_2	N/A	26.621	86	293	7.08e-25	106
WP_000845048.1	337	k121_825749_3	N/A	32.738	93	336	7.68e-25	105
WP_000845048.1	337	k121_812694_6	N/A	33.088	77	272	1.02e-24	105
WP_000845048.1	337	k121_139772_2	N/A	29.911	66	224	1.09e-24	102
WP_000845048.1	337	k121_180980_8	N/A	33.086	76	269	1.14e-24	104
WP_000845048.1	337	k121_1038508_2	N/A	31.878	67	229	1.83e-24	103
WP_000845048.1	337	k121_1288134_2	N/A	26.897	85	290	2.51e-24	103
WP_000845048.1	337	k121_637133_10	N/A	38.073	63	218	3.02e-24	103
WP_000845048.1	337	k121_510690_2	N/A	29.032	87	310	5.56e-24	103
WP_000845048.1	337	k121_1151376_2	N/A	30.282	82	284	5.75e-24	102
WP_000845048.1	337	k121_979021_54	N/A	38.073	63	218	5.76e-24	103
WP_000845048.1	337	k121_216521_2	N/A	58.537	23	82	5.97e-24	97.4
WP_000845048.1	337	k121_525434_5	N/A	28.428	84	299	8.30e-24	102
WP_000845048.1	337	k121_97412_3	N/A	26.421	85	299	8.75e-24	102
WP_000845048.1	337	k121_691767_1	N/A	31.707	59	205	1.01e-23	99.8
WP_000845048.1	337	k121_1204255_3	N/A	34.545	64	220	1.33e-23	101
WP_000845048.1	337	k121_186670_21	N/A	34.510	72	255	1.86e-23	101
WP_000845048.1	337	k121_686911_1	N/A	26.821	89	302	2.88e-23	100
WP_000845048.1	337	k121_19385_3	N/A	31.438	85	299	3.70e-23	100
WP_000845048.1	337	k121_46537_2	N/A	34.314	60	204	6.24e-23	98.2
WP_000845048.1	337	k121_701053_6	N/A	36.279	62	215	6.53e-23	100
WP_000845048.1	337	k121_1412501_2	N/A	31.373	74	255	7.05e-23	98.2
WP_000845048.1	337	k121_1453372_2	N/A	34.247	62	219	8.20e-23	100
WP_000845048.1	337	k121_1336106_33	N/A	35.612	78	278	1.43e-22	99.4
WP_000845048.1	337	k121_777077_1	N/A	30.392	85	306	1.78e-22	99.0
WP_000845048.1	337	k121_647916_1	N/A	26.786	80	280	1.89e-22	98.2
WP_000845048.1	337	k121_645427_2	N/A	32.000	78	275	2.12e-22	98.6
WP_000845048.1	337	k121_1431096_1	N/A	32.975	82	279	3.82e-22	100
WP_000845048.1	337	k121_138703_3	N/A	30.000	84	300	8.82e-22	97.1
WP_000845048.1	337	k121_851397_5	N/A	34.112	62	214	8.83e-22	97.1
WP_000845048.1	337	k121_950061_16	N/A	35.455	64	220	1.04e-21	97.1
WP_000845048.1	337	k121_613262_8	N/A	30.450	81	289	3.21e-21	95.5
WP_000845048.1	337	k121_58347_6	N/A	28.391	88	317	3.22e-21	95.5
WP_000845048.1	337	k121_1439956_11	N/A	31.651	63	218	3.66e-21	95.1
WP_000845048.1	337	k121_215646_14	N/A	29.474	81	285	4.38e-21	95.1
WP_000845048.1	337	k121_230895_4	N/A	27.703	83	296	7.28e-21	94.4
WP_000845048.1	337	k121_493487_2	N/A	36.813	54	182	1.57e-20	90.1
WP_000845048.1	337	k121_1385458_10	N/A	27.302	88	315	1.62e-20	93.2
WP_000845048.1	337	k121_232132_6	N/A	62.857	20	70	1.70e-20	87.0
WP_000845048.1	337	k121_502499_4	N/A	31.148	83	305	1.73e-20	93.6
WP_000845048.1	337	k121_642802_2	N/A	27.668	74	253	1.74e-20	91.7
WP_000845048.1	337	k121_1118130_3	N/A	34.081	64	223	1.81e-20	93.6
WP_000845048.1	337	k121_992430_27	N/A	30.556	81	288	1.83e-20	93.2
WP_000845048.1	337	k121_259249_3	N/A	31.687	69	243	2.48e-20	93.2
WP_000845048.1	337	k121_186365_10	N/A	30.159	85	315	3.06e-20	92.8
WP_000845048.1	337	k121_1368284_3	N/A	28.205	86	312	3.48e-20	92.4
WP_000845048.1	337	k121_525680_1	N/A	35.955	53	178	3.59e-20	89.0
WP_000845048.1	337	k121_578464_3	N/A	35.912	53	181	3.79e-20	90.5
WP_000845048.1	337	k121_376112_1	N/A	28.899	63	218	4.20e-20	90.5
WP_000845048.1	337	k121_787981_2	N/A	34.722	62	216	4.24e-20	92.0
WP_000845048.1	337	k121_1429578_16	N/A	31.104	84	299	4.35e-20	92.0
WP_000845048.1	337	k121_873441_1	N/A	31.944	62	216	4.40e-20	91.7
WP_000845048.1	337	k121_558550_15	N/A	29.310	81	290	4.64e-20	91.7
WP_000845048.1	337	k121_1455531_1	N/A	33.945	63	218	4.91e-20	91.3
WP_000845048.1	337	k121_558496_2	N/A	31.803	86	305	5.34e-20	92.4
WP_000845048.1	337	k121_1303422_4	N/A	26.102	83	295	7.17e-20	91.7
WP_000845048.1	337	k121_835942_21	N/A	27.362	85	307	7.35e-20	91.7
WP_000845048.1	337	k121_1062028_231	N/A	33.019	61	212	7.47e-20	91.3
WP_000845048.1	337	k121_191580_1	N/A	28.235	72	255	8.98e-20	91.3
WP_000845048.1	337	k121_469879_2	N/A	28.146	85	302	9.30e-20	91.3
WP_000845048.1	337	k121_1001412_40	N/A	32.056	81	287	9.98e-20	91.3
WP_000845048.1	337	k121_689407_1	N/A	59.701	20	67	1.04e-19	85.5
WP_000845048.1	337	k121_817699_5	N/A	30.496	79	282	1.16e-19	91.3
WP_000845048.1	337	k121_371893_1	N/A	28.509	66	228	1.59e-19	89.0
WP_000845048.1	337	k121_833782_2	N/A	38.043	55	184	1.60e-19	90.5
WP_000845048.1	337	k121_1127619_2	N/A	29.358	62	218	1.65e-19	90.9
WP_000845048.1	337	k121_8237_1	N/A	25.085	83	295	2.48e-19	90.1
WP_000845048.1	337	k121_16145_3	N/A	33.684	56	190	2.72e-19	86.7
WP_000845048.1	337	k121_139300_3	N/A	28.309	78	272	3.02e-19	89.7
WP_000845048.1	337	k121_349945_1	N/A	30.942	64	223	3.35e-19	90.1
WP_000845048.1	337	k121_391923_21	N/A	30.877	79	285	3.72e-19	89.7
WP_000845048.1	337	k121_795346_1	N/A	25.275	80	273	3.99e-19	89.7
WP_000845048.1	337	k121_410536_6	N/A	30.719	85	306	4.06e-19	90.1
WP_000845048.1	337	k121_105902_2	N/A	33.803	61	213	5.04e-19	89.4
WP_000845048.1	337	k121_1159851_11	N/A	28.070	81	285	5.37e-19	89.0
WP_000845048.1	337	k121_440977_21	N/A	34.545	62	220	5.69e-19	89.4
WP_000845048.1	337	k121_599944_1	N/A	33.880	54	183	7.08e-19	85.9
WP_000845048.1	337	k121_1362412_2	N/A	33.175	61	211	7.53e-19	86.3
WP_000845048.1	337	k121_1416808_2	N/A	27.055	83	292	8.91e-19	88.2
WP_000845048.1	337	k121_867018_2	N/A	27.668	72	253	9.19e-19	87.4
WP_000845048.1	337	k121_663256_10	N/A	28.315	80	279	1.37e-18	87.8
WP_000845048.1	337	k121_1289885_3	N/A	31.803	85	305	1.47e-18	88.2
WP_000845048.1	337	k121_14740_3	N/A	28.912	84	294	1.49e-18	87.8
WP_000845048.1	337	k121_1221968_5	N/A	28.736	74	261	1.55e-18	87.8
WP_000845048.1	337	k121_964241_5	N/A	34.529	62	223	2.63e-18	87.4
WP_000845048.1	337	k121_564355_6	N/A	31.818	78	286	2.66e-18	87.4
WP_000845048.1	337	k121_1351499_1	N/A	32.963	78	270	2.98e-18	86.3
WP_000845048.1	337	k121_21717_1	N/A	23.529	90	306	3.08e-18	86.7
WP_000845048.1	337	k121_154733_1	N/A	31.963	64	219	3.85e-18	86.7
WP_000845048.1	337	k121_1045890_4	N/A	30.935	80	278	6.04e-18	86.3
WP_000845048.1	337	k121_468302_1	N/A	30.088	63	226	6.24e-18	85.9
WP_000845048.1	337	k121_1103778_1	N/A	46.809	28	94	7.99e-18	81.3
WP_000845048.1	337	k121_530977_2	N/A	30.627	77	271	8.12e-18	85.1
WP_000845048.1	337	k121_1202133_3	N/A	29.197	78	274	8.79e-18	85.9
WP_000845048.1	337	k121_462592_15	N/A	32.394	61	213	9.67e-18	85.9
WP_000845048.1	337	k121_149167_3	N/A	31.551	54	187	1.02e-17	82.8
WP_000845048.1	337	k121_30361_3	N/A	30.545	78	275	1.19e-17	85.9
WP_000845048.1	337	k121_1124547_11	N/A	28.571	64	224	1.28e-17	85.1
WP_000845048.1	337	k121_25054_3	N/A	30.258	77	271	1.52e-17	85.1
WP_000845048.1	337	k121_1395662_5	N/A	33.333	54	186	1.65e-17	82.0
WP_000845048.1	337	k121_823553_5	N/A	32.683	59	205	1.87e-17	85.1
WP_000845048.1	337	k121_683889_2	N/A	47.436	23	78	2.06e-17	79.0
WP_000845048.1	337	k121_705516_1	N/A	36.257	50	171	2.13e-17	82.4
WP_000845048.1	337	k121_916654_19	N/A	31.308	62	214	2.34e-17	84.3
WP_000845048.1	337	k121_1419127_2	N/A	28.502	59	207	2.73e-17	85.9
WP_000845048.1	337	k121_1235811_2	N/A	28.311	62	219	3.33e-17	82.0
WP_000845048.1	337	k121_1456221_2	N/A	30.435	55	184	3.39e-17	81.6
WP_000845048.1	337	k121_173491_9	N/A	29.904	86	311	3.93e-17	84.0
WP_000845048.1	337	k121_1226652_1	N/A	30.387	53	181	3.97e-17	82.0
WP_000845048.1	337	k121_1345979_9	N/A	25.316	88	316	4.14e-17	83.6
WP_000845048.1	337	k121_427047_1	N/A	25.725	78	276	4.83e-17	83.6
WP_000845048.1	337	k121_1191288_4	N/A	28.144	93	334	5.50e-17	83.6
WP_000845048.1	337	k121_1462517_2	N/A	32.547	61	212	5.92e-17	82.8
WP_000845048.1	337	k121_1219807_1	N/A	35.165	54	182	6.03e-17	80.5
WP_000845048.1	337	k121_1194998_1	N/A	28.155	90	309	6.24e-17	82.8
WP_000845048.1	337	k121_328764_36	N/A	37.430	53	179	6.28e-17	83.6
WP_000845048.1	337	k121_1100369_1	N/A	34.831	53	178	7.46e-17	80.1
WP_000845048.1	337	k121_583935_2	N/A	29.180	85	305	8.20e-17	82.8
WP_000845048.1	337	k121_4079_2	N/A	29.276	85	304	9.18e-17	82.8
WP_000845048.1	337	k121_1293132_3	N/A	30.147	77	272	1.09e-16	82.8
WP_000845048.1	337	k121_1056185_2	N/A	29.304	78	273	1.10e-16	82.8
WP_000845048.1	337	k121_996572_2	N/A	32.407	62	216	1.11e-16	81.3
WP_000845048.1	337	k121_874283_1	N/A	34.615	54	182	1.21e-16	82.8
WP_000845048.1	337	k121_845928_1	N/A	28.750	47	160	1.34e-16	81.6
WP_000845048.1	337	k121_852719_1	N/A	30.579	67	242	1.44e-16	80.9
WP_000845048.1	337	k121_735_16	N/A	33.702	53	181	1.45e-16	79.7
WP_000845048.1	337	k121_258096_5	N/A	24.422	85	303	1.49e-16	82.0
WP_000845048.1	337	k121_279993_2	N/A	30.952	61	210	1.50e-16	82.4
WP_000845048.1	337	k121_391105_2	N/A	28.146	88	302	1.50e-16	81.6
WP_000845048.1	337	k121_1338290_2	N/A	30.516	62	213	1.50e-16	82.0
WP_000845048.1	337	k121_1083122_2	N/A	27.744	93	328	1.72e-16	82.0
WP_000845048.1	337	k121_418162_4	N/A	35.165	54	182	1.72e-16	82.0
WP_000845048.1	337	k121_947976_3	N/A	30.903	81	288	2.43e-16	81.6
WP_000845048.1	337	k121_1038884_22	N/A	27.541	85	305	2.46e-16	81.6
WP_000845048.1	337	k121_74621_1	N/A	30.515	76	272	3.46e-16	81.6
WP_000845048.1	337	k121_411424_2	N/A	51.282	23	78	4.01e-16	77.4
WP_000845048.1	337	k121_905567_3	N/A	30.603	64	232	4.07e-16	80.9
WP_000845048.1	337	k121_1063871_1	N/A	29.299	83	314	4.37e-16	80.9
WP_000845048.1	337	k121_559432_1	N/A	56.716	20	67	6.63e-16	75.1
WP_000845048.1	337	k121_194050_21	N/A	29.617	79	287	7.53e-16	80.1
WP_000845048.1	337	k121_1345257_3	N/A	31.419	81	296	8.77e-16	80.1
WP_000845048.1	337	k121_1137610_2	N/A	26.937	78	271	9.80e-16	79.7
WP_000845048.1	337	k121_619776_2	N/A	26.818	63	220	9.89e-16	79.7
WP_000845048.1	337	k121_553427_25	N/A	32.660	84	297	1.00e-15	80.1
WP_000845048.1	337	k121_1445043_2	N/A	28.912	82	294	1.07e-15	79.7
WP_000845048.1	337	k121_905575_2	N/A	29.412	62	221	1.18e-15	79.7
WP_000845048.1	337	k121_980870_2	N/A	33.778	64	225	1.23e-15	80.1
WP_000845048.1	337	k121_813286_1	N/A	32.370	51	173	1.25e-15	76.3
WP_000845048.1	337	k121_396125_1	N/A	50.685	22	73	1.44e-15	75.5
WP_000845048.1	337	k121_1365053_10	N/A	29.693	81	293	1.66e-15	79.3
WP_000845048.1	337	k121_362846_2	N/A	28.511	67	235	1.80e-15	78.2
WP_000845048.1	337	k121_1012565_4	N/A	27.841	52	176	2.41e-15	78.6
WP_000845048.1	337	k121_947548_28	N/A	29.373	84	303	3.07e-15	78.6
WP_000845048.1	337	k121_1064289_3	N/A	56.061	20	66	3.39e-15	74.3
WP_000845048.1	337	k121_1470217_2	N/A	28.837	62	215	4.58e-15	78.2
WP_000845048.1	337	k121_1126952_5	N/A	31.159	77	276	4.82e-15	78.2
WP_000845048.1	337	k121_1381300_2	N/A	28.571	86	308	5.33e-15	77.8
WP_000845048.1	337	k121_389204_2	N/A	24.367	89	316	5.93e-15	77.8
WP_000845048.1	337	k121_610627_5	N/A	28.990	84	307	8.05e-15	77.4
WP_000845048.1	337	k121_1212541_2	N/A	30.544	65	239	9.38e-15	77.4
WP_000845048.1	337	k121_1321064_1	N/A	27.389	84	314	9.41e-15	77.0
WP_000845048.1	337	k121_645911_11	N/A	28.395	69	243	9.44e-15	77.0
WP_000845048.1	337	k121_685494_3	N/A	25.497	85	302	9.80e-15	77.0
WP_000845048.1	337	k121_1117862_7	N/A	28.044	77	271	9.97e-15	77.0
WP_000845048.1	337	k121_567125_2	N/A	28.495	54	186	1.01e-14	74.7
WP_000845048.1	337	k121_429592_1	N/A	29.461	67	241	1.28e-14	77.0
WP_000845048.1	337	k121_518301_4	N/A	31.718	67	227	1.41e-14	76.6
WP_000845048.1	337	k121_429685_2	N/A	29.091	63	220	1.47e-14	76.6
WP_000845048.1	337	k121_678856_2	N/A	31.295	78	278	1.57e-14	76.6
WP_000845048.1	337	k121_341957_2	N/A	26.667	85	300	1.62e-14	76.3
WP_000845048.1	337	k121_489923_1	N/A	33.333	47	159	2.07e-14	74.7
WP_000845048.1	337	k121_553423_83	N/A	28.000	84	300	2.26e-14	76.6
WP_000845048.1	337	k121_568038_3	N/A	27.473	79	273	2.33e-14	75.1
WP_000845048.1	337	k121_127664_2	N/A	26.821	85	302	2.37e-14	75.5
WP_000845048.1	337	k121_725999_1	N/A	25.338	85	296	2.68e-14	75.1
WP_000845048.1	337	k121_1346116_3	N/A	30.531	63	226	2.74e-14	75.9
WP_000845048.1	337	k121_1318864_3	N/A	29.204	89	339	2.75e-14	76.3
WP_000845048.1	337	k121_788613_1	N/A	35.429	52	175	2.85e-14	72.4
WP_000845048.1	337	k121_355453_2	N/A	24.516	84	310	3.10e-14	75.5
WP_000845048.1	337	k121_1263886_2	N/A	29.699	75	266	3.15e-14	75.1
WP_000845048.1	337	k121_1176778_2	N/A	29.302	62	215	3.41e-14	73.9
WP_000845048.1	337	k121_230293_2	N/A	33.146	53	178	3.45e-14	72.4
WP_000845048.1	337	k121_1442767_5	N/A	26.523	80	279	3.47e-14	75.5
WP_000845048.1	337	k121_952119_3	N/A	29.801	84	302	3.69e-14	75.5
WP_000845048.1	337	k121_84432_1	N/A	32.432	43	148	4.14e-14	72.4
WP_000845048.1	337	k121_509902_10	N/A	29.139	84	302	4.42e-14	75.1
WP_000845048.1	337	k121_729412_4	N/A	28.261	77	276	5.53e-14	75.1
WP_000845048.1	337	k121_750339_1	N/A	34.270	53	178	5.54e-14	72.8
WP_000845048.1	337	k121_453595_2	N/A	31.868	53	182	6.14e-14	72.4
WP_000845048.1	337	k121_381225_14	N/A	27.760	87	317	6.48e-14	74.7
WP_000845048.1	337	k121_1216222_56	N/A	30.000	64	230	7.23e-14	74.7
WP_000845048.1	337	k121_299029_2	N/A	32.057	60	209	8.04e-14	72.4
WP_000845048.1	337	k121_1397399_2	N/A	27.854	62	219	9.45e-14	73.6
WP_000845048.1	337	k121_1207488_6	N/A	28.571	85	308	1.03e-13	74.3
WP_000845048.1	337	k121_1167030_1	N/A	34.682	51	173	1.08e-13	70.9
WP_000845048.1	337	k121_666374_10	N/A	25.591	73	254	1.34e-13	73.6
WP_000845048.1	337	k121_1024446_2	N/A	28.947	63	228	1.60e-13	73.6
WP_000845048.1	337	k121_569393_2	N/A	28.247	85	308	1.61e-13	73.6
WP_000845048.1	337	k121_1002112_1	N/A	31.183	53	186	1.64e-13	71.6
WP_000845048.1	337	k121_289946_3	N/A	24.771	88	327	2.10e-13	73.2
WP_000845048.1	337	k121_874827_4	N/A	29.293	57	198	2.73e-13	70.5
WP_000845048.1	337	k121_67051_2	N/A	22.535	82	284	2.79e-13	72.4
WP_000845048.1	337	k121_1271699_1	N/A	31.892	54	185	2.80e-13	70.9
WP_000845048.1	337	k121_1355799_1	N/A	26.523	80	279	4.59e-13	72.0
WP_000845048.1	337	k121_448695_3	N/A	27.815	84	302	6.78e-13	71.6
WP_000845048.1	337	k121_289916_3	N/A	25.817	85	306	9.44e-13	71.2
WP_000845048.1	337	k121_964206_6	N/A	29.108	58	213	1.02e-12	69.7
WP_000845048.1	337	k121_544051_2	N/A	30.216	75	278	1.02e-12	71.2
WP_000845048.1	337	k121_973146_2	N/A	28.141	58	199	1.14e-12	69.3
WP_000845048.1	337	k121_125691_3	N/A	26.174	84	298	1.35e-12	70.9
WP_000845048.1	337	k121_635752_5	N/A	29.126	86	309	1.46e-12	70.9
WP_000845048.1	337	k121_774141_17	N/A	30.332	60	211	1.64e-12	70.9
WP_000845048.1	337	k121_64083_3	N/A	47.945	22	73	1.64e-12	67.0
WP_000845048.1	337	k121_806877_3	N/A	23.973	84	292	2.36e-12	70.1
WP_000845048.1	337	k121_1061689_1	N/A	32.420	63	219	2.50e-12	70.1
WP_000845048.1	337	k121_423124_1	N/A	29.911	62	224	2.72e-12	69.7
WP_000845048.1	337	k121_1000923_2	N/A	27.108	89	332	2.84e-12	70.1
WP_000845048.1	337	k121_866150_2	N/A	50.685	21	73	3.09e-12	66.2
WP_000845048.1	337	k121_583798_7	N/A	29.151	76	271	3.68e-12	69.3
WP_000845048.1	337	k121_624656_3	N/A	33.149	52	181	3.92e-12	69.7
WP_000845048.1	337	k121_509778_1	N/A	29.126	85	309	4.08e-12	69.7
WP_000845048.1	337	k121_1295497_31	N/A	28.169	61	213	4.59e-12	69.3
WP_000845048.1	337	k121_295059_1	N/A	24.211	56	190	4.75e-12	68.9
WP_000845048.1	337	k121_356784_5	N/A	31.193	63	218	5.79e-12	68.9
WP_000845048.1	337	k121_940773_5	N/A	34.228	44	149	8.25e-12	65.1
WP_000845048.1	337	k121_303930_2	N/A	28.102	76	274	8.36e-12	68.9
WP_000845048.1	337	k121_270891_1	N/A	27.885	86	312	9.11e-12	68.6
WP_000845048.1	337	k121_1272277_3	N/A	25.275	78	273	9.14e-12	68.2
WP_000845048.1	337	k121_815991_3	N/A	29.961	72	257	9.25e-12	68.6
WP_000845048.1	337	k121_1288178_23	N/A	25.000	77	268	1.04e-11	67.8
WP_000845048.1	337	k121_517839_1	N/A	32.584	53	178	1.19e-11	67.8
WP_000845048.1	337	k121_1231037_6	N/A	32.127	62	221	1.23e-11	68.2
WP_000845048.1	337	k121_562252_1	N/A	28.467	77	274	1.34e-11	67.8
WP_000845048.1	337	k121_537434_1	N/A	27.778	61	216	1.34e-11	66.2
WP_000845048.1	337	k121_1348859_3	N/A	27.014	61	211	1.38e-11	67.8
WP_000845048.1	337	k121_1294175_45	N/A	29.630	66	243	1.43e-11	68.6
WP_000845048.1	337	k121_833553_1	N/A	30.570	55	193	1.47e-11	65.9
WP_000845048.1	337	k121_396304_3	N/A	33.898	53	177	1.50e-11	67.8
WP_000845048.1	337	k121_200018_2	N/A	30.317	62	221	1.59e-11	68.2
WP_000845048.1	337	k121_73240_1	N/A	46.970	20	66	1.68e-11	63.9
WP_000845048.1	337	k121_113109_3	N/A	27.306	77	271	1.70e-11	67.8
WP_000845048.1	337	k121_913745_15	N/A	33.898	53	177	1.79e-11	67.4
WP_000845048.1	337	k121_647675_3	N/A	41.772	21	79	2.22e-11	64.3
WP_000845048.1	337	k121_848687_3	N/A	26.946	93	334	2.22e-11	67.4
WP_000845048.1	337	k121_598244_2	N/A	30.556	53	180	2.25e-11	67.0
WP_000845048.1	337	k121_130537_1	N/A	27.832	85	309	2.57e-11	67.4
WP_000845048.1	337	k121_1355303_1	N/A	31.188	55	202	2.71e-11	67.4
WP_000845048.1	337	k121_904436_2	N/A	33.333	53	177	2.83e-11	67.0
WP_000845048.1	337	k121_1116754_9	N/A	27.698	76	278	3.27e-11	66.6
WP_000845048.1	337	k121_263501_2	N/A	34.568	48	162	3.54e-11	63.2
WP_000845048.1	337	k121_1088084_1	N/A	24.164	75	269	3.73e-11	66.2
WP_000845048.1	337	k121_569350_1	N/A	29.268	61	205	3.92e-11	66.6
WP_000845048.1	337	k121_626124_1	N/A	48.529	20	68	4.10e-11	63.5
WP_000845048.1	337	k121_458429_2	N/A	31.111	53	180	4.28e-11	66.2
WP_000845048.1	337	k121_591163_1	N/A	31.638	53	177	4.39e-11	63.9
WP_000845048.1	337	k121_994984_6	N/A	30.332	62	211	4.49e-11	66.6
WP_000845048.1	337	k121_861112_1	N/A	32.161	57	199	4.89e-11	65.9
WP_000845048.1	337	k121_410532_9	N/A	27.019	91	359	5.30e-11	66.2
WP_000845048.1	337	k121_905272_1	N/A	26.923	73	260	6.10e-11	65.5
WP_000845048.1	337	k121_392659_5	N/A	28.114	77	281	6.55e-11	66.2
WP_000845048.1	337	k121_1314666_3	N/A	29.139	83	302	6.63e-11	66.2
WP_000845048.1	337	k121_180919_1	N/A	28.947	64	228	7.07e-11	64.3
WP_000845048.1	337	k121_1447171_2	N/A	30.216	76	278	7.17e-11	65.9
WP_000845048.1	337	k121_369189_3	N/A	26.383	63	235	7.25e-11	65.9
WP_000845048.1	337	k121_4195_13	N/A	33.180	62	217	8.91e-11	65.5
WP_000845048.1	337	k121_947367_1	N/A	26.214	84	309	9.22e-11	65.9
WP_000845048.1	337	k121_56469_1	N/A	31.188	59	202	1.31e-10	63.2
WP_000845048.1	337	k121_17521_3	N/A	30.460	52	174	1.32e-10	65.1
WP_000845048.1	337	k121_565034_5	N/A	32.418	54	182	1.34e-10	65.1
WP_000845048.1	337	k121_810394_5	N/A	44.928	20	69	1.41e-10	65.1
WP_000845048.1	337	k121_222962_1	N/A	27.723	84	303	1.44e-10	65.1
WP_000845048.1	337	k121_24951_42	N/A	27.458	81	295	1.95e-10	64.7
WP_000845048.1	337	k121_1443475_2	N/A	26.974	83	304	1.99e-10	65.1
WP_000845048.1	337	k121_222962_3	N/A	27.972	81	286	2.29e-10	64.7
WP_000845048.1	337	k121_1319956_2	N/A	28.571	83	301	2.34e-10	64.3
WP_000845048.1	337	k121_1395853_2	N/A	25.541	61	231	2.37e-10	64.7
WP_000845048.1	337	k121_362713_2	N/A	25.430	82	291	2.67e-10	64.7
WP_000845048.1	337	k121_688850_3	N/A	31.250	47	160	2.81e-10	63.2
WP_000845048.1	337	k121_952853_1	N/A	36.041	56	197	2.94e-10	63.5
WP_000845048.1	337	k121_559511_2	N/A	27.190	90	331	3.15e-10	63.9
WP_000845048.1	337	k121_327432_3	N/A	33.155	53	187	3.20e-10	63.9
WP_000845048.1	337	k121_73357_6	N/A	26.115	88	314	3.30e-10	63.5
WP_000845048.1	337	k121_88927_1	N/A	26.144	82	306	3.39e-10	63.2
WP_000845048.1	337	k121_1338676_3	N/A	28.727	77	275	3.41e-10	63.9
WP_000845048.1	337	k121_1191331_6	N/A	28.655	51	171	3.55e-10	61.2
WP_000845048.1	337	k121_1374691_7	N/A	26.117	84	291	3.70e-10	63.5
WP_000845048.1	337	k121_569363_1	N/A	25.342	84	292	3.97e-10	63.2
WP_000845048.1	337	k121_1237419_6	N/A	30.769	53	182	4.04e-10	63.5
WP_000845048.1	337	k121_491010_3	N/A	28.980	66	245	4.28e-10	63.9
WP_000845048.1	337	k121_1139078_6	N/A	30.702	62	228	4.53e-10	63.5
WP_000845048.1	337	k121_938456_3	N/A	27.653	86	311	4.89e-10	63.5
WP_000845048.1	337	k121_973676_45	N/A	29.384	62	211	5.57e-10	63.5
WP_000845048.1	337	k121_1066920_7	N/A	24.691	90	324	5.74e-10	63.2
WP_000845048.1	337	k121_187733_3	N/A	28.053	84	303	6.10e-10	63.2
WP_000845048.1	337	k121_143368_3	N/A	30.000	59	200	7.51e-10	63.2
WP_000845048.1	337	k121_1275_1	N/A	31.126	45	151	9.10e-10	59.7
WP_000845048.1	337	k121_871939_2	N/A	31.387	40	137	1.03e-09	61.6
WP_000845048.1	337	k121_848687_1	N/A	25.566	85	309	1.26e-09	62.4
WP_000845048.1	337	k121_1132574_12	N/A	38.554	22	83	0.006	41.6
WP_000845048.1	337	k121_267938_2	N/A	27.027	64	222	1.37e-09	61.6
WP_000845048.1	337	k121_437862_1	N/A	27.778	76	270	1.54e-09	62.0
WP_000845048.1	337	k121_1071025_2	N/A	29.333	66	225	1.80e-09	62.0
WP_000845048.1	337	k121_1464965_1	N/A	29.717	62	212	1.83e-09	62.0
WP_000845048.1	337	k121_1211840_1	N/A	27.700	60	213	1.84e-09	60.8
WP_000845048.1	337	k121_1020042_1	N/A	28.415	50	183	2.01e-09	60.8
WP_000845048.1	337	k121_1110967_122	N/A	27.817	82	284	2.20e-09	61.2
WP_000845048.1	337	k121_1368793_1	N/A	28.649	55	185	2.47e-09	61.6
WP_000845048.1	337	k121_176567_2	N/A	24.595	85	309	2.50e-09	61.2
WP_000845048.1	337	k121_574835_5	N/A	27.511	62	229	2.65e-09	61.2
WP_000845048.1	337	k121_213528_1	N/A	29.189	55	185	2.96e-09	60.5
WP_000845048.1	337	k121_790602_2	N/A	29.213	52	178	3.03e-09	60.8
WP_000845048.1	337	k121_833304_2	N/A	23.333	61	210	3.16e-09	60.1
WP_000845048.1	337	k121_1422505_4	N/A	39.394	26	99	3.41e-09	61.2
WP_000845048.1	337	k121_1346877_2	N/A	19.108	93	314	3.68e-09	61.2
WP_000845048.1	337	k121_120500_1	N/A	27.615	64	239	4.13e-09	60.8
WP_000845048.1	337	k121_697963_8	N/A	29.651	51	172	4.83e-09	60.5
WP_000845048.1	337	k121_1321638_16	N/A	31.481	61	216	6.00e-09	60.5
WP_000845048.1	337	k121_164475_2	N/A	25.240	87	313	6.92e-09	60.1
WP_000845048.1	337	k121_1337261_2	N/A	25.444	92	338	7.25e-09	59.7
WP_000845048.1	337	k121_317352_1	N/A	33.143	51	175	7.43e-09	57.4
WP_000845048.1	337	k121_1050665_2	N/A	27.687	85	307	7.59e-09	59.7
WP_000845048.1	337	k121_739510_6	N/A	27.148	82	291	8.61e-09	60.1
WP_000845048.1	337	k121_578352_4	N/A	26.852	58	216	8.71e-09	60.1
WP_000845048.1	337	k121_1123140_17	N/A	24.211	55	190	8.81e-09	58.2
WP_000845048.1	337	k121_1140794_3	N/A	27.372	74	274	8.97e-09	59.3
WP_000845048.1	337	k121_597587_3	N/A	26.621	81	293	9.04e-09	59.7
WP_000845048.1	337	k121_574793_5	N/A	27.111	62	225	9.28e-09	59.7
WP_000845048.1	337	k121_1324644_2	N/A	28.700	61	223	9.69e-09	59.3
WP_000845048.1	337	k121_776791_2	N/A	27.753	64	227	9.73e-09	59.7
WP_000845048.1	337	k121_793123_4	N/A	33.645	31	107	1.00e-08	57.0
WP_000845048.1	337	k121_615681_1	N/A	26.230	85	305	1.04e-08	59.3
WP_000845048.1	337	k121_1154556_30	N/A	29.213	52	178	1.07e-08	59.7
WP_000845048.1	337	k121_35483_62	N/A	30.899	53	178	1.10e-08	59.3
WP_000845048.1	337	k121_415947_1	N/A	29.189	55	185	1.16e-08	58.9
