SadA_ref|WP_036299419.1|:1-399	399	k121_838558_35	N/A	82.206	100	399	0.0	650
SadA_ref|WP_036299419.1|:1-399	399	k121_838558_34	N/A	47.368	100	399	5.25e-117	349
SadA_ref|WP_036299419.1|:1-399	399	k121_568288_10	N/A	32.481	97	391	2.03e-60	204
SadA_ref|WP_036299419.1|:1-399	399	k121_106741_3	N/A	31.054	87	351	1.09e-44	163
SadA_ref|WP_036299419.1|:1-399	399	k121_252182_45	N/A	32.626	92	377	4.58e-44	160
SadA_ref|WP_036299419.1|:1-399	399	k121_1401956_2	N/A	27.525	98	396	4.41e-43	158
SadA_ref|WP_036299419.1|:1-399	399	k121_1538123_6	N/A	31.267	93	371	1.68e-42	156
SadA_ref|WP_036299419.1|:1-399	399	k121_813935_2	N/A	29.444	90	360	3.14e-42	155
SadA_ref|WP_036299419.1|:1-399	399	k121_668690_10	N/A	28.022	90	364	7.04e-42	155
SadA_ref|WP_036299419.1|:1-399	399	k121_561737_10	N/A	27.882	93	373	1.56e-40	151
SadA_ref|WP_036299419.1|:1-399	399	k121_1744691_7	N/A	26.010	98	396	2.89e-40	150
SadA_ref|WP_036299419.1|:1-399	399	k121_322455_22	N/A	28.756	96	386	1.17e-39	149
SadA_ref|WP_036299419.1|:1-399	399	k121_1706655_2	N/A	29.607	83	331	1.70e-39	147
SadA_ref|WP_036299419.1|:1-399	399	k121_260607_2	N/A	32.850	52	207	4.57e-37	137
SadA_ref|WP_036299419.1|:1-399	399	k121_1745189_2	N/A	32.443	65	262	1.60e-35	138
SadA_ref|WP_036299419.1|:1-399	399	k121_1620756_101	N/A	26.230	89	366	1.78e-33	132
SadA_ref|WP_036299419.1|:1-399	399	k121_649852_2	N/A	29.620	91	368	3.11e-33	131
SadA_ref|WP_036299419.1|:1-399	399	k121_1564749_2	N/A	29.337	95	392	3.40e-32	129
SadA_ref|WP_036299419.1|:1-399	399	k121_566981_84	N/A	27.978	90	361	2.25e-31	126
SadA_ref|WP_036299419.1|:1-399	399	k121_1104606_1	N/A	31.034	50	203	4.18e-30	122
SadA_ref|WP_036299419.1|:1-399	399	k121_808832_3	N/A	26.316	90	361	6.13e-28	117
SadA_ref|WP_036299419.1|:1-399	399	k121_727495_1	N/A	26.862	89	376	4.67e-27	114
SadA_ref|WP_036299419.1|:1-399	399	k121_272709_21	N/A	28.906	95	384	5.19e-27	114
SadA_ref|WP_036299419.1|:1-399	399	k121_244403_157	N/A	24.935	95	385	1.04e-26	113
SadA_ref|WP_036299419.1|:1-399	399	k121_1410479_1	N/A	32.609	57	230	1.04e-26	110
SadA_ref|WP_036299419.1|:1-399	399	k121_546419_78	N/A	24.590	92	366	2.08e-26	112
SadA_ref|WP_036299419.1|:1-399	399	k121_239242_7	N/A	27.225	94	382	7.33e-26	111
SadA_ref|WP_036299419.1|:1-399	399	k121_1680627_3	N/A	29.310	71	290	8.50e-26	108
SadA_ref|WP_036299419.1|:1-399	399	k121_1682579_2	N/A	27.070	79	314	1.49e-25	108
SadA_ref|WP_036299419.1|:1-399	399	k121_655002_6	N/A	27.296	97	392	3.04e-25	109
SadA_ref|WP_036299419.1|:1-399	399	k121_864244_1	N/A	26.230	76	305	3.43e-24	105
SadA_ref|WP_036299419.1|:1-399	399	k121_281516_8	N/A	23.467	89	375	6.09e-24	105
SadA_ref|WP_036299419.1|:1-399	399	k121_284139_11	N/A	27.320	96	388	6.23e-24	105
SadA_ref|WP_036299419.1|:1-399	399	k121_1622259_38	N/A	26.243	89	362	2.91e-23	103
SadA_ref|WP_036299419.1|:1-399	399	k121_1316998_11	N/A	26.371	94	383	1.20e-22	102
SadA_ref|WP_036299419.1|:1-399	399	k121_862092_2	N/A	26.829	89	369	2.89e-22	101
SadA_ref|WP_036299419.1|:1-399	399	k121_1048167_2	N/A	26.500	95	400	4.26e-22	100
SadA_ref|WP_036299419.1|:1-399	399	k121_1558792_20	N/A	24.685	98	397	2.71e-20	95.5
SadA_ref|WP_036299419.1|:1-399	399	k121_642273_10	N/A	24.745	95	392	7.79e-19	92.4
SadA_ref|WP_036299419.1|:1-399	399	k121_41077_17	N/A	24.932	88	365	2.41e-18	89.7
SadA_ref|WP_036299419.1|:1-399	399	k121_1013450_3	N/A	29.808	50	208	4.11e-18	86.3
SadA_ref|WP_036299419.1|:1-399	399	k121_848252_3	N/A	26.357	91	387	4.20e-18	89.0
SadA_ref|WP_036299419.1|:1-399	399	k121_240296_2	N/A	36.000	25	100	1.00e-17	81.6
SadA_ref|WP_036299419.1|:1-399	399	k121_1705013_1	N/A	30.075	33	133	9.62e-17	80.9
SadA_ref|WP_036299419.1|:1-399	399	k121_1591551_1	N/A	25.496	85	353	7.19e-16	82.0
SadA_ref|WP_036299419.1|:1-399	399	k121_1751369_2	N/A	25.784	71	287	1.21e-15	80.5
SadA_ref|WP_036299419.1|:1-399	399	k121_1393350_3	N/A	25.974	94	385	2.13e-15	80.9
SadA_ref|WP_036299419.1|:1-399	399	k121_591178_1	N/A	27.273	60	242	5.01e-15	78.6
SadA_ref|WP_036299419.1|:1-399	399	k121_1604911_1	N/A	24.715	65	263	7.48e-15	77.8
SadA_ref|WP_036299419.1|:1-399	399	k121_1035386_2	N/A	27.574	66	272	1.12e-14	77.4
SadA_ref|WP_036299419.1|:1-399	399	k121_990932_2	N/A	28.727	66	275	1.18e-14	77.8
SadA_ref|WP_036299419.1|:1-399	399	k121_361626_1	N/A	25.915	87	355	7.35e-14	76.6
SadA_ref|WP_036299419.1|:1-399	399	k121_1469649_1	N/A	31.651	51	218	1.21e-13	75.5
SadA_ref|WP_036299419.1|:1-399	399	k121_523886_5	N/A	23.698	93	384	3.69e-13	74.3
SadA_ref|WP_036299419.1|:1-399	399	k121_39283_10	N/A	26.065	97	399	6.19e-13	73.9
SadA_ref|WP_036299419.1|:1-399	399	k121_175224_13	N/A	28.112	61	249	4.66e-11	67.8
SadA_ref|WP_036299419.1|:1-399	399	k121_16396_1	N/A	27.805	51	205	2.12e-10	63.5
SadA_ref|WP_036299419.1|:1-399	399	k121_388005_1	N/A	25.758	33	132	2.25e-10	62.0
SadA_ref|WP_036299419.1|:1-399	399	k121_1694089_2	N/A	22.727	90	374	5.39e-10	64.7
SadA_ref|WP_036299419.1|:1-399	399	k121_1459421_1	N/A	24.390	94	410	5.08e-08	58.5
SadA_ref|WP_036299419.1|:1-399	399	k121_52745_2	N/A	29.327	51	208	1.27e-07	55.8
SadA_ref|WP_036299419.1|:1-399	399	k121_429491_6	N/A	23.729	73	295	6.78e-07	54.7
SadA_ref|WP_036299419.1|:1-399	399	k121_141430_11	N/A	22.105	87	380	9.39e-07	54.7
SadA_ref|WP_036299419.1|:1-399	399	k121_1464507_1	N/A	22.951	73	305	1.23e-06	53.9
SadA_ref|WP_036299419.1|:1-399	399	k121_1378684_4	N/A	22.907	57	227	2.47e-05	49.3
SadA_ref|WP_036299419.1|:1-399	399	k121_257282_1	N/A	24.762	51	210	8.40e-05	47.4
SadA_ref|WP_036299419.1|:1-399	399	k121_257289_2	N/A	24.762	51	210	1.39e-04	46.6
SadA_ref|WP_036299419.1|:1-399	399	k121_1228328_48	N/A	25.000	46	196	4.46e-04	46.2
SadA_ref|WP_036299419.1|:1-399	399	k121_621816_10	N/A	21.522	87	381	6.56e-04	45.8
SadA_ref|WP_036299419.1|:1-399	399	k121_96037_6	N/A	22.487	87	378	8.18e-04	45.4
SadA_ref|WP_036299419.1|:1-399	399	k121_1231767_6	N/A	21.932	88	383	0.001	45.1
SadA_ref|WP_036299419.1|:1-399	399	k121_546532_2	N/A	22.660	46	203	0.004	43.1
SadA_ref|WP_036299419.1|:1-399	399	k121_1169171_3	N/A	22.174	50	230	0.004	43.1
SadA_ref|WP_036299419.1|:1-399	399	k121_1310306_1	N/A	23.164	84	354	0.005	42.7
SadA_ref|WP_036299419.1|:1-399	399	k121_988487_17	N/A	24.561	52	228	0.006	42.4
SadA_ref|WP_036299419.1|:1-399	399	k121_750577_23	N/A	22.362	91	398	0.006	42.4
SadA_ref|WP_036299419.1|:1-399	399	k121_1435420_48	N/A	30.952	21	84	0.007	42.4
SadA_ref|WP_036299419.1|:1-399	399	k121_1206467_2	N/A	27.184	47	206	0.013	41.6
SadA_ref|WP_036299419.1|:1-399	399	k121_803999_2	N/A	21.739	50	230	0.018	41.2
SadA_ref|WP_036299419.1|:1-399	399	k121_1691368_3	N/A	25.962	26	104	0.018	38.9
SadA_ref|WP_036299419.1|:1-399	399	k121_10659_26	N/A	20.576	54	243	0.021	40.8
SadA_ref|WP_036299419.1|:1-399	399	k121_1165128_3	N/A	21.076	52	223	0.031	40.4
SadA_ref|WP_036299419.1|:1-399	399	k121_1008795_3	N/A	32.143	21	84	0.034	40.0
SadA_ref|WP_036299419.1|:1-399	399	k121_598715_1	N/A	31.373	24	102	0.039	39.7
SadA_ref|WP_036299419.1|:1-399	399	k121_1610302_2	N/A	23.256	62	258	0.048	39.7
SadA_ref|WP_036299419.1|:1-399	399	k121_40230_3	N/A	24.713	43	174	0.050	38.5
SadA_ref|WP_036299419.1|:1-399	399	k121_1682824_12	N/A	24.535	67	269	0.053	39.7
SadA_ref|WP_036299419.1|:1-399	399	k121_1358512_1	N/A	26.087	35	138	0.060	38.1
SadA_ref|WP_036299419.1|:1-399	399	k121_789585_2	N/A	24.815	67	270	0.070	38.9
SadA_ref|WP_036299419.1|:1-399	399	k121_1320840_2	N/A	21.399	54	243	0.072	39.3
SadA_ref|WP_036299419.1|:1-399	399	k121_977709_2	N/A	20.773	52	207	0.093	38.9
SadB_ref|WP_100812327.1|:1-423	423	k121_838558_35	N/A	39.633	89	381	2.10e-76	246
SadB_ref|WP_100812327.1|:1-423	423	k121_838558_34	N/A	31.378	92	392	4.09e-57	196
SadB_ref|WP_100812327.1|:1-423	423	k121_568288_10	N/A	30.809	89	383	1.28e-51	181
SadB_ref|WP_100812327.1|:1-423	423	k121_106741_3	N/A	30.027	87	373	1.16e-45	166
SadB_ref|WP_100812327.1|:1-423	423	k121_1401956_2	N/A	27.390	90	387	4.51e-41	154
SadB_ref|WP_100812327.1|:1-423	423	k121_561737_10	N/A	26.913	88	379	1.19e-39	150
SadB_ref|WP_100812327.1|:1-423	423	k121_252182_45	N/A	28.906	87	384	3.71e-39	148
SadB_ref|WP_100812327.1|:1-423	423	k121_239242_7	N/A	28.173	93	394	1.96e-38	146
SadB_ref|WP_100812327.1|:1-423	423	k121_813935_2	N/A	28.099	85	363	2.12e-37	143
SadB_ref|WP_100812327.1|:1-423	423	k121_1538123_6	N/A	26.882	87	372	9.33e-36	139
SadB_ref|WP_100812327.1|:1-423	423	k121_260607_2	N/A	31.441	53	229	3.02e-35	133
SadB_ref|WP_100812327.1|:1-423	423	k121_668690_10	N/A	27.095	82	358	3.29e-34	135
SadB_ref|WP_100812327.1|:1-423	423	k121_1744691_7	N/A	25.065	90	387	3.56e-34	135
SadB_ref|WP_100812327.1|:1-423	423	k121_322455_22	N/A	28.378	87	370	4.61e-34	134
SadB_ref|WP_100812327.1|:1-423	423	k121_864244_1	N/A	33.210	63	271	2.51e-33	130
SadB_ref|WP_100812327.1|:1-423	423	k121_1620756_101	N/A	29.144	85	374	4.24e-33	131
SadB_ref|WP_100812327.1|:1-423	423	k121_1745189_2	N/A	25.455	90	385	9.58e-33	130
SadB_ref|WP_100812327.1|:1-423	423	k121_1706655_2	N/A	27.381	78	336	1.23e-31	127
SadB_ref|WP_100812327.1|:1-423	423	k121_1564749_2	N/A	28.718	88	390	7.53e-31	125
SadB_ref|WP_100812327.1|:1-423	423	k121_808832_3	N/A	25.714	89	385	3.67e-29	121
SadB_ref|WP_100812327.1|:1-423	423	k121_272709_21	N/A	26.562	90	384	6.26e-29	120
SadB_ref|WP_100812327.1|:1-423	423	k121_284139_11	N/A	28.030	92	396	8.60e-29	119
SadB_ref|WP_100812327.1|:1-423	423	k121_281516_8	N/A	27.747	83	364	3.17e-28	118
SadB_ref|WP_100812327.1|:1-423	423	k121_1558792_20	N/A	26.615	90	387	6.14e-28	117
SadB_ref|WP_100812327.1|:1-423	423	k121_848252_3	N/A	27.273	90	396	9.29e-28	117
SadB_ref|WP_100812327.1|:1-423	423	k121_546419_78	N/A	24.147	90	381	1.14e-27	116
SadB_ref|WP_100812327.1|:1-423	423	k121_642273_10	N/A	25.954	90	393	4.48e-27	117
SadB_ref|WP_100812327.1|:1-423	423	k121_1104606_1	N/A	28.899	50	218	2.39e-26	112
SadB_ref|WP_100812327.1|:1-423	423	k121_1316998_11	N/A	25.765	91	392	9.67e-26	110
SadB_ref|WP_100812327.1|:1-423	423	k121_655002_6	N/A	26.904	91	394	1.19e-25	110
SadB_ref|WP_100812327.1|:1-423	423	k121_1682579_2	N/A	27.358	75	318	2.25e-25	108
SadB_ref|WP_100812327.1|:1-423	423	k121_1410479_1	N/A	31.250	52	224	7.44e-25	105
SadB_ref|WP_100812327.1|:1-423	423	k121_566981_84	N/A	26.902	86	368	7.84e-24	105
SadB_ref|WP_100812327.1|:1-423	423	k121_649852_2	N/A	27.540	86	374	1.59e-22	102
SadB_ref|WP_100812327.1|:1-423	423	k121_1048167_2	N/A	26.396	90	394	9.31e-22	100
SadB_ref|WP_100812327.1|:1-423	423	k121_361626_1	N/A	28.402	79	338	4.56e-20	95.5
SadB_ref|WP_100812327.1|:1-423	423	k121_1680627_3	N/A	28.136	69	295	8.21e-19	89.7
SadB_ref|WP_100812327.1|:1-423	423	k121_1013450_3	N/A	30.601	43	183	1.23e-18	88.2
SadB_ref|WP_100812327.1|:1-423	423	k121_175224_13	N/A	29.572	60	257	2.06e-18	90.1
SadB_ref|WP_100812327.1|:1-423	423	k121_1751369_2	N/A	26.370	68	292	2.50e-18	88.6
SadB_ref|WP_100812327.1|:1-423	423	k121_39283_10	N/A	27.568	84	370	3.39e-18	90.1
SadB_ref|WP_100812327.1|:1-423	423	k121_1035386_2	N/A	33.594	57	256	4.75e-18	87.4
SadB_ref|WP_100812327.1|:1-423	423	k121_41077_17	N/A	25.538	86	372	2.42e-17	87.0
SadB_ref|WP_100812327.1|:1-423	423	k121_727495_1	N/A	23.861	85	373	3.09e-17	86.7
SadB_ref|WP_100812327.1|:1-423	423	k121_240296_2	N/A	32.039	24	103	3.46e-17	80.5
SadB_ref|WP_100812327.1|:1-423	423	k121_244403_157	N/A	24.665	83	373	2.45e-16	84.0
SadB_ref|WP_100812327.1|:1-423	423	k121_862092_2	N/A	29.412	47	204	3.40e-16	83.6
SadB_ref|WP_100812327.1|:1-423	423	k121_1705013_1	N/A	28.667	35	150	3.89e-16	79.3
SadB_ref|WP_100812327.1|:1-423	423	k121_1469649_1	N/A	28.214	61	280	4.79e-16	82.8
SadB_ref|WP_100812327.1|:1-423	423	k121_1016964_3	N/A	25.278	77	360	5.19e-16	83.6
SadB_ref|WP_100812327.1|:1-423	423	k121_523886_5	N/A	24.688	90	401	1.97e-15	81.3
SadB_ref|WP_100812327.1|:1-423	423	k121_1464507_1	N/A	28.505	48	214	5.56e-15	79.3
SadB_ref|WP_100812327.1|:1-423	423	k121_591178_1	N/A	30.165	56	242	9.20e-15	77.8
SadB_ref|WP_100812327.1|:1-423	423	k121_1591551_1	N/A	24.791	81	359	1.26e-13	75.5
SadB_ref|WP_100812327.1|:1-423	423	k121_1622259_38	N/A	27.404	48	208	1.54e-13	75.5
SadB_ref|WP_100812327.1|:1-423	423	k121_1610302_2	N/A	27.151	77	372	3.42e-12	71.6
SadB_ref|WP_100812327.1|:1-423	423	k121_1694089_2	N/A	24.479	85	384	5.39e-12	70.9
SadB_ref|WP_100812327.1|:1-423	423	k121_990932_2	N/A	26.715	62	277	1.35e-11	68.6
SadB_ref|WP_100812327.1|:1-423	423	k121_1393350_3	N/A	27.168	82	346	1.52e-11	69.3
SadB_ref|WP_100812327.1|:1-423	423	k121_1459421_1	N/A	23.474	94	426	2.96e-10	65.5
SadB_ref|WP_100812327.1|:1-423	423	k121_1228328_48	N/A	30.460	39	174	5.26e-10	64.7
SadB_ref|WP_100812327.1|:1-423	423	k121_750577_23	N/A	24.694	88	409	1.21e-09	63.5
SadB_ref|WP_100812327.1|:1-423	423	k121_512919_4	N/A	31.579	33	152	1.72e-09	60.8
SadB_ref|WP_100812327.1|:1-423	423	k121_16396_1	N/A	26.500	46	200	5.07e-09	59.7
SadB_ref|WP_100812327.1|:1-423	423	k121_869184_3	N/A	24.800	80	375	2.32e-08	59.7
SadB_ref|WP_100812327.1|:1-423	423	k121_388005_1	N/A	23.944	33	142	5.60e-08	55.1
SadB_ref|WP_100812327.1|:1-423	423	k121_1231767_6	N/A	26.034	86	411	6.37e-08	58.2
SadB_ref|WP_100812327.1|:1-423	423	k121_1263250_2	N/A	30.719	33	153	6.74e-08	56.2
SadB_ref|WP_100812327.1|:1-423	423	k121_96037_6	N/A	23.577	80	369	3.22e-07	56.2
SadB_ref|WP_100812327.1|:1-423	423	k121_429491_6	N/A	25.481	48	208	3.36e-07	55.8
SadB_ref|WP_100812327.1|:1-423	423	k121_141430_11	N/A	24.377	78	361	3.38e-07	56.2
SadB_ref|WP_100812327.1|:1-423	423	k121_1333748_5	N/A	24.474	80	380	4.51e-07	55.5
SadB_ref|WP_100812327.1|:1-423	423	k121_1835365_2	N/A	26.042	62	288	1.17e-06	54.3
SadB_ref|WP_100812327.1|:1-423	423	k121_52745_2	N/A	25.571	52	219	2.05e-06	52.4
SadB_ref|WP_100812327.1|:1-423	423	k121_783597_2	N/A	27.184	45	206	7.67e-06	51.6
SadB_ref|WP_100812327.1|:1-423	423	k121_977709_2	N/A	25.595	39	168	8.30e-06	51.6
SadB_ref|WP_100812327.1|:1-423	423	k121_1113421_1	N/A	26.496	77	351	5.64e-05	48.9
SadB_ref|WP_100812327.1|:1-423	423	k121_130416_5	N/A	23.947	81	380	5.92e-05	48.9
SadB_ref|WP_100812327.1|:1-423	423	k121_1435420_48	N/A	27.273	35	165	6.08e-05	48.9
SadB_ref|WP_100812327.1|:1-423	423	k121_1759371_1	N/A	25.592	47	211	2.02e-04	46.6
SadB_ref|WP_100812327.1|:1-423	423	k121_930208_1	N/A	32.812	27	128	2.03e-04	47.0
SadB_ref|WP_100812327.1|:1-423	423	k121_1682824_12	N/A	22.872	85	376	2.31e-04	47.0
SadB_ref|WP_100812327.1|:1-423	423	k121_1378684_4	N/A	24.506	57	253	2.65e-04	46.2
SadB_ref|WP_100812327.1|:1-423	423	k121_1604911_1	N/A	21.168	62	274	3.00e-04	46.2
SadB_ref|WP_100812327.1|:1-423	423	k121_621816_10	N/A	23.757	78	362	4.26e-04	46.2
SadB_ref|WP_100812327.1|:1-423	423	k121_1645886_1	N/A	20.621	79	354	5.42e-04	45.8
SadB_ref|WP_100812327.1|:1-423	423	k121_546532_2	N/A	24.267	80	375	6.54e-04	45.8
SadB_ref|WP_100812327.1|:1-423	423	k121_1310306_1	N/A	32.520	26	123	7.51e-04	45.4
SadB_ref|WP_100812327.1|:1-423	423	k121_509764_3	N/A	31.707	26	123	8.19e-04	43.9
SadB_ref|WP_100812327.1|:1-423	423	k121_567013_5	N/A	32.847	28	137	0.002	44.3
SadB_ref|WP_100812327.1|:1-423	423	k121_509771_3	N/A	31.447	34	159	0.003	43.1
SadB_ref|WP_100812327.1|:1-423	423	k121_265504_4	N/A	23.398	80	359	0.004	43.1
SadB_ref|WP_100812327.1|:1-423	423	k121_1726282_3	N/A	32.031	27	128	0.004	43.1
SadB_ref|WP_100812327.1|:1-423	423	k121_1735444_1	N/A	23.864	20	88	0.005	39.7
SadB_ref|WP_100812327.1|:1-423	423	k121_406368_1	N/A	23.599	75	339	0.005	42.7
SadB_ref|WP_100812327.1|:1-423	423	k121_125136_18	N/A	29.851	28	134	0.007	42.7
SadB_ref|WP_100812327.1|:1-423	423	k121_905629_1	N/A	29.944	39	177	0.007	42.0
SadB_ref|WP_100812327.1|:1-423	423	k121_750197_1	N/A	28.226	26	124	0.009	42.0
SadB_ref|WP_100812327.1|:1-423	423	k121_1320840_2	N/A	21.429	77	364	0.018	41.2
SadB_ref|WP_100812327.1|:1-423	423	k121_387547_3	N/A	26.923	48	208	0.021	40.0
SadB_ref|WP_100812327.1|:1-423	423	k121_10659_26	N/A	22.039	77	363	0.024	40.8
SadB_ref|WP_100812327.1|:1-423	423	k121_1570488_1	N/A	22.124	49	226	0.028	40.4
SadB_ref|WP_100812327.1|:1-423	423	k121_1743328_11	N/A	29.197	28	137	0.032	40.4
SadB_ref|WP_100812327.1|:1-423	423	k121_749177_1	N/A	24.623	41	199	0.037	40.0
SadB_ref|WP_100812327.1|:1-423	423	k121_9314_2	N/A	23.747	85	379	0.044	40.0
SadB_ref|WP_100812327.1|:1-423	423	k121_1352418_2	N/A	23.885	85	381	0.047	39.7
SadB_ref|WP_100812327.1|:1-423	423	k121_832355_1	N/A	25.258	42	194	0.084	38.9
SadB_ref|WP_100812327.1|:1-423	423	k121_1063579_1	N/A	32.584	21	89	0.090	38.9
SadB_ref|WP_100812327.1|:1-423	423	k121_1386534_2	N/A	28.421	21	95	0.094	38.9
SadC_ref|WP_036299413.1|:1-194	194	k121_838558_33	N/A	52.976	87	168	2.78e-57	182
SadC_ref|WP_036299413.1|:1-194	194	k121_935795_2	N/A	36.478	82	159	6.07e-26	101
SadC_ref|WP_036299413.1|:1-194	194	k121_13175_6	N/A	31.496	65	127	1.81e-11	63.2
SadC_ref|WP_036299413.1|:1-194	194	k121_225709_2	N/A	28.395	82	162	1.09e-10	61.2
SadC_ref|WP_036299413.1|:1-194	194	k121_1269513_3	N/A	28.750	82	160	8.16e-10	58.5
SadC_ref|WP_036299413.1|:1-194	194	k121_1528793_8	N/A	27.742	76	155	9.48e-10	60.5
SadC_ref|WP_036299413.1|:1-194	194	k121_785329_2	N/A	27.848	81	158	3.79e-09	57.0
SadC_ref|WP_036299413.1|:1-194	194	k121_1758657_4	N/A	25.625	81	160	5.99e-09	56.2
SadC_ref|WP_036299413.1|:1-194	194	k121_1264100_2	N/A	28.723	94	188	7.56e-09	56.2
SadC_ref|WP_036299413.1|:1-194	194	k121_1427202_3	N/A	34.416	77	154	8.58e-09	56.2
SadC_ref|WP_036299413.1|:1-194	194	k121_750577_26	N/A	34.043	48	94	2.04e-08	55.1
SadC_ref|WP_036299413.1|:1-194	194	k121_707439_8	N/A	25.874	73	143	2.24e-08	56.6
SadC_ref|WP_036299413.1|:1-194	194	k121_621816_7	N/A	35.165	46	91	3.26e-08	55.8
SadC_ref|WP_036299413.1|:1-194	194	k121_76359_18	N/A	28.481	81	158	4.74e-08	53.9
SadC_ref|WP_036299413.1|:1-194	194	k121_141430_8	N/A	35.484	47	93	5.81e-08	53.9
SadC_ref|WP_036299413.1|:1-194	194	k121_334204_2	N/A	29.927	69	137	5.83e-08	55.1
SadC_ref|WP_036299413.1|:1-194	194	k121_361704_9	N/A	44.118	35	68	5.90e-08	53.9
SadC_ref|WP_036299413.1|:1-194	194	k121_1556237_2	N/A	30.612	75	147	7.83e-08	53.1
SadC_ref|WP_036299413.1|:1-194	194	k121_698426_3	N/A	28.889	70	135	8.87e-08	53.1
SadC_ref|WP_036299413.1|:1-194	194	k121_799035_8	N/A	34.615	59	130	1.00e-07	53.5
SadC_ref|WP_036299413.1|:1-194	194	k121_849538_3	N/A	28.873	73	142	1.40e-07	52.8
SadC_ref|WP_036299413.1|:1-194	194	k121_335848_15	N/A	28.378	76	148	1.63e-07	52.4
SadC_ref|WP_036299413.1|:1-194	194	k121_1673751_7	N/A	35.052	49	97	2.47e-07	52.0
SadC_ref|WP_036299413.1|:1-194	194	k121_390764_2	N/A	27.481	67	131	2.64e-07	52.0
SadC_ref|WP_036299413.1|:1-194	194	k121_715475_7	N/A	27.778	73	144	3.32e-07	52.0
SadC_ref|WP_036299413.1|:1-194	194	k121_940833_7	N/A	27.848	81	158	3.87e-07	51.6
SadC_ref|WP_036299413.1|:1-194	194	k121_720232_2	N/A	25.828	77	151	5.12e-07	51.2
SadC_ref|WP_036299413.1|:1-194	194	k121_1305536_2	N/A	23.418	80	158	6.88e-07	50.8
SadC_ref|WP_036299413.1|:1-194	194	k121_1467111_4	N/A	25.806	80	155	8.78e-07	50.8
SadC_ref|WP_036299413.1|:1-194	194	k121_785013_3	N/A	36.364	39	77	9.38e-07	50.1
SadC_ref|WP_036299413.1|:1-194	194	k121_1354884_2	N/A	26.144	77	153	9.44e-07	50.4
SadC_ref|WP_036299413.1|:1-194	194	k121_1365527_1	N/A	26.220	82	164	1.80e-06	49.7
SadC_ref|WP_036299413.1|:1-194	194	k121_951385_18	N/A	25.694	73	144	1.84e-06	49.7
SadC_ref|WP_036299413.1|:1-194	194	k121_423338_2	N/A	25.899	71	139	2.20e-06	49.3
SadC_ref|WP_036299413.1|:1-194	194	k121_355338_4	N/A	34.831	46	89	2.81e-06	49.3
SadC_ref|WP_036299413.1|:1-194	194	k121_1457660_2	N/A	26.220	82	164	3.05e-06	48.9
SadC_ref|WP_036299413.1|:1-194	194	k121_792058_1	N/A	32.609	47	92	4.84e-06	48.5
SadC_ref|WP_036299413.1|:1-194	194	k121_1276933_2	N/A	27.407	68	135	7.65e-06	48.1
SadC_ref|WP_036299413.1|:1-194	194	k121_568288_7	N/A	23.944	73	142	7.74e-06	48.1
SadC_ref|WP_036299413.1|:1-194	194	k121_1761005_2	N/A	30.526	48	95	8.60e-06	47.8
SadC_ref|WP_036299413.1|:1-194	194	k121_455158_15	N/A	24.845	82	161	9.80e-06	48.5
SadC_ref|WP_036299413.1|:1-194	194	k121_1492395_1	N/A	29.167	61	120	1.03e-05	47.0
SadC_ref|WP_036299413.1|:1-194	194	k121_1395210_11	N/A	35.802	40	81	1.07e-05	47.4
SadC_ref|WP_036299413.1|:1-194	194	k121_978750_2	N/A	30.000	46	90	1.11e-05	48.5
SadC_ref|WP_036299413.1|:1-194	194	k121_1675729_12	N/A	28.571	54	105	1.60e-05	48.1
SadC_ref|WP_036299413.1|:1-194	194	k121_181517_2	N/A	37.662	39	77	2.00e-05	46.2
SadC_ref|WP_036299413.1|:1-194	194	k121_668690_11	N/A	27.536	68	138	2.21e-05	47.8
SadC_ref|WP_036299413.1|:1-194	194	k121_615856_3	N/A	36.364	39	77	3.19e-05	45.8
SadC_ref|WP_036299413.1|:1-194	194	k121_301184_11	N/A	23.926	84	163	3.47e-05	45.8
SadC_ref|WP_036299413.1|:1-194	194	k121_1195702_2	N/A	28.148	68	135	3.88e-05	45.8
SadC_ref|WP_036299413.1|:1-194	194	k121_907280_8	N/A	28.667	75	150	4.00e-05	46.2
SadC_ref|WP_036299413.1|:1-194	194	k121_1187784_1	N/A	29.885	45	87	4.42e-05	45.8
SadC_ref|WP_036299413.1|:1-194	194	k121_238675_4	N/A	25.694	72	144	5.41e-05	45.4
SadC_ref|WP_036299413.1|:1-194	194	k121_260607_1	N/A	32.479	59	117	5.49e-05	45.1
SadC_ref|WP_036299413.1|:1-194	194	k121_1276698_2	N/A	28.972	54	107	9.22e-05	44.7
SadC_ref|WP_036299413.1|:1-194	194	k121_631727_1	N/A	25.294	85	170	1.20e-04	44.7
SadC_ref|WP_036299413.1|:1-194	194	k121_421880_2	N/A	30.435	45	92	1.45e-04	44.3
SadC_ref|WP_036299413.1|:1-194	194	k121_1224678_3	N/A	25.731	83	171	1.46e-04	44.3
SadC_ref|WP_036299413.1|:1-194	194	k121_1636209_3	N/A	27.344	65	128	1.51e-04	44.3
SadC_ref|WP_036299413.1|:1-194	194	k121_1043862_27	N/A	32.558	44	86	2.79e-04	44.3
SadC_ref|WP_036299413.1|:1-194	194	k121_1529414_15	N/A	24.823	70	141	3.67e-04	43.1
SadC_ref|WP_036299413.1|:1-194	194	k121_330653_5	N/A	35.789	48	95	6.80e-04	42.4
SadC_ref|WP_036299413.1|:1-194	194	k121_190734_2	N/A	33.766	39	77	0.001	41.6
SadC_ref|WP_036299413.1|:1-194	194	k121_74764_2	N/A	35.065	39	77	0.001	42.0
SadC_ref|WP_036299413.1|:1-194	194	k121_1766754_9	N/A	32.258	47	93	0.002	42.4
SadC_ref|WP_036299413.1|:1-194	194	k121_244217_32	N/A	28.736	44	87	0.002	42.4
SadC_ref|WP_036299413.1|:1-194	194	k121_169732_2	N/A	29.167	59	120	0.002	40.8
SadC_ref|WP_036299413.1|:1-194	194	k121_1111283_2	N/A	31.522	47	92	0.002	41.2
SadC_ref|WP_036299413.1|:1-194	194	k121_1433958_2	N/A	29.348	47	92	0.002	40.8
SadC_ref|WP_036299413.1|:1-194	194	k121_1385722_55	N/A	29.268	62	123	0.003	40.4
SadC_ref|WP_036299413.1|:1-194	194	k121_293930_4	N/A	28.378	74	148	0.004	40.4
SadC_ref|WP_036299413.1|:1-194	194	k121_1410479_2	N/A	28.947	56	114	0.004	39.3
SadC_ref|WP_036299413.1|:1-194	194	k121_925507_9	N/A	32.584	46	89	0.007	38.9
SadC_ref|WP_036299413.1|:1-194	194	k121_319247_4	N/A	31.884	36	69	0.008	40.0
SadC_ref|WP_036299413.1|:1-194	194	k121_479287_3	N/A	26.389	73	144	0.008	39.3
SadC_ref|WP_036299413.1|:1-194	194	k121_734880_8	N/A	26.316	68	133	0.009	39.3
SadC_ref|WP_036299413.1|:1-194	194	k121_484085_2	N/A	29.703	50	101	0.010	38.9
SadC_ref|WP_036299413.1|:1-194	194	k121_1125981_16	N/A	36.000	38	75	0.017	38.5
SadC_ref|WP_036299413.1|:1-194	194	k121_73213_19	N/A	34.722	37	72	0.019	38.1
SadC_ref|WP_036299413.1|:1-194	194	k121_1274463_3	N/A	33.333	42	81	0.020	38.1
SadC_ref|WP_036299413.1|:1-194	194	k121_1824508_1	N/A	28.125	48	96	0.030	37.7
SadC_ref|WP_036299413.1|:1-194	194	k121_1790402_4	N/A	24.390	82	164	0.048	37.0
SadC_ref|WP_036299413.1|:1-194	194	k121_904737_2	N/A	32.836	35	67	0.051	37.0
SadC_ref|WP_036299413.1|:1-194	194	k121_1743328_16	N/A	24.615	66	130	0.060	37.0
SadC_ref|WP_036299413.1|:1-194	194	k121_91348_2	N/A	29.293	49	99	0.076	36.6
WP_000259031.1	279	k121_1708175_5	N/A	100.000	100	279	0.0	553
WP_000259031.1	279	k121_1397895_2	N/A	48.780	88	246	2.45e-84	256
WP_000259031.1	279	k121_1794909_1	N/A	53.516	92	256	2.16e-74	231
WP_000259031.1	279	k121_486931_2	N/A	36.641	94	262	1.08e-40	145
WP_000259031.1	279	k121_725125_2	N/A	38.760	91	258	1.79e-38	139
WP_000259031.1	279	k121_1669116_1	N/A	37.143	87	245	1.80e-38	139
WP_000259031.1	279	k121_235364_2	N/A	35.628	88	247	7.33e-38	137
WP_000259031.1	279	k121_276542_1	N/A	32.210	96	267	4.19e-37	135
WP_000259031.1	279	k121_1483682_2	N/A	36.742	94	264	3.19e-36	133
WP_000259031.1	279	k121_289354_3	N/A	35.526	78	228	7.82e-35	130
WP_000259031.1	279	k121_788583_2	N/A	34.231	93	260	2.20e-33	126
WP_000259031.1	279	k121_248910_27	N/A	31.837	87	245	2.81e-33	125
WP_000259031.1	279	k121_1227591_2	N/A	32.491	96	277	3.82e-33	125
WP_000259031.1	279	k121_1753972_1	N/A	34.400	89	250	1.98e-32	123
WP_000259031.1	279	k121_1168652_3	N/A	31.273	95	275	9.76e-32	122
WP_000259031.1	279	k121_1165501_2	N/A	32.031	91	256	1.70e-31	121
WP_000259031.1	279	k121_562334_40	N/A	33.564	97	289	2.69e-31	121
WP_000259031.1	279	k121_715414_1	N/A	30.798	94	263	3.08e-31	121
WP_000259031.1	279	k121_1333328_2	N/A	35.060	88	251	4.07e-31	120
WP_000259031.1	279	k121_257793_31	N/A	32.453	95	265	1.99e-30	119
WP_000259031.1	279	k121_161248_2	N/A	30.566	94	265	2.03e-30	118
WP_000259031.1	279	k121_333383_3	N/A	30.588	91	255	2.65e-30	117
WP_000259031.1	279	k121_918641_1	N/A	32.283	91	254	4.21e-30	117
WP_000259031.1	279	k121_1826109_6	N/A	34.818	88	247	7.92e-30	116
WP_000259031.1	279	k121_440018_1	N/A	31.855	88	248	8.47e-30	117
WP_000259031.1	279	k121_803320_2	N/A	33.333	88	249	1.49e-29	116
WP_000259031.1	279	k121_1387714_3	N/A	27.820	94	266	5.45e-29	114
WP_000259031.1	279	k121_590895_19	N/A	30.268	91	261	5.74e-29	114
WP_000259031.1	279	k121_1721221_2	N/A	35.600	88	250	6.58e-29	114
WP_000259031.1	279	k121_1823333_1	N/A	31.502	96	273	6.80e-29	115
WP_000259031.1	279	k121_226580_1	N/A	34.884	77	215	1.57e-28	112
WP_000259031.1	279	k121_783737_2	N/A	32.800	89	250	3.59e-28	113
WP_000259031.1	279	k121_1201249_7	N/A	35.909	78	220	4.47e-28	112
WP_000259031.1	279	k121_226140_4	N/A	30.303	92	264	5.42e-28	112
WP_000259031.1	279	k121_782478_10	N/A	34.742	76	213	6.28e-28	111
WP_000259031.1	279	k121_1580345_2	N/A	34.234	78	222	8.31e-28	111
WP_000259031.1	279	k121_636781_2	N/A	32.482	97	274	1.05e-27	112
WP_000259031.1	279	k121_1264493_16	N/A	30.189	94	265	1.12e-27	111
WP_000259031.1	279	k121_862373_143	N/A	30.182	96	275	1.51e-27	111
WP_000259031.1	279	k121_1018009_25	N/A	30.078	91	256	2.08e-27	110
WP_000259031.1	279	k121_802435_2	N/A	34.389	79	221	2.22e-27	110
WP_000259031.1	279	k121_752258_35	N/A	33.708	95	267	2.57e-27	110
WP_000259031.1	279	k121_1530773_2	N/A	32.870	76	216	4.42e-27	108
WP_000259031.1	279	k121_1379774_21	N/A	36.653	87	251	5.71e-27	108
WP_000259031.1	279	k121_1193068_1	N/A	33.065	88	248	5.80e-27	109
WP_000259031.1	279	k121_671807_2	N/A	34.649	79	228	5.85e-27	109
WP_000259031.1	279	k121_1281159_23	N/A	31.439	94	264	5.98e-27	109
WP_000259031.1	279	k121_19056_8	N/A	35.023	76	217	6.12e-27	108
WP_000259031.1	279	k121_794585_2	N/A	32.301	80	226	7.23e-27	108
WP_000259031.1	279	k121_692480_22	N/A	36.239	76	218	7.83e-27	108
WP_000259031.1	279	k121_463541_6	N/A	32.331	93	266	8.19e-27	108
WP_000259031.1	279	k121_387028_2	N/A	33.824	96	272	1.27e-26	108
WP_000259031.1	279	k121_1499369_2	N/A	31.679	93	262	1.29e-26	108
WP_000259031.1	279	k121_1238120_1	N/A	29.344	92	259	1.33e-26	108
WP_000259031.1	279	k121_9632_1	N/A	34.389	76	221	2.30e-26	107
WP_000259031.1	279	k121_1187251_4	N/A	31.439	93	264	4.49e-26	108
WP_000259031.1	279	k121_1694143_36	N/A	33.462	92	260	5.00e-26	106
WP_000259031.1	279	k121_13382_4	N/A	31.496	88	254	8.91e-26	105
WP_000259031.1	279	k121_1739153_3	N/A	28.794	91	257	8.98e-26	106
WP_000259031.1	279	k121_1052223_15	N/A	33.721	89	258	9.15e-26	106
WP_000259031.1	279	k121_663879_6	N/A	32.308	92	260	9.89e-26	105
WP_000259031.1	279	k121_1520531_5	N/A	30.605	95	281	2.03e-25	105
WP_000259031.1	279	k121_927002_30	N/A	32.812	88	256	2.46e-25	105
WP_000259031.1	279	k121_1172939_45	N/A	32.130	97	277	3.40e-25	104
WP_000259031.1	279	k121_660789_36	N/A	31.474	88	251	3.93e-25	104
WP_000259031.1	279	k121_1208423_1	N/A	34.483	88	261	1.13e-24	105
WP_000259031.1	279	k121_342955_3	N/A	31.203	93	266	1.19e-24	102
WP_000259031.1	279	k121_703605_1	N/A	30.952	88	252	1.23e-24	103
WP_000259031.1	279	k121_625526_3	N/A	34.000	88	250	1.35e-24	103
WP_000259031.1	279	k121_859784_2	N/A	28.906	91	256	1.85e-24	102
WP_000259031.1	279	k121_1632144_1	N/A	31.752	95	274	2.68e-24	102
WP_000259031.1	279	k121_45789_40	N/A	28.185	91	259	3.22e-24	102
WP_000259031.1	279	k121_559305_7	N/A	32.836	93	268	6.27e-24	102
WP_000259031.1	279	k121_691805_1	N/A	27.715	95	267	7.71e-24	100
WP_000259031.1	279	k121_1649945_1	N/A	31.556	80	225	9.20e-24	100
WP_000259031.1	279	k121_458499_6	N/A	30.469	91	256	1.06e-23	100
WP_000259031.1	279	k121_59071_3	N/A	32.258	95	279	1.35e-23	100
WP_000259031.1	279	k121_1659414_8	N/A	33.071	87	254	1.92e-23	99.8
WP_000259031.1	279	k121_1271849_13	N/A	35.780	76	218	1.97e-23	100
WP_000259031.1	279	k121_1535475_2	N/A	32.579	79	221	8.71e-23	97.8
WP_000259031.1	279	k121_98730_1	N/A	31.502	95	273	1.14e-22	97.8
WP_000259031.1	279	k121_520317_2	N/A	29.740	94	269	1.23e-22	97.4
WP_000259031.1	279	k121_498198_26	N/A	31.923	88	260	2.30e-22	97.4
WP_000259031.1	279	k121_321002_1	N/A	29.297	91	256	2.65e-22	97.4
WP_000259031.1	279	k121_1373423_2	N/A	36.257	61	171	3.05e-22	94.4
WP_000259031.1	279	k121_719686_3	N/A	28.016	91	257	3.35e-22	96.3
WP_000259031.1	279	k121_1000942_1	N/A	30.698	76	215	3.55e-22	96.7
WP_000259031.1	279	k121_517598_2	N/A	30.714	98	280	4.97e-22	96.7
WP_000259031.1	279	k121_1040909_2	N/A	32.828	70	198	5.68e-22	94.7
WP_000259031.1	279	k121_1047986_14	N/A	32.721	87	272	6.73e-22	96.3
WP_000259031.1	279	k121_480707_6	N/A	34.404	76	218	6.92e-22	95.9
WP_000259031.1	279	k121_489954_3	N/A	28.205	92	273	7.72e-22	95.5
WP_000259031.1	279	k121_1086824_1	N/A	32.589	77	224	9.57e-22	95.5
WP_000259031.1	279	k121_1221180_2	N/A	32.453	92	265	1.62e-21	94.4
WP_000259031.1	279	k121_1730601_126	N/A	30.279	87	251	1.93e-21	94.4
WP_000259031.1	279	k121_920703_10	N/A	29.537	98	281	2.24e-21	94.4
WP_000259031.1	279	k121_1638600_5	N/A	28.571	78	224	2.52e-21	94.0
WP_000259031.1	279	k121_461850_8	N/A	28.968	88	252	3.53e-21	94.0
WP_000259031.1	279	k121_705653_2	N/A	28.826	98	281	4.32e-21	93.6
WP_000259031.1	279	k121_1635581_17	N/A	30.112	91	269	4.87e-21	94.4
WP_000259031.1	279	k121_1670608_4	N/A	31.136	95	273	5.23e-21	94.0
WP_000259031.1	279	k121_342943_2	N/A	30.451	93	266	6.52e-21	92.8
WP_000259031.1	279	k121_770436_3	N/A	30.175	95	285	1.11e-20	93.2
WP_000259031.1	279	k121_1059207_1	N/A	25.561	79	223	1.62e-20	90.9
WP_000259031.1	279	k121_162769_2	N/A	29.963	94	267	1.66e-20	92.8
WP_000259031.1	279	k121_162904_2	N/A	30.337	93	267	1.92e-20	92.8
WP_000259031.1	279	k121_767641_35	N/A	31.250	95	272	2.08e-20	92.0
WP_000259031.1	279	k121_326781_4	N/A	32.836	94	268	4.36e-20	91.7
WP_000259031.1	279	k121_390156_2	N/A	29.000	70	200	6.05e-20	89.4
WP_000259031.1	279	k121_692655_5	N/A	31.343	93	268	7.08e-20	91.3
WP_000259031.1	279	k121_1497165_6	N/A	26.592	94	267	7.19e-20	90.1
WP_000259031.1	279	k121_1387741_2	N/A	28.794	87	257	8.56e-20	90.5
WP_000259031.1	279	k121_700476_4	N/A	31.225	88	253	9.69e-20	90.1
WP_000259031.1	279	k121_554158_1	N/A	35.079	68	191	1.03e-19	89.4
WP_000259031.1	279	k121_1785443_20	N/A	28.315	98	279	1.53e-19	92.0
WP_000259031.1	279	k121_1802293_17	N/A	31.308	76	214	2.94e-19	89.4
WP_000259031.1	279	k121_79472_2	N/A	26.592	91	267	2.96e-19	88.6
WP_000259031.1	279	k121_1400679_3	N/A	28.959	77	221	3.29e-19	88.2
WP_000259031.1	279	k121_1160288_31	N/A	28.723	98	282	5.00e-19	88.2
WP_000259031.1	279	k121_489_42	N/A	27.037	95	270	5.67e-19	88.2
WP_000259031.1	279	k121_1715567_9	N/A	26.882	98	279	5.94e-19	87.8
WP_000259031.1	279	k121_36744_7	N/A	30.357	95	280	7.03e-19	87.4
WP_000259031.1	279	k121_1140381_2	N/A	33.948	96	271	8.04e-19	87.0
WP_000259031.1	279	k121_257915_19	N/A	31.923	89	260	1.20e-18	87.0
WP_000259031.1	279	k121_1632619_36	N/A	34.348	81	230	1.24e-18	86.7
WP_000259031.1	279	k121_52876_4	N/A	30.909	78	220	3.51e-18	85.5
WP_000259031.1	279	k121_116869_24	N/A	32.963	87	270	4.97e-18	85.1
WP_000259031.1	279	k121_711583_1	N/A	36.220	44	127	6.24e-18	82.0
WP_000259031.1	279	k121_956914_23	N/A	28.514	87	249	7.60e-18	85.9
WP_000259031.1	279	k121_1816509_5	N/A	34.008	88	247	1.11e-17	84.0
WP_000259031.1	279	k121_526323_2	N/A	29.070	91	258	3.84e-17	82.0
WP_000259031.1	279	k121_1430707_6	N/A	28.514	88	249	4.30e-17	82.8
WP_000259031.1	279	k121_1104356_2	N/A	29.249	88	253	4.92e-17	82.0
WP_000259031.1	279	k121_468093_1	N/A	31.364	78	220	1.07e-16	80.5
WP_000259031.1	279	k121_691268_4	N/A	28.467	95	274	1.70e-16	81.6
WP_000259031.1	279	k121_1233980_1	N/A	26.291	75	213	2.12e-16	79.7
WP_000259031.1	279	k121_1770272_2	N/A	31.128	88	257	2.99e-16	80.5
WP_000259031.1	279	k121_945327_1	N/A	29.688	88	256	4.23e-16	79.7
WP_000259031.1	279	k121_1210968_2	N/A	32.870	76	216	4.38e-16	79.0
WP_000259031.1	279	k121_367265_3	N/A	28.626	91	262	5.22e-16	79.3
WP_000259031.1	279	k121_1368867_1	N/A	27.734	91	256	5.96e-16	79.3
WP_000259031.1	279	k121_869142_7	N/A	30.144	73	209	7.83e-16	79.3
WP_000259031.1	279	k121_931535_4	N/A	33.032	78	221	8.82e-16	79.0
WP_000259031.1	279	k121_1687935_35	N/A	31.559	87	263	1.31e-15	78.6
WP_000259031.1	279	k121_1284681_2	N/A	34.804	73	204	1.80e-15	76.6
WP_000259031.1	279	k121_11897_1	N/A	33.065	44	124	4.23e-15	73.9
WP_000259031.1	279	k121_631218_1	N/A	31.076	88	251	4.81e-15	77.4
WP_000259031.1	279	k121_183552_1	N/A	32.000	44	125	7.69e-15	73.6
WP_000259031.1	279	k121_134738_3	N/A	26.800	83	250	1.04e-14	75.5
WP_000259031.1	279	k121_176503_6	N/A	26.971	77	241	1.82e-14	75.1
WP_000259031.1	279	k121_622180_4	N/A	28.470	95	281	5.60e-14	74.7
WP_000259031.1	279	k121_904928_6	N/A	27.826	78	230	6.77e-14	73.9
WP_000259031.1	279	k121_94777_18	N/A	30.903	95	288	9.34e-14	73.6
WP_000259031.1	279	k121_1185014_14	N/A	30.292	88	274	1.11e-13	73.6
WP_000259031.1	279	k121_691531_1	N/A	26.971	85	241	1.35e-13	72.4
WP_000259031.1	279	k121_689488_19	N/A	32.227	73	211	2.32e-13	71.6
WP_000259031.1	279	k121_265522_79	N/A	28.295	90	258	2.40e-13	71.6
WP_000259031.1	279	k121_1703436_2	N/A	29.091	57	165	3.20e-13	70.1
WP_000259031.1	279	k121_233941_1	N/A	37.000	36	100	4.51e-13	67.8
WP_000259031.1	279	k121_938787_5	N/A	28.761	78	226	5.32e-13	71.2
WP_000259031.1	279	k121_1106668_9	N/A	29.126	70	206	1.92e-12	68.9
WP_000259031.1	279	k121_1666582_1	N/A	28.169	74	213	2.75e-12	68.2
WP_000259031.1	279	k121_1080575_1	N/A	29.193	56	161	5.90e-12	67.8
WP_000259031.1	279	k121_632226_1	N/A	25.121	67	207	1.76e-11	66.2
WP_000259031.1	279	k121_446892_1	N/A	30.968	55	155	4.23e-11	63.9
WP_000259031.1	279	k121_1580718_1	N/A	29.834	63	181	4.63e-11	64.3
WP_000259031.1	279	k121_887899_2	N/A	32.075	38	106	8.57e-11	62.0
WP_000259031.1	279	k121_184096_1	N/A	34.259	38	108	1.25e-10	63.2
WP_000259031.1	279	k121_995206_2	N/A	31.250	67	192	2.52e-10	62.4
WP_000259031.1	279	k121_711924_1	N/A	37.363	32	91	6.91e-10	58.5
WP_000259031.1	279	k121_1207493_10	N/A	28.169	74	213	2.15e-09	60.1
WP_000259031.1	279	k121_869649_2	N/A	30.519	55	154	1.43e-08	56.6
WP_000259031.1	279	k121_1360583_2	N/A	29.455	95	275	2.67e-08	58.2
WP_000259031.1	279	k121_9880_1	N/A	27.950	57	161	3.82e-08	55.5
WP_000259031.1	279	k121_1016555_2	N/A	41.667	29	84	3.87e-08	54.3
WP_000259031.1	279	k121_10193_4	N/A	34.545	38	110	2.56e-07	53.5
WP_000259031.1	279	k121_1128098_1	N/A	30.000	65	190	4.54e-07	52.8
WP_000259031.1	279	k121_1279745_4	N/A	41.667	29	84	5.01e-07	50.8
WP_000259031.1	279	k121_445468_2	N/A	25.203	44	123	9.21e-07	51.6
WP_000259031.1	279	k121_1517116_2	N/A	29.293	67	198	2.24e-06	50.8
WP_000259031.1	279	k121_314359_5	N/A	25.833	43	120	7.42e-06	47.8
WP_000259031.1	279	k121_866694_2	N/A	38.333	22	60	8.69e-06	46.6
WP_000259031.1	279	k121_856767_3	N/A	30.435	25	69	1.97e-05	46.2
WP_000259031.1	279	k121_978003_1	N/A	37.349	29	83	5.90e-05	46.2
WP_000259031.1	279	k121_1013499_1	N/A	29.457	44	129	1.01e-04	45.1
WP_000259031.1	279	k121_1145853_2	N/A	40.580	25	69	1.09e-04	45.4
WP_000259031.1	279	k121_1148638_1	N/A	35.802	29	81	1.51e-04	43.9
WP_000259031.1	279	k121_986819_3	N/A	36.207	21	58	8.60e-04	41.2
WP_000259031.1	279	k121_1491094_3	N/A	30.645	22	62	0.016	37.7
WP_001043260.1	271	k121_1794909_1	N/A	100.000	100	271	0.0	528
WP_001043260.1	271	k121_1397895_2	N/A	50.769	96	260	5.96e-88	265
WP_001043260.1	271	k121_1708175_5	N/A	53.516	94	256	2.29e-83	254
WP_001043260.1	271	k121_788583_2	N/A	39.544	94	263	2.85e-50	169
WP_001043260.1	271	k121_803320_2	N/A	41.600	90	250	9.10e-50	168
WP_001043260.1	271	k121_161248_2	N/A	39.464	96	261	4.27e-49	166
WP_001043260.1	271	k121_248910_27	N/A	36.293	95	259	5.31e-49	166
WP_001043260.1	271	k121_1227591_2	N/A	40.075	97	267	1.89e-48	165
WP_001043260.1	271	k121_1193068_1	N/A	38.951	96	267	2.43e-48	165
WP_001043260.1	271	k121_235364_2	N/A	37.548	95	261	2.53e-48	164
WP_001043260.1	271	k121_725125_2	N/A	40.840	96	262	3.33e-48	164
WP_001043260.1	271	k121_1165501_2	N/A	38.806	97	268	5.07e-48	164
WP_001043260.1	271	k121_289354_3	N/A	39.033	95	269	3.99e-47	162
WP_001043260.1	271	k121_486931_2	N/A	37.692	96	260	5.54e-46	158
WP_001043260.1	271	k121_1333328_2	N/A	39.080	95	261	3.92e-45	156
WP_001043260.1	271	k121_276542_1	N/A	37.687	99	268	1.58e-44	155
WP_001043260.1	271	k121_1669116_1	N/A	39.256	89	242	1.69e-44	154
WP_001043260.1	271	k121_715414_1	N/A	36.923	95	260	3.81e-44	155
WP_001043260.1	271	k121_1483682_2	N/A	39.768	96	259	3.15e-43	151
WP_001043260.1	271	k121_321002_1	N/A	37.209	93	258	1.20e-42	150
WP_001043260.1	271	k121_802435_2	N/A	40.449	97	267	3.32e-41	146
WP_001043260.1	271	k121_1535475_2	N/A	39.700	97	267	5.85e-41	145
WP_001043260.1	271	k121_1753972_1	N/A	36.735	90	245	1.63e-40	144
WP_001043260.1	271	k121_333383_3	N/A	37.302	93	252	4.35e-40	142
WP_001043260.1	271	k121_1580345_2	N/A	36.122	95	263	5.83e-40	143
WP_001043260.1	271	k121_257793_31	N/A	34.586	98	266	1.17e-39	142
WP_001043260.1	271	k121_1201249_7	N/A	37.453	96	267	2.40e-39	142
WP_001043260.1	271	k121_1823333_1	N/A	33.333	96	261	2.80e-39	142
WP_001043260.1	271	k121_918641_1	N/A	35.714	98	266	8.33e-39	140
WP_001043260.1	271	k121_1632144_1	N/A	35.688	96	269	8.75e-39	140
WP_001043260.1	271	k121_783737_2	N/A	35.496	96	262	1.16e-38	140
WP_001043260.1	271	k121_1052223_15	N/A	38.610	92	259	3.02e-38	139
WP_001043260.1	271	k121_862373_143	N/A	34.733	96	262	1.01e-37	137
WP_001043260.1	271	k121_1520531_5	N/A	33.942	96	274	3.01e-37	136
WP_001043260.1	271	k121_1694143_36	N/A	37.500	91	248	3.12e-37	135
WP_001043260.1	271	k121_660789_36	N/A	35.632	95	261	3.14e-37	136
WP_001043260.1	271	k121_517598_2	N/A	36.842	97	266	6.54e-37	136
WP_001043260.1	271	k121_636781_2	N/A	34.470	96	264	2.14e-36	134
WP_001043260.1	271	k121_1499369_2	N/A	37.736	97	265	3.67e-36	133
WP_001043260.1	271	k121_458499_6	N/A	33.333	88	240	5.50e-36	132
WP_001043260.1	271	k121_692480_22	N/A	39.544	94	263	9.62e-36	132
WP_001043260.1	271	k121_927002_30	N/A	34.701	96	268	2.11e-35	131
WP_001043260.1	271	k121_342943_2	N/A	38.610	93	259	3.36e-35	130
WP_001043260.1	271	k121_463541_6	N/A	35.338	95	266	6.09e-35	129
WP_001043260.1	271	k121_1221180_2	N/A	38.314	93	261	8.35e-35	129
WP_001043260.1	271	k121_1826109_6	N/A	38.710	90	248	1.09e-34	129
WP_001043260.1	271	k121_387028_2	N/A	37.548	95	261	2.77e-34	127
WP_001043260.1	271	k121_1208423_1	N/A	37.175	92	269	6.16e-34	131
WP_001043260.1	271	k121_752258_35	N/A	36.260	96	262	6.28e-34	127
WP_001043260.1	271	k121_1281159_23	N/A	34.962	97	266	1.11e-33	126
WP_001043260.1	271	k121_480707_6	N/A	34.317	90	271	2.15e-33	126
WP_001043260.1	271	k121_1264493_16	N/A	31.321	97	265	2.29e-33	125
WP_001043260.1	271	k121_1638600_5	N/A	33.852	92	257	2.48e-33	125
WP_001043260.1	271	k121_342955_3	N/A	37.838	93	259	3.04e-33	125
WP_001043260.1	271	k121_770436_3	N/A	33.688	98	282	3.39e-33	126
WP_001043260.1	271	k121_1649945_1	N/A	36.406	79	217	9.05e-33	123
WP_001043260.1	271	k121_226580_1	N/A	37.788	79	217	1.36e-32	122
WP_001043260.1	271	k121_1721221_2	N/A	36.486	81	222	1.37e-32	124
WP_001043260.1	271	k121_52876_4	N/A	34.340	95	265	2.15e-32	123
WP_001043260.1	271	k121_1387741_2	N/A	34.717	95	265	2.36e-32	124
WP_001043260.1	271	k121_1086824_1	N/A	30.851	97	282	2.74e-32	123
WP_001043260.1	271	k121_19056_8	N/A	37.788	78	217	3.58e-32	122
WP_001043260.1	271	k121_226140_4	N/A	30.435	91	253	6.16e-32	122
WP_001043260.1	271	k121_1400679_3	N/A	29.119	94	261	7.10e-32	121
WP_001043260.1	271	k121_625526_3	N/A	34.661	92	251	1.33e-31	121
WP_001043260.1	271	k121_700476_4	N/A	33.588	96	262	2.90e-31	120
WP_001043260.1	271	k121_562334_40	N/A	32.482	97	274	3.05e-31	121
WP_001043260.1	271	k121_794585_2	N/A	33.945	79	218	4.04e-31	119
WP_001043260.1	271	k121_489954_3	N/A	29.057	97	265	5.03e-31	119
WP_001043260.1	271	k121_1379774_21	N/A	37.751	90	249	6.92e-31	119
WP_001043260.1	271	k121_162904_2	N/A	33.955	96	268	7.98e-31	120
WP_001043260.1	271	k121_692655_5	N/A	34.559	97	272	1.72e-30	119
WP_001043260.1	271	k121_257915_19	N/A	36.154	91	260	1.75e-30	118
WP_001043260.1	271	k121_1687935_35	N/A	35.907	91	259	2.76e-30	117
WP_001043260.1	271	k121_1168652_3	N/A	33.818	96	275	3.46e-30	118
WP_001043260.1	271	k121_663879_6	N/A	33.721	94	258	4.04e-30	117
WP_001043260.1	271	k121_590895_19	N/A	31.203	96	266	4.73e-30	117
WP_001043260.1	271	k121_162769_2	N/A	37.786	95	262	1.21e-29	117
WP_001043260.1	271	k121_782478_10	N/A	32.463	97	268	2.18e-29	115
WP_001043260.1	271	k121_1497165_6	N/A	28.244	96	262	3.12e-29	115
WP_001043260.1	271	k121_1368867_1	N/A	33.865	91	251	3.96e-29	114
WP_001043260.1	271	k121_440018_1	N/A	32.000	91	250	5.27e-29	114
WP_001043260.1	271	k121_461850_8	N/A	30.830	91	253	5.33e-29	114
WP_001043260.1	271	k121_326781_4	N/A	37.692	95	260	9.96e-29	114
WP_001043260.1	271	k121_79472_2	N/A	28.846	94	260	2.34e-28	113
WP_001043260.1	271	k121_671807_2	N/A	35.424	97	271	4.39e-28	112
WP_001043260.1	271	k121_1271849_13	N/A	37.778	79	225	1.14e-27	111
WP_001043260.1	271	k121_1238120_1	N/A	27.481	95	262	1.17e-27	110
WP_001043260.1	271	k121_703605_1	N/A	32.800	90	250	1.54e-27	110
WP_001043260.1	271	k121_1816509_5	N/A	36.122	96	263	1.65e-27	110
WP_001043260.1	271	k121_1140381_2	N/A	39.098	97	266	1.79e-27	110
WP_001043260.1	271	k121_559305_7	N/A	35.472	96	265	2.48e-27	111
WP_001043260.1	271	k121_1187251_4	N/A	29.588	97	267	2.88e-27	111
WP_001043260.1	271	k121_859784_2	N/A	26.236	96	263	4.13e-27	109
WP_001043260.1	271	k121_59071_3	N/A	35.377	78	212	7.65e-27	108
WP_001043260.1	271	k121_45789_40	N/A	26.400	91	250	9.69e-27	108
WP_001043260.1	271	k121_1703436_2	N/A	35.976	58	164	3.11e-26	104
WP_001043260.1	271	k121_98730_1	N/A	31.679	96	262	5.22e-26	106
WP_001043260.1	271	k121_1802293_17	N/A	33.210	97	271	1.97e-25	105
WP_001043260.1	271	k121_719686_3	N/A	27.715	96	267	1.99e-25	104
WP_001043260.1	271	k121_1530773_2	N/A	28.814	85	236	3.02e-25	103
WP_001043260.1	271	k121_9632_1	N/A	30.894	89	246	1.45e-24	102
WP_001043260.1	271	k121_1659414_8	N/A	31.076	90	251	1.81e-24	102
WP_001043260.1	271	k121_1387714_3	N/A	26.838	97	272	2.22e-24	102
WP_001043260.1	271	k121_1172939_45	N/A	31.298	96	262	2.67e-24	102
WP_001043260.1	271	k121_176503_6	N/A	32.061	86	262	3.93e-24	101
WP_001043260.1	271	k121_498198_26	N/A	34.733	90	262	3.97e-24	102
WP_001043260.1	271	k121_489_42	N/A	31.076	90	251	5.40e-24	101
WP_001043260.1	271	k121_520317_2	N/A	32.400	90	250	8.39e-24	100
WP_001043260.1	271	k121_11897_1	N/A	42.400	46	125	9.07e-24	97.1
WP_001043260.1	271	k121_1670608_4	N/A	31.818	97	264	3.15e-23	100
WP_001043260.1	271	k121_36744_7	N/A	32.453	95	265	5.80e-23	98.2
WP_001043260.1	271	k121_1715567_9	N/A	29.057	96	265	6.61e-23	98.6
WP_001043260.1	271	k121_134738_3	N/A	28.807	84	243	7.91e-23	97.1
WP_001043260.1	271	k121_887899_2	N/A	43.119	39	109	1.17e-22	93.6
WP_001043260.1	271	k121_1632619_36	N/A	34.074	97	270	1.26e-22	97.4
WP_001043260.1	271	k121_390156_2	N/A	31.156	71	199	1.71e-22	95.9
WP_001043260.1	271	k121_691805_1	N/A	26.295	91	251	2.19e-22	96.7
WP_001043260.1	271	k121_116869_24	N/A	33.704	90	270	2.42e-22	96.7
WP_001043260.1	271	k121_1040909_2	N/A	33.146	64	178	2.52e-22	95.5
WP_001043260.1	271	k121_13382_4	N/A	29.412	90	255	2.73e-22	96.3
WP_001043260.1	271	k121_1373423_2	N/A	32.979	69	188	3.09e-22	94.4
WP_001043260.1	271	k121_956914_23	N/A	28.016	91	257	4.40e-22	97.8
WP_001043260.1	271	k121_1104356_2	N/A	28.090	96	267	5.03e-22	95.5
WP_001043260.1	271	k121_1210968_2	N/A	34.722	76	216	8.17e-22	94.4
WP_001043260.1	271	k121_1047986_14	N/A	34.247	79	219	9.92e-22	95.9
WP_001043260.1	271	k121_1018009_25	N/A	26.506	90	249	9.92e-22	94.7
WP_001043260.1	271	k121_1739153_3	N/A	26.415	96	265	1.44e-21	94.7
WP_001043260.1	271	k121_1059207_1	N/A	25.641	85	234	1.48e-21	93.6
WP_001043260.1	271	k121_554158_1	N/A	31.950	87	241	3.43e-21	92.8
WP_001043260.1	271	k121_1000942_1	N/A	31.163	78	215	8.30e-21	92.8
WP_001043260.1	271	k121_1284681_2	N/A	38.650	60	163	8.43e-21	90.9
WP_001043260.1	271	k121_711583_1	N/A	38.281	46	128	2.09e-19	85.9
WP_001043260.1	271	k121_632226_1	N/A	30.660	70	212	2.31e-19	87.8
WP_001043260.1	271	k121_938787_5	N/A	32.883	79	222	6.46e-19	87.8
WP_001043260.1	271	k121_94777_18	N/A	30.526	97	285	1.20e-18	87.0
WP_001043260.1	271	k121_183552_1	N/A	38.583	46	127	1.23e-18	83.6
WP_001043260.1	271	k121_367265_3	N/A	30.483	97	269	2.37e-18	85.5
WP_001043260.1	271	k121_869142_7	N/A	32.973	65	185	2.72e-18	86.3
WP_001043260.1	271	k121_526323_2	N/A	28.906	92	256	3.37e-18	85.1
WP_001043260.1	271	k121_931535_4	N/A	32.520	83	246	4.81e-18	85.1
WP_001043260.1	271	k121_920703_10	N/A	27.941	97	272	1.07e-17	84.3
WP_001043260.1	271	k121_265522_79	N/A	29.767	77	215	2.04e-17	82.8
WP_001043260.1	271	k121_184096_1	N/A	45.872	39	109	2.56e-17	81.3
WP_001043260.1	271	k121_945327_1	N/A	27.519	93	258	5.75e-17	82.0
WP_001043260.1	271	k121_691531_1	N/A	29.461	86	241	1.11e-16	80.9
WP_001043260.1	271	k121_1080575_1	N/A	32.484	57	157	1.14e-16	80.9
WP_001043260.1	271	k121_468093_1	N/A	31.696	80	224	1.31e-16	80.1
WP_001043260.1	271	k121_1160288_31	N/A	28.159	97	277	1.43e-16	81.3
WP_001043260.1	271	k121_1770272_2	N/A	28.148	97	270	2.05e-16	80.9
WP_001043260.1	271	k121_233941_1	N/A	37.624	37	101	3.76e-16	75.9
WP_001043260.1	271	k121_904928_6	N/A	31.365	96	271	3.60e-15	77.4
WP_001043260.1	271	k121_1430707_6	N/A	28.417	97	278	1.17e-14	75.9
WP_001043260.1	271	k121_1635581_17	N/A	28.740	90	254	1.23e-14	76.3
WP_001043260.1	271	k121_1016555_2	N/A	44.706	31	85	1.39e-14	71.6
WP_001043260.1	271	k121_1666582_1	N/A	30.047	75	213	2.54e-14	73.9
WP_001043260.1	271	k121_10193_4	N/A	41.905	38	105	6.36e-14	71.6
WP_001043260.1	271	k121_1145853_2	N/A	50.000	30	80	1.14e-13	70.5
WP_001043260.1	271	k121_866694_2	N/A	48.333	22	60	2.15e-13	67.4
WP_001043260.1	271	k121_705653_2	N/A	26.838	96	272	2.42e-13	72.0
WP_001043260.1	271	k121_1233980_1	N/A	25.352	77	213	2.73e-13	70.9
WP_001043260.1	271	k121_691268_4	N/A	28.000	96	275	2.87e-13	72.4
WP_001043260.1	271	k121_767641_35	N/A	28.205	96	273	3.56e-13	71.6
WP_001043260.1	271	k121_869649_2	N/A	31.847	57	157	9.81e-13	68.2
WP_001043260.1	271	k121_689488_19	N/A	30.460	64	174	2.14e-12	68.9
WP_001043260.1	271	k121_1730601_126	N/A	27.985	95	268	1.64e-11	66.6
WP_001043260.1	271	k121_978003_1	N/A	57.353	25	68	1.80e-11	64.3
WP_001043260.1	271	k121_711924_1	N/A	46.269	25	67	1.91e-11	62.8
WP_001043260.1	271	k121_995206_2	N/A	31.551	68	187	2.17e-11	65.5
WP_001043260.1	271	k121_1785443_20	N/A	25.498	90	251	3.83e-11	66.6
WP_001043260.1	271	k121_1580718_1	N/A	27.273	65	187	9.41e-11	63.2
WP_001043260.1	271	k121_1128098_1	N/A	33.784	52	148	2.28e-10	62.0
WP_001043260.1	271	k121_1207493_10	N/A	31.308	75	214	4.53e-10	62.0
WP_001043260.1	271	k121_622180_4	N/A	27.636	96	275	5.23e-10	62.8
WP_001043260.1	271	k121_1289984_1	N/A	48.148	20	54	7.06e-10	57.4
WP_001043260.1	271	k121_856767_3	N/A	33.803	26	71	4.96e-09	55.8
WP_001043260.1	271	k121_9880_1	N/A	28.105	56	153	5.63e-09	57.8
WP_001043260.1	271	k121_1106668_9	N/A	25.909	79	220	6.13e-09	58.9
WP_001043260.1	271	k121_1491094_3	N/A	38.095	23	63	3.07e-07	50.8
WP_001043260.1	271	k121_446892_1	N/A	26.786	62	168	9.18e-07	51.6
WP_001043260.1	271	k121_631218_1	N/A	28.571	46	126	2.41e-06	51.6
WP_001043260.1	271	k121_445468_2	N/A	27.389	57	157	2.78e-06	50.1
WP_001043260.1	271	k121_1517116_2	N/A	33.708	63	178	1.58e-05	48.1
WP_001043260.1	271	k121_314359_5	N/A	24.490	36	98	2.65e-05	46.2
WP_001043260.1	271	k121_1185014_14	N/A	28.179	96	291	3.17e-05	48.5
WP_001043260.1	271	k121_986819_3	N/A	35.593	22	59	5.83e-04	41.6
WP_000034420.1	263	k121_1397895_2	N/A	60.392	97	255	1.89e-110	322
WP_000034420.1	263	k121_1794909_1	N/A	52.124	98	259	2.62e-80	246
WP_000034420.1	263	k121_1708175_5	N/A	43.182	100	264	6.36e-78	240
WP_000034420.1	263	k121_486931_2	N/A	41.538	98	260	4.16e-58	189
WP_000034420.1	263	k121_248910_27	N/A	39.464	98	261	8.81e-57	185
WP_000034420.1	263	k121_1333328_2	N/A	39.245	99	265	3.70e-55	181
WP_000034420.1	263	k121_235364_2	N/A	37.736	99	265	8.98e-55	181
WP_000034420.1	263	k121_788583_2	N/A	38.697	98	261	2.57e-54	179
WP_000034420.1	263	k121_1483682_2	N/A	42.146	98	261	5.06e-53	176
WP_000034420.1	263	k121_161248_2	N/A	37.931	98	261	2.49e-52	174
WP_000034420.1	263	k121_1669116_1	N/A	42.213	92	244	2.55e-52	174
WP_000034420.1	263	k121_1227591_2	N/A	36.260	98	262	3.69e-51	172
WP_000034420.1	263	k121_715414_1	N/A	35.878	99	262	4.43e-51	172
WP_000034420.1	263	k121_803320_2	N/A	35.115	98	262	9.54e-50	168
WP_000034420.1	263	k121_725125_2	N/A	36.293	98	259	1.32e-49	168
WP_000034420.1	263	k121_1823333_1	N/A	35.741	99	263	4.54e-49	167
WP_000034420.1	263	k121_276542_1	N/A	38.610	98	259	4.78e-49	166
WP_000034420.1	263	k121_625526_3	N/A	38.023	99	263	3.52e-48	164
WP_000034420.1	263	k121_1499369_2	N/A	41.762	98	261	8.08e-48	163
WP_000034420.1	263	k121_660789_36	N/A	36.981	99	265	2.06e-47	162
WP_000034420.1	263	k121_862373_143	N/A	34.766	97	256	3.65e-47	162
WP_000034420.1	263	k121_1165501_2	N/A	36.803	99	269	6.49e-47	161
WP_000034420.1	263	k121_333383_3	N/A	38.000	95	250	1.48e-46	159
WP_000034420.1	263	k121_918641_1	N/A	36.398	98	261	2.61e-46	159
WP_000034420.1	263	k121_783737_2	N/A	35.249	99	261	3.67e-46	159
WP_000034420.1	263	k121_782478_10	N/A	36.194	98	268	7.68e-46	157
WP_000034420.1	263	k121_257793_31	N/A	34.866	99	261	1.34e-45	158
WP_000034420.1	263	k121_1753972_1	N/A	36.400	94	250	1.91e-45	156
WP_000034420.1	263	k121_1632144_1	N/A	34.201	99	269	4.85e-45	156
WP_000034420.1	263	k121_458499_6	N/A	34.252	96	254	5.35e-45	155
WP_000034420.1	263	k121_1535475_2	N/A	35.094	99	265	1.51e-44	154
WP_000034420.1	263	k121_1580345_2	N/A	35.741	98	263	2.83e-44	154
WP_000034420.1	263	k121_1694143_36	N/A	34.100	99	261	4.07e-44	153
WP_000034420.1	263	k121_663879_6	N/A	37.597	97	258	4.54e-44	152
WP_000034420.1	263	k121_1193068_1	N/A	31.418	98	261	4.92e-44	153
WP_000034420.1	263	k121_289354_3	N/A	35.401	99	274	6.50e-44	153
WP_000034420.1	263	k121_802435_2	N/A	34.717	100	265	6.57e-44	152
WP_000034420.1	263	k121_752258_35	N/A	34.962	99	266	7.56e-41	145
WP_000034420.1	263	k121_1721221_2	N/A	35.361	98	263	1.69e-40	144
WP_000034420.1	263	k121_520317_2	N/A	34.962	99	266	1.47e-39	141
WP_000034420.1	263	k121_52876_4	N/A	34.351	99	262	2.85e-39	140
WP_000034420.1	263	k121_1520531_5	N/A	32.740	99	281	3.79e-39	141
WP_000034420.1	263	k121_387028_2	N/A	36.398	98	261	6.75e-39	139
WP_000034420.1	263	k121_1208423_1	N/A	33.813	99	278	9.89e-39	143
WP_000034420.1	263	k121_703605_1	N/A	33.333	98	261	1.16e-38	139
WP_000034420.1	263	k121_927002_30	N/A	33.835	98	266	1.47e-38	139
WP_000034420.1	263	k121_1649945_1	N/A	34.222	85	225	1.58e-38	138
WP_000034420.1	263	k121_1086824_1	N/A	32.491	99	277	1.93e-38	139
WP_000034420.1	263	k121_162769_2	N/A	34.470	99	264	3.00e-38	139
WP_000034420.1	263	k121_1201249_7	N/A	32.453	98	265	5.40e-38	138
WP_000034420.1	263	k121_1168652_3	N/A	31.734	98	271	1.39e-37	137
WP_000034420.1	263	k121_1387741_2	N/A	35.741	98	263	3.55e-37	136
WP_000034420.1	263	k121_562334_40	N/A	32.601	99	273	5.85e-37	135
WP_000034420.1	263	k121_321002_1	N/A	32.319	99	263	5.95e-37	135
WP_000034420.1	263	k121_1638600_5	N/A	36.364	97	264	8.19e-37	134
WP_000034420.1	263	k121_463541_6	N/A	33.712	98	264	9.40e-36	131
WP_000034420.1	263	k121_559305_7	N/A	31.579	99	266	2.02e-35	132
WP_000034420.1	263	k121_98730_1	N/A	33.597	94	253	5.08e-35	130
WP_000034420.1	263	k121_1826109_6	N/A	32.520	93	246	9.98e-35	129
WP_000034420.1	263	k121_1802293_17	N/A	29.963	98	267	1.14e-34	130
WP_000034420.1	263	k121_1187251_4	N/A	30.534	99	262	1.99e-34	130
WP_000034420.1	263	k121_59071_3	N/A	32.721	98	272	2.51e-34	128
WP_000034420.1	263	k121_770436_3	N/A	30.435	99	276	2.69e-34	129
WP_000034420.1	263	k121_1221180_2	N/A	32.184	97	261	2.74e-34	127
WP_000034420.1	263	k121_36744_7	N/A	35.206	98	267	3.06e-34	127
WP_000034420.1	263	k121_1400679_3	N/A	32.296	96	257	3.25e-34	127
WP_000034420.1	263	k121_326781_4	N/A	32.576	99	264	3.49e-34	129
WP_000034420.1	263	k121_590895_19	N/A	30.682	98	264	5.04e-34	127
WP_000034420.1	263	k121_342955_3	N/A	31.818	97	264	1.00e-33	126
WP_000034420.1	263	k121_956914_23	N/A	32.601	100	273	1.75e-33	128
WP_000034420.1	263	k121_440018_1	N/A	33.205	97	259	2.64e-33	125
WP_000034420.1	263	k121_692655_5	N/A	31.955	99	266	3.36e-33	127
WP_000034420.1	263	k121_1281159_23	N/A	31.518	97	257	4.52e-33	124
WP_000034420.1	263	k121_1816509_5	N/A	33.840	98	263	1.23e-32	123
WP_000034420.1	263	k121_700476_4	N/A	33.585	99	265	1.29e-32	124
WP_000034420.1	263	k121_794585_2	N/A	32.900	86	231	1.31e-32	122
WP_000034420.1	263	k121_1497165_6	N/A	29.771	98	262	1.72e-32	123
WP_000034420.1	263	k121_226580_1	N/A	33.023	81	215	1.73e-32	122
WP_000034420.1	263	k121_1052223_15	N/A	30.196	94	255	1.85e-32	124
WP_000034420.1	263	k121_636781_2	N/A	32.075	98	265	2.45e-32	124
WP_000034420.1	263	k121_1264493_16	N/A	32.046	97	259	4.67e-32	122
WP_000034420.1	263	k121_1379774_21	N/A	34.263	93	251	4.76e-32	121
WP_000034420.1	263	k121_342943_2	N/A	32.319	97	263	6.05e-32	121
WP_000034420.1	263	k121_162904_2	N/A	30.827	99	266	7.08e-32	123
WP_000034420.1	263	k121_1387714_3	N/A	33.460	98	263	7.66e-32	121
WP_000034420.1	263	k121_554158_1	N/A	34.146	90	246	8.78e-32	120
WP_000034420.1	263	k121_517598_2	N/A	32.937	94	252	1.53e-31	122
WP_000034420.1	263	k121_226140_4	N/A	30.798	97	263	2.25e-31	120
WP_000034420.1	263	k121_489954_3	N/A	33.077	97	260	2.38e-31	120
WP_000034420.1	263	k121_692480_22	N/A	32.830	98	265	3.78e-31	119
WP_000034420.1	263	k121_1670608_4	N/A	32.950	98	261	3.95e-31	120
WP_000034420.1	263	k121_13382_4	N/A	33.463	94	257	5.21e-31	119
WP_000034420.1	263	k121_489_42	N/A	32.197	98	264	6.32e-31	119
WP_000034420.1	263	k121_1238120_1	N/A	32.184	97	261	9.77e-31	118
WP_000034420.1	263	k121_1172939_45	N/A	32.806	94	253	2.33e-30	118
WP_000034420.1	263	k121_176503_6	N/A	29.845	89	258	3.51e-30	117
WP_000034420.1	263	k121_1104356_2	N/A	29.278	98	263	2.13e-29	114
WP_000034420.1	263	k121_1373423_2	N/A	33.880	70	183	4.85e-29	111
WP_000034420.1	263	k121_19056_8	N/A	30.350	95	257	6.96e-29	113
WP_000034420.1	263	k121_1715567_9	N/A	30.916	97	262	7.10e-29	114
WP_000034420.1	263	k121_480707_6	N/A	29.856	94	278	9.25e-29	113
WP_000034420.1	263	k121_1047986_14	N/A	30.769	93	273	1.02e-28	114
WP_000034420.1	263	k121_859784_2	N/A	30.682	99	264	1.09e-28	113
WP_000034420.1	263	k121_134738_3	N/A	29.583	86	240	1.97e-28	111
WP_000034420.1	263	k121_1739153_3	N/A	30.303	99	264	1.99e-28	112
WP_000034420.1	263	k121_1659414_8	N/A	32.016	93	253	3.85e-28	112
WP_000034420.1	263	k121_45789_40	N/A	30.451	98	266	4.01e-28	112
WP_000034420.1	263	k121_671807_2	N/A	31.716	99	268	4.16e-28	112
WP_000034420.1	263	k121_1632619_36	N/A	32.830	98	265	1.06e-27	110
WP_000034420.1	263	k121_719686_3	N/A	31.559	99	263	1.38e-27	110
WP_000034420.1	263	k121_1140381_2	N/A	35.741	98	263	2.85e-27	109
WP_000034420.1	263	k121_1530773_2	N/A	31.224	88	237	3.01e-27	108
WP_000034420.1	263	k121_767641_35	N/A	29.572	94	257	4.18e-27	109
WP_000034420.1	263	k121_79472_2	N/A	29.231	97	260	5.57e-27	109
WP_000034420.1	263	k121_257915_19	N/A	30.403	98	273	6.05e-27	108
WP_000034420.1	263	k121_691805_1	N/A	27.519	97	258	9.79e-27	107
WP_000034420.1	263	k121_461850_8	N/A	28.996	97	269	1.63e-26	107
WP_000034420.1	263	k121_11897_1	N/A	37.903	47	124	3.93e-26	102
WP_000034420.1	263	k121_1687935_35	N/A	33.716	94	261	4.57e-26	106
WP_000034420.1	263	k121_498198_26	N/A	31.047	98	277	1.09e-25	105
WP_000034420.1	263	k121_1271849_13	N/A	31.797	81	217	1.61e-25	105
WP_000034420.1	263	k121_1730601_126	N/A	29.880	93	251	2.42e-25	104
WP_000034420.1	263	k121_1080575_1	N/A	37.500	59	160	3.14e-25	103
WP_000034420.1	263	k121_1160288_31	N/A	29.771	97	262	5.52e-25	103
WP_000034420.1	263	k121_920703_10	N/A	29.389	97	262	4.18e-24	101
WP_000034420.1	263	k121_1703436_2	N/A	32.278	57	158	7.42e-24	98.2
WP_000034420.1	263	k121_705653_2	N/A	30.040	94	253	9.68e-24	100
WP_000034420.1	263	k121_691268_4	N/A	28.571	94	259	1.01e-23	101
WP_000034420.1	263	k121_691531_1	N/A	29.487	87	234	7.88e-23	97.1
WP_000034420.1	263	k121_184096_1	N/A	44.554	38	101	1.16e-22	95.5
WP_000034420.1	263	k121_887899_2	N/A	37.931	44	116	2.50e-22	92.8
WP_000034420.1	263	k121_1000942_1	N/A	32.110	81	218	3.08e-22	96.3
WP_000034420.1	263	k121_1106668_9	N/A	31.132	77	212	6.21e-22	94.4
WP_000034420.1	263	k121_1368867_1	N/A	30.435	94	253	8.65e-22	94.7
WP_000034420.1	263	k121_9632_1	N/A	30.081	92	246	1.07e-21	94.4
WP_000034420.1	263	k121_1770272_2	N/A	28.889	98	270	1.14e-21	94.7
WP_000034420.1	263	k121_1059207_1	N/A	29.060	87	234	4.10e-21	92.0
WP_000034420.1	263	k121_1018009_25	N/A	29.924	98	264	9.50e-21	91.7
WP_000034420.1	263	k121_1785443_20	N/A	29.771	97	262	1.54e-20	94.4
WP_000034420.1	263	k121_1635581_17	N/A	29.528	94	254	1.60e-20	92.8
WP_000034420.1	263	k121_631218_1	N/A	28.794	94	257	1.70e-20	92.0
WP_000034420.1	263	k121_390156_2	N/A	32.203	66	177	1.92e-20	90.5
WP_000034420.1	263	k121_1040909_2	N/A	31.844	66	179	3.07e-20	89.7
WP_000034420.1	263	k121_1430707_6	N/A	30.075	97	266	4.28e-20	90.5
WP_000034420.1	263	k121_116869_24	N/A	27.758	97	281	5.00e-20	90.1
WP_000034420.1	263	k121_869142_7	N/A	27.184	77	206	6.12e-20	90.5
WP_000034420.1	263	k121_945327_1	N/A	27.941	97	272	7.04e-20	89.7
WP_000034420.1	263	k121_632226_1	N/A	35.052	65	194	1.85e-19	87.8
WP_000034420.1	263	k121_931535_4	N/A	30.594	82	219	2.87e-19	88.2
WP_000034420.1	263	k121_938787_5	N/A	29.771	97	262	2.91e-19	88.6
WP_000034420.1	263	k121_1666582_1	N/A	29.348	66	184	4.76e-19	86.7
WP_000034420.1	263	k121_1284681_2	N/A	33.333	77	207	7.29e-19	85.5
WP_000034420.1	263	k121_1233980_1	N/A	31.285	66	179	7.79e-19	85.9
WP_000034420.1	263	k121_183552_1	N/A	37.600	47	125	1.13e-18	83.6
WP_000034420.1	263	k121_233941_1	N/A	39.000	38	100	1.14e-18	82.4
WP_000034420.1	263	k121_468093_1	N/A	29.412	82	221	1.63e-18	85.1
WP_000034420.1	263	k121_1210968_2	N/A	32.418	67	182	1.92e-18	85.1
WP_000034420.1	263	k121_265522_79	N/A	30.047	79	213	2.37e-18	85.1
WP_000034420.1	263	k121_995206_2	N/A	28.571	70	189	1.51e-17	82.0
WP_000034420.1	263	k121_10193_4	N/A	38.889	40	108	2.04e-17	81.3
WP_000034420.1	263	k121_94777_18	N/A	29.242	97	277	2.45e-17	83.2
WP_000034420.1	263	k121_1185014_14	N/A	28.044	94	271	5.28e-17	82.8
WP_000034420.1	263	k121_1360583_2	N/A	29.344	94	259	1.15e-16	82.4
WP_000034420.1	263	k121_622180_4	N/A	26.493	94	268	1.39e-16	81.6
WP_000034420.1	263	k121_1145853_2	N/A	45.122	30	82	3.94e-16	77.0
WP_000034420.1	263	k121_1580718_1	N/A	29.834	66	181	1.49e-15	76.3
WP_000034420.1	263	k121_526323_2	N/A	27.749	72	191	1.96e-15	77.0
WP_000034420.1	263	k121_1128098_1	N/A	32.759	63	174	5.25e-15	74.7
WP_000034420.1	263	k121_367265_3	N/A	27.749	72	191	6.93e-15	75.9
WP_000034420.1	263	k121_904928_6	N/A	31.955	97	266	7.91e-15	76.3
WP_000034420.1	263	k121_866694_2	N/A	51.724	22	58	5.86e-14	68.9
WP_000034420.1	263	k121_445468_2	N/A	30.539	62	167	1.21e-13	70.5
WP_000034420.1	263	k121_978003_1	N/A	45.783	32	83	2.94e-13	68.9
WP_000034420.1	263	k121_869649_2	N/A	30.814	64	172	5.98e-13	68.9
WP_000034420.1	263	k121_1207493_10	N/A	29.609	66	179	6.59e-13	69.7
WP_000034420.1	263	k121_1517116_2	N/A	30.055	69	183	9.03e-13	68.6
WP_000034420.1	263	k121_446892_1	N/A	29.762	62	168	1.58e-12	67.8
WP_000034420.1	263	k121_711924_1	N/A	40.659	34	91	2.48e-12	65.1
WP_000034420.1	263	k121_711583_1	N/A	31.746	47	126	4.89e-12	65.9
WP_000034420.1	263	k121_689488_19	N/A	28.409	66	176	1.11e-11	66.6
WP_000034420.1	263	k121_1016555_2	N/A	37.931	32	87	3.62e-11	62.4
WP_000034420.1	263	k121_856767_3	N/A	36.620	27	71	1.08e-09	57.8
WP_000034420.1	263	k121_9880_1	N/A	29.412	58	153	2.55e-08	55.8
WP_000034420.1	263	k121_314359_5	N/A	31.579	36	95	1.46e-05	47.0
WP_000034420.1	263	k121_341984_1	N/A	31.111	34	90	3.00e-05	45.4
WP_000034420.1	263	k121_1279745_4	N/A	33.333	35	96	0.001	41.6
WP_000034420.1	263	k121_1148638_1	N/A	30.000	34	90	0.002	40.8
WP_000034420.1	263	k121_1491094_3	N/A	31.667	23	60	0.003	39.3
WP_000034420.1	263	k121_1608833_1	N/A	32.759	22	58	0.014	37.0
WP_000034420.1	263	k121_479015_2	N/A	25.203	43	123	0.045	38.1
WP_000845048.1	337	k121_1556859_10	N/A	97.665	76	257	0.0	513
WP_000845048.1	337	k121_378317_1	N/A	100.000	71	238	3.16e-173	483
WP_000845048.1	337	k121_497808_1	N/A	63.665	96	322	6.86e-146	418
WP_000845048.1	337	k121_1810125_1	N/A	63.609	96	327	1.42e-145	417
WP_000845048.1	337	k121_877633_3	N/A	61.976	98	334	6.49e-144	413
WP_000845048.1	337	k121_133318_2	N/A	61.631	96	331	6.98e-140	405
WP_000845048.1	337	k121_1398235_2	N/A	61.043	95	326	1.26e-137	397
WP_000845048.1	337	k121_1753542_1	N/A	62.462	90	325	9.56e-137	396
WP_000845048.1	337	k121_303679_2	N/A	61.514	94	317	5.60e-135	391
WP_000845048.1	337	k121_1424796_1	N/A	59.878	98	329	2.24e-134	389
WP_000845048.1	337	k121_1722858_3	N/A	57.910	98	335	3.94e-134	388
WP_000845048.1	337	k121_131562_2	N/A	59.574	98	329	1.45e-133	386
WP_000845048.1	337	k121_1198199_1	N/A	61.589	88	302	1.40e-131	380
WP_000845048.1	337	k121_538004_3	N/A	58.589	97	326	1.15e-130	379
WP_000845048.1	337	k121_990252_10	N/A	59.347	100	337	4.52e-130	379
WP_000845048.1	337	k121_1612887_7	N/A	57.895	95	323	7.14e-130	377
WP_000845048.1	337	k121_500014_1	N/A	61.856	86	291	1.70e-126	367
WP_000845048.1	337	k121_1524370_8	N/A	58.544	94	316	3.04e-125	365
WP_000845048.1	337	k121_102666_1	N/A	60.191	93	314	2.04e-123	361
WP_000845048.1	337	k121_1485966_2	N/A	55.758	98	330	2.22e-123	361
WP_000845048.1	337	k121_1106194_1	N/A	59.322	86	295	3.53e-119	348
WP_000845048.1	337	k121_990864_5	N/A	55.452	95	321	1.64e-116	344
WP_000845048.1	337	k121_1200150_1	N/A	60.821	80	268	9.27e-115	336
WP_000845048.1	337	k121_412568_1	N/A	52.744	97	328	1.61e-114	338
WP_000845048.1	337	k121_713799_1	N/A	56.211	94	322	4.75e-113	335
WP_000845048.1	337	k121_335283_6	N/A	52.866	93	314	1.18e-112	333
WP_000845048.1	337	k121_1095578_2	N/A	53.067	96	326	5.56e-110	326
WP_000845048.1	337	k121_872744_2	N/A	54.140	93	314	2.16e-106	317
WP_000845048.1	337	k121_1193403_5	N/A	51.582	94	316	2.18e-105	315
WP_000845048.1	337	k121_145165_14	N/A	51.713	95	321	3.40e-105	314
WP_000845048.1	337	k121_1493129_1	N/A	60.000	71	240	1.93e-99	297
WP_000845048.1	337	k121_1052021_2	N/A	49.841	93	315	1.40e-97	295
WP_000845048.1	337	k121_1780763_1	N/A	49.541	97	327	3.87e-96	291
WP_000845048.1	337	k121_1566987_3	N/A	60.606	69	231	5.43e-95	285
WP_000845048.1	337	k121_1713905_1	N/A	57.959	73	245	1.00e-93	282
WP_000845048.1	337	k121_566655_1	N/A	49.839	92	311	4.03e-93	284
WP_000845048.1	337	k121_601730_2	N/A	50.955	93	314	2.01e-92	281
WP_000845048.1	337	k121_877763_1	N/A	51.071	83	280	3.31e-90	275
WP_000845048.1	337	k121_431277_2	N/A	53.629	72	248	3.81e-88	269
WP_000845048.1	337	k121_222109_1	N/A	51.246	83	281	4.93e-87	271
WP_000845048.1	337	k121_167077_1	N/A	46.309	88	298	8.80e-84	264
WP_000845048.1	337	k121_1780388_2	N/A	58.140	64	215	2.23e-79	244
WP_000845048.1	337	k121_460541_3	N/A	41.935	97	341	4.66e-79	248
WP_000845048.1	337	k121_1750748_3	N/A	42.722	93	316	1.24e-78	247
WP_000845048.1	337	k121_104989_2	N/A	45.283	93	318	7.68e-78	251
WP_000845048.1	337	k121_1616301_1	N/A	59.406	59	202	1.20e-71	224
WP_000845048.1	337	k121_1197274_3	N/A	52.727	65	220	4.01e-70	221
WP_000845048.1	337	k121_1488199_3	N/A	60.215	55	186	2.73e-69	218
WP_000845048.1	337	k121_1653876_3	N/A	57.868	57	197	5.77e-69	217
WP_000845048.1	337	k121_948012_8	N/A	61.111	53	180	2.57e-68	215
WP_000845048.1	337	k121_1636596_2	N/A	51.364	65	220	3.50e-66	211
WP_000845048.1	337	k121_273848_2	N/A	57.895	51	171	6.38e-64	203
WP_000845048.1	337	k121_444484_2	N/A	51.892	55	185	6.29e-62	199
WP_000845048.1	337	k121_1666893_3	N/A	55.921	45	152	1.24e-54	180
WP_000845048.1	337	k121_1221041_3	N/A	58.904	43	146	1.60e-53	178
WP_000845048.1	337	k121_1300333_4	N/A	57.143	72	154	1.74e-53	179
WP_000845048.1	337	k121_1300333_4	N/A	53.261	72	92	6.23e-23	99.4
WP_000845048.1	337	k121_1805127_2	N/A	44.292	65	219	3.71e-51	176
WP_000845048.1	337	k121_610452_2	N/A	34.568	95	324	3.73e-51	177
WP_000845048.1	337	k121_403107_2	N/A	56.209	45	153	1.24e-47	160
WP_000845048.1	337	k121_449825_7	N/A	52.288	45	153	2.03e-47	162
WP_000845048.1	337	k121_1688789_2	N/A	55.000	42	140	1.50e-46	158
WP_000845048.1	337	k121_988512_2	N/A	35.350	92	314	3.45e-44	156
WP_000845048.1	337	k121_766040_1	N/A	41.860	63	215	5.31e-43	154
WP_000845048.1	337	k121_1485477_2	N/A	35.608	98	337	1.90e-42	152
WP_000845048.1	337	k121_3475_1	N/A	32.595	92	316	1.88e-41	150
WP_000845048.1	337	k121_471615_9	N/A	31.348	93	319	3.67e-41	148
WP_000845048.1	337	k121_943619_2	N/A	32.931	98	331	5.13e-41	151
WP_000845048.1	337	k121_289751_47	N/A	32.698	93	315	1.27e-40	147
WP_000845048.1	337	k121_1656807_1	N/A	32.198	96	323	1.92e-40	150
WP_000845048.1	337	k121_1119655_1	N/A	33.443	90	305	3.60e-40	146
WP_000845048.1	337	k121_959516_1	N/A	52.083	42	144	4.79e-40	141
WP_000845048.1	337	k121_679299_4	N/A	33.119	91	311	3.60e-39	148
WP_000845048.1	337	k121_1273147_1	N/A	34.385	93	317	1.43e-38	141
WP_000845048.1	337	k121_1650731_3	N/A	31.118	96	331	1.96e-37	144
WP_000845048.1	337	k121_1031334_2	N/A	56.557	36	122	2.57e-37	134
WP_000845048.1	337	k121_626049_1	N/A	30.303	96	330	3.72e-37	139
WP_000845048.1	337	k121_914976_2	N/A	31.068	90	309	8.47e-37	138
WP_000845048.1	337	k121_1018284_3	N/A	35.030	98	334	1.36e-36	136
WP_000845048.1	337	k121_1128251_1	N/A	28.395	96	324	2.16e-36	137
WP_000845048.1	337	k121_1606178_2	N/A	34.030	99	335	4.02e-36	135
WP_000845048.1	337	k121_1193695_16	N/A	34.138	85	290	6.04e-36	134
WP_000845048.1	337	k121_1180189_1	N/A	31.013	93	316	1.30e-35	134
WP_000845048.1	337	k121_630795_12	N/A	34.441	97	331	2.95e-35	133
WP_000845048.1	337	k121_1734463_5	N/A	30.818	93	318	3.22e-35	135
WP_000845048.1	337	k121_494982_1	N/A	65.556	27	90	4.84e-35	126
WP_000845048.1	337	k121_336631_11	N/A	29.254	98	335	5.97e-35	135
WP_000845048.1	337	k121_1027799_1	N/A	32.831	98	332	1.75e-34	131
WP_000845048.1	337	k121_1531942_1	N/A	31.611	97	329	1.89e-34	131
WP_000845048.1	337	k121_1660315_1	N/A	28.094	88	299	2.54e-34	134
WP_000845048.1	337	k121_823717_2	N/A	33.133	98	332	2.80e-34	130
WP_000845048.1	337	k121_272448_1	N/A	34.800	74	250	4.77e-34	127
WP_000845048.1	337	k121_769566_1	N/A	31.410	92	312	7.21e-34	130
WP_000845048.1	337	k121_412914_31	N/A	32.831	98	332	8.30e-34	129
WP_000845048.1	337	k121_945949_1	N/A	29.758	85	289	9.03e-34	130
WP_000845048.1	337	k121_1436530_7	N/A	28.571	95	322	1.22e-33	130
WP_000845048.1	337	k121_349185_4	N/A	29.688	94	320	1.34e-33	128
WP_000845048.1	337	k121_538456_7	N/A	33.225	90	307	1.49e-33	128
WP_000845048.1	337	k121_495644_1	N/A	32.229	97	332	2.95e-33	128
WP_000845048.1	337	k121_1809543_1	N/A	32.239	99	335	4.79e-33	127
WP_000845048.1	337	k121_134191_1	N/A	29.063	92	320	4.98e-33	127
WP_000845048.1	337	k121_418404_1	N/A	28.615	96	325	5.09e-33	130
WP_000845048.1	337	k121_1020396_2	N/A	33.022	95	321	6.84e-33	126
WP_000845048.1	337	k121_1081540_1	N/A	31.677	94	322	1.86e-32	125
WP_000845048.1	337	k121_1124058_2	N/A	29.968	93	317	1.95e-32	128
WP_000845048.1	337	k121_64464_1	N/A	28.777	82	278	4.20e-32	126
WP_000845048.1	337	k121_18161_2	N/A	27.063	90	303	4.80e-32	125
WP_000845048.1	337	k121_1224828_2	N/A	27.961	90	304	7.45e-32	125
WP_000845048.1	337	k121_1267484_2	N/A	33.134	99	335	9.02e-32	124
WP_000845048.1	337	k121_1465868_2	N/A	36.304	88	303	1.18e-31	123
WP_000845048.1	337	k121_431756_3	N/A	29.740	80	269	1.77e-31	121
WP_000845048.1	337	k121_1790091_1	N/A	31.515	97	330	1.99e-31	123
WP_000845048.1	337	k121_1266919_2	N/A	44.030	40	134	2.02e-31	120
WP_000845048.1	337	k121_816234_35	N/A	31.804	96	327	2.14e-31	123
WP_000845048.1	337	k121_1070904_2	N/A	34.764	67	233	2.72e-31	123
WP_000845048.1	337	k121_1321819_7	N/A	32.390	93	318	4.12e-31	122
WP_000845048.1	337	k121_895550_2	N/A	32.082	87	293	7.05e-31	121
WP_000845048.1	337	k121_684919_3	N/A	29.341	98	334	7.78e-31	121
WP_000845048.1	337	k121_462783_3	N/A	33.642	95	324	8.51e-31	121
WP_000845048.1	337	k121_1296578_2	N/A	29.321	94	324	9.76e-31	121
WP_000845048.1	337	k121_1020396_1	N/A	66.667	25	84	1.17e-30	115
WP_000845048.1	337	k121_77553_4	N/A	33.442	89	308	1.43e-30	120
WP_000845048.1	337	k121_511316_5	N/A	29.043	90	303	1.43e-30	122
WP_000845048.1	337	k121_1757688_1	N/A	29.276	90	304	1.95e-30	120
WP_000845048.1	337	k121_1420081_2	N/A	31.940	99	335	1.99e-30	120
WP_000845048.1	337	k121_45065_1	N/A	29.739	89	306	2.44e-30	120
WP_000845048.1	337	k121_1362584_17	N/A	31.987	84	297	4.45e-30	119
WP_000845048.1	337	k121_694514_1	N/A	31.126	88	302	5.00e-30	119
WP_000845048.1	337	k121_68662_1	N/A	56.000	29	100	5.61e-30	114
WP_000845048.1	337	k121_1611812_2	N/A	27.778	90	306	6.22e-30	119
WP_000845048.1	337	k121_237020_1	N/A	30.072	82	276	8.50e-30	120
WP_000845048.1	337	k121_1881_3	N/A	27.744	95	328	1.22e-29	119
WP_000845048.1	337	k121_1355249_1	N/A	41.667	38	156	1.45e-29	114
WP_000845048.1	337	k121_924411_2	N/A	34.632	68	231	1.50e-29	117
WP_000845048.1	337	k121_1731466_1	N/A	34.649	67	228	3.03e-29	115
WP_000845048.1	337	k121_1662766_1	N/A	33.462	76	260	3.66e-29	115
WP_000845048.1	337	k121_1476956_1	N/A	31.420	97	331	4.42e-29	117
WP_000845048.1	337	k121_919118_2	N/A	27.961	90	304	4.96e-29	117
WP_000845048.1	337	k121_1386352_4	N/A	29.467	94	319	1.24e-28	117
WP_000845048.1	337	k121_1438538_2	N/A	28.479	90	309	1.27e-28	115
WP_000845048.1	337	k121_851070_2	N/A	32.099	96	324	1.56e-28	115
WP_000845048.1	337	k121_713696_1	N/A	29.969	96	327	2.25e-28	117
WP_000845048.1	337	k121_1592457_2	N/A	57.609	27	92	2.43e-28	110
WP_000845048.1	337	k121_1102840_1	N/A	42.336	38	137	2.60e-28	110
WP_000845048.1	337	k121_776449_3	N/A	29.710	82	276	3.25e-28	113
WP_000845048.1	337	k121_1426190_2	N/A	27.445	93	317	4.76e-28	114
WP_000845048.1	337	k121_1010293_2	N/A	61.111	26	90	4.93e-28	108
WP_000845048.1	337	k121_247806_2	N/A	32.895	67	228	5.33e-28	112
WP_000845048.1	337	k121_1247665_1	N/A	36.257	50	171	6.01e-28	110
WP_000845048.1	337	k121_5878_1	N/A	31.307	96	329	7.25e-28	113
WP_000845048.1	337	k121_601019_6	N/A	31.304	68	230	9.01e-28	110
WP_000845048.1	337	k121_916841_2	N/A	29.653	93	317	1.01e-27	115
WP_000845048.1	337	k121_1707945_1	N/A	30.094	94	319	1.14e-27	112
WP_000845048.1	337	k121_384732_2	N/A	30.435	88	299	1.18e-27	112
WP_000845048.1	337	k121_590594_1	N/A	29.063	93	320	1.45e-27	113
WP_000845048.1	337	k121_687092_2	N/A	30.000	85	290	1.75e-27	112
WP_000845048.1	337	k121_1622103_1	N/A	31.197	69	234	3.33e-27	109
WP_000845048.1	337	k121_1749571_2	N/A	30.000	82	280	4.42e-27	110
WP_000845048.1	337	k121_953129_2	N/A	31.761	93	318	5.68e-27	110
WP_000845048.1	337	k121_482763_8	N/A	26.667	97	330	6.11e-27	112
WP_000845048.1	337	k121_1590074_1	N/A	31.475	85	305	1.56e-26	110
WP_000845048.1	337	k121_1674421_2	N/A	62.651	25	83	1.82e-26	104
WP_000845048.1	337	k121_1147809_5	N/A	36.607	66	224	1.99e-26	108
WP_000845048.1	337	k121_556818_1	N/A	29.043	89	303	2.12e-26	108
WP_000845048.1	337	k121_1380971_2	N/A	33.457	77	269	2.18e-26	110
WP_000845048.1	337	k121_679030_2	N/A	31.579	76	266	8.80e-26	107
WP_000845048.1	337	k121_747689_8	N/A	32.333	85	300	9.48e-26	107
WP_000845048.1	337	k121_499143_2	N/A	30.619	91	307	1.06e-25	107
WP_000845048.1	337	k121_738042_2	N/A	29.667	89	300	1.72e-25	108
WP_000845048.1	337	k121_97952_2	N/A	33.657	91	309	2.04e-25	107
WP_000845048.1	337	k121_303433_1	N/A	33.186	63	226	3.75e-25	104
WP_000845048.1	337	k121_453861_3	N/A	48.544	28	103	3.89e-25	102
WP_000845048.1	337	k121_322796_1	N/A	28.421	82	285	4.29e-25	105
WP_000845048.1	337	k121_1646003_4	N/A	36.199	65	221	6.08e-25	105
WP_000845048.1	337	k121_562013_7	N/A	32.581	88	310	6.99e-25	106
WP_000845048.1	337	k121_182619_5	N/A	32.738	93	336	9.97e-25	105
WP_000845048.1	337	k121_297513_4	N/A	33.088	77	272	1.29e-24	105
WP_000845048.1	337	k121_750838_2	N/A	33.086	76	269	1.46e-24	104
WP_000845048.1	337	k121_963476_3	N/A	34.247	62	219	2.89e-24	104
WP_000845048.1	337	k121_724972_10	N/A	38.073	63	218	3.84e-24	103
WP_000845048.1	337	k121_876074_1	N/A	30.325	82	277	4.13e-24	105
WP_000845048.1	337	k121_1548007_1	N/A	28.521	84	284	4.41e-24	105
WP_000845048.1	337	k121_1112716_1	N/A	31.387	80	274	6.88e-24	101
WP_000845048.1	337	k121_1691883_1	N/A	30.282	82	284	7.31e-24	102
WP_000845048.1	337	k121_1209334_33	N/A	38.073	63	218	7.34e-24	103
WP_000845048.1	337	k121_1115441_3	N/A	33.000	85	300	8.39e-24	102
WP_000845048.1	337	k121_557114_8	N/A	28.428	84	299	1.06e-23	102
WP_000845048.1	337	k121_1038034_12	N/A	26.421	85	299	1.11e-23	102
WP_000845048.1	337	k121_532168_1	N/A	29.114	92	316	1.12e-23	103
WP_000845048.1	337	k121_832515_3	N/A	26.990	85	289	1.76e-23	101
WP_000845048.1	337	k121_514409_4	N/A	33.990	59	203	1.81e-23	99.0
WP_000845048.1	337	k121_331783_23	N/A	34.510	72	255	2.37e-23	101
WP_000845048.1	337	k121_248722_5	N/A	26.821	89	302	3.06e-23	100
WP_000845048.1	337	k121_1773423_2	N/A	28.094	85	299	3.42e-23	101
WP_000845048.1	337	k121_670793_5	N/A	31.438	85	299	4.71e-23	100
WP_000845048.1	337	k121_630988_2	N/A	31.650	85	297	4.72e-23	100
WP_000845048.1	337	k121_1329042_4	N/A	31.707	59	205	9.74e-23	99.8
WP_000845048.1	337	k121_637038_1	N/A	36.548	58	197	1.74e-22	96.3
WP_000845048.1	337	k121_1306848_28	N/A	35.612	78	278	1.82e-22	99.4
WP_000845048.1	337	k121_1463090_3	N/A	30.392	85	306	2.38e-22	99.0
WP_000845048.1	337	k121_1404273_2	N/A	27.575	85	301	2.64e-22	98.6
WP_000845048.1	337	k121_1617831_3	N/A	26.756	85	299	3.16e-22	98.6
WP_000845048.1	337	k121_97959_1	N/A	32.975	82	279	3.18e-22	100
WP_000845048.1	337	k121_1562358_7	N/A	26.786	80	280	3.61e-22	98.2
WP_000845048.1	337	k121_172441_2	N/A	28.364	78	275	3.82e-22	98.2
WP_000845048.1	337	k121_328838_1	N/A	30.690	83	290	4.98e-22	97.4
WP_000845048.1	337	k121_1614346_2	N/A	30.000	84	300	8.40e-22	97.4
WP_000845048.1	337	k121_564987_11	N/A	35.909	64	220	1.05e-21	97.4
WP_000845048.1	337	k121_1676265_10	N/A	34.112	62	214	1.26e-21	96.7
WP_000845048.1	337	k121_1462960_5	N/A	29.085	85	306	1.53e-21	97.4
WP_000845048.1	337	k121_1039791_1	N/A	32.984	56	191	1.98e-21	96.7
WP_000845048.1	337	k121_461044_1	N/A	32.955	52	176	2.39e-21	96.7
WP_000845048.1	337	k121_961643_2	N/A	30.435	79	276	2.66e-21	94.7
WP_000845048.1	337	k121_1201697_3	N/A	34.579	61	214	2.68e-21	95.5
WP_000845048.1	337	k121_1330614_2	N/A	31.111	88	315	3.60e-21	95.5
WP_000845048.1	337	k121_1645990_1	N/A	34.826	59	201	4.05e-21	92.4
WP_000845048.1	337	k121_54210_4	N/A	30.450	81	289	4.09e-21	95.5
WP_000845048.1	337	k121_1647515_21	N/A	28.391	88	317	4.09e-21	95.5
WP_000845048.1	337	k121_955939_4	N/A	29.474	81	285	5.58e-21	95.1
WP_000845048.1	337	k121_1034164_3	N/A	30.653	59	199	6.05e-21	91.7
WP_000845048.1	337	k121_255530_2	N/A	27.393	85	303	7.26e-21	94.7
WP_000845048.1	337	k121_1632299_33	N/A	27.703	83	296	9.26e-21	94.4
WP_000845048.1	337	k121_729392_1	N/A	30.455	63	220	1.46e-20	93.6
WP_000845048.1	337	k121_255520_2	N/A	27.302	88	315	2.07e-20	93.2
WP_000845048.1	337	k121_1673144_2	N/A	27.668	74	253	2.21e-20	91.7
WP_000845048.1	337	k121_557161_3	N/A	31.148	83	305	2.22e-20	93.6
WP_000845048.1	337	k121_1152900_28	N/A	30.556	81	288	2.32e-20	93.2
WP_000845048.1	337	k121_73913_2	N/A	31.970	77	269	2.45e-20	93.2
WP_000845048.1	337	k121_786599_2	N/A	33.632	64	223	2.61e-20	92.4
WP_000845048.1	337	k121_426788_5	N/A	30.392	85	306	2.83e-20	93.6
WP_000845048.1	337	k121_1077066_1	N/A	28.617	87	311	2.90e-20	94.4
WP_000845048.1	337	k121_24348_1	N/A	25.418	85	299	3.03e-20	92.8
WP_000845048.1	337	k121_500911_1	N/A	35.784	61	204	3.26e-20	91.3
WP_000845048.1	337	k121_906134_2	N/A	27.372	78	274	3.37e-20	92.0
WP_000845048.1	337	k121_351680_4	N/A	33.453	77	278	3.52e-20	92.4
WP_000845048.1	337	k121_293896_4	N/A	30.159	85	315	3.89e-20	92.8
WP_000845048.1	337	k121_862987_1	N/A	26.910	85	301	3.91e-20	92.4
WP_000845048.1	337	k121_464019_21	N/A	31.984	68	247	3.96e-20	92.8
WP_000845048.1	337	k121_411293_2	N/A	34.722	62	216	4.79e-20	92.4
WP_000845048.1	337	k121_1308597_16	N/A	31.104	84	299	5.53e-20	92.0
WP_000845048.1	337	k121_1553965_2	N/A	26.471	78	272	5.87e-20	92.8
WP_000845048.1	337	k121_210067_4	N/A	29.310	81	290	5.90e-20	91.7
WP_000845048.1	337	k121_768414_3	N/A	27.885	86	312	6.20e-20	92.0
WP_000845048.1	337	k121_1346065_3	N/A	31.803	86	305	6.80e-20	92.4
WP_000845048.1	337	k121_211734_2	N/A	27.946	86	297	7.93e-20	92.0
WP_000845048.1	337	k121_285130_1	N/A	28.044	79	271	8.16e-20	90.9
WP_000845048.1	337	k121_1115156_4	N/A	30.909	78	275	8.78e-20	91.3
WP_000845048.1	337	k121_128260_17	N/A	27.362	85	307	9.36e-20	91.7
WP_000845048.1	337	k121_289202_2	N/A	27.184	86	309	9.59e-20	91.3
WP_000845048.1	337	k121_244993_1	N/A	26.190	83	294	1.07e-19	90.9
WP_000845048.1	337	k121_325052_1	N/A	30.263	63	228	1.07e-19	89.7
WP_000845048.1	337	k121_63511_15	N/A	33.180	62	217	1.07e-19	91.3
WP_000845048.1	337	k121_1548238_232	N/A	33.019	61	212	1.17e-19	91.3
WP_000845048.1	337	k121_1598824_1	N/A	36.190	61	210	1.27e-19	90.5
WP_000845048.1	337	k121_1120479_72	N/A	32.056	81	287	1.27e-19	91.3
WP_000845048.1	337	k121_343881_6	N/A	30.496	79	282	1.47e-19	91.3
WP_000845048.1	337	k121_1076908_2	N/A	30.314	82	287	1.57e-19	90.9
WP_000845048.1	337	k121_1830338_6	N/A	26.014	83	296	1.62e-19	90.9
WP_000845048.1	337	k121_1733701_1	N/A	27.737	78	274	2.07e-19	90.1
WP_000845048.1	337	k121_587721_3	N/A	27.119	83	295	2.14e-19	90.5
WP_000845048.1	337	k121_1297331_1	N/A	33.632	64	223	2.38e-19	90.5
WP_000845048.1	337	k121_1338847_8	N/A	30.662	78	287	2.80e-19	90.1
WP_000845048.1	337	k121_1451612_1	N/A	30.698	62	215	3.47e-19	89.4
WP_000845048.1	337	k121_364128_14	N/A	30.877	79	285	4.73e-19	89.7
WP_000845048.1	337	k121_755305_6	N/A	30.719	85	306	5.17e-19	90.1
WP_000845048.1	337	k121_1092368_2	N/A	25.786	90	318	5.22e-19	89.4
WP_000845048.1	337	k121_1709167_2	N/A	33.529	50	170	5.83e-19	85.1
WP_000845048.1	337	k121_621326_4	N/A	33.803	61	213	6.04e-19	89.4
WP_000845048.1	337	k121_862952_1	N/A	31.923	76	260	6.53e-19	87.8
WP_000845048.1	337	k121_1113495_4	N/A	33.028	63	218	6.62e-19	89.4
WP_000845048.1	337	k121_415673_1	N/A	33.023	62	215	6.63e-19	88.2
WP_000845048.1	337	k121_1796681_11	N/A	28.070	81	285	6.83e-19	89.0
WP_000845048.1	337	k121_79577_1	N/A	31.915	54	188	7.12e-19	86.7
WP_000845048.1	337	k121_11807_13	N/A	34.545	62	220	7.25e-19	89.4
WP_000845048.1	337	k121_130750_2	N/A	29.225	82	284	8.65e-19	89.0
WP_000845048.1	337	k121_396985_2	N/A	37.349	49	166	9.49e-19	85.1
WP_000845048.1	337	k121_477218_5	N/A	25.503	83	298	1.32e-18	88.2
WP_000845048.1	337	k121_816397_2	N/A	27.303	85	304	1.45e-18	88.2
WP_000845048.1	337	k121_100114_2	N/A	28.736	74	261	1.66e-18	88.2
WP_000845048.1	337	k121_279354_2	N/A	33.491	61	212	1.68e-18	88.6
WP_000845048.1	337	k121_325018_1	N/A	30.493	63	223	1.70e-18	86.3
WP_000845048.1	337	k121_1768507_2	N/A	35.326	55	184	1.73e-18	87.4
WP_000845048.1	337	k121_828471_56	N/A	28.315	80	279	1.74e-18	87.8
WP_000845048.1	337	k121_50659_2	N/A	26.068	67	234	1.97e-18	87.0
WP_000845048.1	337	k121_218865_3	N/A	30.855	76	269	2.33e-18	87.0
WP_000845048.1	337	k121_1109364_2	N/A	26.073	83	303	2.49e-18	87.4
WP_000845048.1	337	k121_1308110_2	N/A	31.507	83	292	2.52e-18	87.0
WP_000845048.1	337	k121_871103_1	N/A	30.000	81	280	2.71e-18	86.7
WP_000845048.1	337	k121_53319_2	N/A	36.910	66	233	2.86e-18	87.4
WP_000845048.1	337	k121_1617032_82	N/A	26.596	81	282	3.13e-18	87.4
WP_000845048.1	337	k121_1675147_3	N/A	28.992	67	238	3.17e-18	85.5
WP_000845048.1	337	k121_1010486_1	N/A	34.615	54	182	3.21e-18	84.7
WP_000845048.1	337	k121_64068_21	N/A	34.529	62	223	3.32e-18	87.4
WP_000845048.1	337	k121_587993_7	N/A	31.818	78	286	3.39e-18	87.4
WP_000845048.1	337	k121_1706602_4	N/A	23.529	90	306	3.92e-18	86.7
WP_000845048.1	337	k121_1290494_2	N/A	32.593	78	270	5.71e-18	86.3
WP_000845048.1	337	k121_638571_1	N/A	26.936	84	297	6.21e-18	86.3
WP_000845048.1	337	k121_753261_1	N/A	30.935	80	278	6.26e-18	87.0
WP_000845048.1	337	k121_14047_1	N/A	29.412	64	221	7.09e-18	84.7
WP_000845048.1	337	k121_1373185_2	N/A	32.394	61	213	8.83e-18	86.3
WP_000845048.1	337	k121_1407599_4	N/A	29.965	81	287	9.80e-18	85.9
WP_000845048.1	337	k121_1608142_3	N/A	32.314	65	229	1.03e-17	86.3
WP_000845048.1	337	k121_690700_3	N/A	30.100	83	299	1.07e-17	85.5
WP_000845048.1	337	k121_915595_3	N/A	29.197	78	274	1.12e-17	85.9
WP_000845048.1	337	k121_1075228_5	N/A	26.740	77	273	1.23e-17	85.9
WP_000845048.1	337	k121_1168675_6	N/A	28.571	64	224	1.51e-17	85.5
WP_000845048.1	337	k121_1355057_2	N/A	34.071	64	226	1.64e-17	84.7
WP_000845048.1	337	k121_1453936_4	N/A	30.258	77	271	1.93e-17	85.1
WP_000845048.1	337	k121_1014227_1	N/A	28.082	83	292	2.64e-17	84.7
WP_000845048.1	337	k121_689203_5	N/A	31.308	62	214	2.98e-17	84.3
WP_000845048.1	337	k121_308304_3	N/A	33.333	54	186	3.04e-17	82.0
WP_000845048.1	337	k121_1582891_3	N/A	31.429	61	210	3.07e-17	82.8
WP_000845048.1	337	k121_1323603_2	N/A	29.148	62	223	3.49e-17	84.3
WP_000845048.1	337	k121_1291435_111	N/A	29.904	86	311	5.00e-17	84.0
WP_000845048.1	337	k121_961880_1	N/A	30.734	63	218	5.32e-17	82.4
WP_000845048.1	337	k121_1345408_1	N/A	31.308	61	214	5.59e-17	83.2
WP_000845048.1	337	k121_1465799_51	N/A	25.316	88	316	5.63e-17	83.6
WP_000845048.1	337	k121_1547509_3	N/A	35.393	53	178	5.64e-17	80.9
WP_000845048.1	337	k121_1685372_2	N/A	31.387	76	274	6.43e-17	84.0
WP_000845048.1	337	k121_1645936_2	N/A	28.144	93	334	7.00e-17	83.6
WP_000845048.1	337	k121_406987_2	N/A	28.155	90	309	7.94e-17	82.8
WP_000845048.1	337	k121_824269_28	N/A	37.430	53	179	7.99e-17	83.6
WP_000845048.1	337	k121_708806_19	N/A	29.180	85	305	1.04e-16	82.8
WP_000845048.1	337	k121_730153_2	N/A	34.615	54	182	1.06e-16	83.2
WP_000845048.1	337	k121_1318813_2	N/A	24.739	82	287	1.14e-16	82.8
WP_000845048.1	337	k121_573435_2	N/A	33.028	62	218	1.16e-16	82.8
WP_000845048.1	337	k121_277329_3	N/A	29.276	85	304	1.17e-16	82.8
WP_000845048.1	337	k121_1827847_2	N/A	31.604	61	212	1.27e-16	82.8
WP_000845048.1	337	k121_522266_1	N/A	28.339	85	307	1.51e-16	82.8
WP_000845048.1	337	k121_995155_1	N/A	30.147	77	272	1.55e-16	82.4
WP_000845048.1	337	k121_188852_1	N/A	30.345	80	290	1.60e-16	82.0
WP_000845048.1	337	k121_421541_1	N/A	29.474	54	190	1.88e-16	83.2
WP_000845048.1	337	k121_317550_5	N/A	24.422	85	303	1.90e-16	82.0
WP_000845048.1	337	k121_994792_2	N/A	28.146	88	302	1.91e-16	81.6
WP_000845048.1	337	k121_1761839_2	N/A	27.744	93	328	2.19e-16	82.0
WP_000845048.1	337	k121_7289_28	N/A	35.165	54	182	2.19e-16	82.0
WP_000845048.1	337	k121_258013_22	N/A	28.571	85	315	2.22e-16	82.4
WP_000845048.1	337	k121_918784_1	N/A	30.516	62	213	2.40e-16	82.0
WP_000845048.1	337	k121_169593_4	N/A	30.342	66	234	2.89e-16	81.6
WP_000845048.1	337	k121_301916_3	N/A	30.903	81	288	3.09e-16	81.6
WP_000845048.1	337	k121_708831_22	N/A	27.541	85	305	3.14e-16	81.6
WP_000845048.1	337	k121_557281_2	N/A	29.070	73	258	4.12e-16	81.3
WP_000845048.1	337	k121_1661938_2	N/A	28.829	64	222	4.42e-16	81.3
WP_000845048.1	337	k121_945648_1	N/A	26.087	85	299	4.45e-16	80.9
WP_000845048.1	337	k121_371298_4	N/A	35.664	41	143	5.51e-16	77.4
WP_000845048.1	337	k121_92774_4	N/A	29.012	86	324	5.69e-16	80.9
WP_000845048.1	337	k121_1711337_1	N/A	29.018	62	224	5.72e-16	79.0
WP_000845048.1	337	k121_37096_226	N/A	27.273	86	319	5.79e-16	80.9
WP_000845048.1	337	k121_74848_2	N/A	30.603	64	232	5.84e-16	80.9
WP_000845048.1	337	k121_1122940_5	N/A	30.698	62	215	6.06e-16	80.9
WP_000845048.1	337	k121_341163_2	N/A	28.364	76	275	6.47e-16	80.5
WP_000845048.1	337	k121_387424_1	N/A	35.135	54	185	7.25e-16	78.2
WP_000845048.1	337	k121_72383_27	N/A	29.617	79	287	9.59e-16	80.1
WP_000845048.1	337	k121_482764_2	N/A	36.667	53	180	1.06e-15	79.7
WP_000845048.1	337	k121_1405856_11	N/A	31.419	81	296	1.12e-15	80.1
WP_000845048.1	337	k121_1182985_4	N/A	27.832	89	309	1.19e-15	80.1
WP_000845048.1	337	k121_471514_1	N/A	29.310	64	232	1.23e-15	79.7
WP_000845048.1	337	k121_1248296_2	N/A	26.937	78	271	1.25e-15	79.7
WP_000845048.1	337	k121_366409_16	N/A	32.660	84	297	1.27e-15	80.1
WP_000845048.1	337	k121_1402039_1	N/A	33.854	55	192	1.47e-15	79.0
WP_000845048.1	337	k121_1042937_4	N/A	29.412	62	221	1.50e-15	79.7
WP_000845048.1	337	k121_708180_2	N/A	27.027	64	222	1.65e-15	79.3
WP_000845048.1	337	k121_1504202_11	N/A	32.273	63	220	1.74e-15	77.8
WP_000845048.1	337	k121_1564079_1	N/A	36.364	45	154	1.78e-15	75.9
WP_000845048.1	337	k121_1143676_3	N/A	25.424	83	295	1.98e-15	79.3
WP_000845048.1	337	k121_179846_4	N/A	26.599	85	297	2.65e-15	79.0
WP_000845048.1	337	k121_509903_1	N/A	24.367	89	316	2.83e-15	79.0
WP_000845048.1	337	k121_936048_21	N/A	27.841	52	176	3.07e-15	78.6
WP_000845048.1	337	k121_1335371_3	N/A	25.778	64	225	3.21e-15	78.6
WP_000845048.1	337	k121_1166650_4	N/A	28.289	84	304	3.24e-15	79.0
WP_000845048.1	337	k121_564776_3	N/A	26.449	79	276	3.47e-15	78.6
WP_000845048.1	337	k121_1737043_1	N/A	33.898	53	177	3.50e-15	77.8
WP_000845048.1	337	k121_249380_13	N/A	29.373	84	303	3.91e-15	78.6
WP_000845048.1	337	k121_268664_1	N/A	36.986	43	146	3.95e-15	75.5
WP_000845048.1	337	k121_1789215_11	N/A	22.697	85	304	4.00e-15	78.6
WP_000845048.1	337	k121_1398168_1	N/A	31.579	60	209	5.03e-15	77.8
WP_000845048.1	337	k121_1651936_1	N/A	31.579	60	209	5.13e-15	77.8
WP_000845048.1	337	k121_766792_1	N/A	31.492	54	181	5.23e-15	75.9
WP_000845048.1	337	k121_434401_5	N/A	30.594	63	219	5.57e-15	78.2
WP_000845048.1	337	k121_1759150_19	N/A	29.043	84	303	5.65e-15	78.2
WP_000845048.1	337	k121_278709_5	N/A	31.159	77	276	6.14e-15	78.2
WP_000845048.1	337	k121_472847_1	N/A	46.753	23	77	6.42e-15	72.8
WP_000845048.1	337	k121_709555_4	N/A	25.497	85	302	6.48e-15	77.8
WP_000845048.1	337	k121_602364_1	N/A	28.571	54	189	7.23e-15	77.8
WP_000845048.1	337	k121_517911_4	N/A	46.053	23	76	8.45e-15	72.8
WP_000845048.1	337	k121_434529_1	N/A	26.636	63	214	8.93e-15	77.4
WP_000845048.1	337	k121_1615490_1	N/A	30.033	80	303	1.02e-14	77.0
WP_000845048.1	337	k121_365126_5	N/A	28.395	69	243	1.18e-14	77.0
WP_000845048.1	337	k121_703419_7	N/A	28.044	77	271	1.27e-14	77.0
WP_000845048.1	337	k121_1723612_2	N/A	28.017	63	232	1.34e-14	77.4
WP_000845048.1	337	k121_989356_6	N/A	27.240	80	279	1.39e-14	77.0
WP_000845048.1	337	k121_701109_3	N/A	27.240	80	279	1.39e-14	77.0
WP_000845048.1	337	k121_714494_2	N/A	25.325	89	308	1.52e-14	76.6
WP_000845048.1	337	k121_645404_2	N/A	30.544	65	239	1.55e-14	77.4
WP_000845048.1	337	k121_1239984_1	N/A	26.333	85	300	1.64e-14	76.3
WP_000845048.1	337	k121_1160063_54	N/A	31.718	67	227	1.79e-14	76.6
WP_000845048.1	337	k121_715470_1	N/A	33.962	60	212	2.05e-14	75.9
WP_000845048.1	337	k121_598930_8	N/A	29.010	81	293	2.15e-14	76.3
WP_000845048.1	337	k121_1132366_5	N/A	27.835	82	291	2.26e-14	76.3
WP_000845048.1	337	k121_1106556_2	N/A	26.333	85	300	2.63e-14	75.9
WP_000845048.1	337	k121_286505_3	N/A	27.129	88	317	2.87e-14	75.9
WP_000845048.1	337	k121_688634_78	N/A	28.000	84	300	2.88e-14	76.6
WP_000845048.1	337	k121_1673015_3	N/A	28.390	67	236	3.01e-14	75.1
WP_000845048.1	337	k121_62386_2	N/A	29.204	89	339	3.51e-14	76.3
WP_000845048.1	337	k121_482512_3	N/A	53.731	20	67	3.55e-14	71.2
WP_000845048.1	337	k121_562334_27	N/A	31.982	63	222	3.60e-14	75.9
WP_000845048.1	337	k121_1684118_1	N/A	31.579	60	209	3.79e-14	74.3
WP_000845048.1	337	k121_829980_3	N/A	34.146	49	164	4.01e-14	72.8
WP_000845048.1	337	k121_212892_2	N/A	24.595	84	309	4.22e-14	75.5
WP_000845048.1	337	k121_1633371_2	N/A	31.977	51	172	4.53e-14	72.4
WP_000845048.1	337	k121_1628717_1	N/A	26.821	85	302	4.95e-14	75.1
WP_000845048.1	337	k121_1690371_10	N/A	29.927	77	274	5.50e-14	75.5
WP_000845048.1	337	k121_632237_10	N/A	29.139	84	302	5.63e-14	75.1
WP_000845048.1	337	k121_1302708_3	N/A	26.708	87	322	6.30e-14	75.1
WP_000845048.1	337	k121_1463399_3	N/A	29.801	84	302	6.44e-14	75.1
WP_000845048.1	337	k121_289698_7	N/A	28.261	77	276	7.04e-14	75.1
WP_000845048.1	337	k121_396956_3	N/A	29.167	62	216	8.06e-14	74.7
WP_000845048.1	337	k121_156942_1	N/A	30.942	63	223	8.82e-14	75.1
WP_000845048.1	337	k121_1521259_56	N/A	30.000	64	230	9.20e-14	74.7
WP_000845048.1	337	k121_1301927_2	N/A	30.222	63	225	9.51e-14	74.7
WP_000845048.1	337	k121_313722_2	N/A	31.638	53	177	9.61e-14	73.9
WP_000845048.1	337	k121_1460725_3	N/A	27.941	61	204	1.00e-13	73.9
WP_000845048.1	337	k121_1209598_5	N/A	28.571	85	308	1.31e-13	74.3
WP_000845048.1	337	k121_115457_2	N/A	30.859	71	256	1.42e-13	72.4
WP_000845048.1	337	k121_405160_8	N/A	28.571	86	308	1.47e-13	73.9
WP_000845048.1	337	k121_965174_1	N/A	43.421	23	76	1.74e-13	70.1
WP_000845048.1	337	k121_1559501_2	N/A	28.094	83	299	1.77e-13	73.9
WP_000845048.1	337	k121_1523759_2	N/A	25.591	73	254	1.81e-13	73.6
WP_000845048.1	337	k121_48229_8	N/A	28.947	63	228	2.04e-13	73.6
WP_000845048.1	337	k121_574626_1	N/A	27.941	76	272	2.23e-13	72.8
WP_000845048.1	337	k121_1727461_1	N/A	31.174	65	247	2.39e-13	73.6
WP_000845048.1	337	k121_1691006_4	N/A	29.258	63	229	2.89e-13	73.2
WP_000845048.1	337	k121_586069_10	N/A	32.877	62	219	3.21e-13	72.8
WP_000845048.1	337	k121_576924_1	N/A	28.947	56	190	3.39e-13	70.5
WP_000845048.1	337	k121_1363134_1	N/A	22.535	82	284	3.55e-13	72.4
WP_000845048.1	337	k121_26025_1	N/A	27.004	68	237	3.65e-13	71.6
WP_000845048.1	337	k121_1404015_4	N/A	28.889	82	315	3.71e-13	73.2
WP_000845048.1	337	k121_1199718_2	N/A	26.042	81	288	4.17e-13	72.0
WP_000845048.1	337	k121_1428652_1	N/A	30.435	53	184	5.25e-13	69.7
WP_000845048.1	337	k121_1166205_6	N/A	26.523	80	279	5.84e-13	72.0
WP_000845048.1	337	k121_824891_2	N/A	26.623	84	308	7.35e-13	72.0
WP_000845048.1	337	k121_1619619_1	N/A	35.057	51	174	7.59e-13	68.9
WP_000845048.1	337	k121_1250479_3	N/A	27.815	84	302	8.63e-13	71.6
WP_000845048.1	337	k121_1036621_1	N/A	31.868	54	182	9.01e-13	70.1
WP_000845048.1	337	k121_434401_6	N/A	29.496	77	278	9.05e-13	72.0
WP_000845048.1	337	k121_81060_2	N/A	27.778	59	198	9.48e-13	71.6
WP_000845048.1	337	k121_1393343_5	N/A	29.126	86	309	9.95e-13	71.6
WP_000845048.1	337	k121_1305242_4	N/A	29.583	65	240	1.04e-12	71.6
WP_000845048.1	337	k121_456687_3	N/A	27.500	82	280	1.05e-12	71.2
WP_000845048.1	337	k121_1046328_2	N/A	30.216	75	278	1.19e-12	71.2
WP_000845048.1	337	k121_358389_2	N/A	25.559	85	313	1.22e-12	71.2
WP_000845048.1	337	k121_925988_1	N/A	30.420	77	286	1.26e-12	70.9
WP_000845048.1	337	k121_293563_6	N/A	29.108	58	213	1.30e-12	69.7
WP_000845048.1	337	k121_1350266_1	N/A	28.788	57	198	1.60e-12	68.6
WP_000845048.1	337	k121_683155_1	N/A	27.149	63	221	1.87e-12	70.5
WP_000845048.1	337	k121_1412558_17	N/A	30.332	60	211	2.08e-12	70.9
WP_000845048.1	337	k121_146017_3	N/A	28.146	84	302	2.29e-12	70.5
WP_000845048.1	337	k121_1364976_1	N/A	30.180	62	222	2.32e-12	68.9
WP_000845048.1	337	k121_704756_1	N/A	45.588	20	68	2.82e-12	66.6
WP_000845048.1	337	k121_198793_1	N/A	28.467	76	274	3.03e-12	70.5
WP_000845048.1	337	k121_1073751_2	N/A	29.825	51	171	3.19e-12	67.4
WP_000845048.1	337	k121_1160527_3	N/A	27.240	77	279	3.34e-12	70.1
WP_000845048.1	337	k121_227393_2	N/A	27.108	89	332	3.61e-12	70.1
WP_000845048.1	337	k121_1494323_6	N/A	29.911	62	224	4.38e-12	69.7
WP_000845048.1	337	k121_1051602_1	N/A	23.288	84	292	4.55e-12	69.7
WP_000845048.1	337	k121_490243_1	N/A	24.735	81	283	4.58e-12	68.9
WP_000845048.1	337	k121_747887_2	N/A	29.151	76	271	4.68e-12	69.3
WP_000845048.1	337	k121_133751_5	N/A	33.149	52	181	4.85e-12	69.7
WP_000845048.1	337	k121_1699053_9	N/A	30.631	63	222	5.11e-12	69.3
WP_000845048.1	337	k121_200734_3	N/A	29.167	76	264	5.31e-12	69.3
WP_000845048.1	337	k121_1616796_16	N/A	28.169	61	213	5.84e-12	69.3
WP_000845048.1	337	k121_1322923_7	N/A	30.824	80	279	6.53e-12	68.9
WP_000845048.1	337	k121_81078_1	N/A	29.224	63	219	6.85e-12	68.6
WP_000845048.1	337	k121_1381051_80	N/A	31.193	63	218	7.37e-12	68.9
WP_000845048.1	337	k121_125117_2	N/A	27.246	93	334	9.90e-12	68.9
WP_000845048.1	337	k121_405438_8	N/A	26.923	53	182	1.51e-11	68.2
WP_000845048.1	337	k121_381147_2	N/A	28.467	77	274	1.53e-11	68.2
WP_000845048.1	337	k121_1345734_7	N/A	32.127	62	221	1.57e-11	68.2
WP_000845048.1	337	k121_855313_1	N/A	33.696	54	184	1.72e-11	65.5
WP_000845048.1	337	k121_995417_5	N/A	29.630	66	243	1.82e-11	68.6
WP_000845048.1	337	k121_1534963_4	N/A	27.306	77	271	1.83e-11	68.2
WP_000845048.1	337	k121_1631952_1	N/A	34.078	53	179	1.88e-11	66.6
WP_000845048.1	337	k121_491547_3	N/A	33.898	53	177	1.91e-11	67.8
WP_000845048.1	337	k121_1697981_2	N/A	30.317	62	221	2.01e-11	68.2
WP_000845048.1	337	k121_1137299_4	N/A	32.768	53	177	2.11e-11	67.8
WP_000845048.1	337	k121_1265015_15	N/A	33.898	53	177	2.28e-11	67.4
WP_000845048.1	337	k121_1379193_2	N/A	27.885	86	312	2.29e-11	67.8
