SadA_ref|WP_036299419.1|:1-399	399	k121_1277457_5	N/A	82.206	100	399	0.0	650
SadA_ref|WP_036299419.1|:1-399	399	k121_1277457_4	N/A	47.368	100	399	5.12e-117	349
SadA_ref|WP_036299419.1|:1-399	399	k121_1072393_2	N/A	32.481	97	391	1.98e-60	204
SadA_ref|WP_036299419.1|:1-399	399	k121_151951_3	N/A	29.919	93	371	1.12e-48	173
SadA_ref|WP_036299419.1|:1-399	399	k121_749032_3	N/A	34.685	55	222	3.87e-45	160
SadA_ref|WP_036299419.1|:1-399	399	k121_1014310_3	N/A	32.626	92	377	4.46e-44	160
SadA_ref|WP_036299419.1|:1-399	399	k121_1224913_2	N/A	31.054	87	351	4.64e-44	161
SadA_ref|WP_036299419.1|:1-399	399	k121_538313_2	N/A	30.769	87	351	6.27e-44	161
SadA_ref|WP_036299419.1|:1-399	399	k121_1312724_2	N/A	28.272	94	382	1.12e-43	159
SadA_ref|WP_036299419.1|:1-399	399	k121_1170238_8	N/A	31.267	93	371	1.64e-42	156
SadA_ref|WP_036299419.1|:1-399	399	k121_253410_1	N/A	35.268	56	224	2.88e-42	153
SadA_ref|WP_036299419.1|:1-399	399	k121_1172399_7	N/A	28.342	93	374	8.79e-41	152
SadA_ref|WP_036299419.1|:1-399	399	k121_768459_6	N/A	27.792	96	385	3.99e-38	144
SadA_ref|WP_036299419.1|:1-399	399	k121_571548_2	N/A	32.443	65	262	1.55e-35	138
SadA_ref|WP_036299419.1|:1-399	399	k121_1125533_1	N/A	32.642	48	193	4.90e-34	128
SadA_ref|WP_036299419.1|:1-399	399	k121_289317_101	N/A	26.158	89	367	4.60e-33	131
SadA_ref|WP_036299419.1|:1-399	399	k121_935481_11	N/A	27.978	90	361	2.20e-31	126
SadA_ref|WP_036299419.1|:1-399	399	k121_212750_2	N/A	27.062	96	388	1.51e-30	124
SadA_ref|WP_036299419.1|:1-399	399	k121_861109_2	N/A	28.859	74	298	3.07e-29	119
SadA_ref|WP_036299419.1|:1-399	399	k121_175979_26	N/A	29.167	95	384	2.38e-27	115
SadA_ref|WP_036299419.1|:1-399	399	k121_466722_4	N/A	24.935	95	385	1.01e-26	113
SadA_ref|WP_036299419.1|:1-399	399	k121_704394_33	N/A	24.590	92	366	2.03e-26	112
SadA_ref|WP_036299419.1|:1-399	399	k121_760682_9	N/A	27.151	91	372	2.75e-25	109
SadA_ref|WP_036299419.1|:1-399	399	k121_910497_18	N/A	26.963	94	382	3.15e-25	109
SadA_ref|WP_036299419.1|:1-399	399	k121_1432946_2	N/A	35.897	39	156	1.16e-24	102
SadA_ref|WP_036299419.1|:1-399	399	k121_1144333_21	N/A	27.320	96	388	6.07e-24	105
SadA_ref|WP_036299419.1|:1-399	399	k121_573322_9	N/A	23.416	89	363	8.27e-24	105
SadA_ref|WP_036299419.1|:1-399	399	k121_219901_1	N/A	27.348	85	362	1.56e-23	103
SadA_ref|WP_036299419.1|:1-399	399	k121_1135575_1	N/A	26.243	89	362	2.84e-23	103
SadA_ref|WP_036299419.1|:1-399	399	k121_912194_30	N/A	26.371	94	383	9.02e-23	102
SadA_ref|WP_036299419.1|:1-399	399	k121_416368_5	N/A	26.750	95	400	9.36e-23	102
SadA_ref|WP_036299419.1|:1-399	399	k121_621464_3	N/A	27.729	84	339	2.81e-21	97.4
SadA_ref|WP_036299419.1|:1-399	399	k121_873623_1	N/A	26.389	85	360	3.39e-21	97.4
SadA_ref|WP_036299419.1|:1-399	399	k121_215355_1	N/A	27.237	63	257	6.41e-21	94.7
SadA_ref|WP_036299419.1|:1-399	399	k121_832107_1	N/A	23.871	75	310	1.18e-20	95.1
SadA_ref|WP_036299419.1|:1-399	399	k121_1644859_20	N/A	24.685	98	397	2.64e-20	95.5
SadA_ref|WP_036299419.1|:1-399	399	k121_1658305_2	N/A	28.727	67	275	8.96e-20	91.7
SadA_ref|WP_036299419.1|:1-399	399	k121_690803_1	N/A	28.025	39	157	3.70e-19	87.8
SadA_ref|WP_036299419.1|:1-399	399	k121_316109_2	N/A	25.964	95	389	6.93e-19	91.3
SadA_ref|WP_036299419.1|:1-399	399	k121_606380_10	N/A	24.745	95	392	7.59e-19	92.4
SadA_ref|WP_036299419.1|:1-399	399	k121_255505_2	N/A	28.713	50	202	8.69e-19	87.8
SadA_ref|WP_036299419.1|:1-399	399	k121_226340_2	N/A	24.932	88	365	2.35e-18	89.7
SadA_ref|WP_036299419.1|:1-399	399	k121_316936_2	N/A	28.938	67	273	1.56e-17	85.9
SadA_ref|WP_036299419.1|:1-399	399	k121_1089844_2	N/A	25.661	94	378	2.28e-17	86.7
SadA_ref|WP_036299419.1|:1-399	399	k121_306876_1	N/A	27.526	69	287	5.16e-17	85.1
SadA_ref|WP_036299419.1|:1-399	399	k121_1098562_1	N/A	33.333	41	165	6.56e-17	81.3
SadA_ref|WP_036299419.1|:1-399	399	k121_1328931_2	N/A	24.451	89	364	6.90e-17	85.1
SadA_ref|WP_036299419.1|:1-399	399	k121_321867_2	N/A	24.219	93	384	6.92e-17	85.1
SadA_ref|WP_036299419.1|:1-399	399	k121_578901_2	N/A	27.411	49	197	6.14e-16	81.6
SadA_ref|WP_036299419.1|:1-399	399	k121_583801_1	N/A	32.432	37	148	9.36e-16	78.6
SadA_ref|WP_036299419.1|:1-399	399	k121_1529822_3	N/A	25.974	94	385	2.08e-15	80.9
SadA_ref|WP_036299419.1|:1-399	399	k121_1595640_3	N/A	24.715	65	263	2.30e-15	79.3
SadA_ref|WP_036299419.1|:1-399	399	k121_1213791_1	N/A	33.333	36	144	6.53e-15	75.1
SadA_ref|WP_036299419.1|:1-399	399	k121_83988_1	N/A	26.207	36	145	1.71e-14	74.7
SadA_ref|WP_036299419.1|:1-399	399	k121_1419067_2	N/A	24.242	86	363	2.37e-14	77.4
SadA_ref|WP_036299419.1|:1-399	399	k121_266941_3	N/A	25.000	95	392	6.54e-14	76.6
SadA_ref|WP_036299419.1|:1-399	399	k121_1195706_7	N/A	26.316	97	399	1.07e-13	75.9
SadA_ref|WP_036299419.1|:1-399	399	k121_560737_3	N/A	23.438	93	384	3.31e-13	74.3
SadA_ref|WP_036299419.1|:1-399	399	k121_350364_2	N/A	25.000	65	260	3.98e-13	73.2
SadA_ref|WP_036299419.1|:1-399	399	k121_1373134_2	N/A	25.652	57	230	7.85e-12	68.6
SadA_ref|WP_036299419.1|:1-399	399	k121_880606_42	N/A	28.112	61	249	4.54e-11	67.8
SadA_ref|WP_036299419.1|:1-399	399	k121_203149_1	N/A	32.609	23	92	2.01e-10	61.2
SadA_ref|WP_036299419.1|:1-399	399	k121_1713258_2	N/A	32.184	22	87	2.58e-10	60.5
SadA_ref|WP_036299419.1|:1-399	399	k121_493858_1	N/A	22.252	90	373	5.76e-10	64.3
SadA_ref|WP_036299419.1|:1-399	399	k121_1165770_2	N/A	25.248	49	202	2.08e-08	59.7
SadA_ref|WP_036299419.1|:1-399	399	k121_1361244_1	N/A	24.870	89	386	5.08e-08	58.5
SadA_ref|WP_036299419.1|:1-399	399	k121_1065922_106	N/A	23.298	90	382	5.54e-08	58.2
SadA_ref|WP_036299419.1|:1-399	399	k121_32958_6	N/A	23.729	73	295	5.78e-07	55.1
SadA_ref|WP_036299419.1|:1-399	399	k121_178226_11	N/A	21.842	87	380	7.59e-07	54.7
SadA_ref|WP_036299419.1|:1-399	399	k121_1079806_6	N/A	27.638	49	199	8.27e-07	53.1
SadA_ref|WP_036299419.1|:1-399	399	k121_965416_4	N/A	26.354	67	277	2.63e-06	53.1
SadA_ref|WP_036299419.1|:1-399	399	k121_984753_1	N/A	24.069	91	403	4.07e-06	52.4
SadA_ref|WP_036299419.1|:1-399	399	k121_1104380_3	N/A	22.670	91	397	4.68e-06	52.4
SadA_ref|WP_036299419.1|:1-399	399	k121_1592022_1	N/A	34.579	27	107	5.01e-06	49.3
SadA_ref|WP_036299419.1|:1-399	399	k121_360789_2	N/A	24.242	25	99	5.08e-05	45.8
SadA_ref|WP_036299419.1|:1-399	399	k121_1156766_1	N/A	23.416	82	363	8.40e-05	48.1
SadA_ref|WP_036299419.1|:1-399	399	k121_854316_1	N/A	23.077	60	247	2.61e-04	46.6
SadA_ref|WP_036299419.1|:1-399	399	k121_516536_1	N/A	26.220	38	164	2.87e-04	46.6
SadA_ref|WP_036299419.1|:1-399	399	k121_1320526_2	N/A	24.082	60	245	3.25e-04	46.6
SadA_ref|WP_036299419.1|:1-399	399	k121_1158941_1	N/A	25.600	55	250	4.35e-04	45.8
SadA_ref|WP_036299419.1|:1-399	399	k121_1213433_6	N/A	25.000	46	196	4.35e-04	46.2
SadA_ref|WP_036299419.1|:1-399	399	k121_1117970_2	N/A	21.522	87	381	6.39e-04	45.8
SadA_ref|WP_036299419.1|:1-399	399	k121_1664171_24	N/A	22.487	87	378	7.97e-04	45.4
SadA_ref|WP_036299419.1|:1-399	399	k121_919560_2	N/A	26.141	58	241	8.05e-04	45.1
SadA_ref|WP_036299419.1|:1-399	399	k121_1086916_3	N/A	23.301	50	206	8.36e-04	44.3
SadA_ref|WP_036299419.1|:1-399	399	k121_560202_2	N/A	32.558	21	86	0.001	43.9
SadA_ref|WP_036299419.1|:1-399	399	k121_1380763_1	N/A	37.234	22	94	0.002	43.5
SadA_ref|WP_036299419.1|:1-399	399	k121_904290_4	N/A	26.619	67	278	0.003	43.5
SadA_ref|WP_036299419.1|:1-399	399	k121_173795_8	N/A	22.174	50	230	0.004	43.1
SadA_ref|WP_036299419.1|:1-399	399	k121_209796_2	N/A	23.464	85	358	0.005	42.7
SadA_ref|WP_036299419.1|:1-399	399	k121_648262_52	N/A	24.561	52	228	0.006	42.4
SadA_ref|WP_036299419.1|:1-399	399	k121_146912_23	N/A	22.362	91	398	0.006	42.4
SadA_ref|WP_036299419.1|:1-399	399	k121_1490619_7	N/A	30.952	21	84	0.007	42.4
SadA_ref|WP_036299419.1|:1-399	399	k121_775794_1	N/A	21.212	41	165	0.011	40.8
SadA_ref|WP_036299419.1|:1-399	399	k121_1129298_2	N/A	27.184	47	206	0.013	41.6
SadA_ref|WP_036299419.1|:1-399	399	k121_1087635_5	N/A	23.348	51	227	0.013	41.2
SadA_ref|WP_036299419.1|:1-399	399	k121_327573_1	N/A	21.895	69	306	0.016	41.2
SadA_ref|WP_036299419.1|:1-399	399	k121_1207323_5	N/A	21.739	50	230	0.017	41.2
SadA_ref|WP_036299419.1|:1-399	399	k121_9429_33	N/A	20.576	54	243	0.020	40.8
SadA_ref|WP_036299419.1|:1-399	399	k121_201746_2	N/A	32.143	21	84	0.033	40.0
SadA_ref|WP_036299419.1|:1-399	399	k121_1575946_2	N/A	29.762	21	84	0.041	40.0
SadA_ref|WP_036299419.1|:1-399	399	k121_1313972_17	N/A	24.535	67	269	0.051	39.7
SadA_ref|WP_036299419.1|:1-399	399	k121_1716581_1	N/A	29.762	21	84	0.053	39.3
SadA_ref|WP_036299419.1|:1-399	399	k121_460269_3	N/A	21.327	53	211	0.082	38.9
SadA_ref|WP_036299419.1|:1-399	399	k121_986794_2	N/A	21.944	86	360	0.087	38.9
SadB_ref|WP_100812327.1|:1-423	423	k121_1277457_5	N/A	39.633	89	381	2.05e-76	246
SadB_ref|WP_100812327.1|:1-423	423	k121_1277457_4	N/A	31.378	92	392	3.98e-57	196
SadB_ref|WP_100812327.1|:1-423	423	k121_1072393_2	N/A	30.809	89	383	1.24e-51	181
SadB_ref|WP_100812327.1|:1-423	423	k121_1224913_2	N/A	30.027	87	373	6.36e-45	164
SadB_ref|WP_100812327.1|:1-423	423	k121_538313_2	N/A	29.570	87	372	2.41e-44	163
SadB_ref|WP_100812327.1|:1-423	423	k121_1172399_7	N/A	26.913	88	379	8.42e-40	150
SadB_ref|WP_100812327.1|:1-423	423	k121_1014310_3	N/A	28.906	87	384	3.61e-39	148
SadB_ref|WP_100812327.1|:1-423	423	k121_910497_18	N/A	28.173	93	394	2.73e-38	145
SadB_ref|WP_100812327.1|:1-423	423	k121_253410_1	N/A	30.070	66	286	4.64e-37	139
SadB_ref|WP_100812327.1|:1-423	423	k121_1312724_2	N/A	27.749	90	382	4.07e-36	140
SadB_ref|WP_100812327.1|:1-423	423	k121_1170238_8	N/A	26.882	87	372	9.08e-36	139
SadB_ref|WP_100812327.1|:1-423	423	k121_151951_3	N/A	26.849	85	365	2.32e-35	138
SadB_ref|WP_100812327.1|:1-423	423	k121_768459_6	N/A	28.378	87	370	2.99e-34	135
SadB_ref|WP_100812327.1|:1-423	423	k121_212750_2	N/A	25.000	91	392	5.02e-34	134
SadB_ref|WP_100812327.1|:1-423	423	k121_289317_101	N/A	27.763	85	371	2.02e-33	132
SadB_ref|WP_100812327.1|:1-423	423	k121_571548_2	N/A	25.455	90	385	9.33e-33	130
SadB_ref|WP_100812327.1|:1-423	423	k121_749032_3	N/A	29.911	51	224	1.87e-31	124
SadB_ref|WP_100812327.1|:1-423	423	k121_175979_26	N/A	26.823	90	384	2.67e-29	121
SadB_ref|WP_100812327.1|:1-423	423	k121_1144333_21	N/A	28.030	92	396	8.38e-29	119
SadB_ref|WP_100812327.1|:1-423	423	k121_573322_9	N/A	28.142	83	366	4.33e-28	117
SadB_ref|WP_100812327.1|:1-423	423	k121_861109_2	N/A	29.412	71	306	5.38e-28	116
SadB_ref|WP_100812327.1|:1-423	423	k121_1644859_20	N/A	26.615	90	387	5.98e-28	117
SadB_ref|WP_100812327.1|:1-423	423	k121_704394_33	N/A	24.147	90	381	1.11e-27	116
SadB_ref|WP_100812327.1|:1-423	423	k121_606380_10	N/A	25.954	90	393	4.37e-27	117
SadB_ref|WP_100812327.1|:1-423	423	k121_1125533_1	N/A	30.270	43	185	9.95e-26	106
SadB_ref|WP_100812327.1|:1-423	423	k121_912194_30	N/A	25.515	91	388	4.11e-25	109
SadB_ref|WP_100812327.1|:1-423	423	k121_935481_11	N/A	26.902	86	368	7.63e-24	105
SadB_ref|WP_100812327.1|:1-423	423	k121_832107_1	N/A	25.806	72	310	7.31e-23	101
SadB_ref|WP_100812327.1|:1-423	423	k121_416368_5	N/A	26.650	90	394	2.35e-22	101
SadB_ref|WP_100812327.1|:1-423	423	k121_316109_2	N/A	30.372	79	349	3.61e-22	101
SadB_ref|WP_100812327.1|:1-423	423	k121_306876_1	N/A	27.491	66	291	5.78e-21	96.7
SadB_ref|WP_100812327.1|:1-423	423	k121_1195706_7	N/A	27.838	84	370	5.11e-19	92.4
SadB_ref|WP_100812327.1|:1-423	423	k121_255505_2	N/A	28.218	48	202	5.38e-19	89.0
SadB_ref|WP_100812327.1|:1-423	423	k121_321867_2	N/A	22.423	89	388	9.24e-19	91.3
SadB_ref|WP_100812327.1|:1-423	423	k121_880606_42	N/A	29.572	60	257	2.00e-18	90.1
SadB_ref|WP_100812327.1|:1-423	423	k121_1432946_2	N/A	35.455	26	110	6.59e-18	84.3
SadB_ref|WP_100812327.1|:1-423	423	k121_760682_9	N/A	27.219	76	338	7.94e-18	88.6
SadB_ref|WP_100812327.1|:1-423	423	k121_1328931_2	N/A	30.288	47	208	1.03e-17	87.8
SadB_ref|WP_100812327.1|:1-423	423	k121_226340_2	N/A	25.538	86	372	1.75e-17	87.4
SadB_ref|WP_100812327.1|:1-423	423	k121_219901_1	N/A	26.331	81	357	2.11e-17	86.7
SadB_ref|WP_100812327.1|:1-423	423	k121_578901_2	N/A	26.996	60	263	4.95e-17	85.1
SadB_ref|WP_100812327.1|:1-423	423	k121_215355_1	N/A	28.241	49	216	6.22e-17	83.6
SadB_ref|WP_100812327.1|:1-423	423	k121_466722_4	N/A	24.665	83	373	2.39e-16	84.0
SadB_ref|WP_100812327.1|:1-423	423	k121_1121260_2	N/A	25.278	77	360	4.10e-16	83.6
SadB_ref|WP_100812327.1|:1-423	423	k121_690803_1	N/A	26.667	35	150	9.53e-16	78.2
SadB_ref|WP_100812327.1|:1-423	423	k121_1104380_3	N/A	27.000	85	400	2.38e-15	81.3
SadB_ref|WP_100812327.1|:1-423	423	k121_560737_3	N/A	24.688	90	401	2.44e-15	80.9
SadB_ref|WP_100812327.1|:1-423	423	k121_583801_1	N/A	29.586	40	169	3.40e-15	77.4
SadB_ref|WP_100812327.1|:1-423	423	k121_984753_1	N/A	26.750	85	400	8.23e-15	79.7
SadB_ref|WP_100812327.1|:1-423	423	k121_621464_3	N/A	26.761	81	355	9.56e-15	78.6
SadB_ref|WP_100812327.1|:1-423	423	k121_873623_1	N/A	24.722	83	360	1.07e-14	78.6
SadB_ref|WP_100812327.1|:1-423	423	k121_1658305_2	N/A	28.625	62	269	3.28e-14	75.9
SadB_ref|WP_100812327.1|:1-423	423	k121_203149_1	N/A	35.484	22	93	4.50e-14	71.6
SadB_ref|WP_100812327.1|:1-423	423	k121_266941_3	N/A	23.848	85	369	7.45e-14	76.6
SadB_ref|WP_100812327.1|:1-423	423	k121_1135575_1	N/A	27.404	48	208	1.50e-13	75.5
SadB_ref|WP_100812327.1|:1-423	423	k121_316936_2	N/A	29.110	68	292	1.61e-13	74.3
SadB_ref|WP_100812327.1|:1-423	423	k121_1419067_2	N/A	27.511	51	229	4.83e-13	73.6
SadB_ref|WP_100812327.1|:1-423	423	k121_350364_2	N/A	27.670	48	206	1.28e-12	71.6
SadB_ref|WP_100812327.1|:1-423	423	k121_1098562_1	N/A	30.120	39	166	1.29e-12	69.3
SadB_ref|WP_100812327.1|:1-423	423	k121_1086916_3	N/A	28.000	46	200	1.61e-12	70.5
SadB_ref|WP_100812327.1|:1-423	423	k121_1213791_1	N/A	29.167	34	144	3.38e-12	67.4
SadB_ref|WP_100812327.1|:1-423	423	k121_1165770_2	N/A	30.612	43	196	5.16e-12	70.9
SadB_ref|WP_100812327.1|:1-423	423	k121_1089844_2	N/A	25.714	88	385	5.51e-12	70.5
SadB_ref|WP_100812327.1|:1-423	423	k121_493858_1	N/A	24.479	85	384	5.55e-12	70.9
SadB_ref|WP_100812327.1|:1-423	423	k121_1529822_3	N/A	27.168	82	346	1.48e-11	69.3
SadB_ref|WP_100812327.1|:1-423	423	k121_1713258_2	N/A	30.233	20	86	1.20e-10	61.6
SadB_ref|WP_100812327.1|:1-423	423	k121_465715_4	N/A	24.731	80	372	1.44e-10	66.2
SadB_ref|WP_100812327.1|:1-423	423	k121_360789_2	N/A	32.584	21	89	4.74e-10	60.1
SadB_ref|WP_100812327.1|:1-423	423	k121_1213433_6	N/A	30.460	39	174	5.12e-10	64.7
SadB_ref|WP_100812327.1|:1-423	423	k121_965416_4	N/A	26.087	89	391	8.89e-10	64.3
SadB_ref|WP_100812327.1|:1-423	423	k121_1361244_1	N/A	23.005	94	426	9.05e-10	63.9
SadB_ref|WP_100812327.1|:1-423	423	k121_146912_23	N/A	24.694	88	409	1.18e-09	63.5
SadB_ref|WP_100812327.1|:1-423	423	k121_83988_1	N/A	24.852	39	169	1.99e-09	60.1
SadB_ref|WP_100812327.1|:1-423	423	k121_1158941_1	N/A	28.916	52	249	7.51e-09	60.5
SadB_ref|WP_100812327.1|:1-423	423	k121_871796_3	N/A	25.589	65	297	7.69e-09	61.2
SadB_ref|WP_100812327.1|:1-423	423	k121_147914_1	N/A	24.800	80	375	2.26e-08	59.7
SadB_ref|WP_100812327.1|:1-423	423	k121_1156766_1	N/A	24.064	82	374	2.90e-08	59.3
SadB_ref|WP_100812327.1|:1-423	423	k121_1320526_2	N/A	25.348	77	359	4.40e-08	58.9
SadB_ref|WP_100812327.1|:1-423	423	k121_821206_3	N/A	30.263	33	152	1.50e-07	55.5
SadB_ref|WP_100812327.1|:1-423	423	k121_88460_2	N/A	31.944	31	144	2.79e-07	56.2
SadB_ref|WP_100812327.1|:1-423	423	k121_32958_6	N/A	25.481	48	208	3.13e-07	55.8
SadB_ref|WP_100812327.1|:1-423	423	k121_1664171_24	N/A	23.577	80	369	3.13e-07	56.2
SadB_ref|WP_100812327.1|:1-423	423	k121_516536_1	N/A	26.549	51	226	4.33e-07	55.5
SadB_ref|WP_100812327.1|:1-423	423	k121_69174_2	N/A	24.474	80	380	5.16e-07	55.5
SadB_ref|WP_100812327.1|:1-423	423	k121_503416_1	N/A	32.812	27	128	7.29e-07	52.4
SadB_ref|WP_100812327.1|:1-423	423	k121_26779_19	N/A	25.168	66	298	9.06e-07	54.7
SadB_ref|WP_100812327.1|:1-423	423	k121_1373134_2	N/A	21.973	52	223	3.81e-06	51.6
SadB_ref|WP_100812327.1|:1-423	423	k121_178226_11	N/A	23.823	78	361	3.88e-06	52.8
SadB_ref|WP_100812327.1|:1-423	423	k121_460269_3	N/A	26.257	41	179	3.96e-06	52.4
SadB_ref|WP_100812327.1|:1-423	423	k121_1575946_2	N/A	23.545	79	378	4.63e-06	52.4
SadB_ref|WP_100812327.1|:1-423	423	k121_126788_2	N/A	21.569	91	408	4.88e-06	52.4
SadB_ref|WP_100812327.1|:1-423	423	k121_327573_1	N/A	25.342	62	292	4.43e-05	49.3
SadB_ref|WP_100812327.1|:1-423	423	k121_226793_2	N/A	32.031	27	128	4.68e-05	47.0
SadB_ref|WP_100812327.1|:1-423	423	k121_1490619_7	N/A	27.273	35	165	5.92e-05	48.9
SadB_ref|WP_100812327.1|:1-423	423	k121_1065922_106	N/A	25.472	71	318	6.84e-05	48.9
SadB_ref|WP_100812327.1|:1-423	423	k121_1178689_4	N/A	23.947	81	380	7.32e-05	48.5
SadB_ref|WP_100812327.1|:1-423	423	k121_1595640_3	N/A	21.168	62	274	1.25e-04	47.4
SadB_ref|WP_100812327.1|:1-423	423	k121_1313972_17	N/A	22.872	85	376	2.25e-04	47.0
SadB_ref|WP_100812327.1|:1-423	423	k121_246555_1	N/A	27.222	39	180	2.60e-04	46.6
SadB_ref|WP_100812327.1|:1-423	423	k121_1087635_5	N/A	24.749	60	299	2.75e-04	46.6
SadB_ref|WP_100812327.1|:1-423	423	k121_1117970_2	N/A	23.757	78	362	4.15e-04	46.2
SadB_ref|WP_100812327.1|:1-423	423	k121_209796_2	N/A	32.520	26	123	6.91e-04	45.4
SadB_ref|WP_100812327.1|:1-423	423	k121_560202_2	N/A	30.081	26	123	7.10e-04	44.7
SadB_ref|WP_100812327.1|:1-423	423	k121_775794_1	N/A	24.000	45	200	8.43e-04	44.3
SadB_ref|WP_100812327.1|:1-423	423	k121_26779_20	N/A	22.727	84	374	8.70e-04	45.4
SadB_ref|WP_100812327.1|:1-423	423	k121_1716581_1	N/A	32.520	26	123	0.001	44.7
SadB_ref|WP_100812327.1|:1-423	423	k121_640343_2	N/A	23.950	52	238	0.001	43.9
SadB_ref|WP_100812327.1|:1-423	423	k121_67039_1	N/A	31.707	35	164	0.001	44.3
SadB_ref|WP_100812327.1|:1-423	423	k121_794844_1	N/A	32.847	28	137	0.002	44.3
SadB_ref|WP_100812327.1|:1-423	423	k121_1219884_6	N/A	23.398	80	359	0.004	43.1
SadB_ref|WP_100812327.1|:1-423	423	k121_1691895_10	N/A	32.031	27	128	0.004	43.1
SadB_ref|WP_100812327.1|:1-423	423	k121_677616_4	N/A	33.333	26	123	0.006	42.7
SadB_ref|WP_100812327.1|:1-423	423	k121_1148692_2	N/A	29.851	28	134	0.006	42.7
SadB_ref|WP_100812327.1|:1-423	423	k121_1224871_229	N/A	21.918	83	365	0.008	42.4
SadB_ref|WP_100812327.1|:1-423	423	k121_1386792_2	N/A	19.767	78	344	0.010	42.0
SadB_ref|WP_100812327.1|:1-423	423	k121_1462372_5	N/A	26.235	69	324	0.010	42.0
SadB_ref|WP_100812327.1|:1-423	423	k121_200598_1	N/A	29.944	39	177	0.014	41.6
SadB_ref|WP_100812327.1|:1-423	423	k121_986794_2	N/A	22.689	81	357	0.014	41.6
SadB_ref|WP_100812327.1|:1-423	423	k121_9429_33	N/A	22.039	77	363	0.023	40.8
SadB_ref|WP_100812327.1|:1-423	423	k121_1687146_2	N/A	29.197	28	137	0.031	40.4
SadB_ref|WP_100812327.1|:1-423	423	k121_799195_5	N/A	24.623	41	199	0.036	40.0
SadB_ref|WP_100812327.1|:1-423	423	k121_1403124_2	N/A	23.885	85	381	0.045	40.0
SadB_ref|WP_100812327.1|:1-423	423	k121_919560_2	N/A	23.045	55	243	0.048	39.7
SadB_ref|WP_100812327.1|:1-423	423	k121_18598_5	N/A	25.000	57	264	0.051	39.7
SadB_ref|WP_100812327.1|:1-423	423	k121_1639724_1	N/A	21.961	57	255	0.071	39.3
SadB_ref|WP_100812327.1|:1-423	423	k121_407867_3	N/A	26.429	30	140	0.089	38.9
SadB_ref|WP_100812327.1|:1-423	423	k121_313343_3	N/A	28.421	21	95	0.092	38.9
SadC_ref|WP_036299413.1|:1-194	194	k121_1277457_3	N/A	52.976	87	168	2.71e-57	182
SadC_ref|WP_036299413.1|:1-194	194	k121_833991_2	N/A	29.560	81	159	6.17e-15	72.4
SadC_ref|WP_036299413.1|:1-194	194	k121_288479_2	N/A	31.206	71	141	4.17e-13	67.4
SadC_ref|WP_036299413.1|:1-194	194	k121_1426049_1	N/A	28.346	65	127	1.06e-11	64.3
SadC_ref|WP_036299413.1|:1-194	194	k121_1311924_17	N/A	31.496	65	127	1.76e-11	63.2
SadC_ref|WP_036299413.1|:1-194	194	k121_1548888_2	N/A	27.049	63	122	4.22e-10	61.2
SadC_ref|WP_036299413.1|:1-194	194	k121_932602_3	N/A	27.612	69	134	6.28e-10	58.5
SadC_ref|WP_036299413.1|:1-194	194	k121_100303_2	N/A	34.161	81	161	8.38e-10	58.9
SadC_ref|WP_036299413.1|:1-194	194	k121_1088157_4	N/A	27.742	76	155	9.24e-10	60.5
SadC_ref|WP_036299413.1|:1-194	194	k121_606471_1	N/A	38.710	47	93	1.43e-09	57.0
SadC_ref|WP_036299413.1|:1-194	194	k121_751229_1	N/A	30.952	64	126	1.47e-09	57.4
SadC_ref|WP_036299413.1|:1-194	194	k121_407651_3	N/A	28.723	94	188	7.36e-09	56.2
SadC_ref|WP_036299413.1|:1-194	194	k121_1158941_2	N/A	37.736	53	106	7.59e-09	56.2
SadC_ref|WP_036299413.1|:1-194	194	k121_146912_26	N/A	34.043	48	94	1.99e-08	55.1
SadC_ref|WP_036299413.1|:1-194	194	k121_1200959_46	N/A	25.874	73	143	2.18e-08	56.6
SadC_ref|WP_036299413.1|:1-194	194	k121_1183427_1	N/A	41.558	39	77	2.60e-08	53.1
SadC_ref|WP_036299413.1|:1-194	194	k121_899193_3	N/A	35.165	46	91	3.18e-08	55.8
SadC_ref|WP_036299413.1|:1-194	194	k121_147328_10	N/A	28.481	81	158	4.62e-08	53.9
SadC_ref|WP_036299413.1|:1-194	194	k121_178226_8	N/A	35.484	47	93	5.66e-08	53.9
SadC_ref|WP_036299413.1|:1-194	194	k121_1487563_19	N/A	44.118	35	68	6.36e-08	53.9
SadC_ref|WP_036299413.1|:1-194	194	k121_1338913_5	N/A	28.889	70	135	8.64e-08	53.1
SadC_ref|WP_036299413.1|:1-194	194	k121_112081_2	N/A	30.496	72	141	1.19e-07	52.4
SadC_ref|WP_036299413.1|:1-194	194	k121_1424829_2	N/A	30.657	70	137	1.27e-07	53.9
SadC_ref|WP_036299413.1|:1-194	194	k121_822552_50	N/A	24.390	84	164	1.36e-07	54.3
SadC_ref|WP_036299413.1|:1-194	194	k121_866264_4	N/A	28.378	76	148	1.59e-07	52.4
SadC_ref|WP_036299413.1|:1-194	194	k121_1599327_4	N/A	35.052	49	97	2.41e-07	52.0
SadC_ref|WP_036299413.1|:1-194	194	k121_948036_4	N/A	27.481	67	131	2.58e-07	52.0
SadC_ref|WP_036299413.1|:1-194	194	k121_1026769_24	N/A	27.778	73	144	3.23e-07	52.0
SadC_ref|WP_036299413.1|:1-194	194	k121_1672102_2	N/A	27.848	81	158	3.77e-07	51.6
SadC_ref|WP_036299413.1|:1-194	194	k121_1110670_1	N/A	31.858	58	113	4.25e-07	51.6
SadC_ref|WP_036299413.1|:1-194	194	k121_617860_1	N/A	30.864	42	81	4.91e-07	50.1
SadC_ref|WP_036299413.1|:1-194	194	k121_234332_9	N/A	23.418	80	158	6.70e-07	50.8
SadC_ref|WP_036299413.1|:1-194	194	k121_982922_4	N/A	25.806	80	155	8.55e-07	50.8
SadC_ref|WP_036299413.1|:1-194	194	k121_1395914_3	N/A	36.364	39	77	9.14e-07	50.1
SadC_ref|WP_036299413.1|:1-194	194	k121_770083_13	N/A	29.524	54	105	9.65e-07	52.0
SadC_ref|WP_036299413.1|:1-194	194	k121_275516_1	N/A	32.727	56	110	1.06e-06	50.4
SadC_ref|WP_036299413.1|:1-194	194	k121_1274317_1	N/A	26.220	82	164	1.08e-06	50.1
SadC_ref|WP_036299413.1|:1-194	194	k121_1496560_4	N/A	34.831	46	89	1.19e-06	50.4
SadC_ref|WP_036299413.1|:1-194	194	k121_388681_3	N/A	25.694	73	144	1.79e-06	49.7
SadC_ref|WP_036299413.1|:1-194	194	k121_773649_2	N/A	25.899	71	139	2.14e-06	49.3
SadC_ref|WP_036299413.1|:1-194	194	k121_649609_1	N/A	33.333	47	93	2.53e-06	49.3
SadC_ref|WP_036299413.1|:1-194	194	k121_1145000_3	N/A	26.220	82	164	2.97e-06	48.9
SadC_ref|WP_036299413.1|:1-194	194	k121_316207_1	N/A	29.787	47	94	3.13e-06	49.7
SadC_ref|WP_036299413.1|:1-194	194	k121_101022_3	N/A	34.831	46	89	3.25e-06	49.3
SadC_ref|WP_036299413.1|:1-194	194	k121_431115_1	N/A	32.184	44	87	3.32e-06	48.1
SadC_ref|WP_036299413.1|:1-194	194	k121_778978_3	N/A	25.731	88	171	3.54e-06	49.3
SadC_ref|WP_036299413.1|:1-194	194	k121_1327052_2	N/A	26.667	54	105	3.60e-06	50.1
SadC_ref|WP_036299413.1|:1-194	194	k121_486484_2	N/A	35.714	43	84	4.82e-06	48.5
SadC_ref|WP_036299413.1|:1-194	194	k121_10803_2	N/A	33.708	46	89	6.10e-06	48.5
SadC_ref|WP_036299413.1|:1-194	194	k121_1611166_2	N/A	25.610	84	164	7.17e-06	48.1
SadC_ref|WP_036299413.1|:1-194	194	k121_158181_1	N/A	22.794	69	136	7.24e-06	47.4
SadC_ref|WP_036299413.1|:1-194	194	k121_1490698_3	N/A	23.944	73	142	7.54e-06	48.1
SadC_ref|WP_036299413.1|:1-194	194	k121_1432946_1	N/A	27.338	69	139	7.70e-06	48.5
SadC_ref|WP_036299413.1|:1-194	194	k121_92375_2	N/A	35.632	44	87	8.50e-06	47.8
SadC_ref|WP_036299413.1|:1-194	194	k121_1012111_7	N/A	35.802	40	81	9.07e-06	47.8
SadC_ref|WP_036299413.1|:1-194	194	k121_950962_58	N/A	24.845	82	161	9.55e-06	48.5
SadC_ref|WP_036299413.1|:1-194	194	k121_468480_4	N/A	26.812	69	138	1.46e-05	47.0
SadC_ref|WP_036299413.1|:1-194	194	k121_160092_1	N/A	23.077	79	156	1.50e-05	47.4
SadC_ref|WP_036299413.1|:1-194	194	k121_862144_8	N/A	28.571	54	105	1.56e-05	48.1
SadC_ref|WP_036299413.1|:1-194	194	k121_442068_2	N/A	37.662	39	77	2.33e-05	46.2
SadC_ref|WP_036299413.1|:1-194	194	k121_203149_2	N/A	27.857	72	140	2.62e-05	46.6
SadC_ref|WP_036299413.1|:1-194	194	k121_1031978_2	N/A	36.364	49	99	2.99e-05	46.2
SadC_ref|WP_036299413.1|:1-194	194	k121_411088_3	N/A	25.874	73	143	3.14e-05	46.2
SadC_ref|WP_036299413.1|:1-194	194	k121_1107930_11	N/A	23.926	84	163	3.38e-05	45.8
SadC_ref|WP_036299413.1|:1-194	194	k121_640205_2	N/A	34.259	55	108	3.49e-05	47.4
SadC_ref|WP_036299413.1|:1-194	194	k121_1076508_2	N/A	25.466	82	161	3.56e-05	45.8
SadC_ref|WP_036299413.1|:1-194	194	k121_63148_2	N/A	28.148	68	135	3.78e-05	45.8
SadC_ref|WP_036299413.1|:1-194	194	k121_832784_22	N/A	28.667	75	150	3.89e-05	46.2
SadC_ref|WP_036299413.1|:1-194	194	k121_946594_3	N/A	32.836	34	67	4.10e-05	45.8
SadC_ref|WP_036299413.1|:1-194	194	k121_736685_2	N/A	36.364	34	66	5.24e-05	43.5
SadC_ref|WP_036299413.1|:1-194	194	k121_227111_4	N/A	25.694	72	144	5.27e-05	45.4
SadC_ref|WP_036299413.1|:1-194	194	k121_1368021_1	N/A	31.522	47	92	7.76e-05	45.1
SadC_ref|WP_036299413.1|:1-194	194	k121_457347_4	N/A	25.294	85	170	9.66e-05	44.7
SadC_ref|WP_036299413.1|:1-194	194	k121_1630249_2	N/A	32.258	47	93	1.11e-04	43.9
SadC_ref|WP_036299413.1|:1-194	194	k121_879998_29	N/A	27.344	65	128	1.47e-04	44.3
SadC_ref|WP_036299413.1|:1-194	194	k121_1143330_15	N/A	32.558	44	86	2.72e-04	44.3
SadC_ref|WP_036299413.1|:1-194	194	k121_581211_1	N/A	30.476	49	105	3.38e-04	42.4
SadC_ref|WP_036299413.1|:1-194	194	k121_1720790_2	N/A	27.103	55	107	3.45e-04	43.5
SadC_ref|WP_036299413.1|:1-194	194	k121_74861_6	N/A	35.789	48	95	6.62e-04	42.4
SadC_ref|WP_036299413.1|:1-194	194	k121_689255_2	N/A	35.065	39	77	0.001	42.0
SadC_ref|WP_036299413.1|:1-194	194	k121_1274747_2	N/A	31.818	34	66	0.001	40.0
SadC_ref|WP_036299413.1|:1-194	194	k121_1324839_8	N/A	27.972	71	143	0.001	41.6
SadC_ref|WP_036299413.1|:1-194	194	k121_314701_1	N/A	27.049	61	122	0.001	40.8
SadC_ref|WP_036299413.1|:1-194	194	k121_530539_2	N/A	28.736	44	87	0.001	42.4
SadC_ref|WP_036299413.1|:1-194	194	k121_119654_2	N/A	21.472	82	163	0.001	41.6
SadC_ref|WP_036299413.1|:1-194	194	k121_1104380_6	N/A	28.571	57	112	0.001	41.6
SadC_ref|WP_036299413.1|:1-194	194	k121_253410_2	N/A	22.222	69	135	0.001	42.4
SadC_ref|WP_036299413.1|:1-194	194	k121_688591_12	N/A	30.435	47	92	0.002	41.6
SadC_ref|WP_036299413.1|:1-194	194	k121_1361831_10	N/A	32.258	47	93	0.002	42.4
SadC_ref|WP_036299413.1|:1-194	194	k121_609473_2	N/A	31.522	47	92	0.002	41.2
SadC_ref|WP_036299413.1|:1-194	194	k121_1085088_106	N/A	29.268	62	123	0.003	40.4
SadC_ref|WP_036299413.1|:1-194	194	k121_1143902_2	N/A	28.378	74	148	0.003	40.4
SadC_ref|WP_036299413.1|:1-194	194	k121_385449_2	N/A	26.786	86	168	0.005	40.0
SadC_ref|WP_036299413.1|:1-194	194	k121_1032712_2	N/A	26.389	73	144	0.008	39.3
SadC_ref|WP_036299413.1|:1-194	194	k121_791231_42	N/A	26.316	68	133	0.008	39.3
SadC_ref|WP_036299413.1|:1-194	194	k121_551195_4	N/A	32.812	33	64	0.010	39.7
SadC_ref|WP_036299413.1|:1-194	194	k121_756189_2	N/A	22.754	84	167	0.013	38.5
SadC_ref|WP_036299413.1|:1-194	194	k121_1314366_2	N/A	27.679	55	112	0.014	38.5
SadC_ref|WP_036299413.1|:1-194	194	k121_997863_2	N/A	30.882	35	68	0.015	38.5
SadC_ref|WP_036299413.1|:1-194	194	k121_354108_2	N/A	46.939	25	49	0.016	38.5
SadC_ref|WP_036299413.1|:1-194	194	k121_879546_17	N/A	36.000	38	75	0.016	38.5
SadC_ref|WP_036299413.1|:1-194	194	k121_1640985_27	N/A	34.722	37	72	0.018	38.1
SadC_ref|WP_036299413.1|:1-194	194	k121_1172550_1	N/A	37.288	30	59	0.019	36.6
SadC_ref|WP_036299413.1|:1-194	194	k121_543209_1	N/A	26.056	73	142	0.023	38.1
SadC_ref|WP_036299413.1|:1-194	194	k121_1231872_2	N/A	25.000	82	164	0.051	37.0
SadC_ref|WP_036299413.1|:1-194	194	k121_145371_5	N/A	24.615	66	130	0.059	37.0
SadC_ref|WP_036299413.1|:1-194	194	k121_715743_2	N/A	37.705	31	61	0.078	36.6
WP_000259031.1	279	k121_503717_4	N/A	100.000	100	279	0.0	553
WP_000259031.1	279	k121_1059933_1	N/A	48.780	88	246	2.38e-84	256
WP_000259031.1	279	k121_961855_1	N/A	53.516	92	256	2.11e-74	231
WP_000259031.1	279	k121_1652913_2	N/A	36.641	94	262	1.05e-40	145
WP_000259031.1	279	k121_9927_1	N/A	38.793	82	232	2.02e-38	138
WP_000259031.1	279	k121_250506_2	N/A	35.628	88	247	7.14e-38	137
WP_000259031.1	279	k121_1541717_2	N/A	32.210	96	267	6.59e-37	135
WP_000259031.1	279	k121_586039_2	N/A	35.965	78	228	2.03e-35	131
WP_000259031.1	279	k121_14666_2	N/A	35.526	78	228	7.62e-35	130
WP_000259031.1	279	k121_58690_1	N/A	35.039	91	254	2.45e-34	129
WP_000259031.1	279	k121_887778_1	N/A	41.243	63	177	3.82e-34	125
WP_000259031.1	279	k121_948041_4	N/A	30.798	94	263	4.86e-34	127
WP_000259031.1	279	k121_547549_2	N/A	31.034	93	261	1.23e-33	127
WP_000259031.1	279	k121_17570_5	N/A	31.837	87	245	2.74e-33	125
WP_000259031.1	279	k121_1108396_5	N/A	32.491	96	277	3.72e-33	125
WP_000259031.1	279	k121_1124977_1	N/A	31.034	93	261	1.44e-32	124
WP_000259031.1	279	k121_588881_8	N/A	30.714	96	280	1.26e-31	124
WP_000259031.1	279	k121_795019_8	N/A	33.564	97	289	1.47e-31	122
WP_000259031.1	279	k121_374913_37	N/A	35.060	88	251	3.96e-31	120
WP_000259031.1	279	k121_1312600_4	N/A	35.200	88	250	6.99e-31	119
WP_000259031.1	279	k121_438790_3	N/A	35.628	88	247	1.83e-30	118
WP_000259031.1	279	k121_273064_31	N/A	32.453	95	265	1.94e-30	119
WP_000259031.1	279	k121_708610_6	N/A	31.461	96	267	2.43e-30	118
WP_000259031.1	279	k121_1433890_4	N/A	32.661	88	248	4.09e-30	117
WP_000259031.1	279	k121_455137_1	N/A	32.296	88	257	1.17e-29	116
WP_000259031.1	279	k121_674715_5	N/A	36.818	78	220	2.00e-29	116
WP_000259031.1	279	k121_106020_2	N/A	30.075	95	266	2.24e-29	116
WP_000259031.1	279	k121_132359_2	N/A	27.820	94	266	5.31e-29	114
WP_000259031.1	279	k121_1657287_2	N/A	30.268	91	261	5.59e-29	114
WP_000259031.1	279	k121_1250031_32	N/A	34.222	80	225	6.27e-29	114
WP_000259031.1	279	k121_5829_1	N/A	31.439	93	264	1.02e-28	114
WP_000259031.1	279	k121_771960_5	N/A	34.884	77	215	3.14e-28	112
WP_000259031.1	279	k121_840967_3	N/A	34.234	78	222	4.20e-28	111
WP_000259031.1	279	k121_816846_2	N/A	30.303	92	264	5.28e-28	112
WP_000259031.1	279	k121_720314_50	N/A	34.742	76	213	6.12e-28	111
WP_000259031.1	279	k121_383375_5	N/A	32.482	97	274	1.02e-27	112
WP_000259031.1	279	k121_1070708_3	N/A	30.189	94	265	1.09e-27	111
WP_000259031.1	279	k121_1241793_4	N/A	35.366	88	246	1.29e-27	111
WP_000259031.1	279	k121_93865_29	N/A	30.182	96	275	1.47e-27	111
WP_000259031.1	279	k121_1216852_2	N/A	34.389	79	221	2.17e-27	110
WP_000259031.1	279	k121_16877_208	N/A	33.708	95	267	2.51e-27	110
WP_000259031.1	279	k121_577163_9	N/A	36.653	87	251	5.56e-27	108
WP_000259031.1	279	k121_710133_7	N/A	31.439	94	264	5.83e-27	109
WP_000259031.1	279	k121_1230885_8	N/A	35.023	76	217	5.96e-27	108
WP_000259031.1	279	k121_990603_7	N/A	36.239	76	218	7.63e-27	108
WP_000259031.1	279	k121_1177645_13	N/A	32.331	93	266	7.98e-27	108
WP_000259031.1	279	k121_272014_4	N/A	33.824	96	272	1.00e-26	108
WP_000259031.1	279	k121_1230853_2	N/A	31.752	97	274	1.05e-26	108
WP_000259031.1	279	k121_129120_3	N/A	29.344	92	259	1.30e-26	108
WP_000259031.1	279	k121_1658773_5	N/A	31.855	88	248	1.84e-26	107
WP_000259031.1	279	k121_381750_6	N/A	31.439	93	264	4.37e-26	108
WP_000259031.1	279	k121_1273670_4	N/A	26.459	91	257	4.66e-26	107
WP_000259031.1	279	k121_1529740_14	N/A	33.462	92	260	4.87e-26	106
WP_000259031.1	279	k121_299871_2	N/A	32.258	87	248	5.05e-26	106
WP_000259031.1	279	k121_701215_2	N/A	31.034	92	261	6.76e-26	106
WP_000259031.1	279	k121_1572775_1	N/A	32.258	88	248	8.25e-26	107
WP_000259031.1	279	k121_1294921_20	N/A	31.496	88	254	8.68e-26	105
WP_000259031.1	279	k121_199278_3	N/A	28.794	91	257	8.75e-26	106
WP_000259031.1	279	k121_615278_1	N/A	33.721	89	258	9.20e-26	106
WP_000259031.1	279	k121_1687631_2	N/A	35.780	76	218	1.09e-25	106
WP_000259031.1	279	k121_1038065_2	N/A	32.171	88	258	1.14e-25	105
WP_000259031.1	279	k121_1268009_14	N/A	29.365	89	252	3.03e-25	103
WP_000259031.1	279	k121_1100518_37	N/A	32.422	88	256	3.23e-25	104
WP_000259031.1	279	k121_536744_47	N/A	32.130	97	277	3.32e-25	104
WP_000259031.1	279	k121_458857_3	N/A	30.802	83	237	9.27e-25	102
WP_000259031.1	279	k121_919935_3	N/A	31.203	93	266	1.16e-24	102
WP_000259031.1	279	k121_1325702_1	N/A	30.483	96	269	1.24e-24	103
WP_000259031.1	279	k121_1140546_2	N/A	31.752	95	274	2.61e-24	102
WP_000259031.1	279	k121_1098050_18	N/A	28.185	91	259	3.14e-24	102
WP_000259031.1	279	k121_1298532_7	N/A	33.333	94	264	4.20e-24	101
WP_000259031.1	279	k121_890872_24	N/A	32.836	93	268	6.11e-24	102
WP_000259031.1	279	k121_375806_2	N/A	35.514	76	214	7.22e-24	101
WP_000259031.1	279	k121_770127_5	N/A	31.734	96	271	7.90e-24	101
WP_000259031.1	279	k121_230982_1	N/A	36.015	93	261	9.26e-24	100
WP_000259031.1	279	k121_27511_1	N/A	30.000	88	250	9.99e-24	100
WP_000259031.1	279	k121_1505606_2	N/A	32.090	93	268	1.05e-23	101
WP_000259031.1	279	k121_469852_6	N/A	34.649	79	228	1.09e-23	100
WP_000259031.1	279	k121_804793_1	N/A	33.071	87	254	1.87e-23	99.8
WP_000259031.1	279	k121_500471_2	N/A	30.612	86	245	2.33e-23	99.0
WP_000259031.1	279	k121_1234822_2	N/A	31.718	78	227	2.36e-23	99.4
WP_000259031.1	279	k121_1636468_2	N/A	35.470	80	234	3.49e-23	99.0
WP_000259031.1	279	k121_437461_1	N/A	29.740	94	269	5.30e-23	98.6
WP_000259031.1	279	k121_885069_4	N/A	33.200	88	250	7.69e-23	98.2
WP_000259031.1	279	k121_1677531_1	N/A	31.174	88	247	8.38e-23	99.0
WP_000259031.1	279	k121_331632_1	N/A	28.016	91	257	8.39e-23	97.8
WP_000259031.1	279	k121_1426219_2	N/A	32.579	79	221	8.48e-23	97.8
WP_000259031.1	279	k121_457053_11	N/A	31.502	95	273	1.11e-22	97.8
WP_000259031.1	279	k121_74492_39	N/A	31.047	97	277	1.43e-22	98.2
WP_000259031.1	279	k121_1671608_3	N/A	26.792	94	265	1.43e-22	97.1
WP_000259031.1	279	k121_1429428_14	N/A	31.923	88	260	2.24e-22	97.4
WP_000259031.1	279	k121_552964_14	N/A	32.721	87	272	6.55e-22	96.3
WP_000259031.1	279	k121_399399_9	N/A	34.404	76	218	6.74e-22	95.9
WP_000259031.1	279	k121_828981_1	N/A	27.574	92	272	6.90e-22	95.5
WP_000259031.1	279	k121_668732_79	N/A	30.258	95	271	7.57e-22	95.9
WP_000259031.1	279	k121_1107031_176	N/A	30.279	87	251	1.88e-21	94.4
WP_000259031.1	279	k121_1101088_3	N/A	30.078	88	256	1.96e-21	94.4
WP_000259031.1	279	k121_434117_10	N/A	29.537	98	281	2.18e-21	94.4
WP_000259031.1	279	k121_887280_7	N/A	31.136	95	273	4.09e-21	94.4
WP_000259031.1	279	k121_647914_2	N/A	32.472	95	271	9.51e-21	94.0
WP_000259031.1	279	k121_75167_23	N/A	31.250	95	272	1.45e-20	92.4
WP_000259031.1	279	k121_1250485_2	N/A	30.337	93	267	1.87e-20	92.8
WP_000259031.1	279	k121_549794_3	N/A	31.343	93	268	6.90e-20	91.3
WP_000259031.1	279	k121_1234463_5	N/A	28.794	87	257	8.34e-20	90.5
WP_000259031.1	279	k121_264729_7	N/A	28.571	88	252	8.38e-20	90.1
WP_000259031.1	279	k121_442005_7	N/A	31.225	88	253	9.44e-20	90.1
WP_000259031.1	279	k121_291605_12	N/A	28.315	98	279	1.49e-19	92.0
WP_000259031.1	279	k121_1462349_7	N/A	27.407	88	270	1.85e-19	89.7
WP_000259031.1	279	k121_325065_3	N/A	31.308	76	214	2.86e-19	89.4
WP_000259031.1	279	k121_187447_1	N/A	34.078	63	179	3.16e-19	88.6
WP_000259031.1	279	k121_616415_22	N/A	28.723	98	282	4.87e-19	88.2
WP_000259031.1	279	k121_1513829_13	N/A	27.037	95	270	5.53e-19	88.2
WP_000259031.1	279	k121_1651813_4	N/A	28.877	63	187	5.63e-19	86.3
WP_000259031.1	279	k121_1592623_13	N/A	26.882	98	279	5.78e-19	87.8
WP_000259031.1	279	k121_1692573_1	N/A	35.772	44	123	6.22e-19	84.3
WP_000259031.1	279	k121_1511120_8	N/A	30.357	95	280	6.85e-19	87.4
WP_000259031.1	279	k121_1249966_2	N/A	32.547	75	212	7.79e-19	87.4
WP_000259031.1	279	k121_84068_23	N/A	31.923	89	260	1.17e-18	87.0
WP_000259031.1	279	k121_945185_7	N/A	34.348	81	230	1.21e-18	86.7
WP_000259031.1	279	k121_614361_1	N/A	27.826	78	230	1.65e-18	86.3
WP_000259031.1	279	k121_472935_7	N/A	32.558	87	258	1.92e-18	86.3
WP_000259031.1	279	k121_1090986_1	N/A	30.909	78	220	3.42e-18	85.5
WP_000259031.1	279	k121_1301713_102	N/A	32.963	87	270	4.84e-18	85.1
WP_000259031.1	279	k121_93017_23	N/A	28.514	87	249	7.40e-18	85.9
WP_000259031.1	279	k121_735892_6	N/A	29.070	90	258	7.62e-18	84.0
WP_000259031.1	279	k121_311687_8	N/A	29.699	94	266	1.53e-17	84.0
WP_000259031.1	279	k121_923325_2	N/A	29.070	91	258	3.74e-17	82.0
WP_000259031.1	279	k121_972989_2	N/A	29.609	63	179	3.84e-17	83.2
WP_000259031.1	279	k121_200055_1	N/A	29.070	87	258	3.99e-17	82.8
WP_000259031.1	279	k121_324091_3	N/A	28.514	88	249	4.19e-17	82.8
WP_000259031.1	279	k121_457246_1	N/A	37.398	44	123	6.07e-17	79.0
WP_000259031.1	279	k121_934217_2	N/A	28.467	95	274	1.26e-16	82.0
WP_000259031.1	279	k121_1360601_1	N/A	27.313	79	227	2.66e-16	79.3
WP_000259031.1	279	k121_913636_2	N/A	36.800	44	125	3.43e-16	77.8
WP_000259031.1	279	k121_1665893_1	N/A	38.614	36	101	3.49e-16	76.3
WP_000259031.1	279	k121_1640826_3	N/A	28.626	91	262	5.53e-16	79.3
WP_000259031.1	279	k121_305236_1	N/A	30.144	73	209	7.63e-16	79.3
WP_000259031.1	279	k121_1205015_2	N/A	32.836	94	268	9.60e-16	79.3
WP_000259031.1	279	k121_1592528_2	N/A	34.483	41	116	9.81e-16	75.5
WP_000259031.1	279	k121_224175_8	N/A	26.493	95	268	9.82e-16	78.6
WP_000259031.1	279	k121_930356_17	N/A	31.559	87	263	1.28e-15	78.6
WP_000259031.1	279	k121_978245_3	N/A	28.177	63	181	1.30e-15	77.0
WP_000259031.1	279	k121_1261558_3	N/A	31.707	44	123	1.53e-15	75.1
WP_000259031.1	279	k121_238887_1	N/A	33.065	44	124	4.12e-15	73.9
WP_000259031.1	279	k121_1485833_13	N/A	31.076	88	251	5.43e-15	77.0
WP_000259031.1	279	k121_1096018_1	N/A	32.759	42	116	1.36e-14	73.2
WP_000259031.1	279	k121_1206708_2	N/A	28.470	95	281	5.46e-14	74.7
WP_000259031.1	279	k121_978485_40	N/A	27.826	78	230	5.64e-14	74.3
WP_000259031.1	279	k121_2287_18	N/A	30.903	95	288	9.10e-14	73.6
WP_000259031.1	279	k121_547538_2	N/A	28.794	90	257	9.81e-14	72.8
WP_000259031.1	279	k121_961859_48	N/A	28.736	90	261	1.03e-13	72.8
WP_000259031.1	279	k121_73507_14	N/A	30.292	88	274	1.08e-13	73.6
WP_000259031.1	279	k121_1333180_10	N/A	32.227	73	211	2.26e-13	71.6
WP_000259031.1	279	k121_1444419_3	N/A	27.326	61	172	1.15e-12	68.2
WP_000259031.1	279	k121_30093_1	N/A	29.500	70	200	2.61e-12	67.8
WP_000259031.1	279	k121_1197623_1	N/A	43.478	25	69	3.48e-12	64.7
WP_000259031.1	279	k121_1454973_1	N/A	29.834	63	181	4.51e-11	64.3
WP_000259031.1	279	k121_909747_2	N/A	29.944	61	177	6.19e-11	63.9
WP_000259031.1	279	k121_1709750_7	N/A	25.000	63	184	9.62e-11	63.5
WP_000259031.1	279	k121_912884_2	N/A	34.911	59	169	9.90e-11	63.9
WP_000259031.1	279	k121_1020844_1	N/A	30.734	75	218	1.85e-10	63.2
WP_000259031.1	279	k121_352356_1	N/A	29.891	64	184	2.38e-10	62.0
WP_000259031.1	279	k121_1638180_3	N/A	33.871	44	124	4.00e-10	60.5
WP_000259031.1	279	k121_14908_1	N/A	27.570	73	214	1.15e-09	60.5
WP_000259031.1	279	k121_551670_2	N/A	26.667	58	165	2.09e-09	58.9
WP_000259031.1	279	k121_1156744_1	N/A	28.169	74	213	2.09e-09	60.1
WP_000259031.1	279	k121_1102358_1	N/A	39.241	28	79	6.78e-08	52.4
WP_000259031.1	279	k121_231462_2	N/A	29.091	95	275	8.22e-08	56.2
WP_000259031.1	279	k121_764780_1	N/A	29.944	62	177	2.63e-07	53.1
WP_000259031.1	279	k121_728598_11	N/A	34.821	38	112	5.49e-07	52.8
WP_000259031.1	279	k121_407496_2	N/A	33.028	38	109	7.94e-07	51.6
WP_000259031.1	279	k121_679714_3	N/A	31.884	25	69	1.14e-06	49.3
WP_000259031.1	279	k121_1606486_1	N/A	32.520	44	123	5.15e-06	48.9
WP_000259031.1	279	k121_999151_2	N/A	30.769	54	156	6.15e-06	48.9
WP_000259031.1	279	k121_1154874_3	N/A	31.034	41	116	6.37e-06	48.1
WP_000259031.1	279	k121_1441950_3	N/A	29.771	46	131	1.47e-05	48.5
WP_000259031.1	279	k121_1146974_1	N/A	31.250	23	64	5.82e-05	44.3
WP_000259031.1	279	k121_1019613_1	N/A	24.479	61	192	5.88e-05	47.0
WP_000259031.1	279	k121_1457558_2	N/A	29.348	33	92	1.34e-04	43.9
WP_000259031.1	279	k121_463294_2	N/A	32.099	28	81	1.92e-04	43.1
WP_000259031.1	279	k121_529682_3	N/A	37.288	21	59	0.001	41.2
WP_000259031.1	279	k121_1243117_2	N/A	26.042	34	96	0.002	40.4
WP_000259031.1	279	k121_120838_1	N/A	43.421	27	76	0.002	40.4
WP_000259031.1	279	k121_151837_3	N/A	35.644	36	101	0.006	40.4
WP_000259031.1	279	k121_19954_1	N/A	30.000	28	80	0.026	38.5
WP_001043260.1	271	k121_961855_1	N/A	100.000	100	271	0.0	528
WP_001043260.1	271	k121_1059933_1	N/A	50.769	96	260	5.80e-88	265
WP_001043260.1	271	k121_503717_4	N/A	53.516	94	256	2.23e-83	254
WP_001043260.1	271	k121_58690_1	N/A	39.544	94	263	9.89e-50	168
WP_001043260.1	271	k121_17570_5	N/A	36.293	95	259	5.17e-49	166
WP_001043260.1	271	k121_1108396_5	N/A	40.075	97	267	1.85e-48	165
WP_001043260.1	271	k121_250506_2	N/A	37.548	95	261	2.46e-48	164
WP_001043260.1	271	k121_14666_2	N/A	39.033	95	269	3.89e-47	162
WP_001043260.1	271	k121_586039_2	N/A	38.662	95	269	4.93e-47	161
WP_001043260.1	271	k121_1658773_5	N/A	39.044	90	251	2.77e-46	159
WP_001043260.1	271	k121_1652913_2	N/A	37.692	96	260	5.40e-46	158
WP_001043260.1	271	k121_374913_37	N/A	39.080	95	261	3.82e-45	156
WP_001043260.1	271	k121_948041_4	N/A	37.786	96	262	1.66e-44	154
WP_001043260.1	271	k121_1541717_2	N/A	36.940	99	268	2.16e-43	152
WP_001043260.1	271	k121_9927_1	N/A	39.738	85	229	8.01e-43	149
WP_001043260.1	271	k121_1216852_2	N/A	40.449	97	267	3.23e-41	146
WP_001043260.1	271	k121_455137_1	N/A	35.897	97	273	5.08e-41	146
WP_001043260.1	271	k121_1426219_2	N/A	39.700	97	267	5.69e-41	145
WP_001043260.1	271	k121_887778_1	N/A	43.023	62	172	1.31e-40	141
WP_001043260.1	271	k121_5829_1	N/A	36.538	95	260	6.83e-40	142
WP_001043260.1	271	k121_273064_31	N/A	34.586	98	266	1.14e-39	142
WP_001043260.1	271	k121_840967_3	N/A	38.389	77	211	1.41e-39	140
WP_001043260.1	271	k121_106020_2	N/A	35.632	96	261	1.63e-39	142
WP_001043260.1	271	k121_674715_5	N/A	37.828	96	267	2.24e-39	142
WP_001043260.1	271	k121_27511_1	N/A	35.769	96	260	2.75e-39	141
WP_001043260.1	271	k121_1230853_2	N/A	33.333	96	267	8.47e-39	140
WP_001043260.1	271	k121_1140546_2	N/A	35.688	96	269	8.52e-39	140
WP_001043260.1	271	k121_708610_6	N/A	35.714	98	266	8.97e-39	140
WP_001043260.1	271	k121_1298532_7	N/A	35.985	97	264	1.34e-38	139
WP_001043260.1	271	k121_701215_2	N/A	33.878	90	245	1.43e-38	139
WP_001043260.1	271	k121_615278_1	N/A	38.610	92	259	5.50e-38	138
WP_001043260.1	271	k121_1038065_2	N/A	37.452	95	259	6.65e-38	137
WP_001043260.1	271	k121_93865_29	N/A	34.733	96	262	9.81e-38	137
WP_001043260.1	271	k121_1529740_14	N/A	37.500	91	248	3.04e-37	135
WP_001043260.1	271	k121_299871_2	N/A	35.135	95	259	1.02e-36	134
WP_001043260.1	271	k121_383375_5	N/A	34.470	96	264	2.09e-36	134
WP_001043260.1	271	k121_547549_2	N/A	30.385	96	260	2.60e-36	133
WP_001043260.1	271	k121_771960_5	N/A	36.940	96	268	4.86e-36	132
WP_001043260.1	271	k121_375806_2	N/A	40.310	90	258	8.27e-36	132
WP_001043260.1	271	k121_74492_39	N/A	36.090	97	266	8.82e-36	133
WP_001043260.1	271	k121_990603_7	N/A	39.544	94	263	9.37e-36	132
WP_001043260.1	271	k121_1325702_1	N/A	34.615	96	260	1.12e-35	132
WP_001043260.1	271	k121_438790_3	N/A	39.113	90	248	1.28e-35	131
WP_001043260.1	271	k121_1312600_4	N/A	37.023	91	262	1.49e-35	131
WP_001043260.1	271	k121_1100518_37	N/A	34.701	96	268	1.49e-35	131
WP_001043260.1	271	k121_1462349_7	N/A	34.495	96	287	3.79e-35	131
WP_001043260.1	271	k121_1177645_13	N/A	35.338	95	266	5.93e-35	129
WP_001043260.1	271	k121_1241793_4	N/A	36.154	95	260	8.90e-35	129
WP_001043260.1	271	k121_1234822_2	N/A	36.000	80	225	2.24e-34	128
WP_001043260.1	271	k121_272014_4	N/A	37.548	95	261	5.80e-34	127
WP_001043260.1	271	k121_16877_208	N/A	36.260	96	262	6.12e-34	127
WP_001043260.1	271	k121_1677531_1	N/A	39.683	90	252	1.03e-33	128
WP_001043260.1	271	k121_710133_7	N/A	34.962	97	266	1.09e-33	126
WP_001043260.1	271	k121_647914_2	N/A	37.918	96	269	1.54e-33	128
WP_001043260.1	271	k121_399399_9	N/A	34.317	90	271	2.09e-33	126
WP_001043260.1	271	k121_1070708_3	N/A	31.321	97	265	2.23e-33	125
WP_001043260.1	271	k121_1124977_1	N/A	29.771	96	262	2.52e-33	125
WP_001043260.1	271	k121_919935_3	N/A	37.838	93	259	2.96e-33	125
WP_001043260.1	271	k121_230982_1	N/A	41.475	80	217	6.09e-33	124
WP_001043260.1	271	k121_1090986_1	N/A	34.340	95	265	2.10e-32	123
WP_001043260.1	271	k121_1234463_5	N/A	34.717	95	265	2.30e-32	124
WP_001043260.1	271	k121_1230885_8	N/A	37.788	78	217	3.48e-32	122
WP_001043260.1	271	k121_770127_5	N/A	34.866	96	261	4.50e-32	122
WP_001043260.1	271	k121_816846_2	N/A	30.435	91	253	6.00e-32	122
WP_001043260.1	271	k121_1687631_2	N/A	40.455	79	220	7.32e-32	122
WP_001043260.1	271	k121_1273670_4	N/A	26.792	97	265	1.23e-31	121
WP_001043260.1	271	k121_795019_8	N/A	32.482	97	274	1.80e-31	121
WP_001043260.1	271	k121_442005_7	N/A	33.588	96	262	2.83e-31	120
WP_001043260.1	271	k121_828981_1	N/A	29.057	97	265	4.84e-31	119
WP_001043260.1	271	k121_885069_4	N/A	34.661	92	251	6.09e-31	119
WP_001043260.1	271	k121_577163_9	N/A	37.751	90	249	6.74e-31	119
WP_001043260.1	271	k121_1250485_2	N/A	33.955	96	268	7.78e-31	120
WP_001043260.1	271	k121_1572775_1	N/A	34.025	89	241	1.16e-30	119
WP_001043260.1	271	k121_549794_3	N/A	34.559	97	272	1.68e-30	119
WP_001043260.1	271	k121_84068_23	N/A	36.154	91	260	1.70e-30	118
WP_001043260.1	271	k121_1636468_2	N/A	36.179	85	246	2.47e-30	117
WP_001043260.1	271	k121_930356_17	N/A	35.907	91	259	2.69e-30	117
WP_001043260.1	271	k121_1657287_2	N/A	31.203	96	266	4.61e-30	117
WP_001043260.1	271	k121_720314_50	N/A	32.463	97	268	2.12e-29	115
WP_001043260.1	271	k121_588881_8	N/A	34.866	90	261	2.61e-29	118
WP_001043260.1	271	k121_500471_2	N/A	30.932	87	236	4.76e-29	113
WP_001043260.1	271	k121_224175_8	N/A	32.955	96	264	4.77e-29	114
WP_001043260.1	271	k121_1433890_4	N/A	30.651	96	261	1.24e-28	113
WP_001043260.1	271	k121_1505606_2	N/A	36.226	96	265	1.51e-28	114
WP_001043260.1	271	k121_129120_3	N/A	27.481	95	262	1.14e-27	110
WP_001043260.1	271	k121_264729_7	N/A	30.435	91	253	1.31e-27	110
WP_001043260.1	271	k121_890872_24	N/A	35.472	96	265	2.42e-27	111
WP_001043260.1	271	k121_381750_6	N/A	29.588	97	267	2.80e-27	111
WP_001043260.1	271	k121_1709750_7	N/A	31.795	69	195	3.18e-27	108
WP_001043260.1	271	k121_1098050_18	N/A	26.400	91	250	9.44e-27	108
WP_001043260.1	271	k121_1250031_32	N/A	33.019	77	212	9.99e-27	108
WP_001043260.1	271	k121_331632_1	N/A	27.715	96	267	3.26e-26	106
WP_001043260.1	271	k121_457053_11	N/A	31.679	96	262	5.09e-26	106
WP_001043260.1	271	k121_1249966_2	N/A	38.278	76	209	1.05e-25	105
WP_001043260.1	271	k121_325065_3	N/A	33.210	97	271	1.91e-25	105
WP_001043260.1	271	k121_469852_6	N/A	35.316	97	269	3.83e-25	104
WP_001043260.1	271	k121_437461_1	N/A	31.855	90	248	1.57e-24	102
WP_001043260.1	271	k121_614361_1	N/A	29.817	79	218	1.67e-24	102
WP_001043260.1	271	k121_804793_1	N/A	31.076	90	251	1.77e-24	102
WP_001043260.1	271	k121_132359_2	N/A	26.838	97	272	2.17e-24	102
WP_001043260.1	271	k121_536744_47	N/A	31.298	96	262	2.60e-24	102
WP_001043260.1	271	k121_1651813_4	N/A	33.333	64	186	3.76e-24	100
WP_001043260.1	271	k121_1429428_14	N/A	34.733	90	262	3.86e-24	102
WP_001043260.1	271	k121_1513829_13	N/A	31.076	90	251	5.26e-24	101
WP_001043260.1	271	k121_972989_2	N/A	34.857	64	175	7.51e-24	101
WP_001043260.1	271	k121_238887_1	N/A	42.400	46	125	8.83e-24	97.1
WP_001043260.1	271	k121_1692573_1	N/A	41.935	46	124	1.50e-23	96.7
WP_001043260.1	271	k121_887280_7	N/A	31.818	97	264	2.45e-23	100
WP_001043260.1	271	k121_1444419_3	N/A	30.769	62	169	4.33e-23	95.9
WP_001043260.1	271	k121_1511120_8	N/A	32.453	95	265	5.65e-23	98.2
WP_001043260.1	271	k121_1592623_13	N/A	29.057	96	265	6.44e-23	98.6
WP_001043260.1	271	k121_1261558_3	N/A	39.837	45	123	7.93e-23	94.4
WP_001043260.1	271	k121_1665893_1	N/A	46.078	38	102	1.11e-22	93.6
WP_001043260.1	271	k121_945185_7	N/A	34.074	97	270	1.23e-22	97.4
WP_001043260.1	271	k121_1301713_102	N/A	33.704	90	270	2.36e-22	96.7
WP_001043260.1	271	k121_1294921_20	N/A	29.412	90	255	2.66e-22	96.3
WP_001043260.1	271	k121_1101088_3	N/A	28.185	93	259	4.11e-22	96.3
WP_001043260.1	271	k121_1205015_2	N/A	36.641	96	262	4.14e-22	97.1
WP_001043260.1	271	k121_93017_23	N/A	28.016	91	257	4.29e-22	97.8
WP_001043260.1	271	k121_552964_14	N/A	34.247	79	219	9.66e-22	95.9
WP_001043260.1	271	k121_199278_3	N/A	26.415	96	265	1.40e-21	94.7
WP_001043260.1	271	k121_1360601_1	N/A	26.991	82	226	1.60e-21	93.2
WP_001043260.1	271	k121_668732_79	N/A	30.597	96	268	1.68e-21	94.7
WP_001043260.1	271	k121_1671608_3	N/A	27.099	95	262	9.01e-21	92.0
WP_001043260.1	271	k121_458857_3	N/A	26.695	85	236	1.34e-20	90.9
WP_001043260.1	271	k121_187447_1	N/A	35.593	64	177	1.42e-20	92.0
WP_001043260.1	271	k121_978245_3	N/A	31.285	64	179	3.26e-20	89.4
WP_001043260.1	271	k121_913636_2	N/A	34.437	55	151	5.00e-20	88.2
WP_001043260.1	271	k121_1268009_14	N/A	26.122	89	245	5.10e-20	89.7
WP_001043260.1	271	k121_311687_8	N/A	29.851	96	268	4.39e-19	88.2
WP_001043260.1	271	k121_2287_18	N/A	30.526	97	285	1.17e-18	87.0
WP_001043260.1	271	k121_305236_1	N/A	32.973	65	185	2.65e-18	86.3
WP_001043260.1	271	k121_923325_2	N/A	28.906	92	256	3.28e-18	85.1
WP_001043260.1	271	k121_961859_48	N/A	30.233	77	215	3.93e-18	84.7
WP_001043260.1	271	k121_1197623_1	N/A	55.072	25	69	6.25e-18	80.1
WP_001043260.1	271	k121_434117_10	N/A	27.941	97	272	1.04e-17	84.3
WP_001043260.1	271	k121_1640826_3	N/A	30.451	96	266	1.91e-17	83.2
WP_001043260.1	271	k121_457246_1	N/A	42.276	45	123	2.86e-17	79.7
WP_001043260.1	271	k121_616415_22	N/A	28.159	97	277	1.40e-16	81.3
WP_001043260.1	271	k121_735892_6	N/A	30.286	65	175	2.12e-16	80.1
WP_001043260.1	271	k121_1102358_1	N/A	45.570	29	79	1.75e-15	73.2
WP_001043260.1	271	k121_978485_40	N/A	31.273	97	275	1.81e-15	78.2
WP_001043260.1	271	k121_1096018_1	N/A	37.097	46	124	1.84e-15	75.1
WP_001043260.1	271	k121_551670_2	N/A	30.128	57	156	3.00e-15	74.7
WP_001043260.1	271	k121_1638180_3	N/A	36.800	46	125	7.18e-15	73.6
WP_001043260.1	271	k121_324091_3	N/A	28.417	97	278	1.14e-14	75.9
WP_001043260.1	271	k121_934217_2	N/A	28.364	96	275	7.30e-14	73.9
WP_001043260.1	271	k121_1592528_2	N/A	34.746	42	118	8.06e-14	70.5
WP_001043260.1	271	k121_14908_1	N/A	26.291	76	213	1.09e-13	71.6
WP_001043260.1	271	k121_547538_2	N/A	31.163	77	215	1.23e-13	72.4
WP_001043260.1	271	k121_75167_23	N/A	28.205	96	273	1.99e-13	72.4
WP_001043260.1	271	k121_1606486_1	N/A	36.242	55	149	5.08e-13	68.6
WP_001043260.1	271	k121_1333180_10	N/A	30.460	64	174	2.09e-12	68.9
WP_001043260.1	271	k121_728598_11	N/A	43.119	38	109	4.44e-12	67.0
WP_001043260.1	271	k121_352356_1	N/A	33.333	65	180	1.42e-11	65.5
WP_001043260.1	271	k121_1107031_176	N/A	27.985	95	268	1.60e-11	66.6
WP_001043260.1	271	k121_472935_7	N/A	27.715	94	267	2.20e-11	66.2
WP_001043260.1	271	k121_291605_12	N/A	25.498	90	251	3.73e-11	66.6
WP_001043260.1	271	k121_1454973_1	N/A	27.273	65	187	9.16e-11	63.2
WP_001043260.1	271	k121_200055_1	N/A	26.357	92	258	3.20e-10	62.8
WP_001043260.1	271	k121_407496_2	N/A	33.803	52	142	3.51e-10	60.8
WP_001043260.1	271	k121_1156744_1	N/A	31.308	75	214	4.41e-10	62.0
WP_001043260.1	271	k121_1206708_2	N/A	27.636	96	275	5.09e-10	62.8
WP_001043260.1	271	k121_1020844_1	N/A	27.074	82	229	5.35e-09	58.9
WP_001043260.1	271	k121_679714_3	N/A	33.803	26	71	1.69e-08	54.3
WP_001043260.1	271	k121_1457558_2	N/A	31.522	34	92	3.89e-08	53.5
WP_001043260.1	271	k121_909747_2	N/A	26.804	69	194	5.07e-08	55.8
WP_001043260.1	271	k121_764780_1	N/A	31.210	56	157	5.74e-08	55.1
WP_001043260.1	271	k121_912884_2	N/A	35.928	59	167	2.34e-07	54.3
WP_001043260.1	271	k121_999151_2	N/A	28.777	51	139	1.50e-06	50.4
WP_001043260.1	271	k121_1012374_2	N/A	42.857	21	56	1.64e-06	48.9
WP_001043260.1	271	k121_1485833_13	N/A	28.571	46	126	2.67e-06	51.6
WP_001043260.1	271	k121_1441950_3	N/A	33.607	44	122	5.14e-06	49.7
WP_001043260.1	271	k121_232097_1	N/A	52.830	20	53	5.29e-06	48.1
WP_001043260.1	271	k121_1146974_1	N/A	35.938	24	64	6.01e-06	47.0
WP_001043260.1	271	k121_1243117_2	N/A	28.125	35	96	1.05e-05	47.0
WP_001043260.1	271	k121_73507_14	N/A	28.179	96	291	3.09e-05	48.5
WP_001043260.1	271	k121_120838_1	N/A	38.889	33	90	1.04e-04	43.9
WP_001043260.1	271	k121_1702074_3	N/A	29.560	58	159	1.95e-04	45.1
WP_001043260.1	271	k121_19954_1	N/A	28.369	51	141	2.79e-04	43.9
WP_001043260.1	271	k121_151837_3	N/A	40.678	22	59	0.018	38.9
WP_001043260.1	271	k121_463294_2	N/A	35.938	24	64	0.018	37.7
WP_001043260.1	271	k121_231462_2	N/A	28.090	96	267	0.024	39.7
WP_001043260.1	271	k121_734040_8	N/A	35.211	26	71	0.037	37.7
WP_001043260.1	271	k121_1154874_3	N/A	28.000	37	100	0.077	36.6
WP_000034420.1	263	k121_1059933_1	N/A	60.392	97	255	1.84e-110	322
WP_000034420.1	263	k121_961855_1	N/A	52.124	98	259	2.56e-80	246
WP_000034420.1	263	k121_503717_4	N/A	43.182	100	264	6.19e-78	240
WP_000034420.1	263	k121_1652913_2	N/A	41.538	98	260	4.06e-58	189
WP_000034420.1	263	k121_17570_5	N/A	39.464	98	261	8.58e-57	185
WP_000034420.1	263	k121_58690_1	N/A	38.697	98	261	1.47e-55	183
WP_000034420.1	263	k121_374913_37	N/A	39.245	99	265	3.61e-55	181
WP_000034420.1	263	k121_250506_2	N/A	37.736	99	265	8.75e-55	181
WP_000034420.1	263	k121_1108396_5	N/A	36.260	98	262	3.60e-51	172
WP_000034420.1	263	k121_948041_4	N/A	38.610	98	259	1.65e-50	170
WP_000034420.1	263	k121_9927_1	N/A	41.991	87	231	1.69e-49	166
WP_000034420.1	263	k121_455137_1	N/A	36.431	99	269	2.64e-49	167
WP_000034420.1	263	k121_885069_4	N/A	38.403	99	263	9.96e-49	165
WP_000034420.1	263	k121_1541717_2	N/A	38.224	98	259	2.75e-48	164
WP_000034420.1	263	k121_1241793_4	N/A	36.398	99	261	5.56e-48	164
WP_000034420.1	263	k121_701215_2	N/A	34.615	98	260	8.09e-48	163
WP_000034420.1	263	k121_1124977_1	N/A	34.100	98	261	8.27e-48	163
WP_000034420.1	263	k121_1325702_1	N/A	35.185	99	270	2.58e-47	162
WP_000034420.1	263	k121_547549_2	N/A	33.333	98	261	3.32e-47	161
WP_000034420.1	263	k121_93865_29	N/A	34.766	97	256	3.56e-47	162
WP_000034420.1	263	k121_1230853_2	N/A	34.483	99	261	7.72e-47	160
WP_000034420.1	263	k121_708610_6	N/A	36.398	98	261	2.99e-46	159
WP_000034420.1	263	k121_887778_1	N/A	43.750	66	176	3.42e-46	155
WP_000034420.1	263	k121_1038065_2	N/A	34.717	99	265	3.95e-46	159
WP_000034420.1	263	k121_720314_50	N/A	36.194	98	268	7.48e-46	157
WP_000034420.1	263	k121_273064_31	N/A	34.866	99	261	1.31e-45	158
WP_000034420.1	263	k121_1312600_4	N/A	39.844	95	256	2.79e-45	156
WP_000034420.1	263	k121_1140546_2	N/A	34.201	99	269	4.72e-45	156
WP_000034420.1	263	k121_586039_2	N/A	34.672	99	274	9.62e-45	155
WP_000034420.1	263	k121_1426219_2	N/A	35.094	99	265	1.47e-44	154
WP_000034420.1	263	k121_1529740_14	N/A	34.100	99	261	3.97e-44	153
WP_000034420.1	263	k121_14666_2	N/A	35.401	99	274	6.33e-44	153
WP_000034420.1	263	k121_299871_2	N/A	34.615	98	260	6.34e-44	152
WP_000034420.1	263	k121_1216852_2	N/A	34.717	100	265	6.40e-44	152
WP_000034420.1	263	k121_5829_1	N/A	34.733	98	262	7.32e-44	153
WP_000034420.1	263	k121_1677531_1	N/A	36.800	94	250	9.91e-44	154
WP_000034420.1	263	k121_770127_5	N/A	34.100	99	261	1.58e-43	152
WP_000034420.1	263	k121_1462349_7	N/A	32.632	99	285	1.11e-42	150
WP_000034420.1	263	k121_1658773_5	N/A	30.385	98	260	3.84e-42	148
WP_000034420.1	263	k121_1298532_7	N/A	33.462	98	260	6.64e-42	147
WP_000034420.1	263	k121_27511_1	N/A	34.866	98	261	8.17e-42	148
WP_000034420.1	263	k121_16877_208	N/A	34.962	99	266	7.36e-41	145
WP_000034420.1	263	k121_437461_1	N/A	35.338	99	266	1.75e-40	144
WP_000034420.1	263	k121_272014_4	N/A	36.398	98	261	1.46e-39	141
WP_000034420.1	263	k121_106020_2	N/A	31.818	99	264	2.19e-39	142
WP_000034420.1	263	k121_1090986_1	N/A	34.351	99	262	2.78e-39	140
WP_000034420.1	263	k121_674715_5	N/A	32.830	98	265	4.06e-39	141
WP_000034420.1	263	k121_1100518_37	N/A	34.211	98	266	9.35e-39	139
WP_000034420.1	263	k121_500471_2	N/A	33.898	89	236	1.23e-38	138
WP_000034420.1	263	k121_840967_3	N/A	36.866	81	217	1.31e-37	135
WP_000034420.1	263	k121_1433890_4	N/A	33.459	99	266	2.55e-37	136
WP_000034420.1	263	k121_1234463_5	N/A	35.741	98	263	3.46e-37	136
WP_000034420.1	263	k121_795019_8	N/A	32.472	99	271	4.91e-37	135
WP_000034420.1	263	k121_771960_5	N/A	31.579	98	266	5.66e-37	135
WP_000034420.1	263	k121_588881_8	N/A	31.365	98	271	6.28e-36	135
WP_000034420.1	263	k121_1572775_1	N/A	33.891	90	239	8.24e-36	133
WP_000034420.1	263	k121_1177645_13	N/A	33.712	98	264	9.15e-36	131
WP_000034420.1	263	k121_375806_2	N/A	35.156	93	256	1.04e-35	132
WP_000034420.1	263	k121_890872_24	N/A	31.579	99	266	1.97e-35	132
WP_000034420.1	263	k121_457053_11	N/A	33.597	94	253	4.94e-35	130
WP_000034420.1	263	k121_1250031_32	N/A	34.586	99	266	8.20e-35	129
WP_000034420.1	263	k121_1505606_2	N/A	31.818	99	264	9.42e-35	130
WP_000034420.1	263	k121_325065_3	N/A	29.963	98	267	1.12e-34	130
WP_000034420.1	263	k121_1234822_2	N/A	33.077	92	260	1.89e-34	128
WP_000034420.1	263	k121_381750_6	N/A	30.534	99	262	1.94e-34	130
WP_000034420.1	263	k121_1636468_2	N/A	33.466	90	251	2.17e-34	128
WP_000034420.1	263	k121_1511120_8	N/A	35.206	98	267	2.98e-34	127
WP_000034420.1	263	k121_1657287_2	N/A	30.682	98	264	4.91e-34	127
WP_000034420.1	263	k121_919935_3	N/A	31.818	97	264	9.78e-34	126
WP_000034420.1	263	k121_93017_23	N/A	32.601	100	273	1.71e-33	128
WP_000034420.1	263	k121_549794_3	N/A	31.955	99	266	3.27e-33	127
WP_000034420.1	263	k121_438790_3	N/A	32.927	93	246	3.80e-33	125
WP_000034420.1	263	k121_710133_7	N/A	31.518	97	257	4.40e-33	124
WP_000034420.1	263	k121_442005_7	N/A	33.585	99	265	1.26e-32	124
WP_000034420.1	263	k121_647914_2	N/A	31.955	99	266	1.36e-32	125
WP_000034420.1	263	k121_972989_2	N/A	38.547	67	179	1.71e-32	124
WP_000034420.1	263	k121_383375_5	N/A	32.075	98	265	2.39e-32	124
WP_000034420.1	263	k121_615278_1	N/A	30.196	94	255	3.25e-32	123
WP_000034420.1	263	k121_1070708_3	N/A	32.046	97	259	4.55e-32	122
WP_000034420.1	263	k121_577163_9	N/A	34.263	93	251	4.64e-32	121
WP_000034420.1	263	k121_1250485_2	N/A	30.827	99	266	6.89e-32	123
WP_000034420.1	263	k121_132359_2	N/A	33.460	98	263	7.46e-32	121
WP_000034420.1	263	k121_816846_2	N/A	30.798	97	263	2.19e-31	120
WP_000034420.1	263	k121_828981_1	N/A	33.077	97	260	2.62e-31	120
WP_000034420.1	263	k121_1205015_2	N/A	32.830	99	265	3.14e-31	121
WP_000034420.1	263	k121_887280_7	N/A	32.950	98	261	3.23e-31	120
WP_000034420.1	263	k121_990603_7	N/A	32.830	98	265	3.69e-31	119
WP_000034420.1	263	k121_1294921_20	N/A	33.463	94	257	5.08e-31	119
WP_000034420.1	263	k121_1513829_13	N/A	32.197	98	264	6.15e-31	119
WP_000034420.1	263	k121_129120_3	N/A	32.184	97	261	9.51e-31	118
WP_000034420.1	263	k121_230982_1	N/A	35.849	99	265	1.60e-30	117
WP_000034420.1	263	k121_536744_47	N/A	32.806	94	253	2.27e-30	118
WP_000034420.1	263	k121_74492_39	N/A	32.540	94	252	4.14e-30	118
WP_000034420.1	263	k121_1709750_7	N/A	34.066	67	182	5.23e-30	115
WP_000034420.1	263	k121_1273670_4	N/A	29.924	98	264	4.85e-29	114
WP_000034420.1	263	k121_1230885_8	N/A	30.350	95	257	6.78e-29	113
WP_000034420.1	263	k121_668732_79	N/A	29.434	97	265	6.80e-29	114
WP_000034420.1	263	k121_1592623_13	N/A	30.916	97	262	6.91e-29	114
WP_000034420.1	263	k121_399399_9	N/A	29.856	94	278	9.01e-29	113
WP_000034420.1	263	k121_331632_1	N/A	31.559	99	263	9.46e-29	113
WP_000034420.1	263	k121_552964_14	N/A	30.769	93	273	9.98e-29	114
WP_000034420.1	263	k121_1687631_2	N/A	31.797	81	217	1.18e-28	114
WP_000034420.1	263	k121_1261558_3	N/A	41.860	49	129	1.93e-28	108
WP_000034420.1	263	k121_199278_3	N/A	30.303	99	264	1.94e-28	112
WP_000034420.1	263	k121_1249966_2	N/A	33.810	79	210	2.15e-28	112
WP_000034420.1	263	k121_1692573_1	N/A	44.715	47	123	2.64e-28	108
WP_000034420.1	263	k121_458857_3	N/A	32.468	86	231	3.63e-28	110
WP_000034420.1	263	k121_804793_1	N/A	32.016	93	253	3.75e-28	112
WP_000034420.1	263	k121_1098050_18	N/A	30.451	98	266	3.91e-28	112
WP_000034420.1	263	k121_945185_7	N/A	32.830	98	265	1.04e-27	110
WP_000034420.1	263	k121_75167_23	N/A	29.961	94	257	1.81e-27	110
WP_000034420.1	263	k121_84068_23	N/A	30.403	98	273	5.89e-27	108
WP_000034420.1	263	k121_1360601_1	N/A	29.956	85	227	7.29e-27	107
WP_000034420.1	263	k121_469852_6	N/A	32.463	99	268	1.31e-26	108
WP_000034420.1	263	k121_238887_1	N/A	37.903	47	124	3.83e-26	102
WP_000034420.1	263	k121_930356_17	N/A	33.716	94	261	4.45e-26	106
WP_000034420.1	263	k121_264729_7	N/A	28.996	97	269	9.06e-26	105
WP_000034420.1	263	k121_1429428_14	N/A	31.047	98	277	1.06e-25	105
WP_000034420.1	263	k121_311687_8	N/A	29.924	98	264	1.15e-25	105
WP_000034420.1	263	k121_1665893_1	N/A	48.515	38	101	1.59e-25	100
WP_000034420.1	263	k121_1107031_176	N/A	29.880	93	251	2.35e-25	104
WP_000034420.1	263	k121_616415_22	N/A	29.771	97	262	5.37e-25	103
WP_000034420.1	263	k121_913636_2	N/A	34.395	58	157	3.70e-24	99.0
WP_000034420.1	263	k121_434117_10	N/A	29.389	97	262	4.07e-24	101
WP_000034420.1	263	k121_614361_1	N/A	30.594	81	219	6.46e-24	100
WP_000034420.1	263	k121_187447_1	N/A	34.463	67	177	8.73e-24	100
WP_000034420.1	263	k121_978245_3	N/A	35.196	66	179	9.47e-24	98.6
WP_000034420.1	263	k121_457246_1	N/A	44.355	47	124	3.52e-23	95.1
WP_000034420.1	263	k121_934217_2	N/A	28.185	94	259	7.18e-23	99.0
WP_000034420.1	263	k121_735892_6	N/A	33.149	68	181	9.82e-23	97.1
WP_000034420.1	263	k121_224175_8	N/A	29.545	98	264	1.99e-22	96.7
WP_000034420.1	263	k121_1638180_3	N/A	38.710	47	124	3.21e-22	92.8
WP_000034420.1	263	k121_1444419_3	N/A	33.140	64	172	3.42e-22	93.6
WP_000034420.1	263	k121_472935_7	N/A	29.502	97	261	1.03e-21	94.7
WP_000034420.1	263	k121_1101088_3	N/A	27.881	97	269	1.90e-21	94.0
WP_000034420.1	263	k121_1651813_4	N/A	32.796	66	186	5.12e-21	91.3
WP_000034420.1	263	k121_291605_12	N/A	29.771	97	262	1.50e-20	94.4
WP_000034420.1	263	k121_1485833_13	N/A	28.794	94	257	2.01e-20	91.7
WP_000034420.1	263	k121_324091_3	N/A	30.075	97	266	4.17e-20	90.5
WP_000034420.1	263	k121_1301713_102	N/A	27.758	97	281	4.87e-20	90.1
WP_000034420.1	263	k121_305236_1	N/A	27.184	77	206	5.96e-20	90.5
WP_000034420.1	263	k121_909747_2	N/A	32.632	70	190	2.14e-19	87.0
WP_000034420.1	263	k121_1268009_14	N/A	29.615	97	260	3.65e-19	87.4
WP_000034420.1	263	k121_1671608_3	N/A	27.138	98	269	1.08e-18	86.3
WP_000034420.1	263	k121_961859_48	N/A	30.047	79	213	2.33e-18	85.1
WP_000034420.1	263	k121_1102358_1	N/A	46.154	30	78	1.10e-17	79.0
WP_000034420.1	263	k121_1197623_1	N/A	52.113	27	71	1.34e-17	79.0
WP_000034420.1	263	k121_2287_18	N/A	29.242	97	277	2.38e-17	83.2
WP_000034420.1	263	k121_1096018_1	N/A	33.333	56	150	2.75e-17	80.1
WP_000034420.1	263	k121_73507_14	N/A	28.044	94	271	5.14e-17	82.8
WP_000034420.1	263	k121_352356_1	N/A	29.412	70	187	7.79e-17	79.7
WP_000034420.1	263	k121_1206708_2	N/A	26.493	94	268	1.36e-16	81.6
WP_000034420.1	263	k121_231462_2	N/A	28.958	94	259	2.53e-16	80.5
WP_000034420.1	263	k121_547538_2	N/A	30.986	79	213	4.04e-16	79.0
WP_000034420.1	263	k121_1454973_1	N/A	29.834	66	181	1.45e-15	76.3
WP_000034420.1	263	k121_200055_1	N/A	27.572	90	243	1.48e-15	77.8
WP_000034420.1	263	k121_923325_2	N/A	27.749	72	191	1.91e-15	77.0
WP_000034420.1	263	k121_1020844_1	N/A	28.205	85	234	1.95e-15	77.0
WP_000034420.1	263	k121_407496_2	N/A	33.103	54	145	4.76e-15	74.3
WP_000034420.1	263	k121_1640826_3	N/A	27.749	72	191	6.11e-15	75.9
WP_000034420.1	263	k121_14908_1	N/A	27.962	79	211	7.09e-15	74.7
WP_000034420.1	263	k121_978485_40	N/A	31.955	97	266	8.76e-15	76.3
WP_000034420.1	263	k121_1156744_1	N/A	29.609	66	179	6.42e-13	69.7
WP_000034420.1	263	k121_1457558_2	N/A	37.500	37	96	1.87e-12	65.5
WP_000034420.1	263	k121_1333180_10	N/A	28.409	66	176	1.08e-11	66.6
WP_000034420.1	263	k121_1606486_1	N/A	34.000	56	150	1.20e-11	64.7
WP_000034420.1	263	k121_30093_1	N/A	29.070	63	172	1.23e-10	62.8
WP_000034420.1	263	k121_728598_11	N/A	32.743	41	113	7.33e-10	60.5
WP_000034420.1	263	k121_764780_1	N/A	27.879	61	165	9.07e-10	60.1
WP_000034420.1	263	k121_551670_2	N/A	26.667	56	150	1.13e-09	59.3
WP_000034420.1	263	k121_999151_2	N/A	30.000	56	150	1.37e-09	58.9
WP_000034420.1	263	k121_679714_3	N/A	35.211	27	71	2.64e-09	56.6
WP_000034420.1	263	k121_1592528_2	N/A	31.897	43	116	3.15e-09	57.8
WP_000034420.1	263	k121_1243117_2	N/A	34.737	36	95	5.96e-09	55.8
WP_000034420.1	263	k121_912884_2	N/A	26.126	77	222	2.17e-08	57.0
WP_000034420.1	263	k121_1019613_1	N/A	28.571	78	231	6.91e-08	55.5
WP_000034420.1	263	k121_232097_1	N/A	46.429	21	56	2.01e-07	52.0
WP_000034420.1	263	k121_593772_2	N/A	40.476	32	84	5.24e-07	50.8
WP_000034420.1	263	k121_1441950_3	N/A	28.000	65	175	6.01e-07	52.4
WP_000034420.1	263	k121_120838_1	N/A	33.333	34	90	7.10e-07	50.1
WP_000034420.1	263	k121_529682_3	N/A	26.733	38	101	8.78e-07	50.1
WP_000034420.1	263	k121_1702074_3	N/A	25.989	67	177	1.12e-06	51.6
WP_000034420.1	263	k121_19954_1	N/A	32.867	52	143	1.71e-06	50.4
WP_000034420.1	263	k121_459666_1	N/A	40.323	21	62	5.73e-05	43.9
WP_000034420.1	263	k121_1154874_3	N/A	31.313	38	99	2.46e-04	43.5
WP_000034420.1	263	k121_1146974_1	N/A	31.250	24	64	2.71e-04	42.4
WP_000034420.1	263	k121_149286_3	N/A	35.616	28	73	4.10e-04	42.0
WP_000034420.1	263	k121_956302_1	N/A	50.943	20	53	5.83e-04	40.8
WP_000034420.1	263	k121_463294_2	N/A	26.667	29	75	0.005	39.3
WP_000034420.1	263	k121_151837_3	N/A	30.323	59	155	0.017	38.9
WP_000034420.1	263	k121_1037238_1	N/A	33.824	23	68	0.022	37.0
WP_000034420.1	263	k121_1433243_14	N/A	25.203	43	123	0.044	38.1
WP_000845048.1	337	k121_595658_2	N/A	63.665	96	322	6.68e-146	418
WP_000845048.1	337	k121_464875_5	N/A	63.609	96	327	1.38e-145	417
WP_000845048.1	337	k121_1102275_2	N/A	62.080	97	327	3.66e-145	416
WP_000845048.1	337	k121_481752_1	N/A	61.976	98	334	1.42e-143	412
WP_000845048.1	337	k121_1311152_2	N/A	61.212	97	330	1.13e-141	407
WP_000845048.1	337	k121_1268971_1	N/A	60.123	95	326	2.97e-135	391
WP_000845048.1	337	k121_1027406_3	N/A	59.810	94	316	3.93e-133	385
WP_000845048.1	337	k121_278385_1	N/A	59.574	98	329	3.94e-133	386
WP_000845048.1	337	k121_959166_2	N/A	61.589	88	302	1.36e-131	380
WP_000845048.1	337	k121_442416_1	N/A	59.347	100	337	3.24e-131	382
WP_000845048.1	337	k121_196972_2	N/A	58.589	97	326	1.21e-130	379
WP_000845048.1	337	k121_347313_3	N/A	57.895	95	323	6.60e-130	377
WP_000845048.1	337	k121_443083_10	N/A	58.544	94	316	3.65e-125	365
WP_000845048.1	337	k121_1566299_1	N/A	55.793	96	328	3.43e-123	361
WP_000845048.1	337	k121_491626_4	N/A	56.604	94	318	7.10e-123	359
WP_000845048.1	337	k121_1207069_1	N/A	56.000	96	325	1.40e-121	355
WP_000845048.1	337	k121_254891_3	N/A	55.452	95	321	1.60e-116	344
WP_000845048.1	337	k121_898068_1	N/A	68.644	70	236	1.12e-115	338
WP_000845048.1	337	k121_787575_2	N/A	54.062	95	320	3.91e-114	338
WP_000845048.1	337	k121_373243_2	N/A	53.049	97	328	9.82e-114	336
WP_000845048.1	337	k121_1413086_2	N/A	56.211	94	322	4.39e-113	335
WP_000845048.1	337	k121_654999_2	N/A	53.312	93	317	2.21e-111	330
WP_000845048.1	337	k121_758950_2	N/A	53.067	96	326	6.23e-110	326
WP_000845048.1	337	k121_790344_1	N/A	50.155	96	323	2.50e-108	322
WP_000845048.1	337	k121_1074550_1	N/A	51.014	99	345	3.02e-106	318
WP_000845048.1	337	k121_261740_2	N/A	51.553	96	322	2.84e-105	314
WP_000845048.1	337	k121_76411_6	N/A	51.713	95	321	3.31e-105	314
WP_000845048.1	337	k121_230946_1	N/A	57.519	79	266	6.04e-104	309
WP_000845048.1	337	k121_393938_1	N/A	54.044	80	272	3.90e-100	300
WP_000845048.1	337	k121_608292_1	N/A	53.135	90	303	4.71e-100	300
WP_000845048.1	337	k121_194734_3	N/A	59.657	68	233	3.81e-95	286
WP_000845048.1	337	k121_924847_1	N/A	99.281	41	139	6.20e-95	281
WP_000845048.1	337	k121_1312714_1	N/A	98.561	41	139	5.57e-94	278
WP_000845048.1	337	k121_1476934_1	N/A	47.134	93	314	7.63e-93	286
WP_000845048.1	337	k121_1432270_2	N/A	50.955	93	314	1.96e-92	281
WP_000845048.1	337	k121_1283859_2	N/A	64.352	64	216	4.30e-92	277
WP_000845048.1	337	k121_567929_1	N/A	60.833	71	240	1.14e-91	277
WP_000845048.1	337	k121_323814_1	N/A	43.824	93	340	1.04e-88	273
WP_000845048.1	337	k121_664331_1	N/A	65.464	58	194	2.90e-86	261
WP_000845048.1	337	k121_1414151_1	N/A	50.758	78	264	1.59e-81	254
WP_000845048.1	337	k121_988509_1	N/A	47.386	91	306	5.97e-81	255
WP_000845048.1	337	k121_469658_1	N/A	50.370	80	270	1.94e-80	254
WP_000845048.1	337	k121_286767_1	N/A	45.283	93	318	5.67e-78	251
WP_000845048.1	337	k121_667655_2	N/A	42.405	93	316	1.49e-77	244
WP_000845048.1	337	k121_1556414_1	N/A	47.157	88	299	8.31e-76	238
WP_000845048.1	337	k121_1567445_1	N/A	65.730	51	178	5.15e-74	231
WP_000845048.1	337	k121_598076_5	N/A	70.861	45	151	3.99e-73	226
WP_000845048.1	337	k121_218621_2	N/A	60.317	55	189	1.36e-72	227
WP_000845048.1	337	k121_818548_2	N/A	66.258	48	163	2.03e-70	219
WP_000845048.1	337	k121_910737_10	N/A	52.036	66	221	1.34e-68	217
WP_000845048.1	337	k121_961494_2	N/A	46.087	68	230	8.62e-67	213
WP_000845048.1	337	k121_923380_1	N/A	62.424	49	165	1.61e-63	202
WP_000845048.1	337	k121_756828_1	N/A	39.799	84	299	5.45e-63	205
WP_000845048.1	337	k121_181379_1	N/A	49.388	73	245	1.59e-61	200
WP_000845048.1	337	k121_587162_3	N/A	45.487	81	277	2.42e-61	200
WP_000845048.1	337	k121_1410585_1	N/A	44.167	71	240	1.25e-58	196
WP_000845048.1	337	k121_1082125_2	N/A	46.256	67	227	1.18e-57	189
WP_000845048.1	337	k121_907450_1	N/A	42.149	72	242	2.85e-57	194
WP_000845048.1	337	k121_33905_1	N/A	57.143	46	154	2.37e-54	179
WP_000845048.1	337	k121_1591839_4	N/A	58.904	43	146	1.56e-53	178
WP_000845048.1	337	k121_27243_1	N/A	56.863	45	153	1.71e-51	171
WP_000845048.1	337	k121_18631_2	N/A	34.568	95	324	3.63e-51	177
WP_000845048.1	337	k121_72112_1	N/A	67.442	38	129	3.83e-51	170
WP_000845048.1	337	k121_682100_1	N/A	63.235	40	136	4.74e-51	169
WP_000845048.1	337	k121_1171832_1	N/A	56.129	46	155	1.89e-47	160
WP_000845048.1	337	k121_532131_3	N/A	34.557	95	327	3.78e-46	162
WP_000845048.1	337	k121_791652_3	N/A	62.810	58	121	3.95e-45	156
WP_000845048.1	337	k121_791652_3	N/A	67.532	58	77	8.51e-26	105
WP_000845048.1	337	k121_1095001_1	N/A	31.348	93	319	3.58e-41	148
WP_000845048.1	337	k121_323011_1	N/A	32.931	98	331	5.00e-41	151
WP_000845048.1	337	k121_1515081_2	N/A	32.399	93	321	6.74e-41	150
WP_000845048.1	337	k121_1200600_42	N/A	32.698	93	315	1.24e-40	147
WP_000845048.1	337	k121_1154551_2	N/A	33.443	90	305	3.51e-40	146
WP_000845048.1	337	k121_536574_1	N/A	30.838	98	334	1.08e-39	146
WP_000845048.1	337	k121_238176_1	N/A	36.562	93	320	2.34e-39	143
WP_000845048.1	337	k121_250877_4	N/A	33.119	91	311	3.51e-39	148
WP_000845048.1	337	k121_2835_1	N/A	31.475	90	305	4.22e-39	145
WP_000845048.1	337	k121_641314_1	N/A	34.295	91	312	1.77e-38	141
WP_000845048.1	337	k121_611497_1	N/A	34.385	93	317	1.87e-38	141
WP_000845048.1	337	k121_1658137_1	N/A	34.641	90	306	1.15e-37	139
WP_000845048.1	337	k121_1419897_2	N/A	34.328	99	335	1.27e-35	134
WP_000845048.1	337	k121_246347_1	N/A	28.395	96	324	1.57e-35	135
WP_000845048.1	337	k121_1351123_1	N/A	36.694	73	248	1.88e-35	132
WP_000845048.1	337	k121_690897_2	N/A	30.818	93	318	3.14e-35	135
WP_000845048.1	337	k121_1390207_1	N/A	32.192	86	292	5.61e-35	137
WP_000845048.1	337	k121_1106858_23	N/A	29.254	98	335	5.82e-35	135
WP_000845048.1	337	k121_458181_2	N/A	34.219	89	301	2.21e-34	130
WP_000845048.1	337	k121_959887_1	N/A	33.133	98	332	2.72e-34	130
WP_000845048.1	337	k121_1492087_1	N/A	28.618	90	304	5.41e-34	129
WP_000845048.1	337	k121_1715075_9	N/A	29.688	94	320	1.31e-33	128
WP_000845048.1	337	k121_1490607_9	N/A	33.225	90	307	1.45e-33	128
WP_000845048.1	337	k121_515440_2	N/A	34.524	99	336	2.83e-33	128
WP_000845048.1	337	k121_1096538_1	N/A	78.082	22	73	1.22e-32	119
WP_000845048.1	337	k121_1220954_1	N/A	35.563	83	284	1.36e-32	125
WP_000845048.1	337	k121_1426469_1	N/A	33.832	98	334	2.98e-32	125
WP_000845048.1	337	k121_29341_3	N/A	27.063	90	303	5.40e-32	125
WP_000845048.1	337	k121_1671512_1	N/A	33.010	88	309	6.48e-32	125
WP_000845048.1	337	k121_789913_2	N/A	33.134	99	335	8.79e-32	124
WP_000845048.1	337	k121_416768_3	N/A	52.727	31	110	9.42e-32	118
WP_000845048.1	337	k121_823559_3	N/A	27.632	90	304	1.69e-31	124
WP_000845048.1	337	k121_1314270_2	N/A	31.515	97	330	1.94e-31	123
WP_000845048.1	337	k121_288165_36	N/A	31.804	96	327	2.09e-31	123
WP_000845048.1	337	k121_751498_5	N/A	32.390	93	318	4.02e-31	122
WP_000845048.1	337	k121_733102_1	N/A	32.792	91	308	5.05e-31	121
WP_000845048.1	337	k121_1131285_7	N/A	33.642	95	324	8.28e-31	121
WP_000845048.1	337	k121_610513_5	N/A	29.043	90	303	1.40e-30	122
WP_000845048.1	337	k121_970692_2	N/A	33.846	76	260	2.04e-30	119
WP_000845048.1	337	k121_802407_77	N/A	31.987	84	297	4.33e-30	119
WP_000845048.1	337	k121_759480_1	N/A	56.000	29	100	5.46e-30	114
WP_000845048.1	337	k121_1367306_1	N/A	27.778	90	306	6.06e-30	119
WP_000845048.1	337	k121_425522_2	N/A	51.327	34	113	9.14e-30	114
WP_000845048.1	337	k121_268102_2	N/A	27.744	95	328	1.19e-29	119
WP_000845048.1	337	k121_1698860_3	N/A	32.046	77	259	1.32e-29	116
WP_000845048.1	337	k121_223390_2	N/A	32.743	66	226	2.43e-29	116
WP_000845048.1	337	k121_1145408_1	N/A	30.667	89	300	2.71e-29	116
WP_000845048.1	337	k121_1000709_2	N/A	35.652	67	230	3.13e-29	114
WP_000845048.1	337	k121_439245_1	N/A	30.502	76	259	4.04e-29	114
WP_000845048.1	337	k121_1376434_3	N/A	31.420	97	331	4.31e-29	117
WP_000845048.1	337	k121_822966_1	N/A	28.479	90	309	9.36e-29	116
WP_000845048.1	337	k121_159615_1	N/A	29.969	96	327	1.77e-28	117
WP_000845048.1	337	k121_1086115_1	N/A	31.611	96	329	1.97e-28	115
WP_000845048.1	337	k121_260839_1	N/A	29.467	94	319	2.40e-28	116
WP_000845048.1	337	k121_32756_1	N/A	29.904	90	311	2.52e-28	115
WP_000845048.1	337	k121_156293_2	N/A	29.710	82	276	3.17e-28	113
WP_000845048.1	337	k121_64187_1	N/A	28.431	90	306	4.63e-28	115
WP_000845048.1	337	k121_1431094_1	N/A	27.445	93	317	4.64e-28	114
WP_000845048.1	337	k121_1608753_6	N/A	29.739	89	306	4.93e-28	113
WP_000845048.1	337	k121_1563945_3	N/A	29.653	93	317	1.06e-27	115
WP_000845048.1	337	k121_899138_1	N/A	30.435	88	299	1.15e-27	112
WP_000845048.1	337	k121_39946_2	N/A	58.511	27	94	1.17e-27	107
WP_000845048.1	337	k121_1226166_4	N/A	31.677	95	322	1.32e-27	112
WP_000845048.1	337	k121_458815_3	N/A	69.863	22	73	4.71e-27	105
WP_000845048.1	337	k121_575940_1	N/A	39.437	62	213	6.91e-27	111
WP_000845048.1	337	k121_605050_2	N/A	33.103	85	290	7.55e-27	109
WP_000845048.1	337	k121_1524130_2	N/A	30.094	94	319	1.61e-26	109
WP_000845048.1	337	k121_229480_3	N/A	30.035	82	283	1.61e-26	109
WP_000845048.1	337	k121_894377_1	N/A	33.457	77	269	1.63e-26	109
WP_000845048.1	337	k121_993327_2	N/A	62.651	25	83	1.78e-26	104
WP_000845048.1	337	k121_1115656_1	N/A	31.441	67	229	1.84e-26	107
WP_000845048.1	337	k121_1505629_4	N/A	36.607	66	224	1.94e-26	108
WP_000845048.1	337	k121_125517_1	N/A	29.831	85	295	3.44e-26	108
WP_000845048.1	337	k121_1266058_1	N/A	30.519	91	308	6.08e-26	107
WP_000845048.1	337	k121_224638_3	N/A	31.579	76	266	8.58e-26	107
WP_000845048.1	337	k121_1583287_4	N/A	31.561	85	301	1.27e-25	107
WP_000845048.1	337	k121_1066270_2	N/A	29.667	89	300	1.67e-25	108
WP_000845048.1	337	k121_954297_1	N/A	33.657	91	309	1.98e-25	107
WP_000845048.1	337	k121_1416133_4	N/A	48.544	28	103	3.79e-25	102
WP_000845048.1	337	k121_76839_2	N/A	28.421	82	285	4.18e-25	105
WP_000845048.1	337	k121_533803_3	N/A	36.199	65	221	4.78e-25	105
WP_000845048.1	337	k121_1514310_2	N/A	32.581	88	310	6.81e-25	106
WP_000845048.1	337	k121_1532984_2	N/A	30.164	85	305	7.05e-25	105
WP_000845048.1	337	k121_339972_3	N/A	32.738	93	336	9.71e-25	105
WP_000845048.1	337	k121_1365063_13	N/A	33.088	77	272	1.26e-24	105
WP_000845048.1	337	k121_480630_9	N/A	34.247	62	219	2.82e-24	104
WP_000845048.1	337	k121_932370_10	N/A	38.073	63	218	3.74e-24	103
WP_000845048.1	337	k121_1586620_2	N/A	31.878	67	229	4.97e-24	103
WP_000845048.1	337	k121_364879_1	N/A	29.710	82	276	5.14e-24	102
WP_000845048.1	337	k121_505987_2	N/A	27.458	87	295	5.87e-24	102
WP_000845048.1	337	k121_405532_3	N/A	29.032	87	310	6.89e-24	103
WP_000845048.1	337	k121_42371_3	N/A	30.282	82	284	7.12e-24	102
WP_000845048.1	337	k121_1481490_10	N/A	38.073	63	218	7.15e-24	103
WP_000845048.1	337	k121_1132613_2	N/A	26.421	85	299	1.08e-23	102
WP_000845048.1	337	k121_1439833_1	N/A	56.322	26	87	1.76e-23	96.3
WP_000845048.1	337	k121_295117_8	N/A	32.667	85	300	1.84e-23	101
WP_000845048.1	337	k121_276000_6	N/A	34.510	72	255	2.31e-23	101
WP_000845048.1	337	k121_1337820_1	N/A	37.445	66	227	2.57e-23	98.6
WP_000845048.1	337	k121_1549885_2	N/A	29.900	88	301	2.91e-23	100
WP_000845048.1	337	k121_843772_2	N/A	30.719	87	306	3.41e-23	101
WP_000845048.1	337	k121_278951_3	N/A	26.821	89	302	3.57e-23	100
WP_000845048.1	337	k121_204411_2	N/A	34.545	64	220	3.67e-23	100
WP_000845048.1	337	k121_715215_2	N/A	32.581	85	310	5.06e-23	100
WP_000845048.1	337	k121_644374_1	N/A	25.763	83	295	5.30e-23	100
WP_000845048.1	337	k121_580243_2	N/A	35.377	61	212	7.27e-23	100
WP_000845048.1	337	k121_1403441_3	N/A	31.707	59	205	9.49e-23	99.8
WP_000845048.1	337	k121_254393_2	N/A	27.907	85	301	1.04e-22	99.4
WP_000845048.1	337	k121_1555514_16	N/A	35.612	78	278	1.77e-22	99.4
WP_000845048.1	337	k121_1383132_2	N/A	28.571	84	301	2.14e-22	99.0
WP_000845048.1	337	k121_1029666_4	N/A	30.392	85	306	2.32e-22	99.0
WP_000845048.1	337	k121_337020_1	N/A	31.343	59	201	2.63e-22	95.9
WP_000845048.1	337	k121_233301_1	N/A	32.093	62	215	4.01e-22	96.3
WP_000845048.1	337	k121_369699_4	N/A	32.911	88	316	4.15e-22	98.2
WP_000845048.1	337	k121_501311_1	N/A	30.794	88	315	7.13e-22	97.4
WP_000845048.1	337	k121_219031_3	N/A	31.250	78	272	7.66e-22	97.4
WP_000845048.1	337	k121_1569699_1	N/A	60.526	23	76	8.28e-22	91.3
WP_000845048.1	337	k121_366327_8	N/A	34.562	62	217	9.81e-22	97.1
WP_000845048.1	337	k121_830336_4	N/A	35.909	64	220	1.02e-21	97.4
WP_000845048.1	337	k121_210486_2	N/A	30.000	84	300	1.10e-21	97.1
WP_000845048.1	337	k121_1422764_1	N/A	60.563	20	71	1.15e-21	90.9
WP_000845048.1	337	k121_623727_7	N/A	34.112	62	214	1.20e-21	96.7
WP_000845048.1	337	k121_203291_23	N/A	30.976	84	297	1.45e-21	96.7
WP_000845048.1	337	k121_1024623_5	N/A	29.085	85	306	1.49e-21	97.4
WP_000845048.1	337	k121_46359_1	N/A	33.790	63	219	2.47e-21	94.0
WP_000845048.1	337	k121_397016_3	N/A	30.503	86	318	3.08e-21	95.9
WP_000845048.1	337	k121_920775_8	N/A	30.450	81	289	3.98e-21	95.5
WP_000845048.1	337	k121_735982_5	N/A	28.391	88	317	3.99e-21	95.5
WP_000845048.1	337	k121_1162641_11	N/A	31.651	63	218	4.54e-21	95.1
WP_000845048.1	337	k121_1248890_2	N/A	26.838	78	272	5.97e-21	94.0
WP_000845048.1	337	k121_1150206_1	N/A	31.915	83	282	6.20e-21	94.0
WP_000845048.1	337	k121_1113966_2	N/A	31.900	78	279	8.82e-21	94.7
WP_000845048.1	337	k121_1397877_10	N/A	32.110	63	218	9.02e-21	94.7
WP_000845048.1	337	k121_1229648_3	N/A	27.703	83	296	9.02e-21	94.4
WP_000845048.1	337	k121_493915_5	N/A	33.457	75	269	1.24e-20	94.0
WP_000845048.1	337	k121_378911_3	N/A	35.165	54	182	1.57e-20	90.9
WP_000845048.1	337	k121_81247_3	N/A	27.302	88	315	2.01e-20	93.2
WP_000845048.1	337	k121_1315429_50	N/A	31.148	83	305	2.14e-20	93.6
WP_000845048.1	337	k121_1525161_3	N/A	27.668	74	253	2.15e-20	91.7
WP_000845048.1	337	k121_1089691_43	N/A	30.556	81	288	2.26e-20	93.2
WP_000845048.1	337	k121_1085454_10	N/A	53.165	22	79	2.76e-20	87.4
WP_000845048.1	337	k121_1180341_1	N/A	27.157	88	313	3.32e-20	92.4
WP_000845048.1	337	k121_1044608_4	N/A	30.159	85	315	3.79e-20	92.8
WP_000845048.1	337	k121_1597586_1	N/A	34.091	64	220	3.84e-20	92.8
WP_000845048.1	337	k121_180953_4	N/A	31.984	68	247	3.85e-20	92.8
WP_000845048.1	337	k121_1184136_30	N/A	31.104	84	299	5.39e-20	92.0
WP_000845048.1	337	k121_796085_12	N/A	29.310	81	290	5.75e-20	91.7
WP_000845048.1	337	k121_1061740_3	N/A	33.632	62	223	5.82e-20	92.4
WP_000845048.1	337	k121_257963_1	N/A	31.687	69	243	6.03e-20	92.0
WP_000845048.1	337	k121_214816_20	N/A	31.803	86	305	6.63e-20	92.4
WP_000845048.1	337	k121_690289_2	N/A	30.627	77	271	7.12e-20	91.7
WP_000845048.1	337	k121_143970_4	N/A	29.323	76	266	7.69e-20	91.3
WP_000845048.1	337	k121_1630330_2	N/A	28.044	79	271	7.95e-20	90.9
WP_000845048.1	337	k121_613971_1	N/A	43.689	31	103	8.62e-20	86.7
WP_000845048.1	337	k121_169909_78	N/A	33.019	61	212	9.26e-20	91.3
WP_000845048.1	337	k121_744232_4	N/A	34.831	53	178	9.45e-20	92.0
WP_000845048.1	337	k121_1098955_6	N/A	34.722	62	216	1.11e-19	91.3
WP_000845048.1	337	k121_1083080_2	N/A	33.491	61	212	1.11e-19	91.3
WP_000845048.1	337	k121_1705841_1	N/A	28.146	85	302	1.15e-19	91.3
WP_000845048.1	337	k121_47174_19	N/A	27.575	83	301	1.23e-19	91.3
WP_000845048.1	337	k121_245176_72	N/A	32.056	81	287	1.24e-19	91.3
WP_000845048.1	337	k121_1324905_5	N/A	30.496	79	282	1.44e-19	91.3
WP_000845048.1	337	k121_686589_2	N/A	33.922	77	283	1.50e-19	91.3
WP_000845048.1	337	k121_535836_5	N/A	30.314	82	287	1.53e-19	90.9
WP_000845048.1	337	k121_1640692_1	N/A	35.000	64	220	1.61e-19	90.1
WP_000845048.1	337	k121_154394_2	N/A	25.850	83	294	1.72e-19	90.9
WP_000845048.1	337	k121_268196_5	N/A	27.737	78	274	2.62e-19	90.1
WP_000845048.1	337	k121_390899_17	N/A	30.662	78	287	2.73e-19	90.1
WP_000845048.1	337	k121_637813_5	N/A	25.085	83	295	3.07e-19	90.1
WP_000845048.1	337	k121_1539887_2	N/A	33.684	56	190	3.37e-19	86.7
WP_000845048.1	337	k121_1000928_2	N/A	27.778	85	306	3.58e-19	90.1
WP_000845048.1	337	k121_595030_2	N/A	30.877	79	285	4.61e-19	89.7
WP_000845048.1	337	k121_1535674_6	N/A	30.719	85	306	5.04e-19	90.1
WP_000845048.1	337	k121_596570_1	N/A	27.597	86	308	6.57e-19	89.7
WP_000845048.1	337	k121_1295938_23	N/A	34.545	62	220	7.06e-19	89.4
WP_000845048.1	337	k121_922490_3	N/A	36.413	55	184	8.02e-19	89.0
WP_000845048.1	337	k121_1121204_7	N/A	33.491	61	212	8.37e-19	88.6
WP_000845048.1	337	k121_471561_3	N/A	30.909	78	275	9.21e-19	89.4
WP_000845048.1	337	k121_1357096_7	N/A	30.182	76	275	1.20e-18	88.6
WP_000845048.1	337	k121_1247606_1	N/A	30.964	56	197	1.35e-18	85.9
WP_000845048.1	337	k121_434513_1	N/A	27.303	85	304	1.41e-18	88.2
WP_000845048.1	337	k121_258532_3	N/A	33.333	63	216	1.55e-18	86.7
WP_000845048.1	337	k121_336030_1	N/A	30.493	63	223	1.66e-18	86.3
WP_000845048.1	337	k121_1543627_5	N/A	28.912	84	294	1.84e-18	87.8
WP_000845048.1	337	k121_563655_3	N/A	32.593	78	270	2.09e-18	86.7
WP_000845048.1	337	k121_870691_226	N/A	30.153	76	262	2.32e-18	87.4
WP_000845048.1	337	k121_1412234_1	N/A	31.803	85	305	2.35e-18	87.8
WP_000845048.1	337	k121_1045652_2	N/A	26.073	83	303	2.42e-18	87.4
WP_000845048.1	337	k121_342869_1	N/A	34.973	54	183	2.70e-18	84.7
WP_000845048.1	337	k121_834377_2	N/A	30.317	64	221	3.00e-18	85.5
WP_000845048.1	337	k121_516012_5	N/A	26.596	81	282	3.04e-18	87.4
WP_000845048.1	337	k121_716143_2	N/A	36.054	44	147	3.23e-18	83.6
WP_000845048.1	337	k121_686130_47	N/A	34.529	62	223	3.26e-18	87.4
WP_000845048.1	337	k121_675053_3	N/A	31.818	78	286	3.30e-18	87.4
WP_000845048.1	337	k121_787037_8	N/A	26.936	84	297	3.38e-18	87.0
WP_000845048.1	337	k121_72260_1	N/A	31.364	64	220	3.49e-18	85.5
WP_000845048.1	337	k121_717454_7	N/A	23.529	90	306	3.82e-18	86.7
WP_000845048.1	337	k121_651906_2	N/A	28.571	74	259	3.91e-18	87.0
WP_000845048.1	337	k121_1653439_3	N/A	54.667	21	75	3.93e-18	82.0
WP_000845048.1	337	k121_837460_5	N/A	31.930	80	285	4.21e-18	87.0
WP_000845048.1	337	k121_961494_1	N/A	57.576	20	66	4.23e-18	80.9
WP_000845048.1	337	k121_1438777_3	N/A	39.227	53	181	4.81e-18	84.0
WP_000845048.1	337	k121_1343661_2	N/A	30.282	77	284	6.34e-18	86.3
WP_000845048.1	337	k121_325719_1	N/A	34.783	55	184	8.34e-18	84.0
WP_000845048.1	337	k121_671877_2	N/A	30.627	77	271	8.68e-18	85.9
WP_000845048.1	337	k121_25099_6	N/A	32.394	61	213	9.21e-18	86.3
WP_000845048.1	337	k121_731549_3	N/A	29.965	81	287	9.54e-18	85.9
WP_000845048.1	337	k121_58535_9	N/A	32.353	77	272	1.04e-17	85.9
WP_000845048.1	337	k121_588733_4	N/A	31.488	80	289	1.13e-17	85.9
WP_000845048.1	337	k121_1424855_2	N/A	32.039	61	206	1.27e-17	83.6
WP_000845048.1	337	k121_325773_4	N/A	33.333	61	210	1.53e-17	85.5
WP_000845048.1	337	k121_527661_6	N/A	31.050	64	219	1.58e-17	85.1
WP_000845048.1	337	k121_1654951_2	N/A	28.372	62	215	1.75e-17	83.6
WP_000845048.1	337	k121_829242_7	N/A	32.683	59	205	2.32e-17	85.1
WP_000845048.1	337	k121_734456_4	N/A	28.372	62	215	2.72e-17	82.4
WP_000845048.1	337	k121_764610_5	N/A	31.308	62	214	2.91e-17	84.3
WP_000845048.1	337	k121_41762_2	N/A	25.000	87	304	3.15e-17	84.3
WP_000845048.1	337	k121_441118_4	N/A	26.481	82	287	3.56e-17	84.3
WP_000845048.1	337	k121_380618_2	N/A	45.570	23	79	3.61e-17	81.6
WP_000845048.1	337	k121_522222_2	N/A	26.022	77	269	3.78e-17	84.3
WP_000845048.1	337	k121_890265_2	N/A	33.649	60	211	3.84e-17	84.3
WP_000845048.1	337	k121_728103_29	N/A	29.904	86	311	4.87e-17	84.0
WP_000845048.1	337	k121_375497_15	N/A	25.316	88	316	5.48e-17	83.6
WP_000845048.1	337	k121_858084_2	N/A	28.155	90	309	6.01e-17	83.2
WP_000845048.1	337	k121_329675_6	N/A	30.233	73	258	6.26e-17	82.8
WP_000845048.1	337	k121_270517_7	N/A	31.308	61	214	6.34e-17	83.2
WP_000845048.1	337	k121_446525_1	N/A	61.194	20	67	6.46e-17	79.7
WP_000845048.1	337	k121_1232776_6	N/A	31.579	77	266	6.60e-17	84.3
WP_000845048.1	337	k121_804454_2	N/A	29.712	85	313	6.74e-17	84.0
WP_000845048.1	337	k121_1030161_1	N/A	30.435	53	184	6.78e-17	82.8
WP_000845048.1	337	k121_6393_2	N/A	28.144	93	334	6.82e-17	83.6
WP_000845048.1	337	k121_742812_1	N/A	32.044	53	181	7.30e-17	80.1
WP_000845048.1	337	k121_1341456_36	N/A	37.430	53	179	7.79e-17	83.6
WP_000845048.1	337	k121_866452_1	N/A	28.571	63	217	8.94e-17	82.0
WP_000845048.1	337	k121_1318485_3	N/A	29.565	63	230	9.55e-17	83.2
WP_000845048.1	337	k121_652017_19	N/A	29.180	85	305	1.02e-16	82.8
WP_000845048.1	337	k121_454244_2	N/A	34.615	54	182	1.03e-16	83.2
WP_000845048.1	337	k121_1402406_11	N/A	29.276	85	304	1.14e-16	82.8
WP_000845048.1	337	k121_1405115_3	N/A	30.303	84	297	1.35e-16	82.4
WP_000845048.1	337	k121_594618_6	N/A	28.339	85	307	1.47e-16	82.8
WP_000845048.1	337	k121_1508559_1	N/A	51.948	23	77	1.51e-16	77.4
WP_000845048.1	337	k121_242413_10	N/A	24.422	85	303	1.85e-16	82.0
WP_000845048.1	337	k121_981558_3	N/A	30.952	61	210	1.86e-16	82.4
WP_000845048.1	337	k121_825904_7	N/A	35.165	54	182	2.13e-16	82.0
WP_000845048.1	337	k121_1528802_1	N/A	30.516	62	213	2.28e-16	82.0
WP_000845048.1	337	k121_850103_3	N/A	30.342	66	234	2.82e-16	81.6
WP_000845048.1	337	k121_1195711_6	N/A	30.903	81	288	3.01e-16	81.6
WP_000845048.1	337	k121_652051_22	N/A	27.541	85	305	3.05e-16	81.6
WP_000845048.1	337	k121_1068288_1	N/A	29.545	63	220	3.18e-16	82.0
WP_000845048.1	337	k121_1294822_1	N/A	29.012	86	324	3.20e-16	81.6
WP_000845048.1	337	k121_282476_1	N/A	28.710	89	310	3.41e-16	81.3
WP_000845048.1	337	k121_1257813_4	N/A	29.070	73	258	4.01e-16	81.3
WP_000845048.1	337	k121_141218_1	N/A	31.984	65	247	4.55e-16	81.6
WP_000845048.1	337	k121_1217573_6	N/A	35.664	41	143	5.37e-16	77.4
WP_000845048.1	337	k121_1506830_4	N/A	27.273	86	319	5.64e-16	80.9
WP_000845048.1	337	k121_1717828_3	N/A	36.986	43	146	5.75e-16	77.0
WP_000845048.1	337	k121_237959_1	N/A	33.971	61	209	5.86e-16	79.7
WP_000845048.1	337	k121_1650747_6	N/A	30.698	62	215	5.90e-16	80.9
WP_000845048.1	337	k121_1586682_2	N/A	28.571	84	308	5.99e-16	80.9
WP_000845048.1	337	k121_1451267_1	N/A	32.569	62	218	6.33e-16	80.9
WP_000845048.1	337	k121_219193_1	N/A	29.310	64	232	7.29e-16	79.3
WP_000845048.1	337	k121_1504320_1	N/A	33.032	62	221	7.52e-16	80.1
WP_000845048.1	337	k121_1037659_7	N/A	30.332	60	211	7.53e-16	78.6
WP_000845048.1	337	k121_1360719_2	N/A	32.850	59	207	8.59e-16	80.1
WP_000845048.1	337	k121_188706_2	N/A	29.617	79	287	9.34e-16	80.1
WP_000845048.1	337	k121_1157229_2	N/A	32.222	53	180	9.47e-16	78.2
WP_000845048.1	337	k121_1254318_1	N/A	35.912	53	181	1.03e-15	77.8
WP_000845048.1	337	k121_1022125_3	N/A	31.419	81	296	1.09e-15	80.1
WP_000845048.1	337	k121_1580666_5	N/A	30.576	78	278	1.09e-15	80.5
WP_000845048.1	337	k121_1612427_32	N/A	26.937	78	271	1.21e-15	79.7
WP_000845048.1	337	k121_754734_18	N/A	32.660	84	297	1.24e-15	80.1
WP_000845048.1	337	k121_1575817_1	N/A	28.877	55	187	1.35e-15	77.0
WP_000845048.1	337	k121_65271_1	N/A	33.778	64	225	1.49e-15	79.7
WP_000845048.1	337	k121_147146_34	N/A	32.558	62	215	1.80e-15	79.3
WP_000845048.1	337	k121_661423_5	N/A	29.693	81	293	2.04e-15	79.3
WP_000845048.1	337	k121_289689_3	N/A	31.694	54	183	2.27e-15	77.0
WP_000845048.1	337	k121_968230_4	N/A	25.424	83	295	2.70e-15	79.0
WP_000845048.1	337	k121_935337_37	N/A	27.841	52	176	2.99e-15	78.6
WP_000845048.1	337	k121_1021431_2	N/A	25.778	64	225	3.13e-15	78.6
WP_000845048.1	337	k121_69034_1	N/A	27.315	62	216	3.61e-15	77.0
WP_000845048.1	337	k121_802099_22	N/A	29.373	84	303	3.81e-15	78.6
WP_000845048.1	337	k121_195447_5	N/A	22.697	85	304	3.90e-15	78.6
WP_000845048.1	337	k121_1274961_1	N/A	32.673	58	202	4.15e-15	76.6
WP_000845048.1	337	k121_1111426_18	N/A	28.807	69	243	5.06e-15	77.8
WP_000845048.1	337	k121_909813_1	N/A	30.249	79	281	5.25e-15	77.4
WP_000845048.1	337	k121_796515_6	N/A	29.836	84	305	5.43e-15	78.2
WP_000845048.1	337	k121_1447779_1	N/A	30.594	63	219	5.43e-15	78.2
WP_000845048.1	337	k121_354569_2	N/A	28.837	62	215	5.68e-15	78.2
WP_000845048.1	337	k121_1127810_5	N/A	31.159	77	276	5.98e-15	78.2
WP_000845048.1	337	k121_1356497_3	N/A	25.497	85	302	6.32e-15	77.8
WP_000845048.1	337	k121_1554084_13	N/A	28.571	86	308	6.61e-15	77.8
WP_000845048.1	337	k121_919068_16	N/A	28.990	84	307	7.85e-15	77.4
WP_000845048.1	337	k121_1306826_1	N/A	27.240	80	279	1.35e-14	77.0
WP_000845048.1	337	k121_490096_2	N/A	30.544	65	239	1.51e-14	77.4
WP_000845048.1	337	k121_1632781_4	N/A	50.000	23	76	1.54e-14	71.6
WP_000845048.1	337	k121_1505564_1	N/A	42.574	30	101	1.57e-14	72.0
WP_000845048.1	337	k121_363935_3	N/A	29.461	67	241	1.59e-14	77.0
WP_000845048.1	337	k121_1225108_14	N/A	27.675	77	271	1.83e-14	76.6
WP_000845048.1	337	k121_1458648_1	N/A	36.527	50	167	1.91e-14	73.2
WP_000845048.1	337	k121_1484996_2	N/A	31.295	78	278	1.94e-14	76.6
WP_000845048.1	337	k121_1413689_2	N/A	26.667	85	300	2.01e-14	76.3
WP_000845048.1	337	k121_1374133_13	N/A	27.835	82	291	2.20e-14	76.3
WP_000845048.1	337	k121_737929_1	N/A	28.947	84	304	2.31e-14	75.9
WP_000845048.1	337	k121_1040521_1	N/A	28.803	85	309	2.35e-14	76.6
WP_000845048.1	337	k121_220435_1	N/A	28.981	85	314	2.36e-14	76.3
WP_000845048.1	337	k121_1343579_1	N/A	36.667	44	150	2.47e-14	73.2
WP_000845048.1	337	k121_14425_1	N/A	28.428	83	299	2.53e-14	76.6
WP_000845048.1	337	k121_495636_2	N/A	26.882	80	279	2.63e-14	75.5
WP_000845048.1	337	k121_983168_2	N/A	35.593	53	177	2.67e-14	73.2
WP_000845048.1	337	k121_732498_2	N/A	24.444	86	315	2.78e-14	75.9
WP_000845048.1	337	k121_270815_10	N/A	27.129	88	317	2.79e-14	75.9
WP_000845048.1	337	k121_1310513_13	N/A	28.000	84	300	2.81e-14	76.6
WP_000845048.1	337	k121_383665_10	N/A	30.531	63	226	3.39e-14	75.9
WP_000845048.1	337	k121_582359_4	N/A	29.204	89	339	3.42e-14	76.3
WP_000845048.1	337	k121_64619_1	N/A	29.493	62	217	3.74e-14	74.7
WP_000845048.1	337	k121_396638_5	N/A	29.801	84	302	4.58e-14	75.5
WP_000845048.1	337	k121_533339_10	N/A	29.139	84	302	5.48e-14	75.1
WP_000845048.1	337	k121_1477816_2	N/A	28.309	80	272	6.30e-14	74.7
WP_000845048.1	337	k121_812632_5	N/A	28.261	77	276	6.85e-14	75.1
WP_000845048.1	337	k121_1469892_2	N/A	29.167	62	216	7.00e-14	74.7
WP_000845048.1	337	k121_357679_2	N/A	27.160	48	162	8.82e-14	74.3
WP_000845048.1	337	k121_1030073_4	N/A	26.948	84	308	8.87e-14	74.7
WP_000845048.1	337	k121_971512_56	N/A	30.000	64	230	8.96e-14	74.7
WP_000845048.1	337	k121_205257_1	N/A	27.941	61	204	9.66e-14	73.9
WP_000845048.1	337	k121_1277691_1	N/A	32.961	53	179	1.10e-13	72.0
WP_000845048.1	337	k121_850301_7	N/A	28.571	85	308	1.28e-13	74.3
WP_000845048.1	337	k121_248792_1	N/A	30.435	54	184	1.68e-13	72.0
WP_000845048.1	337	k121_1177732_3	N/A	28.947	63	228	1.99e-13	73.6
WP_000845048.1	337	k121_1516854_4	N/A	26.897	81	290	2.10e-13	73.6
WP_000845048.1	337	k121_1437240_5	N/A	50.667	22	75	2.21e-13	69.3
WP_000845048.1	337	k121_1235510_2	N/A	27.636	77	275	2.47e-13	73.6
WP_000845048.1	337	k121_14654_6	N/A	29.258	63	229	2.82e-13	73.2
WP_000845048.1	337	k121_753584_3	N/A	29.450	82	309	2.82e-13	73.2
WP_000845048.1	337	k121_1656936_2	N/A	24.771	88	327	2.90e-13	73.2
WP_000845048.1	337	k121_142697_10	N/A	32.877	62	219	3.13e-13	72.8
WP_000845048.1	337	k121_442007_1	N/A	31.336	62	217	3.19e-13	72.8
WP_000845048.1	337	k121_652080_3	N/A	29.293	57	198	3.71e-13	70.5
WP_000845048.1	337	k121_959175_1	N/A	31.638	53	177	4.48e-13	72.0
WP_000845048.1	337	k121_806215_2	N/A	31.081	62	222	5.06e-13	70.9
WP_000845048.1	337	k121_1418290_1	N/A	28.014	80	282	5.17e-13	72.0
WP_000845048.1	337	k121_464669_6	N/A	26.523	80	279	5.69e-13	72.0
WP_000845048.1	337	k121_337033_1	N/A	25.490	85	306	6.26e-13	72.0
WP_000845048.1	337	k121_746953_3	N/A	27.869	65	244	6.36e-13	72.4
WP_000845048.1	337	k121_340754_1	N/A	41.250	24	80	7.02e-13	68.2
WP_000845048.1	337	k121_1331762_2	N/A	27.273	62	220	8.06e-13	71.6
WP_000845048.1	337	k121_1093299_2	N/A	27.815	84	302	8.41e-13	71.6
WP_000845048.1	337	k121_329783_1	N/A	31.868	54	182	8.77e-13	70.1
WP_000845048.1	337	k121_492193_2	N/A	38.384	29	99	9.15e-13	67.8
WP_000845048.1	337	k121_1101624_3	N/A	30.114	52	176	9.24e-13	68.9
WP_000845048.1	337	k121_421705_6	N/A	29.108	58	213	1.26e-12	69.7
WP_000845048.1	337	k121_336092_3	N/A	53.623	20	69	1.37e-12	65.9
WP_000845048.1	337	k121_1653355_3	N/A	52.703	21	74	1.48e-12	67.0
WP_000845048.1	337	k121_290293_1	N/A	33.036	62	224	1.54e-12	70.1
WP_000845048.1	337	k121_725549_12	N/A	30.332	60	211	2.03e-12	70.9
WP_000845048.1	337	k121_1107269_5	N/A	28.803	86	309	2.44e-12	70.5
WP_000845048.1	337	k121_143257_2	N/A	30.594	62	219	2.60e-12	70.5
WP_000845048.1	337	k121_63597_3	N/A	50.000	20	68	2.79e-12	66.6
WP_000845048.1	337	k121_967758_1	N/A	29.278	74	263	3.34e-12	69.7
WP_000845048.1	337	k121_1673607_2	N/A	30.460	52	174	3.39e-12	67.4
WP_000845048.1	337	k121_1645306_2	N/A	27.108	89	332	3.52e-12	70.1
WP_000845048.1	337	k121_963617_1	N/A	45.000	24	80	3.69e-12	66.2
WP_000845048.1	337	k121_70564_2	N/A	26.174	84	298	3.80e-12	69.7
WP_000845048.1	337	k121_1270466_3	N/A	24.735	81	283	4.04e-12	69.3
WP_000845048.1	337	k121_1161848_6	N/A	28.467	76	274	4.05e-12	70.1
WP_000845048.1	337	k121_230507_6	N/A	30.409	51	171	4.13e-12	67.0
WP_000845048.1	337	k121_59142_13	N/A	29.911	62	224	4.27e-12	69.7
WP_000845048.1	337	k121_305290_4	N/A	33.149	52	181	4.51e-12	69.7
WP_000845048.1	337	k121_786076_5	N/A	29.151	76	271	4.82e-12	69.3
WP_000845048.1	337	k121_272894_4	N/A	30.631	63	222	4.98e-12	69.3
WP_000845048.1	337	k121_1242131_1	N/A	48.052	23	77	5.16e-12	65.9
WP_000845048.1	337	k121_271335_3	N/A	29.167	76	264	5.27e-12	69.3
WP_000845048.1	337	k121_131243_1	N/A	28.755	69	233	5.41e-12	68.2
WP_000845048.1	337	k121_1534022_31	N/A	28.169	61	213	5.69e-12	69.3
WP_000845048.1	337	k121_58230_1	N/A	33.778	62	225	5.77e-12	68.6
WP_000845048.1	337	k121_183615_1	N/A	31.193	63	218	5.96e-12	69.3
WP_000845048.1	337	k121_1189488_1	N/A	23.973	84	292	7.88e-12	68.9
WP_000845048.1	337	k121_1121452_1	N/A	27.246	93	334	9.64e-12	68.9
WP_000845048.1	337	k121_668613_30	N/A	29.630	66	243	1.13e-11	69.3
WP_000845048.1	337	k121_1638119_1	N/A	27.528	53	178	1.30e-11	67.8
WP_000845048.1	337	k121_1111265_7	N/A	32.127	62	221	1.53e-11	68.2
WP_000845048.1	337	k121_942289_4	N/A	27.306	77	271	1.79e-11	68.2
WP_000845048.1	337	k121_938484_3	N/A	33.898	53	177	1.86e-11	67.8
WP_000845048.1	337	k121_307236_4	N/A	30.317	62	221	1.96e-11	68.2
WP_000845048.1	337	k121_1118750_15	N/A	33.898	53	177	2.22e-11	67.4
WP_000845048.1	337	k121_1107_2	N/A	27.885	86	312	2.23e-11	67.8
WP_000845048.1	337	k121_1067462_2	N/A	29.710	76	276	2.28e-11	67.8
WP_000845048.1	337	k121_1413963_3	N/A	29.609	51	179	2.33e-11	65.1
WP_000845048.1	337	k121_1421203_1	N/A	27.570	60	214	2.70e-11	67.0
WP_000845048.1	337	k121_482995_5	N/A	33.333	53	177	3.17e-11	67.0
WP_000845048.1	337	k121_1118735_1	N/A	27.832	85	309	3.19e-11	67.4
WP_000845048.1	337	k121_364938_2	N/A	24.731	80	279	3.21e-11	67.0
WP_000845048.1	337	k121_315612_1	N/A	28.241	62	216	3.85e-11	65.1
WP_000845048.1	337	k121_99508_9	N/A	27.698	76	278	3.93e-11	66.6
WP_000845048.1	337	k121_1549665_3	N/A	28.889	53	180	4.28e-11	64.3
WP_000845048.1	337	k121_255323_2	N/A	30.709	71	254	4.33e-11	66.6
WP_000845048.1	337	k121_1175640_2	N/A	30.556	53	180	4.51e-11	66.6
WP_000845048.1	337	k121_1051117_2	N/A	49.254	20	67	4.68e-11	62.8
WP_000845048.1	337	k121_198604_1	N/A	27.243	83	301	4.91e-11	66.6
WP_000845048.1	337	k121_1379638_1	N/A	29.268	61	205	5.10e-11	66.2
WP_000845048.1	337	k121_1406713_2	N/A	31.111	53	180	5.31e-11	66.2
WP_000845048.1	337	k121_450294_11	N/A	30.332	62	211	5.57e-11	66.6
WP_000845048.1	337	k121_779375_2	N/A	26.111	53	180	5.61e-11	63.9
WP_000845048.1	337	k121_983603_1	N/A	30.814	50	172	5.86e-11	63.9
WP_000845048.1	337	k121_651772_13	N/A	27.019	91	359	6.57e-11	66.2
WP_000845048.1	337	k121_694267_3	N/A	28.214	77	280	6.76e-11	66.2
WP_000845048.1	337	k121_770051_1	N/A	28.114	77	281	8.12e-11	66.2
WP_000845048.1	337	k121_1608452_2	N/A	32.402	53	179	8.52e-11	65.9
WP_000845048.1	337	k121_1021065_3	N/A	28.947	64	228	8.77e-11	64.3
WP_000845048.1	337	k121_1261675_2	N/A	30.216	76	278	8.89e-11	65.9
WP_000845048.1	337	k121_365506_12	N/A	29.139	83	302	9.29e-11	65.9
WP_000845048.1	337	k121_1249302_1	N/A	29.075	64	227	9.64e-11	65.1
