SadA_ref|WP_036299419.1|:1-399	399	k121_954032_1	N/A	47.872	94	376	7.57e-111	333
SadA_ref|WP_036299419.1|:1-399	399	k121_332299_11	N/A	32.481	97	391	3.00e-60	203
SadA_ref|WP_036299419.1|:1-399	399	k121_1630722_1	N/A	35.135	55	222	8.75e-46	161
SadA_ref|WP_036299419.1|:1-399	399	k121_1424496_3	N/A	32.626	92	377	4.23e-44	160
SadA_ref|WP_036299419.1|:1-399	399	k121_1164373_2	N/A	32.489	59	237	8.51e-44	156
SadA_ref|WP_036299419.1|:1-399	399	k121_291118_6	N/A	31.267	93	371	1.55e-42	156
SadA_ref|WP_036299419.1|:1-399	399	k121_917888_10	N/A	28.022	90	364	6.51e-42	155
SadA_ref|WP_036299419.1|:1-399	399	k121_1711019_2	N/A	26.330	92	376	7.58e-41	152
SadA_ref|WP_036299419.1|:1-399	399	k121_1643993_6	N/A	27.882	93	373	1.44e-40	151
SadA_ref|WP_036299419.1|:1-399	399	k121_1279156_2	N/A	30.833	89	360	4.43e-40	149
SadA_ref|WP_036299419.1|:1-399	399	k121_153116_2	N/A	28.756	96	386	1.08e-39	149
SadA_ref|WP_036299419.1|:1-399	399	k121_45219_3	N/A	31.092	59	238	2.70e-37	140
SadA_ref|WP_036299419.1|:1-399	399	k121_1331282_1	N/A	28.889	78	315	5.63e-37	140
SadA_ref|WP_036299419.1|:1-399	399	k121_627703_2	N/A	36.364	47	187	1.14e-36	135
SadA_ref|WP_036299419.1|:1-399	399	k121_1264508_4	N/A	32.443	65	262	2.84e-36	138
SadA_ref|WP_036299419.1|:1-399	399	k121_1072296_2	N/A	29.211	94	380	8.98e-34	132
SadA_ref|WP_036299419.1|:1-399	399	k121_1193446_63	N/A	26.431	89	367	1.52e-33	132
SadA_ref|WP_036299419.1|:1-399	399	k121_1098956_5	N/A	27.978	90	361	2.08e-31	126
SadA_ref|WP_036299419.1|:1-399	399	k121_417214_1	N/A	24.607	93	382	2.67e-31	126
SadA_ref|WP_036299419.1|:1-399	399	k121_888097_9	N/A	28.906	95	384	4.80e-27	114
SadA_ref|WP_036299419.1|:1-399	399	k121_898474_5	N/A	24.935	95	385	6.39e-27	114
SadA_ref|WP_036299419.1|:1-399	399	k121_232314_79	N/A	24.590	92	366	1.92e-26	112
SadA_ref|WP_036299419.1|:1-399	399	k121_450220_2	N/A	24.802	94	379	5.92e-26	111
SadA_ref|WP_036299419.1|:1-399	399	k121_54061_2	N/A	29.231	80	325	6.07e-26	110
SadA_ref|WP_036299419.1|:1-399	399	k121_767445_7	N/A	27.225	94	382	6.77e-26	111
SadA_ref|WP_036299419.1|:1-399	399	k121_1553580_2	N/A	27.151	91	372	2.38e-25	109
SadA_ref|WP_036299419.1|:1-399	399	k121_1268885_2	N/A	27.041	97	392	7.45e-25	108
SadA_ref|WP_036299419.1|:1-399	399	k121_1115423_1	N/A	25.212	85	353	2.01e-24	107
SadA_ref|WP_036299419.1|:1-399	399	k121_1596246_1	N/A	25.600	93	375	2.35e-24	106
SadA_ref|WP_036299419.1|:1-399	399	k121_43402_3	N/A	27.320	96	388	4.56e-24	105
SadA_ref|WP_036299419.1|:1-399	399	k121_1565185_1	N/A	25.610	79	328	5.44e-24	105
SadA_ref|WP_036299419.1|:1-399	399	k121_317991_2	N/A	23.467	89	375	5.63e-24	105
SadA_ref|WP_036299419.1|:1-399	399	k121_651243_1	N/A	25.606	90	371	1.30e-23	104
SadA_ref|WP_036299419.1|:1-399	399	k121_1161801_2	N/A	28.269	70	283	1.61e-23	103
SadA_ref|WP_036299419.1|:1-399	399	k121_1528804_1	N/A	26.243	89	362	2.69e-23	103
SadA_ref|WP_036299419.1|:1-399	399	k121_1332824_15	N/A	26.371	94	383	1.11e-22	102
SadA_ref|WP_036299419.1|:1-399	399	k121_676670_3	N/A	26.500	95	400	3.31e-22	100
SadA_ref|WP_036299419.1|:1-399	399	k121_1209584_4	N/A	37.500	34	136	6.63e-21	92.8
SadA_ref|WP_036299419.1|:1-399	399	k121_881794_4	N/A	24.685	98	397	2.50e-20	95.5
SadA_ref|WP_036299419.1|:1-399	399	k121_1552153_2	N/A	25.172	72	290	2.15e-19	91.3
SadA_ref|WP_036299419.1|:1-399	399	k121_1137304_5	N/A	28.025	39	157	5.00e-19	87.0
SadA_ref|WP_036299419.1|:1-399	399	k121_632622_10	N/A	24.745	95	392	7.20e-19	92.4
SadA_ref|WP_036299419.1|:1-399	399	k121_1307748_19	N/A	24.932	88	365	2.23e-18	89.7
SadA_ref|WP_036299419.1|:1-399	399	k121_1372777_3	N/A	26.357	91	387	4.51e-18	89.0
SadA_ref|WP_036299419.1|:1-399	399	k121_97885_4	N/A	31.061	33	132	4.89e-17	80.9
SadA_ref|WP_036299419.1|:1-399	399	k121_850420_1	N/A	23.785	95	391	1.45e-16	84.3
SadA_ref|WP_036299419.1|:1-399	399	k121_1524080_3	N/A	25.974	94	385	1.97e-15	80.9
SadA_ref|WP_036299419.1|:1-399	399	k121_135384_12	N/A	26.316	97	399	1.01e-13	75.9
SadA_ref|WP_036299419.1|:1-399	399	k121_1117273_2	N/A	28.497	48	193	5.24e-13	71.6
SadA_ref|WP_036299419.1|:1-399	399	k121_92537_13	N/A	28.112	61	249	4.31e-11	67.8
SadA_ref|WP_036299419.1|:1-399	399	k121_368993_2	N/A	26.616	64	263	5.82e-11	67.0
SadA_ref|WP_036299419.1|:1-399	399	k121_1423824_2	N/A	27.751	52	209	8.21e-11	65.1
SadA_ref|WP_036299419.1|:1-399	399	k121_561502_2	N/A	24.735	67	283	2.78e-10	64.7
SadA_ref|WP_036299419.1|:1-399	399	k121_607654_3	N/A	22.727	90	374	4.98e-10	64.7
SadA_ref|WP_036299419.1|:1-399	399	k121_1285263_2	N/A	26.766	65	269	2.29e-09	62.0
SadA_ref|WP_036299419.1|:1-399	399	k121_649021_1	N/A	25.248	49	202	4.46e-09	60.1
SadA_ref|WP_036299419.1|:1-399	399	k121_1307697_1	N/A	25.253	92	396	5.10e-08	58.2
SadA_ref|WP_036299419.1|:1-399	399	k121_137514_4	N/A	21.842	87	380	6.03e-07	55.1
SadA_ref|WP_036299419.1|:1-399	399	k121_591292_1	N/A	26.020	46	196	1.18e-06	53.9
SadA_ref|WP_036299419.1|:1-399	399	k121_1609913_15	N/A	23.729	73	295	2.14e-06	53.1
SadA_ref|WP_036299419.1|:1-399	399	k121_746404_1	N/A	22.072	55	222	4.01e-05	48.1
SadA_ref|WP_036299419.1|:1-399	399	k121_1357854_1	N/A	23.077	60	247	2.59e-04	46.6
SadA_ref|WP_036299419.1|:1-399	399	k121_885776_16	N/A	25.000	46	196	4.12e-04	46.2
SadA_ref|WP_036299419.1|:1-399	399	k121_1399773_10	N/A	22.487	87	378	7.56e-04	45.4
SadA_ref|WP_036299419.1|:1-399	399	k121_1346538_7	N/A	21.932	88	383	0.001	45.1
SadA_ref|WP_036299419.1|:1-399	399	k121_769599_3	N/A	22.174	50	230	0.003	42.7
SadA_ref|WP_036299419.1|:1-399	399	k121_1358176_22	N/A	24.561	52	228	0.006	42.4
SadA_ref|WP_036299419.1|:1-399	399	k121_1128462_2	N/A	27.184	47	206	0.012	41.6
SadA_ref|WP_036299419.1|:1-399	399	k121_1084517_4	N/A	21.739	50	230	0.016	41.2
SadA_ref|WP_036299419.1|:1-399	399	k121_223354_13	N/A	20.576	54	243	0.019	40.8
SadA_ref|WP_036299419.1|:1-399	399	k121_566776_2	N/A	28.283	24	99	0.023	40.4
SadA_ref|WP_036299419.1|:1-399	399	k121_825665_1	N/A	31.373	24	102	0.023	40.4
SadA_ref|WP_036299419.1|:1-399	399	k121_1356030_3	N/A	26.543	37	162	0.025	40.4
SadA_ref|WP_036299419.1|:1-399	399	k121_503479_2	N/A	27.907	22	86	0.035	39.7
SadA_ref|WP_036299419.1|:1-399	399	k121_675229_8	N/A	21.076	52	223	0.038	40.0
SadA_ref|WP_036299419.1|:1-399	399	k121_1601642_5	N/A	29.762	21	84	0.040	39.7
SadA_ref|WP_036299419.1|:1-399	399	k121_934105_18	N/A	24.535	67	269	0.049	39.7
SadA_ref|WP_036299419.1|:1-399	399	k121_649337_56	N/A	22.563	85	359	0.049	39.7
SadA_ref|WP_036299419.1|:1-399	399	k121_328588_5	N/A	21.801	53	211	0.080	38.9
SadB_ref|WP_100812327.1|:1-423	423	k121_954032_1	N/A	32.065	86	368	3.84e-56	192
SadB_ref|WP_100812327.1|:1-423	423	k121_332299_11	N/A	30.809	89	383	2.24e-51	181
SadB_ref|WP_100812327.1|:1-423	423	k121_1331282_1	N/A	34.663	76	326	5.23e-43	157
SadB_ref|WP_100812327.1|:1-423	423	k121_1164373_2	N/A	32.800	58	250	1.47e-40	148
SadB_ref|WP_100812327.1|:1-423	423	k121_1643993_6	N/A	26.913	88	379	1.10e-39	150
SadB_ref|WP_100812327.1|:1-423	423	k121_1424496_3	N/A	28.906	87	384	3.43e-39	148
SadB_ref|WP_100812327.1|:1-423	423	k121_767445_7	N/A	28.173	93	394	1.81e-38	146
SadB_ref|WP_100812327.1|:1-423	423	k121_1711019_2	N/A	26.053	89	380	3.18e-37	143
SadB_ref|WP_100812327.1|:1-423	423	k121_45219_3	N/A	29.355	72	310	4.58e-37	140
SadB_ref|WP_100812327.1|:1-423	423	k121_291118_6	N/A	26.882	87	372	8.62e-36	139
SadB_ref|WP_100812327.1|:1-423	423	k121_917888_10	N/A	27.095	82	358	3.04e-34	135
SadB_ref|WP_100812327.1|:1-423	423	k121_153116_2	N/A	28.378	87	370	4.26e-34	134
SadB_ref|WP_100812327.1|:1-423	423	k121_1193446_63	N/A	27.763	85	371	1.49e-33	132
SadB_ref|WP_100812327.1|:1-423	423	k121_1630722_1	N/A	29.464	51	224	4.12e-31	123
SadB_ref|WP_100812327.1|:1-423	423	k121_1115423_1	N/A	27.394	87	376	3.36e-30	124
SadB_ref|WP_100812327.1|:1-423	423	k121_1279156_2	N/A	27.901	84	362	6.59e-30	122
SadB_ref|WP_100812327.1|:1-423	423	k121_1264508_4	N/A	29.057	61	265	6.63e-30	121
SadB_ref|WP_100812327.1|:1-423	423	k121_43402_3	N/A	28.030	92	396	4.37e-29	120
SadB_ref|WP_100812327.1|:1-423	423	k121_888097_9	N/A	26.562	90	384	5.79e-29	120
SadB_ref|WP_100812327.1|:1-423	423	k121_450220_2	N/A	26.963	87	382	9.82e-29	119
SadB_ref|WP_100812327.1|:1-423	423	k121_317991_2	N/A	27.747	83	364	2.93e-28	118
SadB_ref|WP_100812327.1|:1-423	423	k121_417214_1	N/A	24.202	87	376	4.42e-28	117
SadB_ref|WP_100812327.1|:1-423	423	k121_881794_4	N/A	26.615	90	387	5.67e-28	117
SadB_ref|WP_100812327.1|:1-423	423	k121_1372777_3	N/A	27.273	90	396	8.75e-28	117
SadB_ref|WP_100812327.1|:1-423	423	k121_232314_79	N/A	24.147	90	381	1.06e-27	116
SadB_ref|WP_100812327.1|:1-423	423	k121_1565185_1	N/A	27.711	76	332	3.71e-27	114
SadB_ref|WP_100812327.1|:1-423	423	k121_632622_10	N/A	25.954	90	393	4.14e-27	117
SadB_ref|WP_100812327.1|:1-423	423	k121_1268885_2	N/A	26.904	91	394	7.69e-26	111
SadB_ref|WP_100812327.1|:1-423	423	k121_1332824_15	N/A	25.765	91	392	8.94e-26	110
SadB_ref|WP_100812327.1|:1-423	423	k121_1596246_1	N/A	25.278	84	360	1.12e-25	110
SadB_ref|WP_100812327.1|:1-423	423	k121_1552153_2	N/A	28.428	68	299	6.04e-25	107
SadB_ref|WP_100812327.1|:1-423	423	k121_1098956_5	N/A	26.902	86	368	7.24e-24	105
SadB_ref|WP_100812327.1|:1-423	423	k121_1209584_4	N/A	35.252	33	139	4.26e-23	99.4
SadB_ref|WP_100812327.1|:1-423	423	k121_1072296_2	N/A	27.062	90	388	5.36e-23	103
SadB_ref|WP_100812327.1|:1-423	423	k121_850420_1	N/A	26.684	88	386	1.62e-22	101
SadB_ref|WP_100812327.1|:1-423	423	k121_676670_3	N/A	26.650	90	394	2.52e-22	101
SadB_ref|WP_100812327.1|:1-423	423	k121_627703_2	N/A	25.698	42	179	3.27e-21	94.0
SadB_ref|WP_100812327.1|:1-423	423	k121_1161801_2	N/A	29.268	67	287	4.69e-21	96.7
SadB_ref|WP_100812327.1|:1-423	423	k121_651243_1	N/A	25.337	86	371	4.95e-20	94.4
SadB_ref|WP_100812327.1|:1-423	423	k121_54061_2	N/A	31.429	41	175	1.88e-19	92.0
SadB_ref|WP_100812327.1|:1-423	423	k121_135384_12	N/A	27.838	84	370	4.84e-19	92.4
SadB_ref|WP_100812327.1|:1-423	423	k121_368993_2	N/A	28.832	63	274	1.29e-18	89.7
SadB_ref|WP_100812327.1|:1-423	423	k121_1117273_2	N/A	33.714	41	175	1.49e-18	87.8
SadB_ref|WP_100812327.1|:1-423	423	k121_92537_13	N/A	29.572	60	257	1.90e-18	90.1
SadB_ref|WP_100812327.1|:1-423	423	k121_1553580_2	N/A	27.219	76	338	6.40e-18	88.6
SadB_ref|WP_100812327.1|:1-423	423	k121_1307748_19	N/A	25.538	86	372	1.66e-17	87.4
SadB_ref|WP_100812327.1|:1-423	423	k121_898474_5	N/A	24.665	83	373	1.72e-16	84.3
SadB_ref|WP_100812327.1|:1-423	423	k121_445153_2	N/A	25.278	77	360	3.89e-16	83.6
SadB_ref|WP_100812327.1|:1-423	423	k121_1137304_5	N/A	26.667	35	150	7.89e-16	78.2
SadB_ref|WP_100812327.1|:1-423	423	k121_1528804_1	N/A	27.404	48	208	1.43e-13	75.5
SadB_ref|WP_100812327.1|:1-423	423	k121_649021_1	N/A	30.612	43	196	2.19e-12	70.1
SadB_ref|WP_100812327.1|:1-423	423	k121_607654_3	N/A	24.479	85	384	4.99e-12	70.9
SadB_ref|WP_100812327.1|:1-423	423	k121_1524080_3	N/A	27.168	82	346	1.41e-11	69.3
SadB_ref|WP_100812327.1|:1-423	423	k121_1546263_4	N/A	26.984	57	252	5.00e-11	67.4
SadB_ref|WP_100812327.1|:1-423	423	k121_97885_4	N/A	25.397	30	126	2.51e-10	62.0
SadB_ref|WP_100812327.1|:1-423	423	k121_885776_16	N/A	30.460	39	174	4.86e-10	64.7
SadB_ref|WP_100812327.1|:1-423	423	k121_591292_1	N/A	27.273	62	275	9.55e-10	63.5
SadB_ref|WP_100812327.1|:1-423	423	k121_1423824_2	N/A	27.723	46	202	5.04e-09	59.7
SadB_ref|WP_100812327.1|:1-423	423	k121_1136127_1	N/A	24.731	80	372	5.20e-09	61.6
SadB_ref|WP_100812327.1|:1-423	423	k121_1307697_1	N/A	23.174	88	397	5.71e-09	61.2
SadB_ref|WP_100812327.1|:1-423	423	k121_1346538_7	N/A	26.034	86	411	5.89e-08	58.2
SadB_ref|WP_100812327.1|:1-423	423	k121_746404_1	N/A	22.831	51	219	1.22e-07	55.8
SadB_ref|WP_100812327.1|:1-423	423	k121_1399773_10	N/A	23.577	80	369	2.97e-07	56.2
SadB_ref|WP_100812327.1|:1-423	423	k121_137514_4	N/A	24.377	78	361	3.24e-07	56.2
SadB_ref|WP_100812327.1|:1-423	423	k121_74691_3	N/A	24.474	80	380	4.90e-07	55.5
SadB_ref|WP_100812327.1|:1-423	423	k121_561502_2	N/A	32.143	30	140	4.91e-07	54.7
SadB_ref|WP_100812327.1|:1-423	423	k121_331553_8	N/A	25.824	80	364	4.92e-07	55.5
SadB_ref|WP_100812327.1|:1-423	423	k121_1609913_15	N/A	25.481	48	208	6.39e-07	55.1
SadB_ref|WP_100812327.1|:1-423	423	k121_320602_1	N/A	34.375	27	128	8.91e-07	54.3
SadB_ref|WP_100812327.1|:1-423	423	k121_328588_5	N/A	26.257	41	179	4.41e-06	52.4
SadB_ref|WP_100812327.1|:1-423	423	k121_401716_1	N/A	21.994	78	341	9.96e-06	51.2
SadB_ref|WP_100812327.1|:1-423	423	k121_1601642_5	N/A	23.545	79	378	1.19e-05	50.8
SadB_ref|WP_100812327.1|:1-423	423	k121_1605344_1	N/A	28.846	46	208	1.55e-05	49.7
SadB_ref|WP_100812327.1|:1-423	423	k121_39070_2	N/A	33.588	28	131	1.83e-05	50.4
SadB_ref|WP_100812327.1|:1-423	423	k121_54162_5	N/A	23.947	81	380	6.95e-05	48.5
SadB_ref|WP_100812327.1|:1-423	423	k121_934105_18	N/A	22.872	85	376	2.14e-04	47.0
SadB_ref|WP_100812327.1|:1-423	423	k121_566776_2	N/A	32.520	26	123	3.52e-04	45.8
SadB_ref|WP_100812327.1|:1-423	423	k121_1061971_1	N/A	23.894	75	339	5.76e-04	45.8
SadB_ref|WP_100812327.1|:1-423	423	k121_649328_5	N/A	32.847	28	137	0.002	44.7
SadB_ref|WP_100812327.1|:1-423	423	k121_1357854_1	N/A	23.851	74	348	0.002	43.9
SadB_ref|WP_100812327.1|:1-423	423	k121_1389820_1	N/A	26.415	44	212	0.002	43.5
SadB_ref|WP_100812327.1|:1-423	423	k121_494441_3	N/A	32.031	27	128	0.003	42.7
SadB_ref|WP_100812327.1|:1-423	423	k121_1128922_8	N/A	23.398	80	359	0.003	43.1
SadB_ref|WP_100812327.1|:1-423	423	k121_291049_3	N/A	28.358	26	134	0.004	42.0
SadB_ref|WP_100812327.1|:1-423	423	k121_659022_1	N/A	33.333	26	123	0.005	42.4
SadB_ref|WP_100812327.1|:1-423	423	k121_503479_2	N/A	25.455	37	165	0.005	42.4
SadB_ref|WP_100812327.1|:1-423	423	k121_377854_18	N/A	29.851	28	134	0.007	42.7
SadB_ref|WP_100812327.1|:1-423	423	k121_941546_2	N/A	28.346	25	127	0.011	41.2
SadB_ref|WP_100812327.1|:1-423	423	k121_1151095_2	N/A	19.881	76	337	0.014	41.2
SadB_ref|WP_100812327.1|:1-423	423	k121_87049_3	N/A	26.966	21	89	0.015	38.9
SadB_ref|WP_100812327.1|:1-423	423	k121_1068829_2	N/A	22.124	49	226	0.020	40.8
SadB_ref|WP_100812327.1|:1-423	423	k121_619566_5	N/A	23.219	81	379	0.020	40.8
SadB_ref|WP_100812327.1|:1-423	423	k121_223354_13	N/A	22.039	77	363	0.022	40.8
SadB_ref|WP_100812327.1|:1-423	423	k121_911694_54	N/A	29.197	28	137	0.029	40.4
SadB_ref|WP_100812327.1|:1-423	423	k121_1587_1	N/A	24.623	41	199	0.034	40.0
SadB_ref|WP_100812327.1|:1-423	423	k121_649337_56	N/A	30.081	26	123	0.049	39.7
SadB_ref|WP_100812327.1|:1-423	423	k121_1428854_3	N/A	26.271	28	118	0.057	38.5
SadB_ref|WP_100812327.1|:1-423	423	k121_1045681_2	N/A	21.961	57	255	0.066	38.9
SadB_ref|WP_100812327.1|:1-423	423	k121_1629189_10	N/A	27.551	22	98	0.069	38.5
SadB_ref|WP_100812327.1|:1-423	423	k121_532824_1	N/A	25.258	42	194	0.089	38.5
SadC_ref|WP_036299413.1|:1-194	194	k121_39605_1	N/A	42.647	35	68	1.01e-12	63.9
SadC_ref|WP_036299413.1|:1-194	194	k121_1472050_2	N/A	26.667	85	165	2.81e-12	65.1
SadC_ref|WP_036299413.1|:1-194	194	k121_231070_10	N/A	31.496	65	127	1.67e-11	63.2
SadC_ref|WP_036299413.1|:1-194	194	k121_696930_6	N/A	27.742	76	155	8.76e-10	60.5
SadC_ref|WP_036299413.1|:1-194	194	k121_1489506_2	N/A	27.559	65	127	2.00e-09	57.0
SadC_ref|WP_036299413.1|:1-194	194	k121_1654773_9	N/A	28.125	82	160	2.04e-09	57.4
SadC_ref|WP_036299413.1|:1-194	194	k121_968703_4	N/A	28.481	81	158	2.19e-09	57.4
SadC_ref|WP_036299413.1|:1-194	194	k121_1245961_1	N/A	24.699	85	166	3.14e-09	57.0
SadC_ref|WP_036299413.1|:1-194	194	k121_129311_3	N/A	25.625	81	160	5.54e-09	56.2
SadC_ref|WP_036299413.1|:1-194	194	k121_1616870_1	N/A	41.558	39	77	1.30e-08	55.1
SadC_ref|WP_036299413.1|:1-194	194	k121_1178067_5	N/A	25.874	73	143	2.07e-08	56.6
SadC_ref|WP_036299413.1|:1-194	194	k121_696371_1	N/A	35.165	46	91	3.09e-08	55.8
SadC_ref|WP_036299413.1|:1-194	194	k121_916135_18	N/A	28.481	81	158	4.38e-08	53.9
SadC_ref|WP_036299413.1|:1-194	194	k121_137514_7	N/A	35.484	47	93	5.37e-08	53.9
SadC_ref|WP_036299413.1|:1-194	194	k121_482041_8	N/A	44.118	35	68	5.45e-08	53.9
SadC_ref|WP_036299413.1|:1-194	194	k121_1188238_3	N/A	30.612	75	147	7.23e-08	53.1
SadC_ref|WP_036299413.1|:1-194	194	k121_704673_29	N/A	28.889	70	135	8.20e-08	53.1
SadC_ref|WP_036299413.1|:1-194	194	k121_400370_1	N/A	34.615	59	130	8.59e-08	53.1
SadC_ref|WP_036299413.1|:1-194	194	k121_867822_2	N/A	34.783	47	92	1.38e-07	52.8
SadC_ref|WP_036299413.1|:1-194	194	k121_960345_15	N/A	28.378	76	148	1.51e-07	52.4
SadC_ref|WP_036299413.1|:1-194	194	k121_1071905_2	N/A	36.559	47	93	2.00e-07	53.1
SadC_ref|WP_036299413.1|:1-194	194	k121_913367_7	N/A	35.052	49	97	2.28e-07	52.0
SadC_ref|WP_036299413.1|:1-194	194	k121_451676_4	N/A	27.778	73	144	3.07e-07	52.0
SadC_ref|WP_036299413.1|:1-194	194	k121_405824_2	N/A	29.134	65	127	3.23e-07	52.8
SadC_ref|WP_036299413.1|:1-194	194	k121_651054_9	N/A	27.848	81	158	3.58e-07	51.6
SadC_ref|WP_036299413.1|:1-194	194	k121_1313119_3	N/A	29.524	54	105	6.05e-07	52.4
SadC_ref|WP_036299413.1|:1-194	194	k121_1319790_15	N/A	25.806	80	155	8.96e-07	50.8
SadC_ref|WP_036299413.1|:1-194	194	k121_311333_5	N/A	25.694	73	144	1.70e-06	49.7
SadC_ref|WP_036299413.1|:1-194	194	k121_1523871_2	N/A	30.851	48	94	2.96e-06	48.9
SadC_ref|WP_036299413.1|:1-194	194	k121_1356221_3	N/A	24.324	76	148	3.83e-06	48.5
SadC_ref|WP_036299413.1|:1-194	194	k121_913954_1	N/A	25.146	88	171	4.55e-06	48.5
SadC_ref|WP_036299413.1|:1-194	194	k121_1042969_1	N/A	32.184	44	87	4.62e-06	48.1
SadC_ref|WP_036299413.1|:1-194	194	k121_879626_3	N/A	33.708	46	89	5.79e-06	48.5
SadC_ref|WP_036299413.1|:1-194	194	k121_867466_4	N/A	30.081	62	123	6.32e-06	48.1
SadC_ref|WP_036299413.1|:1-194	194	k121_332299_8	N/A	23.944	73	142	7.15e-06	48.1
SadC_ref|WP_036299413.1|:1-194	194	k121_936306_11	N/A	35.802	40	81	9.89e-06	47.4
SadC_ref|WP_036299413.1|:1-194	194	k121_152543_12	N/A	26.812	69	138	1.39e-05	47.0
SadC_ref|WP_036299413.1|:1-194	194	k121_917888_11	N/A	27.536	68	138	2.04e-05	47.8
SadC_ref|WP_036299413.1|:1-194	194	k121_828018_3	N/A	37.681	35	69	2.08e-05	44.7
SadC_ref|WP_036299413.1|:1-194	194	k121_410157_2	N/A	36.842	39	76	2.08e-05	44.7
SadC_ref|WP_036299413.1|:1-194	194	k121_357006_2	N/A	26.168	54	107	2.44e-05	45.4
SadC_ref|WP_036299413.1|:1-194	194	k121_1400586_1	N/A	29.885	45	87	2.84e-05	46.6
SadC_ref|WP_036299413.1|:1-194	194	k121_1443867_3	N/A	36.364	39	77	2.95e-05	45.8
SadC_ref|WP_036299413.1|:1-194	194	k121_929428_4	N/A	23.926	84	163	3.21e-05	45.8
SadC_ref|WP_036299413.1|:1-194	194	k121_623284_2	N/A	25.466	82	161	3.38e-05	45.8
SadC_ref|WP_036299413.1|:1-194	194	k121_1157249_2	N/A	28.148	68	135	3.58e-05	45.8
SadC_ref|WP_036299413.1|:1-194	194	k121_377854_12	N/A	28.667	75	150	3.69e-05	46.2
SadC_ref|WP_036299413.1|:1-194	194	k121_2759_2	N/A	25.731	83	171	9.06e-05	45.1
SadC_ref|WP_036299413.1|:1-194	194	k121_575270_2	N/A	25.294	85	170	9.17e-05	44.7
SadC_ref|WP_036299413.1|:1-194	194	k121_257190_4	N/A	27.344	65	128	1.39e-04	44.3
SadC_ref|WP_036299413.1|:1-194	194	k121_1106205_6	N/A	26.667	46	90	1.73e-04	43.9
SadC_ref|WP_036299413.1|:1-194	194	k121_45219_2	N/A	32.479	59	117	1.78e-04	45.1
SadC_ref|WP_036299413.1|:1-194	194	k121_536466_19	N/A	32.558	44	86	2.58e-04	44.3
SadC_ref|WP_036299413.1|:1-194	194	k121_592493_5	N/A	25.000	70	140	2.87e-04	43.1
SadC_ref|WP_036299413.1|:1-194	194	k121_307409_4	N/A	25.000	72	144	2.89e-04	43.1
SadC_ref|WP_036299413.1|:1-194	194	k121_361959_4	N/A	32.558	44	86	4.11e-04	43.9
SadC_ref|WP_036299413.1|:1-194	194	k121_996925_3	N/A	35.789	48	95	6.28e-04	42.4
SadC_ref|WP_036299413.1|:1-194	194	k121_89666_1	N/A	28.000	39	75	7.80e-04	40.4
SadC_ref|WP_036299413.1|:1-194	194	k121_1516044_2	N/A	35.065	39	77	0.001	41.6
SadC_ref|WP_036299413.1|:1-194	194	k121_723423_2	N/A	28.736	44	87	0.001	42.4
SadC_ref|WP_036299413.1|:1-194	194	k121_38316_1	N/A	28.395	81	162	0.001	42.4
SadC_ref|WP_036299413.1|:1-194	194	k121_13796_3	N/A	30.435	47	92	0.001	41.6
SadC_ref|WP_036299413.1|:1-194	194	k121_673264_17	N/A	29.268	62	123	0.002	40.4
SadC_ref|WP_036299413.1|:1-194	194	k121_947367_1	N/A	32.812	33	64	0.006	40.4
SadC_ref|WP_036299413.1|:1-194	194	k121_1108863_8	N/A	32.584	46	89	0.007	38.9
SadC_ref|WP_036299413.1|:1-194	194	k121_382806_29	N/A	26.316	68	133	0.008	39.3
SadC_ref|WP_036299413.1|:1-194	194	k121_1264245_2	N/A	24.211	95	190	0.011	39.3
SadC_ref|WP_036299413.1|:1-194	194	k121_808341_4	N/A	30.882	35	68	0.014	38.5
SadC_ref|WP_036299413.1|:1-194	194	k121_353960_2	N/A	46.939	25	49	0.016	38.5
SadC_ref|WP_036299413.1|:1-194	194	k121_165271_3	N/A	28.571	47	91	0.016	38.1
SadC_ref|WP_036299413.1|:1-194	194	k121_1587075_2	N/A	34.722	37	72	0.017	38.1
SadC_ref|WP_036299413.1|:1-194	194	k121_1622859_3	N/A	32.836	35	67	0.047	37.0
SadC_ref|WP_036299413.1|:1-194	194	k121_911694_49	N/A	24.615	66	130	0.056	37.0
WP_000259031.1	279	k121_394406_7	N/A	100.000	100	279	0.0	553
WP_000259031.1	279	k121_414693_2	N/A	48.780	88	246	2.26e-84	256
WP_000259031.1	279	k121_925849_3	N/A	54.338	78	219	8.58e-72	224
WP_000259031.1	279	k121_177197_2	N/A	43.798	92	258	5.33e-60	194
WP_000259031.1	279	k121_339863_1	N/A	36.641	94	262	9.95e-41	145
WP_000259031.1	279	k121_1671392_36	N/A	35.628	88	247	6.78e-38	137
WP_000259031.1	279	k121_1145023_2	N/A	35.246	87	244	6.73e-37	134
WP_000259031.1	279	k121_1240266_2	N/A	50.427	42	117	1.39e-35	127
WP_000259031.1	279	k121_1071287_2	N/A	35.526	78	228	7.23e-35	130
WP_000259031.1	279	k121_192248_1	N/A	34.109	91	258	1.19e-33	126
WP_000259031.1	279	k121_244684_4	N/A	31.837	87	245	2.60e-33	125
WP_000259031.1	279	k121_130540_2	N/A	33.716	93	261	3.12e-33	126
WP_000259031.1	279	k121_994312_11	N/A	35.349	76	215	4.93e-32	121
WP_000259031.1	279	k121_411516_2	N/A	34.252	91	254	9.29e-32	122
WP_000259031.1	279	k121_1407431_2	N/A	32.197	94	264	3.75e-31	120
WP_000259031.1	279	k121_891405_2	N/A	35.060	88	251	3.76e-31	120
WP_000259031.1	279	k121_1144704_3	N/A	30.909	95	275	9.59e-31	120
WP_000259031.1	279	k121_940958_6	N/A	31.461	96	267	2.31e-30	118
WP_000259031.1	279	k121_1030553_1	N/A	29.368	96	269	4.33e-30	118
WP_000259031.1	279	k121_716426_2	N/A	32.443	94	262	5.94e-30	117
WP_000259031.1	279	k121_1433037_2	N/A	31.939	94	263	1.63e-29	115
WP_000259031.1	279	k121_741362_6	N/A	36.364	78	220	5.20e-29	115
WP_000259031.1	279	k121_1070768_14	N/A	30.268	91	261	5.31e-29	114
WP_000259031.1	279	k121_1246878_2	N/A	35.268	78	224	5.89e-29	113
WP_000259031.1	279	k121_74705_7	N/A	36.364	78	220	1.44e-28	114
WP_000259031.1	279	k121_1001504_2	N/A	31.641	91	256	1.60e-28	112
WP_000259031.1	279	k121_1581695_2	N/A	31.599	94	269	2.85e-28	112
WP_000259031.1	279	k121_630554_1	N/A	29.502	92	261	3.27e-28	112
WP_000259031.1	279	k121_980075_3	N/A	34.884	77	215	4.40e-28	112
WP_000259031.1	279	k121_1691189_3	N/A	34.742	76	213	5.81e-28	111
WP_000259031.1	279	k121_405517_3	N/A	34.234	78	222	7.68e-28	111
WP_000259031.1	279	k121_926054_2	N/A	32.482	97	274	9.68e-28	112
WP_000259031.1	279	k121_558703_16	N/A	30.078	91	256	1.92e-27	110
WP_000259031.1	279	k121_367630_11	N/A	34.389	79	221	2.05e-27	110
WP_000259031.1	279	k121_66566_11	N/A	33.708	95	267	2.38e-27	110
WP_000259031.1	279	k121_802383_2	N/A	29.851	93	268	2.85e-27	110
WP_000259031.1	279	k121_1472673_1	N/A	30.712	94	267	4.65e-27	109
WP_000259031.1	279	k121_288735_9	N/A	31.439	94	264	4.98e-27	109
WP_000259031.1	279	k121_198554_21	N/A	36.653	87	251	5.27e-27	108
WP_000259031.1	279	k121_1326205_2	N/A	31.325	88	249	5.39e-27	109
WP_000259031.1	279	k121_1153021_14	N/A	35.023	76	217	5.65e-27	108
WP_000259031.1	279	k121_160245_12	N/A	36.239	76	218	7.24e-27	108
WP_000259031.1	279	k121_679310_11	N/A	32.331	93	266	7.57e-27	108
WP_000259031.1	279	k121_884684_2	N/A	33.824	96	272	9.52e-27	108
WP_000259031.1	279	k121_869014_3	N/A	29.344	92	259	1.09e-26	108
WP_000259031.1	279	k121_454689_2	N/A	30.961	95	281	3.07e-26	107
WP_000259031.1	279	k121_57943_2	N/A	26.459	91	257	3.17e-26	107
WP_000259031.1	279	k121_825986_4	N/A	31.439	93	264	4.15e-26	108
WP_000259031.1	279	k121_1532433_12	N/A	33.462	92	260	4.62e-26	106
WP_000259031.1	279	k121_523461_1	N/A	33.858	87	254	6.12e-26	106
WP_000259031.1	279	k121_711902_14	N/A	28.794	91	257	8.30e-26	106
WP_000259031.1	279	k121_1596730_3	N/A	30.952	88	252	8.47e-26	105
WP_000259031.1	279	k121_1069861_2	N/A	33.574	95	277	8.63e-26	106
WP_000259031.1	279	k121_442075_2	N/A	35.780	76	218	1.16e-25	106
WP_000259031.1	279	k121_155682_2	N/A	30.855	96	269	1.30e-25	105
WP_000259031.1	279	k121_1093017_3	N/A	33.178	76	214	1.34e-25	105
WP_000259031.1	279	k121_220743_1	N/A	34.101	77	217	1.58e-25	104
WP_000259031.1	279	k121_235808_1	N/A	35.047	76	214	2.33e-25	103
WP_000259031.1	279	k121_696387_23	N/A	32.422	88	256	3.06e-25	104
WP_000259031.1	279	k121_121686_5	N/A	32.130	97	277	3.15e-25	104
WP_000259031.1	279	k121_45980_25	N/A	31.474	88	251	3.63e-25	104
WP_000259031.1	279	k121_270581_3	N/A	31.203	93	266	1.10e-24	102
WP_000259031.1	279	k121_1621830_1	N/A	32.400	89	250	1.47e-24	102
WP_000259031.1	279	k121_1098153_3	N/A	34.000	88	250	1.70e-24	102
WP_000259031.1	279	k121_157695_21	N/A	28.906	91	256	1.71e-24	102
WP_000259031.1	279	k121_733515_2	N/A	29.344	91	259	2.49e-24	103
WP_000259031.1	279	k121_1281982_3	N/A	28.185	91	259	2.98e-24	102
WP_000259031.1	279	k121_760779_7	N/A	32.836	93	268	5.79e-24	102
WP_000259031.1	279	k121_1217146_10	N/A	27.612	95	268	6.32e-24	101
WP_000259031.1	279	k121_820928_2	N/A	31.950	85	241	1.17e-23	99.8
WP_000259031.1	279	k121_45542_2	N/A	34.649	79	228	1.56e-23	100
WP_000259031.1	279	k121_650340_9	N/A	33.071	87	254	1.77e-23	99.8
WP_000259031.1	279	k121_1511074_3	N/A	33.036	77	224	2.94e-23	99.8
WP_000259031.1	279	k121_551140_1	N/A	28.405	91	257	6.03e-23	98.2
WP_000259031.1	279	k121_890474_40	N/A	31.502	95	273	1.06e-22	97.8
WP_000259031.1	279	k121_1459561_3	N/A	29.845	91	258	1.14e-22	97.8
WP_000259031.1	279	k121_1358045_1	N/A	35.417	85	240	1.36e-22	97.1
WP_000259031.1	279	k121_305185_2	N/A	28.016	91	257	1.65e-22	97.1
WP_000259031.1	279	k121_897728_11	N/A	31.923	88	260	2.12e-22	97.4
WP_000259031.1	279	k121_351797_1	N/A	34.959	88	246	3.20e-22	96.7
WP_000259031.1	279	k121_526153_1	N/A	27.907	62	172	3.52e-22	94.4
WP_000259031.1	279	k121_347557_3	N/A	31.556	80	225	4.55e-22	95.1
WP_000259031.1	279	k121_577028_1	N/A	32.707	92	266	5.05e-22	95.9
WP_000259031.1	279	k121_135565_1	N/A	31.047	97	277	5.58e-22	97.4
WP_000259031.1	279	k121_1135624_14	N/A	32.721	87	272	6.21e-22	96.3
WP_000259031.1	279	k121_1114709_5	N/A	34.404	76	218	6.40e-22	95.9
WP_000259031.1	279	k121_1669640_3	N/A	30.258	95	271	7.18e-22	95.9
WP_000259031.1	279	k121_1111817_1	N/A	30.120	86	249	1.12e-21	94.7
WP_000259031.1	279	k121_988752_1	N/A	29.960	86	247	1.25e-21	94.4
WP_000259031.1	279	k121_914654_269	N/A	30.279	87	251	1.78e-21	94.4
WP_000259031.1	279	k121_98893_10	N/A	29.537	98	281	2.07e-21	94.4
WP_000259031.1	279	k121_1528500_8	N/A	28.968	88	252	3.26e-21	94.0
WP_000259031.1	279	k121_1586774_1	N/A	32.210	93	267	3.29e-21	94.0
WP_000259031.1	279	k121_1438474_7	N/A	31.136	95	273	3.88e-21	94.4
WP_000259031.1	279	k121_1152857_2	N/A	32.127	79	221	7.04e-21	92.8
WP_000259031.1	279	k121_1614167_1	N/A	30.403	98	273	1.31e-20	92.4
WP_000259031.1	279	k121_52282_1	N/A	30.112	91	269	1.46e-20	92.8
WP_000259031.1	279	k121_278598_10	N/A	31.618	95	272	1.77e-20	92.0
WP_000259031.1	279	k121_1408064_2	N/A	28.077	87	260	5.48e-20	90.5
WP_000259031.1	279	k121_238408_4	N/A	31.343	93	268	6.67e-20	91.3
WP_000259031.1	279	k121_1345787_2	N/A	28.794	87	257	9.87e-20	90.5
WP_000259031.1	279	k121_72055_2	N/A	27.407	88	270	1.92e-19	89.4
WP_000259031.1	279	k121_1104592_14	N/A	27.407	95	270	2.54e-19	89.0
WP_000259031.1	279	k121_1661634_1	N/A	33.495	71	206	2.68e-19	87.8
WP_000259031.1	279	k121_381561_2	N/A	31.308	76	214	2.72e-19	89.4
WP_000259031.1	279	k121_164979_3	N/A	26.592	91	267	2.73e-19	88.6
WP_000259031.1	279	k121_758041_1	N/A	31.658	67	199	3.88e-19	86.7
WP_000259031.1	279	k121_1602467_5	N/A	28.723	98	282	4.62e-19	88.2
WP_000259031.1	279	k121_1030761_12	N/A	30.357	95	280	6.50e-19	87.4
WP_000259031.1	279	k121_1192943_3	N/A	31.967	85	244	7.52e-19	87.0
WP_000259031.1	279	k121_808042_20	N/A	31.923	89	260	1.11e-18	87.0
WP_000259031.1	279	k121_1098410_18	N/A	34.061	80	229	2.57e-18	85.5
WP_000259031.1	279	k121_1534431_1	N/A	30.909	78	220	3.91e-18	85.1
WP_000259031.1	279	k121_556957_2	N/A	23.596	94	267	5.28e-18	85.1
WP_000259031.1	279	k121_777125_1	N/A	28.514	87	249	6.08e-18	86.3
WP_000259031.1	279	k121_906716_3	N/A	34.008	88	247	6.51e-18	84.7
WP_000259031.1	279	k121_468750_1	N/A	31.489	78	235	6.55e-18	84.0
WP_000259031.1	279	k121_705833_16	N/A	32.963	87	270	7.08e-18	84.7
WP_000259031.1	279	k121_494576_6	N/A	29.070	90	258	1.02e-17	83.6
WP_000259031.1	279	k121_340446_2	N/A	27.481	88	262	1.06e-17	84.3
WP_000259031.1	279	k121_1684189_3	N/A	29.545	62	176	1.13e-17	81.6
WP_000259031.1	279	k121_1369581_3	N/A	27.397	77	219	2.62e-17	82.8
WP_000259031.1	279	k121_869524_3	N/A	29.070	91	258	3.55e-17	82.0
WP_000259031.1	279	k121_466792_6	N/A	29.134	88	254	3.74e-17	82.8
WP_000259031.1	279	k121_993164_1	N/A	23.221	94	267	4.58e-17	82.4
WP_000259031.1	279	k121_766875_2	N/A	28.462	86	260	9.27e-17	81.3
WP_000259031.1	279	k121_1510707_2	N/A	28.718	69	195	9.55e-17	79.7
WP_000259031.1	279	k121_9223_1	N/A	29.834	63	181	1.02e-16	79.7
WP_000259031.1	279	k121_655670_3	N/A	26.592	95	267	1.38e-16	80.9
WP_000259031.1	279	k121_1098038_2	N/A	28.467	95	274	2.24e-16	81.3
WP_000259031.1	279	k121_573394_3	N/A	28.626	91	262	5.24e-16	79.3
WP_000259031.1	279	k121_741619_13	N/A	28.571	86	245	7.16e-16	78.6
WP_000259031.1	279	k121_1334282_21	N/A	31.559	87	263	1.21e-15	78.6
WP_000259031.1	279	k121_673346_7	N/A	33.032	78	221	2.15e-15	78.2
WP_000259031.1	279	k121_691544_1	N/A	25.837	73	209	6.80e-15	75.1
WP_000259031.1	279	k121_1075302_4	N/A	26.609	76	233	2.25e-14	75.1
WP_000259031.1	279	k121_708601_26	N/A	30.657	88	274	2.88e-14	75.1
WP_000259031.1	279	k121_717203_1	N/A	33.520	64	179	4.17e-14	73.2
WP_000259031.1	279	k121_1303408_4	N/A	27.826	78	230	5.35e-14	74.3
WP_000259031.1	279	k121_777784_16	N/A	30.903	95	288	8.38e-14	73.6
WP_000259031.1	279	k121_1683725_1	N/A	34.459	51	148	1.59e-13	70.1
WP_000259031.1	279	k121_1037588_3	N/A	28.682	45	129	1.69e-13	70.1
WP_000259031.1	279	k121_27330_2	N/A	35.028	63	177	1.84e-13	71.6
WP_000259031.1	279	k121_1026618_10	N/A	32.227	73	211	2.15e-13	71.6
WP_000259031.1	279	k121_217065_1	N/A	28.761	78	226	2.31e-13	72.0
WP_000259031.1	279	k121_1549856_48	N/A	28.352	90	261	2.76e-13	71.2
WP_000259031.1	279	k121_112904_2	N/A	33.636	37	110	3.61e-12	65.9
WP_000259031.1	279	k121_1467246_3	N/A	29.167	67	192	8.36e-12	66.2
WP_000259031.1	279	k121_1618547_1	N/A	23.789	78	227	9.51e-12	66.6
WP_000259031.1	279	k121_945251_2	N/A	30.899	63	178	7.56e-11	63.5
WP_000259031.1	279	k121_1642852_1	N/A	33.918	59	171	1.53e-10	62.4
WP_000259031.1	279	k121_831287_3	N/A	32.308	45	130	1.96e-10	62.0
WP_000259031.1	279	k121_808248_3	N/A	33.043	39	115	2.63e-10	60.8
WP_000259031.1	279	k121_1405733_1	N/A	34.118	60	170	3.61e-10	62.4
WP_000259031.1	279	k121_1024735_2	N/A	37.190	43	121	8.20e-10	59.3
WP_000259031.1	279	k121_615328_2	N/A	34.454	39	119	1.24e-09	59.3
WP_000259031.1	279	k121_2712_2	N/A	32.520	44	123	1.26e-09	59.7
WP_000259031.1	279	k121_1500734_6	N/A	28.169	74	213	1.99e-09	60.1
WP_000259031.1	279	k121_1216271_1	N/A	26.738	66	187	6.17e-09	58.2
WP_000259031.1	279	k121_1344704_1	N/A	32.743	41	113	9.58e-09	56.6
WP_000259031.1	279	k121_1024735_3	N/A	29.412	43	119	1.18e-08	56.2
WP_000259031.1	279	k121_216719_1	N/A	36.893	36	103	5.05e-08	53.5
WP_000259031.1	279	k121_618615_1	N/A	29.126	37	103	8.56e-08	53.5
WP_000259031.1	279	k121_636591_1	N/A	31.868	62	182	9.75e-08	54.3
WP_000259031.1	279	k121_1245122_2	N/A	29.091	95	275	1.53e-07	55.8
WP_000259031.1	279	k121_207127_1	N/A	37.179	28	78	4.28e-07	50.8
WP_000259031.1	279	k121_641573_1	N/A	28.736	58	174	6.41e-07	52.0
WP_000259031.1	279	k121_567018_3	N/A	31.618	48	136	7.63e-07	52.4
WP_000259031.1	279	k121_1178436_3	N/A	28.125	33	96	2.62e-06	48.9
WP_000259031.1	279	k121_756370_3	N/A	36.538	33	104	5.40e-06	48.5
WP_000259031.1	279	k121_633316_1	N/A	26.984	44	126	1.26e-05	47.8
WP_000259031.1	279	k121_182384_6	N/A	33.333	24	66	2.42e-05	45.4
WP_000259031.1	279	k121_375907_2	N/A	38.028	23	71	3.85e-05	45.1
WP_000259031.1	279	k121_1381773_1	N/A	32.174	37	115	8.10e-05	45.4
WP_000259031.1	279	k121_81293_2	N/A	28.926	43	121	8.12e-05	46.6
WP_000259031.1	279	k121_279068_4	N/A	44.262	22	61	8.98e-05	45.4
WP_000259031.1	279	k121_348989_1	N/A	33.333	24	66	1.52e-04	43.5
WP_000259031.1	279	k121_1206111_1	N/A	36.607	40	112	4.52e-04	42.7
WP_000259031.1	279	k121_1717624_2	N/A	30.693	35	101	0.004	39.3
WP_000259031.1	279	k121_526347_1	N/A	30.526	33	95	0.005	39.3
WP_000259031.1	279	k121_494317_1	N/A	36.842	20	57	0.039	36.6
WP_001043260.1	271	k121_925849_3	N/A	100.000	89	242	9.58e-170	471
WP_001043260.1	271	k121_414693_2	N/A	50.769	96	260	5.50e-88	265
WP_001043260.1	271	k121_394406_7	N/A	53.516	94	256	2.11e-83	254
WP_001043260.1	271	k121_177197_2	N/A	44.828	95	261	2.02e-66	211
WP_001043260.1	271	k121_411516_2	N/A	39.163	94	263	3.85e-50	170
WP_001043260.1	271	k121_244684_4	N/A	36.293	95	259	4.91e-49	166
WP_001043260.1	271	k121_1671392_36	N/A	37.548	95	261	2.34e-48	164
WP_001043260.1	271	k121_1071287_2	N/A	39.033	95	269	3.69e-47	162
WP_001043260.1	271	k121_339863_1	N/A	37.692	96	260	5.12e-46	158
WP_001043260.1	271	k121_891405_2	N/A	39.080	95	261	3.63e-45	156
WP_001043260.1	271	k121_1145023_2	N/A	36.122	97	263	4.03e-44	153
WP_001043260.1	271	k121_1433037_2	N/A	38.697	96	261	1.15e-43	152
WP_001043260.1	271	k121_130540_2	N/A	36.122	97	263	1.27e-41	147
WP_001043260.1	271	k121_367630_11	N/A	40.449	97	267	3.07e-41	146
WP_001043260.1	271	k121_405517_3	N/A	36.122	95	263	5.39e-40	143
WP_001043260.1	271	k121_741362_6	N/A	37.828	96	267	6.00e-40	143
WP_001043260.1	271	k121_716426_2	N/A	34.340	97	265	2.50e-39	141
WP_001043260.1	271	k121_74705_7	N/A	37.453	96	267	6.48e-39	140
WP_001043260.1	271	k121_940958_6	N/A	35.714	98	266	8.51e-39	140
WP_001043260.1	271	k121_1093017_3	N/A	37.828	96	267	2.95e-38	138
WP_001043260.1	271	k121_802383_2	N/A	32.558	94	258	4.78e-38	138
WP_001043260.1	271	k121_454689_2	N/A	34.307	96	274	6.44e-38	138
WP_001043260.1	271	k121_1152857_2	N/A	38.577	97	267	9.05e-38	137
WP_001043260.1	271	k121_192248_1	N/A	34.221	96	263	1.05e-37	137
WP_001043260.1	271	k121_994312_11	N/A	35.874	81	223	1.38e-37	135
WP_001043260.1	271	k121_1532433_12	N/A	37.500	91	248	2.88e-37	135
WP_001043260.1	271	k121_45980_25	N/A	35.632	95	261	2.90e-37	136
WP_001043260.1	271	k121_347557_3	N/A	36.000	90	250	3.00e-37	135
WP_001043260.1	271	k121_926054_2	N/A	34.470	96	264	1.98e-36	134
WP_001043260.1	271	k121_155682_2	N/A	34.615	96	260	3.37e-36	133
WP_001043260.1	271	k121_220743_1	N/A	41.841	87	239	6.12e-36	131
WP_001043260.1	271	k121_135565_1	N/A	36.466	97	266	6.14e-36	135
WP_001043260.1	271	k121_160245_12	N/A	39.544	94	263	8.89e-36	132
WP_001043260.1	271	k121_1621830_1	N/A	34.866	96	261	1.41e-35	132
WP_001043260.1	271	k121_980075_3	N/A	36.940	96	268	1.42e-35	132
WP_001043260.1	271	k121_696387_23	N/A	34.701	96	268	1.42e-35	131
WP_001043260.1	271	k121_577028_1	N/A	38.023	94	263	1.68e-35	131
WP_001043260.1	271	k121_72055_2	N/A	34.495	96	287	2.96e-35	131
WP_001043260.1	271	k121_679310_11	N/A	35.338	95	266	5.63e-35	129
WP_001043260.1	271	k121_630554_1	N/A	31.034	95	261	6.80e-35	129
WP_001043260.1	271	k121_1326205_2	N/A	33.992	92	253	1.51e-34	129
WP_001043260.1	271	k121_1586774_1	N/A	36.765	97	272	1.64e-34	129
WP_001043260.1	271	k121_1069861_2	N/A	39.269	80	219	3.79e-34	128
WP_001043260.1	271	k121_351797_1	N/A	37.109	94	256	5.07e-34	127
WP_001043260.1	271	k121_884684_2	N/A	37.548	95	261	5.50e-34	127
WP_001043260.1	271	k121_66566_11	N/A	36.260	96	262	5.80e-34	127
WP_001043260.1	271	k121_1596730_3	N/A	34.902	92	255	6.71e-34	126
WP_001043260.1	271	k121_1511074_3	N/A	31.560	97	282	7.12e-34	127
WP_001043260.1	271	k121_1472673_1	N/A	33.840	95	263	9.80e-34	127
WP_001043260.1	271	k121_340446_2	N/A	31.227	94	269	9.91e-34	127
WP_001043260.1	271	k121_523461_1	N/A	37.500	89	256	1.20e-33	126
WP_001043260.1	271	k121_1114709_5	N/A	34.317	90	271	1.99e-33	126
WP_001043260.1	271	k121_1240266_2	N/A	48.305	44	118	2.78e-33	120
WP_001043260.1	271	k121_270581_3	N/A	37.838	93	259	2.81e-33	125
WP_001043260.1	271	k121_288735_9	N/A	34.586	97	266	1.61e-32	123
WP_001043260.1	271	k121_1534431_1	N/A	34.340	95	265	1.88e-32	123
WP_001043260.1	271	k121_1345787_2	N/A	34.717	95	265	2.55e-32	124
WP_001043260.1	271	k121_1153021_14	N/A	37.788	78	217	3.31e-32	122
WP_001043260.1	271	k121_1098153_3	N/A	34.661	92	251	4.12e-32	122
WP_001043260.1	271	k121_57943_2	N/A	26.792	97	265	6.54e-32	122
WP_001043260.1	271	k121_442075_2	N/A	40.455	79	220	7.48e-32	122
WP_001043260.1	271	k121_198554_21	N/A	37.751	90	249	6.39e-31	119
WP_001043260.1	271	k121_238408_4	N/A	34.559	97	272	1.40e-30	120
WP_001043260.1	271	k121_526153_1	N/A	35.028	65	177	1.50e-30	115
WP_001043260.1	271	k121_808042_20	N/A	36.154	91	260	1.62e-30	118
WP_001043260.1	271	k121_1001504_2	N/A	32.129	90	249	1.76e-30	117
WP_001043260.1	271	k121_1334282_21	N/A	35.907	91	259	2.55e-30	117
WP_001043260.1	271	k121_733515_2	N/A	32.584	95	267	2.82e-30	119
WP_001043260.1	271	k121_1144704_3	N/A	34.866	90	261	3.26e-30	119
WP_001043260.1	271	k121_1070768_14	N/A	31.203	96	266	4.37e-30	117
WP_001043260.1	271	k121_1030553_1	N/A	30.159	91	252	7.31e-30	117
WP_001043260.1	271	k121_235808_1	N/A	35.321	80	218	9.99e-30	115
WP_001043260.1	271	k121_1358045_1	N/A	38.492	92	252	1.28e-29	115
WP_001043260.1	271	k121_1691189_3	N/A	32.463	97	268	2.01e-29	115
WP_001043260.1	271	k121_655670_3	N/A	33.585	96	265	3.67e-29	114
WP_001043260.1	271	k121_1528500_8	N/A	30.830	91	253	4.93e-29	114
WP_001043260.1	271	k121_1192943_3	N/A	34.632	85	231	5.89e-29	113
WP_001043260.1	271	k121_1510707_2	N/A	32.275	69	189	1.19e-28	111
WP_001043260.1	271	k121_164979_3	N/A	28.846	94	260	2.17e-28	113
WP_001043260.1	271	k121_869014_3	N/A	27.481	95	262	7.63e-28	110
WP_001043260.1	271	k121_1246878_2	N/A	33.945	79	218	1.16e-27	110
WP_001043260.1	271	k121_906716_3	N/A	36.122	96	263	1.17e-27	110
WP_001043260.1	271	k121_760779_7	N/A	35.472	96	265	2.30e-27	111
WP_001043260.1	271	k121_1581695_2	N/A	30.830	92	253	2.48e-27	110
WP_001043260.1	271	k121_825986_4	N/A	29.588	97	267	2.66e-27	111
WP_001043260.1	271	k121_1407431_2	N/A	30.924	90	249	3.17e-27	109
WP_001043260.1	271	k121_157695_21	N/A	26.236	96	263	3.81e-27	109
WP_001043260.1	271	k121_1684189_3	N/A	35.838	63	173	5.77e-27	106
WP_001043260.1	271	k121_691544_1	N/A	33.173	75	208	6.46e-27	107
WP_001043260.1	271	k121_1281982_3	N/A	26.400	91	250	8.96e-27	108
WP_001043260.1	271	k121_551140_1	N/A	27.547	96	265	4.18e-26	106
WP_001043260.1	271	k121_890474_40	N/A	31.679	96	262	4.83e-26	106
WP_001043260.1	271	k121_381561_2	N/A	33.210	97	271	1.82e-25	105
WP_001043260.1	271	k121_45542_2	N/A	35.688	97	269	2.81e-25	104
WP_001043260.1	271	k121_1408064_2	N/A	32.197	91	264	4.71e-25	103
WP_001043260.1	271	k121_305185_2	N/A	29.719	91	249	1.18e-24	102
WP_001043260.1	271	k121_650340_9	N/A	31.076	90	251	1.68e-24	102
WP_001043260.1	271	k121_121686_5	N/A	31.298	96	262	2.47e-24	102
WP_001043260.1	271	k121_1104592_14	N/A	31.474	90	251	2.61e-24	102
WP_001043260.1	271	k121_897728_11	N/A	34.733	90	262	3.67e-24	102
WP_001043260.1	271	k121_556957_2	N/A	28.175	91	252	4.08e-24	101
WP_001043260.1	271	k121_1369581_3	N/A	29.864	80	221	4.18e-24	100
WP_001043260.1	271	k121_468750_1	N/A	32.759	80	232	6.07e-24	99.8
WP_001043260.1	271	k121_1614167_1	N/A	38.113	96	265	1.08e-23	100
WP_001043260.1	271	k121_1459561_3	N/A	27.376	94	263	1.32e-23	100
WP_001043260.1	271	k121_988752_1	N/A	34.298	87	242	1.64e-23	99.0
WP_001043260.1	271	k121_1438474_7	N/A	31.818	97	264	2.32e-23	100
WP_001043260.1	271	k121_9223_1	N/A	33.333	64	177	3.10e-23	97.1
WP_001043260.1	271	k121_993164_1	N/A	27.016	90	248	3.29e-23	99.4
WP_001043260.1	271	k121_1111817_1	N/A	31.967	86	244	3.63e-23	98.6
WP_001043260.1	271	k121_1030761_12	N/A	32.453	95	265	5.36e-23	98.2
WP_001043260.1	271	k121_1075302_4	N/A	29.630	90	270	5.80e-23	98.6
WP_001043260.1	271	k121_820928_2	N/A	30.290	87	241	6.68e-23	97.4
WP_001043260.1	271	k121_766875_2	N/A	29.921	86	254	1.08e-22	97.1
WP_001043260.1	271	k121_1217146_10	N/A	26.295	91	251	2.68e-22	96.7
WP_001043260.1	271	k121_777125_1	N/A	28.016	91	257	3.72e-22	97.8
WP_001043260.1	271	k121_1098410_18	N/A	34.328	97	268	7.15e-22	95.1
WP_001043260.1	271	k121_1135624_14	N/A	34.247	79	219	9.16e-22	95.9
WP_001043260.1	271	k121_558703_16	N/A	26.506	90	249	9.16e-22	94.7
WP_001043260.1	271	k121_705833_16	N/A	33.333	90	270	1.24e-21	94.7
WP_001043260.1	271	k121_711902_14	N/A	26.415	96	265	1.33e-21	94.7
WP_001043260.1	271	k121_831287_3	N/A	36.508	46	126	1.38e-21	92.0
WP_001043260.1	271	k121_1669640_3	N/A	30.597	96	268	1.60e-21	94.7
WP_001043260.1	271	k121_758041_1	N/A	30.516	75	213	5.60e-20	89.0
WP_001043260.1	271	k121_217065_1	N/A	32.883	79	222	3.95e-19	87.8
WP_001043260.1	271	k121_1618547_1	N/A	28.372	77	215	6.03e-19	86.3
WP_001043260.1	271	k121_27330_2	N/A	37.356	64	174	9.88e-19	86.3
WP_001043260.1	271	k121_777784_16	N/A	30.526	97	285	1.10e-18	87.0
WP_001043260.1	271	k121_717203_1	N/A	36.364	79	220	1.50e-18	85.1
WP_001043260.1	271	k121_112904_2	N/A	39.091	38	110	1.83e-18	82.8
WP_001043260.1	271	k121_869524_3	N/A	28.906	92	256	3.11e-18	85.1
WP_001043260.1	271	k121_1661634_1	N/A	32.579	80	221	4.85e-18	84.3
WP_001043260.1	271	k121_673346_7	N/A	31.984	83	247	8.23e-18	84.7
WP_001043260.1	271	k121_1549856_48	N/A	29.767	77	215	8.65e-18	83.6
WP_001043260.1	271	k121_98893_10	N/A	27.941	97	272	9.87e-18	84.3
WP_001043260.1	271	k121_573394_3	N/A	30.451	96	266	1.81e-17	83.2
WP_001043260.1	271	k121_808248_3	N/A	40.541	38	111	6.89e-17	78.6
WP_001043260.1	271	k121_494576_6	N/A	30.857	65	175	1.03e-16	80.9
WP_001043260.1	271	k121_1602467_5	N/A	28.159	97	277	1.33e-16	81.3
WP_001043260.1	271	k121_1405733_1	N/A	36.747	61	166	2.63e-16	79.3
WP_001043260.1	271	k121_1303408_4	N/A	31.273	97	275	1.72e-15	78.2
WP_001043260.1	271	k121_1037588_3	N/A	32.283	46	127	1.79e-15	75.1
WP_001043260.1	271	k121_207127_1	N/A	49.367	29	79	2.27e-15	73.2
WP_001043260.1	271	k121_466792_6	N/A	28.417	97	278	6.80e-15	76.3
WP_001043260.1	271	k121_2712_2	N/A	34.694	54	147	8.20e-15	73.9
WP_001043260.1	271	k121_945251_2	N/A	32.961	64	179	1.12e-14	73.9
WP_001043260.1	271	k121_348989_1	N/A	46.970	24	66	1.17e-14	71.2
WP_001043260.1	271	k121_52282_1	N/A	28.346	90	254	1.21e-14	76.3
WP_001043260.1	271	k121_615328_2	N/A	36.719	43	128	1.56e-13	70.1
WP_001043260.1	271	k121_278598_10	N/A	28.205	96	273	4.19e-13	71.2
WP_001043260.1	271	k121_1098038_2	N/A	27.636	96	275	8.55e-13	70.9
WP_001043260.1	271	k121_1467246_3	N/A	32.447	68	188	1.30e-12	68.2
WP_001043260.1	271	k121_1026618_10	N/A	30.460	64	174	1.98e-12	68.9
WP_001043260.1	271	k121_1344704_1	N/A	34.343	37	99	5.89e-12	65.5
WP_001043260.1	271	k121_641573_1	N/A	26.506	61	166	1.05e-11	65.1
WP_001043260.1	271	k121_182384_6	N/A	41.538	24	65	1.07e-11	63.2
WP_001043260.1	271	k121_914654_269	N/A	27.985	95	268	1.52e-11	66.6
WP_001043260.1	271	k121_1024735_3	N/A	32.039	38	103	3.06e-11	63.2
WP_001043260.1	271	k121_1024735_2	N/A	39.837	44	123	1.59e-10	61.2
WP_001043260.1	271	k121_636591_1	N/A	32.203	62	177	1.81e-10	62.0
WP_001043260.1	271	k121_1500734_6	N/A	31.308	75	214	4.18e-10	62.0
WP_001043260.1	271	k121_1178436_3	N/A	34.375	35	96	5.50e-10	59.3
WP_001043260.1	271	k121_1216271_1	N/A	24.064	69	187	5.73e-10	61.2
WP_001043260.1	271	k121_1683725_1	N/A	34.906	39	106	2.36e-09	58.5
WP_001043260.1	271	k121_1580813_1	N/A	30.709	45	127	3.05e-09	60.1
WP_001043260.1	271	k121_1642852_1	N/A	31.579	47	133	7.86e-09	57.4
WP_001043260.1	271	k121_279068_4	N/A	35.606	46	132	1.31e-08	56.6
WP_001043260.1	271	k121_618615_1	N/A	28.814	44	118	1.88e-08	55.5
WP_001043260.1	271	k121_375907_2	N/A	41.667	24	72	4.20e-08	53.5
WP_001043260.1	271	k121_216719_1	N/A	35.849	38	106	2.05e-07	51.6
WP_001043260.1	271	k121_633316_1	N/A	27.559	46	127	4.45e-07	51.6
WP_001043260.1	271	k121_567018_3	N/A	28.571	46	126	1.34e-06	51.6
WP_001043260.1	271	k121_1381773_1	N/A	36.975	39	119	6.99e-06	48.5
WP_001043260.1	271	k121_741619_13	N/A	22.747	84	233	4.37e-05	47.4
WP_001043260.1	271	k121_708601_26	N/A	27.835	96	291	1.13e-04	46.6
WP_001043260.1	271	k121_1206111_1	N/A	37.143	39	105	5.65e-04	42.4
WP_001043260.1	271	k121_1717624_2	N/A	29.787	34	94	8.26e-04	41.2
WP_001043260.1	271	k121_1655420_2	N/A	29.851	49	134	0.002	42.0
WP_001043260.1	271	k121_1657897_6	N/A	42.623	22	61	0.005	38.5
WP_001043260.1	271	k121_1245122_2	N/A	28.090	96	267	0.080	38.1
WP_001043260.1	271	k121_694164_8	N/A	36.620	26	71	0.092	37.7
WP_000034420.1	263	k121_414693_2	N/A	60.392	97	255	1.74e-110	322
WP_000034420.1	263	k121_394406_7	N/A	43.182	100	264	5.88e-78	240
WP_000034420.1	263	k121_925849_3	N/A	54.167	82	216	4.33e-77	236
WP_000034420.1	263	k121_177197_2	N/A	43.182	99	264	1.08e-74	231
WP_000034420.1	263	k121_339863_1	N/A	41.538	98	260	3.85e-58	189
WP_000034420.1	263	k121_244684_4	N/A	39.464	98	261	8.14e-57	185
WP_000034420.1	263	k121_1145023_2	N/A	39.147	98	258	7.85e-56	183
WP_000034420.1	263	k121_891405_2	N/A	39.245	99	265	3.42e-55	181
WP_000034420.1	263	k121_1671392_36	N/A	37.736	99	265	8.30e-55	181
WP_000034420.1	263	k121_411516_2	N/A	37.931	98	261	1.18e-53	179
WP_000034420.1	263	k121_1098153_3	N/A	38.023	99	263	1.13e-48	165
WP_000034420.1	263	k121_351797_1	N/A	39.015	99	264	1.30e-48	165
WP_000034420.1	263	k121_155682_2	N/A	35.556	99	270	1.34e-48	165
WP_000034420.1	263	k121_45980_25	N/A	36.981	99	265	1.90e-47	162
WP_000034420.1	263	k121_802383_2	N/A	36.187	96	257	5.34e-47	161
WP_000034420.1	263	k121_1433037_2	N/A	38.697	98	261	9.53e-47	160
WP_000034420.1	263	k121_940958_6	N/A	36.398	98	261	2.84e-46	159
WP_000034420.1	263	k121_130540_2	N/A	35.361	99	263	4.44e-46	159
WP_000034420.1	263	k121_1472673_1	N/A	35.714	99	266	5.11e-46	159
WP_000034420.1	263	k121_1691189_3	N/A	36.194	98	268	7.10e-46	157
WP_000034420.1	263	k121_716426_2	N/A	34.749	98	259	7.09e-45	155
WP_000034420.1	263	k121_405517_3	N/A	35.741	98	263	2.61e-44	154
WP_000034420.1	263	k121_1532433_12	N/A	34.100	99	261	3.76e-44	153
WP_000034420.1	263	k121_1071287_2	N/A	35.401	99	274	6.01e-44	153
WP_000034420.1	263	k121_367630_11	N/A	34.717	100	265	6.07e-44	152
WP_000034420.1	263	k121_1093017_3	N/A	33.955	98	268	1.11e-43	152
WP_000034420.1	263	k121_1621830_1	N/A	34.866	99	261	1.56e-43	152
WP_000034420.1	263	k121_192248_1	N/A	33.840	98	263	6.62e-43	150
WP_000034420.1	263	k121_72055_2	N/A	32.632	99	285	1.39e-42	150
WP_000034420.1	263	k121_340446_2	N/A	32.841	97	271	1.58e-42	149
WP_000034420.1	263	k121_733515_2	N/A	33.712	98	264	1.78e-42	150
WP_000034420.1	263	k121_66566_11	N/A	34.962	99	266	6.98e-41	145
WP_000034420.1	263	k121_1152857_2	N/A	33.962	99	265	2.95e-40	143
WP_000034420.1	263	k121_1511074_3	N/A	32.852	99	277	3.40e-40	144
WP_000034420.1	263	k121_454689_2	N/A	33.096	99	281	5.15e-40	143
WP_000034420.1	263	k121_884684_2	N/A	36.398	98	261	1.38e-39	141
WP_000034420.1	263	k121_1240266_2	N/A	53.913	44	115	1.83e-39	136
WP_000034420.1	263	k121_1534431_1	N/A	34.351	99	262	2.37e-39	140
WP_000034420.1	263	k121_74705_7	N/A	32.830	98	265	8.11e-39	140
WP_000034420.1	263	k121_696387_23	N/A	34.211	98	266	8.87e-39	139
WP_000034420.1	263	k121_220743_1	N/A	35.714	90	238	2.60e-38	137
WP_000034420.1	263	k121_741362_6	N/A	32.453	98	265	2.93e-38	139
WP_000034420.1	263	k121_235808_1	N/A	37.500	81	216	2.05e-37	134
WP_000034420.1	263	k121_1345787_2	N/A	35.741	98	263	4.18e-37	136
WP_000034420.1	263	k121_1144704_3	N/A	31.365	98	271	6.53e-37	136
WP_000034420.1	263	k121_980075_3	N/A	32.331	98	266	1.15e-36	134
WP_000034420.1	263	k121_1246878_2	N/A	36.986	81	219	1.56e-36	132
WP_000034420.1	263	k121_630554_1	N/A	34.496	96	258	2.12e-36	132
WP_000034420.1	263	k121_994312_11	N/A	36.530	81	219	6.83e-36	131
WP_000034420.1	263	k121_679310_11	N/A	33.712	98	264	8.68e-36	131
WP_000034420.1	263	k121_1614167_1	N/A	36.923	98	260	1.56e-35	131
WP_000034420.1	263	k121_760779_7	N/A	31.579	99	266	1.87e-35	132
WP_000034420.1	263	k121_1586774_1	N/A	32.707	99	266	2.84e-35	130
WP_000034420.1	263	k121_890474_40	N/A	33.597	94	253	4.69e-35	130
WP_000034420.1	263	k121_381561_2	N/A	29.963	98	267	1.06e-34	130
WP_000034420.1	263	k121_577028_1	N/A	32.061	97	262	1.40e-34	128
WP_000034420.1	263	k121_825986_4	N/A	30.534	99	262	1.84e-34	130
WP_000034420.1	263	k121_1030761_12	N/A	35.206	98	267	2.83e-34	127
WP_000034420.1	263	k121_1070768_14	N/A	30.682	98	264	4.66e-34	127
WP_000034420.1	263	k121_526153_1	N/A	35.673	65	171	6.40e-34	124
WP_000034420.1	263	k121_238408_4	N/A	32.331	99	266	6.80e-34	128
WP_000034420.1	263	k121_270581_3	N/A	31.818	97	264	9.28e-34	126
WP_000034420.1	263	k121_523461_1	N/A	33.948	98	271	1.08e-33	126
WP_000034420.1	263	k121_777125_1	N/A	32.601	100	273	1.41e-33	128
WP_000034420.1	263	k121_347557_3	N/A	28.279	92	244	4.15e-33	124
WP_000034420.1	263	k121_906716_3	N/A	33.840	98	263	8.13e-33	124
WP_000034420.1	263	k121_1030553_1	N/A	31.274	97	259	8.45e-33	125
WP_000034420.1	263	k121_1111817_1	N/A	32.258	91	248	1.00e-32	123
WP_000034420.1	263	k121_926054_2	N/A	32.075	98	265	2.27e-32	124
WP_000034420.1	263	k121_1459561_3	N/A	34.601	97	263	2.42e-32	123
WP_000034420.1	263	k121_1596730_3	N/A	33.068	93	251	3.11e-32	122
WP_000034420.1	263	k121_198554_21	N/A	34.263	93	251	4.40e-32	121
WP_000034420.1	263	k121_1684189_3	N/A	36.994	66	173	4.99e-32	119
WP_000034420.1	263	k121_288735_9	N/A	31.128	97	257	8.58e-32	121
WP_000034420.1	263	k121_1104592_14	N/A	32.576	98	264	2.63e-31	120
WP_000034420.1	263	k121_1438474_7	N/A	32.950	98	261	3.06e-31	120
WP_000034420.1	263	k121_160245_12	N/A	32.830	98	265	3.50e-31	119
WP_000034420.1	263	k121_869014_3	N/A	32.567	97	261	5.29e-31	119
WP_000034420.1	263	k121_556957_2	N/A	31.321	98	265	1.04e-30	118
WP_000034420.1	263	k121_135565_1	N/A	32.937	94	252	1.33e-30	120
WP_000034420.1	263	k121_121686_5	N/A	32.806	94	253	2.15e-30	118
WP_000034420.1	263	k121_1069861_2	N/A	35.514	80	214	4.15e-30	117
WP_000034420.1	263	k121_691544_1	N/A	36.634	74	202	1.02e-29	114
WP_000034420.1	263	k121_1001504_2	N/A	32.932	94	249	1.42e-29	114
WP_000034420.1	263	k121_57943_2	N/A	29.924	98	264	1.83e-29	115
WP_000034420.1	263	k121_1326205_2	N/A	30.682	98	264	2.78e-29	115
WP_000034420.1	263	k121_551140_1	N/A	32.830	99	265	3.17e-29	114
WP_000034420.1	263	k121_1153021_14	N/A	30.350	95	257	6.43e-29	113
WP_000034420.1	263	k121_1669640_3	N/A	29.434	97	265	6.45e-29	114
WP_000034420.1	263	k121_1114709_5	N/A	29.856	94	278	8.55e-29	113
WP_000034420.1	263	k121_1135624_14	N/A	30.769	93	273	9.47e-29	114
WP_000034420.1	263	k121_157695_21	N/A	30.682	99	264	1.01e-28	113
WP_000034420.1	263	k121_442075_2	N/A	31.797	81	217	1.18e-28	113
WP_000034420.1	263	k121_988752_1	N/A	30.736	86	231	1.39e-28	112
WP_000034420.1	263	k121_1358045_1	N/A	30.435	95	253	1.46e-28	112
WP_000034420.1	263	k121_1192943_3	N/A	33.745	90	243	1.74e-28	112
WP_000034420.1	263	k121_711902_14	N/A	30.303	99	264	1.84e-28	112
WP_000034420.1	263	k121_1581695_2	N/A	31.061	98	264	3.13e-28	112
WP_000034420.1	263	k121_650340_9	N/A	32.016	93	253	3.56e-28	112
WP_000034420.1	263	k121_1281982_3	N/A	30.451	98	266	3.71e-28	112
WP_000034420.1	263	k121_1407431_2	N/A	29.167	98	264	1.05e-27	110
WP_000034420.1	263	k121_45542_2	N/A	33.209	99	268	1.69e-27	110
WP_000034420.1	263	k121_468750_1	N/A	30.901	83	233	1.72e-27	108
WP_000034420.1	263	k121_1098410_18	N/A	32.955	98	264	2.89e-27	109
WP_000034420.1	263	k121_1510707_2	N/A	33.854	71	192	3.49e-27	107
WP_000034420.1	263	k121_758041_1	N/A	30.952	76	210	4.01e-27	107
WP_000034420.1	263	k121_164979_3	N/A	29.231	97	260	5.15e-27	109
WP_000034420.1	263	k121_808042_20	N/A	30.403	98	273	5.59e-27	108
WP_000034420.1	263	k121_27330_2	N/A	35.955	67	178	5.79e-27	107
WP_000034420.1	263	k121_766875_2	N/A	30.556	87	252	6.65e-27	107
WP_000034420.1	263	k121_1217146_10	N/A	27.519	97	258	1.27e-26	107
WP_000034420.1	263	k121_1528500_8	N/A	28.996	97	269	1.51e-26	107
WP_000034420.1	263	k121_305185_2	N/A	29.924	99	264	2.93e-26	106
WP_000034420.1	263	k121_1334282_21	N/A	33.716	94	261	4.22e-26	106
WP_000034420.1	263	k121_993164_1	N/A	33.465	94	254	5.94e-26	106
WP_000034420.1	263	k121_278598_10	N/A	29.183	94	257	5.99e-26	106
WP_000034420.1	263	k121_897728_11	N/A	31.047	98	277	1.01e-25	105
WP_000034420.1	263	k121_914654_269	N/A	29.880	93	251	2.23e-25	104
WP_000034420.1	263	k121_1408064_2	N/A	29.562	98	274	4.02e-25	103
WP_000034420.1	263	k121_1602467_5	N/A	29.771	97	262	5.10e-25	103
WP_000034420.1	263	k121_1075302_4	N/A	32.841	94	271	6.89e-25	103
WP_000034420.1	263	k121_1661634_1	N/A	35.047	79	214	1.20e-24	102
WP_000034420.1	263	k121_98893_10	N/A	29.389	97	262	3.86e-24	101
WP_000034420.1	263	k121_1369581_3	N/A	32.143	83	224	4.29e-24	100
WP_000034420.1	263	k121_820928_2	N/A	30.579	90	242	4.52e-24	100
WP_000034420.1	263	k121_717203_1	N/A	35.909	83	220	7.71e-24	99.0
WP_000034420.1	263	k121_655670_3	N/A	30.566	98	265	9.35e-24	100
WP_000034420.1	263	k121_9223_1	N/A	35.135	67	185	1.26e-23	97.8
WP_000034420.1	263	k121_1618547_1	N/A	30.702	85	228	2.04e-23	98.2
WP_000034420.1	263	k121_1098038_2	N/A	28.185	94	259	4.22e-23	99.4
WP_000034420.1	263	k121_494576_6	N/A	33.149	68	181	1.12e-22	96.7
WP_000034420.1	263	k121_558703_16	N/A	29.924	98	264	8.78e-21	91.7
WP_000034420.1	263	k121_1405733_1	N/A	34.118	63	170	1.29e-20	90.5
WP_000034420.1	263	k121_705833_16	N/A	27.758	97	281	2.31e-20	90.9
WP_000034420.1	263	k121_466792_6	N/A	30.075	97	266	2.92e-20	90.9
WP_000034420.1	263	k121_52282_1	N/A	29.134	94	254	6.76e-20	90.9
WP_000034420.1	263	k121_217065_1	N/A	29.771	97	262	1.58e-19	89.0
WP_000034420.1	263	k121_831287_3	N/A	34.959	47	123	3.93e-19	85.5
WP_000034420.1	263	k121_673346_7	N/A	30.594	82	219	5.29e-19	87.8
WP_000034420.1	263	k121_1549856_48	N/A	30.047	79	213	1.70e-18	85.5
WP_000034420.1	263	k121_1024735_3	N/A	36.667	46	120	2.72e-18	82.0
WP_000034420.1	263	k121_1467246_3	N/A	29.630	70	189	3.56e-18	83.2
WP_000034420.1	263	k121_777784_16	N/A	29.242	97	277	2.38e-17	83.2
WP_000034420.1	263	k121_1024735_2	N/A	40.833	46	120	5.26e-17	78.6
WP_000034420.1	263	k121_708601_26	N/A	28.044	94	271	6.37e-17	82.4
WP_000034420.1	263	k121_945251_2	N/A	32.402	66	179	7.25e-17	79.7
WP_000034420.1	263	k121_636591_1	N/A	32.184	63	174	7.96e-17	79.3
WP_000034420.1	263	k121_1037588_3	N/A	33.333	48	129	2.89e-16	77.0
WP_000034420.1	263	k121_1683725_1	N/A	38.835	39	103	6.51e-16	76.3
WP_000034420.1	263	k121_1245122_2	N/A	28.958	94	259	9.33e-16	79.7
WP_000034420.1	263	k121_2712_2	N/A	29.677	59	155	1.74e-15	75.9
WP_000034420.1	263	k121_869524_3	N/A	27.749	72	191	1.82e-15	77.0
WP_000034420.1	263	k121_207127_1	N/A	47.436	30	78	2.75e-15	72.8
WP_000034420.1	263	k121_573394_3	N/A	27.749	72	191	5.80e-15	75.9
WP_000034420.1	263	k121_112904_2	N/A	37.615	39	109	6.74e-15	72.8
WP_000034420.1	263	k121_1303408_4	N/A	31.955	97	266	8.31e-15	76.3
WP_000034420.1	263	k121_1216271_1	N/A	31.351	69	185	1.37e-14	73.6
WP_000034420.1	263	k121_808248_3	N/A	37.615	39	109	4.43e-14	70.9
WP_000034420.1	263	k121_741619_13	N/A	28.139	85	231	7.72e-14	72.4
WP_000034420.1	263	k121_615328_2	N/A	34.646	44	127	3.02e-13	68.9
WP_000034420.1	263	k121_182384_6	N/A	42.029	26	69	3.84e-13	66.6
WP_000034420.1	263	k121_1500734_6	N/A	29.609	66	179	6.09e-13	69.7
WP_000034420.1	263	k121_567018_3	N/A	28.571	47	126	1.06e-12	68.9
WP_000034420.1	263	k121_633316_1	N/A	34.127	47	126	1.13e-12	67.0
WP_000034420.1	263	k121_348989_1	N/A	38.571	27	70	3.33e-12	64.3
WP_000034420.1	263	k121_279068_4	N/A	34.646	46	127	3.75e-12	66.2
WP_000034420.1	263	k121_1642852_1	N/A	33.566	54	143	5.61e-12	66.2
WP_000034420.1	263	k121_216719_1	N/A	35.000	38	100	6.32e-12	63.9
WP_000034420.1	263	k121_641573_1	N/A	31.902	61	163	9.50e-12	65.1
WP_000034420.1	263	k121_1026618_10	N/A	28.409	66	176	1.03e-11	66.6
WP_000034420.1	263	k121_1344704_1	N/A	29.358	41	109	1.21e-11	64.7
WP_000034420.1	263	k121_1178436_3	N/A	35.354	37	99	6.19e-11	61.6
WP_000034420.1	263	k121_1206111_1	N/A	38.000	38	100	1.51e-10	60.8
WP_000034420.1	263	k121_618615_1	N/A	31.667	46	120	2.08e-10	60.5
WP_000034420.1	263	k121_1580813_1	N/A	30.282	52	142	7.90e-10	61.6
WP_000034420.1	263	k121_375907_2	N/A	42.647	23	68	8.09e-09	55.5
WP_000034420.1	263	k121_1381773_1	N/A	32.759	40	116	1.46e-08	55.8
WP_000034420.1	263	k121_520811_2	N/A	44.828	22	58	2.09e-06	47.8
WP_000034420.1	263	k121_81293_2	N/A	25.134	64	187	5.80e-06	49.7
WP_000034420.1	263	k121_1655420_2	N/A	27.703	56	148	1.02e-05	48.5
WP_000034420.1	263	k121_1657897_6	N/A	36.364	25	66	2.03e-05	45.1
WP_000034420.1	263	k121_882094_1	N/A	33.333	24	63	2.31e-04	42.4
WP_000034420.1	263	k121_494317_1	N/A	26.471	26	68	0.008	38.1
WP_000034420.1	263	k121_142514_1	N/A	46.667	23	60	0.018	37.0
WP_000034420.1	263	k121_1104719_17	N/A	25.203	43	123	0.042	38.1
WP_000845048.1	337	k121_736657_2	N/A	99.407	100	337	0.0	679
WP_000845048.1	337	k121_1669156_1	N/A	69.536	90	302	4.01e-152	433
WP_000845048.1	337	k121_1128733_1	N/A	63.609	96	327	1.31e-145	417
WP_000845048.1	337	k121_1686604_2	N/A	62.931	99	348	1.74e-140	407
WP_000845048.1	337	k121_1569232_3	N/A	61.631	96	331	8.75e-140	404
WP_000845048.1	337	k121_1161191_1	N/A	59.878	98	329	2.26e-134	388
WP_000845048.1	337	k121_1139835_2	N/A	57.910	98	335	3.64e-134	388
WP_000845048.1	337	k121_543449_1	N/A	59.574	98	329	1.34e-133	386
WP_000845048.1	337	k121_1424598_4	N/A	61.589	88	302	1.29e-131	380
WP_000845048.1	337	k121_130757_1	N/A	58.589	97	326	1.14e-130	379
WP_000845048.1	337	k121_1135082_3	N/A	57.895	95	323	6.26e-130	377
WP_000845048.1	337	k121_9864_2	N/A	58.204	96	323	1.58e-129	375
WP_000845048.1	337	k121_1380027_1	N/A	59.091	98	330	1.50e-128	374
WP_000845048.1	337	k121_866905_1	N/A	59.509	97	326	1.16e-127	371
WP_000845048.1	337	k121_1344512_2	N/A	58.610	98	331	1.30e-127	371
WP_000845048.1	337	k121_866924_7	N/A	55.452	95	321	1.51e-116	344
WP_000845048.1	337	k121_11555_2	N/A	54.242	98	330	1.08e-115	342
WP_000845048.1	337	k121_1175722_15	N/A	60.821	80	268	8.56e-115	336
WP_000845048.1	337	k121_95341_1	N/A	56.211	94	322	4.17e-113	335
WP_000845048.1	337	k121_399987_1	N/A	57.095	88	296	3.47e-110	326
WP_000845048.1	337	k121_474495_1	N/A	53.488	89	301	1.06e-109	325
WP_000845048.1	337	k121_920970_1	N/A	51.899	94	316	1.67e-106	318
WP_000845048.1	337	k121_1181158_7	N/A	54.140	93	314	2.00e-106	317
WP_000845048.1	337	k121_1580503_2	N/A	51.713	95	321	2.17e-105	314
WP_000845048.1	337	k121_1068163_4	N/A	51.553	96	322	2.69e-105	314
WP_000845048.1	337	k121_1196410_2	N/A	57.509	81	273	1.26e-103	308
WP_000845048.1	337	k121_1317490_1	N/A	53.994	93	313	6.36e-98	296
WP_000845048.1	337	k121_399295_2	N/A	49.841	93	315	9.45e-98	295
WP_000845048.1	337	k121_1369281_5	N/A	58.943	72	246	1.61e-97	291
WP_000845048.1	337	k121_111187_1	N/A	53.558	79	267	7.54e-95	285
WP_000845048.1	337	k121_1225152_2	N/A	49.051	94	316	1.23e-94	291
WP_000845048.1	337	k121_435565_1	N/A	50.955	93	314	3.46e-92	281
WP_000845048.1	337	k121_840609_1	N/A	49.045	93	314	5.69e-87	272
WP_000845048.1	337	k121_900436_1	N/A	48.136	88	295	1.34e-86	266
WP_000845048.1	337	k121_1697310_1	N/A	48.889	93	315	1.03e-85	269
WP_000845048.1	337	k121_1363426_1	N/A	54.202	69	238	4.45e-85	260
WP_000845048.1	337	k121_1359969_2	N/A	43.925	87	321	1.73e-83	258
WP_000845048.1	337	k121_1531406_4	N/A	59.330	62	209	2.55e-83	254
WP_000845048.1	337	k121_912150_2	N/A	53.556	71	239	6.90e-82	251
WP_000845048.1	337	k121_146108_1	N/A	47.386	91	306	8.36e-82	255
WP_000845048.1	337	k121_1600325_1	N/A	46.951	96	328	3.78e-81	253
WP_000845048.1	337	k121_1614260_1	N/A	42.722	93	316	1.18e-78	247
WP_000845048.1	337	k121_577120_2	N/A	45.846	95	325	1.34e-75	242
WP_000845048.1	337	k121_672100_4	N/A	58.824	55	187	1.20e-71	224
WP_000845048.1	337	k121_658460_1	N/A	41.083	89	314	2.51e-70	224
WP_000845048.1	337	k121_1687769_1	N/A	98.990	29	99	1.45e-64	202
WP_000845048.1	337	k121_792971_1	N/A	63.158	44	152	1.55e-61	197
WP_000845048.1	337	k121_834493_1	N/A	50.000	62	210	3.85e-59	196
WP_000845048.1	337	k121_731528_1	N/A	62.838	44	148	7.44e-58	187
WP_000845048.1	337	k121_1456845_1	N/A	59.091	45	154	2.64e-56	184
WP_000845048.1	337	k121_577104_66	N/A	58.904	43	146	1.48e-53	178
WP_000845048.1	337	k121_318752_4	N/A	57.143	72	154	1.61e-53	179
WP_000845048.1	337	k121_318752_4	N/A	53.261	72	92	5.76e-23	99.4
WP_000845048.1	337	k121_847475_88	N/A	34.568	95	324	3.44e-51	177
WP_000845048.1	337	k121_962669_2	N/A	43.111	66	225	2.34e-48	168
WP_000845048.1	337	k121_1267895_1	N/A	34.557	95	327	4.29e-46	162
WP_000845048.1	337	k121_8003_2	N/A	59.016	36	122	4.28e-43	148
WP_000845048.1	337	k121_167767_1	N/A	32.063	93	315	3.53e-42	151
WP_000845048.1	337	k121_744388_1	N/A	33.540	95	322	7.91e-42	154
WP_000845048.1	337	k121_1124667_8	N/A	31.348	93	319	3.40e-41	148
WP_000845048.1	337	k121_898763_2	N/A	32.931	98	331	4.74e-41	151
WP_000845048.1	337	k121_1542726_9	N/A	32.399	93	321	4.98e-41	150
WP_000845048.1	337	k121_348500_45	N/A	32.698	93	315	1.17e-40	147
WP_000845048.1	337	k121_1059111_1	N/A	31.949	92	313	2.89e-40	150
WP_000845048.1	337	k121_598057_2	N/A	33.443	90	305	3.33e-40	146
WP_000845048.1	337	k121_600470_2	N/A	33.119	91	311	3.33e-39	148
WP_000845048.1	337	k121_1293215_1	N/A	36.278	94	317	6.09e-39	142
WP_000845048.1	337	k121_946425_3	N/A	34.740	91	308	6.68e-39	142
WP_000845048.1	337	k121_416444_3	N/A	34.295	91	312	1.68e-38	141
WP_000845048.1	337	k121_1521519_2	N/A	34.069	93	317	6.64e-38	140
WP_000845048.1	337	k121_1474127_2	N/A	52.846	36	123	7.03e-38	137
WP_000845048.1	337	k121_34260_3	N/A	31.118	96	331	1.81e-37	144
WP_000845048.1	337	k121_1542556_3	N/A	37.857	82	280	1.01e-36	135
WP_000845048.1	337	k121_1245057_1	N/A	53.030	39	132	1.65e-36	132
WP_000845048.1	337	k121_502815_1	N/A	34.030	99	335	3.71e-36	135
WP_000845048.1	337	k121_1179093_2	N/A	34.328	99	335	1.20e-35	134
WP_000845048.1	337	k121_1644006_2	N/A	30.435	95	322	2.59e-35	134
WP_000845048.1	337	k121_886077_3	N/A	28.395	96	324	2.67e-35	134
WP_000845048.1	337	k121_1266183_4	N/A	30.303	97	330	2.77e-35	135
WP_000845048.1	337	k121_911959_1	N/A	30.818	93	318	2.98e-35	135
WP_000845048.1	337	k121_1290379_11	N/A	29.254	98	335	5.52e-35	135
WP_000845048.1	337	k121_1557093_1	N/A	30.868	92	311	1.22e-34	136
WP_000845048.1	337	k121_117742_3	N/A	31.715	90	309	2.46e-34	130
WP_000845048.1	337	k121_1630951_2	N/A	33.133	98	332	2.58e-34	130
WP_000845048.1	337	k121_78739_1	N/A	32.153	99	339	2.64e-34	130
WP_000845048.1	337	k121_1137967_1	N/A	32.566	89	304	3.50e-34	129
WP_000845048.1	337	k121_1343608_2	N/A	32.831	98	332	7.67e-34	129
WP_000845048.1	337	k121_1502961_4	N/A	29.688	94	320	1.24e-33	128
WP_000845048.1	337	k121_1138167_3	N/A	33.225	90	307	1.37e-33	128
WP_000845048.1	337	k121_515430_2	N/A	33.022	95	321	6.32e-33	126
WP_000845048.1	337	k121_521122_1	N/A	28.615	96	325	8.37e-33	127
WP_000845048.1	337	k121_1278014_2	N/A	30.745	94	322	1.15e-32	126
WP_000845048.1	337	k121_506205_1	N/A	30.033	90	303	1.67e-32	126
WP_000845048.1	337	k121_1356873_1	N/A	32.827	97	329	1.69e-32	126
WP_000845048.1	337	k121_105578_2	N/A	33.832	98	334	2.83e-32	125
WP_000845048.1	337	k121_541581_4	N/A	27.063	90	303	4.44e-32	125
WP_000845048.1	337	k121_538825_1	N/A	43.243	44	148	4.75e-32	125
WP_000845048.1	337	k121_1166203_8	N/A	27.961	90	304	6.88e-32	125
WP_000845048.1	337	k121_515842_2	N/A	31.642	99	335	9.85e-32	123
WP_000845048.1	337	k121_46114_3	N/A	45.833	49	168	1.11e-31	120
WP_000845048.1	337	k121_949312_3	N/A	30.249	83	281	1.29e-31	122
WP_000845048.1	337	k121_1593619_2	N/A	27.632	90	304	1.60e-31	124
WP_000845048.1	337	k121_1693063_1	N/A	31.515	97	330	1.84e-31	123
WP_000845048.1	337	k121_1619474_4	N/A	31.804	96	327	1.98e-31	123
WP_000845048.1	337	k121_1278719_2	N/A	36.800	73	250	3.56e-31	120
WP_000845048.1	337	k121_233085_2	N/A	32.390	93	318	3.81e-31	122
WP_000845048.1	337	k121_912604_2	N/A	29.641	98	334	5.32e-31	122
WP_000845048.1	337	k121_488055_3	N/A	32.082	87	293	6.57e-31	121
WP_000845048.1	337	k121_1134417_1	N/A	29.321	94	324	6.97e-31	121
WP_000845048.1	337	k121_58618_1	N/A	33.642	95	324	7.40e-31	121
WP_000845048.1	337	k121_1288824_1	N/A	31.522	81	276	1.16e-30	119
WP_000845048.1	337	k121_1361468_5	N/A	29.043	90	303	1.32e-30	122
WP_000845048.1	337	k121_1392517_1	N/A	31.716	79	268	1.84e-30	123
WP_000845048.1	337	k121_1202656_1	N/A	53.922	30	102	4.52e-30	113
WP_000845048.1	337	k121_1646852_2	N/A	33.442	89	308	4.55e-30	119
WP_000845048.1	337	k121_1618968_2	N/A	27.778	90	306	5.75e-30	119
WP_000845048.1	337	k121_626443_2	N/A	32.733	97	333	9.06e-30	118
WP_000845048.1	337	k121_1309161_1	N/A	30.108	82	279	9.28e-30	121
WP_000845048.1	337	k121_731438_1	N/A	34.071	65	226	1.30e-29	118
WP_000845048.1	337	k121_1538088_2	N/A	33.033	97	333	2.37e-29	117
WP_000845048.1	337	k121_1695387_1	N/A	28.840	93	319	2.62e-29	117
WP_000845048.1	337	k121_73023_1	N/A	30.943	78	265	2.87e-29	115
WP_000845048.1	337	k121_1024284_2	N/A	36.818	65	220	3.26e-29	114
WP_000845048.1	337	k121_973578_5	N/A	31.420	97	331	4.09e-29	117
WP_000845048.1	337	k121_1151074_2	N/A	32.121	97	330	7.34e-29	116
WP_000845048.1	337	k121_235520_2	N/A	33.134	99	335	1.08e-28	115
WP_000845048.1	337	k121_1513964_1	N/A	29.467	94	319	1.14e-28	117
WP_000845048.1	337	k121_3089_2	N/A	30.935	81	278	1.76e-28	115
WP_000845048.1	337	k121_1428112_1	N/A	31.611	96	329	1.87e-28	115
WP_000845048.1	337	k121_1039134_3	N/A	29.969	96	327	2.08e-28	117
WP_000845048.1	337	k121_1177916_2	N/A	57.609	27	92	2.25e-28	110
WP_000845048.1	337	k121_1079455_1	N/A	30.094	94	319	2.71e-28	114
WP_000845048.1	337	k121_1483630_3	N/A	45.378	35	119	2.84e-28	110
WP_000845048.1	337	k121_1078923_2	N/A	29.710	82	276	3.01e-28	113
WP_000845048.1	337	k121_101667_3	N/A	29.653	93	317	3.42e-28	116
WP_000845048.1	337	k121_1235778_4	N/A	27.445	93	317	4.40e-28	114
WP_000845048.1	337	k121_1648568_2	N/A	29.739	89	306	5.13e-28	113
WP_000845048.1	337	k121_1545452_1	N/A	30.435	88	299	1.09e-27	112
WP_000845048.1	337	k121_1645976_1	N/A	30.000	85	290	1.62e-27	112
WP_000845048.1	337	k121_112947_5	N/A	25.240	91	313	1.80e-27	112
WP_000845048.1	337	k121_637518_1	N/A	33.574	82	277	2.15e-27	111
WP_000845048.1	337	k121_1257366_1	N/A	27.273	93	319	2.84e-27	112
WP_000845048.1	337	k121_307818_2	N/A	31.761	93	318	2.95e-27	111
WP_000845048.1	337	k121_858510_2	N/A	65.333	22	75	6.59e-27	104
WP_000845048.1	337	k121_56089_1	N/A	30.038	78	263	8.04e-27	112
WP_000845048.1	337	k121_867104_2	N/A	37.004	67	227	8.05e-27	108
WP_000845048.1	337	k121_1688748_1	N/A	30.035	82	283	1.53e-26	109
WP_000845048.1	337	k121_1364392_5	N/A	36.607	66	224	1.84e-26	108
WP_000845048.1	337	k121_583501_1	N/A	35.060	72	251	5.67e-26	107
WP_000845048.1	337	k121_454548_9	N/A	64.634	23	82	5.99e-26	102
WP_000845048.1	337	k121_1546415_6	N/A	32.333	85	300	6.54e-26	108
WP_000845048.1	337	k121_1429655_3	N/A	31.441	67	229	1.30e-25	104
WP_000845048.1	337	k121_1225277_2	N/A	28.660	95	321	1.70e-25	108
WP_000845048.1	337	k121_1675107_1	N/A	30.464	89	302	2.58e-25	106
WP_000845048.1	337	k121_508861_2	N/A	48.544	28	103	3.59e-25	102
WP_000845048.1	337	k121_630888_2	N/A	28.421	82	285	3.97e-25	105
WP_000845048.1	337	k121_421229_3	N/A	30.038	77	263	4.06e-25	104
WP_000845048.1	337	k121_1612054_2	N/A	36.199	65	221	5.62e-25	105
WP_000845048.1	337	k121_203497_4	N/A	33.088	77	272	7.13e-25	105
WP_000845048.1	337	k121_1553964_5	N/A	32.738	93	336	9.21e-25	105
WP_000845048.1	337	k121_1020621_2	N/A	29.293	82	297	9.41e-25	105
WP_000845048.1	337	k121_1607430_2	N/A	33.086	76	269	1.35e-24	104
WP_000845048.1	337	k121_1327873_3	N/A	34.123	61	211	1.90e-24	101
WP_000845048.1	337	k121_993708_6	N/A	34.247	62	219	2.68e-24	104
WP_000845048.1	337	k121_848600_10	N/A	38.073	63	218	3.55e-24	103
WP_000845048.1	337	k121_1305804_4	N/A	31.878	67	229	4.72e-24	103
WP_000845048.1	337	k121_1676210_1	N/A	54.348	27	92	5.25e-24	98.2
WP_000845048.1	337	k121_46614_6	N/A	48.936	28	94	6.16e-24	97.4
WP_000845048.1	337	k121_1312697_2	N/A	30.282	82	284	6.76e-24	102
WP_000845048.1	337	k121_708344_17	N/A	38.073	63	218	6.78e-24	103
WP_000845048.1	337	k121_264257_1	N/A	35.455	65	220	7.25e-24	101
WP_000845048.1	337	k121_98965_3	N/A	38.587	55	184	7.29e-24	99.8
WP_000845048.1	337	k121_1228661_2	N/A	31.159	80	276	8.63e-24	101
WP_000845048.1	337	k121_1656260_5	N/A	28.428	84	299	9.76e-24	102
WP_000845048.1	337	k121_66690_1	N/A	36.910	68	233	1.03e-23	100
WP_000845048.1	337	k121_1411193_4	N/A	26.421	85	299	1.03e-23	102
WP_000845048.1	337	k121_475017_3	N/A	32.124	57	193	1.66e-23	97.8
WP_000845048.1	337	k121_1051958_1	N/A	29.747	90	316	1.74e-23	102
WP_000845048.1	337	k121_1568215_26	N/A	34.510	72	255	2.19e-23	101
WP_000845048.1	337	k121_1596686_3	N/A	31.935	85	310	3.63e-23	100
WP_000845048.1	337	k121_576431_6	N/A	31.438	85	299	4.36e-23	100
WP_000845048.1	337	k121_162680_4	N/A	35.377	61	212	6.89e-23	100
WP_000845048.1	337	k121_583800_3	N/A	31.707	59	205	9.00e-23	99.8
WP_000845048.1	337	k121_226549_2	N/A	26.756	85	299	1.18e-22	99.8
WP_000845048.1	337	k121_1113025_3	N/A	32.975	82	279	1.45e-22	100
WP_000845048.1	337	k121_269237_18	N/A	35.612	78	278	1.91e-22	99.0
WP_000845048.1	337	k121_43434_6	N/A	28.571	84	301	2.03e-22	99.0
WP_000845048.1	337	k121_904274_3	N/A	26.786	80	280	3.33e-22	98.2
WP_000845048.1	337	k121_1062189_4	N/A	32.911	88	316	3.94e-22	98.2
WP_000845048.1	337	k121_1631436_3	N/A	29.429	93	333	5.45e-22	97.8
WP_000845048.1	337	k121_911249_4	N/A	34.101	62	217	5.49e-22	95.1
WP_000845048.1	337	k121_328058_1	N/A	32.707	75	266	9.44e-22	97.1
WP_000845048.1	337	k121_1175628_5	N/A	30.000	84	300	1.04e-21	97.1
WP_000845048.1	337	k121_350911_8	N/A	34.112	62	214	1.16e-21	96.7
WP_000845048.1	337	k121_912919_2	N/A	43.269	31	104	1.20e-21	92.8
WP_000845048.1	337	k121_1012679_1	N/A	54.878	24	82	1.26e-21	91.7
WP_000845048.1	337	k121_1164668_4	N/A	30.976	84	297	1.37e-21	96.7
WP_000845048.1	337	k121_119380_9	N/A	29.085	85	306	1.41e-21	97.4
WP_000845048.1	337	k121_833081_1	N/A	30.503	86	318	2.68e-21	96.3
WP_000845048.1	337	k121_598876_3	N/A	31.111	88	315	2.88e-21	95.5
WP_000845048.1	337	k121_464720_2	N/A	46.000	30	100	3.15e-21	92.0
WP_000845048.1	337	k121_691892_1	N/A	33.511	55	188	3.34e-21	92.4
WP_000845048.1	337	k121_814086_4	N/A	30.450	81	289	3.78e-21	95.5
WP_000845048.1	337	k121_189763_12	N/A	28.391	88	317	3.78e-21	95.5
WP_000845048.1	337	k121_1168044_3	N/A	29.474	81	285	5.16e-21	95.1
WP_000845048.1	337	k121_532671_34	N/A	27.703	83	296	8.56e-21	94.4
WP_000845048.1	337	k121_1649115_2	N/A	30.682	76	264	9.40e-21	94.4
WP_000845048.1	337	k121_180657_1	N/A	26.838	78	272	1.10e-20	94.0
WP_000845048.1	337	k121_22801_2	N/A	27.302	88	315	1.91e-20	93.2
WP_000845048.1	337	k121_778738_4	N/A	27.668	74	253	2.04e-20	91.7
WP_000845048.1	337	k121_13675_43	N/A	30.556	81	288	2.15e-20	93.2
WP_000845048.1	337	k121_1573921_7	N/A	28.526	86	312	2.21e-20	93.2
WP_000845048.1	337	k121_1407832_2	N/A	28.617	87	311	2.43e-20	94.4
WP_000845048.1	337	k121_224945_16	N/A	25.418	85	299	2.62e-20	93.2
WP_000845048.1	337	k121_54039_26	N/A	30.159	85	315	3.59e-20	92.8
WP_000845048.1	337	k121_405382_1	N/A	33.775	45	151	3.86e-20	93.2
WP_000845048.1	337	k121_104658_2	N/A	28.235	72	255	4.99e-20	92.0
WP_000845048.1	337	k121_463586_16	N/A	31.104	84	299	5.11e-20	92.0
WP_000845048.1	337	k121_750621_6	N/A	33.632	62	223	5.52e-20	92.4
WP_000845048.1	337	k121_591936_6	N/A	33.962	61	212	6.29e-20	92.0
WP_000845048.1	337	k121_1182205_2	N/A	34.081	64	223	6.54e-20	92.0
WP_000845048.1	337	k121_728477_2	N/A	29.323	76	266	7.29e-20	91.3
WP_000845048.1	337	k121_458780_3	N/A	33.333	62	216	1.00e-19	91.3
WP_000845048.1	337	k121_273585_15	N/A	27.575	83	301	1.16e-19	91.3
WP_000845048.1	337	k121_9466_21	N/A	32.056	81	287	1.17e-19	91.3
WP_000845048.1	337	k121_1655213_29	N/A	30.496	79	282	1.36e-19	91.3
WP_000845048.1	337	k121_1655213_4	N/A	30.496	79	282	1.36e-19	91.3
WP_000845048.1	337	k121_1549095_7	N/A	29.123	78	285	2.07e-19	90.5
WP_000845048.1	337	k121_672184_17	N/A	30.662	78	287	2.59e-19	90.1
WP_000845048.1	337	k121_1685506_2	N/A	27.206	78	272	2.66e-19	90.1
WP_000845048.1	337	k121_972755_2	N/A	31.295	82	278	2.94e-19	89.4
WP_000845048.1	337	k121_213482_3	N/A	28.309	78	272	3.55e-19	89.7
WP_000845048.1	337	k121_1144196_2	N/A	30.968	85	310	3.68e-19	90.1
WP_000845048.1	337	k121_1230523_2	N/A	31.210	83	314	3.86e-19	89.7
WP_000845048.1	337	k121_1577530_16	N/A	30.877	79	285	4.38e-19	89.7
WP_000845048.1	337	k121_783297_4	N/A	30.719	85	306	4.59e-19	90.1
WP_000845048.1	337	k121_831982_8	N/A	25.786	90	318	4.82e-19	89.4
WP_000845048.1	337	k121_896320_13	N/A	34.545	62	220	6.70e-19	89.4
WP_000845048.1	337	k121_844370_2	N/A	34.783	55	184	7.37e-19	89.0
WP_000845048.1	337	k121_79645_2	N/A	31.004	64	229	7.51e-19	87.4
WP_000845048.1	337	k121_973100_1	N/A	26.939	69	245	1.14e-18	87.0
WP_000845048.1	337	k121_446416_1	N/A	32.491	79	277	1.26e-18	87.8
WP_000845048.1	337	k121_1249974_1	N/A	33.333	63	219	1.34e-18	88.2
WP_000845048.1	337	k121_1120633_1	N/A	33.333	63	216	1.39e-18	86.7
WP_000845048.1	337	k121_1665667_2	N/A	28.912	84	294	1.75e-18	87.8
WP_000845048.1	337	k121_1089591_3	N/A	28.736	74	261	1.83e-18	87.8
WP_000845048.1	337	k121_359365_2	N/A	30.000	53	180	2.13e-18	85.5
WP_000845048.1	337	k121_1559992_2	N/A	36.910	66	233	2.64e-18	87.4
WP_000845048.1	337	k121_1326455_63	N/A	26.596	81	282	2.89e-18	87.4
WP_000845048.1	337	k121_486317_15	N/A	31.818	78	286	3.13e-18	87.4
WP_000845048.1	337	k121_319047_29	N/A	34.529	62	223	3.25e-18	87.4
WP_000845048.1	337	k121_669731_3	N/A	49.425	26	87	3.43e-18	81.6
WP_000845048.1	337	k121_333122_2	N/A	23.529	90	306	3.62e-18	86.7
WP_000845048.1	337	k121_1297533_1	N/A	33.582	79	268	3.99e-18	85.9
WP_000845048.1	337	k121_262684_3	N/A	29.139	85	302	4.42e-18	86.7
WP_000845048.1	337	k121_1233707_3	N/A	30.233	62	215	6.17e-18	84.7
WP_000845048.1	337	k121_50883_1	N/A	33.155	55	187	7.00e-18	85.1
WP_000845048.1	337	k121_1711729_1	N/A	28.992	67	238	7.75e-18	84.3
WP_000845048.1	337	k121_768322_2	N/A	30.935	80	278	8.22e-18	86.3
WP_000845048.1	337	k121_1453561_1	N/A	31.696	62	224	8.34e-18	84.3
WP_000845048.1	337	k121_694414_5	N/A	30.088	63	226	8.51e-18	85.9
WP_000845048.1	337	k121_1086997_2	N/A	33.854	55	192	9.32e-18	82.4
WP_000845048.1	337	k121_463751_2	N/A	30.734	63	218	9.78e-18	84.0
WP_000845048.1	337	k121_1334367_2	N/A	32.353	77	272	9.82e-18	85.9
WP_000845048.1	337	k121_1168487_3	N/A	29.197	78	274	1.03e-17	85.9
WP_000845048.1	337	k121_1432406_1	N/A	31.148	54	183	1.04e-17	82.4
WP_000845048.1	337	k121_1507694_2	N/A	31.488	80	289	1.07e-17	85.9
WP_000845048.1	337	k121_226587_1	N/A	27.982	63	218	1.13e-17	84.0
WP_000845048.1	337	k121_603435_5	N/A	31.308	61	214	1.44e-17	83.2
WP_000845048.1	337	k121_1119853_2	N/A	33.333	61	210	1.45e-17	85.5
WP_000845048.1	337	k121_5628_50	N/A	28.571	64	224	1.51e-17	85.1
WP_000845048.1	337	k121_1360552_2	N/A	25.784	82	287	1.51e-17	85.1
WP_000845048.1	337	k121_1438482_1	N/A	28.837	62	215	1.55e-17	83.2
WP_000845048.1	337	k121_1107323_7	N/A	31.925	61	213	1.66e-17	85.5
WP_000845048.1	337	k121_390937_2	N/A	31.050	64	219	1.67e-17	85.1
WP_000845048.1	337	k121_1543908_4	N/A	30.258	77	271	1.73e-17	85.1
WP_000845048.1	337	k121_427382_4	N/A	50.667	22	75	2.05e-17	79.3
WP_000845048.1	337	k121_934079_3	N/A	32.683	59	205	2.20e-17	85.1
WP_000845048.1	337	k121_1208958_1	N/A	32.778	53	180	2.66e-17	81.6
WP_000845048.1	337	k121_1545151_2	N/A	32.042	79	284	2.72e-17	84.7
WP_000845048.1	337	k121_1347820_6	N/A	31.308	62	214	2.76e-17	84.3
WP_000845048.1	337	k121_914758_30	N/A	27.957	80	279	2.94e-17	84.3
WP_000845048.1	337	k121_453457_2	N/A	32.075	61	212	3.40e-17	84.0
WP_000845048.1	337	k121_747156_3	N/A	38.208	61	212	3.60e-17	84.0
WP_000845048.1	337	k121_1361432_2	N/A	26.374	77	273	4.61e-17	84.0
WP_000845048.1	337	k121_107213_40	N/A	25.316	88	316	5.20e-17	83.6
WP_000845048.1	337	k121_1637215_39	N/A	29.904	86	311	5.70e-17	83.6
WP_000845048.1	337	k121_1637215_12	N/A	29.904	86	311	5.70e-17	83.6
WP_000845048.1	337	k121_669113_3	N/A	32.599	64	227	7.16e-17	83.6
WP_000845048.1	337	k121_1578924_3	N/A	28.155	90	309	7.34e-17	82.8
WP_000845048.1	337	k121_1259745_16	N/A	37.430	53	179	7.39e-17	83.6
WP_000845048.1	337	k121_1125532_19	N/A	29.180	85	305	9.65e-17	82.8
WP_000845048.1	337	k121_1345073_14	N/A	29.276	85	304	1.08e-16	82.8
WP_000845048.1	337	k121_865487_2	N/A	28.425	83	292	1.24e-16	83.2
WP_000845048.1	337	k121_1703888_18	N/A	30.303	84	297	1.28e-16	82.4
WP_000845048.1	337	k121_154690_1	N/A	29.210	85	291	1.38e-16	81.6
WP_000845048.1	337	k121_959507_1	N/A	27.219	50	169	1.52e-16	83.6
WP_000845048.1	337	k121_1042102_3	N/A	58.209	20	67	1.68e-16	77.0
WP_000845048.1	337	k121_1321550_3	N/A	24.422	85	303	1.76e-16	82.0
WP_000845048.1	337	k121_1135903_28	N/A	30.952	61	210	1.76e-16	82.4
WP_000845048.1	337	k121_1159088_1	N/A	28.146	88	302	1.77e-16	81.6
WP_000845048.1	337	k121_1309493_3	N/A	30.516	62	213	1.83e-16	82.0
WP_000845048.1	337	k121_1540374_5	N/A	30.882	76	272	1.83e-16	82.4
WP_000845048.1	337	k121_1095061_5	N/A	27.744	93	328	2.02e-16	82.0
WP_000845048.1	337	k121_422086_14	N/A	35.165	54	182	2.02e-16	82.0
WP_000845048.1	337	k121_899943_4	N/A	34.831	53	178	2.24e-16	79.7
WP_000845048.1	337	k121_1681405_2	N/A	30.903	81	288	2.85e-16	81.6
WP_000845048.1	337	k121_704574_22	N/A	27.541	85	305	2.90e-16	81.6
WP_000845048.1	337	k121_310595_1	N/A	30.116	73	259	3.14e-16	80.5
WP_000845048.1	337	k121_431099_14	N/A	26.190	85	294	4.44e-16	81.3
WP_000845048.1	337	k121_943888_3	N/A	34.101	60	217	4.46e-16	79.0
WP_000845048.1	337	k121_1243787_46	N/A	27.273	86	319	5.35e-16	80.9
WP_000845048.1	337	k121_1165475_4	N/A	30.698	62	215	5.60e-16	80.9
WP_000845048.1	337	k121_1027382_3	N/A	35.664	41	143	5.91e-16	77.4
WP_000845048.1	337	k121_769277_1	N/A	33.516	54	182	6.84e-16	77.8
WP_000845048.1	337	k121_1582803_1	N/A	49.367	23	79	7.84e-16	76.3
WP_000845048.1	337	k121_1723149_4	N/A	29.213	76	267	8.73e-16	80.5
WP_000845048.1	337	k121_675285_4	N/A	29.617	79	287	8.86e-16	80.1
WP_000845048.1	337	k121_1494106_3	N/A	30.303	65	231	8.88e-16	80.1
WP_000845048.1	337	k121_151220_3	N/A	25.940	74	266	9.78e-16	79.3
WP_000845048.1	337	k121_1539564_16	N/A	36.667	53	180	9.81e-16	79.7
WP_000845048.1	337	k121_343528_11	N/A	31.419	81	296	1.03e-15	80.1
WP_000845048.1	337	k121_1674042_2	N/A	26.937	78	271	1.15e-15	79.7
WP_000845048.1	337	k121_187710_2	N/A	30.851	55	188	1.16e-15	79.3
WP_000845048.1	337	k121_705453_17	N/A	32.660	84	297	1.18e-15	80.1
WP_000845048.1	337	k121_772117_1	N/A	32.203	53	177	1.77e-15	78.6
WP_000845048.1	337	k121_703591_3	N/A	56.716	20	67	2.06e-15	75.5
WP_000845048.1	337	k121_747678_2	N/A	28.448	64	232	2.17e-15	79.7
WP_000845048.1	337	k121_1689662_4	N/A	26.599	85	297	2.45e-15	79.0
WP_000845048.1	337	k121_1534270_21	N/A	29.412	62	221	2.46e-15	79.3
WP_000845048.1	337	k121_937024_2	N/A	49.367	23	79	2.50e-15	75.1
WP_000845048.1	337	k121_188313_2	N/A	25.424	83	295	2.56e-15	79.0
WP_000845048.1	337	k121_657473_2	N/A	30.455	63	220	2.77e-15	78.6
WP_000845048.1	337	k121_406666_3	N/A	27.841	52	176	2.83e-15	78.6
WP_000845048.1	337	k121_1354621_6	N/A	28.378	64	222	2.97e-15	78.6
WP_000845048.1	337	k121_124460_7	N/A	26.449	79	276	3.21e-15	78.6
WP_000845048.1	337	k121_1690591_1	N/A	47.887	21	71	3.36e-15	73.2
WP_000845048.1	337	k121_1650550_6	N/A	29.373	84	303	3.61e-15	78.6
WP_000845048.1	337	k121_1586664_2	N/A	32.418	54	182	3.91e-15	76.3
WP_000845048.1	337	k121_867433_5	N/A	28.807	69	243	4.57e-15	78.2
WP_000845048.1	337	k121_988464_2	N/A	28.837	62	215	5.39e-15	78.2
WP_000845048.1	337	k121_1126765_5	N/A	31.159	77	276	5.67e-15	78.2
WP_000845048.1	337	k121_1354348_3	N/A	25.497	85	302	5.99e-15	77.8
WP_000845048.1	337	k121_233721_10	N/A	28.571	86	308	6.27e-15	77.8
WP_000845048.1	337	k121_90413_15	N/A	28.990	84	307	7.45e-15	77.4
WP_000845048.1	337	k121_634286_17	N/A	32.456	64	228	8.73e-15	77.4
WP_000845048.1	337	k121_1473327_3	N/A	28.017	63	232	1.09e-14	77.8
WP_000845048.1	337	k121_189809_2	N/A	24.749	85	299	1.35e-14	76.6
WP_000845048.1	337	k121_1088731_5	N/A	28.044	77	271	1.37e-14	77.0
WP_000845048.1	337	k121_1384945_35	N/A	31.718	67	227	1.65e-14	76.6
WP_000845048.1	337	k121_674352_2	N/A	31.982	63	222	1.88e-14	76.6
WP_000845048.1	337	k121_1467332_3	N/A	26.667	85	300	1.90e-14	76.3
WP_000845048.1	337	k121_54306_2	N/A	33.918	51	171	1.95e-14	73.2
WP_000845048.1	337	k121_1717643_6	N/A	27.835	82	291	2.08e-14	76.3
WP_000845048.1	337	k121_1096267_1	N/A	29.302	62	215	2.12e-14	75.9
WP_000845048.1	337	k121_1282038_4	N/A	24.522	86	314	2.85e-14	75.9
WP_000845048.1	337	k121_1550192_1	N/A	29.276	84	304	2.90e-14	76.3
WP_000845048.1	337	k121_692642_13	N/A	28.667	84	300	2.98e-14	76.3
WP_000845048.1	337	k121_348579_1	N/A	35.838	51	173	3.13e-14	72.8
WP_000845048.1	337	k121_489861_3	N/A	42.000	29	100	3.20e-14	71.6
WP_000845048.1	337	k121_91326_1	N/A	31.818	74	264	3.21e-14	76.3
WP_000845048.1	337	k121_642064_8	N/A	30.531	63	226	3.22e-14	75.9
WP_000845048.1	337	k121_381042_2	N/A	29.204	89	339	3.24e-14	76.3
WP_000845048.1	337	k121_320052_3	N/A	29.801	84	302	4.34e-14	75.5
WP_000845048.1	337	k121_950263_1	N/A	27.168	51	173	4.47e-14	72.0
WP_000845048.1	337	k121_393720_1	N/A	29.927	77	274	4.85e-14	75.5
WP_000845048.1	337	k121_654464_10	N/A	29.139	84	302	5.20e-14	75.1
WP_000845048.1	337	k121_125576_1	N/A	28.839	75	267	5.45e-14	74.7
WP_000845048.1	337	k121_698534_1	N/A	29.091	77	275	5.85e-14	74.3
WP_000845048.1	337	k121_465272_5	N/A	28.261	77	276	6.50e-14	75.1
WP_000845048.1	337	k121_1342636_3	N/A	26.032	88	315	7.51e-14	74.7
WP_000845048.1	337	k121_1256663_3	N/A	32.192	43	146	8.45e-14	70.5
WP_000845048.1	337	k121_159043_1	N/A	27.097	85	310	8.52e-14	74.7
WP_000845048.1	337	k121_1604549_4	N/A	28.000	65	225	9.94e-14	72.8
WP_000845048.1	337	k121_674852_3	N/A	28.000	65	225	9.94e-14	72.8
WP_000845048.1	337	k121_373627_5	N/A	28.571	85	308	1.21e-13	74.3
WP_000845048.1	337	k121_706401_4	N/A	50.000	20	68	1.22e-13	69.3
WP_000845048.1	337	k121_1129632_1	N/A	28.283	59	198	1.26e-13	73.9
WP_000845048.1	337	k121_484438_10	N/A	27.445	87	317	1.51e-13	73.6
WP_000845048.1	337	k121_1009298_2	N/A	28.947	63	228	1.81e-13	73.9
WP_000845048.1	337	k121_115382_3	N/A	29.258	63	229	2.67e-13	73.2
WP_000845048.1	337	k121_1428169_19	N/A	32.877	62	219	2.97e-13	72.8
WP_000845048.1	337	k121_515844_3	N/A	29.450	82	309	3.23e-13	72.8
WP_000845048.1	337	k121_1302339_2	N/A	22.535	82	284	3.28e-13	72.4
WP_000845048.1	337	k121_336800_1	N/A	28.044	75	271	4.00e-13	72.0
WP_000845048.1	337	k121_527081_1	N/A	25.806	80	279	4.33e-13	72.4
WP_000845048.1	337	k121_18763_2	N/A	25.879	85	313	4.68e-13	72.4
WP_000845048.1	337	k121_57051_6	N/A	26.523	80	279	5.40e-13	72.0
WP_000845048.1	337	k121_666704_6	N/A	25.484	85	310	6.15e-13	72.0
WP_000845048.1	337	k121_980800_2	N/A	29.181	77	281	6.85e-13	72.0
WP_000845048.1	337	k121_1689362_4	N/A	28.808	84	302	7.90e-13	71.6
WP_000845048.1	337	k121_1067307_1	N/A	28.962	54	183	9.13e-13	69.7
WP_000845048.1	337	k121_1664360_5	N/A	29.126	86	309	9.19e-13	71.6
WP_000845048.1	337	k121_1018798_2	N/A	27.132	73	258	9.72e-13	71.2
WP_000845048.1	337	k121_912020_1	N/A	27.426	68	237	9.98e-13	70.5
WP_000845048.1	337	k121_600827_1	N/A	32.222	53	180	1.08e-12	69.7
WP_000845048.1	337	k121_1250209_1	N/A	43.038	23	79	1.10e-12	67.0
WP_000845048.1	337	k121_200565_7	N/A	29.108	58	213	1.20e-12	69.7
WP_000845048.1	337	k121_674715_2	N/A	30.216	75	278	1.21e-12	71.2
WP_000845048.1	337	k121_229732_2	N/A	30.332	60	211	1.93e-12	70.9
WP_000845048.1	337	k121_290504_1	N/A	32.584	53	178	2.11e-12	68.6
WP_000845048.1	337	k121_1139544_2	N/A	29.864	63	221	2.13e-12	70.5
WP_000845048.1	337	k121_940105_2	N/A	28.467	76	274	2.80e-12	70.5
WP_000845048.1	337	k121_1563045_2	N/A	25.463	62	216	2.94e-12	68.6
WP_000845048.1	337	k121_1494479_2	N/A	30.000	77	280	3.00e-12	70.1
WP_000845048.1	337	k121_1449208_1	N/A	29.614	63	233	3.13e-12	70.1
WP_000845048.1	337	k121_1569452_1	N/A	50.746	20	67	3.24e-12	66.2
WP_000845048.1	337	k121_703101_1	N/A	27.108	89	332	3.31e-12	70.1
WP_000845048.1	337	k121_1009338_6	N/A	30.631	63	222	3.38e-12	69.3
WP_000845048.1	337	k121_1455264_4	N/A	28.146	84	302	4.08e-12	69.7
WP_000845048.1	337	k121_1094893_17	N/A	29.151	76	271	4.32e-12	69.3
WP_000845048.1	337	k121_1088917_1	N/A	30.168	53	179	4.48e-12	67.8
WP_000845048.1	337	k121_1529974_10	N/A	28.169	61	213	5.40e-12	69.3
WP_000845048.1	337	k121_1341253_2	N/A	26.766	75	269	5.49e-12	68.9
WP_000845048.1	337	k121_400330_21	N/A	33.149	52	181	6.45e-12	69.3
WP_000845048.1	337	k121_1101805_2	N/A	30.180	62	222	6.76e-12	68.9
WP_000845048.1	337	k121_1302729_20	N/A	31.193	63	218	6.81e-12	68.9
WP_000845048.1	337	k121_526115_1	N/A	47.368	21	76	6.95e-12	69.3
WP_000845048.1	337	k121_542915_1	N/A	26.948	85	308	9.50e-12	68.6
WP_000845048.1	337	k121_268121_1	N/A	32.584	53	178	9.91e-12	67.4
WP_000845048.1	337	k121_1570166_1	N/A	52.113	21	71	1.19e-11	64.7
WP_000845048.1	337	k121_1431485_1	N/A	33.702	53	181	1.22e-11	66.2
WP_000845048.1	337	k121_733339_2	N/A	26.690	78	281	1.24e-11	68.2
WP_000845048.1	337	k121_1098264_2	N/A	29.148	64	223	1.35e-11	67.8
WP_000845048.1	337	k121_303555_1	N/A	27.014	61	211	1.51e-11	68.2
WP_000845048.1	337	k121_1352623_1	N/A	42.391	27	92	1.56e-11	64.7
WP_000845048.1	337	k121_415565_1	N/A	23.701	87	308	1.63e-11	67.4
WP_000845048.1	337	k121_576237_16	N/A	29.630	66	243	1.68e-11	68.6
WP_000845048.1	337	k121_421004_23	N/A	23.548	88	310	1.78e-11	67.4
WP_000845048.1	337	k121_574588_3	N/A	33.333	53	177	1.81e-11	67.4
WP_000845048.1	337	k121_641994_2	N/A	30.317	62	221	1.86e-11	68.2
WP_000845048.1	337	k121_828363_2	N/A	27.306	77	271	1.98e-11	67.8
WP_000845048.1	337	k121_1111739_12	N/A	33.898	53	177	2.11e-11	67.4
WP_000845048.1	337	k121_662514_1	N/A	32.203	53	177	2.30e-11	65.1
WP_000845048.1	337	k121_101645_2	N/A	28.704	62	216	2.78e-11	67.4
WP_000845048.1	337	k121_1495690_1	N/A	47.143	20	70	2.97e-11	63.2
WP_000845048.1	337	k121_376580_1	N/A	24.731	80	279	3.09e-11	67.0
WP_000845048.1	337	k121_139306_1	N/A	45.570	23	79	3.24e-11	63.5
WP_000845048.1	337	k121_1514688_1	N/A	45.570	23	79	3.27e-11	63.2
WP_000845048.1	337	k121_1031911_1	N/A	28.571	77	280	3.58e-11	67.0
WP_000845048.1	337	k121_683586_1	N/A	29.268	61	205	4.61e-11	66.6
WP_000845048.1	337	k121_920264_2	N/A	31.111	53	180	5.04e-11	66.2
WP_000845048.1	337	k121_1388205_2	N/A	29.520	76	271	5.29e-11	66.6
WP_000845048.1	337	k121_1207755_1	N/A	27.915	77	283	5.69e-11	66.2
WP_000845048.1	337	k121_41014_3	N/A	28.910	61	211	5.92e-11	66.2
WP_000845048.1	337	k121_888686_2	N/A	28.025	46	157	6.01e-11	63.9
WP_000845048.1	337	k121_750189_1	N/A	30.263	85	304	6.50e-11	67.0
WP_000845048.1	337	k121_11560_23	N/A	27.019	91	359	6.59e-11	66.2
WP_000845048.1	337	k121_57445_6	N/A	30.332	62	211	8.21e-11	66.2
WP_000845048.1	337	k121_606573_2	N/A	28.947	64	228	8.32e-11	64.3
WP_000845048.1	337	k121_424223_5	N/A	30.216	76	278	8.43e-11	65.9
WP_000845048.1	337	k121_1603414_5	N/A	26.383	63	235	8.52e-11	65.9
WP_000845048.1	337	k121_455382_44	N/A	33.180	62	217	1.05e-10	65.5
WP_000845048.1	337	k121_1100315_1	N/A	28.814	66	236	1.10e-10	65.9
WP_000845048.1	337	k121_973997_1	N/A	27.758	77	281	1.26e-10	65.5
WP_000845048.1	337	k121_438535_7	N/A	29.384	62	211	1.35e-10	65.5
WP_000845048.1	337	k121_99060_2	N/A	33.136	50	169	1.38e-10	62.4
WP_000845048.1	337	k121_506898_5	N/A	29.075	64	227	1.46e-10	65.5
WP_000845048.1	337	k121_154799_1	N/A	29.204	62	226	1.55e-10	64.3
WP_000845048.1	337	k121_522090_3	N/A	30.460	52	174	1.55e-10	65.1
WP_000845048.1	337	k121_4979_4	N/A	44.928	20	69	1.66e-10	65.1
WP_000845048.1	337	k121_1057547_1	N/A	26.882	77	279	1.69e-10	65.1
WP_000845048.1	337	k121_859802_12	N/A	27.723	84	303	1.70e-10	65.1
WP_000845048.1	337	k121_330810_3	N/A	27.962	62	211	1.93e-10	65.1
WP_000845048.1	337	k121_159597_1	N/A	22.535	61	213	2.14e-10	63.2
WP_000845048.1	337	k121_1116270_4	N/A	27.458	81	295	2.29e-10	64.7
WP_000845048.1	337	k121_859802_10	N/A	27.972	81	286	2.69e-10	64.7
WP_000845048.1	337	k121_896078_6	N/A	25.309	90	324	2.90e-10	64.3
WP_000845048.1	337	k121_644881_2	N/A	26.383	62	235	3.19e-10	63.9
WP_000845048.1	337	k121_836906_3	N/A	31.250	47	160	3.30e-10	63.2
WP_000845048.1	337	k121_354631_2	N/A	29.302	62	215	3.60e-10	63.9
WP_000845048.1	337	k121_1688511_1	N/A	26.117	82	291	3.67e-10	64.3
WP_000845048.1	337	k121_1146862_2	N/A	29.213	75	267	3.68e-10	63.9
