SadA_ref|WP_036299419.1|:1-399	399	k121_629967_12	N/A	32.481	97	391	1.80e-60	204
SadA_ref|WP_036299419.1|:1-399	399	k121_693830_12	N/A	32.626	92	377	4.06e-44	160
SadA_ref|WP_036299419.1|:1-399	399	k121_187904_3	N/A	29.444	90	360	2.78e-42	155
SadA_ref|WP_036299419.1|:1-399	399	k121_466001_8	N/A	28.022	90	364	6.25e-42	155
SadA_ref|WP_036299419.1|:1-399	399	k121_1364998_2	N/A	28.150	93	373	4.44e-41	153
SadA_ref|WP_036299419.1|:1-399	399	k121_231305_1	N/A	32.035	58	231	7.45e-41	149
SadA_ref|WP_036299419.1|:1-399	399	k121_938107_4	N/A	26.598	97	391	1.13e-40	152
SadA_ref|WP_036299419.1|:1-399	399	k121_1456223_6	N/A	28.052	96	385	2.23e-39	148
SadA_ref|WP_036299419.1|:1-399	399	k121_142563_1	N/A	31.154	65	260	4.08e-38	145
SadA_ref|WP_036299419.1|:1-399	399	k121_614820_1	N/A	35.821	50	201	4.20e-38	139
SadA_ref|WP_036299419.1|:1-399	399	k121_883847_2	N/A	33.491	53	212	4.84e-38	142
SadA_ref|WP_036299419.1|:1-399	399	k121_256424_1	N/A	32.627	57	236	8.15e-37	138
SadA_ref|WP_036299419.1|:1-399	399	k121_1475754_1	N/A	29.836	76	305	2.39e-36	137
SadA_ref|WP_036299419.1|:1-399	399	k121_1314307_8	N/A	26.431	89	367	1.46e-33	132
SadA_ref|WP_036299419.1|:1-399	399	k121_694110_1	N/A	33.054	60	239	1.43e-32	126
SadA_ref|WP_036299419.1|:1-399	399	k121_135368_6	N/A	27.978	90	361	2.00e-31	126
SadA_ref|WP_036299419.1|:1-399	399	k121_653649_2	N/A	24.607	93	382	2.56e-31	126
SadA_ref|WP_036299419.1|:1-399	399	k121_1391596_1	N/A	26.862	89	376	2.24e-27	115
SadA_ref|WP_036299419.1|:1-399	399	k121_1059038_149	N/A	24.935	95	385	6.14e-27	114
SadA_ref|WP_036299419.1|:1-399	399	k121_622905_22	N/A	28.906	95	384	1.07e-26	113
SadA_ref|WP_036299419.1|:1-399	399	k121_681507_2	N/A	34.409	46	186	1.08e-26	110
SadA_ref|WP_036299419.1|:1-399	399	k121_991532_87	N/A	24.590	92	366	1.85e-26	112
SadA_ref|WP_036299419.1|:1-399	399	k121_663003_3	N/A	24.802	94	379	5.69e-26	111
SadA_ref|WP_036299419.1|:1-399	399	k121_720661_6	N/A	27.151	91	372	2.50e-25	109
SadA_ref|WP_036299419.1|:1-399	399	k121_192964_1	N/A	27.835	72	291	2.63e-25	108
SadA_ref|WP_036299419.1|:1-399	399	k121_507959_6	N/A	26.963	94	382	2.87e-25	109
SadA_ref|WP_036299419.1|:1-399	399	k121_916199_2	N/A	27.041	97	392	7.16e-25	108
SadA_ref|WP_036299419.1|:1-399	399	k121_776862_2	N/A	26.343	95	391	1.64e-24	107
SadA_ref|WP_036299419.1|:1-399	399	k121_1368860_11	N/A	23.467	89	375	4.41e-24	105
SadA_ref|WP_036299419.1|:1-399	399	k121_1334539_15	N/A	27.320	96	388	5.02e-24	105
SadA_ref|WP_036299419.1|:1-399	399	k121_979938_20	N/A	26.243	89	362	2.58e-23	103
SadA_ref|WP_036299419.1|:1-399	399	k121_779488_2	N/A	26.750	95	400	8.12e-23	102
SadA_ref|WP_036299419.1|:1-399	399	k121_244086_6	N/A	26.371	94	383	1.07e-22	102
SadA_ref|WP_036299419.1|:1-399	399	k121_1345337_1	N/A	28.415	45	183	1.30e-22	97.8
SadA_ref|WP_036299419.1|:1-399	399	k121_434092_1	N/A	26.829	89	369	2.52e-22	101
SadA_ref|WP_036299419.1|:1-399	399	k121_72353_12	N/A	24.685	98	397	2.40e-20	95.5
SadA_ref|WP_036299419.1|:1-399	399	k121_1361454_2	N/A	33.884	30	121	1.52e-19	87.4
SadA_ref|WP_036299419.1|:1-399	399	k121_661312_1	N/A	31.538	33	130	5.66e-19	86.3
SadA_ref|WP_036299419.1|:1-399	399	k121_103476_56	N/A	24.745	95	392	6.91e-19	92.4
SadA_ref|WP_036299419.1|:1-399	399	k121_775750_9	N/A	24.932	88	365	2.14e-18	89.7
SadA_ref|WP_036299419.1|:1-399	399	k121_1103939_3	N/A	26.667	83	345	6.57e-18	88.6
SadA_ref|WP_036299419.1|:1-399	399	k121_1270288_2	N/A	25.661	94	378	2.26e-17	86.3
SadA_ref|WP_036299419.1|:1-399	399	k121_318351_1	N/A	33.613	30	119	5.05e-16	77.8
SadA_ref|WP_036299419.1|:1-399	399	k121_811900_3	N/A	25.974	94	385	1.89e-15	80.9
SadA_ref|WP_036299419.1|:1-399	399	k121_1382826_1	N/A	26.316	97	399	9.73e-14	75.9
SadA_ref|WP_036299419.1|:1-399	399	k121_1529702_1	N/A	27.239	63	268	2.48e-11	67.0
SadA_ref|WP_036299419.1|:1-399	399	k121_395613_4	N/A	26.616	64	263	3.60e-11	67.4
SadA_ref|WP_036299419.1|:1-399	399	k121_164498_46	N/A	28.112	61	249	4.14e-11	67.8
SadA_ref|WP_036299419.1|:1-399	399	k121_1079375_1	N/A	26.906	54	223	2.00e-09	61.2
SadA_ref|WP_036299419.1|:1-399	399	k121_401218_1	N/A	23.420	64	269	2.48e-09	62.0
SadA_ref|WP_036299419.1|:1-399	399	k121_1105314_1	N/A	25.377	92	398	5.07e-09	61.2
SadA_ref|WP_036299419.1|:1-399	399	k121_499797_1	N/A	22.404	88	366	4.24e-08	58.5
SadA_ref|WP_036299419.1|:1-399	399	k121_1370840_3	N/A	29.327	51	208	1.15e-07	55.8
SadA_ref|WP_036299419.1|:1-399	399	k121_102603_11	N/A	21.842	87	380	2.87e-07	55.8
SadA_ref|WP_036299419.1|:1-399	399	k121_953324_2	N/A	23.605	56	233	8.60e-07	53.5
SadA_ref|WP_036299419.1|:1-399	399	k121_1035168_1	N/A	24.664	55	223	1.79e-06	52.4
SadA_ref|WP_036299419.1|:1-399	399	k121_277013_5	N/A	26.354	67	277	3.02e-06	52.8
SadA_ref|WP_036299419.1|:1-399	399	k121_1006986_5	N/A	23.729	73	295	3.07e-06	52.8
SadA_ref|WP_036299419.1|:1-399	399	k121_13989_2	N/A	26.404	45	178	3.54e-06	50.4
SadA_ref|WP_036299419.1|:1-399	399	k121_3483_5	N/A	24.257	48	202	3.78e-06	50.8
SadA_ref|WP_036299419.1|:1-399	399	k121_1010541_2	N/A	23.575	89	386	5.42e-06	52.0
SadA_ref|WP_036299419.1|:1-399	399	k121_881528_1	N/A	22.751	87	378	3.62e-05	49.3
SadA_ref|WP_036299419.1|:1-399	399	k121_651895_2	N/A	31.250	24	96	6.94e-05	45.8
SadA_ref|WP_036299419.1|:1-399	399	k121_349602_1	N/A	23.077	60	247	2.63e-04	46.6
SadA_ref|WP_036299419.1|:1-399	399	k121_743199_1	N/A	24.336	56	226	3.36e-04	45.8
SadA_ref|WP_036299419.1|:1-399	399	k121_973023_39	N/A	25.000	46	196	3.96e-04	46.2
SadA_ref|WP_036299419.1|:1-399	399	k121_974967_27	N/A	22.487	87	378	7.26e-04	45.4
SadA_ref|WP_036299419.1|:1-399	399	k121_1179083_2	N/A	21.932	88	383	8.87e-04	45.1
SadA_ref|WP_036299419.1|:1-399	399	k121_949739_2	N/A	23.464	85	358	0.004	42.7
SadA_ref|WP_036299419.1|:1-399	399	k121_1202101_3	N/A	22.174	50	230	0.005	42.7
SadA_ref|WP_036299419.1|:1-399	399	k121_805435_125	N/A	24.561	52	228	0.006	42.4
SadA_ref|WP_036299419.1|:1-399	399	k121_838334_1	N/A	32.558	21	86	0.007	41.6
SadA_ref|WP_036299419.1|:1-399	399	k121_135259_3	N/A	27.184	47	206	0.012	41.6
SadA_ref|WP_036299419.1|:1-399	399	k121_606233_1	N/A	21.076	52	223	0.015	40.8
SadA_ref|WP_036299419.1|:1-399	399	k121_1422391_51	N/A	21.739	50	230	0.016	41.2
SadA_ref|WP_036299419.1|:1-399	399	k121_595217_17	N/A	20.576	54	243	0.018	40.8
SadA_ref|WP_036299419.1|:1-399	399	k121_776932_2	N/A	31.373	24	102	0.022	40.4
SadA_ref|WP_036299419.1|:1-399	399	k121_593961_3	N/A	32.143	21	84	0.025	39.7
SadA_ref|WP_036299419.1|:1-399	399	k121_1042915_2	N/A	29.762	21	84	0.037	40.0
SadA_ref|WP_036299419.1|:1-399	399	k121_605199_2	N/A	21.681	49	226	0.039	39.7
SadA_ref|WP_036299419.1|:1-399	399	k121_1009270_25	N/A	24.535	67	269	0.047	39.7
SadA_ref|WP_036299419.1|:1-399	399	k121_294864_10	N/A	22.563	85	359	0.047	39.7
SadA_ref|WP_036299419.1|:1-399	399	k121_490919_2	N/A	21.399	54	243	0.057	39.3
SadA_ref|WP_036299419.1|:1-399	399	k121_567462_5	N/A	21.944	86	360	0.079	38.9
SadA_ref|WP_036299419.1|:1-399	399	k121_508968_2	N/A	29.762	21	84	0.100	38.5
SadB_ref|WP_100812327.1|:1-423	423	k121_629967_12	N/A	30.809	89	383	1.13e-51	181
SadB_ref|WP_100812327.1|:1-423	423	k121_938107_4	N/A	28.162	97	419	1.73e-47	171
SadB_ref|WP_100812327.1|:1-423	423	k121_614820_1	N/A	37.688	47	199	8.52e-43	152
SadB_ref|WP_100812327.1|:1-423	423	k121_1364998_2	N/A	26.913	88	379	6.72e-40	150
SadB_ref|WP_100812327.1|:1-423	423	k121_693830_12	N/A	28.906	87	384	3.29e-39	148
SadB_ref|WP_100812327.1|:1-423	423	k121_507959_6	N/A	28.173	93	394	2.49e-38	145
SadB_ref|WP_100812327.1|:1-423	423	k121_187904_3	N/A	28.099	85	363	1.88e-37	143
SadB_ref|WP_100812327.1|:1-423	423	k121_1456223_6	N/A	28.378	87	370	2.87e-34	134
SadB_ref|WP_100812327.1|:1-423	423	k121_466001_8	N/A	27.095	82	358	2.92e-34	135
SadB_ref|WP_100812327.1|:1-423	423	k121_142563_1	N/A	26.630	85	368	5.79e-34	134
SadB_ref|WP_100812327.1|:1-423	423	k121_1314307_8	N/A	27.763	85	371	1.43e-33	132
SadB_ref|WP_100812327.1|:1-423	423	k121_231305_1	N/A	28.462	61	260	1.39e-30	122
SadB_ref|WP_100812327.1|:1-423	423	k121_681507_2	N/A	34.946	44	186	5.40e-29	116
SadB_ref|WP_100812327.1|:1-423	423	k121_1334539_15	N/A	28.030	92	396	6.13e-29	120
SadB_ref|WP_100812327.1|:1-423	423	k121_663003_3	N/A	26.963	87	382	9.43e-29	119
SadB_ref|WP_100812327.1|:1-423	423	k121_1368860_11	N/A	27.747	83	364	2.43e-28	118
SadB_ref|WP_100812327.1|:1-423	423	k121_622905_22	N/A	26.302	90	384	2.94e-28	118
SadB_ref|WP_100812327.1|:1-423	423	k121_653649_2	N/A	24.202	87	376	4.25e-28	117
SadB_ref|WP_100812327.1|:1-423	423	k121_72353_12	N/A	26.615	90	387	5.45e-28	117
SadB_ref|WP_100812327.1|:1-423	423	k121_1103939_3	N/A	27.273	90	396	6.47e-28	117
SadB_ref|WP_100812327.1|:1-423	423	k121_991532_87	N/A	24.147	90	381	1.02e-27	116
SadB_ref|WP_100812327.1|:1-423	423	k121_883847_2	N/A	27.431	67	288	1.22e-27	114
SadB_ref|WP_100812327.1|:1-423	423	k121_694110_1	N/A	27.572	57	243	2.42e-27	112
SadB_ref|WP_100812327.1|:1-423	423	k121_1475754_1	N/A	28.571	70	308	3.81e-27	113
SadB_ref|WP_100812327.1|:1-423	423	k121_103476_56	N/A	25.954	90	393	3.98e-27	117
SadB_ref|WP_100812327.1|:1-423	423	k121_916199_2	N/A	26.904	91	394	7.39e-26	111
SadB_ref|WP_100812327.1|:1-423	423	k121_244086_6	N/A	25.765	91	392	8.58e-26	110
SadB_ref|WP_100812327.1|:1-423	423	k121_256424_1	N/A	29.268	48	205	1.94e-25	108
SadB_ref|WP_100812327.1|:1-423	423	k121_135368_6	N/A	26.902	86	368	6.96e-24	105
SadB_ref|WP_100812327.1|:1-423	423	k121_192964_1	N/A	29.252	69	294	2.92e-23	102
SadB_ref|WP_100812327.1|:1-423	423	k121_779488_2	N/A	26.650	90	394	1.67e-22	102
SadB_ref|WP_100812327.1|:1-423	423	k121_776862_2	N/A	25.707	90	389	4.63e-21	97.8
SadB_ref|WP_100812327.1|:1-423	423	k121_1345337_1	N/A	27.957	43	186	4.53e-19	88.2
SadB_ref|WP_100812327.1|:1-423	423	k121_1382826_1	N/A	27.838	84	370	4.65e-19	92.4
SadB_ref|WP_100812327.1|:1-423	423	k121_1361454_2	N/A	32.143	26	112	4.82e-19	86.3
SadB_ref|WP_100812327.1|:1-423	423	k121_395613_4	N/A	28.832	63	274	6.74e-19	90.1
SadB_ref|WP_100812327.1|:1-423	423	k121_164498_46	N/A	29.572	60	257	1.82e-18	90.1
SadB_ref|WP_100812327.1|:1-423	423	k121_720661_6	N/A	27.219	76	338	7.24e-18	88.6
SadB_ref|WP_100812327.1|:1-423	423	k121_775750_9	N/A	25.538	86	372	1.60e-17	87.4
SadB_ref|WP_100812327.1|:1-423	423	k121_3483_5	N/A	30.457	44	197	3.00e-17	83.2
SadB_ref|WP_100812327.1|:1-423	423	k121_1391596_1	N/A	23.592	85	373	1.43e-16	84.7
SadB_ref|WP_100812327.1|:1-423	423	k121_1059038_149	N/A	24.665	83	373	1.65e-16	84.3
SadB_ref|WP_100812327.1|:1-423	423	k121_434092_1	N/A	29.412	47	204	2.91e-16	83.6
SadB_ref|WP_100812327.1|:1-423	423	k121_661312_1	N/A	30.233	30	129	1.33e-15	77.0
SadB_ref|WP_100812327.1|:1-423	423	k121_401218_1	N/A	25.228	74	329	2.49e-15	80.1
SadB_ref|WP_100812327.1|:1-423	423	k121_953324_2	N/A	28.448	52	232	7.78e-15	77.4
SadB_ref|WP_100812327.1|:1-423	423	k121_1115627_1	N/A	26.502	60	283	5.08e-14	77.0
SadB_ref|WP_100812327.1|:1-423	423	k121_979938_20	N/A	27.404	48	208	1.37e-13	75.5
SadB_ref|WP_100812327.1|:1-423	423	k121_881528_1	N/A	25.698	78	358	1.87e-12	72.0
SadB_ref|WP_100812327.1|:1-423	423	k121_811900_3	N/A	27.168	82	346	1.35e-11	69.3
SadB_ref|WP_100812327.1|:1-423	423	k121_1270288_2	N/A	25.195	88	385	3.62e-11	68.2
SadB_ref|WP_100812327.1|:1-423	423	k121_499797_1	N/A	24.403	84	377	5.58e-11	67.4
SadB_ref|WP_100812327.1|:1-423	423	k121_886029_2	N/A	27.551	60	294	1.83e-10	65.9
SadB_ref|WP_100812327.1|:1-423	423	k121_973023_39	N/A	30.460	39	174	4.67e-10	64.7
SadB_ref|WP_100812327.1|:1-423	423	k121_1105314_1	N/A	23.678	88	397	4.74e-10	64.7
SadB_ref|WP_100812327.1|:1-423	423	k121_318351_1	N/A	23.894	26	113	1.09e-09	60.1
SadB_ref|WP_100812327.1|:1-423	423	k121_277013_5	N/A	25.831	89	391	1.54e-09	63.2
SadB_ref|WP_100812327.1|:1-423	423	k121_856812_2	N/A	24.665	80	373	3.65e-09	62.0
SadB_ref|WP_100812327.1|:1-423	423	k121_1179083_2	N/A	26.034	86	411	5.65e-08	58.2
SadB_ref|WP_100812327.1|:1-423	423	k121_13989_2	N/A	26.923	41	182	8.43e-08	55.5
SadB_ref|WP_100812327.1|:1-423	423	k121_1010541_2	N/A	24.931	78	361	2.07e-07	56.6
SadB_ref|WP_100812327.1|:1-423	423	k121_102603_11	N/A	24.377	78	361	2.67e-07	56.2
SadB_ref|WP_100812327.1|:1-423	423	k121_974967_27	N/A	23.577	80	369	2.86e-07	56.2
SadB_ref|WP_100812327.1|:1-423	423	k121_396451_1	N/A	25.735	57	272	2.92e-07	55.8
SadB_ref|WP_100812327.1|:1-423	423	k121_1241266_5	N/A	24.474	80	380	4.70e-07	55.5
SadB_ref|WP_100812327.1|:1-423	423	k121_1422709_2	N/A	25.824	80	364	4.73e-07	55.5
SadB_ref|WP_100812327.1|:1-423	423	k121_1006986_5	N/A	25.481	48	208	6.31e-07	55.1
SadB_ref|WP_100812327.1|:1-423	423	k121_1529702_1	N/A	25.468	59	267	8.26e-07	53.9
SadB_ref|WP_100812327.1|:1-423	423	k121_311201_1	N/A	21.814	91	408	8.95e-07	54.7
SadB_ref|WP_100812327.1|:1-423	423	k121_1370840_3	N/A	25.571	52	219	1.90e-06	52.4
SadB_ref|WP_100812327.1|:1-423	423	k121_1042915_2	N/A	23.545	79	378	4.29e-06	52.4
SadB_ref|WP_100812327.1|:1-423	423	k121_776932_2	N/A	28.788	42	198	7.35e-06	51.2
SadB_ref|WP_100812327.1|:1-423	423	k121_651895_2	N/A	26.606	25	109	1.19e-05	48.1
SadB_ref|WP_100812327.1|:1-423	423	k121_425061_5	N/A	23.947	81	380	6.67e-05	48.5
SadB_ref|WP_100812327.1|:1-423	423	k121_452793_2	N/A	25.255	83	392	9.92e-05	48.1
SadB_ref|WP_100812327.1|:1-423	423	k121_1009270_25	N/A	22.872	85	376	2.05e-04	47.0
SadB_ref|WP_100812327.1|:1-423	423	k121_743199_1	N/A	26.383	53	235	3.29e-04	45.8
SadB_ref|WP_100812327.1|:1-423	423	k121_949739_2	N/A	32.520	26	123	6.29e-04	45.4
SadB_ref|WP_100812327.1|:1-423	423	k121_1079375_1	N/A	28.634	52	227	6.47e-04	44.7
SadB_ref|WP_100812327.1|:1-423	423	k121_638662_3	N/A	32.847	28	137	0.002	44.3
SadB_ref|WP_100812327.1|:1-423	423	k121_508968_2	N/A	32.520	26	123	0.002	43.9
SadB_ref|WP_100812327.1|:1-423	423	k121_452051_5	N/A	32.031	27	128	0.004	43.1
SadB_ref|WP_100812327.1|:1-423	423	k121_1475244_3	N/A	33.333	26	123	0.005	42.7
SadB_ref|WP_100812327.1|:1-423	423	k121_790939_6	N/A	23.398	80	359	0.005	42.7
SadB_ref|WP_100812327.1|:1-423	423	k121_330230_4	N/A	29.851	28	134	0.006	42.7
SadB_ref|WP_100812327.1|:1-423	423	k121_1347423_2	N/A	23.599	75	339	0.007	42.4
SadB_ref|WP_100812327.1|:1-423	423	k121_1055983_14	N/A	19.767	78	344	0.008	42.4
SadB_ref|WP_100812327.1|:1-423	423	k121_490919_2	N/A	21.429	77	364	0.010	42.0
SadB_ref|WP_100812327.1|:1-423	423	k121_567462_5	N/A	22.689	81	357	0.013	41.6
SadB_ref|WP_100812327.1|:1-423	423	k121_349602_1	N/A	24.058	74	345	0.014	41.2
SadB_ref|WP_100812327.1|:1-423	423	k121_1121665_3	N/A	23.219	81	379	0.017	41.2
SadB_ref|WP_100812327.1|:1-423	423	k121_595217_17	N/A	22.039	77	363	0.021	40.8
SadB_ref|WP_100812327.1|:1-423	423	k121_732110_1	N/A	24.419	36	172	0.023	40.4
SadB_ref|WP_100812327.1|:1-423	423	k121_94189_36	N/A	29.197	28	137	0.028	40.4
SadB_ref|WP_100812327.1|:1-423	423	k121_1304733_2	N/A	24.623	41	199	0.035	40.0
SadB_ref|WP_100812327.1|:1-423	423	k121_204446_1	N/A	25.258	42	194	0.037	40.0
SadB_ref|WP_100812327.1|:1-423	423	k121_1360160_4	N/A	27.551	22	98	0.046	38.5
SadB_ref|WP_100812327.1|:1-423	423	k121_1128314_2	N/A	25.000	57	264	0.047	39.7
SadB_ref|WP_100812327.1|:1-423	423	k121_294864_10	N/A	30.081	26	123	0.047	39.7
SadB_ref|WP_100812327.1|:1-423	423	k121_1035168_1	N/A	27.530	57	247	0.094	38.1
SadC_ref|WP_036299413.1|:1-194	194	k121_233619_2	N/A	29.762	85	168	4.08e-12	65.1
SadC_ref|WP_036299413.1|:1-194	194	k121_1276760_4	N/A	26.667	85	165	4.35e-12	64.7
SadC_ref|WP_036299413.1|:1-194	194	k121_1045183_8	N/A	31.496	65	127	1.60e-11	63.2
SadC_ref|WP_036299413.1|:1-194	194	k121_72220_1	N/A	27.545	84	167	5.24e-11	61.6
SadC_ref|WP_036299413.1|:1-194	194	k121_531106_3	N/A	27.742	76	155	8.41e-10	60.5
SadC_ref|WP_036299413.1|:1-194	194	k121_855989_4	N/A	28.125	82	160	1.96e-09	57.4
SadC_ref|WP_036299413.1|:1-194	194	k121_464339_2	N/A	38.710	47	93	3.94e-09	57.0
SadC_ref|WP_036299413.1|:1-194	194	k121_1349465_4	N/A	25.625	81	160	5.32e-09	56.2
SadC_ref|WP_036299413.1|:1-194	194	k121_1101889_2	N/A	28.723	94	188	6.71e-09	56.2
SadC_ref|WP_036299413.1|:1-194	194	k121_1411202_4	N/A	41.558	39	77	1.24e-08	55.1
SadC_ref|WP_036299413.1|:1-194	194	k121_789556_46	N/A	25.874	73	143	1.99e-08	56.6
SadC_ref|WP_036299413.1|:1-194	194	k121_1271797_18	N/A	28.481	81	158	4.21e-08	53.9
SadC_ref|WP_036299413.1|:1-194	194	k121_102603_8	N/A	35.484	47	93	5.15e-08	53.9
SadC_ref|WP_036299413.1|:1-194	194	k121_1097194_4	N/A	44.118	35	68	5.23e-08	53.9
SadC_ref|WP_036299413.1|:1-194	194	k121_939014_6	N/A	28.571	69	133	1.02e-07	52.8
SadC_ref|WP_036299413.1|:1-194	194	k121_491561_2	N/A	30.000	66	130	1.12e-07	53.1
SadC_ref|WP_036299413.1|:1-194	194	k121_225327_2	N/A	34.783	47	92	1.32e-07	52.8
SadC_ref|WP_036299413.1|:1-194	194	k121_1248356_15	N/A	28.378	76	148	1.45e-07	52.4
SadC_ref|WP_036299413.1|:1-194	194	k121_804817_2	N/A	29.524	54	105	2.16e-07	53.5
SadC_ref|WP_036299413.1|:1-194	194	k121_327559_17	N/A	27.848	81	158	3.44e-07	51.6
SadC_ref|WP_036299413.1|:1-194	194	k121_744598_3	N/A	36.842	48	95	4.24e-07	50.4
SadC_ref|WP_036299413.1|:1-194	194	k121_1372153_4	N/A	27.607	81	163	5.13e-07	51.6
SadC_ref|WP_036299413.1|:1-194	194	k121_453122_3	N/A	26.061	82	165	7.48e-07	50.4
SadC_ref|WP_036299413.1|:1-194	194	k121_1316301_18	N/A	25.806	80	155	7.79e-07	50.8
SadC_ref|WP_036299413.1|:1-194	194	k121_328461_2	N/A	36.364	39	77	8.33e-07	50.1
SadC_ref|WP_036299413.1|:1-194	194	k121_1521029_2	N/A	23.810	75	147	8.80e-07	50.1
SadC_ref|WP_036299413.1|:1-194	194	k121_692244_2	N/A	34.483	44	87	1.06e-06	50.1
SadC_ref|WP_036299413.1|:1-194	194	k121_605245_1	N/A	38.961	39	77	1.12e-06	49.7
SadC_ref|WP_036299413.1|:1-194	194	k121_299337_2	N/A	28.481	80	158	1.34e-06	50.1
SadC_ref|WP_036299413.1|:1-194	194	k121_1506860_3	N/A	36.782	44	87	1.35e-06	50.1
SadC_ref|WP_036299413.1|:1-194	194	k121_412781_3	N/A	25.490	77	153	1.57e-06	49.7
SadC_ref|WP_036299413.1|:1-194	194	k121_227072_19	N/A	25.694	73	144	1.63e-06	49.7
SadC_ref|WP_036299413.1|:1-194	194	k121_1357140_2	N/A	25.731	88	171	3.23e-06	49.3
SadC_ref|WP_036299413.1|:1-194	194	k121_866440_2	N/A	25.153	84	163	4.52e-06	48.1
SadC_ref|WP_036299413.1|:1-194	194	k121_546003_3	N/A	33.708	46	89	5.56e-06	48.5
SadC_ref|WP_036299413.1|:1-194	194	k121_1178553_2	N/A	28.571	54	105	5.59e-06	49.3
SadC_ref|WP_036299413.1|:1-194	194	k121_687359_2	N/A	26.772	63	127	5.67e-06	47.8
SadC_ref|WP_036299413.1|:1-194	194	k121_629967_15	N/A	23.944	73	142	6.87e-06	48.1
SadC_ref|WP_036299413.1|:1-194	194	k121_817666_11	N/A	35.802	40	81	9.50e-06	47.4
SadC_ref|WP_036299413.1|:1-194	194	k121_831249_25	N/A	26.812	69	138	1.33e-05	47.0
SadC_ref|WP_036299413.1|:1-194	194	k121_466001_7	N/A	27.536	68	138	1.96e-05	47.8
SadC_ref|WP_036299413.1|:1-194	194	k121_846239_3	N/A	36.364	39	77	2.83e-05	45.8
SadC_ref|WP_036299413.1|:1-194	194	k121_84683_11	N/A	23.926	84	163	3.08e-05	45.8
SadC_ref|WP_036299413.1|:1-194	194	k121_1318670_2	N/A	25.466	82	161	3.24e-05	45.8
SadC_ref|WP_036299413.1|:1-194	194	k121_489048_2	N/A	35.065	39	77	3.31e-05	44.7
SadC_ref|WP_036299413.1|:1-194	194	k121_784100_1	N/A	32.258	47	93	3.40e-05	47.0
SadC_ref|WP_036299413.1|:1-194	194	k121_325311_2	N/A	28.148	68	135	3.44e-05	45.8
SadC_ref|WP_036299413.1|:1-194	194	k121_1018450_9	N/A	28.667	75	150	3.55e-05	46.2
SadC_ref|WP_036299413.1|:1-194	194	k121_1504421_3	N/A	25.294	85	170	8.30e-05	44.7
SadC_ref|WP_036299413.1|:1-194	194	k121_1079400_2	N/A	25.731	83	171	8.70e-05	45.1
SadC_ref|WP_036299413.1|:1-194	194	k121_722833_13	N/A	28.972	55	107	1.05e-04	43.9
SadC_ref|WP_036299413.1|:1-194	194	k121_398404_3	N/A	27.344	65	128	1.34e-04	44.3
SadC_ref|WP_036299413.1|:1-194	194	k121_938107_3	N/A	32.479	59	117	1.71e-04	45.1
SadC_ref|WP_036299413.1|:1-194	194	k121_614820_2	N/A	31.325	43	83	1.93e-04	42.7
SadC_ref|WP_036299413.1|:1-194	194	k121_788908_27	N/A	32.558	44	86	2.48e-04	44.3
SadC_ref|WP_036299413.1|:1-194	194	k121_987196_4	N/A	25.000	72	144	2.78e-04	43.1
SadC_ref|WP_036299413.1|:1-194	194	k121_1407965_2	N/A	24.823	70	141	3.26e-04	43.1
SadC_ref|WP_036299413.1|:1-194	194	k121_630857_1	N/A	25.893	58	112	3.30e-04	42.4
SadC_ref|WP_036299413.1|:1-194	194	k121_1356753_3	N/A	32.558	44	86	4.00e-04	43.5
SadC_ref|WP_036299413.1|:1-194	194	k121_1010264_8	N/A	35.789	48	95	6.03e-04	42.4
SadC_ref|WP_036299413.1|:1-194	194	k121_887869_1	N/A	32.258	47	93	0.001	42.4
SadC_ref|WP_036299413.1|:1-194	194	k121_596338_2	N/A	28.736	44	87	0.001	42.4
SadC_ref|WP_036299413.1|:1-194	194	k121_400648_21	N/A	29.348	47	92	0.002	40.8
SadC_ref|WP_036299413.1|:1-194	194	k121_777001_106	N/A	29.268	62	123	0.002	40.4
SadC_ref|WP_036299413.1|:1-194	194	k121_724282_2	N/A	31.034	44	87	0.003	40.4
SadC_ref|WP_036299413.1|:1-194	194	k121_1347322_2	N/A	28.378	74	148	0.004	40.0
SadC_ref|WP_036299413.1|:1-194	194	k121_883847_1	N/A	33.803	36	71	0.004	38.5
SadC_ref|WP_036299413.1|:1-194	194	k121_101992_42	N/A	26.316	68	133	0.008	39.3
SadC_ref|WP_036299413.1|:1-194	194	k121_1288733_2	N/A	32.812	33	64	0.009	39.7
SadC_ref|WP_036299413.1|:1-194	194	k121_83758_4	N/A	36.000	38	75	0.015	38.5
SadC_ref|WP_036299413.1|:1-194	194	k121_1127623_1	N/A	38.462	27	52	0.015	36.6
SadC_ref|WP_036299413.1|:1-194	194	k121_417627_2	N/A	32.558	44	86	0.015	38.5
SadC_ref|WP_036299413.1|:1-194	194	k121_94189_31	N/A	24.615	66	130	0.054	37.0
SadC_ref|WP_036299413.1|:1-194	194	k121_694150_1	N/A	32.836	35	67	0.093	36.2
WP_000259031.1	279	k121_612597_6	N/A	100.000	77	215	8.24e-153	428
WP_000259031.1	279	k121_109597_1	N/A	48.780	88	246	2.17e-84	256
WP_000259031.1	279	k121_1536112_2	N/A	53.516	92	256	1.92e-74	231
WP_000259031.1	279	k121_1282477_3	N/A	100.000	37	104	9.34e-67	206
WP_000259031.1	279	k121_239238_2	N/A	43.396	75	212	1.07e-44	153
WP_000259031.1	279	k121_244548_2	N/A	36.641	94	262	9.55e-41	145
WP_000259031.1	279	k121_1411811_1	N/A	37.879	94	264	1.56e-39	142
WP_000259031.1	279	k121_9725_36	N/A	35.628	88	247	6.51e-38	137
WP_000259031.1	279	k121_1354444_2	N/A	35.102	88	245	7.32e-37	135
WP_000259031.1	279	k121_729367_3	N/A	35.526	78	228	6.94e-35	130
WP_000259031.1	279	k121_1165362_5	N/A	33.333	91	261	1.72e-34	129
WP_000259031.1	279	k121_1147464_3	N/A	31.837	87	245	2.50e-33	125
WP_000259031.1	279	k121_988601_42	N/A	31.034	93	261	1.31e-32	124
WP_000259031.1	279	k121_742602_6	N/A	32.342	95	269	1.70e-32	123
WP_000259031.1	279	k121_732914_2	N/A	33.564	97	289	2.44e-31	121
WP_000259031.1	279	k121_1412730_16	N/A	33.597	88	253	2.83e-31	121
WP_000259031.1	279	k121_1044024_2	N/A	35.060	88	251	3.61e-31	120
WP_000259031.1	279	k121_254224_6	N/A	31.461	96	267	2.22e-30	118
WP_000259031.1	279	k121_457572_4	N/A	30.909	95	275	3.19e-30	120
WP_000259031.1	279	k121_1217851_2	N/A	31.939	94	263	1.56e-29	115
WP_000259031.1	279	k121_766716_8	N/A	36.364	78	220	5.00e-29	115
WP_000259031.1	279	k121_412915_8	N/A	30.268	91	261	5.10e-29	114
WP_000259031.1	279	k121_964348_3	N/A	34.413	88	247	5.36e-29	114
WP_000259031.1	279	k121_1404829_2	N/A	31.502	96	273	8.78e-29	114
WP_000259031.1	279	k121_1158063_2	N/A	31.008	91	258	1.06e-28	113
WP_000259031.1	279	k121_372302_2	N/A	30.682	94	264	1.19e-28	114
WP_000259031.1	279	k121_522725_4	N/A	34.742	76	213	5.58e-28	111
WP_000259031.1	279	k121_1079672_5	N/A	31.599	94	269	5.75e-28	112
WP_000259031.1	279	k121_984355_2	N/A	34.234	78	222	7.38e-28	111
WP_000259031.1	279	k121_1131527_4	N/A	30.078	91	256	1.84e-27	110
WP_000259031.1	279	k121_217553_8	N/A	34.389	79	221	1.97e-27	110
WP_000259031.1	279	k121_448104_11	N/A	33.708	95	267	2.28e-27	110
WP_000259031.1	279	k121_44729_2	N/A	31.752	97	274	2.30e-27	110
WP_000259031.1	279	k121_1037443_14	N/A	36.653	87	251	5.07e-27	108
WP_000259031.1	279	k121_1126022_7	N/A	35.023	76	217	5.43e-27	108
WP_000259031.1	279	k121_97530_5	N/A	32.331	93	266	5.96e-27	108
WP_000259031.1	279	k121_617648_21	N/A	36.239	76	218	6.95e-27	108
WP_000259031.1	279	k121_95723_3	N/A	31.818	94	264	1.14e-26	108
WP_000259031.1	279	k121_265354_3	N/A	29.344	92	259	1.18e-26	108
WP_000259031.1	279	k121_1425345_1	N/A	30.924	88	249	1.82e-26	107
WP_000259031.1	279	k121_363866_4	N/A	26.459	91	257	2.26e-26	107
WP_000259031.1	279	k121_1362850_5	N/A	32.669	89	251	2.26e-26	108
WP_000259031.1	279	k121_930828_1	N/A	28.731	95	268	2.75e-26	107
WP_000259031.1	279	k121_125695_6	N/A	31.439	93	264	3.98e-26	108
WP_000259031.1	279	k121_738828_7	N/A	33.462	92	260	4.44e-26	106
WP_000259031.1	279	k121_1270518_3	N/A	29.183	91	257	4.50e-26	106
WP_000259031.1	279	k121_1009189_3	N/A	27.925	94	265	6.02e-26	106
WP_000259031.1	279	k121_17293_2	N/A	31.034	92	261	6.16e-26	106
WP_000259031.1	279	k121_906665_7	N/A	30.952	88	252	1.19e-25	105
WP_000259031.1	279	k121_1236812_1	N/A	31.008	91	258	1.63e-25	105
WP_000259031.1	279	k121_233537_2	N/A	30.605	95	281	1.81e-25	105
WP_000259031.1	279	k121_465321_5	N/A	32.422	88	256	2.94e-25	104
WP_000259031.1	279	k121_52161_6	N/A	32.130	97	277	3.02e-25	104
WP_000259031.1	279	k121_555663_6	N/A	31.474	88	251	3.49e-25	104
WP_000259031.1	279	k121_648008_2	N/A	29.231	88	260	5.38e-25	103
WP_000259031.1	279	k121_313864_3	N/A	31.203	93	266	1.06e-24	102
WP_000259031.1	279	k121_268602_59	N/A	28.185	91	259	2.86e-24	102
WP_000259031.1	279	k121_232624_1	N/A	29.344	91	259	4.28e-24	102
WP_000259031.1	279	k121_446039_39	N/A	32.836	93	268	5.56e-24	102
WP_000259031.1	279	k121_1398183_41	N/A	27.612	95	268	6.07e-24	101
WP_000259031.1	279	k121_804274_2	N/A	30.588	88	255	8.11e-24	100
WP_000259031.1	279	k121_560192_2	N/A	30.000	88	250	9.65e-24	100
WP_000259031.1	279	k121_1442723_2	N/A	28.458	89	253	1.05e-23	100
WP_000259031.1	279	k121_837414_13	N/A	35.780	76	218	1.37e-23	100
WP_000259031.1	279	k121_1170481_2	N/A	34.649	79	228	1.47e-23	100
WP_000259031.1	279	k121_1016756_1	N/A	34.742	76	213	1.51e-23	99.8
WP_000259031.1	279	k121_536625_2	N/A	32.836	94	268	2.09e-23	100
WP_000259031.1	279	k121_469493_1	N/A	33.475	83	236	3.87e-23	98.2
WP_000259031.1	279	k121_1281254_2	N/A	30.418	94	263	6.91e-23	99.4
WP_000259031.1	279	k121_197565_11	N/A	31.502	95	273	1.02e-22	97.8
WP_000259031.1	279	k121_860091_2	N/A	33.023	76	215	1.05e-22	97.1
WP_000259031.1	279	k121_473638_2	N/A	29.740	94	269	1.09e-22	97.4
WP_000259031.1	279	k121_241144_2	N/A	29.845	91	258	1.10e-22	97.8
WP_000259031.1	279	k121_782139_1	N/A	32.719	77	217	1.44e-22	97.1
WP_000259031.1	279	k121_622397_2	N/A	34.959	88	246	1.56e-22	97.4
WP_000259031.1	279	k121_980077_48	N/A	31.923	88	260	2.04e-22	97.4
WP_000259031.1	279	k121_463233_1	N/A	29.297	91	256	3.21e-22	97.1
WP_000259031.1	279	k121_1187493_14	N/A	32.721	87	272	5.97e-22	96.3
WP_000259031.1	279	k121_109286_6	N/A	34.404	76	218	6.14e-22	95.9
WP_000259031.1	279	k121_1444034_80	N/A	30.258	95	271	6.90e-22	95.9
WP_000259031.1	279	k121_1163361_2	N/A	32.589	77	224	8.24e-22	95.5
WP_000259031.1	279	k121_1208982_181	N/A	30.279	87	251	1.71e-21	94.4
WP_000259031.1	279	k121_604468_11	N/A	29.537	98	281	1.99e-21	94.4
WP_000259031.1	279	k121_1070652_3	N/A	27.675	92	271	2.24e-21	94.0
WP_000259031.1	279	k121_1180432_10	N/A	28.968	88	252	3.13e-21	94.0
WP_000259031.1	279	k121_1120481_7	N/A	31.136	95	273	3.73e-21	94.4
WP_000259031.1	279	k121_185148_3	N/A	28.571	78	224	3.73e-21	93.2
WP_000259031.1	279	k121_163654_49	N/A	32.210	93	267	4.37e-21	94.4
WP_000259031.1	279	k121_1170656_1	N/A	32.812	68	192	5.22e-21	91.3
WP_000259031.1	279	k121_243998_5	N/A	30.112	91	269	9.45e-21	93.6
WP_000259031.1	279	k121_487951_16	N/A	29.963	93	267	9.88e-21	93.6
WP_000259031.1	279	k121_699502_6	N/A	30.175	95	285	1.18e-20	92.8
WP_000259031.1	279	k121_623539_9	N/A	31.250	95	272	3.45e-20	91.3
WP_000259031.1	279	k121_710594_2	N/A	32.787	63	183	4.14e-20	88.6
WP_000259031.1	279	k121_448596_3	N/A	31.343	93	268	6.28e-20	91.3
WP_000259031.1	279	k121_650417_1	N/A	28.315	98	279	6.42e-20	92.0
WP_000259031.1	279	k121_1308573_2	N/A	31.225	88	253	8.60e-20	90.1
WP_000259031.1	279	k121_1153987_3	N/A	28.794	87	257	9.48e-20	90.5
WP_000259031.1	279	k121_179534_6	N/A	24.719	94	267	1.76e-19	89.0
WP_000259031.1	279	k121_975695_1	N/A	27.407	88	270	1.84e-19	89.4
WP_000259031.1	279	k121_1502157_2	N/A	28.959	77	221	2.92e-19	88.2
WP_000259031.1	279	k121_816671_18	N/A	27.037	95	270	3.84e-19	88.6
WP_000259031.1	279	k121_1066364_93	N/A	28.723	98	282	4.44e-19	88.2
WP_000259031.1	279	k121_1184576_4	N/A	24.904	91	261	4.51e-19	87.8
WP_000259031.1	279	k121_1086285_12	N/A	30.357	95	280	6.11e-19	87.4
WP_000259031.1	279	k121_326925_1	N/A	31.390	79	223	8.99e-19	85.9
WP_000259031.1	279	k121_841562_21	N/A	31.923	89	260	1.06e-18	87.0
WP_000259031.1	279	k121_1022561_46	N/A	34.061	80	229	2.47e-18	85.5
WP_000259031.1	279	k121_202414_4	N/A	30.909	78	220	3.12e-18	85.5
WP_000259031.1	279	k121_453403_2	N/A	30.522	88	249	4.12e-18	85.1
WP_000259031.1	279	k121_580552_3	N/A	34.008	88	247	6.25e-18	84.7
WP_000259031.1	279	k121_771355_2	N/A	31.120	82	241	9.44e-18	84.3
WP_000259031.1	279	k121_947341_2	N/A	29.358	74	218	1.32e-17	82.8
WP_000259031.1	279	k121_284568_16	N/A	34.579	75	214	1.61e-17	83.6
WP_000259031.1	279	k121_235692_1	N/A	36.800	44	125	2.27e-17	80.5
WP_000259031.1	279	k121_469727_2	N/A	28.832	95	274	3.25e-17	83.6
WP_000259031.1	279	k121_416466_3	N/A	32.061	88	262	3.28e-17	83.2
WP_000259031.1	279	k121_272757_3	N/A	29.070	91	258	3.41e-17	82.0
WP_000259031.1	279	k121_400513_17	N/A	28.514	88	249	3.82e-17	82.8
WP_000259031.1	279	k121_1232728_1	N/A	30.323	55	155	8.26e-17	79.7
WP_000259031.1	279	k121_618570_3	N/A	26.493	95	268	3.77e-16	79.7
WP_000259031.1	279	k121_1300502_3	N/A	28.626	91	262	5.04e-16	79.3
WP_000259031.1	279	k121_955751_3	N/A	30.739	88	257	6.17e-16	79.3
WP_000259031.1	279	k121_585229_4	N/A	33.032	78	221	7.83e-16	79.0
WP_000259031.1	279	k121_618357_2	N/A	30.144	73	209	8.88e-16	79.3
WP_000259031.1	279	k121_625352_2	N/A	30.085	84	236	1.02e-15	77.8
WP_000259031.1	279	k121_467861_22	N/A	31.559	87	263	1.17e-15	78.6
WP_000259031.1	279	k121_1124409_3	N/A	31.466	80	232	1.49e-15	77.4
WP_000259031.1	279	k121_358597_2	N/A	31.452	88	248	7.60e-15	77.0
WP_000259031.1	279	k121_616647_2	N/A	33.152	63	184	2.89e-14	73.9
WP_000259031.1	279	k121_840102_17	N/A	27.826	78	230	5.14e-14	74.3
WP_000259031.1	279	k121_766361_1	N/A	28.729	62	181	5.97e-14	72.0
WP_000259031.1	279	k121_749679_2	N/A	29.091	77	220	6.54e-14	72.4
WP_000259031.1	279	k121_804435_17	N/A	30.903	95	288	8.29e-14	73.6
WP_000259031.1	279	k121_462657_28	N/A	30.292	88	274	9.82e-14	73.6
WP_000259031.1	279	k121_1359679_6	N/A	32.227	73	211	2.06e-13	71.6
WP_000259031.1	279	k121_1467976_1	N/A	33.871	44	124	5.25e-13	68.6
WP_000259031.1	279	k121_810587_46	N/A	27.907	90	258	5.54e-13	70.5
WP_000259031.1	279	k121_66094_2	N/A	29.878	58	164	2.97e-12	67.0
WP_000259031.1	279	k121_322649_1	N/A	31.073	61	177	3.35e-12	67.4
WP_000259031.1	279	k121_664171_1	N/A	33.065	44	124	8.35e-12	65.1
WP_000259031.1	279	k121_944731_2	N/A	33.645	38	107	3.27e-11	64.3
WP_000259031.1	279	k121_1186654_1	N/A	34.646	44	127	6.39e-11	64.3
WP_000259031.1	279	k121_291766_3	N/A	31.609	60	174	6.72e-11	63.2
WP_000259031.1	279	k121_1378029_1	N/A	28.272	68	191	9.38e-11	63.2
WP_000259031.1	279	k121_324830_1	N/A	30.286	61	175	2.40e-10	61.6
WP_000259031.1	279	k121_334908_2	N/A	32.110	38	109	4.22e-10	60.1
WP_000259031.1	279	k121_528738_2	N/A	36.792	38	106	5.22e-10	59.7
WP_000259031.1	279	k121_1005697_2	N/A	37.762	51	143	1.13e-09	59.3
WP_000259031.1	279	k121_112225_2	N/A	29.455	95	275	1.18e-08	58.5
WP_000259031.1	279	k121_23981_1	N/A	37.500	48	144	1.36e-08	57.0
WP_000259031.1	279	k121_646052_1	N/A	29.050	63	179	1.49e-08	56.6
WP_000259031.1	279	k121_271609_2	N/A	34.906	37	106	5.53e-08	53.1
WP_000259031.1	279	k121_515637_1	N/A	26.772	46	127	1.09e-07	53.1
WP_000259031.1	279	k121_720724_3	N/A	28.169	49	142	3.64e-06	50.4
WP_000259031.1	279	k121_860922_2	N/A	34.646	46	127	4.02e-06	49.3
WP_000259031.1	279	k121_1439005_3	N/A	37.333	24	75	4.09e-06	48.1
WP_000259031.1	279	k121_808453_2	N/A	34.328	24	67	1.34e-05	46.2
WP_000259031.1	279	k121_963251_1	N/A	34.483	42	116	1.47e-05	47.0
WP_000259031.1	279	k121_147561_2	N/A	32.143	30	84	2.05e-05	46.6
WP_000259031.1	279	k121_147092_2	N/A	24.786	42	117	7.49e-05	44.7
WP_000259031.1	279	k121_483287_1	N/A	39.062	23	64	0.001	41.2
WP_000259031.1	279	k121_491804_1	N/A	27.820	46	133	0.007	40.0
WP_000259031.1	279	k121_992992_3	N/A	35.897	28	78	0.018	37.0
WP_001043260.1	271	k121_1536112_2	N/A	100.000	100	271	0.0	528
WP_001043260.1	271	k121_109597_1	N/A	50.769	96	260	5.29e-88	265
WP_001043260.1	271	k121_612597_6	N/A	54.673	78	214	1.11e-71	222
WP_001043260.1	271	k121_239238_2	N/A	43.961	75	207	7.30e-50	166
WP_001043260.1	271	k121_1147464_3	N/A	36.293	95	259	4.71e-49	166
WP_001043260.1	271	k121_9725_36	N/A	37.548	95	261	2.25e-48	164
WP_001043260.1	271	k121_729367_3	N/A	39.033	95	269	3.54e-47	162
WP_001043260.1	271	k121_244548_2	N/A	37.692	96	260	4.92e-46	158
WP_001043260.1	271	k121_1044024_2	N/A	39.080	95	261	3.48e-45	156
WP_001043260.1	271	k121_1354444_2	N/A	35.849	97	265	1.98e-44	154
WP_001043260.1	271	k121_1217851_2	N/A	38.697	96	261	1.11e-43	152
WP_001043260.1	271	k121_463233_1	N/A	37.121	96	264	8.48e-43	151
WP_001043260.1	271	k121_1165362_5	N/A	33.835	97	266	2.23e-42	149
WP_001043260.1	271	k121_1411811_1	N/A	39.382	96	259	1.43e-41	147
WP_001043260.1	271	k121_217553_8	N/A	40.449	97	267	2.94e-41	146
WP_001043260.1	271	k121_782139_1	N/A	40.377	96	265	1.57e-40	144
WP_001043260.1	271	k121_984355_2	N/A	36.122	95	263	5.17e-40	143
WP_001043260.1	271	k121_766716_8	N/A	37.828	96	267	5.76e-40	143
WP_001043260.1	271	k121_1404829_2	N/A	33.333	96	261	1.76e-39	142
WP_001043260.1	271	k121_560192_2	N/A	35.769	96	260	2.42e-39	142
WP_001043260.1	271	k121_44729_2	N/A	33.708	96	267	6.91e-39	140
WP_001043260.1	271	k121_254224_6	N/A	35.714	98	266	8.17e-39	140
WP_001043260.1	271	k121_742602_6	N/A	33.712	97	264	1.07e-38	139
WP_001043260.1	271	k121_17293_2	N/A	33.878	90	245	1.30e-38	139
WP_001043260.1	271	k121_1362850_5	N/A	35.115	96	262	1.40e-37	137
WP_001043260.1	271	k121_233537_2	N/A	33.942	96	274	2.67e-37	136
WP_001043260.1	271	k121_738828_7	N/A	37.500	91	248	2.77e-37	135
WP_001043260.1	271	k121_555663_6	N/A	35.632	95	261	2.78e-37	136
WP_001043260.1	271	k121_617648_21	N/A	39.544	94	263	8.54e-36	132
WP_001043260.1	271	k121_1412730_16	N/A	35.766	98	274	1.07e-35	132
WP_001043260.1	271	k121_465321_5	N/A	34.701	96	268	1.36e-35	131
WP_001043260.1	271	k121_648008_2	N/A	34.182	97	275	1.82e-35	131
WP_001043260.1	271	k121_975695_1	N/A	34.495	96	287	2.84e-35	131
WP_001043260.1	271	k121_95723_3	N/A	35.849	96	265	4.95e-35	130
WP_001043260.1	271	k121_97530_5	N/A	35.338	95	266	6.01e-35	129
WP_001043260.1	271	k121_964348_3	N/A	38.710	90	248	7.08e-35	129
WP_001043260.1	271	k121_163654_49	N/A	36.765	97	272	2.70e-34	129
WP_001043260.1	271	k121_1425345_1	N/A	33.597	92	253	5.43e-34	127
WP_001043260.1	271	k121_448104_11	N/A	36.260	96	262	5.57e-34	127
WP_001043260.1	271	k121_906665_7	N/A	34.902	92	255	7.55e-34	126
WP_001043260.1	271	k121_1281254_2	N/A	38.722	95	266	9.87e-34	128
WP_001043260.1	271	k121_487951_16	N/A	35.338	97	266	1.16e-33	128
WP_001043260.1	271	k121_622397_2	N/A	36.719	94	256	1.17e-33	126
WP_001043260.1	271	k121_109286_6	N/A	34.317	90	271	1.91e-33	126
WP_001043260.1	271	k121_988601_42	N/A	29.771	96	262	2.29e-33	125
WP_001043260.1	271	k121_313864_3	N/A	37.838	93	259	2.70e-33	125
WP_001043260.1	271	k121_699502_6	N/A	33.333	98	282	4.53e-33	125
WP_001043260.1	271	k121_185148_3	N/A	33.463	92	257	9.67e-33	124
WP_001043260.1	271	k121_202414_4	N/A	34.340	95	265	1.91e-32	123
WP_001043260.1	271	k121_1153987_3	N/A	34.717	95	265	2.45e-32	124
WP_001043260.1	271	k121_1163361_2	N/A	31.206	97	282	2.76e-32	123
WP_001043260.1	271	k121_1126022_7	N/A	37.788	78	217	3.17e-32	122
WP_001043260.1	271	k121_1502157_2	N/A	29.119	94	261	6.30e-32	121
WP_001043260.1	271	k121_363866_4	N/A	26.415	97	265	2.15e-31	120
WP_001043260.1	271	k121_1308573_2	N/A	33.588	96	262	2.58e-31	120
WP_001043260.1	271	k121_732914_2	N/A	32.482	97	274	2.68e-31	121
WP_001043260.1	271	k121_1037443_14	N/A	37.751	90	249	6.14e-31	119
WP_001043260.1	271	k121_1070652_3	N/A	29.057	97	265	6.73e-31	119
WP_001043260.1	271	k121_448596_3	N/A	34.559	97	272	1.53e-30	119
WP_001043260.1	271	k121_841562_21	N/A	36.154	91	260	1.55e-30	118
WP_001043260.1	271	k121_1158063_2	N/A	32.129	90	249	1.95e-30	117
WP_001043260.1	271	k121_536625_2	N/A	37.308	95	260	2.15e-30	119
WP_001043260.1	271	k121_467861_22	N/A	35.907	91	259	2.45e-30	117
WP_001043260.1	271	k121_412915_8	N/A	31.203	96	266	4.20e-30	117
WP_001043260.1	271	k121_457572_4	N/A	34.866	90	261	5.34e-30	119
WP_001043260.1	271	k121_232624_1	N/A	32.584	95	267	7.27e-30	118
WP_001043260.1	271	k121_710594_2	N/A	38.636	64	176	9.40e-30	114
WP_001043260.1	271	k121_522725_4	N/A	32.463	97	268	1.93e-29	115
WP_001043260.1	271	k121_1180432_10	N/A	30.830	91	253	4.73e-29	114
WP_001043260.1	271	k121_618570_3	N/A	32.955	96	264	6.02e-29	114
WP_001043260.1	271	k121_1016756_1	N/A	33.829	96	269	6.31e-29	114
WP_001043260.1	271	k121_1184576_4	N/A	28.968	91	252	3.05e-28	112
WP_001043260.1	271	k121_837414_13	N/A	39.545	79	220	4.40e-28	112
WP_001043260.1	271	k121_1079672_5	N/A	31.225	92	253	7.48e-28	111
WP_001043260.1	271	k121_265354_3	N/A	27.481	95	262	1.04e-27	110
WP_001043260.1	271	k121_580552_3	N/A	36.122	96	263	1.13e-27	110
WP_001043260.1	271	k121_446039_39	N/A	35.472	96	265	2.20e-27	111
WP_001043260.1	271	k121_125695_6	N/A	29.588	97	267	2.55e-27	111
WP_001043260.1	271	k121_1442723_2	N/A	29.615	95	260	2.57e-27	109
WP_001043260.1	271	k121_1270518_3	N/A	27.547	96	265	6.60e-27	108
WP_001043260.1	271	k121_268602_59	N/A	26.400	91	250	8.60e-27	108
WP_001043260.1	271	k121_372302_2	N/A	30.120	90	249	2.22e-26	107
WP_001043260.1	271	k121_197565_11	N/A	31.679	96	262	4.64e-26	106
WP_001043260.1	271	k121_804274_2	N/A	30.189	95	265	1.45e-25	105
WP_001043260.1	271	k121_930828_1	N/A	26.966	97	267	1.73e-25	105
WP_001043260.1	271	k121_469493_1	N/A	35.918	89	245	3.07e-25	103
WP_001043260.1	271	k121_1170481_2	N/A	35.688	97	269	3.35e-25	104
WP_001043260.1	271	k121_1236812_1	N/A	28.137	96	263	5.31e-25	103
WP_001043260.1	271	k121_66094_2	N/A	35.366	60	164	5.52e-25	101
WP_001043260.1	271	k121_235692_1	N/A	40.458	48	131	5.77e-25	100
WP_001043260.1	271	k121_1232728_1	N/A	40.323	45	124	6.61e-25	101
WP_001043260.1	271	k121_52161_6	N/A	31.298	96	262	2.37e-24	102
WP_001043260.1	271	k121_980077_48	N/A	34.733	90	262	3.52e-24	102
WP_001043260.1	271	k121_816671_18	N/A	31.076	90	251	7.31e-24	101
WP_001043260.1	271	k121_473638_2	N/A	32.400	90	250	7.45e-24	100
WP_001043260.1	271	k121_179534_6	N/A	28.571	91	252	1.16e-23	100
WP_001043260.1	271	k121_241144_2	N/A	27.376	94	263	1.26e-23	100
WP_001043260.1	271	k121_1120481_7	N/A	31.818	97	264	2.23e-23	100
WP_001043260.1	271	k121_944731_2	N/A	38.509	56	161	2.97e-23	96.7
WP_001043260.1	271	k121_1124409_3	N/A	35.965	81	228	3.58e-23	97.8
WP_001043260.1	271	k121_1086285_12	N/A	32.453	95	265	4.55e-23	98.2
WP_001043260.1	271	k121_326925_1	N/A	33.484	80	221	1.40e-22	95.9
WP_001043260.1	271	k121_860091_2	N/A	31.628	78	215	2.43e-22	95.9
WP_001043260.1	271	k121_1398183_41	N/A	26.295	91	251	2.57e-22	96.7
WP_001043260.1	271	k121_284568_16	N/A	33.333	90	270	4.79e-22	95.9
WP_001043260.1	271	k121_1186654_1	N/A	41.732	46	127	5.30e-22	94.4
WP_001043260.1	271	k121_1022561_46	N/A	34.328	97	268	6.87e-22	95.1
WP_001043260.1	271	k121_1467976_1	N/A	41.985	48	131	8.59e-22	92.0
WP_001043260.1	271	k121_1187493_14	N/A	34.247	79	219	8.80e-22	95.9
WP_001043260.1	271	k121_1131527_4	N/A	26.506	90	249	8.80e-22	94.7
WP_001043260.1	271	k121_1009189_3	N/A	26.415	96	265	1.08e-21	94.7
WP_001043260.1	271	k121_1444034_80	N/A	30.597	96	268	1.53e-21	94.7
WP_001043260.1	271	k121_625352_2	N/A	32.301	83	226	2.90e-21	92.8
WP_001043260.1	271	k121_416466_3	N/A	34.221	90	263	2.94e-21	94.0
WP_001043260.1	271	k121_358597_2	N/A	32.258	90	248	3.95e-21	94.7
WP_001043260.1	271	k121_664171_1	N/A	42.400	46	125	5.35e-21	89.4
WP_001043260.1	271	k121_947341_2	N/A	32.432	77	222	5.53e-21	91.7
WP_001043260.1	271	k121_1282477_3	N/A	54.878	30	82	4.13e-19	83.6
WP_001043260.1	271	k121_804435_17	N/A	30.526	97	285	1.07e-18	87.0
WP_001043260.1	271	k121_272757_3	N/A	28.906	92	256	2.99e-18	85.1
WP_001043260.1	271	k121_618357_2	N/A	32.973	65	185	3.01e-18	85.9
WP_001043260.1	271	k121_453403_2	N/A	30.469	92	256	3.63e-18	85.1
WP_001043260.1	271	k121_585229_4	N/A	32.520	83	246	4.26e-18	85.1
WP_001043260.1	271	k121_1170656_1	N/A	30.729	70	192	8.79e-18	82.4
WP_001043260.1	271	k121_604468_11	N/A	27.941	97	272	9.48e-18	84.3
WP_001043260.1	271	k121_1300502_3	N/A	30.451	96	266	1.74e-17	83.2
WP_001043260.1	271	k121_810587_46	N/A	29.302	77	215	4.47e-17	81.6
WP_001043260.1	271	k121_955751_3	N/A	28.519	97	270	7.28e-17	81.6
WP_001043260.1	271	k121_1066364_93	N/A	28.159	97	277	1.27e-16	81.3
WP_001043260.1	271	k121_616647_2	N/A	33.508	68	191	2.92e-16	79.3
WP_001043260.1	271	k121_840102_17	N/A	31.273	97	275	1.65e-15	78.2
WP_001043260.1	271	k121_766361_1	N/A	28.409	63	176	5.39e-15	74.7
WP_001043260.1	271	k121_749679_2	N/A	33.953	78	215	5.86e-15	75.1
WP_001043260.1	271	k121_23981_1	N/A	41.549	49	142	6.58e-15	74.7
WP_001043260.1	271	k121_400513_17	N/A	28.417	97	278	1.04e-14	75.9
WP_001043260.1	271	k121_243998_5	N/A	28.346	90	254	3.42e-14	74.7
WP_001043260.1	271	k121_334908_2	N/A	35.577	37	104	3.69e-14	70.9
WP_001043260.1	271	k121_1378029_1	N/A	31.792	63	173	4.41e-14	72.4
WP_001043260.1	271	k121_271609_2	N/A	43.689	38	103	7.51e-14	69.3
WP_001043260.1	271	k121_623539_9	N/A	28.205	96	273	1.54e-13	72.8
WP_001043260.1	271	k121_491804_1	N/A	52.239	25	67	1.61e-13	70.1
WP_001043260.1	271	k121_469727_2	N/A	27.473	96	273	3.20e-13	72.0
WP_001043260.1	271	k121_1359679_6	N/A	30.460	64	174	1.90e-12	68.9
WP_001043260.1	271	k121_1208982_181	N/A	27.985	95	268	1.45e-11	66.6
WP_001043260.1	271	k121_650417_1	N/A	24.906	96	265	2.20e-11	67.0
WP_001043260.1	271	k121_89897_1	N/A	48.276	21	58	2.50e-11	61.6
WP_001043260.1	271	k121_324830_1	N/A	30.189	57	159	2.21e-10	61.6
WP_001043260.1	271	k121_528738_2	N/A	35.714	41	112	2.76e-10	60.5
WP_001043260.1	271	k121_1005697_2	N/A	40.404	36	99	4.23e-10	60.5
WP_001043260.1	271	k121_771355_2	N/A	28.829	77	222	7.20e-10	61.6
WP_001043260.1	271	k121_808453_2	N/A	48.529	25	68	1.18e-09	57.4
WP_001043260.1	271	k121_1439005_3	N/A	43.836	24	73	1.36e-09	57.8
WP_001043260.1	271	k121_291766_3	N/A	32.749	62	171	3.77e-09	58.2
WP_001043260.1	271	k121_322649_1	N/A	26.667	70	195	8.49e-08	55.1
WP_001043260.1	271	k121_646052_1	N/A	29.101	67	189	9.53e-08	54.3
WP_001043260.1	271	k121_860922_2	N/A	32.168	52	143	1.22e-07	53.5
WP_001043260.1	271	k121_1214902_1	N/A	50.000	20	54	3.17e-07	50.4
WP_001043260.1	271	k121_147561_2	N/A	34.831	31	89	5.17e-07	50.8
WP_001043260.1	271	k121_147092_2	N/A	27.350	43	117	7.22e-07	50.4
WP_001043260.1	271	k121_963251_1	N/A	36.364	41	110	1.14e-06	49.7
WP_001043260.1	271	k121_515637_1	N/A	24.490	36	98	2.17e-05	46.6
WP_001043260.1	271	k121_462657_28	N/A	28.179	96	291	2.82e-05	48.5
WP_001043260.1	271	k121_720724_3	N/A	27.778	57	162	4.10e-04	44.3
WP_001043260.1	271	k121_112225_2	N/A	28.090	96	267	0.037	38.9
WP_001043260.1	271	k121_992992_3	N/A	34.177	29	79	0.044	35.8
WP_001043260.1	271	k121_290838_2	N/A	31.944	24	72	0.057	35.4
WP_001043260.1	271	k121_248871_11	N/A	36.620	26	71	0.089	37.7
WP_000034420.1	263	k121_109597_1	N/A	60.392	97	255	1.67e-110	322
WP_000034420.1	263	k121_1536112_2	N/A	52.124	98	259	2.33e-80	246
WP_000034420.1	263	k121_612597_6	N/A	43.721	81	215	1.02e-65	206
WP_000034420.1	263	k121_244548_2	N/A	41.538	98	260	3.70e-58	189
WP_000034420.1	263	k121_1147464_3	N/A	39.464	98	261	7.82e-57	185
WP_000034420.1	263	k121_239238_2	N/A	43.602	79	211	3.85e-56	182
WP_000034420.1	263	k121_1354444_2	N/A	38.996	98	259	8.42e-56	183
WP_000034420.1	263	k121_1044024_2	N/A	39.245	99	265	3.29e-55	181
WP_000034420.1	263	k121_9725_36	N/A	37.736	99	265	7.97e-55	181
WP_000034420.1	263	k121_1411811_1	N/A	41.379	98	261	1.13e-51	172
WP_000034420.1	263	k121_1404829_2	N/A	35.741	99	263	2.81e-49	167
WP_000034420.1	263	k121_622397_2	N/A	39.015	99	264	9.81e-49	165
WP_000034420.1	263	k121_17293_2	N/A	34.615	98	260	7.37e-48	163
WP_000034420.1	263	k121_988601_42	N/A	34.100	98	261	7.53e-48	163
WP_000034420.1	263	k121_555663_6	N/A	36.981	99	265	1.82e-47	162
WP_000034420.1	263	k121_44729_2	N/A	34.483	99	261	7.79e-47	160
WP_000034420.1	263	k121_1217851_2	N/A	38.697	98	261	9.16e-47	160
WP_000034420.1	263	k121_254224_6	N/A	36.398	98	261	2.72e-46	159
WP_000034420.1	263	k121_522725_4	N/A	36.194	98	268	6.82e-46	157
WP_000034420.1	263	k121_1281254_2	N/A	36.364	99	264	5.77e-45	157
WP_000034420.1	263	k121_1412730_16	N/A	38.868	97	265	1.25e-44	155
WP_000034420.1	263	k121_1165362_5	N/A	36.538	97	260	1.29e-44	154
WP_000034420.1	263	k121_1362850_5	N/A	34.866	99	261	1.49e-44	155
WP_000034420.1	263	k121_984355_2	N/A	35.741	98	263	2.51e-44	154
WP_000034420.1	263	k121_738828_7	N/A	34.100	99	261	3.61e-44	153
WP_000034420.1	263	k121_782139_1	N/A	35.632	98	261	4.01e-44	153
WP_000034420.1	263	k121_729367_3	N/A	35.401	99	274	5.77e-44	153
WP_000034420.1	263	k121_217553_8	N/A	34.717	100	265	5.83e-44	152
WP_000034420.1	263	k121_975695_1	N/A	32.632	99	285	1.33e-42	150
WP_000034420.1	263	k121_742602_6	N/A	33.840	98	263	1.80e-42	149
WP_000034420.1	263	k121_232624_1	N/A	33.712	98	264	3.34e-42	150
WP_000034420.1	263	k121_560192_2	N/A	34.483	98	261	2.52e-41	147
WP_000034420.1	263	k121_448104_11	N/A	34.962	99	266	6.71e-41	145
WP_000034420.1	263	k121_473638_2	N/A	34.962	99	266	1.31e-39	141
WP_000034420.1	263	k121_202414_4	N/A	34.351	99	262	2.53e-39	140
WP_000034420.1	263	k121_233537_2	N/A	32.740	99	281	3.36e-39	141
WP_000034420.1	263	k121_804274_2	N/A	33.086	99	269	3.50e-39	140
WP_000034420.1	263	k121_465321_5	N/A	34.211	98	266	8.52e-39	139
WP_000034420.1	263	k121_1163361_2	N/A	32.491	99	277	2.07e-38	139
WP_000034420.1	263	k121_766716_8	N/A	32.453	98	265	2.82e-38	139
WP_000034420.1	263	k121_1153987_3	N/A	35.741	98	263	4.02e-37	136
WP_000034420.1	263	k121_463233_1	N/A	32.319	99	263	5.38e-37	135
WP_000034420.1	263	k121_732914_2	N/A	32.601	99	273	6.69e-37	135
WP_000034420.1	263	k121_457572_4	N/A	31.365	98	271	1.99e-36	136
WP_000034420.1	263	k121_185148_3	N/A	35.985	97	264	2.40e-36	133
WP_000034420.1	263	k121_536625_2	N/A	32.576	99	264	6.16e-36	133
WP_000034420.1	263	k121_97530_5	N/A	33.712	98	264	8.16e-36	131
WP_000034420.1	263	k121_446039_39	N/A	31.579	99	266	1.79e-35	132
WP_000034420.1	263	k121_197565_11	N/A	33.597	94	253	4.50e-35	130
WP_000034420.1	263	k121_163654_49	N/A	32.707	99	266	5.12e-35	131
WP_000034420.1	263	k121_1086285_12	N/A	35.206	98	267	1.23e-34	128
WP_000034420.1	263	k121_125695_6	N/A	30.534	99	262	1.77e-34	130
WP_000034420.1	263	k121_699502_6	N/A	30.072	99	276	2.68e-34	129
WP_000034420.1	263	k121_1502157_2	N/A	32.296	96	257	2.88e-34	127
WP_000034420.1	263	k121_412915_8	N/A	30.682	98	264	4.47e-34	127
WP_000034420.1	263	k121_326925_1	N/A	37.104	83	221	5.22e-34	125
WP_000034420.1	263	k121_964348_3	N/A	32.114	93	246	8.65e-34	126
WP_000034420.1	263	k121_313864_3	N/A	31.818	97	264	8.91e-34	126
WP_000034420.1	263	k121_448596_3	N/A	31.955	99	266	2.98e-33	127
WP_000034420.1	263	k121_580552_3	N/A	33.840	98	263	7.81e-33	124
WP_000034420.1	263	k121_1308573_2	N/A	33.585	99	265	1.15e-32	124
WP_000034420.1	263	k121_906665_7	N/A	33.333	94	252	1.23e-32	123
WP_000034420.1	263	k121_241144_2	N/A	34.601	97	263	2.32e-32	123
WP_000034420.1	263	k121_1037443_14	N/A	34.263	93	251	4.23e-32	121
WP_000034420.1	263	k121_1016756_1	N/A	32.331	98	266	6.79e-32	121
WP_000034420.1	263	k121_1070652_3	N/A	33.077	97	260	2.81e-31	120
WP_000034420.1	263	k121_1120481_7	N/A	32.950	98	261	2.94e-31	120
WP_000034420.1	263	k121_617648_21	N/A	32.830	98	265	3.36e-31	119
WP_000034420.1	263	k121_235692_1	N/A	45.600	47	125	3.37e-31	116
WP_000034420.1	263	k121_816671_18	N/A	32.197	98	264	4.79e-31	120
WP_000034420.1	263	k121_1184576_4	N/A	30.303	98	264	5.35e-31	119
WP_000034420.1	263	k121_469493_1	N/A	34.694	92	245	6.49e-31	118
WP_000034420.1	263	k121_265354_3	N/A	32.184	97	261	8.67e-31	118
WP_000034420.1	263	k121_1270518_3	N/A	31.818	99	264	1.07e-30	118
WP_000034420.1	263	k121_1442723_2	N/A	32.955	99	264	1.14e-30	117
WP_000034420.1	263	k121_179534_6	N/A	31.321	98	265	1.63e-30	118
WP_000034420.1	263	k121_95723_3	N/A	30.620	97	258	1.70e-30	118
WP_000034420.1	263	k121_52161_6	N/A	32.806	94	253	2.06e-30	118
WP_000034420.1	263	k121_363866_4	N/A	30.303	98	264	3.96e-30	117
WP_000034420.1	263	k121_947341_2	N/A	29.630	79	216	1.10e-29	114
WP_000034420.1	263	k121_1158063_2	N/A	32.558	94	258	2.64e-29	114
WP_000034420.1	263	k121_487951_16	N/A	32.143	94	252	2.73e-29	116
WP_000034420.1	263	k121_1425345_1	N/A	30.682	98	264	4.20e-29	114
WP_000034420.1	263	k121_1126022_7	N/A	30.350	95	257	6.18e-29	113
WP_000034420.1	263	k121_1444034_80	N/A	29.434	97	265	6.19e-29	114
WP_000034420.1	263	k121_648008_2	N/A	30.515	98	272	8.01e-29	114
WP_000034420.1	263	k121_109286_6	N/A	29.856	94	278	8.21e-29	113
WP_000034420.1	263	k121_1187493_14	N/A	30.769	93	273	9.09e-29	114
WP_000034420.1	263	k121_1009189_3	N/A	30.303	99	264	1.75e-28	112
WP_000034420.1	263	k121_268602_59	N/A	30.451	98	266	3.56e-28	112
WP_000034420.1	263	k121_710594_2	N/A	36.571	66	175	4.00e-28	109
WP_000034420.1	263	k121_930828_1	N/A	28.462	97	260	1.34e-27	110
WP_000034420.1	263	k121_1170481_2	N/A	33.209	99	268	1.57e-27	110
WP_000034420.1	263	k121_1079672_5	N/A	30.682	98	264	1.72e-27	110
WP_000034420.1	263	k121_625352_2	N/A	31.556	85	225	2.48e-27	108
WP_000034420.1	263	k121_1022561_46	N/A	32.955	98	264	2.78e-27	109
WP_000034420.1	263	k121_372302_2	N/A	29.167	98	264	3.24e-27	109
WP_000034420.1	263	k121_841562_21	N/A	30.403	98	273	5.37e-27	108
WP_000034420.1	263	k121_1398183_41	N/A	27.519	97	258	1.22e-26	107
WP_000034420.1	263	k121_1180432_10	N/A	28.996	97	269	1.45e-26	107
WP_000034420.1	263	k121_623539_9	N/A	29.572	94	257	1.90e-26	107
WP_000034420.1	263	k121_944731_2	N/A	44.275	47	131	1.93e-26	104
WP_000034420.1	263	k121_467861_22	N/A	33.716	94	261	4.05e-26	106
WP_000034420.1	263	k121_980077_48	N/A	31.047	98	277	9.68e-26	105
WP_000034420.1	263	k121_837414_13	N/A	29.515	81	227	1.23e-25	105
WP_000034420.1	263	k121_66094_2	N/A	32.934	63	167	1.44e-25	102
WP_000034420.1	263	k121_1208982_181	N/A	29.880	93	251	2.15e-25	104
WP_000034420.1	263	k121_1066364_93	N/A	29.771	97	262	4.90e-25	103
WP_000034420.1	263	k121_1236812_1	N/A	30.712	98	267	1.82e-24	102
WP_000034420.1	263	k121_453403_2	N/A	30.279	94	251	1.87e-24	101
WP_000034420.1	263	k121_469727_2	N/A	28.571	94	259	2.17e-24	102
WP_000034420.1	263	k121_604468_11	N/A	29.389	97	262	3.71e-24	101
WP_000034420.1	263	k121_358597_2	N/A	28.409	99	264	4.59e-24	102
WP_000034420.1	263	k121_1170656_1	N/A	31.217	71	189	1.34e-23	97.4
WP_000034420.1	263	k121_1467976_1	N/A	39.200	47	125	1.47e-23	96.3
WP_000034420.1	263	k121_664171_1	N/A	37.903	47	124	1.61e-23	95.9
WP_000034420.1	263	k121_618570_3	N/A	29.924	98	264	2.21e-23	99.0
WP_000034420.1	263	k121_749679_2	N/A	31.481	81	216	5.91e-23	96.7
WP_000034420.1	263	k121_1232728_1	N/A	32.278	59	158	2.21e-22	94.4
WP_000034420.1	263	k121_860091_2	N/A	31.193	81	218	2.39e-22	95.5
WP_000034420.1	263	k121_955751_3	N/A	28.889	98	270	9.63e-22	95.1
WP_000034420.1	263	k121_650417_1	N/A	29.771	97	262	7.53e-21	94.4
WP_000034420.1	263	k121_1131527_4	N/A	29.924	98	264	8.43e-21	91.7
WP_000034420.1	263	k121_400513_17	N/A	30.075	97	266	3.80e-20	90.5
WP_000034420.1	263	k121_1124409_3	N/A	28.947	84	228	6.04e-20	89.0
WP_000034420.1	263	k121_243998_5	N/A	29.134	94	254	6.91e-20	90.9
WP_000034420.1	263	k121_618357_2	N/A	27.184	77	206	6.99e-20	90.1
WP_000034420.1	263	k121_416466_3	N/A	29.964	98	277	8.66e-20	89.7
WP_000034420.1	263	k121_1186654_1	N/A	35.664	53	143	2.01e-19	87.4
WP_000034420.1	263	k121_284568_16	N/A	27.402	97	281	2.19e-19	88.2
WP_000034420.1	263	k121_322649_1	N/A	31.915	70	188	2.37e-19	86.7
WP_000034420.1	263	k121_585229_4	N/A	30.594	82	219	2.54e-19	88.2
WP_000034420.1	263	k121_810587_46	N/A	30.047	79	213	1.72e-18	85.5
WP_000034420.1	263	k121_616647_2	N/A	29.915	84	234	4.46e-18	84.3
WP_000034420.1	263	k121_804435_17	N/A	29.242	97	277	2.17e-17	83.2
WP_000034420.1	263	k121_112225_2	N/A	29.344	94	259	2.40e-17	83.6
WP_000034420.1	263	k121_771355_2	N/A	28.854	89	253	3.25e-17	82.4
WP_000034420.1	263	k121_462657_28	N/A	28.044	94	271	4.68e-17	82.8
WP_000034420.1	263	k121_1282477_3	N/A	45.455	33	88	4.99e-17	77.8
WP_000034420.1	263	k121_324830_1	N/A	30.114	65	176	5.67e-16	77.0
WP_000034420.1	263	k121_272757_3	N/A	27.749	72	191	1.74e-15	77.0
WP_000034420.1	263	k121_1300502_3	N/A	27.749	72	191	5.57e-15	75.9
WP_000034420.1	263	k121_840102_17	N/A	31.955	97	266	7.98e-15	76.3
WP_000034420.1	263	k121_646052_1	N/A	29.412	70	187	1.05e-14	73.6
WP_000034420.1	263	k121_334908_2	N/A	34.314	38	102	9.87e-14	69.7
WP_000034420.1	263	k121_766361_1	N/A	27.957	66	186	2.43e-13	70.1
WP_000034420.1	263	k121_808453_2	N/A	53.731	25	67	3.08e-13	67.0
WP_000034420.1	263	k121_528738_2	N/A	39.216	38	102	4.72e-13	67.8
WP_000034420.1	263	k121_963251_1	N/A	36.364	42	110	1.32e-12	66.2
WP_000034420.1	263	k121_860922_2	N/A	31.915	54	141	1.61e-12	66.6
WP_000034420.1	263	k121_1378029_1	N/A	27.027	70	185	2.67e-12	67.4
WP_000034420.1	263	k121_271609_2	N/A	36.634	38	101	3.10e-12	64.7
WP_000034420.1	263	k121_291766_3	N/A	27.108	62	166	4.32e-12	66.2
WP_000034420.1	263	k121_1359679_6	N/A	28.409	66	176	9.84e-12	66.6
WP_000034420.1	263	k121_1439005_3	N/A	42.466	25	73	5.19e-11	61.6
WP_000034420.1	263	k121_491804_1	N/A	45.312	24	64	7.19e-11	62.4
WP_000034420.1	263	k121_23981_1	N/A	30.070	51	143	2.14e-10	62.0
WP_000034420.1	263	k121_147092_2	N/A	31.034	44	116	1.25e-09	58.2
WP_000034420.1	263	k121_89897_1	N/A	43.396	20	53	5.42e-09	55.5
WP_000034420.1	263	k121_1005697_2	N/A	32.877	54	146	1.02e-08	56.2
WP_000034420.1	263	k121_720724_3	N/A	26.087	70	207	9.00e-08	54.7
WP_000034420.1	263	k121_147561_2	N/A	40.845	27	71	1.01e-07	52.8
WP_000034420.1	263	k121_992992_3	N/A	42.500	30	80	7.50e-07	49.3
WP_000034420.1	263	k121_515637_1	N/A	27.642	46	123	1.93e-06	49.3
WP_000034420.1	263	k121_483287_1	N/A	37.500	24	64	4.62e-06	47.8
WP_000034420.1	263	k121_290838_2	N/A	37.313	22	67	3.03e-05	44.7
WP_000034420.1	263	k121_287203_2	N/A	30.928	34	97	1.67e-04	43.1
WP_000034420.1	263	k121_729726_1	N/A	39.655	22	58	5.84e-04	41.2
WP_000034420.1	263	k121_1220542_13	N/A	25.203	43	123	0.040	38.1
WP_000845048.1	337	k121_1076020_2	N/A	63.497	96	326	2.35e-148	424
WP_000845048.1	337	k121_346108_2	N/A	63.609	96	327	1.26e-145	417
WP_000845048.1	337	k121_966246_1	N/A	62.577	96	326	1.36e-145	417
WP_000845048.1	337	k121_100652_2	N/A	61.774	97	327	4.53e-144	414
WP_000845048.1	337	k121_158120_4	N/A	61.976	98	334	5.76e-144	413
WP_000845048.1	337	k121_786705_3	N/A	61.212	97	330	1.03e-141	407
WP_000845048.1	337	k121_578685_2	N/A	64.286	98	336	1.70e-140	407
WP_000845048.1	337	k121_182447_3	N/A	61.631	96	331	7.62e-140	404
WP_000845048.1	337	k121_837627_1	N/A	58.209	98	335	6.03e-135	390
WP_000845048.1	337	k121_580142_1	N/A	59.202	95	326	2.44e-132	384
WP_000845048.1	337	k121_670604_2	N/A	58.104	96	327	1.79e-131	381
WP_000845048.1	337	k121_443187_4	N/A	59.347	100	337	2.96e-131	382
WP_000845048.1	337	k121_825734_3	N/A	58.589	97	326	1.10e-130	379
WP_000845048.1	337	k121_581300_1	N/A	61.564	91	307	1.51e-130	379
WP_000845048.1	337	k121_539639_3	N/A	57.895	95	323	6.01e-130	377
WP_000845048.1	337	k121_197541_3	N/A	58.788	98	330	1.51e-128	374
WP_000845048.1	337	k121_837569_1	N/A	69.841	75	252	1.66e-127	369
WP_000845048.1	337	k121_458837_2	N/A	56.098	96	328	3.68e-124	363
WP_000845048.1	337	k121_641261_1	N/A	58.553	89	304	1.12e-122	358
WP_000845048.1	337	k121_683155_5	N/A	55.452	95	321	1.45e-116	344
WP_000845048.1	337	k121_236123_1	N/A	97.024	50	168	9.28e-116	335
WP_000845048.1	337	k121_1162593_2	N/A	58.451	84	284	8.27e-114	334
WP_000845048.1	337	k121_1353006_2	N/A	55.120	98	332	5.04e-113	334
WP_000845048.1	337	k121_805256_5	N/A	52.866	93	314	1.05e-112	333
WP_000845048.1	337	k121_80785_1	N/A	60.385	77	260	2.52e-110	325
WP_000845048.1	337	k121_947597_2	N/A	50.155	96	323	2.77e-108	322
WP_000845048.1	337	k121_758294_1	N/A	51.899	94	316	1.60e-106	318
WP_000845048.1	337	k121_332513_58	N/A	54.140	93	314	1.92e-106	317
WP_000845048.1	337	k121_1019568_20	N/A	51.713	95	321	3.01e-105	314
WP_000845048.1	337	k121_102741_1	N/A	50.755	98	331	7.93e-100	301
WP_000845048.1	337	k121_1128266_1	N/A	49.074	96	324	5.75e-98	295
WP_000845048.1	337	k121_1263515_2	N/A	49.841	93	315	1.25e-97	295
WP_000845048.1	337	k121_487075_1	N/A	100.000	41	139	2.36e-95	282
WP_000845048.1	337	k121_258477_1	N/A	56.180	79	267	2.73e-94	284
WP_000845048.1	337	k121_1351929_1	N/A	97.842	41	139	1.24e-93	278
WP_000845048.1	337	k121_383449_1	N/A	56.589	75	258	3.91e-93	281
WP_000845048.1	337	k121_565017_2	N/A	47.134	93	314	1.67e-92	286
WP_000845048.1	337	k121_465821_1	N/A	50.955	93	314	1.79e-92	281
WP_000845048.1	337	k121_1395764_2	N/A	65.366	61	205	3.53e-91	274
WP_000845048.1	337	k121_155989_1	N/A	51.460	81	274	1.14e-90	275
WP_000845048.1	337	k121_1111100_3	N/A	43.807	90	331	2.70e-87	268
WP_000845048.1	337	k121_857944_3	N/A	46.309	88	298	4.13e-86	265
WP_000845048.1	337	k121_1492184_2	N/A	48.889	93	315	9.89e-86	269
WP_000845048.1	337	k121_472694_5	N/A	60.829	64	217	9.01e-84	255
WP_000845048.1	337	k121_934727_2	N/A	51.724	77	261	5.00e-81	250
WP_000845048.1	337	k121_207205_2	N/A	42.722	93	316	1.10e-78	247
WP_000845048.1	337	k121_516157_1	N/A	51.818	65	220	2.93e-72	226
WP_000845048.1	337	k121_865283_2	N/A	55.959	57	193	1.38e-66	211
WP_000845048.1	337	k121_922516_2	N/A	49.302	64	215	8.39e-65	207
WP_000845048.1	337	k121_206757_2	N/A	62.420	47	157	2.19e-61	196
WP_000845048.1	337	k121_859398_2	N/A	46.667	62	210	2.82e-60	195
WP_000845048.1	337	k121_1072472_1	N/A	45.575	67	226	6.64e-60	195
WP_000845048.1	337	k121_1021894_1	N/A	59.006	47	161	7.74e-60	193
WP_000845048.1	337	k121_915271_2	N/A	40.613	77	261	1.26e-55	191
WP_000845048.1	337	k121_781445_66	N/A	58.904	43	146	1.42e-53	178
WP_000845048.1	337	k121_1182780_1	N/A	57.143	72	154	1.54e-53	179
WP_000845048.1	337	k121_1182780_1	N/A	53.261	72	92	5.53e-23	99.4
WP_000845048.1	337	k121_748742_2	N/A	50.270	55	185	2.10e-52	174
WP_000845048.1	337	k121_964124_2	N/A	34.568	95	324	3.31e-51	177
WP_000845048.1	337	k121_979822_1	N/A	42.029	80	276	3.17e-50	175
WP_000845048.1	337	k121_934727_1	N/A	40.377	77	265	7.07e-46	159
WP_000845048.1	337	k121_1032199_4	N/A	34.323	90	303	2.53e-44	161
WP_000845048.1	337	k121_1417737_16	N/A	53.741	44	147	4.20e-44	152
WP_000845048.1	337	k121_1225684_2	N/A	35.608	98	337	1.68e-42	152
WP_000845048.1	337	k121_1121780_2	N/A	31.746	93	315	2.11e-41	149
WP_000845048.1	337	k121_377714_8	N/A	31.348	93	319	3.26e-41	148
WP_000845048.1	337	k121_400862_1	N/A	32.399	93	321	6.14e-41	150
WP_000845048.1	337	k121_829600_64	N/A	32.698	93	315	1.13e-40	147
WP_000845048.1	337	k121_14574_2	N/A	31.949	92	313	2.77e-40	150
WP_000845048.1	337	k121_818933_2	N/A	33.443	90	305	3.20e-40	146
WP_000845048.1	337	k121_1309656_1	N/A	31.118	96	331	9.83e-40	145
WP_000845048.1	337	k121_1155201_2	N/A	33.119	91	311	3.20e-39	148
WP_000845048.1	337	k121_131425_1	N/A	36.278	94	317	5.85e-39	142
WP_000845048.1	337	k121_889714_2	N/A	34.295	91	312	9.40e-39	142
WP_000845048.1	337	k121_330381_1	N/A	34.385	93	317	1.16e-38	142
WP_000845048.1	337	k121_1350163_1	N/A	31.288	96	326	3.05e-38	146
WP_000845048.1	337	k121_475330_2	N/A	35.030	98	334	1.21e-36	136
WP_000845048.1	337	k121_1306291_2	N/A	34.030	99	335	3.56e-36	135
WP_000845048.1	337	k121_586699_7	N/A	34.328	99	335	1.15e-35	134
WP_000845048.1	337	k121_395794_1	N/A	28.395	96	324	1.76e-35	135
WP_000845048.1	337	k121_677681_1	N/A	30.818	93	318	2.86e-35	135
WP_000845048.1	337	k121_1272017_3	N/A	30.000	97	330	3.20e-35	135
WP_000845048.1	337	k121_902876_23	N/A	29.254	98	335	5.30e-35	135
WP_000845048.1	337	k121_450078_2	N/A	30.435	95	322	6.23e-35	133
WP_000845048.1	337	k121_525877_4	N/A	69.231	27	91	6.61e-35	125
WP_000845048.1	337	k121_55298_2	N/A	31.511	92	311	7.18e-35	135
WP_000845048.1	337	k121_553602_10	N/A	31.611	97	329	1.68e-34	131
WP_000845048.1	337	k121_1328748_1	N/A	31.715	90	309	2.36e-34	130
WP_000845048.1	337	k121_1364681_2	N/A	33.133	98	332	2.48e-34	130
WP_000845048.1	337	k121_218535_2	N/A	32.566	89	304	4.07e-34	129
WP_000845048.1	337	k121_1500665_3	N/A	32.831	98	332	7.37e-34	129
WP_000845048.1	337	k121_846647_3	N/A	32.573	90	307	1.04e-33	129
WP_000845048.1	337	k121_1278263_4	N/A	29.688	94	320	1.19e-33	128
WP_000845048.1	337	k121_742675_7	N/A	33.225	90	307	1.32e-33	128
WP_000845048.1	337	k121_1461224_1	N/A	34.524	99	336	2.57e-33	128
WP_000845048.1	337	k121_514103_2	N/A	33.579	80	271	5.57e-33	125
WP_000845048.1	337	k121_972527_2	N/A	31.940	99	335	5.93e-33	127
WP_000845048.1	337	k121_344110_4	N/A	31.361	99	338	7.38e-33	126
WP_000845048.1	337	k121_1280091_1	N/A	37.674	64	215	1.16e-32	124
WP_000845048.1	337	k121_828480_2	N/A	33.832	98	334	2.71e-32	125
WP_000845048.1	337	k121_192550_2	N/A	28.481	93	316	3.87e-32	126
WP_000845048.1	337	k121_1026820_2	N/A	27.063	90	303	4.63e-32	125
WP_000845048.1	337	k121_712264_3	N/A	27.632	90	304	6.40e-32	125
WP_000845048.1	337	k121_1437916_8	N/A	52.727	31	110	8.58e-32	118
WP_000845048.1	337	k121_1177162_2	N/A	32.381	93	315	1.62e-31	123
WP_000845048.1	337	k121_261390_4	N/A	31.515	97	330	1.77e-31	123
WP_000845048.1	337	k121_240986_2	N/A	44.030	40	134	1.80e-31	120
WP_000845048.1	337	k121_341419_11	N/A	31.804	96	327	1.90e-31	123
WP_000845048.1	337	k121_494250_1	N/A	32.390	93	318	3.66e-31	122
WP_000845048.1	337	k121_1488785_3	N/A	32.082	87	293	6.26e-31	121
WP_000845048.1	337	k121_359830_3	N/A	33.642	95	324	7.55e-31	121
WP_000845048.1	337	k121_798090_16	N/A	28.435	92	313	8.87e-31	125
WP_000845048.1	337	k121_96247_2	N/A	29.043	90	303	1.27e-30	122
WP_000845048.1	337	k121_722726_1	N/A	33.553	89	304	1.84e-30	119
WP_000845048.1	337	k121_970911_2	N/A	33.117	89	308	1.95e-30	120
WP_000845048.1	337	k121_108124_1	N/A	31.915	82	282	2.58e-30	119
WP_000845048.1	337	k121_255287_2	N/A	30.142	83	282	3.23e-30	119
WP_000845048.1	337	k121_674204_2	N/A	34.632	68	231	3.50e-30	117
WP_000845048.1	337	k121_1077218_2	N/A	29.341	98	334	4.05e-30	119
WP_000845048.1	337	k121_91601_1	N/A	31.922	90	307	5.39e-30	118
WP_000845048.1	337	k121_862465_1	N/A	35.102	72	245	7.74e-30	116
WP_000845048.1	337	k121_961990_2	N/A	32.733	97	333	8.70e-30	118
WP_000845048.1	337	k121_678928_9	N/A	30.108	82	279	8.91e-30	121
WP_000845048.1	337	k121_1088884_4	N/A	27.744	95	328	1.06e-29	119
WP_000845048.1	337	k121_357627_2	N/A	33.033	97	333	2.28e-29	117
WP_000845048.1	337	k121_1492379_1	N/A	31.420	97	331	3.92e-29	117
WP_000845048.1	337	k121_1347805_1	N/A	45.517	40	145	6.17e-29	112
WP_000845048.1	337	k121_188376_2	N/A	32.000	96	325	7.98e-29	116
WP_000845048.1	337	k121_67515_1	N/A	29.457	76	258	1.02e-28	113
WP_000845048.1	337	k121_9578_1	N/A	29.467	94	319	1.10e-28	117
WP_000845048.1	337	k121_1013542_1	N/A	28.479	90	309	1.13e-28	115
WP_000845048.1	337	k121_651025_1	N/A	36.042	82	283	1.67e-28	114
WP_000845048.1	337	k121_145684_1	N/A	29.969	96	327	1.82e-28	117
WP_000845048.1	337	k121_651359_4	N/A	51.376	32	109	2.04e-28	110
WP_000845048.1	337	k121_1335984_1	N/A	29.710	82	276	2.89e-28	113
WP_000845048.1	337	k121_340165_2	N/A	45.378	35	119	4.00e-28	110
WP_000845048.1	337	k121_326880_1	N/A	30.435	88	299	5.99e-28	113
WP_000845048.1	337	k121_619465_3	N/A	31.307	96	329	6.43e-28	113
WP_000845048.1	337	k121_820158_1	N/A	59.524	25	84	6.54e-28	107
WP_000845048.1	337	k121_577559_3	N/A	29.653	93	317	9.62e-28	115
WP_000845048.1	337	k121_1327620_2	N/A	31.343	99	335	1.24e-27	112
WP_000845048.1	337	k121_780393_5	N/A	30.000	85	290	1.55e-27	112
WP_000845048.1	337	k121_485032_35	N/A	25.240	91	313	1.73e-27	112
WP_000845048.1	337	k121_282441_2	N/A	31.761	93	318	2.02e-27	112
WP_000845048.1	337	k121_868947_2	N/A	60.000	26	90	2.56e-27	106
WP_000845048.1	337	k121_271792_1	N/A	27.483	89	302	1.34e-26	110
WP_000845048.1	337	k121_1478669_1	N/A	30.035	82	283	1.47e-26	109
WP_000845048.1	337	k121_1530768_1	N/A	62.651	25	83	1.62e-26	104
WP_000845048.1	337	k121_611325_6	N/A	36.607	66	224	1.77e-26	108
WP_000845048.1	337	k121_654328_4	N/A	32.333	85	300	2.75e-26	109
WP_000845048.1	337	k121_1009346_3	N/A	64.634	23	82	5.75e-26	102
WP_000845048.1	337	k121_776451_2	N/A	30.464	89	302	3.11e-25	106
WP_000845048.1	337	k121_150008_2	N/A	48.544	28	103	3.45e-25	102
WP_000845048.1	337	k121_784573_1	N/A	28.421	82	285	3.81e-25	105
WP_000845048.1	337	k121_1292863_2	N/A	36.199	65	221	5.40e-25	105
WP_000845048.1	337	k121_389841_2	N/A	32.581	88	310	6.20e-25	106
WP_000845048.1	337	k121_557423_5	N/A	30.846	59	201	6.29e-25	102
WP_000845048.1	337	k121_175330_4	N/A	33.088	77	272	1.15e-24	105
WP_000845048.1	337	k121_698111_3	N/A	31.878	67	229	1.68e-24	103
WP_000845048.1	337	k121_1122486_1	N/A	32.229	92	332	2.19e-24	104
WP_000845048.1	337	k121_11739_2	N/A	29.054	82	296	2.25e-24	104
WP_000845048.1	337	k121_738496_8	N/A	34.247	62	219	2.57e-24	104
WP_000845048.1	337	k121_939422_10	N/A	38.073	63	218	3.41e-24	103
WP_000845048.1	337	k121_541947_4	N/A	33.990	59	203	5.36e-24	100
WP_000845048.1	337	k121_124584_7	N/A	33.000	85	300	5.96e-24	102
WP_000845048.1	337	k121_690167_2	N/A	30.282	82	284	6.49e-24	102
WP_000845048.1	337	k121_793336_8	N/A	38.073	63	218	6.51e-24	103
WP_000845048.1	337	k121_662864_5	N/A	28.428	84	299	9.38e-24	102
WP_000845048.1	337	k121_358968_1	N/A	49.451	27	91	1.47e-23	96.7
WP_000845048.1	337	k121_1230019_23	N/A	34.510	72	255	2.10e-23	101
WP_000845048.1	337	k121_203379_2	N/A	31.159	80	276	2.55e-23	101
WP_000845048.1	337	k121_589167_2	N/A	32.581	85	310	4.61e-23	100
WP_000845048.1	337	k121_676299_1	N/A	31.438	85	299	5.34e-23	100
WP_000845048.1	337	k121_1352833_2	N/A	29.430	90	316	5.42e-23	100
WP_000845048.1	337	k121_613474_1	N/A	33.990	60	203	5.79e-23	97.4
WP_000845048.1	337	k121_733256_2	N/A	31.707	59	205	8.65e-23	99.8
WP_000845048.1	337	k121_1364042_60	N/A	35.612	78	278	1.61e-22	99.4
WP_000845048.1	337	k121_879027_1	N/A	33.945	63	218	1.72e-22	96.7
WP_000845048.1	337	k121_1271342_1	N/A	31.613	91	310	2.10e-22	98.2
WP_000845048.1	337	k121_77929_2	N/A	26.786	80	280	3.20e-22	98.2
WP_000845048.1	337	k121_1253898_8	N/A	29.429	93	333	3.51e-22	98.6
WP_000845048.1	337	k121_288156_44	N/A	32.911	88	316	3.78e-22	98.2
WP_000845048.1	337	k121_113854_4	N/A	34.562	62	217	8.94e-22	97.1
WP_000845048.1	337	k121_1362530_2	N/A	30.000	84	300	9.96e-22	97.1
WP_000845048.1	337	k121_1378080_15	N/A	34.112	62	214	1.01e-21	97.1
WP_000845048.1	337	k121_426650_9	N/A	31.250	78	272	1.02e-21	97.1
WP_000845048.1	337	k121_1518362_3	N/A	30.976	84	297	1.32e-21	96.7
WP_000845048.1	337	k121_1520434_14	N/A	29.085	85	306	1.35e-21	97.4
WP_000845048.1	337	k121_607536_6	N/A	30.450	81	289	3.63e-21	95.5
WP_000845048.1	337	k121_639181_4	N/A	28.391	88	317	3.63e-21	95.5
WP_000845048.1	337	k121_1225777_13	N/A	31.651	63	218	4.14e-21	95.1
WP_000845048.1	337	k121_1029347_2	N/A	34.247	63	219	4.37e-21	95.1
WP_000845048.1	337	k121_1058120_3	N/A	29.474	81	285	4.95e-21	95.1
WP_000845048.1	337	k121_339201_2	N/A	34.389	63	221	6.26e-21	94.7
WP_000845048.1	337	k121_931457_1	N/A	26.838	78	272	6.69e-21	94.0
WP_000845048.1	337	k121_685913_4	N/A	28.819	81	288	6.97e-21	94.7
WP_000845048.1	337	k121_498896_7	N/A	28.526	86	312	7.82e-21	94.4
WP_000845048.1	337	k121_830005_4	N/A	27.703	83	296	8.22e-21	94.4
WP_000845048.1	337	k121_1009995_1	N/A	29.097	85	299	9.69e-21	94.0
WP_000845048.1	337	k121_232206_1	N/A	37.423	47	163	1.07e-20	90.5
WP_000845048.1	337	k121_986581_2	N/A	27.302	88	315	1.83e-20	93.2
WP_000845048.1	337	k121_1475531_2	N/A	31.148	83	305	1.95e-20	93.6
WP_000845048.1	337	k121_455690_3	N/A	25.256	86	293	2.06e-20	93.6
WP_000845048.1	337	k121_549185_43	N/A	30.556	81	288	2.06e-20	93.2
WP_000845048.1	337	k121_1075849_1	N/A	36.082	57	194	2.29e-20	90.1
WP_000845048.1	337	k121_1262138_3	N/A	62.500	21	72	2.47e-20	87.0
WP_000845048.1	337	k121_452992_24	N/A	25.418	85	299	2.52e-20	93.2
WP_000845048.1	337	k121_645761_2	N/A	36.813	54	182	2.59e-20	90.1
WP_000845048.1	337	k121_831423_2	N/A	30.201	82	298	2.99e-20	92.8
WP_000845048.1	337	k121_400938_8	N/A	30.159	85	315	3.45e-20	92.8
WP_000845048.1	337	k121_510086_2	N/A	35.849	61	212	3.87e-20	92.0
WP_000845048.1	337	k121_971415_30	N/A	31.104	84	299	4.91e-20	92.0
WP_000845048.1	337	k121_1517871_1	N/A	26.531	83	294	6.05e-20	92.0
WP_000845048.1	337	k121_1232759_2	N/A	29.323	76	266	7.01e-20	91.3
WP_000845048.1	337	k121_587735_3	N/A	31.579	68	247	8.13e-20	92.0
WP_000845048.1	337	k121_1293419_12	N/A	28.975	81	283	9.23e-20	91.3
WP_000845048.1	337	k121_281138_2	N/A	30.091	91	329	1.00e-19	91.7
WP_000845048.1	337	k121_1278032_3	N/A	34.722	62	216	1.01e-19	91.3
WP_000845048.1	337	k121_1421243_6	N/A	27.575	83	301	1.12e-19	91.3
WP_000845048.1	337	k121_109643_4	N/A	32.056	81	287	1.13e-19	91.3
WP_000845048.1	337	k121_1226184_12	N/A	33.333	62	216	1.22e-19	91.3
WP_000845048.1	337	k121_555015_3	N/A	35.638	55	188	1.23e-19	91.3
WP_000845048.1	337	k121_1361628_2	N/A	53.247	23	77	1.31e-19	86.3
WP_000845048.1	337	k121_427684_1	N/A	29.384	62	211	1.88e-19	88.2
WP_000845048.1	337	k121_410745_1	N/A	36.190	61	210	2.12e-19	90.5
WP_000845048.1	337	k121_261883_82	N/A	30.662	78	287	2.49e-19	90.1
WP_000845048.1	337	k121_935223_1	N/A	27.206	78	272	2.87e-19	90.1
WP_000845048.1	337	k121_989304_17	N/A	34.722	62	216	3.95e-19	89.7
WP_000845048.1	337	k121_661883_4	N/A	30.719	85	306	4.41e-19	90.1
WP_000845048.1	337	k121_254099_5	N/A	25.786	90	318	4.63e-19	89.4
WP_000845048.1	337	k121_1412075_1	N/A	30.268	75	261	4.74e-19	88.6
WP_000845048.1	337	k121_78621_6	N/A	33.803	61	213	5.70e-19	89.4
WP_000845048.1	337	k121_748421_1	N/A	31.383	54	188	5.81e-19	87.0
WP_000845048.1	337	k121_1049036_2	N/A	30.034	87	293	5.89e-19	88.2
WP_000845048.1	337	k121_528530_13	N/A	34.545	62	220	6.43e-19	89.4
WP_000845048.1	337	k121_320754_6	N/A	28.296	85	311	7.01e-19	89.0
WP_000845048.1	337	k121_317026_12	N/A	34.978	62	223	7.76e-19	89.0
WP_000845048.1	337	k121_759167_1	N/A	33.333	63	219	8.22e-19	88.6
WP_000845048.1	337	k121_1533444_2	N/A	30.909	78	275	8.39e-19	89.4
WP_000845048.1	337	k121_369104_1	N/A	28.829	64	222	8.92e-19	87.0
WP_000845048.1	337	k121_1350160_2	N/A	52.632	23	76	9.18e-19	84.7
WP_000845048.1	337	k121_811081_2	N/A	33.491	61	212	9.30e-19	88.6
WP_000845048.1	337	k121_822689_3	N/A	35.519	54	183	1.10e-18	85.5
WP_000845048.1	337	k121_24111_1	N/A	32.420	63	219	1.30e-18	86.3
WP_000845048.1	337	k121_1025621_3	N/A	35.714	54	182	1.46e-18	85.5
WP_000845048.1	337	k121_292042_2	N/A	35.909	63	220	1.53e-18	88.2
WP_000845048.1	337	k121_1009925_30	N/A	28.315	80	279	1.55e-18	87.8
WP_000845048.1	337	k121_652052_2	N/A	28.736	74	261	1.65e-18	87.8
WP_000845048.1	337	k121_1083219_1	N/A	31.803	85	305	1.66e-18	88.2
WP_000845048.1	337	k121_70081_27	N/A	30.877	79	285	1.67e-18	88.2
WP_000845048.1	337	k121_1071837_1	N/A	35.323	59	201	1.93e-18	85.1
WP_000845048.1	337	k121_400908_1	N/A	33.184	63	223	2.13e-18	85.9
WP_000845048.1	337	k121_1148981_1	N/A	33.023	62	215	2.15e-18	87.4
WP_000845048.1	337	k121_1002724_2	N/A	36.910	66	233	2.54e-18	87.4
WP_000845048.1	337	k121_406981_57	N/A	26.596	81	282	2.77e-18	87.4
WP_000845048.1	337	k121_988192_252	N/A	31.818	78	286	3.01e-18	87.4
WP_000845048.1	337	k121_1411027_1	N/A	23.529	90	306	3.03e-18	86.7
WP_000845048.1	337	k121_1467222_1	N/A	31.359	79	287	4.22e-18	86.3
WP_000845048.1	337	k121_391467_5	N/A	31.963	64	219	4.35e-18	86.7
WP_000845048.1	337	k121_1211251_1	N/A	26.014	83	296	5.70e-18	86.3
WP_000845048.1	337	k121_1376092_1	N/A	30.137	63	219	7.77e-18	84.0
WP_000845048.1	337	k121_1067681_8	N/A	30.357	63	224	9.10e-18	85.9
WP_000845048.1	337	k121_1245796_15	N/A	32.353	77	272	9.43e-18	85.9
WP_000845048.1	337	k121_40155_3	N/A	30.576	80	278	9.69e-18	85.9
WP_000845048.1	337	k121_897707_1	N/A	31.019	62	216	1.01e-17	83.6
WP_000845048.1	337	k121_820259_2	N/A	31.050	64	219	1.09e-17	84.7
WP_000845048.1	337	k121_690828_2	N/A	26.740	77	273	1.15e-17	85.9
WP_000845048.1	337	k121_402557_20	N/A	28.571	64	224	1.34e-17	85.5
WP_000845048.1	337	k121_208050_14	N/A	31.925	61	213	1.45e-17	85.5
WP_000845048.1	337	k121_1083390_3	N/A	31.250	78	272	1.52e-17	85.9
WP_000845048.1	337	k121_845078_1	N/A	30.258	77	271	1.71e-17	85.1
WP_000845048.1	337	k121_886224_1	N/A	32.743	63	226	1.72e-17	84.3
WP_000845048.1	337	k121_597286_7	N/A	32.683	59	205	2.11e-17	85.1
WP_000845048.1	337	k121_1170504_3	N/A	32.314	65	229	2.22e-17	85.1
WP_000845048.1	337	k121_665247_3	N/A	33.514	54	185	2.50e-17	84.3
WP_000845048.1	337	k121_914339_15	N/A	31.308	62	214	2.65e-17	84.3
WP_000845048.1	337	k121_871457_2	N/A	45.570	23	79	3.29e-17	81.6
WP_000845048.1	337	k121_449982_2	N/A	33.714	52	175	3.38e-17	80.5
WP_000845048.1	337	k121_706161_2	N/A	32.743	62	226	3.43e-17	84.3
WP_000845048.1	337	k121_158779_5	N/A	38.208	61	212	3.46e-17	84.0
WP_000845048.1	337	k121_773032_2	N/A	52.632	23	76	3.83e-17	79.3
WP_000845048.1	337	k121_706764_1	N/A	31.278	64	227	4.04e-17	82.8
WP_000845048.1	337	k121_179069_11	N/A	29.904	86	311	4.44e-17	84.0
WP_000845048.1	337	k121_1117006_49	N/A	25.316	88	316	4.99e-17	83.6
WP_000845048.1	337	k121_957606_4	N/A	28.155	90	309	5.48e-17	83.2
WP_000845048.1	337	k121_975652_1	N/A	28.426	57	197	5.57e-17	85.1
WP_000845048.1	337	k121_300982_2	N/A	24.901	74	253	6.01e-17	84.0
WP_000845048.1	337	k121_644257_10	N/A	37.430	53	179	7.09e-17	83.6
WP_000845048.1	337	k121_96746_4	N/A	57.576	20	66	8.83e-17	77.8
WP_000845048.1	337	k121_1241367_1	N/A	33.702	53	181	9.09e-17	80.1
WP_000845048.1	337	k121_430861_19	N/A	29.180	85	305	9.27e-17	82.8
WP_000845048.1	337	k121_647168_3	N/A	29.276	85	304	1.04e-16	82.8
WP_000845048.1	337	k121_385898_4	N/A	26.481	82	287	1.13e-16	82.8
WP_000845048.1	337	k121_1509076_9	N/A	30.303	84	297	1.23e-16	82.4
WP_000845048.1	337	k121_659328_12	N/A	30.147	77	272	1.23e-16	82.8
WP_000845048.1	337	k121_1205190_1	N/A	33.516	54	182	1.53e-16	79.3
WP_000845048.1	337	k121_1113132_2	N/A	33.796	62	216	1.58e-16	82.4
WP_000845048.1	337	k121_1239898_3	N/A	27.744	93	328	1.64e-16	82.0
WP_000845048.1	337	k121_262059_4	N/A	24.422	85	303	1.69e-16	82.0
WP_000845048.1	337	k121_975695_43	N/A	30.952	61	210	1.69e-16	82.4
WP_000845048.1	337	k121_460361_1	N/A	28.146	88	302	1.70e-16	81.6
WP_000845048.1	337	k121_775105_4	N/A	35.165	54	182	1.94e-16	82.0
WP_000845048.1	337	k121_451003_1	N/A	30.516	62	213	2.08e-16	82.0
WP_000845048.1	337	k121_218145_4	N/A	30.342	66	234	2.57e-16	81.6
WP_000845048.1	337	k121_1314018_2	N/A	30.903	81	288	2.74e-16	81.6
WP_000845048.1	337	k121_998391_2	N/A	27.541	85	305	2.78e-16	81.6
WP_000845048.1	337	k121_102741_2	N/A	33.679	56	193	3.37e-16	79.7
WP_000845048.1	337	k121_1002010_1	N/A	36.782	51	174	3.48e-16	78.2
WP_000845048.1	337	k121_815233_3	N/A	30.515	76	272	3.91e-16	81.6
WP_000845048.1	337	k121_237146_7	N/A	26.190	85	294	4.26e-16	81.3
WP_000845048.1	337	k121_340815_10	N/A	29.213	76	267	8.38e-16	80.5
WP_000845048.1	337	k121_614094_49	N/A	29.617	79	287	8.51e-16	80.1
WP_000845048.1	337	k121_71918_2	N/A	29.893	78	281	9.46e-16	80.5
WP_000845048.1	337	k121_596358_3	N/A	31.419	81	296	9.90e-16	80.1
WP_000845048.1	337	k121_729826_2	N/A	27.760	89	317	1.04e-15	80.1
WP_000845048.1	337	k121_348795_2	N/A	26.937	78	271	1.11e-15	79.7
WP_000845048.1	337	k121_660288_18	N/A	32.660	84	297	1.13e-15	80.1
WP_000845048.1	337	k121_231018_3	N/A	27.217	89	327	1.27e-15	80.1
WP_000845048.1	337	k121_649561_2	N/A	29.412	62	221	1.33e-15	79.7
WP_000845048.1	337	k121_213677_3	N/A	28.682	73	258	1.77e-15	79.3
WP_000845048.1	337	k121_353014_1	N/A	29.187	60	209	1.86e-15	77.0
WP_000845048.1	337	k121_266211_6	N/A	25.170	83	294	1.99e-15	79.3
WP_000845048.1	337	k121_237151_3	N/A	26.599	85	297	2.35e-15	79.0
WP_000845048.1	337	k121_1008854_2	N/A	31.250	64	224	2.58e-15	77.4
WP_000845048.1	337	k121_421456_2	N/A	26.126	64	222	2.62e-15	77.4
WP_000845048.1	337	k121_969477_1	N/A	27.660	55	188	2.67e-15	76.3
WP_000845048.1	337	k121_974226_4	N/A	27.841	52	176	2.72e-15	78.6
WP_000845048.1	337	k121_518729_1	N/A	26.838	75	272	2.82e-15	77.8
WP_000845048.1	337	k121_1368193_58	N/A	28.378	64	222	2.85e-15	78.6
WP_000845048.1	337	k121_131456_3	N/A	26.449	79	276	3.08e-15	78.6
WP_000845048.1	337	k121_875992_3	N/A	32.222	53	180	3.12e-15	78.6
WP_000845048.1	337	k121_1353324_13	N/A	29.373	84	303	3.47e-15	78.6
WP_000845048.1	337	k121_1415737_28	N/A	29.836	84	305	4.94e-15	78.2
WP_000845048.1	337	k121_910525_2	N/A	31.159	77	276	5.45e-15	78.2
WP_000845048.1	337	k121_1109217_3	N/A	25.497	85	302	5.75e-15	77.8
WP_000845048.1	337	k121_144400_5	N/A	28.571	86	308	6.03e-15	77.8
WP_000845048.1	337	k121_49048_2	N/A	26.636	63	214	7.03e-15	77.4
WP_000845048.1	337	k121_390863_3	N/A	28.990	84	307	7.15e-15	77.4
WP_000845048.1	337	k121_1019229_1	N/A	31.844	53	179	7.40e-15	75.1
WP_000845048.1	337	k121_63710_2	N/A	30.566	73	265	9.04e-15	76.6
WP_000845048.1	337	k121_938220_4	N/A	29.010	81	293	9.68e-15	77.4
WP_000845048.1	337	k121_699475_1	N/A	25.325	89	308	1.03e-14	76.6
WP_000845048.1	337	k121_790856_1	N/A	25.490	72	255	1.03e-14	76.6
WP_000845048.1	337	k121_1020079_2	N/A	28.017	63	232	1.04e-14	77.8
WP_000845048.1	337	k121_1275615_5	N/A	28.395	69	243	1.05e-14	77.0
WP_000845048.1	337	k121_1075401_6	N/A	27.240	80	279	1.23e-14	77.0
WP_000845048.1	337	k121_237482_2	N/A	30.544	65	239	1.37e-14	77.4
WP_000845048.1	337	k121_1160020_5	N/A	31.718	67	227	1.59e-14	76.6
WP_000845048.1	337	k121_44844_15	N/A	28.044	77	271	1.64e-14	76.6
WP_000845048.1	337	k121_326767_2	N/A	29.508	70	244	1.78e-14	76.6
WP_000845048.1	337	k121_637166_3	N/A	26.667	85	300	1.83e-14	76.3
WP_000845048.1	337	k121_714301_5	N/A	27.835	82	291	2.00e-14	76.3
WP_000845048.1	337	k121_1218367_2	N/A	30.000	63	220	2.25e-14	76.3
WP_000845048.1	337	k121_502700_1	N/A	29.032	62	217	2.79e-14	76.3
WP_000845048.1	337	k121_773834_2	N/A	29.180	84	305	2.85e-14	75.9
WP_000845048.1	337	k121_545782_13	N/A	28.667	84	300	2.86e-14	76.3
WP_000845048.1	337	k121_1527940_7	N/A	30.531	63	226	3.09e-14	75.9
WP_000845048.1	337	k121_325973_1	N/A	30.055	54	183	3.25e-14	73.2
WP_000845048.1	337	k121_1219048_2	N/A	32.258	62	217	3.35e-14	75.5
WP_000845048.1	337	k121_1417651_4	N/A	24.595	84	309	3.37e-14	75.5
WP_000845048.1	337	k121_1296627_2	N/A	29.470	84	302	3.48e-14	75.1
WP_000845048.1	337	k121_811890_1	N/A	30.556	53	180	3.78e-14	73.6
WP_000845048.1	337	k121_800733_3	N/A	26.882	80	279	4.24e-14	75.5
WP_000845048.1	337	k121_793204_2	N/A	29.927	77	274	4.66e-14	75.5
WP_000845048.1	337	k121_512233_10	N/A	29.139	84	302	4.99e-14	75.1
WP_000845048.1	337	k121_1170951_5	N/A	28.261	77	276	6.24e-14	75.1
WP_000845048.1	337	k121_936240_3	N/A	29.167	62	216	7.15e-14	74.7
WP_000845048.1	337	k121_202102_5	N/A	27.477	64	222	7.96e-14	72.8
WP_000845048.1	337	k121_729433_2	N/A	30.222	63	225	8.44e-14	74.7
WP_000845048.1	337	k121_551040_2	N/A	28.571	85	308	1.17e-13	74.3
WP_000845048.1	337	k121_56944_15	N/A	27.445	87	317	1.45e-13	73.6
WP_000845048.1	337	k121_404023_4	N/A	28.947	63	228	1.81e-13	73.6
WP_000845048.1	337	k121_1337358_1	N/A	30.058	51	173	2.30e-13	71.2
WP_000845048.1	337	k121_705155_2	N/A	29.258	63	229	2.57e-13	73.2
WP_000845048.1	337	k121_1354382_4	N/A	28.710	84	310	2.57e-13	73.2
WP_000845048.1	337	k121_192416_2	N/A	32.877	62	219	2.85e-13	72.8
WP_000845048.1	337	k121_1176575_3	N/A	22.535	82	284	3.15e-13	72.4
WP_000845048.1	337	k121_794472_4	N/A	29.293	57	198	3.38e-13	70.5
WP_000845048.1	337	k121_1218036_3	N/A	27.632	85	304	3.58e-13	72.4
WP_000845048.1	337	k121_682603_6	N/A	26.523	80	279	5.19e-13	72.0
WP_000845048.1	337	k121_107850_1	N/A	26.909	77	275	5.67e-13	72.4
WP_000845048.1	337	k121_1109010_2	N/A	39.423	31	104	5.77e-13	68.2
WP_000845048.1	337	k121_925355_2	N/A	30.275	62	218	6.43e-13	70.5
WP_000845048.1	337	k121_14993_2	N/A	29.565	66	230	7.08e-13	71.2
WP_000845048.1	337	k121_115617_1	N/A	26.207	81	290	7.85e-13	71.6
WP_000845048.1	337	k121_860707_2	N/A	29.126	86	309	8.91e-13	71.6
WP_000845048.1	337	k121_665015_3	N/A	27.132	73	258	9.33e-13	71.2
WP_000845048.1	337	k121_268680_6	N/A	29.108	58	213	1.15e-12	69.7
WP_000845048.1	337	k121_499458_2	N/A	33.146	53	178	1.24e-12	70.1
WP_000845048.1	337	k121_243627_6	N/A	32.883	63	222	1.34e-12	71.6
WP_000845048.1	337	k121_271815_9	N/A	30.332	60	211	1.85e-12	70.9
WP_000845048.1	337	k121_1378425_1	N/A	53.731	20	67	2.12e-12	65.1
WP_000845048.1	337	k121_1098807_2	N/A	25.818	77	275	2.19e-12	70.1
WP_000845048.1	337	k121_69493_3	N/A	28.959	64	221	2.40e-12	70.1
WP_000845048.1	337	k121_645731_25	N/A	30.466	75	279	2.72e-12	70.1
WP_000845048.1	337	k121_22513_2	N/A	29.680	62	219	3.33e-12	69.3
WP_000845048.1	337	k121_572752_2	N/A	28.707	85	317	3.50e-12	70.1
WP_000845048.1	337	k121_972464_1	N/A	29.126	85	309	3.60e-12	70.1
WP_000845048.1	337	k121_220865_1	N/A	23.920	83	301	3.65e-12	69.7
WP_000845048.1	337	k121_817498_5	N/A	29.911	62	224	3.89e-12	69.7
WP_000845048.1	337	k121_1417165_1	N/A	28.261	54	184	4.12e-12	66.6
WP_000845048.1	337	k121_533943_1	N/A	32.948	51	173	4.14e-12	70.1
WP_000845048.1	337	k121_1405794_3	N/A	33.149	52	181	4.31e-12	69.7
WP_000845048.1	337	k121_845716_3	N/A	29.151	76	271	4.31e-12	69.3
WP_000845048.1	337	k121_713586_2	N/A	29.167	76	264	4.62e-12	69.7
WP_000845048.1	337	k121_1310875_16	N/A	28.169	61	213	5.18e-12	69.3
WP_000845048.1	337	k121_520402_152	N/A	31.193	63	218	6.54e-12	68.9
WP_000845048.1	337	k121_784705_1	N/A	37.008	37	127	7.79e-12	67.0
WP_000845048.1	337	k121_1207474_1	N/A	33.566	40	143	8.49e-12	66.2
WP_000845048.1	337	k121_1070507_2	N/A	31.081	63	222	1.01e-11	68.6
WP_000845048.1	337	k121_1272808_1	N/A	43.836	22	73	1.06e-11	64.3
WP_000845048.1	337	k121_450081_1	N/A	32.022	53	178	1.07e-11	66.2
WP_000845048.1	337	k121_633608_4	N/A	26.690	78	281	1.08e-11	68.6
WP_000845048.1	337	k121_1092999_3	N/A	26.754	63	228	1.09e-11	68.6
WP_000845048.1	337	k121_1088618_1	N/A	25.121	60	207	1.37e-11	67.8
WP_000845048.1	337	k121_618805_1	N/A	30.882	58	204	1.38e-11	67.8
WP_000845048.1	337	k121_1203819_1	N/A	28.470	77	281	1.39e-11	68.2
WP_000845048.1	337	k121_1009263_2	N/A	32.127	62	221	1.39e-11	68.2
WP_000845048.1	337	k121_247784_7	N/A	26.484	62	219	1.51e-11	67.8
WP_000845048.1	337	k121_979011_9	N/A	29.630	66	243	1.51e-11	68.6
WP_000845048.1	337	k121_1528807_1	N/A	27.306	77	271	1.63e-11	68.2
WP_000845048.1	337	k121_514103_1	N/A	43.662	21	71	1.64e-11	63.2
WP_000845048.1	337	k121_28645_4	N/A	23.548	88	310	1.71e-11	67.4
WP_000845048.1	337	k121_829850_4	N/A	30.317	62	221	1.78e-11	68.2
WP_000845048.1	337	k121_782809_4	N/A	33.898	53	177	2.11e-11	67.4
WP_000845048.1	337	k121_794951_1	N/A	32.203	53	177	2.21e-11	65.1
WP_000845048.1	337	k121_577545_3	N/A	31.081	61	222	2.76e-11	65.9
WP_000845048.1	337	k121_406788_8	N/A	24.731	80	279	2.77e-11	67.0
WP_000845048.1	337	k121_983509_2	N/A	27.832	85	309	2.90e-11	67.4
WP_000845048.1	337	k121_1320321_2	N/A	29.817	62	218	3.65e-11	67.0
WP_000845048.1	337	k121_15567_2	N/A	30.556	53	180	4.11e-11	66.6
WP_000845048.1	337	k121_571695_1	N/A	29.268	61	205	4.43e-11	66.6
WP_000845048.1	337	k121_588866_2	N/A	27.243	83	301	4.48e-11	66.6
WP_000845048.1	337	k121_753_2	N/A	31.111	53	180	4.84e-11	66.2
WP_000845048.1	337	k121_400973_2	N/A	30.928	57	194	5.33e-11	63.9
WP_000845048.1	337	k121_1267243_15	N/A	27.019	91	359	5.99e-11	66.2
WP_000845048.1	337	k121_506958_1	N/A	45.333	22	75	6.09e-11	63.2
WP_000845048.1	337	k121_1191533_2	N/A	30.216	76	278	7.05e-11	66.2
WP_000845048.1	337	k121_394471_2	N/A	30.332	62	211	7.89e-11	66.2
WP_000845048.1	337	k121_217358_5	N/A	26.383	63	235	8.19e-11	65.9
WP_000845048.1	337	k121_390222_1	N/A	30.645	52	186	9.35e-11	65.5
WP_000845048.1	337	k121_1377115_1	N/A	27.962	62	211	9.35e-11	65.1
WP_000845048.1	337	k121_637931_11	N/A	33.180	62	217	1.01e-10	65.5
WP_000845048.1	337	k121_588006_6	N/A	28.889	62	225	1.01e-10	65.5
WP_000845048.1	337	k121_455588_2	N/A	27.602	63	221	1.02e-10	64.3
WP_000845048.1	337	k121_548260_1	N/A	30.137	82	292	1.32e-10	65.9
WP_000845048.1	337	k121_993653_8	N/A	26.460	84	291	1.45e-10	65.1
WP_000845048.1	337	k121_630830_3	N/A	30.460	52	174	1.49e-10	65.1
WP_000845048.1	337	k121_974514_2	N/A	44.928	20	69	1.60e-10	65.1
WP_000845048.1	337	k121_638132_3	N/A	29.075	64	227	1.62e-10	65.5
WP_000845048.1	337	k121_387898_1	N/A	26.962	80	293	1.64e-10	64.7
WP_000845048.1	337	k121_237402_2	N/A	28.436	61	211	1.89e-10	65.1
WP_000845048.1	337	k121_630295_2	N/A	31.148	54	183	2.16e-10	62.8
WP_000845048.1	337	k121_1280971_4	N/A	27.458	81	295	2.20e-10	64.7
WP_000845048.1	337	k121_1189155_1	N/A	29.642	85	307	2.24e-10	64.7
WP_000845048.1	337	k121_1510004_1	N/A	26.974	83	304	2.24e-10	65.1
WP_000845048.1	337	k121_1051831_2	N/A	30.729	52	192	2.27e-10	63.2
WP_000845048.1	337	k121_987730_63	N/A	32.597	53	181	2.44e-10	64.3
WP_000845048.1	337	k121_587451_2	N/A	28.425	82	292	2.47e-10	65.1
WP_000845048.1	337	k121_887286_11	N/A	27.972	81	286	2.58e-10	64.7
WP_000845048.1	337	k121_54526_3	N/A	25.309	90	324	2.78e-10	64.3
WP_000845048.1	337	k121_1106217_2	N/A	26.383	62	235	2.86e-10	64.3
WP_000845048.1	337	k121_1408484_3	N/A	29.588	75	267	2.86e-10	64.3
WP_000845048.1	337	k121_1355768_3	N/A	20.000	88	300	2.90e-10	63.9
WP_000845048.1	337	k121_690221_3	N/A	31.250	47	160	3.17e-10	63.2
WP_000845048.1	337	k121_296494_1	N/A	26.214	84	309	3.32e-10	64.3
WP_000845048.1	337	k121_415935_2	N/A	26.117	82	291	3.52e-10	64.3
WP_000845048.1	337	k121_1420142_1	N/A	26.115	88	314	3.73e-10	63.5
WP_000845048.1	337	k121_600882_2	N/A	30.244	59	205	3.82e-10	62.8
WP_000845048.1	337	k121_303236_1	N/A	25.342	84	292	4.48e-10	63.2
WP_000845048.1	337	k121_42553_7	N/A	30.769	53	182	4.56e-10	63.5
WP_000845048.1	337	k121_1184045_2	N/A	30.702	62	228	5.12e-10	63.5
WP_000845048.1	337	k121_539802_6	N/A	42.647	20	68	5.44e-10	60.5
WP_000845048.1	337	k121_793178_2	N/A	27.653	86	311	5.53e-10	63.5
WP_000845048.1	337	k121_510757_1	N/A	28.938	77	273	5.77e-10	63.5
WP_000845048.1	337	k121_1367171_24	N/A	28.053	84	303	6.89e-10	63.2
WP_000845048.1	337	k121_525440_1	N/A	26.500	59	200	7.54e-10	62.0
WP_000845048.1	337	k121_1134732_11	N/A	30.000	59	200	8.48e-10	63.2
WP_000845048.1	337	k121_261409_2	N/A	27.072	54	181	9.07e-10	62.4
WP_000845048.1	337	k121_1022669_2	N/A	28.837	62	215	9.28e-10	62.8
WP_000845048.1	337	k121_441130_1	N/A	27.273	82	297	9.92e-10	62.4
