SadA_ref|WP_036299419.1|:1-399	399	k121_6051_1	N/A	48.684	57	228	1.49e-66	213
SadA_ref|WP_036299419.1|:1-399	399	k121_1271108_55	N/A	32.481	97	391	7.75e-61	204
SadA_ref|WP_036299419.1|:1-399	399	k121_852802_7	N/A	32.468	95	385	1.70e-60	202
SadA_ref|WP_036299419.1|:1-399	399	k121_73998_9	N/A	29.815	95	379	1.86e-54	187
SadA_ref|WP_036299419.1|:1-399	399	k121_299594_2	N/A	27.763	92	371	1.18e-47	169
SadA_ref|WP_036299419.1|:1-399	399	k121_1276840_2	N/A	31.421	98	401	3.74e-46	165
SadA_ref|WP_036299419.1|:1-399	399	k121_774437_112	N/A	31.267	93	371	6.41e-43	156
SadA_ref|WP_036299419.1|:1-399	399	k121_1570425_1	N/A	28.871	94	381	1.51e-42	155
SadA_ref|WP_036299419.1|:1-399	399	k121_818059_2	N/A	28.385	95	384	1.51e-39	147
SadA_ref|WP_036299419.1|:1-399	399	k121_369549_1	N/A	31.894	74	301	1.60e-39	145
SadA_ref|WP_036299419.1|:1-399	399	k121_561870_3	N/A	42.211	50	199	3.09e-37	135
SadA_ref|WP_036299419.1|:1-399	399	k121_220933_9	N/A	26.617	96	402	3.55e-35	135
SadA_ref|WP_036299419.1|:1-399	399	k121_1295783_1	N/A	29.912	85	341	4.42e-30	121
SadA_ref|WP_036299419.1|:1-399	399	k121_1187967_2	N/A	28.400	61	250	2.10e-24	104
SadA_ref|WP_036299419.1|:1-399	399	k121_700557_2	N/A	31.933	58	238	1.79e-23	100
SadA_ref|WP_036299419.1|:1-399	399	k121_36048_3	N/A	29.310	41	174	2.07e-16	79.0
SadA_ref|WP_036299419.1|:1-399	399	k121_1021809_2	N/A	43.956	23	91	9.44e-13	66.6
SadA_ref|WP_036299419.1|:1-399	399	k121_1201832_1	N/A	28.571	37	147	1.14e-12	68.2
SadA_ref|WP_036299419.1|:1-399	399	k121_48942_1	N/A	28.477	37	151	2.29e-11	63.9
SadA_ref|WP_036299419.1|:1-399	399	k121_202167_1	N/A	30.097	26	103	2.33e-11	62.8
SadA_ref|WP_036299419.1|:1-399	399	k121_1258830_2	N/A	36.250	20	80	9.00e-11	64.3
SadA_ref|WP_036299419.1|:1-399	399	k121_248111_1	N/A	28.333	30	120	3.24e-09	58.5
SadA_ref|WP_036299419.1|:1-399	399	k121_1474333_1	N/A	24.919	74	309	1.73e-07	54.7
SadA_ref|WP_036299419.1|:1-399	399	k121_819628_1	N/A	31.405	30	121	5.46e-07	51.2
SadA_ref|WP_036299419.1|:1-399	399	k121_1228179_7	N/A	26.877	61	253	3.11e-06	51.6
SadA_ref|WP_036299419.1|:1-399	399	k121_906880_1	N/A	23.770	60	244	5.09e-05	47.0
SadA_ref|WP_036299419.1|:1-399	399	k121_683963_1	N/A	31.111	22	90	1.64e-04	43.5
SadA_ref|WP_036299419.1|:1-399	399	k121_1105858_2	N/A	22.750	92	400	1.88e-04	45.8
SadA_ref|WP_036299419.1|:1-399	399	k121_1371203_3	N/A	22.481	89	387	1.96e-04	45.8
SadA_ref|WP_036299419.1|:1-399	399	k121_1549843_1	N/A	23.413	62	252	2.15e-04	45.4
SadA_ref|WP_036299419.1|:1-399	399	k121_128145_2	N/A	27.189	50	217	2.69e-04	45.4
SadA_ref|WP_036299419.1|:1-399	399	k121_521956_1	N/A	23.622	62	254	5.85e-04	44.3
SadA_ref|WP_036299419.1|:1-399	399	k121_1092203_1	N/A	28.736	22	87	0.001	42.4
SadA_ref|WP_036299419.1|:1-399	399	k121_1596008_1	N/A	21.788	85	358	0.005	41.6
SadA_ref|WP_036299419.1|:1-399	399	k121_1178314_4	N/A	26.772	62	254	0.006	41.2
SadA_ref|WP_036299419.1|:1-399	399	k121_584641_3	N/A	30.952	21	84	0.006	41.2
SadA_ref|WP_036299419.1|:1-399	399	k121_1354209_2	N/A	24.638	47	207	0.009	40.4
SadA_ref|WP_036299419.1|:1-399	399	k121_472211_3	N/A	32.143	20	84	0.009	40.8
SadA_ref|WP_036299419.1|:1-399	399	k121_116852_2	N/A	22.025	93	395	0.033	38.9
SadA_ref|WP_036299419.1|:1-399	399	k121_251328_10	N/A	22.466	85	365	0.035	38.9
SadA_ref|WP_036299419.1|:1-399	399	k121_471473_6	N/A	27.811	42	169	0.041	38.5
SadA_ref|WP_036299419.1|:1-399	399	k121_329962_1	N/A	27.064	48	218	0.051	38.1
SadA_ref|WP_036299419.1|:1-399	399	k121_420146_1	N/A	28.571	21	84	0.057	37.7
SadA_ref|WP_036299419.1|:1-399	399	k121_453838_1	N/A	34.146	20	82	0.069	37.7
SadB_ref|WP_100812327.1|:1-423	423	k121_1271108_55	N/A	30.809	89	383	4.87e-52	181
SadB_ref|WP_100812327.1|:1-423	423	k121_1276840_2	N/A	32.570	90	393	1.00e-50	178
SadB_ref|WP_100812327.1|:1-423	423	k121_852802_7	N/A	28.389	91	391	1.25e-47	169
SadB_ref|WP_100812327.1|:1-423	423	k121_1570425_1	N/A	28.042	88	378	6.34e-46	164
SadB_ref|WP_100812327.1|:1-423	423	k121_299594_2	N/A	27.806	91	392	5.17e-43	157
SadB_ref|WP_100812327.1|:1-423	423	k121_73998_9	N/A	28.272	90	382	1.03e-42	156
SadB_ref|WP_100812327.1|:1-423	423	k121_6051_1	N/A	39.565	54	230	3.27e-42	150
SadB_ref|WP_100812327.1|:1-423	423	k121_774437_112	N/A	26.882	87	372	3.55e-36	139
SadB_ref|WP_100812327.1|:1-423	423	k121_220933_9	N/A	26.075	86	372	6.45e-34	132
SadB_ref|WP_100812327.1|:1-423	423	k121_561870_3	N/A	39.796	46	196	1.53e-33	126
SadB_ref|WP_100812327.1|:1-423	423	k121_1295783_1	N/A	28.134	85	359	2.30e-33	130
SadB_ref|WP_100812327.1|:1-423	423	k121_369549_1	N/A	29.703	70	303	2.94e-33	129
SadB_ref|WP_100812327.1|:1-423	423	k121_818059_2	N/A	26.963	89	382	2.43e-32	128
SadB_ref|WP_100812327.1|:1-423	423	k121_1187967_2	N/A	27.839	62	273	2.68e-26	110
SadB_ref|WP_100812327.1|:1-423	423	k121_700557_2	N/A	29.767	50	215	7.82e-21	93.6
SadB_ref|WP_100812327.1|:1-423	423	k121_48942_1	N/A	35.526	36	152	1.61e-18	84.3
SadB_ref|WP_100812327.1|:1-423	423	k121_1258830_2	N/A	27.376	59	263	2.44e-14	75.1
SadB_ref|WP_100812327.1|:1-423	423	k121_1474333_1	N/A	30.556	64	288	1.56e-12	70.1
SadB_ref|WP_100812327.1|:1-423	423	k121_1201832_1	N/A	26.351	35	148	2.88e-10	61.2
SadB_ref|WP_100812327.1|:1-423	423	k121_1021809_2	N/A	35.354	23	99	4.07e-10	59.3
SadB_ref|WP_100812327.1|:1-423	423	k121_248111_1	N/A	31.250	23	96	8.13e-10	60.5
SadB_ref|WP_100812327.1|:1-423	423	k121_36048_3	N/A	21.019	37	157	1.01e-09	59.7
SadB_ref|WP_100812327.1|:1-423	423	k121_453838_1	N/A	26.059	65	307	3.61e-08	57.4
SadB_ref|WP_100812327.1|:1-423	423	k121_1105858_2	N/A	24.297	85	391	1.38e-07	55.8
SadB_ref|WP_100812327.1|:1-423	423	k121_202167_1	N/A	22.340	22	94	2.45e-07	51.6
SadB_ref|WP_100812327.1|:1-423	423	k121_906880_1	N/A	27.778	57	252	3.80e-07	53.9
SadB_ref|WP_100812327.1|:1-423	423	k121_1371203_3	N/A	24.259	80	371	2.85e-06	52.0
SadB_ref|WP_100812327.1|:1-423	423	k121_1512369_2	N/A	30.435	30	138	4.33e-06	50.8
SadB_ref|WP_100812327.1|:1-423	423	k121_1098011_2	N/A	32.812	27	128	7.83e-06	50.1
SadB_ref|WP_100812327.1|:1-423	423	k121_584641_3	N/A	22.995	80	374	1.80e-05	49.3
SadB_ref|WP_100812327.1|:1-423	423	k121_1552577_2	N/A	31.858	25	113	2.86e-05	48.5
SadB_ref|WP_100812327.1|:1-423	423	k121_631969_2	N/A	25.854	42	205	4.22e-05	47.8
SadB_ref|WP_100812327.1|:1-423	423	k121_420146_1	N/A	31.250	27	128	5.69e-05	47.0
SadB_ref|WP_100812327.1|:1-423	423	k121_340178_1	N/A	30.488	35	164	6.68e-05	47.4
SadB_ref|WP_100812327.1|:1-423	423	k121_1487948_1	N/A	32.812	27	128	1.36e-04	45.8
SadB_ref|WP_100812327.1|:1-423	423	k121_221032_2	N/A	25.731	39	171	1.77e-04	44.3
SadB_ref|WP_100812327.1|:1-423	423	k121_1596008_1	N/A	24.324	80	370	2.06e-04	45.8
SadB_ref|WP_100812327.1|:1-423	423	k121_251328_10	N/A	26.374	81	364	3.28e-04	45.4
SadB_ref|WP_100812327.1|:1-423	423	k121_471473_6	N/A	30.726	42	179	5.63e-04	44.3
SadB_ref|WP_100812327.1|:1-423	423	k121_936200_1	N/A	28.571	30	140	8.51e-04	43.9
SadB_ref|WP_100812327.1|:1-423	423	k121_887974_1	N/A	30.631	26	111	0.001	41.2
SadB_ref|WP_100812327.1|:1-423	423	k121_128145_4	N/A	24.324	57	259	0.001	43.9
SadB_ref|WP_100812327.1|:1-423	423	k121_1354209_2	N/A	29.193	35	161	0.002	42.4
SadB_ref|WP_100812327.1|:1-423	423	k121_1381856_2	N/A	24.543	83	383	0.002	42.7
SadB_ref|WP_100812327.1|:1-423	423	k121_1027541_1	N/A	23.343	75	347	0.002	42.7
SadB_ref|WP_100812327.1|:1-423	423	k121_521956_1	N/A	25.301	57	249	0.003	42.4
SadB_ref|WP_100812327.1|:1-423	423	k121_864623_6	N/A	25.574	65	305	0.003	42.4
SadB_ref|WP_100812327.1|:1-423	423	k121_855180_3	N/A	26.946	38	167	0.003	40.8
SadB_ref|WP_100812327.1|:1-423	423	k121_1086934_1	N/A	24.444	67	315	0.005	41.6
SadB_ref|WP_100812327.1|:1-423	423	k121_612838_1	N/A	28.455	26	123	0.006	41.2
SadB_ref|WP_100812327.1|:1-423	423	k121_1078670_2	N/A	25.253	43	198	0.008	40.8
SadB_ref|WP_100812327.1|:1-423	423	k121_1092203_1	N/A	27.083	31	144	0.008	39.7
SadB_ref|WP_100812327.1|:1-423	423	k121_1178314_4	N/A	25.366	48	205	0.016	40.0
SadB_ref|WP_100812327.1|:1-423	423	k121_1072973_3	N/A	26.768	41	198	0.028	38.5
SadB_ref|WP_100812327.1|:1-423	423	k121_842890_3	N/A	26.068	50	234	0.030	39.3
SadB_ref|WP_100812327.1|:1-423	423	k121_87575_3	N/A	27.132	28	129	0.031	37.7
SadB_ref|WP_100812327.1|:1-423	423	k121_108636_3	N/A	24.818	59	274	0.033	38.9
SadB_ref|WP_100812327.1|:1-423	423	k121_820540_9	N/A	26.471	43	204	0.040	38.9
SadB_ref|WP_100812327.1|:1-423	423	k121_649671_2	N/A	21.690	80	355	0.054	38.5
SadB_ref|WP_100812327.1|:1-423	423	k121_425527_1	N/A	26.772	27	127	0.065	36.6
SadB_ref|WP_100812327.1|:1-423	423	k121_1590270_2	N/A	21.289	80	357	0.070	37.7
SadB_ref|WP_100812327.1|:1-423	423	k121_1174628_2	N/A	22.330	91	412	0.082	37.7
SadB_ref|WP_100812327.1|:1-423	423	k121_1007811_1	N/A	25.595	36	168	0.092	37.4
SadC_ref|WP_036299413.1|:1-194	194	k121_216888_6	N/A	61.290	64	124	2.80e-43	144
SadC_ref|WP_036299413.1|:1-194	194	k121_621508_4	N/A	45.385	67	130	3.99e-33	119
SadC_ref|WP_036299413.1|:1-194	194	k121_1457078_11	N/A	46.429	43	84	8.14e-23	89.4
SadC_ref|WP_036299413.1|:1-194	194	k121_977142_2	N/A	34.568	84	162	1.58e-18	80.9
SadC_ref|WP_036299413.1|:1-194	194	k121_215834_5	N/A	34.591	82	159	9.02e-18	79.3
SadC_ref|WP_036299413.1|:1-194	194	k121_1497627_26	N/A	33.750	82	160	6.70e-16	74.3
SadC_ref|WP_036299413.1|:1-194	194	k121_220933_14	N/A	29.197	71	137	2.14e-11	62.0
SadC_ref|WP_036299413.1|:1-194	194	k121_193415_2	N/A	25.882	85	170	4.43e-11	61.6
SadC_ref|WP_036299413.1|:1-194	194	k121_1230930_2	N/A	28.834	84	163	5.58e-10	58.2
SadC_ref|WP_036299413.1|:1-194	194	k121_1151978_2	N/A	33.929	56	112	8.25e-10	57.0
SadC_ref|WP_036299413.1|:1-194	194	k121_379185_16	N/A	29.054	76	148	1.23e-09	58.9
SadC_ref|WP_036299413.1|:1-194	194	k121_1544400_2	N/A	36.585	42	82	1.42e-09	57.4
SadC_ref|WP_036299413.1|:1-194	194	k121_219409_2	N/A	37.374	49	99	5.77e-09	57.0
SadC_ref|WP_036299413.1|:1-194	194	k121_1059672_2	N/A	35.106	48	94	5.83e-09	55.5
SadC_ref|WP_036299413.1|:1-194	194	k121_379612_2	N/A	36.000	51	100	6.22e-09	55.5
SadC_ref|WP_036299413.1|:1-194	194	k121_707534_2	N/A	29.412	61	119	1.32e-08	53.9
SadC_ref|WP_036299413.1|:1-194	194	k121_1114079_2	N/A	31.250	80	160	1.40e-08	54.3
SadC_ref|WP_036299413.1|:1-194	194	k121_715096_8	N/A	36.559	47	93	1.56e-08	54.3
SadC_ref|WP_036299413.1|:1-194	194	k121_1296373_214	N/A	27.333	77	150	1.69e-08	54.3
SadC_ref|WP_036299413.1|:1-194	194	k121_237189_11	N/A	28.889	70	135	3.38e-08	53.1
SadC_ref|WP_036299413.1|:1-194	194	k121_218570_3	N/A	34.783	47	92	3.44e-08	52.8
SadC_ref|WP_036299413.1|:1-194	194	k121_722466_8	N/A	25.517	71	145	1.08e-07	52.0
SadC_ref|WP_036299413.1|:1-194	194	k121_1039238_2	N/A	28.302	81	159	1.61e-07	52.0
SadC_ref|WP_036299413.1|:1-194	194	k121_1253081_2	N/A	27.068	68	133	1.76e-07	51.2
SadC_ref|WP_036299413.1|:1-194	194	k121_596876_1	N/A	32.558	65	129	5.09e-07	49.3
SadC_ref|WP_036299413.1|:1-194	194	k121_1105572_2	N/A	34.783	47	92	6.36e-07	49.3
SadC_ref|WP_036299413.1|:1-194	194	k121_423784_2	N/A	25.180	70	139	9.37e-07	50.4
SadC_ref|WP_036299413.1|:1-194	194	k121_533619_3	N/A	37.838	38	74	9.60e-07	49.3
SadC_ref|WP_036299413.1|:1-194	194	k121_59792_1	N/A	32.967	46	91	1.52e-06	49.7
SadC_ref|WP_036299413.1|:1-194	194	k121_919429_3	N/A	27.344	66	128	1.52e-06	48.9
SadC_ref|WP_036299413.1|:1-194	194	k121_1271108_58	N/A	23.944	73	142	2.95e-06	48.1
SadC_ref|WP_036299413.1|:1-194	194	k121_494870_4	N/A	26.168	54	107	3.39e-06	47.8
SadC_ref|WP_036299413.1|:1-194	194	k121_620928_3	N/A	27.966	60	118	8.34e-06	46.6
SadC_ref|WP_036299413.1|:1-194	194	k121_658622_2	N/A	24.845	82	161	1.09e-05	46.2
SadC_ref|WP_036299413.1|:1-194	194	k121_702458_2	N/A	31.522	47	92	2.12e-05	45.8
SadC_ref|WP_036299413.1|:1-194	194	k121_649199_2	N/A	31.522	47	92	2.21e-05	46.6
SadC_ref|WP_036299413.1|:1-194	194	k121_841074_1	N/A	26.316	78	152	2.23e-05	45.4
SadC_ref|WP_036299413.1|:1-194	194	k121_1508488_3	N/A	32.292	46	96	6.72e-05	44.3
SadC_ref|WP_036299413.1|:1-194	194	k121_649187_3	N/A	24.828	74	145	7.09e-05	43.9
SadC_ref|WP_036299413.1|:1-194	194	k121_290453_3	N/A	32.609	47	92	7.62e-05	43.5
SadC_ref|WP_036299413.1|:1-194	194	k121_1368357_3	N/A	38.983	30	59	9.57e-05	43.5
SadC_ref|WP_036299413.1|:1-194	194	k121_742660_2	N/A	30.208	49	96	1.18e-04	42.0
SadC_ref|WP_036299413.1|:1-194	194	k121_1258830_1	N/A	25.989	82	177	2.12e-04	43.1
SadC_ref|WP_036299413.1|:1-194	194	k121_317343_4	N/A	23.718	79	156	2.13e-04	42.7
SadC_ref|WP_036299413.1|:1-194	194	k121_187278_2	N/A	31.522	47	92	2.33e-04	42.7
SadC_ref|WP_036299413.1|:1-194	194	k121_852802_4	N/A	24.510	53	102	2.57e-04	42.7
SadC_ref|WP_036299413.1|:1-194	194	k121_249480_6	N/A	24.204	81	157	2.64e-04	42.4
SadC_ref|WP_036299413.1|:1-194	194	k121_978381_7	N/A	22.656	65	128	4.04e-04	42.0
SadC_ref|WP_036299413.1|:1-194	194	k121_994255_2	N/A	25.874	74	143	5.00e-04	41.6
SadC_ref|WP_036299413.1|:1-194	194	k121_794893_2	N/A	22.556	68	133	5.52e-04	41.6
SadC_ref|WP_036299413.1|:1-194	194	k121_1371203_6	N/A	31.522	47	92	5.56e-04	41.6
SadC_ref|WP_036299413.1|:1-194	194	k121_995367_3	N/A	31.169	39	77	6.11e-04	40.8
SadC_ref|WP_036299413.1|:1-194	194	k121_685194_5	N/A	31.034	44	87	8.58e-04	40.8
SadC_ref|WP_036299413.1|:1-194	194	k121_1104027_2	N/A	24.242	82	165	0.001	41.6
SadC_ref|WP_036299413.1|:1-194	194	k121_715046_5	N/A	31.034	44	87	0.001	40.4
SadC_ref|WP_036299413.1|:1-194	194	k121_661266_4	N/A	22.561	82	164	0.001	40.8
SadC_ref|WP_036299413.1|:1-194	194	k121_84252_3	N/A	24.074	84	162	0.002	40.4
SadC_ref|WP_036299413.1|:1-194	194	k121_605408_2	N/A	27.132	66	129	0.002	40.0
SadC_ref|WP_036299413.1|:1-194	194	k121_171927_2	N/A	29.545	45	88	0.002	40.0
SadC_ref|WP_036299413.1|:1-194	194	k121_970916_2	N/A	24.852	85	169	0.003	39.7
SadC_ref|WP_036299413.1|:1-194	194	k121_617297_2	N/A	28.440	56	109	0.004	38.9
SadC_ref|WP_036299413.1|:1-194	194	k121_1218317_3	N/A	31.579	39	76	0.005	38.5
SadC_ref|WP_036299413.1|:1-194	194	k121_874255_1	N/A	29.730	38	74	0.006	37.0
SadC_ref|WP_036299413.1|:1-194	194	k121_1539424_3	N/A	23.276	59	116	0.012	37.7
SadC_ref|WP_036299413.1|:1-194	194	k121_1493524_2	N/A	31.579	39	76	0.020	37.0
SadC_ref|WP_036299413.1|:1-194	194	k121_600580_2	N/A	28.571	47	91	0.026	35.8
SadC_ref|WP_036299413.1|:1-194	194	k121_1257705_23	N/A	23.333	62	120	0.054	36.2
SadC_ref|WP_036299413.1|:1-194	194	k121_206106_2	N/A	27.586	60	116	0.059	35.0
WP_000259031.1	279	k121_665040_1	N/A	100.000	53	147	1.02e-102	298
WP_000259031.1	279	k121_1344568_3	N/A	100.000	28	79	6.24e-48	156
WP_000259031.1	279	k121_1232379_2	N/A	36.992	88	246	3.73e-43	150
WP_000259031.1	279	k121_334859_2	N/A	34.426	87	244	1.79e-41	145
WP_000259031.1	279	k121_454959_2	N/A	34.944	93	269	2.70e-40	143
WP_000259031.1	279	k121_940462_1	N/A	35.294	79	221	2.90e-38	138
WP_000259031.1	279	k121_1377748_2	N/A	34.799	96	273	6.31e-35	129
WP_000259031.1	279	k121_213086_3	N/A	33.984	88	256	3.40e-34	127
WP_000259031.1	279	k121_219191_8	N/A	34.553	88	246	1.45e-32	123
WP_000259031.1	279	k121_1351673_2	N/A	32.472	96	271	3.20e-31	119
WP_000259031.1	279	k121_93931_29	N/A	32.103	91	271	3.96e-30	116
WP_000259031.1	279	k121_1376824_1	N/A	33.577	97	274	4.09e-30	117
WP_000259031.1	279	k121_1006437_2	N/A	37.566	67	189	4.55e-30	114
WP_000259031.1	279	k121_1389129_2	N/A	30.712	92	267	8.22e-29	115
WP_000259031.1	279	k121_22549_6	N/A	35.981	76	214	2.87e-28	112
WP_000259031.1	279	k121_242890_2	N/A	32.389	88	247	9.01e-28	110
WP_000259031.1	279	k121_348165_1	N/A	29.520	96	271	1.38e-27	109
WP_000259031.1	279	k121_999158_6	N/A	34.921	88	252	1.51e-27	110
WP_000259031.1	279	k121_85108_2	N/A	33.219	99	292	2.19e-27	109
WP_000259031.1	279	k121_395411_5	N/A	35.659	89	258	2.55e-27	109
WP_000259031.1	279	k121_593788_3	N/A	34.921	88	252	6.76e-27	108
WP_000259031.1	279	k121_1200804_2	N/A	33.456	95	272	1.17e-26	107
WP_000259031.1	279	k121_411294_2	N/A	31.298	88	262	2.34e-26	106
WP_000259031.1	279	k121_26680_2	N/A	29.368	94	269	3.06e-26	106
WP_000259031.1	279	k121_1249295_1	N/A	33.871	85	248	4.94e-26	105
WP_000259031.1	279	k121_1057168_2	N/A	28.462	92	260	5.41e-26	105
WP_000259031.1	279	k121_446739_4	N/A	27.907	91	258	2.50e-25	104
WP_000259031.1	279	k121_1045477_2	N/A	34.146	73	205	4.51e-25	101
WP_000259031.1	279	k121_257640_2	N/A	32.258	77	217	1.27e-24	102
WP_000259031.1	279	k121_813097_3	N/A	32.028	96	281	1.42e-24	102
WP_000259031.1	279	k121_625069_2	N/A	32.051	81	234	2.09e-24	100
WP_000259031.1	279	k121_851572_2	N/A	33.457	95	269	6.21e-24	99.8
WP_000259031.1	279	k121_480682_2	N/A	27.239	94	268	1.78e-23	99.0
WP_000259031.1	279	k121_979184_3	N/A	33.721	91	258	3.79e-23	97.8
WP_000259031.1	279	k121_4541_2	N/A	27.368	97	285	1.08e-22	97.1
WP_000259031.1	279	k121_1269487_2	N/A	30.070	95	286	1.29e-21	94.0
WP_000259031.1	279	k121_468041_2	N/A	32.569	78	218	1.40e-21	93.6
WP_000259031.1	279	k121_992891_2	N/A	29.630	94	270	1.65e-21	93.6
WP_000259031.1	279	k121_77749_5	N/A	31.364	78	220	1.81e-21	93.6
WP_000259031.1	279	k121_1004758_1	N/A	31.163	76	215	2.69e-21	92.4
WP_000259031.1	279	k121_778674_2	N/A	29.730	63	185	4.53e-21	90.9
WP_000259031.1	279	k121_237392_1	N/A	29.302	77	215	3.66e-20	89.0
WP_000259031.1	279	k121_468010_2	N/A	31.193	78	218	5.30e-20	89.4
WP_000259031.1	279	k121_870248_4	N/A	30.566	93	265	1.06e-19	90.1
WP_000259031.1	279	k121_990095_2	N/A	28.571	91	273	1.16e-19	89.0
WP_000259031.1	279	k121_830311_99	N/A	30.357	95	280	2.68e-19	87.4
WP_000259031.1	279	k121_1070774_1	N/A	36.885	44	122	3.98e-18	80.5
WP_000259031.1	279	k121_853016_2	N/A	33.333	55	153	3.94e-17	79.3
WP_000259031.1	279	k121_1183912_2	N/A	34.254	63	181	1.82e-16	77.8
WP_000259031.1	279	k121_819329_11	N/A	29.391	97	279	8.65e-16	77.8
WP_000259031.1	279	k121_257345_3	N/A	28.696	78	230	4.88e-15	75.9
WP_000259031.1	279	k121_1528690_168	N/A	27.826	78	230	2.39e-14	73.6
WP_000259031.1	279	k121_308408_2	N/A	33.146	61	178	3.23e-13	68.9
WP_000259031.1	279	k121_1541849_7	N/A	28.139	80	231	9.53e-13	69.3
WP_000259031.1	279	k121_924710_2	N/A	28.959	75	221	4.33e-12	67.4
WP_000259031.1	279	k121_1524349_2	N/A	29.600	44	125	1.63e-09	57.4
WP_000259031.1	279	k121_1434471_1	N/A	38.372	31	86	7.40e-09	54.7
WP_000259031.1	279	k121_634868_1	N/A	32.258	44	124	1.16e-08	55.1
WP_000259031.1	279	k121_139787_1	N/A	25.946	65	185	2.45e-08	56.6
WP_000259031.1	279	k121_1081743_1	N/A	35.455	38	110	1.11e-07	52.8
WP_000259031.1	279	k121_618149_1	N/A	40.580	25	69	1.34e-07	50.8
WP_000259031.1	279	k121_1221519_1	N/A	26.056	49	142	1.85e-07	52.0
WP_000259031.1	279	k121_834937_3	N/A	32.558	30	86	8.06e-07	49.3
WP_000259031.1	279	k121_797787_3	N/A	33.884	42	121	5.65e-06	47.4
WP_000259031.1	279	k121_1341174_12	N/A	27.607	56	163	7.92e-06	47.8
WP_000259031.1	279	k121_572794_1	N/A	28.704	38	108	1.41e-05	46.6
WP_000259031.1	279	k121_1118974_1	N/A	37.500	25	72	7.56e-05	44.3
WP_000259031.1	279	k121_987653_2	N/A	39.706	24	68	1.21e-04	43.9
WP_001043260.1	271	k121_334859_2	N/A	35.769	96	260	3.31e-50	167
WP_001043260.1	271	k121_454959_2	N/A	36.704	96	267	5.79e-50	168
WP_001043260.1	271	k121_1232379_2	N/A	37.209	95	258	1.60e-48	164
WP_001043260.1	271	k121_940462_1	N/A	35.945	80	217	5.68e-45	155
WP_001043260.1	271	k121_665040_1	N/A	56.296	49	135	3.60e-44	148
WP_001043260.1	271	k121_4541_2	N/A	33.818	96	275	2.72e-41	145
WP_001043260.1	271	k121_1057168_2	N/A	35.798	94	257	3.00e-41	145
WP_001043260.1	271	k121_1269487_2	N/A	33.808	96	281	5.89e-40	142
WP_001043260.1	271	k121_1351673_2	N/A	33.962	96	265	9.85e-39	139
WP_001043260.1	271	k121_1376824_1	N/A	36.260	96	262	1.97e-38	138
WP_001043260.1	271	k121_468041_2	N/A	37.218	96	266	2.96e-38	137
WP_001043260.1	271	k121_468010_2	N/A	37.879	96	264	6.78e-38	136
WP_001043260.1	271	k121_1377748_2	N/A	38.710	90	248	1.19e-37	136
WP_001043260.1	271	k121_999158_6	N/A	37.500	97	272	2.26e-37	135
WP_001043260.1	271	k121_213086_3	N/A	33.591	92	259	2.92e-36	132
WP_001043260.1	271	k121_22549_6	N/A	37.906	97	277	3.34e-36	132
WP_001043260.1	271	k121_480682_2	N/A	30.153	96	262	3.79e-36	132
WP_001043260.1	271	k121_990095_2	N/A	32.963	94	270	7.64e-36	132
WP_001043260.1	271	k121_979184_3	N/A	37.218	96	266	1.15e-35	130
WP_001043260.1	271	k121_242890_2	N/A	33.878	90	245	1.15e-35	130
WP_001043260.1	271	k121_348165_1	N/A	30.534	96	262	1.42e-34	127
WP_001043260.1	271	k121_593788_3	N/A	36.364	94	264	2.39e-33	125
WP_001043260.1	271	k121_1004758_1	N/A	35.510	89	245	5.61e-33	122
WP_001043260.1	271	k121_446739_4	N/A	31.559	95	263	2.50e-32	122
WP_001043260.1	271	k121_778674_2	N/A	32.673	71	202	3.53e-32	120
WP_001043260.1	271	k121_395411_5	N/A	35.379	99	277	3.73e-32	121
WP_001043260.1	271	k121_625069_2	N/A	35.714	80	224	7.04e-32	120
WP_001043260.1	271	k121_219191_8	N/A	31.923	96	260	3.30e-31	119
WP_001043260.1	271	k121_85108_2	N/A	36.264	95	273	4.29e-31	119
WP_001043260.1	271	k121_1389129_2	N/A	33.585	95	265	8.27e-31	120
WP_001043260.1	271	k121_1249295_1	N/A	33.463	90	257	1.16e-30	117
WP_001043260.1	271	k121_77749_5	N/A	38.208	78	212	1.41e-30	117
WP_001043260.1	271	k121_1200804_2	N/A	35.424	96	271	7.81e-30	115
WP_001043260.1	271	k121_851572_2	N/A	34.962	96	266	9.71e-30	115
WP_001043260.1	271	k121_257640_2	N/A	35.448	95	268	1.71e-29	115
WP_001043260.1	271	k121_813097_3	N/A	33.935	96	277	3.15e-29	114
WP_001043260.1	271	k121_992891_2	N/A	30.522	91	249	2.45e-28	111
WP_001043260.1	271	k121_237392_1	N/A	32.189	86	233	2.17e-27	108
WP_001043260.1	271	k121_1183912_2	N/A	38.122	65	181	3.60e-27	105
WP_001043260.1	271	k121_1006437_2	N/A	35.500	74	200	2.54e-26	104
WP_001043260.1	271	k121_26680_2	N/A	27.969	95	261	4.18e-26	105
WP_001043260.1	271	k121_411294_2	N/A	33.333	91	258	2.19e-25	103
WP_001043260.1	271	k121_93931_29	N/A	29.104	95	268	4.76e-25	102
WP_001043260.1	271	k121_870248_4	N/A	32.721	97	272	5.08e-25	104
WP_001043260.1	271	k121_1045477_2	N/A	37.853	64	177	2.01e-24	99.8
WP_001043260.1	271	k121_830311_99	N/A	32.453	95	265	2.21e-23	98.2
WP_001043260.1	271	k121_1070774_1	N/A	41.803	45	122	5.48e-23	93.2
WP_001043260.1	271	k121_853016_2	N/A	34.940	61	166	3.58e-20	87.0
WP_001043260.1	271	k121_634868_1	N/A	37.594	49	133	1.42e-17	79.3
WP_001043260.1	271	k121_819329_11	N/A	30.798	95	263	1.06e-16	80.1
WP_001043260.1	271	k121_257345_3	N/A	31.365	96	271	1.71e-16	79.7
WP_001043260.1	271	k121_618149_1	N/A	47.887	26	71	7.35e-16	73.2
WP_001043260.1	271	k121_1528690_168	N/A	31.365	96	271	1.12e-15	77.4
WP_001043260.1	271	k121_1434471_1	N/A	40.594	37	101	4.84e-14	68.9
WP_001043260.1	271	k121_924710_2	N/A	31.365	97	271	6.53e-14	72.8
WP_001043260.1	271	k121_139787_1	N/A	27.660	68	188	2.34e-13	71.2
WP_001043260.1	271	k121_1524349_2	N/A	33.071	46	127	6.87e-13	66.6
WP_001043260.1	271	k121_987653_2	N/A	53.521	26	71	7.09e-13	66.6
WP_001043260.1	271	k121_308408_2	N/A	32.323	70	198	8.92e-13	67.8
WP_001043260.1	271	k121_1221519_1	N/A	28.169	52	142	2.87e-11	62.4
WP_001043260.1	271	k121_834937_3	N/A	40.476	31	84	5.06e-11	60.8
WP_001043260.1	271	k121_1541849_7	N/A	28.182	78	220	2.73e-10	62.0
WP_001043260.1	271	k121_1344568_3	N/A	56.364	20	55	5.10e-10	57.4
WP_001043260.1	271	k121_1341174_12	N/A	27.500	58	160	4.94e-08	53.9
WP_001043260.1	271	k121_572794_1	N/A	29.921	46	127	7.36e-08	52.8
WP_001043260.1	271	k121_1081743_1	N/A	39.048	37	105	2.77e-07	51.6
WP_001043260.1	271	k121_797787_3	N/A	32.520	45	123	3.44e-06	47.8
WP_001043260.1	271	k121_1118974_1	N/A	31.783	46	129	7.37e-05	44.3
WP_001043260.1	271	k121_724100_4	N/A	32.911	29	79	0.004	41.2
WP_000034420.1	263	k121_334859_2	N/A	40.541	98	259	1.36e-60	194
WP_000034420.1	263	k121_1232379_2	N/A	39.535	98	258	1.49e-58	190
WP_000034420.1	263	k121_940462_1	N/A	41.699	98	259	4.79e-55	181
WP_000034420.1	263	k121_454959_2	N/A	36.842	98	266	3.28e-53	176
WP_000034420.1	263	k121_1351673_2	N/A	34.483	99	261	8.78e-48	162
WP_000034420.1	263	k121_242890_2	N/A	34.351	98	262	5.40e-46	157
WP_000034420.1	263	k121_1057168_2	N/A	35.361	99	263	4.06e-45	155
WP_000034420.1	263	k121_468010_2	N/A	37.079	99	267	1.36e-44	153
WP_000034420.1	263	k121_468041_2	N/A	36.641	99	262	1.62e-44	153
WP_000034420.1	263	k121_213086_3	N/A	37.354	94	257	2.58e-44	153
WP_000034420.1	263	k121_480682_2	N/A	33.459	99	266	5.65e-44	152
WP_000034420.1	263	k121_1389129_2	N/A	34.848	98	264	6.70e-44	154
WP_000034420.1	263	k121_219191_8	N/A	36.502	99	263	7.80e-44	152
WP_000034420.1	263	k121_1269487_2	N/A	32.130	99	277	4.72e-43	150
WP_000034420.1	263	k121_1200804_2	N/A	33.333	99	270	7.53e-42	147
WP_000034420.1	263	k121_593788_3	N/A	34.848	97	264	1.02e-41	146
WP_000034420.1	263	k121_990095_2	N/A	32.841	97	271	3.09e-41	145
WP_000034420.1	263	k121_665040_1	N/A	41.781	55	146	1.05e-39	137
WP_000034420.1	263	k121_1377748_2	N/A	32.075	99	265	3.40e-39	140
WP_000034420.1	263	k121_85108_2	N/A	35.424	98	271	4.43e-39	139
WP_000034420.1	263	k121_999158_6	N/A	33.080	98	263	5.87e-39	139
WP_000034420.1	263	k121_4541_2	N/A	30.909	99	275	2.17e-38	138
WP_000034420.1	263	k121_93931_29	N/A	32.463	98	268	7.20e-38	136
WP_000034420.1	263	k121_1249295_1	N/A	31.765	93	255	1.32e-37	135
WP_000034420.1	263	k121_22549_6	N/A	31.295	99	278	1.41e-37	136
WP_000034420.1	263	k121_1006437_2	N/A	39.801	76	201	1.47e-37	133
WP_000034420.1	263	k121_851572_2	N/A	35.714	99	266	3.30e-37	134
WP_000034420.1	263	k121_257640_2	N/A	35.000	98	260	2.75e-36	132
WP_000034420.1	263	k121_348165_1	N/A	33.333	99	264	4.06e-36	131
WP_000034420.1	263	k121_830311_99	N/A	35.206	98	267	1.17e-34	127
WP_000034420.1	263	k121_1376824_1	N/A	31.418	98	261	1.48e-34	128
WP_000034420.1	263	k121_77749_5	N/A	30.389	99	283	2.60e-34	127
WP_000034420.1	263	k121_979184_3	N/A	32.075	99	265	5.56e-34	125
WP_000034420.1	263	k121_625069_2	N/A	33.333	86	234	8.89e-34	124
WP_000034420.1	263	k121_1004758_1	N/A	31.301	92	246	1.80e-33	124
WP_000034420.1	263	k121_813097_3	N/A	32.472	98	271	2.88e-33	124
WP_000034420.1	263	k121_395411_5	N/A	34.201	99	269	4.75e-33	124
WP_000034420.1	263	k121_853016_2	N/A	38.788	63	165	1.31e-31	117
WP_000034420.1	263	k121_870248_4	N/A	29.478	99	268	2.67e-31	121
WP_000034420.1	263	k121_992891_2	N/A	32.432	97	259	1.45e-30	117
WP_000034420.1	263	k121_411294_2	N/A	29.924	98	264	1.04e-29	114
WP_000034420.1	263	k121_778674_2	N/A	31.892	67	185	8.81e-29	110
WP_000034420.1	263	k121_1045477_2	N/A	36.000	66	175	2.45e-28	109
WP_000034420.1	263	k121_1183912_2	N/A	38.202	66	178	4.27e-28	108
WP_000034420.1	263	k121_446739_4	N/A	31.873	94	251	2.05e-27	109
WP_000034420.1	263	k121_237392_1	N/A	35.023	81	217	1.23e-26	105
WP_000034420.1	263	k121_819329_11	N/A	31.765	96	255	4.95e-26	105
WP_000034420.1	263	k121_1070774_1	N/A	39.344	46	122	2.36e-24	96.7
WP_000034420.1	263	k121_634868_1	N/A	39.200	47	125	3.37e-22	91.7
WP_000034420.1	263	k121_308408_2	N/A	29.255	71	188	1.24e-18	83.6
WP_000034420.1	263	k121_26680_2	N/A	24.514	97	257	1.49e-17	82.4
WP_000034420.1	263	k121_257345_3	N/A	32.331	97	266	1.79e-17	82.4
WP_000034420.1	263	k121_1434471_1	N/A	40.000	38	100	3.12e-17	77.0
WP_000034420.1	263	k121_139787_1	N/A	28.877	69	187	3.21e-17	82.0
WP_000034420.1	263	k121_1541849_7	N/A	29.249	94	253	3.08e-16	79.0
WP_000034420.1	263	k121_1528690_168	N/A	31.481	98	270	2.29e-15	76.3
WP_000034420.1	263	k121_1221519_1	N/A	29.655	54	145	5.30e-15	72.4
WP_000034420.1	263	k121_1524349_2	N/A	34.400	47	125	5.07e-14	69.7
WP_000034420.1	263	k121_618149_1	N/A	37.838	28	74	9.97e-14	67.4
WP_000034420.1	263	k121_924710_2	N/A	29.255	69	188	6.72e-13	69.7
WP_000034420.1	263	k121_987653_2	N/A	47.887	27	71	5.61e-12	64.3
WP_000034420.1	263	k121_834937_3	N/A	42.857	32	84	9.33e-12	62.8
WP_000034420.1	263	k121_572794_1	N/A	31.746	47	126	8.68e-11	60.8
WP_000034420.1	263	k121_1081743_1	N/A	32.824	48	131	1.04e-10	61.2
WP_000034420.1	263	k121_1341174_12	N/A	28.814	65	177	5.00e-10	59.7
WP_000034420.1	263	k121_797787_3	N/A	32.231	45	121	2.20e-09	56.6
WP_000034420.1	263	k121_1344568_3	N/A	45.161	24	62	8.05e-09	53.9
WP_000034420.1	263	k121_1118974_1	N/A	32.836	48	134	8.42e-09	55.5
WP_000034420.1	263	k121_762295_1	N/A	36.765	26	68	0.002	38.9
WP_000034420.1	263	k121_724100_4	N/A	34.247	28	73	0.004	40.8
WP_000845048.1	337	k121_1084756_1	N/A	100.000	71	238	1.20e-173	483
WP_000845048.1	337	k121_905372_1	N/A	62.275	98	334	3.29e-146	417
WP_000845048.1	337	k121_1338950_2	N/A	61.656	96	326	3.95e-141	404
WP_000845048.1	337	k121_733825_2	N/A	56.615	96	325	1.46e-124	362
WP_000845048.1	337	k121_6492_73	N/A	56.748	96	326	1.50e-122	358
WP_000845048.1	337	k121_981684_2	N/A	57.643	93	314	1.28e-117	344
WP_000845048.1	337	k121_1269198_3	N/A	53.750	95	320	1.37e-111	329
WP_000845048.1	337	k121_876990_5	N/A	56.393	90	305	2.77e-104	311
WP_000845048.1	337	k121_329895_5	N/A	51.768	92	311	8.64e-96	290
WP_000845048.1	337	k121_986912_1	N/A	61.751	64	217	1.36e-92	277
WP_000845048.1	337	k121_778521_1	N/A	50.000	86	290	5.22e-89	270
WP_000845048.1	337	k121_221715_1	N/A	64.467	58	197	7.81e-88	265
WP_000845048.1	337	k121_995078_35	N/A	43.925	94	321	5.62e-87	267
WP_000845048.1	337	k121_85922_2	N/A	45.515	89	301	1.04e-82	255
WP_000845048.1	337	k121_113859_1	N/A	61.453	53	179	3.43e-73	226
WP_000845048.1	337	k121_907043_3	N/A	59.627	48	161	3.90e-60	194
WP_000845048.1	337	k121_1438745_1	N/A	46.667	62	210	4.85e-57	186
WP_000845048.1	337	k121_1019971_1	N/A	31.988	94	322	4.64e-56	188
WP_000845048.1	337	k121_520339_2	N/A	50.254	58	197	1.12e-55	182
WP_000845048.1	337	k121_1238129_1	N/A	58.000	45	150	1.52e-54	177
WP_000845048.1	337	k121_182479_4	N/A	53.416	48	161	1.00e-52	174
WP_000845048.1	337	k121_117205_1	N/A	48.148	48	162	2.14e-42	147
WP_000845048.1	337	k121_858631_2	N/A	34.295	92	312	1.98e-40	151
WP_000845048.1	337	k121_611920_1	N/A	29.429	98	333	2.49e-36	136
WP_000845048.1	337	k121_1053781_1	N/A	27.160	96	324	1.33e-35	133
WP_000845048.1	337	k121_574545_3	N/A	28.431	90	306	2.28e-33	126
WP_000845048.1	337	k121_1274460_3	N/A	34.228	87	298	1.50e-32	124
WP_000845048.1	337	k121_1001938_1	N/A	31.642	99	335	1.70e-32	124
WP_000845048.1	337	k121_455943_9	N/A	32.416	96	327	4.01e-32	124
WP_000845048.1	337	k121_907043_1	N/A	72.603	22	73	7.24e-31	114
WP_000845048.1	337	k121_1326398_3	N/A	31.104	85	299	2.65e-30	119
WP_000845048.1	337	k121_752092_2	N/A	37.991	68	229	2.37e-29	114
WP_000845048.1	337	k121_1100522_34	N/A	33.003	85	303	4.80e-29	115
WP_000845048.1	337	k121_692142_1	N/A	31.104	88	299	5.09e-29	115
WP_000845048.1	337	k121_1140690_1	N/A	29.503	94	322	5.17e-29	115
WP_000845048.1	337	k121_999293_3	N/A	33.444	89	302	6.02e-29	114
WP_000845048.1	337	k121_291873_340	N/A	31.683	85	303	8.92e-29	115
WP_000845048.1	337	k121_178437_1	N/A	29.710	82	276	1.24e-28	113
WP_000845048.1	337	k121_514219_2	N/A	32.895	66	228	4.21e-28	111
WP_000845048.1	337	k121_109493_1	N/A	32.026	90	306	8.87e-28	111
WP_000845048.1	337	k121_36973_2	N/A	35.169	69	236	3.03e-27	108
WP_000845048.1	337	k121_1510225_14	N/A	50.000	32	108	3.29e-27	105
WP_000845048.1	337	k121_342293_3	N/A	67.105	22	76	5.09e-26	102
WP_000845048.1	337	k121_1142179_20	N/A	25.484	91	310	5.61e-26	107
WP_000845048.1	337	k121_1451168_1	N/A	34.934	68	229	2.21e-25	103
WP_000845048.1	337	k121_638662_8	N/A	36.986	62	219	4.26e-25	105
WP_000845048.1	337	k121_1301229_1	N/A	35.747	62	221	7.08e-25	102
WP_000845048.1	337	k121_90480_14	N/A	34.247	62	219	1.10e-24	104
WP_000845048.1	337	k121_1215920_12	N/A	30.961	79	281	4.18e-24	102
WP_000845048.1	337	k121_1201689_1	N/A	32.955	78	264	4.50e-24	100
WP_000845048.1	337	k121_134380_1	N/A	32.036	99	334	5.37e-24	102
WP_000845048.1	337	k121_205118_12	N/A	30.164	85	305	7.28e-24	101
WP_000845048.1	337	k121_1105040_2	N/A	33.962	61	212	1.45e-22	95.9
WP_000845048.1	337	k121_742976_3	N/A	33.557	85	298	3.38e-22	97.1
WP_000845048.1	337	k121_723761_2	N/A	34.259	62	216	4.38e-22	97.1
WP_000845048.1	337	k121_1182540_2	N/A	34.742	61	213	7.69e-22	95.1
WP_000845048.1	337	k121_807913_13	N/A	33.333	62	222	1.38e-21	95.5
WP_000845048.1	337	k121_462632_2	N/A	32.997	83	297	1.90e-21	95.1
WP_000845048.1	337	k121_1487434_3	N/A	33.645	62	214	2.16e-21	94.7
WP_000845048.1	337	k121_756119_2	N/A	33.333	68	246	2.33e-21	93.6
WP_000845048.1	337	k121_25132_1	N/A	34.404	62	218	2.49e-21	94.7
WP_000845048.1	337	k121_499282_2	N/A	37.615	62	218	2.66e-21	94.0
WP_000845048.1	337	k121_1568362_2	N/A	31.561	87	301	2.75e-21	94.7
WP_000845048.1	337	k121_1364828_5	N/A	33.645	61	214	2.85e-21	93.2
WP_000845048.1	337	k121_744348_2	N/A	27.090	85	299	6.64e-21	93.2
WP_000845048.1	337	k121_739889_4	N/A	25.796	92	314	8.01e-21	92.8
WP_000845048.1	337	k121_1035541_2	N/A	30.640	85	297	9.19e-21	93.2
WP_000845048.1	337	k121_331076_1	N/A	30.824	79	279	1.04e-20	92.4
WP_000845048.1	337	k121_87958_3	N/A	30.147	78	272	2.00e-20	92.4
WP_000845048.1	337	k121_1176687_4	N/A	31.148	69	244	2.10e-20	90.5
WP_000845048.1	337	k121_25118_1	N/A	33.333	76	270	2.16e-20	92.0
WP_000845048.1	337	k121_386_5	N/A	32.308	76	260	2.18e-20	92.0
WP_000845048.1	337	k121_832002_3	N/A	26.756	85	299	2.26e-20	92.0
WP_000845048.1	337	k121_1111705_2	N/A	30.385	74	260	2.48e-20	92.0
WP_000845048.1	337	k121_1455943_6	N/A	28.981	88	314	2.69e-20	92.0
WP_000845048.1	337	k121_1442700_2	N/A	29.936	88	314	3.54e-20	91.3
WP_000845048.1	337	k121_1271019_5	N/A	33.484	62	221	3.61e-20	91.7
WP_000845048.1	337	k121_535903_1	N/A	28.165	88	316	4.08e-20	91.3
WP_000845048.1	337	k121_838721_2	N/A	34.759	55	187	6.97e-20	90.5
WP_000845048.1	337	k121_1250286_11	N/A	25.418	85	299	7.15e-20	90.5
WP_000845048.1	337	k121_70809_3	N/A	34.783	55	184	7.81e-20	87.4
WP_000845048.1	337	k121_600468_2	N/A	30.537	84	298	8.24e-20	90.1
WP_000845048.1	337	k121_1469614_6	N/A	25.547	78	274	1.38e-19	89.7
WP_000845048.1	337	k121_426178_8	N/A	31.739	66	230	1.74e-19	89.7
WP_000845048.1	337	k121_1342033_1	N/A	34.759	54	187	2.80e-19	86.7
WP_000845048.1	337	k121_496682_2	N/A	27.273	78	275	4.12e-19	88.6
WP_000845048.1	337	k121_1467952_2	N/A	35.023	64	217	4.61e-19	88.2
WP_000845048.1	337	k121_872576_6	N/A	27.575	85	301	6.99e-19	87.8
WP_000845048.1	337	k121_1228231_2	N/A	32.727	63	220	7.10e-19	88.2
WP_000845048.1	337	k121_364836_2	N/A	31.304	66	230	7.71e-19	87.8
WP_000845048.1	337	k121_1237833_1	N/A	33.333	68	234	1.01e-18	85.9
WP_000845048.1	337	k121_789787_5	N/A	26.885	84	305	1.03e-18	87.8
WP_000845048.1	337	k121_931697_3	N/A	32.710	62	214	2.29e-18	86.7
WP_000845048.1	337	k121_449021_2	N/A	31.081	63	222	3.97e-18	85.9
WP_000845048.1	337	k121_1593204_6	N/A	32.973	55	185	5.79e-18	85.5
WP_000845048.1	337	k121_304852_2	N/A	30.992	71	242	6.09e-18	85.1
WP_000845048.1	337	k121_559271_7	N/A	33.190	64	232	6.84e-18	85.5
WP_000845048.1	337	k121_1010652_36	N/A	30.435	77	276	8.20e-18	85.1
WP_000845048.1	337	k121_1209709_4	N/A	32.967	54	182	1.50e-17	84.3
WP_000845048.1	337	k121_596225_3	N/A	25.667	85	300	1.73e-17	84.0
WP_000845048.1	337	k121_1347710_3	N/A	26.408	82	284	2.15e-17	83.6
WP_000845048.1	337	k121_258339_1	N/A	35.938	57	192	2.25e-17	80.9
WP_000845048.1	337	k121_1286834_1	N/A	32.243	61	214	2.67e-17	82.8
WP_000845048.1	337	k121_90289_3	N/A	30.097	85	309	3.27e-17	83.2
WP_000845048.1	337	k121_768013_2	N/A	29.596	64	223	4.04e-17	82.4
WP_000845048.1	337	k121_1035958_3	N/A	27.687	85	307	7.00e-17	82.0
WP_000845048.1	337	k121_570587_2	N/A	32.584	53	178	7.85e-17	82.4
WP_000845048.1	337	k121_1307041_2	N/A	24.632	78	272	8.20e-17	82.0
WP_000845048.1	337	k121_468382_1	N/A	27.541	85	305	1.20e-16	81.6
WP_000845048.1	337	k121_1139712_1	N/A	28.626	74	262	1.27e-16	80.5
WP_000845048.1	337	k121_1259485_2	N/A	26.910	85	301	1.48e-16	81.3
WP_000845048.1	337	k121_94218_1	N/A	25.368	78	272	2.03e-16	80.9
WP_000845048.1	337	k121_1245498_2	N/A	35.976	49	164	2.33e-16	77.4
WP_000845048.1	337	k121_1192179_2	N/A	32.432	55	185	2.79e-16	80.5
WP_000845048.1	337	k121_102868_1	N/A	25.221	66	226	2.94e-16	78.6
WP_000845048.1	337	k121_543376_1	N/A	57.576	20	66	4.01e-16	75.9
WP_000845048.1	337	k121_1408191_2	N/A	29.493	62	217	4.07e-16	80.1
WP_000845048.1	337	k121_413993_2	N/A	26.408	81	284	7.67e-16	79.0
WP_000845048.1	337	k121_1036966_1	N/A	36.486	44	148	7.72e-16	75.9
WP_000845048.1	337	k121_767363_3	N/A	31.217	54	189	7.80e-16	79.7
WP_000845048.1	337	k121_1445264_1	N/A	31.905	61	210	8.82e-16	77.8
WP_000845048.1	337	k121_116181_4	N/A	27.667	84	300	1.13e-15	79.0
WP_000845048.1	337	k121_1422065_2	N/A	28.972	90	321	1.16e-15	79.0
WP_000845048.1	337	k121_1208885_1	N/A	29.565	63	230	2.06e-15	78.2
WP_000845048.1	337	k121_448879_8	N/A	30.275	62	218	2.14e-15	77.8
WP_000845048.1	337	k121_596022_1	N/A	36.571	51	175	3.15e-15	74.7
WP_000845048.1	337	k121_1121963_1	N/A	25.758	76	264	5.45e-15	76.3
WP_000845048.1	337	k121_196962_2	N/A	57.576	20	66	5.70e-15	76.6
WP_000845048.1	337	k121_1566457_3	N/A	26.398	90	322	7.76e-15	77.0
WP_000845048.1	337	k121_498024_2	N/A	33.333	62	219	1.12e-14	75.9
WP_000845048.1	337	k121_37716_18	N/A	27.243	85	301	1.36e-14	75.5
WP_000845048.1	337	k121_400625_2	N/A	48.780	24	82	1.43e-14	71.2
WP_000845048.1	337	k121_592526_2	N/A	51.316	23	76	1.46e-14	72.0
WP_000845048.1	337	k121_176012_2	N/A	35.811	44	148	1.69e-14	72.0
WP_000845048.1	337	k121_492570_2	N/A	28.235	71	255	1.89e-14	75.1
WP_000845048.1	337	k121_1088645_3	N/A	33.750	46	160	3.58e-14	72.4
WP_000845048.1	337	k121_911401_1	N/A	31.765	50	170	4.41e-14	73.6
WP_000845048.1	337	k121_1134920_2	N/A	27.313	63	227	4.94e-14	72.8
WP_000845048.1	337	k121_1555406_2	N/A	31.967	68	244	5.60e-14	73.9
WP_000845048.1	337	k121_1562776_2	N/A	28.395	68	243	5.76e-14	73.9
WP_000845048.1	337	k121_563955_3	N/A	29.565	63	230	6.78e-14	74.3
WP_000845048.1	337	k121_1265166_7	N/A	28.739	92	341	8.77e-14	73.6
WP_000845048.1	337	k121_1064692_1	N/A	29.043	85	303	9.41e-14	72.8
WP_000845048.1	337	k121_186874_3	N/A	27.857	74	280	1.13e-13	73.6
WP_000845048.1	337	k121_47539_2	N/A	52.174	20	69	1.49e-13	68.6
WP_000845048.1	337	k121_87988_2	N/A	28.899	62	218	5.55e-13	71.2
WP_000845048.1	337	k121_159040_2	N/A	28.013	85	307	5.69e-13	70.9
WP_000845048.1	337	k121_1106763_8	N/A	32.287	62	223	7.62e-13	70.5
WP_000845048.1	337	k121_1135630_2	N/A	28.065	82	310	9.13e-13	70.5
WP_000845048.1	337	k121_139432_1	N/A	34.615	54	182	1.03e-12	67.8
WP_000845048.1	337	k121_1067122_2	N/A	27.362	84	307	1.38e-12	70.1
WP_000845048.1	337	k121_215299_1	N/A	26.780	77	295	1.43e-12	70.1
WP_000845048.1	337	k121_36028_2	N/A	47.500	24	80	1.85e-12	65.9
WP_000845048.1	337	k121_644226_2	N/A	29.861	79	288	3.51e-12	68.6
WP_000845048.1	337	k121_929349_1	N/A	29.808	86	312	6.37e-12	68.2
WP_000845048.1	337	k121_374182_1	N/A	25.652	63	230	1.02e-11	66.6
WP_000845048.1	337	k121_604250_2	N/A	29.643	77	280	1.22e-11	67.4
WP_000845048.1	337	k121_1216839_2	N/A	31.651	63	218	1.24e-11	67.0
WP_000845048.1	337	k121_1295440_1	N/A	27.547	76	265	1.29e-11	66.6
WP_000845048.1	337	k121_797256_2	N/A	28.846	86	312	1.77e-11	66.6
WP_000845048.1	337	k121_1128793_1	N/A	25.155	76	322	1.80e-11	67.0
WP_000845048.1	337	k121_156010_2	N/A	25.868	88	317	1.83e-11	66.2
WP_000845048.1	337	k121_310492_1	N/A	26.523	77	279	1.90e-11	66.6
WP_000845048.1	337	k121_1111833_6	N/A	31.019	62	216	2.08e-11	66.6
WP_000845048.1	337	k121_76428_2	N/A	27.839	78	273	2.54e-11	65.5
WP_000845048.1	337	k121_1190127_2	N/A	29.605	82	304	2.73e-11	66.2
WP_000845048.1	337	k121_1237894_2	N/A	28.804	53	184	3.52e-11	65.5
WP_000845048.1	337	k121_207146_1	N/A	24.351	87	308	7.40e-11	64.7
WP_000845048.1	337	k121_999119_3	N/A	30.460	52	174	7.94e-11	62.0
WP_000845048.1	337	k121_1577370_2	N/A	26.667	69	240	9.00e-11	63.2
WP_000845048.1	337	k121_977488_5	N/A	29.444	53	180	1.03e-10	64.7
WP_000845048.1	337	k121_1227553_1	N/A	29.208	55	202	1.09e-10	63.9
WP_000845048.1	337	k121_1434382_3	N/A	32.584	53	178	1.68e-10	61.6
WP_000845048.1	337	k121_440628_1	N/A	27.397	65	219	1.89e-10	63.2
WP_000845048.1	337	k121_166867_2	N/A	28.409	52	176	1.90e-10	61.2
WP_000845048.1	337	k121_940088_2	N/A	29.043	84	303	2.12e-10	63.5
WP_000845048.1	337	k121_750995_1	N/A	25.490	45	153	3.28e-10	60.8
WP_000845048.1	337	k121_986070_1	N/A	27.068	74	266	3.83e-10	62.4
WP_000845048.1	337	k121_844487_2	N/A	27.442	60	215	7.16e-10	61.6
WP_000845048.1	337	k121_1382367_2	N/A	40.000	25	85	1.06e-09	58.2
WP_000845048.1	337	k121_54998_1	N/A	29.891	53	184	1.15e-09	59.7
WP_000845048.1	337	k121_570758_2	N/A	28.767	60	219	1.71e-09	60.5
WP_000845048.1	337	k121_689429_1	N/A	25.592	60	211	1.82e-09	60.5
WP_000845048.1	337	k121_1114135_2	N/A	31.609	50	174	2.22e-09	58.2
WP_000845048.1	337	k121_1397022_2	N/A	29.811	73	265	2.24e-09	60.8
WP_000845048.1	337	k121_1102404_11	N/A	28.139	63	231	3.94e-09	60.1
WP_000845048.1	337	k121_1397237_8	N/A	29.439	63	214	4.26e-09	59.3
WP_000845048.1	337	k121_1172886_2	N/A	26.957	64	230	4.55e-09	59.7
WP_000845048.1	337	k121_1103282_1	N/A	25.182	77	274	5.11e-09	59.7
WP_000845048.1	337	k121_888118_4	N/A	28.085	64	235	1.07e-08	58.5
WP_000845048.1	337	k121_936371_5	N/A	28.774	62	212	1.34e-08	58.2
WP_000845048.1	337	k121_1320350_2	N/A	27.638	53	199	1.40e-08	58.2
WP_000845048.1	337	k121_4385_1	N/A	25.714	62	245	1.81e-08	57.8
WP_000845048.1	337	k121_1013061_1	N/A	29.851	37	134	3.25e-08	55.1
WP_000845048.1	337	k121_976172_1	N/A	22.997	84	287	3.38e-08	56.6
WP_000845048.1	337	k121_689907_2	N/A	27.179	56	195	3.46e-08	56.6
WP_000845048.1	337	k121_327003_1	N/A	26.383	63	235	6.14e-08	56.2
WP_000845048.1	337	k121_624232_1	N/A	29.060	67	234	6.97e-08	56.2
WP_000845048.1	337	k121_335098_1	N/A	25.847	63	236	8.35e-08	55.8
WP_000845048.1	337	k121_142326_4	N/A	24.896	63	241	8.90e-08	55.5
WP_000845048.1	337	k121_412467_1	N/A	30.108	52	186	1.08e-07	55.5
WP_000845048.1	337	k121_1404628_1	N/A	24.880	59	209	1.18e-07	55.5
WP_000845048.1	337	k121_1068210_38	N/A	38.750	24	80	1.35e-07	54.7
WP_000845048.1	337	k121_304332_1	N/A	29.775	53	178	1.66e-07	54.7
WP_000845048.1	337	k121_15807_2	N/A	29.808	59	208	1.70e-07	53.5
WP_000845048.1	337	k121_66207_2	N/A	25.157	41	159	1.89e-07	53.9
WP_000845048.1	337	k121_124474_1	N/A	27.273	83	297	2.05e-07	54.7
WP_000845048.1	337	k121_1332896_2	N/A	33.333	27	93	2.12e-07	53.9
WP_000845048.1	337	k121_878214_4	N/A	27.232	61	224	4.31e-07	53.5
WP_000845048.1	337	k121_304332_2	N/A	29.091	60	220	5.70e-07	53.1
WP_000845048.1	337	k121_473025_21	N/A	29.327	59	208	7.20e-07	53.1
WP_000845048.1	337	k121_1214276_1	N/A	30.481	53	187	9.44e-07	52.0
WP_000845048.1	337	k121_301027_3	N/A	37.143	20	70	9.48e-07	52.4
WP_000845048.1	337	k121_839834_1	N/A	26.442	58	208	9.71e-07	51.2
WP_000845048.1	337	k121_330355_1	N/A	24.413	59	213	1.13e-06	52.4
WP_000845048.1	337	k121_719579_1	N/A	26.214	85	309	1.34e-06	52.0
WP_000845048.1	337	k121_164442_1	N/A	27.184	59	206	1.40e-06	52.0
WP_000845048.1	337	k121_878214_3	N/A	27.852	83	298	1.53e-06	52.0
WP_000845048.1	337	k121_845010_3	N/A	28.986	59	207	1.69e-06	50.8
WP_000845048.1	337	k121_163653_2	N/A	28.636	63	220	2.37e-06	51.2
WP_000845048.1	337	k121_1088210_2	N/A	26.562	54	192	2.40e-06	50.8
WP_000845048.1	337	k121_76562_4	N/A	26.437	76	261	2.49e-06	50.8
WP_000845048.1	337	k121_578759_6	N/A	37.681	20	69	3.37e-06	50.4
WP_000845048.1	337	k121_633355_1	N/A	31.319	51	182	3.51e-06	50.8
WP_000845048.1	337	k121_938374_5	N/A	27.602	63	221	3.88e-06	50.8
WP_000845048.1	337	k121_977721_1	N/A	27.219	46	169	4.01e-06	49.7
WP_000845048.1	337	k121_1517687_2	N/A	32.258	42	155	4.48e-06	49.7
WP_000845048.1	337	k121_1396955_4	N/A	39.726	21	73	4.60e-06	50.4
WP_000845048.1	337	k121_6501_3	N/A	26.702	53	191	4.68e-06	50.4
WP_000845048.1	337	k121_943945_15	N/A	24.121	59	199	5.34e-06	50.4
WP_000845048.1	337	k121_1091348_10	N/A	25.126	59	199	5.68e-06	49.3
WP_000845048.1	337	k121_591867_1	N/A	38.806	20	67	7.64e-06	48.5
WP_000845048.1	337	k121_1517687_1	N/A	30.851	53	188	8.31e-06	48.5
WP_000845048.1	337	k121_712063_2	N/A	24.092	86	303	1.08e-05	48.9
WP_000845048.1	337	k121_169822_2	N/A	26.442	60	208	1.15e-05	49.3
WP_000845048.1	337	k121_578100_1	N/A	23.913	77	276	1.16e-05	48.5
WP_000845048.1	337	k121_470877_2	N/A	34.286	20	70	1.31e-05	48.9
WP_000845048.1	337	k121_1563802_3	N/A	22.436	75	312	1.37e-05	49.3
WP_000845048.1	337	k121_640415_1	N/A	27.723	58	202	1.48e-05	48.9
WP_000845048.1	337	k121_632693_1	N/A	39.796	26	98	2.11e-05	47.4
WP_000845048.1	337	k121_304332_3	N/A	25.083	84	303	2.16e-05	48.1
WP_000845048.1	337	k121_1435988_1	N/A	23.502	60	217	2.67e-05	48.1
WP_000845048.1	337	k121_289992_1	N/A	31.967	36	122	3.01e-05	48.1
WP_000845048.1	337	k121_690804_1	N/A	28.351	53	194	3.10e-05	47.8
WP_000845048.1	337	k121_45118_2	N/A	28.125	54	192	3.69e-05	47.4
WP_000845048.1	337	k121_929349_2	N/A	27.273	61	220	3.76e-05	47.4
WP_000845048.1	337	k121_1134275_7	N/A	26.482	71	253	3.84e-05	47.8
WP_000845048.1	337	k121_97605_2	N/A	24.211	81	285	3.98e-05	47.8
WP_000845048.1	337	k121_291816_13	N/A	28.415	54	183	4.26e-05	47.4
WP_000845048.1	337	k121_1150423_1	N/A	20.199	85	302	4.75e-05	47.4
WP_000845048.1	337	k121_1202060_14	N/A	28.319	62	226	6.26e-05	46.2
WP_000845048.1	337	k121_281003_1	N/A	30.488	22	82	4.03e-04	44.3
WP_000845048.1	337	k121_526278_1	N/A	31.111	36	135	1.74e-04	45.4
WP_000845048.1	337	k121_1182348_2	N/A	29.448	45	163	7.75e-05	46.6
WP_000845048.1	337	k121_99944_1	N/A	33.333	26	87	7.93e-05	45.4
WP_000845048.1	337	k121_1172886_3	N/A	23.875	79	289	8.23e-05	47.0
WP_000845048.1	337	k121_409744_2	N/A	30.846	54	201	8.84e-05	45.8
WP_000845048.1	337	k121_807020_2	N/A	24.101	74	278	8.87e-05	46.2
WP_000845048.1	337	k121_64807_1	N/A	25.820	67	244	8.93e-05	47.0
WP_000845048.1	337	k121_1563802_2	N/A	33.766	21	77	9.33e-05	46.2
WP_000845048.1	337	k121_181146_1	N/A	29.121	47	182	1.03e-04	45.4
WP_000845048.1	337	k121_929349_3	N/A	26.341	59	205	1.08e-04	45.1
WP_000845048.1	337	k121_825002_8	N/A	22.383	77	277	1.12e-04	46.2
WP_000845048.1	337	k121_437914_45	N/A	25.116	60	215	1.21e-04	46.2
WP_000845048.1	337	k121_437914_40	N/A	29.798	55	198	1.22e-04	46.2
WP_000845048.1	337	k121_701816_1	N/A	25.571	62	219	1.72e-04	45.4
WP_000845048.1	337	k121_914724_1	N/A	25.091	77	275	1.78e-04	45.4
WP_000845048.1	337	k121_938374_6	N/A	27.727	61	220	1.81e-04	45.8
WP_000845048.1	337	k121_1534847_2	N/A	27.240	73	279	1.86e-04	45.4
WP_000845048.1	337	k121_797256_1	N/A	35.789	26	95	1.97e-04	45.1
WP_000845048.1	337	k121_667551_5	N/A	29.630	61	216	2.10e-04	45.8
WP_000845048.1	337	k121_38497_1	N/A	37.662	21	77	2.81e-04	45.1
WP_000845048.1	337	k121_205646_2	N/A	28.829	62	222	2.89e-04	45.1
WP_000845048.1	337	k121_1075993_1	N/A	32.051	22	78	2.94e-04	45.1
WP_000845048.1	337	k121_192230_1	N/A	26.126	62	222	3.84e-04	44.3
WP_000845048.1	337	k121_689340_3	N/A	33.333	22	81	3.99e-04	43.5
WP_000845048.1	337	k121_433945_5	N/A	40.278	21	72	4.30e-04	43.1
WP_000845048.1	337	k121_769998_2	N/A	26.415	77	265	4.51e-04	43.9
WP_000845048.1	337	k121_1035342_1	N/A	20.188	59	213	4.70e-04	43.9
WP_000845048.1	337	k121_473717_1	N/A	26.471	56	204	5.03e-04	43.1
WP_000845048.1	337	k121_1057307_9	N/A	31.053	53	190	6.14e-04	43.9
WP_000845048.1	337	k121_338009_3	N/A	35.135	22	74	7.09e-04	43.5
WP_000845048.1	337	k121_1145414_1	N/A	26.738	53	187	7.20e-04	42.0
WP_000845048.1	337	k121_164442_3	N/A	29.012	42	162	7.37e-04	42.7
WP_000845048.1	337	k121_1566473_1	N/A	25.556	53	180	0.001	42.4
WP_000845048.1	337	k121_825021_2	N/A	34.667	20	75	0.001	42.7
WP_000845048.1	337	k121_931366_20	N/A	24.434	61	221	0.001	43.5
WP_000845048.1	337	k121_164442_2	N/A	25.738	65	237	0.001	42.7
WP_000845048.1	337	k121_965609_1	N/A	28.000	50	175	0.001	43.1
WP_000845048.1	337	k121_1230397_1	N/A	32.099	23	81	0.001	41.6
WP_000845048.1	337	k121_1307247_2	N/A	36.765	20	68	0.002	42.7
WP_000845048.1	337	k121_771608_2	N/A	26.778	63	239	0.002	42.0
WP_000845048.1	337	k121_1500204_2	N/A	26.407	63	231	0.002	42.4
WP_000845048.1	337	k121_1073172_5	N/A	28.696	67	230	0.002	42.4
WP_000845048.1	337	k121_1206971_2	N/A	27.315	63	216	0.002	42.4
WP_000845048.1	337	k121_1215165_2	N/A	31.522	26	92	0.002	40.0
WP_000845048.1	337	k121_1215508_7	N/A	27.099	75	262	0.002	42.0
WP_000845048.1	337	k121_409806_3	N/A	36.842	20	76	0.003	42.4
WP_000845048.1	337	k121_667209_2	N/A	24.737	46	190	0.003	41.6
WP_000845048.1	337	k121_808544_18	N/A	24.424	61	217	0.003	42.0
WP_000845048.1	337	k121_610857_1	N/A	27.072	49	181	0.003	41.2
WP_000845048.1	337	k121_1396955_5	N/A	26.522	64	230	0.004	42.0
WP_000845048.1	337	k121_227679_11	N/A	23.558	60	208	0.004	41.2
WP_000845048.1	337	k121_954095_1	N/A	20.233	75	257	0.004	40.8
WP_000845048.1	337	k121_765416_2	N/A	25.556	53	180	0.004	40.4
WP_000845048.1	337	k121_56519_1	N/A	23.308	76	266	0.006	40.4
WP_000845048.1	337	k121_638085_1	N/A	22.886	58	201	0.007	40.0
WP_000845048.1	337	k121_931377_4	N/A	27.559	71	254	0.009	40.4
WP_000845048.1	337	k121_838985_2	N/A	26.882	25	93	0.010	40.0
WP_000845048.1	337	k121_983023_1	N/A	33.696	24	92	0.012	38.5
WP_000845048.1	337	k121_28957_2	N/A	24.891	53	229	0.012	40.0
WP_000845048.1	337	k121_284136_2	N/A	24.092	84	303	0.012	39.7
WP_000845048.1	337	k121_210291_1	N/A	28.467	36	137	0.013	39.7
WP_000845048.1	337	k121_238578_2	N/A	27.638	51	199	0.014	39.3
WP_000845048.1	337	k121_357142_1	N/A	37.179	21	78	0.014	38.9
WP_000845048.1	337	k121_184275_1	N/A	39.130	20	69	0.022	38.9
WP_000845048.1	337	k121_1274994_3	N/A	29.323	38	133	0.053	37.7
WP_000845048.1	337	k121_39137_3	N/A	32.857	20	70	0.023	38.5
WP_000845048.1	337	k121_1493244_3	N/A	27.027	52	185	0.025	38.9
WP_000845048.1	337	k121_1533500_3	N/A	24.339	51	189	0.026	38.9
WP_000845048.1	337	k121_378017_6	N/A	27.000	29	100	0.031	38.5
WP_000845048.1	337	k121_1126740_5	N/A	35.000	22	80	0.035	38.5
WP_000845048.1	337	k121_227232_48	N/A	25.238	61	210	0.038	38.5
WP_000845048.1	337	k121_1563920_1	N/A	32.258	23	93	0.042	37.7
WP_000845048.1	337	k121_366379_1	N/A	31.507	21	73	0.043	37.4
WP_000845048.1	337	k121_252463_3	N/A	30.337	26	89	0.049	37.7
WP_000845048.1	337	k121_691101_15	N/A	24.224	88	322	0.052	38.1
WP_000845048.1	337	k121_1533500_2	N/A	24.194	68	248	0.058	38.1
WP_000845048.1	337	k121_417545_11	N/A	22.685	62	216	0.065	37.7
WP_000845048.1	337	k121_318252_2	N/A	28.829	31	111	0.082	37.0
WP_000845048.1	337	k121_3829_2	N/A	24.865	53	185	0.084	37.4
WP_000845048.1	337	k121_133795_3	N/A	26.263	27	99	0.085	36.6
WP_000845048.1	337	k121_1151415_2	N/A	21.719	66	221	0.086	37.0
WP_000845048.1	337	k121_775120_21	N/A	23.558	58	208	0.093	37.0
