SadA_ref|WP_036299419.1|:1-399	399	k121_129681_136	N/A	43.797	98	395	7.41e-113	338
SadA_ref|WP_036299419.1|:1-399	399	k121_1934177_22	N/A	32.558	96	387	7.34e-61	204
SadA_ref|WP_036299419.1|:1-399	399	k121_1271608_8	N/A	32.481	97	391	1.14e-60	204
SadA_ref|WP_036299419.1|:1-399	399	k121_14395_6	N/A	32.468	95	385	2.49e-60	202
SadA_ref|WP_036299419.1|:1-399	399	k121_857053_81	N/A	31.552	97	393	2.50e-56	192
SadA_ref|WP_036299419.1|:1-399	399	k121_1021889_18	N/A	29.815	95	379	2.73e-54	187
SadA_ref|WP_036299419.1|:1-399	399	k121_989878_29	N/A	31.429	94	385	1.40e-45	164
SadA_ref|WP_036299419.1|:1-399	399	k121_1424300_59	N/A	31.675	94	382	2.76e-45	163
SadA_ref|WP_036299419.1|:1-399	399	k121_1974829_2	N/A	29.008	97	393	4.27e-45	163
SadA_ref|WP_036299419.1|:1-399	399	k121_1413453_17	N/A	31.267	93	371	9.39e-43	156
SadA_ref|WP_036299419.1|:1-399	399	k121_1039731_1	N/A	28.418	91	373	2.47e-41	152
SadA_ref|WP_036299419.1|:1-399	399	k121_1011065_114	N/A	29.016	95	386	9.38e-41	151
SadA_ref|WP_036299419.1|:1-399	399	k121_959650_1	N/A	27.321	92	377	6.48e-38	143
SadA_ref|WP_036299419.1|:1-399	399	k121_531721_15	N/A	28.997	92	369	1.83e-37	142
SadA_ref|WP_036299419.1|:1-399	399	k121_1129917_4	N/A	41.872	51	203	2.21e-36	136
SadA_ref|WP_036299419.1|:1-399	399	k121_1440776_177	N/A	30.663	90	362	2.38e-35	136
SadA_ref|WP_036299419.1|:1-399	399	k121_639665_3	N/A	26.617	96	402	5.20e-35	135
SadA_ref|WP_036299419.1|:1-399	399	k121_461996_2	N/A	31.379	72	290	6.20e-35	133
SadA_ref|WP_036299419.1|:1-399	399	k121_1953073_1	N/A	26.718	96	393	8.31e-35	135
SadA_ref|WP_036299419.1|:1-399	399	k121_1843274_1	N/A	28.400	62	250	5.06e-32	125
SadA_ref|WP_036299419.1|:1-399	399	k121_1687580_25	N/A	26.923	94	390	1.08e-31	126
SadA_ref|WP_036299419.1|:1-399	399	k121_1970394_1	N/A	25.697	79	323	7.65e-31	122
SadA_ref|WP_036299419.1|:1-399	399	k121_769661_153	N/A	29.462	88	353	9.23e-31	124
SadA_ref|WP_036299419.1|:1-399	399	k121_105211_2	N/A	33.603	61	247	2.88e-30	119
SadA_ref|WP_036299419.1|:1-399	399	k121_284675_99	N/A	25.393	95	382	6.52e-29	119
SadA_ref|WP_036299419.1|:1-399	399	k121_260271_1	N/A	27.530	61	247	4.85e-28	114
SadA_ref|WP_036299419.1|:1-399	399	k121_851704_1	N/A	31.959	48	194	1.73e-26	109
SadA_ref|WP_036299419.1|:1-399	399	k121_957168_56	N/A	26.050	89	357	1.60e-25	108
SadA_ref|WP_036299419.1|:1-399	399	k121_1823730_6	N/A	27.225	92	382	4.64e-25	108
SadA_ref|WP_036299419.1|:1-399	399	k121_1934177_73	N/A	22.251	95	391	2.92e-24	106
SadA_ref|WP_036299419.1|:1-399	399	k121_77410_2	N/A	27.925	66	265	2.05e-20	92.8
SadA_ref|WP_036299419.1|:1-399	399	k121_1304092_1	N/A	28.727	68	275	2.96e-20	93.2
SadA_ref|WP_036299419.1|:1-399	399	k121_120628_2	N/A	25.313	97	399	7.52e-20	93.6
SadA_ref|WP_036299419.1|:1-399	399	k121_76134_2	N/A	26.551	98	403	1.19e-18	89.7
SadA_ref|WP_036299419.1|:1-399	399	k121_957168_58	N/A	28.161	44	174	2.92e-17	85.5
SadA_ref|WP_036299419.1|:1-399	399	k121_548028_2	N/A	25.123	49	203	1.77e-14	75.1
SadA_ref|WP_036299419.1|:1-399	399	k121_1658722_1	N/A	29.545	54	220	2.63e-13	71.6
SadA_ref|WP_036299419.1|:1-399	399	k121_284902_9	N/A	25.936	89	374	2.57e-12	70.9
SadA_ref|WP_036299419.1|:1-399	399	k121_673401_1	N/A	26.586	81	331	3.72e-11	67.0
SadA_ref|WP_036299419.1|:1-399	399	k121_1814988_6	N/A	26.877	61	253	2.34e-06	52.4
SadA_ref|WP_036299419.1|:1-399	399	k121_1438548_3	N/A	21.467	83	368	2.58e-05	49.3
SadA_ref|WP_036299419.1|:1-399	399	k121_1535806_2	N/A	22.165	89	388	2.54e-04	46.2
SadA_ref|WP_036299419.1|:1-399	399	k121_458926_21	N/A	22.850	93	407	2.75e-04	46.2
SadA_ref|WP_036299419.1|:1-399	399	k121_1474333_2	N/A	23.673	56	245	3.32e-04	45.1
SadA_ref|WP_036299419.1|:1-399	399	k121_95801_3	N/A	21.702	51	235	3.59e-04	45.8
SadA_ref|WP_036299419.1|:1-399	399	k121_645987_3	N/A	27.189	50	217	3.94e-04	45.4
SadA_ref|WP_036299419.1|:1-399	399	k121_479088_1	N/A	27.178	68	287	0.001	43.9
SadA_ref|WP_036299419.1|:1-399	399	k121_1288673_1	N/A	27.684	41	177	0.001	43.1
SadA_ref|WP_036299419.1|:1-399	399	k121_961572_1	N/A	31.111	22	90	0.002	43.1
SadA_ref|WP_036299419.1|:1-399	399	k121_1689391_1	N/A	22.609	53	230	0.003	42.4
SadA_ref|WP_036299419.1|:1-399	399	k121_1120476_579	N/A	29.787	23	94	0.004	42.4
SadA_ref|WP_036299419.1|:1-399	399	k121_1439074_2	N/A	23.171	60	246	0.005	41.6
SadA_ref|WP_036299419.1|:1-399	399	k121_647980_3	N/A	22.071	86	367	0.006	41.6
SadA_ref|WP_036299419.1|:1-399	399	k121_763207_2	N/A	22.059	94	408	0.007	41.6
SadA_ref|WP_036299419.1|:1-399	399	k121_269481_3	N/A	32.143	20	84	0.013	40.8
SadA_ref|WP_036299419.1|:1-399	399	k121_672599_2	N/A	25.424	44	177	0.035	39.3
SadA_ref|WP_036299419.1|:1-399	399	k121_1163123_1	N/A	27.835	23	97	0.041	38.9
SadA_ref|WP_036299419.1|:1-399	399	k121_267708_3	N/A	22.466	85	365	0.051	38.9
SadA_ref|WP_036299419.1|:1-399	399	k121_1051067_1	N/A	28.571	21	84	0.055	37.7
SadA_ref|WP_036299419.1|:1-399	399	k121_957168_59	N/A	27.811	42	169	0.061	38.5
SadA_ref|WP_036299419.1|:1-399	399	k121_575822_126	N/A	23.377	53	231	0.074	38.1
SadA_ref|WP_036299419.1|:1-399	399	k121_513928_12	N/A	27.064	48	218	0.075	38.1
SadA_ref|WP_036299419.1|:1-399	399	k121_234571_1	N/A	26.606	26	109	0.078	36.2
SadA_ref|WP_036299419.1|:1-399	399	k121_1011065_14	N/A	27.044	36	159	0.097	38.1
SadB_ref|WP_100812327.1|:1-423	423	k121_129681_136	N/A	37.596	91	391	4.14e-80	255
SadB_ref|WP_100812327.1|:1-423	423	k121_989878_29	N/A	33.582	92	402	7.03e-55	190
SadB_ref|WP_100812327.1|:1-423	423	k121_1271608_8	N/A	30.809	89	383	7.13e-52	181
SadB_ref|WP_100812327.1|:1-423	423	k121_1424300_59	N/A	31.910	92	398	1.42e-50	178
SadB_ref|WP_100812327.1|:1-423	423	k121_1974829_2	N/A	28.792	91	389	1.04e-49	176
SadB_ref|WP_100812327.1|:1-423	423	k121_14395_6	N/A	28.389	91	391	1.83e-47	169
SadB_ref|WP_100812327.1|:1-423	423	k121_857053_81	N/A	28.982	90	383	6.07e-47	168
SadB_ref|WP_100812327.1|:1-423	423	k121_1934177_22	N/A	28.646	90	384	5.17e-44	160
SadB_ref|WP_100812327.1|:1-423	423	k121_1021889_18	N/A	28.272	90	382	1.51e-42	156
SadB_ref|WP_100812327.1|:1-423	423	k121_1039731_1	N/A	26.374	85	364	3.17e-36	139
SadB_ref|WP_100812327.1|:1-423	423	k121_1413453_17	N/A	26.882	87	372	5.21e-36	139
SadB_ref|WP_100812327.1|:1-423	423	k121_1440776_177	N/A	26.166	91	386	1.44e-35	137
SadB_ref|WP_100812327.1|:1-423	423	k121_1953073_1	N/A	26.154	90	390	6.60e-35	136
SadB_ref|WP_100812327.1|:1-423	423	k121_1129917_4	N/A	37.069	55	232	5.93e-34	130
SadB_ref|WP_100812327.1|:1-423	423	k121_639665_3	N/A	26.075	86	372	9.46e-34	132
SadB_ref|WP_100812327.1|:1-423	423	k121_959650_1	N/A	27.701	85	361	1.61e-33	131
SadB_ref|WP_100812327.1|:1-423	423	k121_284675_99	N/A	27.446	84	368	5.53e-33	130
SadB_ref|WP_100812327.1|:1-423	423	k121_769661_153	N/A	27.989	87	368	6.36e-33	130
SadB_ref|WP_100812327.1|:1-423	423	k121_1011065_114	N/A	26.842	87	380	1.61e-32	129
SadB_ref|WP_100812327.1|:1-423	423	k121_1970394_1	N/A	29.043	69	303	1.82e-31	125
SadB_ref|WP_100812327.1|:1-423	423	k121_1687580_25	N/A	25.316	90	395	8.63e-31	124
SadB_ref|WP_100812327.1|:1-423	423	k121_851704_1	N/A	33.810	49	210	2.05e-29	117
SadB_ref|WP_100812327.1|:1-423	423	k121_531721_15	N/A	26.741	84	359	2.11e-28	117
SadB_ref|WP_100812327.1|:1-423	423	k121_1843274_1	N/A	26.923	54	234	9.00e-28	114
SadB_ref|WP_100812327.1|:1-423	423	k121_1823730_6	N/A	27.937	87	383	1.39e-27	115
SadB_ref|WP_100812327.1|:1-423	423	k121_461996_2	N/A	28.879	54	232	1.98e-27	113
SadB_ref|WP_100812327.1|:1-423	423	k121_105211_2	N/A	32.389	57	247	4.57e-27	111
SadB_ref|WP_100812327.1|:1-423	423	k121_1934177_73	N/A	24.870	89	386	2.40e-26	112
SadB_ref|WP_100812327.1|:1-423	423	k121_957168_56	N/A	26.027	85	365	1.70e-25	109
SadB_ref|WP_100812327.1|:1-423	423	k121_260271_1	N/A	25.681	59	257	1.01e-23	102
SadB_ref|WP_100812327.1|:1-423	423	k121_76134_2	N/A	29.208	91	404	1.21e-23	104
SadB_ref|WP_100812327.1|:1-423	423	k121_957168_58	N/A	26.471	87	374	2.09e-23	103
SadB_ref|WP_100812327.1|:1-423	423	k121_77410_2	N/A	28.571	61	259	6.20e-23	100
SadB_ref|WP_100812327.1|:1-423	423	k121_120628_2	N/A	22.829	93	403	2.34e-20	95.1
SadB_ref|WP_100812327.1|:1-423	423	k121_1304092_1	N/A	28.223	66	287	3.58e-18	87.4
SadB_ref|WP_100812327.1|:1-423	423	k121_673401_1	N/A	29.644	59	253	6.63e-18	87.4
SadB_ref|WP_100812327.1|:1-423	423	k121_548028_2	N/A	26.122	56	245	1.28e-16	81.6
SadB_ref|WP_100812327.1|:1-423	423	k121_1658722_1	N/A	29.439	50	214	3.12e-16	80.1
SadB_ref|WP_100812327.1|:1-423	423	k121_284902_9	N/A	26.633	47	199	1.48e-12	72.0
SadB_ref|WP_100812327.1|:1-423	423	k121_479088_1	N/A	25.620	76	363	1.05e-11	68.9
SadB_ref|WP_100812327.1|:1-423	423	k121_1474333_2	N/A	28.426	42	197	2.51e-09	60.8
SadB_ref|WP_100812327.1|:1-423	423	k121_1438548_3	N/A	24.235	85	392	5.82e-08	57.8
SadB_ref|WP_100812327.1|:1-423	423	k121_458926_21	N/A	24.096	89	415	1.91e-07	56.2
SadB_ref|WP_100812327.1|:1-423	423	k121_1120476_579	N/A	25.249	67	301	3.43e-07	55.1
SadB_ref|WP_100812327.1|:1-423	423	k121_1535806_2	N/A	23.784	80	370	6.32e-07	54.3
SadB_ref|WP_100812327.1|:1-423	423	k121_1062793_9	N/A	32.283	27	127	2.14e-06	52.8
SadB_ref|WP_100812327.1|:1-423	423	k121_1163123_1	N/A	30.303	36	165	3.56e-06	52.0
SadB_ref|WP_100812327.1|:1-423	423	k121_769661_226	N/A	24.747	85	396	4.88e-06	51.6
SadB_ref|WP_100812327.1|:1-423	423	k121_571094_123	N/A	22.222	80	360	8.94e-06	50.8
SadB_ref|WP_100812327.1|:1-423	423	k121_234571_1	N/A	35.294	20	85	1.04e-05	47.0
SadB_ref|WP_100812327.1|:1-423	423	k121_1003941_2	N/A	30.952	27	126	1.69e-05	48.5
SadB_ref|WP_100812327.1|:1-423	423	k121_1691697_1	N/A	23.932	76	351	2.22e-05	49.3
SadB_ref|WP_100812327.1|:1-423	423	k121_1439074_2	N/A	26.984	57	252	2.23e-05	48.9
SadB_ref|WP_100812327.1|:1-423	423	k121_763207_2	N/A	24.129	80	373	3.09e-05	49.3
SadB_ref|WP_100812327.1|:1-423	423	k121_1556748_2	N/A	25.131	43	191	4.26e-05	48.1
SadB_ref|WP_100812327.1|:1-423	423	k121_1051067_1	N/A	32.812	27	128	5.15e-05	47.0
SadB_ref|WP_100812327.1|:1-423	423	k121_267708_3	N/A	26.374	81	364	4.81e-04	45.4
SadB_ref|WP_100812327.1|:1-423	423	k121_20731_1	N/A	28.916	36	166	7.41e-04	43.9
SadB_ref|WP_100812327.1|:1-423	423	k121_1288673_1	N/A	28.472	31	144	7.42e-04	43.9
SadB_ref|WP_100812327.1|:1-423	423	k121_1318502_3	N/A	26.230	65	305	7.85e-04	44.7
SadB_ref|WP_100812327.1|:1-423	423	k121_957168_59	N/A	30.726	42	179	8.24e-04	44.3
SadB_ref|WP_100812327.1|:1-423	423	k121_321312_3	N/A	28.571	30	140	0.001	43.9
SadB_ref|WP_100812327.1|:1-423	423	k121_645987_5	N/A	24.324	57	259	0.002	43.5
SadB_ref|WP_100812327.1|:1-423	423	k121_1141289_3	N/A	22.901	88	393	0.003	42.7
SadB_ref|WP_100812327.1|:1-423	423	k121_1062765_2	N/A	22.995	79	374	0.005	42.0
SadB_ref|WP_100812327.1|:1-423	423	k121_961572_1	N/A	27.820	29	133	0.006	41.6
SadB_ref|WP_100812327.1|:1-423	423	k121_1503217_3	N/A	25.253	43	198	0.012	40.8
SadB_ref|WP_100812327.1|:1-423	423	k121_1086265_1	N/A	27.103	50	214	0.012	40.4
SadB_ref|WP_100812327.1|:1-423	423	k121_1519418_1	N/A	26.389	31	144	0.013	40.0
SadB_ref|WP_100812327.1|:1-423	423	k121_457762_1	N/A	24.862	38	181	0.013	40.4
SadB_ref|WP_100812327.1|:1-423	423	k121_236629_1	N/A	26.236	58	263	0.016	40.4
SadB_ref|WP_100812327.1|:1-423	423	k121_1085547_2	N/A	24.757	48	206	0.019	40.4
SadB_ref|WP_100812327.1|:1-423	423	k121_186045_2	N/A	27.536	30	138	0.031	39.7
SadB_ref|WP_100812327.1|:1-423	423	k121_603665_1	N/A	28.571	27	126	0.034	39.3
SadB_ref|WP_100812327.1|:1-423	423	k121_1534337_2	N/A	26.236	58	263	0.036	39.3
SadB_ref|WP_100812327.1|:1-423	423	k121_1584598_2	N/A	32.979	20	94	0.040	38.9
SadB_ref|WP_100812327.1|:1-423	423	k121_1849574_6	N/A	26.068	50	234	0.044	39.3
SadB_ref|WP_100812327.1|:1-423	423	k121_647980_3	N/A	27.660	31	141	0.046	38.9
SadB_ref|WP_100812327.1|:1-423	423	k121_1089067_15	N/A	24.818	59	274	0.048	38.9
SadB_ref|WP_100812327.1|:1-423	423	k121_420700_70	N/A	29.612	48	206	0.053	38.9
SadB_ref|WP_100812327.1|:1-423	423	k121_804336_4	N/A	26.374	42	182	0.056	38.9
SadB_ref|WP_100812327.1|:1-423	423	k121_1223424_1	N/A	23.590	45	195	0.058	38.1
SadB_ref|WP_100812327.1|:1-423	423	k121_666625_2	N/A	25.369	74	339	0.059	38.5
SadB_ref|WP_100812327.1|:1-423	423	k121_924627_3	N/A	22.423	85	388	0.059	38.9
SadB_ref|WP_100812327.1|:1-423	423	k121_1477243_25	N/A	26.471	43	204	0.059	38.9
SadB_ref|WP_100812327.1|:1-423	423	k121_890689_2	N/A	21.690	80	355	0.078	38.5
SadB_ref|WP_100812327.1|:1-423	423	k121_746704_1	N/A	26.250	32	160	0.086	37.4
SadB_ref|WP_100812327.1|:1-423	423	k121_824793_43	N/A	21.282	85	390	0.092	38.1
SadB_ref|WP_100812327.1|:1-423	423	k121_933552_3	N/A	28.448	25	116	0.093	38.1
SadC_ref|WP_036299413.1|:1-194	194	k121_1941345_3	N/A	87.288	61	118	2.38e-62	192
SadC_ref|WP_036299413.1|:1-194	194	k121_1603745_14	N/A	54.438	87	169	9.14e-55	175
SadC_ref|WP_036299413.1|:1-194	194	k121_284902_11	N/A	46.552	90	174	6.84e-49	160
SadC_ref|WP_036299413.1|:1-194	194	k121_707118_2	N/A	45.385	67	130	5.84e-33	119
SadC_ref|WP_036299413.1|:1-194	194	k121_1806012_4	N/A	45.385	67	130	5.84e-33	119
SadC_ref|WP_036299413.1|:1-194	194	k121_406401_2	N/A	34.568	84	162	2.31e-18	80.9
SadC_ref|WP_036299413.1|:1-194	194	k121_25237_6	N/A	34.591	82	159	1.32e-17	79.3
SadC_ref|WP_036299413.1|:1-194	194	k121_677575_3	N/A	33.962	81	159	1.02e-15	73.9
SadC_ref|WP_036299413.1|:1-194	194	k121_403963_3	N/A	32.099	84	162	1.13e-14	71.2
SadC_ref|WP_036299413.1|:1-194	194	k121_1435439_2	N/A	31.548	86	168	2.78e-14	70.1
SadC_ref|WP_036299413.1|:1-194	194	k121_649608_3	N/A	38.095	64	126	7.81e-13	65.9
SadC_ref|WP_036299413.1|:1-194	194	k121_113654_7	N/A	31.884	71	138	2.08e-11	62.4
SadC_ref|WP_036299413.1|:1-194	194	k121_639665_7	N/A	29.197	71	137	3.14e-11	62.0
SadC_ref|WP_036299413.1|:1-194	194	k121_391835_1	N/A	28.873	73	142	1.08e-10	60.5
SadC_ref|WP_036299413.1|:1-194	194	k121_245969_15	N/A	30.075	67	133	1.46e-10	60.5
SadC_ref|WP_036299413.1|:1-194	194	k121_1190439_4	N/A	27.215	81	158	3.77e-10	58.9
SadC_ref|WP_036299413.1|:1-194	194	k121_1509474_1	N/A	29.688	66	128	6.12e-10	57.8
SadC_ref|WP_036299413.1|:1-194	194	k121_215258_111	N/A	28.834	84	163	8.17e-10	58.2
SadC_ref|WP_036299413.1|:1-194	194	k121_518495_2	N/A	28.966	73	145	8.30e-10	58.5
SadC_ref|WP_036299413.1|:1-194	194	k121_17417_15	N/A	27.097	79	155	1.06e-09	57.8
SadC_ref|WP_036299413.1|:1-194	194	k121_604920_2	N/A	36.170	48	94	1.14e-09	57.8
SadC_ref|WP_036299413.1|:1-194	194	k121_1594047_3	N/A	37.500	49	96	1.58e-09	57.4
SadC_ref|WP_036299413.1|:1-194	194	k121_1452126_9	N/A	29.054	76	148	1.80e-09	58.9
SadC_ref|WP_036299413.1|:1-194	194	k121_1034194_17	N/A	36.585	42	82	2.08e-09	57.4
SadC_ref|WP_036299413.1|:1-194	194	k121_1424300_51	N/A	37.931	44	87	2.34e-09	58.5
SadC_ref|WP_036299413.1|:1-194	194	k121_433711_10	N/A	25.466	82	161	3.14e-09	56.6
SadC_ref|WP_036299413.1|:1-194	194	k121_1078946_2	N/A	33.684	48	95	3.73e-09	55.1
SadC_ref|WP_036299413.1|:1-194	194	k121_1934177_24	N/A	28.462	66	130	5.95e-09	56.2
SadC_ref|WP_036299413.1|:1-194	194	k121_47972_1	N/A	35.106	48	94	8.54e-09	55.5
SadC_ref|WP_036299413.1|:1-194	194	k121_1610556_5	N/A	35.106	48	94	8.98e-09	55.5
SadC_ref|WP_036299413.1|:1-194	194	k121_1498451_2	N/A	29.677	79	155	1.12e-08	55.5
SadC_ref|WP_036299413.1|:1-194	194	k121_989878_20	N/A	38.144	49	97	1.40e-08	56.2
SadC_ref|WP_036299413.1|:1-194	194	k121_873495_20	N/A	35.106	48	94	1.40e-08	54.7
SadC_ref|WP_036299413.1|:1-194	194	k121_331767_3	N/A	35.484	47	93	1.87e-08	54.3
SadC_ref|WP_036299413.1|:1-194	194	k121_1332268_7	N/A	36.559	47	93	2.28e-08	54.3
SadC_ref|WP_036299413.1|:1-194	194	k121_1624841_214	N/A	27.333	77	150	2.48e-08	54.3
SadC_ref|WP_036299413.1|:1-194	194	k121_2772_2	N/A	32.576	67	132	3.47e-08	53.9
SadC_ref|WP_036299413.1|:1-194	194	k121_1331579_452	N/A	28.889	70	135	4.95e-08	53.1
SadC_ref|WP_036299413.1|:1-194	194	k121_247842_2	N/A	23.494	85	166	6.07e-08	53.1
SadC_ref|WP_036299413.1|:1-194	194	k121_1161964_13	N/A	31.852	68	135	7.20e-08	52.8
SadC_ref|WP_036299413.1|:1-194	194	k121_1961836_2	N/A	34.783	47	92	9.50e-08	52.4
SadC_ref|WP_036299413.1|:1-194	194	k121_1357412_96	N/A	28.302	81	159	1.77e-07	52.4
SadC_ref|WP_036299413.1|:1-194	194	k121_1457668_1	N/A	26.712	75	146	1.90e-07	51.6
SadC_ref|WP_036299413.1|:1-194	194	k121_1698225_2	N/A	37.500	45	88	2.03e-07	51.6
SadC_ref|WP_036299413.1|:1-194	194	k121_1086853_12	N/A	34.211	58	114	3.58e-07	51.6
SadC_ref|WP_036299413.1|:1-194	194	k121_1649657_1	N/A	27.857	72	140	4.31e-07	52.0
SadC_ref|WP_036299413.1|:1-194	194	k121_865357_1	N/A	27.027	57	111	1.01e-06	48.9
SadC_ref|WP_036299413.1|:1-194	194	k121_1208124_2	N/A	33.333	44	87	1.02e-06	48.5
SadC_ref|WP_036299413.1|:1-194	194	k121_1934177_72	N/A	26.562	65	128	1.35e-06	49.3
SadC_ref|WP_036299413.1|:1-194	194	k121_1372845_5	N/A	33.019	54	106	1.73e-06	48.5
SadC_ref|WP_036299413.1|:1-194	194	k121_79466_1	N/A	36.364	45	88	1.73e-06	49.3
SadC_ref|WP_036299413.1|:1-194	194	k121_963118_2	N/A	26.897	74	145	1.74e-06	48.9
SadC_ref|WP_036299413.1|:1-194	194	k121_1687580_58	N/A	27.344	66	128	2.23e-06	48.9
SadC_ref|WP_036299413.1|:1-194	194	k121_637018_3	N/A	35.714	43	84	2.76e-06	48.5
SadC_ref|WP_036299413.1|:1-194	194	k121_1258068_2	N/A	32.292	49	96	3.36e-06	49.3
SadC_ref|WP_036299413.1|:1-194	194	k121_1437880_2	N/A	26.562	65	128	3.63e-06	48.1
SadC_ref|WP_036299413.1|:1-194	194	k121_1271608_5	N/A	23.944	73	142	4.32e-06	48.1
SadC_ref|WP_036299413.1|:1-194	194	k121_458926_18	N/A	32.967	46	91	4.41e-06	47.8
SadC_ref|WP_036299413.1|:1-194	194	k121_564447_3	N/A	31.193	56	109	4.45e-06	47.8
SadC_ref|WP_036299413.1|:1-194	194	k121_1110706_2	N/A	33.333	48	96	4.47e-06	46.6
SadC_ref|WP_036299413.1|:1-194	194	k121_290161_2	N/A	32.258	47	93	4.97e-06	47.8
SadC_ref|WP_036299413.1|:1-194	194	k121_828221_56	N/A	26.168	54	107	4.97e-06	47.8
SadC_ref|WP_036299413.1|:1-194	194	k121_1879529_139	N/A	26.994	83	163	5.31e-06	47.8
SadC_ref|WP_036299413.1|:1-194	194	k121_1699800_2	N/A	33.696	47	92	8.20e-06	46.6
SadC_ref|WP_036299413.1|:1-194	194	k121_1009894_1	N/A	27.559	65	127	9.02e-06	47.0
SadC_ref|WP_036299413.1|:1-194	194	k121_1011065_48	N/A	28.070	57	114	1.35e-05	46.6
SadC_ref|WP_036299413.1|:1-194	194	k121_891745_5	N/A	24.828	75	145	1.42e-05	46.6
SadC_ref|WP_036299413.1|:1-194	194	k121_1120476_349	N/A	24.845	82	161	1.60e-05	46.2
SadC_ref|WP_036299413.1|:1-194	194	k121_1308000_2	N/A	26.761	73	142	1.85e-05	46.2
SadC_ref|WP_036299413.1|:1-194	194	k121_1172076_1	N/A	34.146	42	82	2.79e-05	44.7
SadC_ref|WP_036299413.1|:1-194	194	k121_1527007_1	N/A	31.522	47	92	3.12e-05	46.6
SadC_ref|WP_036299413.1|:1-194	194	k121_1460091_7	N/A	31.522	47	92	3.36e-05	46.6
SadC_ref|WP_036299413.1|:1-194	194	k121_857053_78	N/A	23.448	75	145	3.78e-05	45.4
SadC_ref|WP_036299413.1|:1-194	194	k121_909943_8	N/A	37.079	46	89	5.12e-05	45.1
SadC_ref|WP_036299413.1|:1-194	194	k121_284902_10	N/A	31.395	44	86	5.19e-05	45.8
SadC_ref|WP_036299413.1|:1-194	194	k121_1873522_198	N/A	32.292	46	96	9.84e-05	44.3
SadC_ref|WP_036299413.1|:1-194	194	k121_788594_2	N/A	24.828	74	145	1.04e-04	43.9
SadC_ref|WP_036299413.1|:1-194	194	k121_1368436_1	N/A	36.364	39	77	1.05e-04	43.5
SadC_ref|WP_036299413.1|:1-194	194	k121_60867_2	N/A	38.983	30	59	1.40e-04	43.5
SadC_ref|WP_036299413.1|:1-194	194	k121_200627_3	N/A	26.761	71	142	1.51e-04	43.5
SadC_ref|WP_036299413.1|:1-194	194	k121_1015849_1	N/A	22.727	68	132	3.60e-04	42.4
SadC_ref|WP_036299413.1|:1-194	194	k121_14395_3	N/A	24.510	53	102	3.77e-04	42.7
SadC_ref|WP_036299413.1|:1-194	194	k121_557882_6	N/A	24.204	81	157	3.86e-04	42.4
SadC_ref|WP_036299413.1|:1-194	194	k121_1079259_1	N/A	24.204	80	157	5.27e-04	42.4
SadC_ref|WP_036299413.1|:1-194	194	k121_1621411_2	N/A	25.989	82	177	5.49e-04	42.7
SadC_ref|WP_036299413.1|:1-194	194	k121_1104053_2	N/A	27.103	54	107	5.96e-04	41.6
SadC_ref|WP_036299413.1|:1-194	194	k121_1393505_12	N/A	25.874	74	143	7.33e-04	41.6
SadC_ref|WP_036299413.1|:1-194	194	k121_769661_117	N/A	23.571	71	140	8.24e-04	41.6
SadC_ref|WP_036299413.1|:1-194	194	k121_1120476_386	N/A	23.977	86	171	0.001	41.6
SadC_ref|WP_036299413.1|:1-194	194	k121_1011065_118	N/A	28.713	51	101	0.001	40.8
SadC_ref|WP_036299413.1|:1-194	194	k121_1772764_5	N/A	31.034	44	87	0.001	40.8
SadC_ref|WP_036299413.1|:1-194	194	k121_1871650_8	N/A	31.034	44	87	0.002	40.4
SadC_ref|WP_036299413.1|:1-194	194	k121_857565_459	N/A	22.561	82	164	0.002	40.8
SadC_ref|WP_036299413.1|:1-194	194	k121_1120476_321	N/A	28.829	55	111	0.002	40.4
SadC_ref|WP_036299413.1|:1-194	194	k121_1134537_1	N/A	34.848	34	66	0.002	40.0
SadC_ref|WP_036299413.1|:1-194	194	k121_361561_2	N/A	26.163	86	172	0.002	40.0
SadC_ref|WP_036299413.1|:1-194	194	k121_1053034_2	N/A	34.483	44	87	0.004	39.7
SadC_ref|WP_036299413.1|:1-194	194	k121_965943_60	N/A	24.852	85	169	0.004	39.7
SadC_ref|WP_036299413.1|:1-194	194	k121_318905_4	N/A	31.579	39	76	0.005	39.3
SadC_ref|WP_036299413.1|:1-194	194	k121_851221_1	N/A	28.000	38	75	0.005	38.1
SadC_ref|WP_036299413.1|:1-194	194	k121_1593321_2	N/A	33.333	44	87	0.005	39.3
SadC_ref|WP_036299413.1|:1-194	194	k121_953145_1	N/A	37.209	22	43	0.008	36.6
SadC_ref|WP_036299413.1|:1-194	194	k121_912620_1	N/A	27.586	59	116	0.009	38.1
SadC_ref|WP_036299413.1|:1-194	194	k121_797815_11	N/A	28.571	47	91	0.010	38.1
SadC_ref|WP_036299413.1|:1-194	194	k121_129681_187	N/A	24.699	85	166	0.012	38.1
SadC_ref|WP_036299413.1|:1-194	194	k121_254600_5	N/A	23.276	59	116	0.016	37.4
SadC_ref|WP_036299413.1|:1-194	194	k121_1788988_2	N/A	21.118	82	161	0.016	37.7
SadC_ref|WP_036299413.1|:1-194	194	k121_637015_3	N/A	33.962	27	53	0.024	37.0
SadC_ref|WP_036299413.1|:1-194	194	k121_199318_2	N/A	24.627	69	134	0.027	37.0
SadC_ref|WP_036299413.1|:1-194	194	k121_16722_1	N/A	35.185	28	54	0.029	35.4
SadC_ref|WP_036299413.1|:1-194	194	k121_130156_3	N/A	31.579	39	76	0.032	37.0
SadC_ref|WP_036299413.1|:1-194	194	k121_1534902_1	N/A	26.214	52	103	0.049	35.8
SadC_ref|WP_036299413.1|:1-194	194	k121_1140187_2	N/A	34.021	48	97	0.050	36.2
SadC_ref|WP_036299413.1|:1-194	194	k121_335607_2	N/A	29.412	44	85	0.062	35.0
SadC_ref|WP_036299413.1|:1-194	194	k121_845606_17	N/A	23.333	62	120	0.079	36.2
SadC_ref|WP_036299413.1|:1-194	194	k121_1038313_9	N/A	31.148	31	61	0.085	36.2
WP_000259031.1	279	k121_1515229_4	N/A	100.000	100	279	0.0	553
WP_000259031.1	279	k121_1651260_2	N/A	37.959	87	245	2.06e-41	145
WP_000259031.1	279	k121_1626056_1	N/A	35.802	84	243	1.25e-36	133
WP_000259031.1	279	k121_1778826_2	N/A	31.343	94	268	7.02e-36	131
WP_000259031.1	279	k121_777323_4	N/A	34.799	96	273	6.22e-35	129
WP_000259031.1	279	k121_932226_3	N/A	40.650	88	246	3.02e-34	128
WP_000259031.1	279	k121_688246_2	N/A	33.871	88	248	1.12e-33	125
WP_000259031.1	279	k121_483779_3	N/A	32.950	94	261	3.17e-33	125
WP_000259031.1	279	k121_841938_1	N/A	36.585	88	246	4.17e-33	124
WP_000259031.1	279	k121_708989_7	N/A	36.626	87	243	2.54e-32	122
WP_000259031.1	279	k121_893986_1	N/A	34.978	80	223	3.32e-32	122
WP_000259031.1	279	k121_121968_7	N/A	36.179	88	246	1.05e-31	121
WP_000259031.1	279	k121_311560_1	N/A	31.111	95	270	2.44e-31	119
WP_000259031.1	279	k121_1400398_4	N/A	35.547	88	256	7.85e-31	119
WP_000259031.1	279	k121_1313473_1	N/A	30.350	88	257	1.06e-30	121
WP_000259031.1	279	k121_1772248_3	N/A	32.463	95	268	1.08e-30	118
WP_000259031.1	279	k121_119550_2	N/A	34.470	91	264	1.21e-30	118
WP_000259031.1	279	k121_852031_1	N/A	31.873	89	251	3.63e-30	116
WP_000259031.1	279	k121_350149_6	N/A	33.577	97	274	5.31e-30	117
WP_000259031.1	279	k121_1860919_2	N/A	36.792	75	212	5.44e-30	114
WP_000259031.1	279	k121_1577245_7	N/A	32.103	91	271	5.80e-30	116
WP_000259031.1	279	k121_170355_5	N/A	33.962	91	265	6.40e-30	116
WP_000259031.1	279	k121_1913769_2	N/A	29.070	91	258	1.70e-29	115
WP_000259031.1	279	k121_1559665_195	N/A	30.712	92	267	1.20e-28	115
WP_000259031.1	279	k121_1916448_1	N/A	31.193	78	218	1.67e-28	112
WP_000259031.1	279	k121_756960_3	N/A	35.981	76	214	4.34e-28	112
WP_000259031.1	279	k121_387211_2	N/A	28.996	93	269	6.07e-28	111
WP_000259031.1	279	k121_374426_2	N/A	30.712	95	267	1.98e-27	109
WP_000259031.1	279	k121_631744_2	N/A	28.839	94	267	2.40e-27	110
WP_000259031.1	279	k121_420700_330	N/A	33.219	99	292	3.21e-27	109
WP_000259031.1	279	k121_84318_50	N/A	35.659	89	258	3.73e-27	109
WP_000259031.1	279	k121_956789_2	N/A	36.697	78	218	4.87e-27	108
WP_000259031.1	279	k121_662507_3	N/A	30.233	76	215	5.38e-27	108
WP_000259031.1	279	k121_1508460_1	N/A	30.588	88	255	1.71e-26	107
WP_000259031.1	279	k121_380106_7	N/A	30.980	88	255	1.75e-26	109
WP_000259031.1	279	k121_931722_2	N/A	32.103	95	271	3.28e-26	107
WP_000259031.1	279	k121_28306_6	N/A	28.185	92	259	4.59e-26	106
WP_000259031.1	279	k121_967392_2	N/A	32.800	88	250	8.47e-26	105
WP_000259031.1	279	k121_517804_2	N/A	31.418	87	261	9.84e-26	105
WP_000259031.1	279	k121_775548_6	N/A	32.812	88	256	1.37e-25	105
WP_000259031.1	279	k121_552060_6	N/A	34.921	88	252	1.46e-25	105
WP_000259031.1	279	k121_1107500_6	N/A	34.201	95	269	1.59e-25	104
WP_000259031.1	279	k121_1066837_54	N/A	34.091	77	220	2.61e-25	104
WP_000259031.1	279	k121_1423797_2	N/A	31.496	88	254	3.37e-25	103
WP_000259031.1	279	k121_984604_2	N/A	32.394	75	213	3.92e-25	102
WP_000259031.1	279	k121_1524974_10	N/A	36.404	81	228	4.87e-25	103
WP_000259031.1	279	k121_522689_9	N/A	31.408	96	277	1.39e-24	102
WP_000259031.1	279	k121_861798_2	N/A	32.862	98	283	2.46e-24	102
WP_000259031.1	279	k121_1293886_2	N/A	28.794	91	257	4.12e-24	100
WP_000259031.1	279	k121_1666088_2	N/A	32.530	88	249	1.03e-23	100
WP_000259031.1	279	k121_252547_2	N/A	35.648	75	216	1.61e-23	99.4
WP_000259031.1	279	k121_1025760_2	N/A	28.767	78	219	2.23e-23	99.0
WP_000259031.1	279	k121_850321_2	N/A	32.735	79	223	2.28e-23	99.0
WP_000259031.1	279	k121_291528_3	N/A	27.165	88	254	8.17e-23	99.8
WP_000259031.1	279	k121_1115449_2	N/A	33.597	88	253	8.42e-23	98.6
WP_000259031.1	279	k121_321391_162	N/A	31.599	94	269	1.88e-22	96.7
WP_000259031.1	279	k121_1026924_5	N/A	30.986	98	284	2.11e-22	96.7
WP_000259031.1	279	k121_1237985_3	N/A	28.625	95	269	2.38e-22	96.3
WP_000259031.1	279	k121_1571299_3	N/A	29.278	91	263	2.72e-22	95.9
WP_000259031.1	279	k121_1114676_1	N/A	33.908	62	174	5.27e-22	92.8
WP_000259031.1	279	k121_580253_4	N/A	32.143	83	252	9.70e-22	94.7
WP_000259031.1	279	k121_326618_2	N/A	30.159	88	252	1.44e-21	94.0
WP_000259031.1	279	k121_1293204_12	N/A	32.569	78	218	2.05e-21	93.6
WP_000259031.1	279	k121_811402_3	N/A	30.189	88	265	2.26e-21	95.9
WP_000259031.1	279	k121_1298161_8	N/A	31.364	78	220	2.66e-21	93.6
WP_000259031.1	279	k121_785631_3	N/A	30.070	95	286	2.93e-21	93.6
WP_000259031.1	279	k121_24025_1	N/A	28.708	75	209	2.94e-21	91.7
WP_000259031.1	279	k121_858047_5	N/A	27.817	96	284	3.48e-21	93.2
WP_000259031.1	279	k121_118208_2	N/A	27.465	95	284	7.06e-21	92.4
WP_000259031.1	279	k121_1606351_1	N/A	31.132	75	212	1.52e-20	90.1
WP_000259031.1	279	k121_36059_1	N/A	33.333	76	216	1.56e-20	90.5
WP_000259031.1	279	k121_1942133_3	N/A	33.068	88	251	2.32e-20	91.7
WP_000259031.1	279	k121_1415431_1	N/A	31.674	78	221	2.54e-20	90.9
WP_000259031.1	279	k121_570873_2	N/A	34.091	78	220	2.59e-20	90.5
WP_000259031.1	279	k121_44108_2	N/A	29.880	88	251	2.82e-20	90.9
WP_000259031.1	279	k121_1050311_2	N/A	32.569	77	218	6.47e-20	89.7
WP_000259031.1	279	k121_1473031_1	N/A	34.404	76	218	1.05e-19	89.0
WP_000259031.1	279	k121_570884_13	N/A	31.193	78	218	1.15e-19	89.0
WP_000259031.1	279	k121_950844_11	N/A	30.566	93	265	1.55e-19	90.1
WP_000259031.1	279	k121_1271608_72	N/A	30.357	95	280	3.92e-19	87.4
WP_000259031.1	279	k121_823902_3	N/A	33.077	91	260	4.82e-19	87.0
WP_000259031.1	279	k121_1408327_11	N/A	32.432	88	259	5.27e-19	87.4
WP_000259031.1	279	k121_720633_3	N/A	32.000	88	250	5.78e-18	85.5
WP_000259031.1	279	k121_1854292_1	N/A	31.609	61	174	1.05e-17	81.6
WP_000259031.1	279	k121_674058_99	N/A	27.193	80	228	8.32e-17	81.3
WP_000259031.1	279	k121_1948981_7	N/A	30.769	78	221	9.63e-17	80.9
WP_000259031.1	279	k121_636603_3	N/A	30.636	61	173	2.66e-16	78.2
WP_000259031.1	279	k121_578023_1	N/A	33.333	64	180	2.94e-16	79.0
WP_000259031.1	279	k121_1043464_2	N/A	33.200	88	250	6.21e-16	79.7
WP_000259031.1	279	k121_776478_4	N/A	29.391	97	279	1.27e-15	77.8
WP_000259031.1	279	k121_645180_2	N/A	36.257	61	171	5.91e-15	74.3
WP_000259031.1	279	k121_1982355_64	N/A	28.696	78	230	7.15e-15	75.9
WP_000259031.1	279	k121_1586397_170	N/A	27.826	78	230	3.51e-14	73.6
WP_000259031.1	279	k121_1373992_1	N/A	34.000	53	150	8.89e-14	70.5
WP_000259031.1	279	k121_1471453_1	N/A	30.645	44	124	1.11e-13	70.1
WP_000259031.1	279	k121_1153248_1	N/A	28.270	82	237	1.48e-13	71.6
WP_000259031.1	279	k121_2011635_2	N/A	27.753	77	227	5.44e-13	69.7
WP_000259031.1	279	k121_1029529_26	N/A	28.139	80	231	1.46e-12	69.3
WP_000259031.1	279	k121_1509328_2	N/A	29.730	66	185	2.17e-11	64.7
WP_000259031.1	279	k121_1300087_1	N/A	29.268	44	123	4.26e-11	62.8
WP_000259031.1	279	k121_1011065_167	N/A	26.923	78	234	7.45e-10	61.6
WP_000259031.1	279	k121_500437_3	N/A	33.663	36	101	9.85e-10	57.8
WP_000259031.1	279	k121_199919_4	N/A	30.709	45	127	1.85e-09	59.3
WP_000259031.1	279	k121_111956_1	N/A	42.857	25	70	2.17e-09	57.0
WP_000259031.1	279	k121_1809167_2	N/A	38.462	37	104	2.92e-09	58.5
WP_000259031.1	279	k121_245143_1	N/A	33.750	29	80	5.51e-09	55.5
WP_000259031.1	279	k121_756614_1	N/A	30.097	37	103	7.36e-09	55.5
WP_000259031.1	279	k121_1399473_1	N/A	32.800	44	125	9.95e-07	51.2
WP_000259031.1	279	k121_1747819_3	N/A	40.323	22	62	1.74e-06	47.8
WP_000259031.1	279	k121_1408237_1	N/A	29.213	59	178	7.35e-06	48.1
WP_000259031.1	279	k121_1364013_1	N/A	30.137	26	73	6.35e-04	40.4
WP_000259031.1	279	k121_973153_1	N/A	36.905	30	84	0.005	40.0
WP_000259031.1	279	k121_1031377_2	N/A	35.484	43	124	0.010	39.3
WP_000259031.1	279	k121_424775_1	N/A	27.778	47	144	0.057	37.0
WP_001043260.1	271	k121_1515229_4	N/A	53.516	94	256	1.28e-83	254
WP_001043260.1	271	k121_841938_1	N/A	41.313	95	259	2.20e-49	166
WP_001043260.1	271	k121_1778826_2	N/A	34.363	95	259	8.04e-46	157
WP_001043260.1	271	k121_1626056_1	N/A	37.344	86	241	7.56e-45	154
WP_001043260.1	271	k121_483779_3	N/A	36.680	96	259	8.76e-45	155
WP_001043260.1	271	k121_932226_3	N/A	42.248	95	258	6.52e-44	152
WP_001043260.1	271	k121_1651260_2	N/A	36.538	96	260	3.69e-43	150
WP_001043260.1	271	k121_967392_2	N/A	35.472	97	265	1.49e-42	149
WP_001043260.1	271	k121_956789_2	N/A	41.085	95	258	1.05e-41	147
WP_001043260.1	271	k121_1415431_1	N/A	37.548	96	261	1.25e-41	146
WP_001043260.1	271	k121_852031_1	N/A	35.918	90	245	1.68e-41	145
WP_001043260.1	271	k121_1313473_1	N/A	35.600	90	250	8.54e-41	148
WP_001043260.1	271	k121_858047_5	N/A	34.307	96	274	1.84e-40	144
WP_001043260.1	271	k121_311560_1	N/A	36.680	94	259	3.60e-40	142
WP_001043260.1	271	k121_1400398_4	N/A	37.209	95	258	4.91e-39	140
WP_001043260.1	271	k121_387211_2	N/A	36.996	95	273	9.81e-39	139
WP_001043260.1	271	k121_1050311_2	N/A	37.548	96	261	1.40e-38	139
WP_001043260.1	271	k121_1666088_2	N/A	36.502	95	263	1.42e-38	139
WP_001043260.1	271	k121_1772248_3	N/A	33.962	96	265	1.61e-38	138
WP_001043260.1	271	k121_785631_3	N/A	33.452	96	281	2.05e-38	139
WP_001043260.1	271	k121_688246_2	N/A	35.366	90	246	2.14e-38	137
WP_001043260.1	271	k121_119550_2	N/A	34.962	95	266	2.20e-38	139
WP_001043260.1	271	k121_350149_6	N/A	36.260	96	262	2.42e-38	138
WP_001043260.1	271	k121_708989_7	N/A	37.500	96	264	2.55e-38	137
WP_001043260.1	271	k121_1293204_12	N/A	37.218	96	266	4.33e-38	137
WP_001043260.1	271	k121_1916448_1	N/A	35.484	80	217	6.49e-38	136
WP_001043260.1	271	k121_777323_4	N/A	38.710	90	248	1.02e-37	136
WP_001043260.1	271	k121_570884_13	N/A	37.879	96	264	1.27e-37	136
WP_001043260.1	271	k121_118208_2	N/A	32.847	96	274	2.63e-37	135
WP_001043260.1	271	k121_1942133_3	N/A	36.918	99	279	1.57e-36	134
WP_001043260.1	271	k121_662507_3	N/A	30.859	94	256	1.64e-36	132
WP_001043260.1	271	k121_1508460_1	N/A	33.878	90	245	1.85e-36	133
WP_001043260.1	271	k121_756960_3	N/A	37.906	97	277	4.89e-36	132
WP_001043260.1	271	k121_775548_6	N/A	34.701	96	268	1.18e-35	131
WP_001043260.1	271	k121_1948981_7	N/A	35.632	96	261	1.40e-35	130
WP_001043260.1	271	k121_552060_6	N/A	37.500	97	272	6.95e-35	129
WP_001043260.1	271	k121_44108_2	N/A	35.955	97	267	1.30e-34	128
WP_001043260.1	271	k121_1473031_1	N/A	37.269	97	271	2.23e-34	127
WP_001043260.1	271	k121_321391_162	N/A	32.707	96	266	3.12e-34	127
WP_001043260.1	271	k121_121968_7	N/A	35.271	95	258	9.03e-34	126
WP_001043260.1	271	k121_850321_2	N/A	35.458	92	251	9.03e-34	126
WP_001043260.1	271	k121_380106_7	N/A	33.077	91	260	2.04e-33	128
WP_001043260.1	271	k121_580253_4	N/A	33.582	93	268	3.26e-33	124
WP_001043260.1	271	k121_1025760_2	N/A	34.328	96	268	6.51e-33	124
WP_001043260.1	271	k121_1423797_2	N/A	34.545	96	275	1.15e-32	123
WP_001043260.1	271	k121_28306_6	N/A	32.400	91	250	2.76e-32	122
WP_001043260.1	271	k121_931722_2	N/A	34.672	97	274	3.37e-32	122
WP_001043260.1	271	k121_1524974_10	N/A	38.697	95	261	3.80e-32	122
WP_001043260.1	271	k121_1860919_2	N/A	37.019	77	208	4.24e-32	120
WP_001043260.1	271	k121_170355_5	N/A	33.333	96	270	5.03e-32	122
WP_001043260.1	271	k121_84318_50	N/A	35.379	99	277	5.46e-32	121
WP_001043260.1	271	k121_1107500_6	N/A	34.848	96	264	2.14e-31	119
WP_001043260.1	271	k121_420700_330	N/A	36.264	95	273	6.29e-31	119
WP_001043260.1	271	k121_823902_3	N/A	36.742	94	264	8.45e-31	118
WP_001043260.1	271	k121_1913769_2	N/A	28.409	96	264	8.46e-31	118
WP_001043260.1	271	k121_570873_2	N/A	36.406	80	217	1.08e-30	117
WP_001043260.1	271	k121_1559665_195	N/A	33.585	95	265	1.21e-30	120
WP_001043260.1	271	k121_1298161_8	N/A	38.208	78	212	2.06e-30	117
WP_001043260.1	271	k121_1115449_2	N/A	37.175	97	269	2.81e-30	118
WP_001043260.1	271	k121_252547_2	N/A	34.800	91	250	2.83e-30	117
WP_001043260.1	271	k121_36059_1	N/A	36.111	79	216	3.35e-30	115
WP_001043260.1	271	k121_291528_3	N/A	30.980	90	255	8.73e-30	118
WP_001043260.1	271	k121_811402_3	N/A	33.865	90	251	2.48e-29	117
WP_001043260.1	271	k121_1066837_54	N/A	32.963	96	270	2.83e-29	114
WP_001043260.1	271	k121_893986_1	N/A	33.032	81	221	3.43e-29	114
WP_001043260.1	271	k121_522689_9	N/A	33.935	96	277	3.55e-29	114
WP_001043260.1	271	k121_326618_2	N/A	32.129	90	249	6.00e-29	113
WP_001043260.1	271	k121_1606351_1	N/A	34.934	83	229	9.67e-29	111
WP_001043260.1	271	k121_984604_2	N/A	33.019	77	212	1.25e-27	108
WP_001043260.1	271	k121_1237985_3	N/A	28.517	96	263	1.30e-27	110
WP_001043260.1	271	k121_1571299_3	N/A	27.547	96	265	1.59e-26	107
WP_001043260.1	271	k121_1577245_7	N/A	29.104	95	268	6.97e-25	102
WP_001043260.1	271	k121_950844_11	N/A	32.721	97	272	7.45e-25	104
WP_001043260.1	271	k121_517804_2	N/A	33.074	91	257	1.58e-24	101
WP_001043260.1	271	k121_720633_3	N/A	35.628	90	247	3.36e-24	102
WP_001043260.1	271	k121_631744_2	N/A	24.906	96	265	9.58e-24	100
WP_001043260.1	271	k121_1114676_1	N/A	36.994	63	173	1.42e-23	96.7
WP_001043260.1	271	k121_861798_2	N/A	29.779	97	272	2.37e-23	99.8
WP_001043260.1	271	k121_1271608_72	N/A	32.453	95	265	3.24e-23	98.2
WP_001043260.1	271	k121_1043464_2	N/A	32.389	90	247	3.52e-23	99.8
WP_001043260.1	271	k121_374426_2	N/A	27.381	92	252	7.34e-23	97.1
WP_001043260.1	271	k121_578023_1	N/A	35.897	84	234	4.65e-22	94.4
WP_001043260.1	271	k121_1293886_2	N/A	27.200	91	250	6.44e-22	94.7
WP_001043260.1	271	k121_645180_2	N/A	37.624	72	202	2.26e-20	89.0
WP_001043260.1	271	k121_756614_1	N/A	43.000	37	100	1.47e-19	84.3
WP_001043260.1	271	k121_1300087_1	N/A	33.094	51	139	4.23e-19	84.3
WP_001043260.1	271	k121_1471453_1	N/A	30.986	52	142	7.15e-19	84.0
WP_001043260.1	271	k121_674058_99	N/A	31.752	97	274	1.12e-18	86.3
WP_001043260.1	271	k121_111956_1	N/A	47.561	30	82	2.61e-18	80.9
WP_001043260.1	271	k121_245143_1	N/A	45.679	30	81	9.97e-18	79.0
WP_001043260.1	271	k121_1509328_2	N/A	35.135	68	185	1.23e-17	81.6
WP_001043260.1	271	k121_1373992_1	N/A	34.014	54	147	1.26e-17	80.5
WP_001043260.1	271	k121_2011635_2	N/A	30.180	78	222	3.15e-17	81.3
WP_001043260.1	271	k121_24025_1	N/A	25.000	76	208	3.19e-17	80.9
WP_001043260.1	271	k121_1399473_1	N/A	40.800	46	125	1.32e-16	78.6
WP_001043260.1	271	k121_776478_4	N/A	30.798	95	263	1.56e-16	80.1
WP_001043260.1	271	k121_1982355_64	N/A	31.365	96	271	2.51e-16	79.7
WP_001043260.1	271	k121_500437_3	N/A	41.584	37	101	4.25e-16	74.7
WP_001043260.1	271	k121_636603_3	N/A	29.310	63	174	6.90e-16	76.6
WP_001043260.1	271	k121_1809167_2	N/A	46.602	38	103	8.53e-16	76.6
WP_001043260.1	271	k121_1586397_170	N/A	31.365	96	271	1.63e-15	77.4
WP_001043260.1	271	k121_1026924_5	N/A	28.832	98	274	2.32e-15	77.0
WP_001043260.1	271	k121_1854292_1	N/A	30.000	70	190	1.14e-14	73.6
WP_001043260.1	271	k121_1153248_1	N/A	27.801	85	241	2.44e-13	70.9
WP_001043260.1	271	k121_1747819_3	N/A	48.387	23	62	2.75e-13	66.6
WP_001043260.1	271	k121_1408327_11	N/A	27.839	97	273	4.83e-13	70.5
WP_001043260.1	271	k121_1011065_167	N/A	28.634	78	227	1.47e-12	69.3
WP_001043260.1	271	k121_199919_4	N/A	30.709	46	127	3.55e-10	61.2
WP_001043260.1	271	k121_1029529_26	N/A	28.182	78	220	3.85e-10	62.4
WP_001043260.1	271	k121_1055386_1	N/A	49.153	22	59	3.75e-09	54.7
WP_001043260.1	271	k121_973153_1	N/A	45.122	30	82	2.65e-08	55.5
WP_001043260.1	271	k121_1408237_1	N/A	31.928	58	166	3.56e-08	54.7
WP_001043260.1	271	k121_1144074_2	N/A	44.444	20	54	1.62e-04	42.4
WP_001043260.1	271	k121_1762047_71	N/A	32.911	29	79	0.005	41.2
WP_001043260.1	271	k121_838053_2	N/A	36.250	30	80	0.026	38.5
WP_001043260.1	271	k121_1031377_2	N/A	30.000	57	160	0.076	36.6
WP_000034420.1	263	k121_1515229_4	N/A	43.182	100	264	3.55e-78	240
WP_000034420.1	263	k121_1778826_2	N/A	37.066	98	259	1.57e-55	181
WP_000034420.1	263	k121_483779_3	N/A	40.154	98	259	5.91e-55	181
WP_000034420.1	263	k121_1651260_2	N/A	39.689	98	257	6.80e-54	177
WP_000034420.1	263	k121_967392_2	N/A	37.931	98	261	4.31e-51	171
WP_000034420.1	263	k121_858047_5	N/A	35.636	99	275	1.21e-49	167
WP_000034420.1	263	k121_841938_1	N/A	36.398	99	261	1.44e-49	167
WP_000034420.1	263	k121_932226_3	N/A	38.550	99	262	1.57e-49	167
WP_000034420.1	263	k121_119550_2	N/A	34.701	99	268	2.83e-48	164
WP_000034420.1	263	k121_311560_1	N/A	35.798	97	257	9.77e-48	161
WP_000034420.1	263	k121_1772248_3	N/A	34.483	99	261	1.21e-47	162
WP_000034420.1	263	k121_688246_2	N/A	36.508	94	252	1.95e-47	160
WP_000034420.1	263	k121_121968_7	N/A	35.985	100	264	1.67e-46	159
WP_000034420.1	263	k121_387211_2	N/A	34.701	98	268	5.90e-46	157
WP_000034420.1	263	k121_1626056_1	N/A	36.214	90	243	1.26e-45	156
WP_000034420.1	263	k121_1415431_1	N/A	35.496	99	262	4.85e-45	155
WP_000034420.1	263	k121_708989_7	N/A	37.452	97	259	9.05e-45	154
WP_000034420.1	263	k121_1293204_12	N/A	36.641	99	262	2.37e-44	153
WP_000034420.1	263	k121_570884_13	N/A	37.079	99	267	3.10e-44	153
WP_000034420.1	263	k121_1508460_1	N/A	33.588	98	262	3.56e-44	153
WP_000034420.1	263	k121_1559665_195	N/A	34.848	98	264	9.81e-44	154
WP_000034420.1	263	k121_852031_1	N/A	35.857	95	251	2.15e-43	150
WP_000034420.1	263	k121_1400398_4	N/A	34.848	99	264	4.07e-43	150
WP_000034420.1	263	k121_1050311_2	N/A	35.496	99	262	4.96e-43	150
WP_000034420.1	263	k121_118208_2	N/A	33.091	99	275	6.68e-42	147
WP_000034420.1	263	k121_785631_3	N/A	31.769	99	277	8.16e-42	147
WP_000034420.1	263	k121_1666088_2	N/A	34.221	99	263	2.49e-41	145
WP_000034420.1	263	k121_170355_5	N/A	34.815	98	270	6.18e-41	144
WP_000034420.1	263	k121_1948981_7	N/A	35.985	99	264	1.12e-40	144
WP_000034420.1	263	k121_1025760_2	N/A	35.793	99	271	1.41e-40	144
WP_000034420.1	263	k121_1423797_2	N/A	34.182	98	275	1.70e-40	144
WP_000034420.1	263	k121_44108_2	N/A	32.824	98	262	3.07e-40	143
WP_000034420.1	263	k121_956789_2	N/A	35.878	99	262	4.23e-40	142
WP_000034420.1	263	k121_570873_2	N/A	37.273	83	220	6.41e-40	141
WP_000034420.1	263	k121_1524974_10	N/A	35.985	99	264	1.53e-39	141
WP_000034420.1	263	k121_931722_2	N/A	34.981	98	263	1.68e-39	141
WP_000034420.1	263	k121_777323_4	N/A	32.075	99	265	3.87e-39	140
WP_000034420.1	263	k121_321391_162	N/A	34.444	99	270	5.27e-39	139
WP_000034420.1	263	k121_420700_330	N/A	35.424	98	271	6.49e-39	139
WP_000034420.1	263	k121_775548_6	N/A	33.835	98	266	8.21e-39	139
WP_000034420.1	263	k121_823902_3	N/A	36.641	97	262	8.38e-39	139
WP_000034420.1	263	k121_893986_1	N/A	36.564	85	227	2.35e-38	137
WP_000034420.1	263	k121_1107500_6	N/A	36.090	99	266	4.95e-38	137
WP_000034420.1	263	k121_1577245_7	N/A	32.463	98	268	1.05e-37	136
WP_000034420.1	263	k121_580253_4	N/A	32.830	94	265	2.13e-37	135
WP_000034420.1	263	k121_756960_3	N/A	31.295	99	278	2.14e-37	135
WP_000034420.1	263	k121_1115449_2	N/A	33.588	99	262	4.35e-36	133
WP_000034420.1	263	k121_1066837_54	N/A	31.852	98	270	6.39e-36	132
WP_000034420.1	263	k121_1313473_1	N/A	32.576	98	264	1.17e-35	134
WP_000034420.1	263	k121_850321_2	N/A	34.118	96	255	1.88e-35	130
WP_000034420.1	263	k121_552060_6	N/A	33.080	98	263	2.68e-35	130
WP_000034420.1	263	k121_1942133_3	N/A	31.939	98	263	5.63e-35	130
WP_000034420.1	263	k121_1916448_1	N/A	34.956	85	226	9.44e-35	128
WP_000034420.1	263	k121_811402_3	N/A	34.351	97	262	1.30e-34	131
WP_000034420.1	263	k121_252547_2	N/A	35.039	94	254	1.52e-34	127
WP_000034420.1	263	k121_350149_6	N/A	31.418	98	261	1.62e-34	128
WP_000034420.1	263	k121_1271608_72	N/A	35.206	98	267	1.71e-34	127
WP_000034420.1	263	k121_1298161_8	N/A	30.389	99	283	3.81e-34	127
WP_000034420.1	263	k121_1860919_2	N/A	36.493	79	211	1.25e-33	123
WP_000034420.1	263	k121_380106_7	N/A	33.730	93	252	2.68e-33	127
WP_000034420.1	263	k121_522689_9	N/A	32.472	98	271	3.24e-33	124
WP_000034420.1	263	k121_326618_2	N/A	34.848	98	264	3.54e-33	124
WP_000034420.1	263	k121_84318_50	N/A	34.201	99	269	6.95e-33	124
WP_000034420.1	263	k121_1473031_1	N/A	33.712	98	264	3.93e-32	121
WP_000034420.1	263	k121_631744_2	N/A	32.000	99	275	8.45e-32	121
WP_000034420.1	263	k121_662507_3	N/A	29.961	96	257	1.23e-31	119
WP_000034420.1	263	k121_1114676_1	N/A	38.150	66	173	1.26e-31	117
WP_000034420.1	263	k121_950844_11	N/A	29.478	99	268	3.91e-31	121
WP_000034420.1	263	k121_1237985_3	N/A	33.205	97	259	1.04e-30	118
WP_000034420.1	263	k121_1913769_2	N/A	33.725	94	255	1.38e-30	117
WP_000034420.1	263	k121_861798_2	N/A	29.924	99	264	2.62e-30	118
WP_000034420.1	263	k121_1293886_2	N/A	31.274	97	259	8.95e-30	115
WP_000034420.1	263	k121_1606351_1	N/A	31.556	84	225	1.37e-29	113
WP_000034420.1	263	k121_1571299_3	N/A	30.303	98	264	2.87e-29	114
WP_000034420.1	263	k121_1043464_2	N/A	28.464	99	267	5.60e-29	115
WP_000034420.1	263	k121_720633_3	N/A	29.434	99	265	2.34e-28	113
WP_000034420.1	263	k121_645180_2	N/A	33.000	75	200	2.38e-28	109
WP_000034420.1	263	k121_24025_1	N/A	30.144	79	209	2.57e-28	110
WP_000034420.1	263	k121_578023_1	N/A	32.340	86	235	2.76e-28	110
WP_000034420.1	263	k121_517804_2	N/A	29.502	97	261	4.57e-28	110
WP_000034420.1	263	k121_28306_6	N/A	31.873	94	251	1.37e-27	109
WP_000034420.1	263	k121_291528_3	N/A	31.518	94	257	1.73e-26	109
WP_000034420.1	263	k121_36059_1	N/A	32.759	85	232	3.48e-26	105
WP_000034420.1	263	k121_776478_4	N/A	31.765	96	255	7.25e-26	105
WP_000034420.1	263	k121_1300087_1	N/A	39.200	47	125	2.51e-25	100
WP_000034420.1	263	k121_374426_2	N/A	29.057	98	265	4.12e-25	102
WP_000034420.1	263	k121_1026924_5	N/A	31.852	98	270	4.36e-25	103
WP_000034420.1	263	k121_1854292_1	N/A	32.632	71	190	3.14e-24	99.0
WP_000034420.1	263	k121_1373992_1	N/A	36.735	56	147	5.71e-23	94.7
WP_000034420.1	263	k121_1408327_11	N/A	29.771	97	262	1.94e-22	96.3
WP_000034420.1	263	k121_674058_99	N/A	31.579	98	266	4.29e-22	95.5
WP_000034420.1	263	k121_984604_2	N/A	31.163	80	215	1.14e-21	92.8
WP_000034420.1	263	k121_1153248_1	N/A	31.356	87	236	1.42e-21	93.2
WP_000034420.1	263	k121_1471453_1	N/A	36.800	47	125	1.14e-20	88.6
WP_000034420.1	263	k121_1509328_2	N/A	29.787	71	188	3.01e-20	88.6
WP_000034420.1	263	k121_1011065_167	N/A	29.889	98	271	9.88e-20	89.0
WP_000034420.1	263	k121_756614_1	N/A	36.538	40	104	1.21e-19	84.3
WP_000034420.1	263	k121_245143_1	N/A	47.500	30	80	1.76e-19	83.6
WP_000034420.1	263	k121_500437_3	N/A	41.584	38	101	2.21e-19	83.6
WP_000034420.1	263	k121_111956_1	N/A	50.617	30	81	2.33e-19	83.6
WP_000034420.1	263	k121_1399473_1	N/A	38.889	48	126	1.36e-17	81.3
WP_000034420.1	263	k121_1982355_64	N/A	32.331	97	266	2.62e-17	82.4
WP_000034420.1	263	k121_636603_3	N/A	27.717	69	184	2.43e-16	77.8
WP_000034420.1	263	k121_1029529_26	N/A	29.249	94	253	4.55e-16	79.0
WP_000034420.1	263	k121_2011635_2	N/A	28.767	81	219	4.92e-16	77.8
WP_000034420.1	263	k121_1586397_170	N/A	31.481	98	270	3.35e-15	76.3
WP_000034420.1	263	k121_199919_4	N/A	28.421	71	190	3.79e-15	74.7
WP_000034420.1	263	k121_1809167_2	N/A	35.514	41	107	1.30e-12	67.8
WP_000034420.1	263	k121_1055386_1	N/A	50.000	22	58	1.89e-10	58.2
WP_000034420.1	263	k121_1747819_3	N/A	42.857	24	63	4.00e-10	57.8
WP_000034420.1	263	k121_973153_1	N/A	41.176	32	85	1.10e-08	56.2
WP_000034420.1	263	k121_1408237_1	N/A	29.677	56	155	1.57e-07	52.8
WP_000034420.1	263	k121_1031377_2	N/A	30.573	58	157	2.50e-04	43.9
WP_000034420.1	263	k121_424775_1	N/A	24.339	68	189	6.31e-04	42.7
WP_000034420.1	263	k121_1762047_71	N/A	34.247	28	73	0.006	40.8
WP_000034420.1	263	k121_1144074_2	N/A	31.667	23	60	0.020	36.2
WP_000845048.1	337	k121_1273130_10	N/A	100.000	71	238	1.76e-173	483
WP_000845048.1	337	k121_1211756_2	N/A	68.421	96	323	2.40e-161	457
WP_000845048.1	337	k121_1860660_2	N/A	70.279	96	323	1.39e-155	442
WP_000845048.1	337	k121_358648_1	N/A	62.346	96	324	9.08e-146	417
WP_000845048.1	337	k121_934334_4	N/A	61.846	95	325	1.85e-142	409
WP_000845048.1	337	k121_1914560_2	N/A	56.615	96	325	2.14e-124	362
WP_000845048.1	337	k121_963622_6	N/A	57.055	96	326	9.15e-123	358
WP_000845048.1	337	k121_1797914_1	N/A	58.663	97	329	7.55e-119	348
WP_000845048.1	337	k121_1336247_2	N/A	55.108	96	323	9.75e-119	348
WP_000845048.1	337	k121_3487_1	N/A	62.264	79	265	1.31e-114	335
WP_000845048.1	337	k121_17184_2	N/A	54.969	96	322	3.74e-113	333
WP_000845048.1	337	k121_1936684_2	N/A	56.393	90	305	4.05e-104	311
WP_000845048.1	337	k121_1994985_3	N/A	51.768	92	311	1.16e-95	290
WP_000845048.1	337	k121_1100203_1	N/A	100.000	41	139	1.48e-95	282
WP_000845048.1	337	k121_1237883_1	N/A	58.475	69	236	2.45e-92	277
WP_000845048.1	337	k121_1263427_1	N/A	42.857	98	329	3.28e-88	270
WP_000845048.1	337	k121_197334_1	N/A	47.744	77	266	7.30e-75	234
WP_000845048.1	337	k121_128479_16	N/A	58.150	66	227	4.65e-74	231
WP_000845048.1	337	k121_1295212_1	N/A	58.182	65	220	2.39e-71	224
WP_000845048.1	337	k121_714626_6	N/A	58.904	43	146	1.81e-51	170
WP_000845048.1	337	k121_755850_3	N/A	62.857	31	105	1.15e-40	140
WP_000845048.1	337	k121_1775961_2	N/A	29.429	98	333	4.39e-36	136
WP_000845048.1	337	k121_1295912_3	N/A	27.160	96	324	4.69e-35	133
WP_000845048.1	337	k121_742688_2	N/A	28.571	93	322	1.82e-34	132
WP_000845048.1	337	k121_1237883_2	N/A	33.333	85	300	1.86e-33	127
WP_000845048.1	337	k121_1488597_2	N/A	28.431	90	306	4.87e-33	126
WP_000845048.1	337	k121_1851872_1	N/A	32.646	85	291	1.14e-32	125
WP_000845048.1	337	k121_1029827_2	N/A	31.642	99	335	2.48e-32	124
WP_000845048.1	337	k121_1021104_2	N/A	32.722	96	327	3.96e-32	124
WP_000845048.1	337	k121_1292921_2	N/A	32.416	96	327	5.87e-32	124
WP_000845048.1	337	k121_475120_2	N/A	32.121	98	330	6.92e-32	124
WP_000845048.1	337	k121_110966_2	N/A	34.862	96	327	2.72e-31	122
WP_000845048.1	337	k121_573135_3	N/A	32.335	98	334	1.40e-29	117
WP_000845048.1	337	k121_1781976_32	N/A	33.003	85	303	7.04e-29	115
WP_000845048.1	337	k121_1213767_1	N/A	33.891	69	239	9.78e-29	113
WP_000845048.1	337	k121_98258_34	N/A	31.683	85	303	1.31e-28	115
WP_000845048.1	337	k121_929950_2	N/A	29.710	82	276	1.82e-28	113
WP_000845048.1	337	k121_1536123_180	N/A	31.023	85	303	2.48e-28	114
WP_000845048.1	337	k121_450307_3	N/A	34.884	62	215	7.36e-28	113
WP_000845048.1	337	k121_1712848_1	N/A	30.565	85	301	7.60e-28	114
WP_000845048.1	337	k121_1364713_2	N/A	29.630	84	297	9.16e-28	113
WP_000845048.1	337	k121_1057529_3	N/A	31.077	90	325	1.22e-27	112
WP_000845048.1	337	k121_1969186_2	N/A	35.498	66	231	1.24e-27	110
WP_000845048.1	337	k121_701846_1	N/A	33.465	73	254	1.40e-27	111
WP_000845048.1	337	k121_1664732_2	N/A	36.797	66	231	1.42e-27	111
WP_000845048.1	337	k121_841961_1	N/A	35.586	66	222	2.16e-27	108
WP_000845048.1	337	k121_347305_36	N/A	30.363	85	303	7.11e-27	110
WP_000845048.1	337	k121_1041114_9	N/A	30.960	89	323	9.49e-27	110
WP_000845048.1	337	k121_1303891_2	N/A	68.421	22	76	2.10e-26	103
WP_000845048.1	337	k121_839628_1	N/A	32.635	99	334	4.96e-26	107
WP_000845048.1	337	k121_309063_2	N/A	33.232	95	328	9.71e-26	107
WP_000845048.1	337	k121_1103124_1	N/A	27.796	88	313	1.26e-25	107
WP_000845048.1	337	k121_174113_1	N/A	30.159	93	315	1.76e-25	106
WP_000845048.1	337	k121_1935389_1	N/A	32.549	73	255	2.05e-25	105
WP_000845048.1	337	k121_783137_2	N/A	33.103	80	290	2.75e-25	106
WP_000845048.1	337	k121_1672550_14	N/A	36.986	62	219	6.24e-25	105
WP_000845048.1	337	k121_144705_6	N/A	28.667	85	300	8.27e-25	104
WP_000845048.1	337	k121_1341931_3	N/A	31.000	85	300	9.22e-25	104
WP_000845048.1	337	k121_1453052_14	N/A	34.247	62	219	1.62e-24	104
WP_000845048.1	337	k121_269528_2	N/A	29.766	85	299	1.81e-24	103
WP_000845048.1	337	k121_562342_1	N/A	36.150	61	213	1.92e-24	102
WP_000845048.1	337	k121_936959_4	N/A	32.836	79	268	3.36e-24	102
WP_000845048.1	337	k121_761182_7	N/A	30.961	79	281	6.12e-24	102
WP_000845048.1	337	k121_1675_1	N/A	32.155	80	283	6.84e-24	102
WP_000845048.1	337	k121_1735879_4	N/A	30.164	85	305	1.07e-23	101
WP_000845048.1	337	k121_378583_1	N/A	30.164	85	305	1.44e-23	101
WP_000845048.1	337	k121_888829_7	N/A	33.074	73	257	4.32e-23	100
WP_000845048.1	337	k121_959674_9	N/A	31.023	85	303	4.85e-23	100
WP_000845048.1	337	k121_1211319_2	N/A	52.273	25	88	7.97e-23	94.0
WP_000845048.1	337	k121_4024_11	N/A	29.508	85	305	2.37e-22	97.8
WP_000845048.1	337	k121_756416_8	N/A	33.333	63	219	4.82e-22	97.8
WP_000845048.1	337	k121_919703_2	N/A	29.180	85	305	5.12e-22	97.1
WP_000845048.1	337	k121_227567_5	N/A	31.250	78	272	5.99e-22	97.1
WP_000845048.1	337	k121_364068_367	N/A	34.259	62	216	6.42e-22	97.1
WP_000845048.1	337	k121_1942550_1	N/A	34.101	63	217	7.51e-22	96.3
WP_000845048.1	337	k121_110398_2	N/A	33.184	64	223	8.48e-22	97.1
WP_000845048.1	337	k121_1710422_1	N/A	56.410	23	78	9.34e-22	90.5
WP_000845048.1	337	k121_431001_1	N/A	25.397	92	315	1.33e-21	96.3
WP_000845048.1	337	k121_231480_2	N/A	34.978	64	223	1.73e-21	95.5
WP_000845048.1	337	k121_712809_1	N/A	33.645	62	214	1.74e-21	95.1
WP_000845048.1	337	k121_150540_4	N/A	30.000	90	310	1.75e-21	95.5
WP_000845048.1	337	k121_576090_3	N/A	33.182	63	220	1.94e-21	95.5
WP_000845048.1	337	k121_1798475_105	N/A	33.333	62	222	2.03e-21	95.5
WP_000845048.1	337	k121_744674_2	N/A	32.174	66	230	2.34e-21	95.5
WP_000845048.1	337	k121_1881496_119	N/A	33.333	63	222	2.72e-21	95.1
WP_000845048.1	337	k121_1338725_3	N/A	32.258	78	279	2.76e-21	95.5
WP_000845048.1	337	k121_553928_1	N/A	34.762	61	210	3.02e-21	93.2
WP_000845048.1	337	k121_837085_2	N/A	35.714	54	182	4.36e-21	91.7
WP_000845048.1	337	k121_1838187_3	N/A	33.333	64	225	5.82e-21	93.2
WP_000845048.1	337	k121_851699_1	N/A	33.645	61	214	6.91e-21	94.0
WP_000845048.1	337	k121_1196416_6	N/A	32.210	73	267	6.98e-21	94.0
WP_000845048.1	337	k121_558050_4	N/A	33.453	78	278	7.51e-21	94.0
WP_000845048.1	337	k121_1219484_4	N/A	33.955	75	268	8.43e-21	93.6
WP_000845048.1	337	k121_1941952_2	N/A	34.211	56	190	1.10e-20	90.1
WP_000845048.1	337	k121_1314851_144	N/A	30.830	72	253	1.17e-20	93.6
WP_000845048.1	337	k121_182671_1	N/A	31.050	63	219	1.38e-20	92.0
WP_000845048.1	337	k121_1139194_1	N/A	27.070	88	314	1.84e-20	92.8
WP_000845048.1	337	k121_1213202_1	N/A	27.839	78	273	1.93e-20	92.8
WP_000845048.1	337	k121_1431056_11	N/A	28.571	85	294	1.98e-20	92.8
WP_000845048.1	337	k121_646393_64	N/A	30.696	88	316	2.01e-20	92.4
WP_000845048.1	337	k121_833262_5	N/A	32.394	61	213	2.06e-20	93.2
WP_000845048.1	337	k121_841892_2	N/A	27.103	89	321	2.58e-20	92.4
WP_000845048.1	337	k121_1631101_2	N/A	33.790	61	219	2.75e-20	90.1
WP_000845048.1	337	k121_1347477_4	N/A	30.515	78	272	2.93e-20	92.0
WP_000845048.1	337	k121_1677149_1	N/A	33.333	76	270	3.17e-20	92.0
WP_000845048.1	337	k121_1324241_2	N/A	30.712	77	267	3.56e-20	92.0
WP_000845048.1	337	k121_570344_6	N/A	32.308	76	260	3.94e-20	92.0
WP_000845048.1	337	k121_1542464_63	N/A	28.981	88	314	3.94e-20	92.0
WP_000845048.1	337	k121_1964194_1	N/A	31.250	84	304	3.96e-20	92.0
WP_000845048.1	337	k121_423727_2	N/A	29.276	84	304	4.76e-20	92.0
WP_000845048.1	337	k121_672709_2	N/A	33.091	77	275	4.77e-20	92.0
WP_000845048.1	337	k121_100419_1	N/A	31.739	66	230	5.05e-20	91.3
WP_000845048.1	337	k121_1499803_2	N/A	27.372	78	274	5.71e-20	91.7
WP_000845048.1	337	k121_1290076_4	N/A	33.484	62	221	6.20e-20	91.3
WP_000845048.1	337	k121_1600031_11	N/A	25.301	90	332	6.93e-20	91.7
WP_000845048.1	337	k121_148524_2	N/A	34.759	55	187	1.02e-19	90.5
WP_000845048.1	337	k121_507318_11	N/A	25.418	85	299	1.05e-19	90.5
WP_000845048.1	337	k121_128479_15	N/A	53.086	24	81	1.37e-19	85.9
WP_000845048.1	337	k121_1612259_13	N/A	34.101	63	217	1.62e-19	90.1
WP_000845048.1	337	k121_1267788_2	N/A	31.739	66	230	1.79e-19	90.1
WP_000845048.1	337	k121_838035_2	N/A	31.739	66	230	2.07e-19	90.1
WP_000845048.1	337	k121_1769771_5	N/A	31.963	63	219	3.17e-19	89.4
WP_000845048.1	337	k121_1906480_2	N/A	27.848	88	316	3.26e-19	89.4
WP_000845048.1	337	k121_763546_2	N/A	33.803	61	213	3.39e-19	89.4
WP_000845048.1	337	k121_1254448_3	N/A	27.626	72	257	3.67e-19	89.0
WP_000845048.1	337	k121_1712626_2	N/A	28.777	80	278	3.68e-19	89.4
WP_000845048.1	337	k121_146625_1	N/A	31.022	76	274	5.98e-19	89.0
WP_000845048.1	337	k121_192626_2	N/A	30.545	78	275	7.58e-19	88.6
WP_000845048.1	337	k121_1094059_1	N/A	35.260	51	173	9.45e-19	84.7
WP_000845048.1	337	k121_378401_2	N/A	31.690	77	284	9.94e-19	87.8
WP_000845048.1	337	k121_1873254_1	N/A	36.264	54	182	1.15e-18	85.5
WP_000845048.1	337	k121_1484037_2	N/A	33.645	62	214	1.29e-18	87.8
WP_000845048.1	337	k121_486028_1	N/A	32.394	61	213	1.37e-18	85.9
WP_000845048.1	337	k121_1606930_1	N/A	41.758	27	91	1.47e-18	82.8
WP_000845048.1	337	k121_390113_1	N/A	32.569	63	218	1.50e-18	87.4
WP_000845048.1	337	k121_509188_12	N/A	26.885	84	305	1.51e-18	87.8
WP_000845048.1	337	k121_552611_2	N/A	32.895	66	228	1.76e-18	87.0
WP_000845048.1	337	k121_1283665_3	N/A	23.529	90	306	2.19e-18	86.7
WP_000845048.1	337	k121_1524887_2	N/A	32.075	61	212	2.62e-18	84.7
WP_000845048.1	337	k121_408376_1	N/A	31.724	83	290	3.41e-18	86.3
WP_000845048.1	337	k121_550543_2	N/A	29.811	76	265	3.50e-18	86.7
WP_000845048.1	337	k121_784476_5	N/A	28.344	88	314	3.56e-18	86.3
WP_000845048.1	337	k121_628656_3	N/A	33.514	54	185	4.08e-18	84.7
WP_000845048.1	337	k121_1233998_2	N/A	30.804	64	224	7.04e-18	85.5
WP_000845048.1	337	k121_1936185_12	N/A	32.973	55	185	8.60e-18	85.5
WP_000845048.1	337	k121_1269869_2	N/A	31.925	61	213	9.10e-18	85.5
WP_000845048.1	337	k121_1269650_1	N/A	36.257	50	171	9.57e-18	82.4
WP_000845048.1	337	k121_752507_2	N/A	26.449	79	276	9.91e-18	85.1
WP_000845048.1	337	k121_857565_322	N/A	33.190	64	232	1.00e-17	85.5
WP_000845048.1	337	k121_240984_53	N/A	30.435	77	276	1.20e-17	85.1
WP_000845048.1	337	k121_343095_2	N/A	34.483	51	174	1.41e-17	81.6
WP_000845048.1	337	k121_1920538_2	N/A	31.081	63	222	1.47e-17	84.7
WP_000845048.1	337	k121_1456657_8	N/A	31.674	63	221	1.54e-17	84.7
WP_000845048.1	337	k121_862433_2	N/A	33.152	55	184	1.57e-17	84.3
WP_000845048.1	337	k121_1026559_2	N/A	34.906	61	212	2.21e-17	84.3
WP_000845048.1	337	k121_1214982_2	N/A	29.817	63	218	3.35e-17	83.6
WP_000845048.1	337	k121_989662_2	N/A	32.569	63	218	3.94e-17	82.0
WP_000845048.1	337	k121_478433_2	N/A	32.973	55	185	4.10e-17	83.6
WP_000845048.1	337	k121_50_4	N/A	34.839	46	155	7.23e-17	78.2
WP_000845048.1	337	k121_299652_26	N/A	30.870	63	230	8.69e-17	82.8
WP_000845048.1	337	k121_1564476_1	N/A	57.576	20	66	1.01e-16	78.2
WP_000845048.1	337	k121_1925827_1	N/A	25.735	78	272	1.02e-16	82.4
WP_000845048.1	337	k121_1949344_2	N/A	31.016	55	187	1.71e-16	79.0
WP_000845048.1	337	k121_1623073_2	N/A	24.632	78	272	1.76e-16	81.6
WP_000845048.1	337	k121_1693321_1	N/A	31.351	55	185	2.12e-16	80.5
WP_000845048.1	337	k121_1783260_4	N/A	43.182	26	88	2.35e-16	76.6
WP_000845048.1	337	k121_1996783_2	N/A	24.242	84	297	2.50e-16	81.3
WP_000845048.1	337	k121_1795569_2	N/A	32.569	62	218	2.51e-16	81.3
WP_000845048.1	337	k121_1906460_2	N/A	28.000	85	300	3.25e-16	80.9
WP_000845048.1	337	k121_730537_1	N/A	26.019	85	319	3.44e-16	80.5
WP_000845048.1	337	k121_1967869_1	N/A	26.578	85	301	3.73e-16	80.5
WP_000845048.1	337	k121_1677091_1	N/A	31.878	66	229	5.36e-16	79.7
WP_000845048.1	337	k121_2011697_1	N/A	25.984	73	254	6.71e-16	79.7
WP_000845048.1	337	k121_377342_2	N/A	27.744	88	328	7.06e-16	80.1
WP_000845048.1	337	k121_77359_1	N/A	33.028	62	218	9.23e-16	77.8
WP_000845048.1	337	k121_1273435_1	N/A	45.455	26	88	9.81e-16	75.5
WP_000845048.1	337	k121_1656423_2	N/A	27.329	90	322	1.24e-15	79.7
WP_000845048.1	337	k121_996490_4	N/A	29.221	85	308	1.24e-15	79.3
WP_000845048.1	337	k121_89741_5	N/A	27.575	85	301	1.33e-15	79.0
WP_000845048.1	337	k121_92857_169	N/A	27.667	84	300	1.66e-15	79.0
WP_000845048.1	337	k121_116538_5	N/A	30.263	63	228	1.88e-15	79.3
WP_000845048.1	337	k121_1127511_84	N/A	33.790	62	219	1.95e-15	78.6
WP_000845048.1	337	k121_1533651_1	N/A	28.342	55	187	2.40e-15	76.6
WP_000845048.1	337	k121_426825_1	N/A	30.252	65	238	3.17e-15	78.2
WP_000845048.1	337	k121_269668_2	N/A	29.565	63	230	3.26e-15	78.2
WP_000845048.1	337	k121_119321_1	N/A	33.520	53	179	4.01e-15	75.1
WP_000845048.1	337	k121_1384243_2	N/A	27.083	67	240	4.81e-15	77.8
WP_000845048.1	337	k121_1956525_1	N/A	30.072	78	276	4.83e-15	77.0
WP_000845048.1	337	k121_848866_1	N/A	43.750	24	80	4.98e-15	72.4
WP_000845048.1	337	k121_1714781_4	N/A	27.063	84	303	5.07e-15	77.4
WP_000845048.1	337	k121_1040290_6	N/A	26.872	63	227	5.47e-15	76.3
WP_000845048.1	337	k121_1918299_1	N/A	32.584	53	178	6.00e-15	75.1
WP_000845048.1	337	k121_1600344_1	N/A	29.435	72	248	9.88e-15	76.6
WP_000845048.1	337	k121_1242792_2	N/A	26.398	90	322	1.02e-14	77.0
WP_000845048.1	337	k121_1910026_1	N/A	26.201	63	229	1.42e-14	75.9
WP_000845048.1	337	k121_1283665_2	N/A	51.316	23	76	1.63e-14	72.0
WP_000845048.1	337	k121_349900_1	N/A	31.481	62	216	2.52e-14	75.5
WP_000845048.1	337	k121_167439_1	N/A	30.726	53	179	2.94e-14	74.3
WP_000845048.1	337	k121_28925_2	N/A	28.261	63	230	3.79e-14	75.5
WP_000845048.1	337	k121_1017737_1	N/A	27.391	64	230	4.73e-14	73.6
WP_000845048.1	337	k121_585970_2	N/A	30.531	61	226	5.01e-14	74.7
WP_000845048.1	337	k121_1379524_2	N/A	30.769	54	182	5.08e-14	72.0
WP_000845048.1	337	k121_1336358_2	N/A	26.848	75	257	7.27e-14	73.6
WP_000845048.1	337	k121_913362_7	N/A	31.111	61	225	8.22e-14	74.3
WP_000845048.1	337	k121_965562_2	N/A	28.395	68	243	8.44e-14	73.9
WP_000845048.1	337	k121_913042_3	N/A	28.896	84	308	9.42e-14	74.3
WP_000845048.1	337	k121_297876_3	N/A	22.840	86	324	9.94e-14	73.6
WP_000845048.1	337	k121_1809018_15	N/A	28.739	92	341	1.29e-13	73.6
WP_000845048.1	337	k121_155675_3	N/A	27.857	74	280	1.65e-13	73.6
WP_000845048.1	337	k121_832905_2	N/A	32.468	66	231	2.92e-13	72.4
WP_000845048.1	337	k121_602318_3	N/A	42.857	27	91	3.84e-13	72.4
WP_000845048.1	337	k121_892296_2	N/A	28.896	85	308	5.62e-13	71.6
WP_000845048.1	337	k121_311833_1	N/A	26.950	81	282	7.51e-13	70.9
WP_000845048.1	337	k121_855286_2	N/A	32.195	58	205	8.79e-13	69.7
WP_000845048.1	337	k121_1074764_174	N/A	32.287	62	223	1.12e-12	70.5
WP_000845048.1	337	k121_1415349_3	N/A	28.205	77	273	1.23e-12	70.9
WP_000845048.1	337	k121_800209_1	N/A	28.652	53	178	1.39e-12	68.6
WP_000845048.1	337	k121_1526474_15	N/A	27.305	81	282	1.72e-12	70.1
WP_000845048.1	337	k121_354275_4	N/A	30.091	92	329	2.61e-12	69.7
WP_000845048.1	337	k121_809426_3	N/A	29.831	79	295	2.76e-12	68.9
WP_000845048.1	337	k121_1022738_42	N/A	29.455	77	275	3.29e-12	69.3
WP_000845048.1	337	k121_285380_1	N/A	27.425	81	299	4.32e-12	68.6
WP_000845048.1	337	k121_1882070_1	N/A	32.955	52	176	6.12e-12	66.2
WP_000845048.1	337	k121_49984_1	N/A	29.167	86	312	7.68e-12	68.6
WP_000845048.1	337	k121_1478807_2	N/A	27.826	61	230	7.97e-12	68.6
WP_000845048.1	337	k121_1336730_3	N/A	29.808	86	312	9.34e-12	68.2
WP_000845048.1	337	k121_1099023_1	N/A	28.889	61	225	9.81e-12	68.2
WP_000845048.1	337	k121_945156_4	N/A	28.571	93	336	2.16e-11	67.0
WP_000845048.1	337	k121_790748_1	N/A	32.353	50	170	3.00e-11	63.5
WP_000845048.1	337	k121_1981893_1	N/A	31.019	62	216	3.35e-11	66.6
WP_000845048.1	337	k121_863207_16	N/A	27.019	91	359	3.77e-11	66.2
WP_000845048.1	337	k121_1021439_1	N/A	29.891	53	184	4.44e-11	63.9
WP_000845048.1	337	k121_337387_2	N/A	27.928	61	222	4.45e-11	65.9
WP_000845048.1	337	k121_1856183_60	N/A	28.804	53	184	5.16e-11	65.5
WP_000845048.1	337	k121_36289_26	N/A	30.000	53	180	6.32e-11	65.9
WP_000845048.1	337	k121_1035339_1	N/A	30.890	57	191	7.57e-11	65.5
WP_000845048.1	337	k121_60287_318	N/A	26.744	92	344	9.37e-11	65.1
WP_000845048.1	337	k121_1904291_1	N/A	28.571	62	217	9.96e-11	63.5
WP_000845048.1	337	k121_1292931_2	N/A	47.297	22	74	1.29e-10	60.8
WP_000845048.1	337	k121_1616379_2	N/A	29.858	62	211	1.44e-10	64.7
WP_000845048.1	337	k121_1895000_6	N/A	45.714	21	70	1.78e-10	60.8
WP_000845048.1	337	k121_1012042_1	N/A	32.584	53	178	2.40e-10	61.6
WP_000845048.1	337	k121_1987971_2	N/A	31.183	53	186	2.43e-10	61.6
WP_000845048.1	337	k121_1520585_2	N/A	26.978	78	278	2.62e-10	63.9
WP_000845048.1	337	k121_1673973_2	N/A	29.043	84	303	3.10e-10	63.5
WP_000845048.1	337	k121_115313_5	N/A	28.070	61	228	3.18e-10	63.5
WP_000845048.1	337	k121_788181_4	N/A	28.623	77	276	3.35e-10	63.5
WP_000845048.1	337	k121_316349_34	N/A	31.395	51	172	5.29e-10	62.8
WP_000845048.1	337	k121_299094_5	N/A	30.808	58	198	1.21e-09	61.6
WP_000845048.1	337	k121_1313272_2	N/A	29.864	61	221	1.47e-09	61.6
WP_000845048.1	337	k121_248090_2	N/A	24.679	90	312	1.87e-09	60.8
WP_000845048.1	337	k121_802151_1	N/A	27.037	75	270	2.25e-09	60.5
WP_000845048.1	337	k121_1489192_2	N/A	26.374	77	273	2.37e-09	60.8
WP_000845048.1	337	k121_345612_2	N/A	30.928	25	97	3.91e-09	58.9
WP_000845048.1	337	k121_96446_8	N/A	25.517	84	290	4.02e-09	60.1
WP_000845048.1	337	k121_190916_2	N/A	29.439	63	214	4.56e-09	59.7
WP_000845048.1	337	k121_1489192_4	N/A	25.592	60	211	5.49e-09	60.1
WP_000845048.1	337	k121_1993886_1	N/A	30.303	53	198	5.57e-09	59.3
WP_000845048.1	337	k121_1245781_2	N/A	21.296	60	216	5.60e-09	58.9
WP_000845048.1	337	k121_478684_3	N/A	27.148	82	291	6.12e-09	60.1
WP_000845048.1	337	k121_842038_2	N/A	28.421	55	190	6.27e-09	58.9
WP_000845048.1	337	k121_1105040_4	N/A	26.957	64	230	6.67e-09	59.7
WP_000845048.1	337	k121_1494757_5	N/A	28.139	63	231	6.72e-09	59.7
WP_000845048.1	337	k121_653805_1	N/A	25.275	77	273	7.77e-09	59.7
WP_000845048.1	337	k121_913844_1	N/A	28.239	85	301	1.08e-08	58.9
WP_000845048.1	337	k121_443687_2	N/A	27.727	62	220	1.09e-08	58.5
WP_000845048.1	337	k121_1904282_2	N/A	28.415	54	183	1.10e-08	58.9
WP_000845048.1	337	k121_258423_3	N/A	25.436	81	287	1.16e-08	59.3
WP_000845048.1	337	k121_1918942_3	N/A	27.575	85	301	1.17e-08	58.5
WP_000845048.1	337	k121_945156_2	N/A	26.033	68	242	1.42e-08	58.9
WP_000845048.1	337	k121_1018794_1	N/A	28.085	64	235	1.56e-08	58.5
WP_000845048.1	337	k121_337932_5	N/A	28.774	62	212	1.61e-08	58.5
WP_000845048.1	337	k121_1846898_1	N/A	24.818	77	274	1.72e-08	58.5
WP_000845048.1	337	k121_557878_2	N/A	28.713	83	303	1.87e-08	58.2
WP_000845048.1	337	k121_252352_12	N/A	23.207	65	237	2.01e-08	58.2
WP_000845048.1	337	k121_638965_1	N/A	26.159	84	302	2.14e-08	58.2
WP_000845048.1	337	k121_1600021_1	N/A	26.776	54	183	2.38e-08	56.2
WP_000845048.1	337	k121_1644466_2	N/A	40.909	20	66	2.44e-08	55.8
WP_000845048.1	337	k121_695831_4	N/A	24.430	85	307	3.20e-08	57.4
WP_000845048.1	337	k121_1576438_1	N/A	28.017	65	232	3.60e-08	57.4
WP_000845048.1	337	k121_812910_2	N/A	26.974	84	304	3.85e-08	57.4
WP_000845048.1	337	k121_1760858_3	N/A	28.511	61	235	4.57e-08	57.0
WP_000845048.1	337	k121_1283665_1	N/A	26.220	48	164	4.79e-08	56.6
WP_000845048.1	337	k121_1616379_1	N/A	29.864	63	221	5.62e-08	57.4
WP_000845048.1	337	k121_1713862_26	N/A	29.213	53	178	5.68e-08	55.1
WP_000845048.1	337	k121_1973790_2	N/A	31.707	54	205	7.94e-08	55.8
WP_000845048.1	337	k121_164783_2	N/A	26.383	63	235	1.03e-07	55.8
WP_000845048.1	337	k121_1125154_2	N/A	42.857	21	70	1.08e-07	54.7
WP_000845048.1	337	k121_291248_8	N/A	24.896	63	241	1.43e-07	55.5
WP_000845048.1	337	k121_375444_4	N/A	29.048	60	210	1.46e-07	55.8
WP_000845048.1	337	k121_1977010_1	N/A	28.155	59	206	1.58e-07	55.1
WP_000845048.1	337	k121_1542143_29	N/A	23.344	89	317	1.60e-07	55.1
WP_000845048.1	337	k121_1551434_24	N/A	37.179	20	78	2.09e-07	55.1
WP_000845048.1	337	k121_552060_65	N/A	29.808	59	208	2.50e-07	53.5
WP_000845048.1	337	k121_5807_1	N/A	32.292	56	192	2.80e-07	54.7
WP_000845048.1	337	k121_1012579_9	N/A	27.273	66	231	3.19e-07	54.7
WP_000845048.1	337	k121_77663_126	N/A	29.245	61	212	5.23e-07	53.9
WP_000845048.1	337	k121_570284_1	N/A	33.333	21	81	5.53e-07	50.8
WP_000845048.1	337	k121_589429_1	N/A	28.571	37	133	6.38e-07	52.4
WP_000845048.1	337	k121_1847212_1	N/A	31.214	46	173	6.57e-07	52.0
WP_000845048.1	337	k121_375444_3	N/A	29.091	60	220	7.36e-07	53.1
WP_000845048.1	337	k121_723491_3	N/A	24.399	78	291	7.90e-07	52.4
WP_000845048.1	337	k121_1081584_3	N/A	31.282	54	195	1.05e-06	53.1
WP_000845048.1	337	k121_1455011_82	N/A	29.327	59	208	1.06e-06	53.1
WP_000845048.1	337	k121_600504_1	N/A	26.190	81	294	1.08e-06	52.4
WP_000845048.1	337	k121_557878_3	N/A	26.068	61	234	1.38e-06	52.4
WP_000845048.1	337	k121_1290917_7	N/A	26.708	88	322	1.77e-06	52.4
WP_000845048.1	337	k121_49416_2	N/A	29.630	47	162	1.80e-06	52.0
WP_000845048.1	337	k121_1941992_1	N/A	28.837	60	215	2.20e-06	51.2
WP_000845048.1	337	k121_1023376_4	N/A	28.986	59	207	2.40e-06	50.4
WP_000845048.1	337	k121_718430_2	N/A	28.962	54	183	2.51e-06	51.2
WP_000845048.1	337	k121_913042_5	N/A	27.053	60	207	2.53e-06	52.0
WP_000845048.1	337	k121_1056425_4	N/A	24.413	59	213	2.53e-06	52.0
WP_000845048.1	337	k121_433703_1	N/A	28.636	63	220	3.47e-06	51.2
WP_000845048.1	337	k121_769288_5	N/A	25.616	59	203	3.64e-06	51.6
WP_000845048.1	337	k121_1287183_4	N/A	26.697	64	221	4.92e-06	50.8
WP_000845048.1	337	k121_362204_82	N/A	37.681	20	69	4.93e-06	50.4
WP_000845048.1	337	k121_1379918_1	N/A	36.364	20	66	5.45e-06	47.8
WP_000845048.1	337	k121_1263898_5	N/A	27.602	63	221	5.68e-06	50.8
WP_000845048.1	337	k121_1224915_2	N/A	27.528	52	178	6.51e-06	50.4
WP_000845048.1	337	k121_564974_5	N/A	26.190	58	210	6.70e-06	50.4
WP_000845048.1	337	k121_564754_10	N/A	26.702	53	191	6.86e-06	50.4
WP_000845048.1	337	k121_1144759_15	N/A	24.121	59	199	7.82e-06	50.4
WP_000845048.1	337	k121_1043298_1	N/A	39.130	20	69	9.34e-06	50.1
WP_000845048.1	337	k121_1085564_3	N/A	26.471	77	272	9.91e-06	49.7
WP_000845048.1	337	k121_675169_3	N/A	29.381	55	194	1.15e-05	49.7
WP_000845048.1	337	k121_1407521_3	N/A	31.967	36	122	1.25e-05	49.3
WP_000845048.1	337	k121_1344301_1	N/A	21.032	72	252	1.31e-05	48.9
WP_000845048.1	337	k121_417385_3	N/A	23.755	61	261	1.32e-05	49.7
WP_000845048.1	337	k121_1307030_1	N/A	26.207	74	290	1.77e-05	48.9
WP_000845048.1	337	k121_1989619_1	N/A	24.483	80	290	1.77e-05	49.3
WP_000845048.1	337	k121_600504_3	N/A	23.913	77	276	1.77e-05	48.5
WP_000845048.1	337	k121_1706340_2	N/A	26.486	47	185	2.33e-05	48.1
WP_000845048.1	337	k121_778627_9	N/A	26.471	59	204	2.69e-05	47.8
WP_000845048.1	337	k121_1562164_1	N/A	26.108	59	203	3.05e-05	47.8
WP_000845048.1	337	k121_375444_2	N/A	25.083	84	303	3.17e-05	48.1
WP_000845048.1	337	k121_1682193_2	N/A	23.502	60	217	3.38e-05	48.1
WP_000845048.1	337	k121_1510874_2	N/A	39.000	26	100	3.75e-05	47.8
WP_000845048.1	337	k121_52266_8	N/A	42.424	20	66	4.12e-05	47.0
WP_000845048.1	337	k121_267912_1	N/A	26.705	48	176	4.16e-05	47.4
WP_000845048.1	337	k121_1427746_1	N/A	30.323	42	155	4.35e-05	48.1
WP_000845048.1	337	k121_454683_20	N/A	26.482	71	253	4.53e-05	47.8
WP_000845048.1	337	k121_1645615_4	N/A	29.688	55	192	4.85e-05	47.8
WP_000845048.1	337	k121_256245_1	N/A	26.020	57	196	5.83e-05	46.6
WP_000845048.1	337	k121_1002327_1	N/A	29.032	53	186	5.84e-05	47.0
WP_000845048.1	337	k121_93992_2	N/A	26.702	55	191	6.07e-05	47.8
WP_000845048.1	337	k121_1956347_13	N/A	28.415	54	183	6.24e-05	47.4
WP_000845048.1	337	k121_196866_2	N/A	27.000	84	300	6.31e-05	47.4
WP_000845048.1	337	k121_1336730_2	N/A	27.727	61	220	7.49e-05	47.0
WP_000845048.1	337	k121_1747149_1	N/A	20.395	85	304	7.63e-05	47.4
WP_000845048.1	337	k121_1330580_1	N/A	30.220	50	182	7.95e-05	46.6
WP_000845048.1	337	k121_1502095_14	N/A	28.319	62	226	9.17e-05	46.2
WP_000845048.1	337	k121_755027_3	N/A	27.957	52	186	9.67e-05	47.0
WP_000845048.1	337	k121_872674_1	N/A	26.776	48	183	1.01e-04	46.2
WP_000845048.1	337	k121_1550808_8	N/A	25.820	67	244	1.02e-04	47.4
WP_000845048.1	337	k121_774893_3	N/A	29.448	45	163	1.03e-04	46.6
WP_000845048.1	337	k121_468257_5	N/A	25.987	84	304	1.19e-04	46.6
WP_000845048.1	337	k121_1105040_5	N/A	23.875	79	289	1.21e-04	47.0
WP_000845048.1	337	k121_1198951_1	N/A	36.364	20	66	1.21e-04	46.6
WP_000845048.1	337	k121_765409_2	N/A	36.364	27	99	1.23e-04	45.8
WP_000845048.1	337	k121_1376485_2	N/A	33.766	21	77	1.37e-04	46.2
WP_000845048.1	337	k121_337932_8	N/A	30.488	22	82	7.14e-04	44.7
WP_000845048.1	337	k121_1360661_1	N/A	26.738	53	187	1.57e-04	45.8
WP_000845048.1	337	k121_1191548_29	N/A	29.167	58	216	1.59e-04	46.2
WP_000845048.1	337	k121_798314_4	N/A	23.923	58	209	1.64e-04	46.2
WP_000845048.1	337	k121_1289531_1	N/A	25.116	60	215	1.77e-04	46.2
WP_000845048.1	337	k121_1274320_1	N/A	28.022	53	182	1.79e-04	45.1
WP_000845048.1	337	k121_1288280_5	N/A	29.798	55	198	1.79e-04	46.2
WP_000845048.1	337	k121_693536_1	N/A	33.962	28	106	1.95e-04	45.8
WP_000845048.1	337	k121_1627961_3	N/A	25.778	64	225	2.35e-04	45.8
WP_000845048.1	337	k121_918739_1	N/A	27.778	48	162	2.53e-04	45.4
WP_000845048.1	337	k121_231380_3	N/A	27.222	53	180	2.56e-04	45.8
WP_000845048.1	337	k121_1263898_6	N/A	27.727	61	220	2.65e-04	45.8
WP_000845048.1	337	k121_913042_4	N/A	25.738	65	237	2.72e-04	45.4
WP_000845048.1	337	k121_231380_4	N/A	29.493	61	217	3.14e-04	45.8
WP_000845048.1	337	k121_625023_2	N/A	26.754	65	228	3.21e-04	45.4
WP_000845048.1	337	k121_977035_2	N/A	25.568	52	176	3.24e-04	45.1
WP_000845048.1	337	k121_1098491_1	N/A	29.437	61	231	4.00e-04	44.7
WP_000845048.1	337	k121_1105260_2	N/A	24.766	62	214	4.03e-04	45.1
WP_000845048.1	337	k121_1916256_3	N/A	28.571	47	182	4.14e-04	43.9
WP_000845048.1	337	k121_859727_5	N/A	25.946	54	185	4.74e-04	44.7
WP_000845048.1	337	k121_560702_1	N/A	26.570	59	207	5.57e-04	44.7
WP_000845048.1	337	k121_367224_5	N/A	24.038	58	208	5.94e-04	43.5
WP_000845048.1	337	k121_1048895_2	N/A	33.766	23	77	7.08e-04	44.3
WP_000845048.1	337	k121_691968_2	N/A	27.805	56	205	7.14e-04	44.7
WP_000845048.1	337	k121_1287753_9	N/A	31.053	53	190	9.00e-04	43.9
WP_000845048.1	337	k121_1638936_2	N/A	23.529	59	204	0.001	43.1
WP_000845048.1	337	k121_672897_3	N/A	35.135	22	74	0.001	43.5
WP_000845048.1	337	k121_1546401_1	N/A	27.511	62	229	0.001	43.5
WP_000845048.1	337	k121_774893_2	N/A	24.818	76	274	0.002	43.1
WP_000845048.1	337	k121_585991_1	N/A	26.554	53	177	0.002	42.7
WP_000845048.1	337	k121_1012707_21	N/A	24.434	61	221	0.002	43.5
WP_000845048.1	337	k121_825384_1	N/A	25.698	52	179	0.002	43.1
WP_000845048.1	337	k121_1647415_2	N/A	24.000	61	225	0.002	42.7
WP_000845048.1	337	k121_218151_1	N/A	27.111	64	225	0.002	42.7
WP_000845048.1	337	k121_1875282_1	N/A	25.397	53	189	0.002	42.7
WP_000845048.1	337	k121_455258_1	N/A	36.250	23	80	0.002	42.7
WP_000845048.1	337	k121_1693005_1	N/A	24.898	67	245	0.002	42.7
WP_000845048.1	337	k121_1415349_2	N/A	29.054	37	148	0.002	42.4
WP_000845048.1	337	k121_656244_5	N/A	36.765	20	68	0.003	42.4
WP_000845048.1	337	k121_997841_1	N/A	25.094	77	267	0.003	42.0
WP_000845048.1	337	k121_1245383_2	N/A	27.315	63	216	0.003	42.0
WP_000845048.1	337	k121_1269208_2	N/A	24.324	53	185	0.003	41.2
WP_000845048.1	337	k121_915902_2	N/A	26.407	63	231	0.003	42.4
WP_000845048.1	337	k121_460327_2	N/A	27.411	58	197	0.003	41.2
