SadA_ref|WP_036299419.1|:1-399	399	k121_47372_136	N/A	43.797	98	395	1.12e-112	338
SadA_ref|WP_036299419.1|:1-399	399	k121_821223_1	N/A	33.245	93	376	5.54e-47	169
SadA_ref|WP_036299419.1|:1-399	399	k121_203054_1	N/A	28.718	97	390	6.12e-47	168
SadA_ref|WP_036299419.1|:1-399	399	k121_160005_3	N/A	30.905	98	398	2.42e-46	167
SadA_ref|WP_036299419.1|:1-399	399	k121_1494289_13	N/A	31.429	94	385	2.12e-45	164
SadA_ref|WP_036299419.1|:1-399	399	k121_1209118_2	N/A	30.077	97	389	8.69e-44	160
SadA_ref|WP_036299419.1|:1-399	399	k121_381814_8	N/A	26.617	96	402	7.87e-35	135
SadA_ref|WP_036299419.1|:1-399	399	k121_1421991_2	N/A	35.119	42	168	1.15e-30	118
SadA_ref|WP_036299419.1|:1-399	399	k121_1566606_1	N/A	26.220	79	328	2.36e-30	122
SadA_ref|WP_036299419.1|:1-399	399	k121_743901_1	N/A	33.505	48	194	3.22e-28	112
SadA_ref|WP_036299419.1|:1-399	399	k121_284740_6	N/A	25.946	91	370	7.07e-26	111
SadA_ref|WP_036299419.1|:1-399	399	k121_1032960_1	N/A	30.894	60	246	1.91e-24	104
SadA_ref|WP_036299419.1|:1-399	399	k121_570314_1	N/A	36.154	33	130	1.58e-23	98.2
SadA_ref|WP_036299419.1|:1-399	399	k121_331006_2	N/A	26.101	76	318	2.34e-20	94.4
SadA_ref|WP_036299419.1|:1-399	399	k121_876889_1	N/A	27.500	49	200	6.82e-18	86.3
SadA_ref|WP_036299419.1|:1-399	399	k121_136216_2	N/A	29.252	37	147	4.53e-17	81.3
SadA_ref|WP_036299419.1|:1-399	399	k121_355937_1	N/A	29.787	35	141	6.44e-14	72.8
SadA_ref|WP_036299419.1|:1-399	399	k121_96417_1	N/A	31.646	39	158	1.47e-12	68.6
SadA_ref|WP_036299419.1|:1-399	399	k121_940456_3	N/A	37.931	29	116	3.53e-12	67.0
SadA_ref|WP_036299419.1|:1-399	399	k121_454447_1	N/A	23.986	73	296	4.17e-12	69.7
SadA_ref|WP_036299419.1|:1-399	399	k121_1428330_1	N/A	30.097	26	103	5.38e-11	62.8
SadA_ref|WP_036299419.1|:1-399	399	k121_793447_1	N/A	25.092	65	271	4.03e-07	54.7
SadA_ref|WP_036299419.1|:1-399	399	k121_1060453_1	N/A	22.785	39	158	1.16e-05	49.3
SadA_ref|WP_036299419.1|:1-399	399	k121_1542312_1	N/A	22.164	87	379	4.81e-05	48.9
SadA_ref|WP_036299419.1|:1-399	399	k121_237093_1	N/A	25.581	32	129	9.58e-05	46.2
SadA_ref|WP_036299419.1|:1-399	399	k121_1514559_1	N/A	27.700	49	213	1.07e-04	47.8
SadA_ref|WP_036299419.1|:1-399	399	k121_593697_1	N/A	28.889	22	90	4.84e-04	44.7
SadA_ref|WP_036299419.1|:1-399	399	k121_757210_2	N/A	22.826	87	368	5.24e-04	45.8
SadA_ref|WP_036299419.1|:1-399	399	k121_1405748_1	N/A	29.104	31	134	6.14e-04	43.9
SadA_ref|WP_036299419.1|:1-399	399	k121_1579043_4	N/A	25.455	50	220	8.20e-04	44.3
SadA_ref|WP_036299419.1|:1-399	399	k121_122484_1	N/A	27.178	68	287	0.001	44.3
SadA_ref|WP_036299419.1|:1-399	399	k121_180337_1	N/A	30.952	21	84	0.001	42.7
SadA_ref|WP_036299419.1|:1-399	399	k121_443365_1	N/A	29.762	21	84	0.002	41.2
SadA_ref|WP_036299419.1|:1-399	399	k121_997013_1	N/A	23.427	67	286	0.003	42.7
SadA_ref|WP_036299419.1|:1-399	399	k121_117195_1	N/A	28.889	22	90	0.003	41.6
SadA_ref|WP_036299419.1|:1-399	399	k121_573821_1	N/A	23.622	60	254	0.004	42.7
SadA_ref|WP_036299419.1|:1-399	399	k121_372384_1	N/A	30.952	21	84	0.004	41.6
SadA_ref|WP_036299419.1|:1-399	399	k121_446833_1	N/A	28.736	22	87	0.005	42.0
SadA_ref|WP_036299419.1|:1-399	399	k121_672189_1	N/A	31.000	25	100	0.006	40.4
SadA_ref|WP_036299419.1|:1-399	399	k121_632130_1	N/A	29.762	21	84	0.007	40.8
SadA_ref|WP_036299419.1|:1-399	399	k121_437245_4	N/A	28.241	50	216	0.007	42.0
SadA_ref|WP_036299419.1|:1-399	399	k121_764710_1	N/A	29.762	21	84	0.009	40.8
SadA_ref|WP_036299419.1|:1-399	399	k121_33457_1	N/A	28.571	21	84	0.016	39.7
SadA_ref|WP_036299419.1|:1-399	399	k121_326494_1	N/A	24.675	37	154	0.017	40.0
SadA_ref|WP_036299419.1|:1-399	399	k121_456990_1	N/A	32.143	20	84	0.019	40.8
SadA_ref|WP_036299419.1|:1-399	399	k121_175168_2	N/A	30.952	21	84	0.021	40.0
SadA_ref|WP_036299419.1|:1-399	399	k121_249604_1	N/A	27.119	41	177	0.022	40.4
SadA_ref|WP_036299419.1|:1-399	399	k121_280274_1	N/A	29.762	21	84	0.028	38.9
SadA_ref|WP_036299419.1|:1-399	399	k121_1574389_1	N/A	29.762	21	84	0.030	39.7
SadA_ref|WP_036299419.1|:1-399	399	k121_573821_2	N/A	24.402	47	209	0.034	40.0
SadA_ref|WP_036299419.1|:1-399	399	k121_1674185_1	N/A	28.571	21	84	0.044	38.9
SadA_ref|WP_036299419.1|:1-399	399	k121_807173_1	N/A	23.239	33	142	0.050	39.3
SadA_ref|WP_036299419.1|:1-399	399	k121_1205753_1	N/A	22.973	55	222	0.053	38.9
SadA_ref|WP_036299419.1|:1-399	399	k121_285852_1	N/A	28.571	21	84	0.068	37.7
SadA_ref|WP_036299419.1|:1-399	399	k121_464761_3	N/A	22.466	85	365	0.071	38.9
SadA_ref|WP_036299419.1|:1-399	399	k121_333651_1	N/A	29.032	23	93	0.073	38.5
SadB_ref|WP_100812327.1|:1-423	423	k121_47372_136	N/A	37.596	91	391	6.26e-80	255
SadB_ref|WP_100812327.1|:1-423	423	k121_1494289_13	N/A	33.582	92	402	1.06e-54	190
SadB_ref|WP_100812327.1|:1-423	423	k121_821223_1	N/A	33.588	91	393	3.14e-51	181
SadB_ref|WP_100812327.1|:1-423	423	k121_160005_3	N/A	31.078	92	399	7.28e-46	166
SadB_ref|WP_100812327.1|:1-423	423	k121_1209118_2	N/A	27.794	82	349	1.99e-38	146
SadB_ref|WP_100812327.1|:1-423	423	k121_1566606_1	N/A	28.438	75	320	7.07e-34	132
SadB_ref|WP_100812327.1|:1-423	423	k121_381814_8	N/A	26.075	86	372	1.43e-33	132
SadB_ref|WP_100812327.1|:1-423	423	k121_203054_1	N/A	26.972	91	393	7.90e-33	130
SadB_ref|WP_100812327.1|:1-423	423	k121_284740_6	N/A	24.227	90	388	1.38e-27	116
SadB_ref|WP_100812327.1|:1-423	423	k121_1421991_2	N/A	35.542	39	166	2.43e-24	102
SadB_ref|WP_100812327.1|:1-423	423	k121_743901_1	N/A	35.385	46	195	2.67e-24	102
SadB_ref|WP_100812327.1|:1-423	423	k121_876889_1	N/A	30.000	56	250	1.04e-22	100
SadB_ref|WP_100812327.1|:1-423	423	k121_331006_2	N/A	24.917	68	301	1.15e-21	98.2
SadB_ref|WP_100812327.1|:1-423	423	k121_96417_1	N/A	38.356	35	146	1.39e-21	94.0
SadB_ref|WP_100812327.1|:1-423	423	k121_1032960_1	N/A	29.880	58	251	5.36e-21	95.1
SadB_ref|WP_100812327.1|:1-423	423	k121_136216_2	N/A	28.873	34	142	3.70e-18	84.3
SadB_ref|WP_100812327.1|:1-423	423	k121_355937_1	N/A	30.769	36	156	3.99e-15	76.3
SadB_ref|WP_100812327.1|:1-423	423	k121_570314_1	N/A	25.191	31	131	1.69e-14	73.6
SadB_ref|WP_100812327.1|:1-423	423	k121_793447_1	N/A	30.556	64	288	3.04e-12	70.1
SadB_ref|WP_100812327.1|:1-423	423	k121_940456_3	N/A	33.884	29	121	4.40e-11	63.9
SadB_ref|WP_100812327.1|:1-423	423	k121_1060453_1	N/A	26.316	39	171	6.45e-10	61.6
SadB_ref|WP_100812327.1|:1-423	423	k121_454447_1	N/A	25.000	57	244	2.51e-09	61.6
SadB_ref|WP_100812327.1|:1-423	423	k121_175560_2	N/A	34.615	28	130	9.72e-09	57.8
SadB_ref|WP_100812327.1|:1-423	423	k121_122484_1	N/A	27.027	57	259	9.52e-08	57.0
SadB_ref|WP_100812327.1|:1-423	423	k121_930280_1	N/A	26.113	72	337	1.69e-07	56.6
SadB_ref|WP_100812327.1|:1-423	423	k121_728140_3	N/A	21.543	83	376	1.95e-07	56.6
SadB_ref|WP_100812327.1|:1-423	423	k121_1523281_1	N/A	36.364	20	88	4.45e-07	52.0
SadB_ref|WP_100812327.1|:1-423	423	k121_438262_2	N/A	32.759	26	116	7.18e-07	52.0
SadB_ref|WP_100812327.1|:1-423	423	k121_1428330_1	N/A	22.340	22	94	8.49e-07	50.8
SadB_ref|WP_100812327.1|:1-423	423	k121_1659913_2	N/A	31.532	25	111	1.30e-06	51.2
SadB_ref|WP_100812327.1|:1-423	423	k121_777464_1	N/A	26.792	59	265	1.82e-06	52.8
SadB_ref|WP_100812327.1|:1-423	423	k121_1514559_1	N/A	26.772	56	254	2.28e-06	52.8
SadB_ref|WP_100812327.1|:1-423	423	k121_237093_1	N/A	33.721	20	86	2.91e-06	50.8
SadB_ref|WP_100812327.1|:1-423	423	k121_209049_2	N/A	31.250	27	128	3.88e-06	50.1
SadB_ref|WP_100812327.1|:1-423	423	k121_285306_1	N/A	35.227	20	88	9.66e-06	50.4
SadB_ref|WP_100812327.1|:1-423	423	k121_653012_2	N/A	32.520	26	123	1.23e-05	50.8
SadB_ref|WP_100812327.1|:1-423	423	k121_529190_123	N/A	22.222	80	360	1.35e-05	50.8
SadB_ref|WP_100812327.1|:1-423	423	k121_305357_1	N/A	32.394	31	142	1.87e-05	50.1
SadB_ref|WP_100812327.1|:1-423	423	k121_1390861_2	N/A	35.294	20	85	2.04e-05	47.0
SadB_ref|WP_100812327.1|:1-423	423	k121_1167570_1	N/A	32.407	24	108	2.10e-05	49.3
SadB_ref|WP_100812327.1|:1-423	423	k121_118095_2	N/A	30.952	27	126	2.39e-05	48.1
SadB_ref|WP_100812327.1|:1-423	423	k121_1579043_4	N/A	25.877	48	228	2.82e-05	48.9
SadB_ref|WP_100812327.1|:1-423	423	k121_1674185_1	N/A	32.031	27	128	4.26e-05	48.1
SadB_ref|WP_100812327.1|:1-423	423	k121_483525_1	N/A	32.812	27	128	4.98e-05	48.9
SadB_ref|WP_100812327.1|:1-423	423	k121_527789_1	N/A	23.284	76	335	8.47e-05	48.5
SadB_ref|WP_100812327.1|:1-423	423	k121_337027_2	N/A	31.496	27	127	9.24e-05	46.2
SadB_ref|WP_100812327.1|:1-423	423	k121_469876_1	N/A	30.723	36	166	1.01e-04	47.0
SadB_ref|WP_100812327.1|:1-423	423	k121_578248_2	N/A	26.396	45	197	1.14e-04	46.6
SadB_ref|WP_100812327.1|:1-423	423	k121_337030_1	N/A	31.496	27	127	1.50e-04	45.8
SadB_ref|WP_100812327.1|:1-423	423	k121_593697_1	N/A	29.323	29	133	2.08e-04	45.8
SadB_ref|WP_100812327.1|:1-423	423	k121_326494_1	N/A	27.778	36	162	2.58e-04	45.8
SadB_ref|WP_100812327.1|:1-423	423	k121_1542312_1	N/A	24.438	77	356	3.68e-04	46.2
SadB_ref|WP_100812327.1|:1-423	423	k121_1463281_1	N/A	23.810	51	252	3.69e-04	45.8
SadB_ref|WP_100812327.1|:1-423	423	k121_1448007_1	N/A	28.718	43	195	4.72e-04	45.1
SadB_ref|WP_100812327.1|:1-423	423	k121_101611_1	N/A	29.213	39	178	6.37e-04	44.7
SadB_ref|WP_100812327.1|:1-423	423	k121_1574389_1	N/A	32.520	26	123	6.59e-04	44.7
SadB_ref|WP_100812327.1|:1-423	423	k121_296054_1	N/A	33.721	20	86	7.59e-04	43.9
SadB_ref|WP_100812327.1|:1-423	423	k121_464761_3	N/A	26.374	81	364	7.73e-04	45.4
SadB_ref|WP_100812327.1|:1-423	423	k121_376661_1	N/A	27.094	46	203	8.67e-04	43.9
SadB_ref|WP_100812327.1|:1-423	423	k121_1332872_1	N/A	28.571	30	140	0.001	43.9
SadB_ref|WP_100812327.1|:1-423	423	k121_1603279_1	N/A	33.333	23	111	0.001	43.1
SadB_ref|WP_100812327.1|:1-423	423	k121_1300032_1	N/A	28.676	30	136	0.001	43.5
SadB_ref|WP_100812327.1|:1-423	423	k121_797553_1	N/A	31.707	26	123	0.002	43.5
SadB_ref|WP_100812327.1|:1-423	423	k121_1294143_1	N/A	21.862	57	247	0.002	43.9
SadB_ref|WP_100812327.1|:1-423	423	k121_355937_2	N/A	33.775	35	151	0.002	42.4
SadB_ref|WP_100812327.1|:1-423	423	k121_1264857_1	N/A	27.517	34	149	0.002	43.1
SadB_ref|WP_100812327.1|:1-423	423	k121_437245_6	N/A	24.324	57	259	0.003	43.5
SadB_ref|WP_100812327.1|:1-423	423	k121_997013_1	N/A	28.926	26	121	0.003	43.1
SadB_ref|WP_100812327.1|:1-423	423	k121_99593_1	N/A	28.571	35	161	0.006	42.0
SadB_ref|WP_100812327.1|:1-423	423	k121_635506_1	N/A	23.256	57	258	0.007	42.4
SadB_ref|WP_100812327.1|:1-423	423	k121_1668059_1	N/A	22.500	55	240	0.007	41.6
SadB_ref|WP_100812327.1|:1-423	423	k121_1618612_1	N/A	25.728	48	206	0.010	40.8
SadB_ref|WP_100812327.1|:1-423	423	k121_632130_1	N/A	27.941	30	136	0.013	40.0
SadB_ref|WP_100812327.1|:1-423	423	k121_994039_1	N/A	26.389	31	144	0.015	40.0
SadB_ref|WP_100812327.1|:1-423	423	k121_987855_1	N/A	25.000	29	136	0.017	39.7
SadB_ref|WP_100812327.1|:1-423	423	k121_291548_1	N/A	26.554	39	177	0.019	40.4
SadB_ref|WP_100812327.1|:1-423	423	k121_999984_1	N/A	23.881	76	335	0.020	40.8
SadB_ref|WP_100812327.1|:1-423	423	k121_446833_1	N/A	27.206	30	136	0.025	40.0
SadB_ref|WP_100812327.1|:1-423	423	k121_33457_1	N/A	28.689	26	122	0.027	38.9
SadB_ref|WP_100812327.1|:1-423	423	k121_175168_2	N/A	28.689	26	122	0.030	39.7
SadB_ref|WP_100812327.1|:1-423	423	k121_736080_1	N/A	26.389	31	144	0.036	39.7
SadB_ref|WP_100812327.1|:1-423	423	k121_117195_1	N/A	29.508	26	122	0.040	38.5
SadB_ref|WP_100812327.1|:1-423	423	k121_1118815_5	N/A	26.471	43	204	0.044	39.7
SadB_ref|WP_100812327.1|:1-423	423	k121_1662874_1	N/A	25.592	43	211	0.050	38.9
SadB_ref|WP_100812327.1|:1-423	423	k121_563391_1	N/A	30.081	26	123	0.056	38.1
SadB_ref|WP_100812327.1|:1-423	423	k121_1302874_3	N/A	28.369	31	141	0.058	39.3
SadB_ref|WP_100812327.1|:1-423	423	k121_899187_2	N/A	27.132	30	129	0.058	38.5
SadB_ref|WP_100812327.1|:1-423	423	k121_747101_1	N/A	24.022	41	179	0.081	37.7
SadC_ref|WP_036299413.1|:1-194	194	k121_195294_2	N/A	45.385	67	130	8.83e-33	119
SadC_ref|WP_036299413.1|:1-194	194	k121_62837_1	N/A	33.133	85	166	1.85e-19	85.1
SadC_ref|WP_036299413.1|:1-194	194	k121_1157257_4	N/A	34.591	82	159	2.00e-17	79.3
SadC_ref|WP_036299413.1|:1-194	194	k121_1173507_2	N/A	33.951	84	162	4.54e-17	78.2
SadC_ref|WP_036299413.1|:1-194	194	k121_852419_1	N/A	36.283	58	113	2.06e-13	67.4
SadC_ref|WP_036299413.1|:1-194	194	k121_1587167_2	N/A	27.742	80	155	1.65e-12	66.2
SadC_ref|WP_036299413.1|:1-194	194	k121_1283139_1	N/A	33.333	66	129	1.91e-11	63.2
SadC_ref|WP_036299413.1|:1-194	194	k121_1593285_4	N/A	31.884	71	138	3.14e-11	62.4
SadC_ref|WP_036299413.1|:1-194	194	k121_284740_7	N/A	25.882	85	170	9.56e-11	61.6
SadC_ref|WP_036299413.1|:1-194	194	k121_131466_1	N/A	37.500	45	88	2.93e-10	60.1
SadC_ref|WP_036299413.1|:1-194	194	k121_175596_1	N/A	35.632	45	87	3.31e-10	59.7
SadC_ref|WP_036299413.1|:1-194	194	k121_657859_2	N/A	27.215	81	158	5.70e-10	58.9
SadC_ref|WP_036299413.1|:1-194	194	k121_61996_2	N/A	28.834	84	163	6.35e-10	58.9
SadC_ref|WP_036299413.1|:1-194	194	k121_381814_4	N/A	28.467	71	137	7.14e-10	58.9
SadC_ref|WP_036299413.1|:1-194	194	k121_752604_2	N/A	32.836	69	134	1.06e-09	58.2
SadC_ref|WP_036299413.1|:1-194	194	k121_1205753_2	N/A	23.837	86	172	1.45e-09	58.2
SadC_ref|WP_036299413.1|:1-194	194	k121_789303_1	N/A	36.170	48	94	2.42e-09	57.4
SadC_ref|WP_036299413.1|:1-194	194	k121_1505262_4	N/A	37.634	47	93	3.06e-09	57.0
SadC_ref|WP_036299413.1|:1-194	194	k121_1507605_1	N/A	39.130	47	92	6.19e-09	55.5
SadC_ref|WP_036299413.1|:1-194	194	k121_888721_2	N/A	36.559	47	93	8.80e-09	56.2
SadC_ref|WP_036299413.1|:1-194	194	k121_305552_1	N/A	24.096	85	166	9.69e-09	55.5
SadC_ref|WP_036299413.1|:1-194	194	k121_1210096_1	N/A	24.096	85	166	9.69e-09	55.5
SadC_ref|WP_036299413.1|:1-194	194	k121_1003295_2	N/A	36.000	51	100	1.40e-08	54.3
SadC_ref|WP_036299413.1|:1-194	194	k121_1550239_2	N/A	24.096	85	166	1.62e-08	55.1
SadC_ref|WP_036299413.1|:1-194	194	k121_1494289_22	N/A	38.144	49	97	2.11e-08	56.2
SadC_ref|WP_036299413.1|:1-194	194	k121_221162_2	N/A	23.494	85	166	2.66e-08	54.3
SadC_ref|WP_036299413.1|:1-194	194	k121_541430_4	N/A	37.662	39	77	2.71e-08	53.9
SadC_ref|WP_036299413.1|:1-194	194	k121_827368_2	N/A	23.353	85	167	2.76e-08	54.3
SadC_ref|WP_036299413.1|:1-194	194	k121_169833_1	N/A	37.500	45	88	3.14e-08	53.5
SadC_ref|WP_036299413.1|:1-194	194	k121_1277074_1	N/A	35.484	47	93	3.36e-08	54.3
SadC_ref|WP_036299413.1|:1-194	194	k121_567265_5	N/A	36.559	47	93	3.46e-08	54.3
SadC_ref|WP_036299413.1|:1-194	194	k121_609745_3	N/A	33.945	56	109	4.74e-08	53.1
SadC_ref|WP_036299413.1|:1-194	194	k121_1395759_1	N/A	26.471	70	136	5.83e-08	54.3
SadC_ref|WP_036299413.1|:1-194	194	k121_163111_2	N/A	30.172	59	116	6.34e-08	52.8
SadC_ref|WP_036299413.1|:1-194	194	k121_161585_1	N/A	34.783	47	92	8.48e-08	52.4
SadC_ref|WP_036299413.1|:1-194	194	k121_1426685_1	N/A	27.820	67	133	1.83e-07	52.4
SadC_ref|WP_036299413.1|:1-194	194	k121_298216_2	N/A	35.955	45	89	2.36e-07	50.4
SadC_ref|WP_036299413.1|:1-194	194	k121_557551_8	N/A	28.302	81	159	2.67e-07	52.4
SadC_ref|WP_036299413.1|:1-194	194	k121_787599_2	N/A	37.500	45	88	3.07e-07	51.6
SadC_ref|WP_036299413.1|:1-194	194	k121_1609111_1	N/A	27.206	69	136	3.85e-07	52.4
SadC_ref|WP_036299413.1|:1-194	194	k121_1196460_2	N/A	32.609	47	92	4.17e-07	50.4
SadC_ref|WP_036299413.1|:1-194	194	k121_76419_1	N/A	26.351	72	148	5.47e-07	50.8
SadC_ref|WP_036299413.1|:1-194	194	k121_1347667_2	N/A	30.208	48	96	1.12e-06	48.5
SadC_ref|WP_036299413.1|:1-194	194	k121_955563_2	N/A	36.364	39	77	2.28e-06	48.5
SadC_ref|WP_036299413.1|:1-194	194	k121_365168_1	N/A	35.714	36	70	2.42e-06	48.5
SadC_ref|WP_036299413.1|:1-194	194	k121_148209_2	N/A	26.761	69	142	2.63e-06	49.3
SadC_ref|WP_036299413.1|:1-194	194	k121_399372_2	N/A	26.897	74	145	2.64e-06	48.9
SadC_ref|WP_036299413.1|:1-194	194	k121_869471_1	N/A	30.588	43	85	3.15e-06	48.1
SadC_ref|WP_036299413.1|:1-194	194	k121_442998_4	N/A	35.714	43	84	3.75e-06	48.5
SadC_ref|WP_036299413.1|:1-194	194	k121_1354736_2	N/A	26.207	74	145	3.90e-06	48.1
SadC_ref|WP_036299413.1|:1-194	194	k121_1203324_1	N/A	23.026	77	152	3.98e-06	48.1
SadC_ref|WP_036299413.1|:1-194	194	k121_1318997_2	N/A	35.632	44	87	5.19e-06	47.0
SadC_ref|WP_036299413.1|:1-194	194	k121_854003_2	N/A	26.168	54	107	6.74e-06	47.8
SadC_ref|WP_036299413.1|:1-194	194	k121_818674_3	N/A	23.077	79	156	7.58e-06	48.1
SadC_ref|WP_036299413.1|:1-194	194	k121_686591_7	N/A	26.994	83	163	8.04e-06	47.8
SadC_ref|WP_036299413.1|:1-194	194	k121_749636_2	N/A	24.074	82	162	9.79e-06	48.1
SadC_ref|WP_036299413.1|:1-194	194	k121_1145129_1	N/A	35.065	39	77	1.04e-05	45.8
SadC_ref|WP_036299413.1|:1-194	194	k121_1078314_1	N/A	24.806	66	129	1.17e-05	47.0
SadC_ref|WP_036299413.1|:1-194	194	k121_220336_1	N/A	31.522	47	92	1.51e-05	46.2
SadC_ref|WP_036299413.1|:1-194	194	k121_32913_2	N/A	25.658	78	152	1.79e-05	46.6
SadC_ref|WP_036299413.1|:1-194	194	k121_752871_2	N/A	26.087	59	115	1.82e-05	46.2
SadC_ref|WP_036299413.1|:1-194	194	k121_839721_2	N/A	33.696	47	92	1.92e-05	46.6
SadC_ref|WP_036299413.1|:1-194	194	k121_1136374_2	N/A	26.950	68	141	2.38e-05	46.2
SadC_ref|WP_036299413.1|:1-194	194	k121_1011630_2	N/A	32.955	45	88	2.54e-05	47.0
SadC_ref|WP_036299413.1|:1-194	194	k121_853825_2	N/A	26.761	73	142	2.79e-05	46.2
SadC_ref|WP_036299413.1|:1-194	194	k121_929337_1	N/A	33.696	47	92	3.15e-05	46.2
SadC_ref|WP_036299413.1|:1-194	194	k121_142238_1	N/A	28.409	45	88	4.08e-05	45.1
SadC_ref|WP_036299413.1|:1-194	194	k121_474005_3	N/A	26.761	73	142	4.80e-05	45.4
SadC_ref|WP_036299413.1|:1-194	194	k121_421933_2	N/A	31.522	47	92	6.73e-05	45.1
SadC_ref|WP_036299413.1|:1-194	194	k121_1541486_1	N/A	33.721	44	86	7.06e-05	43.9
SadC_ref|WP_036299413.1|:1-194	194	k121_1048749_1	N/A	47.541	31	61	7.52e-05	43.1
SadC_ref|WP_036299413.1|:1-194	194	k121_1048741_2	N/A	47.541	31	61	7.52e-05	43.1
SadC_ref|WP_036299413.1|:1-194	194	k121_696653_1	N/A	25.397	64	126	8.90e-05	44.3
SadC_ref|WP_036299413.1|:1-194	194	k121_884784_2	N/A	24.324	75	148	9.02e-05	44.3
SadC_ref|WP_036299413.1|:1-194	194	k121_1521554_1	N/A	25.234	55	107	1.03e-04	43.9
SadC_ref|WP_036299413.1|:1-194	194	k121_1001809_9	N/A	32.292	46	96	1.49e-04	44.3
SadC_ref|WP_036299413.1|:1-194	194	k121_318322_3	N/A	24.828	74	145	1.73e-04	43.5
SadC_ref|WP_036299413.1|:1-194	194	k121_1066275_1	N/A	29.091	55	110	2.21e-04	42.7
SadC_ref|WP_036299413.1|:1-194	194	k121_1647977_1	N/A	34.211	39	76	2.98e-04	42.7
SadC_ref|WP_036299413.1|:1-194	194	k121_1473462_1	N/A	27.826	52	115	4.99e-04	42.7
SadC_ref|WP_036299413.1|:1-194	194	k121_405465_1	N/A	29.412	43	85	5.55e-04	41.2
SadC_ref|WP_036299413.1|:1-194	194	k121_1032960_4	N/A	24.510	53	102	5.70e-04	42.7
SadC_ref|WP_036299413.1|:1-194	194	k121_285870_2	N/A	32.895	39	76	6.06e-04	42.0
SadC_ref|WP_036299413.1|:1-194	194	k121_871846_1	N/A	47.059	26	51	6.41e-04	40.0
SadC_ref|WP_036299413.1|:1-194	194	k121_437245_2	N/A	27.679	58	112	6.96e-04	42.0
SadC_ref|WP_036299413.1|:1-194	194	k121_1268908_1	N/A	25.874	74	143	0.001	41.6
SadC_ref|WP_036299413.1|:1-194	194	k121_1005451_1	N/A	31.522	47	92	0.001	41.6
SadC_ref|WP_036299413.1|:1-194	194	k121_1014485_1	N/A	35.714	29	56	0.001	41.2
SadC_ref|WP_036299413.1|:1-194	194	k121_797267_1	N/A	33.333	38	75	0.002	40.0
SadC_ref|WP_036299413.1|:1-194	194	k121_822806_1	N/A	24.779	57	113	0.002	41.6
SadC_ref|WP_036299413.1|:1-194	194	k121_955345_1	N/A	27.451	52	102	0.002	40.8
SadC_ref|WP_036299413.1|:1-194	194	k121_137745_1	N/A	31.034	44	87	0.002	40.8
SadC_ref|WP_036299413.1|:1-194	194	k121_216019_1	N/A	26.772	65	127	0.002	40.4
SadC_ref|WP_036299413.1|:1-194	194	k121_1571905_2	N/A	27.132	66	129	0.002	40.8
SadC_ref|WP_036299413.1|:1-194	194	k121_1116194_1	N/A	31.579	39	76	0.003	40.0
SadC_ref|WP_036299413.1|:1-194	194	k121_668095_9	N/A	22.561	82	164	0.003	40.8
SadC_ref|WP_036299413.1|:1-194	194	k121_1202499_4	N/A	32.468	39	77	0.005	39.3
SadC_ref|WP_036299413.1|:1-194	194	k121_1089341_3	N/A	31.579	39	76	0.007	39.3
SadC_ref|WP_036299413.1|:1-194	194	k121_1508444_14	N/A	33.333	44	87	0.008	39.3
SadC_ref|WP_036299413.1|:1-194	194	k121_1506536_12	N/A	34.483	44	87	0.008	39.3
SadC_ref|WP_036299413.1|:1-194	194	k121_655327_1	N/A	23.148	56	108	0.009	38.5
SadC_ref|WP_036299413.1|:1-194	194	k121_1592535_1	N/A	37.705	31	61	0.010	37.0
SadC_ref|WP_036299413.1|:1-194	194	k121_47372_187	N/A	24.699	85	166	0.019	38.1
SadC_ref|WP_036299413.1|:1-194	194	k121_14491_2	N/A	31.579	39	76	0.029	37.0
SadC_ref|WP_036299413.1|:1-194	194	k121_416544_2	N/A	28.571	47	91	0.035	37.4
SadC_ref|WP_036299413.1|:1-194	194	k121_278045_2	N/A	32.812	33	64	0.037	35.8
SadC_ref|WP_036299413.1|:1-194	194	k121_675600_2	N/A	41.509	27	53	0.039	35.4
SadC_ref|WP_036299413.1|:1-194	194	k121_1269040_1	N/A	36.364	23	44	0.042	35.0
SadC_ref|WP_036299413.1|:1-194	194	k121_14497_2	N/A	31.579	39	76	0.048	37.0
SadC_ref|WP_036299413.1|:1-194	194	k121_849016_2	N/A	30.556	55	108	0.055	36.2
SadC_ref|WP_036299413.1|:1-194	194	k121_757248_1	N/A	27.848	41	79	0.086	35.8
SadC_ref|WP_036299413.1|:1-194	194	k121_830850_1	N/A	22.794	70	136	0.091	36.2
WP_000259031.1	279	k121_1024526_2	N/A	100.000	100	279	0.0	553
WP_000259031.1	279	k121_1040262_2	N/A	53.516	92	256	1.83e-74	231
WP_000259031.1	279	k121_1462523_1	N/A	36.441	85	236	7.00e-44	152
WP_000259031.1	279	k121_1141895_3	N/A	34.328	93	268	4.62e-39	140
WP_000259031.1	279	k121_286682_2	N/A	35.887	88	248	9.90e-37	134
WP_000259031.1	279	k121_717599_1	N/A	34.562	77	217	1.07e-33	126
WP_000259031.1	279	k121_562116_2	N/A	30.651	93	261	1.69e-32	124
WP_000259031.1	279	k121_843476_2	N/A	36.626	87	243	3.85e-32	122
WP_000259031.1	279	k121_72410_2	N/A	30.303	94	264	4.51e-32	122
WP_000259031.1	279	k121_1309688_1	N/A	36.328	88	256	1.81e-31	120
WP_000259031.1	279	k121_812430_1	N/A	30.315	91	254	4.22e-31	119
WP_000259031.1	279	k121_475073_2	N/A	34.470	91	264	8.19e-31	119
WP_000259031.1	279	k121_1041094_1	N/A	36.255	88	251	1.20e-30	119
WP_000259031.1	279	k121_1208962_3	N/A	29.457	91	258	1.81e-30	118
WP_000259031.1	279	k121_610802_4	N/A	29.545	93	264	5.67e-30	119
WP_000259031.1	279	k121_658159_5	N/A	32.103	91	271	8.78e-30	116
WP_000259031.1	279	k121_189801_98	N/A	30.515	94	272	1.26e-29	115
WP_000259031.1	279	k121_1123726_9	N/A	30.189	94	265	1.49e-29	115
WP_000259031.1	279	k121_1533173_2	N/A	36.957	63	184	1.52e-29	114
WP_000259031.1	279	k121_1374_1	N/A	31.855	88	248	3.23e-29	115
WP_000259031.1	279	k121_245845_31	N/A	31.200	88	250	3.58e-29	114
WP_000259031.1	279	k121_358076_12	N/A	31.502	96	273	4.06e-29	114
WP_000259031.1	279	k121_338416_3	N/A	31.599	95	269	4.37e-29	114
WP_000259031.1	279	k121_220465_7	N/A	33.468	88	248	1.38e-28	113
WP_000259031.1	279	k121_1458324_1	N/A	34.404	77	218	1.44e-28	111
WP_000259031.1	279	k121_407849_3	N/A	30.712	92	267	1.82e-28	115
WP_000259031.1	279	k121_687736_2	N/A	34.677	88	248	2.28e-28	112
WP_000259031.1	279	k121_969199_1	N/A	34.328	71	201	7.37e-28	109
WP_000259031.1	279	k121_1208212_2	N/A	29.478	95	268	9.43e-28	111
WP_000259031.1	279	k121_881582_13	N/A	30.350	88	257	1.01e-27	111
WP_000259031.1	279	k121_463858_1	N/A	36.697	78	218	1.64e-27	110
WP_000259031.1	279	k121_80411_1	N/A	33.333	75	219	2.06e-27	108
WP_000259031.1	279	k121_190678_6	N/A	33.065	88	248	3.09e-27	109
WP_000259031.1	279	k121_20749_2	N/A	29.020	90	255	3.93e-27	108
WP_000259031.1	279	k121_546394_1	N/A	30.943	88	265	7.76e-27	109
WP_000259031.1	279	k121_289291_1	N/A	30.588	88	255	1.20e-26	108
WP_000259031.1	279	k121_755156_2	N/A	31.890	88	254	1.57e-26	108
WP_000259031.1	279	k121_1558484_1	N/A	35.632	62	174	2.31e-26	105
WP_000259031.1	279	k121_745641_2	N/A	32.932	88	249	2.73e-26	107
WP_000259031.1	279	k121_1575553_2	N/A	31.818	88	264	5.91e-26	107
WP_000259031.1	279	k121_143414_1	N/A	35.135	77	222	7.59e-26	105
WP_000259031.1	279	k121_1252428_4	N/A	28.185	92	259	8.64e-26	105
WP_000259031.1	279	k121_72167_1	N/A	35.106	67	188	9.62e-26	103
WP_000259031.1	279	k121_1280402_2	N/A	29.961	91	257	1.41e-25	105
WP_000259031.1	279	k121_43011_1	N/A	35.028	63	177	2.04e-25	103
WP_000259031.1	279	k121_1524393_16	N/A	34.921	88	252	2.14e-25	105
WP_000259031.1	279	k121_482528_1	N/A	29.779	91	272	2.74e-25	105
WP_000259031.1	279	k121_1468656_125	N/A	34.091	77	220	3.95e-25	104
WP_000259031.1	279	k121_985114_2	N/A	30.153	92	262	4.10e-25	103
WP_000259031.1	279	k121_12042_7	N/A	36.404	81	228	7.36e-25	103
WP_000259031.1	279	k121_444397_2	N/A	34.000	88	250	3.45e-24	102
WP_000259031.1	279	k121_1517748_1	N/A	32.862	98	283	3.72e-24	102
WP_000259031.1	279	k121_1443560_3	N/A	33.208	88	265	4.27e-24	101
WP_000259031.1	279	k121_1174930_1	N/A	28.519	95	270	9.06e-24	100
WP_000259031.1	279	k121_992820_1	N/A	28.889	95	270	1.65e-23	99.8
WP_000259031.1	279	k121_606097_2	N/A	32.129	88	249	4.72e-23	98.6
WP_000259031.1	279	k121_1461636_1	N/A	32.536	75	209	7.28e-23	96.7
WP_000259031.1	279	k121_1221062_1	N/A	27.444	94	266	8.24e-23	97.8
WP_000259031.1	279	k121_1121531_1	N/A	30.075	95	266	1.72e-22	97.1
WP_000259031.1	279	k121_526088_162	N/A	31.599	94	269	2.84e-22	96.7
WP_000259031.1	279	k121_1263387_3	N/A	28.625	95	269	3.60e-22	96.3
WP_000259031.1	279	k121_545283_1	N/A	29.130	79	230	3.60e-22	95.1
WP_000259031.1	279	k121_1647994_1	N/A	30.672	83	238	4.12e-22	95.1
WP_000259031.1	279	k121_1289151_1	N/A	32.203	61	177	6.42e-22	93.2
WP_000259031.1	279	k121_457417_1	N/A	32.143	86	252	1.17e-21	94.7
WP_000259031.1	279	k121_770240_1	N/A	27.132	91	258	1.20e-21	95.5
WP_000259031.1	279	k121_1067410_1	N/A	32.864	73	213	1.40e-21	93.6
WP_000259031.1	279	k121_167578_1	N/A	30.270	63	185	1.81e-21	92.8
WP_000259031.1	279	k121_1143583_1	N/A	31.250	62	176	1.19e-20	89.7
WP_000259031.1	279	k121_1490522_1	N/A	32.584	63	178	1.47e-20	90.5
WP_000259031.1	279	k121_701270_1	N/A	29.412	72	204	1.84e-20	90.1
WP_000259031.1	279	k121_784244_10	N/A	30.588	88	255	2.19e-20	91.3
WP_000259031.1	279	k121_236823_1	N/A	37.398	44	123	2.43e-20	88.2
WP_000259031.1	279	k121_761120_1	N/A	29.615	91	260	4.75e-20	90.5
WP_000259031.1	279	k121_459553_1	N/A	33.333	63	177	1.23e-19	87.4
WP_000259031.1	279	k121_1375073_1	N/A	31.963	77	219	1.49e-19	88.2
WP_000259031.1	279	k121_988201_1	N/A	32.031	89	256	2.17e-19	89.0
WP_000259031.1	279	k121_1474669_3	N/A	32.127	76	221	2.59e-19	88.6
WP_000259031.1	279	k121_23001_1	N/A	29.612	72	206	2.69e-19	87.0
WP_000259031.1	279	k121_410340_2	N/A	34.247	76	219	3.12e-19	88.2
WP_000259031.1	279	k121_853819_2	N/A	31.390	77	223	3.19e-19	87.4
WP_000259031.1	279	k121_1605253_2	N/A	27.490	88	251	6.17e-19	87.4
WP_000259031.1	279	k121_1115614_1	N/A	28.241	76	216	1.08e-18	86.3
WP_000259031.1	279	k121_1468195_1	N/A	28.319	77	226	1.11e-18	85.9
WP_000259031.1	279	k121_298474_364	N/A	28.938	95	273	1.49e-18	86.3
WP_000259031.1	279	k121_1044251_1	N/A	38.095	44	126	1.97e-18	82.8
WP_000259031.1	279	k121_1120902_2	N/A	34.959	44	123	2.41e-18	82.8
WP_000259031.1	279	k121_345891_2	N/A	27.184	73	206	3.10e-18	84.0
WP_000259031.1	279	k121_238177_2	N/A	27.309	89	249	3.38e-18	85.5
WP_000259031.1	279	k121_1579615_1	N/A	29.213	63	178	3.71e-18	84.0
WP_000259031.1	279	k121_541378_16	N/A	32.000	88	250	9.00e-18	85.5
WP_000259031.1	279	k121_1651028_2	N/A	31.953	60	169	1.21e-17	82.0
WP_000259031.1	279	k121_829386_1	N/A	31.416	77	226	1.67e-17	82.8
WP_000259031.1	279	k121_97629_1	N/A	31.937	67	191	1.68e-17	82.4
WP_000259031.1	279	k121_941134_1	N/A	28.426	70	197	2.10e-17	81.3
WP_000259031.1	279	k121_547658_1	N/A	33.065	44	124	2.76e-17	80.5
WP_000259031.1	279	k121_1017624_1	N/A	34.783	57	161	5.09e-17	80.1
WP_000259031.1	279	k121_1106517_1	N/A	34.959	44	123	5.82e-17	79.7
WP_000259031.1	279	k121_625195_1	N/A	28.249	61	177	6.99e-17	79.7
WP_000259031.1	279	k121_755126_1	N/A	29.091	58	165	8.33e-17	79.7
WP_000259031.1	279	k121_1680197_1	N/A	29.412	61	170	9.22e-17	79.0
WP_000259031.1	279	k121_1405354_1	N/A	36.612	63	183	9.37e-17	79.7
WP_000259031.1	279	k121_182676_5	N/A	27.193	80	228	1.26e-16	81.3
WP_000259031.1	279	k121_44089_4	N/A	27.778	94	270	1.30e-16	80.9
WP_000259031.1	279	k121_706894_1	N/A	28.485	58	165	2.07e-16	78.6
WP_000259031.1	279	k121_826800_1	N/A	30.675	58	163	2.62e-16	78.2
WP_000259031.1	279	k121_13462_1	N/A	31.500	70	200	2.75e-16	79.0
WP_000259031.1	279	k121_1298327_1	N/A	29.193	57	161	4.30e-16	77.4
WP_000259031.1	279	k121_548642_4	N/A	29.643	98	280	8.61e-16	79.0
WP_000259031.1	279	k121_893627_1	N/A	27.230	75	213	9.48e-16	77.4
WP_000259031.1	279	k121_968156_3	N/A	28.571	91	259	1.31e-15	78.2
WP_000259031.1	279	k121_1537397_1	N/A	26.180	77	233	1.62e-15	77.0
WP_000259031.1	279	k121_1940_4	N/A	33.200	88	250	1.97e-15	79.0
WP_000259031.1	279	k121_1011243_1	N/A	31.496	44	127	2.91e-15	75.1
WP_000259031.1	279	k121_1254404_1	N/A	36.792	38	106	4.34e-15	73.9
WP_000259031.1	279	k121_849160_1	N/A	37.427	61	171	7.32e-15	74.3
WP_000259031.1	279	k121_475062_1	N/A	33.696	62	184	7.93e-15	74.3
WP_000259031.1	279	k121_1574943_1	N/A	28.415	63	183	9.15e-15	74.7
WP_000259031.1	279	k121_1501390_1	N/A	29.016	68	193	1.20e-14	73.9
WP_000259031.1	279	k121_13008_1	N/A	31.953	60	169	1.27e-14	73.9
WP_000259031.1	279	k121_683430_2	N/A	27.397	77	219	1.39e-14	74.3
WP_000259031.1	279	k121_13011_1	N/A	31.361	60	169	2.22e-14	73.6
WP_000259031.1	279	k121_665019_1	N/A	36.765	48	136	2.35e-14	72.4
WP_000259031.1	279	k121_1656585_2	N/A	40.566	38	106	3.63e-14	71.2
WP_000259031.1	279	k121_1078482_2	N/A	26.394	94	269	4.18e-14	73.9
WP_000259031.1	279	k121_1015758_1	N/A	26.941	77	219	4.42e-14	72.8
WP_000259031.1	279	k121_1052606_2	N/A	34.454	42	119	5.66e-14	70.9
WP_000259031.1	279	k121_537273_1	N/A	28.571	61	175	9.86e-14	71.6
WP_000259031.1	279	k121_52603_1	N/A	34.677	43	124	1.06e-13	69.7
WP_000259031.1	279	k121_1213656_1	N/A	26.199	95	271	1.35e-13	72.8
WP_000259031.1	279	k121_789079_1	N/A	31.844	62	179	1.79e-13	70.1
WP_000259031.1	279	k121_1198148_2	N/A	30.952	44	126	2.21e-13	69.7
WP_000259031.1	279	k121_904578_1	N/A	29.747	56	158	3.98e-13	69.3
WP_000259031.1	279	k121_1645221_2	N/A	30.159	44	126	1.01e-12	68.2
WP_000259031.1	279	k121_585863_1	N/A	34.375	57	160	1.01e-12	68.6
WP_000259031.1	279	k121_817832_1	N/A	30.159	44	126	1.18e-12	67.4
WP_000259031.1	279	k121_701367_2	N/A	35.652	41	115	1.55e-12	66.6
WP_000259031.1	279	k121_1385859_2	N/A	35.514	38	107	1.85e-12	66.6
WP_000259031.1	279	k121_1323514_1	N/A	33.000	69	200	2.03e-12	68.2
WP_000259031.1	279	k121_1083585_1	N/A	38.710	33	93	3.82e-12	65.1
WP_000259031.1	279	k121_1070777_2	N/A	29.730	64	185	4.24e-12	67.8
WP_000259031.1	279	k121_650080_1	N/A	35.156	46	128	6.17e-12	65.1
WP_000259031.1	279	k121_116176_1	N/A	41.667	30	84	6.19e-12	64.3
WP_000259031.1	279	k121_138356_1	N/A	35.714	45	126	6.36e-12	66.2
WP_000259031.1	279	k121_1576022_2	N/A	28.571	62	175	1.61e-11	64.7
WP_000259031.1	279	k121_16734_1	N/A	33.333	36	102	2.49e-11	63.2
WP_000259031.1	279	k121_1468369_3	N/A	34.615	37	104	5.87e-11	62.0
WP_000259031.1	279	k121_869450_1	N/A	31.373	54	153	1.07e-10	62.4
WP_000259031.1	279	k121_407118_1	N/A	23.494	58	166	1.17e-10	62.8
WP_000259031.1	279	k121_1052750_3	N/A	36.275	37	102	1.54e-10	60.8
WP_000259031.1	279	k121_687583_1	N/A	35.455	39	110	1.75e-10	60.5
WP_000259031.1	279	k121_1067534_2	N/A	35.461	50	141	2.20e-10	61.6
WP_000259031.1	279	k121_1171179_1	N/A	34.579	38	107	2.68e-10	60.5
WP_000259031.1	279	k121_1033703_1	N/A	26.383	78	235	2.87e-10	62.4
WP_000259031.1	279	k121_1381629_2	N/A	34.259	38	108	3.13e-10	60.1
WP_000259031.1	279	k121_642198_2	N/A	40.909	24	66	3.37e-10	58.5
WP_000259031.1	279	k121_890028_2	N/A	36.111	39	108	4.32e-10	60.5
WP_000259031.1	279	k121_500123_1	N/A	33.962	38	106	4.79e-10	59.7
WP_000259031.1	279	k121_241158_2	N/A	32.456	41	114	8.79e-10	58.9
WP_000259031.1	279	k121_118874_1	N/A	34.831	31	89	1.04e-09	58.2
WP_000259031.1	279	k121_713977_2	N/A	29.570	64	186	1.23e-09	60.1
WP_000259031.1	279	k121_707388_2	N/A	36.364	31	88	1.47e-09	58.2
WP_000259031.1	279	k121_1251310_1	N/A	27.600	85	250	1.60e-09	60.5
WP_000259031.1	279	k121_468598_1	N/A	26.613	44	124	2.63e-09	58.2
WP_000259031.1	279	k121_891256_2	N/A	29.612	69	206	2.73e-09	59.3
WP_000259031.1	279	k121_1407943_1	N/A	37.374	35	99	4.69e-09	56.2
WP_000259031.1	279	k121_1043814_2	N/A	43.820	32	89	5.37e-09	56.2
WP_000259031.1	279	k121_1152247_1	N/A	24.684	56	158	7.71e-09	57.0
WP_000259031.1	279	k121_590421_1	N/A	26.267	75	217	8.10e-09	58.2
WP_000259031.1	279	k121_28987_1	N/A	33.333	44	123	9.99e-09	56.6
WP_000259031.1	279	k121_303665_1	N/A	29.365	44	126	1.45e-08	55.8
WP_000259031.1	279	k121_791147_1	N/A	43.548	22	62	1.71e-08	53.5
WP_000259031.1	279	k121_130990_1	N/A	33.981	37	103	1.88e-08	57.0
WP_000259031.1	279	k121_643822_2	N/A	28.155	37	103	2.49e-08	55.5
WP_000259031.1	279	k121_150926_1	N/A	38.235	37	102	2.57e-08	54.3
WP_000259031.1	279	k121_497520_1	N/A	36.364	24	66	4.59e-08	53.1
WP_000259031.1	279	k121_1615633_2	N/A	25.946	65	185	5.40e-08	56.6
WP_000259031.1	279	k121_799324_1	N/A	32.184	31	87	5.61e-08	53.1
WP_000259031.1	279	k121_1339490_1	N/A	32.353	36	102	5.77e-08	53.5
WP_000259031.1	279	k121_1255406_1	N/A	26.347	59	167	6.83e-08	54.7
WP_000259031.1	279	k121_1616073_1	N/A	28.155	37	103	8.66e-08	53.5
WP_000259031.1	279	k121_84117_2	N/A	37.273	38	110	9.94e-08	53.5
WP_000259031.1	279	k121_349543_1	N/A	27.044	57	159	1.00e-07	53.9
WP_000259031.1	279	k121_1160131_1	N/A	26.220	58	164	1.12e-07	53.9
WP_000259031.1	279	k121_1663301_1	N/A	29.714	61	175	1.17e-07	54.3
WP_000259031.1	279	k121_885879_1	N/A	34.951	37	103	1.18e-07	52.8
WP_000259031.1	279	k121_26525_1	N/A	34.568	29	81	1.33e-07	52.0
WP_000259031.1	279	k121_240723_1	N/A	33.766	28	77	1.62e-07	51.6
WP_000259031.1	279	k121_1094067_1	N/A	27.083	52	144	1.88e-07	52.8
WP_000259031.1	279	k121_137793_1	N/A	34.783	25	69	3.48e-07	50.8
WP_000259031.1	279	k121_365747_1	N/A	30.894	44	123	3.56e-07	52.8
WP_000259031.1	279	k121_913154_2	N/A	33.824	46	136	3.77e-07	52.0
WP_000259031.1	279	k121_834810_7	N/A	28.689	43	122	6.86e-07	51.2
WP_000259031.1	279	k121_435574_2	N/A	29.231	47	130	8.53e-07	50.4
WP_000259031.1	279	k121_691365_1	N/A	33.333	30	84	1.20e-06	48.9
WP_000259031.1	279	k121_442024_1	N/A	26.718	47	131	2.20e-06	49.3
WP_000259031.1	279	k121_591847_1	N/A	28.906	44	128	2.84e-06	50.4
WP_000259031.1	279	k121_1675304_1	N/A	27.907	46	129	2.86e-06	49.3
WP_000259031.1	279	k121_436992_1	N/A	31.452	44	124	3.42e-06	48.9
WP_000259031.1	279	k121_1010920_1	N/A	27.434	41	113	6.78e-06	47.8
WP_000259031.1	279	k121_1546029_3	N/A	38.462	23	65	7.11e-06	47.0
WP_000259031.1	279	k121_1024618_1	N/A	35.238	37	105	1.75e-05	47.8
WP_000259031.1	279	k121_967355_2	N/A	30.252	43	119	1.98e-05	47.0
WP_000259031.1	279	k121_812886_2	N/A	29.730	27	74	3.17e-05	45.8
WP_000259031.1	279	k121_1296807_2	N/A	32.967	33	91	3.29e-05	45.1
WP_000259031.1	279	k121_529294_1	N/A	43.103	21	58	1.15e-04	43.5
WP_000259031.1	279	k121_76630_1	N/A	36.207	21	58	2.21e-04	44.7
WP_000259031.1	279	k121_314575_1	N/A	33.846	23	65	2.66e-04	42.0
WP_000259031.1	279	k121_792345_2	N/A	37.805	29	82	2.72e-04	42.7
WP_000259031.1	279	k121_489961_1	N/A	34.906	35	106	3.18e-04	42.7
WP_000259031.1	279	k121_612306_1	N/A	36.250	29	80	6.56e-04	41.6
WP_000259031.1	279	k121_1533088_2	N/A	42.105	20	57	7.00e-04	41.6
WP_000259031.1	279	k121_458496_2	N/A	42.188	23	64	7.34e-04	42.0
WP_000259031.1	279	k121_687611_3	N/A	29.371	47	143	0.001	42.0
WP_000259031.1	279	k121_9904_1	N/A	37.879	24	66	0.003	38.9
WP_000259031.1	279	k121_152745_2	N/A	34.286	35	105	0.004	39.7
WP_000259031.1	279	k121_1037654_2	N/A	35.294	24	68	0.014	37.0
WP_000259031.1	279	k121_936419_2	N/A	29.412	36	102	0.040	37.0
WP_000259031.1	279	k121_1360951_2	N/A	29.661	41	118	0.073	36.6
WP_001043260.1	271	k121_1040262_2	N/A	100.000	100	271	0.0	528
WP_001043260.1	271	k121_1024526_2	N/A	53.516	94	256	1.93e-83	254
WP_001043260.1	271	k121_1141895_3	N/A	36.981	95	265	6.77e-49	165
WP_001043260.1	271	k121_245845_31	N/A	35.185	97	270	1.14e-47	162
WP_001043260.1	271	k121_1462523_1	N/A	37.398	91	246	1.27e-44	154
WP_001043260.1	271	k121_338416_3	N/A	38.314	95	261	2.56e-44	154
WP_001043260.1	271	k121_189801_98	N/A	35.094	96	265	3.20e-44	153
WP_001043260.1	271	k121_1575553_2	N/A	34.892	97	278	2.89e-41	147
WP_001043260.1	271	k121_546394_1	N/A	34.173	97	278	2.91e-41	147
WP_001043260.1	271	k121_286682_2	N/A	36.179	90	246	3.49e-41	145
WP_001043260.1	271	k121_463858_1	N/A	40.625	94	256	7.90e-41	145
WP_001043260.1	271	k121_220465_7	N/A	35.686	94	255	2.74e-40	144
WP_001043260.1	271	k121_358076_12	N/A	33.333	96	261	1.28e-39	142
WP_001043260.1	271	k121_717599_1	N/A	35.321	80	218	2.55e-38	137
WP_001043260.1	271	k121_687736_2	N/A	36.047	95	258	3.78e-38	138
WP_001043260.1	271	k121_843476_2	N/A	37.500	96	264	3.85e-38	137
WP_001043260.1	271	k121_1309688_1	N/A	37.143	90	245	3.90e-38	137
WP_001043260.1	271	k121_606097_2	N/A	36.502	95	263	6.13e-38	137
WP_001043260.1	271	k121_1443560_3	N/A	34.875	98	281	1.85e-37	137
WP_001043260.1	271	k121_475073_2	N/A	35.055	95	271	1.86e-37	136
WP_001043260.1	271	k121_482528_1	N/A	32.491	96	277	7.12e-37	135
WP_001043260.1	271	k121_969199_1	N/A	37.824	71	193	1.10e-36	132
WP_001043260.1	271	k121_1533173_2	N/A	37.569	64	181	2.79e-36	131
WP_001043260.1	271	k121_1558484_1	N/A	39.535	63	172	6.13e-36	129
WP_001043260.1	271	k121_190678_6	N/A	34.091	96	264	1.54e-35	131
WP_001043260.1	271	k121_1067410_1	N/A	38.191	71	199	1.96e-35	129
WP_001043260.1	271	k121_1121531_1	N/A	34.944	95	269	2.91e-35	130
WP_001043260.1	271	k121_72410_2	N/A	31.321	96	265	3.06e-35	130
WP_001043260.1	271	k121_745641_2	N/A	33.460	97	263	8.33e-35	129
WP_001043260.1	271	k121_289291_1	N/A	33.077	96	260	1.66e-34	128
WP_001043260.1	271	k121_562116_2	N/A	29.615	96	260	2.16e-34	128
WP_001043260.1	271	k121_410340_2	N/A	37.132	97	272	4.05e-34	127
WP_001043260.1	271	k121_526088_162	N/A	32.707	96	266	4.71e-34	127
WP_001043260.1	271	k121_1524393_16	N/A	37.132	97	272	4.81e-34	127
WP_001043260.1	271	k121_1041094_1	N/A	34.510	93	255	6.14e-34	127
WP_001043260.1	271	k121_43011_1	N/A	37.811	71	201	1.50e-33	124
WP_001043260.1	271	k121_545283_1	N/A	34.722	79	216	2.45e-33	124
WP_001043260.1	271	k121_755156_2	N/A	34.545	96	275	3.00e-33	125
WP_001043260.1	271	k121_1490522_1	N/A	38.342	71	193	5.38e-33	123
WP_001043260.1	271	k121_72167_1	N/A	35.897	72	195	2.27e-32	121
WP_001043260.1	271	k121_444397_2	N/A	37.970	97	266	3.60e-32	124
WP_001043260.1	271	k121_1252428_4	N/A	32.400	91	250	3.64e-32	122
WP_001043260.1	271	k121_143414_1	N/A	36.207	85	232	4.20e-32	121
WP_001043260.1	271	k121_12042_7	N/A	38.697	95	261	5.75e-32	122
WP_001043260.1	271	k121_1461636_1	N/A	35.885	76	209	8.54e-32	120
WP_001043260.1	271	k121_812430_1	N/A	30.859	93	256	1.09e-31	120
WP_001043260.1	271	k121_459553_1	N/A	39.175	69	194	4.63e-31	117
WP_001043260.1	271	k121_1374_1	N/A	32.927	90	246	5.80e-31	119
WP_001043260.1	271	k121_407849_3	N/A	33.585	95	265	1.83e-30	120
WP_001043260.1	271	k121_1375073_1	N/A	33.333	86	234	2.18e-30	116
WP_001043260.1	271	k121_1458324_1	N/A	32.394	77	213	3.83e-30	115
WP_001043260.1	271	k121_20749_2	N/A	30.000	94	260	5.53e-30	116
WP_001043260.1	271	k121_1208962_3	N/A	30.400	91	250	1.37e-29	115
WP_001043260.1	271	k121_784244_10	N/A	31.008	95	258	1.65e-29	115
WP_001043260.1	271	k121_1221062_1	N/A	32.129	91	249	2.09e-29	115
WP_001043260.1	271	k121_167578_1	N/A	32.787	64	183	2.23e-29	113
WP_001043260.1	271	k121_80411_1	N/A	33.488	77	215	2.46e-29	113
WP_001043260.1	271	k121_1574943_1	N/A	32.821	69	195	2.55e-29	113
WP_001043260.1	271	k121_1174930_1	N/A	29.389	96	262	2.78e-29	115
WP_001043260.1	271	k121_1123726_9	N/A	28.517	96	263	2.96e-29	115
WP_001043260.1	271	k121_761120_1	N/A	32.824	93	262	3.39e-29	114
WP_001043260.1	271	k121_610802_4	N/A	29.368	96	269	3.99e-29	116
WP_001043260.1	271	k121_992820_1	N/A	29.278	96	263	4.06e-29	114
WP_001043260.1	271	k121_1468656_125	N/A	32.963	96	270	4.27e-29	114
WP_001043260.1	271	k121_1208212_2	N/A	29.658	96	263	4.60e-29	114
WP_001043260.1	271	k121_23001_1	N/A	32.990	71	194	8.97e-29	111
WP_001043260.1	271	k121_1289151_1	N/A	36.932	62	176	1.16e-28	110
WP_001043260.1	271	k121_1474669_3	N/A	35.573	91	253	1.41e-28	113
WP_001043260.1	271	k121_547658_1	N/A	42.742	45	124	2.16e-28	109
WP_001043260.1	271	k121_1647994_1	N/A	34.802	82	227	1.20e-27	109
WP_001043260.1	271	k121_1280402_2	N/A	30.800	91	250	1.25e-27	110
WP_001043260.1	271	k121_1405354_1	N/A	37.879	71	198	1.40e-27	108
WP_001043260.1	271	k121_1263387_3	N/A	28.517	96	263	1.97e-27	110
WP_001043260.1	271	k121_1537397_1	N/A	31.441	79	229	4.15e-27	107
WP_001043260.1	271	k121_625195_1	N/A	34.286	62	175	2.94e-26	104
WP_001043260.1	271	k121_1605253_2	N/A	30.859	92	256	5.42e-26	106
WP_001043260.1	271	k121_985114_2	N/A	31.061	95	264	2.66e-25	103
WP_001043260.1	271	k121_1501390_1	N/A	35.079	69	191	3.60e-25	101
WP_001043260.1	271	k121_853819_2	N/A	34.703	80	219	3.91e-25	103
WP_001043260.1	271	k121_1579615_1	N/A	34.659	64	176	4.33e-25	102
WP_001043260.1	271	k121_701270_1	N/A	32.020	73	203	4.65e-25	102
WP_001043260.1	271	k121_770240_1	N/A	27.165	90	254	8.00e-25	103
WP_001043260.1	271	k121_658159_5	N/A	29.104	95	268	1.05e-24	102
WP_001043260.1	271	k121_1143583_1	N/A	33.714	63	175	1.41e-24	100
WP_001043260.1	271	k121_881582_13	N/A	28.571	97	266	2.64e-24	102
WP_001043260.1	271	k121_968156_3	N/A	29.600	91	250	2.87e-24	101
WP_001043260.1	271	k121_541378_16	N/A	35.628	90	247	4.98e-24	102
WP_001043260.1	271	k121_1468195_1	N/A	29.832	87	238	1.29e-23	99.0
WP_001043260.1	271	k121_904578_1	N/A	33.333	57	156	1.59e-23	97.1
WP_001043260.1	271	k121_1517748_1	N/A	29.779	97	272	3.59e-23	99.8
WP_001043260.1	271	k121_1651028_2	N/A	32.353	61	170	4.85e-23	96.3
WP_001043260.1	271	k121_1940_4	N/A	32.389	90	247	5.54e-23	99.8
WP_001043260.1	271	k121_241158_2	N/A	40.870	42	115	5.63e-23	94.4
WP_001043260.1	271	k121_1052750_3	N/A	46.602	38	103	8.38e-23	93.6
WP_001043260.1	271	k121_457417_1	N/A	32.301	77	226	1.21e-22	97.1
WP_001043260.1	271	k121_236823_1	N/A	37.398	45	123	1.90e-22	93.6
WP_001043260.1	271	k121_1254404_1	N/A	40.336	44	119	3.37e-22	92.8
WP_001043260.1	271	k121_1616073_1	N/A	42.718	38	103	4.41e-22	92.0
WP_001043260.1	271	k121_1152247_1	N/A	32.903	57	155	8.90e-22	92.0
WP_001043260.1	271	k121_238177_2	N/A	30.075	96	266	1.19e-21	94.7
WP_001043260.1	271	k121_1044251_1	N/A	38.095	45	126	3.51e-21	90.1
WP_001043260.1	271	k121_1106517_1	N/A	36.585	45	123	4.43e-21	90.5
WP_001043260.1	271	k121_1120902_2	N/A	34.959	45	123	8.44e-21	89.4
WP_001043260.1	271	k121_1298327_1	N/A	33.121	56	157	1.35e-20	89.4
WP_001043260.1	271	k121_1115614_1	N/A	26.860	83	242	3.32e-20	90.1
WP_001043260.1	271	k121_1033703_1	N/A	30.435	79	230	3.59e-20	89.7
WP_001043260.1	271	k121_691365_1	N/A	51.807	30	83	6.33e-20	84.7
WP_001043260.1	271	k121_1024618_1	N/A	46.667	38	105	1.23e-19	87.0
WP_001043260.1	271	k121_1052606_2	N/A	40.196	37	102	1.25e-19	85.9
WP_001043260.1	271	k121_826800_1	N/A	34.545	58	165	1.26e-19	86.7
WP_001043260.1	271	k121_849160_1	N/A	38.095	67	189	1.56e-19	87.0
WP_001043260.1	271	k121_755126_1	N/A	30.909	59	165	2.00e-19	86.7
WP_001043260.1	271	k121_1680197_1	N/A	30.178	62	169	3.21e-19	85.5
WP_001043260.1	271	k121_941134_1	N/A	30.612	71	196	3.30e-19	86.3
WP_001043260.1	271	k121_1017624_1	N/A	35.625	59	160	3.61e-19	85.9
WP_001043260.1	271	k121_26525_1	N/A	49.383	30	81	4.62e-19	83.2
WP_001043260.1	271	k121_643822_2	N/A	34.074	49	135	6.57e-19	84.3
WP_001043260.1	271	k121_468598_1	N/A	34.677	45	124	1.50e-18	83.2
WP_001043260.1	271	k121_182676_5	N/A	31.752	97	274	1.69e-18	86.3
WP_001043260.1	271	k121_1323514_1	N/A	33.663	72	202	2.63e-18	84.0
WP_001043260.1	271	k121_706894_1	N/A	29.697	59	165	5.54e-18	82.4
WP_001043260.1	271	k121_345891_2	N/A	27.619	76	210	8.14e-18	82.8
WP_001043260.1	271	k121_1381629_2	N/A	42.308	38	104	1.03e-17	80.5
WP_001043260.1	271	k121_13462_1	N/A	34.320	61	169	1.19e-17	82.4
WP_001043260.1	271	k121_701367_2	N/A	38.017	45	121	2.76e-17	79.3
WP_001043260.1	271	k121_52603_1	N/A	36.290	45	124	3.42e-17	79.0
WP_001043260.1	271	k121_1213656_1	N/A	25.856	96	263	3.68e-17	82.4
WP_001043260.1	271	k121_817832_1	N/A	33.858	45	127	3.91e-17	79.3
WP_001043260.1	271	k121_298474_364	N/A	28.832	97	274	5.21e-17	82.0
WP_001043260.1	271	k121_116176_1	N/A	44.944	33	89	8.14e-17	77.4
WP_001043260.1	271	k121_1645221_2	N/A	34.921	45	126	8.61e-17	79.0
WP_001043260.1	271	k121_548642_4	N/A	30.189	96	265	1.23e-16	81.3
WP_001043260.1	271	k121_240723_1	N/A	43.836	27	73	1.41e-16	76.3
WP_001043260.1	271	k121_988201_1	N/A	30.182	97	275	1.46e-16	80.9
WP_001043260.1	271	k121_1083585_1	N/A	40.860	34	93	1.74e-16	77.0
WP_001043260.1	271	k121_1011243_1	N/A	28.049	59	164	1.86e-16	78.2
WP_001043260.1	271	k121_829386_1	N/A	30.870	81	230	1.89e-16	79.7
WP_001043260.1	271	k121_1468369_3	N/A	40.000	38	105	6.44e-16	75.5
WP_001043260.1	271	k121_16734_1	N/A	39.216	37	102	6.91e-16	75.5
WP_001043260.1	271	k121_97629_1	N/A	35.000	58	160	8.06e-16	77.8
WP_001043260.1	271	k121_885879_1	N/A	41.748	38	103	9.70e-16	74.7
WP_001043260.1	271	k121_1171179_1	N/A	40.566	39	106	9.72e-16	75.1
WP_001043260.1	271	k121_44089_4	N/A	28.968	89	252	1.32e-15	77.8
WP_001043260.1	271	k121_799324_1	N/A	42.169	31	83	1.58e-15	73.9
WP_001043260.1	271	k121_665019_1	N/A	33.333	56	153	2.22e-15	74.7
WP_001043260.1	271	k121_1546029_3	N/A	48.485	24	66	4.40e-15	72.0
WP_001043260.1	271	k121_893627_1	N/A	25.854	75	205	7.48e-15	74.7
WP_001043260.1	271	k121_28987_1	N/A	37.097	45	124	8.49e-15	73.2
WP_001043260.1	271	k121_1385859_2	N/A	33.871	45	124	2.27e-14	71.6
WP_001043260.1	271	k121_1015758_1	N/A	25.822	77	213	2.40e-14	73.6
WP_001043260.1	271	k121_497520_1	N/A	43.939	24	66	3.13e-14	69.7
WP_001043260.1	271	k121_314575_1	N/A	48.571	25	70	8.86e-14	68.2
WP_001043260.1	271	k121_150926_1	N/A	38.462	38	104	9.30e-14	69.3
WP_001043260.1	271	k121_13011_1	N/A	31.515	61	165	1.04e-13	71.6
WP_001043260.1	271	k121_407118_1	N/A	25.146	62	171	1.13e-13	70.9
WP_001043260.1	271	k121_707388_2	N/A	41.176	31	85	2.17e-13	68.6
WP_001043260.1	271	k121_683430_2	N/A	25.822	77	213	2.90e-13	70.5
WP_001043260.1	271	k121_1656585_2	N/A	36.508	46	126	3.70e-13	68.6
WP_001043260.1	271	k121_1615633_2	N/A	27.869	66	183	6.24e-13	70.9
WP_001043260.1	271	k121_1070777_2	N/A	31.285	66	179	6.63e-13	69.7
WP_001043260.1	271	k121_13008_1	N/A	31.515	61	165	7.40e-13	68.9
WP_001043260.1	271	k121_118874_1	N/A	38.824	30	85	1.39e-12	65.9
WP_001043260.1	271	k121_791147_1	N/A	50.000	23	62	1.54e-12	64.7
WP_001043260.1	271	k121_76630_1	N/A	51.667	22	60	2.05e-12	67.0
WP_001043260.1	271	k121_642198_2	N/A	49.231	24	65	2.07e-12	64.3
WP_001043260.1	271	k121_137793_1	N/A	42.029	25	69	2.20e-12	65.1
WP_001043260.1	271	k121_537273_1	N/A	26.667	59	165	2.85e-12	67.4
WP_001043260.1	271	k121_789079_1	N/A	32.370	63	173	2.86e-12	66.6
WP_001043260.1	271	k121_1078482_2	N/A	28.340	89	247	8.37e-12	67.4
WP_001043260.1	271	k121_650080_1	N/A	33.333	51	138	1.01e-11	64.3
WP_001043260.1	271	k121_792345_2	N/A	44.578	31	83	1.31e-11	63.2
WP_001043260.1	271	k121_1198148_2	N/A	30.159	45	126	2.67e-11	63.9
WP_001043260.1	271	k121_475062_1	N/A	34.043	52	141	3.01e-11	64.3
WP_001043260.1	271	k121_1067534_2	N/A	32.215	55	149	3.20e-11	63.9
WP_001043260.1	271	k121_713977_2	N/A	25.806	68	186	6.76e-11	63.5
WP_001043260.1	271	k121_365747_1	N/A	37.500	51	144	6.98e-11	63.2
WP_001043260.1	271	k121_1576022_2	N/A	28.571	63	182	9.42e-11	62.4
WP_001043260.1	271	k121_612306_1	N/A	43.210	30	81	1.17e-10	60.5
WP_001043260.1	271	k121_303665_1	N/A	29.921	46	127	2.49e-10	60.8
WP_001043260.1	271	k121_890028_2	N/A	35.246	45	122	6.63e-10	59.7
WP_001043260.1	271	k121_851400_2	N/A	50.943	20	53	9.28e-10	57.4
WP_001043260.1	271	k121_967355_2	N/A	24.648	52	142	9.57e-10	58.9
WP_001043260.1	271	k121_130990_1	N/A	37.000	37	100	1.01e-09	60.5
WP_001043260.1	271	k121_591847_1	N/A	33.594	46	128	1.27e-09	59.7
WP_001043260.1	271	k121_590421_1	N/A	27.064	78	218	1.30e-09	60.5
WP_001043260.1	271	k121_84117_2	N/A	33.929	39	112	1.45e-09	58.5
WP_001043260.1	271	k121_1675304_1	N/A	27.857	52	140	9.25e-09	56.2
WP_001043260.1	271	k121_1255406_1	N/A	24.713	63	174	9.40e-09	57.0
WP_001043260.1	271	k121_529294_1	N/A	50.000	20	54	1.52e-08	54.3
WP_001043260.1	271	k121_109309_2	N/A	47.170	20	53	2.55e-08	53.1
WP_001043260.1	271	k121_349543_1	N/A	26.752	58	157	2.99e-08	55.5
WP_001043260.1	271	k121_442024_1	N/A	27.500	44	120	6.20e-08	53.5
WP_001043260.1	271	k121_1339490_1	N/A	31.068	38	103	1.04e-07	52.8
WP_001043260.1	271	k121_1407943_1	N/A	37.113	36	97	1.19e-07	52.0
WP_001043260.1	271	k121_9904_1	N/A	44.118	25	68	1.35e-07	51.2
WP_001043260.1	271	k121_1251310_1	N/A	29.362	83	235	1.38e-07	54.7
WP_001043260.1	271	k121_138356_1	N/A	33.696	63	184	1.75e-07	53.9
WP_001043260.1	271	k121_585863_1	N/A	32.704	56	159	2.23e-07	53.5
WP_001043260.1	271	k121_834810_7	N/A	29.268	45	123	2.37e-07	52.8
WP_001043260.1	271	k121_1663301_1	N/A	34.104	60	173	2.80e-07	53.1
WP_001043260.1	271	k121_891256_2	N/A	28.571	69	196	3.53e-07	53.1
WP_001043260.1	271	k121_687583_1	N/A	35.833	42	120	3.62e-07	51.2
WP_001043260.1	271	k121_1160131_1	N/A	25.806	57	155	1.12e-06	50.8
WP_001043260.1	271	k121_397471_1	N/A	24.176	67	182	1.15e-06	51.2
WP_001043260.1	271	k121_1094067_1	N/A	23.649	55	148	1.24e-06	50.4
WP_001043260.1	271	k121_936419_2	N/A	34.579	39	107	2.16e-06	48.9
WP_001043260.1	271	k121_489961_1	N/A	35.922	35	103	3.62e-06	48.1
WP_001043260.1	271	k121_458496_2	N/A	38.596	40	114	5.75e-06	48.1
WP_001043260.1	271	k121_1043814_2	N/A	34.444	33	90	7.76e-06	47.4
WP_001043260.1	271	k121_812886_2	N/A	26.957	42	115	8.02e-06	47.4
WP_001043260.1	271	k121_869450_1	N/A	25.000	60	164	8.86e-06	48.5
WP_001043260.1	271	k121_152745_2	N/A	35.294	35	102	1.10e-05	46.6
WP_001043260.1	271	k121_435574_2	N/A	25.203	45	123	1.95e-05	46.6
WP_001043260.1	271	k121_436992_1	N/A	27.027	41	111	7.12e-05	45.1
WP_001043260.1	271	k121_687611_3	N/A	30.282	50	142	1.24e-04	44.7
WP_001043260.1	271	k121_676259_1	N/A	38.667	28	75	1.27e-04	43.1
WP_001043260.1	271	k121_1130153_1	N/A	27.083	35	96	2.00e-04	43.1
WP_001043260.1	271	k121_913154_2	N/A	32.812	45	128	5.58e-04	43.1
WP_001043260.1	271	k121_1296807_2	N/A	29.348	34	92	0.001	40.8
WP_001043260.1	271	k121_550773_2	N/A	25.197	47	127	0.001	41.6
WP_001043260.1	271	k121_1037654_2	N/A	40.323	23	62	0.003	38.9
WP_001043260.1	271	k121_1010920_1	N/A	25.641	43	117	0.004	40.0
WP_001043260.1	271	k121_1566465_5	N/A	32.911	29	79	0.008	41.2
WP_001043260.1	271	k121_138100_2	N/A	39.535	32	86	0.009	38.9
WP_001043260.1	271	k121_1360951_2	N/A	24.194	46	124	0.013	38.5
WP_001043260.1	271	k121_500123_1	N/A	27.523	40	109	0.022	38.1
WP_001043260.1	271	k121_643929_2	N/A	32.110	37	109	0.025	37.4
WP_001043260.1	271	k121_115465_1	N/A	31.148	23	61	0.030	36.2
WP_001043260.1	271	k121_1177135_3	N/A	39.726	25	73	0.089	35.4
WP_000034420.1	263	k121_1040262_2	N/A	52.124	98	259	2.22e-80	246
WP_000034420.1	263	k121_1024526_2	N/A	43.182	100	264	5.37e-78	240
WP_000034420.1	263	k121_1462523_1	N/A	38.306	94	248	9.26e-57	185
WP_000034420.1	263	k121_338416_3	N/A	37.643	99	263	2.76e-54	179
WP_000034420.1	263	k121_286682_2	N/A	39.113	94	248	1.21e-53	177
WP_000034420.1	263	k121_1141895_3	N/A	36.981	98	265	6.47e-53	175
WP_000034420.1	263	k121_1575553_2	N/A	36.232	99	276	5.47e-50	169
WP_000034420.1	263	k121_358076_12	N/A	35.741	99	263	1.65e-49	167
WP_000034420.1	263	k121_546394_1	N/A	34.783	99	276	2.74e-48	165
WP_000034420.1	263	k121_475073_2	N/A	33.333	99	270	1.38e-47	162
WP_000034420.1	263	k121_190678_6	N/A	34.483	99	261	3.53e-47	161
WP_000034420.1	263	k121_72410_2	N/A	32.692	98	260	9.23e-47	160
WP_000034420.1	263	k121_562116_2	N/A	33.716	98	261	1.16e-46	160
WP_000034420.1	263	k121_189801_98	N/A	34.831	98	267	3.50e-46	158
WP_000034420.1	263	k121_745641_2	N/A	34.733	98	262	1.11e-44	154
WP_000034420.1	263	k121_812430_1	N/A	33.597	95	253	1.31e-44	154
WP_000034420.1	263	k121_843476_2	N/A	37.452	97	259	1.37e-44	154
WP_000034420.1	263	k121_687736_2	N/A	36.641	99	262	1.71e-44	154
WP_000034420.1	263	k121_1121531_1	N/A	35.000	97	260	6.33e-44	153
WP_000034420.1	263	k121_407849_3	N/A	34.848	98	264	1.48e-43	154
WP_000034420.1	263	k121_969199_1	N/A	39.899	75	198	2.64e-43	149
WP_000034420.1	263	k121_220465_7	N/A	33.333	98	258	1.07e-42	149
WP_000034420.1	263	k121_1374_1	N/A	34.221	99	263	1.20e-42	149
WP_000034420.1	263	k121_1443560_3	N/A	34.058	99	276	3.18e-42	149
WP_000034420.1	263	k121_289291_1	N/A	32.443	98	262	1.20e-41	147
WP_000034420.1	263	k121_717599_1	N/A	36.279	82	215	4.50e-41	144
WP_000034420.1	263	k121_784244_10	N/A	33.333	98	264	5.20e-41	145
WP_000034420.1	263	k121_245845_31	N/A	34.962	99	266	7.27e-41	145
WP_000034420.1	263	k121_606097_2	N/A	33.840	99	263	3.26e-40	143
WP_000034420.1	263	k121_755156_2	N/A	34.182	98	275	5.19e-40	143
WP_000034420.1	263	k121_1309688_1	N/A	34.524	95	252	8.02e-40	141
WP_000034420.1	263	k121_12042_7	N/A	35.985	99	264	2.32e-39	141
WP_000034420.1	263	k121_526088_162	N/A	34.444	99	270	7.97e-39	139
WP_000034420.1	263	k121_459553_1	N/A	43.820	67	178	8.46e-39	137
WP_000034420.1	263	k121_463858_1	N/A	35.521	98	259	1.48e-38	139
WP_000034420.1	263	k121_482528_1	N/A	30.576	99	278	5.14e-38	137
WP_000034420.1	263	k121_658159_5	N/A	32.463	98	268	1.59e-37	136
WP_000034420.1	263	k121_881582_13	N/A	35.206	99	267	2.24e-37	135
WP_000034420.1	263	k121_143414_1	N/A	34.177	89	237	3.57e-37	134
WP_000034420.1	263	k121_610802_4	N/A	31.835	99	267	3.88e-37	137
WP_000034420.1	263	k121_80411_1	N/A	35.047	79	214	1.87e-36	131
WP_000034420.1	263	k121_444397_2	N/A	33.969	99	262	3.35e-36	134
WP_000034420.1	263	k121_1605253_2	N/A	33.071	95	254	3.63e-36	132
WP_000034420.1	263	k121_1558484_1	N/A	38.150	65	173	4.75e-36	129
WP_000034420.1	263	k121_1067410_1	N/A	37.313	74	201	7.84e-36	130
WP_000034420.1	263	k121_1524393_16	N/A	33.460	98	263	8.92e-36	132
WP_000034420.1	263	k121_1468656_125	N/A	31.852	98	270	9.67e-36	132
WP_000034420.1	263	k121_1375073_1	N/A	34.498	86	229	1.17e-35	130
WP_000034420.1	263	k121_1490522_1	N/A	34.804	74	204	4.57e-34	125
WP_000034420.1	263	k121_1533173_2	N/A	37.017	66	181	1.02e-33	124
WP_000034420.1	263	k121_238177_2	N/A	33.074	97	257	1.25e-33	125
WP_000034420.1	263	k121_410340_2	N/A	33.708	99	267	1.13e-32	123
WP_000034420.1	263	k121_43011_1	N/A	34.694	73	196	1.37e-32	121
WP_000034420.1	263	k121_1221062_1	N/A	34.363	97	259	1.92e-32	122
WP_000034420.1	263	k121_1174930_1	N/A	33.591	97	259	2.57e-32	122
WP_000034420.1	263	k121_1461636_1	N/A	33.937	83	221	2.77e-32	120
WP_000034420.1	263	k121_1041094_1	N/A	33.074	96	257	3.13e-32	123
WP_000034420.1	263	k121_1647994_1	N/A	32.444	84	225	3.50e-32	121
WP_000034420.1	263	k121_853819_2	N/A	32.432	83	222	3.76e-32	121
WP_000034420.1	263	k121_545283_1	N/A	32.287	84	223	4.79e-32	120
WP_000034420.1	263	k121_72167_1	N/A	34.314	77	204	9.29e-32	119
WP_000034420.1	263	k121_1468195_1	N/A	31.513	89	238	1.38e-31	119
WP_000034420.1	263	k121_1123726_9	N/A	31.660	97	259	2.68e-31	120
WP_000034420.1	263	k121_1280402_2	N/A	30.418	99	263	2.70e-31	120
WP_000034420.1	263	k121_1474669_3	N/A	35.156	94	256	5.99e-31	119
WP_000034420.1	263	k121_761120_1	N/A	30.385	96	260	8.16e-31	118
WP_000034420.1	263	k121_167578_1	N/A	32.973	67	185	9.50e-31	117
WP_000034420.1	263	k121_23001_1	N/A	34.444	67	180	1.26e-30	116
WP_000034420.1	263	k121_1263387_3	N/A	33.205	97	259	1.57e-30	118
WP_000034420.1	263	k121_1208212_2	N/A	33.202	94	253	2.68e-30	117
WP_000034420.1	263	k121_992820_1	N/A	32.046	97	259	2.68e-30	117
WP_000034420.1	263	k121_1517748_1	N/A	29.924	99	264	3.96e-30	118
WP_000034420.1	263	k121_1574943_1	N/A	34.066	67	182	4.42e-30	114
WP_000034420.1	263	k121_1940_4	N/A	28.464	99	267	2.73e-29	116
WP_000034420.1	263	k121_1537397_1	N/A	30.435	82	230	3.21e-29	113
WP_000034420.1	263	k121_1208962_3	N/A	31.474	94	251	1.15e-28	112
WP_000034420.1	263	k121_541378_16	N/A	29.434	99	265	3.00e-28	114
WP_000034420.1	263	k121_1651028_2	N/A	32.934	63	167	5.73e-28	108
WP_000034420.1	263	k121_1405354_1	N/A	37.640	66	178	1.47e-27	108
WP_000034420.1	263	k121_1252428_4	N/A	33.068	94	251	1.55e-27	110
WP_000034420.1	263	k121_20749_2	N/A	30.651	98	261	5.21e-27	108
WP_000034420.1	263	k121_1616073_1	N/A	44.340	40	106	8.50e-27	104
WP_000034420.1	263	k121_770240_1	N/A	28.897	98	263	1.24e-26	108
WP_000034420.1	263	k121_625195_1	N/A	32.584	64	178	1.83e-26	104
WP_000034420.1	263	k121_547658_1	N/A	34.641	58	153	3.64e-26	103
WP_000034420.1	263	k121_988201_1	N/A	30.534	97	262	8.68e-26	105
WP_000034420.1	263	k121_904578_1	N/A	34.177	60	158	8.90e-26	102
WP_000034420.1	263	k121_548642_4	N/A	31.250	97	256	1.02e-25	105
WP_000034420.1	263	k121_1078482_2	N/A	30.612	92	245	1.03e-25	105
WP_000034420.1	263	k121_1213656_1	N/A	32.692	97	260	1.09e-25	105
WP_000034420.1	263	k121_985114_2	N/A	31.349	94	252	2.32e-25	103
WP_000034420.1	263	k121_1052750_3	N/A	43.137	39	102	2.50e-25	100
WP_000034420.1	263	k121_236823_1	N/A	38.211	47	123	3.65e-25	100
WP_000034420.1	263	k121_1289151_1	N/A	34.091	65	176	8.85e-25	100
WP_000034420.1	263	k121_457417_1	N/A	29.365	90	252	1.62e-24	102
WP_000034420.1	263	k121_28987_1	N/A	41.463	46	123	3.04e-24	97.8
WP_000034420.1	263	k121_1458324_1	N/A	31.797	81	217	3.86e-24	99.8
WP_000034420.1	263	k121_1120902_2	N/A	36.290	47	124	3.86e-24	97.8
WP_000034420.1	263	k121_1152247_1	N/A	33.333	59	156	4.39e-24	97.8
WP_000034420.1	263	k121_1106517_1	N/A	39.024	47	123	7.92e-24	97.4
WP_000034420.1	263	k121_885879_1	N/A	44.118	39	102	1.08e-23	95.9
WP_000034420.1	263	k121_968156_3	N/A	29.389	97	262	1.73e-23	99.4
WP_000034420.1	263	k121_849160_1	N/A	31.383	70	188	2.82e-23	96.7
WP_000034420.1	263	k121_643822_2	N/A	38.400	47	125	4.28e-23	95.1
WP_000034420.1	263	k121_829386_1	N/A	32.035	84	231	8.32e-23	96.7
WP_000034420.1	263	k121_468598_1	N/A	36.800	47	125	8.41e-23	94.0
WP_000034420.1	263	k121_1680197_1	N/A	32.749	64	171	9.79e-23	94.7
WP_000034420.1	263	k121_298474_364	N/A	28.676	98	272	1.60e-22	96.7
WP_000034420.1	263	k121_1033703_1	N/A	29.515	81	227	1.99e-22	95.5
WP_000034420.1	263	k121_182676_5	N/A	31.579	98	266	6.49e-22	95.5
WP_000034420.1	263	k121_1501390_1	N/A	30.688	71	189	6.72e-22	93.2
WP_000034420.1	263	k121_799324_1	N/A	46.512	33	86	1.59e-21	89.4
WP_000034420.1	263	k121_1254404_1	N/A	40.187	41	107	1.76e-21	90.5
WP_000034420.1	263	k121_1579615_1	N/A	34.831	67	178	1.92e-21	92.4
WP_000034420.1	263	k121_826800_1	N/A	36.364	58	154	3.16e-21	90.9
WP_000034420.1	263	k121_97629_1	N/A	31.551	70	187	3.26e-21	92.0
WP_000034420.1	263	k121_1017624_1	N/A	33.871	70	186	4.09e-21	90.9
WP_000034420.1	263	k121_475062_1	N/A	32.461	68	191	8.97e-21	90.1
WP_000034420.1	263	k121_701367_2	N/A	37.500	48	128	9.14e-21	88.2
WP_000034420.1	263	k121_665019_1	N/A	32.026	58	153	2.90e-20	87.8
WP_000034420.1	263	k121_691365_1	N/A	48.193	32	83	5.68e-20	84.7
WP_000034420.1	263	k121_1024618_1	N/A	42.593	40	108	8.73e-20	87.0
WP_000034420.1	263	k121_1044251_1	N/A	38.583	47	127	1.06e-19	85.9
WP_000034420.1	263	k121_701270_1	N/A	32.584	67	178	1.12e-19	87.8
WP_000034420.1	263	k121_13462_1	N/A	28.934	74	197	4.74e-19	86.3
WP_000034420.1	263	k121_241158_2	N/A	41.176	39	102	5.57e-19	83.6
WP_000034420.1	263	k121_1083585_1	N/A	48.235	32	85	6.21e-19	83.2
WP_000034420.1	263	k121_150926_1	N/A	37.255	39	102	1.30e-18	82.0
WP_000034420.1	263	k121_1052606_2	N/A	40.777	38	103	1.57e-18	82.8
WP_000034420.1	263	k121_1645221_2	N/A	38.583	47	127	1.76e-18	83.2
WP_000034420.1	263	k121_1656585_2	N/A	40.833	46	120	2.95e-18	82.0
WP_000034420.1	263	k121_1067534_2	N/A	30.723	62	166	5.10e-18	82.4
WP_000034420.1	263	k121_1143583_1	N/A	32.000	65	175	6.19e-18	82.4
WP_000034420.1	263	k121_590421_1	N/A	29.577	79	213	7.07e-18	83.2
WP_000034420.1	263	k121_537273_1	N/A	30.682	65	176	9.37e-18	82.0
WP_000034420.1	263	k121_116176_1	N/A	44.828	33	87	1.33e-17	79.3
WP_000034420.1	263	k121_893627_1	N/A	28.037	80	214	1.41e-17	82.0
WP_000034420.1	263	k121_706894_1	N/A	31.325	62	166	1.54e-17	81.3
WP_000034420.1	263	k121_13011_1	N/A	34.466	77	206	1.79e-17	81.6
WP_000034420.1	263	k121_1115614_1	N/A	28.182	81	220	2.22e-17	82.4
WP_000034420.1	263	k121_26525_1	N/A	40.244	31	82	3.28e-17	77.8
WP_000034420.1	263	k121_1381629_2	N/A	39.252	41	107	3.29e-17	79.0
WP_000034420.1	263	k121_1385859_2	N/A	40.164	46	122	4.00e-17	79.0
WP_000034420.1	263	k121_345891_2	N/A	31.443	73	194	4.07e-17	80.9
WP_000034420.1	263	k121_1615633_2	N/A	28.421	70	190	7.55e-17	82.0
WP_000034420.1	263	k121_1298327_1	N/A	32.278	59	158	1.15e-16	79.0
WP_000034420.1	263	k121_365747_1	N/A	35.172	54	145	1.30e-16	78.6
WP_000034420.1	263	k121_755126_1	N/A	30.723	62	166	1.47e-16	78.6
WP_000034420.1	263	k121_16734_1	N/A	41.346	39	104	1.88e-16	77.0
WP_000034420.1	263	k121_890028_2	N/A	36.667	46	120	2.04e-16	77.4
WP_000034420.1	263	k121_1171179_1	N/A	40.741	41	108	3.16e-16	76.3
WP_000034420.1	263	k121_13008_1	N/A	34.375	72	192	4.91e-16	77.4
WP_000034420.1	263	k121_1323514_1	N/A	30.435	75	207	2.98e-15	75.5
WP_000034420.1	263	k121_585863_1	N/A	28.889	67	180	3.03e-15	75.1
WP_000034420.1	263	k121_683430_2	N/A	31.068	77	206	3.71e-15	75.5
WP_000034420.1	263	k121_1015758_1	N/A	31.068	77	206	4.03e-15	75.5
WP_000034420.1	263	k121_707388_2	N/A	40.909	33	88	4.12e-15	72.8
WP_000034420.1	263	k121_1339490_1	N/A	34.615	39	104	4.44e-15	72.8
WP_000034420.1	263	k121_941134_1	N/A	30.952	63	168	5.53e-15	74.7
WP_000034420.1	263	k121_612306_1	N/A	48.750	30	80	8.62e-15	71.2
WP_000034420.1	263	k121_650080_1	N/A	36.283	43	113	1.07e-14	72.4
WP_000034420.1	263	k121_817832_1	N/A	35.433	47	127	1.08e-14	72.8
WP_000034420.1	263	k121_1043814_2	N/A	38.384	38	99	1.33e-14	71.2
WP_000034420.1	263	k121_84117_2	N/A	35.772	45	123	1.66e-14	71.6
WP_000034420.1	263	k121_1546029_3	N/A	47.692	25	65	2.61e-14	69.7
WP_000034420.1	263	k121_891256_2	N/A	30.102	71	196	2.80e-14	72.8
WP_000034420.1	263	k121_1468369_3	N/A	39.048	39	105	3.03e-14	70.9
WP_000034420.1	263	k121_713977_2	N/A	29.412	70	187	5.66e-14	71.6
WP_000034420.1	263	k121_1576022_2	N/A	27.746	66	173	7.68e-14	70.9
WP_000034420.1	263	k121_130990_1	N/A	32.407	41	108	9.63e-14	71.2
WP_000034420.1	263	k121_1070777_2	N/A	29.255	69	188	1.06e-13	71.6
WP_000034420.1	263	k121_789079_1	N/A	28.409	65	176	1.71e-13	70.1
WP_000034420.1	263	k121_303665_1	N/A	33.333	47	126	1.76e-13	69.3
WP_000034420.1	263	k121_1198148_2	N/A	30.952	47	126	1.83e-13	69.7
WP_000034420.1	263	k121_314575_1	N/A	49.231	25	65	2.56e-13	66.6
WP_000034420.1	263	k121_1011243_1	N/A	27.329	59	161	2.61e-13	69.3
WP_000034420.1	263	k121_240723_1	N/A	40.278	27	72	2.99e-13	67.4
WP_000034420.1	263	k121_497520_1	N/A	41.176	26	68	4.83e-13	66.2
WP_000034420.1	263	k121_52603_1	N/A	33.871	46	124	1.13e-12	66.6
WP_000034420.1	263	k121_687583_1	N/A	34.211	43	114	1.15e-12	66.2
WP_000034420.1	263	k121_642198_2	N/A	44.776	25	67	4.83e-12	63.5
WP_000034420.1	263	k121_869450_1	N/A	28.916	62	166	5.67e-12	65.9
WP_000034420.1	263	k121_1663301_1	N/A	30.409	62	171	9.74e-12	65.9
WP_000034420.1	263	k121_913154_2	N/A	33.077	47	130	1.33e-11	64.3
WP_000034420.1	263	k121_442024_1	N/A	32.800	48	125	2.57e-11	62.8
WP_000034420.1	263	k121_118874_1	N/A	38.636	33	88	4.03e-11	62.0
WP_000034420.1	263	k121_44089_4	N/A	24.528	98	265	4.29e-11	65.1
WP_000034420.1	263	k121_791147_1	N/A	46.032	24	63	6.61e-11	60.1
WP_000034420.1	263	k121_115465_1	N/A	45.763	22	59	8.21e-11	60.1
WP_000034420.1	263	k121_851400_2	N/A	49.123	22	57	1.02e-10	60.1
WP_000034420.1	263	k121_137793_1	N/A	43.902	30	82	1.52e-10	60.1
WP_000034420.1	263	k121_1407943_1	N/A	36.170	36	94	1.84e-10	59.7
WP_000034420.1	263	k121_1251310_1	N/A	30.638	85	235	2.73e-10	62.4
WP_000034420.1	263	k121_1296807_2	N/A	36.264	35	91	3.23e-10	58.9
WP_000034420.1	263	k121_1675304_1	N/A	32.787	46	122	4.21e-10	60.1
WP_000034420.1	263	k121_435574_2	N/A	31.200	48	125	4.65e-10	59.3
WP_000034420.1	263	k121_676259_1	N/A	39.726	28	73	7.77e-10	57.4
WP_000034420.1	263	k121_109309_2	N/A	48.214	21	56	1.01e-09	57.0
WP_000034420.1	263	k121_643929_2	N/A	33.636	38	110	1.16e-09	58.2
WP_000034420.1	263	k121_834810_7	N/A	31.818	41	110	2.12e-09	58.2
WP_000034420.1	263	k121_407118_1	N/A	31.532	41	111	3.00e-09	58.5
WP_000034420.1	263	k121_1255406_1	N/A	26.857	65	175	3.69e-09	58.2
WP_000034420.1	263	k121_792345_2	N/A	42.683	31	82	3.81e-09	56.2
WP_000034420.1	263	k121_1130153_1	N/A	36.170	36	94	4.96e-09	56.2
WP_000034420.1	263	k121_349543_1	N/A	28.859	57	149	5.40e-09	57.4
WP_000034420.1	263	k121_591847_1	N/A	37.008	47	127	5.50e-09	57.8
WP_000034420.1	263	k121_307492_2	N/A	43.636	21	55	6.35e-09	55.1
WP_000034420.1	263	k121_397471_1	N/A	28.249	67	177	6.66e-09	57.4
WP_000034420.1	263	k121_1373998_2	N/A	43.636	21	55	6.67e-09	55.1
WP_000034420.1	263	k121_529294_1	N/A	43.333	23	60	7.25e-09	55.1
WP_000034420.1	263	k121_76630_1	N/A	47.273	21	55	1.17e-08	56.6
WP_000034420.1	263	k121_500123_1	N/A	29.752	46	121	1.54e-08	55.5
WP_000034420.1	263	k121_489961_1	N/A	31.373	36	102	1.60e-08	54.7
WP_000034420.1	263	k121_967355_2	N/A	29.323	50	133	1.87e-08	55.5
WP_000034420.1	263	k121_9904_1	N/A	43.077	25	65	4.15e-08	52.8
WP_000034420.1	263	k121_1094067_1	N/A	26.027	55	146	8.34e-08	53.5
WP_000034420.1	263	k121_138100_2	N/A	34.000	38	100	1.24e-07	52.8
WP_000034420.1	263	k121_1160131_1	N/A	30.702	43	114	1.96e-07	53.1
WP_000034420.1	263	k121_1360951_2	N/A	31.452	47	124	2.71e-07	52.0
WP_000034420.1	263	k121_152745_2	N/A	30.693	36	101	3.48e-07	50.8
WP_000034420.1	263	k121_436992_1	N/A	28.099	46	121	5.46e-07	50.8
WP_000034420.1	263	k121_1010920_1	N/A	31.858	42	113	7.31e-07	50.4
WP_000034420.1	263	k121_687611_3	N/A	31.818	39	110	1.16e-06	50.4
WP_000034420.1	263	k121_1533088_2	N/A	38.542	37	96	3.46e-06	48.1
WP_000034420.1	263	k121_812886_2	N/A	27.826	43	115	3.94e-06	48.1
WP_000034420.1	263	k121_138356_1	N/A	25.137	63	183	7.06e-06	48.9
WP_000034420.1	263	k121_936419_2	N/A	30.769	39	104	7.23e-06	47.4
WP_000034420.1	263	k121_458496_2	N/A	32.743	41	113	8.67e-06	47.4
WP_000034420.1	263	k121_1037654_2	N/A	41.818	21	55	2.36e-05	44.7
WP_000034420.1	263	k121_1022209_1	N/A	41.071	21	56	3.01e-05	45.1
WP_000034420.1	263	k121_550773_2	N/A	29.412	45	119	3.59e-05	46.2
WP_000034420.1	263	k121_1013906_1	N/A	40.678	22	59	2.22e-04	45.1
WP_000034420.1	263	k121_158067_2	N/A	37.313	22	67	3.35e-04	41.6
WP_000034420.1	263	k121_1566465_5	N/A	34.247	28	73	0.009	40.8
WP_000034420.1	263	k121_396139_1	N/A	32.258	24	62	0.016	37.4
WP_000034420.1	263	k121_1134068_1	N/A	40.351	22	57	0.016	39.7
WP_000034420.1	263	k121_1451228_3	N/A	37.500	24	64	0.053	37.7
WP_000845048.1	337	k121_1051073_1	N/A	100.000	76	257	0.0	523
WP_000845048.1	337	k121_1605392_2	N/A	94.466	75	253	3.79e-177	494
WP_000845048.1	337	k121_1278697_1	N/A	63.526	98	329	3.39e-150	429
WP_000845048.1	337	k121_719308_2	N/A	62.385	96	327	1.65e-143	411
WP_000845048.1	337	k121_563658_1	N/A	61.491	96	322	9.39e-138	397
WP_000845048.1	337	k121_1660545_1	N/A	60.000	89	305	2.54e-125	364
WP_000845048.1	337	k121_921570_3	N/A	58.438	94	320	3.25e-122	357
WP_000845048.1	337	k121_678727_1	N/A	67.347	73	245	1.30e-117	343
WP_000845048.1	337	k121_293634_2	N/A	57.643	93	314	1.33e-117	345
WP_000845048.1	337	k121_503332_1	N/A	57.627	88	295	6.38e-114	335
WP_000845048.1	337	k121_1649106_2	N/A	54.711	98	329	1.56e-113	337
WP_000845048.1	337	k121_880292_2	N/A	52.681	93	317	6.59e-106	315
WP_000845048.1	337	k121_1568678_1	N/A	53.698	91	311	9.64e-103	308
WP_000845048.1	337	k121_435572_1	N/A	59.127	75	252	5.11e-98	293
WP_000845048.1	337	k121_1080606_2	N/A	49.045	93	314	1.03e-96	301
WP_000845048.1	337	k121_1509212_1	N/A	100.000	36	120	2.81e-81	245
WP_000845048.1	337	k121_916503_2	N/A	98.333	36	120	3.81e-80	243
WP_000845048.1	337	k121_1414212_2	N/A	55.274	70	237	3.30e-78	242
WP_000845048.1	337	k121_649369_1	N/A	61.979	57	192	6.54e-76	234
WP_000845048.1	337	k121_495342_1	N/A	50.459	65	218	1.52e-73	229
WP_000845048.1	337	k121_102930_2	N/A	49.796	73	245	2.28e-73	230
WP_000845048.1	337	k121_283222_1	N/A	65.054	55	186	1.87e-72	226
WP_000845048.1	337	k121_560572_1	N/A	59.195	50	174	2.48e-66	211
WP_000845048.1	337	k121_530773_1	N/A	62.424	49	165	1.16e-62	199
WP_000845048.1	337	k121_76307_1	N/A	50.980	61	204	1.76e-54	180
WP_000845048.1	337	k121_1286042_1	N/A	53.403	57	191	1.01e-52	176
WP_000845048.1	337	k121_202667_1	N/A	60.465	38	129	1.25e-48	162
WP_000845048.1	337	k121_767405_1	N/A	53.205	46	156	1.49e-48	164
WP_000845048.1	337	k121_127848_1	N/A	55.072	39	138	1.75e-48	162
WP_000845048.1	337	k121_671285_1	N/A	58.667	45	150	2.65e-45	154
WP_000845048.1	337	k121_749853_1	N/A	69.608	30	102	1.03e-42	146
WP_000845048.1	337	k121_660261_1	N/A	51.333	45	150	6.36e-41	143
WP_000845048.1	337	k121_158218_2	N/A	52.349	44	149	8.86e-41	143
WP_000845048.1	337	k121_640264_1	N/A	32.154	91	311	2.08e-40	150
WP_000845048.1	337	k121_94776_3	N/A	56.800	37	125	2.30e-40	141
WP_000845048.1	337	k121_1474826_3	N/A	61.017	33	118	2.55e-40	140
WP_000845048.1	337	k121_518820_1	N/A	30.000	99	340	3.40e-40	152
WP_000845048.1	337	k121_168856_2	N/A	34.295	92	312	3.73e-40	152
WP_000845048.1	337	k121_46921_1	N/A	34.538	74	249	9.86e-40	142
WP_000845048.1	337	k121_132356_2	N/A	29.721	96	323	6.17e-39	144
WP_000845048.1	337	k121_133201_2	N/A	29.299	91	314	2.22e-38	140
WP_000845048.1	337	k121_1401504_1	N/A	41.830	45	153	3.58e-38	136
WP_000845048.1	337	k121_1219416_1	N/A	36.946	60	203	4.04e-38	137
WP_000845048.1	337	k121_1664544_2	N/A	63.889	32	108	1.05e-37	133
WP_000845048.1	337	k121_1227723_1	N/A	50.746	40	134	2.35e-37	133
WP_000845048.1	337	k121_850065_1	N/A	57.377	36	122	2.37e-37	133
WP_000845048.1	337	k121_1663319_2	N/A	56.557	35	122	6.80e-37	132
WP_000845048.1	337	k121_469811_2	N/A	29.846	96	325	3.38e-36	137
WP_000845048.1	337	k121_353481_1	N/A	28.395	96	324	4.56e-36	136
WP_000845048.1	337	k121_571128_1	N/A	29.429	98	333	5.51e-36	136
WP_000845048.1	337	k121_1197464_1	N/A	62.136	29	103	5.68e-36	129
WP_000845048.1	337	k121_1535617_1	N/A	34.385	93	317	8.32e-36	134
WP_000845048.1	337	k121_1688640_4	N/A	33.022	95	321	2.70e-35	133
WP_000845048.1	337	k121_1344242_2	N/A	28.701	98	331	3.09e-35	134
WP_000845048.1	337	k121_407429_2	N/A	28.571	93	322	2.75e-34	132
WP_000845048.1	337	k121_487151_1	N/A	32.738	98	336	4.02e-34	130
WP_000845048.1	337	k121_172935_1	N/A	28.114	83	281	1.52e-33	127
WP_000845048.1	337	k121_1026190_7	N/A	28.527	93	319	3.52e-33	127
WP_000845048.1	337	k121_984750_1	N/A	29.755	94	326	5.16e-33	127
WP_000845048.1	337	k121_934850_1	N/A	28.431	90	306	7.37e-33	126
WP_000845048.1	337	k121_168471_2	N/A	28.615	96	325	9.12e-33	127
WP_000845048.1	337	k121_920136_1	N/A	36.634	88	303	2.06e-32	125
WP_000845048.1	337	k121_464668_3	N/A	31.142	84	289	2.11e-32	124
WP_000845048.1	337	k121_1616913_1	N/A	32.523	97	329	3.50e-32	125
WP_000845048.1	337	k121_815699_2	N/A	31.642	99	335	3.76e-32	124
WP_000845048.1	337	k121_1173601_2	N/A	29.836	89	305	3.93e-32	124
WP_000845048.1	337	k121_699507_1	N/A	27.160	96	324	5.78e-32	125
WP_000845048.1	337	k121_113354_3	N/A	32.416	96	327	8.88e-32	124
WP_000845048.1	337	k121_1496652_1	N/A	33.651	90	315	3.15e-31	122
WP_000845048.1	337	k121_768841_2	N/A	65.517	25	87	7.23e-31	115
WP_000845048.1	337	k121_1604600_1	N/A	26.829	96	328	9.98e-31	122
WP_000845048.1	337	k121_1128025_1	N/A	30.418	77	263	2.21e-30	118
WP_000845048.1	337	k121_1389573_2	N/A	26.852	96	324	5.42e-30	120
WP_000845048.1	337	k121_1112490_1	N/A	29.242	79	277	1.25e-29	117
WP_000845048.1	337	k121_505062_2	N/A	63.265	27	98	1.50e-29	112
WP_000845048.1	337	k121_673308_1	N/A	38.009	65	221	2.21e-29	114
WP_000845048.1	337	k121_1217803_1	N/A	28.526	91	312	3.02e-29	118
WP_000845048.1	337	k121_887265_1	N/A	75.714	21	70	1.09e-28	108
WP_000845048.1	337	k121_1445889_2	N/A	29.503	94	322	1.14e-28	115
WP_000845048.1	337	k121_1251704_3	N/A	29.316	89	307	1.24e-28	115
WP_000845048.1	337	k121_649262_8	N/A	31.683	85	303	1.98e-28	115
WP_000845048.1	337	k121_1223637_1	N/A	30.357	82	280	2.20e-28	114
WP_000845048.1	337	k121_87287_1	N/A	32.667	88	300	2.54e-28	114
WP_000845048.1	337	k121_818429_2	N/A	29.710	82	276	2.75e-28	113
WP_000845048.1	337	k121_1099735_3	N/A	31.023	85	303	3.76e-28	114
WP_000845048.1	337	k121_399600_1	N/A	26.814	94	317	1.21e-27	112
WP_000845048.1	337	k121_1357628_1	N/A	26.899	93	316	1.30e-27	112
WP_000845048.1	337	k121_1519270_3	N/A	29.603	81	277	5.97e-27	110
WP_000845048.1	337	k121_1589956_18	N/A	29.831	83	295	1.30e-26	110
WP_000845048.1	337	k121_733424_3	N/A	68.421	22	76	3.18e-26	103
WP_000845048.1	337	k121_810708_1	N/A	34.483	69	232	5.80e-26	106
WP_000845048.1	337	k121_1357969_1	N/A	30.370	75	270	6.74e-26	106
WP_000845048.1	337	k121_162331_3	N/A	31.579	76	266	7.44e-26	107
WP_000845048.1	337	k121_1383147_1	N/A	29.779	80	272	8.70e-26	108
WP_000845048.1	337	k121_1239230_1	N/A	33.218	85	289	9.07e-26	107
WP_000845048.1	337	k121_409130_1	N/A	28.086	94	324	1.15e-25	107
WP_000845048.1	337	k121_753258_1	N/A	33.051	70	236	2.01e-25	104
WP_000845048.1	337	k121_597471_1	N/A	31.613	91	310	2.98e-25	105
WP_000845048.1	337	k121_1486982_1	N/A	67.164	20	67	5.75e-25	99.4
WP_000845048.1	337	k121_1676516_2	N/A	29.839	71	248	7.20e-25	103
WP_000845048.1	337	k121_1680365_144	N/A	30.855	77	269	7.62e-25	104
WP_000845048.1	337	k121_627797_2	N/A	28.667	85	300	1.25e-24	104
WP_000845048.1	337	k121_1536284_2	N/A	27.469	94	324	1.30e-24	104
WP_000845048.1	337	k121_679288_3	N/A	32.012	95	328	1.37e-24	104
WP_000845048.1	337	k121_1001711_3	N/A	27.152	86	302	1.79e-24	104
WP_000845048.1	337	k121_1279317_2	N/A	67.568	22	74	1.83e-24	98.2
WP_000845048.1	337	k121_1417153_1	N/A	30.872	83	298	2.19e-24	104
WP_000845048.1	337	k121_88_4	N/A	29.747	91	316	2.44e-24	104
WP_000845048.1	337	k121_252107_2	N/A	32.343	85	303	3.59e-24	103
WP_000845048.1	337	k121_127646_2	N/A	37.500	57	192	6.30e-24	99.4
WP_000845048.1	337	k121_1602182_3	N/A	29.032	87	310	6.48e-24	102
WP_000845048.1	337	k121_1604435_1	N/A	39.200	37	125	7.00e-24	98.2
WP_000845048.1	337	k121_1536802_3	N/A	30.961	79	281	9.25e-24	102
WP_000845048.1	337	k121_1115715_17	N/A	29.667	85	300	1.22e-23	102
WP_000845048.1	337	k121_71124_2	N/A	30.466	79	279	1.25e-23	102
WP_000845048.1	337	k121_1571966_1	N/A	32.212	61	208	2.06e-23	98.2
WP_000845048.1	337	k121_451970_1	N/A	35.556	53	180	2.94e-23	97.8
WP_000845048.1	337	k121_1297470_2	N/A	30.165	69	242	4.43e-23	100
WP_000845048.1	337	k121_1212912_1	N/A	33.023	62	215	5.25e-23	97.4
WP_000845048.1	337	k121_148686_2	N/A	56.250	24	80	6.23e-23	94.4
WP_000845048.1	337	k121_1352183_2	N/A	33.670	88	297	8.13e-23	99.0
WP_000845048.1	337	k121_1052791_2	N/A	34.091	63	220	9.27e-23	99.8
WP_000845048.1	337	k121_435593_1	N/A	33.191	66	235	1.16e-22	97.4
WP_000845048.1	337	k121_169526_1	N/A	29.577	81	284	1.63e-22	98.6
WP_000845048.1	337	k121_1175059_2	N/A	36.408	58	206	1.89e-22	96.7
WP_000845048.1	337	k121_1443517_1	N/A	37.363	54	182	2.60e-22	95.1
WP_000845048.1	337	k121_4921_2	N/A	31.674	64	221	3.03e-22	96.7
WP_000845048.1	337	k121_1396170_1	N/A	30.088	66	226	3.37e-22	95.9
WP_000845048.1	337	k121_749441_2	N/A	35.754	53	179	3.40e-22	95.5
WP_000845048.1	337	k121_1364103_2	N/A	29.508	85	305	3.59e-22	97.8
WP_000845048.1	337	k121_1557647_18	N/A	33.935	75	277	3.72e-22	98.6
WP_000845048.1	337	k121_516798_1	N/A	36.548	58	197	4.34e-22	95.1
WP_000845048.1	337	k121_1277561_4	N/A	30.288	61	208	4.92e-22	94.7
WP_000845048.1	337	k121_1482934_1	N/A	37.766	56	188	5.18e-22	94.7
WP_000845048.1	337	k121_139713_4	N/A	30.859	75	256	6.71e-22	95.9
WP_000845048.1	337	k121_1583258_1	N/A	27.778	88	324	1.97e-21	95.9
WP_000845048.1	337	k121_1093884_1	N/A	31.923	73	260	2.49e-21	94.4
WP_000845048.1	337	k121_1078317_1	N/A	30.332	61	211	2.59e-21	93.2
WP_000845048.1	337	k121_66628_2	N/A	30.201	83	298	2.78e-21	95.9
WP_000845048.1	337	k121_1072597_7	N/A	32.174	66	230	3.54e-21	95.5
WP_000845048.1	337	k121_972565_4	N/A	34.404	63	218	3.67e-21	95.5
WP_000845048.1	337	k121_1283196_11	N/A	33.333	63	222	4.12e-21	95.1
WP_000845048.1	337	k121_1133258_1	N/A	30.882	60	204	4.21e-21	92.4
WP_000845048.1	337	k121_1147222_2	N/A	31.970	77	269	4.22e-21	95.1
WP_000845048.1	337	k121_52758_4	N/A	32.258	78	279	4.26e-21	95.5
WP_000845048.1	337	k121_1140886_2	N/A	33.962	61	212	5.25e-21	92.4
WP_000845048.1	337	k121_1598115_4	N/A	29.677	90	310	5.66e-21	94.7
WP_000845048.1	337	k121_941873_1	N/A	32.353	61	204	5.74e-21	92.0
WP_000845048.1	337	k121_173294_1	N/A	35.165	54	182	5.82e-21	91.7
WP_000845048.1	337	k121_546301_2	N/A	27.090	85	299	8.05e-21	94.7
WP_000845048.1	337	k121_305396_1	N/A	27.473	80	273	1.00e-20	92.8
WP_000845048.1	337	k121_805001_2	N/A	34.595	55	185	1.04e-20	94.0
WP_000845048.1	337	k121_40550_1	N/A	30.000	77	270	1.13e-20	92.8
WP_000845048.1	337	k121_489298_2	N/A	33.955	75	268	1.28e-20	93.6
WP_000845048.1	337	k121_551160_1	N/A	33.478	66	230	1.28e-20	92.8
WP_000845048.1	337	k121_516090_2	N/A	26.518	88	313	1.43e-20	94.0
WP_000845048.1	337	k121_1063516_2	N/A	28.435	88	313	1.69e-20	93.2
WP_000845048.1	337	k121_1437559_1	N/A	30.732	59	205	2.04e-20	90.5
WP_000845048.1	337	k121_556933_1	N/A	34.783	55	184	2.17e-20	92.0
WP_000845048.1	337	k121_633128_1	N/A	33.484	62	221	2.36e-20	91.7
WP_000845048.1	337	k121_320259_1	N/A	33.491	61	212	3.77e-20	91.7
WP_000845048.1	337	k121_1444250_1	N/A	33.333	76	270	4.61e-20	92.0
WP_000845048.1	337	k121_1473785_1	N/A	33.482	66	224	4.98e-20	89.4
WP_000845048.1	337	k121_817582_2	N/A	26.471	78	272	6.21e-20	91.7
WP_000845048.1	337	k121_1193855_1	N/A	29.123	80	285	7.39e-20	92.0
WP_000845048.1	337	k121_79192_2	N/A	34.239	55	184	8.16e-20	89.0
WP_000845048.1	337	k121_477367_1	N/A	63.235	20	68	8.28e-20	85.9
WP_000845048.1	337	k121_300549_2	N/A	32.727	48	165	8.34e-20	89.4
WP_000845048.1	337	k121_1675854_2	N/A	33.178	61	214	8.78e-20	91.3
WP_000845048.1	337	k121_693272_1	N/A	33.182	64	220	8.96e-20	91.3
WP_000845048.1	337	k121_1311137_3	N/A	37.363	54	182	1.07e-19	91.3
WP_000845048.1	337	k121_1053333_1	N/A	32.407	62	216	1.14e-19	90.1
WP_000845048.1	337	k121_1419363_1	N/A	31.849	83	292	1.14e-19	90.5
WP_000845048.1	337	k121_386711_2	N/A	37.500	55	184	1.23e-19	91.3
WP_000845048.1	337	k121_1655432_4	N/A	26.471	92	340	1.32e-19	91.7
WP_000845048.1	337	k121_150827_1	N/A	56.000	22	75	1.33e-19	85.5
WP_000845048.1	337	k121_1068975_1	N/A	33.516	54	182	1.44e-19	89.4
WP_000845048.1	337	k121_344657_4	N/A	25.418	85	299	1.58e-19	90.5
WP_000845048.1	337	k121_970465_2	N/A	30.712	77	267	2.15e-19	90.5
WP_000845048.1	337	k121_1360286_1	N/A	29.944	52	177	2.49e-19	87.8
WP_000845048.1	337	k121_784244_2	N/A	31.739	66	230	2.71e-19	90.1
WP_000845048.1	337	k121_741355_8	N/A	28.625	77	269	2.96e-19	89.7
WP_000845048.1	337	k121_319658_2	N/A	25.735	78	272	3.36e-19	89.7
WP_000845048.1	337	k121_696106_2	N/A	31.739	66	230	3.43e-19	89.7
WP_000845048.1	337	k121_1402847_1	N/A	55.128	23	78	4.04e-19	84.0
WP_000845048.1	337	k121_1685083_1	N/A	30.622	61	209	4.08e-19	87.4
WP_000845048.1	337	k121_678776_1	N/A	35.185	62	216	4.39e-19	89.7
WP_000845048.1	337	k121_1214792_1	N/A	27.575	85	301	4.39e-19	89.4
WP_000845048.1	337	k121_532233_1	N/A	30.045	64	223	4.58e-19	87.4
WP_000845048.1	337	k121_1264260_3	N/A	26.374	78	273	5.13e-19	89.0
WP_000845048.1	337	k121_455574_1	N/A	51.282	23	78	5.36e-19	83.6
WP_000845048.1	337	k121_1523654_2	N/A	31.963	63	219	6.10e-19	89.0
WP_000845048.1	337	k121_817934_1	N/A	34.078	53	179	6.37e-19	85.9
WP_000845048.1	337	k121_806936_1	N/A	26.740	78	273	6.47e-19	88.6
WP_000845048.1	337	k121_1158342_6	N/A	28.155	87	309	6.54e-19	88.6
WP_000845048.1	337	k121_1458505_1	N/A	34.409	55	186	6.62e-19	86.3
WP_000845048.1	337	k121_1582978_1	N/A	31.507	83	292	6.74e-19	88.2
WP_000845048.1	337	k121_871468_2	N/A	34.759	54	187	7.44e-19	86.3
WP_000845048.1	337	k121_172829_1	N/A	26.007	78	273	1.04e-18	88.2
WP_000845048.1	337	k121_1023448_2	N/A	33.696	55	184	1.20e-18	88.2
WP_000845048.1	337	k121_489551_1	N/A	35.714	54	182	1.25e-18	85.1
WP_000845048.1	337	k121_1661655_4	N/A	36.264	54	182	1.26e-18	85.9
WP_000845048.1	337	k121_588392_1	N/A	36.264	54	182	1.27e-18	85.1
WP_000845048.1	337	k121_136820_1	N/A	32.900	66	231	1.51e-18	87.4
WP_000845048.1	337	k121_1254045_2	N/A	27.206	78	272	1.56e-18	87.8
WP_000845048.1	337	k121_1566653_34	N/A	29.245	89	318	1.56e-18	87.8
WP_000845048.1	337	k121_851165_1	N/A	46.341	24	82	1.60e-18	83.2
WP_000845048.1	337	k121_1607738_2	N/A	26.909	78	275	1.75e-18	87.8
WP_000845048.1	337	k121_780111_1	N/A	31.278	64	227	1.83e-18	85.9
WP_000845048.1	337	k121_34187_1	N/A	31.868	54	182	1.89e-18	85.1
WP_000845048.1	337	k121_186716_1	N/A	31.548	49	168	2.44e-18	83.2
WP_000845048.1	337	k121_1166930_1	N/A	35.484	36	124	3.01e-18	83.2
WP_000845048.1	337	k121_834425_1	N/A	31.579	66	228	3.33e-18	86.7
WP_000845048.1	337	k121_958639_3	N/A	26.059	85	307	3.96e-18	87.0
WP_000845048.1	337	k121_934847_1	N/A	33.491	61	212	4.00e-18	85.9
WP_000845048.1	337	k121_1011615_2	N/A	25.564	76	266	4.14e-18	86.7
WP_000845048.1	337	k121_1356057_1	N/A	29.148	64	223	4.77e-18	85.1
WP_000845048.1	337	k121_1072096_1	N/A	30.037	77	273	4.89e-18	86.7
WP_000845048.1	337	k121_908966_1	N/A	35.714	54	182	5.19e-18	84.3
WP_000845048.1	337	k121_146582_1	N/A	25.912	80	274	6.04e-18	84.7
WP_000845048.1	337	k121_54420_1	N/A	30.942	62	223	7.09e-18	84.7
WP_000845048.1	337	k121_1593439_2	N/A	34.615	54	182	7.14e-18	85.1
WP_000845048.1	337	k121_99620_2	N/A	32.099	47	162	7.25e-18	83.2
WP_000845048.1	337	k121_222620_2	N/A	46.739	27	92	8.04e-18	80.9
WP_000845048.1	337	k121_391570_1	N/A	50.649	23	77	8.56e-18	80.5
WP_000845048.1	337	k121_1102011_3	N/A	30.366	56	191	9.03e-18	82.4
WP_000845048.1	337	k121_1123644_1	N/A	27.208	83	283	1.13e-17	84.3
WP_000845048.1	337	k121_357201_1	N/A	32.864	61	213	1.13e-17	85.9
WP_000845048.1	337	k121_606332_1	N/A	36.898	55	187	1.23e-17	82.4
WP_000845048.1	337	k121_1102415_1	N/A	50.649	23	77	1.26e-17	80.5
WP_000845048.1	337	k121_457026_2	N/A	25.879	88	313	1.29e-17	85.5
WP_000845048.1	337	k121_1550338_2	N/A	30.804	64	224	1.40e-17	85.1
WP_000845048.1	337	k121_1430187_1	N/A	35.294	55	187	1.46e-17	84.0
WP_000845048.1	337	k121_1422851_2	N/A	26.449	79	276	1.50e-17	85.1
WP_000845048.1	337	k121_517937_6	N/A	33.190	64	232	1.52e-17	85.5
WP_000845048.1	337	k121_75052_1	N/A	25.085	84	295	1.82e-17	84.7
WP_000845048.1	337	k121_1282591_3	N/A	36.257	50	171	2.18e-17	82.8
WP_000845048.1	337	k121_1665465_1	N/A	25.000	78	272	2.39e-17	84.3
WP_000845048.1	337	k121_1492502_1	N/A	25.083	85	303	2.44e-17	84.3
WP_000845048.1	337	k121_281105_1	N/A	31.304	66	230	2.52e-17	84.3
WP_000845048.1	337	k121_1473266_4	N/A	32.609	66	230	2.64e-17	84.0
WP_000845048.1	337	k121_1523399_2	N/A	33.155	55	187	2.71e-17	84.3
WP_000845048.1	337	k121_300043_1	N/A	33.953	62	215	3.07e-17	82.8
WP_000845048.1	337	k121_1143287_170	N/A	28.094	85	299	3.12e-17	84.0
WP_000845048.1	337	k121_1263770_2	N/A	33.136	50	169	5.51e-17	79.3
WP_000845048.1	337	k121_1173799_1	N/A	32.105	56	190	6.78e-17	80.9
WP_000845048.1	337	k121_1031289_1	N/A	59.701	20	67	7.09e-17	78.2
WP_000845048.1	337	k121_1348569_1	N/A	36.527	50	167	7.68e-17	80.1
WP_000845048.1	337	k121_1367372_22	N/A	28.959	64	221	8.48e-17	82.8
WP_000845048.1	337	k121_1268500_2	N/A	33.708	53	178	8.94e-17	79.7
WP_000845048.1	337	k121_461120_1	N/A	31.892	55	185	9.75e-17	80.1
WP_000845048.1	337	k121_452391_1	N/A	57.576	20	66	9.84e-17	77.8
WP_000845048.1	337	k121_1148070_2	N/A	54.167	21	72	9.86e-17	77.4
WP_000845048.1	337	k121_1562083_1	N/A	32.161	59	199	1.12e-16	80.9
WP_000845048.1	337	k121_846623_33	N/A	30.870	63	230	1.31e-16	82.8
WP_000845048.1	337	k121_1673339_1	N/A	50.000	23	76	1.85e-16	77.4
WP_000845048.1	337	k121_643939_1	N/A	29.515	63	227	2.29e-16	79.7
WP_000845048.1	337	k121_1244876_2	N/A	46.753	23	77	2.46e-16	77.4
WP_000845048.1	337	k121_937247_2	N/A	58.209	20	67	2.90e-16	77.0
WP_000845048.1	337	k121_1563386_3	N/A	24.242	84	297	3.77e-16	81.3
WP_000845048.1	337	k121_287613_2	N/A	24.074	79	270	3.89e-16	80.1
WP_000845048.1	337	k121_677371_1	N/A	30.476	61	210	3.94e-16	79.3
WP_000845048.1	337	k121_692783_1	N/A	56.061	20	66	4.72e-16	76.3
WP_000845048.1	337	k121_412936_2	N/A	32.222	53	180	4.78e-16	81.3
WP_000845048.1	337	k121_1645273_1	N/A	27.653	87	311	5.16e-16	80.5
WP_000845048.1	337	k121_16011_6	N/A	32.569	62	218	5.49e-16	80.9
WP_000845048.1	337	k121_1156790_2	N/A	26.159	85	302	5.84e-16	80.5
WP_000845048.1	337	k121_424869_1	N/A	25.664	66	226	7.65e-16	80.1
WP_000845048.1	337	k121_91460_1	N/A	30.460	52	174	8.03e-16	76.6
WP_000845048.1	337	k121_304501_2	N/A	32.000	51	175	9.05e-16	77.0
WP_000845048.1	337	k121_789192_2	N/A	57.576	20	66	1.12e-15	76.6
WP_000845048.1	337	k121_1311815_3	N/A	25.279	77	269	1.17e-15	79.7
WP_000845048.1	337	k121_890859_2	N/A	34.286	52	175	1.52e-15	75.9
WP_000845048.1	337	k121_542021_11	N/A	27.572	72	243	1.62e-15	78.6
WP_000845048.1	337	k121_818388_1	N/A	29.870	63	231	1.99e-15	77.8
WP_000845048.1	337	k121_1234947_31	N/A	27.759	85	299	2.00e-15	79.0
WP_000845048.1	337	k121_1406494_2	N/A	27.575	85	301	2.01e-15	79.0
WP_000845048.1	337	k121_1002122_49	N/A	24.528	89	318	2.13e-15	79.0
WP_000845048.1	337	k121_566454_2	N/A	27.667	85	300	2.13e-15	78.6
WP_000845048.1	337	k121_832129_10	N/A	27.667	84	300	2.29e-15	79.0
WP_000845048.1	337	k121_1021713_1	N/A	30.688	55	189	2.37e-15	76.3
WP_000845048.1	337	k121_96031_1	N/A	29.439	61	214	2.38e-15	77.0
WP_000845048.1	337	k121_1271063_1	N/A	27.007	78	274	2.90e-15	79.0
WP_000845048.1	337	k121_842958_3	N/A	28.627	71	255	3.15e-15	78.6
WP_000845048.1	337	k121_1252015_2	N/A	30.899	52	178	3.50e-15	75.5
WP_000845048.1	337	k121_670266_1	N/A	27.556	65	225	3.90e-15	77.0
WP_000845048.1	337	k121_608133_1	N/A	28.054	64	221	4.15e-15	76.3
WP_000845048.1	337	k121_174149_5	N/A	23.780	90	328	4.84e-15	78.6
WP_000845048.1	337	k121_474031_2	N/A	29.565	63	230	5.02e-15	78.2
WP_000845048.1	337	k121_704865_1	N/A	30.303	66	231	5.98e-15	77.0
WP_000845048.1	337	k121_1198114_1	N/A	30.688	56	189	7.09e-15	75.1
WP_000845048.1	337	k121_1291576_1	N/A	29.032	62	217	9.00e-15	76.3
WP_000845048.1	337	k121_1136938_2	N/A	45.000	24	80	1.22e-14	72.8
WP_000845048.1	337	k121_1513902_2	N/A	31.098	48	164	1.23e-14	73.2
WP_000845048.1	337	k121_735750_2	N/A	27.200	72	250	1.31e-14	76.3
WP_000845048.1	337	k121_1596015_2	N/A	27.602	63	221	1.47e-14	76.6
WP_000845048.1	337	k121_552944_3	N/A	30.072	78	276	1.80e-14	76.6
WP_000845048.1	337	k121_1526579_2	N/A	31.905	61	210	2.05e-14	75.1
WP_000845048.1	337	k121_1044487_1	N/A	28.000	65	225	2.61e-14	74.7
WP_000845048.1	337	k121_830065_3	N/A	26.872	63	227	3.03e-14	76.3
WP_000845048.1	337	k121_1062992_1	N/A	34.459	43	148	3.22e-14	73.2
WP_000845048.1	337	k121_74193_1	N/A	29.470	85	302	3.37e-14	75.9
WP_000845048.1	337	k121_534553_1	N/A	26.396	58	197	3.49e-14	75.9
WP_000845048.1	337	k121_610931_2	N/A	29.832	65	238	3.54e-14	75.5
WP_000845048.1	337	k121_652252_1	N/A	53.030	20	66	3.72e-14	70.9
WP_000845048.1	337	k121_978429_1	N/A	25.877	63	228	3.96e-14	73.6
WP_000845048.1	337	k121_1577580_1	N/A	28.877	55	187	3.97e-14	72.8
WP_000845048.1	337	k121_637821_2	N/A	32.061	75	262	4.20e-14	74.7
WP_000845048.1	337	k121_764028_1	N/A	25.397	54	189	4.26e-14	73.6
WP_000845048.1	337	k121_1464914_1	N/A	35.593	52	177	5.04e-14	73.2
WP_000845048.1	337	k121_315262_1	N/A	28.261	77	276	5.67e-14	75.1
WP_000845048.1	337	k121_908583_1	N/A	43.902	24	82	6.05e-14	70.5
WP_000845048.1	337	k121_1616575_5	N/A	25.786	89	318	6.51e-14	74.7
WP_000845048.1	337	k121_1339439_1	N/A	32.323	57	198	6.56e-14	72.0
WP_000845048.1	337	k121_308126_1	N/A	32.275	55	189	7.14e-14	72.8
WP_000845048.1	337	k121_1375024_1	N/A	46.575	22	73	7.60e-14	70.5
WP_000845048.1	337	k121_1051355_1	N/A	31.050	63	219	7.95e-14	73.9
WP_000845048.1	337	k121_1002303_3	N/A	26.403	84	303	1.25e-13	73.6
WP_000845048.1	337	k121_282505_3	N/A	29.221	85	308	1.27e-13	73.9
WP_000845048.1	337	k121_1320973_2	N/A	31.937	56	191	1.56e-13	70.9
WP_000845048.1	337	k121_474414_1	N/A	30.208	56	192	1.88e-13	72.8
WP_000845048.1	337	k121_1520608_1	N/A	28.261	55	184	2.15e-13	70.9
WP_000845048.1	337	k121_113834_1	N/A	55.072	20	69	2.27e-13	67.8
WP_000845048.1	337	k121_564762_3	N/A	27.632	63	228	2.45e-13	73.2
WP_000845048.1	337	k121_1349052_2	N/A	29.775	53	178	2.48e-13	73.2
WP_000845048.1	337	k121_503948_1	N/A	30.660	60	212	2.64e-13	70.9
WP_000845048.1	337	k121_7977_1	N/A	30.058	51	173	2.69e-13	70.5
WP_000845048.1	337	k121_900366_1	N/A	30.093	61	216	4.68e-13	70.9
WP_000845048.1	337	k121_600270_1	N/A	31.959	56	194	4.78e-13	70.1
WP_000845048.1	337	k121_1292842_1	N/A	30.247	48	162	4.80e-13	70.5
WP_000845048.1	337	k121_1344781_1	N/A	29.213	53	178	6.17e-13	71.6
WP_000845048.1	337	k121_464777_1	N/A	27.602	64	221	6.58e-13	70.1
WP_000845048.1	337	k121_1146876_4	N/A	24.324	84	296	8.14e-13	71.2
WP_000845048.1	337	k121_464588_1	N/A	31.100	60	209	9.26e-13	71.2
WP_000845048.1	337	k121_1611301_1	N/A	27.465	77	284	9.57e-13	71.6
WP_000845048.1	337	k121_1143235_1	N/A	32.308	38	130	1.09e-12	70.1
WP_000845048.1	337	k121_19960_2	N/A	26.316	59	209	1.10e-12	71.2
WP_000845048.1	337	k121_695237_2	N/A	32.195	58	205	1.33e-12	69.7
WP_000845048.1	337	k121_1039928_1	N/A	29.524	60	210	1.35e-12	68.6
WP_000845048.1	337	k121_618434_2	N/A	28.000	63	225	1.38e-12	70.9
WP_000845048.1	337	k121_687344_1	N/A	31.443	55	194	1.46e-12	68.9
WP_000845048.1	337	k121_204307_1	N/A	30.806	61	211	1.50e-12	68.6
WP_000845048.1	337	k121_1284330_2	N/A	31.461	53	178	1.70e-12	68.6
WP_000845048.1	337	k121_1396316_1	N/A	42.857	21	70	2.08e-12	65.5
WP_000845048.1	337	k121_859252_1	N/A	28.402	50	169	2.23e-12	68.2
WP_000845048.1	337	k121_715514_1	N/A	31.765	50	170	2.26e-12	67.4
WP_000845048.1	337	k121_1222909_1	N/A	29.703	57	202	2.36e-12	70.1
WP_000845048.1	337	k121_1244127_1	N/A	43.836	22	73	2.44e-12	66.2
WP_000845048.1	337	k121_582756_3	N/A	29.333	61	225	2.75e-12	69.3
WP_000845048.1	337	k121_1071765_1	N/A	24.567	82	289	2.82e-12	69.7
WP_000845048.1	337	k121_125008_1	N/A	29.319	55	191	3.54e-12	67.4
WP_000845048.1	337	k121_27465_2	N/A	28.421	56	190	3.69e-12	67.8
WP_000845048.1	337	k121_1405568_1	N/A	31.720	53	186	3.69e-12	67.4
WP_000845048.1	337	k121_1151375_3	N/A	30.872	82	298	3.98e-12	69.7
WP_000845048.1	337	k121_422357_1	N/A	28.070	66	228	5.45e-12	67.8
WP_000845048.1	337	k121_22017_2	N/A	27.885	86	312	5.92e-12	68.9
WP_000845048.1	337	k121_896653_1	N/A	29.123	78	285	6.46e-12	68.9
WP_000845048.1	337	k121_1652753_2	N/A	29.907	61	214	6.53e-12	67.4
WP_000845048.1	337	k121_1581552_9	N/A	29.861	79	288	7.77e-12	68.6
WP_000845048.1	337	k121_730098_3	N/A	25.391	72	256	7.92e-12	68.9
WP_000845048.1	337	k121_1569285_1	N/A	30.208	56	192	1.05e-11	66.2
WP_000845048.1	337	k121_74364_3	N/A	30.317	61	221	1.11e-11	68.6
WP_000845048.1	337	k121_1203982_2	N/A	26.909	77	275	1.14e-11	68.2
WP_000845048.1	337	k121_1648734_1	N/A	27.679	64	224	1.25e-11	66.6
WP_000845048.1	337	k121_425649_3	N/A	25.329	85	304	1.41e-11	67.8
WP_000845048.1	337	k121_1494211_2	N/A	29.808	86	312	1.41e-11	68.2
WP_000845048.1	337	k121_1376247_1	N/A	28.879	64	232	1.43e-11	67.8
WP_000845048.1	337	k121_218526_1	N/A	27.907	50	172	1.63e-11	67.4
WP_000845048.1	337	k121_1598100_1	N/A	29.108	59	213	2.17e-11	65.9
WP_000845048.1	337	k121_1447012_2	N/A	32.787	53	183	2.65e-11	66.6
WP_000845048.1	337	k121_25100_2	N/A	28.571	77	280	3.49e-11	67.0
WP_000845048.1	337	k121_341510_4	N/A	28.846	86	312	4.03e-11	66.6
WP_000845048.1	337	k121_634172_1	N/A	36.875	47	160	4.14e-11	63.2
WP_000845048.1	337	k121_1049596_1	N/A	24.919	86	309	4.27e-11	66.2
WP_000845048.1	337	k121_1498998_1	N/A	28.571	54	182	4.56e-11	63.9
WP_000845048.1	337	k121_747212_3	N/A	26.126	61	222	5.13e-11	64.7
WP_000845048.1	337	k121_351068_1	N/A	29.204	62	226	5.18e-11	66.2
WP_000845048.1	337	k121_886544_1	N/A	32.258	53	186	5.34e-11	64.3
WP_000845048.1	337	k121_238724_1	N/A	29.167	48	168	7.39e-11	64.7
WP_000845048.1	337	k121_429503_26	N/A	30.000	53	180	9.56e-11	65.9
WP_000845048.1	337	k121_1044597_1	N/A	29.630	47	162	9.65e-11	62.8
WP_000845048.1	337	k121_1678026_2	N/A	42.529	25	87	1.05e-10	61.6
WP_000845048.1	337	k121_38460_189	N/A	26.744	92	344	1.42e-10	65.1
WP_000845048.1	337	k121_870504_1	N/A	33.778	64	225	2.27e-10	63.5
WP_000845048.1	337	k121_1644052_1	N/A	28.235	50	170	2.34e-10	61.6
WP_000845048.1	337	k121_1332727_1	N/A	25.510	56	196	2.42e-10	63.2
WP_000845048.1	337	k121_371246_2	N/A	30.055	54	183	2.59e-10	63.9
WP_000845048.1	337	k121_1244876_1	N/A	24.540	48	163	2.68e-10	63.2
WP_000845048.1	337	k121_328288_1	N/A	28.889	53	180	2.80e-10	61.6
WP_000845048.1	337	k121_857026_2	N/A	24.691	90	324	2.82e-10	64.3
WP_000845048.1	337	k121_794332_1	N/A	28.488	51	172	2.88e-10	61.6
WP_000845048.1	337	k121_174149_4	N/A	25.108	62	231	2.90e-10	64.3
WP_000845048.1	337	k121_1565932_1	N/A	46.053	23	76	3.24e-10	60.1
WP_000845048.1	337	k121_891061_1	N/A	26.087	53	184	4.50e-10	62.0
WP_000845048.1	337	k121_278881_1	N/A	32.367	58	207	4.97e-10	62.8
WP_000845048.1	337	k121_1115328_4	N/A	28.623	77	276	5.06e-10	63.5
WP_000845048.1	337	k121_1180957_1	N/A	28.313	92	332	5.12e-10	63.2
WP_000845048.1	337	k121_190523_2	N/A	25.225	62	222	5.93e-10	63.5
WP_000845048.1	337	k121_847483_1	N/A	26.812	77	276	6.50e-10	63.2
WP_000845048.1	337	k121_555193_1	N/A	26.816	53	179	6.58e-10	60.8
WP_000845048.1	337	k121_307613_1	N/A	26.441	82	295	6.76e-10	62.4
WP_000845048.1	337	k121_433628_2	N/A	28.235	50	170	7.45e-10	60.1
WP_000845048.1	337	k121_456669_1	N/A	26.901	51	171	7.92e-10	60.1
WP_000845048.1	337	k121_849495_1	N/A	27.473	77	273	8.36e-10	62.8
WP_000845048.1	337	k121_1645865_1	N/A	30.178	50	169	9.18e-10	61.6
WP_000845048.1	337	k121_753923_2	N/A	28.986	60	207	9.51e-10	62.8
WP_000845048.1	337	k121_770159_2	N/A	24.885	63	217	1.04e-09	62.4
WP_000845048.1	337	k121_447248_1	N/A	26.396	57	197	1.08e-09	61.6
WP_000845048.1	337	k121_766198_2	N/A	27.136	59	199	1.09e-09	61.2
WP_000845048.1	337	k121_1358873_1	N/A	44.776	20	67	1.26e-09	57.4
WP_000845048.1	337	k121_1220029_1	N/A	26.071	79	280	1.30e-09	61.2
WP_000845048.1	337	k121_1679788_1	N/A	31.551	54	187	1.38e-09	60.1
WP_000845048.1	337	k121_1198803_1	N/A	30.682	52	176	1.45e-09	60.5
WP_000845048.1	337	k121_1311600_2	N/A	24.621	74	264	1.46e-09	62.0
WP_000845048.1	337	k121_522835_1	N/A	28.571	64	217	1.71e-09	62.0
WP_000845048.1	337	k121_137900_5	N/A	32.075	47	159	2.51e-09	57.8
WP_000845048.1	337	k121_12309_5	N/A	25.256	84	293	2.74e-09	60.8
WP_000845048.1	337	k121_997162_1	N/A	26.601	58	203	2.92e-09	59.3
WP_000845048.1	337	k121_1315891_1	N/A	34.167	35	120	3.19e-09	58.2
WP_000845048.1	337	k121_316378_1	N/A	45.455	21	77	3.79e-09	61.2
WP_000845048.1	337	k121_1367678_1	N/A	31.111	40	135	3.84e-09	57.8
WP_000845048.1	337	k121_1241330_1	N/A	28.402	50	169	3.90e-09	58.2
WP_000845048.1	337	k121_138626_1	N/A	28.177	54	181	4.35e-09	58.9
