SadA_ref|WP_036299419.1|:1-399	399	k121_115979_136	N/A	43.797	98	395	1.02e-112	338
SadA_ref|WP_036299419.1|:1-399	399	k121_640604_2	N/A	27.763	92	371	2.38e-47	169
SadA_ref|WP_036299419.1|:1-399	399	k121_444303_19	N/A	31.429	94	385	1.93e-45	164
SadA_ref|WP_036299419.1|:1-399	399	k121_1065139_2	N/A	30.532	89	357	1.69e-42	155
SadA_ref|WP_036299419.1|:1-399	399	k121_1038856_1	N/A	37.433	47	187	2.53e-39	142
SadA_ref|WP_036299419.1|:1-399	399	k121_1243135_1	N/A	31.222	55	221	2.12e-38	141
SadA_ref|WP_036299419.1|:1-399	399	k121_1149974_1	N/A	32.353	59	238	5.43e-38	140
SadA_ref|WP_036299419.1|:1-399	399	k121_1152509_1	N/A	41.872	51	203	7.70e-37	136
SadA_ref|WP_036299419.1|:1-399	399	k121_890752_2	N/A	30.663	90	362	3.27e-35	136
SadA_ref|WP_036299419.1|:1-399	399	k121_355250_2	N/A	27.976	83	336	4.37e-33	129
SadA_ref|WP_036299419.1|:1-399	399	k121_193271_1	N/A	28.400	62	250	5.39e-32	125
SadA_ref|WP_036299419.1|:1-399	399	k121_416065_2	N/A	26.791	80	321	1.60e-30	122
SadA_ref|WP_036299419.1|:1-399	399	k121_141604_1	N/A	32.075	51	212	9.46e-30	117
SadA_ref|WP_036299419.1|:1-399	399	k121_401697_1	N/A	31.818	50	198	5.74e-29	115
SadA_ref|WP_036299419.1|:1-399	399	k121_654605_7	N/A	25.946	91	370	6.82e-26	111
SadA_ref|WP_036299419.1|:1-399	399	k121_148330_2	N/A	35.426	54	223	2.47e-24	103
SadA_ref|WP_036299419.1|:1-399	399	k121_735455_1	N/A	33.880	46	183	3.06e-24	101
SadA_ref|WP_036299419.1|:1-399	399	k121_412155_1	N/A	35.404	40	161	1.49e-23	99.4
SadA_ref|WP_036299419.1|:1-399	399	k121_1390186_1	N/A	30.769	45	182	1.03e-21	94.7
SadA_ref|WP_036299419.1|:1-399	399	k121_151558_2	N/A	28.141	49	199	4.57e-20	90.9
SadA_ref|WP_036299419.1|:1-399	399	k121_1199482_13	N/A	27.005	91	374	1.19e-19	93.2
SadA_ref|WP_036299419.1|:1-399	399	k121_185894_2	N/A	30.556	53	216	7.79e-19	88.2
SadA_ref|WP_036299419.1|:1-399	399	k121_1210939_1	N/A	35.256	39	156	3.12e-18	85.5
SadA_ref|WP_036299419.1|:1-399	399	k121_1079774_2	N/A	30.693	49	202	5.02e-18	85.5
SadA_ref|WP_036299419.1|:1-399	399	k121_1159597_1	N/A	36.364	31	132	2.63e-17	82.4
SadA_ref|WP_036299419.1|:1-399	399	k121_716307_2	N/A	22.166	95	397	3.00e-17	86.3
SadA_ref|WP_036299419.1|:1-399	399	k121_491508_1	N/A	31.250	28	112	5.95e-16	76.6
SadA_ref|WP_036299419.1|:1-399	399	k121_1389495_1	N/A	30.000	47	190	7.97e-16	78.6
SadA_ref|WP_036299419.1|:1-399	399	k121_1377639_4	N/A	31.429	26	105	3.08e-13	68.9
SadA_ref|WP_036299419.1|:1-399	399	k121_549412_1	N/A	34.286	35	140	3.91e-13	70.5
SadA_ref|WP_036299419.1|:1-399	399	k121_1208845_2	N/A	26.316	37	152	5.83e-12	67.0
SadA_ref|WP_036299419.1|:1-399	399	k121_1291974_1	N/A	29.808	26	104	1.01e-09	59.3
SadA_ref|WP_036299419.1|:1-399	399	k121_227159_1	N/A	22.543	43	173	3.70e-07	53.1
SadA_ref|WP_036299419.1|:1-399	399	k121_1302914_3	N/A	29.885	22	87	4.97e-07	51.2
SadA_ref|WP_036299419.1|:1-399	399	k121_264295_1	N/A	26.695	56	236	6.65e-07	53.1
SadA_ref|WP_036299419.1|:1-399	399	k121_277743_1	N/A	25.362	34	138	1.36e-06	51.2
SadA_ref|WP_036299419.1|:1-399	399	k121_444149_1	N/A	26.772	31	127	3.24e-06	51.2
SadA_ref|WP_036299419.1|:1-399	399	k121_1332674_1	N/A	28.019	47	207	9.54e-06	50.8
SadA_ref|WP_036299419.1|:1-399	399	k121_109757_7	N/A	22.333	91	403	1.57e-04	47.4
SadA_ref|WP_036299419.1|:1-399	399	k121_38510_3	N/A	24.180	60	244	2.40e-04	46.6
SadA_ref|WP_036299419.1|:1-399	399	k121_376663_1	N/A	32.143	21	84	2.71e-04	44.7
SadA_ref|WP_036299419.1|:1-399	399	k121_137487_2	N/A	30.952	21	84	3.04e-04	43.9
SadA_ref|WP_036299419.1|:1-399	399	k121_470306_1	N/A	31.111	22	90	4.33e-04	44.3
SadA_ref|WP_036299419.1|:1-399	399	k121_362251_1	N/A	24.219	62	256	5.24e-04	45.4
SadA_ref|WP_036299419.1|:1-399	399	k121_177244_2	N/A	27.189	50	217	5.41e-04	45.4
SadA_ref|WP_036299419.1|:1-399	399	k121_670049_1	N/A	28.889	22	90	0.002	42.4
SadA_ref|WP_036299419.1|:1-399	399	k121_609490_2	N/A	33.333	21	84	0.003	41.2
SadA_ref|WP_036299419.1|:1-399	399	k121_1230337_1	N/A	30.952	21	84	0.003	42.4
SadA_ref|WP_036299419.1|:1-399	399	k121_1256445_2	N/A	22.747	53	233	0.004	42.4
SadA_ref|WP_036299419.1|:1-399	399	k121_860339_1	N/A	29.762	21	84	0.005	41.2
SadA_ref|WP_036299419.1|:1-399	399	k121_381223_2	N/A	25.926	46	216	0.006	41.6
SadA_ref|WP_036299419.1|:1-399	399	k121_91986_1	N/A	32.143	21	84	0.006	41.2
SadA_ref|WP_036299419.1|:1-399	399	k121_994166_2	N/A	29.762	21	84	0.007	40.8
SadA_ref|WP_036299419.1|:1-399	399	k121_1049368_2	N/A	22.727	88	374	0.007	42.0
SadA_ref|WP_036299419.1|:1-399	399	k121_743118_1	N/A	26.978	67	278	0.011	41.2
SadA_ref|WP_036299419.1|:1-399	399	k121_731049_2	N/A	22.358	60	246	0.011	41.2
SadA_ref|WP_036299419.1|:1-399	399	k121_229031_2	N/A	29.762	21	84	0.012	40.4
SadA_ref|WP_036299419.1|:1-399	399	k121_1199976_28	N/A	30.952	21	84	0.013	41.2
SadA_ref|WP_036299419.1|:1-399	399	k121_500361_1	N/A	21.076	52	223	0.013	40.8
SadA_ref|WP_036299419.1|:1-399	399	k121_727460_2	N/A	24.742	24	97	0.014	38.5
SadA_ref|WP_036299419.1|:1-399	399	k121_1208181_2	N/A	24.000	61	250	0.014	40.4
SadA_ref|WP_036299419.1|:1-399	399	k121_1200571_1	N/A	22.546	88	377	0.016	40.8
SadA_ref|WP_036299419.1|:1-399	399	k121_687794_1	N/A	23.830	51	235	0.017	40.0
SadA_ref|WP_036299419.1|:1-399	399	k121_134585_1	N/A	29.762	21	84	0.020	40.0
SadA_ref|WP_036299419.1|:1-399	399	k121_596679_1	N/A	24.155	47	207	0.023	39.7
SadA_ref|WP_036299419.1|:1-399	399	k121_236475_1	N/A	23.554	60	242	0.027	40.0
SadA_ref|WP_036299419.1|:1-399	399	k121_1214506_1	N/A	30.952	21	84	0.030	38.9
SadA_ref|WP_036299419.1|:1-399	399	k121_1245664_1	N/A	28.704	26	108	0.032	39.3
SadA_ref|WP_036299419.1|:1-399	399	k121_1173261_2	N/A	23.239	33	142	0.033	39.7
SadA_ref|WP_036299419.1|:1-399	399	k121_169651_1	N/A	28.571	21	84	0.033	38.5
SadA_ref|WP_036299419.1|:1-399	399	k121_196804_1	N/A	28.571	21	84	0.047	37.4
SadA_ref|WP_036299419.1|:1-399	399	k121_946104_1	N/A	25.000	38	152	0.047	38.1
SadA_ref|WP_036299419.1|:1-399	399	k121_584440_2	N/A	31.250	20	80	0.073	36.6
SadA_ref|WP_036299419.1|:1-399	399	k121_573873_1	N/A	30.233	21	86	0.074	37.7
SadA_ref|WP_036299419.1|:1-399	399	k121_507306_1	N/A	30.588	21	85	0.082	37.4
SadA_ref|WP_036299419.1|:1-399	399	k121_814119_1	N/A	29.592	22	98	0.088	37.7
SadA_ref|WP_036299419.1|:1-399	399	k121_306876_2	N/A	20.716	89	391	0.100	38.5
SadB_ref|WP_100812327.1|:1-423	423	k121_115979_136	N/A	37.596	91	391	5.69e-80	255
SadB_ref|WP_100812327.1|:1-423	423	k121_444303_19	N/A	33.582	92	402	9.67e-55	190
SadB_ref|WP_100812327.1|:1-423	423	k121_640604_2	N/A	27.806	91	392	1.04e-42	157
SadB_ref|WP_100812327.1|:1-423	423	k121_1065139_2	N/A	27.794	82	349	1.25e-38	146
SadB_ref|WP_100812327.1|:1-423	423	k121_890752_2	N/A	26.166	91	386	1.98e-35	137
SadB_ref|WP_100812327.1|:1-423	423	k121_1152509_1	N/A	39.500	47	200	6.40e-34	129
SadB_ref|WP_100812327.1|:1-423	423	k121_1243135_1	N/A	30.804	52	224	4.47e-33	127
SadB_ref|WP_100812327.1|:1-423	423	k121_1038856_1	N/A	30.851	44	188	4.55e-30	118
SadB_ref|WP_100812327.1|:1-423	423	k121_355250_2	N/A	29.155	79	343	1.08e-29	120
SadB_ref|WP_100812327.1|:1-423	423	k121_412155_1	N/A	36.471	39	170	2.19e-29	115
SadB_ref|WP_100812327.1|:1-423	423	k121_716307_2	N/A	28.021	90	389	8.15e-29	120
SadB_ref|WP_100812327.1|:1-423	423	k121_1390186_1	N/A	32.609	43	184	1.01e-28	114
SadB_ref|WP_100812327.1|:1-423	423	k121_193271_1	N/A	26.923	54	234	7.78e-28	114
SadB_ref|WP_100812327.1|:1-423	423	k121_654605_7	N/A	24.227	90	388	2.29e-27	115
SadB_ref|WP_100812327.1|:1-423	423	k121_1149974_1	N/A	29.756	48	205	2.65e-25	107
SadB_ref|WP_100812327.1|:1-423	423	k121_141604_1	N/A	26.244	51	221	3.04e-24	103
SadB_ref|WP_100812327.1|:1-423	423	k121_416065_2	N/A	27.439	76	328	1.31e-22	100
SadB_ref|WP_100812327.1|:1-423	423	k121_1079774_2	N/A	30.222	52	225	1.54e-22	98.6
SadB_ref|WP_100812327.1|:1-423	423	k121_1199482_13	N/A	26.431	84	367	5.57e-21	97.4
SadB_ref|WP_100812327.1|:1-423	423	k121_401697_1	N/A	30.043	54	233	2.30e-20	92.8
SadB_ref|WP_100812327.1|:1-423	423	k121_1159597_1	N/A	38.889	29	126	5.89e-20	90.1
SadB_ref|WP_100812327.1|:1-423	423	k121_151558_2	N/A	28.333	41	180	6.54e-19	87.8
SadB_ref|WP_100812327.1|:1-423	423	k121_148330_2	N/A	32.110	50	218	3.55e-18	86.7
SadB_ref|WP_100812327.1|:1-423	423	k121_735455_1	N/A	29.282	43	181	1.04e-17	84.0
SadB_ref|WP_100812327.1|:1-423	423	k121_109757_7	N/A	27.930	85	401	4.12e-16	83.2
SadB_ref|WP_100812327.1|:1-423	423	k121_1389495_1	N/A	31.016	42	187	8.75e-16	78.6
SadB_ref|WP_100812327.1|:1-423	423	k121_185894_2	N/A	28.378	51	222	1.10e-13	73.6
SadB_ref|WP_100812327.1|:1-423	423	k121_236475_1	N/A	26.243	77	362	1.72e-12	71.6
SadB_ref|WP_100812327.1|:1-423	423	k121_491508_1	N/A	27.000	24	100	1.24e-11	64.7
SadB_ref|WP_100812327.1|:1-423	423	k121_264295_1	N/A	30.973	52	226	1.89e-11	66.6
SadB_ref|WP_100812327.1|:1-423	423	k121_731049_2	N/A	24.524	89	420	3.49e-11	68.2
SadB_ref|WP_100812327.1|:1-423	423	k121_38510_3	N/A	24.933	80	373	1.09e-10	66.6
SadB_ref|WP_100812327.1|:1-423	423	k121_1208845_2	N/A	21.711	36	152	1.19e-10	63.5
SadB_ref|WP_100812327.1|:1-423	423	k121_783516_1	N/A	28.328	61	293	1.39e-10	65.1
SadB_ref|WP_100812327.1|:1-423	423	k121_227159_1	N/A	33.540	37	161	1.93e-10	62.8
SadB_ref|WP_100812327.1|:1-423	423	k121_1210939_1	N/A	30.405	35	148	3.21e-10	62.8
SadB_ref|WP_100812327.1|:1-423	423	k121_1377639_4	N/A	29.000	24	100	8.48e-10	59.3
SadB_ref|WP_100812327.1|:1-423	423	k121_549412_1	N/A	27.108	38	166	2.29e-09	59.7
SadB_ref|WP_100812327.1|:1-423	423	k121_1291974_1	N/A	23.232	23	99	7.24e-09	57.0
SadB_ref|WP_100812327.1|:1-423	423	k121_277743_1	N/A	26.667	35	150	1.26e-08	57.4
SadB_ref|WP_100812327.1|:1-423	423	k121_444149_1	N/A	24.893	54	233	4.84e-08	57.0
SadB_ref|WP_100812327.1|:1-423	423	k121_939140_1	N/A	30.921	33	152	5.56e-08	57.0
SadB_ref|WP_100812327.1|:1-423	423	k121_1302914_3	N/A	29.245	25	106	6.64e-08	53.9
SadB_ref|WP_100812327.1|:1-423	423	k121_194191_1	N/A	31.395	20	86	8.35e-08	53.1
SadB_ref|WP_100812327.1|:1-423	423	k121_502480_1	N/A	23.958	80	384	1.53e-07	56.6
SadB_ref|WP_100812327.1|:1-423	423	k121_1002786_1	N/A	21.543	83	376	2.91e-07	55.8
SadB_ref|WP_100812327.1|:1-423	423	k121_743118_1	N/A	26.721	55	247	8.60e-07	53.9
SadB_ref|WP_100812327.1|:1-423	423	k121_946104_1	N/A	29.605	35	152	1.09e-06	51.6
SadB_ref|WP_100812327.1|:1-423	423	k121_80146_2	N/A	27.607	36	163	2.44e-06	50.8
SadB_ref|WP_100812327.1|:1-423	423	k121_1083985_2	N/A	33.071	27	127	3.17e-06	50.1
SadB_ref|WP_100812327.1|:1-423	423	k121_1303874_1	N/A	24.901	58	253	3.19e-06	52.4
SadB_ref|WP_100812327.1|:1-423	423	k121_1332674_1	N/A	25.283	59	265	4.73e-06	52.0
SadB_ref|WP_100812327.1|:1-423	423	k121_381223_2	N/A	26.804	39	194	8.15e-06	50.4
SadB_ref|WP_100812327.1|:1-423	423	k121_306876_2	N/A	24.181	85	397	8.25e-06	51.2
SadB_ref|WP_100812327.1|:1-423	423	k121_450574_82	N/A	22.222	80	360	1.23e-05	50.8
SadB_ref|WP_100812327.1|:1-423	423	k121_229031_2	N/A	33.594	27	128	1.41e-05	49.3
SadB_ref|WP_100812327.1|:1-423	423	k121_972507_8	N/A	31.579	29	133	1.42e-05	50.4
SadB_ref|WP_100812327.1|:1-423	423	k121_384067_2	N/A	23.333	81	360	1.55e-05	50.4
SadB_ref|WP_100812327.1|:1-423	423	k121_947478_3	N/A	24.796	79	367	1.67e-05	50.4
SadB_ref|WP_100812327.1|:1-423	423	k121_362251_1	N/A	26.400	57	250	1.83e-05	50.1
SadB_ref|WP_100812327.1|:1-423	423	k121_376663_1	N/A	32.520	26	123	2.52e-05	47.8
SadB_ref|WP_100812327.1|:1-423	423	k121_1063065_1	N/A	30.973	25	113	3.02e-05	48.9
SadB_ref|WP_100812327.1|:1-423	423	k121_1199976_28	N/A	22.995	80	374	3.62e-05	49.3
SadB_ref|WP_100812327.1|:1-423	423	k121_1186724_1	N/A	33.333	23	111	5.86e-05	47.0
SadB_ref|WP_100812327.1|:1-423	423	k121_527955_1	N/A	25.789	44	190	7.01e-05	46.6
SadB_ref|WP_100812327.1|:1-423	423	k121_1085945_3	N/A	23.545	80	378	8.97e-05	48.1
SadB_ref|WP_100812327.1|:1-423	423	k121_71692_3	N/A	30.952	27	126	1.06e-04	47.0
SadB_ref|WP_100812327.1|:1-423	423	k121_1214506_1	N/A	32.520	26	123	1.50e-04	45.8
SadB_ref|WP_100812327.1|:1-423	423	k121_295211_1	N/A	32.432	23	111	2.14e-04	46.2
SadB_ref|WP_100812327.1|:1-423	423	k121_282019_2	N/A	29.268	26	123	2.50e-04	46.2
SadB_ref|WP_100812327.1|:1-423	423	k121_687794_1	N/A	27.143	43	210	2.66e-04	45.8
SadB_ref|WP_100812327.1|:1-423	423	k121_609490_2	N/A	30.973	25	113	2.92e-04	44.3
SadB_ref|WP_100812327.1|:1-423	423	k121_816284_1	N/A	30.675	35	163	2.94e-04	45.8
SadB_ref|WP_100812327.1|:1-423	423	k121_11620_1	N/A	31.250	27	128	3.06e-04	44.7
SadB_ref|WP_100812327.1|:1-423	423	k121_196804_1	N/A	32.941	20	85	3.19e-04	43.5
SadB_ref|WP_100812327.1|:1-423	423	k121_573873_1	N/A	29.710	30	138	3.38e-04	44.7
SadB_ref|WP_100812327.1|:1-423	423	k121_727460_2	N/A	23.469	23	98	3.63e-04	43.1
SadB_ref|WP_100812327.1|:1-423	423	k121_657348_1	N/A	30.328	26	122	6.21e-04	43.9
SadB_ref|WP_100812327.1|:1-423	423	k121_1210805_2	N/A	32.031	27	128	7.34e-04	44.7
SadB_ref|WP_100812327.1|:1-423	423	k121_301848_1	N/A	35.088	24	114	8.40e-04	43.9
SadB_ref|WP_100812327.1|:1-423	423	k121_814119_1	N/A	29.730	39	185	8.77e-04	43.9
SadB_ref|WP_100812327.1|:1-423	423	k121_614054_1	N/A	24.377	79	361	0.001	44.3
SadB_ref|WP_100812327.1|:1-423	423	k121_507306_1	N/A	30.469	27	128	0.001	42.7
SadB_ref|WP_100812327.1|:1-423	423	k121_900820_2	N/A	31.707	26	123	0.002	43.5
SadB_ref|WP_100812327.1|:1-423	423	k121_1251667_1	N/A	22.622	85	389	0.002	43.9
SadB_ref|WP_100812327.1|:1-423	423	k121_783268_1	N/A	24.324	57	259	0.002	43.9
SadB_ref|WP_100812327.1|:1-423	423	k121_1342625_2	N/A	21.862	57	247	0.002	43.1
SadB_ref|WP_100812327.1|:1-423	423	k121_1238924_1	N/A	30.894	26	123	0.003	42.0
SadB_ref|WP_100812327.1|:1-423	423	k121_892294_1	N/A	26.389	31	144	0.005	41.2
SadB_ref|WP_100812327.1|:1-423	423	k121_1382138_1	N/A	25.568	41	176	0.005	41.2
SadB_ref|WP_100812327.1|:1-423	423	k121_1264281_2	N/A	28.571	30	140	0.005	41.6
SadB_ref|WP_100812327.1|:1-423	423	k121_860339_1	N/A	27.941	30	136	0.012	40.0
SadB_ref|WP_100812327.1|:1-423	423	k121_405014_2	N/A	30.000	26	120	0.012	41.2
SadB_ref|WP_100812327.1|:1-423	423	k121_1222782_1	N/A	28.736	20	87	0.013	38.9
SadB_ref|WP_100812327.1|:1-423	423	k121_470306_1	N/A	29.508	26	122	0.016	39.7
SadB_ref|WP_100812327.1|:1-423	423	k121_80380_1	N/A	24.194	29	124	0.017	38.9
SadB_ref|WP_100812327.1|:1-423	423	k121_1173678_1	N/A	32.110	23	109	0.017	39.7
SadB_ref|WP_100812327.1|:1-423	423	k121_649240_1	N/A	25.694	31	144	0.017	40.0
SadB_ref|WP_100812327.1|:1-423	423	k121_170047_2	N/A	27.473	21	91	0.017	38.9
SadB_ref|WP_100812327.1|:1-423	423	k121_1230337_1	N/A	27.068	29	133	0.018	40.0
SadB_ref|WP_100812327.1|:1-423	423	k121_91986_1	N/A	29.496	29	139	0.019	39.7
SadB_ref|WP_100812327.1|:1-423	423	k121_169651_1	N/A	29.508	26	122	0.020	39.3
SadB_ref|WP_100812327.1|:1-423	423	k121_1056527_1	N/A	27.823	56	248	0.020	40.0
SadB_ref|WP_100812327.1|:1-423	423	k121_317828_1	N/A	33.636	23	110	0.021	39.7
SadB_ref|WP_100812327.1|:1-423	423	k121_1062085_3	N/A	26.389	31	144	0.031	38.9
SadB_ref|WP_100812327.1|:1-423	423	k121_1200571_1	N/A	26.389	31	144	0.033	40.0
SadB_ref|WP_100812327.1|:1-423	423	k121_994166_2	N/A	29.508	26	122	0.033	38.9
SadB_ref|WP_100812327.1|:1-423	423	k121_938856_2	N/A	24.757	48	206	0.034	40.0
SadB_ref|WP_100812327.1|:1-423	423	k121_670049_1	N/A	28.689	26	122	0.048	38.1
SadB_ref|WP_100812327.1|:1-423	423	k121_181526_1	N/A	27.174	43	184	0.055	38.5
SadB_ref|WP_100812327.1|:1-423	423	k121_453207_1	N/A	27.500	28	120	0.057	39.3
SadB_ref|WP_100812327.1|:1-423	423	k121_559533_1	N/A	24.176	81	364	0.058	39.3
SadB_ref|WP_100812327.1|:1-423	423	k121_444029_2	N/A	26.471	43	204	0.076	39.3
SadB_ref|WP_100812327.1|:1-423	423	k121_1157136_2	N/A	28.704	24	108	0.083	38.1
SadB_ref|WP_100812327.1|:1-423	423	k121_58934_2	N/A	24.041	84	391	0.087	38.5
SadB_ref|WP_100812327.1|:1-423	423	k121_979752_1	N/A	25.532	31	141	0.098	37.4
SadC_ref|WP_036299413.1|:1-194	194	k121_27048_1	N/A	55.556	82	162	1.14e-58	184
SadC_ref|WP_036299413.1|:1-194	194	k121_460133_1	N/A	45.038	68	131	4.73e-33	119
SadC_ref|WP_036299413.1|:1-194	194	k121_519474_1	N/A	35.119	87	168	4.65e-17	78.6
SadC_ref|WP_036299413.1|:1-194	194	k121_704550_2	N/A	33.962	81	159	1.41e-15	73.9
SadC_ref|WP_036299413.1|:1-194	194	k121_560310_2	N/A	31.206	72	141	1.55e-14	71.2
SadC_ref|WP_036299413.1|:1-194	194	k121_112851_2	N/A	46.753	40	77	2.81e-11	60.5
SadC_ref|WP_036299413.1|:1-194	194	k121_207166_5	N/A	31.884	71	138	2.86e-11	62.4
SadC_ref|WP_036299413.1|:1-194	194	k121_342374_1	N/A	29.197	71	137	4.31e-11	62.0
SadC_ref|WP_036299413.1|:1-194	194	k121_654605_6	N/A	25.882	85	170	1.23e-10	60.8
SadC_ref|WP_036299413.1|:1-194	194	k121_1256205_5	N/A	27.215	81	158	5.18e-10	58.9
SadC_ref|WP_036299413.1|:1-194	194	k121_335557_1	N/A	29.496	71	139	5.87e-10	59.3
SadC_ref|WP_036299413.1|:1-194	194	k121_1258263_2	N/A	32.836	69	134	9.66e-10	58.2
SadC_ref|WP_036299413.1|:1-194	194	k121_77852_1	N/A	39.048	54	105	1.09e-09	58.5
SadC_ref|WP_036299413.1|:1-194	194	k121_125505_1	N/A	37.634	47	93	1.63e-09	57.0
SadC_ref|WP_036299413.1|:1-194	194	k121_7482_3	N/A	28.947	75	152	1.71e-09	57.4
SadC_ref|WP_036299413.1|:1-194	194	k121_500305_1	N/A	37.234	48	94	2.41e-09	57.4
SadC_ref|WP_036299413.1|:1-194	194	k121_1342148_2	N/A	37.234	48	94	2.51e-09	57.4
SadC_ref|WP_036299413.1|:1-194	194	k121_1076979_2	N/A	30.657	68	137	3.77e-09	58.2
SadC_ref|WP_036299413.1|:1-194	194	k121_461402_5	N/A	37.037	41	81	4.36e-09	56.6
SadC_ref|WP_036299413.1|:1-194	194	k121_87398_3	N/A	36.458	49	96	7.98e-09	55.8
SadC_ref|WP_036299413.1|:1-194	194	k121_445562_1	N/A	35.106	48	94	1.15e-08	55.5
SadC_ref|WP_036299413.1|:1-194	194	k121_445556_1	N/A	35.106	48	94	1.15e-08	55.5
SadC_ref|WP_036299413.1|:1-194	194	k121_165006_1	N/A	27.143	69	140	1.31e-08	55.5
SadC_ref|WP_036299413.1|:1-194	194	k121_383855_1	N/A	27.097	76	155	1.41e-08	56.6
SadC_ref|WP_036299413.1|:1-194	194	k121_444303_10	N/A	38.144	49	97	1.92e-08	56.2
SadC_ref|WP_036299413.1|:1-194	194	k121_725254_2	N/A	24.375	82	160	2.41e-08	55.5
SadC_ref|WP_036299413.1|:1-194	194	k121_281281_4	N/A	37.662	39	77	2.46e-08	53.9
SadC_ref|WP_036299413.1|:1-194	194	k121_1067263_2	N/A	24.096	85	166	3.57e-08	53.9
SadC_ref|WP_036299413.1|:1-194	194	k121_274105_3	N/A	25.874	69	143	6.51e-08	53.5
SadC_ref|WP_036299413.1|:1-194	194	k121_556496_2	N/A	33.945	56	109	6.85e-08	53.1
SadC_ref|WP_036299413.1|:1-194	194	k121_693011_1	N/A	28.571	67	133	1.27e-07	53.9
SadC_ref|WP_036299413.1|:1-194	194	k121_428928_1	N/A	31.818	45	88	1.41e-07	51.2
SadC_ref|WP_036299413.1|:1-194	194	k121_532617_6	N/A	25.517	71	145	1.91e-07	52.0
SadC_ref|WP_036299413.1|:1-194	194	k121_797291_1	N/A	26.277	70	137	4.22e-07	50.8
SadC_ref|WP_036299413.1|:1-194	194	k121_1161623_1	N/A	26.667	69	135	4.32e-07	50.8
SadC_ref|WP_036299413.1|:1-194	194	k121_1365597_1	N/A	36.364	45	88	4.98e-07	50.8
SadC_ref|WP_036299413.1|:1-194	194	k121_1347517_4	N/A	38.961	39	77	5.50e-07	52.0
SadC_ref|WP_036299413.1|:1-194	194	k121_534394_1	N/A	33.735	42	83	5.91e-07	49.3
SadC_ref|WP_036299413.1|:1-194	194	k121_605556_2	N/A	37.500	45	88	6.50e-07	50.8
SadC_ref|WP_036299413.1|:1-194	194	k121_242554_2	N/A	34.066	46	91	1.46e-06	50.8
SadC_ref|WP_036299413.1|:1-194	194	k121_1194869_4	N/A	20.690	73	145	1.49e-06	49.7
SadC_ref|WP_036299413.1|:1-194	194	k121_79532_2	N/A	26.897	74	145	2.39e-06	48.9
SadC_ref|WP_036299413.1|:1-194	194	k121_153995_2	N/A	38.095	32	63	2.63e-06	48.1
SadC_ref|WP_036299413.1|:1-194	194	k121_1194577_2	N/A	23.718	79	156	2.68e-06	49.3
SadC_ref|WP_036299413.1|:1-194	194	k121_1368365_1	N/A	30.588	43	85	2.72e-06	47.4
SadC_ref|WP_036299413.1|:1-194	194	k121_691371_1	N/A	33.333	44	87	2.83e-06	49.3
SadC_ref|WP_036299413.1|:1-194	194	k121_275958_3	N/A	32.979	48	94	2.97e-06	48.9
SadC_ref|WP_036299413.1|:1-194	194	k121_1231733_1	N/A	35.714	43	84	3.41e-06	48.5
SadC_ref|WP_036299413.1|:1-194	194	k121_256786_1	N/A	35.484	47	93	3.69e-06	49.7
SadC_ref|WP_036299413.1|:1-194	194	k121_788434_1	N/A	29.839	63	124	5.29e-06	47.4
SadC_ref|WP_036299413.1|:1-194	194	k121_186887_2	N/A	32.673	51	101	5.84e-06	47.8
SadC_ref|WP_036299413.1|:1-194	194	k121_640604_1	N/A	32.877	37	73	5.90e-06	46.2
SadC_ref|WP_036299413.1|:1-194	194	k121_803356_1	N/A	34.940	42	83	6.31e-06	48.9
SadC_ref|WP_036299413.1|:1-194	194	k121_449974_1	N/A	26.207	74	145	6.53e-06	47.4
SadC_ref|WP_036299413.1|:1-194	194	k121_460653_2	N/A	35.938	33	64	6.59e-06	47.0
SadC_ref|WP_036299413.1|:1-194	194	k121_1225089_3	N/A	26.761	73	142	8.23e-06	47.4
SadC_ref|WP_036299413.1|:1-194	194	k121_1179766_1	N/A	34.884	44	86	8.74e-06	47.4
SadC_ref|WP_036299413.1|:1-194	194	k121_557199_1	N/A	34.409	47	93	8.98e-06	47.0
SadC_ref|WP_036299413.1|:1-194	194	k121_765795_2	N/A	27.481	64	131	1.10e-05	47.0
SadC_ref|WP_036299413.1|:1-194	194	k121_867021_1	N/A	33.696	47	92	1.14e-05	47.0
SadC_ref|WP_036299413.1|:1-194	194	k121_1181069_4	N/A	33.696	47	92	1.25e-05	47.0
SadC_ref|WP_036299413.1|:1-194	194	k121_1250036_1	N/A	26.357	65	129	1.25e-05	46.2
SadC_ref|WP_036299413.1|:1-194	194	k121_1366035_2	N/A	31.522	46	92	1.47e-05	46.6
SadC_ref|WP_036299413.1|:1-194	194	k121_345131_3	N/A	33.696	47	92	1.56e-05	46.6
SadC_ref|WP_036299413.1|:1-194	194	k121_242793_2	N/A	24.848	82	165	1.61e-05	46.6
SadC_ref|WP_036299413.1|:1-194	194	k121_1162205_1	N/A	24.265	70	136	2.29e-05	46.2
SadC_ref|WP_036299413.1|:1-194	194	k121_652097_1	N/A	24.828	75	145	2.31e-05	46.2
SadC_ref|WP_036299413.1|:1-194	194	k121_297332_3	N/A	28.409	45	88	2.70e-05	45.1
SadC_ref|WP_036299413.1|:1-194	194	k121_842245_6	N/A	32.955	45	88	2.87e-05	47.0
SadC_ref|WP_036299413.1|:1-194	194	k121_1001912_1	N/A	23.704	69	135	3.02e-05	45.8
SadC_ref|WP_036299413.1|:1-194	194	k121_1339371_1	N/A	23.529	70	136	3.96e-05	45.4
SadC_ref|WP_036299413.1|:1-194	194	k121_1156649_1	N/A	26.496	60	117	4.83e-05	44.7
SadC_ref|WP_036299413.1|:1-194	194	k121_1007592_2	N/A	23.448	75	145	5.19e-05	45.4
SadC_ref|WP_036299413.1|:1-194	194	k121_147822_2	N/A	37.079	46	89	7.03e-05	45.1
SadC_ref|WP_036299413.1|:1-194	194	k121_165801_3	N/A	30.769	46	91	9.97e-05	44.7
SadC_ref|WP_036299413.1|:1-194	194	k121_805057_1	N/A	24.837	78	153	1.12e-04	45.1
SadC_ref|WP_036299413.1|:1-194	194	k121_10969_4	N/A	32.609	47	92	1.15e-04	44.3
SadC_ref|WP_036299413.1|:1-194	194	k121_1222372_9	N/A	24.806	66	129	1.22e-04	44.3
SadC_ref|WP_036299413.1|:1-194	194	k121_683867_2	N/A	33.708	45	89	1.35e-04	43.9
SadC_ref|WP_036299413.1|:1-194	194	k121_221185_3	N/A	33.333	38	75	1.35e-04	42.4
SadC_ref|WP_036299413.1|:1-194	194	k121_363009_1	N/A	24.603	63	126	1.40e-04	43.5
SadC_ref|WP_036299413.1|:1-194	194	k121_564516_1	N/A	30.693	49	101	1.60e-04	44.3
SadC_ref|WP_036299413.1|:1-194	194	k121_35474_1	N/A	24.342	78	152	2.22e-04	43.5
SadC_ref|WP_036299413.1|:1-194	194	k121_1309013_1	N/A	25.424	60	118	2.65e-04	42.7
SadC_ref|WP_036299413.1|:1-194	194	k121_8965_5	N/A	27.132	66	129	2.87e-04	43.1
SadC_ref|WP_036299413.1|:1-194	194	k121_202152_1	N/A	34.211	39	76	2.93e-04	42.7
SadC_ref|WP_036299413.1|:1-194	194	k121_298019_1	N/A	28.889	46	90	3.05e-04	43.1
SadC_ref|WP_036299413.1|:1-194	194	k121_365947_11	N/A	29.885	44	87	3.47e-04	42.7
SadC_ref|WP_036299413.1|:1-194	194	k121_407909_2	N/A	24.510	53	102	4.46e-04	42.7
SadC_ref|WP_036299413.1|:1-194	194	k121_1393100_1	N/A	27.826	52	115	4.58e-04	42.7
SadC_ref|WP_036299413.1|:1-194	194	k121_806543_3	N/A	40.000	23	45	4.75e-04	41.2
SadC_ref|WP_036299413.1|:1-194	194	k121_682977_3	N/A	29.885	44	87	5.01e-04	42.4
SadC_ref|WP_036299413.1|:1-194	194	k121_53494_1	N/A	30.263	39	76	5.88e-04	42.0
SadC_ref|WP_036299413.1|:1-194	194	k121_1322118_2	N/A	22.930	79	157	6.64e-04	42.0
SadC_ref|WP_036299413.1|:1-194	194	k121_1301045_46	N/A	22.656	65	128	8.14e-04	42.0
SadC_ref|WP_036299413.1|:1-194	194	k121_735869_1	N/A	31.579	39	76	0.001	40.4
SadC_ref|WP_036299413.1|:1-194	194	k121_353250_2	N/A	27.679	58	112	0.001	41.6
SadC_ref|WP_036299413.1|:1-194	194	k121_1198571_2	N/A	24.409	65	127	0.001	40.8
SadC_ref|WP_036299413.1|:1-194	194	k121_517653_1	N/A	46.154	26	52	0.001	39.3
SadC_ref|WP_036299413.1|:1-194	194	k121_1038361_1	N/A	44.068	29	59	0.002	39.7
SadC_ref|WP_036299413.1|:1-194	194	k121_979097_1	N/A	27.907	44	86	0.003	39.3
SadC_ref|WP_036299413.1|:1-194	194	k121_1019368_1	N/A	24.242	68	132	0.003	40.0
SadC_ref|WP_036299413.1|:1-194	194	k121_273898_1	N/A	33.673	47	98	0.004	40.0
SadC_ref|WP_036299413.1|:1-194	194	k121_263649_2	N/A	27.273	61	121	0.004	39.3
SadC_ref|WP_036299413.1|:1-194	194	k121_331382_1	N/A	32.468	39	77	0.005	39.3
SadC_ref|WP_036299413.1|:1-194	194	k121_706923_2	N/A	35.593	30	59	0.006	37.7
SadC_ref|WP_036299413.1|:1-194	194	k121_566193_1	N/A	33.333	38	75	0.007	38.1
SadC_ref|WP_036299413.1|:1-194	194	k121_32921_5	N/A	37.288	30	59	0.007	37.4
SadC_ref|WP_036299413.1|:1-194	194	k121_114504_9	N/A	34.483	44	87	0.008	39.3
SadC_ref|WP_036299413.1|:1-194	194	k121_1140986_2	N/A	40.385	26	52	0.009	38.1
SadC_ref|WP_036299413.1|:1-194	194	k121_540236_2	N/A	38.000	26	50	0.010	39.3
SadC_ref|WP_036299413.1|:1-194	194	k121_1003691_1	N/A	33.333	44	87	0.012	38.5
SadC_ref|WP_036299413.1|:1-194	194	k121_1227210_4	N/A	33.333	44	87	0.012	38.5
SadC_ref|WP_036299413.1|:1-194	194	k121_115979_187	N/A	24.699	85	166	0.017	38.1
SadC_ref|WP_036299413.1|:1-194	194	k121_19905_1	N/A	31.579	39	76	0.017	37.0
SadC_ref|WP_036299413.1|:1-194	194	k121_402367_2	N/A	24.444	68	135	0.019	37.7
SadC_ref|WP_036299413.1|:1-194	194	k121_821805_2	N/A	28.571	47	91	0.031	37.4
SadC_ref|WP_036299413.1|:1-194	194	k121_1173128_1	N/A	23.913	71	138	0.032	37.4
SadC_ref|WP_036299413.1|:1-194	194	k121_1293887_2	N/A	24.627	69	134	0.037	37.0
SadC_ref|WP_036299413.1|:1-194	194	k121_19916_2	N/A	31.579	39	76	0.042	37.0
SadC_ref|WP_036299413.1|:1-194	194	k121_421529_2	N/A	38.889	27	54	0.045	35.4
SadC_ref|WP_036299413.1|:1-194	194	k121_201021_1	N/A	31.148	31	61	0.051	36.2
SadC_ref|WP_036299413.1|:1-194	194	k121_939773_2	N/A	20.497	82	161	0.076	36.2
SadC_ref|WP_036299413.1|:1-194	194	k121_646119_2	N/A	22.794	70	136	0.083	36.2
WP_000259031.1	279	k121_719372_4	N/A	100.000	100	279	0.0	553
WP_000259031.1	279	k121_407427_2	N/A	53.516	92	256	1.66e-74	231
WP_000259031.1	279	k121_40557_2	N/A	37.551	88	245	1.19e-41	147
WP_000259031.1	279	k121_352472_3	N/A	34.426	87	244	3.60e-41	145
WP_000259031.1	279	k121_104175_2	N/A	35.316	93	269	2.10e-39	142
WP_000259031.1	279	k121_415856_1	N/A	37.557	79	221	6.22e-39	140
WP_000259031.1	279	k121_541803_18	N/A	35.581	95	267	2.83e-38	138
WP_000259031.1	279	k121_1206459_31	N/A	35.433	88	254	7.28e-38	137
WP_000259031.1	279	k121_649696_1	N/A	35.950	86	242	1.60e-36	133
WP_000259031.1	279	k121_924902_3	N/A	32.342	96	269	3.81e-36	133
WP_000259031.1	279	k121_846487_1	N/A	31.599	95	269	8.32e-36	132
WP_000259031.1	279	k121_58218_2	N/A	32.852	98	277	9.10e-34	127
WP_000259031.1	279	k121_1385234_2	N/A	34.553	88	246	1.06e-33	127
WP_000259031.1	279	k121_1105425_1	N/A	33.636	78	220	2.88e-32	121
WP_000259031.1	279	k121_490058_2	N/A	36.179	88	246	1.44e-31	121
WP_000259031.1	279	k121_485242_1	N/A	36.683	68	199	9.90e-31	116
WP_000259031.1	279	k121_927457_3	N/A	34.419	76	215	1.29e-30	117
WP_000259031.1	279	k121_188178_3	N/A	33.600	88	250	1.74e-30	118
WP_000259031.1	279	k121_485462_21	N/A	31.600	88	250	2.49e-30	117
WP_000259031.1	279	k121_1080437_2	N/A	29.545	93	264	5.15e-30	119
WP_000259031.1	279	k121_69561_6	N/A	32.103	91	271	7.98e-30	116
WP_000259031.1	279	k121_702446_6	N/A	30.403	94	273	1.12e-29	116
WP_000259031.1	279	k121_967396_3	N/A	28.996	95	269	2.01e-29	115
WP_000259031.1	279	k121_532975_2	N/A	33.962	91	265	2.88e-29	115
WP_000259031.1	279	k121_1028385_7	N/A	31.136	96	273	7.51e-29	114
WP_000259031.1	279	k121_621778_5	N/A	31.481	77	216	1.60e-28	112
WP_000259031.1	279	k121_513006_1	N/A	29.070	91	258	3.42e-28	112
WP_000259031.1	279	k121_745378_1	N/A	31.111	80	225	4.02e-28	110
WP_000259031.1	279	k121_209975_1	N/A	35.981	76	214	4.51e-28	112
WP_000259031.1	279	k121_955925_1	N/A	33.190	82	232	1.07e-27	110
WP_000259031.1	279	k121_1351668_2	N/A	35.081	88	248	1.70e-27	110
WP_000259031.1	279	k121_572817_1	N/A	30.233	77	215	2.26e-27	109
WP_000259031.1	279	k121_716938_2	N/A	31.203	93	266	2.78e-27	109
WP_000259031.1	279	k121_976536_2	N/A	35.659	89	258	5.13e-27	109
WP_000259031.1	279	k121_766667_5	N/A	29.520	96	271	5.25e-27	108
WP_000259031.1	279	k121_833603_2	N/A	36.697	78	218	6.69e-27	108
WP_000259031.1	279	k121_1096074_1	N/A	38.182	77	220	7.51e-27	108
WP_000259031.1	279	k121_937686_1	N/A	33.636	76	220	1.21e-26	106
WP_000259031.1	279	k121_745497_9	N/A	33.333	88	249	2.23e-26	107
WP_000259031.1	279	k121_1333876_1	N/A	30.534	91	262	2.57e-26	107
WP_000259031.1	279	k121_1016930_12	N/A	28.185	92	259	2.61e-26	107
WP_000259031.1	279	k121_789685_1	N/A	30.980	88	255	4.18e-26	108
WP_000259031.1	279	k121_132920_50	N/A	29.368	94	269	6.17e-26	106
WP_000259031.1	279	k121_873543_2	N/A	28.458	90	253	7.51e-26	105
WP_000259031.1	279	k121_553154_1	N/A	30.000	91	260	3.30e-25	104
WP_000259031.1	279	k121_37718_1	N/A	30.653	70	199	3.51e-25	102
WP_000259031.1	279	k121_796348_46	N/A	34.091	77	220	3.59e-25	104
WP_000259031.1	279	k121_477216_2	N/A	28.405	91	257	4.16e-25	103
WP_000259031.1	279	k121_846596_2	N/A	29.496	93	278	4.48e-25	104
WP_000259031.1	279	k121_864541_7	N/A	36.404	81	228	6.69e-25	103
WP_000259031.1	279	k121_1053767_2	N/A	32.283	88	254	1.33e-24	102
WP_000259031.1	279	k121_427039_1	N/A	32.046	88	259	2.22e-24	103
WP_000259031.1	279	k121_95385_2	N/A	33.569	98	283	3.59e-24	102
WP_000259031.1	279	k121_346945_2	N/A	30.451	95	266	3.71e-24	101
WP_000259031.1	279	k121_517576_1	N/A	28.016	91	257	3.88e-24	101
WP_000259031.1	279	k121_277579_1	N/A	28.516	91	256	7.40e-24	100
WP_000259031.1	279	k121_174460_1	N/A	32.273	78	220	1.60e-23	98.6
WP_000259031.1	279	k121_724947_1	N/A	31.301	87	246	1.63e-23	99.4
WP_000259031.1	279	k121_301050_1	N/A	30.516	75	213	1.63e-23	98.6
WP_000259031.1	279	k121_916062_1	N/A	33.929	78	224	1.81e-23	100
WP_000259031.1	279	k121_59622_1	N/A	28.889	95	270	2.21e-23	99.4
WP_000259031.1	279	k121_528180_2	N/A	35.185	58	162	2.59e-23	96.3
WP_000259031.1	279	k121_223567_2	N/A	28.899	78	218	3.12e-23	98.6
WP_000259031.1	279	k121_616052_2	N/A	32.129	88	249	4.29e-23	98.6
WP_000259031.1	279	k121_721690_1	N/A	32.402	63	179	4.72e-23	96.7
WP_000259031.1	279	k121_1053042_1	N/A	29.717	74	212	2.26e-22	95.1
WP_000259031.1	279	k121_33374_279	N/A	31.599	94	269	2.58e-22	96.7
WP_000259031.1	279	k121_822642_2	N/A	32.157	88	255	2.59e-22	96.7
WP_000259031.1	279	k121_589931_3	N/A	28.676	91	272	2.61e-22	97.1
WP_000259031.1	279	k121_635628_1	N/A	34.896	66	192	3.29e-22	94.4
WP_000259031.1	279	k121_1043979_18	N/A	28.625	95	269	4.09e-22	95.9
WP_000259031.1	279	k121_486719_3	N/A	29.344	88	259	4.74e-22	96.3
WP_000259031.1	279	k121_894059_2	N/A	31.439	92	264	5.95e-22	96.7
WP_000259031.1	279	k121_591501_1	N/A	30.702	78	228	5.73e-21	92.0
WP_000259031.1	279	k121_1069415_1	N/A	36.585	44	123	1.41e-20	88.6
WP_000259031.1	279	k121_944936_1	N/A	29.004	82	231	2.56e-20	89.7
WP_000259031.1	279	k121_395752_2	N/A	30.994	61	171	4.80e-20	88.6
WP_000259031.1	279	k121_1098226_2	N/A	34.703	76	219	5.71e-20	90.1
WP_000259031.1	279	k121_985874_1	N/A	29.949	69	197	7.63e-20	88.6
WP_000259031.1	279	k121_456249_1	N/A	28.972	76	214	1.04e-19	88.2
WP_000259031.1	279	k121_93036_2	N/A	28.713	72	202	1.82e-19	87.0
WP_000259031.1	279	k121_849496_1	N/A	28.413	94	271	2.57e-19	88.6
WP_000259031.1	279	k121_1364312_1	N/A	30.899	63	178	4.48e-19	86.3
WP_000259031.1	279	k121_1068562_1	N/A	30.453	84	243	4.60e-19	87.4
WP_000259031.1	279	k121_580617_2	N/A	27.490	88	251	5.67e-19	87.4
WP_000259031.1	279	k121_636998_2	N/A	36.975	43	119	6.45e-19	83.2
WP_000259031.1	279	k121_1027484_1	N/A	32.418	62	182	8.40e-19	84.7
WP_000259031.1	279	k121_1052357_1	N/A	35.196	61	179	8.45e-19	85.1
WP_000259031.1	279	k121_1248692_1	N/A	32.569	75	218	8.52e-19	86.3
WP_000259031.1	279	k121_787345_2	N/A	28.938	95	273	1.35e-18	86.3
WP_000259031.1	279	k121_806060_1	N/A	34.118	58	170	3.81e-18	82.8
WP_000259031.1	279	k121_905700_2	N/A	30.455	77	220	5.66e-18	83.6
WP_000259031.1	279	k121_112054_1	N/A	30.857	62	175	8.08e-18	82.4
WP_000259031.1	279	k121_288886_76	N/A	32.000	88	250	8.18e-18	85.5
WP_000259031.1	279	k121_731595_1	N/A	33.065	44	124	9.64e-18	81.3
WP_000259031.1	279	k121_543164_3	N/A	27.984	81	243	1.94e-17	82.8
WP_000259031.1	279	k121_395025_1	N/A	32.317	58	164	6.59e-17	79.7
WP_000259031.1	279	k121_1326967_2	N/A	40.625	46	128	7.98e-17	78.6
WP_000259031.1	279	k121_689090_2	N/A	32.258	44	124	8.85e-17	78.6
WP_000259031.1	279	k121_62971_5	N/A	27.193	80	228	1.14e-16	81.3
WP_000259031.1	279	k121_1106815_2	N/A	31.383	66	188	2.47e-16	79.0
WP_000259031.1	279	k121_1182737_2	N/A	26.721	83	247	3.46e-16	79.3
WP_000259031.1	279	k121_632659_2	N/A	42.574	36	101	3.97e-16	75.9
WP_000259031.1	279	k121_1004682_1	N/A	35.032	56	157	4.10e-16	78.2
WP_000259031.1	279	k121_480384_2	N/A	30.806	75	211	5.83e-16	78.2
WP_000259031.1	279	k121_823096_1	N/A	30.675	57	163	9.52e-16	76.3
WP_000259031.1	279	k121_540352_1	N/A	37.383	38	107	1.03e-15	75.1
WP_000259031.1	279	k121_100880_2	N/A	41.667	34	96	1.16e-15	74.3
WP_000259031.1	279	k121_332168_1	N/A	27.459	85	244	1.28e-15	77.8
WP_000259031.1	279	k121_1236860_3	N/A	33.200	88	250	1.69e-15	79.0
WP_000259031.1	279	k121_329906_1	N/A	30.814	58	172	1.75e-15	76.3
WP_000259031.1	279	k121_1116470_1	N/A	32.540	44	126	2.18e-15	74.7
WP_000259031.1	279	k121_809651_1	N/A	28.415	63	183	2.23e-15	76.3
WP_000259031.1	279	k121_115964_2	N/A	37.795	44	127	2.87e-15	74.3
WP_000259031.1	279	k121_396509_1	N/A	27.717	63	184	3.15e-15	76.3
WP_000259031.1	279	k121_1040036_1	N/A	34.677	44	124	3.38e-15	73.9
WP_000259031.1	279	k121_733375_1	N/A	31.373	73	204	3.77e-15	75.5
WP_000259031.1	279	k121_153271_1	N/A	26.374	63	182	4.73e-15	75.1
WP_000259031.1	279	k121_1011168_1	N/A	33.333	41	117	7.17e-15	73.2
WP_000259031.1	279	k121_613170_1	N/A	40.196	37	102	1.12e-14	72.0
WP_000259031.1	279	k121_629052_1	N/A	31.073	62	177	1.21e-14	73.6
WP_000259031.1	279	k121_65994_2	N/A	28.409	62	176	1.62e-14	72.8
WP_000259031.1	279	k121_1154588_2	N/A	40.206	35	97	3.07e-14	70.9
WP_000259031.1	279	k121_112104_1	N/A	33.143	62	175	3.87e-14	72.8
WP_000259031.1	279	k121_798595_1	N/A	38.710	33	93	6.03e-14	70.5
WP_000259031.1	279	k121_18529_1	N/A	30.058	58	173	6.94e-14	72.0
WP_000259031.1	279	k121_1181750_1	N/A	34.101	76	217	1.12e-13	72.4
WP_000259031.1	279	k121_243412_19	N/A	29.778	76	225	2.35e-13	72.0
WP_000259031.1	279	k121_1151553_1	N/A	37.209	44	129	2.59e-13	69.7
WP_000259031.1	279	k121_755321_1	N/A	34.127	44	126	2.91e-13	70.9
WP_000259031.1	279	k121_688117_1	N/A	38.835	37	103	2.99e-13	69.3
WP_000259031.1	279	k121_1186069_1	N/A	31.034	52	145	4.64e-13	69.3
WP_000259031.1	279	k121_866539_1	N/A	29.839	44	124	6.01e-13	68.2
WP_000259031.1	279	k121_22109_1	N/A	32.571	61	175	6.95e-13	68.9
WP_000259031.1	279	k121_798584_3	N/A	30.719	54	153	7.55e-13	68.6
WP_000259031.1	279	k121_385646_2	N/A	29.474	68	190	4.86e-12	66.6
WP_000259031.1	279	k121_214101_2	N/A	26.437	61	174	7.19e-12	65.9
WP_000259031.1	279	k121_1201856_1	N/A	36.449	38	107	1.07e-11	64.7
WP_000259031.1	279	k121_1094450_1	N/A	34.759	59	187	1.66e-11	65.5
WP_000259031.1	279	k121_138655_2	N/A	33.654	37	104	3.26e-11	64.7
WP_000259031.1	279	k121_1020914_1	N/A	31.776	38	107	3.46e-11	63.9
WP_000259031.1	279	k121_81386_1	N/A	32.812	44	128	9.03e-11	62.4
WP_000259031.1	279	k121_108484_2	N/A	34.234	40	111	1.55e-10	62.8
WP_000259031.1	279	k121_648681_1	N/A	37.288	41	118	2.20e-10	61.2
WP_000259031.1	279	k121_238965_1	N/A	30.189	38	106	3.03e-10	60.1
WP_000259031.1	279	k121_1146161_2	N/A	38.793	39	116	3.62e-10	60.5
WP_000259031.1	279	k121_307702_1	N/A	28.221	58	163	3.73e-10	60.8
WP_000259031.1	279	k121_1205023_1	N/A	27.381	60	168	3.81e-10	60.8
WP_000259031.1	279	k121_1364822_1	N/A	31.469	51	143	4.07e-10	60.8
WP_000259031.1	279	k121_412914_1	N/A	31.068	37	103	4.68e-10	60.5
WP_000259031.1	279	k121_316395_1	N/A	28.931	57	159	5.19e-10	60.5
WP_000259031.1	279	k121_1388814_2	N/A	42.553	33	94	5.36e-10	58.9
WP_000259031.1	279	k121_512411_1	N/A	38.889	38	108	1.26e-09	58.5
WP_000259031.1	279	k121_1102453_1	N/A	27.778	64	180	1.50e-09	59.3
WP_000259031.1	279	k121_1390766_3	N/A	36.905	29	84	1.55e-09	57.8
WP_000259031.1	279	k121_644780_1	N/A	31.933	37	119	1.97e-09	57.8
WP_000259031.1	279	k121_1372275_2	N/A	39.080	31	87	5.35e-09	56.2
WP_000259031.1	279	k121_1263832_2	N/A	31.461	31	89	5.82e-09	55.8
WP_000259031.1	279	k121_695640_2	N/A	37.778	32	90	8.97e-09	55.8
WP_000259031.1	279	k121_602524_2	N/A	28.000	53	150	9.90e-09	56.6
WP_000259031.1	279	k121_1389459_1	N/A	29.333	53	150	9.98e-09	56.6
WP_000259031.1	279	k121_1354136_1	N/A	34.000	36	100	1.36e-08	56.2
WP_000259031.1	279	k121_1346206_1	N/A	29.126	37	103	2.09e-08	55.5
WP_000259031.1	279	k121_649974_1	N/A	35.455	36	110	2.16e-08	55.1
WP_000259031.1	279	k121_1369816_2	N/A	33.708	32	89	2.18e-08	54.3
WP_000259031.1	279	k121_596454_1	N/A	25.974	55	154	2.34e-08	55.5
WP_000259031.1	279	k121_927400_2	N/A	29.310	42	116	2.88e-08	54.7
WP_000259031.1	279	k121_227248_2	N/A	33.333	26	72	3.97e-08	53.1
WP_000259031.1	279	k121_1332678_1	N/A	30.928	33	97	4.82e-08	53.5
WP_000259031.1	279	k121_269590_1	N/A	42.169	30	83	5.22e-08	54.7
WP_000259031.1	279	k121_506504_1	N/A	42.857	33	91	6.08e-08	53.1
WP_000259031.1	279	k121_732015_1	N/A	37.313	24	67	1.46e-07	51.6
WP_000259031.1	279	k121_423929_1	N/A	30.469	44	128	2.77e-07	52.4
WP_000259031.1	279	k121_625687_2	N/A	36.082	33	97	2.85e-07	53.1
WP_000259031.1	279	k121_867540_2	N/A	27.586	58	174	2.86e-07	53.5
WP_000259031.1	279	k121_36429_2	N/A	30.719	53	153	3.55e-07	52.0
WP_000259031.1	279	k121_697078_1	N/A	40.000	23	65	3.65e-07	50.4
WP_000259031.1	279	k121_1291782_1	N/A	26.136	57	176	4.44e-07	52.4
WP_000259031.1	279	k121_216630_2	N/A	32.692	37	104	4.71e-07	50.8
WP_000259031.1	279	k121_757265_1	N/A	34.426	44	122	6.61e-07	50.8
WP_000259031.1	279	k121_1088233_2	N/A	27.586	42	116	8.88e-07	50.4
WP_000259031.1	279	k121_453763_1	N/A	36.364	24	66	9.99e-07	49.3
WP_000259031.1	279	k121_695825_2	N/A	41.053	34	95	1.03e-06	49.7
WP_000259031.1	279	k121_842334_2	N/A	34.028	48	144	1.06e-06	50.8
WP_000259031.1	279	k121_756336_1	N/A	26.012	56	173	1.08e-06	51.2
WP_000259031.1	279	k121_751995_1	N/A	29.054	52	148	1.11e-06	51.2
WP_000259031.1	279	k121_443094_2	N/A	40.323	22	62	1.53e-06	48.9
WP_000259031.1	279	k121_1047127_2	N/A	27.465	50	142	1.68e-06	50.4
WP_000259031.1	279	k121_502733_2	N/A	30.833	43	120	1.74e-06	50.1
WP_000259031.1	279	k121_1102803_2	N/A	40.000	30	85	1.85e-06	48.9
WP_000259031.1	279	k121_954080_2	N/A	28.931	56	159	3.70e-06	49.7
WP_000259031.1	279	k121_41619_1	N/A	26.724	41	116	5.41e-06	48.1
WP_000259031.1	279	k121_889279_1	N/A	33.333	24	66	5.95e-06	47.0
WP_000259031.1	279	k121_71503_2	N/A	39.189	27	74	1.16e-05	45.8
WP_000259031.1	279	k121_1062009_1	N/A	28.571	35	98	1.33e-05	47.8
WP_000259031.1	279	k121_1288118_2	N/A	40.984	22	61	1.42e-05	45.4
WP_000259031.1	279	k121_776416_2	N/A	47.887	25	71	1.43e-05	46.6
WP_000259031.1	279	k121_1349753_1	N/A	27.273	55	165	2.69e-05	47.0
WP_000259031.1	279	k121_19648_1	N/A	30.337	31	89	3.95e-05	44.7
WP_000259031.1	279	k121_966723_1	N/A	31.818	24	66	4.70e-05	44.7
WP_000259031.1	279	k121_412095_2	N/A	39.773	31	88	4.71e-05	47.4
WP_000259031.1	279	k121_48774_2	N/A	30.769	44	130	4.86e-05	45.4
WP_000259031.1	279	k121_245123_1	N/A	28.800	44	125	5.18e-05	46.6
WP_000259031.1	279	k121_1036229_12	N/A	33.981	37	103	8.82e-05	45.8
WP_000259031.1	279	k121_661125_4	N/A	31.056	53	161	1.24e-04	45.4
WP_000259031.1	279	k121_1392155_1	N/A	30.935	49	139	2.47e-04	44.3
WP_000259031.1	279	k121_725264_2	N/A	29.245	38	106	2.85e-04	42.7
WP_000259031.1	279	k121_236797_1	N/A	29.885	30	87	6.70e-04	41.6
WP_000259031.1	279	k121_158414_2	N/A	37.288	21	59	7.41e-04	40.8
WP_000259031.1	279	k121_560176_2	N/A	41.176	24	68	8.80e-04	40.4
WP_000259031.1	279	k121_780217_1	N/A	28.667	53	150	0.017	38.9
WP_000259031.1	279	k121_211712_1	N/A	33.043	41	115	0.021	38.5
WP_000259031.1	279	k121_359519_1	N/A	23.577	44	123	0.043	37.0
WP_001043260.1	271	k121_407427_2	N/A	100.000	100	271	0.0	528
WP_001043260.1	271	k121_719372_4	N/A	53.516	94	256	1.76e-83	254
WP_001043260.1	271	k121_1206459_31	N/A	37.079	96	267	5.10e-50	169
WP_001043260.1	271	k121_352472_3	N/A	35.769	96	260	6.66e-50	167
WP_001043260.1	271	k121_485462_21	N/A	35.556	97	270	6.98e-49	166
WP_001043260.1	271	k121_541803_18	N/A	37.786	96	262	4.18e-48	163
WP_001043260.1	271	k121_924902_3	N/A	36.122	97	263	2.41e-47	162
WP_001043260.1	271	k121_104175_2	N/A	35.955	96	267	2.84e-47	162
WP_001043260.1	271	k121_40557_2	N/A	36.015	96	261	1.09e-46	160
WP_001043260.1	271	k121_846487_1	N/A	34.231	96	260	9.11e-46	157
WP_001043260.1	271	k121_702446_6	N/A	34.962	97	266	2.83e-44	154
WP_001043260.1	271	k121_415856_1	N/A	38.249	80	217	1.11e-43	152
WP_001043260.1	271	k121_833603_2	N/A	41.085	95	258	1.44e-41	147
WP_001043260.1	271	k121_649696_1	N/A	35.945	80	217	4.16e-40	142
WP_001043260.1	271	k121_1028385_7	N/A	33.333	96	261	9.63e-40	142
WP_001043260.1	271	k121_188178_3	N/A	35.887	90	248	2.37e-39	141
WP_001043260.1	271	k121_1385234_2	N/A	35.849	96	265	9.07e-39	140
WP_001043260.1	271	k121_616052_2	N/A	36.502	95	263	5.57e-38	137
WP_001043260.1	271	k121_621778_5	N/A	32.046	94	259	7.75e-38	136
WP_001043260.1	271	k121_346945_2	N/A	35.688	95	269	2.28e-37	136
WP_001043260.1	271	k121_58218_2	N/A	35.887	91	248	3.12e-37	135
WP_001043260.1	271	k121_894059_2	N/A	37.918	95	269	5.39e-37	136
WP_001043260.1	271	k121_1053767_2	N/A	35.448	96	268	6.26e-37	135
WP_001043260.1	271	k121_1105425_1	N/A	35.652	85	230	1.00e-36	133
WP_001043260.1	271	k121_716938_2	N/A	34.646	92	254	1.24e-36	133
WP_001043260.1	271	k121_209975_1	N/A	37.184	97	277	4.72e-36	132
WP_001043260.1	271	k121_1096074_1	N/A	36.782	95	261	7.26e-36	131
WP_001043260.1	271	k121_589931_3	N/A	33.212	95	274	1.00e-35	132
WP_001043260.1	271	k121_37718_1	N/A	32.524	76	206	1.53e-35	129
WP_001043260.1	271	k121_1351668_2	N/A	37.692	95	260	1.63e-35	131
WP_001043260.1	271	k121_846596_2	N/A	32.491	96	277	1.76e-35	131
WP_001043260.1	271	k121_967396_3	N/A	30.153	95	262	7.53e-35	129
WP_001043260.1	271	k121_1098226_2	N/A	37.132	97	272	1.61e-34	128
WP_001043260.1	271	k121_174460_1	N/A	36.530	80	219	4.27e-34	126
WP_001043260.1	271	k121_33374_279	N/A	32.707	96	266	4.28e-34	127
WP_001043260.1	271	k121_766667_5	N/A	30.534	96	262	5.61e-34	127
WP_001043260.1	271	k121_789685_1	N/A	33.462	91	260	6.83e-34	130
WP_001043260.1	271	k121_905700_2	N/A	37.327	79	217	9.12e-34	125
WP_001043260.1	271	k121_490058_2	N/A	35.271	95	258	1.24e-33	126
WP_001043260.1	271	k121_745497_9	N/A	33.080	97	263	1.47e-33	125
WP_001043260.1	271	k121_724947_1	N/A	32.645	89	242	3.99e-33	124
WP_001043260.1	271	k121_223567_2	N/A	34.457	96	267	9.06e-33	123
WP_001043260.1	271	k121_955925_1	N/A	33.649	77	211	2.47e-32	122
WP_001043260.1	271	k121_572817_1	N/A	31.707	90	246	2.74e-32	122
WP_001043260.1	271	k121_927457_3	N/A	33.632	81	223	2.91e-32	121
WP_001043260.1	271	k121_721690_1	N/A	35.795	64	176	2.95e-32	120
WP_001043260.1	271	k121_1016930_12	N/A	32.400	91	250	2.98e-32	122
WP_001043260.1	271	k121_153271_1	N/A	35.176	71	199	3.46e-32	120
WP_001043260.1	271	k121_822642_2	N/A	32.946	95	258	4.36e-32	122
WP_001043260.1	271	k121_864541_7	N/A	38.697	95	261	5.22e-32	122
WP_001043260.1	271	k121_1068562_1	N/A	36.036	79	222	5.43e-32	121
WP_001043260.1	271	k121_976536_2	N/A	35.379	99	277	7.50e-32	121
WP_001043260.1	271	k121_485242_1	N/A	36.082	69	194	9.52e-32	119
WP_001043260.1	271	k121_532975_2	N/A	33.333	96	270	2.02e-31	121
WP_001043260.1	271	k121_553154_1	N/A	30.120	91	249	3.42e-31	119
WP_001043260.1	271	k121_1027484_1	N/A	36.723	63	177	1.07e-30	115
WP_001043260.1	271	k121_745378_1	N/A	34.579	77	214	1.20e-30	117
WP_001043260.1	271	k121_937686_1	N/A	34.101	77	217	3.23e-30	115
WP_001043260.1	271	k121_513006_1	N/A	28.244	95	262	4.47e-30	117
WP_001043260.1	271	k121_517576_1	N/A	27.273	96	264	1.35e-29	115
WP_001043260.1	271	k121_809651_1	N/A	32.821	69	195	2.13e-29	113
WP_001043260.1	271	k121_1106815_2	N/A	36.458	70	192	2.60e-29	113
WP_001043260.1	271	k121_59622_1	N/A	30.418	96	263	2.69e-29	114
WP_001043260.1	271	k121_1080437_2	N/A	29.368	96	269	3.63e-29	116
WP_001043260.1	271	k121_796348_46	N/A	32.963	96	270	3.88e-29	114
WP_001043260.1	271	k121_477216_2	N/A	27.547	96	265	4.18e-29	114
WP_001043260.1	271	k121_427039_1	N/A	35.200	90	250	1.89e-28	114
WP_001043260.1	271	k121_731595_1	N/A	41.935	45	124	2.93e-28	108
WP_001043260.1	271	k121_873543_2	N/A	28.682	94	258	4.79e-28	110
WP_001043260.1	271	k121_528180_2	N/A	36.646	59	161	8.47e-28	107
WP_001043260.1	271	k121_1043979_18	N/A	28.517	96	263	1.70e-27	110
WP_001043260.1	271	k121_1248692_1	N/A	35.814	77	215	1.94e-27	108
WP_001043260.1	271	k121_396509_1	N/A	30.693	71	202	2.78e-27	108
WP_001043260.1	271	k121_1333876_1	N/A	32.000	89	250	1.66e-26	108
WP_001043260.1	271	k121_1182737_2	N/A	31.092	83	238	2.84e-26	106
WP_001043260.1	271	k121_635628_1	N/A	34.946	68	186	3.15e-26	104
WP_001043260.1	271	k121_580617_2	N/A	31.200	90	250	5.24e-26	106
WP_001043260.1	271	k121_243412_19	N/A	32.014	95	278	5.44e-26	106
WP_001043260.1	271	k121_733375_1	N/A	34.975	75	203	5.69e-26	104
WP_001043260.1	271	k121_132920_50	N/A	27.969	95	261	8.43e-26	105
WP_001043260.1	271	k121_277579_1	N/A	29.502	95	261	1.34e-25	104
WP_001043260.1	271	k121_916062_1	N/A	33.333	97	270	2.02e-25	105
WP_001043260.1	271	k121_689090_2	N/A	41.129	45	124	2.43e-25	100
WP_001043260.1	271	k121_18529_1	N/A	34.320	60	169	2.80e-25	102
WP_001043260.1	271	k121_613170_1	N/A	51.485	37	101	3.34e-25	99.8
WP_001043260.1	271	k121_543164_3	N/A	31.381	83	239	7.00e-25	102
WP_001043260.1	271	k121_480384_2	N/A	35.981	77	214	7.24e-25	101
WP_001043260.1	271	k121_849496_1	N/A	32.971	98	276	7.80e-25	103
WP_001043260.1	271	k121_69561_6	N/A	29.104	95	268	9.59e-25	102
WP_001043260.1	271	k121_486719_3	N/A	32.184	90	261	1.41e-24	102
WP_001043260.1	271	k121_540352_1	N/A	46.602	38	103	1.60e-24	98.2
WP_001043260.1	271	k121_1364312_1	N/A	33.898	64	177	2.86e-24	100
WP_001043260.1	271	k121_95385_2	N/A	29.779	97	272	4.45e-24	102
WP_001043260.1	271	k121_288886_76	N/A	35.628	90	247	4.52e-24	102
WP_001043260.1	271	k121_112054_1	N/A	33.714	64	175	8.82e-24	97.8
WP_001043260.1	271	k121_985874_1	N/A	33.523	64	176	1.27e-23	98.2
WP_001043260.1	271	k121_1020914_1	N/A	45.000	37	100	3.97e-23	95.9
WP_001043260.1	271	k121_1236860_3	N/A	32.389	90	247	4.79e-23	99.8
WP_001043260.1	271	k121_301050_1	N/A	30.047	77	213	4.99e-23	97.1
WP_001043260.1	271	k121_115964_2	N/A	40.458	46	131	1.58e-22	93.6
WP_001043260.1	271	k121_412914_1	N/A	43.000	37	100	1.68e-22	94.0
WP_001043260.1	271	k121_214101_2	N/A	31.176	62	170	2.25e-22	94.4
WP_001043260.1	271	k121_1040036_1	N/A	39.516	45	124	2.48e-22	92.8
WP_001043260.1	271	k121_395752_2	N/A	29.586	62	169	3.42e-22	94.0
WP_001043260.1	271	k121_866539_1	N/A	38.168	48	131	3.64e-22	92.8
WP_001043260.1	271	k121_329906_1	N/A	31.737	59	167	4.83e-22	93.6
WP_001043260.1	271	k121_1369816_2	N/A	49.412	31	85	5.32e-22	90.9
WP_001043260.1	271	k121_1151553_1	N/A	36.601	56	153	7.40e-22	92.4
WP_001043260.1	271	k121_238965_1	N/A	43.689	38	103	1.45e-21	90.5
WP_001043260.1	271	k121_395025_1	N/A	36.420	59	162	1.51e-21	92.0
WP_001043260.1	271	k121_1069415_1	N/A	37.903	46	124	2.62e-21	90.5
WP_001043260.1	271	k121_332168_1	N/A	27.419	90	248	5.21e-21	92.0
WP_001043260.1	271	k121_1004682_1	N/A	32.536	75	209	4.84e-20	88.6
WP_001043260.1	271	k121_112104_1	N/A	35.057	64	174	5.49e-20	88.6
WP_001043260.1	271	k121_688117_1	N/A	42.308	38	104	6.04e-20	87.4
WP_001043260.1	271	k121_944936_1	N/A	27.928	81	222	1.29e-19	87.8
WP_001043260.1	271	k121_636998_2	N/A	41.176	38	102	5.71e-19	83.2
WP_001043260.1	271	k121_1116470_1	N/A	36.220	45	127	5.86e-19	84.3
WP_001043260.1	271	k121_1346206_1	N/A	40.000	37	100	7.49e-19	84.0
WP_001043260.1	271	k121_1011168_1	N/A	38.462	42	117	8.49e-19	83.6
WP_001043260.1	271	k121_806060_1	N/A	34.132	59	167	1.40e-18	83.6
WP_001043260.1	271	k121_62971_5	N/A	31.752	97	274	1.53e-18	86.3
WP_001043260.1	271	k121_755321_1	N/A	37.984	47	129	1.83e-18	85.1
WP_001043260.1	271	k121_81386_1	N/A	34.868	55	152	5.23e-18	82.0
WP_001043260.1	271	k121_1053042_1	N/A	28.972	77	214	5.43e-18	83.2
WP_001043260.1	271	k121_1181750_1	N/A	35.185	78	216	6.04e-18	84.0
WP_001043260.1	271	k121_1052357_1	N/A	32.796	68	186	8.73e-18	82.4
WP_001043260.1	271	k121_798584_3	N/A	33.553	55	152	9.15e-18	81.6
WP_001043260.1	271	k121_456249_1	N/A	26.606	78	218	2.76e-17	81.3
WP_001043260.1	271	k121_787345_2	N/A	28.832	97	274	4.74e-17	82.0
WP_001043260.1	271	k121_695640_2	N/A	42.857	34	91	7.73e-17	77.8
WP_001043260.1	271	k121_19648_1	N/A	45.882	30	85	1.28e-16	76.3
WP_001043260.1	271	k121_591501_1	N/A	29.646	80	226	7.89e-16	77.8
WP_001043260.1	271	k121_138655_2	N/A	37.500	38	104	8.09e-16	77.4
WP_001043260.1	271	k121_1332678_1	N/A	40.206	34	97	1.13e-15	74.3
WP_001043260.1	271	k121_966723_1	N/A	42.857	28	77	1.48e-15	73.6
WP_001043260.1	271	k121_697078_1	N/A	50.000	24	66	1.65e-15	73.2
WP_001043260.1	271	k121_100880_2	N/A	41.121	39	107	3.81e-15	73.2
WP_001043260.1	271	k121_93036_2	N/A	24.500	73	200	4.55e-15	75.1
WP_001043260.1	271	k121_629052_1	N/A	34.091	63	176	1.74e-14	73.2
WP_001043260.1	271	k121_889279_1	N/A	50.000	24	66	4.33e-14	69.3
WP_001043260.1	271	k121_632659_2	N/A	37.607	43	117	6.19e-14	70.1
WP_001043260.1	271	k121_227248_2	N/A	43.478	25	69	8.39e-14	68.6
WP_001043260.1	271	k121_1154588_2	N/A	34.167	44	120	9.82e-14	69.3
WP_001043260.1	271	k121_316395_1	N/A	30.370	50	135	1.77e-13	70.1
WP_001043260.1	271	k121_732015_1	N/A	44.776	25	67	3.06e-13	67.0
WP_001043260.1	271	k121_1388814_2	N/A	40.000	39	105	3.82e-13	67.4
WP_001043260.1	271	k121_1036229_12	N/A	43.860	42	114	4.17e-13	69.3
WP_001043260.1	271	k121_108484_2	N/A	38.000	37	100	6.41e-13	69.3
WP_001043260.1	271	k121_756336_1	N/A	31.638	58	177	7.75e-13	68.2
WP_001043260.1	271	k121_1263832_2	N/A	38.095	30	84	1.55e-12	65.9
WP_001043260.1	271	k121_1390766_3	N/A	40.698	31	86	3.39e-12	65.1
WP_001043260.1	271	k121_385646_2	N/A	27.957	68	186	5.88e-12	66.2
WP_001043260.1	271	k121_644780_1	N/A	36.134	38	119	6.11e-12	64.3
WP_001043260.1	271	k121_1291782_1	N/A	31.655	48	139	8.41e-12	65.5
WP_001043260.1	271	k121_453763_1	N/A	43.939	24	66	1.04e-11	62.8
WP_001043260.1	271	k121_512411_1	N/A	31.387	49	137	1.23e-11	63.9
WP_001043260.1	271	k121_1288118_2	N/A	42.857	23	63	1.88e-11	61.6
WP_001043260.1	271	k121_22109_1	N/A	32.143	69	196	2.49e-11	64.7
WP_001043260.1	271	k121_1326967_2	N/A	39.640	39	111	3.65e-11	63.2
WP_001043260.1	271	k121_1389459_1	N/A	33.929	61	168	9.30e-11	62.4
WP_001043260.1	271	k121_1094450_1	N/A	30.508	61	177	9.45e-11	63.2
WP_001043260.1	271	k121_1062009_1	N/A	31.633	36	98	1.65e-10	61.6
WP_001043260.1	271	k121_823304_1	N/A	49.057	20	53	1.80e-10	58.9
WP_001043260.1	271	k121_1201856_1	N/A	29.139	56	151	2.29e-10	60.8
WP_001043260.1	271	k121_423929_1	N/A	34.375	46	128	2.36e-10	60.8
WP_001043260.1	271	k121_1102453_1	N/A	26.163	63	172	3.40e-10	60.8
WP_001043260.1	271	k121_1186069_1	N/A	28.671	53	143	5.41e-10	60.5
WP_001043260.1	271	k121_443094_2	N/A	42.029	25	69	6.04e-10	58.2
WP_001043260.1	271	k121_842334_2	N/A	32.903	52	155	9.43e-10	59.3
WP_001043260.1	271	k121_1354136_1	N/A	36.000	37	100	2.80e-09	58.2
WP_001043260.1	271	k121_823096_1	N/A	29.012	58	162	2.84e-09	58.2
WP_001043260.1	271	k121_1146161_2	N/A	37.405	46	131	2.99e-09	57.8
WP_001043260.1	271	k121_649974_1	N/A	32.800	43	125	3.49e-09	57.0
WP_001043260.1	271	k121_48774_2	N/A	32.456	39	114	4.58e-09	56.6
WP_001043260.1	271	k121_1372275_2	N/A	36.792	39	106	4.67e-09	56.2
WP_001043260.1	271	k121_1349753_1	N/A	29.032	54	155	7.06e-09	57.4
WP_001043260.1	271	k121_1392155_1	N/A	27.778	65	180	7.28e-09	57.0
WP_001043260.1	271	k121_648681_1	N/A	38.053	40	113	1.19e-08	56.2
WP_001043260.1	271	k121_358046_1	N/A	45.614	21	57	1.35e-08	53.9
WP_001043260.1	271	k121_798595_1	N/A	30.851	35	94	1.53e-08	55.5
WP_001043260.1	271	k121_65994_2	N/A	26.136	63	176	2.07e-08	55.8
WP_001043260.1	271	k121_661125_4	N/A	29.375	56	160	3.27e-08	55.5
WP_001043260.1	271	k121_1205023_1	N/A	25.000	63	172	3.48e-08	55.5
WP_001043260.1	271	k121_158414_2	N/A	40.678	22	59	3.99e-08	52.8
WP_001043260.1	271	k121_236797_1	N/A	35.294	31	85	4.09e-08	53.5
WP_001043260.1	271	k121_1364822_1	N/A	28.571	52	154	5.92e-08	54.7
WP_001043260.1	271	k121_307702_1	N/A	26.452	57	155	7.31e-08	54.3
WP_001043260.1	271	k121_506504_1	N/A	35.417	35	96	1.74e-07	52.0
WP_001043260.1	271	k121_602524_2	N/A	25.641	56	156	1.84e-07	52.8
WP_001043260.1	271	k121_695825_2	N/A	38.614	37	101	2.76e-07	51.2
WP_001043260.1	271	k121_216630_2	N/A	36.697	38	109	4.83e-07	50.8
WP_001043260.1	271	k121_757265_1	N/A	36.508	46	126	1.43e-06	50.1
WP_001043260.1	271	k121_502733_2	N/A	29.167	53	144	2.81e-06	49.3
WP_001043260.1	271	k121_596454_1	N/A	23.448	54	145	3.36e-06	49.3
WP_001043260.1	271	k121_954080_2	N/A	31.694	64	183	4.75e-06	49.3
WP_001043260.1	271	k121_269590_1	N/A	37.662	28	77	6.36e-06	48.9
WP_001043260.1	271	k121_751995_1	N/A	30.208	65	192	8.93e-06	48.5
WP_001043260.1	271	k121_625687_2	N/A	31.250	39	112	9.36e-06	48.5
WP_001043260.1	271	k121_36429_2	N/A	28.662	56	157	1.33e-05	47.4
WP_001043260.1	271	k121_1047127_2	N/A	22.667	55	150	3.02e-05	46.6
WP_001043260.1	271	k121_211712_1	N/A	30.303	48	132	1.23e-04	45.1
WP_001043260.1	271	k121_867540_2	N/A	29.167	76	216	1.41e-04	45.4
WP_001043260.1	271	k121_41619_1	N/A	24.603	46	126	3.11e-04	43.1
WP_001043260.1	271	k121_1088233_2	N/A	26.606	40	109	3.86e-04	43.1
WP_001043260.1	271	k121_776416_2	N/A	36.607	41	112	3.91e-04	42.7
WP_001043260.1	271	k121_725264_2	N/A	29.412	37	102	5.41e-04	42.0
WP_001043260.1	271	k121_405040_1	N/A	26.042	35	96	8.20e-04	41.6
WP_001043260.1	271	k121_780217_1	N/A	26.875	56	160	0.001	42.4
WP_001043260.1	271	k121_1129663_2	N/A	42.188	24	64	0.003	39.7
WP_001043260.1	271	k121_368335_2	N/A	36.957	34	92	0.005	38.9
WP_001043260.1	271	k121_359519_1	N/A	25.664	42	113	0.009	38.5
WP_001043260.1	271	k121_96710_3	N/A	36.667	32	90	0.028	37.4
WP_001043260.1	271	k121_160871_2	N/A	30.120	30	83	0.033	36.6
WP_001043260.1	271	k121_412095_2	N/A	38.554	30	83	0.033	38.9
WP_001043260.1	271	k121_450171_2	N/A	33.043	42	115	0.034	37.4
WP_001043260.1	271	k121_250063_2	N/A	37.931	21	58	0.054	35.0
WP_000034420.1	263	k121_407427_2	N/A	52.124	98	259	2.01e-80	246
WP_000034420.1	263	k121_719372_4	N/A	43.182	100	264	4.88e-78	240
WP_000034420.1	263	k121_352472_3	N/A	40.541	98	259	2.74e-60	194
WP_000034420.1	263	k121_40557_2	N/A	38.314	98	261	1.03e-59	193
WP_000034420.1	263	k121_541803_18	N/A	41.221	98	262	1.00e-57	188
WP_000034420.1	263	k121_924902_3	N/A	37.692	98	260	9.63e-57	186
WP_000034420.1	263	k121_846487_1	N/A	37.165	99	261	2.92e-56	184
WP_000034420.1	263	k121_1206459_31	N/A	36.842	98	266	3.74e-52	174
WP_000034420.1	263	k121_104175_2	N/A	36.466	98	266	1.65e-51	172
WP_000034420.1	263	k121_1385234_2	N/A	37.786	98	262	1.92e-51	173
WP_000034420.1	263	k121_415856_1	N/A	37.778	85	225	2.42e-50	169
WP_000034420.1	263	k121_1096074_1	N/A	38.697	98	261	8.20e-50	167
WP_000034420.1	263	k121_649696_1	N/A	39.331	91	239	4.73e-49	165
WP_000034420.1	263	k121_1028385_7	N/A	35.361	99	263	4.78e-49	166
WP_000034420.1	263	k121_702446_6	N/A	34.317	100	271	1.84e-46	159
WP_000034420.1	263	k121_490058_2	N/A	35.985	100	264	2.29e-46	159
WP_000034420.1	263	k121_346945_2	N/A	35.769	97	260	4.83e-46	158
WP_000034420.1	263	k121_58218_2	N/A	33.969	98	262	3.76e-45	156
WP_000034420.1	263	k121_1351668_2	N/A	34.470	99	264	4.20e-45	155
WP_000034420.1	263	k121_1053767_2	N/A	34.211	98	266	8.25e-45	155
WP_000034420.1	263	k121_745497_9	N/A	34.733	98	262	1.28e-44	154
WP_000034420.1	263	k121_716938_2	N/A	35.317	95	252	3.27e-44	152
WP_000034420.1	263	k121_1105425_1	N/A	36.481	88	233	1.06e-42	148
WP_000034420.1	263	k121_485462_21	N/A	35.338	99	266	2.85e-42	148
WP_000034420.1	263	k121_822642_2	N/A	32.955	98	264	1.37e-41	146
WP_000034420.1	263	k121_572817_1	N/A	33.852	97	257	5.32e-41	144
WP_000034420.1	263	k121_616052_2	N/A	33.840	99	263	2.96e-40	143
WP_000034420.1	263	k121_833603_2	N/A	35.878	99	262	5.81e-40	142
WP_000034420.1	263	k121_532975_2	N/A	34.815	98	270	6.57e-40	143
WP_000034420.1	263	k121_724947_1	N/A	33.333	92	246	1.12e-39	141
WP_000034420.1	263	k121_864541_7	N/A	35.985	99	264	2.11e-39	141
WP_000034420.1	263	k121_188178_3	N/A	32.129	94	249	2.96e-39	140
WP_000034420.1	263	k121_37718_1	N/A	35.349	81	215	3.54e-39	139
WP_000034420.1	263	k121_846596_2	N/A	30.216	99	278	3.75e-39	140
WP_000034420.1	263	k121_223567_2	N/A	35.581	98	267	5.98e-39	139
WP_000034420.1	263	k121_589931_3	N/A	32.852	98	277	7.02e-39	140
WP_000034420.1	263	k121_33374_279	N/A	34.444	99	270	7.25e-39	139
WP_000034420.1	263	k121_955925_1	N/A	34.583	89	240	1.93e-38	137
WP_000034420.1	263	k121_69561_6	N/A	32.463	98	268	1.45e-37	136
WP_000034420.1	263	k121_209975_1	N/A	31.579	97	266	2.26e-37	136
WP_000034420.1	263	k121_1080437_2	N/A	31.835	99	267	3.53e-37	137
WP_000034420.1	263	k121_849496_1	N/A	31.343	98	268	1.32e-36	134
WP_000034420.1	263	k121_174460_1	N/A	34.862	83	218	3.01e-36	131
WP_000034420.1	263	k121_766667_5	N/A	33.333	99	264	3.11e-36	132
WP_000034420.1	263	k121_580617_2	N/A	33.071	95	254	4.03e-36	132
WP_000034420.1	263	k121_937686_1	N/A	35.047	79	214	5.94e-36	130
WP_000034420.1	263	k121_894059_2	N/A	32.700	98	263	8.45e-36	133
WP_000034420.1	263	k121_796348_46	N/A	31.852	98	270	8.79e-36	132
WP_000034420.1	263	k121_916062_1	N/A	34.717	98	265	1.06e-35	132
WP_000034420.1	263	k121_528180_2	N/A	38.889	62	162	5.15e-34	123
WP_000034420.1	263	k121_1106815_2	N/A	36.932	67	176	1.20e-33	124
WP_000034420.1	263	k121_1098226_2	N/A	33.708	99	267	1.83e-33	125
WP_000034420.1	263	k121_427039_1	N/A	32.955	98	264	2.32e-33	127
WP_000034420.1	263	k121_789685_1	N/A	33.730	93	252	3.01e-33	127
WP_000034420.1	263	k121_553154_1	N/A	32.432	97	259	3.79e-33	124
WP_000034420.1	263	k121_976536_2	N/A	34.201	99	269	9.56e-33	124
WP_000034420.1	263	k121_1027484_1	N/A	38.202	65	178	1.47e-32	120
WP_000034420.1	263	k121_721690_1	N/A	35.593	66	177	2.55e-32	120
WP_000034420.1	263	k121_95385_2	N/A	30.682	99	264	2.89e-32	124
WP_000034420.1	263	k121_967396_3	N/A	31.818	99	264	3.01e-32	122
WP_000034420.1	263	k121_112054_1	N/A	33.908	66	174	1.27e-31	118
WP_000034420.1	263	k121_809651_1	N/A	34.239	67	184	1.44e-31	119
WP_000034420.1	263	k121_635628_1	N/A	37.912	67	182	2.90e-31	117
WP_000034420.1	263	k121_59622_1	N/A	33.205	97	259	3.74e-31	119
WP_000034420.1	263	k121_621778_5	N/A	30.350	96	257	5.84e-31	118
WP_000034420.1	263	k121_1068562_1	N/A	32.301	82	226	9.69e-31	118
WP_000034420.1	263	k121_1043979_18	N/A	33.205	97	259	1.44e-30	118
WP_000034420.1	263	k121_477216_2	N/A	31.579	99	266	1.50e-30	117
WP_000034420.1	263	k121_927457_3	N/A	33.913	86	230	2.95e-30	116
WP_000034420.1	263	k121_517576_1	N/A	30.303	99	264	5.67e-30	116
WP_000034420.1	263	k121_1248692_1	N/A	32.353	84	238	1.74e-29	114
WP_000034420.1	263	k121_905700_2	N/A	33.636	83	220	2.36e-29	113
WP_000034420.1	263	k121_18529_1	N/A	36.842	62	171	2.74e-29	112
WP_000034420.1	263	k121_1236860_3	N/A	28.464	99	267	2.75e-29	116
WP_000034420.1	263	k121_513006_1	N/A	31.418	97	261	3.37e-29	114
WP_000034420.1	263	k121_1333876_1	N/A	30.303	97	264	4.05e-29	114
WP_000034420.1	263	k121_1181750_1	N/A	35.043	87	234	4.56e-29	113
WP_000034420.1	263	k121_1069415_1	N/A	45.528	47	123	5.17e-29	110
WP_000034420.1	263	k121_480384_2	N/A	34.906	80	212	1.13e-28	111
WP_000034420.1	263	k121_485242_1	N/A	33.503	72	197	1.64e-28	110
WP_000034420.1	263	k121_456249_1	N/A	30.698	81	215	1.65e-28	110
WP_000034420.1	263	k121_288886_76	N/A	29.434	99	265	2.73e-28	114
WP_000034420.1	263	k121_985874_1	N/A	34.857	66	175	6.10e-28	109
WP_000034420.1	263	k121_543164_3	N/A	30.290	86	241	9.94e-28	109
WP_000034420.1	263	k121_1182737_2	N/A	29.412	85	238	1.44e-27	109
WP_000034420.1	263	k121_486719_3	N/A	31.660	93	259	2.63e-27	110
WP_000034420.1	263	k121_396509_1	N/A	31.551	67	187	2.92e-27	107
WP_000034420.1	263	k121_636998_2	N/A	43.697	45	119	3.37e-27	104
WP_000034420.1	263	k121_395752_2	N/A	33.333	65	171	3.55e-27	107
WP_000034420.1	263	k121_153271_1	N/A	31.319	67	182	5.13e-27	106
WP_000034420.1	263	k121_1016930_12	N/A	31.873	94	251	5.53e-27	108
WP_000034420.1	263	k121_93036_2	N/A	29.703	76	202	9.71e-27	105
WP_000034420.1	263	k121_745378_1	N/A	33.180	81	217	9.77e-27	106
WP_000034420.1	263	k121_689090_2	N/A	42.400	47	125	1.10e-26	103
WP_000034420.1	263	k121_591501_1	N/A	30.357	83	224	1.47e-26	106
WP_000034420.1	263	k121_329906_1	N/A	33.136	62	169	2.36e-26	104
WP_000034420.1	263	k121_731595_1	N/A	39.200	47	125	2.81e-26	103
WP_000034420.1	263	k121_944936_1	N/A	33.632	84	223	5.31e-26	104
WP_000034420.1	263	k121_1040036_1	N/A	40.800	47	125	5.82e-26	102
WP_000034420.1	263	k121_214101_2	N/A	33.908	65	174	6.14e-26	103
WP_000034420.1	263	k121_873543_2	N/A	31.579	92	247	6.90e-26	105
WP_000034420.1	263	k121_277579_1	N/A	31.452	93	248	9.05e-26	104
WP_000034420.1	263	k121_112104_1	N/A	34.483	66	174	1.09e-25	103
WP_000034420.1	263	k121_238965_1	N/A	43.925	41	107	1.36e-25	100
WP_000034420.1	263	k121_395025_1	N/A	36.810	62	163	4.42e-25	100
WP_000034420.1	263	k121_866539_1	N/A	36.800	47	125	4.71e-25	100
WP_000034420.1	263	k121_1346206_1	N/A	39.200	47	125	5.71e-25	99.8
WP_000034420.1	263	k121_301050_1	N/A	32.864	79	213	5.72e-25	102
WP_000034420.1	263	k121_412914_1	N/A	37.600	47	125	1.03e-24	99.8
WP_000034420.1	263	k121_1020914_1	N/A	40.164	46	122	2.04e-24	99.0
WP_000034420.1	263	k121_332168_1	N/A	30.400	94	250	3.61e-24	100
WP_000034420.1	263	k121_688117_1	N/A	43.966	44	116	7.31e-24	97.4
WP_000034420.1	263	k121_540352_1	N/A	39.252	41	107	9.25e-24	95.9
WP_000034420.1	263	k121_1004682_1	N/A	32.683	76	205	2.06e-23	97.4
WP_000034420.1	263	k121_1052357_1	N/A	31.313	74	198	2.77e-23	97.1
WP_000034420.1	263	k121_1151553_1	N/A	40.800	47	125	5.17e-23	95.1
WP_000034420.1	263	k121_787345_2	N/A	28.676	98	272	1.46e-22	96.7
WP_000034420.1	263	k121_733375_1	N/A	31.250	66	176	1.53e-22	95.1
WP_000034420.1	263	k121_806060_1	N/A	34.161	59	161	2.04e-22	93.6
WP_000034420.1	263	k121_1364312_1	N/A	35.754	66	179	2.25e-22	94.7
WP_000034420.1	263	k121_613170_1	N/A	45.098	39	102	5.31e-22	91.3
WP_000034420.1	263	k121_62971_5	N/A	31.579	98	266	5.90e-22	95.5
WP_000034420.1	263	k121_632659_2	N/A	40.541	42	111	2.79e-21	89.4
WP_000034420.1	263	k121_81386_1	N/A	38.889	47	126	3.70e-21	90.1
WP_000034420.1	263	k121_1369816_2	N/A	48.837	33	86	5.46e-21	88.2
WP_000034420.1	263	k121_100880_2	N/A	39.450	41	109	2.81e-20	86.7
WP_000034420.1	263	k121_115964_2	N/A	38.583	46	127	6.53e-20	86.3
WP_000034420.1	263	k121_1332678_1	N/A	40.196	37	102	8.44e-20	85.1
WP_000034420.1	263	k121_1053042_1	N/A	31.628	79	215	1.16e-19	87.4
WP_000034420.1	263	k121_755321_1	N/A	37.008	48	127	1.17e-19	88.2
WP_000034420.1	263	k121_512411_1	N/A	36.090	50	133	1.36e-19	85.1
WP_000034420.1	263	k121_1201856_1	N/A	37.600	48	125	6.00e-19	84.0
WP_000034420.1	263	k121_138655_2	N/A	39.252	40	107	1.48e-18	84.3
WP_000034420.1	263	k121_1389459_1	N/A	30.488	62	164	2.99e-18	82.4
WP_000034420.1	263	k121_243412_19	N/A	27.957	99	279	3.03e-18	85.1
WP_000034420.1	263	k121_22109_1	N/A	29.570	70	186	3.12e-18	83.2
WP_000034420.1	263	k121_1154588_2	N/A	37.391	44	115	3.35e-18	81.3
WP_000034420.1	263	k121_1011168_1	N/A	40.952	39	105	4.70e-18	81.3
WP_000034420.1	263	k121_889279_1	N/A	49.275	26	69	1.80e-17	78.2
WP_000034420.1	263	k121_19648_1	N/A	44.828	32	87	2.48e-17	77.8
WP_000034420.1	263	k121_798584_3	N/A	33.333	58	156	2.53e-17	80.1
WP_000034420.1	263	k121_132920_50	N/A	24.514	97	257	3.01e-17	82.4
WP_000034420.1	263	k121_602524_2	N/A	29.487	59	156	4.63e-16	76.6
WP_000034420.1	263	k121_108484_2	N/A	38.095	40	105	4.84e-16	77.8
WP_000034420.1	263	k121_649974_1	N/A	33.065	44	124	7.54e-16	75.1
WP_000034420.1	263	k121_695640_2	N/A	43.529	32	85	8.11e-16	74.7
WP_000034420.1	263	k121_227248_2	N/A	45.833	27	72	8.83e-16	73.6
WP_000034420.1	263	k121_1388814_2	N/A	37.255	39	102	1.08e-15	74.3
WP_000034420.1	263	k121_1116470_1	N/A	37.795	47	127	1.12e-15	75.5
WP_000034420.1	263	k121_65994_2	N/A	28.070	65	171	1.59e-15	75.5
WP_000034420.1	263	k121_1372275_2	N/A	36.538	40	104	2.11e-15	73.6
WP_000034420.1	263	k121_625687_2	N/A	32.961	66	179	2.54e-15	75.1
WP_000034420.1	263	k121_966723_1	N/A	41.026	30	78	3.66e-15	72.4
WP_000034420.1	263	k121_211712_1	N/A	33.962	59	159	3.93e-15	74.3
WP_000034420.1	263	k121_1326967_2	N/A	34.821	43	112	4.42e-15	73.6
WP_000034420.1	263	k121_1186069_1	N/A	32.787	69	183	5.15e-15	74.3
WP_000034420.1	263	k121_1036229_12	N/A	41.346	40	104	3.80e-14	72.0
WP_000034420.1	263	k121_695825_2	N/A	38.614	38	101	7.11e-14	68.9
WP_000034420.1	263	k121_648681_1	N/A	31.008	47	129	1.27e-13	69.7
WP_000034420.1	263	k121_1288118_2	N/A	49.180	23	61	1.62e-13	67.0
WP_000034420.1	263	k121_316395_1	N/A	30.216	53	139	1.96e-13	69.7
WP_000034420.1	263	k121_506504_1	N/A	36.538	40	104	1.97e-13	68.2
WP_000034420.1	263	k121_756336_1	N/A	28.161	60	174	2.28e-13	69.7
WP_000034420.1	263	k121_385646_2	N/A	29.282	68	181	2.54e-13	70.1
WP_000034420.1	263	k121_1291782_1	N/A	30.114	60	176	2.94e-13	69.3
WP_000034420.1	263	k121_629052_1	N/A	28.649	69	185	3.76e-13	69.3
WP_000034420.1	263	k121_1263832_2	N/A	44.318	33	88	4.98e-13	67.0
WP_000034420.1	263	k121_1364822_1	N/A	29.932	54	147	2.54e-12	66.6
WP_000034420.1	263	k121_502733_2	N/A	32.743	43	113	7.43e-12	64.7
WP_000034420.1	263	k121_954080_2	N/A	27.811	62	169	8.51e-12	65.5
WP_000034420.1	263	k121_823096_1	N/A	33.133	62	166	8.77e-12	65.1
WP_000034420.1	263	k121_36429_2	N/A	32.450	57	151	1.32e-11	64.3
WP_000034420.1	263	k121_269590_1	N/A	32.593	50	135	2.24e-11	63.9
WP_000034420.1	263	k121_1047127_2	N/A	24.342	55	152	2.74e-11	63.9
WP_000034420.1	263	k121_842334_2	N/A	31.690	50	142	3.47e-11	63.2
WP_000034420.1	263	k121_661125_4	N/A	27.473	63	182	4.44e-11	63.5
WP_000034420.1	263	k121_798595_1	N/A	33.684	36	95	4.92e-11	62.0
WP_000034420.1	263	k121_41619_1	N/A	24.590	46	122	5.30e-11	62.0
WP_000034420.1	263	k121_453763_1	N/A	42.647	26	68	6.54e-11	60.5
WP_000034420.1	263	k121_823304_1	N/A	48.148	21	54	9.30e-11	59.7
WP_000034420.1	263	k121_697078_1	N/A	41.538	25	65	1.52e-10	59.7
WP_000034420.1	263	k121_751995_1	N/A	28.125	68	192	1.54e-10	62.0
WP_000034420.1	263	k121_780217_1	N/A	28.859	56	149	1.70e-10	61.6
WP_000034420.1	263	k121_1390766_3	N/A	36.471	32	85	2.74e-10	59.7
WP_000034420.1	263	k121_216630_2	N/A	37.255	38	102	3.33e-10	59.7
WP_000034420.1	263	k121_1349753_1	N/A	33.871	44	124	4.10e-10	60.8
WP_000034420.1	263	k121_1094450_1	N/A	27.429	61	175	4.94e-10	61.2
WP_000034420.1	263	k121_1062009_1	N/A	29.592	37	98	7.75e-10	59.3
WP_000034420.1	263	k121_732015_1	N/A	43.284	25	67	9.95e-10	57.4
WP_000034420.1	263	k121_236797_1	N/A	37.931	32	87	1.52e-09	57.4
WP_000034420.1	263	k121_307702_1	N/A	29.870	57	154	1.85e-09	58.5
WP_000034420.1	263	k121_48774_2	N/A	34.259	38	108	2.03e-09	57.8
WP_000034420.1	263	k121_423929_1	N/A	34.921	47	126	2.72e-09	57.8
WP_000034420.1	263	k121_405040_1	N/A	33.333	43	114	2.79e-09	57.0
WP_000034420.1	263	k121_1146161_2	N/A	30.894	44	123	2.83e-09	57.8
WP_000034420.1	263	k121_776416_2	N/A	35.088	43	114	9.41e-09	55.5
WP_000034420.1	263	k121_1354136_1	N/A	31.633	37	98	1.55e-08	55.8
WP_000034420.1	263	k121_1205023_1	N/A	28.571	60	161	1.63e-08	56.2
WP_000034420.1	263	k121_443094_2	N/A	38.571	27	70	1.63e-08	54.3
WP_000034420.1	263	k121_757265_1	N/A	34.545	42	110	2.03e-08	55.1
WP_000034420.1	263	k121_1294158_1	N/A	35.052	34	97	3.97e-08	53.5
WP_000034420.1	263	k121_644780_1	N/A	33.051	39	118	7.22e-08	53.1
WP_000034420.1	263	k121_725264_2	N/A	30.909	42	110	9.53e-08	52.8
WP_000034420.1	263	k121_560176_2	N/A	42.593	21	54	1.17e-07	51.2
WP_000034420.1	263	k121_596454_1	N/A	27.273	54	143	1.41e-07	53.1
WP_000034420.1	263	k121_1102803_2	N/A	36.458	37	96	1.74e-07	51.6
WP_000034420.1	263	k121_250063_2	N/A	48.148	21	54	3.50e-07	49.7
WP_000034420.1	263	k121_927400_2	N/A	29.464	43	112	5.43e-07	51.2
WP_000034420.1	263	k121_1102453_1	N/A	26.901	65	171	9.33e-07	51.2
WP_000034420.1	263	k121_1088233_2	N/A	30.702	43	114	1.47e-06	49.7
WP_000034420.1	263	k121_71503_2	N/A	38.095	24	63	2.34e-06	47.8
WP_000034420.1	263	k121_1392155_1	N/A	26.923	67	182	2.37e-06	50.1
WP_000034420.1	263	k121_158414_2	N/A	38.333	23	60	2.75e-06	47.4
WP_000034420.1	263	k121_1129663_2	N/A	42.373	22	59	3.02e-06	47.8
WP_000034420.1	263	k121_528376_2	N/A	37.313	22	67	8.08e-06	47.0
WP_000034420.1	263	k121_359519_1	N/A	31.532	42	111	2.82e-05	45.8
WP_000034420.1	263	k121_867540_2	N/A	28.972	77	214	3.28e-05	47.4
WP_000034420.1	263	k121_368335_2	N/A	38.983	22	59	4.84e-05	44.3
WP_000034420.1	263	k121_412095_2	N/A	32.967	34	91	2.30e-04	45.4
WP_000034420.1	263	k121_1300339_1	N/A	32.394	27	71	2.54e-04	42.0
WP_000034420.1	263	k121_1302198_1	N/A	31.884	26	69	8.65e-04	40.8
WP_000034420.1	263	k121_160871_2	N/A	32.530	30	83	0.001	40.8
WP_000034420.1	263	k121_78883_1	N/A	35.714	26	70	0.002	39.3
WP_000034420.1	263	k121_450171_2	N/A	27.731	44	119	0.003	40.4
WP_000034420.1	263	k121_96710_3	N/A	36.957	33	92	0.004	39.7
WP_000034420.1	263	k121_1163010_1	N/A	40.351	22	57	0.009	39.7
WP_000034420.1	263	k121_945754_2	N/A	28.090	34	89	0.013	37.7
WP_000034420.1	263	k121_478890_1	N/A	40.351	22	57	0.013	39.7
WP_000034420.1	263	k121_245123_1	N/A	23.932	43	117	0.015	38.9
WP_000034420.1	263	k121_1297347_3	N/A	37.500	24	64	0.059	38.1
WP_000034420.1	263	k121_1368498_1	N/A	33.929	21	56	0.082	35.0
WP_000034420.1	263	k121_96701_2	N/A	37.500	33	96	0.083	35.8
WP_000845048.1	337	k121_719372_2	N/A	99.703	100	337	0.0	681
WP_000845048.1	337	k121_1108696_4	N/A	66.364	98	330	1.31e-151	434
WP_000845048.1	337	k121_1243773_1	N/A	63.526	98	329	3.08e-150	429
WP_000845048.1	337	k121_1216426_7	N/A	62.918	98	329	1.54e-146	419
WP_000845048.1	337	k121_1191460_1	N/A	61.491	96	322	8.53e-138	397
WP_000845048.1	337	k121_1115273_1	N/A	60.068	86	293	6.99e-125	363
WP_000845048.1	337	k121_222353_4	N/A	58.438	94	320	2.95e-122	357
WP_000845048.1	337	k121_954632_2	N/A	57.187	97	327	1.29e-119	351
WP_000845048.1	337	k121_413339_2	N/A	55.312	95	320	1.25e-117	347
WP_000845048.1	337	k121_1295173_1	N/A	95.376	51	173	6.58e-116	335
WP_000845048.1	337	k121_386416_2	N/A	53.593	98	334	2.13e-114	337
WP_000845048.1	337	k121_929300_2	N/A	57.742	92	310	1.20e-110	327
WP_000845048.1	337	k121_1127140_1	N/A	58.397	78	262	1.53e-107	317
WP_000845048.1	337	k121_276795_1	N/A	57.490	73	247	2.75e-95	286
WP_000845048.1	337	k121_950590_1	N/A	62.791	64	215	9.49e-91	274
WP_000845048.1	337	k121_1306823_1	N/A	60.909	65	220	1.18e-90	273
WP_000845048.1	337	k121_439857_1	N/A	51.515	78	264	3.11e-84	260
WP_000845048.1	337	k121_856643_2	N/A	58.421	56	190	4.44e-74	229
WP_000845048.1	337	k121_278168_1	N/A	56.444	65	225	7.52e-73	228
WP_000845048.1	337	k121_823513_1	N/A	57.080	67	226	3.79e-71	224
WP_000845048.1	337	k121_139378_2	N/A	64.072	50	167	2.38e-70	219
WP_000845048.1	337	k121_619684_1	N/A	57.979	56	188	3.45e-66	209
WP_000845048.1	337	k121_988397_2	N/A	42.508	88	327	2.77e-65	215
WP_000845048.1	337	k121_527966_1	N/A	59.043	56	188	5.75e-64	204
WP_000845048.1	337	k121_686485_2	N/A	44.309	73	246	4.15e-60	196
WP_000845048.1	337	k121_115102_1	N/A	68.027	44	147	3.52e-59	191
WP_000845048.1	337	k121_1210698_2	N/A	57.310	51	171	1.31e-58	189
WP_000845048.1	337	k121_898763_1	N/A	55.491	51	173	4.07e-58	188
WP_000845048.1	337	k121_1149657_1	N/A	58.385	48	161	1.16e-57	187
WP_000845048.1	337	k121_96820_2	N/A	54.335	50	173	1.99e-54	179
WP_000845048.1	337	k121_857116_1	N/A	60.000	42	145	2.99e-51	170
WP_000845048.1	337	k121_186942_3	N/A	55.245	41	143	2.50e-50	169
WP_000845048.1	337	k121_902245_1	N/A	54.194	46	155	1.25e-48	164
WP_000845048.1	337	k121_1001602_3	N/A	56.589	38	129	1.11e-42	147
WP_000845048.1	337	k121_541354_1	N/A	65.421	32	107	1.16e-42	146
WP_000845048.1	337	k121_768027_1	N/A	57.937	37	126	6.14e-42	145
WP_000845048.1	337	k121_1044538_1	N/A	37.066	75	259	6.89e-41	147
WP_000845048.1	337	k121_372998_1	N/A	34.295	92	312	3.39e-40	152
WP_000845048.1	337	k121_1017485_2	N/A	67.010	29	97	1.87e-37	132
WP_000845048.1	337	k121_939385_2	N/A	31.788	89	302	9.94e-37	136
WP_000845048.1	337	k121_356782_1	N/A	29.429	98	333	5.01e-36	136
WP_000845048.1	337	k121_108285_1	N/A	28.308	96	325	7.55e-36	134
WP_000845048.1	337	k121_537514_2	N/A	33.022	95	321	2.45e-35	133
WP_000845048.1	337	k121_16524_5	N/A	27.160	96	324	6.25e-35	133
WP_000845048.1	337	k121_606668_10	N/A	30.693	90	303	7.38e-35	133
WP_000845048.1	337	k121_536435_1	N/A	28.571	93	322	2.50e-34	132
WP_000845048.1	337	k121_977930_2	N/A	28.431	90	306	6.70e-33	126
WP_000845048.1	337	k121_903701_5	N/A	28.846	91	312	7.37e-33	129
WP_000845048.1	337	k121_222355_2	N/A	32.523	97	329	2.40e-32	125
WP_000845048.1	337	k121_533717_1	N/A	45.000	47	160	3.66e-32	120
WP_000845048.1	337	k121_1322179_1	N/A	32.523	97	329	4.04e-32	124
WP_000845048.1	337	k121_779353_1	N/A	27.160	96	324	5.36e-32	125
WP_000845048.1	337	k121_589171_2	N/A	32.239	99	335	5.68e-32	124
WP_000845048.1	337	k121_1155040_4	N/A	32.416	96	327	8.07e-32	124
WP_000845048.1	337	k121_537493_2	N/A	33.220	87	295	1.30e-31	122
WP_000845048.1	337	k121_654977_1	N/A	31.034	77	261	1.90e-31	120
WP_000845048.1	337	k121_255400_2	N/A	31.325	98	332	5.70e-31	121
WP_000845048.1	337	k121_576334_1	N/A	27.759	88	299	1.61e-30	119
WP_000845048.1	337	k121_507425_2	N/A	32.537	99	335	5.18e-30	119
WP_000845048.1	337	k121_666643_1	N/A	33.121	92	314	1.16e-29	118
WP_000845048.1	337	k121_1342809_1	N/A	29.795	85	292	1.48e-29	117
WP_000845048.1	337	k121_363547_1	N/A	35.808	68	229	2.11e-29	114
WP_000845048.1	337	k121_482804_1	N/A	32.997	88	297	4.44e-29	116
WP_000845048.1	337	k121_4440_21	N/A	33.003	85	303	9.68e-29	115
WP_000845048.1	337	k121_406116_2	N/A	29.085	89	306	1.68e-28	114
WP_000845048.1	337	k121_436118_6	N/A	31.683	85	303	1.80e-28	115
WP_000845048.1	337	k121_414328_4	N/A	34.098	89	305	2.12e-28	114
WP_000845048.1	337	k121_856247_8	N/A	31.023	85	303	3.42e-28	114
WP_000845048.1	337	k121_321318_2	N/A	27.987	93	318	3.96e-28	113
WP_000845048.1	337	k121_118200_2	N/A	76.119	20	67	6.49e-28	106
WP_000845048.1	337	k121_391746_1	N/A	31.739	68	230	6.02e-27	108
WP_000845048.1	337	k121_146478_1	N/A	34.978	66	223	6.89e-27	108
WP_000845048.1	337	k121_711309_2	N/A	32.917	70	240	6.92e-27	108
WP_000845048.1	337	k121_116691_2	N/A	29.831	83	295	1.18e-26	110
WP_000845048.1	337	k121_482422_1	N/A	30.363	85	303	1.59e-26	110
WP_000845048.1	337	k121_601106_3	N/A	29.236	88	301	1.79e-26	108
WP_000845048.1	337	k121_998955_2	N/A	33.591	76	259	4.61e-26	107
WP_000845048.1	337	k121_348593_1	N/A	36.986	65	219	5.08e-26	106
WP_000845048.1	337	k121_1166136_1	N/A	30.702	67	228	1.45e-25	105
WP_000845048.1	337	k121_598432_1	N/A	47.321	33	112	2.82e-25	102
WP_000845048.1	337	k121_739313_1	N/A	36.161	66	224	3.28e-25	103
WP_000845048.1	337	k121_1239370_2	N/A	28.667	85	300	1.14e-24	104
WP_000845048.1	337	k121_1319879_3	N/A	36.574	62	216	1.43e-24	104
WP_000845048.1	337	k121_587418_2	N/A	29.747	91	316	2.22e-24	104
WP_000845048.1	337	k121_662821_2	N/A	31.707	95	328	4.13e-24	103
WP_000845048.1	337	k121_905092_1	N/A	31.674	65	221	4.74e-24	100
WP_000845048.1	337	k121_596079_1	N/A	36.190	61	210	6.51e-24	100
WP_000845048.1	337	k121_1316781_4	N/A	30.323	91	310	1.09e-23	101
WP_000845048.1	337	k121_1273090_3	N/A	30.492	85	305	1.89e-23	101
WP_000845048.1	337	k121_548371_1	N/A	29.323	78	266	2.46e-23	99.8
WP_000845048.1	337	k121_1106574_1	N/A	31.343	59	201	2.53e-23	98.2
WP_000845048.1	337	k121_295501_1	N/A	34.643	78	280	7.74e-23	100
WP_000845048.1	337	k121_313919_2	N/A	34.091	63	220	8.42e-23	99.8
WP_000845048.1	337	k121_739979_2	N/A	33.333	63	219	2.18e-22	97.1
WP_000845048.1	337	k121_1126635_5	N/A	33.333	63	219	2.34e-22	97.1
WP_000845048.1	337	k121_1137953_1	N/A	29.508	85	305	3.26e-22	97.8
WP_000845048.1	337	k121_1147742_1	N/A	33.184	64	223	3.58e-22	97.4
WP_000845048.1	337	k121_121745_1	N/A	33.898	53	177	4.79e-22	94.4
WP_000845048.1	337	k121_1174059_1	N/A	30.288	61	208	5.24e-22	94.7
WP_000845048.1	337	k121_573853_2	N/A	33.962	61	212	6.86e-22	94.7
WP_000845048.1	337	k121_376840_2	N/A	29.893	79	281	7.84e-22	97.1
WP_000845048.1	337	k121_1393755_1	N/A	34.742	61	213	1.05e-21	95.5
WP_000845048.1	337	k121_317064_1	N/A	35.638	55	188	1.17e-21	93.6
WP_000845048.1	337	k121_558269_3	N/A	35.165	54	182	1.43e-21	93.6
WP_000845048.1	337	k121_245714_1	N/A	31.183	55	186	1.44e-21	92.4
WP_000845048.1	337	k121_157635_1	N/A	30.147	79	272	2.16e-21	94.7
WP_000845048.1	337	k121_595657_8	N/A	34.081	64	223	2.34e-21	95.9
WP_000845048.1	337	k121_342054_3	N/A	29.618	85	314	2.54e-21	96.3
WP_000845048.1	337	k121_349003_1	N/A	35.326	55	184	2.66e-21	93.6
WP_000845048.1	337	k121_22512_5	N/A	35.714	54	182	2.85e-21	92.4
WP_000845048.1	337	k121_213754_11	N/A	33.333	63	222	3.74e-21	95.1
WP_000845048.1	337	k121_1208594_2	N/A	32.258	78	279	3.87e-21	95.5
WP_000845048.1	337	k121_1036706_3	N/A	30.882	78	272	4.87e-21	94.7
WP_000845048.1	337	k121_486496_2	N/A	30.000	90	310	6.03e-21	94.4
WP_000845048.1	337	k121_304057_1	N/A	34.348	66	230	6.30e-21	92.4
WP_000845048.1	337	k121_294788_2	N/A	55.952	25	84	8.51e-21	88.6
WP_000845048.1	337	k121_712889_13	N/A	30.385	74	260	9.13e-21	94.4
WP_000845048.1	337	k121_134475_1	N/A	33.484	62	221	1.08e-20	91.7
WP_000845048.1	337	k121_700413_1	N/A	31.472	58	197	1.15e-20	91.3
WP_000845048.1	337	k121_1377826_2	N/A	33.955	75	268	1.16e-20	93.6
WP_000845048.1	337	k121_991275_22	N/A	25.168	82	298	1.30e-20	93.6
WP_000845048.1	337	k121_243260_24	N/A	31.154	74	260	1.37e-20	93.6
WP_000845048.1	337	k121_3031_3	N/A	33.945	63	218	1.53e-20	92.4
WP_000845048.1	337	k121_149159_2	N/A	32.877	62	219	1.61e-20	92.4
WP_000845048.1	337	k121_210693_15	N/A	30.640	85	297	1.85e-20	93.2
WP_000845048.1	337	k121_850497_2	N/A	26.756	85	299	2.41e-20	92.4
WP_000845048.1	337	k121_1366748_5	N/A	34.434	61	212	2.43e-20	92.8
WP_000845048.1	337	k121_771743_7	N/A	30.855	77	269	2.89e-20	92.8
WP_000845048.1	337	k121_878775_1	N/A	35.393	53	178	3.05e-20	89.7
WP_000845048.1	337	k121_986880_1	N/A	31.304	65	230	3.12e-20	90.5
WP_000845048.1	337	k121_632469_2	N/A	27.103	89	321	3.55e-20	92.4
WP_000845048.1	337	k121_674926_2	N/A	25.776	95	322	4.04e-20	92.0
WP_000845048.1	337	k121_1322954_2	N/A	31.076	72	251	4.88e-20	92.0
WP_000845048.1	337	k121_612433_4	N/A	30.147	78	272	5.21e-20	92.0
WP_000845048.1	337	k121_985637_2	N/A	33.516	54	182	5.72e-20	89.4
WP_000845048.1	337	k121_1329614_1	N/A	35.321	62	218	5.84e-20	90.5
WP_000845048.1	337	k121_532579_1	N/A	34.419	62	215	6.85e-20	89.4
WP_000845048.1	337	k121_633868_1	N/A	32.895	66	228	9.44e-20	89.4
WP_000845048.1	337	k121_727768_1	N/A	34.066	54	182	1.00e-19	88.6
WP_000845048.1	337	k121_393972_1	N/A	36.957	55	184	1.01e-19	90.9
WP_000845048.1	337	k121_343755_7	N/A	31.739	66	230	1.17e-19	90.9
WP_000845048.1	337	k121_843266_1	N/A	37.762	41	143	1.38e-19	88.2
WP_000845048.1	337	k121_1015976_3	N/A	25.418	85	299	1.44e-19	90.5
WP_000845048.1	337	k121_789012_1	N/A	30.627	79	271	1.46e-19	89.4
WP_000845048.1	337	k121_1204547_5	N/A	31.628	62	215	1.48e-19	91.3
WP_000845048.1	337	k121_1275154_2	N/A	27.240	79	279	1.49e-19	90.5
WP_000845048.1	337	k121_520370_3	N/A	29.457	72	258	1.50e-19	90.9
WP_000845048.1	337	k121_1038738_3	N/A	25.632	78	277	2.57e-19	89.4
WP_000845048.1	337	k121_1237099_4	N/A	25.547	78	274	2.77e-19	89.7
WP_000845048.1	337	k121_1363365_2	N/A	25.735	78	272	3.11e-19	90.1
WP_000845048.1	337	k121_339820_4	N/A	34.545	64	220	3.20e-19	89.7
WP_000845048.1	337	k121_470959_5	N/A	35.393	53	178	3.40e-19	86.3
WP_000845048.1	337	k121_429978_7	N/A	26.740	78	273	4.14e-19	89.0
WP_000845048.1	337	k121_1167788_2	N/A	31.776	62	214	5.80e-19	87.8
WP_000845048.1	337	k121_1093483_1	N/A	57.500	24	80	6.07e-19	84.7
WP_000845048.1	337	k121_1267536_13	N/A	25.857	91	321	7.48e-19	89.0
WP_000845048.1	337	k121_139674_1	N/A	28.148	77	270	7.88e-19	87.8
WP_000845048.1	337	k121_1265048_3	N/A	29.245	89	318	1.42e-18	87.8
WP_000845048.1	337	k121_673687_2	N/A	27.206	78	272	1.47e-18	87.4
WP_000845048.1	337	k121_1144173_1	N/A	36.264	54	182	1.62e-18	85.1
WP_000845048.1	337	k121_555795_2	N/A	26.909	78	275	1.77e-18	87.4
WP_000845048.1	337	k121_1247269_2	N/A	33.180	63	217	1.80e-18	87.8
WP_000845048.1	337	k121_511875_1	N/A	33.175	61	211	1.88e-18	86.3
WP_000845048.1	337	k121_88845_1	N/A	34.078	53	179	2.42e-18	84.0
WP_000845048.1	337	k121_971374_2	N/A	26.642	78	274	2.42e-18	87.4
WP_000845048.1	337	k121_926538_3	N/A	25.368	78	272	2.45e-18	87.0
WP_000845048.1	337	k121_124657_2	N/A	34.054	54	185	3.30e-18	84.0
WP_000845048.1	337	k121_633859_1	N/A	34.066	54	182	3.33e-18	84.3
WP_000845048.1	337	k121_2988_4	N/A	28.716	85	296	5.05e-18	86.3
WP_000845048.1	337	k121_127942_1	N/A	36.842	50	171	5.14e-18	84.3
WP_000845048.1	337	k121_1292564_1	N/A	31.892	54	185	5.25e-18	84.3
WP_000845048.1	337	k121_105026_1	N/A	31.379	83	290	5.26e-18	86.3
WP_000845048.1	337	k121_880367_1	N/A	31.050	64	219	5.50e-18	84.7
WP_000845048.1	337	k121_139667_1	N/A	34.254	53	181	5.70e-18	82.8
WP_000845048.1	337	k121_322814_3	N/A	28.837	62	215	5.94e-18	85.9
WP_000845048.1	337	k121_1311671_6	N/A	28.947	76	266	6.97e-18	85.9
WP_000845048.1	337	k121_799076_1	N/A	31.674	64	221	8.77e-18	84.7
WP_000845048.1	337	k121_1352413_1	N/A	36.957	54	184	9.09e-18	85.5
WP_000845048.1	337	k121_531959_2	N/A	51.899	23	79	1.00e-17	80.1
WP_000845048.1	337	k121_234466_3	N/A	30.526	78	285	1.22e-17	85.5
WP_000845048.1	337	k121_1195221_2	N/A	33.810	61	210	1.34e-17	83.6
WP_000845048.1	337	k121_1382892_2	N/A	34.615	54	182	1.52e-17	85.5
WP_000845048.1	337	k121_552774_1	N/A	33.690	55	187	2.04e-17	82.4
WP_000845048.1	337	k121_961326_4	N/A	30.851	77	282	2.12e-17	84.3
WP_000845048.1	337	k121_69424_5	N/A	33.155	55	187	2.47e-17	84.3
WP_000845048.1	337	k121_1312609_1	N/A	28.481	46	158	2.96e-17	81.3
WP_000845048.1	337	k121_447682_2	N/A	26.000	85	300	4.88e-17	83.6
WP_000845048.1	337	k121_502310_1	N/A	33.708	53	178	6.07e-17	80.9
WP_000845048.1	337	k121_1101673_4	N/A	30.952	61	210	6.14e-17	81.6
WP_000845048.1	337	k121_899371_18	N/A	28.959	64	221	7.71e-17	82.8
WP_000845048.1	337	k121_80606_1	N/A	32.961	53	179	8.40e-17	79.3
WP_000845048.1	337	k121_222883_1	N/A	27.686	72	242	1.01e-16	80.9
WP_000845048.1	337	k121_1299768_2	N/A	27.687	85	307	1.41e-16	82.0
WP_000845048.1	337	k121_771786_2	N/A	56.061	20	66	1.42e-16	77.0
WP_000845048.1	337	k121_1318797_2	N/A	33.333	56	189	1.53e-16	79.3
WP_000845048.1	337	k121_1238206_1	N/A	33.708	53	178	1.64e-16	79.0
WP_000845048.1	337	k121_1087976_1	N/A	59.091	20	66	1.97e-16	77.8
WP_000845048.1	337	k121_307687_5	N/A	24.667	85	300	1.98e-16	81.6
WP_000845048.1	337	k121_652959_2	N/A	24.632	78	272	2.14e-16	81.6
WP_000845048.1	337	k121_121370_1	N/A	28.444	65	225	2.26e-16	80.1
WP_000845048.1	337	k121_57197_12	N/A	28.058	77	278	2.26e-16	80.9
WP_000845048.1	337	k121_810730_4	N/A	32.569	62	218	2.82e-16	81.3
WP_000845048.1	337	k121_611041_3	N/A	25.000	63	216	3.23e-16	80.9
WP_000845048.1	337	k121_202925_1	N/A	32.979	56	188	3.40e-16	78.6
WP_000845048.1	337	k121_157186_9	N/A	24.242	84	297	3.43e-16	81.3
WP_000845048.1	337	k121_662983_2	N/A	26.490	85	302	4.03e-16	80.9
WP_000845048.1	337	k121_1075947_1	N/A	26.910	85	301	4.31e-16	80.9
WP_000845048.1	337	k121_1018837_2	N/A	28.000	85	300	4.47e-16	80.9
WP_000845048.1	337	k121_1373047_8	N/A	30.070	77	286	4.47e-16	81.3
WP_000845048.1	337	k121_1201669_1	N/A	50.000	21	70	4.65e-16	75.5
WP_000845048.1	337	k121_595270_1	N/A	37.079	53	178	4.96e-16	78.2
WP_000845048.1	337	k121_53955_2	N/A	50.685	22	73	5.76e-16	75.5
WP_000845048.1	337	k121_918963_2	N/A	25.000	78	272	7.16e-16	80.1
WP_000845048.1	337	k121_509790_3	N/A	57.576	20	66	7.51e-16	75.1
WP_000845048.1	337	k121_1032779_3	N/A	28.571	81	301	8.62e-16	79.7
WP_000845048.1	337	k121_572512_1	N/A	32.632	55	190	8.75e-16	78.2
WP_000845048.1	337	k121_31489_13	N/A	28.383	85	303	9.70e-16	79.7
WP_000845048.1	337	k121_476495_6	N/A	27.744	88	328	9.71e-16	80.1
WP_000845048.1	337	k121_969910_2	N/A	25.000	78	272	1.49e-15	79.3
WP_000845048.1	337	k121_595587_14	N/A	35.503	50	169	1.57e-15	75.9
WP_000845048.1	337	k121_96815_1	N/A	28.216	67	241	2.77e-15	78.2
WP_000845048.1	337	k121_665284_2	N/A	28.384	63	229	3.07e-15	77.4
WP_000845048.1	337	k121_753906_1	N/A	30.811	53	185	3.13e-15	75.9
WP_000845048.1	337	k121_1212922_3	N/A	29.258	63	229	3.92e-15	78.2
WP_000845048.1	337	k121_1207169_10	N/A	29.851	77	268	4.20e-15	78.2
WP_000845048.1	337	k121_414187_4	N/A	23.780	90	328	4.40e-15	78.6
WP_000845048.1	337	k121_162443_2	N/A	47.945	22	73	4.58e-15	72.8
WP_000845048.1	337	k121_1074357_1	N/A	30.000	61	220	5.50e-15	75.9
WP_000845048.1	337	k121_2850_1	N/A	46.575	22	73	6.15e-15	72.4
WP_000845048.1	337	k121_216187_4	N/A	27.019	90	322	7.08e-15	77.8
WP_000845048.1	337	k121_468561_2	N/A	30.545	77	275	7.31e-15	77.4
WP_000845048.1	337	k121_1054185_1	N/A	48.649	22	74	7.53e-15	73.9
WP_000845048.1	337	k121_1177344_1	N/A	54.545	20	66	9.67e-15	71.6
WP_000845048.1	337	k121_985873_1	N/A	54.545	20	66	1.08e-14	73.6
WP_000845048.1	337	k121_794724_2	N/A	32.584	53	178	1.09e-14	77.0
WP_000845048.1	337	k121_628781_1	N/A	26.872	63	227	1.10e-14	76.3
WP_000845048.1	337	k121_465164_1	N/A	54.545	20	66	1.18e-14	72.0
WP_000845048.1	337	k121_205876_1	N/A	30.899	53	178	1.45e-14	76.6
WP_000845048.1	337	k121_1054638_5	N/A	27.243	85	301	1.54e-14	76.3
WP_000845048.1	337	k121_104471_1	N/A	31.696	62	224	1.74e-14	74.7
WP_000845048.1	337	k121_1305089_1	N/A	45.455	26	88	1.92e-14	72.8
WP_000845048.1	337	k121_961259_1	N/A	31.148	54	183	1.99e-14	73.9
WP_000845048.1	337	k121_393793_1	N/A	30.052	55	193	2.06e-14	73.9
WP_000845048.1	337	k121_111628_1	N/A	45.000	24	80	2.26e-14	71.2
WP_000845048.1	337	k121_981235_1	N/A	27.203	75	261	2.30e-14	75.1
WP_000845048.1	337	k121_473740_2	N/A	28.017	63	232	2.51e-14	76.3
WP_000845048.1	337	k121_453459_3	N/A	30.072	78	276	2.84e-14	75.9
WP_000845048.1	337	k121_153991_1	N/A	46.575	22	73	2.88e-14	70.9
WP_000845048.1	337	k121_598234_1	N/A	30.645	54	186	3.05e-14	73.2
WP_000845048.1	337	k121_1343524_3	N/A	29.911	62	224	3.64e-14	75.5
WP_000845048.1	337	k121_70008_1	N/A	33.987	45	153	3.84e-14	71.6
WP_000845048.1	337	k121_1142868_2	N/A	27.948	63	229	3.85e-14	75.5
WP_000845048.1	337	k121_9562_2	N/A	26.638	63	229	3.99e-14	75.5
WP_000845048.1	337	k121_829364_1	N/A	31.019	60	216	4.34e-14	73.9
WP_000845048.1	337	k121_1079342_2	N/A	26.087	84	299	6.15e-14	74.3
WP_000845048.1	337	k121_263673_2	N/A	29.386	63	228	8.24e-14	74.3
WP_000845048.1	337	k121_423380_1	N/A	49.315	22	73	1.09e-13	69.7
WP_000845048.1	337	k121_725378_3	N/A	29.221	85	308	1.24e-13	73.9
WP_000845048.1	337	k121_1095662_2	N/A	31.868	53	182	1.32e-13	71.6
WP_000845048.1	337	k121_680673_1	N/A	33.929	50	168	1.41e-13	71.6
WP_000845048.1	337	k121_647506_2	N/A	35.366	49	164	1.99e-13	69.7
WP_000845048.1	337	k121_31752_1	N/A	29.018	63	224	2.01e-13	72.8
WP_000845048.1	337	k121_554915_1	N/A	28.571	64	231	2.18e-13	73.6
WP_000845048.1	337	k121_1002009_2	N/A	30.263	63	228	2.44e-13	72.8
WP_000845048.1	337	k121_1255251_1	N/A	28.821	63	229	2.49e-13	72.0
WP_000845048.1	337	k121_469680_3	N/A	31.844	53	179	2.86e-13	70.9
WP_000845048.1	337	k121_1071252_1	N/A	27.706	63	231	4.14e-13	72.8
WP_000845048.1	337	k121_1275490_1	N/A	31.492	53	181	4.29e-13	69.7
WP_000845048.1	337	k121_343238_1	N/A	32.278	47	158	4.74e-13	69.7
WP_000845048.1	337	k121_1176678_1	N/A	31.414	56	191	4.79e-13	69.7
WP_000845048.1	337	k121_1118515_1	N/A	27.273	49	165	6.53e-13	70.1
WP_000845048.1	337	k121_403214_3	N/A	34.270	53	178	8.32e-13	68.6
WP_000845048.1	337	k121_1090259_1	N/A	27.434	61	226	8.58e-13	70.5
WP_000845048.1	337	k121_1350566_2	N/A	45.070	21	71	8.75e-13	68.2
WP_000845048.1	337	k121_736746_1	N/A	30.682	51	176	9.42e-13	69.7
WP_000845048.1	337	k121_105159_56	N/A	29.304	77	273	1.12e-12	71.2
WP_000845048.1	337	k121_423586_2	N/A	28.632	63	234	1.13e-12	71.2
WP_000845048.1	337	k121_168248_2	N/A	32.195	58	205	1.21e-12	69.7
WP_000845048.1	337	k121_207423_1	N/A	31.132	60	212	1.42e-12	70.1
WP_000845048.1	337	k121_247709_2	N/A	26.774	85	310	1.47e-12	70.9
WP_000845048.1	337	k121_806921_3	N/A	30.682	74	264	1.47e-12	70.9
WP_000845048.1	337	k121_530387_1	N/A	27.962	62	211	1.96e-12	69.3
WP_000845048.1	337	k121_935279_1	N/A	30.000	53	180	2.27e-12	67.4
WP_000845048.1	337	k121_1020370_2	N/A	48.485	20	66	2.50e-12	66.6
WP_000845048.1	337	k121_1385256_1	N/A	30.928	55	194	2.76e-12	67.8
WP_000845048.1	337	k121_319562_1	N/A	29.756	58	205	2.78e-12	67.8
WP_000845048.1	337	k121_863384_3	N/A	29.648	58	199	2.92e-12	69.7
WP_000845048.1	337	k121_618122_38	N/A	27.273	77	286	3.80e-12	69.7
WP_000845048.1	337	k121_243254_1	N/A	29.545	63	220	3.92e-12	69.3
WP_000845048.1	337	k121_670395_1	N/A	29.333	61	225	5.40e-12	69.3
WP_000845048.1	337	k121_453033_1	N/A	30.049	58	203	6.15e-12	66.6
WP_000845048.1	337	k121_89306_2	N/A	31.452	69	248	7.82e-12	68.2
WP_000845048.1	337	k121_811531_2	N/A	29.808	86	312	1.28e-11	68.2
WP_000845048.1	337	k121_1303431_3	N/A	28.571	93	336	1.53e-11	67.8
WP_000845048.1	337	k121_686960_2	N/A	30.317	62	221	1.63e-11	68.2
WP_000845048.1	337	k121_410454_1	N/A	28.402	49	169	1.75e-11	65.1
WP_000845048.1	337	k121_1285043_3	N/A	30.000	53	180	2.10e-11	66.2
WP_000845048.1	337	k121_878313_1	N/A	28.502	60	207	2.16e-11	65.5
WP_000845048.1	337	k121_33185_2	N/A	28.846	86	312	2.60e-11	67.4
WP_000845048.1	337	k121_240801_2	N/A	32.022	53	178	2.86e-11	65.9
WP_000845048.1	337	k121_719165_3	N/A	28.571	77	280	3.44e-11	67.0
WP_000845048.1	337	k121_1347707_1	N/A	33.529	50	170	3.89e-11	63.5
WP_000845048.1	337	k121_2829_2	N/A	30.769	53	182	4.77e-11	65.5
WP_000845048.1	337	k121_260021_2	N/A	24.848	85	330	5.10e-11	66.2
WP_000845048.1	337	k121_1319220_2	N/A	26.667	80	270	5.18e-11	65.1
WP_000845048.1	337	k121_146386_1	N/A	28.044	76	271	6.89e-11	64.7
WP_000845048.1	337	k121_612423_2	N/A	27.237	73	257	7.22e-11	65.1
WP_000845048.1	337	k121_461607_1	N/A	32.000	44	150	7.89e-11	63.2
WP_000845048.1	337	k121_342681_1	N/A	34.071	63	226	9.19e-11	63.5
WP_000845048.1	337	k121_983429_1	N/A	28.804	53	184	1.15e-10	62.8
WP_000845048.1	337	k121_1041083_2	N/A	28.000	57	200	1.19e-10	63.2
WP_000845048.1	337	k121_1133101_104	N/A	26.744	92	344	1.29e-10	65.1
WP_000845048.1	337	k121_422265_3	N/A	28.205	78	273	1.32e-10	65.1
WP_000845048.1	337	k121_1234304_1	N/A	29.143	52	175	1.47e-10	62.8
WP_000845048.1	337	k121_103631_1	N/A	46.377	20	69	1.58e-10	62.4
WP_000845048.1	337	k121_910145_2	N/A	24.658	61	219	1.58e-10	65.1
WP_000845048.1	337	k121_93591_2	N/A	45.455	20	66	1.68e-10	62.4
WP_000845048.1	337	k121_42223_1	N/A	25.681	72	257	1.73e-10	64.3
WP_000845048.1	337	k121_453192_2	N/A	45.946	22	74	2.05e-10	59.7
WP_000845048.1	337	k121_98015_1	N/A	26.000	72	250	2.13e-10	63.2
WP_000845048.1	337	k121_1042884_1	N/A	28.125	55	192	2.25e-10	62.4
WP_000845048.1	337	k121_1329661_2	N/A	28.223	81	287	2.26e-10	63.5
WP_000845048.1	337	k121_297787_1	N/A	28.986	60	207	2.41e-10	63.2
WP_000845048.1	337	k121_414187_3	N/A	25.108	62	231	2.73e-10	63.9
WP_000845048.1	337	k121_994848_1	N/A	26.705	52	176	3.05e-10	61.2
WP_000845048.1	337	k121_450487_1	N/A	28.729	54	181	3.26e-10	61.6
WP_000845048.1	337	k121_305238_3	N/A	26.271	63	236	3.30e-10	63.9
WP_000845048.1	337	k121_389637_1	N/A	25.248	59	202	3.36e-10	62.4
WP_000845048.1	337	k121_19926_1	N/A	26.286	51	175	3.72e-10	62.8
WP_000845048.1	337	k121_899018_2	N/A	27.313	63	227	4.56e-10	62.0
WP_000845048.1	337	k121_968509_2	N/A	28.623	77	276	4.60e-10	63.5
WP_000845048.1	337	k121_915270_1	N/A	29.114	68	237	5.06e-10	61.6
WP_000845048.1	337	k121_92620_1	N/A	28.571	63	231	5.51e-10	62.8
WP_000845048.1	337	k121_1067025_3	N/A	26.812	77	276	6.39e-10	63.2
WP_000845048.1	337	k121_495302_2	N/A	30.636	51	173	7.48e-10	60.5
WP_000845048.1	337	k121_302546_1	N/A	29.384	61	211	8.82e-10	62.4
WP_000845048.1	337	k121_1073662_1	N/A	42.667	22	75	1.03e-09	59.7
WP_000845048.1	337	k121_276524_1	N/A	42.105	21	76	1.25e-09	59.7
WP_000845048.1	337	k121_848202_2	N/A	24.219	72	256	1.61e-09	61.6
WP_000845048.1	337	k121_669141_2	N/A	27.445	85	317	2.27e-09	61.6
WP_000845048.1	337	k121_678571_6	N/A	32.075	47	159	2.28e-09	57.8
WP_000845048.1	337	k121_1022517_1	N/A	45.588	20	68	2.63e-09	60.1
WP_000845048.1	337	k121_1303431_1	N/A	26.033	68	242	4.04e-09	59.7
WP_000845048.1	337	k121_459476_1	N/A	31.655	41	139	4.14e-09	58.5
WP_000845048.1	337	k121_1375498_2	N/A	27.331	86	311	4.19e-09	60.5
WP_000845048.1	337	k121_1292581_1	N/A	27.723	58	202	4.54e-09	58.5
WP_000845048.1	337	k121_1113085_1	N/A	29.670	54	182	4.77e-09	60.5
WP_000845048.1	337	k121_1209373_1	N/A	29.907	61	214	4.99e-09	58.9
WP_000845048.1	337	k121_1028934_1	N/A	27.679	63	224	6.99e-09	58.9
WP_000845048.1	337	k121_1316764_1	N/A	26.545	77	275	7.73e-09	58.9
WP_000845048.1	337	k121_1167194_1	N/A	30.597	37	134	8.45e-09	58.5
WP_000845048.1	337	k121_364860_1	N/A	42.424	20	66	1.15e-08	56.6
WP_000845048.1	337	k121_356749_1	N/A	28.492	53	179	1.22e-08	57.8
WP_000845048.1	337	k121_324917_1	N/A	33.962	44	159	1.58e-08	57.0
WP_000845048.1	337	k121_946225_5	N/A	27.575	85	301	1.61e-08	58.5
WP_000845048.1	337	k121_1178184_1	N/A	32.597	53	181	2.47e-08	56.2
WP_000845048.1	337	k121_949558_1	N/A	29.240	50	171	2.64e-08	56.2
WP_000845048.1	337	k121_911090_1	N/A	26.217	75	267	2.90e-08	57.4
WP_000845048.1	337	k121_880930_1	N/A	24.762	58	210	3.36e-08	56.2
WP_000845048.1	337	k121_162286_1	N/A	25.962	58	208	3.94e-08	57.4
WP_000845048.1	337	k121_1362106_2	N/A	27.143	60	210	3.99e-08	58.2
WP_000845048.1	337	k121_226074_2	N/A	34.211	22	76	5.77e-08	54.7
WP_000845048.1	337	k121_447222_8	N/A	25.714	62	245	6.02e-08	57.0
WP_000845048.1	337	k121_864645_1	N/A	26.910	83	301	6.45e-08	57.0
WP_000845048.1	337	k121_335392_1	N/A	37.179	20	78	6.62e-08	54.7
WP_000845048.1	337	k121_632678_1	N/A	24.324	44	148	6.65e-08	55.1
WP_000845048.1	337	k121_1235097_5	N/A	26.809	63	235	6.67e-08	57.0
WP_000845048.1	337	k121_524563_3	N/A	32.258	49	186	7.19e-08	56.2
WP_000845048.1	337	k121_1073913_1	N/A	29.193	44	161	7.25e-08	55.8
WP_000845048.1	337	k121_372713_1	N/A	29.020	69	255	7.42e-08	56.2
WP_000845048.1	337	k121_388706_1	N/A	25.949	44	158	7.62e-08	55.1
WP_000845048.1	337	k121_649286_3	N/A	29.213	53	178	8.11e-08	55.1
WP_000845048.1	337	k121_216199_4	N/A	26.728	61	217	8.39e-08	56.6
WP_000845048.1	337	k121_1390713_1	N/A	24.194	55	186	9.04e-08	55.8
WP_000845048.1	337	k121_1156330_1	N/A	31.250	39	144	9.84e-08	54.7
WP_000845048.1	337	k121_1067025_1	N/A	25.837	60	209	1.05e-07	54.7
WP_000845048.1	337	k121_376813_1	N/A	28.163	68	245	1.10e-07	56.6
WP_000845048.1	337	k121_806921_1	N/A	26.190	50	168	1.33e-07	53.9
WP_000845048.1	337	k121_1042713_1	N/A	28.571	52	175	1.56e-07	54.7
WP_000845048.1	337	k121_862848_1	N/A	27.979	54	193	1.60e-07	55.5
WP_000845048.1	337	k121_144640_1	N/A	27.869	54	183	1.75e-07	54.3
WP_000845048.1	337	k121_1270087_3	N/A	24.896	63	241	1.96e-07	55.5
WP_000845048.1	337	k121_1278241_1	N/A	28.395	48	162	1.96e-07	55.1
WP_000845048.1	337	k121_445466_1	N/A	31.852	39	135	2.30e-07	53.5
WP_000845048.1	337	k121_1049342_2	N/A	29.588	75	267	2.49e-07	55.1
WP_000845048.1	337	k121_94420_1	N/A	27.326	51	172	2.92e-07	54.3
WP_000845048.1	337	k121_648544_2	N/A	22.330	84	309	2.95e-07	54.7
WP_000845048.1	337	k121_28739_3	N/A	25.714	87	315	3.65e-07	54.7
WP_000845048.1	337	k121_670899_1	N/A	28.417	78	278	3.67e-07	54.3
WP_000845048.1	337	k121_653258_1	N/A	24.749	83	299	4.16e-07	54.3
WP_000845048.1	337	k121_1351571_1	N/A	24.096	71	249	4.18e-07	53.5
WP_000845048.1	337	k121_428520_1	N/A	30.814	47	172	4.33e-07	53.1
WP_000845048.1	337	k121_644660_4	N/A	28.745	71	247	5.81e-07	53.9
WP_000845048.1	337	k121_420157_1	N/A	27.338	39	139	6.54e-07	52.4
WP_000845048.1	337	k121_697730_1	N/A	25.949	44	158	6.63e-07	52.8
WP_000845048.1	337	k121_496844_1	N/A	28.906	35	128	6.83e-07	53.1
WP_000845048.1	337	k121_1254438_1	N/A	32.667	41	150	6.99e-07	52.8
WP_000845048.1	337	k121_1086076_1	N/A	31.282	54	195	7.08e-07	53.5
