SadA_ref|WP_036299419.1|:1-399	399	k121_61394_2	N/A	43.797	98	395	8.73e-114	338
SadA_ref|WP_036299419.1|:1-399	399	k121_51066_13	N/A	30.601	44	183	1.78e-21	92.0
SadA_ref|WP_036299419.1|:1-399	399	k121_48495_1	N/A	35.526	38	152	2.28e-16	76.3
SadA_ref|WP_036299419.1|:1-399	399	k121_52757_2	N/A	33.058	30	121	2.07e-14	70.9
SadA_ref|WP_036299419.1|:1-399	399	k121_10070_2	N/A	22.788	91	373	1.13e-11	65.9
SadA_ref|WP_036299419.1|:1-399	399	k121_122927_5	N/A	23.797	87	374	2.75e-10	62.0
SadA_ref|WP_036299419.1|:1-399	399	k121_115415_24	N/A	22.872	89	376	5.77e-07	51.6
SadA_ref|WP_036299419.1|:1-399	399	k121_3301_2	N/A	22.454	89	383	5.77e-07	51.6
SadA_ref|WP_036299419.1|:1-399	399	k121_141299_1	N/A	23.228	60	254	8.33e-06	47.4
SadA_ref|WP_036299419.1|:1-399	399	k121_87579_2	N/A	23.288	86	365	1.33e-05	47.0
SadA_ref|WP_036299419.1|:1-399	399	k121_84641_7	N/A	23.377	53	231	0.009	38.1
SadA_ref|WP_036299419.1|:1-399	399	k121_171616_1	N/A	27.014	48	211	0.015	37.4
SadA_ref|WP_036299419.1|:1-399	399	k121_122927_6	N/A	23.445	47	209	0.017	37.4
SadA_ref|WP_036299419.1|:1-399	399	k121_159328_1	N/A	23.279	70	305	0.025	36.6
SadA_ref|WP_036299419.1|:1-399	399	k121_30358_2	N/A	29.897	24	97	0.036	35.8
SadB_ref|WP_100812327.1|:1-423	423	k121_61394_2	N/A	37.596	91	391	4.87e-81	255
SadB_ref|WP_100812327.1|:1-423	423	k121_51066_13	N/A	35.096	47	208	4.42e-29	113
SadB_ref|WP_100812327.1|:1-423	423	k121_48495_1	N/A	36.111	34	144	1.47e-17	79.7
SadB_ref|WP_100812327.1|:1-423	423	k121_10070_2	N/A	23.433	84	367	2.70e-16	80.5
SadB_ref|WP_100812327.1|:1-423	423	k121_52757_2	N/A	26.126	26	111	1.44e-10	59.7
SadB_ref|WP_100812327.1|:1-423	423	k121_3301_2	N/A	22.141	91	411	1.23e-07	53.9
SadB_ref|WP_100812327.1|:1-423	423	k121_122927_5	N/A	22.059	91	408	1.49e-07	53.5
SadB_ref|WP_100812327.1|:1-423	423	k121_143725_8	N/A	21.809	83	376	1.51e-07	53.5
SadB_ref|WP_100812327.1|:1-423	423	k121_141299_1	N/A	24.194	57	248	2.44e-07	52.4
SadB_ref|WP_100812327.1|:1-423	423	k121_115415_24	N/A	21.392	87	388	5.24e-05	45.4
SadB_ref|WP_100812327.1|:1-423	423	k121_39532_7	N/A	20.117	78	343	5.04e-04	42.4
SadB_ref|WP_100812327.1|:1-423	423	k121_87579_2	N/A	21.080	87	389	0.002	40.0
SadB_ref|WP_100812327.1|:1-423	423	k121_159328_1	N/A	26.389	31	144	0.003	39.7
SadB_ref|WP_100812327.1|:1-423	423	k121_157662_1	N/A	22.275	48	211	0.024	36.6
SadB_ref|WP_100812327.1|:1-423	423	k121_95236_3	N/A	19.663	81	356	0.024	37.0
SadB_ref|WP_100812327.1|:1-423	423	k121_171616_1	N/A	22.269	54	238	0.045	36.2
SadB_ref|WP_100812327.1|:1-423	423	k121_167699_1	N/A	22.222	42	189	0.095	34.7
SadC_ref|WP_036299413.1|:1-194	194	k121_24014_6	N/A	27.108	85	166	6.17e-13	64.3
SadC_ref|WP_036299413.1|:1-194	194	k121_87304_8	N/A	31.884	71	138	2.45e-12	62.4
SadC_ref|WP_036299413.1|:1-194	194	k121_106665_1	N/A	25.301	85	166	5.45e-11	58.5
SadC_ref|WP_036299413.1|:1-194	194	k121_144627_20	N/A	24.551	85	167	1.26e-10	57.8
SadC_ref|WP_036299413.1|:1-194	194	k121_29328_2	N/A	24.096	85	166	1.09e-09	55.1
SadC_ref|WP_036299413.1|:1-194	194	k121_145739_2	N/A	23.494	85	166	2.61e-09	54.3
SadC_ref|WP_036299413.1|:1-194	194	k121_41319_6	N/A	24.096	85	166	3.35e-09	53.9
SadC_ref|WP_036299413.1|:1-194	194	k121_65101_2	N/A	24.359	79	156	5.32e-09	53.9
SadC_ref|WP_036299413.1|:1-194	194	k121_154568_8	N/A	38.462	46	91	6.42e-09	54.7
SadC_ref|WP_036299413.1|:1-194	194	k121_177457_1	N/A	24.528	79	159	6.84e-08	50.8
SadC_ref|WP_036299413.1|:1-194	194	k121_54753_1	N/A	27.219	78	169	2.16e-07	50.1
SadC_ref|WP_036299413.1|:1-194	194	k121_86716_9	N/A	24.691	79	162	3.02e-07	48.5
SadC_ref|WP_036299413.1|:1-194	194	k121_104193_7	N/A	33.333	44	87	6.46e-04	38.1
SadC_ref|WP_036299413.1|:1-194	194	k121_28808_2	N/A	24.699	85	166	0.001	38.1
SadC_ref|WP_036299413.1|:1-194	194	k121_8838_1	N/A	31.343	32	67	0.004	35.8
SadC_ref|WP_036299413.1|:1-194	194	k121_164678_3	N/A	40.816	25	49	0.013	34.3
SadC_ref|WP_036299413.1|:1-194	194	k121_102086_3	N/A	19.876	82	161	0.049	33.5
WP_000259031.1	279	k121_185205_2	N/A	53.516	92	256	1.42e-75	231
WP_000259031.1	279	k121_42983_1	N/A	31.801	93	261	1.88e-36	131
WP_000259031.1	279	k121_77306_2	N/A	31.034	93	261	5.75e-35	127
WP_000259031.1	279	k121_144202_2	N/A	30.303	94	264	3.51e-33	122
WP_000259031.1	279	k121_121580_2	N/A	30.651	93	261	1.57e-32	120
WP_000259031.1	279	k121_13748_25	N/A	31.818	93	264	1.40e-31	118
WP_000259031.1	279	k121_117408_1	N/A	31.298	93	262	6.04e-28	108
WP_000259031.1	279	k121_31016_3	N/A	30.980	88	255	2.06e-27	109
WP_000259031.1	279	k121_131114_5	N/A	34.091	77	220	3.08e-26	104
WP_000259031.1	279	k121_145522_12	N/A	36.404	81	228	5.73e-26	103
WP_000259031.1	279	k121_21754_1	N/A	29.381	68	194	5.04e-20	86.7
WP_000259031.1	279	k121_169464_22	N/A	32.000	88	250	7.01e-19	85.5
WP_000259031.1	279	k121_169357_2	N/A	33.200	88	250	8.45e-17	79.7
WP_000259031.1	279	k121_44162_1	N/A	33.065	44	124	6.31e-12	62.4
WP_000259031.1	279	k121_167446_1	N/A	26.705	61	176	3.99e-11	61.6
WP_000259031.1	279	k121_158046_2	N/A	34.862	38	109	0.001	40.4
WP_001043260.1	271	k121_185205_2	N/A	100.000	100	271	0.0	528
WP_001043260.1	271	k121_42983_1	N/A	31.274	95	259	2.44e-38	135
WP_001043260.1	271	k121_77306_2	N/A	30.385	96	260	1.89e-37	133
WP_001043260.1	271	k121_144202_2	N/A	31.321	96	265	2.38e-36	130
WP_001043260.1	271	k121_13748_25	N/A	31.061	96	264	3.51e-36	130
WP_001043260.1	271	k121_31016_3	N/A	33.077	91	260	2.40e-34	128
WP_001043260.1	271	k121_121580_2	N/A	29.231	96	260	3.17e-34	125
WP_001043260.1	271	k121_145522_12	N/A	38.697	95	261	4.48e-33	122
WP_001043260.1	271	k121_131114_5	N/A	32.963	96	270	3.33e-30	114
WP_001043260.1	271	k121_117408_1	N/A	29.231	96	260	7.34e-29	111
WP_001043260.1	271	k121_21754_1	N/A	34.536	70	194	3.14e-26	102
WP_001043260.1	271	k121_169464_22	N/A	35.628	90	247	3.88e-25	102
WP_001043260.1	271	k121_169357_2	N/A	32.389	90	247	4.54e-24	99.8
WP_001043260.1	271	k121_44162_1	N/A	37.097	45	124	2.77e-17	77.0
WP_001043260.1	271	k121_167446_1	N/A	28.507	78	221	6.48e-06	46.2
WP_000034420.1	263	k121_185205_2	N/A	52.124	98	259	1.73e-81	246
WP_000034420.1	263	k121_42983_1	N/A	33.080	99	263	3.69e-49	163
WP_000034420.1	263	k121_13748_25	N/A	33.969	98	262	9.56e-49	162
WP_000034420.1	263	k121_77306_2	N/A	33.716	98	261	1.06e-48	162
WP_000034420.1	263	k121_144202_2	N/A	32.692	98	260	7.19e-48	160
WP_000034420.1	263	k121_121580_2	N/A	33.588	99	262	1.48e-47	159
WP_000034420.1	263	k121_117408_1	N/A	32.692	98	260	1.75e-41	144
WP_000034420.1	263	k121_145522_12	N/A	35.985	99	264	1.81e-40	141
WP_000034420.1	263	k121_131114_5	N/A	31.852	98	270	7.53e-37	132
WP_000034420.1	263	k121_31016_3	N/A	33.730	93	252	3.16e-34	127
WP_000034420.1	263	k121_169464_22	N/A	29.434	99	265	2.34e-29	114
WP_000034420.1	263	k121_169357_2	N/A	28.090	99	267	4.46e-29	113
WP_000034420.1	263	k121_21754_1	N/A	33.146	67	178	4.70e-20	86.3
WP_000034420.1	263	k121_44162_1	N/A	35.200	47	125	3.67e-17	76.3
WP_000034420.1	263	k121_167446_1	N/A	30.000	77	210	1.90e-12	65.1
WP_000034420.1	263	k121_82989_1	N/A	33.824	24	68	0.005	35.4
WP_206434233.1	297	k121_13748_25	N/A	45.387	91	271	1.57e-68	214
WP_206434233.1	297	k121_77306_2	N/A	44.280	91	271	2.07e-63	201
WP_206434233.1	297	k121_121580_2	N/A	43.511	88	262	6.24e-62	197
WP_206434233.1	297	k121_42983_1	N/A	42.336	92	274	3.62e-61	196
WP_206434233.1	297	k121_144202_2	N/A	43.542	91	271	1.36e-60	194
WP_206434233.1	297	k121_131114_5	N/A	44.318	87	264	1.28e-57	186
WP_206434233.1	297	k121_117408_1	N/A	45.756	91	271	1.82e-57	186
WP_206434233.1	297	k121_169464_22	N/A	41.135	93	282	7.63e-51	171
WP_206434233.1	297	k121_169357_2	N/A	41.481	91	270	5.28e-44	154
WP_206434233.1	297	k121_31016_3	N/A	39.098	88	266	1.04e-43	154
WP_206434233.1	297	k121_145522_12	N/A	33.333	93	285	3.02e-37	134
WP_206434233.1	297	k121_21754_1	N/A	31.553	69	206	1.18e-34	125
WP_206434233.1	297	k121_185205_2	N/A	33.628	74	226	7.76e-33	122
WP_206434233.1	297	k121_167446_1	N/A	35.000	72	220	3.10e-31	116
WP_206434233.1	297	k121_44162_1	N/A	47.656	43	128	1.36e-25	99.4
WP_206434233.1	297	k121_82989_1	N/A	36.364	25	77	3.78e-07	47.4
WP_206434233.1	297	k121_148083_4	N/A	40.678	20	59	1.33e-04	39.3
WP_005414519.1	219	k121_17036_4	N/A	35.263	85	190	4.91e-25	97.8
WP_005414519.1	219	k121_163620_3	N/A	43.636	25	55	1.24e-09	53.5
WP_005414519.1	219	k121_43670_7	N/A	45.161	28	62	1.24e-07	50.4
WP_005414519.1	219	k121_373_2	N/A	40.000	25	55	1.79e-07	50.1
WP_005414519.1	219	k121_81091_6	N/A	36.842	26	57	1.09e-06	47.8
WP_005414519.1	219	k121_17611_1	N/A	40.984	28	61	1.84e-06	47.0
WP_005414519.1	219	k121_153468_3	N/A	28.700	96	223	2.38e-06	47.0
WP_005414519.1	219	k121_163068_4	N/A	27.933	80	179	2.64e-06	46.6
WP_005414519.1	219	k121_81747_10	N/A	27.536	63	138	6.20e-06	45.8
WP_005414519.1	219	k121_60686_1	N/A	37.500	26	56	6.93e-06	45.4
WP_005414519.1	219	k121_6031_4	N/A	33.333	30	66	9.21e-06	45.4
WP_005414519.1	219	k121_120552_1	N/A	32.787	28	61	9.67e-06	44.7
WP_005414519.1	219	k121_116829_14	N/A	30.392	46	102	1.04e-05	45.4
WP_005414519.1	219	k121_121450_4	N/A	27.329	73	161	1.20e-05	44.7
WP_005414519.1	219	k121_39410_3	N/A	27.848	69	158	1.93e-05	44.3
WP_005414519.1	219	k121_94441_1	N/A	32.812	29	64	1.99e-05	43.9
WP_005414519.1	219	k121_144863_1	N/A	25.287	37	87	2.20e-05	43.9
WP_005414519.1	219	k121_131613_3	N/A	32.308	30	65	2.33e-05	44.3
WP_005414519.1	219	k121_18811_1	N/A	36.364	25	55	3.45e-05	43.5
WP_005414519.1	219	k121_147781_2	N/A	37.288	27	59	3.66e-05	43.5
WP_005414519.1	219	k121_54239_2	N/A	24.432	77	176	3.80e-05	43.5
WP_005414519.1	219	k121_178912_4	N/A	27.679	50	112	5.04e-05	43.1
WP_005414519.1	219	k121_139791_2	N/A	40.000	23	50	5.95e-05	42.7
WP_005414519.1	219	k121_10047_2	N/A	33.846	29	65	6.16e-05	42.4
WP_005414519.1	219	k121_184443_13	N/A	34.483	26	58	6.86e-05	42.7
WP_005414519.1	219	k121_68791_1	N/A	24.294	76	177	7.30e-05	42.7
WP_005414519.1	219	k121_143636_18	N/A	39.583	22	48	9.34e-05	42.4
WP_005414519.1	219	k121_173268_4	N/A	28.723	43	94	1.05e-04	42.4
WP_005414519.1	219	k121_184889_2	N/A	26.027	33	73	1.42e-04	41.6
WP_005414519.1	219	k121_180536_3	N/A	40.351	26	57	1.43e-04	41.6
WP_005414519.1	219	k121_118347_2	N/A	34.483	26	58	1.69e-04	41.6
WP_005414519.1	219	k121_26778_2	N/A	31.746	29	63	1.78e-04	41.6
WP_005414519.1	219	k121_100036_2	N/A	23.936	83	188	2.06e-04	41.2
WP_005414519.1	219	k121_109346_5	N/A	32.258	28	62	2.07e-04	41.6
WP_005414519.1	219	k121_141942_2	N/A	29.545	60	132	2.50e-04	41.2
WP_005414519.1	219	k121_137565_1	N/A	33.333	34	75	2.91e-04	40.4
WP_005414519.1	219	k121_84641_4	N/A	44.681	21	47	4.10e-04	40.4
WP_005414519.1	219	k121_73904_2	N/A	39.286	26	56	4.68e-04	40.4
WP_005414519.1	219	k121_50202_8	N/A	20.809	78	173	5.27e-04	40.0
WP_005414519.1	219	k121_122004_2	N/A	34.483	26	58	5.47e-04	40.0
WP_005414519.1	219	k121_100440_3	N/A	32.836	31	67	6.45e-04	39.7
WP_005414519.1	219	k121_66561_8	N/A	31.250	29	64	0.001	37.4
WP_005414519.1	219	k121_19356_2	N/A	26.087	39	92	0.001	38.9
WP_005414519.1	219	k121_74413_2	N/A	31.034	26	58	0.002	38.9
WP_005414519.1	219	k121_113989_2	N/A	29.333	34	75	0.002	38.5
WP_005414519.1	219	k121_161789_7	N/A	32.759	26	58	0.002	37.4
WP_005414519.1	219	k121_158867_2	N/A	35.000	27	60	0.002	38.1
WP_005414519.1	219	k121_11444_5	N/A	31.818	30	66	0.002	38.1
WP_005414519.1	219	k121_5912_5	N/A	32.258	27	62	0.003	38.1
WP_005414519.1	219	k121_106338_3	N/A	26.087	39	92	0.003	37.7
WP_005414519.1	219	k121_166881_1	N/A	34.694	22	49	0.005	36.2
WP_005414519.1	219	k121_110099_21	N/A	30.769	24	52	0.005	37.0
WP_005414519.1	219	k121_130489_2	N/A	22.642	47	106	0.006	37.0
WP_005414519.1	219	k121_74936_1	N/A	29.592	43	98	0.006	37.0
WP_005414519.1	219	k121_66561_7	N/A	33.962	24	53	0.006	37.0
WP_005414519.1	219	k121_160499_7	N/A	30.357	26	56	0.007	36.6
WP_005414519.1	219	k121_119756_3	N/A	22.222	33	72	0.007	36.6
WP_005414519.1	219	k121_8783_5	N/A	32.000	23	50	0.008	36.6
WP_005414519.1	219	k121_96691_7	N/A	24.885	96	217	0.008	36.6
WP_005414519.1	219	k121_126014_13	N/A	31.034	26	58	0.009	36.2
WP_005414519.1	219	k121_173172_6	N/A	29.032	28	62	0.010	36.2
WP_005414519.1	219	k121_146220_1	N/A	38.298	21	47	0.011	36.2
WP_005414519.1	219	k121_123929_1	N/A	31.250	29	64	0.012	35.0
WP_005414519.1	219	k121_64614_1	N/A	30.357	26	56	0.013	35.8
WP_005414519.1	219	k121_91923_2	N/A	32.692	24	52	0.013	36.2
WP_005414519.1	219	k121_44635_5	N/A	34.043	21	47	0.014	33.5
WP_005414519.1	219	k121_121687_2	N/A	33.962	24	53	0.014	35.8
WP_005414519.1	219	k121_93346_2	N/A	35.294	23	51	0.014	35.8
WP_005414519.1	219	k121_97450_1	N/A	30.508	26	59	0.015	35.8
WP_005414519.1	219	k121_112634_2	N/A	38.000	23	50	0.016	35.4
WP_005414519.1	219	k121_182328_9	N/A	26.452	69	155	0.018	35.4
WP_005414519.1	219	k121_46960_1	N/A	25.641	51	117	0.018	35.4
WP_005414519.1	219	k121_127339_2	N/A	32.308	30	65	0.018	35.8
WP_005414519.1	219	k121_8187_2	N/A	31.373	23	51	0.022	35.4
WP_005414519.1	219	k121_165680_8	N/A	21.765	73	170	0.023	35.0
WP_005414519.1	219	k121_146220_2	N/A	27.957	42	93	0.026	35.0
WP_005414519.1	219	k121_22756_3	N/A	30.508	27	59	0.028	34.3
WP_005414519.1	219	k121_123684_1	N/A	23.952	75	167	0.031	34.7
WP_005414519.1	219	k121_50706_16	N/A	18.987	71	158	0.031	34.7
WP_005414519.1	219	k121_113383_8	N/A	21.250	73	160	0.049	34.3
WP_005414519.1	219	k121_7907_1	N/A	27.473	40	91	0.051	33.5
WP_005414519.1	219	k121_104069_7	N/A	28.889	41	90	0.062	33.9
WP_005414519.1	219	k121_51529_3	N/A	33.333	25	54	0.074	33.5
WP_005414519.1	219	k121_85704_3	N/A	27.869	28	61	0.079	33.5
WP_005414519.1	219	k121_49842_4	N/A	28.750	35	80	0.082	33.5
WP_025877280.1	219	k121_17036_4	N/A	35.714	85	196	3.58e-25	98.2
WP_025877280.1	219	k121_163620_3	N/A	41.818	25	55	6.93e-09	51.6
WP_025877280.1	219	k121_43670_7	N/A	45.161	28	62	1.54e-07	50.1
WP_025877280.1	219	k121_17611_1	N/A	28.161	78	174	4.36e-07	48.9
WP_025877280.1	219	k121_373_2	N/A	38.182	25	55	7.96e-07	48.1
WP_025877280.1	219	k121_39410_3	N/A	29.114	69	158	2.09e-06	47.4
WP_025877280.1	219	k121_81091_6	N/A	36.842	26	57	3.54e-06	46.2
WP_025877280.1	219	k121_60686_1	N/A	37.500	26	56	6.18e-06	45.8
WP_025877280.1	219	k121_121450_4	N/A	27.329	73	161	9.54e-06	45.1
WP_025877280.1	219	k121_116829_14	N/A	30.392	46	102	1.05e-05	45.4
WP_025877280.1	219	k121_81747_10	N/A	26.812	63	138	1.29e-05	44.7
WP_025877280.1	219	k121_120552_1	N/A	32.787	28	61	1.39e-05	43.9
WP_025877280.1	219	k121_94441_1	N/A	32.812	29	64	2.43e-05	43.9
WP_025877280.1	219	k121_153468_3	N/A	28.251	96	223	2.44e-05	43.9
WP_025877280.1	219	k121_147781_2	N/A	37.288	27	59	2.58e-05	43.9
WP_025877280.1	219	k121_10047_2	N/A	35.385	29	65	2.58e-05	43.1
WP_025877280.1	219	k121_163068_4	N/A	27.778	80	180	2.81e-05	43.5
WP_025877280.1	219	k121_6031_4	N/A	31.818	30	66	3.12e-05	43.9
WP_025877280.1	219	k121_144863_1	N/A	25.287	37	87	3.48e-05	43.1
WP_025877280.1	219	k121_18811_1	N/A	36.364	25	55	4.99e-05	43.1
WP_025877280.1	219	k121_178912_4	N/A	27.679	50	112	6.56e-05	42.7
WP_025877280.1	219	k121_68791_1	N/A	38.462	24	52	8.25e-05	42.4
WP_025877280.1	219	k121_173268_4	N/A	25.478	71	157	8.54e-05	42.4
WP_025877280.1	219	k121_131613_3	N/A	30.769	30	65	9.04e-05	42.4
WP_025877280.1	219	k121_143636_18	N/A	39.583	22	48	1.48e-04	41.6
WP_025877280.1	219	k121_184443_13	N/A	32.759	26	58	1.68e-04	41.6
WP_025877280.1	219	k121_118347_2	N/A	34.483	26	58	1.77e-04	41.6
WP_025877280.1	219	k121_139791_2	N/A	30.435	42	92	1.83e-04	41.2
WP_025877280.1	219	k121_26778_2	N/A	31.746	29	63	2.23e-04	41.2
WP_025877280.1	219	k121_100036_2	N/A	23.936	83	188	2.30e-04	41.2
WP_025877280.1	219	k121_184889_2	N/A	26.027	33	73	2.49e-04	40.8
WP_025877280.1	219	k121_109346_5	N/A	32.258	28	62	2.68e-04	41.2
WP_025877280.1	219	k121_137565_1	N/A	33.333	34	75	3.49e-04	40.4
WP_025877280.1	219	k121_141942_2	N/A	43.750	22	48	3.61e-04	40.8
WP_025877280.1	219	k121_50202_8	N/A	21.469	78	177	3.76e-04	40.4
WP_025877280.1	219	k121_180536_3	N/A	38.596	26	57	5.59e-04	40.0
WP_025877280.1	219	k121_100440_3	N/A	32.836	31	67	5.76e-04	40.0
WP_025877280.1	219	k121_73904_2	N/A	39.286	26	56	6.53e-04	40.0
WP_025877280.1	219	k121_84641_4	N/A	41.176	23	51	7.54e-04	39.7
WP_025877280.1	219	k121_166881_1	N/A	36.735	22	49	0.001	37.7
WP_025877280.1	219	k121_122004_2	N/A	32.759	26	58	0.001	38.9
WP_025877280.1	219	k121_19356_2	N/A	26.087	39	92	0.001	38.5
WP_025877280.1	219	k121_113989_2	N/A	29.333	34	75	0.002	38.5
WP_025877280.1	219	k121_66561_8	N/A	31.250	29	64	0.002	37.0
WP_025877280.1	219	k121_106338_3	N/A	26.087	39	92	0.003	37.7
WP_025877280.1	219	k121_5912_5	N/A	32.258	27	62	0.003	37.7
WP_025877280.1	219	k121_74413_2	N/A	29.310	26	58	0.004	37.4
WP_025877280.1	219	k121_110099_21	N/A	30.769	24	52	0.004	37.4
WP_025877280.1	219	k121_50706_16	N/A	19.620	71	158	0.006	37.0
WP_025877280.1	219	k121_11444_5	N/A	30.303	30	66	0.006	37.0
WP_025877280.1	219	k121_130489_2	N/A	22.642	47	106	0.007	36.6
WP_025877280.1	219	k121_160499_7	N/A	27.152	68	151	0.007	36.6
WP_025877280.1	219	k121_158867_2	N/A	33.333	27	60	0.007	36.6
WP_025877280.1	219	k121_74936_1	N/A	29.592	43	98	0.009	36.6
WP_025877280.1	219	k121_173172_6	N/A	29.032	28	62	0.009	36.6
WP_025877280.1	219	k121_182328_9	N/A	27.097	69	155	0.010	36.2
WP_025877280.1	219	k121_17646_5	N/A	26.241	64	141	0.010	36.2
WP_025877280.1	219	k121_161789_7	N/A	31.034	26	58	0.010	35.0
WP_025877280.1	219	k121_119756_3	N/A	22.222	33	72	0.011	36.2
WP_025877280.1	219	k121_165680_8	N/A	27.273	40	88	0.011	36.2
WP_025877280.1	219	k121_126014_13	N/A	31.034	26	58	0.013	35.8
WP_025877280.1	219	k121_91923_2	N/A	32.692	24	52	0.014	35.8
WP_025877280.1	219	k121_123929_1	N/A	31.250	29	64	0.015	34.7
WP_025877280.1	219	k121_8783_5	N/A	32.000	23	50	0.016	35.4
WP_025877280.1	219	k121_112634_2	N/A	38.000	23	50	0.016	35.4
WP_025877280.1	219	k121_93346_2	N/A	35.294	23	51	0.016	35.4
WP_025877280.1	219	k121_44635_5	N/A	34.043	21	47	0.018	33.5
WP_025877280.1	219	k121_146220_1	N/A	38.298	21	47	0.019	35.4
WP_025877280.1	219	k121_97450_1	N/A	30.508	26	59	0.019	35.4
WP_025877280.1	219	k121_64614_1	N/A	30.357	26	56	0.020	35.4
WP_025877280.1	219	k121_123684_1	N/A	23.952	75	167	0.020	35.4
WP_025877280.1	219	k121_127339_2	N/A	32.308	30	65	0.020	35.8
WP_025877280.1	219	k121_8187_2	N/A	31.373	23	51	0.021	35.4
WP_025877280.1	219	k121_146220_2	N/A	27.957	42	93	0.023	35.0
WP_025877280.1	219	k121_121687_2	N/A	32.075	24	53	0.041	34.3
WP_025877280.1	219	k121_66561_7	N/A	32.075	24	53	0.045	34.3
WP_025877280.1	219	k121_104069_7	N/A	28.889	41	90	0.047	33.9
WP_025877280.1	219	k121_7907_1	N/A	27.473	40	91	0.058	33.5
WP_025877280.1	219	k121_96691_7	N/A	24.257	89	202	0.063	33.9
WP_025877280.1	219	k121_49842_4	N/A	28.750	35	80	0.087	33.5
WP_025877280.1	219	k121_85704_3	N/A	27.869	28	61	0.096	33.5
WP_089236970.1	219	k121_17036_4	N/A	36.224	85	196	1.29e-25	99.4
WP_089236970.1	219	k121_163620_3	N/A	41.818	25	55	6.72e-09	51.6
WP_089236970.1	219	k121_43670_7	N/A	45.161	28	62	1.58e-07	50.1
WP_089236970.1	219	k121_17611_1	N/A	28.161	78	174	4.19e-07	48.9
WP_089236970.1	219	k121_373_2	N/A	38.182	25	55	7.30e-07	48.1
WP_089236970.1	219	k121_81091_6	N/A	36.842	26	57	3.44e-06	46.2
WP_089236970.1	219	k121_39410_3	N/A	29.114	69	158	3.69e-06	46.6
WP_089236970.1	219	k121_121450_4	N/A	27.329	73	161	5.04e-06	45.8
WP_089236970.1	219	k121_60686_1	N/A	37.500	26	56	6.07e-06	45.8
WP_089236970.1	219	k121_116829_14	N/A	30.392	46	102	9.46e-06	45.8
WP_089236970.1	219	k121_81747_10	N/A	26.812	63	138	1.22e-05	44.7
WP_089236970.1	219	k121_163068_4	N/A	27.778	80	180	1.44e-05	44.7
WP_089236970.1	219	k121_120552_1	N/A	32.787	28	61	1.51e-05	43.9
WP_089236970.1	219	k121_94441_1	N/A	32.812	29	64	2.45e-05	43.9
WP_089236970.1	219	k121_10047_2	N/A	35.385	29	65	2.48e-05	43.5
WP_089236970.1	219	k121_147781_2	N/A	37.288	27	59	2.56e-05	43.9
WP_089236970.1	219	k121_173268_4	N/A	26.115	71	157	2.67e-05	43.9
WP_089236970.1	219	k121_6031_4	N/A	31.818	30	66	3.06e-05	43.9
WP_089236970.1	219	k121_144863_1	N/A	25.287	37	87	3.44e-05	43.1
WP_089236970.1	219	k121_18811_1	N/A	36.364	25	55	5.04e-05	43.1
WP_089236970.1	219	k121_178912_4	N/A	27.679	50	112	5.97e-05	42.7
WP_089236970.1	219	k121_68791_1	N/A	38.462	24	52	8.17e-05	42.4
WP_089236970.1	219	k121_131613_3	N/A	30.769	30	65	9.47e-05	42.4
WP_089236970.1	219	k121_153468_3	N/A	28.700	96	223	9.51e-05	42.4
WP_089236970.1	219	k121_143636_18	N/A	39.583	22	48	1.49e-04	41.6
WP_089236970.1	219	k121_184443_13	N/A	32.759	26	58	1.69e-04	41.6
WP_089236970.1	219	k121_139791_2	N/A	30.435	42	92	1.77e-04	41.2
WP_089236970.1	219	k121_118347_2	N/A	35.088	26	57	1.89e-04	41.2
WP_089236970.1	219	k121_141942_2	N/A	27.160	68	162	2.47e-04	41.2
WP_089236970.1	219	k121_26778_2	N/A	31.746	29	63	2.49e-04	41.2
WP_089236970.1	219	k121_184889_2	N/A	26.027	33	73	2.54e-04	40.8
WP_089236970.1	219	k121_109346_5	N/A	32.258	28	62	2.79e-04	41.2
WP_089236970.1	219	k121_137565_1	N/A	33.333	34	75	3.42e-04	40.4
WP_089236970.1	219	k121_100440_3	N/A	32.836	31	67	5.20e-04	40.0
WP_089236970.1	219	k121_50202_8	N/A	21.387	78	173	5.79e-04	40.0
WP_089236970.1	219	k121_180536_3	N/A	38.596	26	57	5.86e-04	40.0
WP_089236970.1	219	k121_73904_2	N/A	39.286	26	56	6.90e-04	39.7
WP_089236970.1	219	k121_84641_4	N/A	41.176	23	51	7.68e-04	39.7
WP_089236970.1	219	k121_100036_2	N/A	23.404	83	188	0.001	39.3
WP_089236970.1	219	k121_166881_1	N/A	36.735	22	49	0.001	37.7
WP_089236970.1	219	k121_122004_2	N/A	32.759	26	58	0.001	38.9
WP_089236970.1	219	k121_19356_2	N/A	26.087	39	92	0.002	38.5
WP_089236970.1	219	k121_66561_8	N/A	31.250	29	64	0.002	37.0
WP_089236970.1	219	k121_113989_2	N/A	29.333	34	75	0.002	38.5
WP_089236970.1	219	k121_106338_3	N/A	26.087	39	92	0.003	37.7
WP_089236970.1	219	k121_5912_5	N/A	32.258	27	62	0.003	37.7
WP_089236970.1	219	k121_110099_21	N/A	30.769	24	52	0.004	37.4
WP_089236970.1	219	k121_74413_2	N/A	29.310	26	58	0.004	37.4
WP_089236970.1	219	k121_182328_9	N/A	26.144	69	153	0.005	37.0
WP_089236970.1	219	k121_160499_7	N/A	27.152	68	151	0.005	37.0
WP_089236970.1	219	k121_11444_5	N/A	30.303	30	66	0.006	37.0
WP_089236970.1	219	k121_130489_2	N/A	27.869	28	61	0.007	36.6
WP_089236970.1	219	k121_158867_2	N/A	33.333	27	60	0.008	36.6
WP_089236970.1	219	k121_74936_1	N/A	29.592	43	98	0.009	36.6
WP_089236970.1	219	k121_173172_6	N/A	29.032	28	62	0.009	36.6
WP_089236970.1	219	k121_119756_3	N/A	22.222	33	72	0.010	36.2
WP_089236970.1	219	k121_165680_8	N/A	27.273	40	88	0.010	36.2
WP_089236970.1	219	k121_161789_7	N/A	31.034	26	58	0.010	35.0
WP_089236970.1	219	k121_17646_5	N/A	26.241	64	141	0.012	35.8
WP_089236970.1	219	k121_126014_13	N/A	31.034	26	58	0.014	35.8
WP_089236970.1	219	k121_91923_2	N/A	32.692	24	52	0.014	35.8
WP_089236970.1	219	k121_93346_2	N/A	35.294	23	51	0.015	35.8
WP_089236970.1	219	k121_123929_1	N/A	31.250	29	64	0.015	34.7
WP_089236970.1	219	k121_112634_2	N/A	38.000	23	50	0.016	35.4
WP_089236970.1	219	k121_8783_5	N/A	32.000	23	50	0.017	35.4
WP_089236970.1	219	k121_44635_5	N/A	34.043	21	47	0.017	33.5
WP_089236970.1	219	k121_97450_1	N/A	30.508	26	59	0.019	35.4
WP_089236970.1	219	k121_123684_1	N/A	23.952	75	167	0.019	35.4
WP_089236970.1	219	k121_146220_2	N/A	27.957	42	93	0.020	35.4
WP_089236970.1	219	k121_64614_1	N/A	30.357	26	56	0.020	35.4
WP_089236970.1	219	k121_8187_2	N/A	31.373	23	51	0.021	35.4
WP_089236970.1	219	k121_127339_2	N/A	36.364	25	55	0.021	35.8
WP_089236970.1	219	k121_146220_1	N/A	38.298	21	47	0.021	35.4
WP_089236970.1	219	k121_50706_16	N/A	18.987	71	158	0.021	35.4
WP_089236970.1	219	k121_113383_8	N/A	21.875	73	160	0.037	34.7
WP_089236970.1	219	k121_121687_2	N/A	32.075	24	53	0.039	34.3
WP_089236970.1	219	k121_104069_7	N/A	28.889	41	90	0.046	34.3
WP_089236970.1	219	k121_66561_7	N/A	32.075	24	53	0.050	34.3
WP_089236970.1	219	k121_7907_1	N/A	28.750	35	80	0.058	33.5
WP_089236970.1	219	k121_96691_7	N/A	24.257	89	202	0.067	33.9
WP_089236970.1	219	k121_49842_4	N/A	28.750	35	80	0.085	33.5
WP_000845048.1	337	k121_1391_4	N/A	33.022	95	321	2.10e-36	133
WP_000845048.1	337	k121_171233_2	N/A	32.416	96	327	6.92e-33	124
WP_000845048.1	337	k121_115894_3	N/A	31.618	78	272	4.97e-23	97.4
WP_000845048.1	337	k121_25109_1	N/A	31.250	78	272	6.51e-23	97.1
WP_000845048.1	337	k121_74879_12	N/A	31.984	70	247	1.67e-22	96.3
WP_000845048.1	337	k121_65323_4	N/A	34.404	63	218	2.69e-22	95.5
WP_000845048.1	337	k121_61427_2	N/A	34.595	55	185	1.51e-21	93.2
WP_000845048.1	337	k121_109567_2	N/A	26.756	85	299	1.67e-21	92.8
WP_000845048.1	337	k121_163461_3	N/A	28.000	78	275	3.00e-21	92.8
WP_000845048.1	337	k121_174124_2	N/A	33.488	62	215	2.13e-20	90.1
WP_000845048.1	337	k121_49987_1	N/A	30.804	64	224	1.18e-18	85.1
WP_000845048.1	337	k121_123257_1	N/A	59.701	20	67	7.10e-18	79.0
WP_000845048.1	337	k121_93784_1	N/A	25.248	59	202	4.04e-17	80.1
WP_000845048.1	337	k121_175480_3	N/A	27.243	85	301	2.81e-16	78.2
WP_000845048.1	337	k121_25784_2	N/A	30.337	53	178	3.00e-15	75.5
WP_000845048.1	337	k121_33305_2	N/A	30.890	54	191	4.74e-15	73.2
WP_000845048.1	337	k121_180118_1	N/A	29.775	53	178	1.46e-14	73.6
WP_000845048.1	337	k121_4290_3	N/A	29.775	53	178	1.76e-14	73.2
WP_000845048.1	337	k121_24736_2	N/A	29.213	53	178	4.97e-14	72.0
WP_000845048.1	337	k121_98667_5	N/A	26.484	62	219	1.12e-12	67.8
WP_000845048.1	337	k121_24432_1	N/A	24.242	62	231	3.39e-11	62.8
WP_000845048.1	337	k121_64456_2	N/A	32.075	47	159	1.96e-10	57.8
WP_000845048.1	337	k121_661_2	N/A	26.804	77	291	2.88e-10	61.2
WP_000845048.1	337	k121_136723_5	N/A	27.575	85	301	1.38e-09	58.5
WP_000845048.1	337	k121_151006_6	N/A	28.239	85	301	1.38e-09	58.9
WP_000845048.1	337	k121_116764_2	N/A	27.778	63	216	1.91e-09	58.5
WP_000845048.1	337	k121_71477_10	N/A	29.213	53	178	6.69e-09	55.1
WP_000845048.1	337	k121_7413_3	N/A	38.750	24	80	3.74e-08	53.9
WP_000845048.1	337	k121_97361_4	N/A	24.519	61	208	3.99e-08	54.3
WP_000845048.1	337	k121_118119_2	N/A	26.230	49	183	1.68e-06	48.5
WP_000845048.1	337	k121_55480_2	N/A	26.667	60	210	3.26e-06	47.8
WP_000845048.1	337	k121_3052_2	N/A	25.497	77	302	1.18e-05	47.0
WP_000845048.1	337	k121_55480_1	N/A	35.789	26	95	1.23e-05	45.8
WP_000845048.1	337	k121_15646_1	N/A	29.798	55	198	1.48e-05	46.2
WP_000845048.1	337	k121_171678_2	N/A	24.155	58	207	2.54e-04	42.7
WP_000845048.1	337	k121_58016_5	N/A	23.697	53	211	4.59e-04	42.0
WP_000845048.1	337	k121_152907_2	N/A	35.211	21	71	0.001	40.4
WP_000845048.1	337	k121_86111_5	N/A	23.558	60	208	0.003	39.3
WP_000845048.1	337	k121_97464_5	N/A	24.186	60	215	0.004	39.3
WP_000845048.1	337	k121_107656_1	N/A	25.431	62	232	0.010	37.7
WP_000845048.1	337	k121_178605_3	N/A	25.962	59	208	0.012	37.4
WP_000845048.1	337	k121_97613_1	N/A	33.333	20	66	0.056	34.7
WP_000845048.1	337	k121_97361_5	N/A	20.879	53	182	0.063	35.4
