SadA_ref|WP_036299419.1|:1-399	399	k121_1576423_136	N/A	43.797	98	395	5.81e-113	338
SadA_ref|WP_036299419.1|:1-399	399	k121_536266_2	N/A	29.610	95	385	1.89e-46	166
SadA_ref|WP_036299419.1|:1-399	399	k121_870914_13	N/A	31.429	94	385	1.10e-45	164
SadA_ref|WP_036299419.1|:1-399	399	k121_973546_3	N/A	30.077	97	389	4.51e-44	160
SadA_ref|WP_036299419.1|:1-399	399	k121_708158_3	N/A	27.907	96	387	1.42e-42	155
SadA_ref|WP_036299419.1|:1-399	399	k121_1608466_1	N/A	26.579	92	380	1.28e-33	131
SadA_ref|WP_036299419.1|:1-399	399	k121_825622_1	N/A	29.870	56	231	4.53e-26	107
SadA_ref|WP_036299419.1|:1-399	399	k121_565983_2	N/A	31.154	65	260	3.77e-22	97.4
SadA_ref|WP_036299419.1|:1-399	399	k121_201760_1	N/A	30.168	43	179	4.97e-20	89.4
SadA_ref|WP_036299419.1|:1-399	399	k121_966688_2	N/A	26.199	68	271	3.57e-19	89.4
SadA_ref|WP_036299419.1|:1-399	399	k121_1484581_2	N/A	36.538	26	104	1.96e-18	83.2
SadA_ref|WP_036299419.1|:1-399	399	k121_636236_2	N/A	26.142	95	394	1.45e-14	77.4
SadA_ref|WP_036299419.1|:1-399	399	k121_299197_1	N/A	38.739	28	111	6.95e-13	68.9
SadA_ref|WP_036299419.1|:1-399	399	k121_850157_6	N/A	22.193	91	374	3.70e-11	67.0
SadA_ref|WP_036299419.1|:1-399	399	k121_1449572_2	N/A	23.706	87	367	1.73e-08	58.9
SadA_ref|WP_036299419.1|:1-399	399	k121_1527264_1	N/A	23.724	79	333	1.63e-05	49.3
SadA_ref|WP_036299419.1|:1-399	399	k121_68790_2	N/A	32.967	23	91	4.01e-05	47.8
SadA_ref|WP_036299419.1|:1-399	399	k121_1060220_2	N/A	23.288	86	365	1.17e-04	47.0
SadA_ref|WP_036299419.1|:1-399	399	k121_181950_1	N/A	22.316	84	354	1.81e-04	46.2
SadA_ref|WP_036299419.1|:1-399	399	k121_953923_2	N/A	21.788	85	358	2.73e-04	45.4
SadA_ref|WP_036299419.1|:1-399	399	k121_1068089_3	N/A	27.189	50	217	3.09e-04	45.4
SadA_ref|WP_036299419.1|:1-399	399	k121_1328485_2	N/A	22.835	60	254	4.04e-04	44.7
SadA_ref|WP_036299419.1|:1-399	399	k121_1434328_1	N/A	22.850	93	407	4.64e-04	45.1
SadA_ref|WP_036299419.1|:1-399	399	k121_615526_2	N/A	24.194	60	248	6.60e-04	44.3
SadA_ref|WP_036299419.1|:1-399	399	k121_1092633_2	N/A	25.000	50	224	0.001	43.5
SadA_ref|WP_036299419.1|:1-399	399	k121_623604_1	N/A	28.736	22	87	0.002	42.0
SadA_ref|WP_036299419.1|:1-399	399	k121_1445534_2	N/A	30.952	21	84	0.003	41.2
SadA_ref|WP_036299419.1|:1-399	399	k121_650182_2	N/A	26.554	41	177	0.004	41.2
SadA_ref|WP_036299419.1|:1-399	399	k121_634687_2	N/A	29.762	21	84	0.006	40.4
SadA_ref|WP_036299419.1|:1-399	399	k121_490206_1	N/A	24.859	44	177	0.009	39.7
SadA_ref|WP_036299419.1|:1-399	399	k121_20208_2	N/A	22.546	88	377	0.013	40.4
SadA_ref|WP_036299419.1|:1-399	399	k121_1287377_6	N/A	24.402	47	209	0.018	40.0
SadA_ref|WP_036299419.1|:1-399	399	k121_844288_2	N/A	23.404	51	235	0.021	39.7
SadA_ref|WP_036299419.1|:1-399	399	k121_1584282_2	N/A	25.339	47	221	0.028	38.9
SadA_ref|WP_036299419.1|:1-399	399	k121_789817_1	N/A	27.381	21	84	0.052	36.6
SadA_ref|WP_036299419.1|:1-399	399	k121_18386_126	N/A	23.377	53	231	0.058	38.1
SadA_ref|WP_036299419.1|:1-399	399	k121_24806_2	N/A	23.618	45	199	0.077	37.7
SadB_ref|WP_100812327.1|:1-423	423	k121_1576423_136	N/A	37.596	91	391	3.24e-80	255
SadB_ref|WP_100812327.1|:1-423	423	k121_870914_13	N/A	33.582	92	402	5.51e-55	190
SadB_ref|WP_100812327.1|:1-423	423	k121_536266_2	N/A	29.156	91	391	4.06e-41	152
SadB_ref|WP_100812327.1|:1-423	423	k121_973546_3	N/A	27.794	82	349	1.03e-38	146
SadB_ref|WP_100812327.1|:1-423	423	k121_708158_3	N/A	29.058	88	382	7.25e-37	141
SadB_ref|WP_100812327.1|:1-423	423	k121_1608466_1	N/A	24.791	82	359	2.72e-29	120
SadB_ref|WP_100812327.1|:1-423	423	k121_565983_2	N/A	28.295	61	258	6.63e-22	97.1
SadB_ref|WP_100812327.1|:1-423	423	k121_825622_1	N/A	24.675	53	231	5.47e-20	90.9
SadB_ref|WP_100812327.1|:1-423	423	k121_850157_6	N/A	23.706	84	367	1.47e-16	83.6
SadB_ref|WP_100812327.1|:1-423	423	k121_966688_2	N/A	27.273	66	286	4.99e-15	77.8
SadB_ref|WP_100812327.1|:1-423	423	k121_636236_2	N/A	24.868	87	378	1.08e-14	78.2
SadB_ref|WP_100812327.1|:1-423	423	k121_201760_1	N/A	26.667	38	165	2.08e-14	73.9
SadB_ref|WP_100812327.1|:1-423	423	k121_299197_1	N/A	34.483	34	145	2.37e-13	70.5
SadB_ref|WP_100812327.1|:1-423	423	k121_1484581_2	N/A	25.253	23	99	3.88e-11	62.8
SadB_ref|WP_100812327.1|:1-423	423	k121_615526_2	N/A	28.958	57	259	5.55e-10	62.8
SadB_ref|WP_100812327.1|:1-423	423	k121_1264803_2	N/A	23.958	80	384	8.71e-08	56.6
SadB_ref|WP_100812327.1|:1-423	423	k121_1495412_11	N/A	21.543	83	376	1.01e-07	56.6
SadB_ref|WP_100812327.1|:1-423	423	k121_1434328_1	N/A	24.221	89	417	2.10e-07	55.5
SadB_ref|WP_100812327.1|:1-423	423	k121_68790_2	N/A	38.636	20	88	4.28e-07	53.9
SadB_ref|WP_100812327.1|:1-423	423	k121_1204972_1	N/A	27.984	50	243	6.80e-07	53.5
SadB_ref|WP_100812327.1|:1-423	423	k121_1449572_2	N/A	21.538	87	390	9.84e-07	53.5
SadB_ref|WP_100812327.1|:1-423	423	k121_237118_82	N/A	22.222	80	360	7.01e-06	50.8
SadB_ref|WP_100812327.1|:1-423	423	k121_1092633_2	N/A	25.877	48	228	1.40e-05	50.1
SadB_ref|WP_100812327.1|:1-423	423	k121_181950_1	N/A	30.435	35	161	2.54e-05	48.9
SadB_ref|WP_100812327.1|:1-423	423	k121_161995_2	N/A	30.081	26	123	3.30e-05	48.5
SadB_ref|WP_100812327.1|:1-423	423	k121_1584282_2	N/A	25.692	52	253	3.86e-05	48.1
SadB_ref|WP_100812327.1|:1-423	423	k121_1527264_1	N/A	22.981	72	322	4.39e-05	48.1
SadB_ref|WP_100812327.1|:1-423	423	k121_634687_2	N/A	31.250	27	128	4.41e-05	47.0
SadB_ref|WP_100812327.1|:1-423	423	k121_953923_2	N/A	32.520	26	123	7.98e-05	47.4
SadB_ref|WP_100812327.1|:1-423	423	k121_1328485_2	N/A	22.581	57	248	8.54e-05	47.0
SadB_ref|WP_100812327.1|:1-423	423	k121_221959_1	N/A	27.039	51	233	9.54e-05	47.0
SadB_ref|WP_100812327.1|:1-423	423	k121_1505472_1	N/A	23.392	76	342	1.98e-04	46.2
SadB_ref|WP_100812327.1|:1-423	423	k121_1265094_2	N/A	32.812	27	128	2.45e-04	45.8
SadB_ref|WP_100812327.1|:1-423	423	k121_1243386_2	N/A	23.656	79	372	0.001	43.9
SadB_ref|WP_100812327.1|:1-423	423	k121_1015988_2	N/A	28.571	30	140	0.001	43.9
SadB_ref|WP_100812327.1|:1-423	423	k121_245079_1	N/A	34.211	24	114	0.001	43.5
SadB_ref|WP_100812327.1|:1-423	423	k121_1242550_4	N/A	24.324	57	259	0.001	43.9
SadB_ref|WP_100812327.1|:1-423	423	k121_500843_1	N/A	32.692	22	104	0.002	42.7
SadB_ref|WP_100812327.1|:1-423	423	k121_1092633_6	N/A	23.256	57	258	0.004	42.4
SadB_ref|WP_100812327.1|:1-423	423	k121_650182_2	N/A	27.083	31	144	0.004	40.8
SadB_ref|WP_100812327.1|:1-423	423	k121_56963_1	N/A	30.714	31	140	0.004	40.8
SadB_ref|WP_100812327.1|:1-423	423	k121_1532191_1	N/A	30.201	32	149	0.005	41.6
SadB_ref|WP_100812327.1|:1-423	423	k121_1504038_4	N/A	25.243	48	206	0.006	41.6
SadB_ref|WP_100812327.1|:1-423	423	k121_1445534_2	N/A	26.316	29	133	0.007	40.0
SadB_ref|WP_100812327.1|:1-423	423	k121_1450657_1	N/A	26.429	30	140	0.010	39.3
SadB_ref|WP_100812327.1|:1-423	423	k121_76283_1	N/A	25.333	79	375	0.010	40.8
SadB_ref|WP_100812327.1|:1-423	423	k121_141077_5	N/A	19.948	81	381	0.012	40.4
SadB_ref|WP_100812327.1|:1-423	423	k121_20208_2	N/A	26.389	31	144	0.018	40.0
SadB_ref|WP_100812327.1|:1-423	423	k121_1060220_2	N/A	21.080	87	389	0.021	39.7
SadB_ref|WP_100812327.1|:1-423	423	k121_623604_1	N/A	27.612	29	134	0.022	38.5
SadB_ref|WP_100812327.1|:1-423	423	k121_194849_1	N/A	30.201	32	149	0.024	39.7
SadB_ref|WP_100812327.1|:1-423	423	k121_420793_1	N/A	27.907	28	129	0.029	39.3
SadB_ref|WP_100812327.1|:1-423	423	k121_1318087_2	N/A	25.000	57	248	0.030	39.3
SadB_ref|WP_100812327.1|:1-423	423	k121_853872_2	N/A	26.068	50	234	0.036	38.9
SadB_ref|WP_100812327.1|:1-423	423	k121_1471853_1	N/A	23.846	85	390	0.041	38.9
SadB_ref|WP_100812327.1|:1-423	423	k121_1262973_1	N/A	27.097	35	155	0.050	37.0
SadB_ref|WP_100812327.1|:1-423	423	k121_441979_259	N/A	21.282	85	390	0.072	38.1
SadB_ref|WP_100812327.1|:1-423	423	k121_570056_4	N/A	24.242	33	165	0.073	38.1
SadB_ref|WP_100812327.1|:1-423	423	k121_528421_2	N/A	25.714	30	140	0.098	37.7
SadC_ref|WP_036299413.1|:1-194	194	k121_406100_1	N/A	45.385	67	130	4.02e-33	119
SadC_ref|WP_036299413.1|:1-194	194	k121_1591340_1	N/A	38.346	69	133	3.03e-18	80.1
SadC_ref|WP_036299413.1|:1-194	194	k121_1331765_11	N/A	33.962	81	159	8.03e-16	73.9
SadC_ref|WP_036299413.1|:1-194	194	k121_724778_1	N/A	33.962	81	159	6.05e-15	71.6
SadC_ref|WP_036299413.1|:1-194	194	k121_464630_1	N/A	27.108	85	166	4.11e-12	64.3
SadC_ref|WP_036299413.1|:1-194	194	k121_15010_11	N/A	31.884	71	138	1.63e-11	62.4
SadC_ref|WP_036299413.1|:1-194	194	k121_1250035_2	N/A	25.000	84	168	6.55e-11	61.2
SadC_ref|WP_036299413.1|:1-194	194	k121_586566_5	N/A	23.636	85	165	2.83e-10	58.9
SadC_ref|WP_036299413.1|:1-194	194	k121_1647895_2	N/A	26.984	65	126	4.86e-10	58.9
SadC_ref|WP_036299413.1|:1-194	194	k121_1061033_2	N/A	37.634	47	93	6.47e-10	58.2
SadC_ref|WP_036299413.1|:1-194	194	k121_1061002_2	N/A	37.234	48	94	6.54e-10	58.2
SadC_ref|WP_036299413.1|:1-194	194	k121_1305760_4	N/A	24.551	85	167	8.36e-10	57.8
SadC_ref|WP_036299413.1|:1-194	194	k121_792318_3	N/A	32.836	69	134	8.63e-10	57.8
SadC_ref|WP_036299413.1|:1-194	194	k121_919574_1	N/A	25.455	84	165	1.21e-09	57.4
SadC_ref|WP_036299413.1|:1-194	194	k121_422120_2	N/A	37.500	49	96	1.24e-09	57.4
SadC_ref|WP_036299413.1|:1-194	194	k121_473948_2	N/A	37.037	41	81	2.49e-09	56.6
SadC_ref|WP_036299413.1|:1-194	194	k121_955297_2	N/A	24.699	85	166	4.19e-09	56.2
SadC_ref|WP_036299413.1|:1-194	194	k121_967867_3	N/A	35.106	48	94	4.55e-09	55.8
SadC_ref|WP_036299413.1|:1-194	194	k121_96023_2	N/A	24.096	85	166	5.31e-09	55.5
SadC_ref|WP_036299413.1|:1-194	194	k121_620640_2	N/A	36.170	48	94	5.63e-09	55.5
SadC_ref|WP_036299413.1|:1-194	194	k121_870914_22	N/A	38.144	49	97	1.09e-08	56.2
SadC_ref|WP_036299413.1|:1-194	194	k121_1571591_2	N/A	31.897	59	116	1.16e-08	53.9
SadC_ref|WP_036299413.1|:1-194	194	k121_1344004_2	N/A	27.097	76	155	1.22e-08	56.2
SadC_ref|WP_036299413.1|:1-194	194	k121_664811_2	N/A	23.494	85	166	1.31e-08	54.3
SadC_ref|WP_036299413.1|:1-194	194	k121_628208_2	N/A	26.036	85	169	1.33e-08	54.3
SadC_ref|WP_036299413.1|:1-194	194	k121_704558_3	N/A	23.353	85	167	1.43e-08	54.3
SadC_ref|WP_036299413.1|:1-194	194	k121_208240_4	N/A	36.559	47	93	1.45e-08	54.7
SadC_ref|WP_036299413.1|:1-194	194	k121_1465838_2	N/A	36.458	49	96	1.56e-08	54.3
SadC_ref|WP_036299413.1|:1-194	194	k121_1095391_1	N/A	24.096	85	166	2.23e-08	53.9
SadC_ref|WP_036299413.1|:1-194	194	k121_1646156_2	N/A	23.077	86	169	2.34e-08	54.3
SadC_ref|WP_036299413.1|:1-194	194	k121_1360074_3	N/A	32.576	67	132	2.72e-08	53.9
SadC_ref|WP_036299413.1|:1-194	194	k121_336505_2	N/A	25.874	69	143	2.87e-08	53.9
SadC_ref|WP_036299413.1|:1-194	194	k121_782194_1	N/A	37.500	45	88	3.66e-08	52.0
SadC_ref|WP_036299413.1|:1-194	194	k121_624187_2	N/A	33.945	56	109	3.91e-08	53.1
SadC_ref|WP_036299413.1|:1-194	194	k121_838154_4	N/A	36.364	39	77	5.06e-08	52.4
SadC_ref|WP_036299413.1|:1-194	194	k121_636523_1	N/A	24.845	82	161	1.16e-07	52.4
SadC_ref|WP_036299413.1|:1-194	194	k121_1071334_1	N/A	31.092	60	119	1.66e-07	51.2
SadC_ref|WP_036299413.1|:1-194	194	k121_933606_2	N/A	31.646	41	79	2.28e-07	49.3
SadC_ref|WP_036299413.1|:1-194	194	k121_238540_2	N/A	27.329	82	161	3.15e-07	50.8
SadC_ref|WP_036299413.1|:1-194	194	k121_457077_1	N/A	32.979	48	94	3.50e-07	52.0
SadC_ref|WP_036299413.1|:1-194	194	k121_212451_1	N/A	35.955	45	89	3.53e-07	50.4
SadC_ref|WP_036299413.1|:1-194	194	k121_1194019_1	N/A	22.535	73	142	4.17e-07	51.6
SadC_ref|WP_036299413.1|:1-194	194	k121_485251_4	N/A	24.359	79	156	4.46e-07	50.8
SadC_ref|WP_036299413.1|:1-194	194	k121_122910_6	N/A	25.786	80	159	4.64e-07	51.6
SadC_ref|WP_036299413.1|:1-194	194	k121_966718_4	N/A	28.667	77	150	9.42e-07	49.7
SadC_ref|WP_036299413.1|:1-194	194	k121_598026_2	N/A	30.818	81	159	1.27e-06	48.9
SadC_ref|WP_036299413.1|:1-194	194	k121_850157_12	N/A	27.219	78	169	1.34e-06	50.1
SadC_ref|WP_036299413.1|:1-194	194	k121_506729_1	N/A	27.344	66	128	1.75e-06	48.9
SadC_ref|WP_036299413.1|:1-194	194	k121_669728_5	N/A	35.714	43	84	1.94e-06	48.5
SadC_ref|WP_036299413.1|:1-194	194	k121_766352_9	N/A	24.691	79	162	2.01e-06	48.5
SadC_ref|WP_036299413.1|:1-194	194	k121_403435_2	N/A	25.175	69	143	2.54e-06	48.5
SadC_ref|WP_036299413.1|:1-194	194	k121_627005_4	N/A	23.077	79	156	3.93e-06	48.1
SadC_ref|WP_036299413.1|:1-194	194	k121_356639_2	N/A	26.761	73	142	5.18e-06	47.4
SadC_ref|WP_036299413.1|:1-194	194	k121_1640328_1	N/A	32.609	47	92	1.16e-05	47.4
SadC_ref|WP_036299413.1|:1-194	194	k121_1150718_2	N/A	24.204	79	157	1.48e-05	46.2
SadC_ref|WP_036299413.1|:1-194	194	k121_1557681_2	N/A	32.258	47	93	1.49e-05	45.4
SadC_ref|WP_036299413.1|:1-194	194	k121_524753_5	N/A	31.522	47	92	3.49e-05	45.1
SadC_ref|WP_036299413.1|:1-194	194	k121_759034_3	N/A	28.689	62	122	8.48e-05	43.5
SadC_ref|WP_036299413.1|:1-194	194	k121_1195119_1	N/A	28.889	46	90	1.74e-04	43.1
SadC_ref|WP_036299413.1|:1-194	194	k121_152573_2	N/A	24.510	53	102	2.79e-04	42.7
SadC_ref|WP_036299413.1|:1-194	194	k121_1559666_1	N/A	22.556	68	133	3.32e-04	42.4
SadC_ref|WP_036299413.1|:1-194	194	k121_1506424_4	N/A	28.261	47	92	4.79e-04	42.0
SadC_ref|WP_036299413.1|:1-194	194	k121_1068089_1	N/A	27.679	58	112	4.83e-04	41.6
SadC_ref|WP_036299413.1|:1-194	194	k121_1414491_2	N/A	25.874	74	143	5.75e-04	41.6
SadC_ref|WP_036299413.1|:1-194	194	k121_1015163_3	N/A	35.714	29	56	7.19e-04	41.2
SadC_ref|WP_036299413.1|:1-194	194	k121_420794_3	N/A	28.571	49	98	7.57e-04	40.8
SadC_ref|WP_036299413.1|:1-194	194	k121_423785_81	N/A	22.561	82	164	0.001	40.8
SadC_ref|WP_036299413.1|:1-194	194	k121_18958_3	N/A	24.074	84	162	0.002	40.4
SadC_ref|WP_036299413.1|:1-194	194	k121_859093_11	N/A	27.692	65	130	0.002	40.0
SadC_ref|WP_036299413.1|:1-194	194	k121_702968_4	N/A	32.468	39	77	0.003	39.3
SadC_ref|WP_036299413.1|:1-194	194	k121_1043148_4	N/A	31.579	39	76	0.004	39.3
SadC_ref|WP_036299413.1|:1-194	194	k121_1312374_2	N/A	33.333	44	87	0.004	39.3
SadC_ref|WP_036299413.1|:1-194	194	k121_658112_11	N/A	34.483	44	87	0.004	39.3
SadC_ref|WP_036299413.1|:1-194	194	k121_1576423_187	N/A	24.699	85	166	0.010	38.1
SadC_ref|WP_036299413.1|:1-194	194	k121_486616_2	N/A	20.497	82	161	0.028	36.6
SadC_ref|WP_036299413.1|:1-194	194	k121_638483_2	N/A	23.333	62	120	0.072	35.8
WP_000259031.1	279	k121_1428276_4	N/A	100.000	100	279	0.0	553
WP_000259031.1	279	k121_1190031_1	N/A	53.516	92	256	9.47e-75	231
WP_000259031.1	279	k121_1488850_3	N/A	34.944	93	269	3.34e-40	143
WP_000259031.1	279	k121_911534_2	N/A	37.607	84	234	2.59e-39	140
WP_000259031.1	279	k121_700062_3	N/A	36.585	88	246	2.20e-35	131
WP_000259031.1	279	k121_1097827_2	N/A	30.855	95	269	3.92e-34	127
WP_000259031.1	279	k121_835407_3	N/A	32.824	93	262	2.07e-33	125
WP_000259031.1	279	k121_377902_2	N/A	30.651	93	261	4.28e-33	124
WP_000259031.1	279	k121_420060_2	N/A	32.819	91	259	1.76e-31	120
WP_000259031.1	279	k121_698537_3	N/A	35.200	88	250	3.14e-31	119
WP_000259031.1	279	k121_845137_2	N/A	33.600	88	250	1.05e-30	118
WP_000259031.1	279	k121_1556310_3	N/A	29.167	93	264	2.52e-30	119
WP_000259031.1	279	k121_805896_9	N/A	32.103	91	271	4.55e-30	116
WP_000259031.1	279	k121_1278711_4	N/A	28.409	93	264	4.73e-30	116
WP_000259031.1	279	k121_154591_2	N/A	35.772	88	246	9.21e-30	115
WP_000259031.1	279	k121_1618085_2	N/A	30.714	94	280	1.76e-29	115
WP_000259031.1	279	k121_941691_2	N/A	33.074	91	257	3.51e-29	114
WP_000259031.1	279	k121_243700_8	N/A	31.502	96	273	4.33e-29	114
WP_000259031.1	279	k121_435179_6	N/A	33.468	88	248	7.15e-29	113
WP_000259031.1	279	k121_1004863_68	N/A	30.712	92	267	9.45e-29	115
WP_000259031.1	279	k121_1048944_1	N/A	29.435	88	248	2.70e-28	111
WP_000259031.1	279	k121_560174_8	N/A	29.368	95	269	1.05e-27	110
WP_000259031.1	279	k121_1459150_6	N/A	33.065	88	248	1.60e-27	109
WP_000259031.1	279	k121_871079_2	N/A	36.697	78	218	4.19e-27	108
WP_000259031.1	279	k121_895403_3	N/A	31.298	93	262	6.42e-27	108
WP_000259031.1	279	k121_714746_2	N/A	30.682	87	264	9.21e-27	107
WP_000259031.1	279	k121_1275478_6	N/A	30.980	88	255	1.37e-26	109
WP_000259031.1	279	k121_943216_2	N/A	34.677	88	248	1.64e-26	107
WP_000259031.1	279	k121_1549173_3	N/A	29.961	91	257	1.85e-26	107
WP_000259031.1	279	k121_1196403_10	N/A	29.368	94	269	3.52e-26	106
WP_000259031.1	279	k121_1372612_6	N/A	28.185	92	259	4.48e-26	105
WP_000259031.1	279	k121_893202_2	N/A	32.000	88	250	4.85e-26	105
WP_000259031.1	279	k121_1517269_268	N/A	34.091	77	220	2.05e-25	104
WP_000259031.1	279	k121_1107799_17	N/A	36.404	81	228	3.82e-25	103
WP_000259031.1	279	k121_1471635_1	N/A	28.016	91	257	9.37e-25	102
WP_000259031.1	279	k121_1556031_3	N/A	32.031	88	256	1.10e-24	102
WP_000259031.1	279	k121_206236_2	N/A	30.827	95	266	1.26e-24	102
WP_000259031.1	279	k121_7117_1	N/A	27.626	91	257	1.87e-24	101
WP_000259031.1	279	k121_1417725_2	N/A	32.862	98	283	2.43e-24	102
WP_000259031.1	279	k121_387998_1	N/A	33.333	70	195	4.49e-24	99.0
WP_000259031.1	279	k121_671806_1	N/A	28.767	78	219	8.16e-24	100
WP_000259031.1	279	k121_47249_5	N/A	30.986	75	213	1.03e-23	98.2
WP_000259031.1	279	k121_759797_1	N/A	36.017	83	236	1.16e-23	100
WP_000259031.1	279	k121_51973_2	N/A	35.780	77	218	2.47e-23	98.6
WP_000259031.1	279	k121_156577_2	N/A	34.921	45	126	4.05e-23	95.9
WP_000259031.1	279	k121_1204606_158	N/A	31.599	94	269	1.47e-22	96.7
WP_000259031.1	279	k121_636895_9	N/A	28.625	95	269	1.86e-22	96.3
WP_000259031.1	279	k121_2769_1	N/A	34.468	83	235	7.38e-22	95.1
WP_000259031.1	279	k121_857340_2	N/A	29.151	95	271	1.60e-21	93.6
WP_000259031.1	279	k121_212667_2	N/A	29.911	80	224	3.33e-21	92.4
WP_000259031.1	279	k121_1085442_4	N/A	28.309	91	272	3.46e-21	92.4
WP_000259031.1	279	k121_134960_5	N/A	27.586	93	261	1.38e-20	91.3
WP_000259031.1	279	k121_446412_2	N/A	28.938	95	273	7.71e-19	86.3
WP_000259031.1	279	k121_1216568_1	N/A	28.649	63	185	1.06e-18	84.7
WP_000259031.1	279	k121_98732_2	N/A	32.420	76	219	1.81e-18	85.1
WP_000259031.1	279	k121_695152_3	N/A	32.768	63	177	4.11e-18	82.4
WP_000259031.1	279	k121_512307_1	N/A	30.800	88	250	4.29e-18	85.5
WP_000259031.1	279	k121_827417_8	N/A	32.000	88	250	4.66e-18	85.5
WP_000259031.1	279	k121_681691_8	N/A	27.193	80	228	6.52e-17	81.3
WP_000259031.1	279	k121_1255835_4	N/A	28.177	63	181	4.17e-16	77.4
WP_000259031.1	279	k121_181643_7	N/A	33.200	88	250	9.28e-16	79.0
WP_000259031.1	279	k121_1528827_6	N/A	29.391	97	279	9.94e-16	77.8
WP_000259031.1	279	k121_1058456_3	N/A	33.939	59	165	2.09e-15	76.3
WP_000259031.1	279	k121_74341_1	N/A	30.460	59	174	2.20e-15	75.5
WP_000259031.1	279	k121_1188310_1	N/A	28.947	63	190	1.25e-14	73.6
WP_000259031.1	279	k121_648694_2	N/A	35.922	37	103	1.49e-14	71.2
WP_000259031.1	279	k121_840783_3	N/A	30.769	71	208	1.62e-14	73.2
WP_000259031.1	279	k121_1058473_3	N/A	32.308	68	195	1.97e-14	73.2
WP_000259031.1	279	k121_1435624_3	N/A	30.952	44	126	8.38e-14	69.7
WP_000259031.1	279	k121_260054_1	N/A	37.624	36	101	1.31e-13	67.8
WP_000259031.1	279	k121_1020327_4	N/A	29.778	76	225	1.34e-13	72.0
WP_000259031.1	279	k121_959814_1	N/A	39.423	37	104	4.60e-13	67.0
WP_000259031.1	279	k121_779407_3	N/A	35.789	33	95	7.83e-12	63.5
WP_000259031.1	279	k121_824822_2	N/A	32.407	39	108	1.31e-11	63.2
WP_000259031.1	279	k121_1607268_2	N/A	30.075	47	133	3.40e-11	62.4
WP_000259031.1	279	k121_1142595_2	N/A	35.714	35	98	6.30e-11	61.6
WP_000259031.1	279	k121_572203_1	N/A	27.879	59	165	3.37e-10	60.1
WP_000259031.1	279	k121_287295_1	N/A	33.913	41	115	4.05e-10	58.9
WP_000259031.1	279	k121_768913_2	N/A	33.113	54	151	3.03e-09	58.9
WP_000259031.1	279	k121_1312519_1	N/A	29.921	44	127	1.79e-08	55.1
WP_000259031.1	279	k121_909969_1	N/A	28.488	61	172	2.03e-08	55.8
WP_000259031.1	279	k121_1286193_1	N/A	39.706	24	68	2.85e-08	53.1
WP_000259031.1	279	k121_125704_4	N/A	32.039	36	103	5.07e-08	54.3
WP_000259031.1	279	k121_951672_1	N/A	29.714	61	175	5.68e-08	54.3
WP_000259031.1	279	k121_1112494_1	N/A	26.901	61	171	6.38e-08	53.9
WP_000259031.1	279	k121_713247_1	N/A	39.024	29	82	3.08e-07	50.8
WP_000259031.1	279	k121_1647564_1	N/A	39.655	21	58	3.44e-07	49.3
WP_000259031.1	279	k121_851854_2	N/A	32.331	44	133	1.98e-06	49.3
WP_000259031.1	279	k121_169280_1	N/A	39.189	27	74	5.73e-06	45.8
WP_000259031.1	279	k121_817065_1	N/A	37.037	38	108	3.98e-05	44.7
WP_000259031.1	279	k121_650857_8	N/A	43.103	21	58	5.04e-05	43.5
WP_000259031.1	279	k121_886100_6	N/A	22.979	77	235	5.73e-05	46.6
WP_000259031.1	279	k121_1605031_2	N/A	30.088	41	113	6.55e-05	43.9
WP_000259031.1	279	k121_1628770_1	N/A	30.952	30	84	8.32e-05	43.9
WP_000259031.1	279	k121_516667_2	N/A	34.752	48	141	1.39e-04	44.7
WP_000259031.1	279	k121_132774_1	N/A	23.762	68	202	4.81e-04	43.1
WP_000259031.1	279	k121_910068_2	N/A	24.800	44	125	0.001	40.8
WP_000259031.1	279	k121_1257308_3	N/A	32.877	26	73	0.003	38.1
WP_000259031.1	279	k121_983479_4	N/A	37.097	22	62	0.013	36.6
WP_000259031.1	279	k121_378053_16	N/A	28.788	24	66	0.032	35.8
WP_000259031.1	279	k121_722317_2	N/A	23.581	75	229	0.049	38.1
WP_001043260.1	271	k121_1190031_1	N/A	100.000	100	271	0.0	528
WP_001043260.1	271	k121_1428276_4	N/A	53.516	94	256	1.00e-83	254
WP_001043260.1	271	k121_1488850_3	N/A	36.704	96	267	7.98e-50	168
WP_001043260.1	271	k121_1097827_2	N/A	34.231	96	260	2.83e-44	153
WP_001043260.1	271	k121_911534_2	N/A	36.752	86	234	3.84e-42	147
WP_001043260.1	271	k121_420060_2	N/A	35.606	97	264	3.92e-42	147
WP_001043260.1	271	k121_871079_2	N/A	41.085	95	258	8.84e-42	147
WP_001043260.1	271	k121_154591_2	N/A	38.951	95	267	1.14e-41	146
WP_001043260.1	271	k121_714746_2	N/A	34.296	96	277	1.48e-41	146
WP_001043260.1	271	k121_51973_2	N/A	38.267	97	277	3.23e-41	145
WP_001043260.1	271	k121_893202_2	N/A	38.211	90	246	6.99e-41	144
WP_001043260.1	271	k121_435179_6	N/A	35.686	94	255	1.42e-40	144
WP_001043260.1	271	k121_243700_8	N/A	33.333	96	261	8.69e-40	142
WP_001043260.1	271	k121_206236_2	N/A	37.037	96	270	1.10e-39	141
WP_001043260.1	271	k121_845137_2	N/A	35.887	90	248	1.47e-39	141
WP_001043260.1	271	k121_47249_5	N/A	36.620	76	213	9.91e-39	137
WP_001043260.1	271	k121_941691_2	N/A	33.948	99	271	3.03e-38	137
WP_001043260.1	271	k121_835407_3	N/A	32.197	96	264	2.10e-37	135
WP_001043260.1	271	k121_700062_3	N/A	36.800	90	250	3.02e-37	135
WP_001043260.1	271	k121_698537_3	N/A	37.023	91	262	6.68e-36	131
WP_001043260.1	271	k121_1459150_6	N/A	34.091	96	264	7.98e-36	131
WP_001043260.1	271	k121_377902_2	N/A	30.000	96	260	9.11e-36	131
WP_001043260.1	271	k121_1556031_3	N/A	34.328	96	268	4.15e-35	129
WP_001043260.1	271	k121_1204606_158	N/A	32.707	96	266	2.44e-34	127
WP_001043260.1	271	k121_1216568_1	N/A	36.364	69	198	3.91e-34	125
WP_001043260.1	271	k121_943216_2	N/A	36.154	95	260	8.83e-34	126
WP_001043260.1	271	k121_1278711_4	N/A	33.333	91	249	1.07e-33	125
WP_001043260.1	271	k121_857340_2	N/A	33.455	96	275	1.17e-33	125
WP_001043260.1	271	k121_1275478_6	N/A	33.077	91	260	1.60e-33	128
WP_001043260.1	271	k121_671806_1	N/A	34.701	96	268	2.06e-33	125
WP_001043260.1	271	k121_1372612_6	N/A	32.400	91	250	1.89e-32	122
WP_001043260.1	271	k121_1107799_17	N/A	38.697	95	261	2.98e-32	122
WP_001043260.1	271	k121_1618085_2	N/A	32.877	99	292	2.95e-31	119
WP_001043260.1	271	k121_212667_2	N/A	34.387	92	253	3.67e-31	119
WP_001043260.1	271	k121_1085442_4	N/A	31.461	92	267	5.85e-31	118
WP_001043260.1	271	k121_560174_8	N/A	27.820	97	266	8.42e-31	118
WP_001043260.1	271	k121_1004863_68	N/A	33.585	95	265	9.51e-31	120
WP_001043260.1	271	k121_1188310_1	N/A	33.498	69	203	3.16e-30	115
WP_001043260.1	271	k121_1048944_1	N/A	28.244	95	262	3.18e-30	116
WP_001043260.1	271	k121_1471635_1	N/A	27.547	96	265	9.99e-30	115
WP_001043260.1	271	k121_134960_5	N/A	29.658	97	263	9.99e-30	115
WP_001043260.1	271	k121_1556310_3	N/A	29.368	96	269	1.90e-29	116
WP_001043260.1	271	k121_7117_1	N/A	27.547	96	265	2.17e-29	114
WP_001043260.1	271	k121_1517269_268	N/A	32.963	96	270	2.22e-29	114
WP_001043260.1	271	k121_759797_1	N/A	38.961	85	231	2.91e-29	114
WP_001043260.1	271	k121_387998_1	N/A	36.979	70	192	3.71e-29	112
WP_001043260.1	271	k121_895403_3	N/A	29.615	96	260	1.67e-28	112
WP_001043260.1	271	k121_1549173_3	N/A	31.200	91	250	2.54e-28	111
WP_001043260.1	271	k121_98732_2	N/A	35.573	91	253	5.62e-28	110
WP_001043260.1	271	k121_74341_1	N/A	35.329	59	167	9.49e-28	108
WP_001043260.1	271	k121_636895_9	N/A	28.517	96	263	1.02e-27	110
WP_001043260.1	271	k121_2769_1	N/A	38.528	85	231	1.57e-27	110
WP_001043260.1	271	k121_695152_3	N/A	34.483	64	174	3.61e-27	106
WP_001043260.1	271	k121_1020327_4	N/A	32.014	95	278	3.10e-26	106
WP_001043260.1	271	k121_1196403_10	N/A	27.969	95	261	4.81e-26	105
WP_001043260.1	271	k121_805896_9	N/A	29.104	95	268	5.47e-25	102
WP_001043260.1	271	k121_827417_8	N/A	35.628	90	247	2.58e-24	102
WP_001043260.1	271	k121_156577_2	N/A	39.516	46	124	6.67e-24	97.8
WP_001043260.1	271	k121_1417725_2	N/A	29.779	97	272	1.73e-23	100
WP_001043260.1	271	k121_181643_7	N/A	32.389	90	247	2.84e-23	99.8
WP_001043260.1	271	k121_512307_1	N/A	33.071	90	254	6.97e-23	98.6
WP_001043260.1	271	k121_260054_1	N/A	44.554	37	101	3.01e-20	85.5
WP_001043260.1	271	k121_1255835_4	N/A	29.609	64	179	8.27e-20	87.0
WP_001043260.1	271	k121_648694_2	N/A	39.806	38	103	1.40e-19	84.7
WP_001043260.1	271	k121_287295_1	N/A	42.157	38	102	4.15e-19	83.2
WP_001043260.1	271	k121_681691_8	N/A	31.752	97	274	8.75e-19	86.3
WP_001043260.1	271	k121_959814_1	N/A	43.269	38	104	5.69e-18	80.1
WP_001043260.1	271	k121_824822_2	N/A	37.864	38	103	2.68e-17	78.6
WP_001043260.1	271	k121_446412_2	N/A	28.832	97	274	2.70e-17	82.0
WP_001043260.1	271	k121_1528827_6	N/A	30.798	95	263	1.22e-16	80.1
WP_001043260.1	271	k121_1435624_3	N/A	34.646	45	127	1.34e-16	77.0
WP_001043260.1	271	k121_1058473_3	N/A	34.579	75	214	2.59e-16	78.2
WP_001043260.1	271	k121_1286193_1	N/A	47.059	25	68	1.37e-14	70.1
WP_001043260.1	271	k121_650857_8	N/A	54.237	22	59	2.15e-14	69.3
WP_001043260.1	271	k121_840783_3	N/A	30.516	75	213	3.70e-14	72.0
WP_001043260.1	271	k121_1058456_3	N/A	33.921	79	227	8.13e-14	71.6
WP_001043260.1	271	k121_1112494_1	N/A	26.036	62	169	1.44e-13	69.3
WP_001043260.1	271	k121_1647564_1	N/A	46.552	21	58	5.39e-13	65.5
WP_001043260.1	271	k121_779407_3	N/A	35.789	34	95	2.97e-12	64.3
WP_001043260.1	271	k121_768913_2	N/A	38.168	47	131	2.97e-12	67.4
WP_001043260.1	271	k121_378053_16	N/A	38.889	27	72	6.70e-11	59.7
WP_001043260.1	271	k121_1142595_2	N/A	31.068	38	103	3.05e-10	59.7
WP_001043260.1	271	k121_1312519_1	N/A	31.250	45	128	4.67e-10	59.3
WP_001043260.1	271	k121_516667_2	N/A	32.990	69	194	3.36e-09	57.8
WP_001043260.1	271	k121_1607268_2	N/A	28.455	45	123	6.45e-09	55.8
WP_001043260.1	271	k121_886100_6	N/A	24.731	91	279	1.13e-08	57.4
WP_001043260.1	271	k121_572203_1	N/A	25.000	60	164	3.33e-08	54.3
WP_001043260.1	271	k121_125704_4	N/A	31.068	37	103	8.31e-08	53.9
WP_001043260.1	271	k121_951672_1	N/A	34.104	60	173	1.24e-07	53.1
WP_001043260.1	271	k121_1628770_1	N/A	38.095	31	84	1.25e-07	52.0
WP_001043260.1	271	k121_817065_1	N/A	38.462	38	104	1.47e-07	51.2
WP_001043260.1	271	k121_713247_1	N/A	35.052	36	97	1.03e-05	46.2
WP_001043260.1	271	k121_910068_2	N/A	24.615	47	130	1.22e-05	46.6
WP_001043260.1	271	k121_132774_1	N/A	23.350	68	197	3.95e-05	46.2
WP_001043260.1	271	k121_1238982_1	N/A	42.188	24	64	0.001	40.0
WP_001043260.1	271	k121_983479_4	N/A	37.097	23	62	0.002	39.3
WP_001043260.1	271	k121_851854_2	N/A	33.333	39	117	0.004	39.7
WP_001043260.1	271	k121_970802_5	N/A	32.911	29	79	0.004	41.2
WP_001043260.1	271	k121_1246562_1	N/A	34.667	24	75	0.013	36.6
WP_001043260.1	271	k121_909969_1	N/A	25.500	69	200	0.013	38.9
WP_001043260.1	271	k121_1605031_2	N/A	27.957	34	93	0.018	37.0
WP_000034420.1	263	k121_1190031_1	N/A	52.124	98	259	1.15e-80	246
WP_000034420.1	263	k121_1428276_4	N/A	43.182	100	264	2.78e-78	240
WP_000034420.1	263	k121_1097827_2	N/A	37.308	98	260	1.80e-56	184
WP_000034420.1	263	k121_1488850_3	N/A	37.218	98	266	9.49e-54	177
WP_000034420.1	263	k121_911534_2	N/A	37.447	89	235	4.29e-52	172
WP_000034420.1	263	k121_154591_2	N/A	35.606	99	264	5.00e-51	170
WP_000034420.1	263	k121_941691_2	N/A	35.769	98	260	8.04e-51	170
WP_000034420.1	263	k121_243700_8	N/A	35.741	99	263	1.39e-49	167
WP_000034420.1	263	k121_835407_3	N/A	33.077	98	260	1.04e-48	164
WP_000034420.1	263	k121_714746_2	N/A	35.036	98	274	1.84e-48	164
WP_000034420.1	263	k121_377902_2	N/A	33.716	98	261	1.45e-47	161
WP_000034420.1	263	k121_1459150_6	N/A	34.483	99	261	1.83e-47	161
WP_000034420.1	263	k121_206236_2	N/A	35.227	99	264	7.72e-46	157
WP_000034420.1	263	k121_698537_3	N/A	39.844	95	256	1.25e-45	156
WP_000034420.1	263	k121_943216_2	N/A	35.632	99	261	1.61e-45	156
WP_000034420.1	263	k121_1278711_4	N/A	35.249	98	261	1.81e-45	155
WP_000034420.1	263	k121_893202_2	N/A	35.743	94	249	2.57e-44	152
WP_000034420.1	263	k121_700062_3	N/A	33.077	98	260	4.27e-44	153
WP_000034420.1	263	k121_1004863_68	N/A	34.848	98	264	7.69e-44	154
WP_000034420.1	263	k121_420060_2	N/A	33.704	98	270	4.65e-43	149
WP_000034420.1	263	k121_435179_6	N/A	33.333	98	258	5.54e-43	149
WP_000034420.1	263	k121_134960_5	N/A	32.593	98	270	1.41e-42	148
WP_000034420.1	263	k121_51973_2	N/A	33.840	98	263	1.37e-41	146
WP_000034420.1	263	k121_212667_2	N/A	36.546	93	249	1.73e-41	145
WP_000034420.1	263	k121_895403_3	N/A	32.692	98	260	7.86e-41	144
WP_000034420.1	263	k121_671806_1	N/A	35.793	99	271	1.81e-40	143
WP_000034420.1	263	k121_871079_2	N/A	35.878	99	262	4.33e-40	142
WP_000034420.1	263	k121_1107799_17	N/A	35.985	99	264	1.20e-39	141
WP_000034420.1	263	k121_845137_2	N/A	32.129	94	249	1.44e-39	140
WP_000034420.1	263	k121_1204606_158	N/A	34.444	99	270	4.13e-39	139
WP_000034420.1	263	k121_1556031_3	N/A	33.835	98	266	2.49e-38	137
WP_000034420.1	263	k121_805896_9	N/A	32.463	98	268	8.27e-38	136
WP_000034420.1	263	k121_1556310_3	N/A	31.835	99	267	1.72e-37	138
WP_000034420.1	263	k121_1517269_268	N/A	31.852	98	270	5.01e-36	132
WP_000034420.1	263	k121_560174_8	N/A	31.579	99	266	1.58e-34	128
WP_000034420.1	263	k121_1275478_6	N/A	33.730	93	252	2.10e-33	127
WP_000034420.1	263	k121_1085442_4	N/A	29.588	95	267	4.49e-33	123
WP_000034420.1	263	k121_1618085_2	N/A	31.786	98	280	5.76e-33	124
WP_000034420.1	263	k121_857340_2	N/A	30.566	98	265	8.22e-33	123
WP_000034420.1	263	k121_387998_1	N/A	37.696	73	191	1.44e-32	120
WP_000034420.1	263	k121_1216568_1	N/A	34.054	67	185	4.28e-32	119
WP_000034420.1	263	k121_759797_1	N/A	34.322	89	236	1.44e-31	120
WP_000034420.1	263	k121_74341_1	N/A	36.686	62	169	2.33e-31	117
WP_000034420.1	263	k121_1549173_3	N/A	30.451	99	266	2.42e-31	119
WP_000034420.1	263	k121_695152_3	N/A	34.078	67	179	3.60e-31	116
WP_000034420.1	263	k121_7117_1	N/A	31.439	99	264	4.15e-31	119
WP_000034420.1	263	k121_636895_9	N/A	33.205	97	259	8.13e-31	118
WP_000034420.1	263	k121_1188310_1	N/A	34.054	67	185	1.01e-30	116
WP_000034420.1	263	k121_2769_1	N/A	33.475	89	236	1.18e-30	118
WP_000034420.1	263	k121_98732_2	N/A	35.000	94	260	1.33e-30	117
WP_000034420.1	263	k121_1417725_2	N/A	29.924	99	264	2.23e-30	118
WP_000034420.1	263	k121_1471635_1	N/A	30.303	99	264	1.32e-29	114
WP_000034420.1	263	k121_181643_7	N/A	28.464	99	267	1.52e-29	116
WP_000034420.1	263	k121_1048944_1	N/A	31.660	97	259	1.96e-29	114
WP_000034420.1	263	k121_47249_5	N/A	35.211	79	213	1.14e-28	110
WP_000034420.1	263	k121_827417_8	N/A	29.434	99	265	1.56e-28	114
WP_000034420.1	263	k121_512307_1	N/A	29.020	94	255	4.18e-28	112
WP_000034420.1	263	k121_1372612_6	N/A	33.068	94	251	8.02e-28	110
WP_000034420.1	263	k121_156577_2	N/A	38.400	48	125	9.58e-27	105
WP_000034420.1	263	k121_1528827_6	N/A	31.765	96	255	5.69e-26	105
WP_000034420.1	263	k121_260054_1	N/A	48.515	38	101	6.97e-24	94.7
WP_000034420.1	263	k121_1255835_4	N/A	33.520	66	179	9.17e-24	97.4
WP_000034420.1	263	k121_287295_1	N/A	41.748	39	103	9.79e-24	95.1
WP_000034420.1	263	k121_648694_2	N/A	40.385	40	104	1.98e-23	94.7
WP_000034420.1	263	k121_446412_2	N/A	28.676	98	272	8.32e-23	96.7
WP_000034420.1	263	k121_824822_2	N/A	40.367	41	109	1.27e-22	92.4
WP_000034420.1	263	k121_681691_8	N/A	31.579	98	266	3.37e-22	95.5
WP_000034420.1	263	k121_840783_3	N/A	32.394	77	213	3.80e-21	90.9
WP_000034420.1	263	k121_1020327_4	N/A	27.957	99	279	1.73e-18	85.1
WP_000034420.1	263	k121_959814_1	N/A	43.137	39	102	2.28e-18	80.9
WP_000034420.1	263	k121_1196403_10	N/A	24.514	97	257	1.71e-17	82.4
WP_000034420.1	263	k121_1058473_3	N/A	28.230	76	209	8.39e-17	79.3
WP_000034420.1	263	k121_132774_1	N/A	31.343	70	201	1.07e-16	79.0
WP_000034420.1	263	k121_1607268_2	N/A	32.787	46	122	2.28e-16	76.3
WP_000034420.1	263	k121_768913_2	N/A	38.400	47	125	2.10e-15	76.3
WP_000034420.1	263	k121_1435624_3	N/A	38.583	47	127	3.07e-15	73.2
WP_000034420.1	263	k121_650857_8	N/A	53.448	22	58	1.06e-14	69.7
WP_000034420.1	263	k121_1286193_1	N/A	48.529	26	68	3.12e-14	68.9
WP_000034420.1	263	k121_779407_3	N/A	40.426	35	94	5.55e-14	68.9
WP_000034420.1	263	k121_713247_1	N/A	40.000	36	95	5.85e-14	68.9
WP_000034420.1	263	k121_1058456_3	N/A	25.792	77	221	1.90e-13	70.5
WP_000034420.1	263	k121_1312519_1	N/A	33.594	47	128	2.55e-13	68.6
WP_000034420.1	263	k121_125704_4	N/A	28.729	62	181	5.73e-13	68.2
WP_000034420.1	263	k121_378053_16	N/A	42.647	26	68	6.82e-13	65.1
WP_000034420.1	263	k121_951672_1	N/A	30.409	62	171	4.27e-12	65.9
WP_000034420.1	263	k121_910068_2	N/A	32.000	47	125	4.57e-12	64.7
WP_000034420.1	263	k121_1647564_1	N/A	44.068	22	59	1.00e-11	61.6
WP_000034420.1	263	k121_1112494_1	N/A	28.916	62	166	4.26e-11	62.4
WP_000034420.1	263	k121_817065_1	N/A	37.383	40	107	1.45e-10	59.7
WP_000034420.1	263	k121_909969_1	N/A	28.856	72	201	1.64e-10	61.6
WP_000034420.1	263	k121_516667_2	N/A	28.877	69	187	3.66e-09	57.8
WP_000034420.1	263	k121_1142595_2	N/A	28.571	37	98	3.72e-09	56.6
WP_000034420.1	263	k121_572203_1	N/A	26.786	63	168	1.32e-08	55.5
WP_000034420.1	263	k121_1257308_3	N/A	39.683	24	63	6.78e-08	51.2
WP_000034420.1	263	k121_992862_4	N/A	36.508	24	63	3.24e-07	49.3
WP_000034420.1	263	k121_1238982_1	N/A	42.373	22	59	7.91e-07	49.3
WP_000034420.1	263	k121_1605031_2	N/A	36.905	31	84	9.37e-07	48.9
WP_000034420.1	263	k121_169280_1	N/A	38.095	24	63	1.42e-06	47.8
WP_000034420.1	263	k121_886100_6	N/A	24.638	94	276	1.19e-05	48.1
WP_000034420.1	263	k121_851854_2	N/A	31.624	40	117	2.64e-05	45.8
WP_000034420.1	263	k121_1628770_1	N/A	32.927	31	82	1.11e-04	43.5
WP_000034420.1	263	k121_1246562_1	N/A	35.000	22	60	2.43e-04	41.2
WP_000034420.1	263	k121_1216540_2	N/A	35.294	26	68	0.003	38.5
WP_000034420.1	263	k121_970802_5	N/A	34.247	28	73	0.004	40.8
WP_000034420.1	263	k121_688202_1	N/A	30.159	24	63	0.005	37.4
WP_000034420.1	263	k121_219415_4	N/A	32.787	21	61	0.006	37.7
WP_000034420.1	263	k121_1063581_1	N/A	40.351	22	57	0.008	40.0
WP_000034420.1	263	k121_504535_4	N/A	33.333	22	57	0.008	36.6
WP_000034420.1	263	k121_983479_4	N/A	36.923	24	65	0.017	36.2
WP_000034420.1	263	k121_240205_1	N/A	37.500	24	64	0.034	38.1
WP_000845048.1	337	k121_1293425_2	N/A	99.340	90	303	0.0	613
WP_000845048.1	337	k121_1362733_2	N/A	63.526	98	329	1.76e-150	429
WP_000845048.1	337	k121_887229_2	N/A	62.385	96	327	8.53e-144	411
WP_000845048.1	337	k121_761514_1	N/A	61.656	96	326	2.05e-142	408
WP_000845048.1	337	k121_1243455_2	N/A	61.491	96	322	4.87e-138	397
WP_000845048.1	337	k121_1062071_1	N/A	57.276	95	323	2.31e-127	370
WP_000845048.1	337	k121_1513928_1	N/A	59.554	93	314	3.59e-125	363
WP_000845048.1	337	k121_1405056_2	N/A	55.758	98	330	7.28e-123	358
WP_000845048.1	337	k121_757021_1	N/A	58.438	94	320	1.68e-122	357
WP_000845048.1	337	k121_974582_2	N/A	53.593	98	334	3.58e-115	339
WP_000845048.1	337	k121_1053230_1	N/A	49.843	95	319	1.35e-99	299
WP_000845048.1	337	k121_1449415_1	N/A	56.855	74	248	1.16e-91	276
WP_000845048.1	337	k121_1114661_7	N/A	54.717	77	265	7.23e-88	267
WP_000845048.1	337	k121_1386908_2	N/A	58.182	65	220	2.30e-71	224
WP_000845048.1	337	k121_1175184_1	N/A	48.544	61	206	3.10e-59	192
WP_000845048.1	337	k121_289073_2	N/A	64.706	40	136	1.48e-57	185
WP_000845048.1	337	k121_1233892_2	N/A	59.333	45	150	5.16e-53	174
WP_000845048.1	337	k121_1168355_2	N/A	44.500	59	200	5.70e-53	175
WP_000845048.1	337	k121_124443_2	N/A	55.944	41	143	6.48e-48	162
WP_000845048.1	337	k121_508868_1	N/A	50.920	48	163	9.79e-46	155
WP_000845048.1	337	k121_628987_1	N/A	58.451	40	142	6.95e-45	152
WP_000845048.1	337	k121_318012_4	N/A	55.072	41	138	2.47e-43	149
WP_000845048.1	337	k121_1642398_2	N/A	34.295	92	312	1.44e-41	151
WP_000845048.1	337	k121_157018_1	N/A	58.156	40	141	2.00e-41	143
WP_000845048.1	337	k121_127273_1	N/A	30.868	92	311	9.24e-38	140
WP_000845048.1	337	k121_290832_1	N/A	29.429	98	333	2.86e-36	136
WP_000845048.1	337	k121_33853_5	N/A	33.022	95	321	1.40e-35	133
WP_000845048.1	337	k121_27548_1	N/A	29.870	91	308	1.55e-35	134
WP_000845048.1	337	k121_1351649_2	N/A	27.160	96	324	4.00e-35	133
WP_000845048.1	337	k121_243166_1	N/A	28.571	93	322	1.42e-34	132
WP_000845048.1	337	k121_946880_2	N/A	33.028	97	327	9.93e-33	125
WP_000845048.1	337	k121_446967_1	N/A	28.846	91	312	1.01e-32	127
WP_000845048.1	337	k121_1070189_1	N/A	31.142	84	289	1.10e-32	124
WP_000845048.1	337	k121_745936_1	N/A	32.537	99	335	1.65e-32	125
WP_000845048.1	337	k121_1007928_2	N/A	29.836	89	305	2.04e-32	124
WP_000845048.1	337	k121_582060_1	N/A	32.132	99	333	2.50e-32	124
WP_000845048.1	337	k121_371632_2	N/A	34.228	87	298	2.96e-32	124
WP_000845048.1	337	k121_366608_2	N/A	32.416	96	327	4.60e-32	124
WP_000845048.1	337	k121_1021940_1	N/A	32.219	97	329	1.55e-31	122
WP_000845048.1	337	k121_613789_1	N/A	35.152	97	330	3.55e-31	121
WP_000845048.1	337	k121_1511535_3	N/A	33.121	92	314	6.63e-30	118
WP_000845048.1	337	k121_1633756_1	N/A	33.212	80	274	7.17e-30	117
WP_000845048.1	337	k121_544475_2	N/A	29.795	85	292	1.16e-29	117
WP_000845048.1	337	k121_355232_1	N/A	30.116	76	259	3.96e-29	114
WP_000845048.1	337	k121_222618_35	N/A	33.003	85	303	5.52e-29	115
WP_000845048.1	337	k121_272857_2	N/A	31.023	85	303	9.61e-29	114
WP_000845048.1	337	k121_1563566_2	N/A	31.683	85	303	1.03e-28	115
WP_000845048.1	337	k121_1577114_2	N/A	30.357	82	280	1.14e-28	114
WP_000845048.1	337	k121_1124377_1	N/A	28.302	93	318	1.50e-28	114
WP_000845048.1	337	k121_1236400_1	N/A	29.964	82	277	4.55e-28	113
WP_000845048.1	337	k121_222653_2	N/A	29.348	82	276	2.12e-27	110
WP_000845048.1	337	k121_941269_2	N/A	29.831	83	295	5.50e-27	110
WP_000845048.1	337	k121_1530596_2	N/A	33.929	65	224	7.26e-27	109
WP_000845048.1	337	k121_673085_4	N/A	68.421	22	76	1.65e-26	103
WP_000845048.1	337	k121_1607698_1	N/A	28.115	87	313	2.30e-26	108
WP_000845048.1	337	k121_191991_2	N/A	31.579	76	266	3.17e-26	108
WP_000845048.1	337	k121_449620_2	N/A	28.302	93	318	3.37e-26	107
WP_000845048.1	337	k121_438173_2	N/A	31.045	96	335	7.68e-26	107
WP_000845048.1	337	k121_410400_1	N/A	28.239	85	301	4.71e-25	105
WP_000845048.1	337	k121_140735_1	N/A	29.524	93	315	5.76e-25	104
WP_000845048.1	337	k121_599625_2	N/A	36.574	62	216	8.15e-25	104
WP_000845048.1	337	k121_1626633_2	N/A	31.935	90	310	1.64e-24	103
WP_000845048.1	337	k121_938407_1	N/A	30.769	83	299	1.65e-24	103
WP_000845048.1	337	k121_197221_1	N/A	30.100	88	299	1.76e-24	103
WP_000845048.1	337	k121_1012775_10	N/A	34.722	62	216	1.86e-24	103
WP_000845048.1	337	k121_1041169_2	N/A	29.032	87	310	3.10e-24	103
WP_000845048.1	337	k121_1534904_10	N/A	30.961	79	281	4.80e-24	102
WP_000845048.1	337	k121_661788_3	N/A	30.164	85	305	1.13e-23	101
WP_000845048.1	337	k121_415990_2	N/A	25.965	84	285	1.21e-23	101
WP_000845048.1	337	k121_823098_2	N/A	27.532	93	316	1.50e-23	100
WP_000845048.1	337	k121_847650_6	N/A	34.043	79	282	2.20e-23	100
WP_000845048.1	337	k121_1283886_7	N/A	25.763	83	295	2.43e-23	100
WP_000845048.1	337	k121_488517_2	N/A	33.796	62	216	3.98e-23	98.6
WP_000845048.1	337	k121_52942_1	N/A	35.242	66	227	4.23e-23	99.4
WP_000845048.1	337	k121_723496_3	N/A	34.091	63	220	4.80e-23	99.8
WP_000845048.1	337	k121_1142558_2	N/A	29.767	62	215	5.30e-23	98.2
WP_000845048.1	337	k121_102474_1	N/A	35.455	64	220	5.75e-23	99.0
WP_000845048.1	337	k121_1358491_3	N/A	35.681	61	213	1.04e-22	98.2
WP_000845048.1	337	k121_1077935_2	N/A	28.417	79	278	1.70e-22	98.2
WP_000845048.1	337	k121_175254_2	N/A	30.288	61	208	2.55e-22	94.7
WP_000845048.1	337	k121_1453114_1	N/A	32.389	70	247	2.57e-22	96.3
WP_000845048.1	337	k121_1452_5	N/A	33.333	63	219	5.97e-22	97.1
WP_000845048.1	337	k121_1097794_2	N/A	31.193	63	218	7.01e-22	95.1
WP_000845048.1	337	k121_3395_2	N/A	31.250	78	272	8.31e-22	96.3
WP_000845048.1	337	k121_1417533_1	N/A	35.165	54	182	1.07e-21	92.8
WP_000845048.1	337	k121_191071_1	N/A	33.597	72	253	1.10e-21	94.7
WP_000845048.1	337	k121_1114405_3	N/A	30.000	90	310	1.37e-21	95.5
WP_000845048.1	337	k121_446570_3	N/A	34.404	63	218	1.88e-21	95.5
WP_000845048.1	337	k121_266693_2	N/A	34.762	61	210	1.95e-21	92.8
WP_000845048.1	337	k121_515095_1	N/A	33.696	55	184	1.96e-21	92.4
WP_000845048.1	337	k121_548799_11	N/A	33.333	63	222	2.13e-21	95.1
WP_000845048.1	337	k121_95946_3	N/A	36.416	51	173	2.14e-21	91.7
WP_000845048.1	337	k121_108503_4	N/A	29.618	85	314	2.19e-21	95.5
WP_000845048.1	337	k121_286596_2	N/A	32.258	78	279	2.21e-21	95.5
WP_000845048.1	337	k121_498957_1	N/A	31.970	77	269	2.35e-21	95.1
WP_000845048.1	337	k121_679364_1	N/A	35.165	54	182	2.81e-21	92.8
WP_000845048.1	337	k121_29625_4	N/A	28.618	85	304	2.81e-21	94.7
WP_000845048.1	337	k121_849037_12	N/A	25.168	82	298	7.42e-21	93.6
WP_000845048.1	337	k121_1444699_7	N/A	26.518	88	313	7.44e-21	94.0
WP_000845048.1	337	k121_875047_2	N/A	28.435	88	313	8.78e-21	93.2
WP_000845048.1	337	k121_1028542_1	N/A	33.166	59	199	9.19e-21	90.1
WP_000845048.1	337	k121_316107_6	N/A	34.595	55	185	1.00e-20	93.2
WP_000845048.1	337	k121_1250516_9	N/A	33.810	61	210	1.52e-20	92.8
WP_000845048.1	337	k121_112910_3	N/A	28.571	85	294	1.55e-20	92.8
WP_000845048.1	337	k121_480599_2	N/A	34.579	62	214	1.97e-20	92.4
WP_000845048.1	337	k121_177819_4	N/A	30.208	83	288	2.38e-20	92.4
WP_000845048.1	337	k121_1413103_2	N/A	27.907	85	301	2.39e-20	92.0
WP_000845048.1	337	k121_116812_3	N/A	33.333	76	270	2.48e-20	92.0
WP_000845048.1	337	k121_464627_2	N/A	26.756	85	299	2.60e-20	92.0
WP_000845048.1	337	k121_921136_1	N/A	35.648	62	216	3.11e-20	90.9
WP_000845048.1	337	k121_508676_1	N/A	31.193	63	218	4.95e-20	91.3
WP_000845048.1	337	k121_1455999_2	N/A	27.372	78	274	5.15e-20	91.7
WP_000845048.1	337	k121_742314_1	N/A	25.301	90	332	5.44e-20	91.7
WP_000845048.1	337	k121_647166_2	N/A	37.363	54	182	5.55e-20	91.3
WP_000845048.1	337	k121_56819_2	N/A	25.418	85	299	8.21e-20	90.5
WP_000845048.1	337	k121_12764_7	N/A	25.168	85	298	1.30e-19	89.7
WP_000845048.1	337	k121_378070_4	N/A	27.653	84	311	1.91e-19	90.1
WP_000845048.1	337	k121_507052_1	N/A	28.054	64	221	2.03e-19	88.2
WP_000845048.1	337	k121_1150125_5	N/A	25.857	91	321	4.27e-19	89.0
WP_000845048.1	337	k121_226719_1	N/A	33.333	53	180	5.11e-19	88.6
WP_000845048.1	337	k121_453723_2	N/A	33.696	55	184	6.20e-19	88.2
WP_000845048.1	337	k121_608895_2	N/A	27.097	86	310	6.97e-19	87.8
WP_000845048.1	337	k121_1120241_1	N/A	32.296	72	257	1.02e-18	86.3
WP_000845048.1	337	k121_1405702_2	N/A	27.848	88	316	1.17e-18	87.4
WP_000845048.1	337	k121_367509_1	N/A	26.909	78	275	1.48e-18	87.0
WP_000845048.1	337	k121_1028542_2	N/A	23.529	90	306	1.72e-18	86.7
WP_000845048.1	337	k121_705845_1	N/A	33.810	61	210	1.98e-18	87.4
WP_000845048.1	337	k121_7651_2	N/A	26.545	78	275	2.60e-18	86.3
WP_000845048.1	337	k121_735991_1	N/A	34.615	54	182	5.30e-18	85.9
WP_000845048.1	337	k121_990657_1	N/A	32.710	62	214	5.36e-18	85.5
WP_000845048.1	337	k121_1152586_4	N/A	32.864	61	213	5.88e-18	85.9
WP_000845048.1	337	k121_830061_50	N/A	33.190	64	232	7.85e-18	85.5
WP_000845048.1	337	k121_1060638_3	N/A	30.804	64	224	7.87e-18	85.1
WP_000845048.1	337	k121_1480948_2	N/A	30.726	53	179	1.36e-17	84.7
WP_000845048.1	337	k121_22725_3	N/A	33.155	55	187	1.41e-17	84.3
WP_000845048.1	337	k121_436594_1	N/A	29.817	63	218	2.42e-17	81.6
WP_000845048.1	337	k121_248901_14	N/A	29.767	62	215	2.97e-17	83.6
WP_000845048.1	337	k121_1403078_2	N/A	31.298	76	262	4.52e-17	83.2
WP_000845048.1	337	k121_1075828_6	N/A	32.110	63	218	6.08e-17	82.8
WP_000845048.1	337	k121_1615612_2	N/A	24.415	85	299	1.34e-16	81.3
WP_000845048.1	337	k121_1315238_2	N/A	28.261	54	184	1.37e-16	80.5
WP_000845048.1	337	k121_1027412_2	N/A	24.632	78	272	1.45e-16	81.6
WP_000845048.1	337	k121_395307_4	N/A	24.242	84	297	1.96e-16	81.3
WP_000845048.1	337	k121_1383517_3	N/A	25.368	78	272	2.31e-16	80.9
WP_000845048.1	337	k121_39751_3	N/A	33.486	62	218	2.53e-16	80.9
WP_000845048.1	337	k121_491934_1	N/A	57.576	20	66	2.64e-16	76.6
WP_000845048.1	337	k121_636940_2	N/A	56.338	21	71	2.85e-16	76.6
WP_000845048.1	337	k121_232912_3	N/A	26.537	88	309	2.90e-16	80.5
WP_000845048.1	337	k121_912812_1	N/A	28.000	85	300	3.29e-16	80.1
WP_000845048.1	337	k121_1470792_3	N/A	32.110	63	218	3.58e-16	80.1
WP_000845048.1	337	k121_294526_1	N/A	30.070	79	286	3.98e-16	80.1
WP_000845048.1	337	k121_1362288_3	N/A	24.632	78	272	5.41e-16	79.7
WP_000845048.1	337	k121_1132686_5	N/A	27.744	88	328	5.54e-16	80.1
WP_000845048.1	337	k121_1376410_1	N/A	28.383	85	303	5.73e-16	79.7
WP_000845048.1	337	k121_1228081_3	N/A	25.249	85	301	6.17e-16	79.7
WP_000845048.1	337	k121_205478_1	N/A	27.985	77	268	8.58e-16	78.6
WP_000845048.1	337	k121_1109982_2	N/A	27.530	71	247	1.22e-15	79.0
WP_000845048.1	337	k121_104564_47	N/A	27.667	84	300	1.30e-15	79.0
WP_000845048.1	337	k121_15433_3	N/A	23.780	90	328	2.51e-15	78.6
WP_000845048.1	337	k121_704414_2	N/A	33.186	62	226	3.82e-15	77.4
WP_000845048.1	337	k121_328869_1	N/A	54.545	20	66	4.55e-15	72.8
WP_000845048.1	337	k121_924968_2	N/A	45.000	24	80	9.13e-15	72.4
WP_000845048.1	337	k121_969108_3	N/A	29.710	78	276	1.20e-14	75.9
WP_000845048.1	337	k121_811537_2	N/A	28.889	53	180	1.45e-14	75.9
WP_000845048.1	337	k121_907449_2	N/A	29.911	62	224	1.65e-14	75.1
WP_000845048.1	337	k121_206501_6	N/A	27.243	85	301	1.69e-14	75.5
WP_000845048.1	337	k121_1444305_1	N/A	28.571	63	231	2.06e-14	75.9
WP_000845048.1	337	k121_462151_11	N/A	28.440	62	218	2.61e-14	73.9
WP_000845048.1	337	k121_533724_4	N/A	33.333	54	189	2.89e-14	75.1
WP_000845048.1	337	k121_217271_1	N/A	32.044	54	181	3.68e-14	72.0
WP_000845048.1	337	k121_731046_3	N/A	30.405	84	296	4.00e-14	74.7
WP_000845048.1	337	k121_1366537_2	N/A	26.403	84	303	6.48e-14	73.6
WP_000845048.1	337	k121_1419697_1	N/A	31.447	47	159	6.58e-14	73.2
WP_000845048.1	337	k121_534389_1	N/A	47.143	21	70	7.25e-14	70.5
WP_000845048.1	337	k121_424569_2	N/A	29.818	77	275	7.94e-14	73.6
WP_000845048.1	337	k121_67784_1	N/A	54.412	20	68	9.19e-14	69.7
WP_000845048.1	337	k121_908675_1	N/A	30.131	63	229	9.27e-14	73.9
WP_000845048.1	337	k121_325840_3	N/A	26.059	86	307	1.26e-13	72.8
WP_000845048.1	337	k121_994210_1	N/A	28.042	56	189	1.37e-13	70.9
WP_000845048.1	337	k121_1105346_2	N/A	28.000	77	275	1.38e-13	73.2
WP_000845048.1	337	k121_21637_1	N/A	29.787	63	235	1.50e-13	72.8
WP_000845048.1	337	k121_1523359_3	N/A	26.241	79	282	1.68e-13	73.6
WP_000845048.1	337	k121_1074918_2	N/A	27.650	63	217	1.69e-13	73.2
WP_000845048.1	337	k121_1477744_2	N/A	29.213	53	178	2.48e-13	72.4
WP_000845048.1	337	k121_1260254_4	N/A	26.899	88	316	2.66e-13	72.0
WP_000845048.1	337	k121_1546133_1	N/A	28.247	84	308	2.92e-13	72.4
WP_000845048.1	337	k121_1523359_1	N/A	27.113	77	284	3.11e-13	72.0
WP_000845048.1	337	k121_1356606_8	N/A	27.178	80	287	3.14e-13	71.2
WP_000845048.1	337	k121_1553389_2	N/A	45.205	22	73	3.31e-13	67.4
WP_000845048.1	337	k121_26587_2	N/A	27.273	62	220	4.50e-13	71.6
WP_000845048.1	337	k121_1239666_2	N/A	27.897	65	233	5.00e-13	70.1
WP_000845048.1	337	k121_1223914_4	N/A	23.867	87	331	5.88e-13	71.2
WP_000845048.1	337	k121_1470966_12	N/A	26.774	85	310	6.31e-13	71.2
WP_000845048.1	337	k121_1148552_2	N/A	32.195	58	205	6.44e-13	69.7
WP_000845048.1	337	k121_1531178_3	N/A	27.391	64	230	7.05e-13	71.2
WP_000845048.1	337	k121_1451529_3	N/A	28.000	63	225	7.14e-13	70.9
WP_000845048.1	337	k121_657400_2	N/A	28.896	85	308	7.48e-13	70.9
WP_000845048.1	337	k121_221176_2	N/A	28.254	85	315	9.11e-13	70.5
WP_000845048.1	337	k121_1101668_1	N/A	27.315	62	216	9.20e-13	70.5
WP_000845048.1	337	k121_637449_1	N/A	28.108	54	185	1.05e-12	68.6
WP_000845048.1	337	k121_1493901_2	N/A	49.333	22	75	1.13e-12	66.2
WP_000845048.1	337	k121_1181856_1	N/A	45.588	20	68	1.15e-12	65.1
WP_000845048.1	337	k121_693987_1	N/A	46.377	20	69	1.44e-12	65.5
WP_000845048.1	337	k121_827355_9	N/A	27.362	84	307	1.76e-12	69.7
WP_000845048.1	337	k121_1024055_1	N/A	30.769	61	221	1.90e-12	70.1
WP_000845048.1	337	k121_1132658_3	N/A	29.333	61	225	3.67e-12	68.9
WP_000845048.1	337	k121_429786_3	N/A	29.861	79	288	4.03e-12	68.6
WP_000845048.1	337	k121_1283104_1	N/A	23.770	70	244	5.09e-12	68.2
WP_000845048.1	337	k121_845623_4	N/A	27.203	74	261	6.81e-12	68.2
WP_000845048.1	337	k121_1258071_4	N/A	29.808	86	312	7.32e-12	68.2
WP_000845048.1	337	k121_1110347_2	N/A	27.636	76	275	7.46e-12	67.4
WP_000845048.1	337	k121_1475973_1	N/A	27.488	60	211	9.01e-12	66.6
WP_000845048.1	337	k121_1584403_2	N/A	29.787	92	329	9.10e-12	67.8
WP_000845048.1	337	k121_71850_1	N/A	26.236	74	263	1.19e-11	67.0
WP_000845048.1	337	k121_1629280_1	N/A	34.815	39	135	2.05e-11	63.5
WP_000845048.1	337	k121_1121900_1	N/A	30.220	54	182	2.20e-11	66.6
WP_000845048.1	337	k121_803253_2	N/A	29.817	62	218	2.21e-11	66.2
WP_000845048.1	337	k121_1078841_1	N/A	25.325	86	308	2.70e-11	65.9
WP_000845048.1	337	k121_1116969_2	N/A	27.391	62	230	3.08e-11	65.9
WP_000845048.1	337	k121_740691_2	N/A	30.769	53	182	3.27e-11	66.2
WP_000845048.1	337	k121_1371834_1	N/A	30.045	64	223	4.20e-11	65.1
WP_000845048.1	337	k121_789744_1	N/A	29.167	55	192	4.52e-11	63.5
WP_000845048.1	337	k121_601618_1	N/A	46.377	20	69	4.73e-11	62.4
WP_000845048.1	337	k121_513989_2	N/A	33.929	32	112	4.99e-11	62.0
WP_000845048.1	337	k121_1229020_1	N/A	22.420	80	281	5.46e-11	65.5
WP_000845048.1	337	k121_820414_116	N/A	26.744	92	344	7.35e-11	65.1
WP_000845048.1	337	k121_1080978_1	N/A	31.638	53	177	7.41e-11	64.3
WP_000845048.1	337	k121_1367034_1	N/A	24.603	72	252	1.03e-10	63.9
WP_000845048.1	337	k121_1229056_1	N/A	32.812	38	128	1.25e-10	61.6
WP_000845048.1	337	k121_15433_2	N/A	25.108	62	231	1.56e-10	63.9
WP_000845048.1	337	k121_971809_2	N/A	25.592	61	211	2.26e-10	62.4
WP_000845048.1	337	k121_1240809_4	N/A	28.623	77	276	2.62e-10	63.5
WP_000845048.1	337	k121_902651_1	N/A	26.812	77	276	3.29e-10	63.2
WP_000845048.1	337	k121_1321990_2	N/A	25.225	62	222	5.52e-10	62.8
WP_000845048.1	337	k121_1358885_1	N/A	31.771	52	192	5.73e-10	60.8
WP_000845048.1	337	k121_1560953_2	N/A	24.219	72	256	5.90e-10	61.6
WP_000845048.1	337	k121_1621857_2	N/A	26.182	78	275	6.95e-10	62.0
WP_000845048.1	337	k121_795130_2	N/A	28.571	64	217	8.85e-10	62.0
WP_000845048.1	337	k121_556613_3	N/A	30.061	44	163	1.49e-09	59.3
WP_000845048.1	337	k121_1198197_2	N/A	24.104	85	307	1.54e-09	60.8
WP_000845048.1	337	k121_1119721_2	N/A	26.804	77	291	1.92e-09	61.2
WP_000845048.1	337	k121_1479993_6	N/A	27.331	86	311	2.39e-09	60.5
WP_000845048.1	337	k121_708511_1	N/A	27.358	62	212	2.41e-09	59.3
WP_000845048.1	337	k121_128126_1	N/A	29.817	62	218	3.22e-09	59.7
WP_000845048.1	337	k121_1326318_1	N/A	39.726	22	73	4.40e-09	60.1
WP_000845048.1	337	k121_514410_3	N/A	28.139	63	231	5.27e-09	59.7
WP_000845048.1	337	k121_217990_2	N/A	44.595	22	74	5.29e-09	55.5
WP_000845048.1	337	k121_1039307_3	N/A	29.412	61	221	6.53e-09	59.3
WP_000845048.1	337	k121_845623_3	N/A	23.729	64	236	7.46e-09	58.9
WP_000845048.1	337	k121_997551_1	N/A	36.667	26	90	7.75e-09	57.4
WP_000845048.1	337	k121_447971_7	N/A	28.239	85	301	8.95e-09	58.5
WP_000845048.1	337	k121_1509917_3	N/A	25.817	84	306	9.13e-09	58.9
WP_000845048.1	337	k121_458498_5	N/A	27.575	85	301	9.18e-09	58.5
WP_000845048.1	337	k121_1075025_2	N/A	24.540	89	326	1.51e-08	58.2
WP_000845048.1	337	k121_525301_3	N/A	27.143	60	210	2.26e-08	58.2
WP_000845048.1	337	k121_902651_3	N/A	24.818	77	274	2.45e-08	57.8
WP_000845048.1	337	k121_224918_7	N/A	26.271	63	236	3.08e-08	57.4
WP_000845048.1	337	k121_115756_1	N/A	24.272	59	206	3.61e-08	57.0
WP_000845048.1	337	k121_1552489_4	N/A	29.213	53	178	4.62e-08	55.1
WP_000845048.1	337	k121_1331380_1	N/A	43.939	20	66	5.13e-08	56.6
WP_000845048.1	337	k121_1589234_2	N/A	25.000	58	204	5.22e-08	56.2
WP_000845048.1	337	k121_1416686_9	N/A	28.163	68	245	6.28e-08	56.6
WP_000845048.1	337	k121_1255662_2	N/A	27.374	48	179	8.79e-08	55.1
WP_000845048.1	337	k121_214399_1	N/A	31.461	52	178	9.65e-08	55.5
WP_000845048.1	337	k121_525301_1	N/A	29.588	75	267	1.09e-07	55.5
WP_000845048.1	337	k121_771997_2	N/A	26.582	62	237	1.12e-07	55.8
WP_000845048.1	337	k121_646002_3	N/A	27.244	86	312	1.22e-07	55.5
WP_000845048.1	337	k121_198087_4	N/A	29.048	60	210	1.30e-07	55.5
WP_000845048.1	337	k121_1219734_2	N/A	29.016	54	193	1.33e-07	55.5
WP_000845048.1	337	k121_813035_1	N/A	37.333	22	75	1.49e-07	55.5
WP_000845048.1	337	k121_723410_1	N/A	29.064	58	203	1.60e-07	54.7
WP_000845048.1	337	k121_562892_2	N/A	26.190	50	168	1.62e-07	52.8
WP_000845048.1	337	k121_1171002_4	N/A	28.745	71	247	1.66e-07	54.3
WP_000845048.1	337	k121_336564_2	N/A	27.451	69	255	1.73e-07	54.7
WP_000845048.1	337	k121_155723_1	N/A	22.330	84	309	1.78e-07	55.1
WP_000845048.1	337	k121_1546016_3	N/A	25.000	74	260	2.04e-07	54.3
WP_000845048.1	337	k121_1250676_4	N/A	29.651	51	172	2.29e-07	53.5
WP_000845048.1	337	k121_1137694_3	N/A	24.749	83	299	2.37e-07	54.3
WP_000845048.1	337	k121_914494_3	N/A	24.519	61	208	2.75e-07	54.3
WP_000845048.1	337	k121_1137742_1	N/A	26.984	51	189	2.97e-07	53.1
WP_000845048.1	337	k121_1118652_1	N/A	36.047	25	86	3.02e-07	53.9
WP_000845048.1	337	k121_57105_17	N/A	24.645	62	211	3.76e-07	53.5
WP_000845048.1	337	k121_169035_4	N/A	37.179	22	78	3.95e-07	53.9
WP_000845048.1	337	k121_710748_1	N/A	31.008	36	129	4.01e-07	52.8
WP_000845048.1	337	k121_138810_2	N/A	37.000	27	100	4.16e-07	53.1
WP_000845048.1	337	k121_848810_1	N/A	32.667	41	150	4.20e-07	53.1
WP_000845048.1	337	k121_615262_2	N/A	25.311	64	241	4.29e-07	53.9
WP_000845048.1	337	k121_943950_2	N/A	31.977	45	172	4.57e-07	52.4
WP_000845048.1	337	k121_1578616_4	N/A	38.144	27	97	5.69e-07	52.8
WP_000845048.1	337	k121_198087_3	N/A	29.091	60	220	5.77e-07	53.1
WP_000845048.1	337	k121_1040767_1	N/A	24.444	65	225	6.92e-07	52.8
WP_000845048.1	337	k121_778449_2	N/A	26.066	58	211	6.96e-07	52.0
WP_000845048.1	337	k121_857847_1	N/A	24.868	52	189	7.32e-07	52.4
WP_000845048.1	337	k121_390758_1	N/A	25.381	50	197	7.96e-07	52.4
WP_000845048.1	337	k121_1352470_1	N/A	29.327	59	208	7.98e-07	53.1
WP_000845048.1	337	k121_1333254_1	N/A	25.822	62	213	8.09e-07	53.1
WP_000845048.1	337	k121_247782_1	N/A	38.750	24	80	9.75e-07	52.4
WP_000845048.1	337	k121_1277401_2	N/A	29.121	54	182	1.05e-06	52.4
WP_000845048.1	337	k121_147137_1	N/A	26.214	57	206	1.07e-06	52.0
WP_000845048.1	337	k121_568631_2	N/A	38.806	20	67	1.15e-06	50.8
WP_000845048.1	337	k121_237785_3	N/A	27.907	51	172	1.71e-06	50.1
WP_000845048.1	337	k121_1439871_1	N/A	38.235	20	68	2.81e-06	47.0
WP_000845048.1	337	k121_30089_5	N/A	25.616	59	203	2.86e-06	51.6
WP_000845048.1	337	k121_557565_2	N/A	33.010	28	103	2.91e-06	48.9
WP_000845048.1	337	k121_1066570_1	N/A	24.121	59	199	3.18e-06	50.8
WP_000845048.1	337	k121_1213028_1	N/A	35.897	23	78	3.35e-06	48.9
WP_000845048.1	337	k121_559215_1	N/A	27.976	50	168	3.97e-06	50.4
WP_000845048.1	337	k121_1440336_5	N/A	27.602	63	221	4.45e-06	50.8
WP_000845048.1	337	k121_779715_2	N/A	28.169	60	213	4.90e-06	50.1
WP_000845048.1	337	k121_746690_1	N/A	26.689	74	296	5.25e-06	50.8
WP_000845048.1	337	k121_1184161_2	N/A	26.702	53	191	5.38e-06	50.4
WP_000845048.1	337	k121_782527_1	N/A	32.927	24	82	5.59e-06	50.4
WP_000845048.1	337	k121_955692_1	N/A	24.299	58	214	5.97e-06	50.4
WP_000845048.1	337	k121_550013_1	N/A	21.927	85	301	5.99e-06	50.4
WP_000845048.1	337	k121_1010094_1	N/A	24.887	64	221	6.77e-06	49.7
WP_000845048.1	337	k121_228468_1	N/A	25.311	70	241	8.75e-06	49.3
WP_000845048.1	337	k121_440525_7	N/A	23.755	61	261	1.03e-05	49.7
WP_000845048.1	337	k121_265878_2	N/A	27.322	54	183	1.08e-05	49.3
WP_000845048.1	337	k121_1258071_2	N/A	24.848	92	330	1.24e-05	49.3
WP_000845048.1	337	k121_1095091_2	N/A	27.189	60	217	1.33e-05	48.9
WP_000845048.1	337	k121_176365_11	N/A	26.071	77	280	1.95e-05	48.5
WP_000845048.1	337	k121_198087_2	N/A	25.083	84	303	2.48e-05	48.1
WP_000845048.1	337	k121_1057258_2	N/A	27.326	51	172	2.56e-05	48.1
WP_000845048.1	337	k121_1479993_4	N/A	24.910	77	277	2.63e-05	48.5
WP_000845048.1	337	k121_527461_2	N/A	26.962	83	293	2.65e-05	48.5
WP_000845048.1	337	k121_113436_1	N/A	39.726	20	73	2.84e-05	47.8
WP_000845048.1	337	k121_1494670_3	N/A	23.529	63	238	3.66e-05	48.1
WP_000845048.1	337	k121_167468_1	N/A	25.728	59	206	3.86e-05	47.4
WP_000845048.1	337	k121_599390_2	N/A	32.051	23	78	4.32e-05	46.6
WP_000845048.1	337	k121_1344233_3	N/A	24.022	53	179	4.67e-05	47.4
WP_000845048.1	337	k121_47885_2	N/A	21.026	53	195	5.27e-05	47.0
WP_000845048.1	337	k121_1258071_3	N/A	27.727	61	220	5.87e-05	47.0
WP_000845048.1	337	k121_28525_3	N/A	26.910	84	301	6.16e-05	47.0
WP_000845048.1	337	k121_1043685_1	N/A	26.154	54	195	7.00e-05	47.0
WP_000845048.1	337	k121_374947_1	N/A	24.118	50	170	7.07e-05	45.4
WP_000845048.1	337	k121_693102_3	N/A	28.319	62	226	7.19e-05	46.2
WP_000845048.1	337	k121_679464_1	N/A	20.886	82	316	7.39e-05	47.0
WP_000845048.1	337	k121_943950_1	N/A	26.522	66	230	7.86e-05	46.2
WP_000845048.1	337	k121_1222398_1	N/A	26.230	54	183	8.76e-05	46.6
WP_000845048.1	337	k121_1070157_3	N/A	29.048	56	210	9.19e-05	45.8
WP_000845048.1	337	k121_708511_2	N/A	23.875	79	289	9.46e-05	47.0
WP_000845048.1	337	k121_1289668_4	N/A	24.576	68	236	9.56e-05	46.6
WP_000845048.1	337	k121_374947_2	N/A	33.766	21	77	1.01e-04	46.2
WP_000845048.1	337	k121_331053_2	N/A	25.701	62	214	1.11e-04	46.6
WP_000845048.1	337	k121_941942_1	N/A	28.415	54	183	1.13e-04	46.6
WP_000845048.1	337	k121_941942_1	N/A	30.488	54	82	4.91e-04	44.7
WP_000845048.1	337	k121_441177_4	N/A	25.758	52	198	1.16e-04	46.6
WP_000845048.1	337	k121_1062627_1	N/A	25.116	60	215	1.39e-04	46.2
WP_000845048.1	337	k121_1329781_1	N/A	24.151	75	265	1.42e-04	45.8
WP_000845048.1	337	k121_688290_2	N/A	29.381	55	194	1.47e-04	46.2
WP_000845048.1	337	k121_1174121_1	N/A	27.411	58	197	1.48e-04	45.8
WP_000845048.1	337	k121_787584_5	N/A	26.697	60	221	1.72e-04	45.8
WP_000845048.1	337	k121_1360525_1	N/A	20.395	85	304	1.76e-04	45.8
WP_000845048.1	337	k121_1509917_1	N/A	25.778	64	225	1.93e-04	45.8
WP_000845048.1	337	k121_1089648_1	N/A	29.151	70	271	2.05e-04	45.4
WP_000845048.1	337	k121_1440336_6	N/A	27.727	61	220	2.08e-04	45.8
WP_000845048.1	337	k121_749504_3	N/A	26.141	67	241	2.09e-04	45.1
WP_000845048.1	337	k121_835177_1	N/A	33.333	22	75	2.34e-04	45.4
WP_000845048.1	337	k121_1633299_2	N/A	31.757	38	148	2.95e-04	44.7
WP_000845048.1	337	k121_363826_2	N/A	24.771	58	218	3.04e-04	44.7
WP_000845048.1	337	k121_1493764_2	N/A	25.974	63	231	3.07e-04	45.1
WP_000845048.1	337	k121_783935_3	N/A	23.729	53	177	3.30e-04	43.1
WP_000845048.1	337	k121_634489_1	N/A	29.353	58	201	3.52e-04	45.1
WP_000845048.1	337	k121_1441906_1	N/A	24.898	66	245	3.66e-04	44.7
WP_000845048.1	337	k121_1149864_4	N/A	25.946	54	185	3.75e-04	44.7
WP_000845048.1	337	k121_1005168_1	N/A	21.569	71	255	4.14e-04	44.7
WP_000845048.1	337	k121_1266700_1	N/A	34.646	34	127	4.22e-04	43.5
WP_000845048.1	337	k121_1530769_11	N/A	24.737	54	190	4.35e-04	44.3
WP_000845048.1	337	k121_1502213_1	N/A	27.805	56	205	4.60e-04	44.7
WP_000845048.1	337	k121_1253557_1	N/A	33.766	23	77	5.18e-04	44.3
WP_000845048.1	337	k121_317525_2	N/A	25.346	59	217	6.01e-04	43.9
WP_000845048.1	337	k121_1585763_1	N/A	39.506	24	81	6.68e-04	43.9
WP_000845048.1	337	k121_1240809_3	N/A	26.006	88	323	6.82e-04	44.3
WP_000845048.1	337	k121_1596122_6	N/A	31.053	53	190	7.05e-04	43.9
WP_000845048.1	337	k121_1521419_8	N/A	26.471	56	204	7.85e-04	43.9
WP_000845048.1	337	k121_605661_5	N/A	26.316	84	304	7.92e-04	43.5
WP_000845048.1	337	k121_700207_3	N/A	35.135	22	74	8.15e-04	43.5
WP_000845048.1	337	k121_844963_2	N/A	30.682	25	88	8.95e-04	43.5
WP_000845048.1	337	k121_97960_1	N/A	34.211	21	76	0.001	43.1
WP_000845048.1	337	k121_553456_1	N/A	22.807	61	228	0.001	43.1
WP_000845048.1	337	k121_411142_2	N/A	37.079	25	89	0.001	43.1
WP_000845048.1	337	k121_1496708_2	N/A	25.258	57	194	0.001	43.5
WP_000845048.1	337	k121_441468_1	N/A	28.387	42	155	0.001	42.7
WP_000845048.1	337	k121_1095198_2	N/A	23.457	67	243	0.001	43.1
WP_000845048.1	337	k121_269077_1	N/A	26.178	54	191	0.001	42.4
WP_000845048.1	337	k121_1131725_3	N/A	24.339	55	189	0.001	43.1
WP_000845048.1	337	k121_1102523_11	N/A	22.905	53	179	0.001	42.4
