SadA_ref|WP_036299419.1|:1-399	399	k121_39287_136	N/A	43.797	98	395	1.05e-112	338
SadA_ref|WP_036299419.1|:1-399	399	k121_472259_10	N/A	33.770	95	382	7.28e-57	194
SadA_ref|WP_036299419.1|:1-399	399	k121_805562_4	N/A	31.552	97	393	3.56e-56	192
SadA_ref|WP_036299419.1|:1-399	399	k121_1426860_6	N/A	33.798	72	287	9.31e-53	182
SadA_ref|WP_036299419.1|:1-399	399	k121_1445203_4	N/A	29.679	93	374	5.72e-48	171
SadA_ref|WP_036299419.1|:1-399	399	k121_522196_3	N/A	27.763	92	371	2.46e-47	169
SadA_ref|WP_036299419.1|:1-399	399	k121_1435785_90	N/A	28.418	93	373	2.72e-46	166
SadA_ref|WP_036299419.1|:1-399	399	k121_36077_13	N/A	31.429	94	385	1.99e-45	164
SadA_ref|WP_036299419.1|:1-399	399	k121_115508_2	N/A	30.077	97	389	8.16e-44	160
SadA_ref|WP_036299419.1|:1-399	399	k121_65429_2	N/A	33.642	80	324	2.15e-42	154
SadA_ref|WP_036299419.1|:1-399	399	k121_358669_269	N/A	27.907	96	387	2.57e-42	155
SadA_ref|WP_036299419.1|:1-399	399	k121_424722_1	N/A	35.681	53	213	4.02e-38	141
SadA_ref|WP_036299419.1|:1-399	399	k121_583032_1	N/A	33.333	65	264	1.07e-36	137
SadA_ref|WP_036299419.1|:1-399	399	k121_323822_1	N/A	41.872	51	203	3.14e-36	136
SadA_ref|WP_036299419.1|:1-399	399	k121_850048_3	N/A	30.663	90	362	3.38e-35	136
SadA_ref|WP_036299419.1|:1-399	399	k121_553520_1	N/A	29.831	73	295	6.77e-35	133
SadA_ref|WP_036299419.1|:1-399	399	k121_1251521_1	N/A	34.434	53	212	1.20e-34	130
SadA_ref|WP_036299419.1|:1-399	399	k121_1370055_2	N/A	25.195	95	385	7.93e-34	133
SadA_ref|WP_036299419.1|:1-399	399	k121_1121784_1	N/A	33.190	58	232	4.31e-32	124
SadA_ref|WP_036299419.1|:1-399	399	k121_11961_1	N/A	26.923	94	390	1.53e-31	126
SadA_ref|WP_036299419.1|:1-399	399	k121_868936_1	N/A	28.099	60	242	1.18e-29	118
SadA_ref|WP_036299419.1|:1-399	399	k121_51317_1	N/A	32.075	51	212	1.19e-29	117
SadA_ref|WP_036299419.1|:1-399	399	k121_943833_2	N/A	29.362	58	235	2.05e-29	121
SadA_ref|WP_036299419.1|:1-399	399	k121_145256_3	N/A	27.957	91	372	8.50e-26	110
SadA_ref|WP_036299419.1|:1-399	399	k121_823920_3	N/A	26.050	89	357	2.27e-25	108
SadA_ref|WP_036299419.1|:1-399	399	k121_859383_1	N/A	31.088	48	193	1.02e-23	100
SadA_ref|WP_036299419.1|:1-399	399	k121_862298_1	N/A	28.216	60	241	3.71e-23	100
SadA_ref|WP_036299419.1|:1-399	399	k121_1235016_1	N/A	28.837	53	215	5.71e-23	100
SadA_ref|WP_036299419.1|:1-399	399	k121_23209_2	N/A	34.043	35	141	9.41e-23	96.7
SadA_ref|WP_036299419.1|:1-399	399	k121_166406_1	N/A	32.258	39	155	1.28e-21	95.1
SadA_ref|WP_036299419.1|:1-399	399	k121_598719_1	N/A	27.820	66	266	1.70e-19	90.9
SadA_ref|WP_036299419.1|:1-399	399	k121_635919_1	N/A	28.076	76	317	2.65e-18	88.2
SadA_ref|WP_036299419.1|:1-399	399	k121_154803_1	N/A	27.041	95	392	2.81e-18	89.0
SadA_ref|WP_036299419.1|:1-399	399	k121_767824_2	N/A	24.265	95	408	7.14e-17	85.1
SadA_ref|WP_036299419.1|:1-399	399	k121_1232174_2	N/A	27.273	61	253	1.12e-16	82.8
SadA_ref|WP_036299419.1|:1-399	399	k121_1431800_1	N/A	35.514	27	107	1.16e-16	79.0
SadA_ref|WP_036299419.1|:1-399	399	k121_1167698_1	N/A	26.667	43	180	2.50e-15	77.0
SadA_ref|WP_036299419.1|:1-399	399	k121_48207_1	N/A	30.653	49	199	3.77e-15	77.0
SadA_ref|WP_036299419.1|:1-399	399	k121_1275448_4	N/A	23.243	90	370	5.61e-15	79.3
SadA_ref|WP_036299419.1|:1-399	399	k121_386501_1	N/A	34.409	23	93	8.76e-13	69.3
SadA_ref|WP_036299419.1|:1-399	399	k121_767298_1	N/A	32.609	23	92	8.79e-11	62.0
SadA_ref|WP_036299419.1|:1-399	399	k121_1182845_1	N/A	26.804	48	194	1.31e-09	60.8
SadA_ref|WP_036299419.1|:1-399	399	k121_387354_1	N/A	27.969	65	261	1.60e-09	61.6
SadA_ref|WP_036299419.1|:1-399	399	k121_1112587_2	N/A	32.353	25	102	5.48e-09	57.4
SadA_ref|WP_036299419.1|:1-399	399	k121_1152920_2	N/A	29.286	34	140	6.87e-09	57.4
SadA_ref|WP_036299419.1|:1-399	399	k121_1452898_1	N/A	24.528	53	212	1.90e-08	58.2
SadA_ref|WP_036299419.1|:1-399	399	k121_686264_1	N/A	25.000	65	272	2.70e-08	58.5
SadA_ref|WP_036299419.1|:1-399	399	k121_79719_2	N/A	28.571	26	105	5.85e-08	54.7
SadA_ref|WP_036299419.1|:1-399	399	k121_102855_2	N/A	25.368	65	272	6.91e-08	56.6
SadA_ref|WP_036299419.1|:1-399	399	k121_252862_5	N/A	23.298	90	382	7.10e-08	57.8
SadA_ref|WP_036299419.1|:1-399	399	k121_1341067_277	N/A	25.234	51	214	1.97e-07	56.2
SadA_ref|WP_036299419.1|:1-399	399	k121_155473_2	N/A	29.114	20	79	2.94e-06	48.9
SadA_ref|WP_036299419.1|:1-399	399	k121_104135_1	N/A	25.287	41	174	5.35e-06	50.4
SadA_ref|WP_036299419.1|:1-399	399	k121_70171_2	N/A	25.304	93	411	5.51e-06	52.0
SadA_ref|WP_036299419.1|:1-399	399	k121_216036_1	N/A	21.859	91	398	1.50e-05	50.4
SadA_ref|WP_036299419.1|:1-399	399	k121_609417_1	N/A	25.506	62	247	1.77e-05	50.1
SadA_ref|WP_036299419.1|:1-399	399	k121_485042_2	N/A	33.333	21	84	2.50e-05	46.6
SadA_ref|WP_036299419.1|:1-399	399	k121_747445_1	N/A	29.204	28	113	1.38e-04	44.7
SadA_ref|WP_036299419.1|:1-399	399	k121_563930_4	N/A	24.180	60	244	2.48e-04	46.6
SadA_ref|WP_036299419.1|:1-399	399	k121_1302588_3	N/A	21.864	60	279	3.29e-04	46.2
SadA_ref|WP_036299419.1|:1-399	399	k121_584064_8	N/A	27.189	50	217	5.59e-04	45.4
SadA_ref|WP_036299419.1|:1-399	399	k121_267685_1	N/A	24.255	51	235	0.003	43.1
SadA_ref|WP_036299419.1|:1-399	399	k121_654647_5	N/A	21.927	71	301	0.003	43.1
SadA_ref|WP_036299419.1|:1-399	399	k121_1338087_1	N/A	30.000	22	90	0.004	42.4
SadA_ref|WP_036299419.1|:1-399	399	k121_237840_2	N/A	29.762	21	84	0.005	41.2
SadA_ref|WP_036299419.1|:1-399	399	k121_1167937_1	N/A	25.882	60	255	0.005	42.4
SadA_ref|WP_036299419.1|:1-399	399	k121_730423_1	N/A	28.218	50	202	0.005	41.6
SadA_ref|WP_036299419.1|:1-399	399	k121_180761_2	N/A	22.358	60	246	0.007	42.0
SadA_ref|WP_036299419.1|:1-399	399	k121_479940_2	N/A	30.233	21	86	0.008	40.8
SadA_ref|WP_036299419.1|:1-399	399	k121_1406865_1	N/A	29.762	21	84	0.010	40.4
SadA_ref|WP_036299419.1|:1-399	399	k121_84758_9	N/A	30.952	21	84	0.013	41.2
SadA_ref|WP_036299419.1|:1-399	399	k121_296795_20	N/A	21.595	71	301	0.019	40.8
SadA_ref|WP_036299419.1|:1-399	399	k121_407186_2	N/A	23.009	28	113	0.023	38.1
SadA_ref|WP_036299419.1|:1-399	399	k121_819485_1	N/A	29.114	20	79	0.025	39.3
SadA_ref|WP_036299419.1|:1-399	399	k121_1291681_1	N/A	22.281	88	377	0.032	40.0
SadA_ref|WP_036299419.1|:1-399	399	k121_132653_1	N/A	31.765	21	85	0.039	37.4
SadA_ref|WP_036299419.1|:1-399	399	k121_1312887_4	N/A	20.216	89	371	0.058	39.3
SadA_ref|WP_036299419.1|:1-399	399	k121_186955_2	N/A	29.762	21	84	0.059	38.9
SadA_ref|WP_036299419.1|:1-399	399	k121_136583_4	N/A	22.466	85	365	0.072	38.9
SadA_ref|WP_036299419.1|:1-399	399	k121_1423197_1	N/A	30.233	21	86	0.081	37.7
SadB_ref|WP_100812327.1|:1-423	423	k121_39287_136	N/A	37.596	91	391	5.88e-80	255
SadB_ref|WP_100812327.1|:1-423	423	k121_36077_13	N/A	33.582	92	402	9.99e-55	190
SadB_ref|WP_100812327.1|:1-423	423	k121_472259_10	N/A	34.908	89	381	4.04e-52	182
SadB_ref|WP_100812327.1|:1-423	423	k121_805562_4	N/A	28.982	90	383	8.62e-47	168
SadB_ref|WP_100812327.1|:1-423	423	k121_1445203_4	N/A	28.205	91	390	1.50e-46	167
SadB_ref|WP_100812327.1|:1-423	423	k121_1435785_90	N/A	28.173	91	394	2.22e-46	167
SadB_ref|WP_100812327.1|:1-423	423	k121_522196_3	N/A	27.806	91	392	1.08e-42	157
SadB_ref|WP_100812327.1|:1-423	423	k121_553520_1	N/A	34.333	70	300	8.26e-41	150
SadB_ref|WP_100812327.1|:1-423	423	k121_1426860_6	N/A	28.613	81	346	1.93e-40	150
SadB_ref|WP_100812327.1|:1-423	423	k121_115508_2	N/A	27.794	82	349	1.87e-38	146
SadB_ref|WP_100812327.1|:1-423	423	k121_65429_2	N/A	30.124	75	322	3.79e-38	144
SadB_ref|WP_100812327.1|:1-423	423	k121_358669_269	N/A	29.058	88	382	1.31e-36	141
SadB_ref|WP_100812327.1|:1-423	423	k121_850048_3	N/A	26.166	91	386	2.04e-35	137
SadB_ref|WP_100812327.1|:1-423	423	k121_424722_1	N/A	32.374	65	278	1.22e-34	132
SadB_ref|WP_100812327.1|:1-423	423	k121_323822_1	N/A	37.069	55	232	8.42e-34	130
SadB_ref|WP_100812327.1|:1-423	423	k121_11961_1	N/A	25.316	90	395	1.23e-30	124
SadB_ref|WP_100812327.1|:1-423	423	k121_943833_2	N/A	25.815	85	368	2.11e-29	121
SadB_ref|WP_100812327.1|:1-423	423	k121_1370055_2	N/A	24.791	82	359	3.76e-29	120
SadB_ref|WP_100812327.1|:1-423	423	k121_1251521_1	N/A	31.980	47	197	1.68e-27	112
SadB_ref|WP_100812327.1|:1-423	423	k121_583032_1	N/A	26.894	62	264	1.94e-27	113
SadB_ref|WP_100812327.1|:1-423	423	k121_1121784_1	N/A	28.700	52	223	4.01e-27	111
SadB_ref|WP_100812327.1|:1-423	423	k121_1235016_1	N/A	28.302	60	265	1.34e-25	108
SadB_ref|WP_100812327.1|:1-423	423	k121_145256_3	N/A	28.226	86	372	2.01e-25	110
SadB_ref|WP_100812327.1|:1-423	423	k121_823920_3	N/A	26.027	85	365	2.42e-25	109
SadB_ref|WP_100812327.1|:1-423	423	k121_51317_1	N/A	26.244	51	221	2.82e-24	103
SadB_ref|WP_100812327.1|:1-423	423	k121_154803_1	N/A	29.545	89	396	2.28e-23	103
SadB_ref|WP_100812327.1|:1-423	423	k121_598719_1	N/A	29.119	61	261	1.81e-22	99.4
SadB_ref|WP_100812327.1|:1-423	423	k121_23209_2	N/A	34.899	35	149	2.53e-22	95.9
SadB_ref|WP_100812327.1|:1-423	423	k121_868936_1	N/A	27.568	44	185	1.98e-21	96.3
SadB_ref|WP_100812327.1|:1-423	423	k121_767824_2	N/A	24.225	81	355	1.26e-19	93.6
SadB_ref|WP_100812327.1|:1-423	423	k121_859383_1	N/A	31.000	46	200	1.05e-17	84.3
SadB_ref|WP_100812327.1|:1-423	423	k121_862298_1	N/A	27.160	57	243	5.18e-17	83.6
SadB_ref|WP_100812327.1|:1-423	423	k121_1232174_2	N/A	25.468	61	267	1.50e-14	76.6
SadB_ref|WP_100812327.1|:1-423	423	k121_216036_1	N/A	27.317	87	410	2.83e-14	77.8
SadB_ref|WP_100812327.1|:1-423	423	k121_1275448_4	N/A	24.731	85	372	3.88e-14	77.0
SadB_ref|WP_100812327.1|:1-423	423	k121_386501_1	N/A	32.515	38	163	4.05e-14	73.2
SadB_ref|WP_100812327.1|:1-423	423	k121_70171_2	N/A	25.824	78	364	2.25e-13	75.1
SadB_ref|WP_100812327.1|:1-423	423	k121_1452898_1	N/A	29.437	52	231	2.28e-13	72.8
SadB_ref|WP_100812327.1|:1-423	423	k121_1341067_277	N/A	30.047	47	213	3.00e-13	74.3
SadB_ref|WP_100812327.1|:1-423	423	k121_48207_1	N/A	32.597	41	181	3.55e-13	71.6
SadB_ref|WP_100812327.1|:1-423	423	k121_166406_1	N/A	31.496	29	127	4.62e-13	70.9
SadB_ref|WP_100812327.1|:1-423	423	k121_635919_1	N/A	27.915	60	283	2.76e-12	70.9
SadB_ref|WP_100812327.1|:1-423	423	k121_1431800_1	N/A	26.168	25	107	2.04e-11	64.3
SadB_ref|WP_100812327.1|:1-423	423	k121_180761_2	N/A	24.524	89	420	4.09e-11	68.2
SadB_ref|WP_100812327.1|:1-423	423	k121_563930_4	N/A	24.933	80	373	1.12e-10	66.6
SadB_ref|WP_100812327.1|:1-423	423	k121_79719_2	N/A	30.435	27	115	1.55e-10	62.0
SadB_ref|WP_100812327.1|:1-423	423	k121_1182845_1	N/A	27.136	45	199	4.02e-10	62.4
SadB_ref|WP_100812327.1|:1-423	423	k121_732616_2	N/A	28.421	59	285	4.52e-10	63.9
SadB_ref|WP_100812327.1|:1-423	423	k121_1167698_1	N/A	21.622	35	148	1.08e-09	60.8
SadB_ref|WP_100812327.1|:1-423	423	k121_1312887_4	N/A	24.302	82	358	1.49e-09	63.2
SadB_ref|WP_100812327.1|:1-423	423	k121_868191_3	N/A	24.242	81	363	3.10e-09	62.0
SadB_ref|WP_100812327.1|:1-423	423	k121_1152920_2	N/A	28.261	33	138	6.71e-09	57.4
SadB_ref|WP_100812327.1|:1-423	423	k121_283545_3	N/A	24.219	80	384	3.50e-08	58.9
SadB_ref|WP_100812327.1|:1-423	423	k121_296795_20	N/A	25.503	66	298	4.01e-08	58.5
SadB_ref|WP_100812327.1|:1-423	423	k121_654647_5	N/A	23.611	81	360	1.69e-07	56.6
SadB_ref|WP_100812327.1|:1-423	423	k121_46339_7	N/A	25.065	85	383	2.01e-07	56.6
SadB_ref|WP_100812327.1|:1-423	423	k121_566635_1	N/A	30.201	33	149	4.99e-07	54.3
SadB_ref|WP_100812327.1|:1-423	423	k121_1112587_2	N/A	24.752	24	101	1.09e-06	50.8
SadB_ref|WP_100812327.1|:1-423	423	k121_767298_1	N/A	23.913	22	92	1.13e-06	50.4
SadB_ref|WP_100812327.1|:1-423	423	k121_83132_2	N/A	23.747	87	379	1.25e-06	53.9
SadB_ref|WP_100812327.1|:1-423	423	k121_387354_1	N/A	27.126	57	247	1.30e-06	52.8
SadB_ref|WP_100812327.1|:1-423	423	k121_768328_2	N/A	22.074	83	376	1.30e-06	53.9
SadB_ref|WP_100812327.1|:1-423	423	k121_479940_2	N/A	31.884	30	138	1.51e-06	52.0
SadB_ref|WP_100812327.1|:1-423	423	k121_686264_1	N/A	26.718	59	262	1.62e-06	53.1
SadB_ref|WP_100812327.1|:1-423	423	k121_609417_1	N/A	28.788	43	198	2.74e-06	52.8
SadB_ref|WP_100812327.1|:1-423	423	k121_290506_1	N/A	32.812	27	128	3.36e-06	51.2
SadB_ref|WP_100812327.1|:1-423	423	k121_104135_1	N/A	26.705	39	176	4.34e-06	50.8
SadB_ref|WP_100812327.1|:1-423	423	k121_148313_1	N/A	24.176	79	364	4.64e-06	52.0
SadB_ref|WP_100812327.1|:1-423	423	k121_155473_2	N/A	22.093	20	86	5.53e-06	48.1
SadB_ref|WP_100812327.1|:1-423	423	k121_678710_2	N/A	31.746	27	126	6.48e-06	50.8
SadB_ref|WP_100812327.1|:1-423	423	k121_1413641_1	N/A	28.440	48	218	6.85e-06	51.6
SadB_ref|WP_100812327.1|:1-423	423	k121_489804_82	N/A	22.222	80	360	1.27e-05	50.8
SadB_ref|WP_100812327.1|:1-423	423	k121_678408_1	N/A	23.670	80	376	1.42e-05	50.4
SadB_ref|WP_100812327.1|:1-423	423	k121_102855_2	N/A	24.815	61	270	1.69e-05	49.7
SadB_ref|WP_100812327.1|:1-423	423	k121_1428877_11	N/A	23.607	80	377	1.94e-05	50.1
SadB_ref|WP_100812327.1|:1-423	423	k121_1457716_1	N/A	28.571	35	154	2.18e-05	48.5
SadB_ref|WP_100812327.1|:1-423	423	k121_404541_1	N/A	22.432	79	370	2.36e-05	49.7
SadB_ref|WP_100812327.1|:1-423	423	k121_149679_1	N/A	30.081	26	123	3.68e-05	48.9
SadB_ref|WP_100812327.1|:1-423	423	k121_252862_5	N/A	24.219	85	384	5.01e-05	48.9
SadB_ref|WP_100812327.1|:1-423	423	k121_400888_1	N/A	30.081	26	123	5.83e-05	48.5
SadB_ref|WP_100812327.1|:1-423	423	k121_84758_9	N/A	22.888	79	367	6.19e-05	48.5
SadB_ref|WP_100812327.1|:1-423	423	k121_800383_1	N/A	23.810	81	357	6.48e-05	48.5
SadB_ref|WP_100812327.1|:1-423	423	k121_1353815_6	N/A	32.812	27	128	8.64e-05	48.1
SadB_ref|WP_100812327.1|:1-423	423	k121_1062350_1	N/A	28.986	30	138	1.55e-04	46.6
SadB_ref|WP_100812327.1|:1-423	423	k121_792417_5	N/A	25.668	42	187	1.65e-04	46.6
SadB_ref|WP_100812327.1|:1-423	423	k121_18020_3	N/A	29.787	31	141	1.77e-04	46.6
SadB_ref|WP_100812327.1|:1-423	423	k121_1357946_3	N/A	24.490	66	294	2.02e-04	47.0
SadB_ref|WP_100812327.1|:1-423	423	k121_382004_2	N/A	24.107	76	336	2.72e-04	46.6
SadB_ref|WP_100812327.1|:1-423	423	k121_819485_1	N/A	29.814	35	161	3.00e-04	45.1
SadB_ref|WP_100812327.1|:1-423	423	k121_747445_1	N/A	30.120	20	83	3.32e-04	43.5
SadB_ref|WP_100812327.1|:1-423	423	k121_186955_2	N/A	32.941	20	85	4.25e-04	45.8
SadB_ref|WP_100812327.1|:1-423	423	k121_267685_1	N/A	26.460	62	291	4.57e-04	45.8
SadB_ref|WP_100812327.1|:1-423	423	k121_80487_3	N/A	23.873	80	377	4.63e-04	45.8
SadB_ref|WP_100812327.1|:1-423	423	k121_243611_1	N/A	27.509	61	269	5.69e-04	45.4
SadB_ref|WP_100812327.1|:1-423	423	k121_1430197_1	N/A	31.250	27	128	5.82e-04	43.5
SadB_ref|WP_100812327.1|:1-423	423	k121_136583_4	N/A	26.374	81	364	6.82e-04	45.4
SadB_ref|WP_100812327.1|:1-423	423	k121_296795_21	N/A	22.727	84	374	7.08e-04	45.4
SadB_ref|WP_100812327.1|:1-423	423	k121_1209255_1	N/A	31.707	26	123	0.001	44.3
SadB_ref|WP_100812327.1|:1-423	423	k121_1436645_1	N/A	28.090	39	178	0.001	43.9
SadB_ref|WP_100812327.1|:1-423	423	k121_1167937_1	N/A	24.597	56	248	0.001	43.9
SadB_ref|WP_100812327.1|:1-423	423	k121_1338087_1	N/A	29.412	30	136	0.001	43.9
SadB_ref|WP_100812327.1|:1-423	423	k121_411845_8	N/A	30.328	26	122	0.002	43.9
SadB_ref|WP_100812327.1|:1-423	423	k121_584064_6	N/A	24.324	57	259	0.002	43.9
SadB_ref|WP_100812327.1|:1-423	423	k121_1289729_2	N/A	22.951	56	244	0.002	43.5
SadB_ref|WP_100812327.1|:1-423	423	k121_730423_1	N/A	28.467	32	137	0.005	41.6
SadB_ref|WP_100812327.1|:1-423	423	k121_237840_2	N/A	28.571	29	133	0.005	41.2
SadB_ref|WP_100812327.1|:1-423	423	k121_1207131_2	N/A	25.253	44	198	0.005	42.4
SadB_ref|WP_100812327.1|:1-423	423	k121_638807_12	N/A	21.918	83	365	0.006	42.4
SadB_ref|WP_100812327.1|:1-423	423	k121_135957_1	N/A	27.007	30	137	0.007	40.8
SadB_ref|WP_100812327.1|:1-423	423	k121_874002_2	N/A	24.535	61	269	0.008	42.0
SadB_ref|WP_100812327.1|:1-423	423	k121_1423197_1	N/A	27.950	34	161	0.010	40.8
SadB_ref|WP_100812327.1|:1-423	423	k121_1291247_1	N/A	28.090	36	178	0.010	40.4
SadB_ref|WP_100812327.1|:1-423	423	k121_786902_1	N/A	27.692	28	130	0.010	40.4
SadB_ref|WP_100812327.1|:1-423	423	k121_1406865_1	N/A	28.571	29	133	0.015	40.0
SadB_ref|WP_100812327.1|:1-423	423	k121_654647_4	N/A	22.493	82	369	0.017	40.8
SadB_ref|WP_100812327.1|:1-423	423	k121_1393666_2	N/A	28.571	20	84	0.019	38.5
SadB_ref|WP_100812327.1|:1-423	423	k121_407186_2	N/A	23.423	26	111	0.021	38.1
SadB_ref|WP_100812327.1|:1-423	423	k121_31098_6	N/A	22.067	82	358	0.027	40.4
SadB_ref|WP_100812327.1|:1-423	423	k121_1464965_1	N/A	26.389	31	144	0.029	39.3
SadB_ref|WP_100812327.1|:1-423	423	k121_247315_3	N/A	24.757	45	206	0.030	40.0
SadB_ref|WP_100812327.1|:1-423	423	k121_1291681_1	N/A	26.389	31	144	0.033	40.0
SadB_ref|WP_100812327.1|:1-423	423	k121_205653_3	N/A	23.267	44	202	0.057	38.9
SadB_ref|WP_100812327.1|:1-423	423	k121_130953_2	N/A	30.435	28	138	0.058	39.3
SadB_ref|WP_100812327.1|:1-423	423	k121_629661_3	N/A	24.818	59	274	0.068	38.9
SadB_ref|WP_100812327.1|:1-423	423	k121_1341067_122	N/A	24.041	84	391	0.089	38.5
SadB_ref|WP_100812327.1|:1-423	423	k121_70505_6	N/A	23.333	46	210	0.092	38.5
SadB_ref|WP_100812327.1|:1-423	423	k121_324558_31	N/A	24.242	44	198	0.098	38.5
SadC_ref|WP_036299413.1|:1-194	194	k121_788832_4	N/A	45.385	67	130	7.88e-33	119
SadC_ref|WP_036299413.1|:1-194	194	k121_594648_2	N/A	34.568	84	162	3.28e-18	80.9
SadC_ref|WP_036299413.1|:1-194	194	k121_742064_3	N/A	34.591	82	159	1.88e-17	79.3
SadC_ref|WP_036299413.1|:1-194	194	k121_1090988_4	N/A	33.750	82	160	1.39e-15	74.3
SadC_ref|WP_036299413.1|:1-194	194	k121_1113957_2	N/A	31.206	72	141	2.44e-14	70.9
SadC_ref|WP_036299413.1|:1-194	194	k121_971913_2	N/A	43.182	45	88	1.39e-11	61.6
SadC_ref|WP_036299413.1|:1-194	194	k121_320276_11	N/A	31.884	71	138	2.95e-11	62.4
SadC_ref|WP_036299413.1|:1-194	194	k121_205426_1	N/A	27.143	72	140	3.63e-11	62.0
SadC_ref|WP_036299413.1|:1-194	194	k121_423985_1	N/A	29.197	71	137	5.82e-11	61.6
SadC_ref|WP_036299413.1|:1-194	194	k121_747799_6	N/A	26.797	77	153	8.01e-11	61.2
SadC_ref|WP_036299413.1|:1-194	194	k121_1400856_1	N/A	27.857	70	140	2.29e-10	59.7
SadC_ref|WP_036299413.1|:1-194	194	k121_800944_2	N/A	35.789	48	95	4.14e-10	59.7
SadC_ref|WP_036299413.1|:1-194	194	k121_358669_266	N/A	26.984	65	126	8.81e-10	58.9
SadC_ref|WP_036299413.1|:1-194	194	k121_1304084_2	N/A	32.836	69	134	9.77e-10	58.5
SadC_ref|WP_036299413.1|:1-194	194	k121_702891_2	N/A	26.144	77	153	9.89e-10	58.2
SadC_ref|WP_036299413.1|:1-194	194	k121_1129685_1	N/A	28.148	69	135	1.07e-09	58.9
SadC_ref|WP_036299413.1|:1-194	194	k121_1388938_2	N/A	28.834	84	163	1.16e-09	58.2
SadC_ref|WP_036299413.1|:1-194	194	k121_135111_2	N/A	24.096	86	166	2.18e-09	57.4
SadC_ref|WP_036299413.1|:1-194	194	k121_838493_3	N/A	37.500	49	96	2.25e-09	57.4
SadC_ref|WP_036299413.1|:1-194	194	k121_394896_1	N/A	32.632	47	95	3.85e-09	55.1
SadC_ref|WP_036299413.1|:1-194	194	k121_759866_5	N/A	37.037	41	81	4.50e-09	56.6
SadC_ref|WP_036299413.1|:1-194	194	k121_476674_3	N/A	35.106	48	94	1.21e-08	55.5
SadC_ref|WP_036299413.1|:1-194	194	k121_36077_22	N/A	38.144	49	97	1.98e-08	56.2
SadC_ref|WP_036299413.1|:1-194	194	k121_127884_3	N/A	37.662	39	77	2.54e-08	53.9
SadC_ref|WP_036299413.1|:1-194	194	k121_332600_3	N/A	27.097	76	155	2.76e-08	56.2
SadC_ref|WP_036299413.1|:1-194	194	k121_367603_2	N/A	37.500	45	88	3.28e-08	53.1
SadC_ref|WP_036299413.1|:1-194	194	k121_107096_3	N/A	34.783	47	92	3.63e-08	54.3
SadC_ref|WP_036299413.1|:1-194	194	k121_173308_2	N/A	32.576	67	132	4.93e-08	53.9
SadC_ref|WP_036299413.1|:1-194	194	k121_263251_1	N/A	26.220	84	164	5.39e-08	53.5
SadC_ref|WP_036299413.1|:1-194	194	k121_1258405_2	N/A	33.945	56	109	7.14e-08	53.1
SadC_ref|WP_036299413.1|:1-194	194	k121_662050_1	N/A	26.357	66	129	9.60e-08	52.8
SadC_ref|WP_036299413.1|:1-194	194	k121_472259_32	N/A	24.390	84	164	1.16e-07	53.9
SadC_ref|WP_036299413.1|:1-194	194	k121_165552_3	N/A	28.889	69	135	1.31e-07	53.9
SadC_ref|WP_036299413.1|:1-194	194	k121_563930_7	N/A	27.407	65	135	1.34e-07	52.4
SadC_ref|WP_036299413.1|:1-194	194	k121_817202_4	N/A	25.517	71	145	2.26e-07	52.0
SadC_ref|WP_036299413.1|:1-194	194	k121_773821_1	N/A	35.227	44	88	2.68e-07	52.4
SadC_ref|WP_036299413.1|:1-194	194	k121_634210_2	N/A	34.783	47	92	3.13e-07	51.6
SadC_ref|WP_036299413.1|:1-194	194	k121_1439717_1	N/A	25.676	76	148	3.95e-07	51.2
SadC_ref|WP_036299413.1|:1-194	194	k121_658448_29	N/A	25.786	80	159	8.41e-07	51.6
SadC_ref|WP_036299413.1|:1-194	194	k121_649118_2	N/A	24.074	82	162	1.14e-06	51.2
SadC_ref|WP_036299413.1|:1-194	194	k121_1164484_2	N/A	20.690	73	145	1.54e-06	49.7
SadC_ref|WP_036299413.1|:1-194	194	k121_496109_1	N/A	33.333	44	87	1.65e-06	49.3
SadC_ref|WP_036299413.1|:1-194	194	k121_259483_1	N/A	25.180	70	139	1.95e-06	50.4
SadC_ref|WP_036299413.1|:1-194	194	k121_1456342_1	N/A	36.364	45	88	2.39e-06	49.3
SadC_ref|WP_036299413.1|:1-194	194	k121_1435785_124	N/A	32.955	45	88	2.87e-06	50.1
SadC_ref|WP_036299413.1|:1-194	194	k121_1414974_2	N/A	27.344	66	128	3.17e-06	48.9
SadC_ref|WP_036299413.1|:1-194	194	k121_1291790_7	N/A	35.714	43	84	3.42e-06	48.5
SadC_ref|WP_036299413.1|:1-194	194	k121_378430_1	N/A	34.940	42	83	3.53e-06	49.3
SadC_ref|WP_036299413.1|:1-194	194	k121_255304_2	N/A	32.967	46	91	3.55e-06	49.7
SadC_ref|WP_036299413.1|:1-194	194	k121_369616_3	N/A	32.979	48	94	4.05e-06	48.5
SadC_ref|WP_036299413.1|:1-194	194	k121_457309_3	N/A	25.175	69	143	4.56e-06	48.5
SadC_ref|WP_036299413.1|:1-194	194	k121_671008_2	N/A	32.184	44	87	5.38e-06	48.1
SadC_ref|WP_036299413.1|:1-194	194	k121_793931_2	N/A	23.944	73	142	6.14e-06	48.1
SadC_ref|WP_036299413.1|:1-194	194	k121_159634_2	N/A	32.967	46	91	6.27e-06	47.8
SadC_ref|WP_036299413.1|:1-194	194	k121_679002_2	N/A	33.333	47	93	6.38e-06	47.8
SadC_ref|WP_036299413.1|:1-194	194	k121_1276053_2	N/A	25.185	69	135	6.81e-06	48.1
SadC_ref|WP_036299413.1|:1-194	194	k121_1077520_1	N/A	31.193	56	109	7.72e-06	47.8
SadC_ref|WP_036299413.1|:1-194	194	k121_1266999_2	N/A	50.000	28	56	1.30e-05	47.8
SadC_ref|WP_036299413.1|:1-194	194	k121_182736_1	N/A	29.915	59	117	1.34e-05	46.6
SadC_ref|WP_036299413.1|:1-194	194	k121_1369764_2	N/A	31.818	45	88	1.68e-05	47.8
SadC_ref|WP_036299413.1|:1-194	194	k121_558582_2	N/A	25.191	67	131	1.69e-05	46.6
SadC_ref|WP_036299413.1|:1-194	194	k121_1291305_3	N/A	33.696	47	92	1.80e-05	46.6
SadC_ref|WP_036299413.1|:1-194	194	k121_1287540_1	N/A	32.955	45	88	2.72e-05	47.0
SadC_ref|WP_036299413.1|:1-194	194	k121_632153_2	N/A	33.766	39	77	3.33e-05	45.4
SadC_ref|WP_036299413.1|:1-194	194	k121_318661_1	N/A	24.060	68	133	3.92e-05	45.4
SadC_ref|WP_036299413.1|:1-194	194	k121_563385_2	N/A	32.609	47	92	4.90e-05	45.4
SadC_ref|WP_036299413.1|:1-194	194	k121_805562_1	N/A	23.448	75	145	5.36e-05	45.4
SadC_ref|WP_036299413.1|:1-194	194	k121_249094_5	N/A	31.522	47	92	6.32e-05	45.1
SadC_ref|WP_036299413.1|:1-194	194	k121_1250981_1	N/A	33.721	44	86	6.98e-05	43.9
SadC_ref|WP_036299413.1|:1-194	194	k121_39460_2	N/A	40.000	26	50	8.35e-05	43.9
SadC_ref|WP_036299413.1|:1-194	194	k121_503536_2	N/A	33.696	47	92	8.41e-05	44.7
SadC_ref|WP_036299413.1|:1-194	194	k121_1432068_7	N/A	24.806	66	129	1.26e-04	44.3
SadC_ref|WP_036299413.1|:1-194	194	k121_939918_1	N/A	31.522	47	92	1.48e-04	43.9
SadC_ref|WP_036299413.1|:1-194	194	k121_427247_1	N/A	22.222	69	135	2.47e-04	43.5
SadC_ref|WP_036299413.1|:1-194	194	k121_280718_14	N/A	27.132	66	129	2.96e-04	43.1
SadC_ref|WP_036299413.1|:1-194	194	k121_1341067_79	N/A	28.889	46	90	3.15e-04	43.1
SadC_ref|WP_036299413.1|:1-194	194	k121_1433006_1	N/A	32.895	39	76	3.27e-04	41.2
SadC_ref|WP_036299413.1|:1-194	194	k121_1300233_4	N/A	24.510	53	102	5.35e-04	42.7
SadC_ref|WP_036299413.1|:1-194	194	k121_199335_2	N/A	25.185	69	135	6.72e-04	42.4
SadC_ref|WP_036299413.1|:1-194	194	k121_669960_2	N/A	24.699	86	166	7.92e-04	42.4
SadC_ref|WP_036299413.1|:1-194	194	k121_1439458_2	N/A	32.812	33	64	8.36e-04	41.6
SadC_ref|WP_036299413.1|:1-194	194	k121_802621_15	N/A	22.656	65	128	8.41e-04	42.0
SadC_ref|WP_036299413.1|:1-194	194	k121_386776_1	N/A	32.051	39	78	0.001	41.6
SadC_ref|WP_036299413.1|:1-194	194	k121_962361_1	N/A	25.581	43	86	0.001	40.8
SadC_ref|WP_036299413.1|:1-194	194	k121_1350699_2	N/A	20.588	66	136	0.001	41.6
SadC_ref|WP_036299413.1|:1-194	194	k121_738445_2	N/A	36.842	29	57	0.002	38.9
SadC_ref|WP_036299413.1|:1-194	194	k121_241279_2	N/A	33.333	41	81	0.002	39.3
SadC_ref|WP_036299413.1|:1-194	194	k121_1297736_1	N/A	24.490	75	147	0.003	40.4
SadC_ref|WP_036299413.1|:1-194	194	k121_795693_1	N/A	42.857	25	49	0.003	41.2
SadC_ref|WP_036299413.1|:1-194	194	k121_1341067_447	N/A	27.692	65	130	0.003	40.0
SadC_ref|WP_036299413.1|:1-194	194	k121_875829_2	N/A	27.885	53	104	0.004	39.7
SadC_ref|WP_036299413.1|:1-194	194	k121_864609_1	N/A	43.182	23	44	0.004	37.7
SadC_ref|WP_036299413.1|:1-194	194	k121_1291522_2	N/A	31.579	39	76	0.006	39.3
SadC_ref|WP_036299413.1|:1-194	194	k121_429258_1	N/A	40.909	23	44	0.007	38.9
SadC_ref|WP_036299413.1|:1-194	194	k121_241012_2	N/A	33.333	44	87	0.007	39.3
SadC_ref|WP_036299413.1|:1-194	194	k121_508309_3	N/A	34.483	44	87	0.008	39.3
SadC_ref|WP_036299413.1|:1-194	194	k121_1458516_2	N/A	30.769	34	65	0.009	38.9
SadC_ref|WP_036299413.1|:1-194	194	k121_399918_2	N/A	23.810	62	126	0.012	38.1
SadC_ref|WP_036299413.1|:1-194	194	k121_573876_3	N/A	33.333	34	66	0.012	37.0
SadC_ref|WP_036299413.1|:1-194	194	k121_1333283_1	N/A	33.333	39	75	0.013	36.6
SadC_ref|WP_036299413.1|:1-194	194	k121_39287_187	N/A	24.699	85	166	0.018	38.1
SadC_ref|WP_036299413.1|:1-194	194	k121_472259_11	N/A	28.169	37	71	0.028	37.4
SadC_ref|WP_036299413.1|:1-194	194	k121_1432290_2	N/A	28.571	47	91	0.032	37.4
SadC_ref|WP_036299413.1|:1-194	194	k121_921562_3	N/A	23.913	71	138	0.033	37.4
SadC_ref|WP_036299413.1|:1-194	194	k121_338087_1	N/A	20.149	65	134	0.040	36.6
SadC_ref|WP_036299413.1|:1-194	194	k121_441873_2	N/A	25.688	55	109	0.050	36.6
SadC_ref|WP_036299413.1|:1-194	194	k121_334940_1	N/A	29.577	36	71	0.055	35.4
SadC_ref|WP_036299413.1|:1-194	194	k121_984881_1	N/A	25.000	60	116	0.057	35.8
SadC_ref|WP_036299413.1|:1-194	194	k121_775276_1	N/A	22.794	70	136	0.061	36.2
SadC_ref|WP_036299413.1|:1-194	194	k121_968947_1	N/A	37.931	29	58	0.075	34.7
WP_000259031.1	279	k121_1078855_2	N/A	100.000	100	279	0.0	553
WP_000259031.1	279	k121_832246_1	N/A	38.211	88	246	1.29e-41	147
WP_000259031.1	279	k121_223074_9	N/A	37.551	88	245	2.45e-41	147
WP_000259031.1	279	k121_1449326_2	N/A	34.426	87	244	3.72e-41	145
WP_000259031.1	279	k121_1094276_3	N/A	34.944	93	269	8.72e-39	140
WP_000259031.1	279	k121_941597_3	N/A	34.091	92	264	1.08e-38	139
WP_000259031.1	279	k121_939661_45	N/A	35.433	88	254	7.52e-38	137
WP_000259031.1	279	k121_783459_1	N/A	36.364	80	231	1.97e-35	130
WP_000259031.1	279	k121_483792_24	N/A	31.227	95	269	4.68e-35	130
WP_000259031.1	279	k121_253042_3	N/A	34.274	88	248	3.16e-33	126
WP_000259031.1	279	k121_389293_4	N/A	31.034	93	261	6.02e-33	125
WP_000259031.1	279	k121_1246593_1	N/A	33.468	88	248	2.62e-31	120
WP_000259031.1	279	k121_407154_109	N/A	32.819	91	259	3.19e-31	120
WP_000259031.1	279	k121_892910_3	N/A	31.274	92	259	3.35e-31	120
WP_000259031.1	279	k121_144452_2	N/A	32.932	87	249	4.35e-31	119
WP_000259031.1	279	k121_992305_2	N/A	32.296	91	257	3.68e-30	117
WP_000259031.1	279	k121_469466_8	N/A	32.103	91	271	8.24e-30	116
WP_000259031.1	279	k121_498993_7	N/A	33.208	93	265	1.04e-29	116
WP_000259031.1	279	k121_26598_10	N/A	28.996	95	269	2.08e-29	115
WP_000259031.1	279	k121_167221_2	N/A	33.200	88	250	3.51e-29	115
WP_000259031.1	279	k121_951068_1	N/A	29.615	91	260	5.09e-29	114
WP_000259031.1	279	k121_1463684_2	N/A	34.222	80	225	5.11e-29	114
WP_000259031.1	279	k121_95686_7	N/A	32.520	88	246	6.43e-29	114
WP_000259031.1	279	k121_226190_1	N/A	31.336	77	217	1.07e-28	112
WP_000259031.1	279	k121_223480_2	N/A	35.945	77	217	1.32e-28	113
WP_000259031.1	279	k121_1431784_9	N/A	31.481	77	216	1.65e-28	112
WP_000259031.1	279	k121_409492_3	N/A	30.712	92	267	1.71e-28	115
WP_000259031.1	279	k121_585667_3	N/A	28.627	88	255	2.39e-28	115
WP_000259031.1	279	k121_1457583_3	N/A	33.333	80	225	4.39e-28	112
WP_000259031.1	279	k121_26471_3	N/A	35.981	76	214	8.96e-28	111
WP_000259031.1	279	k121_843963_2	N/A	33.333	88	264	1.46e-27	111
WP_000259031.1	279	k121_661902_2	N/A	34.259	76	216	2.02e-27	108
WP_000259031.1	279	k121_301700_2	N/A	29.520	96	271	2.88e-27	109
WP_000259031.1	279	k121_847614_64	N/A	34.100	89	261	2.97e-27	110
WP_000259031.1	279	k121_1277093_3	N/A	36.697	78	218	3.59e-27	109
WP_000259031.1	279	k121_163379_2	N/A	35.659	89	258	6.90e-27	108
WP_000259031.1	279	k121_165814_2	N/A	34.545	77	220	1.73e-26	108
WP_000259031.1	279	k121_605947_2	N/A	34.677	88	248	2.97e-26	107
WP_000259031.1	279	k121_1297508_13	N/A	28.185	92	259	8.11e-26	105
WP_000259031.1	279	k121_1393643_2	N/A	30.534	91	262	1.37e-25	107
WP_000259031.1	279	k121_200181_2	N/A	34.553	88	246	3.33e-25	104
WP_000259031.1	279	k121_52886_54	N/A	34.091	77	220	3.71e-25	104
WP_000259031.1	279	k121_66835_6	N/A	30.657	91	274	6.55e-25	103
WP_000259031.1	279	k121_3972_21	N/A	36.404	81	228	6.91e-25	103
WP_000259031.1	279	k121_1212979_1	N/A	27.626	91	257	2.80e-24	101
WP_000259031.1	279	k121_899260_2	N/A	29.259	95	270	2.91e-24	101
WP_000259031.1	279	k121_229823_2	N/A	32.028	96	281	2.96e-24	102
WP_000259031.1	279	k121_574520_4	N/A	32.862	98	283	3.49e-24	102
WP_000259031.1	279	k121_577470_3	N/A	29.344	91	259	1.48e-23	101
WP_000259031.1	279	k121_732126_7	N/A	32.129	88	249	1.51e-23	100
WP_000259031.1	279	k121_1197837_7	N/A	33.929	78	224	1.95e-23	100
WP_000259031.1	279	k121_673374_1	N/A	33.597	88	253	5.66e-23	98.6
WP_000259031.1	279	k121_866957_1	N/A	31.364	76	220	1.21e-22	96.7
WP_000259031.1	279	k121_1258210_2	N/A	30.472	82	233	1.30e-22	96.7
WP_000259031.1	279	k121_1177419_1	N/A	34.637	63	179	1.40e-22	97.8
WP_000259031.1	279	k121_647057_2	N/A	29.044	91	272	1.47e-22	97.4
WP_000259031.1	279	k121_1130547_2	N/A	28.736	91	261	1.55e-22	98.6
WP_000259031.1	279	k121_888853_1	N/A	28.077	91	260	1.92e-22	96.3
WP_000259031.1	279	k121_366223_39	N/A	31.599	94	269	2.66e-22	96.7
WP_000259031.1	279	k121_1444089_1	N/A	29.224	77	219	3.19e-22	95.1
WP_000259031.1	279	k121_766825_5	N/A	29.278	91	263	3.87e-22	95.9
WP_000259031.1	279	k121_77128_1	N/A	28.625	95	269	4.23e-22	95.9
WP_000259031.1	279	k121_824707_1	N/A	35.814	77	215	6.16e-22	94.7
WP_000259031.1	279	k121_1139163_1	N/A	30.531	77	226	6.54e-22	95.5
WP_000259031.1	279	k121_1401712_1	N/A	31.461	63	178	9.03e-22	93.2
WP_000259031.1	279	k121_323290_2	N/A	28.625	94	269	1.55e-21	94.4
WP_000259031.1	279	k121_441157_1	N/A	29.389	88	262	1.63e-21	94.7
WP_000259031.1	279	k121_484221_2	N/A	33.937	78	221	1.76e-21	95.1
WP_000259031.1	279	k121_1133624_1	N/A	31.461	63	178	3.34e-21	92.0
WP_000259031.1	279	k121_24899_663	N/A	29.259	95	270	7.47e-21	92.8
WP_000259031.1	279	k121_1239633_2	N/A	26.866	94	268	1.03e-20	92.0
WP_000259031.1	279	k121_708249_1	N/A	30.890	67	191	1.20e-20	90.1
WP_000259031.1	279	k121_631835_1	N/A	32.955	63	176	1.72e-20	90.1
WP_000259031.1	279	k121_216765_1	N/A	35.366	85	246	2.10e-20	90.9
WP_000259031.1	279	k121_1195839_1	N/A	31.308	76	214	3.24e-20	89.7
WP_000259031.1	279	k121_83399_2	N/A	30.244	72	205	8.39e-20	88.6
WP_000259031.1	279	k121_771635_2	N/A	31.061	91	264	1.16e-19	89.4
WP_000259031.1	279	k121_830211_2	N/A	34.247	76	219	1.97e-19	88.6
WP_000259031.1	279	k121_1411583_1	N/A	30.000	63	180	3.26e-19	86.7
WP_000259031.1	279	k121_183870_2	N/A	32.127	76	221	4.47e-19	87.8
WP_000259031.1	279	k121_1341709_16	N/A	27.490	88	251	5.79e-19	87.4
WP_000259031.1	279	k121_944370_1	N/A	31.818	70	198	5.95e-19	85.5
WP_000259031.1	279	k121_283178_1	N/A	29.379	62	177	1.33e-18	84.7
WP_000259031.1	279	k121_322735_1	N/A	39.024	44	123	1.50e-18	84.0
WP_000259031.1	279	k121_980966_1	N/A	33.486	76	218	1.91e-18	86.7
WP_000259031.1	279	k121_1339762_1	N/A	32.022	63	178	2.37e-18	84.0
WP_000259031.1	279	k121_820503_9	N/A	25.347	96	288	4.76e-18	85.5
WP_000259031.1	279	k121_699639_16	N/A	32.000	88	250	8.45e-18	85.5
WP_000259031.1	279	k121_59166_1	N/A	29.213	62	178	9.24e-18	82.8
WP_000259031.1	279	k121_960553_2	N/A	30.952	75	210	1.34e-17	82.8
WP_000259031.1	279	k121_153953_1	N/A	31.193	76	218	1.38e-17	82.4
WP_000259031.1	279	k121_922956_10	N/A	25.764	75	229	1.73e-17	85.1
WP_000259031.1	279	k121_457836_2	N/A	29.379	61	177	2.16e-17	81.6
WP_000259031.1	279	k121_1105526_1	N/A	29.697	58	165	2.28e-17	80.9
WP_000259031.1	279	k121_875308_1	N/A	28.302	75	212	2.30e-17	81.6
WP_000259031.1	279	k121_1424564_2	N/A	37.736	38	106	3.50e-17	79.3
WP_000259031.1	279	k121_198338_1	N/A	29.148	77	223	8.31e-17	81.3
WP_000259031.1	279	k121_167965_99	N/A	27.193	80	228	1.18e-16	81.3
WP_000259031.1	279	k121_221451_1	N/A	31.111	77	225	1.31e-16	80.1
WP_000259031.1	279	k121_973038_1	N/A	29.688	84	256	3.59e-16	79.3
WP_000259031.1	279	k121_1266887_1	N/A	30.857	62	175	6.11e-16	77.4
WP_000259031.1	279	k121_1345671_1	N/A	29.775	61	178	7.27e-16	77.0
WP_000259031.1	279	k121_308014_1	N/A	28.402	59	169	8.05e-16	77.0
WP_000259031.1	279	k121_1251720_26	N/A	34.483	61	174	1.72e-15	76.3
WP_000259031.1	279	k121_234351_2	N/A	29.834	64	181	1.76e-15	75.9
WP_000259031.1	279	k121_342791_5	N/A	29.391	97	279	1.80e-15	77.8
WP_000259031.1	279	k121_859030_34	N/A	33.200	88	250	1.85e-15	79.0
WP_000259031.1	279	k121_1195410_1	N/A	29.114	56	158	1.90e-15	75.5
WP_000259031.1	279	k121_268586_1	N/A	26.882	66	186	2.54e-15	75.5
WP_000259031.1	279	k121_46756_1	N/A	30.709	45	127	2.77e-15	73.9
WP_000259031.1	279	k121_1097124_1	N/A	27.049	85	244	7.18e-15	75.5
WP_000259031.1	279	k121_128812_1	N/A	35.398	39	113	8.50e-15	73.9
WP_000259031.1	279	k121_1003928_2	N/A	35.043	41	117	2.85e-14	71.2
WP_000259031.1	279	k121_815881_2	N/A	32.283	44	127	3.00e-14	71.6
WP_000259031.1	279	k121_1067116_1	N/A	31.073	63	177	1.22e-13	70.9
WP_000259031.1	279	k121_1180050_1	N/A	35.354	35	99	1.37e-13	68.6
WP_000259031.1	279	k121_886898_1	N/A	26.257	61	179	1.81e-13	70.5
WP_000259031.1	279	k121_704419_2	N/A	28.889	64	180	1.95e-13	70.9
WP_000259031.1	279	k121_271226_5	N/A	29.778	76	225	2.43e-13	72.0
WP_000259031.1	279	k121_1348587_1	N/A	35.345	41	116	2.48e-13	68.9
WP_000259031.1	279	k121_55798_1	N/A	32.540	44	126	3.49e-13	68.9
WP_000259031.1	279	k121_714735_1	N/A	35.772	44	123	3.81e-13	68.2
WP_000259031.1	279	k121_412496_2	N/A	28.571	80	231	7.87e-13	70.1
WP_000259031.1	279	k121_223753_1	N/A	37.190	43	121	7.87e-13	68.2
WP_000259031.1	279	k121_1403345_2	N/A	31.481	57	162	7.94e-13	68.6
WP_000259031.1	279	k121_1330607_1	N/A	28.495	65	186	9.99e-13	68.9
WP_000259031.1	279	k121_324795_2	N/A	29.839	44	124	1.63e-12	67.8
WP_000259031.1	279	k121_751579_1	N/A	31.361	60	169	1.80e-12	67.8
WP_000259031.1	279	k121_1263957_1	N/A	33.333	35	99	2.11e-12	65.9
WP_000259031.1	279	k121_1301661_1	N/A	33.523	59	176	2.50e-12	67.4
WP_000259031.1	279	k121_661375_1	N/A	28.409	62	176	3.50e-12	67.0
WP_000259031.1	279	k121_411155_2	N/A	39.806	37	103	4.18e-12	66.2
WP_000259031.1	279	k121_515519_3	N/A	40.244	29	82	6.49e-12	64.3
WP_000259031.1	279	k121_921651_1	N/A	37.037	36	108	7.56e-12	64.3
WP_000259031.1	279	k121_610851_1	N/A	30.000	63	180	8.27e-12	65.9
WP_000259031.1	279	k121_741432_1	N/A	31.410	55	156	1.15e-11	65.5
WP_000259031.1	279	k121_428098_2	N/A	27.749	68	191	1.36e-11	65.5
WP_000259031.1	279	k121_834119_1	N/A	38.889	32	90	1.44e-11	63.5
WP_000259031.1	279	k121_631832_1	N/A	29.677	55	155	4.22e-11	63.5
WP_000259031.1	279	k121_900454_1	N/A	32.353	36	102	4.70e-11	62.4
WP_000259031.1	279	k121_50346_2	N/A	29.012	57	162	5.47e-11	63.2
WP_000259031.1	279	k121_1213868_2	N/A	33.333	37	102	6.71e-11	61.2
WP_000259031.1	279	k121_714094_1	N/A	30.645	44	124	6.83e-11	62.8
WP_000259031.1	279	k121_426669_1	N/A	32.824	47	131	8.87e-11	63.2
WP_000259031.1	279	k121_1264841_1	N/A	34.314	36	102	1.06e-10	60.8
WP_000259031.1	279	k121_703309_2	N/A	28.249	63	177	1.86e-10	62.8
WP_000259031.1	279	k121_342128_1	N/A	28.502	70	207	2.15e-10	63.2
WP_000259031.1	279	k121_879207_6	N/A	35.577	37	104	3.69e-10	60.1
WP_000259031.1	279	k121_1061477_1	N/A	32.075	38	106	4.09e-10	59.7
WP_000259031.1	279	k121_696569_1	N/A	29.323	44	133	5.51e-10	60.5
WP_000259031.1	279	k121_397446_1	N/A	28.736	60	174	8.56e-10	60.1
WP_000259031.1	279	k121_1339113_1	N/A	26.667	59	165	1.04e-09	59.7
WP_000259031.1	279	k121_1362005_1	N/A	25.743	69	202	1.22e-09	60.1
WP_000259031.1	279	k121_10476_3	N/A	31.068	37	103	1.78e-09	57.8
WP_000259031.1	279	k121_788340_1	N/A	29.612	69	206	2.21e-09	59.3
WP_000259031.1	279	k121_839385_1	N/A	31.638	60	177	3.15e-09	58.5
WP_000259031.1	279	k121_1215830_2	N/A	28.986	49	138	3.63e-09	57.8
WP_000259031.1	279	k121_440795_2	N/A	42.453	38	106	5.04e-09	57.8
WP_000259031.1	279	k121_247377_1	N/A	32.283	45	127	5.16e-09	57.4
WP_000259031.1	279	k121_44026_1	N/A	27.742	55	155	1.70e-08	56.2
WP_000259031.1	279	k121_659307_2	N/A	28.448	42	116	3.51e-08	54.3
WP_000259031.1	279	k121_197079_1	N/A	29.365	44	126	4.12e-08	55.8
WP_000259031.1	279	k121_391761_2	N/A	41.250	29	80	4.23e-08	54.3
WP_000259031.1	279	k121_942431_1	N/A	35.714	48	140	5.07e-08	55.5
WP_000259031.1	279	k121_399317_1	N/A	29.752	43	121	7.15e-08	53.9
WP_000259031.1	279	k121_1383322_2	N/A	37.391	39	115	1.04e-07	53.5
WP_000259031.1	279	k121_1303808_2	N/A	33.333	32	90	1.18e-07	52.0
WP_000259031.1	279	k121_978978_1	N/A	33.333	26	72	1.73e-07	51.6
WP_000259031.1	279	k121_1449351_1	N/A	29.245	37	106	2.64e-07	52.0
WP_000259031.1	279	k121_799204_1	N/A	35.644	36	101	2.69e-07	53.5
WP_000259031.1	279	k121_981940_1	N/A	29.915	41	117	3.01e-07	52.0
WP_000259031.1	279	k121_1303817_2	N/A	30.000	32	90	3.66e-07	50.8
WP_000259031.1	279	k121_452671_1	N/A	36.207	41	116	4.20e-07	52.4
WP_000259031.1	279	k121_795057_2	N/A	41.176	30	85	5.66e-07	50.4
WP_000259031.1	279	k121_1383950_2	N/A	40.323	22	62	8.11e-07	48.9
WP_000259031.1	279	k121_665338_1	N/A	30.435	47	138	8.40e-07	50.8
WP_000259031.1	279	k121_1243025_2	N/A	27.200	45	125	9.04e-07	50.8
WP_000259031.1	279	k121_344139_2	N/A	36.000	27	75	1.40e-06	48.5
WP_000259031.1	279	k121_1095573_1	N/A	35.714	38	112	1.76e-06	50.4
WP_000259031.1	279	k121_582444_1	N/A	30.714	48	140	1.92e-06	50.4
WP_000259031.1	279	k121_709864_1	N/A	38.393	36	112	4.35e-06	48.5
WP_000259031.1	279	k121_127659_1	N/A	26.724	42	116	6.68e-06	48.1
WP_000259031.1	279	k121_527691_1	N/A	42.623	22	61	7.76e-06	47.4
WP_000259031.1	279	k121_461416_2	N/A	33.333	24	66	1.11e-05	46.6
WP_000259031.1	279	k121_662457_3	N/A	34.259	38	108	1.13e-05	47.4
WP_000259031.1	279	k121_892522_4	N/A	35.644	34	101	2.52e-05	45.8
WP_000259031.1	279	k121_680612_1	N/A	29.091	39	110	3.28e-05	45.8
WP_000259031.1	279	k121_913649_1	N/A	28.037	38	107	3.80e-05	45.4
WP_000259031.1	279	k121_624174_2	N/A	34.177	28	79	4.77e-05	44.7
WP_000259031.1	279	k121_166434_20	N/A	22.979	77	235	1.04e-04	46.6
WP_000259031.1	279	k121_1406060_1	N/A	26.036	59	169	1.09e-04	45.4
WP_000259031.1	279	k121_1062249_1	N/A	41.333	27	75	1.97e-04	43.9
WP_000259031.1	279	k121_1324098_1	N/A	42.373	21	59	4.56e-04	42.4
WP_000259031.1	279	k121_691855_1	N/A	31.538	46	130	5.22e-04	43.1
WP_000259031.1	279	k121_711643_1	N/A	38.333	22	60	0.001	39.7
WP_000259031.1	279	k121_313045_1	N/A	29.670	32	91	0.001	40.8
WP_000259031.1	279	k121_308410_1	N/A	36.207	21	58	0.003	38.9
WP_000259031.1	279	k121_615812_2	N/A	36.082	34	97	0.003	40.0
WP_000259031.1	279	k121_783816_2	N/A	31.646	28	79	0.005	39.7
WP_000259031.1	279	k121_1391749_3	N/A	35.714	25	70	0.014	37.4
WP_000259031.1	279	k121_668316_5	N/A	28.395	28	81	0.020	37.7
WP_000259031.1	279	k121_478760_1	N/A	40.000	23	65	0.023	37.7
WP_000259031.1	279	k121_544213_2	N/A	31.148	42	122	0.041	37.4
WP_000259031.1	279	k121_584185_6	N/A	32.727	39	110	0.055	37.0
WP_000259031.1	279	k121_748800_1	N/A	26.115	51	157	0.080	37.4
WP_000259031.1	279	k121_148097_3	N/A	30.303	24	66	0.090	35.4
WP_001043260.1	271	k121_1078855_2	N/A	53.516	94	256	1.81e-83	254
WP_001043260.1	271	k121_939661_45	N/A	37.079	96	267	5.27e-50	169
WP_001043260.1	271	k121_1449326_2	N/A	35.769	96	260	6.88e-50	167
WP_001043260.1	271	k121_1094276_3	N/A	36.330	96	267	4.59e-48	164
WP_001043260.1	271	k121_223074_9	N/A	36.015	96	261	1.93e-46	159
WP_001043260.1	271	k121_483792_24	N/A	33.846	96	260	2.58e-44	154
WP_001043260.1	271	k121_941597_3	N/A	36.965	92	257	4.04e-44	153
WP_001043260.1	271	k121_783459_1	N/A	38.158	82	228	1.18e-43	151
WP_001043260.1	271	k121_832246_1	N/A	37.551	90	245	3.75e-43	150
WP_001043260.1	271	k121_407154_109	N/A	35.606	97	264	7.10e-42	147
WP_001043260.1	271	k121_843963_2	N/A	34.892	97	278	5.25e-41	146
WP_001043260.1	271	k121_441157_1	N/A	33.818	96	275	9.88e-41	145
WP_001043260.1	271	k121_1277093_3	N/A	40.698	95	258	1.46e-40	144
WP_001043260.1	271	k121_253042_3	N/A	34.100	96	261	1.36e-39	142
WP_001043260.1	271	k121_167221_2	N/A	37.900	80	219	3.11e-38	138
WP_001043260.1	271	k121_732126_7	N/A	36.122	95	263	6.34e-38	137
WP_001043260.1	271	k121_1431784_9	N/A	32.046	94	259	8.01e-38	136
WP_001043260.1	271	k121_223480_2	N/A	36.015	94	261	9.87e-38	137
WP_001043260.1	271	k121_144452_2	N/A	34.601	96	263	3.14e-37	135
WP_001043260.1	271	k121_847614_64	N/A	34.066	96	273	3.15e-37	135
WP_001043260.1	271	k121_165814_2	N/A	35.849	96	265	4.61e-37	135
WP_001043260.1	271	k121_66835_6	N/A	34.767	95	279	1.73e-36	134
WP_001043260.1	271	k121_647057_2	N/A	33.577	95	274	5.78e-36	132
WP_001043260.1	271	k121_26471_3	N/A	37.906	97	277	8.68e-36	132
WP_001043260.1	271	k121_820503_9	N/A	31.915	96	282	8.86e-36	132
WP_001043260.1	271	k121_200181_2	N/A	37.736	95	265	1.16e-35	131
WP_001043260.1	271	k121_389293_4	N/A	30.385	96	260	1.45e-35	131
WP_001043260.1	271	k121_26598_10	N/A	30.153	95	262	7.78e-35	129
WP_001043260.1	271	k121_892910_3	N/A	31.298	96	262	9.39e-35	129
WP_001043260.1	271	k121_216765_1	N/A	38.168	93	262	2.28e-34	127
WP_001043260.1	271	k121_585667_3	N/A	31.227	96	269	2.52e-34	132
WP_001043260.1	271	k121_301700_2	N/A	30.534	96	262	2.95e-34	127
WP_001043260.1	271	k121_366223_39	N/A	32.707	96	266	4.43e-34	127
WP_001043260.1	271	k121_605947_2	N/A	36.154	95	260	1.60e-33	126
WP_001043260.1	271	k121_198338_1	N/A	35.294	79	221	2.24e-33	125
WP_001043260.1	271	k121_830211_2	N/A	36.765	97	272	2.45e-33	125
WP_001043260.1	271	k121_980966_1	N/A	38.559	83	236	3.69e-33	125
WP_001043260.1	271	k121_226190_1	N/A	33.790	78	219	1.56e-32	121
WP_001043260.1	271	k121_24899_663	N/A	33.333	95	273	2.29e-32	123
WP_001043260.1	271	k121_1297508_13	N/A	32.400	91	250	3.42e-32	122
WP_001043260.1	271	k121_1177419_1	N/A	35.263	70	190	4.73e-32	122
WP_001043260.1	271	k121_3972_21	N/A	38.697	95	261	5.40e-32	122
WP_001043260.1	271	k121_661902_2	N/A	34.112	77	214	5.98e-32	120
WP_001043260.1	271	k121_163379_2	N/A	35.379	99	277	8.22e-32	121
WP_001043260.1	271	k121_498993_7	N/A	36.255	90	251	8.62e-32	121
WP_001043260.1	271	k121_771635_2	N/A	35.019	91	257	2.32e-31	120
WP_001043260.1	271	k121_59166_1	N/A	32.292	70	192	8.03e-31	117
WP_001043260.1	271	k121_673374_1	N/A	36.900	97	271	1.38e-30	118
WP_001043260.1	271	k121_409492_3	N/A	33.585	95	265	1.72e-30	120
WP_001043260.1	271	k121_1258210_2	N/A	33.796	79	216	2.69e-30	116
WP_001043260.1	271	k121_992305_2	N/A	30.800	91	250	5.89e-30	116
WP_001043260.1	271	k121_951068_1	N/A	30.400	91	250	3.31e-29	114
WP_001043260.1	271	k121_52886_54	N/A	32.963	96	270	4.01e-29	114
WP_001043260.1	271	k121_1212979_1	N/A	27.547	96	265	4.04e-29	114
WP_001043260.1	271	k121_824707_1	N/A	37.607	83	234	4.17e-29	113
WP_001043260.1	271	k121_922956_10	N/A	28.938	93	273	4.26e-29	117
WP_001043260.1	271	k121_899260_2	N/A	31.179	96	263	4.79e-29	114
WP_001043260.1	271	k121_229823_2	N/A	33.935	96	277	6.55e-29	114
WP_001043260.1	271	k121_323290_2	N/A	29.389	95	262	1.78e-28	112
WP_001043260.1	271	k121_95686_7	N/A	30.268	96	261	1.81e-28	112
WP_001043260.1	271	k121_973038_1	N/A	31.395	87	258	2.68e-28	111
WP_001043260.1	271	k121_1246593_1	N/A	30.488	90	246	2.87e-28	112
WP_001043260.1	271	k121_183870_2	N/A	35.573	91	253	5.44e-28	111
WP_001043260.1	271	k121_77128_1	N/A	28.517	96	263	1.75e-27	110
WP_001043260.1	271	k121_484221_2	N/A	37.900	80	219	3.97e-27	110
WP_001043260.1	271	k121_1463684_2	N/A	33.019	77	212	8.14e-27	108
WP_001043260.1	271	k121_1330607_1	N/A	34.921	69	189	9.35e-27	106
WP_001043260.1	271	k121_1239633_2	N/A	29.008	95	262	1.26e-26	107
WP_001043260.1	271	k121_766825_5	N/A	27.547	96	265	2.25e-26	107
WP_001043260.1	271	k121_886898_1	N/A	36.872	62	179	2.31e-26	104
WP_001043260.1	271	k121_1266887_1	N/A	35.260	63	173	3.19e-26	104
WP_001043260.1	271	k121_1457583_3	N/A	32.075	77	212	3.35e-26	107
WP_001043260.1	271	k121_1341709_16	N/A	30.859	92	256	5.09e-26	106
WP_001043260.1	271	k121_631835_1	N/A	34.483	64	174	5.48e-26	104
WP_001043260.1	271	k121_271226_5	N/A	32.014	95	278	5.62e-26	106
WP_001043260.1	271	k121_866957_1	N/A	30.734	77	218	6.58e-26	105
WP_001043260.1	271	k121_1263957_1	N/A	48.485	37	99	7.00e-26	101
WP_001043260.1	271	k121_1139163_1	N/A	35.111	81	225	7.70e-26	105
WP_001043260.1	271	k121_1393643_2	N/A	32.000	89	250	8.29e-26	108
WP_001043260.1	271	k121_577470_3	N/A	28.839	97	267	1.08e-25	107
WP_001043260.1	271	k121_1197837_7	N/A	33.333	97	270	2.07e-25	105
WP_001043260.1	271	k121_1130547_2	N/A	28.839	97	267	3.60e-25	105
WP_001043260.1	271	k121_469466_8	N/A	29.104	95	268	9.90e-25	102
WP_001043260.1	271	k121_1195839_1	N/A	34.286	77	210	1.40e-24	101
WP_001043260.1	271	k121_1133624_1	N/A	33.333	64	177	1.95e-24	100
WP_001043260.1	271	k121_699639_16	N/A	35.628	90	247	4.67e-24	102
WP_001043260.1	271	k121_322735_1	N/A	40.323	46	124	9.22e-24	97.4
WP_001043260.1	271	k121_1180050_1	N/A	47.475	36	99	1.42e-23	94.7
WP_001043260.1	271	k121_46756_1	N/A	40.800	45	125	2.42e-23	95.1
WP_001043260.1	271	k121_283178_1	N/A	33.143	63	175	2.72e-23	97.1
WP_001043260.1	271	k121_1213868_2	N/A	45.098	38	102	3.07e-23	94.4
WP_001043260.1	271	k121_574520_4	N/A	29.779	97	272	3.37e-23	99.8
WP_001043260.1	271	k121_1401712_1	N/A	33.333	64	177	3.47e-23	96.7
WP_001043260.1	271	k121_44026_1	N/A	35.526	56	152	3.96e-23	95.9
WP_001043260.1	271	k121_888853_1	N/A	27.381	92	252	4.04e-23	97.8
WP_001043260.1	271	k121_859030_34	N/A	32.389	90	247	5.20e-23	99.8
WP_001043260.1	271	k121_153953_1	N/A	33.482	78	224	6.60e-23	96.7
WP_001043260.1	271	k121_1339762_1	N/A	33.333	64	177	1.15e-22	95.1
WP_001043260.1	271	k121_696569_1	N/A	32.911	55	158	4.93e-22	93.2
WP_001043260.1	271	k121_10476_3	N/A	43.689	38	103	7.43e-22	90.9
WP_001043260.1	271	k121_1444089_1	N/A	28.700	81	223	9.90e-22	93.6
WP_001043260.1	271	k121_1411583_1	N/A	30.899	64	178	1.08e-21	93.2
WP_001043260.1	271	k121_324795_2	N/A	40.000	45	125	4.32e-21	90.5
WP_001043260.1	271	k121_1105526_1	N/A	32.727	59	165	1.08e-20	89.7
WP_001043260.1	271	k121_714094_1	N/A	34.000	55	150	1.97e-20	88.6
WP_001043260.1	271	k121_1345671_1	N/A	33.333	62	177	3.67e-20	88.6
WP_001043260.1	271	k121_268586_1	N/A	29.730	67	185	3.96e-20	88.2
WP_001043260.1	271	k121_751579_1	N/A	34.759	67	187	8.75e-20	87.4
WP_001043260.1	271	k121_308014_1	N/A	31.737	61	167	9.66e-20	87.4
WP_001043260.1	271	k121_1097124_1	N/A	27.778	85	234	2.58e-19	87.4
WP_001043260.1	271	k121_1303808_2	N/A	47.778	33	90	3.29e-19	83.2
WP_001043260.1	271	k121_1195410_1	N/A	31.210	56	157	3.54e-19	85.5
WP_001043260.1	271	k121_1303817_2	N/A	47.253	33	91	5.28e-19	83.2
WP_001043260.1	271	k121_426669_1	N/A	41.748	38	103	6.13e-19	85.1
WP_001043260.1	271	k121_457836_2	N/A	30.769	62	169	1.08e-18	85.1
WP_001043260.1	271	k121_167965_99	N/A	31.752	97	274	1.58e-18	86.3
WP_001043260.1	271	k121_708249_1	N/A	32.020	73	203	1.99e-18	84.3
WP_001043260.1	271	k121_631832_1	N/A	32.680	56	153	3.48e-18	82.8
WP_001043260.1	271	k121_1061477_1	N/A	40.000	37	100	9.32e-18	80.5
WP_001043260.1	271	k121_1003928_2	N/A	38.462	42	117	1.24e-17	80.1
WP_001043260.1	271	k121_815881_2	N/A	37.008	45	127	1.49e-17	80.5
WP_001043260.1	271	k121_879207_6	N/A	41.441	39	111	1.76e-17	79.7
WP_001043260.1	271	k121_960553_2	N/A	30.516	77	213	5.06e-17	81.3
WP_001043260.1	271	k121_342791_5	N/A	30.798	95	263	2.21e-16	80.1
WP_001043260.1	271	k121_834119_1	N/A	43.902	30	82	2.29e-16	76.3
WP_001043260.1	271	k121_128812_1	N/A	37.719	40	114	2.89e-16	77.8
WP_001043260.1	271	k121_515519_3	N/A	42.169	31	83	2.98e-16	75.9
WP_001043260.1	271	k121_83399_2	N/A	26.768	72	198	3.11e-16	78.6
WP_001043260.1	271	k121_461416_2	N/A	47.368	28	76	3.11e-16	75.1
WP_001043260.1	271	k121_1449351_1	N/A	35.922	37	103	5.56e-16	75.5
WP_001043260.1	271	k121_1264841_1	N/A	40.777	37	103	8.28e-16	74.7
WP_001043260.1	271	k121_344139_2	N/A	45.455	28	77	1.09e-15	73.6
WP_001043260.1	271	k121_1424564_2	N/A	39.316	43	117	1.38e-15	74.7
WP_001043260.1	271	k121_234351_2	N/A	32.240	65	183	1.60e-15	75.9
WP_001043260.1	271	k121_221451_1	N/A	30.568	81	229	1.73e-15	77.0
WP_001043260.1	271	k121_921651_1	N/A	39.815	37	108	2.01e-15	73.9
WP_001043260.1	271	k121_900454_1	N/A	36.275	37	102	2.57e-15	73.9
WP_001043260.1	271	k121_662457_3	N/A	41.176	38	102	3.59e-15	73.2
WP_001043260.1	271	k121_1301661_1	N/A	33.908	62	174	1.22e-14	73.6
WP_001043260.1	271	k121_55798_1	N/A	33.071	45	127	1.35e-14	72.8
WP_001043260.1	271	k121_624174_2	N/A	48.101	29	79	1.78e-14	70.5
WP_001043260.1	271	k121_1215830_2	N/A	34.507	49	142	1.92e-14	72.0
WP_001043260.1	271	k121_661375_1	N/A	30.058	63	173	3.34e-14	72.8
WP_001043260.1	271	k121_875308_1	N/A	26.316	76	209	5.61e-14	72.0
WP_001043260.1	271	k121_944370_1	N/A	33.136	62	169	2.06e-13	70.1
WP_001043260.1	271	k121_1362005_1	N/A	29.189	65	185	5.15e-13	69.3
WP_001043260.1	271	k121_411155_2	N/A	32.680	56	153	6.42e-13	68.2
WP_001043260.1	271	k121_397446_1	N/A	31.609	62	174	8.48e-13	68.6
WP_001043260.1	271	k121_714735_1	N/A	34.351	48	131	9.15e-13	67.0
WP_001043260.1	271	k121_1251720_26	N/A	28.947	70	190	2.55e-12	67.4
WP_001043260.1	271	k121_1348587_1	N/A	36.792	38	106	2.99e-12	65.9
WP_001043260.1	271	k121_978978_1	N/A	39.130	25	69	3.36e-12	64.7
WP_001043260.1	271	k121_668316_5	N/A	41.667	30	84	5.52e-12	64.3
WP_001043260.1	271	k121_704419_2	N/A	28.283	72	198	8.19e-12	66.2
WP_001043260.1	271	k121_711643_1	N/A	48.333	22	60	1.03e-11	62.0
WP_001043260.1	271	k121_1062249_1	N/A	41.935	45	124	1.27e-11	63.9
WP_001043260.1	271	k121_610851_1	N/A	31.285	63	179	1.41e-11	65.1
WP_001043260.1	271	k121_428098_2	N/A	28.495	68	186	1.45e-11	65.5
WP_001043260.1	271	k121_703309_2	N/A	33.708	64	178	3.43e-11	64.7
WP_001043260.1	271	k121_342128_1	N/A	30.120	88	249	7.92e-11	64.3
WP_001043260.1	271	k121_223753_1	N/A	33.094	51	139	8.57e-11	62.4
WP_001043260.1	271	k121_741432_1	N/A	28.906	47	128	1.31e-10	62.4
WP_001043260.1	271	k121_678591_2	N/A	48.148	20	54	1.74e-10	58.5
WP_001043260.1	271	k121_412496_2	N/A	28.182	78	220	1.76e-10	63.2
WP_001043260.1	271	k121_247377_1	N/A	31.496	46	127	3.54e-10	60.8
WP_001043260.1	271	k121_1383950_2	N/A	45.161	23	62	4.27e-10	57.8
WP_001043260.1	271	k121_478760_1	N/A	53.125	24	64	5.79e-10	59.3
WP_001043260.1	271	k121_197079_1	N/A	29.921	46	127	8.77e-10	60.5
WP_001043260.1	271	k121_665338_1	N/A	30.000	45	130	1.39e-09	58.5
WP_001043260.1	271	k121_440795_2	N/A	39.496	44	119	1.50e-09	58.9
WP_001043260.1	271	k121_1095573_1	N/A	33.088	49	136	3.90e-09	57.8
WP_001043260.1	271	k121_452671_1	N/A	41.584	37	101	8.59e-09	57.0
WP_001043260.1	271	k121_1067116_1	N/A	29.940	60	167	9.70e-09	57.0
WP_001043260.1	271	k121_799204_1	N/A	37.000	37	100	1.03e-08	57.8
WP_001043260.1	271	k121_1339113_1	N/A	26.282	57	156	1.31e-08	56.6
WP_001043260.1	271	k121_166434_20	N/A	24.731	91	279	2.04e-08	57.4
WP_001043260.1	271	k121_1391749_3	N/A	43.243	27	74	2.63e-08	53.5
WP_001043260.1	271	k121_942431_1	N/A	30.286	63	175	5.31e-08	55.5
WP_001043260.1	271	k121_709864_1	N/A	35.833	41	120	6.64e-08	53.5
WP_001043260.1	271	k121_788340_1	N/A	28.788	70	198	1.07e-07	54.3
WP_001043260.1	271	k121_50346_2	N/A	26.797	55	153	1.32e-07	53.5
WP_001043260.1	271	k121_391761_2	N/A	33.058	44	121	1.84e-07	52.4
WP_001043260.1	271	k121_1383322_2	N/A	33.333	50	141	2.71e-07	52.4
WP_001043260.1	271	k121_1403345_2	N/A	25.150	62	167	7.04e-07	51.6
WP_001043260.1	271	k121_839385_1	N/A	27.222	66	180	9.06e-07	51.6
WP_001043260.1	271	k121_148097_3	N/A	41.791	25	67	1.09e-06	49.3
WP_001043260.1	271	k121_582444_1	N/A	33.526	63	173	6.80e-06	48.5
WP_001043260.1	271	k121_795057_2	N/A	34.951	38	103	8.43e-06	47.0
WP_001043260.1	271	k121_268375_1	N/A	46.970	24	66	1.44e-05	47.8
WP_001043260.1	271	k121_584185_6	N/A	30.827	47	133	2.75e-05	46.6
WP_001043260.1	271	k121_399317_1	N/A	23.913	51	138	9.48e-05	44.7
WP_001043260.1	271	k121_544213_2	N/A	28.467	50	137	1.42e-04	44.3
WP_001043260.1	271	k121_680612_1	N/A	24.348	42	115	2.84e-04	43.1
WP_001043260.1	271	k121_127659_1	N/A	24.771	40	109	3.15e-04	43.1
WP_001043260.1	271	k121_642219_1	N/A	23.810	54	147	5.09e-04	42.7
WP_001043260.1	271	k121_448387_2	N/A	24.742	36	97	5.75e-04	42.0
WP_001043260.1	271	k121_390366_1	N/A	30.952	30	84	6.09e-04	41.6
WP_001043260.1	271	k121_615812_2	N/A	34.737	35	95	0.001	40.8
WP_001043260.1	271	k121_66562_2	N/A	34.146	30	82	0.002	39.7
WP_001043260.1	271	k121_892522_4	N/A	36.458	34	96	0.003	39.7
WP_001043260.1	271	k121_527691_1	N/A	36.923	24	65	0.007	38.9
WP_001043260.1	271	k121_265726_1	N/A	32.911	29	79	0.007	40.8
WP_001043260.1	271	k121_783816_2	N/A	28.571	44	126	0.012	38.5
WP_001043260.1	271	k121_609008_2	N/A	40.000	30	85	0.017	37.4
WP_001043260.1	271	k121_913649_1	N/A	24.752	37	101	0.022	37.4
WP_001043260.1	271	k121_691855_1	N/A	30.147	49	136	0.051	37.0
WP_001043260.1	271	k121_748800_1	N/A	25.444	56	169	0.054	37.7
WP_000034420.1	263	k121_1078855_2	N/A	43.182	100	264	5.04e-78	240
WP_000034420.1	263	k121_1449326_2	N/A	40.541	98	259	2.83e-60	194
WP_000034420.1	263	k121_223074_9	N/A	38.314	98	261	1.43e-59	193
WP_000034420.1	263	k121_483792_24	N/A	36.923	98	260	1.83e-55	182
WP_000034420.1	263	k121_253042_3	N/A	37.405	98	262	3.66e-52	175
WP_000034420.1	263	k121_939661_45	N/A	36.842	98	266	3.87e-52	174
WP_000034420.1	263	k121_832246_1	N/A	39.841	95	251	7.42e-52	172
WP_000034420.1	263	k121_1094276_3	N/A	36.466	98	266	1.29e-51	173
WP_000034420.1	263	k121_843963_2	N/A	36.232	99	276	7.42e-50	169
WP_000034420.1	263	k121_941597_3	N/A	36.782	98	261	2.37e-49	166
WP_000034420.1	263	k121_389293_4	N/A	34.100	98	261	1.64e-47	162
WP_000034420.1	263	k121_1177419_1	N/A	37.165	97	261	1.49e-45	157
WP_000034420.1	263	k121_605947_2	N/A	35.632	99	261	2.92e-45	156
WP_000034420.1	263	k121_144452_2	N/A	34.749	98	259	4.59e-45	155
WP_000034420.1	263	k121_66835_6	N/A	33.333	99	282	8.53e-45	155
WP_000034420.1	263	k121_409492_3	N/A	34.848	98	264	1.39e-43	154
WP_000034420.1	263	k121_223480_2	N/A	36.398	97	261	3.75e-43	150
WP_000034420.1	263	k121_407154_109	N/A	33.704	98	270	8.41e-43	149
WP_000034420.1	263	k121_783459_1	N/A	36.325	86	234	1.81e-42	148
WP_000034420.1	263	k121_200181_2	N/A	34.848	99	264	8.97e-42	147
WP_000034420.1	263	k121_498993_7	N/A	34.483	98	261	5.99e-41	145
WP_000034420.1	263	k121_847614_64	N/A	31.618	98	272	1.82e-40	144
WP_000034420.1	263	k121_732126_7	N/A	33.460	99	263	2.96e-40	143
WP_000034420.1	263	k121_165814_2	N/A	34.340	98	265	3.70e-40	143
WP_000034420.1	263	k121_441157_1	N/A	31.636	99	275	5.72e-40	143
WP_000034420.1	263	k121_820503_9	N/A	31.560	98	282	7.63e-40	143
WP_000034420.1	263	k121_1277093_3	N/A	35.878	99	262	1.84e-39	141
WP_000034420.1	263	k121_3972_21	N/A	35.985	99	264	2.18e-39	141
WP_000034420.1	263	k121_95686_7	N/A	33.333	99	264	2.64e-39	141
WP_000034420.1	263	k121_647057_2	N/A	32.852	98	277	6.05e-39	140
WP_000034420.1	263	k121_366223_39	N/A	34.444	99	270	7.49e-39	139
WP_000034420.1	263	k121_167221_2	N/A	31.727	94	249	3.90e-38	138
WP_000034420.1	263	k121_1258210_2	N/A	34.335	87	233	4.99e-38	136
WP_000034420.1	263	k121_216765_1	N/A	33.203	96	256	5.22e-38	136
WP_000034420.1	263	k121_469466_8	N/A	32.463	98	268	1.50e-37	136
WP_000034420.1	263	k121_26471_3	N/A	31.295	99	278	3.80e-37	135
WP_000034420.1	263	k121_226190_1	N/A	34.884	81	215	5.20e-37	133
WP_000034420.1	263	k121_585667_3	N/A	32.707	98	266	8.42e-37	138
WP_000034420.1	263	k121_1266887_1	N/A	38.857	66	175	1.37e-36	131
WP_000034420.1	263	k121_892910_3	N/A	35.458	94	251	1.39e-36	133
WP_000034420.1	263	k121_673374_1	N/A	33.588	99	262	1.55e-36	134
WP_000034420.1	263	k121_1341709_16	N/A	33.071	95	254	3.41e-36	132
WP_000034420.1	263	k121_301700_2	N/A	33.333	99	264	8.45e-36	131
WP_000034420.1	263	k121_52886_54	N/A	31.852	98	270	9.08e-36	132
WP_000034420.1	263	k121_1197837_7	N/A	34.717	98	265	9.29e-36	132
WP_000034420.1	263	k121_1246593_1	N/A	33.203	96	256	9.80e-36	131
WP_000034420.1	263	k121_824707_1	N/A	32.759	87	232	1.23e-35	130
WP_000034420.1	263	k121_1463684_2	N/A	34.586	99	266	6.68e-35	129
WP_000034420.1	263	k121_661902_2	N/A	34.764	84	233	9.63e-35	127
WP_000034420.1	263	k121_1130547_2	N/A	29.502	98	261	1.75e-34	130
WP_000034420.1	263	k121_484221_2	N/A	33.333	97	258	2.89e-34	129
WP_000034420.1	263	k121_577470_3	N/A	28.839	98	267	4.09e-34	129
WP_000034420.1	263	k121_1457583_3	N/A	34.586	99	266	1.63e-33	125
WP_000034420.1	263	k121_198338_1	N/A	32.653	87	245	1.70e-33	125
WP_000034420.1	263	k121_229823_2	N/A	32.472	98	271	6.00e-33	124
WP_000034420.1	263	k121_323290_2	N/A	32.576	99	264	7.62e-33	124
WP_000034420.1	263	k121_830211_2	N/A	34.082	99	267	1.00e-32	123
WP_000034420.1	263	k121_163379_2	N/A	34.201	99	269	1.38e-32	123
WP_000034420.1	263	k121_26598_10	N/A	31.818	99	264	3.11e-32	122
WP_000034420.1	263	k121_899260_2	N/A	34.231	98	260	4.64e-32	122
WP_000034420.1	263	k121_24899_663	N/A	30.303	98	264	8.71e-32	121
WP_000034420.1	263	k121_59166_1	N/A	35.393	67	178	1.14e-31	119
WP_000034420.1	263	k121_771635_2	N/A	29.231	94	260	2.18e-31	120
WP_000034420.1	263	k121_183870_2	N/A	35.385	94	260	5.22e-31	119
WP_000034420.1	263	k121_1431784_9	N/A	30.350	96	257	6.03e-31	118
WP_000034420.1	263	k121_1212979_1	N/A	31.439	99	264	6.15e-31	119
WP_000034420.1	263	k121_973038_1	N/A	29.249	90	253	1.25e-30	117
WP_000034420.1	263	k121_77128_1	N/A	33.205	97	259	1.49e-30	118
WP_000034420.1	263	k121_980966_1	N/A	33.051	88	236	3.41e-30	117
WP_000034420.1	263	k121_574520_4	N/A	29.924	99	264	3.72e-30	118
WP_000034420.1	263	k121_1239633_2	N/A	32.819	97	259	7.92e-30	116
WP_000034420.1	263	k121_322735_1	N/A	38.849	53	139	9.23e-30	112
WP_000034420.1	263	k121_922956_10	N/A	30.597	94	268	1.14e-29	119
WP_000034420.1	263	k121_859030_34	N/A	28.464	99	267	2.56e-29	116
WP_000034420.1	263	k121_992305_2	N/A	32.271	94	251	2.95e-29	114
WP_000034420.1	263	k121_631835_1	N/A	37.640	67	178	2.96e-29	112
WP_000034420.1	263	k121_766825_5	N/A	30.303	98	264	4.08e-29	114
WP_000034420.1	263	k121_886898_1	N/A	34.270	64	178	4.17e-29	111
WP_000034420.1	263	k121_1393643_2	N/A	30.303	97	264	2.81e-28	114
WP_000034420.1	263	k121_699639_16	N/A	29.434	99	265	2.82e-28	114
WP_000034420.1	263	k121_1139163_1	N/A	33.333	90	243	2.99e-28	112
WP_000034420.1	263	k121_866957_1	N/A	30.455	81	220	3.42e-28	110
WP_000034420.1	263	k121_951068_1	N/A	31.076	94	251	8.09e-28	110
WP_000034420.1	263	k121_1297508_13	N/A	33.068	94	251	1.45e-27	110
WP_000034420.1	263	k121_1195839_1	N/A	34.404	82	218	1.55e-27	108
WP_000034420.1	263	k121_342791_5	N/A	31.765	96	255	1.03e-25	105
WP_000034420.1	263	k121_324795_2	N/A	36.709	59	158	5.39e-25	100
WP_000034420.1	263	k121_44026_1	N/A	35.256	59	156	6.62e-25	100
WP_000034420.1	263	k121_1251720_26	N/A	32.995	74	197	6.69e-25	101
WP_000034420.1	263	k121_1180050_1	N/A	46.465	37	99	9.61e-25	97.8
WP_000034420.1	263	k121_10476_3	N/A	44.231	40	104	1.62e-24	97.8
WP_000034420.1	263	k121_1263957_1	N/A	43.000	38	100	7.91e-24	95.9
WP_000034420.1	263	k121_960553_2	N/A	28.319	85	226	3.58e-23	97.4
WP_000034420.1	263	k121_696569_1	N/A	36.567	47	134	5.41e-23	95.5
WP_000034420.1	263	k121_1330607_1	N/A	32.474	73	194	9.56e-23	95.9
WP_000034420.1	263	k121_1061477_1	N/A	39.252	41	107	2.20e-22	92.4
WP_000034420.1	263	k121_283178_1	N/A	34.463	66	177	4.40e-22	93.6
WP_000034420.1	263	k121_167965_99	N/A	31.579	98	266	6.10e-22	95.5
WP_000034420.1	263	k121_1345671_1	N/A	33.149	66	181	9.85e-22	92.4
WP_000034420.1	263	k121_153953_1	N/A	31.532	80	222	1.02e-21	93.2
WP_000034420.1	263	k121_714094_1	N/A	32.903	58	155	1.16e-21	91.7
WP_000034420.1	263	k121_751579_1	N/A	36.316	70	190	1.16e-21	92.4
WP_000034420.1	263	k121_221451_1	N/A	31.739	83	230	1.23e-21	93.2
WP_000034420.1	263	k121_944370_1	N/A	30.601	69	183	1.47e-21	92.0
WP_000034420.1	263	k121_1424564_2	N/A	36.134	45	119	5.85e-21	89.0
WP_000034420.1	263	k121_1303817_2	N/A	45.652	35	92	9.69e-21	87.4
WP_000034420.1	263	k121_662457_3	N/A	41.748	39	103	1.10e-20	87.8
WP_000034420.1	263	k121_426669_1	N/A	36.000	47	125	1.11e-20	89.7
WP_000034420.1	263	k121_1213868_2	N/A	40.196	39	102	2.60e-20	86.3
WP_000034420.1	263	k121_1133624_1	N/A	32.584	67	178	2.61e-20	89.0
WP_000034420.1	263	k121_1303808_2	N/A	44.444	34	90	3.18e-20	85.5
WP_000034420.1	263	k121_1097124_1	N/A	30.702	86	228	5.38e-20	89.4
WP_000034420.1	263	k121_1339762_1	N/A	33.146	67	178	1.15e-19	87.0
WP_000034420.1	263	k121_1444089_1	N/A	31.019	80	216	1.19e-19	87.8
WP_000034420.1	263	k121_515519_3	N/A	46.341	31	82	1.26e-19	84.3
WP_000034420.1	263	k121_879207_6	N/A	39.167	44	120	1.70e-19	84.7
WP_000034420.1	263	k121_308014_1	N/A	34.524	63	168	1.92e-19	86.3
WP_000034420.1	263	k121_391761_2	N/A	40.164	46	122	2.62e-19	84.3
WP_000034420.1	263	k121_234351_2	N/A	30.387	67	181	2.82e-19	85.9
WP_000034420.1	263	k121_1411583_1	N/A	32.402	66	179	3.87e-19	86.3
WP_000034420.1	263	k121_834119_1	N/A	48.235	32	85	6.23e-19	82.8
WP_000034420.1	263	k121_1401712_1	N/A	32.022	67	178	6.51e-19	85.1
WP_000034420.1	263	k121_631832_1	N/A	33.758	59	157	7.54e-19	84.3
WP_000034420.1	263	k121_271226_5	N/A	27.957	99	279	3.13e-18	85.1
WP_000034420.1	263	k121_875308_1	N/A	32.039	77	206	4.28e-18	83.2
WP_000034420.1	263	k121_83399_2	N/A	27.670	76	206	6.81e-18	82.8
WP_000034420.1	263	k121_839385_1	N/A	30.811	68	185	9.64e-18	81.6
WP_000034420.1	263	k121_1195410_1	N/A	32.911	59	158	3.13e-17	80.1
WP_000034420.1	263	k121_440795_2	N/A	34.524	63	168	3.20e-17	80.1
WP_000034420.1	263	k121_457836_2	N/A	28.729	69	181	4.83e-17	80.5
WP_000034420.1	263	k121_461416_2	N/A	44.156	29	77	5.49e-17	77.0
WP_000034420.1	263	k121_128812_1	N/A	38.053	41	113	1.05e-16	79.0
WP_000034420.1	263	k121_1067116_1	N/A	28.324	63	173	1.85e-16	78.2
WP_000034420.1	263	k121_582444_1	N/A	32.927	62	164	2.09e-16	77.8
WP_000034420.1	263	k121_1105526_1	N/A	32.335	62	167	2.18e-16	78.2
WP_000034420.1	263	k121_624174_2	N/A	45.000	30	80	3.65e-16	74.7
WP_000034420.1	263	k121_1003928_2	N/A	39.048	39	105	8.70e-16	75.1
WP_000034420.1	263	k121_428098_2	N/A	27.723	76	202	1.08e-15	76.6
WP_000034420.1	263	k121_1215830_2	N/A	36.029	51	136	1.37e-15	75.1
WP_000034420.1	263	k121_46756_1	N/A	33.858	48	127	1.44e-15	74.7
WP_000034420.1	263	k121_704419_2	N/A	28.910	78	211	2.41e-15	75.9
WP_000034420.1	263	k121_1301661_1	N/A	30.636	63	173	6.33e-15	73.9
WP_000034420.1	263	k121_268586_1	N/A	30.952	63	168	6.46e-15	73.9
WP_000034420.1	263	k121_788340_1	N/A	30.000	73	200	7.29e-15	74.3
WP_000034420.1	263	k121_888853_1	N/A	24.034	87	233	1.19e-14	74.7
WP_000034420.1	263	k121_412496_2	N/A	27.313	84	227	1.38e-14	74.7
WP_000034420.1	263	k121_900454_1	N/A	38.095	39	105	1.92e-14	71.2
WP_000034420.1	263	k121_708249_1	N/A	31.220	73	205	2.00e-14	73.2
WP_000034420.1	263	k121_223753_1	N/A	30.986	53	142	2.04e-14	72.4
WP_000034420.1	263	k121_661375_1	N/A	27.586	65	174	2.96e-14	72.8
WP_000034420.1	263	k121_1449351_1	N/A	39.623	39	106	2.96e-14	70.9
WP_000034420.1	263	k121_197079_1	N/A	31.492	66	181	3.05e-14	72.8
WP_000034420.1	263	k121_247377_1	N/A	39.370	47	127	3.05e-14	71.6
WP_000034420.1	263	k121_55798_1	N/A	36.220	47	127	3.16e-14	71.6
WP_000034420.1	263	k121_610851_1	N/A	26.857	65	175	5.39e-14	71.6
WP_000034420.1	263	k121_344139_2	N/A	41.772	30	79	5.45e-14	68.6
WP_000034420.1	263	k121_397446_1	N/A	27.647	64	170	9.75e-14	70.9
WP_000034420.1	263	k121_1264841_1	N/A	39.216	38	102	1.43e-13	68.6
WP_000034420.1	263	k121_1362005_1	N/A	29.688	69	192	2.10e-13	70.5
WP_000034420.1	263	k121_714735_1	N/A	31.008	49	129	3.35e-13	68.2
WP_000034420.1	263	k121_815881_2	N/A	35.433	47	127	3.52e-13	68.6
WP_000034420.1	263	k121_411155_2	N/A	28.767	56	146	3.80e-13	68.9
WP_000034420.1	263	k121_795057_2	N/A	37.000	38	100	4.05e-13	67.0
WP_000034420.1	263	k121_1403345_2	N/A	29.518	62	166	5.56e-13	68.6
WP_000034420.1	263	k121_668316_5	N/A	38.372	31	86	6.75e-13	66.6
WP_000034420.1	263	k121_799204_1	N/A	33.019	40	106	8.15e-13	69.3
WP_000034420.1	263	k121_921651_1	N/A	38.835	38	103	1.52e-12	65.9
WP_000034420.1	263	k121_703309_2	N/A	28.736	66	174	4.67e-12	67.0
WP_000034420.1	263	k121_342128_1	N/A	31.020	89	245	5.80e-12	67.4
WP_000034420.1	263	k121_1348587_1	N/A	34.615	39	104	8.96e-12	64.3
WP_000034420.1	263	k121_741432_1	N/A	28.025	58	157	1.24e-11	65.1
WP_000034420.1	263	k121_1391749_3	N/A	49.315	28	73	1.25e-11	62.8
WP_000034420.1	263	k121_709864_1	N/A	34.677	44	124	2.55e-11	62.8
WP_000034420.1	263	k121_1095573_1	N/A	30.000	56	150	5.55e-11	62.8
WP_000034420.1	263	k121_711643_1	N/A	45.763	22	59	1.43e-10	58.9
WP_000034420.1	263	k121_942431_1	N/A	30.508	65	177	2.50e-10	62.0
WP_000034420.1	263	k121_452671_1	N/A	38.542	37	96	5.65e-10	60.1
WP_000034420.1	263	k121_1062249_1	N/A	34.711	46	121	7.67e-10	58.9
WP_000034420.1	263	k121_50346_2	N/A	30.323	57	155	1.95e-09	58.5
WP_000034420.1	263	k121_748800_1	N/A	28.972	77	214	2.22e-09	59.3
WP_000034420.1	263	k121_665338_1	N/A	34.259	38	108	2.88e-09	57.4
WP_000034420.1	263	k121_478760_1	N/A	46.154	25	65	3.08e-09	57.4
WP_000034420.1	263	k121_615812_2	N/A	42.105	36	95	4.91e-09	56.2
WP_000034420.1	263	k121_527691_1	N/A	38.318	41	107	5.40e-09	55.8
WP_000034420.1	263	k121_1339113_1	N/A	28.571	57	154	7.25e-09	57.0
WP_000034420.1	263	k121_1243025_2	N/A	30.000	46	120	8.48e-09	56.2
WP_000034420.1	263	k121_678591_2	N/A	47.170	20	53	1.31e-08	53.5
WP_000034420.1	263	k121_544213_2	N/A	36.364	44	121	1.41e-08	55.5
WP_000034420.1	263	k121_399317_1	N/A	29.600	48	125	2.03e-08	55.1
WP_000034420.1	263	k121_1141088_2	N/A	41.935	24	62	2.67e-08	53.9
WP_000034420.1	263	k121_1383950_2	N/A	41.270	24	63	4.87e-08	52.0
WP_000034420.1	263	k121_680612_1	N/A	29.310	44	116	5.82e-08	53.5
WP_000034420.1	263	k121_584185_6	N/A	29.771	49	131	2.00e-07	52.4
WP_000034420.1	263	k121_127659_1	N/A	31.304	43	115	3.59e-07	51.6
WP_000034420.1	263	k121_978978_1	N/A	35.616	27	73	5.36e-07	50.1
WP_000034420.1	263	k121_659307_2	N/A	29.358	41	109	6.30e-07	50.4
WP_000034420.1	263	k121_609008_2	N/A	40.000	23	60	1.03e-06	49.3
WP_000034420.1	263	k121_981940_1	N/A	31.579	43	114	1.19e-06	50.4
WP_000034420.1	263	k121_1383322_2	N/A	26.772	46	127	4.41e-06	48.9
WP_000034420.1	263	k121_642219_1	N/A	27.517	57	149	4.72e-06	48.5
WP_000034420.1	263	k121_377389_1	N/A	30.357	43	112	8.55e-06	47.4
WP_000034420.1	263	k121_913649_1	N/A	32.353	38	102	1.05e-05	47.0
WP_000034420.1	263	k121_166434_20	N/A	24.638	94	276	2.15e-05	48.1
WP_000034420.1	263	k121_892522_4	N/A	28.866	35	97	2.23e-05	45.8
WP_000034420.1	263	k121_448387_2	N/A	30.526	36	95	2.30e-05	45.8
WP_000034420.1	263	k121_313045_1	N/A	35.714	31	84	2.45e-05	45.8
WP_000034420.1	263	k121_678296_1	N/A	32.258	23	62	3.35e-05	44.7
WP_000034420.1	263	k121_148097_3	N/A	46.269	25	67	3.54e-05	45.1
WP_000034420.1	263	k121_1324098_1	N/A	33.645	40	107	6.44e-05	44.7
WP_000034420.1	263	k121_411286_1	N/A	38.710	21	62	1.55e-04	42.7
WP_000034420.1	263	k121_783816_2	N/A	28.455	44	123	2.42e-04	43.5
WP_000034420.1	263	k121_66562_2	N/A	33.898	22	59	4.92e-04	41.6
WP_000034420.1	263	k121_268375_1	N/A	41.791	25	67	5.56e-04	43.1
WP_000034420.1	263	k121_390366_1	N/A	28.723	35	94	0.002	40.4
WP_000034420.1	263	k121_1406060_1	N/A	23.494	62	166	0.005	40.4
WP_000034420.1	263	k121_1023330_1	N/A	29.688	24	64	0.006	38.1
WP_000034420.1	263	k121_265726_1	N/A	34.247	28	73	0.006	40.8
WP_000034420.1	263	k121_820992_1	N/A	31.250	24	64	0.018	37.0
WP_000034420.1	263	k121_1371799_1	N/A	37.500	24	64	0.061	38.1
WP_000034420.1	263	k121_730852_1	N/A	31.884	26	69	0.094	34.7
WP_000845048.1	337	k121_1185416_1	N/A	99.670	90	303	0.0	614
WP_000845048.1	337	k121_949670_2	N/A	75.455	98	330	0.0	514
WP_000845048.1	337	k121_1161566_1	N/A	63.526	98	329	3.18e-150	429
WP_000845048.1	337	k121_552147_1	N/A	62.385	96	327	1.55e-143	411
WP_000845048.1	337	k121_1458979_1	N/A	67.354	86	291	3.37e-141	405
WP_000845048.1	337	k121_186412_1	N/A	61.491	96	322	8.82e-138	397
WP_000845048.1	337	k121_429096_1	N/A	55.758	98	330	1.32e-122	358
WP_000845048.1	337	k121_1090210_1	N/A	55.589	96	331	4.38e-117	345
WP_000845048.1	337	k121_317418_1	N/A	55.591	93	313	4.25e-114	338
WP_000845048.1	337	k121_1187143_1	N/A	51.466	90	307	7.57e-99	297
WP_000845048.1	337	k121_542507_1	N/A	55.435	81	276	2.14e-96	290
WP_000845048.1	337	k121_1252277_1	N/A	56.972	74	251	5.72e-93	280
WP_000845048.1	337	k121_988303_3	N/A	48.089	93	314	8.57e-89	271
WP_000845048.1	337	k121_1398327_2	N/A	54.613	80	271	4.40e-88	269
WP_000845048.1	337	k121_452123_1	N/A	48.288	87	292	2.63e-86	265
WP_000845048.1	337	k121_438222_1	N/A	57.205	68	229	1.66e-81	250
WP_000845048.1	337	k121_702305_2	N/A	65.405	55	185	1.85e-81	248
WP_000845048.1	337	k121_243797_1	N/A	59.890	54	182	2.95e-79	243
WP_000845048.1	337	k121_1314857_1	N/A	64.804	53	179	2.24e-78	240
WP_000845048.1	337	k121_1410954_1	N/A	50.607	73	247	2.48e-75	235
WP_000845048.1	337	k121_203782_1	N/A	54.508	72	244	1.88e-73	231
WP_000845048.1	337	k121_901730_1	N/A	56.566	59	198	2.82e-73	228
WP_000845048.1	337	k121_1377227_1	N/A	62.147	51	177	3.61e-73	227
WP_000845048.1	337	k121_900548_1	N/A	55.897	58	195	6.44e-73	227
WP_000845048.1	337	k121_1070990_1	N/A	50.201	74	249	1.25e-72	229
WP_000845048.1	337	k121_1465433_1	N/A	65.054	55	186	1.72e-72	226
WP_000845048.1	337	k121_963261_1	N/A	52.074	64	217	1.21e-71	225
WP_000845048.1	337	k121_1218175_2	N/A	58.549	57	193	1.49e-71	223
WP_000845048.1	337	k121_606502_3	N/A	83.051	35	118	2.26e-65	205
WP_000845048.1	337	k121_1270628_1	N/A	53.535	59	198	6.52e-65	206
WP_000845048.1	337	k121_117041_2	N/A	62.025	47	158	7.03e-65	205
WP_000845048.1	337	k121_74619_4	N/A	54.839	55	186	1.35e-63	204
WP_000845048.1	337	k121_1125025_1	N/A	46.025	71	239	1.69e-63	204
WP_000845048.1	337	k121_211699_1	N/A	57.647	50	170	6.42e-59	192
WP_000845048.1	337	k121_560655_2	N/A	57.647	50	170	2.01e-58	189
WP_000845048.1	337	k121_428668_1	N/A	59.091	45	154	2.20e-58	188
WP_000845048.1	337	k121_1010221_1	N/A	100.000	26	89	3.21e-56	180
WP_000845048.1	337	k121_353435_1	N/A	65.152	39	132	8.66e-55	179
WP_000845048.1	337	k121_1296462_2	N/A	47.396	57	192	9.60e-53	175
WP_000845048.1	337	k121_1362931_1	N/A	43.575	53	179	2.79e-47	160
WP_000845048.1	337	k121_1260276_1	N/A	43.284	60	201	1.16e-46	159
WP_000845048.1	337	k121_1083457_1	N/A	100.000	22	73	7.91e-44	148
WP_000845048.1	337	k121_1454037_1	N/A	58.537	36	123	4.82e-43	148
WP_000845048.1	337	k121_601284_1	N/A	30.178	99	338	1.02e-41	150
WP_000845048.1	337	k121_564117_1	N/A	32.492	94	317	7.93e-41	148
WP_000845048.1	337	k121_16397_2	N/A	34.295	92	312	4.46e-40	151
WP_000845048.1	337	k121_654535_1	N/A	47.191	53	178	8.22e-40	141
WP_000845048.1	337	k121_46660_14	N/A	54.688	37	128	9.51e-37	133
WP_000845048.1	337	k121_1310589_1	N/A	29.730	98	333	1.61e-36	137
WP_000845048.1	337	k121_279125_10	N/A	33.022	95	321	2.53e-35	133
WP_000845048.1	337	k121_1069733_2	N/A	29.870	91	308	2.54e-35	134
WP_000845048.1	337	k121_274001_1	N/A	53.659	36	123	6.58e-35	128
WP_000845048.1	337	k121_1323450_1	N/A	27.160	96	324	6.67e-35	133
WP_000845048.1	337	k121_1352428_10	N/A	30.693	90	303	7.63e-35	133
WP_000845048.1	337	k121_1040181_2	N/A	67.816	26	87	1.38e-34	125
WP_000845048.1	337	k121_327003_1	N/A	50.000	34	116	1.73e-34	126
WP_000845048.1	337	k121_499506_1	N/A	28.571	93	322	2.58e-34	132
WP_000845048.1	337	k121_751505_3	N/A	32.440	98	336	3.51e-34	130
WP_000845048.1	337	k121_54525_1	N/A	28.391	93	317	7.51e-33	129
WP_000845048.1	337	k121_999649_4	N/A	28.846	91	312	7.61e-33	129
WP_000845048.1	337	k121_396061_1	N/A	27.160	96	324	2.84e-32	125
WP_000845048.1	337	k121_312002_1	N/A	28.616	93	318	3.54e-32	126
WP_000845048.1	337	k121_1281905_2	N/A	32.132	99	333	4.53e-32	124
WP_000845048.1	337	k121_98833_3	N/A	32.416	96	327	8.34e-32	124
WP_000845048.1	337	k121_1156625_2	N/A	33.893	87	298	1.75e-31	122
WP_000845048.1	337	k121_653125_1	N/A	31.298	77	262	4.68e-31	120
WP_000845048.1	337	k121_36131_2	N/A	30.677	73	251	4.66e-30	117
WP_000845048.1	337	k121_460353_3	N/A	26.852	96	324	5.09e-30	120
WP_000845048.1	337	k121_951254_1	N/A	31.076	74	251	6.16e-29	114
WP_000845048.1	337	k121_957368_2	N/A	61.905	25	84	6.24e-29	110
WP_000845048.1	337	k121_478492_2	N/A	32.423	85	293	6.46e-29	115
WP_000845048.1	337	k121_211699_2	N/A	63.529	25	85	9.70e-29	109
WP_000845048.1	337	k121_473828_7	N/A	33.003	85	303	1.00e-28	115
WP_000845048.1	337	k121_163984_1	N/A	34.109	76	258	1.21e-28	114
WP_000845048.1	337	k121_1009745_7	N/A	31.683	85	303	1.86e-28	115
WP_000845048.1	337	k121_921722_3	N/A	30.357	82	280	2.07e-28	114
WP_000845048.1	337	k121_586731_15	N/A	31.023	85	303	3.53e-28	114
WP_000845048.1	337	k121_843787_2	N/A	27.987	93	318	4.10e-28	113
WP_000845048.1	337	k121_224399_2	N/A	33.190	67	232	1.22e-27	110
WP_000845048.1	337	k121_490987_1	N/A	60.440	27	91	1.98e-27	110
WP_000845048.1	337	k121_1036684_1	N/A	29.000	88	300	2.98e-27	110
WP_000845048.1	337	k121_662931_2	N/A	29.348	82	276	3.84e-27	110
WP_000845048.1	337	k121_834184_1	N/A	29.603	81	277	6.06e-27	110
WP_000845048.1	337	k121_89076_1	N/A	77.273	20	66	7.17e-27	103
WP_000845048.1	337	k121_89082_1	N/A	75.758	20	66	1.06e-26	103
WP_000845048.1	337	k121_359800_1	N/A	34.375	75	256	1.12e-26	108
WP_000845048.1	337	k121_716521_1	N/A	54.286	31	105	1.19e-26	104
WP_000845048.1	337	k121_669962_1	N/A	32.692	76	260	1.41e-26	108
WP_000845048.1	337	k121_1458433_2	N/A	32.663	59	199	4.60e-26	104
WP_000845048.1	337	k121_774784_1	N/A	34.483	69	232	7.34e-26	107
WP_000845048.1	337	k121_157576_3	N/A	29.333	85	300	1.57e-25	107
WP_000845048.1	337	k121_856727_1	N/A	31.858	66	226	1.82e-25	105
WP_000845048.1	337	k121_1014116_2	N/A	28.763	85	299	3.23e-25	106
WP_000845048.1	337	k121_1077935_2	N/A	27.607	96	326	3.88e-25	106
WP_000845048.1	337	k121_1344148_2	N/A	30.769	85	299	4.40e-25	105
WP_000845048.1	337	k121_642762_1	N/A	26.298	85	289	7.34e-25	104
WP_000845048.1	337	k121_1403076_1	N/A	33.232	95	328	8.60e-25	105
WP_000845048.1	337	k121_672728_340	N/A	36.574	62	216	1.48e-24	104
WP_000845048.1	337	k121_858118_1	N/A	35.784	58	204	1.70e-24	101
WP_000845048.1	337	k121_840038_2	N/A	34.247	62	219	2.30e-24	104
WP_000845048.1	337	k121_720841_2	N/A	29.747	91	316	3.10e-24	103
WP_000845048.1	337	k121_589759_1	N/A	35.526	66	228	7.55e-24	100
WP_000845048.1	337	k121_373964_1	N/A	35.426	66	223	8.33e-24	100
WP_000845048.1	337	k121_335871_5	N/A	30.961	79	281	8.69e-24	102
WP_000845048.1	337	k121_656280_14	N/A	31.148	85	305	1.21e-23	102
WP_000845048.1	337	k121_1216408_3	N/A	30.164	85	305	1.26e-23	102
WP_000845048.1	337	k121_1052144_1	N/A	30.164	85	305	1.52e-23	101
WP_000845048.1	337	k121_96102_2	N/A	48.958	28	96	3.72e-23	95.5
WP_000845048.1	337	k121_704806_2	N/A	34.909	77	275	4.03e-23	100
WP_000845048.1	337	k121_1242506_1	N/A	25.763	83	295	4.78e-23	100
WP_000845048.1	337	k121_248722_2	N/A	33.333	63	219	7.05e-23	98.2
WP_000845048.1	337	k121_1424416_1	N/A	36.548	58	197	1.17e-22	96.7
WP_000845048.1	337	k121_666316_1	N/A	31.343	59	201	2.32e-22	95.1
WP_000845048.1	337	k121_1156717_3	N/A	28.417	79	278	3.08e-22	98.2
WP_000845048.1	337	k121_168466_1	N/A	29.508	85	305	3.37e-22	97.8
WP_000845048.1	337	k121_587282_1	N/A	34.742	61	213	3.45e-22	95.5
WP_000845048.1	337	k121_170156_1	N/A	34.529	64	223	3.50e-22	95.5
WP_000845048.1	337	k121_1217403_1	N/A	28.788	76	264	5.03e-22	96.3
WP_000845048.1	337	k121_785831_3	N/A	32.328	68	232	5.81e-22	97.1
WP_000845048.1	337	k121_790203_2	N/A	29.180	85	305	7.27e-22	97.1
WP_000845048.1	337	k121_694645_12	N/A	54.217	25	83	7.29e-22	91.7
WP_000845048.1	337	k121_972684_1	N/A	53.012	25	83	9.47e-22	91.3
WP_000845048.1	337	k121_971487_3	N/A	33.184	64	223	1.05e-21	97.1
WP_000845048.1	337	k121_766152_3	N/A	27.863	76	262	1.58e-21	96.3
WP_000845048.1	337	k121_67250_2	N/A	34.322	68	236	1.59e-21	94.7
WP_000845048.1	337	k121_1245942_1	N/A	57.500	23	80	1.81e-21	90.1
WP_000845048.1	337	k121_1297198_3	N/A	30.882	78	272	2.01e-21	95.9
WP_000845048.1	337	k121_1101852_3	N/A	30.000	90	310	2.48e-21	95.5
WP_000845048.1	337	k121_1255942_5	N/A	33.333	62	216	2.57e-21	93.6
WP_000845048.1	337	k121_1290902_3	N/A	33.810	61	210	2.92e-21	93.6
WP_000845048.1	337	k121_258727_1	N/A	33.333	61	204	3.08e-21	92.8
WP_000845048.1	337	k121_1464203_1	N/A	29.012	48	162	3.49e-21	92.4
WP_000845048.1	337	k121_670854_119	N/A	33.333	63	222	3.87e-21	95.1
WP_000845048.1	337	k121_1251720_7	N/A	32.174	66	230	5.32e-21	94.7
WP_000845048.1	337	k121_1074845_1	N/A	25.965	84	285	5.91e-21	94.7
WP_000845048.1	337	k121_1031525_1	N/A	32.843	61	204	6.15e-21	92.0
WP_000845048.1	337	k121_1170627_4	N/A	34.762	61	210	6.78e-21	92.0
WP_000845048.1	337	k121_677346_1	N/A	35.955	53	178	8.69e-21	90.5
WP_000845048.1	337	k121_424876_13	N/A	30.385	74	260	9.43e-21	94.4
WP_000845048.1	337	k121_1212311_2	N/A	34.615	54	182	9.84e-21	91.3
WP_000845048.1	337	k121_1362208_3	N/A	34.615	54	182	1.12e-20	94.0
WP_000845048.1	337	k121_675552_4	N/A	33.955	75	268	1.20e-20	93.6
WP_000845048.1	337	k121_1070553_4	N/A	30.380	88	316	1.21e-20	93.6
WP_000845048.1	337	k121_1282708_2	N/A	30.272	85	294	1.40e-20	93.6
WP_000845048.1	337	k121_245766_5	N/A	31.650	85	297	1.48e-20	93.6
WP_000845048.1	337	k121_836621_2	N/A	35.912	53	181	1.52e-20	90.5
WP_000845048.1	337	k121_1460771_3	N/A	33.180	63	217	1.60e-20	93.6
WP_000845048.1	337	k121_1431508_3	N/A	29.299	85	314	2.57e-20	93.2
WP_000845048.1	337	k121_1169099_1	N/A	33.810	61	210	2.58e-20	90.5
WP_000845048.1	337	k121_833180_2	N/A	28.571	85	294	2.81e-20	92.8
WP_000845048.1	337	k121_721499_2	N/A	30.258	78	271	2.96e-20	92.4
WP_000845048.1	337	k121_1466040_2	N/A	33.333	76	270	4.50e-20	92.0
WP_000845048.1	337	k121_1316990_1	N/A	36.264	54	182	4.67e-20	90.1
WP_000845048.1	337	k121_576818_1	N/A	32.719	63	217	4.87e-20	90.9
WP_000845048.1	337	k121_831313_1	N/A	35.676	55	185	5.09e-20	89.4
WP_000845048.1	337	k121_520266_3	N/A	27.007	76	274	5.72e-20	92.0
WP_000845048.1	337	k121_234872_3	N/A	26.756	85	299	5.79e-20	92.4
WP_000845048.1	337	k121_525808_4	N/A	26.537	85	309	6.28e-20	92.0
WP_000845048.1	337	k121_141527_1	N/A	36.571	52	175	6.68e-20	88.2
WP_000845048.1	337	k121_589547_1	N/A	58.824	20	68	6.83e-20	85.9
WP_000845048.1	337	k121_134638_1	N/A	56.627	25	83	7.71e-20	88.6
WP_000845048.1	337	k121_1271460_47	N/A	25.301	90	332	9.85e-20	91.7
WP_000845048.1	337	k121_990497_7	N/A	25.368	78	272	1.23e-19	90.5
WP_000845048.1	337	k121_430724_1	N/A	30.147	78	272	1.30e-19	91.3
WP_000845048.1	337	k121_871446_1	N/A	30.712	77	267	1.30e-19	90.9
WP_000845048.1	337	k121_908663_16	N/A	25.418	85	299	1.49e-19	90.5
WP_000845048.1	337	k121_694462_1	N/A	31.383	55	188	1.97e-19	86.7
WP_000845048.1	337	k121_210136_2	N/A	29.070	72	258	2.23e-19	90.1
WP_000845048.1	337	k121_387124_1	N/A	28.165	88	316	2.25e-19	90.1
WP_000845048.1	337	k121_1180920_2	N/A	25.547	78	274	2.86e-19	89.7
WP_000845048.1	337	k121_1318449_1	N/A	27.273	77	286	3.23e-19	89.4
WP_000845048.1	337	k121_1220987_1	N/A	33.585	74	265	3.50e-19	89.7
WP_000845048.1	337	k121_860405_1	N/A	27.473	78	273	4.59e-19	88.6
WP_000845048.1	337	k121_1132045_1	N/A	34.066	54	182	5.69e-19	86.7
WP_000845048.1	337	k121_1373627_1	N/A	28.135	90	327	5.85e-19	89.4
WP_000845048.1	337	k121_1362042_3	N/A	31.061	76	264	6.83e-19	89.0
WP_000845048.1	337	k121_745595_2	N/A	28.519	77	270	7.49e-19	88.2
WP_000845048.1	337	k121_384221_6	N/A	25.857	91	321	7.73e-19	89.0
WP_000845048.1	337	k121_835405_1	N/A	33.175	61	211	7.83e-19	86.7
WP_000845048.1	337	k121_912804_1	N/A	32.258	62	217	8.17e-19	86.3
WP_000845048.1	337	k121_1470590_2	N/A	57.746	21	71	1.39e-18	82.8
WP_000845048.1	337	k121_733435_1	N/A	51.220	24	82	1.63e-18	82.4
WP_000845048.1	337	k121_1373143_1	N/A	55.696	23	79	1.63e-18	84.0
WP_000845048.1	337	k121_1067152_2	N/A	26.909	78	275	1.76e-18	87.8
WP_000845048.1	337	k121_848069_1	N/A	32.420	64	219	1.85e-18	85.5
WP_000845048.1	337	k121_827464_2	N/A	29.596	64	223	1.85e-18	86.3
WP_000845048.1	337	k121_1151246_2	N/A	30.153	76	262	1.89e-18	87.4
WP_000845048.1	337	k121_686287_1	N/A	30.153	76	262	2.21e-18	87.4
WP_000845048.1	337	k121_224487_2	N/A	34.973	54	183	2.52e-18	84.3
WP_000845048.1	337	k121_422636_16	N/A	25.368	78	272	2.53e-18	87.0
WP_000845048.1	337	k121_338579_1	N/A	35.484	55	186	2.79e-18	84.3
WP_000845048.1	337	k121_559207_2	N/A	35.165	54	182	2.97e-18	84.7
WP_000845048.1	337	k121_724825_2	N/A	23.529	90	306	3.11e-18	86.7
WP_000845048.1	337	k121_529250_1	N/A	37.671	43	146	3.29e-18	83.2
WP_000845048.1	337	k121_577800_2	N/A	34.066	54	182	3.93e-18	86.7
WP_000845048.1	337	k121_143531_1	N/A	34.831	53	178	4.54e-18	85.9
WP_000845048.1	337	k121_267195_1	N/A	28.041	84	296	4.66e-18	86.3
WP_000845048.1	337	k121_990072_2	N/A	27.953	72	254	5.58e-18	85.1
WP_000845048.1	337	k121_647422_2	N/A	33.178	62	214	6.70e-18	86.3
WP_000845048.1	337	k121_1291670_4	N/A	29.811	76	265	8.15e-18	86.3
WP_000845048.1	337	k121_1135717_2	N/A	28.148	77	270	8.34e-18	85.9
WP_000845048.1	337	k121_538622_1	N/A	34.054	55	185	1.21e-17	82.8
WP_000845048.1	337	k121_484654_3	N/A	30.526	78	285	1.26e-17	85.5
WP_000845048.1	337	k121_399121_1	N/A	32.243	62	214	1.36e-17	83.2
WP_000845048.1	337	k121_84694_3	N/A	50.633	23	79	1.48e-17	79.3
WP_000845048.1	337	k121_781368_1	N/A	28.716	83	296	1.90e-17	84.3
WP_000845048.1	337	k121_1421254_1	N/A	34.615	54	182	2.09e-17	84.7
WP_000845048.1	337	k121_1243179_1	N/A	30.392	59	204	2.18e-17	81.6
WP_000845048.1	337	k121_587861_1	N/A	28.253	75	269	2.28e-17	84.3
WP_000845048.1	337	k121_888894_1	N/A	27.309	69	249	2.36e-17	82.8
WP_000845048.1	337	k121_1350990_2	N/A	33.155	55	187	2.57e-17	84.3
WP_000845048.1	337	k121_863267_1	N/A	33.333	61	210	2.66e-17	84.3
WP_000845048.1	337	k121_719309_2	N/A	52.055	22	73	2.75e-17	79.3
WP_000845048.1	337	k121_182989_2	N/A	30.952	72	252	2.93e-17	84.0
WP_000845048.1	337	k121_972614_2	N/A	25.000	85	300	2.94e-17	84.3
WP_000845048.1	337	k121_494950_1	N/A	32.323	58	198	3.24e-17	81.6
WP_000845048.1	337	k121_1462886_2	N/A	33.333	51	174	4.97e-17	79.7
WP_000845048.1	337	k121_92532_1	N/A	30.526	55	190	5.31e-17	80.5
WP_000845048.1	337	k121_945370_1	N/A	27.124	85	306	5.89e-17	83.2
WP_000845048.1	337	k121_1009430_1	N/A	25.735	78	272	6.21e-17	83.2
WP_000845048.1	337	k121_819422_1	N/A	53.165	23	79	7.13e-17	78.6
WP_000845048.1	337	k121_1425414_18	N/A	31.298	76	262	8.19e-17	83.2
WP_000845048.1	337	k121_76694_1	N/A	30.952	61	210	9.90e-17	81.6
WP_000845048.1	337	k121_1342707_149	N/A	32.110	63	218	1.10e-16	82.8
WP_000845048.1	337	k121_1011417_4	N/A	28.634	63	227	1.41e-16	82.8
WP_000845048.1	337	k121_1176239_1	N/A	27.389	46	157	1.58e-16	80.1
WP_000845048.1	337	k121_962170_1	N/A	36.527	50	167	1.60e-16	78.6
WP_000845048.1	337	k121_647685_2	N/A	36.571	52	175	1.65e-16	79.0
WP_000845048.1	337	k121_764858_1	N/A	30.769	53	182	1.67e-16	79.7
WP_000845048.1	337	k121_326756_1	N/A	32.973	54	185	2.50e-16	79.7
WP_000845048.1	337	k121_1397658_5	N/A	32.599	61	227	2.60e-16	81.3
WP_000845048.1	337	k121_671435_3	N/A	24.632	78	272	2.60e-16	81.6
WP_000845048.1	337	k121_583586_1	N/A	36.571	52	175	2.71e-16	78.6
WP_000845048.1	337	k121_800274_1	N/A	31.765	50	170	2.91e-16	78.2
WP_000845048.1	337	k121_358378_1	N/A	37.037	47	162	3.51e-16	77.8
WP_000845048.1	337	k121_1139090_5	N/A	24.242	84	297	3.54e-16	81.3
WP_000845048.1	337	k121_1137172_2	N/A	25.368	78	272	4.22e-16	80.9
WP_000845048.1	337	k121_429082_2	N/A	25.368	78	272	4.32e-16	80.9
WP_000845048.1	337	k121_278250_1	N/A	35.542	49	166	4.50e-16	77.4
WP_000845048.1	337	k121_287117_2	N/A	28.000	85	300	4.61e-16	80.9
WP_000845048.1	337	k121_1351211_14	N/A	34.061	63	229	4.88e-16	81.3
WP_000845048.1	337	k121_1166132_2	N/A	26.910	85	301	5.51e-16	80.5
WP_000845048.1	337	k121_1428556_1	N/A	51.899	23	79	6.01e-16	76.6
WP_000845048.1	337	k121_1121061_1	N/A	25.468	76	267	7.17e-16	79.7
WP_000845048.1	337	k121_937303_1	N/A	28.920	80	287	7.78e-16	80.1
WP_000845048.1	337	k121_1085700_2	N/A	25.000	78	272	8.09e-16	80.1
WP_000845048.1	337	k121_1319736_2	N/A	31.351	55	185	8.55e-16	80.1
WP_000845048.1	337	k121_411788_1	N/A	30.332	63	211	9.14e-16	79.0
WP_000845048.1	337	k121_1199340_1	N/A	26.236	74	263	9.43e-16	79.3
WP_000845048.1	337	k121_631360_1	N/A	30.208	56	192	9.78e-16	78.2
WP_000845048.1	337	k121_1117589_9	N/A	28.383	85	303	1.00e-15	79.7
WP_000845048.1	337	k121_240788_5	N/A	27.744	88	328	1.00e-15	80.1
WP_000845048.1	337	k121_27696_1	N/A	39.333	42	150	1.02e-15	77.4
WP_000845048.1	337	k121_1341067_523	N/A	30.070	79	286	1.06e-15	79.7
WP_000845048.1	337	k121_31828_4	N/A	56.061	20	66	1.25e-15	74.7
WP_000845048.1	337	k121_266548_1	N/A	32.584	53	178	1.45e-15	79.0
WP_000845048.1	337	k121_504030_7	N/A	32.558	62	215	1.62e-15	79.3
WP_000845048.1	337	k121_482663_2	N/A	25.084	85	299	1.81e-15	79.0
WP_000845048.1	337	k121_284466_1	N/A	33.143	52	175	1.86e-15	76.3
WP_000845048.1	337	k121_1241845_1	N/A	26.136	76	264	2.01e-15	78.6
WP_000845048.1	337	k121_1293384_5	N/A	32.558	62	215	2.02e-15	79.0
WP_000845048.1	337	k121_660429_1	N/A	31.628	62	215	2.28e-15	77.0
WP_000845048.1	337	k121_25901_1	N/A	32.673	57	202	2.33e-15	77.4
WP_000845048.1	337	k121_350168_1	N/A	32.812	54	192	2.48e-15	76.6
WP_000845048.1	337	k121_765582_2	N/A	27.124	85	306	2.61e-15	78.6
WP_000845048.1	337	k121_1337288_1	N/A	31.892	53	185	3.10e-15	76.3
WP_000845048.1	337	k121_169949_2	N/A	40.351	34	114	3.52e-15	75.1
WP_000845048.1	337	k121_33565_2	N/A	37.500	44	152	3.54e-15	74.3
WP_000845048.1	337	k121_800452_2	N/A	29.276	82	304	3.73e-15	78.2
WP_000845048.1	337	k121_360839_1	N/A	23.780	90	328	3.90e-15	78.6
WP_000845048.1	337	k121_178230_9	N/A	29.258	63	229	4.05e-15	78.2
WP_000845048.1	337	k121_337745_1	N/A	53.731	20	67	4.17e-15	74.3
WP_000845048.1	337	k121_414739_2	N/A	29.851	77	268	4.34e-15	78.2
WP_000845048.1	337	k121_617422_2	N/A	28.505	61	214	4.60e-15	76.3
WP_000845048.1	337	k121_241925_6	N/A	33.790	62	219	4.76e-15	77.8
WP_000845048.1	337	k121_1174383_1	N/A	32.804	54	189	5.92e-15	75.5
WP_000845048.1	337	k121_1206252_1	N/A	27.126	71	247	6.13e-15	77.4
WP_000845048.1	337	k121_1051772_1	N/A	51.316	23	76	6.94e-15	72.8
WP_000845048.1	337	k121_433496_1	N/A	32.444	62	225	8.01e-15	77.4
WP_000845048.1	337	k121_522157_1	N/A	28.358	79	268	8.95e-15	76.3
WP_000845048.1	337	k121_917668_2	N/A	27.899	76	276	1.02e-14	76.3
WP_000845048.1	337	k121_839620_1	N/A	29.710	78	276	1.18e-14	76.3
WP_000845048.1	337	k121_1345205_6	N/A	32.883	62	222	1.20e-14	76.6
WP_000845048.1	337	k121_916007_1	N/A	46.053	23	76	1.49e-14	72.0
WP_000845048.1	337	k121_1052613_1	N/A	28.962	54	183	1.59e-14	73.6
WP_000845048.1	337	k121_1293048_1	N/A	48.571	21	70	1.91e-14	70.9
WP_000845048.1	337	k121_202042_1	N/A	29.818	77	275	2.03e-14	75.5
WP_000845048.1	337	k121_1335737_1	N/A	26.812	80	276	2.03e-14	75.1
WP_000845048.1	337	k121_294382_2	N/A	27.391	63	230	2.37e-14	76.3
WP_000845048.1	337	k121_40339_1	N/A	28.017	63	232	2.74e-14	76.3
WP_000845048.1	337	k121_268115_1	N/A	28.261	63	230	2.77e-14	75.9
WP_000845048.1	337	k121_19062_3	N/A	27.243	85	301	3.06e-14	75.5
WP_000845048.1	337	k121_1131601_1	N/A	29.545	52	176	3.12e-14	72.8
WP_000845048.1	337	k121_873169_1	N/A	32.394	61	213	3.24e-14	73.6
WP_000845048.1	337	k121_290119_2	N/A	27.885	88	312	3.32e-14	75.5
WP_000845048.1	337	k121_163201_2	N/A	27.632	64	228	3.44e-14	75.9
WP_000845048.1	337	k121_292411_1	N/A	28.283	55	198	3.45e-14	72.8
WP_000845048.1	337	k121_1278677_1	N/A	53.030	20	66	3.48e-14	70.9
WP_000845048.1	337	k121_1388512_1	N/A	29.565	63	230	3.65e-14	74.3
WP_000845048.1	337	k121_1374380_2	N/A	30.182	77	275	3.76e-14	75.5
WP_000845048.1	337	k121_985163_2	N/A	28.829	64	222	4.03e-14	75.5
WP_000845048.1	337	k121_1273815_10	N/A	29.911	62	224	5.10e-14	75.1
WP_000845048.1	337	k121_223257_2	N/A	32.743	62	226	5.66e-14	74.7
WP_000845048.1	337	k121_953382_1	N/A	32.402	53	179	7.68e-14	73.2
WP_000845048.1	337	k121_451874_1	N/A	31.507	63	219	7.90e-14	72.4
WP_000845048.1	337	k121_956069_1	N/A	28.395	47	162	8.80e-14	72.4
WP_000845048.1	337	k121_1355679_1	N/A	32.967	54	182	9.10e-14	72.8
WP_000845048.1	337	k121_634262_3	N/A	29.221	85	308	9.65e-14	74.3
WP_000845048.1	337	k121_526949_2	N/A	49.351	23	77	1.00e-13	69.7
WP_000845048.1	337	k121_925334_2	N/A	24.671	85	304	1.07e-13	74.3
WP_000845048.1	337	k121_450034_3	N/A	26.403	84	303	1.11e-13	73.6
WP_000845048.1	337	k121_348064_2	N/A	31.447	47	159	1.19e-13	73.2
WP_000845048.1	337	k121_5983_3	N/A	26.064	55	188	1.26e-13	71.2
WP_000845048.1	337	k121_1225857_1	N/A	26.316	59	209	1.71e-13	71.2
WP_000845048.1	337	k121_144365_2	N/A	31.915	56	188	1.74e-13	71.2
WP_000845048.1	337	k121_106019_2	N/A	33.333	53	180	1.79e-13	71.2
WP_000845048.1	337	k121_661134_2	N/A	28.739	92	341	1.83e-13	73.6
WP_000845048.1	337	k121_644190_2	N/A	26.774	88	310	1.84e-13	73.2
WP_000845048.1	337	k121_229626_2	N/A	28.384	63	229	1.89e-13	73.9
WP_000845048.1	337	k121_1103823_2	N/A	28.139	63	231	2.04e-13	73.6
WP_000845048.1	337	k121_318149_6	N/A	52.174	20	69	2.09e-13	68.6
WP_000845048.1	337	k121_383120_2	N/A	33.146	53	178	2.71e-13	70.9
WP_000845048.1	337	k121_841887_2	N/A	26.582	67	237	3.44e-13	72.8
WP_000845048.1	337	k121_781283_1	N/A	33.520	53	179	3.74e-13	69.7
WP_000845048.1	337	k121_929354_1	N/A	30.994	50	171	3.95e-13	70.1
WP_000845048.1	337	k121_687365_1	N/A	35.256	46	156	4.60e-13	68.9
WP_000845048.1	337	k121_542206_1	N/A	30.729	55	192	4.84e-13	70.1
WP_000845048.1	337	k121_135762_1	N/A	30.806	60	211	4.96e-13	70.1
WP_000845048.1	337	k121_1340997_3	N/A	26.906	61	223	6.11e-13	70.5
WP_000845048.1	337	k121_1299944_1	N/A	30.460	52	174	6.42e-13	68.9
WP_000845048.1	337	k121_1392300_3	N/A	28.889	65	225	6.77e-13	71.6
WP_000845048.1	337	k121_711612_1	N/A	50.000	20	68	7.04e-13	68.6
WP_000845048.1	337	k121_1072702_1	N/A	25.510	57	196	8.60e-13	70.1
WP_000845048.1	337	k121_998883_2	N/A	29.319	56	191	1.28e-12	68.6
WP_000845048.1	337	k121_997658_1	N/A	28.571	56	189	1.42e-12	69.3
WP_000845048.1	337	k121_492864_1	N/A	27.602	64	221	2.00e-12	68.6
WP_000845048.1	337	k121_95704_10	N/A	45.570	23	79	2.06e-12	67.4
WP_000845048.1	337	k121_568051_1	N/A	25.869	74	259	2.12e-12	70.1
WP_000845048.1	337	k121_1368831_2	N/A	29.450	85	309	2.29e-12	70.5
WP_000845048.1	337	k121_1307087_1	N/A	28.977	52	176	2.29e-12	67.4
WP_000845048.1	337	k121_1331617_3	N/A	30.091	92	329	2.96e-12	69.7
WP_000845048.1	337	k121_910225_1	N/A	31.210	46	157	3.00e-12	67.4
WP_000845048.1	337	k121_954329_3	N/A	29.648	58	199	3.02e-12	69.7
WP_000845048.1	337	k121_310323_2	N/A	45.570	23	79	3.07e-12	66.6
WP_000845048.1	337	k121_306833_2	N/A	47.297	22	74	3.24e-12	64.7
WP_000845048.1	337	k121_1244771_1	N/A	28.700	64	223	3.49e-12	68.6
WP_000845048.1	337	k121_25334_1	N/A	25.781	74	256	3.66e-12	68.6
WP_000845048.1	337	k121_636843_1	N/A	26.119	76	268	3.75e-12	68.9
WP_000845048.1	337	k121_328619_2	N/A	28.929	77	280	3.75e-12	69.7
WP_000845048.1	337	k121_424161_5	N/A	26.667	85	315	4.28e-12	69.7
WP_000845048.1	337	k121_959799_1	N/A	30.317	62	221	5.03e-12	68.2
WP_000845048.1	337	k121_272447_9	N/A	27.273	77	286	5.10e-12	69.3
WP_000845048.1	337	k121_54701_3	N/A	26.316	85	304	5.41e-12	69.3
WP_000845048.1	337	k121_183795_1	N/A	30.061	47	163	6.32e-12	67.0
WP_000845048.1	337	k121_1324138_9	N/A	29.333	61	225	6.64e-12	68.9
WP_000845048.1	337	k121_1394751_1	N/A	33.333	53	177	6.70e-12	67.8
WP_000845048.1	337	k121_38537_2	N/A	34.463	53	177	6.89e-12	68.2
WP_000845048.1	337	k121_1395146_3	N/A	29.861	79	288	7.29e-12	68.6
WP_000845048.1	337	k121_42397_1	N/A	45.570	23	79	8.33e-12	65.5
WP_000845048.1	337	k121_1124645_2	N/A	26.984	56	189	1.05e-11	66.6
WP_000845048.1	337	k121_1452676_1	N/A	30.612	58	196	1.07e-11	66.2
WP_000845048.1	337	k121_680801_2	N/A	28.761	63	226	1.15e-11	67.0
WP_000845048.1	337	k121_506511_3	N/A	29.808	86	312	1.33e-11	68.2
WP_000845048.1	337	k121_564671_1	N/A	27.273	63	231	1.62e-11	67.8
WP_000845048.1	337	k121_150338_4	N/A	26.061	88	330	1.95e-11	67.4
WP_000845048.1	337	k121_170234_3	N/A	44.928	20	69	2.00e-11	62.4
WP_000845048.1	337	k121_1171848_1	N/A	31.319	54	182	2.15e-11	65.5
WP_000845048.1	337	k121_1140964_1	N/A	36.134	34	119	2.54e-11	63.9
WP_000845048.1	337	k121_500367_2	N/A	30.114	51	176	3.57e-11	66.6
WP_000845048.1	337	k121_961663_1	N/A	31.019	62	216	3.91e-11	65.9
WP_000845048.1	337	k121_203777_1	N/A	29.231	55	195	4.07e-11	65.5
WP_000845048.1	337	k121_832018_1	N/A	27.232	61	224	4.76e-11	65.1
WP_000845048.1	337	k121_636990_2	N/A	30.556	53	180	6.44e-11	63.5
WP_000845048.1	337	k121_513550_1	N/A	23.188	60	207	7.31e-11	64.7
WP_000845048.1	337	k121_262904_39	N/A	30.045	64	223	7.66e-11	65.5
WP_000845048.1	337	k121_324606_1	N/A	25.292	71	257	8.01e-11	64.3
WP_000845048.1	337	k121_150941_71	N/A	26.744	92	344	1.33e-10	65.1
WP_000845048.1	337	k121_868867_1	N/A	43.750	23	80	1.46e-10	62.8
WP_000845048.1	337	k121_360839_2	N/A	25.108	62	231	1.86e-10	63.5
WP_000845048.1	337	k121_1140769_1	N/A	26.250	65	240	1.97e-10	64.3
WP_000845048.1	337	k121_842172_1	N/A	46.575	22	73	2.60e-10	59.3
WP_000845048.1	337	k121_1298543_2	N/A	29.469	60	207	2.67e-10	62.8
WP_000845048.1	337	k121_633646_1	N/A	32.022	52	178	2.94e-10	62.4
WP_000845048.1	337	k121_931551_1	N/A	50.000	23	76	3.09e-10	59.7
WP_000845048.1	337	k121_1178540_1	N/A	24.138	52	174	4.57e-10	60.8
WP_000845048.1	337	k121_659879_1	N/A	36.634	30	101	4.77e-10	59.3
WP_000845048.1	337	k121_779926_2	N/A	28.623	77	276	4.80e-10	63.5
WP_000845048.1	337	k121_992577_1	N/A	30.594	62	219	5.08e-10	61.6
WP_000845048.1	337	k121_794191_2	N/A	29.864	62	221	6.14e-10	62.8
WP_000845048.1	337	k121_1084733_2	N/A	26.812	77	276	6.42e-10	63.2
WP_000845048.1	337	k121_340219_1	N/A	30.994	50	171	8.07e-10	60.5
WP_000845048.1	337	k121_920890_1	N/A	26.347	50	167	8.75e-10	60.1
WP_000845048.1	337	k121_1415734_2	N/A	24.691	90	324	1.02e-09	62.4
WP_000845048.1	337	k121_546628_4	N/A	24.834	85	302	1.08e-09	62.4
WP_000845048.1	337	k121_235922_1	N/A	24.623	58	199	1.23e-09	61.6
WP_000845048.1	337	k121_1387688_1	N/A	23.127	82	307	1.26e-09	62.0
WP_000845048.1	337	k121_650810_1	N/A	29.167	55	192	1.31e-09	60.1
WP_000845048.1	337	k121_1268112_1	N/A	28.571	63	231	1.46e-09	62.4
WP_000845048.1	337	k121_819907_2	N/A	26.471	50	170	1.50e-09	59.3
WP_000845048.1	337	k121_40023_1	N/A	30.964	57	197	1.90e-09	60.5
WP_000845048.1	337	k121_1155711_3	N/A	30.455	63	220	2.95e-09	60.8
WP_000845048.1	337	k121_188282_1	N/A	26.238	58	202	3.38e-09	58.9
WP_000845048.1	337	k121_1374926_1	N/A	23.973	84	292	3.46e-09	60.8
WP_000845048.1	337	k121_398327_1	N/A	45.588	20	68	6.41e-09	56.2
WP_000845048.1	337	k121_712750_1	N/A	23.735	73	257	6.46e-09	58.9
WP_000845048.1	337	k121_214331_1	N/A	27.358	62	212	6.55e-09	59.3
WP_000845048.1	337	k121_504509_2	N/A	28.571	50	168	7.78e-09	57.0
WP_000845048.1	337	k121_432280_1	N/A	29.412	61	221	8.39e-09	59.7
WP_000845048.1	337	k121_7405_1	N/A	32.051	45	156	9.82e-09	57.0
WP_000845048.1	337	k121_881492_1	N/A	26.708	47	161	1.22e-08	58.5
WP_000845048.1	337	k121_592300_1	N/A	27.273	72	253	1.39e-08	58.9
WP_000845048.1	337	k121_1206392_1	N/A	30.319	54	188	1.65e-08	57.8
WP_000845048.1	337	k121_612193_3	N/A	25.817	84	306	1.65e-08	58.9
WP_000845048.1	337	k121_175582_5	N/A	27.575	85	301	1.66e-08	58.5
WP_000845048.1	337	k121_602461_3	N/A	28.169	61	213	2.15e-08	58.2
WP_000845048.1	337	k121_1160992_1	N/A	40.964	25	83	2.44e-08	56.2
WP_000845048.1	337	k121_727284_1	N/A	34.000	27	100	2.51e-08	55.1
WP_000845048.1	337	k121_383007_5	N/A	28.774	62	212	2.79e-08	58.2
WP_000845048.1	337	k121_212483_29	N/A	31.447	47	159	3.18e-08	54.7
WP_000845048.1	337	k121_1056382_1	N/A	32.117	40	137	4.09e-08	56.2
WP_000845048.1	337	k121_791199_2	N/A	27.143	60	210	4.09e-08	58.2
WP_000845048.1	337	k121_178531_1	N/A	27.350	62	234	5.45e-08	57.4
WP_000845048.1	337	k121_233296_1	N/A	26.733	58	202	5.89e-08	55.8
