SadA_ref|WP_036299419.1|:1-399	399	k121_362808_2	N/A	44.588	97	388	6.15e-115	343
SadA_ref|WP_036299419.1|:1-399	399	k121_1299087_4	N/A	43.797	98	395	9.39e-113	338
SadA_ref|WP_036299419.1|:1-399	399	k121_246314_3	N/A	44.588	97	388	2.10e-112	337
SadA_ref|WP_036299419.1|:1-399	399	k121_553341_88	N/A	45.220	97	387	1.54e-109	330
SadA_ref|WP_036299419.1|:1-399	399	k121_1529265_5	N/A	32.391	96	389	5.22e-61	205
SadA_ref|WP_036299419.1|:1-399	399	k121_734592_187	N/A	31.959	97	388	5.59e-61	204
SadA_ref|WP_036299419.1|:1-399	399	k121_2972_2	N/A	32.468	95	385	2.24e-60	203
SadA_ref|WP_036299419.1|:1-399	399	k121_492436_65	N/A	31.034	94	377	1.79e-57	195
SadA_ref|WP_036299419.1|:1-399	399	k121_500337_2	N/A	30.079	95	379	6.27e-56	191
SadA_ref|WP_036299419.1|:1-399	399	k121_712829_2	N/A	30.851	94	376	1.16e-55	191
SadA_ref|WP_036299419.1|:1-399	399	k121_1184296_54	N/A	33.505	94	388	4.45e-55	189
SadA_ref|WP_036299419.1|:1-399	399	k121_1012637_2	N/A	29.815	95	379	3.46e-54	187
SadA_ref|WP_036299419.1|:1-399	399	k121_1287591_1	N/A	32.479	87	351	9.45e-53	182
SadA_ref|WP_036299419.1|:1-399	399	k121_1291287_115	N/A	31.316	94	380	3.12e-52	182
SadA_ref|WP_036299419.1|:1-399	399	k121_781274_154	N/A	31.298	96	393	1.12e-51	181
SadA_ref|WP_036299419.1|:1-399	399	k121_979671_119	N/A	29.843	94	382	1.30e-47	169
SadA_ref|WP_036299419.1|:1-399	399	k121_1780960_4	N/A	30.025	97	393	2.15e-47	169
SadA_ref|WP_036299419.1|:1-399	399	k121_781274_115	N/A	30.311	94	386	1.43e-45	165
SadA_ref|WP_036299419.1|:1-399	399	k121_781274_97	N/A	29.412	99	408	2.61e-45	164
SadA_ref|WP_036299419.1|:1-399	399	k121_1363696_30	N/A	29.008	97	393	5.42e-45	163
SadA_ref|WP_036299419.1|:1-399	399	k121_1363696_20	N/A	33.590	95	390	7.95e-45	163
SadA_ref|WP_036299419.1|:1-399	399	k121_946926_7	N/A	29.082	97	392	6.24e-44	160
SadA_ref|WP_036299419.1|:1-399	399	k121_1756191_4	N/A	26.823	96	384	7.17e-43	157
SadA_ref|WP_036299419.1|:1-399	399	k121_1041279_21	N/A	29.262	97	393	1.42e-42	156
SadA_ref|WP_036299419.1|:1-399	399	k121_1099410_3	N/A	31.646	95	395	2.10e-41	153
SadA_ref|WP_036299419.1|:1-399	399	k121_1094688_3	N/A	29.146	98	398	2.56e-41	153
SadA_ref|WP_036299419.1|:1-399	399	k121_797365_6	N/A	30.412	95	388	1.11e-40	152
SadA_ref|WP_036299419.1|:1-399	399	k121_166670_2	N/A	32.203	59	236	6.09e-39	147
SadA_ref|WP_036299419.1|:1-399	399	k121_1693827_2	N/A	27.877	95	391	9.00e-39	146
SadA_ref|WP_036299419.1|:1-399	399	k121_460882_2	N/A	28.446	84	341	1.24e-38	145
SadA_ref|WP_036299419.1|:1-399	399	k121_1364366_9	N/A	31.117	92	376	6.00e-38	143
SadA_ref|WP_036299419.1|:1-399	399	k121_733658_2	N/A	26.121	92	379	2.13e-37	142
SadA_ref|WP_036299419.1|:1-399	399	k121_656014_2	N/A	28.840	78	319	9.19e-37	139
SadA_ref|WP_036299419.1|:1-399	399	k121_1484887_12	N/A	30.563	93	373	2.54e-36	139
SadA_ref|WP_036299419.1|:1-399	399	k121_690706_2	N/A	26.617	96	402	6.59e-35	135
SadA_ref|WP_036299419.1|:1-399	399	k121_869700_20	N/A	31.092	58	238	1.31e-34	134
SadA_ref|WP_036299419.1|:1-399	399	k121_55999_2	N/A	26.617	96	402	2.61e-34	134
SadA_ref|WP_036299419.1|:1-399	399	k121_1551229_31	N/A	26.221	95	389	2.33e-31	126
SadA_ref|WP_036299419.1|:1-399	399	k121_1396629_10	N/A	32.524	52	206	5.14e-31	125
SadA_ref|WP_036299419.1|:1-399	399	k121_1246622_4	N/A	28.133	96	391	1.40e-30	124
SadA_ref|WP_036299419.1|:1-399	399	k121_1291287_7	N/A	27.989	91	368	4.26e-30	122
SadA_ref|WP_036299419.1|:1-399	399	k121_1655166_3	N/A	33.168	50	202	6.89e-30	122
SadA_ref|WP_036299419.1|:1-399	399	k121_72448_2	N/A	29.221	77	308	2.25e-29	119
SadA_ref|WP_036299419.1|:1-399	399	k121_799332_6	N/A	25.393	95	382	8.27e-29	119
SadA_ref|WP_036299419.1|:1-399	399	k121_1521184_2	N/A	25.255	95	392	1.47e-28	118
SadA_ref|WP_036299419.1|:1-399	399	k121_1246622_3	N/A	32.394	53	213	1.73e-28	118
SadA_ref|WP_036299419.1|:1-399	399	k121_780906_4	N/A	25.000	95	392	7.28e-27	114
SadA_ref|WP_036299419.1|:1-399	399	k121_245629_1	N/A	29.851	65	268	3.22e-26	109
SadA_ref|WP_036299419.1|:1-399	399	k121_1062666_3	N/A	26.536	87	358	6.31e-24	105
SadA_ref|WP_036299419.1|:1-399	399	k121_206109_2	N/A	31.250	46	192	1.39e-23	100
SadA_ref|WP_036299419.1|:1-399	399	k121_1427626_2	N/A	23.978	92	367	2.13e-23	103
SadA_ref|WP_036299419.1|:1-399	399	k121_83529_8	N/A	27.838	91	370	6.15e-23	102
SadA_ref|WP_036299419.1|:1-399	399	k121_1399343_10	N/A	25.134	92	374	1.07e-20	95.9
SadA_ref|WP_036299419.1|:1-399	399	k121_1677705_2	N/A	28.916	62	249	3.75e-20	92.4
SadA_ref|WP_036299419.1|:1-399	399	k121_143509_81	N/A	26.744	43	172	2.29e-18	88.6
SadA_ref|WP_036299419.1|:1-399	399	k121_1018825_1	N/A	24.462	92	372	1.89e-17	86.7
SadA_ref|WP_036299419.1|:1-399	399	k121_1331250_8	N/A	23.724	93	392	2.58e-16	83.6
SadA_ref|WP_036299419.1|:1-399	399	k121_1096933_3	N/A	23.650	94	389	9.72e-16	81.6
SadA_ref|WP_036299419.1|:1-399	399	k121_110081_3	N/A	23.219	94	379	1.52e-15	80.9
SadA_ref|WP_036299419.1|:1-399	399	k121_1540547_1	N/A	30.233	32	129	3.02e-14	72.8
SadA_ref|WP_036299419.1|:1-399	399	k121_1353376_2	N/A	24.728	92	368	4.91e-14	76.3
SadA_ref|WP_036299419.1|:1-399	399	k121_769197_2	N/A	30.247	41	162	8.13e-14	72.0
SadA_ref|WP_036299419.1|:1-399	399	k121_1753197_4	N/A	27.465	67	284	1.20e-12	71.2
SadA_ref|WP_036299419.1|:1-399	399	k121_1460961_1	N/A	25.936	89	374	3.70e-12	70.9
SadA_ref|WP_036299419.1|:1-399	399	k121_1456217_6	N/A	27.670	49	206	1.15e-11	69.3
SadA_ref|WP_036299419.1|:1-399	399	k121_364081_1	N/A	35.849	27	106	1.79e-11	63.9
SadA_ref|WP_036299419.1|:1-399	399	k121_1405782_12	N/A	24.409	92	381	2.70e-11	68.2
SadA_ref|WP_036299419.1|:1-399	399	k121_24378_4	N/A	30.216	34	139	6.06e-11	63.2
SadA_ref|WP_036299419.1|:1-399	399	k121_979801_2	N/A	29.703	25	101	1.21e-10	61.2
SadA_ref|WP_036299419.1|:1-399	399	k121_844789_3	N/A	27.128	44	188	1.42e-10	63.9
SadA_ref|WP_036299419.1|:1-399	399	k121_1006098_9	N/A	23.490	37	149	7.54e-09	57.8
SadA_ref|WP_036299419.1|:1-399	399	k121_462669_6	N/A	27.852	70	298	1.25e-07	56.6
SadA_ref|WP_036299419.1|:1-399	399	k121_477890_4	N/A	23.861	87	373	6.51e-07	54.3
SadA_ref|WP_036299419.1|:1-399	399	k121_1760423_2	N/A	25.101	59	247	1.44e-06	53.5
SadA_ref|WP_036299419.1|:1-399	399	k121_1133320_13	N/A	26.877	61	253	2.19e-06	52.8
SadA_ref|WP_036299419.1|:1-399	399	k121_6331_2	N/A	22.340	89	376	6.84e-06	51.2
SadA_ref|WP_036299419.1|:1-399	399	k121_467611_9	N/A	24.691	59	243	1.16e-05	50.8
SadA_ref|WP_036299419.1|:1-399	399	k121_926903_2	N/A	22.917	55	240	7.55e-05	48.1
SadA_ref|WP_036299419.1|:1-399	399	k121_786616_2	N/A	25.000	44	188	1.51e-04	47.0
SadA_ref|WP_036299419.1|:1-399	399	k121_260386_5	N/A	22.167	93	406	4.37e-04	45.8
SadA_ref|WP_036299419.1|:1-399	399	k121_920161_249	N/A	21.702	51	235	5.19e-04	45.4
SadA_ref|WP_036299419.1|:1-399	399	k121_1408111_1	N/A	25.000	57	260	0.001	44.3
SadA_ref|WP_036299419.1|:1-399	399	k121_492026_12	N/A	22.604	93	407	0.001	44.7
SadA_ref|WP_036299419.1|:1-399	399	k121_1291287_29	N/A	26.633	43	199	0.001	44.3
SadA_ref|WP_036299419.1|:1-399	399	k121_1441522_2	N/A	23.907	89	389	0.001	44.3
SadA_ref|WP_036299419.1|:1-399	399	k121_737175_1	N/A	22.995	47	187	0.002	43.5
SadA_ref|WP_036299419.1|:1-399	399	k121_1428156_14	N/A	22.167	93	406	0.002	43.5
SadA_ref|WP_036299419.1|:1-399	399	k121_333424_4	N/A	41.111	21	90	0.003	43.1
SadA_ref|WP_036299419.1|:1-399	399	k121_1660025_5	N/A	23.622	60	254	0.004	42.4
SadA_ref|WP_036299419.1|:1-399	399	k121_1003972_54	N/A	23.038	91	395	0.004	42.7
SadA_ref|WP_036299419.1|:1-399	399	k121_31578_2	N/A	23.774	62	265	0.004	42.4
SadA_ref|WP_036299419.1|:1-399	399	k121_995019_1	N/A	24.830	68	294	0.004	42.7
SadA_ref|WP_036299419.1|:1-399	399	k121_1565182_2	N/A	25.000	43	196	0.006	42.0
SadA_ref|WP_036299419.1|:1-399	399	k121_212100_3	N/A	24.359	53	234	0.007	42.0
SadA_ref|WP_036299419.1|:1-399	399	k121_1649573_5	N/A	23.291	92	395	0.007	42.0
SadA_ref|WP_036299419.1|:1-399	399	k121_568993_10	N/A	24.390	59	246	0.010	41.2
SadA_ref|WP_036299419.1|:1-399	399	k121_1752866_1	N/A	27.273	62	253	0.010	40.8
SadA_ref|WP_036299419.1|:1-399	399	k121_47397_1	N/A	32.632	23	95	0.012	40.8
SadA_ref|WP_036299419.1|:1-399	399	k121_267192_2	N/A	23.664	62	262	0.014	40.4
SadA_ref|WP_036299419.1|:1-399	399	k121_1529093_1	N/A	29.762	21	84	0.015	39.3
SadA_ref|WP_036299419.1|:1-399	399	k121_512752_6	N/A	30.208	24	96	0.015	40.8
SadA_ref|WP_036299419.1|:1-399	399	k121_440248_3	N/A	22.703	87	370	0.018	40.4
SadA_ref|WP_036299419.1|:1-399	399	k121_817554_1	N/A	22.343	85	367	0.020	40.4
SadA_ref|WP_036299419.1|:1-399	399	k121_1524729_5	N/A	25.926	55	243	0.021	40.4
SadA_ref|WP_036299419.1|:1-399	399	k121_1645270_1	N/A	34.146	21	82	0.022	38.9
SadA_ref|WP_036299419.1|:1-399	399	k121_1716171_11	N/A	23.164	84	354	0.026	40.0
SadA_ref|WP_036299419.1|:1-399	399	k121_450960_7	N/A	22.848	71	302	0.027	40.0
SadA_ref|WP_036299419.1|:1-399	399	k121_1056579_5	N/A	25.248	43	202	0.028	40.0
SadA_ref|WP_036299419.1|:1-399	399	k121_1349405_2	N/A	29.762	21	84	0.031	39.7
SadA_ref|WP_036299419.1|:1-399	399	k121_1334954_1	N/A	29.762	21	84	0.038	39.7
SadA_ref|WP_036299419.1|:1-399	399	k121_1282194_1	N/A	23.671	51	207	0.042	38.9
SadA_ref|WP_036299419.1|:1-399	399	k121_823466_1	N/A	29.032	23	93	0.070	38.5
SadA_ref|WP_036299419.1|:1-399	399	k121_451470_18	N/A	22.554	87	368	0.075	38.5
SadA_ref|WP_036299419.1|:1-399	399	k121_1046011_1	N/A	32.955	22	88	0.097	38.1
SadB_ref|WP_100812327.1|:1-423	423	k121_362808_2	N/A	40.617	91	389	2.66e-93	289
SadB_ref|WP_100812327.1|:1-423	423	k121_553341_88	N/A	37.940	93	398	2.67e-83	263
SadB_ref|WP_100812327.1|:1-423	423	k121_246314_3	N/A	37.852	91	391	2.72e-80	256
SadB_ref|WP_100812327.1|:1-423	423	k121_1299087_4	N/A	37.596	91	391	5.24e-80	255
SadB_ref|WP_100812327.1|:1-423	423	k121_734592_187	N/A	30.769	91	390	7.03e-52	181
SadB_ref|WP_100812327.1|:1-423	423	k121_1363696_30	N/A	28.792	91	389	1.31e-49	176
SadB_ref|WP_100812327.1|:1-423	423	k121_1780960_4	N/A	29.231	91	390	2.87e-49	175
SadB_ref|WP_100812327.1|:1-423	423	k121_1184296_54	N/A	28.796	89	382	2.97e-49	175
SadB_ref|WP_100812327.1|:1-423	423	k121_1291287_115	N/A	30.749	90	387	3.95e-49	175
SadB_ref|WP_100812327.1|:1-423	423	k121_1363696_20	N/A	31.926	89	379	5.57e-49	174
SadB_ref|WP_100812327.1|:1-423	423	k121_492436_65	N/A	29.688	90	384	9.60e-49	173
SadB_ref|WP_100812327.1|:1-423	423	k121_781274_154	N/A	31.500	92	400	1.65e-47	170
SadB_ref|WP_100812327.1|:1-423	423	k121_2972_2	N/A	28.389	91	391	2.18e-47	169
SadB_ref|WP_100812327.1|:1-423	423	k121_797365_6	N/A	31.169	88	385	3.94e-47	169
SadB_ref|WP_100812327.1|:1-423	423	k121_781274_115	N/A	32.190	88	379	1.10e-46	168
SadB_ref|WP_100812327.1|:1-423	423	k121_1099410_3	N/A	31.959	90	388	2.33e-46	167
SadB_ref|WP_100812327.1|:1-423	423	k121_1529265_5	N/A	28.205	91	390	2.34e-46	167
SadB_ref|WP_100812327.1|:1-423	423	k121_781274_97	N/A	28.312	90	385	3.83e-46	167
SadB_ref|WP_100812327.1|:1-423	423	k121_712829_2	N/A	27.676	90	383	5.14e-44	160
SadB_ref|WP_100812327.1|:1-423	423	k121_1756191_4	N/A	27.366	92	391	1.26e-43	160
SadB_ref|WP_100812327.1|:1-423	423	k121_500337_2	N/A	28.272	90	382	3.40e-43	158
SadB_ref|WP_100812327.1|:1-423	423	k121_1012637_2	N/A	28.272	90	382	1.92e-42	156
SadB_ref|WP_100812327.1|:1-423	423	k121_1364366_9	N/A	30.270	86	370	7.12e-41	152
SadB_ref|WP_100812327.1|:1-423	423	k121_979671_119	N/A	25.445	91	393	3.28e-40	150
SadB_ref|WP_100812327.1|:1-423	423	k121_1246622_3	N/A	29.752	84	363	1.40e-39	148
SadB_ref|WP_100812327.1|:1-423	423	k121_946926_7	N/A	27.835	90	388	5.77e-39	147
SadB_ref|WP_100812327.1|:1-423	423	k121_1246622_4	N/A	31.008	91	387	1.19e-38	146
SadB_ref|WP_100812327.1|:1-423	423	k121_1396629_10	N/A	26.042	90	384	1.27e-36	141
SadB_ref|WP_100812327.1|:1-423	423	k121_1287591_1	N/A	28.986	80	345	1.05e-35	137
SadB_ref|WP_100812327.1|:1-423	423	k121_1484887_12	N/A	27.224	87	371	3.26e-35	137
SadB_ref|WP_100812327.1|:1-423	423	k121_72448_2	N/A	30.341	75	323	9.30e-35	134
SadB_ref|WP_100812327.1|:1-423	423	k121_55999_2	N/A	26.154	90	390	1.51e-34	135
SadB_ref|WP_100812327.1|:1-423	423	k121_245629_1	N/A	34.171	46	199	1.62e-34	132
SadB_ref|WP_100812327.1|:1-423	423	k121_1094688_3	N/A	30.025	91	393	1.68e-34	135
SadB_ref|WP_100812327.1|:1-423	423	k121_869700_20	N/A	27.719	66	285	3.09e-34	134
SadB_ref|WP_100812327.1|:1-423	423	k121_166670_2	N/A	26.738	87	374	1.13e-33	133
SadB_ref|WP_100812327.1|:1-423	423	k121_690706_2	N/A	26.075	86	372	1.20e-33	132
SadB_ref|WP_100812327.1|:1-423	423	k121_1041279_21	N/A	29.082	91	392	1.59e-33	132
SadB_ref|WP_100812327.1|:1-423	423	k121_733658_2	N/A	25.266	86	376	2.30e-33	132
SadB_ref|WP_100812327.1|:1-423	423	k121_799332_6	N/A	27.446	84	368	7.01e-33	130
SadB_ref|WP_100812327.1|:1-423	423	k121_1693827_2	N/A	27.461	90	386	7.40e-33	130
SadB_ref|WP_100812327.1|:1-423	423	k121_206109_2	N/A	36.408	47	206	2.09e-31	122
SadB_ref|WP_100812327.1|:1-423	423	k121_460882_2	N/A	24.412	80	340	2.66e-30	123
SadB_ref|WP_100812327.1|:1-423	423	k121_1551229_31	N/A	25.521	87	384	1.34e-29	121
SadB_ref|WP_100812327.1|:1-423	423	k121_1062666_3	N/A	25.683	86	366	6.40e-29	119
SadB_ref|WP_100812327.1|:1-423	423	k121_1655166_3	N/A	27.877	90	391	7.77e-29	119
SadB_ref|WP_100812327.1|:1-423	423	k121_1521184_2	N/A	26.738	83	374	7.32e-28	117
SadB_ref|WP_100812327.1|:1-423	423	k121_656014_2	N/A	25.517	68	290	9.62e-28	115
SadB_ref|WP_100812327.1|:1-423	423	k121_1427626_2	N/A	25.946	86	370	1.85e-25	110
SadB_ref|WP_100812327.1|:1-423	423	k121_1291287_7	N/A	31.683	47	202	2.71e-24	106
SadB_ref|WP_100812327.1|:1-423	423	k121_780906_4	N/A	21.693	86	378	2.23e-23	104
SadB_ref|WP_100812327.1|:1-423	423	k121_83529_8	N/A	26.536	85	358	3.70e-22	100
SadB_ref|WP_100812327.1|:1-423	423	k121_143509_81	N/A	26.316	84	361	1.02e-21	98.6
SadB_ref|WP_100812327.1|:1-423	423	k121_1677705_2	N/A	27.309	58	249	7.07e-18	85.9
SadB_ref|WP_100812327.1|:1-423	423	k121_1096933_3	N/A	25.490	82	357	7.74e-16	82.0
SadB_ref|WP_100812327.1|:1-423	423	k121_110081_3	N/A	24.727	65	275	2.34e-15	80.5
SadB_ref|WP_100812327.1|:1-423	423	k121_1353376_2	N/A	26.158	84	367	3.31e-15	80.1
SadB_ref|WP_100812327.1|:1-423	423	k121_1399343_10	N/A	26.050	56	238	1.22e-14	78.6
SadB_ref|WP_100812327.1|:1-423	423	k121_1405782_12	N/A	25.781	60	256	2.08e-13	74.7
SadB_ref|WP_100812327.1|:1-423	423	k121_1018825_1	N/A	23.950	56	238	3.70e-13	73.9
SadB_ref|WP_100812327.1|:1-423	423	k121_844789_3	N/A	27.411	43	197	4.50e-13	71.2
SadB_ref|WP_100812327.1|:1-423	423	k121_1006098_9	N/A	30.405	35	148	7.81e-13	69.3
SadB_ref|WP_100812327.1|:1-423	423	k121_1540547_1	N/A	27.559	30	127	2.31e-12	67.8
SadB_ref|WP_100812327.1|:1-423	423	k121_1460961_1	N/A	26.633	47	199	2.90e-12	71.2
SadB_ref|WP_100812327.1|:1-423	423	k121_1331250_8	N/A	29.101	42	189	7.86e-12	70.1
SadB_ref|WP_100812327.1|:1-423	423	k121_1062666_6	N/A	25.118	49	211	6.12e-11	65.1
SadB_ref|WP_100812327.1|:1-423	423	k121_1753197_4	N/A	28.309	60	272	3.47e-10	63.9
SadB_ref|WP_100812327.1|:1-423	423	k121_462669_4	N/A	22.933	84	375	3.61e-09	61.6
SadB_ref|WP_100812327.1|:1-423	423	k121_1260126_1	N/A	22.193	83	374	4.98e-09	61.2
SadB_ref|WP_100812327.1|:1-423	423	k121_1740230_3	N/A	24.798	80	371	9.67e-09	60.5
SadB_ref|WP_100812327.1|:1-423	423	k121_31578_2	N/A	22.312	83	372	2.59e-08	58.9
SadB_ref|WP_100812327.1|:1-423	423	k121_1544446_3	N/A	33.594	27	128	5.93e-08	57.8
SadB_ref|WP_100812327.1|:1-423	423	k121_769197_2	N/A	24.540	39	163	6.56e-08	55.1
SadB_ref|WP_100812327.1|:1-423	423	k121_492026_12	N/A	24.337	89	415	8.61e-08	57.4
SadB_ref|WP_100812327.1|:1-423	423	k121_1548073_1	N/A	26.171	80	363	9.77e-08	57.0
SadB_ref|WP_100812327.1|:1-423	423	k121_654942_2	N/A	24.528	80	371	1.09e-07	57.0
SadB_ref|WP_100812327.1|:1-423	423	k121_1456217_6	N/A	23.645	46	203	1.19e-07	57.0
SadB_ref|WP_100812327.1|:1-423	423	k121_440248_3	N/A	21.558	87	385	1.21e-07	57.0
SadB_ref|WP_100812327.1|:1-423	423	k121_247657_4	N/A	25.067	80	371	3.37e-07	55.5
SadB_ref|WP_100812327.1|:1-423	423	k121_443008_10	N/A	24.110	79	365	3.75e-07	55.5
SadB_ref|WP_100812327.1|:1-423	423	k121_451470_18	N/A	25.000	66	292	4.34e-07	55.1
SadB_ref|WP_100812327.1|:1-423	423	k121_563334_2	N/A	23.876	81	356	5.09e-07	55.1
SadB_ref|WP_100812327.1|:1-423	423	k121_260386_5	N/A	24.103	85	390	6.49e-07	54.7
SadB_ref|WP_100812327.1|:1-423	423	k121_364081_1	N/A	26.316	27	114	6.95e-07	50.8
SadB_ref|WP_100812327.1|:1-423	423	k121_450960_7	N/A	24.090	81	357	8.90e-07	54.3
SadB_ref|WP_100812327.1|:1-423	423	k121_24378_4	N/A	27.679	26	112	1.35e-06	50.8
SadB_ref|WP_100812327.1|:1-423	423	k121_438558_5	N/A	32.283	27	127	1.97e-06	53.1
SadB_ref|WP_100812327.1|:1-423	423	k121_1663685_1	N/A	30.909	36	165	4.09e-06	50.8
SadB_ref|WP_100812327.1|:1-423	423	k121_462669_6	N/A	22.772	91	404	4.37e-06	52.0
SadB_ref|WP_100812327.1|:1-423	423	k121_75611_4	N/A	22.222	80	360	5.73e-06	51.6
SadB_ref|WP_100812327.1|:1-423	423	k121_681867_2	N/A	22.959	88	392	6.49e-06	51.6
SadB_ref|WP_100812327.1|:1-423	423	k121_6331_2	N/A	21.907	87	388	8.52e-06	51.2
SadB_ref|WP_100812327.1|:1-423	423	k121_573223_1	N/A	26.280	65	293	1.07e-05	50.4
SadB_ref|WP_100812327.1|:1-423	423	k121_1501404_4	N/A	25.620	81	363	2.70e-05	49.7
SadB_ref|WP_100812327.1|:1-423	423	k121_1428156_14	N/A	23.876	77	356	2.74e-05	49.7
SadB_ref|WP_100812327.1|:1-423	423	k121_517185_2	N/A	31.967	26	122	2.99e-05	48.5
SadB_ref|WP_100812327.1|:1-423	423	k121_1529093_1	N/A	32.812	27	128	3.70e-05	47.0
SadB_ref|WP_100812327.1|:1-423	423	k121_467611_9	N/A	24.103	88	390	6.19e-05	48.5
SadB_ref|WP_100812327.1|:1-423	423	k121_890980_15	N/A	26.923	81	364	6.35e-05	48.5
SadB_ref|WP_100812327.1|:1-423	423	k121_938790_1	N/A	32.520	26	123	7.25e-05	46.2
SadB_ref|WP_100812327.1|:1-423	423	k121_464455_67	N/A	23.219	85	379	7.59e-05	48.1
SadB_ref|WP_100812327.1|:1-423	423	k121_477890_4	N/A	23.035	82	369	8.12e-05	48.1
SadB_ref|WP_100812327.1|:1-423	423	k121_225404_2	N/A	32.787	26	122	9.37e-05	47.8
SadB_ref|WP_100812327.1|:1-423	423	k121_1314809_1	N/A	22.995	79	374	1.47e-04	47.4
SadB_ref|WP_100812327.1|:1-423	423	k121_786616_2	N/A	26.316	43	190	1.50e-04	47.4
SadB_ref|WP_100812327.1|:1-423	423	k121_1349405_2	N/A	30.435	35	161	1.67e-04	46.6
SadB_ref|WP_100812327.1|:1-423	423	k121_1565182_2	N/A	25.600	53	250	1.78e-04	47.0
SadB_ref|WP_100812327.1|:1-423	423	k121_236186_10	N/A	26.374	81	364	1.81e-04	47.0
SadB_ref|WP_100812327.1|:1-423	423	k121_1190871_42	N/A	26.829	37	164	5.45e-04	45.4
SadB_ref|WP_100812327.1|:1-423	423	k121_995019_1	N/A	27.439	35	164	7.22e-04	45.1
SadB_ref|WP_100812327.1|:1-423	423	k121_1334954_1	N/A	32.520	26	123	8.02e-04	45.1
SadB_ref|WP_100812327.1|:1-423	423	k121_1056579_5	N/A	23.398	79	359	0.001	44.7
SadB_ref|WP_100812327.1|:1-423	423	k121_114685_1	N/A	21.760	90	409	0.001	44.7
SadB_ref|WP_100812327.1|:1-423	423	k121_1003972_54	N/A	22.280	81	386	0.001	44.3
SadB_ref|WP_100812327.1|:1-423	423	k121_150595_3	N/A	28.571	30	140	0.002	43.9
SadB_ref|WP_100812327.1|:1-423	423	k121_231685_2	N/A	32.031	27	128	0.002	43.9
SadB_ref|WP_100812327.1|:1-423	423	k121_578507_1	N/A	26.404	35	178	0.002	42.7
SadB_ref|WP_100812327.1|:1-423	423	k121_1408111_1	N/A	25.306	49	245	0.002	43.1
SadB_ref|WP_100812327.1|:1-423	423	k121_1406684_6	N/A	25.902	65	305	0.002	43.5
SadB_ref|WP_100812327.1|:1-423	423	k121_451470_17	N/A	22.826	81	368	0.003	43.1
SadB_ref|WP_100812327.1|:1-423	423	k121_1781265_2	N/A	21.739	48	207	0.005	42.0
SadB_ref|WP_100812327.1|:1-423	423	k121_450960_8	N/A	22.857	85	385	0.006	42.4
SadB_ref|WP_100812327.1|:1-423	423	k121_1760423_2	N/A	30.588	20	85	0.007	42.0
SadB_ref|WP_100812327.1|:1-423	423	k121_876304_3	N/A	29.286	30	140	0.007	41.6
SadB_ref|WP_100812327.1|:1-423	423	k121_1046168_4	N/A	26.974	35	152	0.008	40.0
SadB_ref|WP_100812327.1|:1-423	423	k121_1620124_6	N/A	26.136	35	176	0.009	40.8
SadB_ref|WP_100812327.1|:1-423	423	k121_1064723_5	N/A	26.744	33	172	0.014	40.0
SadB_ref|WP_100812327.1|:1-423	423	k121_716794_3	N/A	23.055	77	347	0.018	40.8
SadB_ref|WP_100812327.1|:1-423	423	k121_224481_2	N/A	24.062	69	320	0.019	40.4
SadB_ref|WP_100812327.1|:1-423	423	k121_115449_7	N/A	29.565	27	115	0.023	40.4
SadB_ref|WP_100812327.1|:1-423	423	k121_305261_3	N/A	23.729	81	354	0.026	40.0
SadB_ref|WP_100812327.1|:1-423	423	k121_247222_1	N/A	20.968	29	124	0.027	38.1
SadB_ref|WP_100812327.1|:1-423	423	k121_985673_1	N/A	25.000	28	140	0.031	39.3
SadB_ref|WP_100812327.1|:1-423	423	k121_18585_2	N/A	24.202	84	376	0.046	39.3
SadB_ref|WP_100812327.1|:1-423	423	k121_1645270_1	N/A	29.054	34	148	0.050	37.7
SadB_ref|WP_100812327.1|:1-423	423	k121_1385832_49	N/A	27.737	30	137	0.054	39.3
SadB_ref|WP_100812327.1|:1-423	423	k121_491412_2	N/A	26.378	56	254	0.055	39.3
SadB_ref|WP_100812327.1|:1-423	423	k121_817554_1	N/A	21.316	85	380	0.065	38.9
SadB_ref|WP_100812327.1|:1-423	423	k121_990369_3	N/A	27.049	26	122	0.067	38.9
SadB_ref|WP_100812327.1|:1-423	423	k121_977649_2	N/A	27.879	36	165	0.067	38.9
SadB_ref|WP_100812327.1|:1-423	423	k121_1359251_2	N/A	26.471	43	204	0.071	39.3
SadC_ref|WP_036299413.1|:1-194	194	k121_253549_2	N/A	54.438	87	169	6.80e-55	176
SadC_ref|WP_036299413.1|:1-194	194	k121_114685_2	N/A	49.398	86	166	2.63e-52	170
SadC_ref|WP_036299413.1|:1-194	194	k121_1456217_5	N/A	43.396	82	159	3.48e-38	132
SadC_ref|WP_036299413.1|:1-194	194	k121_1046114_1	N/A	45.385	67	130	7.40e-33	119
SadC_ref|WP_036299413.1|:1-194	194	k121_979671_90	N/A	39.416	71	137	1.25e-31	115
SadC_ref|WP_036299413.1|:1-194	194	k121_51002_1	N/A	41.912	70	136	2.09e-31	114
SadC_ref|WP_036299413.1|:1-194	194	k121_293410_2	N/A	45.238	87	168	8.82e-31	113
SadC_ref|WP_036299413.1|:1-194	194	k121_872763_2	N/A	41.071	58	112	1.06e-22	91.7
SadC_ref|WP_036299413.1|:1-194	194	k121_521233_9	N/A	34.969	84	163	1.81e-20	88.2
SadC_ref|WP_036299413.1|:1-194	194	k121_308866_7	N/A	65.278	37	72	1.44e-17	77.0
SadC_ref|WP_036299413.1|:1-194	194	k121_952936_2	N/A	34.591	82	159	1.67e-17	79.3
SadC_ref|WP_036299413.1|:1-194	194	k121_1486673_7	N/A	34.395	81	157	8.43e-17	77.4
SadC_ref|WP_036299413.1|:1-194	194	k121_456669_9	N/A	34.783	83	161	8.77e-15	72.0
SadC_ref|WP_036299413.1|:1-194	194	k121_1688240_124	N/A	31.250	82	160	9.14e-14	68.9
SadC_ref|WP_036299413.1|:1-194	194	k121_827380_3	N/A	28.571	79	154	9.66e-14	68.9
SadC_ref|WP_036299413.1|:1-194	194	k121_237448_2	N/A	28.931	82	159	1.11e-13	68.9
SadC_ref|WP_036299413.1|:1-194	194	k121_962859_2	N/A	30.000	67	130	8.93e-13	65.5
SadC_ref|WP_036299413.1|:1-194	194	k121_468613_2	N/A	32.919	83	161	1.04e-12	66.6
SadC_ref|WP_036299413.1|:1-194	194	k121_553847_2	N/A	27.451	77	153	3.93e-12	64.7
SadC_ref|WP_036299413.1|:1-194	194	k121_1636285_12	N/A	31.852	69	135	4.09e-12	64.7
SadC_ref|WP_036299413.1|:1-194	194	k121_1405782_5	N/A	26.994	83	163	8.63e-12	63.5
SadC_ref|WP_036299413.1|:1-194	194	k121_752528_3	N/A	26.506	85	166	1.38e-11	63.2
SadC_ref|WP_036299413.1|:1-194	194	k121_1728955_8	N/A	32.624	71	141	2.34e-11	62.8
SadC_ref|WP_036299413.1|:1-194	194	k121_1149439_1	N/A	29.197	71	137	2.60e-11	62.0
SadC_ref|WP_036299413.1|:1-194	194	k121_737420_3	N/A	29.545	68	132	3.85e-11	61.6
SadC_ref|WP_036299413.1|:1-194	194	k121_924488_128	N/A	39.450	56	109	4.30e-11	62.0
SadC_ref|WP_036299413.1|:1-194	194	k121_1666550_2	N/A	32.031	65	128	5.14e-11	63.5
SadC_ref|WP_036299413.1|:1-194	194	k121_1439256_4	N/A	26.506	85	166	6.35e-11	61.2
SadC_ref|WP_036299413.1|:1-194	194	k121_784778_37	N/A	28.402	87	169	8.18e-11	60.8
SadC_ref|WP_036299413.1|:1-194	194	k121_1551229_59	N/A	27.545	86	167	1.38e-10	60.5
SadC_ref|WP_036299413.1|:1-194	194	k121_1130814_2	N/A	29.104	69	134	1.41e-10	61.2
SadC_ref|WP_036299413.1|:1-194	194	k121_744452_4	N/A	31.788	77	151	1.52e-10	60.5
SadC_ref|WP_036299413.1|:1-194	194	k121_1259561_2	N/A	31.788	77	151	2.99e-10	59.7
SadC_ref|WP_036299413.1|:1-194	194	k121_858203_3	N/A	27.950	81	161	4.28e-10	59.3
SadC_ref|WP_036299413.1|:1-194	194	k121_1427626_3	N/A	26.163	86	172	4.49e-10	59.3
SadC_ref|WP_036299413.1|:1-194	194	k121_943764_4	N/A	27.215	81	158	4.77e-10	58.9
SadC_ref|WP_036299413.1|:1-194	194	k121_1381550_3	N/A	27.742	76	155	6.84e-10	60.5
SadC_ref|WP_036299413.1|:1-194	194	k121_490215_1	N/A	28.302	79	159	8.82e-10	57.8
SadC_ref|WP_036299413.1|:1-194	194	k121_111188_4	N/A	37.634	47	93	1.08e-09	58.2
SadC_ref|WP_036299413.1|:1-194	194	k121_1280881_5	N/A	27.215	81	158	1.28e-09	57.8
SadC_ref|WP_036299413.1|:1-194	194	k121_110081_6	N/A	25.466	82	161	2.00e-09	57.4
SadC_ref|WP_036299413.1|:1-194	194	k121_1130993_1	N/A	37.634	47	93	2.08e-09	56.6
SadC_ref|WP_036299413.1|:1-194	194	k121_90113_2	N/A	25.466	82	161	3.98e-09	56.6
SadC_ref|WP_036299413.1|:1-194	194	k121_1794184_2	N/A	28.462	66	130	4.66e-09	56.2
SadC_ref|WP_036299413.1|:1-194	194	k121_1119265_2	N/A	24.699	85	166	6.86e-09	55.8
SadC_ref|WP_036299413.1|:1-194	194	k121_957786_2	N/A	25.316	81	158	6.93e-09	55.8
SadC_ref|WP_036299413.1|:1-194	194	k121_1452426_2	N/A	26.582	81	158	7.99e-09	55.5
SadC_ref|WP_036299413.1|:1-194	194	k121_1541929_1	N/A	28.378	76	148	8.04e-09	57.0
SadC_ref|WP_036299413.1|:1-194	194	k121_1389018_3	N/A	35.484	47	93	8.53e-09	55.8
SadC_ref|WP_036299413.1|:1-194	194	k121_998007_137	N/A	39.130	47	92	1.33e-08	55.1
SadC_ref|WP_036299413.1|:1-194	194	k121_1658202_3	N/A	41.558	39	77	1.42e-08	54.7
SadC_ref|WP_036299413.1|:1-194	194	k121_1781265_1	N/A	30.909	54	110	1.54e-08	54.3
SadC_ref|WP_036299413.1|:1-194	194	k121_683290_2	N/A	26.923	67	130	1.89e-08	54.7
SadC_ref|WP_036299413.1|:1-194	194	k121_495328_2	N/A	24.096	85	166	2.16e-08	54.3
SadC_ref|WP_036299413.1|:1-194	194	k121_59927_27	N/A	36.957	47	92	2.16e-08	54.7
SadC_ref|WP_036299413.1|:1-194	194	k121_1597747_5	N/A	28.302	81	159	2.22e-08	55.1
SadC_ref|WP_036299413.1|:1-194	194	k121_1140002_2	N/A	31.250	80	160	2.84e-08	54.3
SadC_ref|WP_036299413.1|:1-194	194	k121_1003972_84	N/A	29.710	70	138	2.87e-08	54.3
SadC_ref|WP_036299413.1|:1-194	194	k121_920161_287	N/A	26.190	85	168	2.88e-08	55.5
SadC_ref|WP_036299413.1|:1-194	194	k121_510599_1	N/A	36.559	47	93	2.90e-08	54.3
SadC_ref|WP_036299413.1|:1-194	194	k121_979671_118	N/A	37.500	45	88	5.04e-08	55.1
SadC_ref|WP_036299413.1|:1-194	194	k121_1218636_2	N/A	35.000	51	100	6.10e-08	53.5
SadC_ref|WP_036299413.1|:1-194	194	k121_1784532_6	N/A	29.697	84	165	8.42e-08	52.8
SadC_ref|WP_036299413.1|:1-194	194	k121_1453798_4	N/A	29.771	66	131	1.01e-07	52.8
SadC_ref|WP_036299413.1|:1-194	194	k121_1107366_2	N/A	29.851	68	134	1.04e-07	52.8
SadC_ref|WP_036299413.1|:1-194	194	k121_1159744_10	N/A	35.185	55	108	1.11e-07	52.8
SadC_ref|WP_036299413.1|:1-194	194	k121_1224999_4	N/A	31.298	66	131	1.12e-07	52.4
SadC_ref|WP_036299413.1|:1-194	194	k121_809389_9	N/A	32.609	47	92	1.59e-07	52.4
SadC_ref|WP_036299413.1|:1-194	194	k121_1645073_2	N/A	24.845	82	161	1.73e-07	52.4
SadC_ref|WP_036299413.1|:1-194	194	k121_237186_15	N/A	34.091	45	88	2.77e-07	51.6
SadC_ref|WP_036299413.1|:1-194	194	k121_921644_2	N/A	28.972	54	107	2.86e-07	51.2
SadC_ref|WP_036299413.1|:1-194	194	k121_1493895_121	N/A	29.545	68	132	3.63e-07	51.2
SadC_ref|WP_036299413.1|:1-194	194	k121_660905_2	N/A	32.727	56	110	3.69e-07	50.4
SadC_ref|WP_036299413.1|:1-194	194	k121_883250_23	N/A	34.043	48	94	4.29e-07	52.4
SadC_ref|WP_036299413.1|:1-194	194	k121_883250_2	N/A	34.043	48	94	4.29e-07	52.4
SadC_ref|WP_036299413.1|:1-194	194	k121_1399918_2	N/A	34.043	48	94	4.73e-07	50.8
SadC_ref|WP_036299413.1|:1-194	194	k121_1094688_4	N/A	34.568	42	81	5.10e-07	50.8
SadC_ref|WP_036299413.1|:1-194	194	k121_1377523_3	N/A	33.696	47	92	5.19e-07	50.8
SadC_ref|WP_036299413.1|:1-194	194	k121_1527181_6	N/A	27.820	68	133	8.13e-07	50.4
SadC_ref|WP_036299413.1|:1-194	194	k121_360909_2	N/A	26.380	84	163	9.21e-07	50.4
SadC_ref|WP_036299413.1|:1-194	194	k121_568094_4	N/A	34.409	47	93	1.33e-06	49.3
SadC_ref|WP_036299413.1|:1-194	194	k121_1318910_3	N/A	33.333	44	87	1.45e-06	49.3
SadC_ref|WP_036299413.1|:1-194	194	k121_504859_3	N/A	31.818	56	110	1.58e-06	48.9
SadC_ref|WP_036299413.1|:1-194	194	k121_1499245_1	N/A	26.786	84	168	2.12e-06	49.3
SadC_ref|WP_036299413.1|:1-194	194	k121_1142216_2	N/A	33.696	47	92	2.21e-06	50.1
SadC_ref|WP_036299413.1|:1-194	194	k121_589257_10	N/A	27.941	70	136	2.23e-06	48.9
SadC_ref|WP_036299413.1|:1-194	194	k121_1731244_4	N/A	26.190	84	168	2.36e-06	48.9
SadC_ref|WP_036299413.1|:1-194	194	k121_943877_3	N/A	32.967	46	91	2.51e-06	48.9
SadC_ref|WP_036299413.1|:1-194	194	k121_1041279_20	N/A	36.000	39	75	2.79e-06	48.5
SadC_ref|WP_036299413.1|:1-194	194	k121_1769359_2	N/A	39.130	45	92	2.86e-06	48.9
SadC_ref|WP_036299413.1|:1-194	194	k121_83529_13	N/A	25.781	65	128	4.60e-06	49.3
SadC_ref|WP_036299413.1|:1-194	194	k121_1003972_39	N/A	36.066	31	61	4.70e-06	48.1
SadC_ref|WP_036299413.1|:1-194	194	k121_492026_9	N/A	32.967	46	91	5.59e-06	47.8
SadC_ref|WP_036299413.1|:1-194	194	k121_1373449_2	N/A	23.077	79	156	6.87e-06	47.8
SadC_ref|WP_036299413.1|:1-194	194	k121_501129_1	N/A	55.814	22	43	6.88e-06	46.2
SadC_ref|WP_036299413.1|:1-194	194	k121_1145069_5	N/A	23.030	84	165	7.63e-06	47.4
SadC_ref|WP_036299413.1|:1-194	194	k121_41624_5	N/A	33.333	45	87	7.67e-06	46.6
SadC_ref|WP_036299413.1|:1-194	194	k121_987146_125	N/A	25.180	72	139	8.11e-06	47.4
SadC_ref|WP_036299413.1|:1-194	194	k121_1380788_9	N/A	34.043	68	141	9.89e-06	47.0
SadC_ref|WP_036299413.1|:1-194	194	k121_960945_11	N/A	30.088	57	113	1.04e-05	48.1
SadC_ref|WP_036299413.1|:1-194	194	k121_226031_3	N/A	32.184	44	87	1.09e-05	47.0
SadC_ref|WP_036299413.1|:1-194	194	k121_1319717_2	N/A	38.235	35	68	1.47e-05	46.6
SadC_ref|WP_036299413.1|:1-194	194	k121_1439198_2	N/A	23.077	79	156	1.52e-05	47.0
SadC_ref|WP_036299413.1|:1-194	194	k121_1389564_7	N/A	26.761	73	142	2.34e-05	46.2
SadC_ref|WP_036299413.1|:1-194	194	k121_930285_9	N/A	30.000	57	110	2.82e-05	47.0
SadC_ref|WP_036299413.1|:1-194	194	k121_1190507_3	N/A	32.258	47	93	2.88e-05	45.8
SadC_ref|WP_036299413.1|:1-194	194	k121_938619_151	N/A	26.590	87	173	3.09e-05	45.8
SadC_ref|WP_036299413.1|:1-194	194	k121_1010670_2	N/A	27.152	76	151	3.43e-05	45.4
SadC_ref|WP_036299413.1|:1-194	194	k121_1135289_167	N/A	31.522	47	92	3.67e-05	46.6
SadC_ref|WP_036299413.1|:1-194	194	k121_1430448_2	N/A	24.405	84	168	3.95e-05	45.4
SadC_ref|WP_036299413.1|:1-194	194	k121_481065_36	N/A	33.333	34	66	4.88e-05	46.2
SadC_ref|WP_036299413.1|:1-194	194	k121_585572_2	N/A	25.000	47	92	5.39e-05	45.1
SadC_ref|WP_036299413.1|:1-194	194	k121_1408111_5	N/A	32.609	47	92	6.16e-05	45.1
SadC_ref|WP_036299413.1|:1-194	194	k121_456425_4	N/A	26.087	82	161	8.42e-05	44.7
SadC_ref|WP_036299413.1|:1-194	194	k121_1747602_2	N/A	25.000	69	136	8.77e-05	44.7
SadC_ref|WP_036299413.1|:1-194	194	k121_842318_1	N/A	26.351	74	148	8.94e-05	45.1
SadC_ref|WP_036299413.1|:1-194	194	k121_961173_1	N/A	32.117	68	137	9.24e-05	44.3
SadC_ref|WP_036299413.1|:1-194	194	k121_260386_9	N/A	27.564	79	156	9.76e-05	44.3
SadC_ref|WP_036299413.1|:1-194	194	k121_734592_184	N/A	22.297	76	148	1.17e-04	44.3
SadC_ref|WP_036299413.1|:1-194	194	k121_800776_1	N/A	29.412	52	102	1.24e-04	43.9
SadC_ref|WP_036299413.1|:1-194	194	k121_192914_2	N/A	32.609	47	92	1.28e-04	44.3
SadC_ref|WP_036299413.1|:1-194	194	k121_1414895_9	N/A	32.292	46	96	1.28e-04	44.3
SadC_ref|WP_036299413.1|:1-194	194	k121_362808_1	N/A	29.730	75	148	1.44e-04	43.5
SadC_ref|WP_036299413.1|:1-194	194	k121_1529265_7	N/A	25.217	59	115	1.45e-04	43.9
SadC_ref|WP_036299413.1|:1-194	194	k121_492436_62	N/A	26.087	47	92	1.51e-04	43.9
SadC_ref|WP_036299413.1|:1-194	194	k121_969199_2	N/A	27.679	58	112	1.88e-04	43.5
SadC_ref|WP_036299413.1|:1-194	194	k121_734087_7	N/A	32.609	47	92	1.89e-04	43.5
SadC_ref|WP_036299413.1|:1-194	194	k121_1620124_2	N/A	32.609	47	92	1.89e-04	43.5
SadC_ref|WP_036299413.1|:1-194	194	k121_106715_2	N/A	29.310	58	116	1.94e-04	43.9
SadC_ref|WP_036299413.1|:1-194	194	k121_1299261_6	N/A	25.490	52	102	2.10e-04	43.5
SadC_ref|WP_036299413.1|:1-194	194	k121_1396629_9	N/A	28.676	67	136	3.10e-04	43.1
SadC_ref|WP_036299413.1|:1-194	194	k121_708553_2	N/A	30.208	49	96	3.62e-04	42.7
SadC_ref|WP_036299413.1|:1-194	194	k121_477570_1	N/A	24.510	53	102	4.14e-04	43.1
SadC_ref|WP_036299413.1|:1-194	194	k121_771446_21	N/A	25.926	70	135	4.62e-04	42.4
SadC_ref|WP_036299413.1|:1-194	194	k121_1446312_2	N/A	27.434	55	113	4.65e-04	43.1
SadC_ref|WP_036299413.1|:1-194	194	k121_863984_1	N/A	31.579	29	57	6.11e-04	40.0
SadC_ref|WP_036299413.1|:1-194	194	k121_1283667_3	N/A	30.769	46	91	6.60e-04	40.8
SadC_ref|WP_036299413.1|:1-194	194	k121_1001355_8	N/A	32.895	39	76	6.68e-04	41.6
SadC_ref|WP_036299413.1|:1-194	194	k121_1572549_2	N/A	25.989	82	177	6.96e-04	42.7
SadC_ref|WP_036299413.1|:1-194	194	k121_604807_3	N/A	37.500	29	56	7.23e-04	42.0
SadC_ref|WP_036299413.1|:1-194	194	k121_502249_3	N/A	27.273	72	143	7.73e-04	41.6
SadC_ref|WP_036299413.1|:1-194	194	k121_1307100_3	N/A	30.435	64	138	0.001	41.2
SadC_ref|WP_036299413.1|:1-194	194	k121_769867_1	N/A	32.895	39	76	0.001	40.4
SadC_ref|WP_036299413.1|:1-194	194	k121_1476071_2	N/A	27.381	43	84	0.001	41.2
SadC_ref|WP_036299413.1|:1-194	194	k121_1583986_28	N/A	36.905	42	84	0.001	42.0
SadC_ref|WP_036299413.1|:1-194	194	k121_1168507_1	N/A	24.074	84	162	0.002	40.4
SadC_ref|WP_036299413.1|:1-194	194	k121_1756496_15	N/A	22.561	82	164	0.002	40.8
SadC_ref|WP_036299413.1|:1-194	194	k121_875707_16	N/A	23.529	68	136	0.003	40.4
SadC_ref|WP_036299413.1|:1-194	194	k121_208810_1	N/A	35.106	48	94	0.003	40.4
SadC_ref|WP_036299413.1|:1-194	194	k121_946926_10	N/A	42.105	29	57	0.003	40.4
SadC_ref|WP_036299413.1|:1-194	194	k121_57536_2	N/A	22.485	84	169	0.003	40.0
SadC_ref|WP_036299413.1|:1-194	194	k121_271178_17	N/A	27.273	55	110	0.003	40.8
SadC_ref|WP_036299413.1|:1-194	194	k121_762289_8	N/A	41.667	25	48	0.004	38.1
SadC_ref|WP_036299413.1|:1-194	194	k121_1428156_18	N/A	32.468	39	77	0.004	39.7
SadC_ref|WP_036299413.1|:1-194	194	k121_914328_6	N/A	27.160	82	162	0.004	40.0
SadC_ref|WP_036299413.1|:1-194	194	k121_762232_1	N/A	41.176	26	51	0.006	37.4
SadC_ref|WP_036299413.1|:1-194	194	k121_1551159_3	N/A	29.213	45	89	0.008	39.3
SadC_ref|WP_036299413.1|:1-194	194	k121_701984_6	N/A	28.333	60	120	0.008	38.9
SadC_ref|WP_036299413.1|:1-194	194	k121_1233269_2	N/A	24.242	66	132	0.008	38.9
SadC_ref|WP_036299413.1|:1-194	194	k121_1696047_3	N/A	24.342	73	152	0.008	38.5
SadC_ref|WP_036299413.1|:1-194	194	k121_245520_5	N/A	31.579	39	76	0.011	38.5
SadC_ref|WP_036299413.1|:1-194	194	k121_1076366_1	N/A	29.577	37	71	0.012	38.5
SadC_ref|WP_036299413.1|:1-194	194	k121_1145699_2	N/A	21.898	69	137	0.012	38.5
SadC_ref|WP_036299413.1|:1-194	194	k121_162696_1	N/A	28.571	47	91	0.012	38.1
SadC_ref|WP_036299413.1|:1-194	194	k121_1510693_2	N/A	24.699	85	166	0.016	38.1
SadC_ref|WP_036299413.1|:1-194	194	k121_309455_2	N/A	31.579	39	76	0.016	38.1
SadC_ref|WP_036299413.1|:1-194	194	k121_1224518_1	N/A	32.787	31	61	0.019	36.6
SadC_ref|WP_036299413.1|:1-194	194	k121_909340_2	N/A	26.891	61	119	0.022	37.7
SadC_ref|WP_036299413.1|:1-194	194	k121_1175991_1	N/A	25.962	53	104	0.033	37.0
SadC_ref|WP_036299413.1|:1-194	194	k121_553905_3	N/A	21.875	82	160	0.043	37.0
SadC_ref|WP_036299413.1|:1-194	194	k121_32189_6	N/A	24.096	85	166	0.053	36.6
SadC_ref|WP_036299413.1|:1-194	194	k121_1455090_8	N/A	23.016	64	126	0.058	36.6
SadC_ref|WP_036299413.1|:1-194	194	k121_98767_18	N/A	29.114	41	79	0.071	36.2
WP_000259031.1	279	k121_901084_1	N/A	100.000	100	279	0.0	553
WP_000259031.1	279	k121_1420416_3	N/A	53.516	92	256	1.53e-74	231
WP_000259031.1	279	k121_1176219_64	N/A	37.751	89	249	4.41e-40	143
WP_000259031.1	279	k121_697564_91	N/A	33.579	96	271	3.36e-36	133
WP_000259031.1	279	k121_835964_4	N/A	31.984	88	247	1.12e-34	129
WP_000259031.1	279	k121_1151103_3	N/A	31.579	88	247	1.13e-34	129
WP_000259031.1	279	k121_1606732_2	N/A	35.019	91	257	6.58e-34	127
WP_000259031.1	279	k121_1693015_1	N/A	32.520	88	246	8.07e-34	126
WP_000259031.1	279	k121_791826_3	N/A	33.582	96	268	2.63e-33	125
WP_000259031.1	279	k121_369040_2	N/A	34.959	88	246	7.53e-33	124
WP_000259031.1	279	k121_525615_4	N/A	36.290	88	248	1.49e-32	123
WP_000259031.1	279	k121_409447_2	N/A	32.114	88	246	8.56e-32	121
WP_000259031.1	279	k121_397448_3	N/A	33.065	88	248	8.93e-32	121
WP_000259031.1	279	k121_728711_2	N/A	32.576	93	264	8.93e-32	121
WP_000259031.1	279	k121_1203341_7	N/A	32.937	88	252	1.33e-31	121
WP_000259031.1	279	k121_141680_3	N/A	34.685	76	222	2.02e-31	120
WP_000259031.1	279	k121_450915_2	N/A	31.179	93	263	2.42e-31	120
WP_000259031.1	279	k121_940620_4	N/A	33.203	91	256	5.72e-31	119
WP_000259031.1	279	k121_1185144_6	N/A	34.553	88	246	1.41e-30	118
WP_000259031.1	279	k121_1654128_2	N/A	32.794	87	247	8.05e-30	115
WP_000259031.1	279	k121_1552978_2	N/A	33.624	80	229	8.12e-30	116
WP_000259031.1	279	k121_1726294_2	N/A	34.274	88	248	1.30e-29	115
WP_000259031.1	279	k121_796630_17	N/A	31.395	88	258	2.62e-29	115
WP_000259031.1	279	k121_1126707_13	N/A	29.588	95	267	2.70e-29	115
WP_000259031.1	279	k121_1454966_3	N/A	33.962	91	265	4.71e-29	114
WP_000259031.1	279	k121_904517_20	N/A	33.858	89	254	5.33e-29	114
WP_000259031.1	279	k121_436633_8	N/A	30.712	92	267	6.00e-29	115
WP_000259031.1	279	k121_1453593_2	N/A	35.945	76	217	1.33e-28	113
WP_000259031.1	279	k121_1745842_4	N/A	35.808	80	229	3.25e-28	112
WP_000259031.1	279	k121_1124332_14	N/A	27.437	96	277	3.32e-28	112
WP_000259031.1	279	k121_414673_2	N/A	29.961	91	257	4.40e-28	112
WP_000259031.1	279	k121_1715707_1	N/A	32.959	93	267	7.49e-28	110
WP_000259031.1	279	k121_655214_6	N/A	35.268	80	224	9.32e-28	111
WP_000259031.1	279	k121_244083_1	N/A	31.727	88	249	1.20e-27	110
WP_000259031.1	279	k121_1431295_7	N/A	35.294	88	255	1.24e-27	110
WP_000259031.1	279	k121_267577_2	N/A	34.959	88	246	1.55e-27	110
WP_000259031.1	279	k121_286476_1	N/A	34.562	76	217	1.85e-27	110
WP_000259031.1	279	k121_1095764_5	N/A	28.464	95	267	2.17e-27	110
WP_000259031.1	279	k121_695361_3	N/A	31.963	77	219	4.43e-27	108
WP_000259031.1	279	k121_1497206_8	N/A	33.808	99	281	8.60e-27	108
WP_000259031.1	279	k121_980113_8	N/A	33.205	91	259	1.28e-26	108
WP_000259031.1	279	k121_922504_15	N/A	34.821	76	224	1.76e-26	107
WP_000259031.1	279	k121_136841_1	N/A	31.439	93	264	1.84e-26	108
WP_000259031.1	279	k121_542925_18	N/A	31.076	88	251	1.86e-26	107
WP_000259031.1	279	k121_53258_5	N/A	28.016	91	257	2.83e-26	107
WP_000259031.1	279	k121_387651_3	N/A	32.432	88	259	2.90e-26	107
WP_000259031.1	279	k121_534130_2	N/A	30.224	95	268	3.79e-26	106
WP_000259031.1	279	k121_1040581_4	N/A	35.294	77	221	6.19e-26	106
WP_000259031.1	279	k121_469838_3	N/A	34.672	95	274	9.31e-26	105
WP_000259031.1	279	k121_676264_6	N/A	28.295	91	258	1.06e-25	105
WP_000259031.1	279	k121_68470_1	N/A	29.070	91	258	1.33e-25	105
WP_000259031.1	279	k121_1406441_1	N/A	31.050	77	219	1.48e-25	104
WP_000259031.1	279	k121_1433753_19	N/A	27.757	93	263	2.13e-25	104
WP_000259031.1	279	k121_2136_32	N/A	30.137	77	219	2.44e-25	104
WP_000259031.1	279	k121_23635_1	N/A	34.632	82	231	3.50e-25	103
WP_000259031.1	279	k121_728736_4	N/A	29.167	93	264	4.50e-25	103
WP_000259031.1	279	k121_243845_11	N/A	33.600	88	250	7.44e-25	105
WP_000259031.1	279	k121_1141323_4	N/A	30.000	92	260	8.37e-25	103
WP_000259031.1	279	k121_1075344_8	N/A	28.405	91	257	8.56e-25	103
WP_000259031.1	279	k121_1413781_2	N/A	33.032	79	221	1.27e-24	102
WP_000259031.1	279	k121_27392_1	N/A	32.028	96	281	1.31e-24	102
WP_000259031.1	279	k121_1556636_10	N/A	33.462	91	260	1.75e-24	103
WP_000259031.1	279	k121_1571362_2	N/A	27.407	96	270	1.91e-24	102
WP_000259031.1	279	k121_231513_1	N/A	27.113	96	284	3.22e-24	102
WP_000259031.1	279	k121_141425_2	N/A	32.867	95	286	4.41e-24	101
WP_000259031.1	279	k121_1474487_4	N/A	29.183	91	257	6.94e-24	100
WP_000259031.1	279	k121_1340005_2	N/A	34.978	79	223	7.80e-24	100
WP_000259031.1	279	k121_253052_3	N/A	31.579	94	266	9.58e-24	100
WP_000259031.1	279	k121_699085_2	N/A	35.023	76	217	1.06e-23	100
WP_000259031.1	279	k121_338978_1	N/A	35.795	63	176	1.78e-23	97.8
WP_000259031.1	279	k121_550245_5	N/A	37.500	74	208	2.14e-23	98.2
WP_000259031.1	279	k121_68603_55	N/A	28.571	91	259	2.18e-23	99.4
WP_000259031.1	279	k121_965625_2	N/A	33.065	88	248	3.45e-23	99.4
WP_000259031.1	279	k121_379705_1	N/A	33.065	88	248	8.89e-23	99.4
WP_000259031.1	279	k121_470203_2	N/A	33.028	78	218	9.62e-23	97.4
WP_000259031.1	279	k121_98861_2	N/A	32.420	77	219	1.01e-22	97.1
WP_000259031.1	279	k121_202951_2	N/A	33.816	74	207	1.02e-22	96.3
WP_000259031.1	279	k121_551697_9	N/A	31.599	94	269	2.38e-22	96.7
WP_000259031.1	279	k121_472704_6	N/A	30.102	70	196	3.25e-22	94.7
WP_000259031.1	279	k121_740563_13	N/A	34.553	88	246	3.74e-22	96.3
WP_000259031.1	279	k121_1393325_2	N/A	32.110	78	218	5.23e-22	95.5
WP_000259031.1	279	k121_800718_11	N/A	32.569	78	218	8.54e-22	95.1
WP_000259031.1	279	k121_1033106_1	N/A	37.255	55	153	9.66e-22	92.0
WP_000259031.1	279	k121_368920_8	N/A	32.710	76	214	1.34e-21	95.1
WP_000259031.1	279	k121_1503414_2	N/A	31.651	78	218	2.52e-21	93.6
WP_000259031.1	279	k121_1268642_27	N/A	34.188	82	234	2.71e-21	94.4
WP_000259031.1	279	k121_1588182_9	N/A	31.364	78	220	3.37e-21	93.6
WP_000259031.1	279	k121_877120_17	N/A	31.274	88	259	3.74e-21	93.2
WP_000259031.1	279	k121_1640018_8	N/A	34.000	88	250	5.45e-21	94.4
WP_000259031.1	279	k121_1591395_1	N/A	31.727	88	249	2.48e-20	92.4
WP_000259031.1	279	k121_1246188_2	N/A	35.366	88	246	4.03e-20	90.5
WP_000259031.1	279	k121_48319_1	N/A	31.660	91	259	6.85e-20	91.3
WP_000259031.1	279	k121_721490_2	N/A	26.104	88	249	1.30e-19	89.0
WP_000259031.1	279	k121_36504_1	N/A	33.161	68	193	4.58e-19	85.5
WP_000259031.1	279	k121_462070_1	N/A	32.710	76	214	1.05e-18	86.3
WP_000259031.1	279	k121_1524471_1	N/A	27.848	82	237	3.31e-18	84.7
WP_000259031.1	279	k121_1154514_2	N/A	27.562	95	283	3.42e-18	85.9
WP_000259031.1	279	k121_689303_16	N/A	28.319	80	226	3.56e-18	85.5
WP_000259031.1	279	k121_737779_2	N/A	31.295	97	278	1.01e-17	84.0
WP_000259031.1	279	k121_548095_3	N/A	31.222	78	221	1.44e-17	83.6
WP_000259031.1	279	k121_843425_1	N/A	36.719	44	128	2.16e-17	79.7
WP_000259031.1	279	k121_1110790_1	N/A	29.658	93	263	3.94e-17	82.4
WP_000259031.1	279	k121_236344_2	N/A	30.709	88	254	7.82e-16	79.0
WP_000259031.1	279	k121_1555002_2	N/A	34.677	44	124	8.32e-16	75.9
WP_000259031.1	279	k121_466905_15	N/A	29.286	98	280	9.86e-16	78.6
WP_000259031.1	279	k121_275765_53	N/A	28.696	78	230	1.71e-15	77.8
WP_000259031.1	279	k121_533140_4	N/A	29.461	84	241	2.65e-15	77.0
WP_000259031.1	279	k121_400697_1	N/A	37.736	38	106	5.54e-14	70.5
WP_000259031.1	279	k121_872536_1	N/A	36.893	37	103	1.28e-13	69.3
WP_000259031.1	279	k121_973686_1	N/A	27.966	82	236	1.92e-13	71.6
WP_000259031.1	279	k121_1587693_8	N/A	31.034	41	116	1.17e-12	67.0
WP_000259031.1	279	k121_529685_1	N/A	43.158	34	95	2.01e-12	65.5
WP_000259031.1	279	k121_46003_3	N/A	25.279	95	269	3.16e-12	68.6
WP_000259031.1	279	k121_364899_1	N/A	31.844	63	179	4.26e-12	66.6
WP_000259031.1	279	k121_1538095_5	N/A	32.402	63	179	4.57e-12	68.2
WP_000259031.1	279	k121_1363967_1	N/A	30.055	63	183	6.26e-12	67.0
WP_000259031.1	279	k121_1662682_5	N/A	34.000	35	100	1.08e-11	63.5
WP_000259031.1	279	k121_384744_1	N/A	29.677	55	155	1.45e-11	65.1
WP_000259031.1	279	k121_1107327_2	N/A	35.294	36	102	1.66e-11	63.5
WP_000259031.1	279	k121_1587504_8	N/A	32.710	38	107	1.67e-11	63.5
WP_000259031.1	279	k121_834883_1	N/A	42.857	38	105	2.61e-11	63.2
WP_000259031.1	279	k121_988025_3	N/A	30.857	62	175	3.49e-11	63.9
WP_000259031.1	279	k121_1761040_1	N/A	34.400	44	125	6.48e-11	63.2
WP_000259031.1	279	k121_957013_2	N/A	35.965	41	114	1.22e-10	60.8
WP_000259031.1	279	k121_1284491_1	N/A	36.275	37	102	1.86e-10	60.5
WP_000259031.1	279	k121_859632_4	N/A	33.333	44	126	2.42e-10	62.4
WP_000259031.1	279	k121_965301_2	N/A	28.659	58	164	2.79e-10	61.2
WP_000259031.1	279	k121_1138751_1	N/A	34.127	44	126	3.77e-09	59.3
WP_000259031.1	279	k121_115002_4	N/A	39.796	35	98	7.12e-09	55.8
WP_000259031.1	279	k121_1421138_1	N/A	27.219	60	169	7.70e-09	57.0
WP_000259031.1	279	k121_299226_1	N/A	33.333	44	126	1.55e-08	57.4
WP_000259031.1	279	k121_875609_1	N/A	28.646	64	192	5.51e-07	52.4
WP_000259031.1	279	k121_893154_1	N/A	34.043	33	94	1.29e-06	51.2
WP_000259031.1	279	k121_1005742_3	N/A	30.464	53	151	9.36e-06	48.1
WP_000259031.1	279	k121_671255_1	N/A	29.688	45	128	2.98e-05	47.0
WP_000259031.1	279	k121_570506_1	N/A	41.026	28	78	3.02e-05	45.8
WP_000259031.1	279	k121_1433451_6	N/A	33.333	37	105	1.17e-04	44.3
WP_000259031.1	279	k121_650348_1	N/A	28.994	56	169	4.70e-04	43.1
WP_000259031.1	279	k121_1517835_7	N/A	33.103	50	145	4.83e-04	43.1
WP_000259031.1	279	k121_573818_2	N/A	40.580	25	69	0.002	41.2
WP_000259031.1	279	k121_904142_6	N/A	34.307	47	137	0.038	38.9
WP_000259031.1	279	k121_1222514_1	N/A	34.188	41	117	0.077	37.7
WP_001043260.1	271	k121_1420416_3	N/A	100.000	100	271	0.0	528
WP_001043260.1	271	k121_901084_1	N/A	53.516	94	256	1.62e-83	254
WP_001043260.1	271	k121_469838_3	N/A	38.267	97	277	4.13e-42	148
WP_001043260.1	271	k121_655214_6	N/A	43.836	80	219	1.38e-41	147
WP_001043260.1	271	k121_525615_4	N/A	38.760	95	258	1.10e-40	144
WP_001043260.1	271	k121_697564_91	N/A	37.751	90	249	3.66e-40	144
WP_001043260.1	271	k121_796630_17	N/A	34.470	96	264	4.81e-40	143
WP_001043260.1	271	k121_267577_2	N/A	38.202	95	267	6.81e-40	142
WP_001043260.1	271	k121_1606732_2	N/A	36.398	96	261	2.38e-39	141
WP_001043260.1	271	k121_1176219_64	N/A	37.452	95	259	3.18e-39	140
WP_001043260.1	271	k121_940620_4	N/A	36.471	93	255	3.81e-39	140
WP_001043260.1	271	k121_800718_11	N/A	37.548	96	261	5.23e-39	140
WP_001043260.1	271	k121_1503414_2	N/A	37.786	96	262	5.69e-39	140
WP_001043260.1	271	k121_534130_2	N/A	34.717	96	265	1.07e-38	139
WP_001043260.1	271	k121_542925_18	N/A	39.286	90	252	1.67e-38	139
WP_001043260.1	271	k121_791826_3	N/A	35.849	96	265	1.95e-38	139
WP_001043260.1	271	k121_1154514_2	N/A	34.307	96	274	2.31e-38	139
WP_001043260.1	271	k121_244083_1	N/A	36.179	90	246	3.45e-38	137
WP_001043260.1	271	k121_470203_2	N/A	37.023	96	262	5.15e-38	137
WP_001043260.1	271	k121_98861_2	N/A	37.692	95	260	6.13e-38	137
WP_001043260.1	271	k121_141425_2	N/A	37.818	96	275	7.72e-38	137
WP_001043260.1	271	k121_1393325_2	N/A	37.165	96	261	2.08e-37	136
WP_001043260.1	271	k121_23635_1	N/A	39.908	80	218	6.02e-37	134
WP_001043260.1	271	k121_1431295_7	N/A	37.132	97	272	6.35e-37	135
WP_001043260.1	271	k121_1497206_8	N/A	37.132	98	272	6.58e-37	134
WP_001043260.1	271	k121_1203341_7	N/A	36.502	96	263	9.77e-37	134
WP_001043260.1	271	k121_1151103_3	N/A	30.597	96	268	1.33e-36	134
WP_001043260.1	271	k121_728711_2	N/A	31.439	96	264	2.38e-36	133
WP_001043260.1	271	k121_548095_3	N/A	35.632	96	261	4.61e-36	132
WP_001043260.1	271	k121_141680_3	N/A	33.206	96	262	7.81e-36	132
WP_001043260.1	271	k121_450915_2	N/A	31.321	96	265	1.23e-35	131
WP_001043260.1	271	k121_1453593_2	N/A	34.263	92	251	1.27e-35	131
WP_001043260.1	271	k121_904517_20	N/A	34.701	96	268	4.75e-35	130
WP_001043260.1	271	k121_835964_4	N/A	28.788	96	264	1.41e-34	129
WP_001043260.1	271	k121_1715707_1	N/A	34.470	95	264	1.65e-34	128
WP_001043260.1	271	k121_551697_9	N/A	32.707	96	266	3.95e-34	127
WP_001043260.1	271	k121_965625_2	N/A	35.521	95	259	5.30e-34	127
WP_001043260.1	271	k121_1693015_1	N/A	31.174	91	247	8.31e-34	126
WP_001043260.1	271	k121_1340005_2	N/A	39.450	80	218	9.22e-34	126
WP_001043260.1	271	k121_740563_13	N/A	38.996	95	259	1.20e-33	126
WP_001043260.1	271	k121_462070_1	N/A	37.500	93	256	1.22e-33	125
WP_001043260.1	271	k121_409447_2	N/A	29.963	96	267	1.48e-33	126
WP_001043260.1	271	k121_1726294_2	N/A	35.545	77	211	2.31e-33	125
WP_001043260.1	271	k121_922504_15	N/A	37.104	79	221	2.64e-33	125
WP_001043260.1	271	k121_253052_3	N/A	36.293	95	259	7.45e-33	124
WP_001043260.1	271	k121_676264_6	N/A	30.916	95	262	1.66e-32	124
WP_001043260.1	271	k121_1095764_5	N/A	30.268	95	261	1.71e-32	123
WP_001043260.1	271	k121_1075344_8	N/A	32.800	91	250	1.97e-32	123
WP_001043260.1	271	k121_1571362_2	N/A	28.185	94	259	5.80e-32	121
WP_001043260.1	271	k121_980113_8	N/A	35.521	94	259	8.63e-32	121
WP_001043260.1	271	k121_1126707_13	N/A	28.897	96	263	1.27e-31	120
WP_001043260.1	271	k121_1406441_1	N/A	36.493	77	211	1.42e-31	120
WP_001043260.1	271	k121_286476_1	N/A	36.986	78	219	1.44e-31	121
WP_001043260.1	271	k121_877120_17	N/A	34.657	97	277	1.57e-31	120
WP_001043260.1	271	k121_1040581_4	N/A	32.593	96	270	2.78e-31	120
WP_001043260.1	271	k121_721490_2	N/A	30.268	96	261	3.25e-31	120
WP_001043260.1	271	k121_1454966_3	N/A	33.333	96	270	3.54e-31	120
WP_001043260.1	271	k121_436633_8	N/A	33.585	95	265	5.22e-31	120
WP_001043260.1	271	k121_1185144_6	N/A	32.453	96	265	5.57e-31	119
WP_001043260.1	271	k121_1745842_4	N/A	37.004	80	227	5.71e-31	119
WP_001043260.1	271	k121_231513_1	N/A	30.435	96	276	6.20e-31	119
WP_001043260.1	271	k121_369040_2	N/A	31.923	96	260	8.22e-31	119
WP_001043260.1	271	k121_379705_1	N/A	34.457	97	267	9.75e-31	120
WP_001043260.1	271	k121_414673_2	N/A	32.669	91	251	9.99e-31	118
WP_001043260.1	271	k121_338978_1	N/A	38.500	71	200	1.34e-30	116
WP_001043260.1	271	k121_387651_3	N/A	31.852	96	270	1.71e-30	118
WP_001043260.1	271	k121_1588182_9	N/A	38.208	78	212	2.61e-30	117
WP_001043260.1	271	k121_1124332_14	N/A	28.409	96	264	5.85e-30	116
WP_001043260.1	271	k121_68603_55	N/A	26.996	96	263	7.19e-30	116
WP_001043260.1	271	k121_737779_2	N/A	35.606	96	264	1.38e-29	115
WP_001043260.1	271	k121_1433753_19	N/A	29.278	95	263	3.16e-29	114
WP_001043260.1	271	k121_1556636_10	N/A	35.938	91	256	4.14e-29	116
WP_001043260.1	271	k121_27392_1	N/A	33.935	96	277	6.04e-29	114
WP_001043260.1	271	k121_68470_1	N/A	27.376	95	263	7.15e-29	113
WP_001043260.1	271	k121_2136_32	N/A	27.652	96	264	9.19e-29	113
WP_001043260.1	271	k121_1413781_2	N/A	34.101	80	217	1.14e-28	113
WP_001043260.1	271	k121_243845_11	N/A	36.220	90	254	1.34e-28	115
WP_001043260.1	271	k121_53258_5	N/A	28.685	91	251	1.44e-28	112
WP_001043260.1	271	k121_397448_3	N/A	29.615	96	260	1.63e-28	112
WP_001043260.1	271	k121_728736_4	N/A	29.730	94	259	3.83e-28	111
WP_001043260.1	271	k121_1555002_2	N/A	43.382	47	136	4.58e-28	108
WP_001043260.1	271	k121_1654128_2	N/A	30.116	95	259	4.68e-28	111
WP_001043260.1	271	k121_136841_1	N/A	29.588	97	267	9.48e-28	112
WP_001043260.1	271	k121_48319_1	N/A	35.156	91	256	1.53e-27	112
WP_001043260.1	271	k121_400697_1	N/A	54.000	37	100	1.74e-27	105
WP_001043260.1	271	k121_1552978_2	N/A	31.982	81	222	4.55e-27	108
WP_001043260.1	271	k121_368920_8	N/A	35.747	79	221	7.38e-27	109
WP_001043260.1	271	k121_1640018_8	N/A	35.039	90	254	9.24e-27	110
WP_001043260.1	271	k121_472704_6	N/A	32.323	71	198	1.05e-26	106
WP_001043260.1	271	k121_1474487_4	N/A	29.482	91	251	1.07e-26	107
WP_001043260.1	271	k121_699085_2	N/A	36.111	79	216	1.24e-25	105
WP_001043260.1	271	k121_1246188_2	N/A	36.226	95	265	7.58e-25	103
WP_001043260.1	271	k121_695361_3	N/A	31.308	77	214	1.63e-24	101
WP_001043260.1	271	k121_1110790_1	N/A	32.584	97	267	2.93e-24	101
WP_001043260.1	271	k121_1591395_1	N/A	33.466	90	251	4.98e-24	102
WP_001043260.1	271	k121_1268642_27	N/A	33.086	96	269	1.05e-23	100
WP_001043260.1	271	k121_1141323_4	N/A	28.958	94	259	1.59e-23	100
WP_001043260.1	271	k121_843425_1	N/A	42.188	45	128	3.19e-23	95.1
WP_001043260.1	271	k121_1284491_1	N/A	46.602	38	103	1.34e-22	92.8
WP_001043260.1	271	k121_872536_1	N/A	43.119	40	109	7.05e-22	90.9
WP_001043260.1	271	k121_965301_2	N/A	35.000	59	160	1.20e-20	89.4
WP_001043260.1	271	k121_1538095_5	N/A	37.017	64	181	3.43e-20	90.5
WP_001043260.1	271	k121_533140_4	N/A	34.979	86	243	5.35e-20	89.7
WP_001043260.1	271	k121_1587504_8	N/A	40.000	37	100	6.48e-20	86.3
WP_001043260.1	271	k121_671255_1	N/A	35.762	55	151	8.26e-20	87.0
WP_001043260.1	271	k121_1761040_1	N/A	40.310	46	129	2.16e-19	86.3
WP_001043260.1	271	k121_1524471_1	N/A	30.508	85	236	2.47e-19	87.4
WP_001043260.1	271	k121_1033106_1	N/A	32.934	61	167	6.74e-19	84.3
WP_001043260.1	271	k121_550245_5	N/A	33.182	81	220	1.02e-18	85.5
WP_001043260.1	271	k121_364899_1	N/A	33.523	64	176	1.22e-18	84.3
WP_001043260.1	271	k121_384744_1	N/A	33.333	56	153	4.22e-18	82.8
WP_001043260.1	271	k121_36504_1	N/A	31.937	68	191	8.16e-17	79.3
WP_001043260.1	271	k121_275765_53	N/A	29.927	96	274	3.03e-16	79.7
WP_001043260.1	271	k121_202951_2	N/A	28.761	81	226	4.06e-16	78.2
WP_001043260.1	271	k121_1107327_2	N/A	39.216	37	102	5.62e-16	75.5
WP_001043260.1	271	k121_236344_2	N/A	29.032	97	279	6.57e-16	79.0
WP_001043260.1	271	k121_689303_16	N/A	29.851	97	268	1.11e-15	78.2
WP_001043260.1	271	k121_859632_4	N/A	32.867	52	143	7.71e-15	75.1
WP_001043260.1	271	k121_1587693_8	N/A	33.981	37	103	8.89e-15	72.4
WP_001043260.1	271	k121_466905_15	N/A	30.337	96	267	8.64e-14	72.8
WP_001043260.1	271	k121_573818_2	N/A	61.429	26	70	1.03e-13	69.7
WP_001043260.1	271	k121_1662682_5	N/A	37.000	36	100	1.38e-13	68.9
WP_001043260.1	271	k121_973686_1	N/A	28.936	85	235	2.90e-13	70.9
WP_001043260.1	271	k121_1138751_1	N/A	35.000	51	140	7.36e-13	69.7
WP_001043260.1	271	k121_115002_4	N/A	40.816	36	98	1.31e-12	65.9
WP_001043260.1	271	k121_299226_1	N/A	34.286	51	140	1.98e-12	68.6
WP_001043260.1	271	k121_893154_1	N/A	40.426	34	94	2.44e-12	67.4
WP_001043260.1	271	k121_957013_2	N/A	34.677	46	124	4.67e-12	64.7
WP_001043260.1	271	k121_46003_3	N/A	29.493	78	217	5.91e-12	67.8
WP_001043260.1	271	k121_834883_1	N/A	36.719	46	128	8.28e-12	64.3
WP_001043260.1	271	k121_875609_1	N/A	30.286	63	175	1.69e-11	65.1
WP_001043260.1	271	k121_1363967_1	N/A	28.571	64	182	1.82e-11	65.5
WP_001043260.1	271	k121_988025_3	N/A	28.652	63	178	7.48e-11	63.2
WP_001043260.1	271	k121_529685_1	N/A	38.835	38	103	9.95e-11	60.8
WP_001043260.1	271	k121_1433451_6	N/A	33.333	40	111	1.25e-05	47.0
WP_001043260.1	271	k121_1517835_7	N/A	33.571	49	140	2.92e-04	43.5
WP_001043260.1	271	k121_500206_40	N/A	39.241	29	79	0.002	42.7
WP_001043260.1	271	k121_251821_4	N/A	33.962	20	53	0.005	38.1
WP_001043260.1	271	k121_1005742_3	N/A	33.333	39	108	0.006	40.0
WP_001043260.1	271	k121_570506_1	N/A	41.096	27	73	0.007	38.9
WP_001043260.1	271	k121_541861_1	N/A	32.911	29	79	0.007	40.8
WP_001043260.1	271	k121_650348_1	N/A	27.922	54	154	0.023	38.1
WP_000034420.1	263	k121_1420416_3	N/A	52.124	98	259	1.86e-80	246
WP_000034420.1	263	k121_901084_1	N/A	43.182	100	264	4.50e-78	240
WP_000034420.1	263	k121_1176219_64	N/A	37.121	100	264	7.51e-51	170
WP_000034420.1	263	k121_141680_3	N/A	37.500	98	264	1.09e-50	170
WP_000034420.1	263	k121_791826_3	N/A	37.121	98	264	2.73e-50	169
WP_000034420.1	263	k121_534130_2	N/A	35.249	99	261	5.37e-49	166
WP_000034420.1	263	k121_267577_2	N/A	35.227	99	264	5.49e-49	166
WP_000034420.1	263	k121_728711_2	N/A	34.733	98	262	7.00e-49	166
WP_000034420.1	263	k121_800718_11	N/A	36.641	99	262	2.47e-47	161
WP_000034420.1	263	k121_1606732_2	N/A	36.641	99	262	4.27e-47	161
WP_000034420.1	263	k121_450915_2	N/A	34.351	98	262	7.33e-47	160
WP_000034420.1	263	k121_1151103_3	N/A	32.319	99	263	8.57e-47	160
WP_000034420.1	263	k121_525615_4	N/A	37.023	99	262	1.01e-46	160
WP_000034420.1	263	k121_244083_1	N/A	37.751	94	249	2.06e-46	159
WP_000034420.1	263	k121_470203_2	N/A	37.023	99	262	2.54e-46	159
WP_000034420.1	263	k121_409447_2	N/A	33.460	99	263	5.11e-46	158
WP_000034420.1	263	k121_1503414_2	N/A	36.641	99	262	5.15e-46	158
WP_000034420.1	263	k121_940620_4	N/A	36.614	97	254	8.04e-46	157
WP_000034420.1	263	k121_98861_2	N/A	37.308	98	260	1.10e-45	156
WP_000034420.1	263	k121_655214_6	N/A	40.909	99	264	2.65e-45	157
WP_000034420.1	263	k121_1453593_2	N/A	35.227	98	264	3.71e-45	156
WP_000034420.1	263	k121_1340005_2	N/A	38.258	99	264	9.90e-45	154
WP_000034420.1	263	k121_740563_13	N/A	35.878	99	262	2.28e-44	154
WP_000034420.1	263	k121_141425_2	N/A	34.296	99	277	3.51e-44	153
WP_000034420.1	263	k121_1393325_2	N/A	36.641	99	262	3.53e-44	153
WP_000034420.1	263	k121_436633_8	N/A	34.848	98	264	5.00e-44	154
WP_000034420.1	263	k121_835964_4	N/A	31.939	98	263	5.86e-44	153
WP_000034420.1	263	k121_369040_2	N/A	36.502	99	263	6.92e-44	152
WP_000034420.1	263	k121_1693015_1	N/A	33.600	94	250	8.45e-43	149
WP_000034420.1	263	k121_462070_1	N/A	35.686	96	255	1.01e-42	149
WP_000034420.1	263	k121_469838_3	N/A	37.079	99	267	2.51e-42	148
WP_000034420.1	263	k121_697564_91	N/A	33.588	98	262	8.96e-42	147
WP_000034420.1	263	k121_1497206_8	N/A	36.466	99	266	1.56e-41	146
WP_000034420.1	263	k121_1203341_7	N/A	34.351	98	262	9.22e-41	144
WP_000034420.1	263	k121_796630_17	N/A	34.082	99	267	3.00e-40	143
WP_000034420.1	263	k121_1454966_3	N/A	34.815	98	270	3.31e-40	143
WP_000034420.1	263	k121_387651_3	N/A	31.852	98	270	6.76e-40	142
WP_000034420.1	263	k121_1154514_2	N/A	33.091	99	275	8.53e-40	142
WP_000034420.1	263	k121_721490_2	N/A	32.443	99	262	9.61e-40	142
WP_000034420.1	263	k121_1040581_4	N/A	31.481	98	270	1.01e-39	142
WP_000034420.1	263	k121_548095_3	N/A	35.227	99	264	1.12e-39	141
WP_000034420.1	263	k121_1431295_7	N/A	33.460	98	263	1.24e-39	142
WP_000034420.1	263	k121_1185144_6	N/A	34.221	99	263	1.30e-39	141
WP_000034420.1	263	k121_1715707_1	N/A	32.342	99	269	2.50e-39	140
WP_000034420.1	263	k121_1745842_4	N/A	35.985	99	264	6.15e-39	139
WP_000034420.1	263	k121_551697_9	N/A	34.444	99	270	6.68e-39	139
WP_000034420.1	263	k121_253052_3	N/A	34.601	99	263	4.88e-38	138
WP_000034420.1	263	k121_23635_1	N/A	37.391	87	230	4.98e-38	136
WP_000034420.1	263	k121_980113_8	N/A	33.712	97	264	7.34e-38	137
WP_000034420.1	263	k121_922504_15	N/A	35.065	86	231	1.99e-37	136
WP_000034420.1	263	k121_1726294_2	N/A	34.091	98	264	4.11e-37	135
WP_000034420.1	263	k121_1406441_1	N/A	34.766	96	256	6.18e-37	134
WP_000034420.1	263	k121_965625_2	N/A	33.840	99	263	1.04e-36	134
WP_000034420.1	263	k121_904517_20	N/A	32.342	98	269	1.51e-36	134
WP_000034420.1	263	k121_1413781_2	N/A	35.741	99	263	1.80e-36	133
WP_000034420.1	263	k121_397448_3	N/A	32.576	99	264	3.09e-36	132
WP_000034420.1	263	k121_1591395_1	N/A	31.559	99	263	4.45e-36	134
WP_000034420.1	263	k121_286476_1	N/A	33.700	98	273	8.09e-36	132
WP_000034420.1	263	k121_1654128_2	N/A	32.567	98	261	3.23e-35	129
WP_000034420.1	263	k121_542925_18	N/A	33.065	94	248	4.12e-35	130
WP_000034420.1	263	k121_136841_1	N/A	30.534	99	262	6.97e-35	130
WP_000034420.1	263	k121_379705_1	N/A	30.566	99	265	1.34e-34	130
WP_000034420.1	263	k121_1588182_9	N/A	30.389	99	283	4.83e-34	127
WP_000034420.1	263	k121_1268642_27	N/A	34.074	99	270	5.01e-34	128
WP_000034420.1	263	k121_1124332_14	N/A	32.319	98	263	5.25e-34	127
WP_000034420.1	263	k121_1552978_2	N/A	34.211	99	266	1.38e-33	125
WP_000034420.1	263	k121_27392_1	N/A	32.472	98	271	1.49e-33	125
WP_000034420.1	263	k121_877120_17	N/A	32.707	98	266	1.87e-33	125
WP_000034420.1	263	k121_1246188_2	N/A	33.977	98	259	2.00e-33	125
WP_000034420.1	263	k121_1110790_1	N/A	29.851	99	268	6.96e-32	122
WP_000034420.1	263	k121_1095764_5	N/A	32.959	99	267	7.72e-32	121
WP_000034420.1	263	k121_472704_6	N/A	34.010	74	197	8.27e-32	119
WP_000034420.1	263	k121_737779_2	N/A	35.227	99	264	1.51e-31	120
WP_000034420.1	263	k121_1033106_1	N/A	37.576	63	165	3.34e-31	116
WP_000034420.1	263	k121_243845_11	N/A	30.741	99	270	1.28e-30	120
WP_000034420.1	263	k121_1433753_19	N/A	32.700	99	263	1.38e-30	117
WP_000034420.1	263	k121_1075344_8	N/A	32.046	97	259	2.93e-30	117
WP_000034420.1	263	k121_1556636_10	N/A	30.075	99	266	4.03e-30	119
WP_000034420.1	263	k121_68470_1	N/A	31.203	99	266	1.48e-29	115
WP_000034420.1	263	k121_699085_2	N/A	30.827	98	266	1.96e-29	115
WP_000034420.1	263	k121_550245_5	N/A	34.081	84	223	2.23e-29	113
WP_000034420.1	263	k121_1126707_13	N/A	31.474	94	251	2.29e-29	114
WP_000034420.1	263	k121_1640018_8	N/A	30.075	99	266	3.05e-29	116
WP_000034420.1	263	k121_2136_32	N/A	31.939	99	263	9.96e-29	113
WP_000034420.1	263	k121_368920_8	N/A	31.416	84	226	3.76e-28	112
WP_000034420.1	263	k121_231513_1	N/A	29.433	98	282	6.17e-28	111
WP_000034420.1	263	k121_1474487_4	N/A	31.579	99	266	1.83e-27	109
WP_000034420.1	263	k121_53258_5	N/A	30.337	99	267	2.18e-27	109
WP_000034420.1	263	k121_48319_1	N/A	28.571	99	266	3.81e-27	110
WP_000034420.1	263	k121_338978_1	N/A	34.518	74	197	4.13e-27	107
WP_000034420.1	263	k121_676264_6	N/A	31.873	94	251	4.41e-27	109
WP_000034420.1	263	k121_728736_4	N/A	31.801	98	261	4.75e-27	108
WP_000034420.1	263	k121_414673_2	N/A	30.075	99	266	1.84e-26	107
WP_000034420.1	263	k121_533140_4	N/A	32.365	89	241	4.23e-26	105
WP_000034420.1	263	k121_400697_1	N/A	43.925	41	107	6.19e-26	101
WP_000034420.1	263	k121_202951_2	N/A	31.839	84	223	1.10e-25	103
WP_000034420.1	263	k121_1284491_1	N/A	43.137	39	102	2.83e-25	99.8
WP_000034420.1	263	k121_364899_1	N/A	36.932	66	176	2.22e-24	99.4
WP_000034420.1	263	k121_1555002_2	N/A	37.600	47	125	2.22e-24	98.6
WP_000034420.1	263	k121_36504_1	N/A	32.973	70	185	2.78e-24	99.0
WP_000034420.1	263	k121_1587504_8	N/A	41.121	41	107	3.13e-24	97.1
WP_000034420.1	263	k121_1141323_4	N/A	29.070	97	258	5.30e-24	100
WP_000034420.1	263	k121_236344_2	N/A	29.771	97	262	6.32e-24	100
WP_000034420.1	263	k121_1524471_1	N/A	32.500	89	240	6.55e-24	99.8
WP_000034420.1	263	k121_1571362_2	N/A	27.969	98	261	9.10e-24	99.8
WP_000034420.1	263	k121_68603_55	N/A	28.090	99	267	2.22e-23	99.0
WP_000034420.1	263	k121_872536_1	N/A	44.660	39	103	3.33e-23	94.4
WP_000034420.1	263	k121_843425_1	N/A	38.095	47	126	3.76e-23	94.7
WP_000034420.1	263	k121_695361_3	N/A	30.290	90	241	8.34e-23	96.7
WP_000034420.1	263	k121_466905_15	N/A	30.268	98	261	1.02e-22	97.4
WP_000034420.1	263	k121_965301_2	N/A	35.583	61	163	1.08e-22	94.7
WP_000034420.1	263	k121_46003_3	N/A	29.057	98	265	1.29e-22	97.1
WP_000034420.1	263	k121_973686_1	N/A	31.250	89	240	1.20e-21	93.6
WP_000034420.1	263	k121_1761040_1	N/A	40.000	47	125	1.40e-21	91.7
WP_000034420.1	263	k121_689303_16	N/A	29.699	98	266	1.33e-19	89.0
WP_000034420.1	263	k121_1538095_5	N/A	32.222	67	180	4.05e-18	84.7
WP_000034420.1	263	k121_384744_1	N/A	34.911	63	169	4.30e-18	82.8
WP_000034420.1	263	k121_859632_4	N/A	35.938	48	128	1.43e-17	82.4
WP_000034420.1	263	k121_834883_1	N/A	37.500	46	120	4.10e-17	78.6
WP_000034420.1	263	k121_115002_4	N/A	34.821	43	112	5.09e-17	77.8
WP_000034420.1	263	k121_1363967_1	N/A	30.556	66	180	6.43e-17	80.5
WP_000034420.1	263	k121_275765_53	N/A	31.955	97	266	1.52e-16	80.5
WP_000034420.1	263	k121_529685_1	N/A	38.835	39	103	2.09e-15	73.2
WP_000034420.1	263	k121_957013_2	N/A	33.333	46	120	5.01e-15	72.8
WP_000034420.1	263	k121_671255_1	N/A	35.577	39	104	5.37e-15	73.9
WP_000034420.1	263	k121_988025_3	N/A	33.696	68	184	4.50e-14	71.6
WP_000034420.1	263	k121_1662682_5	N/A	38.614	38	101	4.51e-14	70.1
WP_000034420.1	263	k121_875609_1	N/A	29.714	65	175	4.79e-14	72.0
WP_000034420.1	263	k121_1107327_2	N/A	38.835	38	103	1.14e-13	68.9
WP_000034420.1	263	k121_893154_1	N/A	37.634	35	93	2.93e-13	69.7
WP_000034420.1	263	k121_1138751_1	N/A	31.496	48	127	1.96e-12	68.6
WP_000034420.1	263	k121_1587693_8	N/A	36.893	38	103	3.45e-12	65.5
WP_000034420.1	263	k121_299226_1	N/A	30.709	48	127	1.23e-11	66.2
WP_000034420.1	263	k121_573818_2	N/A	47.887	27	71	1.26e-11	63.9
WP_000034420.1	263	k121_1005742_3	N/A	26.829	62	164	6.10e-11	62.8
WP_000034420.1	263	k121_1433451_6	N/A	34.545	41	110	1.33e-10	60.5
WP_000034420.1	263	k121_1421138_1	N/A	29.651	65	172	2.95e-09	58.2
WP_000034420.1	263	k121_1517835_7	N/A	29.252	54	147	6.92e-09	56.6
WP_000034420.1	263	k121_570506_1	N/A	41.071	43	112	2.90e-08	54.3
WP_000034420.1	263	k121_650348_1	N/A	31.410	57	156	1.18e-07	53.5
WP_000034420.1	263	k121_1380518_3	N/A	42.373	22	59	0.007	38.1
WP_000034420.1	263	k121_541861_1	N/A	34.247	28	73	0.007	40.8
WP_000034420.1	263	k121_272988_3	N/A	36.842	22	57	0.010	37.0
WP_000034420.1	263	k121_500206_40	N/A	38.462	25	65	0.030	38.9
WP_000034420.1	263	k121_1563659_17	N/A	32.812	24	64	0.076	37.7
WP_000845048.1	337	k121_1638439_1	N/A	99.407	100	337	0.0	680
WP_000845048.1	337	k121_919817_5	N/A	92.188	76	256	4.12e-174	486
WP_000845048.1	337	k121_1381497_96	N/A	68.293	97	328	2.14e-164	464
WP_000845048.1	337	k121_1234073_3	N/A	67.470	99	332	5.43e-163	461
WP_000845048.1	337	k121_1065969_2	N/A	69.113	97	327	1.06e-162	462
WP_000845048.1	337	k121_1228592_5	N/A	93.220	70	236	1.03e-161	453
WP_000845048.1	337	k121_837311_2	N/A	67.284	96	324	3.07e-157	448
WP_000845048.1	337	k121_1363810_2	N/A	64.706	96	323	7.57e-153	435
WP_000845048.1	337	k121_1079787_4	N/A	61.585	97	328	2.11e-150	429
WP_000845048.1	337	k121_230228_1	N/A	61.963	97	326	5.02e-150	428
WP_000845048.1	337	k121_971035_2	N/A	64.350	98	331	5.88e-150	428
WP_000845048.1	337	k121_1090355_2	N/A	63.497	96	326	1.71e-144	416
WP_000845048.1	337	k121_1662635_1	N/A	61.846	96	325	2.01e-142	409
WP_000845048.1	337	k121_1727469_1	N/A	60.736	95	326	2.87e-137	396
WP_000845048.1	337	k121_1138607_2	N/A	59.736	90	303	6.33e-121	353
WP_000845048.1	337	k121_1586312_1	N/A	58.599	93	314	1.10e-120	353
WP_000845048.1	337	k121_989558_9	N/A	54.658	96	322	1.34e-118	348
WP_000845048.1	337	k121_518860_1	N/A	57.325	93	314	1.55e-117	345
WP_000845048.1	337	k121_913439_1	N/A	55.799	95	319	3.79e-116	342
WP_000845048.1	337	k121_53681_1	N/A	53.012	98	332	4.12e-111	329
WP_000845048.1	337	k121_38560_4	N/A	60.076	78	263	4.13e-108	319
WP_000845048.1	337	k121_561258_1	N/A	53.016	93	315	5.00e-106	315
WP_000845048.1	337	k121_134556_1	N/A	53.016	93	315	9.78e-105	312
WP_000845048.1	337	k121_124684_2	N/A	68.545	63	213	1.54e-97	293
WP_000845048.1	337	k121_725370_8	N/A	48.562	93	313	4.40e-94	285
WP_000845048.1	337	k121_802138_1	N/A	48.410	84	283	1.86e-88	270
WP_000845048.1	337	k121_1377608_1	N/A	65.438	64	217	1.62e-87	267
WP_000845048.1	337	k121_1579757_1	N/A	56.275	73	247	3.57e-87	265
WP_000845048.1	337	k121_767504_5	N/A	47.452	93	314	1.30e-85	263
WP_000845048.1	337	k121_862277_1	N/A	47.492	89	299	2.55e-85	262
WP_000845048.1	337	k121_414515_2	N/A	45.130	91	308	4.28e-83	257
WP_000845048.1	337	k121_1718746_2	N/A	43.492	93	315	1.22e-81	253
WP_000845048.1	337	k121_916235_1	N/A	66.854	53	178	1.12e-79	243
WP_000845048.1	337	k121_1440731_3	N/A	44.884	90	303	5.87e-79	246
WP_000845048.1	337	k121_1458418_2	N/A	43.866	78	269	5.83e-72	226
WP_000845048.1	337	k121_1352623_1	N/A	69.032	45	155	3.55e-67	213
WP_000845048.1	337	k121_1386848_3	N/A	56.019	64	216	3.90e-67	213
WP_000845048.1	337	k121_694739_1	N/A	59.686	55	191	4.41e-67	213
WP_000845048.1	337	k121_770948_1	N/A	62.914	45	151	7.10e-60	192
WP_000845048.1	337	k121_1788185_1	N/A	57.485	50	167	1.56e-59	192
WP_000845048.1	337	k121_1160973_4	N/A	57.471	52	174	1.53e-58	189
WP_000845048.1	337	k121_303641_2	N/A	62.585	44	147	2.53e-58	190
WP_000845048.1	337	k121_1273292_1	N/A	65.116	38	129	5.92e-53	173
WP_000845048.1	337	k121_1293731_1	N/A	35.354	87	297	6.86e-51	174
WP_000845048.1	337	k121_350012_1	N/A	52.761	48	163	5.10e-49	164
WP_000845048.1	337	k121_1160973_3	N/A	58.394	41	137	5.42e-46	156
WP_000845048.1	337	k121_1383869_1	N/A	46.821	51	173	8.23e-44	151
WP_000845048.1	337	k121_1224326_2	N/A	65.546	35	119	2.57e-43	148
WP_000845048.1	337	k121_541825_1	N/A	100.000	21	70	1.22e-42	145
WP_000845048.1	337	k121_1369126_2	N/A	34.125	98	337	1.80e-40	146
WP_000845048.1	337	k121_1423685_1	N/A	31.790	96	324	1.12e-38	143
WP_000845048.1	337	k121_469097_13	N/A	62.500	31	104	1.98e-38	135
WP_000845048.1	337	k121_1501818_1	N/A	44.848	49	165	3.99e-38	137
WP_000845048.1	337	k121_1674756_1	N/A	29.429	98	333	4.62e-36	136
WP_000845048.1	337	k121_1001030_2	N/A	28.165	93	316	1.09e-35	135
WP_000845048.1	337	k121_825022_6	N/A	31.034	85	290	6.50e-35	130
WP_000845048.1	337	k121_1665726_11	N/A	33.832	99	334	2.33e-34	130
WP_000845048.1	337	k121_398831_5	N/A	33.433	99	335	2.26e-32	125
WP_000845048.1	337	k121_671585_2	N/A	29.721	96	323	2.58e-32	126
WP_000845048.1	337	k121_1785212_1	N/A	32.722	96	327	3.83e-32	124
WP_000845048.1	337	k121_1259701_2	N/A	33.441	92	311	8.60e-32	124
WP_000845048.1	337	k121_1122033_4	N/A	26.994	96	326	1.10e-31	124
WP_000845048.1	337	k121_1129746_1	N/A	29.043	90	303	1.89e-31	124
WP_000845048.1	337	k121_1152109_1	N/A	33.639	96	327	2.38e-31	122
WP_000845048.1	337	k121_754466_1	N/A	36.323	66	223	3.59e-31	119
WP_000845048.1	337	k121_262737_36	N/A	31.751	99	337	3.87e-31	122
WP_000845048.1	337	k121_452760_74	N/A	28.487	98	337	6.21e-31	122
WP_000845048.1	337	k121_1072496_1	N/A	28.846	91	312	1.21e-30	121
WP_000845048.1	337	k121_1431921_7	N/A	35.241	98	332	7.30e-30	118
WP_000845048.1	337	k121_349370_1	N/A	28.526	91	312	1.12e-29	119
WP_000845048.1	337	k121_1281785_10	N/A	28.155	91	309	3.35e-29	116
WP_000845048.1	337	k121_729000_33	N/A	31.250	85	304	1.05e-28	115
WP_000845048.1	337	k121_1435367_1	N/A	29.710	82	276	2.30e-28	113
WP_000845048.1	337	k121_406585_2	N/A	33.434	97	332	2.68e-28	114
WP_000845048.1	337	k121_279116_3	N/A	32.895	66	228	7.47e-28	111
WP_000845048.1	337	k121_1183448_6	N/A	27.044	93	318	1.58e-27	114
WP_000845048.1	337	k121_1234073_2	N/A	32.177	90	317	1.97e-27	112
WP_000845048.1	337	k121_1501704_2	N/A	38.071	58	197	3.16e-27	108
WP_000845048.1	337	k121_880443_4	N/A	32.107	85	299	1.66e-26	109
WP_000845048.1	337	k121_1629535_2	N/A	31.847	93	314	1.94e-26	109
WP_000845048.1	337	k121_1583323_3	N/A	35.616	62	219	1.25e-25	107
WP_000845048.1	337	k121_1402958_4	N/A	29.431	85	299	2.47e-25	106
WP_000845048.1	337	k121_1473607_1	N/A	25.484	91	310	2.81e-25	107
WP_000845048.1	337	k121_340880_1	N/A	33.218	84	289	3.19e-25	104
WP_000845048.1	337	k121_64649_1	N/A	33.488	63	215	3.73e-25	102
WP_000845048.1	337	k121_948269_10	N/A	36.239	62	218	1.68e-24	104
WP_000845048.1	337	k121_745453_3	N/A	35.636	77	275	2.54e-24	104
WP_000845048.1	337	k121_123785_2	N/A	31.959	58	194	3.82e-24	99.8
WP_000845048.1	337	k121_1718377_1	N/A	55.952	23	84	7.06e-24	97.1
WP_000845048.1	337	k121_1039489_8	N/A	37.220	63	223	9.20e-24	101
WP_000845048.1	337	k121_686621_2	N/A	32.246	77	276	1.02e-23	102
WP_000845048.1	337	k121_1501803_15	N/A	34.211	66	228	5.72e-23	100
WP_000845048.1	337	k121_1361341_1	N/A	36.199	63	221	5.97e-23	97.8
WP_000845048.1	337	k121_1190909_12	N/A	36.111	62	216	6.12e-23	100
WP_000845048.1	337	k121_710377_2	N/A	32.986	82	288	7.87e-23	99.8
WP_000845048.1	337	k121_695277_4	N/A	34.348	66	230	8.60e-23	99.8
WP_000845048.1	337	k121_454131_8	N/A	32.105	55	190	1.69e-22	95.1
WP_000845048.1	337	k121_1484920_1	N/A	37.000	59	200	3.20e-22	94.7
WP_000845048.1	337	k121_862039_3	N/A	33.945	63	218	4.51e-22	95.1
WP_000845048.1	337	k121_1386848_2	N/A	61.333	22	75	5.37e-22	92.0
WP_000845048.1	337	k121_1246686_2	N/A	33.184	64	223	5.65e-22	97.4
WP_000845048.1	337	k121_405500_1	N/A	33.824	78	272	6.21e-22	97.1
WP_000845048.1	337	k121_1476911_2	N/A	33.333	63	222	9.08e-22	97.1
WP_000845048.1	337	k121_1462658_33	N/A	37.234	56	188	9.31e-22	93.6
WP_000845048.1	337	k121_1365621_2	N/A	32.889	65	225	1.95e-21	95.9
WP_000845048.1	337	k121_1350781_3	N/A	33.023	62	215	2.10e-21	95.9
WP_000845048.1	337	k121_347091_27	N/A	33.333	62	222	2.57e-21	95.5
WP_000845048.1	337	k121_1378395_1	N/A	34.404	63	218	2.95e-21	95.1
WP_000845048.1	337	k121_1209690_3	N/A	33.184	64	223	3.41e-21	95.5
WP_000845048.1	337	k121_902223_3	N/A	34.404	63	218	4.01e-21	95.1
WP_000845048.1	337	k121_762518_3	N/A	34.513	66	226	5.16e-21	92.8
WP_000845048.1	337	k121_867195_11	N/A	30.864	70	243	5.18e-21	94.0
WP_000845048.1	337	k121_1243176_2	N/A	32.569	63	218	7.22e-21	94.4
WP_000845048.1	337	k121_1555937_3	N/A	33.790	62	219	9.92e-21	94.0
WP_000845048.1	337	k121_1650589_3	N/A	32.093	62	215	1.62e-20	93.2
WP_000845048.1	337	k121_1078948_5	N/A	29.703	85	303	1.62e-20	93.2
WP_000845048.1	337	k121_1144567_11	N/A	34.101	63	217	2.04e-20	92.8
WP_000845048.1	337	k121_164033_6	N/A	26.756	85	299	2.22e-20	92.4
WP_000845048.1	337	k121_1149011_5	N/A	27.007	78	274	2.23e-20	92.8
WP_000845048.1	337	k121_434032_1	N/A	29.646	65	226	3.44e-20	92.4
WP_000845048.1	337	k121_162066_2	N/A	37.811	59	201	3.75e-20	89.7
WP_000845048.1	337	k121_476979_2	N/A	35.023	62	217	4.20e-20	92.0
WP_000845048.1	337	k121_305273_1	N/A	33.484	62	221	4.46e-20	91.3
WP_000845048.1	337	k121_1678264_5	N/A	51.807	25	83	4.73e-20	86.7
WP_000845048.1	337	k121_28718_3	N/A	31.628	62	215	5.53e-20	91.7
WP_000845048.1	337	k121_1687497_1	N/A	33.484	62	221	5.94e-20	91.7
WP_000845048.1	337	k121_249393_8	N/A	33.491	61	212	6.40e-20	89.7
WP_000845048.1	337	k121_355609_2	N/A	37.297	55	185	7.17e-20	88.6
WP_000845048.1	337	k121_576966_1	N/A	29.766	85	299	9.67e-20	91.3
WP_000845048.1	337	k121_906879_3	N/A	34.759	55	187	1.30e-19	90.5
WP_000845048.1	337	k121_1152728_10	N/A	25.418	85	299	1.33e-19	90.5
WP_000845048.1	337	k121_663545_2	N/A	32.342	75	269	1.86e-19	89.7
WP_000845048.1	337	k121_54423_15	N/A	26.316	82	285	2.03e-19	90.1
WP_000845048.1	337	k121_1708986_15	N/A	32.456	66	228	2.38e-19	90.1
WP_000845048.1	337	k121_1361899_34	N/A	27.941	78	272	2.49e-19	89.7
WP_000845048.1	337	k121_1255594_10	N/A	35.023	63	217	2.64e-19	90.1
WP_000845048.1	337	k121_324497_1	N/A	30.657	77	274	2.76e-19	89.4
WP_000845048.1	337	k121_307430_47	N/A	33.696	55	184	2.98e-19	89.7
WP_000845048.1	337	k121_695536_2	N/A	34.759	55	187	3.19e-19	89.7
WP_000845048.1	337	k121_1356142_51	N/A	34.101	63	217	3.61e-19	89.4
WP_000845048.1	337	k121_1355473_4	N/A	34.498	66	229	3.83e-19	89.4
WP_000845048.1	337	k121_1139110_30	N/A	25.263	78	285	3.85e-19	89.4
WP_000845048.1	337	k121_1226685_1	N/A	29.180	85	305	4.07e-19	89.4
WP_000845048.1	337	k121_485185_2	N/A	33.945	63	218	4.47e-19	89.4
WP_000845048.1	337	k121_1626517_1	N/A	31.771	57	192	5.50e-19	85.9
WP_000845048.1	337	k121_1308581_2	N/A	33.333	66	231	7.00e-19	88.6
WP_000845048.1	337	k121_4120_2	N/A	32.714	77	269	9.97e-19	88.2
WP_000845048.1	337	k121_1107265_3	N/A	26.007	78	273	1.29e-18	87.8
WP_000845048.1	337	k121_1000203_7	N/A	26.545	79	275	1.40e-18	87.8
WP_000845048.1	337	k121_575832_2	N/A	32.900	66	231	2.24e-18	87.0
WP_000845048.1	337	k121_1094581_2	N/A	33.217	84	286	2.63e-18	86.7
WP_000845048.1	337	k121_1158739_140	N/A	32.258	63	217	2.90e-18	87.0
WP_000845048.1	337	k121_1642718_65	N/A	34.234	62	222	2.98e-18	87.0
WP_000845048.1	337	k121_824956_1	N/A	33.898	53	177	3.07e-18	83.6
WP_000845048.1	337	k121_1560633_1	N/A	33.696	55	184	3.13e-18	86.7
WP_000845048.1	337	k121_1618746_2	N/A	31.019	62	216	3.60e-18	87.0
WP_000845048.1	337	k121_21038_10	N/A	31.511	89	311	3.88e-18	87.0
WP_000845048.1	337	k121_1296829_2	N/A	25.850	83	294	3.96e-18	86.3
WP_000845048.1	337	k121_262983_2	N/A	33.493	61	209	4.00e-18	86.7
WP_000845048.1	337	k121_1079362_2	N/A	32.906	68	234	4.08e-18	86.7
WP_000845048.1	337	k121_280821_2	N/A	32.174	63	230	4.24e-18	87.0
WP_000845048.1	337	k121_1648612_5	N/A	26.103	78	272	4.24e-18	86.3
WP_000845048.1	337	k121_526568_2	N/A	35.135	55	185	4.34e-18	85.5
WP_000845048.1	337	k121_1648916_1	N/A	26.190	83	294	5.16e-18	85.9
WP_000845048.1	337	k121_277168_4	N/A	29.181	81	281	5.18e-18	86.3
WP_000845048.1	337	k121_1589910_4	N/A	24.265	78	272	7.16e-18	85.9
WP_000845048.1	337	k121_1155147_2	N/A	30.797	77	276	7.46e-18	85.9
WP_000845048.1	337	k121_806350_1	N/A	31.494	85	308	8.58e-18	85.5
WP_000845048.1	337	k121_1390344_3	N/A	28.859	85	298	9.66e-18	85.5
WP_000845048.1	337	k121_65515_2	N/A	30.519	85	308	1.18e-17	85.5
WP_000845048.1	337	k121_831552_1	N/A	30.208	82	288	1.21e-17	85.5
WP_000845048.1	337	k121_27057_5	N/A	29.167	82	288	1.27e-17	85.1
WP_000845048.1	337	k121_1676370_3	N/A	24.632	78	272	1.39e-17	85.1
WP_000845048.1	337	k121_796147_1	N/A	59.091	20	66	1.43e-17	80.5
WP_000845048.1	337	k121_1435821_10	N/A	26.885	85	305	1.45e-17	84.7
WP_000845048.1	337	k121_1177214_8	N/A	25.368	78	272	1.60e-17	84.7
WP_000845048.1	337	k121_28302_4	N/A	28.283	85	297	1.68e-17	84.7
WP_000845048.1	337	k121_1566439_3	N/A	41.379	34	116	1.73e-17	80.9
WP_000845048.1	337	k121_1305252_2	N/A	27.632	66	228	2.40e-17	82.8
WP_000845048.1	337	k121_797701_1	N/A	29.630	77	270	3.62e-17	84.0
WP_000845048.1	337	k121_1351985_4	N/A	32.973	55	185	4.59e-17	83.6
WP_000845048.1	337	k121_1668407_1	N/A	33.152	55	184	6.45e-17	83.2
WP_000845048.1	337	k121_1611378_3	N/A	39.189	44	148	6.69e-17	79.3
WP_000845048.1	337	k121_1473851_2	N/A	30.846	58	201	7.29e-17	80.5
WP_000845048.1	337	k121_559255_32	N/A	30.769	63	221	1.09e-16	82.4
WP_000845048.1	337	k121_339159_3	N/A	31.529	85	314	1.57e-16	82.0
WP_000845048.1	337	k121_1612117_3	N/A	30.924	69	249	1.66e-16	81.3
WP_000845048.1	337	k121_405510_1	N/A	54.167	21	72	2.03e-16	77.0
WP_000845048.1	337	k121_289428_3	N/A	26.103	78	272	2.57e-16	81.3
WP_000845048.1	337	k121_497603_2	N/A	35.242	62	227	2.92e-16	81.6
WP_000845048.1	337	k121_718324_1	N/A	30.275	63	218	4.08e-16	79.7
WP_000845048.1	337	k121_394753_2	N/A	29.630	67	243	4.16e-16	81.3
WP_000845048.1	337	k121_767637_3	N/A	32.314	66	229	4.26e-16	80.9
WP_000845048.1	337	k121_211342_1	N/A	28.896	85	308	4.39e-16	80.9
WP_000845048.1	337	k121_1070865_2	N/A	33.937	63	221	4.51e-16	79.7
WP_000845048.1	337	k121_68402_1	N/A	30.488	48	164	4.93e-16	82.0
WP_000845048.1	337	k121_433853_6	N/A	23.288	79	292	5.70e-16	80.5
WP_000845048.1	337	k121_276747_1	N/A	29.242	78	277	6.23e-16	80.1
WP_000845048.1	337	k121_508066_105	N/A	29.114	85	316	7.44e-16	80.1
WP_000845048.1	337	k121_1760003_2	N/A	29.279	64	222	7.73e-16	79.7
WP_000845048.1	337	k121_19255_1	N/A	26.797	85	306	1.17e-15	79.3
WP_000845048.1	337	k121_264677_6	N/A	25.333	85	300	1.19e-15	79.3
WP_000845048.1	337	k121_1757297_4	N/A	32.719	62	217	1.32e-15	79.3
WP_000845048.1	337	k121_828990_2	N/A	29.817	62	218	1.34e-15	79.3
WP_000845048.1	337	k121_1127527_2	N/A	24.834	85	302	1.47e-15	79.3
WP_000845048.1	337	k121_1444892_2	N/A	30.337	53	178	1.57e-15	77.0
WP_000845048.1	337	k121_1274553_1	N/A	33.937	63	221	1.64e-15	78.6
WP_000845048.1	337	k121_247262_26	N/A	30.734	62	218	1.80e-15	79.0
WP_000845048.1	337	k121_302856_4	N/A	27.667	84	300	2.10e-15	79.0
WP_000845048.1	337	k121_1709666_1	N/A	56.061	20	66	2.40e-15	73.6
WP_000845048.1	337	k121_1194464_2	N/A	29.412	62	221	2.44e-15	77.0
WP_000845048.1	337	k121_1449632_1	N/A	37.908	45	153	2.66e-15	75.1
WP_000845048.1	337	k121_1444900_2	N/A	31.844	53	179	2.82e-15	76.3
WP_000845048.1	337	k121_1186639_4	N/A	30.645	55	186	3.46e-15	75.5
WP_000845048.1	337	k121_987853_20	N/A	33.484	63	221	3.70e-15	78.2
WP_000845048.1	337	k121_513846_4	N/A	26.708	90	322	4.18e-15	78.6
WP_000845048.1	337	k121_364516_3	N/A	26.403	85	303	5.35e-15	77.4
WP_000845048.1	337	k121_1146793_3	N/A	30.275	62	218	6.30e-15	77.4
WP_000845048.1	337	k121_1336336_9	N/A	30.263	63	228	6.32e-15	77.8
WP_000845048.1	337	k121_1225783_2	N/A	26.333	85	300	7.34e-15	77.0
WP_000845048.1	337	k121_1757311_4	N/A	31.651	62	218	7.42e-15	77.0
WP_000845048.1	337	k121_1305104_3	N/A	27.640	90	322	8.11e-15	77.4
WP_000845048.1	337	k121_244480_2	N/A	26.073	85	303	9.07e-15	77.0
WP_000845048.1	337	k121_1133965_3	N/A	25.490	85	306	9.41e-15	77.0
WP_000845048.1	337	k121_864716_8	N/A	28.902	93	346	1.13e-14	77.0
WP_000845048.1	337	k121_1554978_9	N/A	28.399	90	331	1.49e-14	76.3
WP_000845048.1	337	k121_485914_3	N/A	33.641	62	217	1.64e-14	74.3
WP_000845048.1	337	k121_255668_2	N/A	26.230	86	305	2.03e-14	75.9
WP_000845048.1	337	k121_794185_6	N/A	29.218	69	243	2.10e-14	75.9
WP_000845048.1	337	k121_1600751_3	N/A	28.906	72	256	2.13e-14	75.9
WP_000845048.1	337	k121_1137206_5	N/A	27.243	85	301	2.53e-14	75.5
WP_000845048.1	337	k121_1551772_1	N/A	48.148	24	81	3.06e-14	70.5
WP_000845048.1	337	k121_1364778_3	N/A	30.182	77	275	3.26e-14	75.5
WP_000845048.1	337	k121_1365027_3	N/A	27.148	82	291	4.32e-14	75.1
WP_000845048.1	337	k121_1068666_1	N/A	29.221	85	308	4.64e-14	75.1
WP_000845048.1	337	k121_119739_4	N/A	27.500	67	240	4.71e-14	75.5
WP_000845048.1	337	k121_434233_4	N/A	30.859	71	256	4.96e-14	75.1
WP_000845048.1	337	k121_454641_2	N/A	27.897	64	233	6.05e-14	73.9
WP_000845048.1	337	k121_966078_5	N/A	30.483	74	269	8.30e-14	74.3
WP_000845048.1	337	k121_784719_2	N/A	30.263	62	228	9.73e-14	74.3
WP_000845048.1	337	k121_769231_2	N/A	32.143	62	224	1.01e-13	73.9
WP_000845048.1	337	k121_478101_3	N/A	28.936	64	235	1.23e-13	73.9
WP_000845048.1	337	k121_951815_1	N/A	34.247	63	219	1.29e-13	73.6
WP_000845048.1	337	k121_886114_2	N/A	27.686	67	242	1.35e-13	73.9
WP_000845048.1	337	k121_255698_2	N/A	26.490	85	302	1.47e-13	73.6
WP_000845048.1	337	k121_883556_2	N/A	30.698	61	215	1.59e-13	72.8
WP_000845048.1	337	k121_1036670_5	N/A	28.739	92	341	1.63e-13	73.6
WP_000845048.1	337	k121_74993_2	N/A	26.316	90	323	1.70e-13	73.6
WP_000845048.1	337	k121_962873_13	N/A	31.222	62	221	1.74e-13	73.2
WP_000845048.1	337	k121_1697436_2	N/A	26.537	89	309	1.99e-13	73.2
WP_000845048.1	337	k121_9953_34	N/A	32.877	62	219	2.27e-13	72.8
WP_000845048.1	337	k121_1379175_3	N/A	28.509	64	228	2.29e-13	73.2
WP_000845048.1	337	k121_1176565_15	N/A	32.584	53	178	3.22e-13	72.4
WP_000845048.1	337	k121_1272340_2	N/A	50.000	21	72	3.53e-13	67.8
WP_000845048.1	337	k121_797819_1	N/A	29.670	78	273	3.55e-13	72.4
WP_000845048.1	337	k121_157129_54	N/A	24.917	85	301	6.90e-13	71.6
WP_000845048.1	337	k121_1349903_4	N/A	28.247	84	308	6.98e-13	72.0
WP_000845048.1	337	k121_1477210_2	N/A	29.213	53	178	7.11e-13	71.6
WP_000845048.1	337	k121_1628479_2	N/A	30.387	53	181	7.97e-13	68.6
WP_000845048.1	337	k121_1136328_16	N/A	27.660	81	282	8.29e-13	71.2
WP_000845048.1	337	k121_1114667_1	N/A	28.477	85	302	1.05e-12	70.9
WP_000845048.1	337	k121_1272378_2	N/A	29.213	53	178	1.25e-12	70.1
WP_000845048.1	337	k121_1095884_1	N/A	44.304	23	79	1.28e-12	66.6
WP_000845048.1	337	k121_1135289_2	N/A	26.899	85	316	1.30e-12	70.9
WP_000845048.1	337	k121_1351280_6	N/A	27.778	85	306	1.44e-12	70.5
WP_000845048.1	337	k121_993020_2	N/A	29.412	61	221	1.70e-12	70.5
WP_000845048.1	337	k121_1059762_6	N/A	30.091	92	329	2.64e-12	69.7
WP_000845048.1	337	k121_681094_2	N/A	30.317	61	221	3.06e-12	70.1
WP_000845048.1	337	k121_904068_10	N/A	26.374	78	273	3.32e-12	69.7
WP_000845048.1	337	k121_176440_4	N/A	29.603	78	277	3.97e-12	69.3
WP_000845048.1	337	k121_691656_31	N/A	29.455	77	275	4.18e-12	69.3
WP_000845048.1	337	k121_1673983_2	N/A	27.138	76	269	4.61e-12	68.9
WP_000845048.1	337	k121_899495_1	N/A	29.242	77	277	5.55e-12	68.9
WP_000845048.1	337	k121_200371_1	N/A	28.053	83	303	7.01e-12	68.2
WP_000845048.1	337	k121_170667_2	N/A	30.804	62	224	7.20e-12	68.6
WP_000845048.1	337	k121_746782_2	N/A	27.036	84	307	9.76e-12	68.2
WP_000845048.1	337	k121_839507_2	N/A	27.933	53	179	9.78e-12	68.2
WP_000845048.1	337	k121_146993_4	N/A	27.885	84	312	1.02e-11	68.2
WP_000845048.1	337	k121_85973_2	N/A	29.355	85	310	1.19e-11	68.2
WP_000845048.1	337	k121_1160925_46	N/A	24.262	85	305	1.64e-11	67.4
WP_000845048.1	337	k121_83538_4	N/A	26.885	85	305	1.70e-11	67.4
WP_000845048.1	337	k121_1197619_2	N/A	26.349	85	315	2.45e-11	67.4
WP_000845048.1	337	k121_672906_3	N/A	27.465	78	284	3.48e-11	66.6
WP_000845048.1	337	k121_374441_1	N/A	31.019	62	216	3.90e-11	66.6
WP_000845048.1	337	k121_987696_2	N/A	27.653	83	311	3.99e-11	66.6
WP_000845048.1	337	k121_1451_3	N/A	27.759	83	299	4.69e-11	66.2
WP_000845048.1	337	k121_139405_2	N/A	27.374	52	179	5.01e-11	63.5
WP_000845048.1	337	k121_1170666_3	N/A	28.114	77	281	5.90e-11	66.2
WP_000845048.1	337	k121_1434649_62	N/A	26.619	77	278	6.22e-11	65.9
WP_000845048.1	337	k121_1266907_1	N/A	31.285	53	179	6.85e-11	63.5
WP_000845048.1	337	k121_259197_3	N/A	29.032	85	310	8.00e-11	65.9
WP_000845048.1	337	k121_1648614_3	N/A	27.035	92	344	8.42e-11	65.5
WP_000845048.1	337	k121_522333_46	N/A	30.556	80	288	1.18e-10	65.1
WP_000845048.1	337	k121_1111084_3	N/A	27.972	81	286	1.40e-10	64.7
WP_000845048.1	337	k121_1042330_10	N/A	24.026	86	308	1.56e-10	64.3
WP_000845048.1	337	k121_324489_2	N/A	27.839	77	273	1.72e-10	64.3
WP_000845048.1	337	k121_928119_2	N/A	28.938	76	273	2.25e-10	64.3
WP_000845048.1	337	k121_1457243_2	N/A	46.154	23	78	2.74e-10	60.8
WP_000845048.1	337	k121_721991_3	N/A	27.917	67	240	2.99e-10	63.9
WP_000845048.1	337	k121_1017198_9	N/A	29.730	62	222	3.56e-10	63.5
WP_000845048.1	337	k121_174608_7	N/A	44.595	21	74	4.29e-10	63.5
WP_000845048.1	337	k121_918023_1	N/A	27.859	92	341	6.22e-10	62.8
WP_000845048.1	337	k121_1155937_2	N/A	27.119	53	177	6.93e-10	62.0
WP_000845048.1	337	k121_298490_2	N/A	34.426	54	183	7.05e-10	62.8
WP_000845048.1	337	k121_1159744_20	N/A	31.892	53	185	7.19e-10	62.8
WP_000845048.1	337	k121_1655311_1	N/A	23.746	84	299	9.64e-10	62.0
WP_000845048.1	337	k121_1372089_4	N/A	27.758	77	281	9.70e-10	62.4
WP_000845048.1	337	k121_813783_1	N/A	24.667	85	300	9.99e-10	62.0
WP_000845048.1	337	k121_1395809_2	N/A	28.571	63	231	1.16e-09	62.4
WP_000845048.1	337	k121_1587994_17	N/A	28.013	85	307	1.53e-09	62.0
WP_000845048.1	337	k121_259479_1	N/A	27.358	61	212	1.61e-09	60.5
WP_000845048.1	337	k121_22377_2	N/A	26.699	59	206	1.75e-09	61.6
WP_000845048.1	337	k121_1000849_3	N/A	34.043	27	94	1.80e-09	59.3
WP_000845048.1	337	k121_42799_1	N/A	29.032	62	217	2.56e-09	60.5
WP_000845048.1	337	k121_807114_8	N/A	28.704	63	216	2.59e-09	61.2
WP_000845048.1	337	k121_1405999_2	N/A	34.940	21	83	0.065	38.1
WP_000845048.1	337	k121_631037_3	N/A	45.455	20	66	2.73e-09	61.2
WP_000845048.1	337	k121_759813_2	N/A	41.558	22	77	3.32e-09	60.8
WP_000845048.1	337	k121_672906_1	N/A	25.641	77	273	3.88e-09	60.8
WP_000845048.1	337	k121_719576_2	N/A	31.351	54	185	5.57e-09	60.1
WP_000845048.1	337	k121_302571_2	N/A	26.280	85	293	9.13e-09	59.3
WP_000845048.1	337	k121_537225_3	N/A	27.014	60	211	9.21e-09	59.7
WP_000845048.1	337	k121_179793_2	N/A	30.102	55	196	1.04e-08	59.3
WP_000845048.1	337	k121_983483_2	N/A	28.505	62	214	1.10e-08	58.2
WP_000845048.1	337	k121_659853_2	N/A	26.809	63	235	1.47e-08	58.5
WP_000845048.1	337	k121_1044829_3	N/A	30.263	64	228	1.50e-08	58.2
WP_000845048.1	337	k121_722399_1	N/A	28.085	64	235	1.98e-08	58.5
WP_000845048.1	337	k121_748488_2	N/A	30.319	54	188	2.13e-08	57.8
WP_000845048.1	337	k121_918274_1	N/A	27.193	66	228	2.41e-08	58.5
WP_000845048.1	337	k121_672938_3	N/A	24.497	81	298	3.19e-08	57.8
WP_000845048.1	337	k121_1142099_2	N/A	26.437	72	261	3.32e-08	57.4
WP_000845048.1	337	k121_1179901_2	N/A	25.092	76	271	4.74e-08	57.4
WP_000845048.1	337	k121_656252_24	N/A	25.714	77	280	5.77e-08	57.4
WP_000845048.1	337	k121_79179_3	N/A	30.597	37	134	6.49e-08	55.8
WP_000845048.1	337	k121_344690_1	N/A	26.174	83	298	7.14e-08	56.6
WP_000845048.1	337	k121_1084007_2	N/A	25.994	89	327	8.26e-08	57.0
WP_000845048.1	337	k121_489883_9	N/A	27.007	76	274	8.73e-08	56.6
WP_000845048.1	337	k121_55556_1	N/A	27.843	69	255	8.79e-08	55.8
WP_000845048.1	337	k121_388298_2	N/A	28.912	80	294	9.08e-08	56.6
WP_000845048.1	337	k121_134908_9	N/A	26.259	77	278	9.29e-08	56.2
WP_000845048.1	337	k121_492594_5	N/A	24.390	48	164	1.06e-07	55.5
WP_000845048.1	337	k121_1084007_3	N/A	27.273	77	275	1.08e-07	56.2
WP_000845048.1	337	k121_928119_3	N/A	25.784	76	287	1.15e-07	55.8
WP_000845048.1	337	k121_1279509_1	N/A	20.264	66	227	1.28e-07	55.1
WP_000845048.1	337	k121_1125348_1	N/A	26.316	60	209	1.28e-07	55.8
WP_000845048.1	337	k121_217576_2	N/A	26.852	64	216	1.54e-07	55.8
WP_000845048.1	337	k121_1424745_3	N/A	29.187	58	209	1.55e-07	55.5
WP_000845048.1	337	k121_699817_3	N/A	26.246	88	301	1.88e-07	55.5
WP_000845048.1	337	k121_128105_8	N/A	27.559	71	254	1.97e-07	55.5
WP_000845048.1	337	k121_1402015_2	N/A	29.048	60	210	1.99e-07	55.8
WP_000845048.1	337	k121_1024385_4	N/A	33.945	32	109	2.48e-07	54.7
WP_000845048.1	337	k121_1349903_2	N/A	26.818	64	220	4.43e-07	54.7
WP_000845048.1	337	k121_391835_2	N/A	31.073	46	177	4.97e-07	53.5
WP_000845048.1	337	k121_1302919_28	N/A	28.000	59	200	5.01e-07	54.3
WP_000845048.1	337	k121_897894_1	N/A	29.032	46	155	5.26e-07	52.4
WP_000845048.1	337	k121_1146088_1	N/A	35.354	26	99	5.58e-07	52.8
WP_000845048.1	337	k121_1609370_2	N/A	26.871	81	294	5.67e-07	53.5
WP_000845048.1	337	k121_55556_2	N/A	26.910	83	301	5.96e-07	53.5
WP_000845048.1	337	k121_1074647_3	N/A	30.702	31	114	7.65e-07	52.0
WP_000845048.1	337	k121_280222_2	N/A	24.757	61	206	9.11e-07	53.5
WP_000845048.1	337	k121_1402015_3	N/A	29.091	60	220	9.33e-07	53.1
WP_000845048.1	337	k121_1110131_3	N/A	44.118	20	68	1.00e-06	52.0
WP_000845048.1	337	k121_378837_3	N/A	31.282	54	195	1.33e-06	53.1
WP_000845048.1	337	k121_100846_3	N/A	30.769	53	208	2.02e-06	52.8
WP_000845048.1	337	k121_355657_10	N/A	27.619	58	210	2.23e-06	51.2
WP_000845048.1	337	k121_1385832_17	N/A	29.496	77	278	2.33e-06	52.4
WP_000845048.1	337	k121_424221_2	N/A	26.820	73	261	2.58e-06	52.0
WP_000845048.1	337	k121_820124_4	N/A	26.224	80	286	2.60e-06	52.0
WP_000845048.1	337	k121_1190914_13	N/A	27.490	71	251	2.65e-06	52.0
WP_000845048.1	337	k121_1642843_5	N/A	39.437	20	71	2.86e-06	52.0
WP_000845048.1	337	k121_364530_1	N/A	27.830	60	212	3.31e-06	51.2
WP_000845048.1	337	k121_728757_1	N/A	29.048	57	210	4.65e-06	50.8
WP_000845048.1	337	k121_1618774_3	N/A	29.302	62	215	4.66e-06	51.2
WP_000845048.1	337	k121_1678931_1	N/A	33.824	20	68	4.81e-06	51.2
WP_000845048.1	337	k121_329755_2	N/A	27.861	58	201	5.79e-06	50.4
WP_000845048.1	337	k121_468505_48	N/A	28.070	74	285	6.02e-06	51.6
WP_000845048.1	337	k121_783520_2	N/A	26.697	64	221	6.23e-06	50.8
WP_000845048.1	337	k121_1627092_1	N/A	26.203	53	187	6.45e-06	49.7
WP_000845048.1	337	k121_652468_1	N/A	26.282	84	312	7.89e-06	50.4
WP_000845048.1	337	k121_1394653_3	N/A	26.887	61	212	8.63e-06	50.4
WP_000845048.1	337	k121_253363_1	N/A	26.702	53	191	8.69e-06	50.4
WP_000845048.1	337	k121_1176800_1	N/A	25.424	53	177	9.14e-06	50.1
WP_000845048.1	337	k121_1532507_2	N/A	26.471	77	272	9.42e-06	50.1
WP_000845048.1	337	k121_1084387_7	N/A	28.409	51	176	9.74e-06	49.7
WP_000845048.1	337	k121_687887_1	N/A	23.232	82	297	9.83e-06	50.1
WP_000845048.1	337	k121_45490_14	N/A	29.648	59	199	1.02e-05	50.1
WP_000845048.1	337	k121_1372089_3	N/A	25.617	89	324	1.17e-05	50.4
WP_000845048.1	337	k121_310926_18	N/A	30.568	62	229	1.24e-05	50.1
WP_000845048.1	337	k121_852999_1	N/A	26.432	62	227	1.24e-05	49.3
WP_000845048.1	337	k121_354348_2	N/A	22.837	83	289	1.27e-05	49.7
WP_000845048.1	337	k121_874288_1	N/A	25.523	66	239	1.43e-05	49.7
WP_000845048.1	337	k121_1225948_4	N/A	25.946	89	370	1.48e-05	49.7
WP_000845048.1	337	k121_458939_1	N/A	29.358	61	218	1.51e-05	49.3
WP_000845048.1	337	k121_643745_9	N/A	29.814	46	161	1.53e-05	48.9
WP_000845048.1	337	k121_271637_3	N/A	38.053	30	113	1.67e-05	49.3
WP_000845048.1	337	k121_253863_1	N/A	29.381	55	194	1.75e-05	49.7
WP_000845048.1	337	k121_864862_3	N/A	26.486	54	185	1.94e-05	49.3
WP_000845048.1	337	k121_1170666_2	N/A	23.765	89	324	2.17e-05	49.3
WP_000845048.1	337	k121_1265316_3	N/A	24.815	76	270	2.38e-05	48.9
WP_000845048.1	337	k121_1265316_2	N/A	38.393	30	112	2.57e-05	48.9
WP_000845048.1	337	k121_1715216_1	N/A	24.715	74	263	2.73e-05	48.9
WP_000845048.1	337	k121_1677869_3	N/A	38.554	22	83	3.18e-05	48.1
WP_000845048.1	337	k121_134908_3	N/A	25.564	75	266	3.71e-05	48.1
WP_000845048.1	337	k121_132222_1	N/A	23.792	76	269	4.07e-05	48.1
WP_000845048.1	337	k121_1199120_3	N/A	28.037	59	214	4.11e-05	48.5
WP_000845048.1	337	k121_125881_1	N/A	25.969	72	258	4.12e-05	48.5
WP_000845048.1	337	k121_563195_1	N/A	24.569	65	232	4.29e-05	48.1
WP_000845048.1	337	k121_594120_1	N/A	20.128	88	313	4.41e-05	48.5
WP_000845048.1	337	k121_1349636_2	N/A	35.135	20	74	4.76e-05	48.1
WP_000845048.1	337	k121_689122_7	N/A	33.784	20	74	4.86e-05	48.1
WP_000845048.1	337	k121_134908_10	N/A	35.106	25	94	4.98e-05	48.1
WP_000845048.1	337	k121_326234_1	N/A	23.849	66	239	5.99e-05	47.8
WP_000845048.1	337	k121_1224959_37	N/A	26.217	77	267	6.31e-05	47.4
WP_000845048.1	337	k121_1207661_5	N/A	29.688	55	192	6.54e-05	47.8
WP_000845048.1	337	k121_1316946_2	N/A	27.184	59	206	6.79e-05	46.6
WP_000845048.1	337	k121_1185312_1	N/A	36.232	20	69	6.90e-05	47.8
WP_000845048.1	337	k121_858319_107	N/A	27.149	61	221	7.27e-05	47.8
WP_000845048.1	337	k121_1134605_19	N/A	41.176	20	68	7.98e-05	47.8
WP_000845048.1	337	k121_1463083_3	N/A	24.335	74	263	8.23e-05	47.8
WP_000845048.1	337	k121_1278169_1	N/A	25.946	54	185	8.80e-05	45.8
WP_000845048.1	337	k121_731342_2	N/A	23.153	58	203	9.23e-05	47.0
WP_000845048.1	337	k121_1171282_2	N/A	29.932	40	147	9.26e-05	47.0
WP_000845048.1	337	k121_809739_3	N/A	24.074	76	270	9.28e-05	47.4
WP_000845048.1	337	k121_1341037_1	N/A	31.034	26	87	1.01e-04	45.8
WP_000845048.1	337	k121_1451_2	N/A	32.773	32	119	1.04e-04	47.0
WP_000845048.1	337	k121_717128_2	N/A	26.168	63	214	1.12e-04	46.6
WP_000845048.1	337	k121_716309_2	N/A	23.153	58	203	1.17e-04	46.6
WP_000845048.1	337	k121_1616187_1	N/A	25.191	74	262	1.19e-04	46.6
WP_000845048.1	337	k121_1658739_21	N/A	25.862	65	232	1.21e-04	47.0
WP_000845048.1	337	k121_1366644_65	N/A	24.022	53	179	1.23e-04	46.6
