SadA_ref|WP_036299419.1|:1-399	399	k121_53781_77	N/A	45.503	95	378	2.51e-114	339
SadA_ref|WP_036299419.1|:1-399	399	k121_54759_2	N/A	31.186	96	388	6.10e-58	194
SadA_ref|WP_036299419.1|:1-399	399	k121_57283_2	N/A	31.088	95	386	7.18e-53	181
SadA_ref|WP_036299419.1|:1-399	399	k121_66933_19	N/A	29.793	96	386	5.74e-51	176
SadA_ref|WP_036299419.1|:1-399	399	k121_9712_2	N/A	26.234	95	385	5.31e-38	140
SadA_ref|WP_036299419.1|:1-399	399	k121_52817_22	N/A	29.412	50	204	1.34e-15	77.8
SadA_ref|WP_036299419.1|:1-399	399	k121_31940_1	N/A	21.196	45	184	2.77e-07	51.2
SadA_ref|WP_036299419.1|:1-399	399	k121_54500_3	N/A	24.359	53	234	4.61e-04	42.0
SadA_ref|WP_036299419.1|:1-399	399	k121_38364_78	N/A	22.318	53	233	0.001	40.8
SadA_ref|WP_036299419.1|:1-399	399	k121_25105_4	N/A	30.233	21	86	0.007	38.5
SadA_ref|WP_036299419.1|:1-399	399	k121_71420_28	N/A	24.444	22	90	0.049	35.4
SadB_ref|WP_100812327.1|:1-423	423	k121_53781_77	N/A	38.363	91	391	7.45e-84	262
SadB_ref|WP_100812327.1|:1-423	423	k121_57283_2	N/A	29.275	90	386	1.25e-49	172
SadB_ref|WP_100812327.1|:1-423	423	k121_54759_2	N/A	27.822	88	381	7.63e-46	162
SadB_ref|WP_100812327.1|:1-423	423	k121_66933_19	N/A	28.682	90	387	1.19e-42	154
SadB_ref|WP_100812327.1|:1-423	423	k121_9712_2	N/A	27.321	86	377	4.51e-32	125
SadB_ref|WP_100812327.1|:1-423	423	k121_52817_22	N/A	25.127	88	394	2.88e-15	77.0
SadB_ref|WP_100812327.1|:1-423	423	k121_31940_1	N/A	25.543	43	184	3.20e-11	63.2
SadB_ref|WP_100812327.1|:1-423	423	k121_71420_28	N/A	22.222	80	360	1.15e-06	50.1
SadB_ref|WP_100812327.1|:1-423	423	k121_21105_1	N/A	28.125	26	128	5.07e-05	44.7
SadB_ref|WP_100812327.1|:1-423	423	k121_9972_4	N/A	22.423	85	388	0.003	39.7
SadB_ref|WP_100812327.1|:1-423	423	k121_45903_4	N/A	26.068	50	234	0.003	39.3
SadB_ref|WP_100812327.1|:1-423	423	k121_10282_34	N/A	21.538	85	390	0.004	39.3
SadB_ref|WP_100812327.1|:1-423	423	k121_27145_1	N/A	26.087	37	184	0.049	35.4
SadC_ref|WP_036299413.1|:1-194	194	k121_54407_2	N/A	27.742	76	155	4.60e-11	60.5
SadC_ref|WP_036299413.1|:1-194	194	k121_16346_2	N/A	28.462	66	130	3.13e-10	56.2
SadC_ref|WP_036299413.1|:1-194	194	k121_62101_5	N/A	29.008	68	131	1.11e-06	46.6
SadC_ref|WP_036299413.1|:1-194	194	k121_43823_3	N/A	38.235	35	68	1.16e-06	46.6
SadC_ref|WP_036299413.1|:1-194	194	k121_52817_12	N/A	24.409	65	127	3.77e-06	45.1
SadC_ref|WP_036299413.1|:1-194	194	k121_66933_18	N/A	32.558	44	86	4.02e-06	45.1
SadC_ref|WP_036299413.1|:1-194	194	k121_54759_4	N/A	26.744	44	86	7.35e-06	44.3
SadC_ref|WP_036299413.1|:1-194	194	k121_5434_1	N/A	23.529	60	119	1.39e-05	42.7
SadC_ref|WP_036299413.1|:1-194	194	k121_54091_1	N/A	28.571	47	91	8.30e-04	38.1
SadC_ref|WP_036299413.1|:1-194	194	k121_29170_61	N/A	24.699	85	166	8.30e-04	38.1
WP_000259031.1	279	k121_57864_5	N/A	100.000	99	278	0.0	551
WP_000259031.1	279	k121_65803_6	N/A	34.553	88	246	9.00e-36	129
WP_000259031.1	279	k121_58694_3	N/A	33.962	91	265	1.04e-30	115
WP_000259031.1	279	k121_46515_21	N/A	32.331	91	266	8.78e-27	105
WP_000259031.1	279	k121_32125_2	N/A	30.876	77	217	1.26e-25	103
WP_000259031.1	279	k121_72863_60	N/A	28.794	91	257	2.85e-24	98.6
WP_000259031.1	279	k121_66600_9	N/A	26.754	80	228	2.01e-17	80.1
WP_000259031.1	279	k121_51092_1	N/A	30.189	56	159	7.10e-15	70.9
WP_000259031.1	279	k121_51793_1	N/A	27.803	78	223	2.73e-13	67.4
WP_000259031.1	279	k121_60106_2	N/A	28.000	77	225	3.74e-13	67.8
WP_000259031.1	279	k121_47718_1	N/A	31.452	44	124	1.03e-11	61.2
WP_000259031.1	279	k121_46347_1	N/A	29.688	45	128	1.37e-09	55.5
WP_000259031.1	279	k121_1279_32	N/A	33.333	43	126	2.18e-04	42.0
WP_000259031.1	279	k121_32073_4	N/A	34.862	38	109	7.50e-04	40.4
WP_001043260.1	271	k121_57864_5	N/A	52.692	95	260	7.10e-85	255
WP_001043260.1	271	k121_65803_6	N/A	35.849	96	265	1.56e-40	142
WP_001043260.1	271	k121_58694_3	N/A	33.333	96	270	6.47e-33	121
WP_001043260.1	271	k121_46515_21	N/A	32.222	96	270	4.29e-32	119
WP_001043260.1	271	k121_32125_2	N/A	32.110	79	218	1.80e-26	105
WP_001043260.1	271	k121_51092_1	N/A	34.839	57	155	1.60e-23	94.0
WP_001043260.1	271	k121_72863_60	N/A	26.693	91	251	3.48e-23	95.5
WP_001043260.1	271	k121_47718_1	N/A	37.903	45	124	2.74e-21	87.0
WP_001043260.1	271	k121_66600_9	N/A	31.022	97	274	1.57e-18	82.8
WP_001043260.1	271	k121_60106_2	N/A	28.839	95	267	1.25e-14	71.6
WP_001043260.1	271	k121_51793_1	N/A	28.571	78	217	4.81e-14	69.3
WP_001043260.1	271	k121_46205_1	N/A	27.027	41	111	1.20e-09	55.1
WP_001043260.1	271	k121_46347_1	N/A	30.556	53	144	1.72e-08	52.4
WP_000034420.1	263	k121_57864_5	N/A	43.295	99	261	9.14e-79	239
WP_000034420.1	263	k121_65803_6	N/A	37.786	98	262	1.93e-53	175
WP_000034420.1	263	k121_46515_21	N/A	32.222	98	270	2.15e-42	145
WP_000034420.1	263	k121_58694_3	N/A	34.815	98	270	1.65e-41	143
WP_000034420.1	263	k121_32125_2	N/A	34.074	99	270	7.02e-39	138
WP_000034420.1	263	k121_72863_60	N/A	31.395	97	258	2.46e-32	119
WP_000034420.1	263	k121_51092_1	N/A	35.220	59	159	6.42e-24	94.7
WP_000034420.1	263	k121_66600_9	N/A	31.579	98	266	5.92e-23	94.7
WP_000034420.1	263	k121_47718_1	N/A	36.800	47	125	2.58e-21	87.0
WP_000034420.1	263	k121_51793_1	N/A	29.596	82	223	2.28e-19	84.0
WP_000034420.1	263	k121_60106_2	N/A	31.559	96	263	9.26e-19	83.2
WP_000034420.1	263	k121_46347_1	N/A	35.714	43	112	8.98e-14	67.0
WP_000034420.1	263	k121_46205_1	N/A	31.667	46	120	8.37e-11	58.2
WP_000034420.1	263	k121_66247_6	N/A	23.164	59	177	0.026	35.4
WP_000034420.1	263	k121_71539_8	N/A	22.840	62	162	0.040	34.7
WP_000034420.1	263	k121_43698_9	N/A	27.536	25	69	0.097	33.9
WP_206434233.1	297	k121_46515_21	N/A	44.318	87	264	2.92e-60	193
WP_206434233.1	297	k121_32125_2	N/A	44.361	88	266	3.41e-57	187
WP_206434233.1	297	k121_58694_3	N/A	43.561	87	264	5.14e-55	179
WP_206434233.1	297	k121_65803_6	N/A	37.308	88	260	7.46e-53	174
WP_206434233.1	297	k121_72863_60	N/A	38.722	89	266	1.61e-51	171
WP_206434233.1	297	k121_66600_9	N/A	36.552	96	290	1.36e-44	152
WP_206434233.1	297	k121_60106_2	N/A	37.455	91	275	1.67e-42	147
WP_206434233.1	297	k121_51092_1	N/A	42.941	57	170	7.50e-40	137
WP_206434233.1	297	k121_57864_5	N/A	31.923	87	260	7.13e-36	130
WP_206434233.1	297	k121_51793_1	N/A	36.179	81	246	1.92e-35	127
WP_206434233.1	297	k121_47718_1	N/A	48.438	43	128	7.91e-27	102
WP_206434233.1	297	k121_46347_1	N/A	33.784	50	148	1.28e-25	99.4
WP_206434233.1	297	k121_46205_1	N/A	37.383	36	107	1.83e-16	73.9
WP_206434233.1	297	k121_45229_1	N/A	31.481	36	108	0.066	34.7
WP_005414519.1	219	k121_27164_4	N/A	35.784	89	204	5.24e-32	115
WP_005414519.1	219	k121_56316_27	N/A	45.455	25	55	6.84e-10	55.8
WP_005414519.1	219	k121_26327_28	N/A	39.437	32	71	1.96e-09	55.5
WP_005414519.1	219	k121_2919_6	N/A	29.518	74	166	1.99e-09	55.5
WP_005414519.1	219	k121_58310_3	N/A	37.778	41	90	2.92e-09	55.1
WP_005414519.1	219	k121_65003_2	N/A	38.710	28	62	6.84e-09	53.1
WP_005414519.1	219	k121_19694_3	N/A	24.405	77	168	7.76e-09	53.5
WP_005414519.1	219	k121_51947_2	N/A	42.667	34	75	9.03e-09	53.9
WP_005414519.1	219	k121_47670_4	N/A	27.097	71	155	1.22e-08	53.1
WP_005414519.1	219	k121_16717_11	N/A	36.559	41	93	1.58e-08	52.8
WP_005414519.1	219	k121_56131_8	N/A	43.478	31	69	1.98e-08	52.4
WP_005414519.1	219	k121_38127_11	N/A	35.000	46	100	3.72e-08	51.6
WP_005414519.1	219	k121_49507_52	N/A	27.933	80	179	1.07e-07	50.4
WP_005414519.1	219	k121_1558_5	N/A	45.161	28	62	1.10e-07	50.1
WP_005414519.1	219	k121_54382_9	N/A	33.684	40	95	1.69e-07	49.7
WP_005414519.1	219	k121_32244_2	N/A	36.765	31	68	2.62e-07	48.9
WP_005414519.1	219	k121_6859_1	N/A	36.842	26	57	2.69e-07	46.6
WP_005414519.1	219	k121_56834_17	N/A	23.810	77	168	3.42e-07	48.9
WP_005414519.1	219	k121_49038_3	N/A	41.935	28	62	4.11e-07	48.5
WP_005414519.1	219	k121_56316_11	N/A	36.842	26	57	7.33e-07	47.8
WP_005414519.1	219	k121_14636_3	N/A	46.809	21	47	8.78e-07	47.8
WP_005414519.1	219	k121_6402_12	N/A	35.484	28	62	9.64e-07	47.8
WP_005414519.1	219	k121_3973_2	N/A	39.655	26	58	1.28e-06	47.4
WP_005414519.1	219	k121_24988_2	N/A	37.500	26	56	2.04e-06	43.9
WP_005414519.1	219	k121_65935_4	N/A	38.983	27	59	2.17e-06	46.6
WP_005414519.1	219	k121_35337_58	N/A	31.818	40	88	2.82e-06	46.2
WP_005414519.1	219	k121_4540_6	N/A	32.143	38	84	3.03e-06	46.2
WP_005414519.1	219	k121_32996_29	N/A	28.481	69	158	3.13e-06	46.2
WP_005414519.1	219	k121_48425_2	N/A	36.585	37	82	4.02e-06	45.8
WP_005414519.1	219	k121_11087_2	N/A	32.812	29	64	4.32e-06	43.1
WP_005414519.1	219	k121_10328_5	N/A	25.000	73	160	4.73e-06	45.4
WP_005414519.1	219	k121_11309_3	N/A	42.188	29	64	5.13e-06	45.4
WP_005414519.1	219	k121_66888_39	N/A	26.667	53	135	5.75e-06	45.1
WP_005414519.1	219	k121_38379_2	N/A	26.238	89	202	6.08e-06	45.4
WP_005414519.1	219	k121_36187_6	N/A	38.356	32	73	7.81e-06	44.7
WP_005414519.1	219	k121_41474_2	N/A	34.375	29	64	9.57e-06	44.7
WP_005414519.1	219	k121_42231_3	N/A	24.812	61	133	9.91e-06	44.7
WP_005414519.1	219	k121_23145_2	N/A	48.936	21	47	1.00e-05	44.7
WP_005414519.1	219	k121_40118_34	N/A	32.812	29	64	1.09e-05	44.3
WP_005414519.1	219	k121_11076_2	N/A	32.812	29	64	1.51e-05	43.9
WP_005414519.1	219	k121_42236_2	N/A	24.812	61	133	1.60e-05	44.3
WP_005414519.1	219	k121_7524_5	N/A	35.616	33	73	1.62e-05	44.3
WP_005414519.1	219	k121_9583_3	N/A	24.599	82	187	1.67e-05	43.9
WP_005414519.1	219	k121_292_4	N/A	25.658	68	152	1.81e-05	43.9
WP_005414519.1	219	k121_54175_1	N/A	32.812	29	64	1.90e-05	43.9
WP_005414519.1	219	k121_12590_2	N/A	32.895	35	76	1.93e-05	43.9
WP_005414519.1	219	k121_67737_3	N/A	29.885	40	87	2.23e-05	43.5
WP_005414519.1	219	k121_35206_2	N/A	32.558	39	86	2.35e-05	43.5
WP_005414519.1	219	k121_49950_44	N/A	26.829	37	82	2.73e-05	43.5
WP_005414519.1	219	k121_10732_1	N/A	33.846	29	65	2.82e-05	42.4
WP_005414519.1	219	k121_38367_2	N/A	24.432	77	176	2.85e-05	43.1
WP_005414519.1	219	k121_42531_3	N/A	27.848	69	158	3.01e-05	43.9
WP_005414519.1	219	k121_38364_75	N/A	46.809	21	47	3.31e-05	43.1
WP_005414519.1	219	k121_65644_1	N/A	32.812	29	64	3.38e-05	43.1
WP_005414519.1	219	k121_43714_2	N/A	37.037	25	54	3.44e-05	43.1
WP_005414519.1	219	k121_25688_10	N/A	26.257	80	179	3.53e-05	43.1
WP_005414519.1	219	k121_15618_3	N/A	41.818	25	55	4.32e-05	42.7
WP_005414519.1	219	k121_9908_29	N/A	20.930	76	172	4.44e-05	42.7
WP_005414519.1	219	k121_1971_2	N/A	38.462	28	65	4.55e-05	42.7
WP_005414519.1	219	k121_67594_9	N/A	33.846	29	65	5.09e-05	42.7
WP_005414519.1	219	k121_38364_2	N/A	23.899	72	159	5.45e-05	42.4
WP_005414519.1	219	k121_41129_1	N/A	33.871	28	62	5.70e-05	42.4
WP_005414519.1	219	k121_53393_3	N/A	29.167	44	96	5.76e-05	42.4
WP_005414519.1	219	k121_45951_8	N/A	39.216	23	51	6.05e-05	42.7
WP_005414519.1	219	k121_47173_2	N/A	35.556	40	90	7.14e-05	42.0
WP_005414519.1	219	k121_20719_2	N/A	37.705	28	61	1.03e-04	40.4
WP_005414519.1	219	k121_30859_25	N/A	25.882	76	170	1.26e-04	41.6
WP_005414519.1	219	k121_45563_6	N/A	29.078	64	141	1.49e-04	41.2
WP_005414519.1	219	k121_18034_3	N/A	30.303	30	66	1.52e-04	41.2
WP_005414519.1	219	k121_18979_3	N/A	42.553	24	47	1.72e-04	41.6
WP_005414519.1	219	k121_18979_3	N/A	33.962	24	53	0.008	36.6
WP_005414519.1	219	k121_3054_67	N/A	28.125	44	96	1.85e-04	40.8
WP_005414519.1	219	k121_70190_6	N/A	42.857	22	49	1.90e-04	40.8
WP_005414519.1	219	k121_51908_60	N/A	43.750	22	48	1.93e-04	41.2
WP_005414519.1	219	k121_46515_7	N/A	40.351	26	57	2.18e-04	40.8
WP_005414519.1	219	k121_47738_6	N/A	33.846	29	65	2.47e-04	40.4
WP_005414519.1	219	k121_36965_46	N/A	25.381	86	197	2.86e-04	40.4
WP_005414519.1	219	k121_40688_4	N/A	40.351	26	57	3.01e-04	40.4
WP_005414519.1	219	k121_59981_1	N/A	35.443	34	79	3.46e-04	40.0
WP_005414519.1	219	k121_68950_2	N/A	36.111	30	72	3.52e-04	40.0
WP_005414519.1	219	k121_45985_4	N/A	35.185	25	54	3.89e-04	39.7
WP_005414519.1	219	k121_15192_3	N/A	28.814	27	59	3.93e-04	39.7
WP_005414519.1	219	k121_43973_2	N/A	38.710	28	62	3.98e-04	40.0
WP_005414519.1	219	k121_65256_1	N/A	25.641	71	156	4.17e-04	39.3
WP_005414519.1	219	k121_35030_4	N/A	31.818	30	66	4.24e-04	40.0
WP_005414519.1	219	k121_29675_1	N/A	28.571	46	105	4.40e-04	39.7
WP_005414519.1	219	k121_5530_3	N/A	25.000	79	176	4.83e-04	39.7
WP_005414519.1	219	k121_32825_6	N/A	36.620	31	71	5.09e-04	39.7
WP_005414519.1	219	k121_25564_4	N/A	33.333	36	78	5.54e-04	39.7
WP_005414519.1	219	k121_1172_6	N/A	26.596	43	94	0.001	38.9
WP_005414519.1	219	k121_63595_32	N/A	30.769	30	65	0.001	38.9
WP_005414519.1	219	k121_38018_19	N/A	32.727	25	55	0.001	38.5
WP_005414519.1	219	k121_60247_5	N/A	26.389	59	144	0.002	38.1
WP_005414519.1	219	k121_18933_6	N/A	25.157	72	159	0.002	38.1
WP_005414519.1	219	k121_67920_2	N/A	30.719	68	153	0.002	38.1
WP_005414519.1	219	k121_292_5	N/A	35.294	23	51	0.002	38.1
WP_005414519.1	219	k121_38364_30	N/A	36.667	27	60	0.002	37.7
WP_005414519.1	219	k121_38364_61	N/A	25.641	71	156	0.002	37.7
WP_005414519.1	219	k121_3317_3	N/A	33.962	24	53	0.002	38.1
WP_005414519.1	219	k121_26122_3	N/A	32.258	27	62	0.002	37.7
WP_005414519.1	219	k121_51685_2	N/A	36.364	25	55	0.002	37.7
WP_005414519.1	219	k121_5510_40	N/A	32.759	26	58	0.003	37.4
WP_005414519.1	219	k121_12850_24	N/A	35.294	23	51	0.003	37.4
WP_005414519.1	219	k121_27027_4	N/A	26.000	44	100	0.003	37.4
WP_005414519.1	219	k121_51793_3	N/A	33.898	27	59	0.003	37.4
WP_005414519.1	219	k121_72495_16	N/A	35.484	27	62	0.003	37.7
WP_005414519.1	219	k121_63368_15	N/A	35.294	23	51	0.003	37.4
WP_005414519.1	219	k121_10799_2	N/A	32.432	34	74	0.004	36.6
WP_005414519.1	219	k121_25688_9	N/A	33.962	24	53	0.004	37.0
WP_005414519.1	219	k121_5530_2	N/A	33.962	24	53	0.004	37.0
WP_005414519.1	219	k121_2711_17	N/A	35.294	23	51	0.004	37.0
WP_005414519.1	219	k121_5458_3	N/A	23.000	46	100	0.004	37.0
WP_005414519.1	219	k121_52817_45	N/A	30.645	27	62	0.005	37.0
WP_005414519.1	219	k121_60566_6	N/A	27.419	28	62	0.005	37.0
WP_005414519.1	219	k121_29951_5	N/A	36.207	26	58	0.005	36.6
WP_005414519.1	219	k121_26828_21	N/A	33.333	22	48	0.006	36.6
WP_005414519.1	219	k121_6594_18	N/A	30.769	36	78	0.006	37.0
WP_005414519.1	219	k121_67107_2	N/A	31.481	25	54	0.006	36.6
WP_005414519.1	219	k121_44951_25	N/A	36.538	23	52	0.006	36.2
WP_005414519.1	219	k121_36521_6	N/A	31.884	29	69	0.007	36.2
WP_005414519.1	219	k121_37428_2	N/A	40.426	21	47	0.008	35.8
WP_005414519.1	219	k121_63908_5	N/A	36.364	20	44	0.009	35.8
WP_005414519.1	219	k121_53781_41	N/A	30.233	39	86	0.009	36.2
WP_005414519.1	219	k121_60415_2	N/A	25.532	43	94	0.009	35.8
WP_005414519.1	219	k121_17879_2	N/A	32.692	24	52	0.010	34.7
WP_005414519.1	219	k121_1657_2	N/A	26.154	59	130	0.010	35.8
WP_005414519.1	219	k121_51390_2	N/A	35.294	23	51	0.013	35.4
WP_005414519.1	219	k121_18458_27	N/A	26.786	26	56	0.016	35.4
WP_005414519.1	219	k121_12850_18	N/A	32.000	34	75	0.017	35.4
WP_005414519.1	219	k121_47403_2	N/A	36.170	21	47	0.021	34.7
WP_005414519.1	219	k121_15079_6	N/A	22.549	88	204	0.021	34.7
WP_005414519.1	219	k121_17677_2	N/A	29.091	25	55	0.021	34.7
WP_005414519.1	219	k121_8675_3	N/A	28.125	29	64	0.026	34.7
WP_005414519.1	219	k121_54390_1	N/A	24.806	57	129	0.027	34.3
WP_005414519.1	219	k121_49242_5	N/A	25.949	70	158	0.030	33.9
WP_005414519.1	219	k121_8922_15	N/A	25.556	41	90	0.032	34.3
WP_005414519.1	219	k121_6946_16	N/A	29.545	40	88	0.033	34.7
WP_005414519.1	219	k121_9827_21	N/A	36.508	27	63	0.035	34.3
WP_005414519.1	219	k121_66420_27	N/A	26.984	28	63	0.035	33.9
WP_005414519.1	219	k121_47769_13	N/A	31.034	26	58	0.039	34.3
WP_005414519.1	219	k121_56089_2	N/A	33.333	25	54	0.040	33.9
WP_005414519.1	219	k121_3795_2	N/A	26.257	82	179	0.042	33.9
WP_005414519.1	219	k121_25292_2	N/A	30.909	25	55	0.045	33.9
WP_005414519.1	219	k121_27027_3	N/A	27.778	25	54	0.045	33.9
WP_005414519.1	219	k121_32207_1	N/A	28.986	32	69	0.047	33.1
WP_005414519.1	219	k121_32947_5	N/A	29.825	26	57	0.055	33.5
WP_005414519.1	219	k121_2505_1	N/A	35.417	22	48	0.055	33.5
WP_005414519.1	219	k121_18751_1	N/A	31.746	29	63	0.056	33.5
WP_005414519.1	219	k121_36965_51	N/A	26.596	43	94	0.058	33.5
WP_005414519.1	219	k121_69968_3	N/A	32.787	28	61	0.068	33.5
WP_005414519.1	219	k121_8096_7	N/A	36.364	25	55	0.080	33.1
WP_005414519.1	219	k121_66420_12	N/A	30.000	27	60	0.085	33.1
WP_005414519.1	219	k121_15211_3	N/A	35.556	21	45	0.088	32.3
WP_005414519.1	219	k121_35258_19	N/A	35.484	28	62	0.092	33.1
WP_005414519.1	219	k121_8938_2	N/A	24.286	32	70	0.093	32.7
WP_005414519.1	219	k121_29729_1	N/A	35.556	21	45	0.093	32.3
WP_005414519.1	219	k121_9478_21	N/A	22.835	56	127	0.094	32.7
WP_005414519.1	219	k121_6594_2	N/A	31.250	29	64	0.097	32.7
WP_025877280.1	219	k121_27164_4	N/A	35.784	89	204	1.96e-32	116
WP_025877280.1	219	k121_26327_28	N/A	39.437	32	71	3.54e-09	55.1
WP_025877280.1	219	k121_58310_3	N/A	38.202	41	89	4.03e-09	54.3
WP_025877280.1	219	k121_56316_27	N/A	43.636	25	55	4.21e-09	53.9
WP_025877280.1	219	k121_19694_3	N/A	24.405	77	168	1.15e-08	53.1
WP_025877280.1	219	k121_2919_6	N/A	28.313	74	166	1.86e-08	52.8
WP_025877280.1	219	k121_47670_4	N/A	33.696	42	92	1.89e-08	52.8
WP_025877280.1	219	k121_56834_17	N/A	25.000	77	168	1.94e-08	52.4
WP_025877280.1	219	k121_16717_11	N/A	36.559	41	93	2.24e-08	52.4
WP_025877280.1	219	k121_65003_2	N/A	37.097	28	62	3.75e-08	51.2
WP_025877280.1	219	k121_51947_2	N/A	41.892	33	74	6.23e-08	51.2
WP_025877280.1	219	k121_1558_5	N/A	45.161	28	62	1.34e-07	50.1
WP_025877280.1	219	k121_49038_3	N/A	43.548	28	62	1.35e-07	50.1
WP_025877280.1	219	k121_54382_9	N/A	33.684	40	95	2.09e-07	49.7
WP_025877280.1	219	k121_56131_8	N/A	40.580	31	69	2.29e-07	49.3
WP_025877280.1	219	k121_38127_11	N/A	34.000	46	100	2.59e-07	49.3
WP_025877280.1	219	k121_32244_2	N/A	36.765	31	68	3.27e-07	48.9
WP_025877280.1	219	k121_32996_29	N/A	29.747	69	158	3.64e-07	48.9
WP_025877280.1	219	k121_6402_12	N/A	35.484	28	62	7.30e-07	48.1
WP_025877280.1	219	k121_6859_1	N/A	36.842	26	57	8.95e-07	45.1
WP_025877280.1	219	k121_49507_52	N/A	26.816	80	179	1.21e-06	47.4
WP_025877280.1	219	k121_14636_3	N/A	46.809	21	47	1.33e-06	47.4
WP_025877280.1	219	k121_12590_2	N/A	27.684	79	177	1.60e-06	47.0
WP_025877280.1	219	k121_24988_2	N/A	37.500	26	56	1.72e-06	43.9
WP_025877280.1	219	k121_3973_2	N/A	39.655	26	58	2.14e-06	46.6
WP_025877280.1	219	k121_65935_4	N/A	38.983	27	59	2.27e-06	46.6
WP_025877280.1	219	k121_56316_11	N/A	36.842	26	57	2.33e-06	46.2
WP_025877280.1	219	k121_48425_2	N/A	36.585	37	82	3.91e-06	45.8
WP_025877280.1	219	k121_42531_3	N/A	29.114	69	158	4.55e-06	46.2
WP_025877280.1	219	k121_10328_5	N/A	26.994	73	163	4.64e-06	45.4
WP_025877280.1	219	k121_4540_6	N/A	32.143	38	84	4.71e-06	45.8
WP_025877280.1	219	k121_11309_3	N/A	42.188	29	64	5.59e-06	45.4
WP_025877280.1	219	k121_11087_2	N/A	32.812	29	64	6.07e-06	42.7
WP_025877280.1	219	k121_36187_6	N/A	30.496	61	141	8.04e-06	44.7
WP_025877280.1	219	k121_66888_39	N/A	26.667	53	135	9.22e-06	44.7
WP_025877280.1	219	k121_10732_1	N/A	35.385	29	65	1.21e-05	43.5
WP_025877280.1	219	k121_41474_2	N/A	34.375	29	64	1.36e-05	44.3
WP_025877280.1	219	k121_292_4	N/A	25.658	68	152	1.49e-05	44.3
WP_025877280.1	219	k121_35337_58	N/A	30.682	40	88	1.50e-05	44.3
WP_025877280.1	219	k121_23145_2	N/A	45.098	23	51	1.53e-05	43.9
WP_025877280.1	219	k121_42231_3	N/A	24.812	61	133	1.65e-05	44.3
WP_025877280.1	219	k121_7524_5	N/A	35.616	33	73	1.87e-05	43.9
WP_025877280.1	219	k121_40118_34	N/A	32.812	29	64	1.88e-05	43.9
WP_025877280.1	219	k121_11076_2	N/A	26.943	85	193	2.04e-05	43.5
WP_025877280.1	219	k121_67594_9	N/A	35.385	29	65	2.11e-05	43.9
WP_025877280.1	219	k121_54175_1	N/A	32.812	29	64	2.32e-05	43.9
WP_025877280.1	219	k121_38379_2	N/A	25.373	60	134	2.48e-05	43.5
WP_025877280.1	219	k121_42236_2	N/A	24.812	61	133	2.67e-05	43.5
WP_025877280.1	219	k121_9583_3	N/A	24.599	82	187	3.29e-05	43.1
WP_025877280.1	219	k121_43714_2	N/A	37.037	25	54	3.57e-05	43.1
WP_025877280.1	219	k121_1971_2	N/A	26.437	78	174	4.68e-05	42.7
WP_025877280.1	219	k121_65644_1	N/A	32.812	29	64	5.75e-05	42.4
WP_025877280.1	219	k121_38364_75	N/A	43.137	23	51	5.79e-05	42.4
WP_025877280.1	219	k121_30859_25	N/A	26.471	76	170	6.18e-05	42.4
WP_025877280.1	219	k121_41129_1	N/A	33.871	28	62	6.32e-05	42.4
WP_025877280.1	219	k121_47173_2	N/A	35.556	40	90	7.56e-05	42.0
WP_025877280.1	219	k121_53393_3	N/A	29.167	44	96	9.03e-05	42.0
WP_025877280.1	219	k121_49950_44	N/A	25.610	37	82	9.33e-05	42.0
WP_025877280.1	219	k121_9908_29	N/A	20.115	77	174	1.05e-04	41.6
WP_025877280.1	219	k121_45951_8	N/A	39.216	23	51	1.07e-04	42.0
WP_025877280.1	219	k121_15618_3	N/A	25.424	80	177	1.19e-04	41.6
WP_025877280.1	219	k121_35206_2	N/A	31.395	39	86	1.21e-04	41.6
WP_025877280.1	219	k121_20719_2	N/A	37.705	28	61	1.38e-04	40.0
WP_025877280.1	219	k121_67737_3	N/A	28.736	40	87	1.43e-04	41.2
WP_025877280.1	219	k121_70190_6	N/A	39.623	24	53	1.90e-04	40.8
WP_025877280.1	219	k121_25688_10	N/A	25.698	80	179	1.93e-04	40.8
WP_025877280.1	219	k121_51908_60	N/A	43.750	22	48	2.01e-04	41.2
WP_025877280.1	219	k121_3054_67	N/A	28.125	44	96	2.03e-04	40.8
WP_025877280.1	219	k121_45563_6	N/A	32.000	34	75	2.11e-04	40.8
WP_025877280.1	219	k121_47738_6	N/A	33.846	29	65	2.54e-04	40.4
WP_025877280.1	219	k121_18979_3	N/A	38.462	24	52	2.76e-04	41.2
WP_025877280.1	219	k121_18979_3	N/A	33.962	24	53	0.010	36.2
WP_025877280.1	219	k121_43973_2	N/A	38.710	28	62	3.40e-04	40.0
WP_025877280.1	219	k121_59981_1	N/A	35.443	34	79	3.56e-04	39.7
WP_025877280.1	219	k121_18034_3	N/A	30.303	30	66	3.57e-04	40.0
WP_025877280.1	219	k121_15192_3	N/A	28.814	27	59	3.58e-04	40.0
WP_025877280.1	219	k121_25564_4	N/A	33.333	36	78	4.68e-04	39.7
WP_025877280.1	219	k121_68950_2	N/A	37.500	26	56	4.80e-04	39.7
WP_025877280.1	219	k121_65256_1	N/A	25.641	71	156	4.82e-04	39.3
WP_025877280.1	219	k121_35030_4	N/A	31.818	30	66	6.70e-04	39.3
WP_025877280.1	219	k121_1172_6	N/A	24.204	71	157	6.79e-04	39.3
WP_025877280.1	219	k121_40688_4	N/A	47.727	20	44	7.21e-04	39.3
WP_025877280.1	219	k121_36965_46	N/A	24.873	86	197	7.48e-04	39.3
WP_025877280.1	219	k121_18933_6	N/A	26.415	72	159	0.001	38.5
WP_025877280.1	219	k121_32825_6	N/A	36.620	31	71	0.001	38.9
WP_025877280.1	219	k121_46515_7	N/A	38.596	26	57	0.001	38.9
WP_025877280.1	219	k121_67920_2	N/A	31.373	68	153	0.001	38.5
WP_025877280.1	219	k121_63595_32	N/A	30.769	30	65	0.001	38.1
WP_025877280.1	219	k121_45985_4	N/A	33.333	25	54	0.002	37.7
WP_025877280.1	219	k121_5530_3	N/A	31.250	29	64	0.002	38.1
WP_025877280.1	219	k121_292_5	N/A	26.744	39	86	0.002	37.7
WP_025877280.1	219	k121_60566_6	N/A	22.424	75	165	0.002	37.7
WP_025877280.1	219	k121_29675_1	N/A	27.619	46	105	0.002	37.4
WP_025877280.1	219	k121_26122_3	N/A	32.258	27	62	0.003	37.7
WP_025877280.1	219	k121_12850_24	N/A	35.294	23	51	0.003	37.4
WP_025877280.1	219	k121_72495_16	N/A	35.484	27	62	0.003	37.4
WP_025877280.1	219	k121_38364_61	N/A	40.000	23	50	0.003	37.4
WP_025877280.1	219	k121_27027_4	N/A	26.000	44	100	0.004	37.0
WP_025877280.1	219	k121_51793_3	N/A	33.898	27	59	0.004	37.0
WP_025877280.1	219	k121_51685_2	N/A	36.364	25	55	0.004	37.0
WP_025877280.1	219	k121_5458_3	N/A	23.000	46	100	0.004	37.0
WP_025877280.1	219	k121_38364_30	N/A	38.182	25	55	0.004	36.6
WP_025877280.1	219	k121_10799_2	N/A	32.432	34	74	0.005	36.6
WP_025877280.1	219	k121_2711_17	N/A	35.294	23	51	0.005	37.0
WP_025877280.1	219	k121_18458_27	N/A	28.571	26	56	0.006	36.6
WP_025877280.1	219	k121_52817_45	N/A	30.645	27	62	0.006	36.6
WP_025877280.1	219	k121_63368_15	N/A	35.294	23	51	0.006	36.6
WP_025877280.1	219	k121_6594_18	N/A	30.769	36	78	0.006	37.0
WP_025877280.1	219	k121_38018_19	N/A	29.032	28	62	0.006	36.6
WP_025877280.1	219	k121_36521_6	N/A	31.884	29	69	0.007	36.2
WP_025877280.1	219	k121_26828_21	N/A	31.373	23	51	0.007	36.6
WP_025877280.1	219	k121_60247_5	N/A	25.694	59	144	0.008	36.2
WP_025877280.1	219	k121_67107_2	N/A	31.481	25	54	0.009	35.8
WP_025877280.1	219	k121_29951_5	N/A	36.207	26	58	0.009	35.8
WP_025877280.1	219	k121_63908_5	N/A	27.143	32	70	0.010	35.8
WP_025877280.1	219	k121_37428_2	N/A	27.273	40	88	0.010	35.8
WP_025877280.1	219	k121_44951_25	N/A	34.000	23	50	0.011	35.8
WP_025877280.1	219	k121_17879_2	N/A	32.692	24	52	0.011	34.7
WP_025877280.1	219	k121_3317_3	N/A	32.075	24	53	0.012	35.8
WP_025877280.1	219	k121_51390_2	N/A	35.294	23	51	0.013	35.4
WP_025877280.1	219	k121_60415_2	N/A	25.532	43	94	0.018	35.0
WP_025877280.1	219	k121_69968_3	N/A	34.426	28	61	0.021	35.0
WP_025877280.1	219	k121_12850_18	N/A	32.000	34	75	0.022	35.0
WP_025877280.1	219	k121_15079_6	N/A	22.549	88	204	0.025	34.7
WP_025877280.1	219	k121_25688_9	N/A	32.075	24	53	0.032	34.3
WP_025877280.1	219	k121_5530_2	N/A	32.075	24	53	0.034	34.3
WP_025877280.1	219	k121_53781_41	N/A	29.070	39	86	0.035	34.3
WP_025877280.1	219	k121_40701_2	N/A	21.839	74	174	0.035	34.3
WP_025877280.1	219	k121_47403_2	N/A	35.417	22	48	0.037	34.3
WP_025877280.1	219	k121_17677_2	N/A	29.091	25	55	0.038	33.9
WP_025877280.1	219	k121_8096_7	N/A	36.364	25	55	0.041	33.9
WP_025877280.1	219	k121_6946_16	N/A	29.545	40	88	0.041	34.3
WP_025877280.1	219	k121_8922_15	N/A	25.556	41	90	0.046	33.9
WP_025877280.1	219	k121_36965_51	N/A	26.596	43	94	0.047	33.9
WP_025877280.1	219	k121_49242_5	N/A	25.949	70	158	0.054	33.5
WP_025877280.1	219	k121_32207_1	N/A	28.986	32	69	0.055	33.1
WP_025877280.1	219	k121_1657_2	N/A	25.581	59	129	0.056	33.5
WP_025877280.1	219	k121_25292_2	N/A	30.909	25	55	0.059	33.5
WP_025877280.1	219	k121_9827_21	N/A	33.333	33	72	0.060	33.5
WP_025877280.1	219	k121_32947_5	N/A	29.825	26	57	0.063	33.5
WP_025877280.1	219	k121_2505_1	N/A	32.727	25	55	0.064	33.5
WP_025877280.1	219	k121_66420_27	N/A	26.984	28	63	0.068	33.1
WP_025877280.1	219	k121_1225_12	N/A	25.967	80	181	0.068	33.1
WP_025877280.1	219	k121_27027_3	N/A	27.778	25	54	0.071	33.1
WP_025877280.1	219	k121_15211_3	N/A	35.556	21	45	0.083	32.7
WP_025877280.1	219	k121_8938_2	N/A	24.286	32	70	0.091	32.7
WP_025877280.1	219	k121_66420_12	N/A	30.000	27	60	0.097	32.7
WP_025877280.1	219	k121_37617_2	N/A	27.778	25	54	0.097	33.1
WP_089236970.1	219	k121_27164_4	N/A	35.784	89	204	1.98e-32	116
WP_089236970.1	219	k121_26327_28	N/A	39.437	32	71	3.64e-09	54.7
WP_089236970.1	219	k121_58310_3	N/A	38.202	41	89	4.03e-09	54.3
WP_089236970.1	219	k121_56316_27	N/A	43.636	25	55	4.12e-09	53.9
WP_089236970.1	219	k121_2919_6	N/A	28.916	74	166	7.46e-09	53.5
WP_089236970.1	219	k121_19694_3	N/A	24.405	77	168	1.56e-08	52.8
WP_089236970.1	219	k121_47670_4	N/A	33.696	42	92	1.91e-08	52.8
WP_089236970.1	219	k121_16717_11	N/A	36.559	41	93	2.35e-08	52.4
WP_089236970.1	219	k121_56834_17	N/A	25.000	77	168	2.54e-08	52.4
WP_089236970.1	219	k121_65003_2	N/A	37.097	28	62	3.50e-08	51.2
WP_089236970.1	219	k121_51947_2	N/A	41.892	33	74	6.41e-08	51.2
WP_089236970.1	219	k121_1558_5	N/A	45.161	28	62	1.30e-07	50.1
WP_089236970.1	219	k121_49038_3	N/A	43.548	28	62	1.44e-07	49.7
WP_089236970.1	219	k121_54382_9	N/A	33.684	40	95	2.03e-07	49.7
WP_089236970.1	219	k121_56131_8	N/A	40.580	31	69	2.43e-07	49.3
WP_089236970.1	219	k121_38127_11	N/A	34.000	46	100	2.70e-07	49.3
WP_089236970.1	219	k121_32244_2	N/A	36.765	31	68	3.44e-07	48.5
WP_089236970.1	219	k121_49507_52	N/A	26.702	80	191	4.70e-07	48.5
WP_089236970.1	219	k121_6402_12	N/A	35.484	28	62	7.23e-07	48.1
WP_089236970.1	219	k121_32996_29	N/A	29.747	69	158	7.43e-07	48.1
WP_089236970.1	219	k121_6859_1	N/A	36.842	26	57	8.42e-07	45.4
WP_089236970.1	219	k121_12590_2	N/A	27.684	79	177	9.88e-07	47.8
WP_089236970.1	219	k121_14636_3	N/A	46.809	21	47	1.29e-06	47.4
WP_089236970.1	219	k121_24988_2	N/A	37.500	26	56	1.51e-06	44.3
WP_089236970.1	219	k121_3973_2	N/A	39.655	26	58	2.02e-06	47.0
WP_089236970.1	219	k121_65935_4	N/A	38.983	27	59	2.21e-06	46.6
WP_089236970.1	219	k121_56316_11	N/A	36.842	26	57	2.24e-06	46.6
WP_089236970.1	219	k121_48425_2	N/A	36.585	37	82	3.62e-06	46.2
WP_089236970.1	219	k121_4540_6	N/A	32.143	38	84	4.63e-06	45.8
WP_089236970.1	219	k121_10328_5	N/A	26.994	73	163	4.92e-06	45.4
WP_089236970.1	219	k121_11087_2	N/A	32.812	29	64	5.83e-06	42.7
WP_089236970.1	219	k121_11309_3	N/A	42.188	29	64	5.86e-06	45.4
WP_089236970.1	219	k121_36187_6	N/A	30.496	61	141	7.81e-06	44.7
WP_089236970.1	219	k121_66888_39	N/A	26.667	53	135	8.70e-06	44.7
WP_089236970.1	219	k121_42531_3	N/A	29.114	69	158	8.87e-06	45.4
WP_089236970.1	219	k121_10732_1	N/A	35.385	29	65	1.17e-05	43.5
WP_089236970.1	219	k121_41474_2	N/A	34.375	29	64	1.46e-05	44.3
WP_089236970.1	219	k121_23145_2	N/A	45.098	23	51	1.52e-05	43.9
WP_089236970.1	219	k121_35337_58	N/A	30.682	40	88	1.53e-05	44.3
WP_089236970.1	219	k121_42231_3	N/A	24.812	61	133	1.63e-05	44.3
WP_089236970.1	219	k121_7524_5	N/A	35.616	33	73	1.88e-05	43.9
WP_089236970.1	219	k121_40118_34	N/A	32.812	29	64	2.01e-05	43.5
WP_089236970.1	219	k121_38379_2	N/A	25.373	60	134	2.15e-05	43.9
WP_089236970.1	219	k121_67594_9	N/A	35.385	29	65	2.16e-05	43.5
WP_089236970.1	219	k121_11076_2	N/A	32.812	29	64	2.16e-05	43.5
WP_089236970.1	219	k121_1971_2	N/A	26.437	78	174	2.33e-05	43.5
WP_089236970.1	219	k121_54175_1	N/A	32.812	29	64	2.38e-05	43.9
WP_089236970.1	219	k121_42236_2	N/A	24.812	61	133	2.82e-05	43.5
WP_089236970.1	219	k121_292_4	N/A	25.658	68	152	3.09e-05	43.5
WP_089236970.1	219	k121_43714_2	N/A	37.037	25	54	3.22e-05	43.1
WP_089236970.1	219	k121_9583_3	N/A	24.599	82	187	3.68e-05	43.1
WP_089236970.1	219	k121_38364_75	N/A	43.137	23	51	5.79e-05	42.4
WP_089236970.1	219	k121_41129_1	N/A	33.871	28	62	6.09e-05	42.4
WP_089236970.1	219	k121_65644_1	N/A	32.812	29	64	6.09e-05	42.4
WP_089236970.1	219	k121_30859_25	N/A	26.471	76	170	6.48e-05	42.4
WP_089236970.1	219	k121_47173_2	N/A	35.556	40	90	8.23e-05	42.0
WP_089236970.1	219	k121_9908_29	N/A	20.115	77	174	8.52e-05	42.0
WP_089236970.1	219	k121_49950_44	N/A	25.253	44	99	9.07e-05	42.0
WP_089236970.1	219	k121_53393_3	N/A	25.786	72	159	9.64e-05	42.0
WP_089236970.1	219	k121_45951_8	N/A	39.216	23	51	1.08e-04	42.0
WP_089236970.1	219	k121_35206_2	N/A	31.395	39	86	1.14e-04	41.6
WP_089236970.1	219	k121_20719_2	N/A	37.705	28	61	1.37e-04	40.0
WP_089236970.1	219	k121_15618_3	N/A	25.424	80	177	1.41e-04	41.2
WP_089236970.1	219	k121_67737_3	N/A	28.736	40	87	1.43e-04	41.2
WP_089236970.1	219	k121_70190_6	N/A	39.623	24	53	1.75e-04	40.8
WP_089236970.1	219	k121_3054_67	N/A	28.125	44	96	1.87e-04	40.8
WP_089236970.1	219	k121_45563_6	N/A	32.000	34	75	1.90e-04	40.8
WP_089236970.1	219	k121_51908_60	N/A	43.750	22	48	1.93e-04	41.2
WP_089236970.1	219	k121_1172_6	N/A	24.841	71	157	2.20e-04	40.8
WP_089236970.1	219	k121_47738_6	N/A	33.846	29	65	2.56e-04	40.4
WP_089236970.1	219	k121_18979_3	N/A	38.462	24	52	2.62e-04	41.2
WP_089236970.1	219	k121_18979_3	N/A	33.962	24	53	0.010	36.2
WP_089236970.1	219	k121_43973_2	N/A	38.710	28	62	3.12e-04	40.4
WP_089236970.1	219	k121_15192_3	N/A	28.814	27	59	3.26e-04	40.0
WP_089236970.1	219	k121_18034_3	N/A	30.303	30	66	3.31e-04	40.0
WP_089236970.1	219	k121_59981_1	N/A	35.443	34	79	3.77e-04	39.7
WP_089236970.1	219	k121_68950_2	N/A	37.500	26	56	4.62e-04	39.7
WP_089236970.1	219	k121_25564_4	N/A	33.333	36	78	4.95e-04	39.7
WP_089236970.1	219	k121_35030_4	N/A	31.818	30	66	6.64e-04	39.3
WP_089236970.1	219	k121_40688_4	N/A	47.727	20	44	6.82e-04	39.3
WP_089236970.1	219	k121_67920_2	N/A	31.373	68	153	7.26e-04	39.3
WP_089236970.1	219	k121_25688_10	N/A	25.140	80	179	7.70e-04	39.3
WP_089236970.1	219	k121_32825_6	N/A	36.620	31	71	0.001	38.9
WP_089236970.1	219	k121_46515_7	N/A	38.596	26	57	0.001	38.9
WP_089236970.1	219	k121_18933_6	N/A	25.157	72	159	0.001	38.1
WP_089236970.1	219	k121_63595_32	N/A	30.769	30	65	0.002	38.1
WP_089236970.1	219	k121_60566_6	N/A	22.424	75	165	0.002	38.1
WP_089236970.1	219	k121_5530_3	N/A	31.250	29	64	0.002	38.1
WP_089236970.1	219	k121_45985_4	N/A	33.333	25	54	0.002	37.7
WP_089236970.1	219	k121_65256_1	N/A	25.000	71	156	0.002	37.4
WP_089236970.1	219	k121_292_5	N/A	26.966	41	89	0.002	37.7
WP_089236970.1	219	k121_29675_1	N/A	27.619	46	105	0.002	37.7
WP_089236970.1	219	k121_26122_3	N/A	32.258	27	62	0.003	37.7
WP_089236970.1	219	k121_12850_24	N/A	35.294	23	51	0.003	37.4
WP_089236970.1	219	k121_38364_61	N/A	40.000	23	50	0.003	37.4
WP_089236970.1	219	k121_72495_16	N/A	35.484	27	62	0.003	37.7
WP_089236970.1	219	k121_36965_46	N/A	24.365	86	197	0.003	37.4
WP_089236970.1	219	k121_27027_4	N/A	26.000	44	100	0.004	37.0
WP_089236970.1	219	k121_60247_5	N/A	26.389	59	144	0.004	37.0
WP_089236970.1	219	k121_51793_3	N/A	33.898	27	59	0.004	37.0
WP_089236970.1	219	k121_51685_2	N/A	36.364	25	55	0.004	37.0
WP_089236970.1	219	k121_5458_3	N/A	23.000	46	100	0.004	37.0
WP_089236970.1	219	k121_38364_30	N/A	38.182	25	55	0.004	37.0
WP_089236970.1	219	k121_10799_2	N/A	32.432	34	74	0.005	36.6
WP_089236970.1	219	k121_2711_17	N/A	35.294	23	51	0.005	37.0
WP_089236970.1	219	k121_52817_45	N/A	30.645	27	62	0.006	36.6
WP_089236970.1	219	k121_18458_27	N/A	28.571	26	56	0.006	36.6
WP_089236970.1	219	k121_6594_18	N/A	30.769	36	78	0.006	37.0
WP_089236970.1	219	k121_36521_6	N/A	31.884	29	69	0.006	36.6
WP_089236970.1	219	k121_63368_15	N/A	35.294	23	51	0.006	36.6
WP_089236970.1	219	k121_38018_19	N/A	29.032	28	62	0.007	36.2
WP_089236970.1	219	k121_26828_21	N/A	31.373	23	51	0.007	36.2
WP_089236970.1	219	k121_37428_2	N/A	26.667	79	180	0.008	35.8
WP_089236970.1	219	k121_67107_2	N/A	31.481	25	54	0.008	36.2
WP_089236970.1	219	k121_29951_5	N/A	36.207	26	58	0.009	35.8
WP_089236970.1	219	k121_63908_5	N/A	27.143	32	70	0.010	35.8
WP_089236970.1	219	k121_44951_25	N/A	34.000	23	50	0.010	35.8
WP_089236970.1	219	k121_17879_2	N/A	32.692	24	52	0.010	34.7
WP_089236970.1	219	k121_3317_3	N/A	32.075	24	53	0.012	35.8
WP_089236970.1	219	k121_51390_2	N/A	35.294	23	51	0.012	35.4
WP_089236970.1	219	k121_69968_3	N/A	34.426	28	61	0.019	35.0
WP_089236970.1	219	k121_60415_2	N/A	25.532	43	94	0.020	35.0
WP_089236970.1	219	k121_12850_18	N/A	32.000	34	75	0.021	35.0
WP_089236970.1	219	k121_15079_6	N/A	22.549	88	204	0.027	34.7
WP_089236970.1	219	k121_25688_9	N/A	32.075	24	53	0.034	34.3
WP_089236970.1	219	k121_5530_2	N/A	32.075	24	53	0.034	34.3
WP_089236970.1	219	k121_53781_41	N/A	29.070	39	86	0.036	34.3
WP_089236970.1	219	k121_17677_2	N/A	29.091	25	55	0.036	34.3
WP_089236970.1	219	k121_49242_5	N/A	25.949	70	158	0.039	33.9
WP_089236970.1	219	k121_6946_16	N/A	29.545	40	88	0.043	34.3
WP_089236970.1	219	k121_8096_7	N/A	36.364	25	55	0.043	33.9
WP_089236970.1	219	k121_36965_51	N/A	26.596	43	94	0.045	33.9
WP_089236970.1	219	k121_8922_15	N/A	25.556	41	90	0.046	33.9
WP_089236970.1	219	k121_1657_2	N/A	25.581	59	129	0.052	33.5
WP_089236970.1	219	k121_32207_1	N/A	28.986	32	69	0.054	33.1
WP_089236970.1	219	k121_25292_2	N/A	30.909	25	55	0.056	33.5
WP_089236970.1	219	k121_32947_5	N/A	29.825	26	57	0.057	33.5
WP_089236970.1	219	k121_9827_21	N/A	33.333	33	72	0.058	33.5
WP_089236970.1	219	k121_2505_1	N/A	32.727	25	55	0.064	33.5
WP_089236970.1	219	k121_27027_3	N/A	27.778	25	54	0.065	33.5
WP_089236970.1	219	k121_66420_27	N/A	26.984	28	63	0.066	33.1
WP_089236970.1	219	k121_40701_2	N/A	21.839	74	174	0.072	33.1
WP_089236970.1	219	k121_1225_12	N/A	25.967	80	181	0.074	33.1
WP_089236970.1	219	k121_15211_3	N/A	35.556	21	45	0.081	32.7
WP_089236970.1	219	k121_8938_2	N/A	24.286	32	70	0.093	32.7
WP_089236970.1	219	k121_37617_2	N/A	27.778	25	54	0.096	33.1
WP_000845048.1	337	k121_57864_4	N/A	100.000	100	337	0.0	683
WP_000845048.1	337	k121_68354_3	N/A	49.045	93	314	1.62e-103	307
WP_000845048.1	337	k121_35015_1	N/A	47.134	93	314	6.11e-88	266
WP_000845048.1	337	k121_66519_1	N/A	44.884	90	303	3.95e-80	246
WP_000845048.1	337	k121_27549_5	N/A	52.809	53	178	4.17e-55	177
WP_000845048.1	337	k121_30084_68	N/A	32.510	72	243	1.32e-28	114
WP_000845048.1	337	k121_7040_3	N/A	33.184	64	223	3.61e-23	97.4
WP_000845048.1	337	k121_68169_9	N/A	33.333	63	222	1.74e-22	95.5
WP_000845048.1	337	k121_54504_43	N/A	28.819	81	288	3.74e-22	94.7
WP_000845048.1	337	k121_14461_2	N/A	26.449	79	276	4.18e-22	94.0
WP_000845048.1	337	k121_57478_4	N/A	36.464	53	181	2.35e-20	89.7
WP_000845048.1	337	k121_46211_3	N/A	43.333	27	90	2.10e-18	79.7
WP_000845048.1	337	k121_11244_13	N/A	29.439	62	214	4.44e-18	83.2
WP_000845048.1	337	k121_65913_2	N/A	29.154	87	319	2.27e-17	81.3
WP_000845048.1	337	k121_28783_2	N/A	34.831	53	178	4.29e-17	79.0
WP_000845048.1	337	k121_68672_4	N/A	29.279	64	222	5.80e-17	80.1
WP_000845048.1	337	k121_27513_3	N/A	27.217	89	327	6.81e-17	80.1
WP_000845048.1	337	k121_38878_2	N/A	38.608	45	158	1.90e-16	78.2
WP_000845048.1	337	k121_49760_1	N/A	30.357	62	224	5.53e-14	70.5
WP_000845048.1	337	k121_50274_2	N/A	24.503	84	302	3.20e-12	65.9
WP_000845048.1	337	k121_72347_3	N/A	27.848	66	237	3.99e-11	63.5
WP_000845048.1	337	k121_6604_2	N/A	29.384	62	211	9.49e-08	52.4
WP_000845048.1	337	k121_29081_12	N/A	26.702	53	191	5.85e-07	50.4
WP_000845048.1	337	k121_40091_4	N/A	25.116	60	215	1.51e-05	46.2
WP_000845048.1	337	k121_42283_2	N/A	27.354	60	223	2.27e-05	45.4
WP_000845048.1	337	k121_16837_5	N/A	36.765	20	68	2.10e-04	42.7
WP_000845048.1	337	k121_22317_4	N/A	26.131	58	199	4.93e-04	40.8
WP_000845048.1	337	k121_30769_3	N/A	31.250	27	96	0.002	39.3
WP_000845048.1	337	k121_47115_2	N/A	33.333	21	93	0.002	39.7
WP_000845048.1	337	k121_68979_1	N/A	27.027	52	185	0.002	39.7
WP_000845048.1	337	k121_70451_4	N/A	25.989	52	177	0.017	35.8
WP_000845048.1	337	k121_44534_26	N/A	21.333	83	300	0.092	34.3
