SadA_ref|WP_036299419.1|:1-399	399	k121_53781_77	N/A	45.503	95	378	2.51e-114	339
SadA_ref|WP_036299419.1|:1-399	399	k121_54759_2	N/A	31.186	96	388	6.10e-58	194
SadA_ref|WP_036299419.1|:1-399	399	k121_57283_2	N/A	31.088	95	386	7.18e-53	181
SadA_ref|WP_036299419.1|:1-399	399	k121_66933_19	N/A	29.793	96	386	5.74e-51	176
SadA_ref|WP_036299419.1|:1-399	399	k121_9712_2	N/A	26.234	95	385	5.31e-38	140
SadA_ref|WP_036299419.1|:1-399	399	k121_52817_22	N/A	29.412	50	204	1.34e-15	77.8
SadA_ref|WP_036299419.1|:1-399	399	k121_31940_1	N/A	21.196	45	184	2.77e-07	51.2
SadA_ref|WP_036299419.1|:1-399	399	k121_54500_3	N/A	24.359	53	234	4.61e-04	42.0
SadA_ref|WP_036299419.1|:1-399	399	k121_38364_78	N/A	22.318	53	233	0.001	40.8
SadA_ref|WP_036299419.1|:1-399	399	k121_25105_4	N/A	30.233	21	86	0.007	38.5
SadA_ref|WP_036299419.1|:1-399	399	k121_71420_28	N/A	24.444	22	90	0.049	35.4
SadB_ref|WP_100812327.1|:1-423	423	k121_53781_77	N/A	38.363	91	391	7.45e-84	262
SadB_ref|WP_100812327.1|:1-423	423	k121_57283_2	N/A	29.275	90	386	1.25e-49	172
SadB_ref|WP_100812327.1|:1-423	423	k121_54759_2	N/A	27.822	88	381	7.63e-46	162
SadB_ref|WP_100812327.1|:1-423	423	k121_66933_19	N/A	28.682	90	387	1.19e-42	154
SadB_ref|WP_100812327.1|:1-423	423	k121_9712_2	N/A	27.321	86	377	4.51e-32	125
SadB_ref|WP_100812327.1|:1-423	423	k121_52817_22	N/A	25.127	88	394	2.88e-15	77.0
SadB_ref|WP_100812327.1|:1-423	423	k121_31940_1	N/A	25.543	43	184	3.20e-11	63.2
SadB_ref|WP_100812327.1|:1-423	423	k121_71420_28	N/A	22.222	80	360	1.15e-06	50.1
SadB_ref|WP_100812327.1|:1-423	423	k121_21105_1	N/A	28.125	26	128	5.07e-05	44.7
SadB_ref|WP_100812327.1|:1-423	423	k121_9972_4	N/A	22.423	85	388	0.003	39.7
SadB_ref|WP_100812327.1|:1-423	423	k121_45903_4	N/A	26.068	50	234	0.003	39.3
SadB_ref|WP_100812327.1|:1-423	423	k121_10282_34	N/A	21.538	85	390	0.004	39.3
SadB_ref|WP_100812327.1|:1-423	423	k121_27145_1	N/A	26.087	37	184	0.049	35.4
SadC_ref|WP_036299413.1|:1-194	194	k121_54407_2	N/A	27.742	76	155	4.60e-11	60.5
SadC_ref|WP_036299413.1|:1-194	194	k121_16346_2	N/A	28.462	66	130	3.13e-10	56.2
SadC_ref|WP_036299413.1|:1-194	194	k121_62101_5	N/A	29.008	68	131	1.11e-06	46.6
SadC_ref|WP_036299413.1|:1-194	194	k121_43823_3	N/A	38.235	35	68	1.16e-06	46.6
SadC_ref|WP_036299413.1|:1-194	194	k121_52817_12	N/A	24.409	65	127	3.77e-06	45.1
SadC_ref|WP_036299413.1|:1-194	194	k121_66933_18	N/A	32.558	44	86	4.02e-06	45.1
SadC_ref|WP_036299413.1|:1-194	194	k121_54759_4	N/A	26.744	44	86	7.35e-06	44.3
SadC_ref|WP_036299413.1|:1-194	194	k121_5434_1	N/A	23.529	60	119	1.39e-05	42.7
SadC_ref|WP_036299413.1|:1-194	194	k121_54091_1	N/A	28.571	47	91	8.30e-04	38.1
SadC_ref|WP_036299413.1|:1-194	194	k121_29170_61	N/A	24.699	85	166	8.30e-04	38.1
WP_000259031.1	279	k121_57864_5	N/A	100.000	99	278	0.0	551
WP_000259031.1	279	k121_65803_6	N/A	34.553	88	246	9.00e-36	129
WP_000259031.1	279	k121_58694_3	N/A	33.962	91	265	1.04e-30	115
WP_000259031.1	279	k121_46515_21	N/A	32.331	91	266	8.78e-27	105
WP_000259031.1	279	k121_32125_2	N/A	30.876	77	217	1.26e-25	103
WP_000259031.1	279	k121_72863_60	N/A	28.794	91	257	2.85e-24	98.6
WP_000259031.1	279	k121_66600_9	N/A	26.754	80	228	2.01e-17	80.1
WP_000259031.1	279	k121_51092_1	N/A	30.189	56	159	7.10e-15	70.9
WP_000259031.1	279	k121_51793_1	N/A	27.803	78	223	2.73e-13	67.4
WP_000259031.1	279	k121_60106_2	N/A	28.000	77	225	3.74e-13	67.8
WP_000259031.1	279	k121_47718_1	N/A	31.452	44	124	1.03e-11	61.2
WP_000259031.1	279	k121_46347_1	N/A	29.688	45	128	1.37e-09	55.5
WP_000259031.1	279	k121_1279_32	N/A	33.333	43	126	2.18e-04	42.0
WP_000259031.1	279	k121_32073_4	N/A	34.862	38	109	7.50e-04	40.4
WP_001043260.1	271	k121_57864_5	N/A	52.692	95	260	7.10e-85	255
WP_001043260.1	271	k121_65803_6	N/A	35.849	96	265	1.56e-40	142
WP_001043260.1	271	k121_58694_3	N/A	33.333	96	270	6.47e-33	121
WP_001043260.1	271	k121_46515_21	N/A	32.222	96	270	4.29e-32	119
WP_001043260.1	271	k121_32125_2	N/A	32.110	79	218	1.80e-26	105
WP_001043260.1	271	k121_51092_1	N/A	34.839	57	155	1.60e-23	94.0
WP_001043260.1	271	k121_72863_60	N/A	26.693	91	251	3.48e-23	95.5
WP_001043260.1	271	k121_47718_1	N/A	37.903	45	124	2.74e-21	87.0
WP_001043260.1	271	k121_66600_9	N/A	31.022	97	274	1.57e-18	82.8
WP_001043260.1	271	k121_60106_2	N/A	28.839	95	267	1.25e-14	71.6
WP_001043260.1	271	k121_51793_1	N/A	28.571	78	217	4.81e-14	69.3
WP_001043260.1	271	k121_46205_1	N/A	27.027	41	111	1.20e-09	55.1
WP_001043260.1	271	k121_46347_1	N/A	30.556	53	144	1.72e-08	52.4
WP_000034420.1	263	k121_57864_5	N/A	43.295	99	261	9.14e-79	239
WP_000034420.1	263	k121_65803_6	N/A	37.786	98	262	1.93e-53	175
WP_000034420.1	263	k121_46515_21	N/A	32.222	98	270	2.15e-42	145
WP_000034420.1	263	k121_58694_3	N/A	34.815	98	270	1.65e-41	143
WP_000034420.1	263	k121_32125_2	N/A	34.074	99	270	7.02e-39	138
WP_000034420.1	263	k121_72863_60	N/A	31.395	97	258	2.46e-32	119
WP_000034420.1	263	k121_51092_1	N/A	35.220	59	159	6.42e-24	94.7
WP_000034420.1	263	k121_66600_9	N/A	31.579	98	266	5.92e-23	94.7
WP_000034420.1	263	k121_47718_1	N/A	36.800	47	125	2.58e-21	87.0
WP_000034420.1	263	k121_51793_1	N/A	29.596	82	223	2.28e-19	84.0
WP_000034420.1	263	k121_60106_2	N/A	31.559	96	263	9.26e-19	83.2
WP_000034420.1	263	k121_46347_1	N/A	35.714	43	112	8.98e-14	67.0
WP_000034420.1	263	k121_46205_1	N/A	31.667	46	120	8.37e-11	58.2
WP_000034420.1	263	k121_66247_6	N/A	23.164	59	177	0.026	35.4
WP_000034420.1	263	k121_71539_8	N/A	22.840	62	162	0.040	34.7
WP_000034420.1	263	k121_43698_9	N/A	27.536	25	69	0.097	33.9
WP_000845048.1	337	k121_57864_4	N/A	100.000	100	337	0.0	683
WP_000845048.1	337	k121_68354_3	N/A	49.045	93	314	1.62e-103	307
WP_000845048.1	337	k121_35015_1	N/A	47.134	93	314	6.11e-88	266
WP_000845048.1	337	k121_66519_1	N/A	44.884	90	303	3.95e-80	246
WP_000845048.1	337	k121_27549_5	N/A	52.809	53	178	4.17e-55	177
WP_000845048.1	337	k121_30084_68	N/A	32.510	72	243	1.32e-28	114
WP_000845048.1	337	k121_7040_3	N/A	33.184	64	223	3.61e-23	97.4
WP_000845048.1	337	k121_68169_9	N/A	33.333	63	222	1.74e-22	95.5
WP_000845048.1	337	k121_54504_43	N/A	28.819	81	288	3.74e-22	94.7
WP_000845048.1	337	k121_14461_2	N/A	26.449	79	276	4.18e-22	94.0
WP_000845048.1	337	k121_57478_4	N/A	36.464	53	181	2.35e-20	89.7
WP_000845048.1	337	k121_46211_3	N/A	43.333	27	90	2.10e-18	79.7
WP_000845048.1	337	k121_11244_13	N/A	29.439	62	214	4.44e-18	83.2
WP_000845048.1	337	k121_65913_2	N/A	29.154	87	319	2.27e-17	81.3
WP_000845048.1	337	k121_28783_2	N/A	34.831	53	178	4.29e-17	79.0
WP_000845048.1	337	k121_68672_4	N/A	29.279	64	222	5.80e-17	80.1
WP_000845048.1	337	k121_27513_3	N/A	27.217	89	327	6.81e-17	80.1
WP_000845048.1	337	k121_38878_2	N/A	38.608	45	158	1.90e-16	78.2
WP_000845048.1	337	k121_49760_1	N/A	30.357	62	224	5.53e-14	70.5
WP_000845048.1	337	k121_50274_2	N/A	24.503	84	302	3.20e-12	65.9
WP_000845048.1	337	k121_72347_3	N/A	27.848	66	237	3.99e-11	63.5
WP_000845048.1	337	k121_6604_2	N/A	29.384	62	211	9.49e-08	52.4
WP_000845048.1	337	k121_29081_12	N/A	26.702	53	191	5.85e-07	50.4
WP_000845048.1	337	k121_40091_4	N/A	25.116	60	215	1.51e-05	46.2
WP_000845048.1	337	k121_42283_2	N/A	27.354	60	223	2.27e-05	45.4
WP_000845048.1	337	k121_16837_5	N/A	36.765	20	68	2.10e-04	42.7
WP_000845048.1	337	k121_22317_4	N/A	26.131	58	199	4.93e-04	40.8
WP_000845048.1	337	k121_30769_3	N/A	31.250	27	96	0.002	39.3
WP_000845048.1	337	k121_47115_2	N/A	33.333	21	93	0.002	39.7
WP_000845048.1	337	k121_68979_1	N/A	27.027	52	185	0.002	39.7
WP_000845048.1	337	k121_70451_4	N/A	25.989	52	177	0.017	35.8
WP_000845048.1	337	k121_44534_26	N/A	21.333	83	300	0.092	34.3
