SadA_ref|WP_036299419.1|:1-399	399	k121_887114_55	N/A	45.503	95	378	5.02e-113	339
SadA_ref|WP_036299419.1|:1-399	399	k121_1042675_25	N/A	32.481	97	391	1.94e-60	204
SadA_ref|WP_036299419.1|:1-399	399	k121_895979_21	N/A	32.990	96	388	1.26e-59	202
SadA_ref|WP_036299419.1|:1-399	399	k121_1293296_5	N/A	31.186	96	388	1.22e-56	194
SadA_ref|WP_036299419.1|:1-399	399	k121_1582713_2	N/A	31.552	97	393	1.49e-55	191
SadA_ref|WP_036299419.1|:1-399	399	k121_53301_8	N/A	32.992	97	391	2.59e-54	187
SadA_ref|WP_036299419.1|:1-399	399	k121_876671_15	N/A	31.088	95	386	1.44e-51	181
SadA_ref|WP_036299419.1|:1-399	399	k121_714617_79	N/A	29.793	96	386	1.15e-49	176
SadA_ref|WP_036299419.1|:1-399	399	k121_405073_5	N/A	29.919	93	371	1.10e-48	173
SadA_ref|WP_036299419.1|:1-399	399	k121_112946_25	N/A	29.504	95	383	3.63e-45	164
SadA_ref|WP_036299419.1|:1-399	399	k121_368580_2	N/A	28.609	95	381	1.54e-44	162
SadA_ref|WP_036299419.1|:1-399	399	k121_1223252_7	N/A	28.272	94	382	4.68e-44	160
SadA_ref|WP_036299419.1|:1-399	399	k121_1344131_10	N/A	28.272	94	382	1.10e-43	159
SadA_ref|WP_036299419.1|:1-399	399	k121_666582_10	N/A	27.506	96	389	2.05e-43	159
SadA_ref|WP_036299419.1|:1-399	399	k121_966235_2	N/A	28.184	92	369	3.67e-43	158
SadA_ref|WP_036299419.1|:1-399	399	k121_771620_6	N/A	31.267	93	371	1.60e-42	156
SadA_ref|WP_036299419.1|:1-399	399	k121_635474_1	N/A	37.255	51	204	2.03e-42	151
SadA_ref|WP_036299419.1|:1-399	399	k121_57846_1	N/A	27.222	90	360	5.81e-42	155
SadA_ref|WP_036299419.1|:1-399	399	k121_224849_22	N/A	26.330	92	376	7.82e-41	152
SadA_ref|WP_036299419.1|:1-399	399	k121_1654115_4	N/A	26.598	97	391	1.21e-40	152
SadA_ref|WP_036299419.1|:1-399	399	k121_663243_2	N/A	27.273	91	374	1.76e-40	150
SadA_ref|WP_036299419.1|:1-399	399	k121_670070_6	N/A	29.008	96	393	5.49e-40	150
SadA_ref|WP_036299419.1|:1-399	399	k121_837732_14	N/A	35.185	54	216	6.44e-40	145
SadA_ref|WP_036299419.1|:1-399	399	k121_370724_1	N/A	32.090	64	268	7.61e-39	145
SadA_ref|WP_036299419.1|:1-399	399	k121_1434060_1	N/A	32.203	59	236	8.20e-39	147
SadA_ref|WP_036299419.1|:1-399	399	k121_196354_1	N/A	33.333	58	237	2.69e-37	139
SadA_ref|WP_036299419.1|:1-399	399	k121_631611_2	N/A	26.943	96	386	3.71e-37	142
SadA_ref|WP_036299419.1|:1-399	399	k121_333060_8	N/A	26.234	95	385	1.06e-36	140
SadA_ref|WP_036299419.1|:1-399	399	k121_71187_37	N/A	32.443	65	262	1.52e-35	138
SadA_ref|WP_036299419.1|:1-399	399	k121_1065378_16	N/A	29.700	92	367	5.80e-35	136
SadA_ref|WP_036299419.1|:1-399	399	k121_1125149_5	N/A	25.974	95	385	6.61e-35	136
SadA_ref|WP_036299419.1|:1-399	399	k121_460534_43	N/A	27.296	94	392	1.74e-34	135
SadA_ref|WP_036299419.1|:1-399	399	k121_726804_16	N/A	28.520	68	277	3.84e-34	134
SadA_ref|WP_036299419.1|:1-399	399	k121_1159159_2	N/A	34.466	51	206	5.14e-34	129
SadA_ref|WP_036299419.1|:1-399	399	k121_1501061_9	N/A	29.032	93	372	1.75e-33	132
SadA_ref|WP_036299419.1|:1-399	399	k121_1176559_10	N/A	26.667	95	390	5.00e-33	130
SadA_ref|WP_036299419.1|:1-399	399	k121_523184_1	N/A	30.565	75	301	5.17e-33	129
SadA_ref|WP_036299419.1|:1-399	399	k121_776911_4	N/A	31.502	67	273	9.92e-33	127
SadA_ref|WP_036299419.1|:1-399	399	k121_832449_2	N/A	27.660	94	376	1.51e-32	130
SadA_ref|WP_036299419.1|:1-399	399	k121_1692526_1	N/A	27.224	92	371	3.22e-32	129
SadA_ref|WP_036299419.1|:1-399	399	k121_971402_2	N/A	28.529	82	333	1.75e-31	125
SadA_ref|WP_036299419.1|:1-399	399	k121_1353616_8	N/A	32.524	52	206	6.93e-31	125
SadA_ref|WP_036299419.1|:1-399	399	k121_1123705_2	N/A	27.411	96	394	1.07e-29	121
SadA_ref|WP_036299419.1|:1-399	399	k121_1308959_2	N/A	25.000	95	392	9.80e-27	114
SadA_ref|WP_036299419.1|:1-399	399	k121_178227_1	N/A	30.131	56	229	1.80e-25	107
SadA_ref|WP_036299419.1|:1-399	399	k121_854566_1	N/A	33.113	38	151	3.87e-24	101
SadA_ref|WP_036299419.1|:1-399	399	k121_502118_12	N/A	26.536	87	358	8.50e-24	105
SadA_ref|WP_036299419.1|:1-399	399	k121_1129463_2	N/A	31.000	50	200	1.37e-23	101
SadA_ref|WP_036299419.1|:1-399	399	k121_1037016_2	N/A	31.034	51	203	1.85e-23	101
SadA_ref|WP_036299419.1|:1-399	399	k121_216320_7	N/A	26.124	88	356	3.46e-23	103
SadA_ref|WP_036299419.1|:1-399	399	k121_1206040_1	N/A	30.542	49	203	1.71e-22	97.8
SadA_ref|WP_036299419.1|:1-399	399	k121_1593725_45	N/A	25.796	76	314	4.78e-21	96.7
SadA_ref|WP_036299419.1|:1-399	399	k121_221091_1	N/A	25.833	87	360	1.24e-20	95.9
SadA_ref|WP_036299419.1|:1-399	399	k121_216320_9	N/A	26.923	84	338	1.83e-20	95.5
SadA_ref|WP_036299419.1|:1-399	399	k121_899986_2	N/A	25.266	91	376	2.78e-20	95.1
SadA_ref|WP_036299419.1|:1-399	399	k121_1670379_16	N/A	26.016	89	369	5.04e-20	94.4
SadA_ref|WP_036299419.1|:1-399	399	k121_502118_9	N/A	23.650	96	389	6.52e-20	94.0
SadA_ref|WP_036299419.1|:1-399	399	k121_212726_2	N/A	29.612	50	206	6.82e-20	92.4
SadA_ref|WP_036299419.1|:1-399	399	k121_395786_1	N/A	25.952	72	289	3.14e-19	90.9
SadA_ref|WP_036299419.1|:1-399	399	k121_1551618_2	N/A	24.752	51	202	1.20e-18	88.2
SadA_ref|WP_036299419.1|:1-399	399	k121_743349_5	N/A	25.781	91	384	1.33e-18	90.5
SadA_ref|WP_036299419.1|:1-399	399	k121_1366195_1	N/A	24.225	88	355	3.19e-18	89.0
SadA_ref|WP_036299419.1|:1-399	399	k121_25521_1	N/A	26.389	86	360	5.87e-17	85.1
SadA_ref|WP_036299419.1|:1-399	399	k121_371085_1	N/A	25.253	49	198	9.78e-17	84.0
SadA_ref|WP_036299419.1|:1-399	399	k121_1261968_2	N/A	24.859	86	354	1.59e-16	84.3
SadA_ref|WP_036299419.1|:1-399	399	k121_1344198_2	N/A	27.473	63	273	2.10e-16	82.0
SadA_ref|WP_036299419.1|:1-399	399	k121_671573_2	N/A	29.097	74	299	5.29e-16	81.6
SadA_ref|WP_036299419.1|:1-399	399	k121_955965_2	N/A	26.064	89	376	1.79e-14	78.2
SadA_ref|WP_036299419.1|:1-399	399	k121_1418685_2	N/A	25.616	51	203	2.14e-14	75.5
SadA_ref|WP_036299419.1|:1-399	399	k121_887114_207	N/A	29.412	50	204	2.68e-14	77.8
SadA_ref|WP_036299419.1|:1-399	399	k121_176652_1	N/A	27.586	49	203	4.66e-14	75.9
SadA_ref|WP_036299419.1|:1-399	399	k121_1572155_1	N/A	30.000	37	150	5.50e-14	72.8
SadA_ref|WP_036299419.1|:1-399	399	k121_192665_17	N/A	23.810	95	399	9.49e-14	75.9
SadA_ref|WP_036299419.1|:1-399	399	k121_429495_2	N/A	25.238	51	210	3.98e-13	71.6
SadA_ref|WP_036299419.1|:1-399	399	k121_1630368_20	N/A	23.932	88	351	1.86e-11	68.9
SadA_ref|WP_036299419.1|:1-399	399	k121_1261129_1	N/A	25.652	57	230	2.41e-11	67.0
SadA_ref|WP_036299419.1|:1-399	399	k121_1229196_2	N/A	22.652	45	181	4.85e-09	61.2
SadA_ref|WP_036299419.1|:1-399	399	k121_1021803_1	N/A	26.016	31	123	1.81e-08	57.4
SadA_ref|WP_036299419.1|:1-399	399	k121_287688_2	N/A	24.424	51	217	5.11e-08	58.2
SadA_ref|WP_036299419.1|:1-399	399	k121_810464_1	N/A	24.066	57	241	1.70e-07	55.8
SadA_ref|WP_036299419.1|:1-399	399	k121_210593_2	N/A	25.641	47	195	1.64e-06	52.0
SadA_ref|WP_036299419.1|:1-399	399	k121_850292_1	N/A	24.479	48	192	3.30e-06	51.2
SadA_ref|WP_036299419.1|:1-399	399	k121_1105075_1	N/A	21.196	45	184	7.66e-06	51.2
SadA_ref|WP_036299419.1|:1-399	399	k121_1105068_1	N/A	18.338	86	349	1.25e-05	50.8
SadA_ref|WP_036299419.1|:1-399	399	k121_216320_10	N/A	26.829	40	164	8.52e-05	48.1
SadA_ref|WP_036299419.1|:1-399	399	k121_495622_14	N/A	25.692	60	253	1.86e-04	47.4
SadA_ref|WP_036299419.1|:1-399	399	k121_1647433_2	N/A	22.167	93	406	0.003	43.5
SadA_ref|WP_036299419.1|:1-399	399	k121_574404_2	N/A	21.728	87	382	0.006	42.4
SadA_ref|WP_036299419.1|:1-399	399	k121_212640_3	N/A	24.359	53	234	0.009	42.0
SadA_ref|WP_036299419.1|:1-399	399	k121_368580_1	N/A	27.381	21	84	0.010	39.7
SadA_ref|WP_036299419.1|:1-399	399	k121_1644728_2	N/A	24.609	62	256	0.010	41.6
SadA_ref|WP_036299419.1|:1-399	399	k121_216257_48	N/A	23.664	59	262	0.011	41.6
SadA_ref|WP_036299419.1|:1-399	399	k121_1134648_3	N/A	27.184	47	206	0.013	41.6
SadA_ref|WP_036299419.1|:1-399	399	k121_929953_11	N/A	22.318	53	233	0.021	40.8
SadA_ref|WP_036299419.1|:1-399	399	k121_1382889_1	N/A	25.828	33	151	0.022	39.7
SadA_ref|WP_036299419.1|:1-399	399	k121_1330503_19	N/A	21.076	52	223	0.031	40.4
SadA_ref|WP_036299419.1|:1-399	399	k121_659896_6	N/A	21.508	85	358	0.037	40.0
SadA_ref|WP_036299419.1|:1-399	399	k121_1397579_9	N/A	27.815	35	151	0.042	40.0
SadA_ref|WP_036299419.1|:1-399	399	k121_1102751_6	N/A	23.256	62	258	0.046	39.7
SadA_ref|WP_036299419.1|:1-399	399	k121_746128_2	N/A	21.788	85	358	0.060	39.3
SadA_ref|WP_036299419.1|:1-399	399	k121_1655305_1	N/A	28.571	21	84	0.082	38.5
SadB_ref|WP_100812327.1|:1-423	423	k121_887114_55	N/A	38.363	91	391	1.49e-82	262
SadB_ref|WP_100812327.1|:1-423	423	k121_1042675_25	N/A	30.809	89	383	1.22e-51	181
SadB_ref|WP_100812327.1|:1-423	423	k121_895979_21	N/A	30.147	95	408	1.51e-49	176
SadB_ref|WP_100812327.1|:1-423	423	k121_1582713_2	N/A	30.000	91	390	3.01e-49	175
SadB_ref|WP_100812327.1|:1-423	423	k121_876671_15	N/A	29.275	90	386	2.50e-48	172
SadB_ref|WP_100812327.1|:1-423	423	k121_1654115_4	N/A	28.162	97	419	1.86e-47	171
SadB_ref|WP_100812327.1|:1-423	423	k121_53301_8	N/A	30.366	90	382	4.47e-46	167
SadB_ref|WP_100812327.1|:1-423	423	k121_1293296_5	N/A	27.822	88	381	1.53e-44	162
SadB_ref|WP_100812327.1|:1-423	423	k121_663243_2	N/A	28.534	89	382	9.91e-44	160
SadB_ref|WP_100812327.1|:1-423	423	k121_57846_1	N/A	27.202	91	386	3.51e-42	156
SadB_ref|WP_100812327.1|:1-423	423	k121_631611_2	N/A	27.273	90	385	1.26e-41	155
SadB_ref|WP_100812327.1|:1-423	423	k121_714617_79	N/A	28.682	90	387	2.38e-41	154
SadB_ref|WP_100812327.1|:1-423	423	k121_112946_25	N/A	27.676	90	383	2.60e-40	151
SadB_ref|WP_100812327.1|:1-423	423	k121_832449_2	N/A	30.208	90	384	5.13e-40	150
SadB_ref|WP_100812327.1|:1-423	423	k121_670070_6	N/A	26.247	90	381	3.92e-38	145
SadB_ref|WP_100812327.1|:1-423	423	k121_224849_22	N/A	26.053	89	380	3.28e-37	143
SadB_ref|WP_100812327.1|:1-423	423	k121_1123705_2	N/A	27.154	90	383	4.76e-37	142
SadB_ref|WP_100812327.1|:1-423	423	k121_666582_10	N/A	26.632	89	383	7.99e-37	142
SadB_ref|WP_100812327.1|:1-423	423	k121_1353616_8	N/A	26.042	90	384	1.71e-36	141
SadB_ref|WP_100812327.1|:1-423	423	k121_1344131_10	N/A	27.749	90	382	3.98e-36	140
SadB_ref|WP_100812327.1|:1-423	423	k121_966235_2	N/A	25.455	90	385	8.35e-36	139
SadB_ref|WP_100812327.1|:1-423	423	k121_771620_6	N/A	26.882	87	372	8.89e-36	139
SadB_ref|WP_100812327.1|:1-423	423	k121_1223252_7	N/A	27.415	90	383	2.27e-35	137
SadB_ref|WP_100812327.1|:1-423	423	k121_405073_5	N/A	26.849	85	365	2.27e-35	138
SadB_ref|WP_100812327.1|:1-423	423	k121_726804_16	N/A	25.203	85	369	3.86e-35	137
SadB_ref|WP_100812327.1|:1-423	423	k121_1065378_16	N/A	26.098	91	387	9.39e-35	136
SadB_ref|WP_100812327.1|:1-423	423	k121_1434060_1	N/A	26.738	87	374	1.53e-33	133
SadB_ref|WP_100812327.1|:1-423	423	k121_368580_2	N/A	27.202	89	386	2.05e-33	132
SadB_ref|WP_100812327.1|:1-423	423	k121_502118_9	N/A	27.390	90	387	3.37e-33	132
SadB_ref|WP_100812327.1|:1-423	423	k121_71187_37	N/A	25.455	90	385	9.13e-33	130
SadB_ref|WP_100812327.1|:1-423	423	k121_370724_1	N/A	29.781	72	319	1.07e-32	129
SadB_ref|WP_100812327.1|:1-423	423	k121_635474_1	N/A	33.005	48	203	1.07e-32	125
SadB_ref|WP_100812327.1|:1-423	423	k121_837732_14	N/A	30.622	49	209	1.18e-32	126
SadB_ref|WP_100812327.1|:1-423	423	k121_460534_43	N/A	27.848	90	395	1.99e-32	130
SadB_ref|WP_100812327.1|:1-423	423	k121_1692526_1	N/A	25.789	88	380	8.39e-31	125
SadB_ref|WP_100812327.1|:1-423	423	k121_333060_8	N/A	27.321	86	377	9.02e-31	125
SadB_ref|WP_100812327.1|:1-423	423	k121_776911_4	N/A	29.630	63	270	9.80e-31	122
SadB_ref|WP_100812327.1|:1-423	423	k121_1159159_2	N/A	32.701	49	211	2.35e-30	120
SadB_ref|WP_100812327.1|:1-423	423	k121_178227_1	N/A	35.577	48	208	3.73e-30	120
SadB_ref|WP_100812327.1|:1-423	423	k121_196354_1	N/A	31.527	47	203	5.66e-30	120
SadB_ref|WP_100812327.1|:1-423	423	k121_1501061_9	N/A	25.397	89	378	1.37e-29	122
SadB_ref|WP_100812327.1|:1-423	423	k121_1125149_5	N/A	26.582	90	395	4.77e-29	120
SadB_ref|WP_100812327.1|:1-423	423	k121_502118_12	N/A	25.683	86	366	8.62e-29	119
SadB_ref|WP_100812327.1|:1-423	423	k121_1129463_2	N/A	31.068	48	206	4.46e-28	113
SadB_ref|WP_100812327.1|:1-423	423	k121_523184_1	N/A	28.826	64	281	8.80e-28	115
SadB_ref|WP_100812327.1|:1-423	423	k121_1176559_10	N/A	29.805	83	359	9.15e-28	117
SadB_ref|WP_100812327.1|:1-423	423	k121_395786_1	N/A	29.963	63	267	2.01e-26	111
SadB_ref|WP_100812327.1|:1-423	423	k121_854566_1	N/A	34.810	37	158	3.75e-26	107
SadB_ref|WP_100812327.1|:1-423	423	k121_1593725_45	N/A	30.690	65	290	7.48e-26	110
SadB_ref|WP_100812327.1|:1-423	423	k121_216320_7	N/A	25.648	80	347	8.00e-25	108
SadB_ref|WP_100812327.1|:1-423	423	k121_1308959_2	N/A	21.693	86	378	3.01e-23	104
SadB_ref|WP_100812327.1|:1-423	423	k121_971402_2	N/A	30.769	39	169	3.74e-22	100
SadB_ref|WP_100812327.1|:1-423	423	k121_671573_2	N/A	29.605	71	304	3.89e-22	99.8
SadB_ref|WP_100812327.1|:1-423	423	k121_371085_1	N/A	30.180	51	222	8.15e-22	99.0
SadB_ref|WP_100812327.1|:1-423	423	k121_899986_2	N/A	24.000	83	350	1.36e-21	99.4
SadB_ref|WP_100812327.1|:1-423	423	k121_1366195_1	N/A	24.865	85	370	1.40e-21	99.0
SadB_ref|WP_100812327.1|:1-423	423	k121_1037016_2	N/A	29.082	46	196	3.64e-21	95.1
SadB_ref|WP_100812327.1|:1-423	423	k121_955965_2	N/A	25.389	89	386	6.64e-21	97.4
SadB_ref|WP_100812327.1|:1-423	423	k121_221091_1	N/A	25.967	82	362	1.64e-19	92.8
SadB_ref|WP_100812327.1|:1-423	423	k121_216320_9	N/A	25.414	84	362	3.84e-19	92.0
SadB_ref|WP_100812327.1|:1-423	423	k121_212726_2	N/A	29.384	48	211	1.04e-18	89.4
SadB_ref|WP_100812327.1|:1-423	423	k121_1344198_2	N/A	30.472	51	233	1.80e-18	88.2
SadB_ref|WP_100812327.1|:1-423	423	k121_1670379_16	N/A	26.933	84	375	7.02e-18	88.6
SadB_ref|WP_100812327.1|:1-423	423	k121_1630368_20	N/A	24.865	85	370	3.81e-17	86.3
SadB_ref|WP_100812327.1|:1-423	423	k121_429495_2	N/A	31.250	49	208	4.06e-17	83.2
SadB_ref|WP_100812327.1|:1-423	423	k121_1551618_2	N/A	24.038	49	208	4.59e-17	84.0
SadB_ref|WP_100812327.1|:1-423	423	k121_1261968_2	N/A	27.222	81	360	5.82e-17	85.9
SadB_ref|WP_100812327.1|:1-423	423	k121_1102271_4	N/A	25.278	77	360	3.40e-16	84.0
SadB_ref|WP_100812327.1|:1-423	423	k121_192665_17	N/A	24.682	90	393	4.24e-16	83.2
SadB_ref|WP_100812327.1|:1-423	423	k121_743349_5	N/A	26.531	86	392	6.47e-16	82.8
SadB_ref|WP_100812327.1|:1-423	423	k121_1206040_1	N/A	23.153	47	203	8.23e-16	79.3
SadB_ref|WP_100812327.1|:1-423	423	k121_25521_1	N/A	29.911	50	224	1.30e-15	81.3
SadB_ref|WP_100812327.1|:1-423	423	k121_1418685_2	N/A	28.230	49	209	1.50e-15	79.0
SadB_ref|WP_100812327.1|:1-423	423	k121_887114_207	N/A	25.127	88	394	5.76e-14	77.0
SadB_ref|WP_100812327.1|:1-423	423	k121_1102751_6	N/A	27.151	77	372	3.26e-12	71.6
SadB_ref|WP_100812327.1|:1-423	423	k121_287688_2	N/A	27.740	65	292	4.64e-12	70.9
SadB_ref|WP_100812327.1|:1-423	423	k121_1021803_1	N/A	28.000	35	150	7.42e-12	67.0
SadB_ref|WP_100812327.1|:1-423	423	k121_176652_1	N/A	24.880	48	209	6.59e-11	66.6
SadB_ref|WP_100812327.1|:1-423	423	k121_210593_2	N/A	27.895	45	190	7.32e-11	64.7
SadB_ref|WP_100812327.1|:1-423	423	k121_1105068_1	N/A	23.506	59	251	7.84e-11	67.0
SadB_ref|WP_100812327.1|:1-423	423	k121_259069_9	N/A	24.936	85	393	4.79e-10	64.7
SadB_ref|WP_100812327.1|:1-423	423	k121_1229196_2	N/A	20.795	77	327	9.01e-10	63.5
SadB_ref|WP_100812327.1|:1-423	423	k121_1105075_1	N/A	25.000	43	184	1.57e-09	62.8
SadB_ref|WP_100812327.1|:1-423	423	k121_216320_10	N/A	29.932	34	147	3.19e-08	58.9
SadB_ref|WP_100812327.1|:1-423	423	k121_1572155_1	N/A	20.667	35	150	1.59e-07	54.3
SadB_ref|WP_100812327.1|:1-423	423	k121_850292_1	N/A	26.738	44	187	2.08e-07	54.7
SadB_ref|WP_100812327.1|:1-423	423	k121_1244909_1	N/A	28.571	20	84	1.48e-06	49.7
SadB_ref|WP_100812327.1|:1-423	423	k121_1261129_1	N/A	21.973	52	223	2.33e-06	52.4
SadB_ref|WP_100812327.1|:1-423	423	k121_810464_1	N/A	24.088	60	274	3.62e-06	52.0
SadB_ref|WP_100812327.1|:1-423	423	k121_659896_6	N/A	23.545	79	378	4.61e-06	52.4
SadB_ref|WP_100812327.1|:1-423	423	k121_400896_121	N/A	28.358	27	134	9.37e-06	51.6
SadB_ref|WP_100812327.1|:1-423	423	k121_495622_14	N/A	23.416	82	363	1.94e-05	50.4
SadB_ref|WP_100812327.1|:1-423	423	k121_300082_66	N/A	22.222	80	360	2.31e-05	50.1
SadB_ref|WP_100812327.1|:1-423	423	k121_1394013_24	N/A	27.749	41	191	3.59e-05	49.7
SadB_ref|WP_100812327.1|:1-423	423	k121_1647433_2	N/A	23.876	77	356	3.69e-05	49.7
SadB_ref|WP_100812327.1|:1-423	423	k121_1670630_1	N/A	31.858	26	113	6.64e-05	46.2
SadB_ref|WP_100812327.1|:1-423	423	k121_1655305_1	N/A	32.812	27	128	6.95e-05	48.1
SadB_ref|WP_100812327.1|:1-423	423	k121_943578_4	N/A	26.263	40	198	9.94e-05	47.0
SadB_ref|WP_100812327.1|:1-423	423	k121_119150_2	N/A	32.787	26	122	1.20e-04	47.8
SadB_ref|WP_100812327.1|:1-423	423	k121_1432609_8	N/A	26.126	48	222	2.61e-04	47.0
SadB_ref|WP_100812327.1|:1-423	423	k121_939579_2	N/A	24.887	49	221	3.21e-04	45.8
SadB_ref|WP_100812327.1|:1-423	423	k121_913672_2	N/A	22.520	80	373	4.78e-04	46.2
SadB_ref|WP_100812327.1|:1-423	423	k121_1313474_2	N/A	28.659	36	164	5.41e-04	45.1
SadB_ref|WP_100812327.1|:1-423	423	k121_318690_3	N/A	33.594	27	128	5.65e-04	45.1
SadB_ref|WP_100812327.1|:1-423	423	k121_9950_2	N/A	32.787	26	122	6.45e-04	45.4
SadB_ref|WP_100812327.1|:1-423	423	k121_1130027_6	N/A	20.339	79	354	8.78e-04	45.1
SadB_ref|WP_100812327.1|:1-423	423	k121_1283238_4	N/A	29.508	26	122	0.003	42.0
SadB_ref|WP_100812327.1|:1-423	423	k121_1164098_6	N/A	27.344	26	128	0.004	43.1
SadB_ref|WP_100812327.1|:1-423	423	k121_1442170_3	N/A	23.585	69	318	0.005	43.1
SadB_ref|WP_100812327.1|:1-423	423	k121_184855_6	N/A	28.902	37	173	0.006	42.7
SadB_ref|WP_100812327.1|:1-423	423	k121_1640151_2	N/A	28.070	27	114	0.007	40.4
SadB_ref|WP_100812327.1|:1-423	423	k121_216257_48	N/A	25.359	45	209	0.008	42.4
SadB_ref|WP_100812327.1|:1-423	423	k121_64887_1	N/A	27.803	50	223	0.013	41.2
SadB_ref|WP_100812327.1|:1-423	423	k121_1440546_2	N/A	25.455	26	110	0.015	39.7
SadB_ref|WP_100812327.1|:1-423	423	k121_714657_26	N/A	24.590	42	183	0.018	41.2
SadB_ref|WP_100812327.1|:1-423	423	k121_829557_1	N/A	23.833	87	407	0.036	40.0
SadB_ref|WP_100812327.1|:1-423	423	k121_1112814_1	N/A	25.620	29	121	0.041	38.9
SadB_ref|WP_100812327.1|:1-423	423	k121_56340_6	N/A	21.538	85	390	0.046	39.7
SadB_ref|WP_100812327.1|:1-423	423	k121_1663518_1	N/A	24.818	87	411	0.069	39.3
SadB_ref|WP_100812327.1|:1-423	423	k121_746128_2	N/A	27.273	26	121	0.071	39.3
SadB_ref|WP_100812327.1|:1-423	423	k121_1285475_3	N/A	26.068	50	234	0.075	39.3
SadB_ref|WP_100812327.1|:1-423	423	k121_270460_24	N/A	26.154	26	130	0.082	38.9
SadB_ref|WP_100812327.1|:1-423	423	k121_1298884_8	N/A	26.562	29	128	0.087	37.0
SadB_ref|WP_100812327.1|:1-423	423	k121_605638_6	N/A	27.049	26	122	0.090	38.9
SadC_ref|WP_036299413.1|:1-194	194	k121_294879_2	N/A	30.189	81	159	5.33e-15	72.8
SadC_ref|WP_036299413.1|:1-194	194	k121_517595_2	N/A	31.496	65	127	1.02e-13	69.3
SadC_ref|WP_036299413.1|:1-194	194	k121_1215897_2	N/A	29.762	85	168	4.38e-12	65.1
SadC_ref|WP_036299413.1|:1-194	194	k121_1356233_7	N/A	39.450	56	109	8.30e-11	61.6
SadC_ref|WP_036299413.1|:1-194	194	k121_887838_2	N/A	30.597	69	134	3.33e-10	61.6
SadC_ref|WP_036299413.1|:1-194	194	k121_1275103_3	N/A	27.857	70	140	3.35e-10	59.7
SadC_ref|WP_036299413.1|:1-194	194	k121_866460_1	N/A	27.742	76	155	9.79e-10	60.5
SadC_ref|WP_036299413.1|:1-194	194	k121_874239_4	N/A	28.834	84	163	3.19e-09	57.0
SadC_ref|WP_036299413.1|:1-194	194	k121_1523529_2	N/A	36.585	42	82	3.55e-09	57.4
SadC_ref|WP_036299413.1|:1-194	194	k121_714899_28	N/A	28.462	66	130	6.27e-09	56.2
SadC_ref|WP_036299413.1|:1-194	194	k121_941779_2	N/A	31.214	88	173	6.35e-09	56.2
SadC_ref|WP_036299413.1|:1-194	194	k121_853170_4	N/A	38.043	47	92	8.47e-09	55.8
SadC_ref|WP_036299413.1|:1-194	194	k121_1236157_184	N/A	34.343	51	99	1.16e-08	55.8
SadC_ref|WP_036299413.1|:1-194	194	k121_275219_42	N/A	39.130	47	92	1.79e-08	55.1
SadC_ref|WP_036299413.1|:1-194	194	k121_1145994_2	N/A	33.333	47	93	1.79e-08	55.5
SadC_ref|WP_036299413.1|:1-194	194	k121_1250093_25	N/A	36.957	47	92	2.91e-08	54.7
SadC_ref|WP_036299413.1|:1-194	194	k121_874200_4	N/A	36.000	51	100	7.14e-08	53.5
SadC_ref|WP_036299413.1|:1-194	194	k121_1495521_8	N/A	28.889	70	135	8.45e-08	53.1
SadC_ref|WP_036299413.1|:1-194	194	k121_900375_4	N/A	31.624	60	117	1.20e-07	52.8
SadC_ref|WP_036299413.1|:1-194	194	k121_365132_1	N/A	32.609	47	92	1.44e-07	52.4
SadC_ref|WP_036299413.1|:1-194	194	k121_650059_2	N/A	23.404	71	141	2.59e-07	51.6
SadC_ref|WP_036299413.1|:1-194	194	k121_1523356_2	N/A	30.657	70	137	4.03e-07	52.8
SadC_ref|WP_036299413.1|:1-194	194	k121_61865_1	N/A	33.696	47	92	6.99e-07	50.8
SadC_ref|WP_036299413.1|:1-194	194	k121_217239_1	N/A	28.462	65	130	8.34e-07	50.4
SadC_ref|WP_036299413.1|:1-194	194	k121_225689_2	N/A	27.407	68	135	1.15e-06	50.1
SadC_ref|WP_036299413.1|:1-194	194	k121_104099_3	N/A	28.261	70	138	2.55e-06	49.3
SadC_ref|WP_036299413.1|:1-194	194	k121_1353508_6	N/A	32.967	46	91	3.38e-06	48.9
SadC_ref|WP_036299413.1|:1-194	194	k121_112946_22	N/A	29.787	48	94	3.48e-06	48.9
SadC_ref|WP_036299413.1|:1-194	194	k121_843017_33	N/A	26.772	65	127	3.78e-06	48.9
SadC_ref|WP_036299413.1|:1-194	194	k121_366328_3	N/A	25.000	70	136	4.00e-06	48.5
SadC_ref|WP_036299413.1|:1-194	194	k121_260606_5	N/A	29.771	68	131	5.82e-06	48.1
SadC_ref|WP_036299413.1|:1-194	194	k121_1042675_22	N/A	23.944	73	142	7.37e-06	48.1
SadC_ref|WP_036299413.1|:1-194	194	k121_1454206_1	N/A	31.193	56	109	1.07e-05	47.4
SadC_ref|WP_036299413.1|:1-194	194	k121_448630_10	N/A	25.000	76	148	1.14e-05	48.5
SadC_ref|WP_036299413.1|:1-194	194	k121_1677282_2	N/A	24.427	68	131	1.22e-05	47.4
SadC_ref|WP_036299413.1|:1-194	194	k121_1199723_2	N/A	37.879	34	66	1.55e-05	45.4
SadC_ref|WP_036299413.1|:1-194	194	k121_1190381_8	N/A	24.427	66	131	1.57e-05	47.0
SadC_ref|WP_036299413.1|:1-194	194	k121_639242_5	N/A	29.197	70	137	1.78e-05	46.6
SadC_ref|WP_036299413.1|:1-194	194	k121_1078169_13	N/A	27.273	45	88	2.07e-05	46.6
SadC_ref|WP_036299413.1|:1-194	194	k121_726804_18	N/A	38.235	35	68	2.33e-05	46.6
SadC_ref|WP_036299413.1|:1-194	194	k121_1468985_6	N/A	25.000	76	148	2.52e-05	47.8
SadC_ref|WP_036299413.1|:1-194	194	k121_1127995_3	N/A	28.358	68	134	3.34e-05	46.2
SadC_ref|WP_036299413.1|:1-194	194	k121_1550690_14	N/A	25.397	63	126	3.49e-05	46.2
SadC_ref|WP_036299413.1|:1-194	194	k121_612806_1	N/A	30.392	52	102	3.53e-05	44.7
SadC_ref|WP_036299413.1|:1-194	194	k121_1002547_5	N/A	34.043	48	94	4.17e-05	45.8
SadC_ref|WP_036299413.1|:1-194	194	k121_1622285_16	N/A	23.967	61	121	4.98e-05	45.4
SadC_ref|WP_036299413.1|:1-194	194	k121_1486702_11	N/A	27.692	65	130	7.27e-05	45.1
SadC_ref|WP_036299413.1|:1-194	194	k121_887114_217	N/A	24.409	65	127	7.55e-05	45.1
SadC_ref|WP_036299413.1|:1-194	194	k121_714617_78	N/A	32.558	44	86	8.05e-05	45.1
SadC_ref|WP_036299413.1|:1-194	194	k121_111319_2	N/A	32.609	47	92	8.87e-05	44.7
SadC_ref|WP_036299413.1|:1-194	194	k121_1695435_2	N/A	23.967	61	121	8.87e-05	45.1
SadC_ref|WP_036299413.1|:1-194	194	k121_850292_4	N/A	23.448	75	145	1.18e-04	44.7
SadC_ref|WP_036299413.1|:1-194	194	k121_1329151_4	N/A	32.258	46	93	1.54e-04	43.1
SadC_ref|WP_036299413.1|:1-194	194	k121_895979_18	N/A	22.819	77	149	1.69e-04	44.3
SadC_ref|WP_036299413.1|:1-194	194	k121_1517499_8	N/A	35.897	40	78	1.83e-04	45.1
SadC_ref|WP_036299413.1|:1-194	194	k121_1654115_3	N/A	32.479	59	117	1.83e-04	45.1
SadC_ref|WP_036299413.1|:1-194	194	k121_945661_2	N/A	24.161	75	149	1.92e-04	44.3
SadC_ref|WP_036299413.1|:1-194	194	k121_797031_1	N/A	28.926	62	121	2.02e-04	43.5
SadC_ref|WP_036299413.1|:1-194	194	k121_1353616_9	N/A	28.676	67	136	4.18e-04	43.1
SadC_ref|WP_036299413.1|:1-194	194	k121_1427185_3	N/A	25.166	76	151	5.00e-04	42.4
SadC_ref|WP_036299413.1|:1-194	194	k121_156900_33	N/A	27.049	62	122	5.00e-04	42.4
SadC_ref|WP_036299413.1|:1-194	194	k121_998181_3	N/A	25.984	64	127	6.14e-04	42.4
SadC_ref|WP_036299413.1|:1-194	194	k121_858661_3	N/A	27.434	55	113	6.27e-04	43.1
SadC_ref|WP_036299413.1|:1-194	194	k121_559915_2	N/A	27.273	85	165	8.62e-04	42.4
SadC_ref|WP_036299413.1|:1-194	194	k121_957923_1	N/A	28.155	51	103	0.001	41.6
SadC_ref|WP_036299413.1|:1-194	194	k121_1547249_2	N/A	32.895	39	76	0.002	40.8
SadC_ref|WP_036299413.1|:1-194	194	k121_839964_2	N/A	34.091	44	88	0.002	40.8
SadC_ref|WP_036299413.1|:1-194	194	k121_580167_2	N/A	31.624	58	117	0.003	40.8
SadC_ref|WP_036299413.1|:1-194	194	k121_1211812_5	N/A	26.163	86	172	0.004	40.0
SadC_ref|WP_036299413.1|:1-194	194	k121_557935_1	N/A	26.027	38	73	0.005	38.1
SadC_ref|WP_036299413.1|:1-194	194	k121_1102751_9	N/A	24.211	95	190	0.006	40.0
SadC_ref|WP_036299413.1|:1-194	194	k121_761277_2	N/A	35.897	40	78	0.006	39.3
SadC_ref|WP_036299413.1|:1-194	194	k121_1302241_20	N/A	30.233	44	86	0.007	39.7
SadC_ref|WP_036299413.1|:1-194	194	k121_823004_1	N/A	31.343	35	67	0.007	38.9
SadC_ref|WP_036299413.1|:1-194	194	k121_387439_4	N/A	35.484	31	62	0.012	37.0
SadC_ref|WP_036299413.1|:1-194	194	k121_1145320_3	N/A	36.000	38	75	0.016	38.5
SadC_ref|WP_036299413.1|:1-194	194	k121_887114_6	N/A	24.699	85	166	0.017	38.1
SadC_ref|WP_036299413.1|:1-194	194	k121_1539321_7	N/A	31.579	39	76	0.022	38.1
SadC_ref|WP_036299413.1|:1-194	194	k121_1039846_1	N/A	28.235	44	85	0.024	37.0
SadC_ref|WP_036299413.1|:1-194	194	k121_720792_1	N/A	34.921	31	63	0.028	36.6
SadC_ref|WP_036299413.1|:1-194	194	k121_630905_6	N/A	28.571	47	91	0.039	37.4
SadC_ref|WP_036299413.1|:1-194	194	k121_1401133_4	N/A	20.497	82	161	0.040	37.4
SadC_ref|WP_036299413.1|:1-194	194	k121_573699_2	N/A	22.857	72	140	0.054	37.0
SadC_ref|WP_036299413.1|:1-194	194	k121_1277491_6	N/A	42.222	23	45	0.059	36.6
SadC_ref|WP_036299413.1|:1-194	194	k121_1165315_6	N/A	38.889	28	54	0.062	36.6
SadC_ref|WP_036299413.1|:1-194	194	k121_633137_1	N/A	30.263	39	76	0.067	36.6
SadC_ref|WP_036299413.1|:1-194	194	k121_1156737_1	N/A	24.390	84	164	0.069	36.6
SadC_ref|WP_036299413.1|:1-194	194	k121_1185646_2	N/A	27.907	44	86	0.091	36.2
WP_000259031.1	279	k121_1146090_5	N/A	100.000	99	278	0.0	551
WP_000259031.1	279	k121_1353934_2	N/A	48.780	88	246	2.33e-84	256
WP_000259031.1	279	k121_1082600_30	N/A	48.120	95	266	9.47e-75	232
WP_000259031.1	279	k121_350913_3	N/A	53.516	92	256	2.06e-74	231
WP_000259031.1	279	k121_1571133_13	N/A	48.837	92	258	2.84e-74	231
WP_000259031.1	279	k121_394835_2	N/A	51.163	92	258	2.61e-72	226
WP_000259031.1	279	k121_400896_44	N/A	39.163	92	263	1.82e-49	167
WP_000259031.1	279	k121_1147608_18	N/A	35.135	91	259	2.15e-39	142
WP_000259031.1	279	k121_1624580_2	N/A	33.333	91	255	4.42e-39	140
WP_000259031.1	279	k121_1119626_4	N/A	31.984	88	247	3.18e-38	138
WP_000259031.1	279	k121_1663394_2	N/A	34.815	96	270	4.82e-38	138
WP_000259031.1	279	k121_676407_4	N/A	33.205	88	259	2.17e-36	134
WP_000259031.1	279	k121_1614520_42	N/A	33.333	91	258	6.70e-36	133
WP_000259031.1	279	k121_678673_2	N/A	36.154	93	260	5.37e-35	130
WP_000259031.1	279	k121_1322824_3	N/A	37.008	88	254	1.07e-34	129
WP_000259031.1	279	k121_1170554_3	N/A	34.553	88	246	1.80e-34	129
WP_000259031.1	279	k121_488977_146	N/A	34.252	89	254	7.69e-34	127
WP_000259031.1	279	k121_1033177_1	N/A	34.328	93	268	8.42e-34	127
WP_000259031.1	279	k121_1074980_21	N/A	34.815	95	270	1.20e-33	127
WP_000259031.1	279	k121_431246_3	N/A	33.333	90	255	1.44e-33	126
WP_000259031.1	279	k121_654019_2	N/A	32.794	88	247	1.82e-33	126
WP_000259031.1	279	k121_1321305_1	N/A	37.698	88	252	2.37e-33	126
WP_000259031.1	279	k121_851986_2	N/A	35.556	96	270	2.86e-33	125
WP_000259031.1	279	k121_867579_2	N/A	40.244	88	246	3.90e-33	125
WP_000259031.1	279	k121_1661594_2	N/A	30.303	93	264	5.34e-32	122
WP_000259031.1	279	k121_116658_2	N/A	30.522	88	249	7.37e-32	122
WP_000259031.1	279	k121_1338368_5	N/A	31.008	90	258	4.21e-31	120
WP_000259031.1	279	k121_243416_11	N/A	29.278	94	263	8.11e-31	119
WP_000259031.1	279	k121_1465150_2	N/A	29.478	95	268	1.27e-30	119
WP_000259031.1	279	k121_15192_2	N/A	37.500	88	248	1.29e-30	119
WP_000259031.1	279	k121_755667_5	N/A	32.463	95	268	2.79e-30	117
WP_000259031.1	279	k121_852012_4	N/A	30.597	93	268	5.71e-30	117
WP_000259031.1	279	k121_1672759_10	N/A	30.943	93	265	1.32e-29	118
WP_000259031.1	279	k121_26674_5	N/A	30.400	87	250	2.10e-29	115
WP_000259031.1	279	k121_1486592_2	N/A	31.579	88	247	3.02e-29	115
WP_000259031.1	279	k121_253634_4	N/A	31.855	88	248	3.08e-29	115
WP_000259031.1	279	k121_924723_2	N/A	29.545	93	264	3.46e-29	115
WP_000259031.1	279	k121_474130_2	N/A	31.395	88	258	3.53e-29	115
WP_000259031.1	279	k121_528635_3	N/A	29.851	93	268	7.03e-29	114
WP_000259031.1	279	k121_434686_2	N/A	31.154	91	260	7.33e-29	114
WP_000259031.1	279	k121_890555_9	N/A	31.923	91	260	8.31e-29	114
WP_000259031.1	279	k121_904082_12	N/A	29.963	94	267	9.42e-29	114
WP_000259031.1	279	k121_330871_2	N/A	29.851	93	268	9.69e-29	114
WP_000259031.1	279	k121_520777_3	N/A	32.877	78	219	1.00e-28	113
WP_000259031.1	279	k121_860150_2	N/A	35.223	88	247	1.49e-28	113
WP_000259031.1	279	k121_160852_2	N/A	32.143	88	252	1.57e-28	113
WP_000259031.1	279	k121_628000_2	N/A	31.086	94	267	3.17e-28	112
WP_000259031.1	279	k121_6884_86	N/A	27.437	96	277	4.47e-28	112
WP_000259031.1	279	k121_1372741_1	N/A	29.259	96	270	4.66e-28	112
WP_000259031.1	279	k121_472943_5	N/A	29.615	92	260	4.68e-28	111
WP_000259031.1	279	k121_452160_3	N/A	28.947	94	266	4.69e-28	111
WP_000259031.1	279	k121_1675307_21	N/A	29.851	93	268	5.61e-28	112
WP_000259031.1	279	k121_1132816_28	N/A	35.268	80	224	1.25e-27	111
WP_000259031.1	279	k121_990522_4	N/A	33.333	91	261	2.61e-27	109
WP_000259031.1	279	k121_344767_1	N/A	34.231	92	260	2.69e-27	110
WP_000259031.1	279	k121_1474678_6	N/A	30.882	88	272	4.20e-27	110
WP_000259031.1	279	k121_622677_13	N/A	36.323	80	223	4.69e-27	109
WP_000259031.1	279	k121_1620575_3	N/A	31.203	92	266	6.46e-27	109
WP_000259031.1	279	k121_1435100_2	N/A	30.279	88	251	2.69e-26	107
WP_000259031.1	279	k121_241958_112	N/A	30.137	78	219	7.12e-26	106
WP_000259031.1	279	k121_73184_2	N/A	30.961	95	281	7.18e-26	106
WP_000259031.1	279	k121_1156195_2	N/A	31.061	93	264	1.01e-25	107
WP_000259031.1	279	k121_1410871_3	N/A	27.899	97	276	1.68e-25	105
WP_000259031.1	279	k121_1468887_6	N/A	30.827	92	266	1.75e-25	105
WP_000259031.1	279	k121_682315_21	N/A	32.331	91	266	1.76e-25	105
WP_000259031.1	279	k121_381706_4	N/A	32.870	76	216	4.14e-25	103
WP_000259031.1	279	k121_168000_2	N/A	30.385	92	260	4.96e-25	105
WP_000259031.1	279	k121_342309_33	N/A	27.600	87	250	6.44e-25	106
WP_000259031.1	279	k121_1314411_3	N/A	30.876	77	217	6.61e-25	105
WP_000259031.1	279	k121_222214_9	N/A	30.709	87	254	6.96e-25	103
WP_000259031.1	279	k121_1094706_57	N/A	30.556	89	252	1.16e-24	103
WP_000259031.1	279	k121_73210_1	N/A	32.735	76	223	2.25e-24	101
WP_000259031.1	279	k121_85955_3	N/A	30.876	77	217	2.53e-24	103
WP_000259031.1	279	k121_1387422_2	N/A	32.800	89	250	3.01e-24	102
WP_000259031.1	279	k121_1196502_1	N/A	33.068	88	251	3.51e-24	103
WP_000259031.1	279	k121_1580432_12	N/A	29.730	91	259	5.69e-24	101
WP_000259031.1	279	k121_1570097_45	N/A	32.197	91	264	1.88e-23	99.8
WP_000259031.1	279	k121_384641_2	N/A	29.804	90	255	2.13e-23	99.8
WP_000259031.1	279	k121_960726_2	N/A	32.530	88	249	2.15e-23	100
WP_000259031.1	279	k121_350983_1	N/A	26.316	94	266	2.21e-23	99.4
WP_000259031.1	279	k121_938025_1	N/A	27.273	92	264	2.39e-23	99.8
WP_000259031.1	279	k121_65632_3	N/A	28.253	95	269	2.59e-23	99.4
WP_000259031.1	279	k121_497627_40	N/A	27.203	92	261	2.65e-23	99.8
WP_000259031.1	279	k121_1672557_2	N/A	32.867	95	286	4.10e-23	99.4
WP_000259031.1	279	k121_913510_2	N/A	33.065	88	248	4.64e-23	99.4
WP_000259031.1	279	k121_1460550_60	N/A	28.794	91	257	5.71e-23	98.6
WP_000259031.1	279	k121_1501914_2	N/A	26.515	92	264	6.75e-23	98.6
WP_000259031.1	279	k121_233055_2	N/A	32.028	95	281	7.43e-23	98.6
WP_000259031.1	279	k121_916675_1	N/A	32.258	77	217	8.11e-23	98.6
WP_000259031.1	279	k121_1322055_100	N/A	33.333	77	216	1.01e-22	97.8
WP_000259031.1	279	k121_595509_12	N/A	31.752	95	274	1.12e-22	98.2
WP_000259031.1	279	k121_1366775_3	N/A	29.588	92	267	1.25e-22	100
WP_000259031.1	279	k121_1121243_7	N/A	27.068	94	266	1.37e-22	97.8
WP_000259031.1	279	k121_1063255_3	N/A	29.231	91	260	1.98e-22	97.4
WP_000259031.1	279	k121_798896_1	N/A	31.122	69	196	2.43e-22	95.5
WP_000259031.1	279	k121_781756_3	N/A	36.032	87	247	2.45e-22	98.6
WP_000259031.1	279	k121_1462926_7	N/A	32.558	76	215	4.76e-22	99.0
WP_000259031.1	279	k121_827063_1	N/A	34.538	88	249	8.29e-22	97.1
WP_000259031.1	279	k121_390410_1	N/A	28.947	92	266	8.98e-22	97.8
WP_000259031.1	279	k121_673690_12	N/A	33.071	87	254	1.44e-21	94.7
WP_000259031.1	279	k121_1569642_3	N/A	27.574	92	272	1.47e-21	94.7
WP_000259031.1	279	k121_1200674_12	N/A	29.964	95	277	1.83e-21	94.7
WP_000259031.1	279	k121_513489_2	N/A	28.519	92	270	1.93e-21	96.7
WP_000259031.1	279	k121_71629_16	N/A	36.986	78	219	2.18e-21	94.7
WP_000259031.1	279	k121_1302947_10	N/A	27.203	91	261	2.45e-21	93.6
WP_000259031.1	279	k121_1630382_2	N/A	31.325	88	249	2.46e-21	94.4
WP_000259031.1	279	k121_1284846_236	N/A	26.154	91	260	2.88e-21	94.0
WP_000259031.1	279	k121_60449_3	N/A	28.968	88	252	3.36e-21	94.0
WP_000259031.1	279	k121_457529_12	N/A	26.996	92	263	7.21e-21	92.8
WP_000259031.1	279	k121_775411_2	N/A	29.557	72	203	8.41e-21	91.7
WP_000259031.1	279	k121_1132260_2	N/A	28.148	92	270	8.45e-21	94.7
WP_000259031.1	279	k121_1594739_15	N/A	28.571	91	266	5.61e-20	90.1
WP_000259031.1	279	k121_1619616_1	N/A	27.881	91	269	6.19e-20	90.5
WP_000259031.1	279	k121_1288334_17	N/A	28.044	92	271	1.01e-19	89.4
WP_000259031.1	279	k121_1055647_2	N/A	32.740	95	281	1.03e-19	90.1
WP_000259031.1	279	k121_646385_24	N/A	32.283	88	254	1.08e-19	89.4
WP_000259031.1	279	k121_477819_1	N/A	24.603	88	252	1.13e-19	90.9
WP_000259031.1	279	k121_1557082_2	N/A	32.402	62	179	2.32e-19	86.7
WP_000259031.1	279	k121_1640730_2	N/A	31.019	77	216	2.39e-19	88.6
WP_000259031.1	279	k121_1205145_1	N/A	28.959	77	221	3.14e-19	88.2
WP_000259031.1	279	k121_913588_3	N/A	29.944	63	177	3.78e-19	86.7
WP_000259031.1	279	k121_957007_8	N/A	30.357	95	280	5.81e-19	87.4
WP_000259031.1	279	k121_1359765_4	N/A	30.233	92	258	6.77e-19	87.4
WP_000259031.1	279	k121_891737_1	N/A	30.508	63	177	8.48e-19	85.9
WP_000259031.1	279	k121_813383_2	N/A	31.481	93	270	1.72e-17	84.7
WP_000259031.1	279	k121_1063784_3	N/A	33.962	75	212	2.70e-17	82.8
WP_000259031.1	279	k121_1365940_2	N/A	35.678	70	199	3.37e-17	81.3
WP_000259031.1	279	k121_155296_2	N/A	30.978	63	184	4.72e-17	80.9
WP_000259031.1	279	k121_839589_4	N/A	28.440	78	218	8.51e-17	81.6
WP_000259031.1	279	k121_490202_37	N/A	30.172	78	232	1.17e-16	82.0
WP_000259031.1	279	k121_1527266_2	N/A	28.235	88	255	1.46e-16	82.4
WP_000259031.1	279	k121_1113563_9	N/A	26.754	80	228	4.03e-16	80.1
WP_000259031.1	279	k121_1368578_3	N/A	34.483	91	261	4.98e-16	80.5
WP_000259031.1	279	k121_1129626_2	N/A	29.534	66	193	6.62e-16	77.8
WP_000259031.1	279	k121_590470_1	N/A	29.658	93	263	7.15e-16	79.3
WP_000259031.1	279	k121_830172_7	N/A	32.046	91	259	1.12e-15	79.7
WP_000259031.1	279	k121_717797_11	N/A	30.455	78	220	2.49e-15	77.8
WP_000259031.1	279	k121_274352_8	N/A	28.696	78	230	1.01e-14	76.3
WP_000259031.1	279	k121_1571315_8	N/A	27.826	78	230	6.45e-14	73.9
WP_000259031.1	279	k121_657692_1	N/A	26.840	82	231	1.03e-13	72.4
WP_000259031.1	279	k121_1533825_2	N/A	26.201	75	229	1.03e-13	73.2
WP_000259031.1	279	k121_1033335_2	N/A	26.000	87	250	1.59e-13	73.6
WP_000259031.1	279	k121_702959_1	N/A	28.477	54	151	2.02e-13	69.7
WP_000259031.1	279	k121_341370_1	N/A	38.835	37	103	2.48e-13	68.9
WP_000259031.1	279	k121_624774_5	N/A	33.065	44	124	5.33e-13	68.9
WP_000259031.1	279	k121_36383_2	N/A	26.923	55	156	5.93e-13	69.3
WP_000259031.1	279	k121_495832_1	N/A	34.615	37	104	1.08e-12	68.6
WP_000259031.1	279	k121_1238064_2	N/A	28.634	76	227	1.76e-12	69.3
WP_000259031.1	279	k121_976218_2	N/A	29.143	61	175	6.23e-12	67.8
WP_000259031.1	279	k121_445415_1	N/A	31.447	56	159	6.58e-12	67.8
WP_000259031.1	279	k121_479154_16	N/A	28.000	77	225	7.49e-12	67.8
WP_000259031.1	279	k121_397776_1	N/A	27.848	84	237	1.02e-11	67.0
WP_000259031.1	279	k121_1356391_1	N/A	35.577	37	104	3.40e-11	64.3
WP_000259031.1	279	k121_397189_1	N/A	34.259	38	108	1.02e-10	63.5
WP_000259031.1	279	k121_1604443_1	N/A	34.783	38	115	2.15e-10	61.2
WP_000259031.1	279	k121_22038_6	N/A	24.747	69	198	2.56e-10	63.5
WP_000259031.1	279	k121_454570_2	N/A	24.752	70	202	4.78e-10	62.4
WP_000259031.1	279	k121_1161460_1	N/A	42.991	38	107	1.88e-09	58.5
WP_000259031.1	279	k121_247490_2	N/A	43.529	30	85	7.52e-09	57.4
WP_000259031.1	279	k121_899737_1	N/A	26.857	60	175	1.20e-08	57.8
WP_000259031.1	279	k121_585013_2	N/A	23.077	91	260	1.85e-08	58.2
WP_000259031.1	279	k121_651560_1	N/A	29.365	44	126	4.66e-08	55.8
WP_000259031.1	279	k121_1126856_5	N/A	26.201	77	229	3.03e-07	54.3
WP_000259031.1	279	k121_1352400_1	N/A	29.651	61	172	4.72e-07	52.8
WP_000259031.1	279	k121_312595_1	N/A	36.765	24	68	1.35e-06	49.3
WP_000259031.1	279	k121_213744_1	N/A	25.000	72	224	1.52e-06	51.6
WP_000259031.1	279	k121_357959_1	N/A	30.841	38	107	5.17e-05	45.8
WP_000259031.1	279	k121_1670623_10	N/A	35.644	34	101	6.49e-05	45.1
WP_000259031.1	279	k121_69466_2	N/A	33.721	30	86	8.66e-04	41.6
WP_000259031.1	279	k121_1433832_4	N/A	28.571	42	119	0.004	41.2
WP_000259031.1	279	k121_357023_1	N/A	37.500	28	80	0.009	38.9
WP_000259031.1	279	k121_857709_3	N/A	27.848	28	79	0.028	37.0
WP_000259031.1	279	k121_1303912_1	N/A	30.435	24	69	0.029	37.0
WP_001043260.1	271	k121_350913_3	N/A	100.000	100	271	0.0	528
WP_001043260.1	271	k121_1082600_30	N/A	56.981	97	265	6.63e-99	293
WP_001043260.1	271	k121_1571133_13	N/A	56.981	97	265	2.38e-97	289
WP_001043260.1	271	k121_394835_2	N/A	57.736	97	265	1.26e-90	272
WP_001043260.1	271	k121_1353934_2	N/A	50.769	96	260	5.68e-88	265
WP_001043260.1	271	k121_1146090_5	N/A	52.692	95	260	1.42e-83	255
WP_001043260.1	271	k121_400896_44	N/A	42.188	92	256	1.87e-54	180
WP_001043260.1	271	k121_1321305_1	N/A	44.531	94	256	2.77e-53	177
WP_001043260.1	271	k121_1614520_42	N/A	39.615	95	260	3.84e-52	175
WP_001043260.1	271	k121_1147608_18	N/A	38.846	95	260	4.60e-51	172
WP_001043260.1	271	k121_15192_2	N/A	43.529	94	255	3.07e-49	167
WP_001043260.1	271	k121_1119626_4	N/A	34.800	92	250	1.16e-45	157
WP_001043260.1	271	k121_1033177_1	N/A	38.057	90	247	5.64e-45	155
WP_001043260.1	271	k121_1322824_3	N/A	40.873	93	252	4.58e-44	153
WP_001043260.1	271	k121_990522_4	N/A	36.981	96	265	6.73e-44	152
WP_001043260.1	271	k121_676407_4	N/A	33.948	96	271	2.39e-43	152
WP_001043260.1	271	k121_1661594_2	N/A	34.351	96	262	2.56e-43	152
WP_001043260.1	271	k121_867579_2	N/A	41.473	95	258	9.64e-43	150
WP_001043260.1	271	k121_488977_146	N/A	37.849	90	251	1.57e-42	149
WP_001043260.1	271	k121_344767_1	N/A	37.643	97	263	2.53e-42	149
WP_001043260.1	271	k121_1387422_2	N/A	40.000	95	260	4.41e-42	148
WP_001043260.1	271	k121_1663394_2	N/A	35.849	97	265	9.44e-42	147
WP_001043260.1	271	k121_1132816_28	N/A	43.836	80	219	1.86e-41	147
WP_001043260.1	271	k121_924723_2	N/A	32.841	98	271	2.32e-41	147
WP_001043260.1	271	k121_622677_13	N/A	41.085	95	258	2.62e-41	146
WP_001043260.1	271	k121_851986_2	N/A	37.500	90	248	3.03e-41	146
WP_001043260.1	271	k121_243416_11	N/A	33.333	93	258	7.67e-41	145
WP_001043260.1	271	k121_860150_2	N/A	38.806	95	268	2.20e-40	144
WP_001043260.1	271	k121_26674_5	N/A	35.659	94	258	2.39e-40	143
WP_001043260.1	271	k121_116658_2	N/A	32.210	98	267	2.47e-40	144
WP_001043260.1	271	k121_1359765_4	N/A	37.121	97	264	3.29e-40	143
WP_001043260.1	271	k121_678673_2	N/A	40.304	97	263	3.65e-40	143
WP_001043260.1	271	k121_474130_2	N/A	34.470	96	264	6.47e-40	143
WP_001043260.1	271	k121_852012_4	N/A	32.222	98	270	1.12e-39	142
WP_001043260.1	271	k121_1338368_5	N/A	34.091	96	264	1.59e-39	142
WP_001043260.1	271	k121_528635_3	N/A	33.333	94	258	2.18e-39	141
WP_001043260.1	271	k121_1170554_3	N/A	35.849	96	265	3.12e-39	142
WP_001043260.1	271	k121_595509_12	N/A	36.090	96	266	7.42e-39	140
WP_001043260.1	271	k121_1074980_21	N/A	37.500	94	256	1.07e-38	140
WP_001043260.1	271	k121_73184_2	N/A	34.672	96	274	4.39e-38	138
WP_001043260.1	271	k121_755667_5	N/A	33.962	96	265	4.47e-38	138
WP_001043260.1	271	k121_1672759_10	N/A	36.226	97	265	5.42e-38	140
WP_001043260.1	271	k121_1675307_21	N/A	32.171	94	258	6.03e-38	137
WP_001043260.1	271	k121_1672557_2	N/A	37.818	96	275	6.80e-38	137
WP_001043260.1	271	k121_1619616_1	N/A	33.083	91	266	1.08e-37	137
WP_001043260.1	271	k121_654019_2	N/A	34.601	95	263	1.99e-37	136
WP_001043260.1	271	k121_233055_2	N/A	36.000	96	275	2.16e-37	136
WP_001043260.1	271	k121_330871_2	N/A	31.818	96	264	2.30e-37	136
WP_001043260.1	271	k121_960726_2	N/A	36.538	95	260	9.09e-37	135
WP_001043260.1	271	k121_1410871_3	N/A	31.179	96	263	4.73e-36	133
WP_001043260.1	271	k121_839589_4	N/A	35.249	96	261	6.02e-36	132
WP_001043260.1	271	k121_1474678_6	N/A	31.618	90	272	5.84e-35	130
WP_001043260.1	271	k121_1570097_45	N/A	35.897	96	273	9.61e-35	129
WP_001043260.1	271	k121_1094706_57	N/A	34.962	97	266	3.44e-34	128
WP_001043260.1	271	k121_1322055_100	N/A	36.406	79	217	4.58e-34	127
WP_001043260.1	271	k121_890555_9	N/A	31.203	96	266	5.34e-34	127
WP_001043260.1	271	k121_384641_2	N/A	34.884	92	258	6.13e-34	127
WP_001043260.1	271	k121_241958_112	N/A	30.566	96	265	6.65e-34	127
WP_001043260.1	271	k121_913510_2	N/A	35.521	95	259	7.14e-34	127
WP_001043260.1	271	k121_1200674_12	N/A	32.567	95	261	2.40e-33	125
WP_001043260.1	271	k121_1640730_2	N/A	36.239	79	218	2.46e-33	125
WP_001043260.1	271	k121_160852_2	N/A	34.420	96	276	9.60e-33	124
WP_001043260.1	271	k121_1055647_2	N/A	36.364	96	275	1.41e-32	124
WP_001043260.1	271	k121_342309_33	N/A	30.677	89	251	1.99e-32	126
WP_001043260.1	271	k121_1486592_2	N/A	31.538	95	260	2.94e-32	123
WP_001043260.1	271	k121_431246_3	N/A	32.530	90	249	3.56e-32	122
WP_001043260.1	271	k121_520777_3	N/A	33.333	80	219	3.57e-32	122
WP_001043260.1	271	k121_1580432_12	N/A	28.626	96	262	4.14e-32	122
WP_001043260.1	271	k121_1630382_2	N/A	35.581	97	267	4.44e-32	122
WP_001043260.1	271	k121_1624580_2	N/A	29.699	97	266	5.32e-32	122
WP_001043260.1	271	k121_1205145_1	N/A	29.119	94	261	6.77e-32	121
WP_001043260.1	271	k121_1557082_2	N/A	38.021	69	192	7.19e-32	119
WP_001043260.1	271	k121_253634_4	N/A	31.274	94	259	8.71e-32	122
WP_001043260.1	271	k121_891737_1	N/A	37.853	64	177	2.98e-31	118
WP_001043260.1	271	k121_904082_12	N/A	28.514	91	249	3.00e-31	120
WP_001043260.1	271	k121_682315_21	N/A	32.222	96	270	8.60e-31	119
WP_001043260.1	271	k121_1569642_3	N/A	29.057	97	265	8.64e-31	119
WP_001043260.1	271	k121_1465150_2	N/A	30.159	91	252	1.41e-30	119
WP_001043260.1	271	k121_155296_2	N/A	38.172	64	186	1.72e-30	116
WP_001043260.1	271	k121_381706_4	N/A	35.273	96	275	1.95e-30	117
WP_001043260.1	271	k121_673690_12	N/A	35.424	97	271	1.97e-30	117
WP_001043260.1	271	k121_6884_86	N/A	28.409	96	264	7.87e-30	116
WP_001043260.1	271	k121_628000_2	N/A	32.601	96	273	9.16e-30	116
WP_001043260.1	271	k121_434686_2	N/A	27.652	96	264	2.22e-29	115
WP_001043260.1	271	k121_60449_3	N/A	30.830	91	253	5.08e-29	114
WP_001043260.1	271	k121_1435100_2	N/A	31.048	90	248	8.85e-29	113
WP_001043260.1	271	k121_71629_16	N/A	37.004	83	227	1.16e-28	114
WP_001043260.1	271	k121_798896_1	N/A	34.555	70	191	1.41e-28	111
WP_001043260.1	271	k121_350983_1	N/A	27.799	94	259	2.51e-28	112
WP_001043260.1	271	k121_1620575_3	N/A	30.677	90	251	3.13e-28	112
WP_001043260.1	271	k121_457529_12	N/A	27.799	93	259	3.48e-28	112
WP_001043260.1	271	k121_1156195_2	N/A	29.588	97	267	1.26e-27	112
WP_001043260.1	271	k121_1501914_2	N/A	30.040	92	253	1.38e-27	110
WP_001043260.1	271	k121_938025_1	N/A	29.644	92	253	2.34e-27	110
WP_001043260.1	271	k121_1468887_6	N/A	30.677	90	251	3.52e-27	109
WP_001043260.1	271	k121_1284846_236	N/A	27.376	96	263	5.08e-27	109
WP_001043260.1	271	k121_1121243_7	N/A	29.740	97	269	9.96e-27	108
WP_001043260.1	271	k121_1063784_3	N/A	34.783	91	253	1.77e-26	107
WP_001043260.1	271	k121_1462926_7	N/A	35.211	78	213	3.22e-26	110
WP_001043260.1	271	k121_717797_11	N/A	34.749	95	259	3.33e-26	107
WP_001043260.1	271	k121_1372741_1	N/A	28.897	95	263	6.28e-26	106
WP_001043260.1	271	k121_827063_1	N/A	35.223	90	247	9.11e-26	107
WP_001043260.1	271	k121_1196502_1	N/A	31.343	97	268	1.41e-25	106
WP_001043260.1	271	k121_390410_1	N/A	31.621	89	253	2.08e-25	107
WP_001043260.1	271	k121_775411_2	N/A	30.275	80	218	2.36e-25	103
WP_001043260.1	271	k121_452160_3	N/A	28.916	90	249	2.48e-25	104
WP_001043260.1	271	k121_913588_3	N/A	34.659	64	176	2.55e-25	102
WP_001043260.1	271	k121_85955_3	N/A	32.110	79	218	3.61e-25	105
WP_001043260.1	271	k121_1314411_3	N/A	32.093	79	215	4.56e-25	105
WP_001043260.1	271	k121_222214_9	N/A	32.157	91	255	7.51e-25	103
WP_001043260.1	271	k121_1366775_3	N/A	31.621	89	253	8.39e-25	105
WP_001043260.1	271	k121_497627_40	N/A	25.954	95	262	1.14e-24	103
WP_001043260.1	271	k121_495832_1	N/A	46.154	38	104	1.25e-24	100
WP_001043260.1	271	k121_1302947_10	N/A	27.413	94	259	1.37e-24	102
WP_001043260.1	271	k121_472943_5	N/A	27.692	94	260	1.65e-24	102
WP_001043260.1	271	k121_1288334_17	N/A	27.099	95	262	1.99e-24	101
WP_001043260.1	271	k121_813383_2	N/A	38.009	79	221	2.50e-24	103
WP_001043260.1	271	k121_590470_1	N/A	32.955	96	264	2.84e-24	102
WP_001043260.1	271	k121_781756_3	N/A	35.055	97	271	4.09e-24	103
WP_001043260.1	271	k121_657692_1	N/A	33.333	81	225	7.58e-24	99.8
WP_001043260.1	271	k121_513489_2	N/A	30.830	89	253	7.78e-24	103
WP_001043260.1	271	k121_916675_1	N/A	30.698	78	215	8.61e-24	101
WP_001043260.1	271	k121_1368578_3	N/A	38.989	98	277	9.59e-24	101
WP_001043260.1	271	k121_957007_8	N/A	32.453	95	265	3.93e-23	98.6
WP_001043260.1	271	k121_1594739_15	N/A	27.969	95	261	4.25e-23	98.2
WP_001043260.1	271	k121_830172_7	N/A	35.156	91	256	5.01e-23	100
WP_001043260.1	271	k121_1063255_3	N/A	27.675	99	271	5.67e-23	98.6
WP_001043260.1	271	k121_168000_2	N/A	28.958	94	259	8.81e-23	99.0
WP_001043260.1	271	k121_1033335_2	N/A	29.317	89	249	9.25e-23	100
WP_001043260.1	271	k121_73210_1	N/A	33.488	77	215	1.20e-22	96.3
WP_001043260.1	271	k121_1132260_2	N/A	29.600	89	250	1.26e-22	99.8
WP_001043260.1	271	k121_1460550_60	N/A	26.693	91	251	6.97e-22	95.5
WP_001043260.1	271	k121_341370_1	N/A	45.631	38	103	3.26e-21	90.1
WP_001043260.1	271	k121_65632_3	N/A	27.490	91	251	8.40e-21	92.4
WP_001043260.1	271	k121_1533825_2	N/A	29.752	78	242	6.42e-19	87.4
WP_001043260.1	271	k121_477819_1	N/A	22.348	96	264	9.63e-19	88.2
WP_001043260.1	271	k121_646385_24	N/A	30.534	95	262	1.22e-18	86.3
WP_001043260.1	271	k121_312595_1	N/A	57.353	25	68	4.09e-18	80.5
WP_001043260.1	271	k121_976218_2	N/A	34.503	62	171	4.55e-18	84.7
WP_001043260.1	271	k121_274352_8	N/A	32.103	96	271	1.50e-17	84.0
WP_001043260.1	271	k121_397189_1	N/A	45.872	39	109	1.77e-17	82.0
WP_001043260.1	271	k121_1113563_9	N/A	31.022	97	274	3.14e-17	82.8
WP_001043260.1	271	k121_490202_37	N/A	30.996	96	271	3.72e-17	83.2
WP_001043260.1	271	k121_702959_1	N/A	33.333	55	150	1.25e-16	78.2
WP_001043260.1	271	k121_397776_1	N/A	30.769	86	234	6.96e-16	78.6
WP_001043260.1	271	k121_624774_5	N/A	37.903	45	124	1.63e-15	75.9
WP_001043260.1	271	k121_445415_1	N/A	31.210	57	157	2.53e-15	77.0
WP_001043260.1	271	k121_1571315_8	N/A	31.365	96	271	3.43e-15	77.4
WP_001043260.1	271	k121_585013_2	N/A	27.715	97	267	6.50e-15	76.6
WP_001043260.1	271	k121_1356391_1	N/A	38.614	37	101	1.06e-14	73.9
WP_001043260.1	271	k121_454570_2	N/A	28.516	92	256	2.69e-14	74.3
WP_001043260.1	271	k121_1365940_2	N/A	31.313	72	198	8.48e-14	71.6
WP_001043260.1	271	k121_1129626_2	N/A	28.500	72	200	2.32e-13	70.5
WP_001043260.1	271	k121_479154_16	N/A	28.839	95	267	2.50e-13	71.6
WP_001043260.1	271	k121_899737_1	N/A	28.365	74	208	2.54e-13	70.9
WP_001043260.1	271	k121_36383_2	N/A	27.564	56	156	3.87e-13	69.7
WP_001043260.1	271	k121_1604443_1	N/A	34.677	43	124	7.92e-13	67.8
WP_001043260.1	271	k121_1238064_2	N/A	25.279	96	269	2.86e-12	68.6
WP_001043260.1	271	k121_247490_2	N/A	45.349	31	86	3.04e-12	66.6
WP_001043260.1	271	k121_22038_6	N/A	26.996	94	263	5.30e-12	68.2
WP_001043260.1	271	k121_1527266_2	N/A	27.626	90	257	1.57e-11	67.8
WP_001043260.1	271	k121_1126856_5	N/A	27.526	92	287	2.51e-11	66.2
WP_001043260.1	271	k121_1248593_2	N/A	29.961	90	257	8.05e-11	64.3
WP_001043260.1	271	k121_1161460_1	N/A	42.400	46	125	1.95e-10	61.2
WP_001043260.1	271	k121_651560_1	N/A	30.709	46	127	2.13e-10	62.4
WP_001043260.1	271	k121_268546_3	N/A	49.057	20	53	2.72e-10	58.5
WP_001043260.1	271	k121_213744_1	N/A	25.893	74	224	3.74e-08	56.2
WP_001043260.1	271	k121_1433832_4	N/A	30.573	57	157	4.39e-08	55.5
WP_001043260.1	271	k121_1352400_1	N/A	28.497	70	193	3.91e-07	53.1
WP_001043260.1	271	k121_357959_1	N/A	29.600	45	125	4.79e-06	48.9
WP_001043260.1	271	k121_1670623_10	N/A	36.111	38	108	1.91e-05	46.6
WP_001043260.1	271	k121_357023_1	N/A	37.234	34	94	9.37e-05	44.7
WP_001043260.1	271	k121_857709_3	N/A	28.750	30	80	0.001	40.8
WP_001043260.1	271	k121_851307_40	N/A	39.241	29	79	0.003	42.7
WP_001043260.1	271	k121_675199_8	N/A	32.911	29	79	0.017	40.4
WP_001043260.1	271	k121_853581_2	N/A	35.593	21	59	0.100	37.7
WP_000034420.1	263	k121_1353934_2	N/A	60.392	97	255	1.80e-110	322
WP_000034420.1	263	k121_1082600_30	N/A	47.893	99	261	3.43e-82	250
WP_000034420.1	263	k121_1571133_13	N/A	47.490	98	259	4.36e-82	250
WP_000034420.1	263	k121_350913_3	N/A	52.124	98	259	2.50e-80	246
WP_000034420.1	263	k121_1146090_5	N/A	43.295	99	261	1.83e-77	239
WP_000034420.1	263	k121_394835_2	N/A	45.946	98	259	4.82e-73	227
WP_000034420.1	263	k121_400896_44	N/A	42.045	98	264	5.43e-59	191
WP_000034420.1	263	k121_1321305_1	N/A	39.773	99	264	4.90e-53	176
WP_000034420.1	263	k121_1170554_3	N/A	37.786	98	262	3.87e-52	175
WP_000034420.1	263	k121_1119626_4	N/A	38.956	93	249	2.13e-51	171
WP_000034420.1	263	k121_15192_2	N/A	39.394	99	264	4.94e-51	171
WP_000034420.1	263	k121_233055_2	N/A	35.740	99	277	4.41e-50	169
WP_000034420.1	263	k121_1661594_2	N/A	36.965	96	257	6.31e-50	168
WP_000034420.1	263	k121_160852_2	N/A	38.182	99	275	2.64e-49	167
WP_000034420.1	263	k121_867579_2	N/A	38.550	99	262	7.45e-49	166
WP_000034420.1	263	k121_860150_2	N/A	34.981	99	263	1.12e-48	165
WP_000034420.1	263	k121_1055647_2	N/A	35.740	99	277	4.11e-48	164
WP_000034420.1	263	k121_1614520_42	N/A	36.466	99	266	4.32e-48	164
WP_000034420.1	263	k121_1322824_3	N/A	38.168	98	262	5.89e-48	163
WP_000034420.1	263	k121_116658_2	N/A	36.122	98	263	7.95e-48	163
WP_000034420.1	263	k121_755667_5	N/A	34.483	99	261	3.03e-47	161
WP_000034420.1	263	k121_243416_11	N/A	35.798	96	257	3.03e-47	161
WP_000034420.1	263	k121_1147608_18	N/A	36.154	97	260	7.11e-47	161
WP_000034420.1	263	k121_676407_4	N/A	34.201	98	269	9.96e-47	160
WP_000034420.1	263	k121_330871_2	N/A	35.798	96	257	1.10e-46	160
WP_000034420.1	263	k121_1663394_2	N/A	35.115	98	262	3.34e-46	159
WP_000034420.1	263	k121_924723_2	N/A	35.798	96	257	5.53e-46	158
WP_000034420.1	263	k121_678673_2	N/A	36.260	99	262	5.97e-46	158
WP_000034420.1	263	k121_852012_4	N/A	35.409	96	257	5.98e-46	158
WP_000034420.1	263	k121_960726_2	N/A	38.258	99	264	7.25e-46	158
WP_000034420.1	263	k121_1675307_21	N/A	35.798	96	257	9.87e-46	157
WP_000034420.1	263	k121_1074980_21	N/A	34.615	99	260	3.40e-45	156
WP_000034420.1	263	k121_1033177_1	N/A	35.361	98	263	3.41e-45	156
WP_000034420.1	263	k121_1132816_28	N/A	40.909	99	264	3.57e-45	157
WP_000034420.1	263	k121_990522_4	N/A	35.606	98	264	4.33e-45	155
WP_000034420.1	263	k121_528635_3	N/A	35.019	96	257	6.04e-45	155
WP_000034420.1	263	k121_1672557_2	N/A	34.657	99	277	7.74e-45	155
WP_000034420.1	263	k121_595509_12	N/A	37.023	99	262	2.31e-44	154
WP_000034420.1	263	k121_654019_2	N/A	34.981	98	263	7.94e-44	153
WP_000034420.1	263	k121_1672759_10	N/A	35.094	99	265	1.59e-43	154
WP_000034420.1	263	k121_851986_2	N/A	32.950	98	261	4.53e-43	150
WP_000034420.1	263	k121_1387422_2	N/A	35.606	99	264	1.02e-42	150
WP_000034420.1	263	k121_1410871_3	N/A	32.331	99	266	4.63e-42	149
WP_000034420.1	263	k121_344767_1	N/A	35.878	98	262	4.68e-42	148
WP_000034420.1	263	k121_1624580_2	N/A	33.205	98	259	7.16e-42	147
WP_000034420.1	263	k121_384641_2	N/A	34.375	95	256	1.44e-41	147
WP_000034420.1	263	k121_26674_5	N/A	35.227	98	264	2.78e-41	145
WP_000034420.1	263	k121_381706_4	N/A	37.121	99	264	3.07e-41	145
WP_000034420.1	263	k121_682315_21	N/A	32.222	98	270	4.30e-41	145
WP_000034420.1	263	k121_622677_13	N/A	35.606	99	264	9.51e-41	145
WP_000034420.1	263	k121_839589_4	N/A	34.351	99	262	1.22e-40	144
WP_000034420.1	263	k121_628000_2	N/A	37.594	100	266	1.32e-40	144
WP_000034420.1	263	k121_73184_2	N/A	33.808	99	281	1.64e-40	144
WP_000034420.1	263	k121_520777_3	N/A	35.242	85	227	2.03e-40	143
WP_000034420.1	263	k121_474130_2	N/A	34.082	99	267	4.04e-40	143
WP_000034420.1	263	k121_1619616_1	N/A	33.460	94	263	2.25e-39	141
WP_000034420.1	263	k121_1570097_45	N/A	32.967	98	273	2.27e-39	140
WP_000034420.1	263	k121_1094706_57	N/A	33.460	99	263	3.44e-39	141
WP_000034420.1	263	k121_1338368_5	N/A	32.700	98	263	4.56e-39	141
WP_000034420.1	263	k121_1486592_2	N/A	34.981	98	263	6.92e-39	140
WP_000034420.1	263	k121_1200674_12	N/A	31.818	98	264	7.30e-39	140
WP_000034420.1	263	k121_1314411_3	N/A	34.559	99	272	6.79e-38	139
WP_000034420.1	263	k121_85955_3	N/A	34.074	99	270	1.40e-37	138
WP_000034420.1	263	k121_488977_146	N/A	33.333	95	255	3.68e-37	135
WP_000034420.1	263	k121_241958_112	N/A	31.660	97	259	8.21e-37	134
WP_000034420.1	263	k121_1359765_4	N/A	32.443	98	262	9.40e-37	134
WP_000034420.1	263	k121_1435100_2	N/A	33.333	98	264	9.80e-37	134
WP_000034420.1	263	k121_913510_2	N/A	33.840	99	263	1.39e-36	134
WP_000034420.1	263	k121_155296_2	N/A	36.957	67	184	1.01e-35	129
WP_000034420.1	263	k121_798896_1	N/A	39.888	67	178	2.58e-35	129
WP_000034420.1	263	k121_1620575_3	N/A	32.946	97	258	4.27e-35	130
WP_000034420.1	263	k121_938025_1	N/A	33.206	98	262	9.05e-35	129
WP_000034420.1	263	k121_1156195_2	N/A	30.534	99	262	1.05e-34	131
WP_000034420.1	263	k121_890555_9	N/A	34.231	97	260	1.07e-34	129
WP_000034420.1	263	k121_431246_3	N/A	32.685	97	257	2.85e-34	127
WP_000034420.1	263	k121_1205145_1	N/A	32.296	96	257	3.10e-34	127
WP_000034420.1	263	k121_957007_8	N/A	35.206	98	267	3.24e-34	127
WP_000034420.1	263	k121_1284846_236	N/A	34.615	97	260	4.05e-34	127
WP_000034420.1	263	k121_1501914_2	N/A	33.206	98	262	5.83e-34	127
WP_000034420.1	263	k121_6884_86	N/A	32.319	98	263	7.07e-34	127
WP_000034420.1	263	k121_350983_1	N/A	32.692	97	260	1.41e-33	125
WP_000034420.1	263	k121_1468887_6	N/A	32.558	97	258	2.56e-33	125
WP_000034420.1	263	k121_904082_12	N/A	31.321	99	265	6.19e-33	124
WP_000034420.1	263	k121_1462926_7	N/A	36.015	98	261	6.62e-33	129
WP_000034420.1	263	k121_1580432_12	N/A	32.576	98	264	6.85e-33	124
WP_000034420.1	263	k121_1063255_3	N/A	33.846	97	260	8.83e-33	124
WP_000034420.1	263	k121_342309_33	N/A	33.208	98	265	1.15e-32	127
WP_000034420.1	263	k121_1630382_2	N/A	33.588	98	262	2.35e-32	123
WP_000034420.1	263	k121_673690_12	N/A	34.457	98	267	3.12e-32	122
WP_000034420.1	263	k121_1640730_2	N/A	34.470	98	264	3.33e-32	122
WP_000034420.1	263	k121_813383_2	N/A	34.470	99	264	3.36e-32	124
WP_000034420.1	263	k121_913588_3	N/A	38.764	67	178	4.50e-32	120
WP_000034420.1	263	k121_1465150_2	N/A	30.350	97	257	4.53e-32	123
WP_000034420.1	263	k121_434686_2	N/A	31.923	97	260	5.69e-32	122
WP_000034420.1	263	k121_1121243_7	N/A	32.669	94	251	6.53e-32	122
WP_000034420.1	263	k121_1288334_17	N/A	32.567	97	261	7.28e-32	121
WP_000034420.1	263	k121_1322055_100	N/A	33.333	82	219	1.17e-31	121
WP_000034420.1	263	k121_827063_1	N/A	30.943	99	265	3.23e-31	122
WP_000034420.1	263	k121_1569642_3	N/A	33.077	97	260	3.39e-31	119
WP_000034420.1	263	k121_1460550_60	N/A	31.395	97	258	4.93e-31	119
WP_000034420.1	263	k121_717797_11	N/A	34.221	99	263	8.33e-31	119
WP_000034420.1	263	k121_253634_4	N/A	31.660	97	259	8.88e-31	119
WP_000034420.1	263	k121_781756_3	N/A	31.321	99	265	9.55e-31	120
WP_000034420.1	263	k121_590470_1	N/A	30.224	99	268	1.80e-30	118
WP_000034420.1	263	k121_1302947_10	N/A	33.205	97	259	2.62e-30	117
WP_000034420.1	263	k121_71629_16	N/A	31.343	97	268	3.13e-30	117
WP_000034420.1	263	k121_1196502_1	N/A	29.278	99	263	3.38e-30	119
WP_000034420.1	263	k121_1063784_3	N/A	35.573	94	253	1.10e-29	115
WP_000034420.1	263	k121_1368578_3	N/A	35.985	99	264	1.13e-29	117
WP_000034420.1	263	k121_1474678_6	N/A	31.734	92	271	1.27e-29	116
WP_000034420.1	263	k121_891737_1	N/A	34.270	67	178	2.11e-29	113
WP_000034420.1	263	k121_1557082_2	N/A	35.751	72	193	2.76e-29	112
WP_000034420.1	263	k121_472943_5	N/A	32.184	98	261	3.25e-29	114
WP_000034420.1	263	k121_916675_1	N/A	31.308	81	214	1.22e-28	114
WP_000034420.1	263	k121_1372741_1	N/A	31.179	99	263	5.02e-28	111
WP_000034420.1	263	k121_775411_2	N/A	29.630	82	216	5.03e-28	110
WP_000034420.1	263	k121_457529_12	N/A	28.244	98	262	9.27e-28	110
WP_000034420.1	263	k121_222214_9	N/A	28.736	97	261	9.62e-28	110
WP_000034420.1	263	k121_477819_1	N/A	28.854	94	253	1.16e-27	112
WP_000034420.1	263	k121_497627_40	N/A	29.699	98	266	1.89e-27	110
WP_000034420.1	263	k121_1033335_2	N/A	30.000	93	250	2.61e-27	112
WP_000034420.1	263	k121_495832_1	N/A	49.524	40	105	3.21e-27	106
WP_000034420.1	263	k121_513489_2	N/A	30.303	97	264	9.16e-27	110
WP_000034420.1	263	k121_73210_1	N/A	30.088	86	226	9.23e-27	107
WP_000034420.1	263	k121_60449_3	N/A	28.996	97	269	1.56e-26	107
WP_000034420.1	263	k121_1132260_2	N/A	29.924	97	264	2.38e-26	109
WP_000034420.1	263	k121_1366775_3	N/A	29.924	97	264	3.89e-26	109
WP_000034420.1	263	k121_390410_1	N/A	29.924	97	264	9.42e-26	108
WP_000034420.1	263	k121_1594739_15	N/A	29.961	97	257	1.65e-25	104
WP_000034420.1	263	k121_452160_3	N/A	31.325	94	249	1.93e-25	104
WP_000034420.1	263	k121_830172_7	N/A	30.075	99	266	2.94e-25	105
WP_000034420.1	263	k121_646385_24	N/A	29.963	99	267	4.96e-25	103
WP_000034420.1	263	k121_976218_2	N/A	35.429	65	175	5.22e-25	103
WP_000034420.1	263	k121_65632_3	N/A	28.302	99	265	1.24e-24	102
WP_000034420.1	263	k121_1238064_2	N/A	29.434	98	265	1.18e-23	99.8
WP_000034420.1	263	k121_168000_2	N/A	29.070	97	258	1.26e-23	101
WP_000034420.1	263	k121_1365940_2	N/A	31.980	74	197	2.22e-23	97.4
WP_000034420.1	263	k121_657692_1	N/A	29.646	84	226	2.84e-23	98.2
WP_000034420.1	263	k121_397189_1	N/A	44.554	38	101	9.76e-23	95.9
WP_000034420.1	263	k121_1113563_9	N/A	31.579	98	266	1.19e-21	94.7
WP_000034420.1	263	k121_1527266_2	N/A	28.906	94	256	5.00e-20	92.0
WP_000034420.1	263	k121_341370_1	N/A	41.346	40	104	8.35e-20	85.9
WP_000034420.1	263	k121_445415_1	N/A	32.484	59	157	1.10e-19	89.0
WP_000034420.1	263	k121_624774_5	N/A	39.516	47	124	4.65e-19	85.1
WP_000034420.1	263	k121_702959_1	N/A	35.294	57	153	8.58e-19	84.0
WP_000034420.1	263	k121_22038_6	N/A	25.200	94	250	1.14e-18	86.7
WP_000034420.1	263	k121_274352_8	N/A	32.331	97	266	1.19e-17	84.0
WP_000034420.1	263	k121_479154_16	N/A	31.559	96	263	1.85e-17	83.2
WP_000034420.1	263	k121_1356391_1	N/A	37.963	40	108	3.23e-17	80.5
WP_000034420.1	263	k121_397776_1	N/A	29.362	88	235	3.35e-17	82.0
WP_000034420.1	263	k121_1604443_1	N/A	35.606	47	132	4.00e-17	79.3
WP_000034420.1	263	k121_490202_37	N/A	32.210	97	267	5.29e-17	82.8
WP_000034420.1	263	k121_899737_1	N/A	32.692	76	208	9.81e-17	80.1
WP_000034420.1	263	k121_585013_2	N/A	25.385	97	260	1.61e-16	80.9
WP_000034420.1	263	k121_312595_1	N/A	50.725	26	69	8.74e-16	73.9
WP_000034420.1	263	k121_36383_2	N/A	37.008	47	127	1.16e-15	76.3
WP_000034420.1	263	k121_454570_2	N/A	26.866	75	201	2.37e-15	77.0
WP_000034420.1	263	k121_1129626_2	N/A	28.155	75	206	3.54e-15	75.5
WP_000034420.1	263	k121_651560_1	N/A	32.044	66	181	5.41e-15	75.1
WP_000034420.1	263	k121_1571315_8	N/A	31.955	97	266	7.54e-15	76.3
WP_000034420.1	263	k121_1533825_2	N/A	27.426	79	237	1.15e-12	69.7
WP_000034420.1	263	k121_1352400_1	N/A	26.455	71	189	1.71e-12	68.2
WP_000034420.1	263	k121_1126856_5	N/A	29.204	81	226	1.92e-12	69.3
WP_000034420.1	263	k121_268546_3	N/A	47.273	21	55	3.46e-12	63.9
WP_000034420.1	263	k121_357959_1	N/A	32.061	49	131	4.61e-11	62.8
WP_000034420.1	263	k121_247490_2	N/A	37.931	32	87	2.26e-10	61.2
WP_000034420.1	263	k121_357023_1	N/A	36.842	35	95	7.87e-10	58.5
WP_000034420.1	263	k121_1161460_1	N/A	38.843	46	121	1.32e-09	58.9
WP_000034420.1	263	k121_1670623_10	N/A	34.862	39	109	6.05e-09	56.2
WP_000034420.1	263	k121_1433832_4	N/A	28.926	46	121	1.30e-08	57.0
WP_000034420.1	263	k121_1248593_2	N/A	27.381	91	252	1.79e-08	57.4
WP_000034420.1	263	k121_857709_3	N/A	41.176	26	68	6.07e-08	52.8
WP_000034420.1	263	k121_61343_1	N/A	40.909	25	66	1.29e-04	45.8
WP_000034420.1	263	k121_69466_2	N/A	29.885	33	87	3.42e-04	42.7
WP_000034420.1	263	k121_675199_8	N/A	32.911	30	79	0.002	43.1
WP_000034420.1	263	k121_37133_4	N/A	40.351	22	57	0.019	40.0
WP_000034420.1	263	k121_1563136_1	N/A	33.898	22	59	0.028	36.6
WP_000034420.1	263	k121_213744_1	N/A	27.027	62	185	0.030	38.9
WP_000034420.1	263	k121_851307_40	N/A	38.462	25	65	0.040	38.9
WP_000034420.1	263	k121_102950_11	N/A	37.500	24	64	0.092	37.7
WP_000034420.1	263	k121_818308_2	N/A	34.848	25	66	0.099	37.7
WP_000845048.1	337	k121_1146090_4	N/A	100.000	100	337	0.0	683
WP_000845048.1	337	k121_860862_2	N/A	76.133	98	331	0.0	527
WP_000845048.1	337	k121_1063546_76	N/A	68.293	97	328	2.88e-164	464
WP_000845048.1	337	k121_518137_2	N/A	68.976	98	332	4.76e-162	459
WP_000845048.1	337	k121_228570_1	N/A	67.290	95	321	2.00e-159	452
WP_000845048.1	337	k121_1563380_2	N/A	62.195	97	328	6.93e-151	430
WP_000845048.1	337	k121_719073_2	N/A	64.350	98	331	7.92e-150	428
WP_000845048.1	337	k121_240664_1	N/A	66.770	96	322	2.02e-149	427
WP_000845048.1	337	k121_1213517_7	N/A	55.452	95	321	1.56e-116	344
WP_000845048.1	337	k121_598847_1	N/A	53.894	95	321	1.91e-109	325
WP_000845048.1	337	k121_408759_1	N/A	54.019	92	311	8.90e-106	321
WP_000845048.1	337	k121_1471729_2	N/A	52.229	93	314	5.79e-105	314
WP_000845048.1	337	k121_841050_1	N/A	53.016	93	315	1.32e-104	312
WP_000845048.1	337	k121_1498738_3	N/A	51.829	97	328	1.00e-103	311
WP_000845048.1	337	k121_533881_98	N/A	49.045	93	314	3.25e-102	307
WP_000845048.1	337	k121_1151039_2	N/A	49.555	91	337	1.30e-100	303
WP_000845048.1	337	k121_476580_2	N/A	51.735	93	317	6.78e-98	300
WP_000845048.1	337	k121_994029_2	N/A	50.949	94	316	2.36e-91	278
WP_000845048.1	337	k121_700015_1	N/A	48.773	96	326	7.22e-91	280
WP_000845048.1	337	k121_277735_1	N/A	51.495	89	301	6.43e-88	274
WP_000845048.1	337	k121_676701_2	N/A	57.143	73	245	1.64e-87	267
WP_000845048.1	337	k121_1007545_3	N/A	47.077	94	325	4.16e-87	268
WP_000845048.1	337	k121_396438_1	N/A	67.760	54	183	1.65e-86	262
WP_000845048.1	337	k121_844306_5	N/A	45.397	93	315	5.00e-86	265
WP_000845048.1	337	k121_1536745_3	N/A	47.452	93	314	8.63e-86	264
WP_000845048.1	337	k121_90298_5	N/A	47.634	93	317	1.94e-85	268
WP_000845048.1	337	k121_919074_1	N/A	67.196	56	189	3.02e-85	258
WP_000845048.1	337	k121_1589147_2	N/A	45.079	93	315	4.70e-85	263
WP_000845048.1	337	k121_682159_1	N/A	47.138	88	297	2.62e-84	259
WP_000845048.1	337	k121_940121_2	N/A	68.306	54	183	3.55e-82	253
WP_000845048.1	337	k121_209918_12	N/A	42.816	93	348	5.18e-82	258
WP_000845048.1	337	k121_1148675_3	N/A	44.654	94	318	6.51e-82	254
WP_000845048.1	337	k121_355925_17	N/A	43.492	93	315	1.65e-81	253
WP_000845048.1	337	k121_8137_3	N/A	49.832	88	297	9.31e-81	256
WP_000845048.1	337	k121_683040_3	N/A	48.039	91	306	1.11e-80	255
WP_000845048.1	337	k121_530117_1	N/A	44.648	96	327	1.03e-79	251
WP_000845048.1	337	k121_1507867_1	N/A	44.884	90	303	7.33e-79	246
WP_000845048.1	337	k121_201489_1	N/A	45.283	93	318	1.11e-78	251
WP_000845048.1	337	k121_1469356_1	N/A	40.833	93	360	2.96e-77	245
WP_000845048.1	337	k121_75433_9	N/A	45.846	95	325	5.47e-75	241
WP_000845048.1	337	k121_614386_1	N/A	48.800	74	250	7.33e-75	234
WP_000845048.1	337	k121_995310_1	N/A	47.458	87	295	1.57e-73	233
WP_000845048.1	337	k121_746650_1	N/A	52.778	64	216	1.20e-72	227
WP_000845048.1	337	k121_1318531_2	N/A	42.955	86	291	6.65e-72	228
WP_000845048.1	337	k121_309088_1	N/A	48.319	71	238	2.57e-68	218
WP_000845048.1	337	k121_1568768_1	N/A	53.110	62	209	1.95e-67	213
WP_000845048.1	337	k121_59611_3	N/A	63.030	49	165	6.92e-67	211
WP_000845048.1	337	k121_1416886_1	N/A	50.661	67	227	2.30e-66	211
WP_000845048.1	337	k121_59611_4	N/A	62.048	49	166	1.28e-64	205
WP_000845048.1	337	k121_382301_1	N/A	65.789	45	152	3.50e-64	204
WP_000845048.1	337	k121_754546_3	N/A	64.744	46	156	9.37e-64	202
WP_000845048.1	337	k121_1368306_1	N/A	46.457	75	254	1.98e-62	205
WP_000845048.1	337	k121_304880_2	N/A	70.423	42	142	8.24e-62	199
WP_000845048.1	337	k121_619795_1	N/A	36.697	95	327	6.89e-59	196
WP_000845048.1	337	k121_842847_1	N/A	62.112	48	161	1.13e-54	181
WP_000845048.1	337	k121_1525211_2	N/A	61.983	36	121	8.70e-46	155
WP_000845048.1	337	k121_1548043_2	N/A	43.350	60	203	1.72e-43	152
WP_000845048.1	337	k121_823217_1	N/A	35.390	91	308	9.83e-42	149
WP_000845048.1	337	k121_532296_1	N/A	68.750	28	96	1.99e-41	143
WP_000845048.1	337	k121_1298335_1	N/A	42.927	61	205	5.65e-41	149
WP_000845048.1	337	k121_532300_1	N/A	67.708	28	96	8.31e-41	142
WP_000845048.1	337	k121_676709_3	N/A	35.714	97	336	9.66e-41	147
WP_000845048.1	337	k121_1364818_3	N/A	31.013	93	316	3.79e-39	145
WP_000845048.1	337	k121_996733_2	N/A	33.333	90	306	3.25e-38	143
WP_000845048.1	337	k121_1151473_13	N/A	29.642	90	307	5.84e-37	137
WP_000845048.1	337	k121_94285_1	N/A	30.818	93	318	2.24e-36	136
WP_000845048.1	337	k121_404282_2	N/A	31.875	93	320	6.78e-36	135
WP_000845048.1	337	k121_1593017_10	N/A	31.269	95	323	1.96e-35	135
WP_000845048.1	337	k121_1568609_270	N/A	28.213	93	319	2.45e-35	135
WP_000845048.1	337	k121_445712_41	N/A	32.198	95	323	3.57e-34	132
WP_000845048.1	337	k121_472861_205	N/A	28.571	95	322	1.16e-33	130
WP_000845048.1	337	k121_1320812_2	N/A	29.909	96	331	1.27e-33	130
WP_000845048.1	337	k121_1348378_4	N/A	29.688	94	320	1.28e-33	128
WP_000845048.1	337	k121_679766_2	N/A	33.639	96	327	1.93e-33	128
WP_000845048.1	337	k121_1521594_4	N/A	28.479	91	309	3.07e-33	129
WP_000845048.1	337	k121_358362_1	N/A	31.629	92	313	6.62e-33	127
WP_000845048.1	337	k121_780330_8	N/A	28.713	90	303	2.18e-32	127
WP_000845048.1	337	k121_541479_1	N/A	29.607	97	331	5.53e-32	125
WP_000845048.1	337	k121_676714_2	N/A	34.228	87	298	6.57e-32	124
WP_000845048.1	337	k121_1093612_2	N/A	28.664	90	307	1.23e-31	125
WP_000845048.1	337	k121_1030018_3	N/A	27.632	90	304	1.65e-31	124
WP_000845048.1	337	k121_407063_2	N/A	26.994	95	326	2.32e-31	124
WP_000845048.1	337	k121_1439743_30	N/A	29.126	91	309	2.41e-31	124
WP_000845048.1	337	k121_1493745_2	N/A	28.443	97	334	6.33e-31	122
WP_000845048.1	337	k121_718618_4	N/A	33.546	90	313	1.88e-30	120
WP_000845048.1	337	k121_1569032_2	N/A	28.354	95	328	5.31e-30	120
WP_000845048.1	337	k121_339186_3	N/A	28.615	94	325	6.44e-30	118
WP_000845048.1	337	k121_370002_1	N/A	35.241	98	332	7.06e-30	119
WP_000845048.1	337	k121_196616_2	N/A	28.155	91	309	4.52e-29	116
WP_000845048.1	337	k121_1642251_3	N/A	32.733	96	333	4.68e-29	116
WP_000845048.1	337	k121_1164455_3	N/A	28.296	91	311	5.63e-29	117
WP_000845048.1	337	k121_805836_1	N/A	27.946	87	297	6.37e-29	115
WP_000845048.1	337	k121_1676724_2	N/A	34.921	74	252	6.67e-29	114
WP_000845048.1	337	k121_1626117_3	N/A	29.373	90	303	7.08e-29	117
WP_000845048.1	337	k121_585224_3	N/A	64.634	24	82	1.05e-28	109
WP_000845048.1	337	k121_694654_4	N/A	31.683	85	303	2.23e-28	115
WP_000845048.1	337	k121_1617365_1	N/A	33.790	65	219	2.37e-28	111
WP_000845048.1	337	k121_1531284_31	N/A	28.431	90	306	4.53e-28	115
WP_000845048.1	337	k121_1591573_3	N/A	29.653	93	317	8.04e-28	115
WP_000845048.1	337	k121_838998_2	N/A	36.986	65	219	1.54e-27	110
WP_000845048.1	337	k121_1386337_1	N/A	34.783	72	253	1.67e-27	112
WP_000845048.1	337	k121_281418_64	N/A	27.044	93	318	2.13e-27	114
WP_000845048.1	337	k121_1520341_58	N/A	32.510	72	243	2.64e-27	114
WP_000845048.1	337	k121_1357575_5	N/A	30.744	88	309	2.90e-27	112
WP_000845048.1	337	k121_1217693_16	N/A	29.316	90	307	3.33e-27	113
WP_000845048.1	337	k121_1492211_7	N/A	30.769	85	299	5.13e-27	111
WP_000845048.1	337	k121_673836_5	N/A	29.022	94	317	6.85e-27	112
WP_000845048.1	337	k121_1694486_28	N/A	27.832	91	309	1.11e-26	112
WP_000845048.1	337	k121_1570284_7	N/A	37.900	62	219	1.31e-26	110
WP_000845048.1	337	k121_43521_7	N/A	30.769	85	299	2.33e-26	109
WP_000845048.1	337	k121_1149552_2	N/A	33.106	84	293	2.43e-26	109
WP_000845048.1	337	k121_1528396_1	N/A	26.646	93	319	3.40e-26	110
WP_000845048.1	337	k121_681189_1	N/A	62.025	23	79	3.50e-26	102
WP_000845048.1	337	k121_786612_4	N/A	46.753	46	154	5.26e-26	104
WP_000845048.1	337	k121_1034709_22	N/A	36.957	78	276	5.67e-26	108
WP_000845048.1	337	k121_1106636_4	N/A	30.503	93	318	6.70e-26	108
WP_000845048.1	337	k121_461385_2	N/A	37.104	65	221	7.58e-26	107
WP_000845048.1	337	k121_514732_6	N/A	36.364	66	231	1.73e-25	107
WP_000845048.1	337	k121_1441297_14	N/A	31.102	73	254	4.78e-25	105
WP_000845048.1	337	k121_1223268_7	N/A	30.154	90	325	6.49e-25	105
WP_000845048.1	337	k121_1092970_2	N/A	26.866	98	335	8.26e-25	105
WP_000845048.1	337	k121_751530_2	N/A	32.512	59	203	1.36e-24	101
WP_000845048.1	337	k121_718874_32	N/A	27.703	83	296	1.79e-24	104
WP_000845048.1	337	k121_874480_14	N/A	34.247	62	219	2.76e-24	104
WP_000845048.1	337	k121_1367171_178	N/A	31.878	67	229	4.87e-24	103
WP_000845048.1	337	k121_1007735_4	N/A	31.720	55	186	7.08e-24	101
WP_000845048.1	337	k121_1458766_3	N/A	32.472	77	271	1.27e-23	102
WP_000845048.1	337	k121_409771_2	N/A	27.124	89	306	1.62e-23	102
WP_000845048.1	337	k121_829727_1	N/A	29.180	89	305	2.89e-23	101
WP_000845048.1	337	k121_398177_2	N/A	28.387	86	310	3.78e-23	100
WP_000845048.1	337	k121_1359729_2	N/A	33.829	77	269	4.09e-23	100
WP_000845048.1	337	k121_160724_2	N/A	31.438	85	299	4.41e-23	100
WP_000845048.1	337	k121_335358_2	N/A	28.772	84	285	4.82e-23	100
WP_000845048.1	337	k121_1276111_2	N/A	32.821	57	195	5.56e-23	96.7
WP_000845048.1	337	k121_398806_1	N/A	33.203	72	256	8.36e-23	100
WP_000845048.1	337	k121_1428031_2	N/A	36.515	68	241	1.09e-22	99.8
WP_000845048.1	337	k121_292317_5	N/A	27.660	80	282	1.25e-22	99.4
WP_000845048.1	337	k121_966927_18	N/A	28.205	78	273	1.39e-22	99.4
WP_000845048.1	337	k121_1211166_2	N/A	33.106	83	293	1.64e-22	99.0
WP_000845048.1	337	k121_1061669_3	N/A	29.338	89	317	2.27e-22	100
WP_000845048.1	337	k121_1251757_20	N/A	26.901	98	342	3.11e-22	99.0
WP_000845048.1	337	k121_664287_25	N/A	26.786	80	280	3.44e-22	98.2
WP_000845048.1	337	k121_1408082_9	N/A	31.022	79	274	4.24e-22	98.2
WP_000845048.1	337	k121_1415412_3	N/A	29.831	83	295	4.62e-22	98.2
WP_000845048.1	337	k121_462611_5	N/A	55.172	26	87	4.99e-22	92.4
WP_000845048.1	337	k121_1426253_8	N/A	33.184	64	223	7.23e-22	97.4
WP_000845048.1	337	k121_933311_1	N/A	31.939	76	263	7.92e-22	97.4
WP_000845048.1	337	k121_1497787_34	N/A	28.136	83	295	7.97e-22	97.1
WP_000845048.1	337	k121_141299_115	N/A	28.315	80	279	1.00e-21	97.1
WP_000845048.1	337	k121_1313062_2	N/A	34.112	62	214	1.08e-21	97.1
WP_000845048.1	337	k121_19165_1	N/A	31.655	78	278	1.52e-21	96.3
WP_000845048.1	337	k121_1647404_2	N/A	34.112	61	214	1.90e-21	96.3
WP_000845048.1	337	k121_1694486_275	N/A	27.500	80	280	2.66e-21	95.9
WP_000845048.1	337	k121_545996_17	N/A	29.020	72	255	3.23e-21	95.9
WP_000845048.1	337	k121_68684_10	N/A	28.094	85	299	3.32e-21	95.5
WP_000845048.1	337	k121_1587998_7	N/A	33.333	63	222	3.48e-21	95.5
WP_000845048.1	337	k121_19158_1	N/A	33.962	74	265	3.66e-21	95.5
WP_000845048.1	337	k121_1485945_2	N/A	24.830	83	294	4.90e-21	95.1
WP_000845048.1	337	k121_699722_42	N/A	27.941	78	272	6.39e-21	94.7
WP_000845048.1	337	k121_1596116_2	N/A	29.293	84	297	7.35e-21	94.7
WP_000845048.1	337	k121_1501926_1	N/A	35.556	53	180	7.37e-21	93.2
WP_000845048.1	337	k121_1063550_12	N/A	28.819	81	288	7.48e-21	94.7
WP_000845048.1	337	k121_1695734_2	N/A	26.449	79	276	8.38e-21	94.0
WP_000845048.1	337	k121_446859_2	N/A	28.094	85	299	8.74e-21	94.4
WP_000845048.1	337	k121_1607233_2	N/A	27.703	83	296	8.83e-21	94.4
WP_000845048.1	337	k121_864642_17	N/A	27.476	86	313	9.13e-21	94.4
WP_000845048.1	337	k121_1151619_2	N/A	30.769	84	286	9.61e-21	95.1
WP_000845048.1	337	k121_940304_10	N/A	27.103	90	321	9.86e-21	94.4
WP_000845048.1	337	k121_1141906_2	N/A	28.289	85	304	1.28e-20	93.6
WP_000845048.1	337	k121_414761_2	N/A	27.425	85	299	1.33e-20	94.0
WP_000845048.1	337	k121_795750_3	N/A	35.676	54	185	1.37e-20	91.3
WP_000845048.1	337	k121_1469356_2	N/A	45.000	30	100	1.40e-20	88.6
WP_000845048.1	337	k121_1181258_2	N/A	34.934	65	229	1.54e-20	92.0
WP_000845048.1	337	k121_1318859_45	N/A	27.372	78	274	1.71e-20	93.6
WP_000845048.1	337	k121_1607017_8	N/A	29.368	77	269	1.84e-20	93.6
WP_000845048.1	337	k121_59194_5	N/A	31.081	64	222	1.87e-20	93.2
WP_000845048.1	337	k121_17486_2	N/A	27.302	88	315	1.97e-20	93.2
WP_000845048.1	337	k121_1118879_8	N/A	28.000	85	300	1.98e-20	93.2
WP_000845048.1	337	k121_676704_1	N/A	29.021	84	286	2.15e-20	94.0
WP_000845048.1	337	k121_1236157_38	N/A	31.387	78	274	2.37e-20	93.2
WP_000845048.1	337	k121_863600_2	N/A	30.093	62	216	2.95e-20	91.3
WP_000845048.1	337	k121_1311483_9	N/A	29.646	65	226	3.28e-20	92.8
WP_000845048.1	337	k121_1385388_2	N/A	28.615	93	325	4.15e-20	92.4
WP_000845048.1	337	k121_1167053_4	N/A	38.462	54	182	4.87e-20	92.0
WP_000845048.1	337	k121_1375103_1	N/A	33.579	77	271	5.08e-20	91.3
WP_000845048.1	337	k121_1550176_4	N/A	27.473	78	273	6.12e-20	92.0
WP_000845048.1	337	k121_659472_5	N/A	36.957	55	184	6.65e-20	89.4
WP_000845048.1	337	k121_985898_1	N/A	34.783	55	184	6.70e-20	92.0
WP_000845048.1	337	k121_571665_5	N/A	30.350	74	257	7.43e-20	90.9
WP_000845048.1	337	k121_1676350_1	N/A	27.946	86	297	7.55e-20	92.0
WP_000845048.1	337	k121_114701_7	N/A	29.664	89	327	8.17e-20	92.0
WP_000845048.1	337	k121_506_5	N/A	35.377	61	212	8.23e-20	91.7
WP_000845048.1	337	k121_631288_1	N/A	31.447	86	318	8.57e-20	92.0
WP_000845048.1	337	k121_615052_8	N/A	29.487	68	234	1.04e-19	91.7
WP_000845048.1	337	k121_1653846_1	N/A	30.645	85	310	1.12e-19	92.0
WP_000845048.1	337	k121_1645476_45	N/A	28.571	80	280	1.45e-19	90.9
WP_000845048.1	337	k121_189225_15	N/A	29.323	76	266	1.47e-19	90.9
WP_000845048.1	337	k121_1598703_3	N/A	29.646	65	226	2.15e-19	90.5
WP_000845048.1	337	k121_57864_146	N/A	27.599	80	279	2.39e-19	90.5
WP_000845048.1	337	k121_1242556_3	N/A	34.066	54	182	2.51e-19	87.4
WP_000845048.1	337	k121_1009230_1	N/A	28.428	85	299	2.53e-19	90.5
WP_000845048.1	337	k121_1047402_2	N/A	34.177	68	237	3.01e-19	90.1
WP_000845048.1	337	k121_370683_1	N/A	26.910	85	301	3.27e-19	90.1
WP_000845048.1	337	k121_784827_2	N/A	43.519	32	108	3.47e-19	86.3
WP_000845048.1	337	k121_851188_43	N/A	33.696	55	184	4.02e-19	89.7
WP_000845048.1	337	k121_58692_3	N/A	27.829	92	327	4.13e-19	90.1
WP_000845048.1	337	k121_1466572_2	N/A	33.491	61	212	4.22e-19	89.7
WP_000845048.1	337	k121_1033837_7	N/A	33.178	61	214	4.25e-19	89.7
WP_000845048.1	337	k121_1395330_2	N/A	29.630	85	297	4.65e-19	89.4
WP_000845048.1	337	k121_1507867_215	N/A	36.464	53	181	4.70e-19	89.7
WP_000845048.1	337	k121_1497586_2	N/A	32.394	84	284	5.74e-19	89.0
WP_000845048.1	337	k121_377302_20	N/A	25.753	85	299	6.53e-19	89.0
WP_000845048.1	337	k121_695220_2	N/A	30.970	76	268	7.05e-19	89.0
WP_000845048.1	337	k121_143737_5	N/A	28.253	77	269	9.52e-19	89.0
WP_000845048.1	337	k121_5812_5	N/A	28.996	77	269	1.00e-18	89.0
WP_000845048.1	337	k121_1043245_3	N/A	29.134	73	254	1.07e-18	87.0
WP_000845048.1	337	k121_1132062_2	N/A	30.047	62	213	1.26e-18	88.6
WP_000845048.1	337	k121_1554389_1	N/A	28.467	81	274	1.45e-18	87.4
WP_000845048.1	337	k121_1588458_3	N/A	28.939	86	311	1.48e-18	87.8
WP_000845048.1	337	k121_1137062_1	N/A	33.175	61	211	1.74e-18	87.4
WP_000845048.1	337	k121_83529_4	N/A	32.456	66	228	1.84e-18	87.8
WP_000845048.1	337	k121_132503_1	N/A	28.507	63	221	2.07e-18	86.3
WP_000845048.1	337	k121_1029048_5	N/A	29.054	85	296	2.82e-18	87.4
WP_000845048.1	337	k121_888154_2	N/A	29.323	76	266	2.84e-18	87.4
WP_000845048.1	337	k121_1071879_23	N/A	27.966	64	236	2.85e-18	87.4
WP_000845048.1	337	k121_1185191_2	N/A	27.881	77	269	2.91e-18	87.4
WP_000845048.1	337	k121_45409_3	N/A	34.426	54	183	2.94e-18	84.0
WP_000845048.1	337	k121_983928_12	N/A	28.571	80	280	3.14e-18	87.4
WP_000845048.1	337	k121_1542354_3	N/A	30.453	69	243	3.18e-18	85.9
WP_000845048.1	337	k121_1645123_1	N/A	23.529	90	306	3.74e-18	86.7
WP_000845048.1	337	k121_450949_5	N/A	30.769	84	299	4.18e-18	87.0
WP_000845048.1	337	k121_390441_9	N/A	27.881	77	269	4.26e-18	87.0
WP_000845048.1	337	k121_1502918_2	N/A	38.318	32	107	4.37e-18	82.4
WP_000845048.1	337	k121_1351360_6	N/A	29.730	74	259	4.81e-18	87.0
WP_000845048.1	337	k121_460651_2	N/A	35.931	64	231	5.22e-18	86.7
WP_000845048.1	337	k121_486210_3	N/A	25.850	83	294	5.34e-18	86.3
WP_000845048.1	337	k121_714022_2	N/A	33.493	61	209	5.39e-18	86.7
WP_000845048.1	337	k121_15078_5	N/A	25.566	86	309	6.65e-18	86.3
WP_000845048.1	337	k121_851277_9	N/A	28.253	77	269	7.51e-18	86.3
WP_000845048.1	337	k121_676700_1	N/A	29.371	84	286	7.54e-18	87.0
WP_000845048.1	337	k121_1071950_4	N/A	32.110	62	218	7.55e-18	86.3
WP_000845048.1	337	k121_1561672_2	N/A	30.037	78	273	8.55e-18	85.9
WP_000845048.1	337	k121_564041_3	N/A	35.135	64	222	8.60e-18	85.9
WP_000845048.1	337	k121_1074725_2	N/A	30.435	66	230	9.07e-18	85.9
WP_000845048.1	337	k121_488780_17	N/A	30.627	77	271	9.55e-18	85.9
WP_000845048.1	337	k121_661473_3	N/A	28.571	76	266	9.86e-18	85.9
WP_000845048.1	337	k121_486161_2	N/A	26.190	83	294	9.93e-18	85.9
WP_000845048.1	337	k121_1194030_1	N/A	30.657	77	274	1.08e-17	85.9
WP_000845048.1	337	k121_759818_3	N/A	30.588	73	255	1.46e-17	85.1
WP_000845048.1	337	k121_1067117_2	N/A	32.773	68	238	1.55e-17	85.5
WP_000845048.1	337	k121_226870_8	N/A	31.724	83	290	1.74e-17	85.5
WP_000845048.1	337	k121_1374531_3	N/A	30.258	77	271	1.84e-17	85.1
WP_000845048.1	337	k121_1522092_5	N/A	35.321	62	218	1.85e-17	85.1
WP_000845048.1	337	k121_474361_1	N/A	30.627	77	271	1.89e-17	85.1
WP_000845048.1	337	k121_1318593_6	N/A	28.302	89	318	2.10e-17	84.7
WP_000845048.1	337	k121_1439504_2	N/A	28.283	85	297	2.26e-17	84.7
WP_000845048.1	337	k121_699172_4	N/A	35.321	62	218	2.69e-17	84.7
WP_000845048.1	337	k121_380916_1	N/A	31.841	59	201	2.75e-17	82.4
WP_000845048.1	337	k121_1220649_2	N/A	29.091	62	220	2.80e-17	82.8
WP_000845048.1	337	k121_74501_4	N/A	25.912	79	274	2.89e-17	84.0
WP_000845048.1	337	k121_429196_3	N/A	26.923	88	312	3.06e-17	84.3
WP_000845048.1	337	k121_98872_4	N/A	27.483	85	302	3.10e-17	84.7
WP_000845048.1	337	k121_1497552_1	N/A	32.240	54	183	3.20e-17	82.0
WP_000845048.1	337	k121_180578_8	N/A	23.490	85	298	3.70e-17	84.0
WP_000845048.1	337	k121_146583_1	N/A	54.930	21	71	3.86e-17	78.2
WP_000845048.1	337	k121_1244066_1	N/A	50.649	23	77	4.21e-17	78.6
WP_000845048.1	337	k121_1665940_1	N/A	26.022	77	269	5.61e-17	84.0
WP_000845048.1	337	k121_717879_8	N/A	30.469	73	256	5.93e-17	82.4
WP_000845048.1	337	k121_676172_10	N/A	29.670	78	273	6.15e-17	83.6
WP_000845048.1	337	k121_1317676_15	N/A	31.752	77	274	6.23e-17	83.6
WP_000845048.1	337	k121_738533_117	N/A	27.682	82	289	7.26e-17	83.6
WP_000845048.1	337	k121_1610199_277	N/A	29.439	62	214	8.88e-17	83.2
WP_000845048.1	337	k121_525481_3	N/A	25.087	82	287	9.32e-17	83.2
WP_000845048.1	337	k121_1578356_9	N/A	29.811	76	265	9.44e-17	83.2
WP_000845048.1	337	k121_1435392_3	N/A	30.147	77	272	1.32e-16	82.8
WP_000845048.1	337	k121_861677_3	N/A	29.304	78	273	1.34e-16	82.8
WP_000845048.1	337	k121_135093_3	N/A	30.337	53	178	1.41e-16	80.1
WP_000845048.1	337	k121_21206_1	N/A	56.061	20	66	1.47e-16	77.0
WP_000845048.1	337	k121_115317_3	N/A	29.439	62	214	1.75e-16	80.9
WP_000845048.1	337	k121_140483_4	N/A	31.797	63	217	1.86e-16	82.4
WP_000845048.1	337	k121_471519_2	N/A	25.240	88	313	2.31e-16	81.6
WP_000845048.1	337	k121_53301_18	N/A	31.692	89	325	2.37e-16	81.6
WP_000845048.1	337	k121_343725_4	N/A	25.641	78	273	2.75e-16	81.6
WP_000845048.1	337	k121_470090_2	N/A	28.462	74	260	3.00e-16	82.0
WP_000845048.1	337	k121_1126271_3	N/A	27.103	61	214	3.06e-16	81.3
WP_000845048.1	337	k121_317506_3	N/A	29.154	87	319	3.09e-16	81.6
WP_000845048.1	337	k121_641657_58	N/A	26.766	77	269	4.48e-16	80.9
WP_000845048.1	337	k121_1302239_1	N/A	29.467	87	319	4.75e-16	81.3
WP_000845048.1	337	k121_428764_3	N/A	27.083	76	288	5.23e-16	80.9
WP_000845048.1	337	k121_1217067_2	N/A	30.000	66	230	5.38e-16	79.7
WP_000845048.1	337	k121_1148743_1	N/A	29.279	64	222	6.13e-16	79.7
WP_000845048.1	337	k121_1072660_1	N/A	27.273	86	319	6.28e-16	80.5
WP_000845048.1	337	k121_1376843_1	N/A	30.705	70	241	6.35e-16	79.3
WP_000845048.1	337	k121_1301775_4	N/A	32.093	61	215	7.00e-16	80.1
WP_000845048.1	337	k121_904710_1	N/A	26.421	85	299	8.02e-16	80.5
WP_000845048.1	337	k121_1562471_3	N/A	27.707	85	314	9.34e-16	80.9
WP_000845048.1	337	k121_768489_4	N/A	30.837	63	227	1.02e-15	80.1
WP_000845048.1	337	k121_981711_55	N/A	27.907	62	215	1.06e-15	80.1
WP_000845048.1	337	k121_661297_2	N/A	28.155	88	309	1.10e-15	80.1
WP_000845048.1	337	k121_871689_22	N/A	27.217	89	327	1.36e-15	80.1
WP_000845048.1	337	k121_1636146_2	N/A	28.829	64	222	1.56e-15	78.6
WP_000845048.1	337	k121_774299_2	N/A	26.936	85	297	1.73e-15	79.0
WP_000845048.1	337	k121_1548378_2	N/A	27.301	89	326	1.75e-15	79.7
WP_000845048.1	337	k121_1065456_14	N/A	27.907	62	215	1.88e-15	78.6
WP_000845048.1	337	k121_1278790_17	N/A	28.923	88	325	2.08e-15	79.3
WP_000845048.1	337	k121_678557_28	N/A	26.736	76	288	2.67e-15	79.0
WP_000845048.1	337	k121_440892_4	N/A	27.841	52	176	2.92e-15	78.6
WP_000845048.1	337	k121_734073_2	N/A	27.523	63	218	3.12e-15	78.6
WP_000845048.1	337	k121_15113_117	N/A	26.449	79	276	3.31e-15	78.6
WP_000845048.1	337	k121_1290305_3	N/A	33.937	63	221	3.67e-15	78.6
WP_000845048.1	337	k121_689398_1	N/A	31.319	54	182	3.67e-15	75.9
WP_000845048.1	337	k121_863160_3	N/A	29.010	82	293	3.92e-15	78.2
WP_000845048.1	337	k121_1311827_5	N/A	54.545	20	66	3.99e-15	73.6
WP_000845048.1	337	k121_980000_10	N/A	34.831	53	178	4.39e-15	78.2
WP_000845048.1	337	k121_624468_3	N/A	31.868	54	182	4.53e-15	75.9
WP_000845048.1	337	k121_1093578_1	N/A	28.834	48	163	4.67e-15	78.2
WP_000845048.1	337	k121_1446962_1	N/A	29.915	64	234	4.82e-15	78.6
WP_000845048.1	337	k121_885168_16	N/A	28.044	76	271	4.93e-15	78.2
WP_000845048.1	337	k121_1544764_6	N/A	26.688	86	311	4.98e-15	78.2
WP_000845048.1	337	k121_1054772_2	N/A	29.545	85	308	5.22e-15	78.6
WP_000845048.1	337	k121_1063550_6	N/A	33.484	63	221	5.59e-15	78.2
WP_000845048.1	337	k121_1635215_1	N/A	30.601	54	183	6.10e-15	75.5
WP_000845048.1	337	k121_658814_19	N/A	29.670	54	182	6.96e-15	75.9
WP_000845048.1	337	k121_381023_6	N/A	32.432	62	222	9.28e-15	77.0
WP_000845048.1	337	k121_559994_2	N/A	34.659	52	176	9.67e-15	74.3
WP_000845048.1	337	k121_42914_17	N/A	32.051	67	234	1.18e-14	77.0
WP_000845048.1	337	k121_912624_35	N/A	34.270	53	178	1.18e-14	77.0
WP_000845048.1	337	k121_32929_1	N/A	31.416	63	226	1.23e-14	77.0
WP_000845048.1	337	k121_613228_2	N/A	34.270	53	178	1.31e-14	76.6
WP_000845048.1	337	k121_1073598_26	N/A	27.844	92	334	1.32e-14	77.4
WP_000845048.1	337	k121_1025690_2	N/A	26.708	90	322	1.59e-14	77.0
WP_000845048.1	337	k121_738825_41	N/A	24.516	86	310	2.48e-14	75.9
WP_000845048.1	337	k121_1367674_203	N/A	23.664	75	262	2.66e-14	75.9
WP_000845048.1	337	k121_883860_2	N/A	28.906	72	256	2.87e-14	75.9
WP_000845048.1	337	k121_1552976_80	N/A	29.032	77	279	3.16e-14	75.9
WP_000845048.1	337	k121_1387113_3	N/A	30.531	63	226	3.32e-14	75.9
WP_000845048.1	337	k121_1090943_2	N/A	29.204	89	339	3.34e-14	76.3
WP_000845048.1	337	k121_9891_2	N/A	29.508	84	305	3.60e-14	75.9
WP_000845048.1	337	k121_66000_178	N/A	26.351	85	296	3.69e-14	75.5
WP_000845048.1	337	k121_1313814_2	N/A	30.093	62	216	3.88e-14	75.9
WP_000845048.1	337	k121_1315380_4	N/A	29.255	56	188	4.71e-14	73.2
WP_000845048.1	337	k121_39320_1	N/A	33.146	53	178	4.84e-14	75.1
WP_000845048.1	337	k121_57864_128	N/A	30.455	63	220	5.14e-14	75.1
WP_000845048.1	337	k121_312902_1	N/A	34.270	53	178	5.63e-14	72.4
WP_000845048.1	337	k121_40554_2	N/A	32.569	63	218	6.99e-14	75.1
WP_000845048.1	337	k121_858917_21	N/A	25.329	85	304	7.70e-14	74.7
WP_000845048.1	337	k121_1208108_2	N/A	28.509	63	228	7.72e-14	75.1
WP_000845048.1	337	k121_133892_2	N/A	27.897	64	233	8.39e-14	74.7
WP_000845048.1	337	k121_637275_2	N/A	28.959	61	221	8.77e-14	74.7
WP_000845048.1	337	k121_903369_7	N/A	26.293	64	232	1.27e-13	74.3
WP_000845048.1	337	k121_1631830_4	N/A	26.433	88	314	1.35e-13	73.9
WP_000845048.1	337	k121_107241_4	N/A	31.868	54	182	1.45e-13	72.0
WP_000845048.1	337	k121_252778_1	N/A	28.105	84	306	1.56e-13	73.9
WP_000845048.1	337	k121_1593948_322	N/A	27.331	86	311	1.63e-13	73.9
WP_000845048.1	337	k121_686591_42	N/A	24.042	84	287	1.72e-13	73.6
WP_000845048.1	337	k121_1525310_1	N/A	27.574	78	272	2.11e-13	73.6
WP_000845048.1	337	k121_697700_2	N/A	32.597	53	181	2.19e-13	70.9
WP_000845048.1	337	k121_750566_9	N/A	27.313	63	227	2.49e-13	73.2
WP_000845048.1	337	k121_1648712_2	N/A	26.537	89	309	2.68e-13	73.2
WP_000845048.1	337	k121_1057313_4	N/A	26.906	64	223	2.72e-13	72.0
WP_000845048.1	337	k121_1196437_1	N/A	28.495	54	186	3.08e-13	72.8
WP_000845048.1	337	k121_1100136_1	N/A	32.735	62	223	3.34e-13	71.6
WP_000845048.1	337	k121_1625313_1	N/A	30.973	61	226	3.46e-13	72.8
WP_000845048.1	337	k121_760551_1	N/A	30.180	64	222	3.63e-13	72.8
WP_000845048.1	337	k121_1341330_6	N/A	28.571	84	301	4.52e-13	72.8
WP_000845048.1	337	k121_893104_5	N/A	31.073	53	177	5.85e-13	72.4
WP_000845048.1	337	k121_79627_3	N/A	27.322	54	183	6.28e-13	69.7
WP_000845048.1	337	k121_1226584_48	N/A	27.542	67	236	6.48e-13	72.0
WP_000845048.1	337	k121_5389_6	N/A	27.881	76	269	6.94e-13	72.0
WP_000845048.1	337	k121_213858_1	N/A	30.804	62	224	7.16e-13	71.6
WP_000845048.1	337	k121_1615542_10	N/A	33.520	53	179	7.67e-13	69.3
WP_000845048.1	337	k121_105086_4	N/A	28.797	85	316	8.23e-13	71.6
WP_000845048.1	337	k121_1207833_3	N/A	29.412	61	221	9.58e-13	70.1
WP_000845048.1	337	k121_1152469_3	N/A	24.752	85	303	1.05e-12	71.6
WP_000845048.1	337	k121_272504_3	N/A	31.111	53	180	1.08e-12	71.2
WP_000845048.1	337	k121_1080075_1	N/A	29.524	61	210	1.33e-12	70.5
WP_000845048.1	337	k121_1488545_1	N/A	29.609	53	179	1.59e-12	70.9
WP_000845048.1	337	k121_615724_3	N/A	27.545	93	334	1.66e-12	70.9
WP_000845048.1	337	k121_907786_1	N/A	27.684	52	177	1.73e-12	70.5
WP_000845048.1	337	k121_645996_2	N/A	31.651	63	218	1.79e-12	70.9
WP_000845048.1	337	k121_1322055_24	N/A	29.206	85	315	2.01e-12	70.9
WP_000845048.1	337	k121_1101446_4	N/A	29.954	63	217	2.17e-12	68.9
WP_000845048.1	337	k121_12062_5	N/A	25.784	83	287	2.42e-12	70.1
WP_000845048.1	337	k121_293488_10	N/A	30.357	62	224	2.66e-12	70.1
WP_000845048.1	337	k121_1337327_5	N/A	28.472	81	288	2.85e-12	70.5
WP_000845048.1	337	k121_763188_1	N/A	31.507	63	219	2.99e-12	70.1
WP_000845048.1	337	k121_901152_1	N/A	30.317	61	221	3.51e-12	70.1
WP_000845048.1	337	k121_1468878_3	N/A	29.126	85	309	4.03e-12	70.1
WP_000845048.1	337	k121_1337751_5	N/A	34.637	53	179	4.18e-12	69.7
WP_000845048.1	337	k121_294824_2	N/A	30.091	92	329	4.46e-12	69.7
WP_000845048.1	337	k121_888680_2	N/A	29.278	74	263	4.55e-12	69.7
WP_000845048.1	337	k121_373211_1	N/A	30.739	72	257	4.81e-12	68.9
WP_000845048.1	337	k121_1260858_5	N/A	31.000	58	200	5.07e-12	68.9
WP_000845048.1	337	k121_1532516_1	N/A	32.022	53	178	5.25e-12	69.3
WP_000845048.1	337	k121_638900_11	N/A	26.697	64	221	5.44e-12	69.3
WP_000845048.1	337	k121_1616688_3	N/A	24.254	77	268	6.58e-12	68.9
WP_000845048.1	337	k121_1246432_3	N/A	26.433	85	314	6.96e-12	69.3
WP_000845048.1	337	k121_556143_3	N/A	27.523	88	327	8.40e-12	68.9
WP_000845048.1	337	k121_1526719_5	N/A	25.166	85	302	9.15e-12	68.6
WP_000845048.1	337	k121_729257_3	N/A	29.961	72	257	9.88e-12	68.6
WP_000845048.1	337	k121_1424907_2	N/A	31.674	61	221	1.06e-11	68.6
WP_000845048.1	337	k121_19647_4	N/A	21.711	83	304	1.08e-11	68.6
WP_000845048.1	337	k121_227797_12	N/A	26.616	77	263	1.21e-11	68.2
WP_000845048.1	337	k121_275818_6	N/A	28.824	93	340	1.22e-11	68.6
WP_000845048.1	337	k121_502408_2	N/A	28.571	77	280	1.28e-11	68.6
WP_000845048.1	337	k121_690305_5	N/A	24.918	85	305	1.81e-11	67.8
WP_000845048.1	337	k121_73728_11	N/A	33.898	53	177	2.17e-11	67.4
WP_000845048.1	337	k121_1208014_2	N/A	27.957	75	279	2.25e-11	67.8
WP_000845048.1	337	k121_1286775_2	N/A	24.834	85	302	2.44e-11	67.4
WP_000845048.1	337	k121_1618317_2	N/A	29.167	75	264	2.64e-11	67.4
WP_000845048.1	337	k121_381_99	N/A	23.482	70	247	2.66e-11	67.0
WP_000845048.1	337	k121_294374_3	N/A	33.146	53	178	2.67e-11	65.1
WP_000845048.1	337	k121_692133_2	N/A	27.315	62	216	2.78e-11	66.2
WP_000845048.1	337	k121_1315181_2	N/A	31.754	58	211	3.02e-11	67.8
WP_000845048.1	337	k121_1471946_1	N/A	27.234	62	235	3.09e-11	67.0
WP_000845048.1	337	k121_456088_5	N/A	27.746	93	346	3.12e-11	67.0
WP_000845048.1	337	k121_150803_2	N/A	30.882	56	204	3.25e-11	66.2
WP_000845048.1	337	k121_222063_3	N/A	26.349	85	315	3.29e-11	67.4
WP_000845048.1	337	k121_463634_48	N/A	26.214	90	309	3.35e-11	67.0
WP_000845048.1	337	k121_416722_2	N/A	29.680	62	219	3.93e-11	67.4
WP_000845048.1	337	k121_1217785_4	N/A	29.825	64	228	4.02e-11	67.0
WP_000845048.1	337	k121_1536107_1	N/A	31.053	55	190	4.08e-11	65.1
WP_000845048.1	337	k121_1509891_1	N/A	26.462	90	325	4.35e-11	67.0
WP_000845048.1	337	k121_967682_1	N/A	33.880	54	183	4.37e-11	64.7
WP_000845048.1	337	k121_361789_1	N/A	29.444	53	180	6.17e-11	64.7
WP_000845048.1	337	k121_1348962_1	N/A	32.961	53	179	6.28e-11	66.2
WP_000845048.1	337	k121_598592_2	N/A	34.463	53	177	7.23e-11	65.9
WP_000845048.1	337	k121_1651048_2	N/A	23.171	70	246	8.36e-11	65.9
WP_000845048.1	337	k121_1369702_6	N/A	26.619	77	278	8.37e-11	65.9
WP_000845048.1	337	k121_1163025_1	N/A	28.507	61	221	1.04e-10	65.5
WP_000845048.1	337	k121_1138282_4	N/A	35.294	50	170	1.49e-10	64.3
WP_000845048.1	337	k121_953836_2	N/A	24.127	90	315	2.24e-10	64.3
WP_000845048.1	337	k121_1538000_2	N/A	32.768	53	177	2.47e-10	64.3
WP_000845048.1	337	k121_50755_2	N/A	22.118	88	321	2.66e-10	64.3
WP_000845048.1	337	k121_968479_3	N/A	44.595	21	74	3.01e-10	63.5
WP_000845048.1	337	k121_805336_2	N/A	29.091	59	220	4.43e-10	63.2
WP_000845048.1	337	k121_1353480_5	N/A	44.595	21	74	5.77e-10	63.5
WP_000845048.1	337	k121_1166929_19	N/A	27.848	66	237	6.27e-10	63.5
WP_000845048.1	337	k121_1045631_2	N/A	28.205	77	273	6.43e-10	63.2
WP_000845048.1	337	k121_386254_2	N/A	28.986	60	207	6.60e-10	62.4
WP_000845048.1	337	k121_1230110_5	N/A	27.152	84	302	8.08e-10	63.2
WP_000845048.1	337	k121_1688450_2	N/A	26.885	85	305	8.10e-10	62.8
WP_000845048.1	337	k121_1340250_1	N/A	27.972	42	143	8.94e-10	60.1
WP_000845048.1	337	k121_1037397_3	N/A	25.333	83	300	1.08e-09	62.8
WP_000845048.1	337	k121_579302_118	N/A	25.602	92	332	1.11e-09	62.8
WP_000845048.1	337	k121_1489089_6	N/A	26.291	63	213	1.12e-09	62.4
WP_000845048.1	337	k121_218435_1	N/A	29.167	87	312	1.14e-09	62.4
WP_000845048.1	337	k121_615724_1	N/A	26.126	92	333	1.20e-09	62.4
WP_000845048.1	337	k121_1638541_3	N/A	27.473	77	273	1.61e-09	62.0
WP_000845048.1	337	k121_1590567_1	N/A	27.778	76	270	2.01e-09	62.0
WP_000845048.1	337	k121_404969_3	N/A	28.796	56	191	2.26e-09	62.0
WP_000845048.1	337	k121_726393_2	N/A	26.812	77	276	2.30e-09	61.6
WP_000845048.1	337	k121_1357546_4	N/A	28.436	61	211	2.34e-09	60.8
WP_000845048.1	337	k121_1404488_3	N/A	43.243	21	74	2.66e-09	61.6
WP_000845048.1	337	k121_15653_2	N/A	30.000	47	160	2.88e-09	60.5
WP_000845048.1	337	k121_1325983_1	N/A	22.812	92	320	2.93e-09	61.2
WP_000845048.1	337	k121_1491673_9	N/A	26.842	55	190	5.95e-09	60.1
WP_000845048.1	337	k121_268617_1	N/A	29.098	67	244	6.09e-09	60.1
WP_000845048.1	337	k121_514306_1	N/A	27.895	56	190	6.39e-09	59.3
WP_000845048.1	337	k121_1046439_2	N/A	42.391	27	92	6.51e-09	56.2
WP_000845048.1	337	k121_227797_16	N/A	22.945	84	292	7.27e-09	60.5
WP_000845048.1	337	k121_1083804_1	N/A	25.667	83	300	1.04e-08	59.7
WP_000845048.1	337	k121_967083_2	N/A	29.779	76	272	1.17e-08	59.3
